[job(chunk): 2016-09-09 20:10:49] Starting calculation of 1 jobs
[job(chunk): 2016-09-09 20:10:49] Setting working directory to '/naslx/projects/pr74ze/ri89coc2/svm_comparison'
[job(chunk): 2016-09-09 20:10:49] Memory measurement disabled
[job(353): 2016-09-09 20:10:52] Starting job with job.id=353
[job(353): 2016-09-09 20:11:42] Generating problem instance for problem '41' ...
[job(353): 2016-09-09 20:11:42] Downloading from 'http://www.openml.org/api/v1/data/41' to '/tmp/ri89coc2/Rtmp2xEJNT/cache/datasets/41/description.xml'.
[job(353): 2016-09-09 20:11:42] Downloading from 'http://www.openml.org/data/download/41/dataset_41_glass.arff' to '/tmp/ri89coc2/Rtmp2xEJNT/cache/datasets/41/dataset.arff'
[job(353): 2016-09-09 20:11:42] Loading required package: readr
[job(353): 2016-09-09 20:11:42] Applying algorithm 'kbb-svc.tuned' on problem '41' ...
[job(353): 2016-09-09 20:11:42] Data '41' file 'description.xml' found in cache.
[job(353): 2016-09-09 20:11:42] Data '41' file 'dataset.arff' found in cache.
[job(353): 2016-09-09 20:11:42] [Tune] Started tuning learner kbb-svc for parameter set:
[job(353): 2016-09-09 20:11:42]          Type len Def    Constr Req Tunable Trafo
[job(353): 2016-09-09 20:11:42] C     numeric   -   - -12 to 12   -    TRUE     Y
[job(353): 2016-09-09 20:11:42] sigma numeric   -   - -12 to 12   -    TRUE     Y
[job(353): 2016-09-09 20:11:42] With control class: TuneControlMBO
[job(353): 2016-09-09 20:11:42] Imputation value: -0
[job(353): 2016-09-09 20:11:42] [Tune-x] 1: C=0.0345; sigma=0.000273
[job(353): 2016-09-09 20:11:42] [Tune-y] 1: acc.test.mean=0.348; time: 0.0 min; memory: 113Mb use, 163Mb max
[job(353): 2016-09-09 20:11:42] [Tune-x] 2: C=8.58; sigma=14.9
[job(353): 2016-09-09 20:11:42] [Tune-y] 2: acc.test.mean=0.482; time: 0.0 min; memory: 113Mb use, 163Mb max
[job(353): 2016-09-09 20:11:42] [Tune-x] 3: C=1.51; sigma=0.104
[job(353): 2016-09-09 20:11:42] [Tune-y] 3: acc.test.mean=0.705; time: 0.0 min; memory: 113Mb use, 167Mb max
[job(353): 2016-09-09 20:11:42] [Tune-x] 4: C=238; sigma=469
[job(353): 2016-09-09 20:11:42] [Tune-y] 4: acc.test.mean=0.357; time: 0.0 min; memory: 113Mb use, 167Mb max
[job(353): 2016-09-09 20:11:42] [Tune-x] 5: C=0.597; sigma=2.22
[job(353): 2016-09-09 20:11:42] [Tune-y] 5: acc.test.mean=0.684; time: 0.0 min; memory: 113Mb use, 167Mb max
[job(353): 2016-09-09 20:11:42] [Tune-x] 6: C=0.00453; sigma=3.99e+03
[job(353): 2016-09-09 20:11:42] [Tune-y] 6: acc.test.mean=0.316; time: 0.0 min; memory: 113Mb use, 167Mb max
[job(353): 2016-09-09 20:11:42] [Tune-x] 7: C=0.000279; sigma=0.00415
[job(353): 2016-09-09 20:11:42] [Tune-y] 7: acc.test.mean=0.332; time: 0.0 min; memory: 113Mb use, 167Mb max
[job(353): 2016-09-09 20:11:42] [Tune-x] 8: C=581; sigma=0.729
[job(353): 2016-09-09 20:11:42] [Tune-y] 8: acc.test.mean=0.633; time: 0.0 min; memory: 113Mb use, 167Mb max
[job(353): 2016-09-09 20:11:42] 
[job(353): 2016-09-09 20:11:42] optimisation start
[job(353): 2016-09-09 20:11:42] ------------------
[job(353): 2016-09-09 20:11:42] * estimation method   : MLE 
[job(353): 2016-09-09 20:11:42] * optimisation method : BFGS 
[job(353): 2016-09-09 20:11:42] * analytical gradient : used
[job(353): 2016-09-09 20:11:42] * trend model : ~1
[job(353): 2016-09-09 20:11:42] * covariance model : 
[job(353): 2016-09-09 20:11:42]   - type :  matern5_2 
[job(353): 2016-09-09 20:11:42]   - nugget : NO
[job(353): 2016-09-09 20:11:42]   - parameters lower bounds :  1e-10 1e-10 
[job(353): 2016-09-09 20:11:42]   - parameters upper bounds :  41.97958 47.59946 
[job(353): 2016-09-09 20:11:42]   - best initial criterion value(s) :  5.210771 
[job(353): 2016-09-09 20:11:42] 
[job(353): 2016-09-09 20:11:42] N = 2, M = 5 machine precision = 2.22045e-16
[job(353): 2016-09-09 20:11:42] At X0, 0 variables are exactly at the bounds
[job(353): 2016-09-09 20:11:42] At iterate     0  f=      -5.2108  |proj g|=      0.16933
[job(353): 2016-09-09 20:11:42] At iterate     1  f =       -5.237  |proj g|=       0.13687
[job(353): 2016-09-09 20:11:42] At iterate     2  f =      -5.3038  |proj g|=      0.037768
[job(353): 2016-09-09 20:11:42] At iterate     3  f =      -5.3184  |proj g|=      0.041464
[job(353): 2016-09-09 20:11:42] At iterate     4  f =      -5.3515  |proj g|=      0.068061
[job(353): 2016-09-09 20:11:42] At iterate     5  f =      -5.4134  |proj g|=       0.14244
[job(353): 2016-09-09 20:11:42] At iterate     6  f =        -5.48  |proj g|=       0.19413
[job(353): 2016-09-09 20:11:42] At iterate     7  f =      -5.5854  |proj g|=       0.11545
[job(353): 2016-09-09 20:11:42] At iterate     8  f =      -5.6169  |proj g|=      0.045156
[job(353): 2016-09-09 20:11:42] At iterate     9  f =      -5.6222  |proj g|=     0.0030262
[job(353): 2016-09-09 20:11:42] At iterate    10  f =      -5.6223  |proj g|=    0.00076527
[job(353): 2016-09-09 20:11:42] At iterate    11  f =      -5.6223  |proj g|=    0.00023297
[job(353): 2016-09-09 20:11:42] At iterate    12  f =      -5.6223  |proj g|=    3.3852e-05
[job(353): 2016-09-09 20:11:42] At iterate    13  f =      -5.6223  |proj g|=    7.4985e-08
[job(353): 2016-09-09 20:11:42] 
[job(353): 2016-09-09 20:11:42] iterations 13
[job(353): 2016-09-09 20:11:42] function evaluations 14
[job(353): 2016-09-09 20:11:42] segments explored during Cauchy searches 13
[job(353): 2016-09-09 20:11:42] BFGS updates skipped 0
[job(353): 2016-09-09 20:11:42] active bounds at final generalized Cauchy point 0
[job(353): 2016-09-09 20:11:42] norm of the final projected gradient 7.49852e-08
[job(353): 2016-09-09 20:11:42] final function value -5.62233
[job(353): 2016-09-09 20:11:42] 
[job(353): 2016-09-09 20:11:42] F = -5.62233
[job(353): 2016-09-09 20:11:42] final  value -5.622331 
[job(353): 2016-09-09 20:11:42] converged
[job(353): 2016-09-09 20:11:42] [Tune-x] 9: C=0.668; sigma=0.423
[job(353): 2016-09-09 20:11:42] [Tune-y] 9: acc.test.mean=0.668; time: 0.0 min; memory: 117Mb use, 177Mb max
[job(353): 2016-09-09 20:11:42] 
[job(353): 2016-09-09 20:11:42] optimisation start
[job(353): 2016-09-09 20:11:42] ------------------
[job(353): 2016-09-09 20:11:42] * estimation method   : MLE 
[job(353): 2016-09-09 20:11:42] * optimisation method : BFGS 
[job(353): 2016-09-09 20:11:42] * analytical gradient : used
[job(353): 2016-09-09 20:11:42] * trend model : ~1
[job(353): 2016-09-09 20:11:42] * covariance model : 
[job(353): 2016-09-09 20:11:42]   - type :  matern5_2 
[job(353): 2016-09-09 20:11:42]   - nugget : NO
[job(353): 2016-09-09 20:11:42]   - parameters lower bounds :  1e-10 1e-10 
[job(353): 2016-09-09 20:11:42]   - parameters upper bounds :  41.97958 47.59946 
[job(353): 2016-09-09 20:11:42]   - best initial criterion value(s) :  6.833281 
[job(353): 2016-09-09 20:11:42] 
[job(353): 2016-09-09 20:11:42] N = 2, M = 5 machine precision = 2.22045e-16
[job(353): 2016-09-09 20:11:42] At X0, 0 variables are exactly at the bounds
[job(353): 2016-09-09 20:11:42] At iterate     0  f=      -6.8333  |proj g|=      0.10345
[job(353): 2016-09-09 20:11:42] At iterate     1  f =      -6.8408  |proj g|=      0.028608
[job(353): 2016-09-09 20:11:42] At iterate     2  f =      -6.8427  |proj g|=      0.027395
[job(353): 2016-09-09 20:11:42] At iterate     3  f =      -6.8447  |proj g|=      0.029567
[job(353): 2016-09-09 20:11:42] At iterate     4  f =      -6.8537  |proj g|=      0.091564
[job(353): 2016-09-09 20:11:42] At iterate     5  f =      -6.8709  |proj g|=        0.1652
[job(353): 2016-09-09 20:11:42] At iterate     6  f =      -6.9102  |proj g|=       0.25851
[job(353): 2016-09-09 20:11:42] At iterate     7  f =      -6.9828  |proj g|=       0.30049
[job(353): 2016-09-09 20:11:42] At iterate     8  f =      -7.1035  |proj g|=       0.10354
[job(353): 2016-09-09 20:11:42] At iterate     9  f =      -7.1298  |proj g|=     0.0038697
[job(353): 2016-09-09 20:11:42] At iterate    10  f =      -7.1298  |proj g|=    0.00092092
[job(353): 2016-09-09 20:11:42] At iterate    11  f =      -7.1298  |proj g|=    6.7578e-07
[job(353): 2016-09-09 20:11:42] At iterate    12  f =      -7.1298  |proj g|=    1.1826e-10
[job(353): 2016-09-09 20:11:42] 
[job(353): 2016-09-09 20:11:42] iterations 12
[job(353): 2016-09-09 20:11:42] function evaluations 13
[job(353): 2016-09-09 20:11:42] segments explored during Cauchy searches 12
[job(353): 2016-09-09 20:11:42] BFGS updates skipped 0
[job(353): 2016-09-09 20:11:42] active bounds at final generalized Cauchy point 1
[job(353): 2016-09-09 20:11:42] norm of the final projected gradient 1.18261e-10
[job(353): 2016-09-09 20:11:42] final function value -7.12976
[job(353): 2016-09-09 20:11:42] 
[job(353): 2016-09-09 20:11:42] F = -7.12976
[job(353): 2016-09-09 20:11:42] final  value -7.129761 
[job(353): 2016-09-09 20:11:42] converged
[job(353): 2016-09-09 20:11:42] [Tune-x] 10: C=0.104; sigma=0.128
[job(353): 2016-09-09 20:11:42] [Tune-y] 10: acc.test.mean=0.617; time: 0.0 min; memory: 117Mb use, 177Mb max
[job(353): 2016-09-09 20:11:42] 
[job(353): 2016-09-09 20:11:42] optimisation start
[job(353): 2016-09-09 20:11:42] ------------------
[job(353): 2016-09-09 20:11:42] * estimation method   : MLE 
[job(353): 2016-09-09 20:11:42] * optimisation method : BFGS 
[job(353): 2016-09-09 20:11:42] * analytical gradient : used
[job(353): 2016-09-09 20:11:42] * trend model : ~1
[job(353): 2016-09-09 20:11:42] * covariance model : 
[job(353): 2016-09-09 20:11:42]   - type :  matern5_2 
[job(353): 2016-09-09 20:11:42]   - nugget : NO
[job(353): 2016-09-09 20:11:42]   - parameters lower bounds :  1e-10 1e-10 
[job(353): 2016-09-09 20:11:42]   - parameters upper bounds :  41.97958 47.59946 
[job(353): 2016-09-09 20:11:42]   - best initial criterion value(s) :  7.381204 
[job(353): 2016-09-09 20:11:42] 
[job(353): 2016-09-09 20:11:42] N = 2, M = 5 machine precision = 2.22045e-16
[job(353): 2016-09-09 20:11:42] At X0, 0 variables are exactly at the bounds
[job(353): 2016-09-09 20:11:42] At iterate     0  f=      -7.3812  |proj g|=      0.74617
[job(353): 2016-09-09 20:11:42] At iterate     1  f =      -7.8084  |proj g|=       0.29036
[job(353): 2016-09-09 20:11:42] At iterate     2  f =      -8.0005  |proj g|=       0.18411
[job(353): 2016-09-09 20:11:42] At iterate     3  f =      -8.1018  |proj g|=       0.14567
[job(353): 2016-09-09 20:11:42] At iterate     4  f =      -8.2643  |proj g|=       0.18877
[job(353): 2016-09-09 20:11:42] At iterate     5  f =      -8.3445  |proj g|=      0.027754
[job(353): 2016-09-09 20:11:42] At iterate     6  f =      -8.3458  |proj g|=     0.0036996
[job(353): 2016-09-09 20:11:42] At iterate     7  f =      -8.3458  |proj g|=    0.00032538
[job(353): 2016-09-09 20:11:42] At iterate     8  f =      -8.3458  |proj g|=    4.3321e-05
[job(353): 2016-09-09 20:11:42] At iterate     9  f =      -8.3458  |proj g|=     3.488e-08
[job(353): 2016-09-09 20:11:42] 
[job(353): 2016-09-09 20:11:42] iterations 9
[job(353): 2016-09-09 20:11:42] function evaluations 10
[job(353): 2016-09-09 20:11:42] segments explored during Cauchy searches 9
[job(353): 2016-09-09 20:11:42] BFGS updates skipped 0
[job(353): 2016-09-09 20:11:42] active bounds at final generalized Cauchy point 0
[job(353): 2016-09-09 20:11:42] norm of the final projected gradient 3.48802e-08
[job(353): 2016-09-09 20:11:42] final function value -8.34581
[job(353): 2016-09-09 20:11:42] 
[job(353): 2016-09-09 20:11:42] F = -8.34581
[job(353): 2016-09-09 20:11:42] final  value -8.345808 
[job(353): 2016-09-09 20:11:42] converged
[job(353): 2016-09-09 20:11:42] [Tune-x] 11: C=11.8; sigma=0.0974
[job(353): 2016-09-09 20:11:42] [Tune-y] 11: acc.test.mean=0.699; time: 0.0 min; memory: 117Mb use, 177Mb max
[job(353): 2016-09-09 20:11:42] 
[job(353): 2016-09-09 20:11:42] optimisation start
[job(353): 2016-09-09 20:11:42] ------------------
[job(353): 2016-09-09 20:11:42] * estimation method   : MLE 
[job(353): 2016-09-09 20:11:42] * optimisation method : BFGS 
[job(353): 2016-09-09 20:11:42] * analytical gradient : used
[job(353): 2016-09-09 20:11:42] * trend model : ~1
[job(353): 2016-09-09 20:11:42] * covariance model : 
[job(353): 2016-09-09 20:11:42]   - type :  matern5_2 
[job(353): 2016-09-09 20:11:42]   - nugget : NO
[job(353): 2016-09-09 20:11:42]   - parameters lower bounds :  1e-10 1e-10 
[job(353): 2016-09-09 20:11:42]   - parameters upper bounds :  41.97958 47.59946 
[job(353): 2016-09-09 20:11:42]   - best initial criterion value(s) :  8.238823 
[job(353): 2016-09-09 20:11:42] 
[job(353): 2016-09-09 20:11:42] N = 2, M = 5 machine precision = 2.22045e-16
[job(353): 2016-09-09 20:11:42] At X0, 0 variables are exactly at the bounds
[job(353): 2016-09-09 20:11:42] At iterate     0  f=      -8.2388  |proj g|=      0.59132
[job(353): 2016-09-09 20:11:42] At iterate     1  f =       -8.832  |proj g|=       0.66495
[job(353): 2016-09-09 20:11:42] ys=-5.850e-02  -gs= 5.406e-01, BFGS update SKIPPED
[job(353): 2016-09-09 20:11:42] At iterate     2  f =      -9.4127  |proj g|=       0.42948
[job(353): 2016-09-09 20:11:42] At iterate     3  f =      -9.9852  |proj g|=       0.51423
[job(353): 2016-09-09 20:11:42] At iterate     4  f =      -10.266  |proj g|=       0.32178
[job(353): 2016-09-09 20:11:42] At iterate     5  f =      -10.499  |proj g|=        0.2928
[job(353): 2016-09-09 20:11:42] At iterate     6  f =      -10.562  |proj g|=      0.030729
[job(353): 2016-09-09 20:11:42] At iterate     7  f =      -10.565  |proj g|=     0.0018344
[job(353): 2016-09-09 20:11:42] At iterate     8  f =      -10.565  |proj g|=    3.6306e-05
[job(353): 2016-09-09 20:11:42] At iterate     9  f =      -10.565  |proj g|=    3.8342e-07
[job(353): 2016-09-09 20:11:42] 
[job(353): 2016-09-09 20:11:42] iterations 9
[job(353): 2016-09-09 20:11:42] function evaluations 10
[job(353): 2016-09-09 20:11:42] segments explored during Cauchy searches 9
[job(353): 2016-09-09 20:11:42] BFGS updates skipped 1
[job(353): 2016-09-09 20:11:42] active bounds at final generalized Cauchy point 0
[job(353): 2016-09-09 20:11:42] norm of the final projected gradient 3.83417e-07
[job(353): 2016-09-09 20:11:42] final function value -10.5647
[job(353): 2016-09-09 20:11:42] 
[job(353): 2016-09-09 20:11:42] F = -10.5647
[job(353): 2016-09-09 20:11:42] final  value -10.564681 
[job(353): 2016-09-09 20:11:42] converged
[job(353): 2016-09-09 20:11:42] [Tune-x] 12: C=3.32; sigma=0.103
[job(353): 2016-09-09 20:11:42] [Tune-y] 12: acc.test.mean=0.548; time: 0.0 min; memory: 117Mb use, 177Mb max
[job(353): 2016-09-09 20:11:42] 
[job(353): 2016-09-09 20:11:42] optimisation start
[job(353): 2016-09-09 20:11:42] ------------------
[job(353): 2016-09-09 20:11:42] * estimation method   : MLE 
[job(353): 2016-09-09 20:11:42] * optimisation method : BFGS 
[job(353): 2016-09-09 20:11:42] * analytical gradient : used
[job(353): 2016-09-09 20:11:42] * trend model : ~1
[job(353): 2016-09-09 20:11:42] * covariance model : 
[job(353): 2016-09-09 20:11:42]   - type :  matern5_2 
[job(353): 2016-09-09 20:11:42]   - nugget : NO
[job(353): 2016-09-09 20:11:42]   - parameters lower bounds :  1e-10 1e-10 
[job(353): 2016-09-09 20:11:42]   - parameters upper bounds :  41.97958 47.59946 
[job(353): 2016-09-09 20:11:42]   - best initial criterion value(s) :  5.344454 
[job(353): 2016-09-09 20:11:42] 
[job(353): 2016-09-09 20:11:42] N = 2, M = 5 machine precision = 2.22045e-16
[job(353): 2016-09-09 20:11:42] At X0, 0 variables are exactly at the bounds
[job(353): 2016-09-09 20:11:42] At iterate     0  f=      -5.3445  |proj g|=       1.4999
[job(353): 2016-09-09 20:11:42] At iterate     1  f =      -5.7201  |proj g|=             0
[job(353): 2016-09-09 20:11:42] 
[job(353): 2016-09-09 20:11:42] iterations 1
[job(353): 2016-09-09 20:11:42] function evaluations 2
[job(353): 2016-09-09 20:11:42] segments explored during Cauchy searches 2
[job(353): 2016-09-09 20:11:42] BFGS updates skipped 0
[job(353): 2016-09-09 20:11:42] active bounds at final generalized Cauchy point 1
[job(353): 2016-09-09 20:11:42] norm of the final projected gradient 0
[job(353): 2016-09-09 20:11:42] final function value -5.72014
[job(353): 2016-09-09 20:11:42] 
[job(353): 2016-09-09 20:11:42] F = -5.72014
[job(353): 2016-09-09 20:11:42] final  value -5.720137 
[job(353): 2016-09-09 20:11:42] converged
[job(353): 2016-09-09 20:11:42] [Tune-x] 13: C=0.295; sigma=1.5
[job(353): 2016-09-09 20:11:42] [Tune-y] 13: acc.test.mean=0.643; time: 0.0 min; memory: 117Mb use, 177Mb max
[job(353): 2016-09-09 20:11:42] 
[job(353): 2016-09-09 20:11:42] optimisation start
[job(353): 2016-09-09 20:11:42] ------------------
[job(353): 2016-09-09 20:11:42] * estimation method   : MLE 
[job(353): 2016-09-09 20:11:42] * optimisation method : BFGS 
[job(353): 2016-09-09 20:11:42] * analytical gradient : used
[job(353): 2016-09-09 20:11:42] * trend model : ~1
[job(353): 2016-09-09 20:11:42] * covariance model : 
[job(353): 2016-09-09 20:11:42]   - type :  matern5_2 
[job(353): 2016-09-09 20:11:42]   - nugget : NO
[job(353): 2016-09-09 20:11:42]   - parameters lower bounds :  1e-10 1e-10 
[job(353): 2016-09-09 20:11:42]   - parameters upper bounds :  41.97958 47.59946 
[job(353): 2016-09-09 20:11:42]   - best initial criterion value(s) :  -13.54678 
[job(353): 2016-09-09 20:11:42] 
[job(353): 2016-09-09 20:11:42] N = 2, M = 5 machine precision = 2.22045e-16
[job(353): 2016-09-09 20:11:42] At X0, 0 variables are exactly at the bounds
[job(353): 2016-09-09 20:11:42] At iterate     0  f=       13.547  |proj g|=      0.55036
[job(353): 2016-09-09 20:11:42] At iterate     1  f =       13.228  |proj g|=       0.60286
[job(353): 2016-09-09 20:11:42] ys=-2.854e-02  -gs= 3.046e-01, BFGS update SKIPPED
[job(353): 2016-09-09 20:11:42] At iterate     2  f =      -6.4515  |proj g|=    1.7681e-15
[job(353): 2016-09-09 20:11:42] Bad direction in the line search;
[job(353): 2016-09-09 20:11:42]    refresh the lbfgs memory and restart the iteration.
[job(353): 2016-09-09 20:11:42] Derivative >= 0, backtracking line search impossible.final  value -6.451499 
[job(353): 2016-09-09 20:11:42] stopped after 2 iterations
[job(353): 2016-09-09 20:11:42] [Tune-x] 14: C=44; sigma=1.24
[job(353): 2016-09-09 20:11:42] [Tune-y] 14: acc.test.mean=0.545; time: 0.0 min; memory: 117Mb use, 177Mb max
[job(353): 2016-09-09 20:11:42] 
[job(353): 2016-09-09 20:11:42] optimisation start
[job(353): 2016-09-09 20:11:42] ------------------
[job(353): 2016-09-09 20:11:42] * estimation method   : MLE 
[job(353): 2016-09-09 20:11:42] * optimisation method : BFGS 
[job(353): 2016-09-09 20:11:42] * analytical gradient : used
[job(353): 2016-09-09 20:11:42] * trend model : ~1
[job(353): 2016-09-09 20:11:42] * covariance model : 
[job(353): 2016-09-09 20:11:42]   - type :  matern5_2 
[job(353): 2016-09-09 20:11:42]   - nugget : NO
[job(353): 2016-09-09 20:11:42]   - parameters lower bounds :  1e-10 1e-10 
[job(353): 2016-09-09 20:11:42]   - parameters upper bounds :  41.97958 47.59946 
[job(353): 2016-09-09 20:11:42]   - best initial criterion value(s) :  4.863077 
[job(353): 2016-09-09 20:11:42] 
[job(353): 2016-09-09 20:11:42] N = 2, M = 5 machine precision = 2.22045e-16
[job(353): 2016-09-09 20:11:42] At X0, 0 variables are exactly at the bounds
[job(353): 2016-09-09 20:11:42] At iterate     0  f=      -4.8631  |proj g|=       1.5766
[job(353): 2016-09-09 20:11:42] At iterate     1  f =       -8.276  |proj g|=         0.839
[job(353): 2016-09-09 20:11:42] At iterate     2  f =      -8.4136  |proj g|=       0.72033
[job(353): 2016-09-09 20:11:42] At iterate     3  f =      -8.4819  |proj g|=       0.20892
[job(353): 2016-09-09 20:11:42] At iterate     4  f =      -8.4855  |proj g|=      0.016272
[job(353): 2016-09-09 20:11:42] At iterate     5  f =      -8.4855  |proj g|=    0.00095953
[job(353): 2016-09-09 20:11:42] At iterate     6  f =      -8.4855  |proj g|=       0.00208
[job(353): 2016-09-09 20:11:42] At iterate     7  f =      -8.4855  |proj g|=      0.011415
[job(353): 2016-09-09 20:11:42] At iterate     8  f =      -8.4856  |proj g|=      0.025486
[job(353): 2016-09-09 20:11:42] At iterate     9  f =      -8.4858  |proj g|=      0.049793
[job(353): 2016-09-09 20:11:42] At iterate    10  f =      -8.4863  |proj g|=      0.092352
[job(353): 2016-09-09 20:11:42] At iterate    11  f =      -8.4879  |proj g|=       0.18144
[job(353): 2016-09-09 20:11:42] At iterate    12  f =      -8.5124  |proj g|=        1.2236
[job(353): 2016-09-09 20:11:42] At iterate    13  f =      -8.5138  |proj g|=        1.3238
[job(353): 2016-09-09 20:11:42] At iterate    14  f =      -8.5696  |proj g|=        1.5013
[job(353): 2016-09-09 20:11:42] At iterate    15  f =      -8.7341  |proj g|=        1.5797
[job(353): 2016-09-09 20:11:42] At iterate    16  f =      -9.3159  |proj g|=       0.10633
[job(353): 2016-09-09 20:11:42] At iterate    17  f =      -9.4021  |proj g|=      0.039663
[job(353): 2016-09-09 20:11:42] At iterate    18  f =      -9.4024  |proj g|=      0.010244
[job(353): 2016-09-09 20:11:42] At iterate    19  f =      -9.4024  |proj g|=    0.00070645
[job(353): 2016-09-09 20:11:42] At iterate    20  f =      -9.4024  |proj g|=    0.00018302
[job(353): 2016-09-09 20:11:42] At iterate    21  f =      -9.4024  |proj g|=    2.2795e-05
[job(353): 2016-09-09 20:11:42] 
[job(353): 2016-09-09 20:11:42] iterations 21
[job(353): 2016-09-09 20:11:42] function evaluations 39
[job(353): 2016-09-09 20:11:42] segments explored during Cauchy searches 22
[job(353): 2016-09-09 20:11:42] BFGS updates skipped 0
[job(353): 2016-09-09 20:11:42] active bounds at final generalized Cauchy point 0
[job(353): 2016-09-09 20:11:42] norm of the final projected gradient 2.27954e-05
[job(353): 2016-09-09 20:11:42] final function value -9.40241
[job(353): 2016-09-09 20:11:42] 
[job(353): 2016-09-09 20:11:42] F = -9.40241
[job(353): 2016-09-09 20:11:42] final  value -9.402411 
[job(353): 2016-09-09 20:11:42] converged
[job(353): 2016-09-09 20:11:42] [Tune-x] 15: C=1.3; sigma=0.186
[job(353): 2016-09-09 20:11:42] [Tune-y] 15: acc.test.mean=0.519; time: 0.0 min; memory: 117Mb use, 177Mb max
[job(353): 2016-09-09 20:11:42] 
[job(353): 2016-09-09 20:11:42] optimisation start
[job(353): 2016-09-09 20:11:42] ------------------
[job(353): 2016-09-09 20:11:42] * estimation method   : MLE 
[job(353): 2016-09-09 20:11:42] * optimisation method : BFGS 
[job(353): 2016-09-09 20:11:42] * analytical gradient : used
[job(353): 2016-09-09 20:11:42] * trend model : ~1
[job(353): 2016-09-09 20:11:42] * covariance model : 
[job(353): 2016-09-09 20:11:42]   - type :  matern5_2 
[job(353): 2016-09-09 20:11:42]   - nugget : NO
[job(353): 2016-09-09 20:11:42]   - parameters lower bounds :  1e-10 1e-10 
[job(353): 2016-09-09 20:11:42]   - parameters upper bounds :  41.97958 47.59946 
[job(353): 2016-09-09 20:11:42]   - best initial criterion value(s) :  -3.380829 
[job(353): 2016-09-09 20:11:42] 
[job(353): 2016-09-09 20:11:42] N = 2, M = 5 machine precision = 2.22045e-16
[job(353): 2016-09-09 20:11:42] At X0, 0 variables are exactly at the bounds
[job(353): 2016-09-09 20:11:42] At iterate     0  f=       3.3808  |proj g|=       1.4525
[job(353): 2016-09-09 20:11:42] At iterate     1  f =      -8.5046  |proj g|=             0
[job(353): 2016-09-09 20:11:42] 
[job(353): 2016-09-09 20:11:42] iterations 1
[job(353): 2016-09-09 20:11:42] function evaluations 2
[job(353): 2016-09-09 20:11:42] segments explored during Cauchy searches 2
[job(353): 2016-09-09 20:11:42] BFGS updates skipped 0
[job(353): 2016-09-09 20:11:42] active bounds at final generalized Cauchy point 1
[job(353): 2016-09-09 20:11:42] norm of the final projected gradient 0
[job(353): 2016-09-09 20:11:42] final function value -8.50461
[job(353): 2016-09-09 20:11:42] 
[job(353): 2016-09-09 20:11:42] F = -8.50461
[job(353): 2016-09-09 20:11:42] final  value -8.504605 
[job(353): 2016-09-09 20:11:42] converged
[job(353): 2016-09-09 20:11:42] [Tune-x] 16: C=8.4; sigma=0.294
[job(353): 2016-09-09 20:11:42] [Tune-y] 16: acc.test.mean=0.642; time: 0.0 min; memory: 117Mb use, 177Mb max
[job(353): 2016-09-09 20:11:42] 
[job(353): 2016-09-09 20:11:42] optimisation start
[job(353): 2016-09-09 20:11:42] ------------------
[job(353): 2016-09-09 20:11:42] * estimation method   : MLE 
[job(353): 2016-09-09 20:11:42] * optimisation method : BFGS 
[job(353): 2016-09-09 20:11:42] * analytical gradient : used
[job(353): 2016-09-09 20:11:42] * trend model : ~1
[job(353): 2016-09-09 20:11:42] * covariance model : 
[job(353): 2016-09-09 20:11:42]   - type :  matern5_2 
[job(353): 2016-09-09 20:11:42]   - nugget : NO
[job(353): 2016-09-09 20:11:42]   - parameters lower bounds :  1e-10 1e-10 
[job(353): 2016-09-09 20:11:42]   - parameters upper bounds :  41.97958 47.59946 
[job(353): 2016-09-09 20:11:42]   - best initial criterion value(s) :  7.121236 
[job(353): 2016-09-09 20:11:42] 
[job(353): 2016-09-09 20:11:42] N = 2, M = 5 machine precision = 2.22045e-16
[job(353): 2016-09-09 20:11:42] At X0, 0 variables are exactly at the bounds
[job(353): 2016-09-09 20:11:42] At iterate     0  f=      -7.1212  |proj g|=      0.14263
[job(353): 2016-09-09 20:11:42] At iterate     1  f =       -9.313  |proj g|=             0
[job(353): 2016-09-09 20:11:42] 
[job(353): 2016-09-09 20:11:42] iterations 1
[job(353): 2016-09-09 20:11:42] function evaluations 2
[job(353): 2016-09-09 20:11:42] segments explored during Cauchy searches 2
[job(353): 2016-09-09 20:11:42] BFGS updates skipped 0
[job(353): 2016-09-09 20:11:42] active bounds at final generalized Cauchy point 1
[job(353): 2016-09-09 20:11:42] norm of the final projected gradient 0
[job(353): 2016-09-09 20:11:42] final function value -9.31298
[job(353): 2016-09-09 20:11:42] 
[job(353): 2016-09-09 20:11:42] F = -9.31298
[job(353): 2016-09-09 20:11:42] final  value -9.312983 
[job(353): 2016-09-09 20:11:42] converged
[job(353): 2016-09-09 20:11:42] [Tune-x] 17: C=0.00984; sigma=564
[job(353): 2016-09-09 20:11:42] [Tune-y] 17: acc.test.mean=0.347; time: 0.0 min; memory: 117Mb use, 177Mb max
[job(353): 2016-09-09 20:11:42] 
[job(353): 2016-09-09 20:11:42] optimisation start
[job(353): 2016-09-09 20:11:42] ------------------
[job(353): 2016-09-09 20:11:42] * estimation method   : MLE 
[job(353): 2016-09-09 20:11:42] * optimisation method : BFGS 
[job(353): 2016-09-09 20:11:42] * analytical gradient : used
[job(353): 2016-09-09 20:11:42] * trend model : ~1
[job(353): 2016-09-09 20:11:42] * covariance model : 
[job(353): 2016-09-09 20:11:42]   - type :  matern5_2 
[job(353): 2016-09-09 20:11:42]   - nugget : NO
[job(353): 2016-09-09 20:11:42]   - parameters lower bounds :  1e-10 1e-10 
[job(353): 2016-09-09 20:11:42]   - parameters upper bounds :  41.97958 47.59946 
[job(353): 2016-09-09 20:11:42]   - best initial criterion value(s) :  -19.79135 
[job(353): 2016-09-09 20:11:42] 
[job(353): 2016-09-09 20:11:42] N = 2, M = 5 machine precision = 2.22045e-16
[job(353): 2016-09-09 20:11:42] At X0, 0 variables are exactly at the bounds
[job(353): 2016-09-09 20:11:42] At iterate     0  f=       19.791  |proj g|=       3.0343
[job(353): 2016-09-09 20:11:42] At iterate     1  f =      -3.6489  |proj g|=       0.99379
[job(353): 2016-09-09 20:11:42] ys=-2.809e+01  -gs= 9.382e+00, BFGS update SKIPPED
[job(353): 2016-09-09 20:11:42] At iterate     2  f =      -9.3904  |proj g|=             0
[job(353): 2016-09-09 20:11:42] 
[job(353): 2016-09-09 20:11:42] iterations 2
[job(353): 2016-09-09 20:11:42] function evaluations 3
[job(353): 2016-09-09 20:11:42] segments explored during Cauchy searches 3
[job(353): 2016-09-09 20:11:42] BFGS updates skipped 1
[job(353): 2016-09-09 20:11:42] active bounds at final generalized Cauchy point 1
[job(353): 2016-09-09 20:11:42] norm of the final projected gradient 0
[job(353): 2016-09-09 20:11:42] final function value -9.39042
[job(353): 2016-09-09 20:11:42] 
[job(353): 2016-09-09 20:11:42] F = -9.39042
[job(353): 2016-09-09 20:11:42] final  value -9.390416 
[job(353): 2016-09-09 20:11:42] converged
[job(353): 2016-09-09 20:11:42] [Tune-x] 18: C=0.185; sigma=0.485
[job(353): 2016-09-09 20:11:42] [Tune-y] 18: acc.test.mean=0.684; time: 0.0 min; memory: 117Mb use, 177Mb max
[job(353): 2016-09-09 20:11:42] 
[job(353): 2016-09-09 20:11:42] optimisation start
[job(353): 2016-09-09 20:11:42] ------------------
[job(353): 2016-09-09 20:11:42] * estimation method   : MLE 
[job(353): 2016-09-09 20:11:42] * optimisation method : BFGS 
[job(353): 2016-09-09 20:11:42] * analytical gradient : used
[job(353): 2016-09-09 20:11:42] * trend model : ~1
[job(353): 2016-09-09 20:11:42] * covariance model : 
[job(353): 2016-09-09 20:11:42]   - type :  matern5_2 
[job(353): 2016-09-09 20:11:42]   - nugget : NO
[job(353): 2016-09-09 20:11:42]   - parameters lower bounds :  1e-10 1e-10 
[job(353): 2016-09-09 20:11:42]   - parameters upper bounds :  41.97958 47.59946 
[job(353): 2016-09-09 20:11:42]   - best initial criterion value(s) :  5.491179 
[job(353): 2016-09-09 20:11:42] 
[job(353): 2016-09-09 20:11:42] N = 2, M = 5 machine precision = 2.22045e-16
[job(353): 2016-09-09 20:11:42] At X0, 0 variables are exactly at the bounds
[job(353): 2016-09-09 20:11:42] At iterate     0  f=      -5.4912  |proj g|=      0.25978
[job(353): 2016-09-09 20:11:42] At iterate     1  f =      -5.6207  |proj g|=        0.3451
[job(353): 2016-09-09 20:11:42] ys=-1.736e-01  -gs= 8.302e-02, BFGS update SKIPPED
[job(353): 2016-09-09 20:11:42] At iterate     2  f =      -9.9016  |proj g|=             0
[job(353): 2016-09-09 20:11:42] 
[job(353): 2016-09-09 20:11:42] iterations 2
[job(353): 2016-09-09 20:11:42] function evaluations 3
[job(353): 2016-09-09 20:11:42] segments explored during Cauchy searches 3
[job(353): 2016-09-09 20:11:42] BFGS updates skipped 1
[job(353): 2016-09-09 20:11:42] active bounds at final generalized Cauchy point 1
[job(353): 2016-09-09 20:11:42] norm of the final projected gradient 0
[job(353): 2016-09-09 20:11:42] final function value -9.90163
[job(353): 2016-09-09 20:11:42] 
[job(353): 2016-09-09 20:11:42] F = -9.90163
[job(353): 2016-09-09 20:11:42] final  value -9.901628 
[job(353): 2016-09-09 20:11:42] converged
[job(353): 2016-09-09 20:11:42] [Tune-x] 19: C=0.00288; sigma=0.00664
[job(353): 2016-09-09 20:11:42] [Tune-y] 19: acc.test.mean=0.322; time: 0.0 min; memory: 117Mb use, 177Mb max
[job(353): 2016-09-09 20:11:42] 
[job(353): 2016-09-09 20:11:42] optimisation start
[job(353): 2016-09-09 20:11:42] ------------------
[job(353): 2016-09-09 20:11:42] * estimation method   : MLE 
[job(353): 2016-09-09 20:11:42] * optimisation method : BFGS 
[job(353): 2016-09-09 20:11:42] * analytical gradient : used
[job(353): 2016-09-09 20:11:42] * trend model : ~1
[job(353): 2016-09-09 20:11:42] * covariance model : 
[job(353): 2016-09-09 20:11:42]   - type :  matern5_2 
[job(353): 2016-09-09 20:11:42]   - nugget : NO
[job(353): 2016-09-09 20:11:42]   - parameters lower bounds :  1e-10 1e-10 
[job(353): 2016-09-09 20:11:42]   - parameters upper bounds :  41.97958 47.59946 
[job(353): 2016-09-09 20:11:42]   - best initial criterion value(s) :  3.033081 
[job(353): 2016-09-09 20:11:42] 
[job(353): 2016-09-09 20:11:42] N = 2, M = 5 machine precision = 2.22045e-16
[job(353): 2016-09-09 20:11:42] At X0, 0 variables are exactly at the bounds
[job(353): 2016-09-09 20:11:42] At iterate     0  f=      -3.0331  |proj g|=       1.2923
[job(353): 2016-09-09 20:11:42] At iterate     1  f =       -9.791  |proj g|=             0
[job(353): 2016-09-09 20:11:42] 
[job(353): 2016-09-09 20:11:42] iterations 1
[job(353): 2016-09-09 20:11:42] function evaluations 2
[job(353): 2016-09-09 20:11:42] segments explored during Cauchy searches 2
[job(353): 2016-09-09 20:11:42] BFGS updates skipped 0
[job(353): 2016-09-09 20:11:42] active bounds at final generalized Cauchy point 1
[job(353): 2016-09-09 20:11:42] norm of the final projected gradient 0
[job(353): 2016-09-09 20:11:42] final function value -9.79102
[job(353): 2016-09-09 20:11:42] 
[job(353): 2016-09-09 20:11:42] F = -9.79102
[job(353): 2016-09-09 20:11:42] final  value -9.791021 
[job(353): 2016-09-09 20:11:42] converged
[job(353): 2016-09-09 20:11:42] [Tune-x] 20: C=2.83e+03; sigma=861
[job(353): 2016-09-09 20:11:42] [Tune-y] 20: acc.test.mean=0.358; time: 0.0 min; memory: 117Mb use, 177Mb max
[job(353): 2016-09-09 20:11:42] 
[job(353): 2016-09-09 20:11:42] optimisation start
[job(353): 2016-09-09 20:11:42] ------------------
[job(353): 2016-09-09 20:11:42] * estimation method   : MLE 
[job(353): 2016-09-09 20:11:42] * optimisation method : BFGS 
[job(353): 2016-09-09 20:11:42] * analytical gradient : used
[job(353): 2016-09-09 20:11:42] * trend model : ~1
[job(353): 2016-09-09 20:11:42] * covariance model : 
[job(353): 2016-09-09 20:11:42]   - type :  matern5_2 
[job(353): 2016-09-09 20:11:42]   - nugget : NO
[job(353): 2016-09-09 20:11:42]   - parameters lower bounds :  1e-10 1e-10 
[job(353): 2016-09-09 20:11:42]   - parameters upper bounds :  46.54855 47.59946 
[job(353): 2016-09-09 20:11:42]   - best initial criterion value(s) :  2.178898 
[job(353): 2016-09-09 20:11:42] 
[job(353): 2016-09-09 20:11:42] N = 2, M = 5 machine precision = 2.22045e-16
[job(353): 2016-09-09 20:11:42] At X0, 0 variables are exactly at the bounds
[job(353): 2016-09-09 20:11:42] At iterate     0  f=      -2.1789  |proj g|=      0.72115
[job(353): 2016-09-09 20:11:42] At iterate     1  f =      -10.124  |proj g|=             0
[job(353): 2016-09-09 20:11:42] 
[job(353): 2016-09-09 20:11:42] iterations 1
[job(353): 2016-09-09 20:11:42] function evaluations 2
[job(353): 2016-09-09 20:11:42] segments explored during Cauchy searches 2
[job(353): 2016-09-09 20:11:42] BFGS updates skipped 0
[job(353): 2016-09-09 20:11:42] active bounds at final generalized Cauchy point 1
[job(353): 2016-09-09 20:11:42] norm of the final projected gradient 0
[job(353): 2016-09-09 20:11:42] final function value -10.1238
[job(353): 2016-09-09 20:11:42] 
[job(353): 2016-09-09 20:11:42] F = -10.1238
[job(353): 2016-09-09 20:11:42] final  value -10.123755 
[job(353): 2016-09-09 20:11:42] converged
[job(353): 2016-09-09 20:11:42] [Tune-x] 21: C=1.03; sigma=0.0022
[job(353): 2016-09-09 20:11:42] [Tune-y] 21: acc.test.mean=0.529; time: 0.0 min; memory: 117Mb use, 177Mb max
[job(353): 2016-09-09 20:11:42] 
[job(353): 2016-09-09 20:11:42] optimisation start
[job(353): 2016-09-09 20:11:42] ------------------
[job(353): 2016-09-09 20:11:42] * estimation method   : MLE 
[job(353): 2016-09-09 20:11:42] * optimisation method : BFGS 
[job(353): 2016-09-09 20:11:42] * analytical gradient : used
[job(353): 2016-09-09 20:11:42] * trend model : ~1
[job(353): 2016-09-09 20:11:42] * covariance model : 
[job(353): 2016-09-09 20:11:42]   - type :  matern5_2 
[job(353): 2016-09-09 20:11:42]   - nugget : NO
[job(353): 2016-09-09 20:11:42]   - parameters lower bounds :  1e-10 1e-10 
[job(353): 2016-09-09 20:11:42]   - parameters upper bounds :  46.54855 47.59946 
[job(353): 2016-09-09 20:11:42]   - best initial criterion value(s) :  -25.57423 
[job(353): 2016-09-09 20:11:42] 
[job(353): 2016-09-09 20:11:42] N = 2, M = 5 machine precision = 2.22045e-16
[job(353): 2016-09-09 20:11:42] At X0, 0 variables are exactly at the bounds
[job(353): 2016-09-09 20:11:42] At iterate     0  f=       25.574  |proj g|=       3.9771
[job(353): 2016-09-09 20:11:42] At iterate     1  f =      -11.141  |proj g|=             0
[job(353): 2016-09-09 20:11:42] 
[job(353): 2016-09-09 20:11:42] iterations 1
[job(353): 2016-09-09 20:11:42] function evaluations 2
[job(353): 2016-09-09 20:11:42] segments explored during Cauchy searches 2
[job(353): 2016-09-09 20:11:42] BFGS updates skipped 0
[job(353): 2016-09-09 20:11:42] active bounds at final generalized Cauchy point 1
[job(353): 2016-09-09 20:11:42] norm of the final projected gradient 0
[job(353): 2016-09-09 20:11:42] final function value -11.1413
[job(353): 2016-09-09 20:11:42] 
[job(353): 2016-09-09 20:11:42] F = -11.1413
[job(353): 2016-09-09 20:11:42] final  value -11.141300 
[job(353): 2016-09-09 20:11:42] converged
[job(353): 2016-09-09 20:11:42] [Tune-x] 22: C=0.0328; sigma=0.242
[job(353): 2016-09-09 20:11:42] [Tune-y] 22: acc.test.mean=0.622; time: 0.0 min; memory: 117Mb use, 185Mb max
[job(353): 2016-09-09 20:11:42] 
[job(353): 2016-09-09 20:11:42] optimisation start
[job(353): 2016-09-09 20:11:42] ------------------
[job(353): 2016-09-09 20:11:42] * estimation method   : MLE 
[job(353): 2016-09-09 20:11:42] * optimisation method : BFGS 
[job(353): 2016-09-09 20:11:42] * analytical gradient : used
[job(353): 2016-09-09 20:11:42] * trend model : ~1
[job(353): 2016-09-09 20:11:42] * covariance model : 
[job(353): 2016-09-09 20:11:42]   - type :  matern5_2 
[job(353): 2016-09-09 20:11:42]   - nugget : NO
[job(353): 2016-09-09 20:11:42]   - parameters lower bounds :  1e-10 1e-10 
[job(353): 2016-09-09 20:11:42]   - parameters upper bounds :  46.54855 47.59946 
[job(353): 2016-09-09 20:11:42]   - best initial criterion value(s) :  -19.9731 
[job(353): 2016-09-09 20:11:42] 
[job(353): 2016-09-09 20:11:42] N = 2, M = 5 machine precision = 2.22045e-16
[job(353): 2016-09-09 20:11:42] At X0, 0 variables are exactly at the bounds
[job(353): 2016-09-09 20:11:42] At iterate     0  f=       19.973  |proj g|=       2.8429
[job(353): 2016-09-09 20:11:42] At iterate     1  f =       9.4654  |proj g|=        2.9894
[job(353): 2016-09-09 20:11:42] ys=-1.795e+00  -gs= 9.206e+00, BFGS update SKIPPED
[job(353): 2016-09-09 20:11:42] At iterate     2  f =      -3.7103  |proj g|=        4.3212
[job(353): 2016-09-09 20:11:42] At iterate     3  f =      -11.944  |proj g|=             0
[job(353): 2016-09-09 20:11:42] 
[job(353): 2016-09-09 20:11:42] iterations 3
[job(353): 2016-09-09 20:11:42] function evaluations 4
[job(353): 2016-09-09 20:11:42] segments explored during Cauchy searches 3
[job(353): 2016-09-09 20:11:42] BFGS updates skipped 1
[job(353): 2016-09-09 20:11:42] active bounds at final generalized Cauchy point 0
[job(353): 2016-09-09 20:11:42] norm of the final projected gradient 0
[job(353): 2016-09-09 20:11:42] final function value -11.9443
[job(353): 2016-09-09 20:11:42] 
[job(353): 2016-09-09 20:11:42] F = -11.9443
[job(353): 2016-09-09 20:11:42] final  value -11.944316 
[job(353): 2016-09-09 20:11:42] converged
[job(353): 2016-09-09 20:11:42] [Tune-x] 23: C=0.247; sigma=955
[job(353): 2016-09-09 20:11:42] [Tune-y] 23: acc.test.mean=0.358; time: 0.0 min; memory: 117Mb use, 185Mb max
[job(353): 2016-09-09 20:11:42] 
[job(353): 2016-09-09 20:11:42] optimisation start
[job(353): 2016-09-09 20:11:42] ------------------
[job(353): 2016-09-09 20:11:42] * estimation method   : MLE 
[job(353): 2016-09-09 20:11:42] * optimisation method : BFGS 
[job(353): 2016-09-09 20:11:42] * analytical gradient : used
[job(353): 2016-09-09 20:11:42] * trend model : ~1
[job(353): 2016-09-09 20:11:42] * covariance model : 
[job(353): 2016-09-09 20:11:42]   - type :  matern5_2 
[job(353): 2016-09-09 20:11:42]   - nugget : NO
[job(353): 2016-09-09 20:11:42]   - parameters lower bounds :  1e-10 1e-10 
[job(353): 2016-09-09 20:11:42]   - parameters upper bounds :  46.54855 47.59946 
[job(353): 2016-09-09 20:11:42]   - best initial criterion value(s) :  8.861865 
[job(353): 2016-09-09 20:11:42] 
[job(353): 2016-09-09 20:11:42] N = 2, M = 5 machine precision = 2.22045e-16
[job(353): 2016-09-09 20:11:42] At X0, 0 variables are exactly at the bounds
[job(353): 2016-09-09 20:11:42] At iterate     0  f=      -8.8619  |proj g|=      0.10744
[job(353): 2016-09-09 20:11:42] At iterate     1  f =      -12.293  |proj g|=             0
[job(353): 2016-09-09 20:11:42] 
[job(353): 2016-09-09 20:11:42] iterations 1
[job(353): 2016-09-09 20:11:42] function evaluations 2
[job(353): 2016-09-09 20:11:42] segments explored during Cauchy searches 2
[job(353): 2016-09-09 20:11:42] BFGS updates skipped 0
[job(353): 2016-09-09 20:11:42] active bounds at final generalized Cauchy point 1
[job(353): 2016-09-09 20:11:42] norm of the final projected gradient 0
[job(353): 2016-09-09 20:11:42] final function value -12.293
[job(353): 2016-09-09 20:11:42] 
[job(353): 2016-09-09 20:11:42] F = -12.293
[job(353): 2016-09-09 20:11:42] final  value -12.292965 
[job(353): 2016-09-09 20:11:42] converged
[job(353): 2016-09-09 20:11:42] [Tune-x] 24: C=3.37e+03; sigma=0.00592
[job(353): 2016-09-09 20:11:42] [Tune-y] 24: acc.test.mean=0.552; time: 0.0 min; memory: 117Mb use, 185Mb max
[job(353): 2016-09-09 20:11:42] 
[job(353): 2016-09-09 20:11:42] optimisation start
[job(353): 2016-09-09 20:11:42] ------------------
[job(353): 2016-09-09 20:11:42] * estimation method   : MLE 
[job(353): 2016-09-09 20:11:42] * optimisation method : BFGS 
[job(353): 2016-09-09 20:11:42] * analytical gradient : used
[job(353): 2016-09-09 20:11:42] * trend model : ~1
[job(353): 2016-09-09 20:11:42] * covariance model : 
[job(353): 2016-09-09 20:11:42]   - type :  matern5_2 
[job(353): 2016-09-09 20:11:42]   - nugget : NO
[job(353): 2016-09-09 20:11:42]   - parameters lower bounds :  1e-10 1e-10 
[job(353): 2016-09-09 20:11:42]   - parameters upper bounds :  47.05223 47.59946 
[job(353): 2016-09-09 20:11:42]   - best initial criterion value(s) :  13.04189 
[job(353): 2016-09-09 20:11:42] 
[job(353): 2016-09-09 20:11:42] N = 2, M = 5 machine precision = 2.22045e-16
[job(353): 2016-09-09 20:11:42] At X0, 0 variables are exactly at the bounds
[job(353): 2016-09-09 20:11:42] At iterate     0  f=      -13.042  |proj g|=      0.32206
[job(353): 2016-09-09 20:11:42] At iterate     1  f =      -13.119  |proj g|=       0.76496
[job(353): 2016-09-09 20:11:42] At iterate     2  f =      -13.333  |proj g|=        1.1933
[job(353): 2016-09-09 20:11:42] At iterate     3  f =      -13.785  |proj g|=        1.3938
[job(353): 2016-09-09 20:11:42] At iterate     4  f =      -13.899  |proj g|=       0.38998
[job(353): 2016-09-09 20:11:42] At iterate     5  f =      -13.913  |proj g|=       0.41273
[job(353): 2016-09-09 20:11:42] At iterate     6  f =      -13.924  |proj g|=      0.066483
[job(353): 2016-09-09 20:11:42] At iterate     7  f =      -13.924  |proj g|=     0.0076932
[job(353): 2016-09-09 20:11:42] At iterate     8  f =      -13.924  |proj g|=    0.00035937
[job(353): 2016-09-09 20:11:42] At iterate     9  f =      -13.924  |proj g|=    8.9976e-07
[job(353): 2016-09-09 20:11:42] 
[job(353): 2016-09-09 20:11:42] iterations 9
[job(353): 2016-09-09 20:11:42] function evaluations 11
[job(353): 2016-09-09 20:11:42] segments explored during Cauchy searches 9
[job(353): 2016-09-09 20:11:42] BFGS updates skipped 0
[job(353): 2016-09-09 20:11:42] active bounds at final generalized Cauchy point 0
[job(353): 2016-09-09 20:11:42] norm of the final projected gradient 8.99756e-07
[job(353): 2016-09-09 20:11:42] final function value -13.9241
[job(353): 2016-09-09 20:11:42] 
[job(353): 2016-09-09 20:11:42] F = -13.9241
[job(353): 2016-09-09 20:11:42] final  value -13.924120 
[job(353): 2016-09-09 20:11:42] converged
[job(353): 2016-09-09 20:11:42] [Tune-x] 25: C=1.63; sigma=0.0706
[job(353): 2016-09-09 20:11:42] [Tune-y] 25: acc.test.mean= 0.7; time: 0.0 min; memory: 117Mb use, 185Mb max
[job(353): 2016-09-09 20:11:42] 
[job(353): 2016-09-09 20:11:42] optimisation start
[job(353): 2016-09-09 20:11:42] ------------------
[job(353): 2016-09-09 20:11:42] * estimation method   : MLE 
[job(353): 2016-09-09 20:11:42] * optimisation method : BFGS 
[job(353): 2016-09-09 20:11:42] * analytical gradient : used
[job(353): 2016-09-09 20:11:42] * trend model : ~1
[job(353): 2016-09-09 20:11:42] * covariance model : 
[job(353): 2016-09-09 20:11:42]   - type :  matern5_2 
[job(353): 2016-09-09 20:11:42]   - nugget : NO
[job(353): 2016-09-09 20:11:42]   - parameters lower bounds :  1e-10 1e-10 
[job(353): 2016-09-09 20:11:42]   - parameters upper bounds :  47.05223 47.59946 
[job(353): 2016-09-09 20:11:42]   - best initial criterion value(s) :  -23.23846 
[job(353): 2016-09-09 20:11:42] 
[job(353): 2016-09-09 20:11:42] N = 2, M = 5 machine precision = 2.22045e-16
[job(353): 2016-09-09 20:11:42] At X0, 0 variables are exactly at the bounds
[job(353): 2016-09-09 20:11:42] At iterate     0  f=       23.238  |proj g|=        3.853
[job(353): 2016-09-09 20:11:42] At iterate     1  f =       13.332  |proj g|=         4.314
[job(353): 2016-09-09 20:11:42] At iterate     2  f =      -13.578  |proj g|=             0
[job(353): 2016-09-09 20:11:42] 
[job(353): 2016-09-09 20:11:42] iterations 2
[job(353): 2016-09-09 20:11:42] function evaluations 3
[job(353): 2016-09-09 20:11:42] segments explored during Cauchy searches 2
[job(353): 2016-09-09 20:11:42] BFGS updates skipped 0
[job(353): 2016-09-09 20:11:42] active bounds at final generalized Cauchy point 0
[job(353): 2016-09-09 20:11:42] norm of the final projected gradient 0
[job(353): 2016-09-09 20:11:42] final function value -13.5784
[job(353): 2016-09-09 20:11:42] 
[job(353): 2016-09-09 20:11:42] F = -13.5784
[job(353): 2016-09-09 20:11:42] final  value -13.578433 
[job(353): 2016-09-09 20:11:42] converged
[job(353): 2016-09-09 20:11:42] [Tune-x] 26: C=0.0265; sigma=3.1
[job(353): 2016-09-09 20:11:42] [Tune-y] 26: acc.test.mean=0.56; time: 0.0 min; memory: 117Mb use, 185Mb max
[job(353): 2016-09-09 20:11:42] 
[job(353): 2016-09-09 20:11:42] optimisation start
[job(353): 2016-09-09 20:11:42] ------------------
[job(353): 2016-09-09 20:11:42] * estimation method   : MLE 
[job(353): 2016-09-09 20:11:42] * optimisation method : BFGS 
[job(353): 2016-09-09 20:11:42] * analytical gradient : used
[job(353): 2016-09-09 20:11:42] * trend model : ~1
[job(353): 2016-09-09 20:11:42] * covariance model : 
[job(353): 2016-09-09 20:11:42]   - type :  matern5_2 
[job(353): 2016-09-09 20:11:42]   - nugget : NO
[job(353): 2016-09-09 20:11:42]   - parameters lower bounds :  1e-10 1e-10 
[job(353): 2016-09-09 20:11:42]   - parameters upper bounds :  47.05223 47.59946 
[job(353): 2016-09-09 20:11:42]   - best initial criterion value(s) :  -37.68716 
[job(353): 2016-09-09 20:11:42] 
[job(353): 2016-09-09 20:11:42] N = 2, M = 5 machine precision = 2.22045e-16
[job(353): 2016-09-09 20:11:42] At X0, 0 variables are exactly at the bounds
[job(353): 2016-09-09 20:11:42] At iterate     0  f=       37.687  |proj g|=       2.8704
[job(353): 2016-09-09 20:11:42] At iterate     1  f =       27.434  |proj g|=        4.3012
[job(353): 2016-09-09 20:11:42] ys=-4.152e+00  -gs= 8.353e+00, BFGS update SKIPPED
[job(353): 2016-09-09 20:11:42] At iterate     2  f =       8.9427  |proj g|=        4.5303
[job(353): 2016-09-09 20:11:42] At iterate     3  f =      -14.606  |proj g|=             0
[job(353): 2016-09-09 20:11:42] 
[job(353): 2016-09-09 20:11:42] iterations 3
[job(353): 2016-09-09 20:11:42] function evaluations 4
[job(353): 2016-09-09 20:11:42] segments explored during Cauchy searches 3
[job(353): 2016-09-09 20:11:42] BFGS updates skipped 1
[job(353): 2016-09-09 20:11:42] active bounds at final generalized Cauchy point 0
[job(353): 2016-09-09 20:11:42] norm of the final projected gradient 0
[job(353): 2016-09-09 20:11:42] final function value -14.6064
[job(353): 2016-09-09 20:11:42] 
[job(353): 2016-09-09 20:11:42] F = -14.6064
[job(353): 2016-09-09 20:11:42] final  value -14.606410 
[job(353): 2016-09-09 20:11:42] converged
[job(353): 2016-09-09 20:11:42] [Tune-x] 27: C=3.04; sigma=61.8
[job(353): 2016-09-09 20:11:42] [Tune-y] 27: acc.test.mean=0.368; time: 0.0 min; memory: 117Mb use, 185Mb max
[job(353): 2016-09-09 20:11:42] 
[job(353): 2016-09-09 20:11:42] optimisation start
[job(353): 2016-09-09 20:11:42] ------------------
[job(353): 2016-09-09 20:11:42] * estimation method   : MLE 
[job(353): 2016-09-09 20:11:42] * optimisation method : BFGS 
[job(353): 2016-09-09 20:11:42] * analytical gradient : used
[job(353): 2016-09-09 20:11:42] * trend model : ~1
[job(353): 2016-09-09 20:11:42] * covariance model : 
[job(353): 2016-09-09 20:11:42]   - type :  matern5_2 
[job(353): 2016-09-09 20:11:42]   - nugget : NO
[job(353): 2016-09-09 20:11:42]   - parameters lower bounds :  1e-10 1e-10 
[job(353): 2016-09-09 20:11:42]   - parameters upper bounds :  47.05223 47.59946 
[job(353): 2016-09-09 20:11:42]   - best initial criterion value(s) :  5.833545 
[job(353): 2016-09-09 20:11:42] 
[job(353): 2016-09-09 20:11:42] N = 2, M = 5 machine precision = 2.22045e-16
[job(353): 2016-09-09 20:11:42] At X0, 0 variables are exactly at the bounds
[job(353): 2016-09-09 20:11:42] At iterate     0  f=      -5.8335  |proj g|=      0.67894
[job(353): 2016-09-09 20:11:42] At iterate     1  f =      -15.007  |proj g|=             0
[job(353): 2016-09-09 20:11:42] 
[job(353): 2016-09-09 20:11:42] iterations 1
[job(353): 2016-09-09 20:11:42] function evaluations 2
[job(353): 2016-09-09 20:11:42] segments explored during Cauchy searches 2
[job(353): 2016-09-09 20:11:42] BFGS updates skipped 0
[job(353): 2016-09-09 20:11:42] active bounds at final generalized Cauchy point 1
[job(353): 2016-09-09 20:11:42] norm of the final projected gradient 0
[job(353): 2016-09-09 20:11:42] final function value -15.0071
[job(353): 2016-09-09 20:11:42] 
[job(353): 2016-09-09 20:11:42] F = -15.0071
[job(353): 2016-09-09 20:11:42] final  value -15.007130 
[job(353): 2016-09-09 20:11:42] converged
[job(353): 2016-09-09 20:11:42] [Tune-x] 28: C=453; sigma=0.00274
[job(353): 2016-09-09 20:11:42] [Tune-y] 28: acc.test.mean=0.556; time: 0.0 min; memory: 117Mb use, 185Mb max
[job(353): 2016-09-09 20:11:42] 
[job(353): 2016-09-09 20:11:42] optimisation start
[job(353): 2016-09-09 20:11:42] ------------------
[job(353): 2016-09-09 20:11:42] * estimation method   : MLE 
[job(353): 2016-09-09 20:11:42] * optimisation method : BFGS 
[job(353): 2016-09-09 20:11:42] * analytical gradient : used
[job(353): 2016-09-09 20:11:42] * trend model : ~1
[job(353): 2016-09-09 20:11:42] * covariance model : 
[job(353): 2016-09-09 20:11:42]   - type :  matern5_2 
[job(353): 2016-09-09 20:11:42]   - nugget : NO
[job(353): 2016-09-09 20:11:42]   - parameters lower bounds :  1e-10 1e-10 
[job(353): 2016-09-09 20:11:42]   - parameters upper bounds :  47.05223 47.59946 
[job(353): 2016-09-09 20:11:42]   - best initial criterion value(s) :  15.95487 
[job(353): 2016-09-09 20:11:42] 
[job(353): 2016-09-09 20:11:42] N = 2, M = 5 machine precision = 2.22045e-16
[job(353): 2016-09-09 20:11:42] At X0, 0 variables are exactly at the bounds
[job(353): 2016-09-09 20:11:42] At iterate     0  f=      -15.955  |proj g|=     0.020902
[job(353): 2016-09-09 20:11:42] At iterate     1  f =      -16.045  |proj g|=             0
[job(353): 2016-09-09 20:11:42] 
[job(353): 2016-09-09 20:11:42] iterations 1
[job(353): 2016-09-09 20:11:42] function evaluations 2
[job(353): 2016-09-09 20:11:42] segments explored during Cauchy searches 2
[job(353): 2016-09-09 20:11:42] BFGS updates skipped 0
[job(353): 2016-09-09 20:11:42] active bounds at final generalized Cauchy point 1
[job(353): 2016-09-09 20:11:42] norm of the final projected gradient 0
[job(353): 2016-09-09 20:11:42] final function value -16.045
[job(353): 2016-09-09 20:11:42] 
[job(353): 2016-09-09 20:11:42] F = -16.045
[job(353): 2016-09-09 20:11:42] final  value -16.044988 
[job(353): 2016-09-09 20:11:42] converged
[job(353): 2016-09-09 20:11:42] [Tune] Result: C=1.51; sigma=0.104 : acc.test.mean=-0.705
[job(353): 2016-09-09 20:11:42] Job terminated successfully
[job(chunk): 2016-09-09 20:11:43] Calculation finished!
