[job(chunk): 2016-09-10 00:39:44] Starting calculation of 1 jobs
[job(chunk): 2016-09-10 00:39:44] Setting working directory to '/naslx/projects/pr74ze/ri89coc2/svm_comparison'
[job(chunk): 2016-09-10 00:39:44] Memory measurement disabled
[job(1263): 2016-09-10 00:39:47] Starting job with job.id=1263
[job(1263): 2016-09-10 00:40:51] Generating problem instance for problem '1549' ...
[job(1263): 2016-09-10 00:40:51] Downloading from 'http://www.openml.org/api/v1/data/1549' to '/tmp/ri89coc2/Rtmp2xEJNT/cache/datasets/1549/description.xml'.
[job(1263): 2016-09-10 00:40:51] Downloading from 'http://www.openml.org/data/download/1593745/phputZAUn' to '/tmp/ri89coc2/Rtmp2xEJNT/cache/datasets/1549/dataset.arff'
[job(1263): 2016-09-10 00:40:51] Loading required package: readr
[job(1263): 2016-09-10 00:40:51] Applying algorithm 'C-svc.tuned' on problem '1549' ...
[job(1263): 2016-09-10 00:40:51] Data '1549' file 'description.xml' found in cache.
[job(1263): 2016-09-10 00:40:51] Data '1549' file 'dataset.arff' found in cache.
[job(1263): 2016-09-10 00:40:51] [Tune] Started tuning learner C-svc for parameter set:
[job(1263): 2016-09-10 00:40:51]          Type len Def    Constr Req Tunable Trafo
[job(1263): 2016-09-10 00:40:51] C     numeric   -   - -12 to 12   -    TRUE     Y
[job(1263): 2016-09-10 00:40:51] sigma numeric   -   - -12 to 12   -    TRUE     Y
[job(1263): 2016-09-10 00:40:51] With control class: TuneControlMBO
[job(1263): 2016-09-10 00:40:51] Imputation value: -0
[job(1263): 2016-09-10 00:40:51] [Tune-x] 1: C=0.905; sigma=3.73
[job(1263): 2016-09-10 00:40:51] [Tune-y] 1: acc.test.mean=0.199; time: 0.0 min; memory: 113Mb use, 153Mb max
[job(1263): 2016-09-10 00:40:51] [Tune-x] 2: C=752; sigma=0.096
[job(1263): 2016-09-10 00:40:51] [Tune-y] 2: acc.test.mean=0.227; time: 0.0 min; memory: 113Mb use, 153Mb max
[job(1263): 2016-09-10 00:40:51] [Tune-x] 3: C=0.0196; sigma=16.7
[job(1263): 2016-09-10 00:40:51] [Tune-y] 3: acc.test.mean=0.221; time: 0.0 min; memory: 113Mb use, 153Mb max
[job(1263): 2016-09-10 00:40:51] [Tune-x] 4: C=215; sigma=503
[job(1263): 2016-09-10 00:40:51] [Tune-y] 4: acc.test.mean=0.221; time: 0.0 min; memory: 113Mb use, 153Mb max
[job(1263): 2016-09-10 00:40:51] [Tune-x] 5: C=1.1; sigma=0.000259
[job(1263): 2016-09-10 00:40:51] [Tune-y] 5: acc.test.mean=0.221; time: 0.0 min; memory: 113Mb use, 159Mb max
[job(1263): 2016-09-10 00:40:51] [Tune-x] 6: C=0.00427; sigma=0.00522
[job(1263): 2016-09-10 00:40:51] [Tune-y] 6: acc.test.mean=0.221; time: 0.0 min; memory: 113Mb use, 159Mb max
[job(1263): 2016-09-10 00:40:51] [Tune-x] 7: C=0.000791; sigma=585
[job(1263): 2016-09-10 00:40:51] [Tune-y] 7: acc.test.mean=0.221; time: 0.0 min; memory: 113Mb use, 159Mb max
[job(1263): 2016-09-10 00:40:51] [Tune-x] 8: C=17.3; sigma=0.288
[job(1263): 2016-09-10 00:40:51] [Tune-y] 8: acc.test.mean=0.221; time: 0.0 min; memory: 113Mb use, 159Mb max
[job(1263): 2016-09-10 00:40:51] 
[job(1263): 2016-09-10 00:40:51] optimisation start
[job(1263): 2016-09-10 00:40:51] ------------------
[job(1263): 2016-09-10 00:40:51] * estimation method   : MLE 
[job(1263): 2016-09-10 00:40:51] * optimisation method : BFGS 
[job(1263): 2016-09-10 00:40:51] * analytical gradient : used
[job(1263): 2016-09-10 00:40:51] * trend model : ~1
[job(1263): 2016-09-10 00:40:51] * covariance model : 
[job(1263): 2016-09-10 00:40:51]   - type :  matern5_2 
[job(1263): 2016-09-10 00:40:51]   - nugget : NO
[job(1263): 2016-09-10 00:40:51]   - parameters lower bounds :  1e-10 1e-10 
[job(1263): 2016-09-10 00:40:51]   - parameters upper bounds :  39.71832 42.20859 
[job(1263): 2016-09-10 00:40:51]   - best initial criterion value(s) :  26.71181 
[job(1263): 2016-09-10 00:40:51] 
[job(1263): 2016-09-10 00:40:51] N = 2, M = 5 machine precision = 2.22045e-16
[job(1263): 2016-09-10 00:40:51] At X0, 0 variables are exactly at the bounds
[job(1263): 2016-09-10 00:40:51] At iterate     0  f=      -26.712  |proj g|=       0.3596
[job(1263): 2016-09-10 00:40:51] At iterate     1  f =        -26.9  |proj g|=         0.321
[job(1263): 2016-09-10 00:40:51] At iterate     2  f =      -27.404  |proj g|=             0
[job(1263): 2016-09-10 00:40:51] 
[job(1263): 2016-09-10 00:40:51] iterations 2
[job(1263): 2016-09-10 00:40:51] function evaluations 3
[job(1263): 2016-09-10 00:40:51] segments explored during Cauchy searches 2
[job(1263): 2016-09-10 00:40:51] BFGS updates skipped 0
[job(1263): 2016-09-10 00:40:51] active bounds at final generalized Cauchy point 0
[job(1263): 2016-09-10 00:40:51] norm of the final projected gradient 0
[job(1263): 2016-09-10 00:40:51] final function value -27.404
[job(1263): 2016-09-10 00:40:51] 
[job(1263): 2016-09-10 00:40:51] F = -27.404
[job(1263): 2016-09-10 00:40:51] final  value -27.404032 
[job(1263): 2016-09-10 00:40:51] converged
[job(1263): 2016-09-10 00:40:51] [Tune-x] 9: C=0.0153; sigma=1.14e+03
[job(1263): 2016-09-10 00:40:51] [Tune-y] 9: acc.test.mean= 0.2; time: 0.0 min; memory: 117Mb use, 159Mb max
[job(1263): 2016-09-10 00:40:51] 
[job(1263): 2016-09-10 00:40:51] optimisation start
[job(1263): 2016-09-10 00:40:51] ------------------
[job(1263): 2016-09-10 00:40:51] * estimation method   : MLE 
[job(1263): 2016-09-10 00:40:51] * optimisation method : BFGS 
[job(1263): 2016-09-10 00:40:51] * analytical gradient : used
[job(1263): 2016-09-10 00:40:51] * trend model : ~1
[job(1263): 2016-09-10 00:40:51] * covariance model : 
[job(1263): 2016-09-10 00:40:51]   - type :  matern5_2 
[job(1263): 2016-09-10 00:40:51]   - nugget : NO
[job(1263): 2016-09-10 00:40:51]   - parameters lower bounds :  1e-10 1e-10 
[job(1263): 2016-09-10 00:40:51]   - parameters upper bounds :  39.71832 44.13813 
[job(1263): 2016-09-10 00:40:51]   - best initial criterion value(s) :  29.45614 
[job(1263): 2016-09-10 00:40:51] 
[job(1263): 2016-09-10 00:40:51] N = 2, M = 5 machine precision = 2.22045e-16
[job(1263): 2016-09-10 00:40:51] At X0, 0 variables are exactly at the bounds
[job(1263): 2016-09-10 00:40:51] At iterate     0  f=      -29.456  |proj g|=      0.83933
[job(1263): 2016-09-10 00:40:51] At iterate     1  f =      -29.509  |proj g|=      0.026274
[job(1263): 2016-09-10 00:40:51] At iterate     2  f =      -29.509  |proj g|=     0.0089692
[job(1263): 2016-09-10 00:40:51] At iterate     3  f =      -29.509  |proj g|=     0.0089493
[job(1263): 2016-09-10 00:40:51] At iterate     4  f =      -29.509  |proj g|=      0.020956
[job(1263): 2016-09-10 00:40:51] At iterate     5  f =      -29.509  |proj g|=      0.043955
[job(1263): 2016-09-10 00:40:51] At iterate     6  f =       -29.51  |proj g|=      0.084982
[job(1263): 2016-09-10 00:40:51] At iterate     7  f =      -29.511  |proj g|=       0.14879
[job(1263): 2016-09-10 00:40:51] At iterate     8  f =      -29.515  |proj g|=       0.25136
[job(1263): 2016-09-10 00:40:51] At iterate     9  f =      -29.522  |proj g|=       0.29654
[job(1263): 2016-09-10 00:40:51] At iterate    10  f =      -29.526  |proj g|=       0.19035
[job(1263): 2016-09-10 00:40:51] At iterate    11  f =      -29.528  |proj g|=     0.0061181
[job(1263): 2016-09-10 00:40:51] At iterate    12  f =      -29.528  |proj g|=    0.00014455
[job(1263): 2016-09-10 00:40:51] At iterate    13  f =      -29.528  |proj g|=    1.1885e-07
[job(1263): 2016-09-10 00:40:51] 
[job(1263): 2016-09-10 00:40:51] iterations 13
[job(1263): 2016-09-10 00:40:51] function evaluations 15
[job(1263): 2016-09-10 00:40:51] segments explored during Cauchy searches 13
[job(1263): 2016-09-10 00:40:51] BFGS updates skipped 0
[job(1263): 2016-09-10 00:40:51] active bounds at final generalized Cauchy point 1
[job(1263): 2016-09-10 00:40:51] norm of the final projected gradient 1.18851e-07
[job(1263): 2016-09-10 00:40:51] final function value -29.5284
[job(1263): 2016-09-10 00:40:51] 
[job(1263): 2016-09-10 00:40:51] F = -29.5284
[job(1263): 2016-09-10 00:40:51] final  value -29.528361 
[job(1263): 2016-09-10 00:40:51] converged
[job(1263): 2016-09-10 00:40:51] [Tune-x] 10: C=756; sigma=0.0961
[job(1263): 2016-09-10 00:40:51] [Tune-y] 10: acc.test.mean=0.209; time: 0.0 min; memory: 117Mb use, 159Mb max
[job(1263): 2016-09-10 00:40:51] 
[job(1263): 2016-09-10 00:40:51] optimisation start
[job(1263): 2016-09-10 00:40:51] ------------------
[job(1263): 2016-09-10 00:40:51] * estimation method   : MLE 
[job(1263): 2016-09-10 00:40:51] * optimisation method : BFGS 
[job(1263): 2016-09-10 00:40:51] * analytical gradient : used
[job(1263): 2016-09-10 00:40:51] * trend model : ~1
[job(1263): 2016-09-10 00:40:51] * covariance model : 
[job(1263): 2016-09-10 00:40:51]   - type :  matern5_2 
[job(1263): 2016-09-10 00:40:51]   - nugget : NO
[job(1263): 2016-09-10 00:40:51]   - parameters lower bounds :  1e-10 1e-10 
[job(1263): 2016-09-10 00:40:51]   - parameters upper bounds :  39.73311 44.13813 
[job(1263): 2016-09-10 00:40:51]   - best initial criterion value(s) :  -6.254432 
[job(1263): 2016-09-10 00:40:51] 
[job(1263): 2016-09-10 00:40:51] N = 2, M = 5 machine precision = 2.22045e-16
[job(1263): 2016-09-10 00:40:51] At X0, 0 variables are exactly at the bounds
[job(1263): 2016-09-10 00:40:51] At iterate     0  f=       6.2544  |proj g|=       1.3338
[job(1263): 2016-09-10 00:40:51] At iterate     1  f =      -32.613  |proj g|=             0
[job(1263): 2016-09-10 00:40:51] 
[job(1263): 2016-09-10 00:40:51] iterations 1
[job(1263): 2016-09-10 00:40:51] function evaluations 2
[job(1263): 2016-09-10 00:40:51] segments explored during Cauchy searches 2
[job(1263): 2016-09-10 00:40:51] BFGS updates skipped 0
[job(1263): 2016-09-10 00:40:51] active bounds at final generalized Cauchy point 1
[job(1263): 2016-09-10 00:40:51] norm of the final projected gradient 0
[job(1263): 2016-09-10 00:40:51] final function value -32.6131
[job(1263): 2016-09-10 00:40:51] 
[job(1263): 2016-09-10 00:40:51] F = -32.6131
[job(1263): 2016-09-10 00:40:51] final  value -32.613082 
[job(1263): 2016-09-10 00:40:51] converged
[job(1263): 2016-09-10 00:40:51] [Tune-x] 11: C=0.00981; sigma=0.0152
[job(1263): 2016-09-10 00:40:51] [Tune-y] 11: acc.test.mean=0.221; time: 0.0 min; memory: 117Mb use, 159Mb max
[job(1263): 2016-09-10 00:40:51] 
[job(1263): 2016-09-10 00:40:51] optimisation start
[job(1263): 2016-09-10 00:40:51] ------------------
[job(1263): 2016-09-10 00:40:51] * estimation method   : MLE 
[job(1263): 2016-09-10 00:40:51] * optimisation method : BFGS 
[job(1263): 2016-09-10 00:40:51] * analytical gradient : used
[job(1263): 2016-09-10 00:40:51] * trend model : ~1
[job(1263): 2016-09-10 00:40:51] * covariance model : 
[job(1263): 2016-09-10 00:40:51]   - type :  matern5_2 
[job(1263): 2016-09-10 00:40:51]   - nugget : NO
[job(1263): 2016-09-10 00:40:51]   - parameters lower bounds :  1e-10 1e-10 
[job(1263): 2016-09-10 00:40:51]   - parameters upper bounds :  39.73311 44.13813 
[job(1263): 2016-09-10 00:40:51]   - best initial criterion value(s) :  10.26309 
[job(1263): 2016-09-10 00:40:51] 
[job(1263): 2016-09-10 00:40:51] N = 2, M = 5 machine precision = 2.22045e-16
[job(1263): 2016-09-10 00:40:51] At X0, 0 variables are exactly at the bounds
[job(1263): 2016-09-10 00:40:51] At iterate     0  f=      -10.263  |proj g|=      0.22564
[job(1263): 2016-09-10 00:40:51] At iterate     1  f =      -36.261  |proj g|=             0
[job(1263): 2016-09-10 00:40:51] 
[job(1263): 2016-09-10 00:40:51] iterations 1
[job(1263): 2016-09-10 00:40:51] function evaluations 2
[job(1263): 2016-09-10 00:40:51] segments explored during Cauchy searches 2
[job(1263): 2016-09-10 00:40:51] BFGS updates skipped 0
[job(1263): 2016-09-10 00:40:51] active bounds at final generalized Cauchy point 1
[job(1263): 2016-09-10 00:40:51] norm of the final projected gradient 0
[job(1263): 2016-09-10 00:40:51] final function value -36.2615
[job(1263): 2016-09-10 00:40:51] 
[job(1263): 2016-09-10 00:40:51] F = -36.2615
[job(1263): 2016-09-10 00:40:51] final  value -36.261453 
[job(1263): 2016-09-10 00:40:51] converged
[job(1263): 2016-09-10 00:40:51] [Tune-x] 12: C=0.00048; sigma=1.55e+03
[job(1263): 2016-09-10 00:40:51] [Tune-y] 12: acc.test.mean=0.221; time: 0.0 min; memory: 117Mb use, 159Mb max
[job(1263): 2016-09-10 00:40:51] 
[job(1263): 2016-09-10 00:40:51] optimisation start
[job(1263): 2016-09-10 00:40:51] ------------------
[job(1263): 2016-09-10 00:40:51] * estimation method   : MLE 
[job(1263): 2016-09-10 00:40:51] * optimisation method : BFGS 
[job(1263): 2016-09-10 00:40:51] * analytical gradient : used
[job(1263): 2016-09-10 00:40:51] * trend model : ~1
[job(1263): 2016-09-10 00:40:51] * covariance model : 
[job(1263): 2016-09-10 00:40:51]   - type :  matern5_2 
[job(1263): 2016-09-10 00:40:51]   - nugget : NO
[job(1263): 2016-09-10 00:40:51]   - parameters lower bounds :  1e-10 1e-10 
[job(1263): 2016-09-10 00:40:51]   - parameters upper bounds :  41.17338 45.01885 
[job(1263): 2016-09-10 00:40:51]   - best initial criterion value(s) :  -10.06528 
[job(1263): 2016-09-10 00:40:51] 
[job(1263): 2016-09-10 00:40:51] N = 2, M = 5 machine precision = 2.22045e-16
[job(1263): 2016-09-10 00:40:51] At X0, 0 variables are exactly at the bounds
[job(1263): 2016-09-10 00:40:51] At iterate     0  f=       10.065  |proj g|=      0.60742
[job(1263): 2016-09-10 00:40:51] At iterate     1  f =      -39.958  |proj g|=             0
[job(1263): 2016-09-10 00:40:51] 
[job(1263): 2016-09-10 00:40:51] iterations 1
[job(1263): 2016-09-10 00:40:51] function evaluations 2
[job(1263): 2016-09-10 00:40:51] segments explored during Cauchy searches 2
[job(1263): 2016-09-10 00:40:51] BFGS updates skipped 0
[job(1263): 2016-09-10 00:40:51] active bounds at final generalized Cauchy point 1
[job(1263): 2016-09-10 00:40:51] norm of the final projected gradient 0
[job(1263): 2016-09-10 00:40:51] final function value -39.9581
[job(1263): 2016-09-10 00:40:51] 
[job(1263): 2016-09-10 00:40:51] F = -39.9581
[job(1263): 2016-09-10 00:40:51] final  value -39.958129 
[job(1263): 2016-09-10 00:40:51] converged
[job(1263): 2016-09-10 00:40:51] [Tune-x] 13: C=377; sigma=16.9
[job(1263): 2016-09-10 00:40:51] [Tune-y] 13: acc.test.mean=0.221; time: 0.0 min; memory: 117Mb use, 159Mb max
[job(1263): 2016-09-10 00:40:51] 
[job(1263): 2016-09-10 00:40:51] optimisation start
[job(1263): 2016-09-10 00:40:51] ------------------
[job(1263): 2016-09-10 00:40:51] * estimation method   : MLE 
[job(1263): 2016-09-10 00:40:51] * optimisation method : BFGS 
[job(1263): 2016-09-10 00:40:51] * analytical gradient : used
[job(1263): 2016-09-10 00:40:51] * trend model : ~1
[job(1263): 2016-09-10 00:40:51] * covariance model : 
[job(1263): 2016-09-10 00:40:51]   - type :  matern5_2 
[job(1263): 2016-09-10 00:40:51]   - nugget : NO
[job(1263): 2016-09-10 00:40:51]   - parameters lower bounds :  1e-10 1e-10 
[job(1263): 2016-09-10 00:40:51]   - parameters upper bounds :  41.17338 45.01885 
[job(1263): 2016-09-10 00:40:51]   - best initial criterion value(s) :  15.8079 
[job(1263): 2016-09-10 00:40:51] 
[job(1263): 2016-09-10 00:40:51] N = 2, M = 5 machine precision = 2.22045e-16
[job(1263): 2016-09-10 00:40:51] At X0, 0 variables are exactly at the bounds
[job(1263): 2016-09-10 00:40:51] At iterate     0  f=      -15.808  |proj g|=      0.17303
[job(1263): 2016-09-10 00:40:51] At iterate     1  f =      -43.699  |proj g|=             0
[job(1263): 2016-09-10 00:40:51] 
[job(1263): 2016-09-10 00:40:51] iterations 1
[job(1263): 2016-09-10 00:40:51] function evaluations 2
[job(1263): 2016-09-10 00:40:51] segments explored during Cauchy searches 2
[job(1263): 2016-09-10 00:40:51] BFGS updates skipped 0
[job(1263): 2016-09-10 00:40:51] active bounds at final generalized Cauchy point 1
[job(1263): 2016-09-10 00:40:51] norm of the final projected gradient 0
[job(1263): 2016-09-10 00:40:51] final function value -43.6986
[job(1263): 2016-09-10 00:40:51] 
[job(1263): 2016-09-10 00:40:51] F = -43.6986
[job(1263): 2016-09-10 00:40:51] final  value -43.698578 
[job(1263): 2016-09-10 00:40:51] converged
[job(1263): 2016-09-10 00:40:51] [Tune-x] 14: C=0.0659; sigma=819
[job(1263): 2016-09-10 00:40:51] [Tune-y] 14: acc.test.mean=0.221; time: 0.0 min; memory: 117Mb use, 159Mb max
[job(1263): 2016-09-10 00:40:51] 
[job(1263): 2016-09-10 00:40:51] optimisation start
[job(1263): 2016-09-10 00:40:51] ------------------
[job(1263): 2016-09-10 00:40:51] * estimation method   : MLE 
[job(1263): 2016-09-10 00:40:51] * optimisation method : BFGS 
[job(1263): 2016-09-10 00:40:51] * analytical gradient : used
[job(1263): 2016-09-10 00:40:51] * trend model : ~1
[job(1263): 2016-09-10 00:40:51] * covariance model : 
[job(1263): 2016-09-10 00:40:51]   - type :  matern5_2 
[job(1263): 2016-09-10 00:40:51]   - nugget : NO
[job(1263): 2016-09-10 00:40:51]   - parameters lower bounds :  1e-10 1e-10 
[job(1263): 2016-09-10 00:40:51]   - parameters upper bounds :  41.17338 45.01885 
[job(1263): 2016-09-10 00:40:51]   - best initial criterion value(s) :  -6.87156 
[job(1263): 2016-09-10 00:40:51] 
[job(1263): 2016-09-10 00:40:51] N = 2, M = 5 machine precision = 2.22045e-16
[job(1263): 2016-09-10 00:40:51] At X0, 0 variables are exactly at the bounds
[job(1263): 2016-09-10 00:40:51] At iterate     0  f=       6.8716  |proj g|=       1.1707
[job(1263): 2016-09-10 00:40:51] At iterate     1  f =      -47.479  |proj g|=             0
[job(1263): 2016-09-10 00:40:51] 
[job(1263): 2016-09-10 00:40:51] iterations 1
[job(1263): 2016-09-10 00:40:51] function evaluations 2
[job(1263): 2016-09-10 00:40:51] segments explored during Cauchy searches 2
[job(1263): 2016-09-10 00:40:51] BFGS updates skipped 0
[job(1263): 2016-09-10 00:40:51] active bounds at final generalized Cauchy point 1
[job(1263): 2016-09-10 00:40:51] norm of the final projected gradient 0
[job(1263): 2016-09-10 00:40:51] final function value -47.4791
[job(1263): 2016-09-10 00:40:51] 
[job(1263): 2016-09-10 00:40:51] F = -47.4791
[job(1263): 2016-09-10 00:40:51] final  value -47.479089 
[job(1263): 2016-09-10 00:40:51] converged
[job(1263): 2016-09-10 00:40:51] [Tune-x] 15: C=17.4; sigma=0.466
[job(1263): 2016-09-10 00:40:51] [Tune-y] 15: acc.test.mean= 0.2; time: 0.0 min; memory: 117Mb use, 159Mb max
[job(1263): 2016-09-10 00:40:51] 
[job(1263): 2016-09-10 00:40:51] optimisation start
[job(1263): 2016-09-10 00:40:51] ------------------
[job(1263): 2016-09-10 00:40:51] * estimation method   : MLE 
[job(1263): 2016-09-10 00:40:51] * optimisation method : BFGS 
[job(1263): 2016-09-10 00:40:51] * analytical gradient : used
[job(1263): 2016-09-10 00:40:51] * trend model : ~1
[job(1263): 2016-09-10 00:40:51] * covariance model : 
[job(1263): 2016-09-10 00:40:51]   - type :  matern5_2 
[job(1263): 2016-09-10 00:40:51]   - nugget : NO
[job(1263): 2016-09-10 00:40:51]   - parameters lower bounds :  1e-10 1e-10 
[job(1263): 2016-09-10 00:40:51]   - parameters upper bounds :  41.17338 45.01885 
[job(1263): 2016-09-10 00:40:51]   - best initial criterion value(s) :  -14.33796 
[job(1263): 2016-09-10 00:40:51] 
[job(1263): 2016-09-10 00:40:51] N = 2, M = 5 machine precision = 2.22045e-16
[job(1263): 2016-09-10 00:40:51] At X0, 0 variables are exactly at the bounds
[job(1263): 2016-09-10 00:40:51] At iterate     0  f=       14.338  |proj g|=       1.7483
[job(1263): 2016-09-10 00:40:51] At iterate     1  f =       2.0608  |proj g|=       0.96006
[job(1263): 2016-09-10 00:40:51] ys=-2.133e+01  -gs= 3.062e+00, BFGS update SKIPPED
[job(1263): 2016-09-10 00:40:51] At iterate     2  f =      -49.426  |proj g|=             0
[job(1263): 2016-09-10 00:40:51] 
[job(1263): 2016-09-10 00:40:51] iterations 2
[job(1263): 2016-09-10 00:40:51] function evaluations 3
[job(1263): 2016-09-10 00:40:51] segments explored during Cauchy searches 3
[job(1263): 2016-09-10 00:40:51] BFGS updates skipped 1
[job(1263): 2016-09-10 00:40:51] active bounds at final generalized Cauchy point 1
[job(1263): 2016-09-10 00:40:51] norm of the final projected gradient 0
[job(1263): 2016-09-10 00:40:51] final function value -49.4262
[job(1263): 2016-09-10 00:40:51] 
[job(1263): 2016-09-10 00:40:51] F = -49.4262
[job(1263): 2016-09-10 00:40:51] final  value -49.426239 
[job(1263): 2016-09-10 00:40:51] converged
[job(1263): 2016-09-10 00:40:51] [Tune-x] 16: C=0.0181; sigma=566
[job(1263): 2016-09-10 00:40:51] [Tune-y] 16: acc.test.mean=0.221; time: 0.0 min; memory: 117Mb use, 159Mb max
[job(1263): 2016-09-10 00:40:51] 
[job(1263): 2016-09-10 00:40:51] optimisation start
[job(1263): 2016-09-10 00:40:51] ------------------
[job(1263): 2016-09-10 00:40:51] * estimation method   : MLE 
[job(1263): 2016-09-10 00:40:51] * optimisation method : BFGS 
[job(1263): 2016-09-10 00:40:51] * analytical gradient : used
[job(1263): 2016-09-10 00:40:51] * trend model : ~1
[job(1263): 2016-09-10 00:40:51] * covariance model : 
[job(1263): 2016-09-10 00:40:51]   - type :  matern5_2 
[job(1263): 2016-09-10 00:40:51]   - nugget : NO
[job(1263): 2016-09-10 00:40:51]   - parameters lower bounds :  1e-10 1e-10 
[job(1263): 2016-09-10 00:40:51]   - parameters upper bounds :  41.17338 45.01885 
[job(1263): 2016-09-10 00:40:51]   - best initial criterion value(s) :  3.14444 
[job(1263): 2016-09-10 00:40:51] 
[job(1263): 2016-09-10 00:40:51] N = 2, M = 5 machine precision = 2.22045e-16
[job(1263): 2016-09-10 00:40:51] At X0, 0 variables are exactly at the bounds
[job(1263): 2016-09-10 00:40:51] At iterate     0  f=      -3.1444  |proj g|=      0.57888
[job(1263): 2016-09-10 00:40:51] At iterate     1  f =      -53.105  |proj g|=             0
[job(1263): 2016-09-10 00:40:51] 
[job(1263): 2016-09-10 00:40:51] iterations 1
[job(1263): 2016-09-10 00:40:51] function evaluations 2
[job(1263): 2016-09-10 00:40:51] segments explored during Cauchy searches 2
[job(1263): 2016-09-10 00:40:51] BFGS updates skipped 0
[job(1263): 2016-09-10 00:40:51] active bounds at final generalized Cauchy point 1
[job(1263): 2016-09-10 00:40:51] norm of the final projected gradient 0
[job(1263): 2016-09-10 00:40:51] final function value -53.1048
[job(1263): 2016-09-10 00:40:51] 
[job(1263): 2016-09-10 00:40:51] F = -53.1048
[job(1263): 2016-09-10 00:40:51] final  value -53.104795 
[job(1263): 2016-09-10 00:40:51] converged
[job(1263): 2016-09-10 00:40:51] [Tune-x] 17: C=0.185; sigma=742
[job(1263): 2016-09-10 00:40:51] [Tune-y] 17: acc.test.mean=0.221; time: 0.0 min; memory: 117Mb use, 159Mb max
[job(1263): 2016-09-10 00:40:51] 
[job(1263): 2016-09-10 00:40:51] optimisation start
[job(1263): 2016-09-10 00:40:51] ------------------
[job(1263): 2016-09-10 00:40:51] * estimation method   : MLE 
[job(1263): 2016-09-10 00:40:51] * optimisation method : BFGS 
[job(1263): 2016-09-10 00:40:51] * analytical gradient : used
[job(1263): 2016-09-10 00:40:51] * trend model : ~1
[job(1263): 2016-09-10 00:40:51] * covariance model : 
[job(1263): 2016-09-10 00:40:51]   - type :  matern5_2 
[job(1263): 2016-09-10 00:40:51]   - nugget : NO
[job(1263): 2016-09-10 00:40:51]   - parameters lower bounds :  1e-10 1e-10 
[job(1263): 2016-09-10 00:40:51]   - parameters upper bounds :  41.17338 45.01885 
[job(1263): 2016-09-10 00:40:51]   - best initial criterion value(s) :  29.13787 
[job(1263): 2016-09-10 00:40:51] 
[job(1263): 2016-09-10 00:40:51] N = 2, M = 5 machine precision = 2.22045e-16
[job(1263): 2016-09-10 00:40:51] At X0, 0 variables are exactly at the bounds
[job(1263): 2016-09-10 00:40:51] At iterate     0  f=      -29.138  |proj g|=     0.082434
[job(1263): 2016-09-10 00:40:51] At iterate     1  f =      -56.817  |proj g|=             0
[job(1263): 2016-09-10 00:40:51] 
[job(1263): 2016-09-10 00:40:51] iterations 1
[job(1263): 2016-09-10 00:40:51] function evaluations 2
[job(1263): 2016-09-10 00:40:51] segments explored during Cauchy searches 2
[job(1263): 2016-09-10 00:40:51] BFGS updates skipped 0
[job(1263): 2016-09-10 00:40:51] active bounds at final generalized Cauchy point 1
[job(1263): 2016-09-10 00:40:51] norm of the final projected gradient 0
[job(1263): 2016-09-10 00:40:51] final function value -56.8165
[job(1263): 2016-09-10 00:40:51] 
[job(1263): 2016-09-10 00:40:51] F = -56.8165
[job(1263): 2016-09-10 00:40:51] final  value -56.816538 
[job(1263): 2016-09-10 00:40:51] converged
[job(1263): 2016-09-10 00:40:51] [Tune-x] 18: C=0.0345; sigma=0.47
[job(1263): 2016-09-10 00:40:51] [Tune-y] 18: acc.test.mean=0.221; time: 0.0 min; memory: 117Mb use, 159Mb max
[job(1263): 2016-09-10 00:40:51] 
[job(1263): 2016-09-10 00:40:51] optimisation start
[job(1263): 2016-09-10 00:40:51] ------------------
[job(1263): 2016-09-10 00:40:51] * estimation method   : MLE 
[job(1263): 2016-09-10 00:40:51] * optimisation method : BFGS 
[job(1263): 2016-09-10 00:40:51] * analytical gradient : used
[job(1263): 2016-09-10 00:40:51] * trend model : ~1
[job(1263): 2016-09-10 00:40:51] * covariance model : 
[job(1263): 2016-09-10 00:40:51]   - type :  matern5_2 
[job(1263): 2016-09-10 00:40:51]   - nugget : NO
[job(1263): 2016-09-10 00:40:51]   - parameters lower bounds :  1e-10 1e-10 
[job(1263): 2016-09-10 00:40:51]   - parameters upper bounds :  41.17338 45.01885 
[job(1263): 2016-09-10 00:40:51]   - best initial criterion value(s) :  47.72361 
[job(1263): 2016-09-10 00:40:51] 
[job(1263): 2016-09-10 00:40:51] N = 2, M = 5 machine precision = 2.22045e-16
[job(1263): 2016-09-10 00:40:51] At X0, 0 variables are exactly at the bounds
[job(1263): 2016-09-10 00:40:51] At iterate     0  f=      -47.724  |proj g|=     0.013381
[job(1263): 2016-09-10 00:40:51] At iterate     1  f =      -60.559  |proj g|=             0
[job(1263): 2016-09-10 00:40:51] 
[job(1263): 2016-09-10 00:40:51] iterations 1
[job(1263): 2016-09-10 00:40:51] function evaluations 2
[job(1263): 2016-09-10 00:40:51] segments explored during Cauchy searches 2
[job(1263): 2016-09-10 00:40:51] BFGS updates skipped 0
[job(1263): 2016-09-10 00:40:51] active bounds at final generalized Cauchy point 1
[job(1263): 2016-09-10 00:40:51] norm of the final projected gradient 0
[job(1263): 2016-09-10 00:40:51] final function value -60.5593
[job(1263): 2016-09-10 00:40:51] 
[job(1263): 2016-09-10 00:40:51] F = -60.5593
[job(1263): 2016-09-10 00:40:51] final  value -60.559262 
[job(1263): 2016-09-10 00:40:51] converged
[job(1263): 2016-09-10 00:40:51] [Tune-x] 19: C=0.019; sigma=857
[job(1263): 2016-09-10 00:40:51] [Tune-y] 19: acc.test.mean=0.221; time: 0.0 min; memory: 117Mb use, 159Mb max
[job(1263): 2016-09-10 00:40:51] 
[job(1263): 2016-09-10 00:40:51] optimisation start
[job(1263): 2016-09-10 00:40:51] ------------------
[job(1263): 2016-09-10 00:40:51] * estimation method   : MLE 
[job(1263): 2016-09-10 00:40:51] * optimisation method : BFGS 
[job(1263): 2016-09-10 00:40:51] * analytical gradient : used
[job(1263): 2016-09-10 00:40:51] * trend model : ~1
[job(1263): 2016-09-10 00:40:51] * covariance model : 
[job(1263): 2016-09-10 00:40:51]   - type :  matern5_2 
[job(1263): 2016-09-10 00:40:51]   - nugget : NO
[job(1263): 2016-09-10 00:40:51]   - parameters lower bounds :  1e-10 1e-10 
[job(1263): 2016-09-10 00:40:51]   - parameters upper bounds :  41.17338 45.01885 
[job(1263): 2016-09-10 00:40:51]   - best initial criterion value(s) :  -8.846485 
[job(1263): 2016-09-10 00:40:51] 
[job(1263): 2016-09-10 00:40:51] N = 2, M = 5 machine precision = 2.22045e-16
[job(1263): 2016-09-10 00:40:51] At X0, 0 variables are exactly at the bounds
[job(1263): 2016-09-10 00:40:51] At iterate     0  f=       8.8465  |proj g|=       2.0625
[job(1263): 2016-09-10 00:40:51] At iterate     1  f =      -64.331  |proj g|=             0
[job(1263): 2016-09-10 00:40:51] 
[job(1263): 2016-09-10 00:40:51] iterations 1
[job(1263): 2016-09-10 00:40:51] function evaluations 2
[job(1263): 2016-09-10 00:40:51] segments explored during Cauchy searches 2
[job(1263): 2016-09-10 00:40:51] BFGS updates skipped 0
[job(1263): 2016-09-10 00:40:51] active bounds at final generalized Cauchy point 1
[job(1263): 2016-09-10 00:40:51] norm of the final projected gradient 0
[job(1263): 2016-09-10 00:40:51] final function value -64.3311
[job(1263): 2016-09-10 00:40:51] 
[job(1263): 2016-09-10 00:40:51] F = -64.3311
[job(1263): 2016-09-10 00:40:51] final  value -64.331051 
[job(1263): 2016-09-10 00:40:51] converged
[job(1263): 2016-09-10 00:40:51] [Tune-x] 20: C=31.7; sigma=827
[job(1263): 2016-09-10 00:40:51] [Tune-y] 20: acc.test.mean=0.221; time: 0.0 min; memory: 117Mb use, 167Mb max
[job(1263): 2016-09-10 00:40:51] 
[job(1263): 2016-09-10 00:40:51] optimisation start
[job(1263): 2016-09-10 00:40:51] ------------------
[job(1263): 2016-09-10 00:40:51] * estimation method   : MLE 
[job(1263): 2016-09-10 00:40:51] * optimisation method : BFGS 
[job(1263): 2016-09-10 00:40:51] * analytical gradient : used
[job(1263): 2016-09-10 00:40:51] * trend model : ~1
[job(1263): 2016-09-10 00:40:51] * covariance model : 
[job(1263): 2016-09-10 00:40:51]   - type :  matern5_2 
[job(1263): 2016-09-10 00:40:51]   - nugget : NO
[job(1263): 2016-09-10 00:40:51]   - parameters lower bounds :  1e-10 1e-10 
[job(1263): 2016-09-10 00:40:51]   - parameters upper bounds :  41.17338 45.01885 
[job(1263): 2016-09-10 00:40:51]   - best initial criterion value(s) :  41.91884 
[job(1263): 2016-09-10 00:40:51] 
[job(1263): 2016-09-10 00:40:51] N = 2, M = 5 machine precision = 2.22045e-16
[job(1263): 2016-09-10 00:40:51] At X0, 0 variables are exactly at the bounds
[job(1263): 2016-09-10 00:40:51] At iterate     0  f=      -41.919  |proj g|=     0.055358
[job(1263): 2016-09-10 00:40:51] At iterate     1  f =       -68.13  |proj g|=             0
[job(1263): 2016-09-10 00:40:51] 
[job(1263): 2016-09-10 00:40:51] iterations 1
[job(1263): 2016-09-10 00:40:51] function evaluations 2
[job(1263): 2016-09-10 00:40:51] segments explored during Cauchy searches 2
[job(1263): 2016-09-10 00:40:51] BFGS updates skipped 0
[job(1263): 2016-09-10 00:40:51] active bounds at final generalized Cauchy point 1
[job(1263): 2016-09-10 00:40:51] norm of the final projected gradient 0
[job(1263): 2016-09-10 00:40:51] final function value -68.1302
[job(1263): 2016-09-10 00:40:51] 
[job(1263): 2016-09-10 00:40:51] F = -68.1302
[job(1263): 2016-09-10 00:40:51] final  value -68.130227 
[job(1263): 2016-09-10 00:40:51] converged
[job(1263): 2016-09-10 00:40:51] [Tune-x] 21: C=0.0915; sigma=397
[job(1263): 2016-09-10 00:40:51] [Tune-y] 21: acc.test.mean=0.221; time: 0.0 min; memory: 117Mb use, 167Mb max
[job(1263): 2016-09-10 00:40:51] 
[job(1263): 2016-09-10 00:40:51] optimisation start
[job(1263): 2016-09-10 00:40:51] ------------------
[job(1263): 2016-09-10 00:40:51] * estimation method   : MLE 
[job(1263): 2016-09-10 00:40:51] * optimisation method : BFGS 
[job(1263): 2016-09-10 00:40:51] * analytical gradient : used
[job(1263): 2016-09-10 00:40:51] * trend model : ~1
[job(1263): 2016-09-10 00:40:51] * covariance model : 
[job(1263): 2016-09-10 00:40:51]   - type :  matern5_2 
[job(1263): 2016-09-10 00:40:51]   - nugget : NO
[job(1263): 2016-09-10 00:40:51]   - parameters lower bounds :  1e-10 1e-10 
[job(1263): 2016-09-10 00:40:51]   - parameters upper bounds :  41.17338 45.01885 
[job(1263): 2016-09-10 00:40:51]   - best initial criterion value(s) :  -11.29717 
[job(1263): 2016-09-10 00:40:51] 
[job(1263): 2016-09-10 00:40:51] N = 2, M = 5 machine precision = 2.22045e-16
[job(1263): 2016-09-10 00:40:51] At X0, 0 variables are exactly at the bounds
[job(1263): 2016-09-10 00:40:51] At iterate     0  f=       11.297  |proj g|=       1.3041
[job(1263): 2016-09-10 00:40:51] At iterate     1  f =       9.8282  |proj g|=       0.78106
[job(1263): 2016-09-10 00:40:51] At iterate     2  f =      -71.955  |proj g|=             0
[job(1263): 2016-09-10 00:40:51] 
[job(1263): 2016-09-10 00:40:51] iterations 2
[job(1263): 2016-09-10 00:40:51] function evaluations 4
[job(1263): 2016-09-10 00:40:51] segments explored during Cauchy searches 2
[job(1263): 2016-09-10 00:40:51] BFGS updates skipped 0
[job(1263): 2016-09-10 00:40:51] active bounds at final generalized Cauchy point 0
[job(1263): 2016-09-10 00:40:51] norm of the final projected gradient 0
[job(1263): 2016-09-10 00:40:51] final function value -71.9553
[job(1263): 2016-09-10 00:40:51] 
[job(1263): 2016-09-10 00:40:51] F = -71.9553
[job(1263): 2016-09-10 00:40:51] final  value -71.955302 
[job(1263): 2016-09-10 00:40:51] converged
[job(1263): 2016-09-10 00:40:51] [Tune-x] 22: C=0.0484; sigma=38.9
[job(1263): 2016-09-10 00:40:51] [Tune-y] 22: acc.test.mean=0.221; time: 0.0 min; memory: 117Mb use, 167Mb max
[job(1263): 2016-09-10 00:40:51] 
[job(1263): 2016-09-10 00:40:51] optimisation start
[job(1263): 2016-09-10 00:40:51] ------------------
[job(1263): 2016-09-10 00:40:51] * estimation method   : MLE 
[job(1263): 2016-09-10 00:40:51] * optimisation method : BFGS 
[job(1263): 2016-09-10 00:40:51] * analytical gradient : used
[job(1263): 2016-09-10 00:40:51] * trend model : ~1
[job(1263): 2016-09-10 00:40:51] * covariance model : 
[job(1263): 2016-09-10 00:40:51]   - type :  matern5_2 
[job(1263): 2016-09-10 00:40:51]   - nugget : NO
[job(1263): 2016-09-10 00:40:51]   - parameters lower bounds :  1e-10 1e-10 
[job(1263): 2016-09-10 00:40:51]   - parameters upper bounds :  41.17338 45.01885 
[job(1263): 2016-09-10 00:40:51]   - best initial criterion value(s) :  14.40121 
[job(1263): 2016-09-10 00:40:51] 
[job(1263): 2016-09-10 00:40:51] N = 2, M = 5 machine precision = 2.22045e-16
[job(1263): 2016-09-10 00:40:51] At X0, 0 variables are exactly at the bounds
[job(1263): 2016-09-10 00:40:51] At iterate     0  f=      -14.401  |proj g|=      0.42103
[job(1263): 2016-09-10 00:40:51] At iterate     1  f =      -75.805  |proj g|=             0
[job(1263): 2016-09-10 00:40:51] 
[job(1263): 2016-09-10 00:40:51] iterations 1
[job(1263): 2016-09-10 00:40:51] function evaluations 2
[job(1263): 2016-09-10 00:40:51] segments explored during Cauchy searches 2
[job(1263): 2016-09-10 00:40:51] BFGS updates skipped 0
[job(1263): 2016-09-10 00:40:51] active bounds at final generalized Cauchy point 1
[job(1263): 2016-09-10 00:40:51] norm of the final projected gradient 0
[job(1263): 2016-09-10 00:40:51] final function value -75.805
[job(1263): 2016-09-10 00:40:51] 
[job(1263): 2016-09-10 00:40:51] F = -75.805
[job(1263): 2016-09-10 00:40:51] final  value -75.804950 
[job(1263): 2016-09-10 00:40:51] converged
[job(1263): 2016-09-10 00:40:51] [Tune-x] 23: C=1.01; sigma=57.8
[job(1263): 2016-09-10 00:40:51] [Tune-y] 23: acc.test.mean=0.221; time: 0.0 min; memory: 117Mb use, 167Mb max
[job(1263): 2016-09-10 00:40:51] 
[job(1263): 2016-09-10 00:40:51] optimisation start
[job(1263): 2016-09-10 00:40:51] ------------------
[job(1263): 2016-09-10 00:40:51] * estimation method   : MLE 
[job(1263): 2016-09-10 00:40:51] * optimisation method : BFGS 
[job(1263): 2016-09-10 00:40:51] * analytical gradient : used
[job(1263): 2016-09-10 00:40:51] * trend model : ~1
[job(1263): 2016-09-10 00:40:51] * covariance model : 
[job(1263): 2016-09-10 00:40:51]   - type :  matern5_2 
[job(1263): 2016-09-10 00:40:51]   - nugget : NO
[job(1263): 2016-09-10 00:40:51]   - parameters lower bounds :  1e-10 1e-10 
[job(1263): 2016-09-10 00:40:51]   - parameters upper bounds :  41.17338 45.01885 
[job(1263): 2016-09-10 00:40:51]   - best initial criterion value(s) :  -0.2392952 
[job(1263): 2016-09-10 00:40:51] 
[job(1263): 2016-09-10 00:40:51] N = 2, M = 5 machine precision = 2.22045e-16
[job(1263): 2016-09-10 00:40:51] At X0, 0 variables are exactly at the bounds
[job(1263): 2016-09-10 00:40:51] At iterate     0  f=       0.2393  |proj g|=       1.2941
[job(1263): 2016-09-10 00:40:51] At iterate     1  f =      -79.678  |proj g|=             0
[job(1263): 2016-09-10 00:40:51] 
[job(1263): 2016-09-10 00:40:51] iterations 1
[job(1263): 2016-09-10 00:40:51] function evaluations 2
[job(1263): 2016-09-10 00:40:51] segments explored during Cauchy searches 2
[job(1263): 2016-09-10 00:40:51] BFGS updates skipped 0
[job(1263): 2016-09-10 00:40:51] active bounds at final generalized Cauchy point 1
[job(1263): 2016-09-10 00:40:51] norm of the final projected gradient 0
[job(1263): 2016-09-10 00:40:51] final function value -79.678
[job(1263): 2016-09-10 00:40:51] 
[job(1263): 2016-09-10 00:40:51] F = -79.678
[job(1263): 2016-09-10 00:40:51] final  value -79.677979 
[job(1263): 2016-09-10 00:40:51] converged
[job(1263): 2016-09-10 00:40:51] [Tune-x] 24: C=2.2; sigma=0.00123
[job(1263): 2016-09-10 00:40:51] [Tune-y] 24: acc.test.mean=0.227; time: 0.0 min; memory: 117Mb use, 167Mb max
[job(1263): 2016-09-10 00:40:51] 
[job(1263): 2016-09-10 00:40:51] optimisation start
[job(1263): 2016-09-10 00:40:51] ------------------
[job(1263): 2016-09-10 00:40:51] * estimation method   : MLE 
[job(1263): 2016-09-10 00:40:51] * optimisation method : BFGS 
[job(1263): 2016-09-10 00:40:51] * analytical gradient : used
[job(1263): 2016-09-10 00:40:51] * trend model : ~1
[job(1263): 2016-09-10 00:40:51] * covariance model : 
[job(1263): 2016-09-10 00:40:51]   - type :  matern5_2 
[job(1263): 2016-09-10 00:40:51]   - nugget : NO
[job(1263): 2016-09-10 00:40:51]   - parameters lower bounds :  1e-10 1e-10 
[job(1263): 2016-09-10 00:40:51]   - parameters upper bounds :  41.17338 45.01885 
[job(1263): 2016-09-10 00:40:51]   - best initial criterion value(s) :  21.26413 
[job(1263): 2016-09-10 00:40:51] 
[job(1263): 2016-09-10 00:40:51] N = 2, M = 5 machine precision = 2.22045e-16
[job(1263): 2016-09-10 00:40:51] At X0, 0 variables are exactly at the bounds
[job(1263): 2016-09-10 00:40:51] At iterate     0  f=      -21.264  |proj g|=      0.53798
[job(1263): 2016-09-10 00:40:51] At iterate     1  f =      -82.974  |proj g|=             0
[job(1263): 2016-09-10 00:40:51] 
[job(1263): 2016-09-10 00:40:51] iterations 1
[job(1263): 2016-09-10 00:40:51] function evaluations 2
[job(1263): 2016-09-10 00:40:51] segments explored during Cauchy searches 2
[job(1263): 2016-09-10 00:40:51] BFGS updates skipped 0
[job(1263): 2016-09-10 00:40:51] active bounds at final generalized Cauchy point 1
[job(1263): 2016-09-10 00:40:51] norm of the final projected gradient 0
[job(1263): 2016-09-10 00:40:51] final function value -82.9736
[job(1263): 2016-09-10 00:40:51] 
[job(1263): 2016-09-10 00:40:51] F = -82.9736
[job(1263): 2016-09-10 00:40:51] final  value -82.973629 
[job(1263): 2016-09-10 00:40:51] converged
[job(1263): 2016-09-10 00:40:51] [Tune-x] 25: C=250; sigma=0.000456
[job(1263): 2016-09-10 00:40:51] [Tune-y] 25: acc.test.mean=0.179; time: 0.0 min; memory: 117Mb use, 167Mb max
[job(1263): 2016-09-10 00:40:51] 
[job(1263): 2016-09-10 00:40:51] optimisation start
[job(1263): 2016-09-10 00:40:51] ------------------
[job(1263): 2016-09-10 00:40:51] * estimation method   : MLE 
[job(1263): 2016-09-10 00:40:51] * optimisation method : BFGS 
[job(1263): 2016-09-10 00:40:51] * analytical gradient : used
[job(1263): 2016-09-10 00:40:51] * trend model : ~1
[job(1263): 2016-09-10 00:40:51] * covariance model : 
[job(1263): 2016-09-10 00:40:51]   - type :  matern5_2 
[job(1263): 2016-09-10 00:40:51]   - nugget : NO
[job(1263): 2016-09-10 00:40:51]   - parameters lower bounds :  1e-10 1e-10 
[job(1263): 2016-09-10 00:40:51]   - parameters upper bounds :  41.17338 45.01885 
[job(1263): 2016-09-10 00:40:51]   - best initial criterion value(s) :  15.16489 
[job(1263): 2016-09-10 00:40:51] 
[job(1263): 2016-09-10 00:40:51] N = 2, M = 5 machine precision = 2.22045e-16
[job(1263): 2016-09-10 00:40:51] At X0, 0 variables are exactly at the bounds
[job(1263): 2016-09-10 00:40:51] At iterate     0  f=      -15.165  |proj g|=      0.53891
[job(1263): 2016-09-10 00:40:51] At iterate     1  f =      -78.049  |proj g|=             0
[job(1263): 2016-09-10 00:40:51] 
[job(1263): 2016-09-10 00:40:51] iterations 1
[job(1263): 2016-09-10 00:40:51] function evaluations 2
[job(1263): 2016-09-10 00:40:51] segments explored during Cauchy searches 2
[job(1263): 2016-09-10 00:40:51] BFGS updates skipped 0
[job(1263): 2016-09-10 00:40:51] active bounds at final generalized Cauchy point 1
[job(1263): 2016-09-10 00:40:51] norm of the final projected gradient 0
[job(1263): 2016-09-10 00:40:51] final function value -78.0485
[job(1263): 2016-09-10 00:40:51] 
[job(1263): 2016-09-10 00:40:51] F = -78.0485
[job(1263): 2016-09-10 00:40:51] final  value -78.048503 
[job(1263): 2016-09-10 00:40:51] converged
[job(1263): 2016-09-10 00:40:51] [Tune-x] 26: C=0.645; sigma=14.1
[job(1263): 2016-09-10 00:40:51] [Tune-y] 26: acc.test.mean=0.221; time: 0.0 min; memory: 117Mb use, 167Mb max
[job(1263): 2016-09-10 00:40:51] 
[job(1263): 2016-09-10 00:40:51] optimisation start
[job(1263): 2016-09-10 00:40:51] ------------------
[job(1263): 2016-09-10 00:40:51] * estimation method   : MLE 
[job(1263): 2016-09-10 00:40:51] * optimisation method : BFGS 
[job(1263): 2016-09-10 00:40:51] * analytical gradient : used
[job(1263): 2016-09-10 00:40:51] * trend model : ~1
[job(1263): 2016-09-10 00:40:51] * covariance model : 
[job(1263): 2016-09-10 00:40:51]   - type :  matern5_2 
[job(1263): 2016-09-10 00:40:51]   - nugget : NO
[job(1263): 2016-09-10 00:40:51]   - parameters lower bounds :  1e-10 1e-10 
[job(1263): 2016-09-10 00:40:51]   - parameters upper bounds :  41.17338 45.01885 
[job(1263): 2016-09-10 00:40:51]   - best initial criterion value(s) :  2.777582 
[job(1263): 2016-09-10 00:40:51] 
[job(1263): 2016-09-10 00:40:51] N = 2, M = 5 machine precision = 2.22045e-16
[job(1263): 2016-09-10 00:40:51] At X0, 0 variables are exactly at the bounds
[job(1263): 2016-09-10 00:40:51] At iterate     0  f=      -2.7776  |proj g|=       1.0735
[job(1263): 2016-09-10 00:40:51] At iterate     1  f =      -81.603  |proj g|=             0
[job(1263): 2016-09-10 00:40:51] 
[job(1263): 2016-09-10 00:40:51] iterations 1
[job(1263): 2016-09-10 00:40:51] function evaluations 2
[job(1263): 2016-09-10 00:40:51] segments explored during Cauchy searches 2
[job(1263): 2016-09-10 00:40:51] BFGS updates skipped 0
[job(1263): 2016-09-10 00:40:51] active bounds at final generalized Cauchy point 1
[job(1263): 2016-09-10 00:40:51] norm of the final projected gradient 0
[job(1263): 2016-09-10 00:40:51] final function value -81.6027
[job(1263): 2016-09-10 00:40:51] 
[job(1263): 2016-09-10 00:40:51] F = -81.6027
[job(1263): 2016-09-10 00:40:51] final  value -81.602712 
[job(1263): 2016-09-10 00:40:51] converged
[job(1263): 2016-09-10 00:40:51] [Tune-x] 27: C=8.21; sigma=116
[job(1263): 2016-09-10 00:40:51] [Tune-y] 27: acc.test.mean=0.221; time: 0.0 min; memory: 117Mb use, 167Mb max
[job(1263): 2016-09-10 00:40:51] 
[job(1263): 2016-09-10 00:40:51] optimisation start
[job(1263): 2016-09-10 00:40:51] ------------------
[job(1263): 2016-09-10 00:40:51] * estimation method   : MLE 
[job(1263): 2016-09-10 00:40:51] * optimisation method : BFGS 
[job(1263): 2016-09-10 00:40:51] * analytical gradient : used
[job(1263): 2016-09-10 00:40:51] * trend model : ~1
[job(1263): 2016-09-10 00:40:51] * covariance model : 
[job(1263): 2016-09-10 00:40:51]   - type :  matern5_2 
[job(1263): 2016-09-10 00:40:51]   - nugget : NO
[job(1263): 2016-09-10 00:40:51]   - parameters lower bounds :  1e-10 1e-10 
[job(1263): 2016-09-10 00:40:51]   - parameters upper bounds :  41.17338 45.01885 
[job(1263): 2016-09-10 00:40:51]   - best initial criterion value(s) :  24.51832 
[job(1263): 2016-09-10 00:40:51] 
[job(1263): 2016-09-10 00:40:51] N = 2, M = 5 machine precision = 2.22045e-16
[job(1263): 2016-09-10 00:40:51] At X0, 0 variables are exactly at the bounds
[job(1263): 2016-09-10 00:40:51] At iterate     0  f=      -24.518  |proj g|=      0.30832
[job(1263): 2016-09-10 00:40:51] At iterate     1  f =      -85.177  |proj g|=             0
[job(1263): 2016-09-10 00:40:51] 
[job(1263): 2016-09-10 00:40:51] iterations 1
[job(1263): 2016-09-10 00:40:51] function evaluations 2
[job(1263): 2016-09-10 00:40:51] segments explored during Cauchy searches 2
[job(1263): 2016-09-10 00:40:51] BFGS updates skipped 0
[job(1263): 2016-09-10 00:40:51] active bounds at final generalized Cauchy point 1
[job(1263): 2016-09-10 00:40:51] norm of the final projected gradient 0
[job(1263): 2016-09-10 00:40:51] final function value -85.1766
[job(1263): 2016-09-10 00:40:51] 
[job(1263): 2016-09-10 00:40:51] F = -85.1766
[job(1263): 2016-09-10 00:40:51] final  value -85.176584 
[job(1263): 2016-09-10 00:40:51] converged
[job(1263): 2016-09-10 00:40:51] [Tune-x] 28: C=37.1; sigma=0.0417
[job(1263): 2016-09-10 00:40:51] [Tune-y] 28: acc.test.mean=0.212; time: 0.0 min; memory: 117Mb use, 167Mb max
[job(1263): 2016-09-10 00:40:51] 
[job(1263): 2016-09-10 00:40:51] optimisation start
[job(1263): 2016-09-10 00:40:51] ------------------
[job(1263): 2016-09-10 00:40:51] * estimation method   : MLE 
[job(1263): 2016-09-10 00:40:51] * optimisation method : BFGS 
[job(1263): 2016-09-10 00:40:51] * analytical gradient : used
[job(1263): 2016-09-10 00:40:51] * trend model : ~1
[job(1263): 2016-09-10 00:40:51] * covariance model : 
[job(1263): 2016-09-10 00:40:51]   - type :  matern5_2 
[job(1263): 2016-09-10 00:40:51]   - nugget : NO
[job(1263): 2016-09-10 00:40:51]   - parameters lower bounds :  1e-10 1e-10 
[job(1263): 2016-09-10 00:40:51]   - parameters upper bounds :  41.17338 45.01885 
[job(1263): 2016-09-10 00:40:51]   - best initial criterion value(s) :  19.10371 
[job(1263): 2016-09-10 00:40:51] 
[job(1263): 2016-09-10 00:40:51] N = 2, M = 5 machine precision = 2.22045e-16
[job(1263): 2016-09-10 00:40:51] At X0, 0 variables are exactly at the bounds
[job(1263): 2016-09-10 00:40:51] At iterate     0  f=      -19.104  |proj g|=      0.49037
[job(1263): 2016-09-10 00:40:51] At iterate     1  f =      -88.724  |proj g|=             0
[job(1263): 2016-09-10 00:40:51] 
[job(1263): 2016-09-10 00:40:51] iterations 1
[job(1263): 2016-09-10 00:40:51] function evaluations 2
[job(1263): 2016-09-10 00:40:51] segments explored during Cauchy searches 2
[job(1263): 2016-09-10 00:40:51] BFGS updates skipped 0
[job(1263): 2016-09-10 00:40:51] active bounds at final generalized Cauchy point 1
[job(1263): 2016-09-10 00:40:51] norm of the final projected gradient 0
[job(1263): 2016-09-10 00:40:51] final function value -88.7239
[job(1263): 2016-09-10 00:40:51] 
[job(1263): 2016-09-10 00:40:51] F = -88.7239
[job(1263): 2016-09-10 00:40:51] final  value -88.723870 
[job(1263): 2016-09-10 00:40:51] converged
[job(1263): 2016-09-10 00:40:51] [Tune] Result: C=752; sigma=0.096 : acc.test.mean=-0.227
[job(1263): 2016-09-10 00:40:51] Job terminated successfully
[job(chunk): 2016-09-10 00:40:52] Calculation finished!
