[job(chunk): 2016-09-09 20:04:25] Starting calculation of 1 jobs
[job(chunk): 2016-09-09 20:04:25] Setting working directory to '/naslx/projects/pr74ze/ri89coc2/svm_comparison'
[job(chunk): 2016-09-09 20:04:25] Memory measurement disabled
[job(61): 2016-09-09 20:04:28] Starting job with job.id=61
[job(61): 2016-09-09 20:05:17] Generating problem instance for problem '11' ...
[job(61): 2016-09-09 20:05:17] Downloading from 'http://www.openml.org/api/v1/data/11' to '/tmp/ri89coc2/Rtmp2xEJNT/cache/datasets/11/description.xml'.
[job(61): 2016-09-09 20:05:17] Downloading from 'http://www.openml.org/data/download/11/dataset_11_balance-scale.arff' to '/tmp/ri89coc2/Rtmp2xEJNT/cache/datasets/11/dataset.arff'
[job(61): 2016-09-09 20:05:17] Loading required package: readr
[job(61): 2016-09-09 20:05:17] Applying algorithm 'C-svc.tuned' on problem '11' ...
[job(61): 2016-09-09 20:05:17] Data '11' file 'description.xml' found in cache.
[job(61): 2016-09-09 20:05:17] Data '11' file 'dataset.arff' found in cache.
[job(61): 2016-09-09 20:05:17] [Tune] Started tuning learner C-svc for parameter set:
[job(61): 2016-09-09 20:05:17]          Type len Def    Constr Req Tunable Trafo
[job(61): 2016-09-09 20:05:17] C     numeric   -   - -12 to 12   -    TRUE     Y
[job(61): 2016-09-09 20:05:17] sigma numeric   -   - -12 to 12   -    TRUE     Y
[job(61): 2016-09-09 20:05:17] With control class: TuneControlMBO
[job(61): 2016-09-09 20:05:17] Imputation value: -0
[job(61): 2016-09-09 20:05:17] [Tune-x] 1: C=0.00218; sigma=0.0403
[job(61): 2016-09-09 20:05:17] [Tune-y] 1: acc.test.mean=0.437; time: 0.0 min; memory: 113Mb use, 145Mb max
[job(61): 2016-09-09 20:05:17] [Tune-x] 2: C=24.1; sigma=172
[job(61): 2016-09-09 20:05:17] [Tune-y] 2: acc.test.mean=0.426; time: 0.0 min; memory: 113Mb use, 145Mb max
[job(61): 2016-09-09 20:05:17] [Tune-x] 3: C=0.0352; sigma=0.0144
[job(61): 2016-09-09 20:05:17] [Tune-y] 3: acc.test.mean=0.632; time: 0.0 min; memory: 113Mb use, 145Mb max
[job(61): 2016-09-09 20:05:17] [Tune-x] 4: C=2.58e+03; sigma=55.9
[job(61): 2016-09-09 20:05:17] [Tune-y] 4: acc.test.mean=0.426; time: 0.0 min; memory: 113Mb use, 145Mb max
[job(61): 2016-09-09 20:05:17] [Tune-x] 5: C=0.654; sigma=0.237
[job(61): 2016-09-09 20:05:17] [Tune-y] 5: acc.test.mean=0.913; time: 0.0 min; memory: 113Mb use, 147Mb max
[job(61): 2016-09-09 20:05:17] [Tune-x] 6: C=3.34; sigma=851
[job(61): 2016-09-09 20:05:17] [Tune-y] 6: acc.test.mean=0.448; time: 0.0 min; memory: 113Mb use, 147Mb max
[job(61): 2016-09-09 20:05:17] [Tune-x] 7: C=189; sigma=0.000601
[job(61): 2016-09-09 20:05:17] [Tune-y] 7: acc.test.mean=0.918; time: 0.0 min; memory: 113Mb use, 147Mb max
[job(61): 2016-09-09 20:05:17] [Tune-x] 8: C=0.000318; sigma=3.26
[job(61): 2016-09-09 20:05:17] [Tune-y] 8: acc.test.mean=0.43; time: 0.0 min; memory: 113Mb use, 147Mb max
[job(61): 2016-09-09 20:05:17] 
[job(61): 2016-09-09 20:05:17] optimisation start
[job(61): 2016-09-09 20:05:17] ------------------
[job(61): 2016-09-09 20:05:17] * estimation method   : MLE 
[job(61): 2016-09-09 20:05:17] * optimisation method : BFGS 
[job(61): 2016-09-09 20:05:17] * analytical gradient : used
[job(61): 2016-09-09 20:05:17] * trend model : ~1
[job(61): 2016-09-09 20:05:17] * covariance model : 
[job(61): 2016-09-09 20:05:17]   - type :  matern5_2 
[job(61): 2016-09-09 20:05:17]   - nugget : NO
[job(61): 2016-09-09 20:05:17]   - parameters lower bounds :  1e-10 1e-10 
[job(61): 2016-09-09 20:05:17]   - parameters upper bounds :  45.89647 40.86689 
[job(61): 2016-09-09 20:05:17]   - best initial criterion value(s) :  2.094475 
[job(61): 2016-09-09 20:05:17] 
[job(61): 2016-09-09 20:05:17] N = 2, M = 5 machine precision = 2.22045e-16
[job(61): 2016-09-09 20:05:17] At X0, 0 variables are exactly at the bounds
[job(61): 2016-09-09 20:05:17] At iterate     0  f=      -2.0945  |proj g|=      0.12238
[job(61): 2016-09-09 20:05:17] At iterate     1  f =      -2.1109  |proj g|=        0.1223
[job(61): 2016-09-09 20:05:17] At iterate     2  f =      -2.5059  |proj g|=       0.10939
[job(61): 2016-09-09 20:05:17] At iterate     3  f =      -2.6815  |proj g|=      0.087884
[job(61): 2016-09-09 20:05:17] At iterate     4  f =      -2.8337  |proj g|=      0.020214
[job(61): 2016-09-09 20:05:17] At iterate     5  f =      -2.8385  |proj g|=      0.014068
[job(61): 2016-09-09 20:05:17] At iterate     6  f =      -2.8405  |proj g|=     0.0018195
[job(61): 2016-09-09 20:05:17] At iterate     7  f =      -2.8405  |proj g|=    2.1612e-05
[job(61): 2016-09-09 20:05:17] At iterate     8  f =      -2.8405  |proj g|=    8.5905e-07
[job(61): 2016-09-09 20:05:17] At iterate     9  f =      -2.8405  |proj g|=    6.5887e-10
[job(61): 2016-09-09 20:05:17] 
[job(61): 2016-09-09 20:05:17] iterations 9
[job(61): 2016-09-09 20:05:17] function evaluations 13
[job(61): 2016-09-09 20:05:17] segments explored during Cauchy searches 11
[job(61): 2016-09-09 20:05:17] BFGS updates skipped 0
[job(61): 2016-09-09 20:05:17] active bounds at final generalized Cauchy point 0
[job(61): 2016-09-09 20:05:17] norm of the final projected gradient 6.58866e-10
[job(61): 2016-09-09 20:05:17] final function value -2.84055
[job(61): 2016-09-09 20:05:17] 
[job(61): 2016-09-09 20:05:17] F = -2.84055
[job(61): 2016-09-09 20:05:17] final  value -2.840549 
[job(61): 2016-09-09 20:05:17] converged
[job(61): 2016-09-09 20:05:17] [Tune-x] 9: C=5.51; sigma=0.0411
[job(61): 2016-09-09 20:05:17] [Tune-y] 9: acc.test.mean=0.92; time: 0.0 min; memory: 117Mb use, 165Mb max
[job(61): 2016-09-09 20:05:17] 
[job(61): 2016-09-09 20:05:17] optimisation start
[job(61): 2016-09-09 20:05:17] ------------------
[job(61): 2016-09-09 20:05:17] * estimation method   : MLE 
[job(61): 2016-09-09 20:05:17] * optimisation method : BFGS 
[job(61): 2016-09-09 20:05:17] * analytical gradient : used
[job(61): 2016-09-09 20:05:17] * trend model : ~1
[job(61): 2016-09-09 20:05:17] * covariance model : 
[job(61): 2016-09-09 20:05:17]   - type :  matern5_2 
[job(61): 2016-09-09 20:05:17]   - nugget : NO
[job(61): 2016-09-09 20:05:17]   - parameters lower bounds :  1e-10 1e-10 
[job(61): 2016-09-09 20:05:17]   - parameters upper bounds :  45.89647 40.86689 
[job(61): 2016-09-09 20:05:17]   - best initial criterion value(s) :  3.427935 
[job(61): 2016-09-09 20:05:17] 
[job(61): 2016-09-09 20:05:17] N = 2, M = 5 machine precision = 2.22045e-16
[job(61): 2016-09-09 20:05:17] At X0, 0 variables are exactly at the bounds
[job(61): 2016-09-09 20:05:17] At iterate     0  f=      -3.4279  |proj g|=      0.14205
[job(61): 2016-09-09 20:05:17] At iterate     1  f =      -3.4499  |proj g|=       0.14164
[job(61): 2016-09-09 20:05:17] At iterate     2  f =      -4.0886  |proj g|=      0.087257
[job(61): 2016-09-09 20:05:17] At iterate     3  f =      -4.1721  |proj g|=      0.041478
[job(61): 2016-09-09 20:05:17] At iterate     4  f =      -4.1848  |proj g|=       0.02441
[job(61): 2016-09-09 20:05:17] At iterate     5  f =      -4.1891  |proj g|=     0.0032636
[job(61): 2016-09-09 20:05:17] At iterate     6  f =      -4.1892  |proj g|=     0.0010552
[job(61): 2016-09-09 20:05:17] At iterate     7  f =      -4.1892  |proj g|=    0.00031853
[job(61): 2016-09-09 20:05:17] At iterate     8  f =      -4.1892  |proj g|=     8.084e-06
[job(61): 2016-09-09 20:05:17] At iterate     9  f =      -4.1892  |proj g|=    7.8018e-08
[job(61): 2016-09-09 20:05:17] 
[job(61): 2016-09-09 20:05:17] iterations 9
[job(61): 2016-09-09 20:05:17] function evaluations 14
[job(61): 2016-09-09 20:05:17] segments explored during Cauchy searches 10
[job(61): 2016-09-09 20:05:17] BFGS updates skipped 0
[job(61): 2016-09-09 20:05:17] active bounds at final generalized Cauchy point 0
[job(61): 2016-09-09 20:05:17] norm of the final projected gradient 7.80179e-08
[job(61): 2016-09-09 20:05:17] final function value -4.18921
[job(61): 2016-09-09 20:05:17] 
[job(61): 2016-09-09 20:05:17] F = -4.18921
[job(61): 2016-09-09 20:05:17] final  value -4.189207 
[job(61): 2016-09-09 20:05:17] converged
[job(61): 2016-09-09 20:05:17] [Tune-x] 10: C=1.96; sigma=0.122
[job(61): 2016-09-09 20:05:17] [Tune-y] 10: acc.test.mean=0.924; time: 0.0 min; memory: 117Mb use, 165Mb max
[job(61): 2016-09-09 20:05:17] 
[job(61): 2016-09-09 20:05:17] optimisation start
[job(61): 2016-09-09 20:05:17] ------------------
[job(61): 2016-09-09 20:05:17] * estimation method   : MLE 
[job(61): 2016-09-09 20:05:17] * optimisation method : BFGS 
[job(61): 2016-09-09 20:05:17] * analytical gradient : used
[job(61): 2016-09-09 20:05:17] * trend model : ~1
[job(61): 2016-09-09 20:05:17] * covariance model : 
[job(61): 2016-09-09 20:05:17]   - type :  matern5_2 
[job(61): 2016-09-09 20:05:17]   - nugget : NO
[job(61): 2016-09-09 20:05:17]   - parameters lower bounds :  1e-10 1e-10 
[job(61): 2016-09-09 20:05:17]   - parameters upper bounds :  45.89647 40.86689 
[job(61): 2016-09-09 20:05:17]   - best initial criterion value(s) :  7.146457 
[job(61): 2016-09-09 20:05:17] 
[job(61): 2016-09-09 20:05:17] N = 2, M = 5 machine precision = 2.22045e-16
[job(61): 2016-09-09 20:05:17] At X0, 0 variables are exactly at the bounds
[job(61): 2016-09-09 20:05:17] At iterate     0  f=      -7.1465  |proj g|=      0.10146
[job(61): 2016-09-09 20:05:17] At iterate     1  f =      -7.1604  |proj g|=      0.099816
[job(61): 2016-09-09 20:05:17] At iterate     2  f =      -7.5171  |proj g|=      0.051596
[job(61): 2016-09-09 20:05:17] At iterate     3  f =      -7.5459  |proj g|=     0.0094446
[job(61): 2016-09-09 20:05:17] At iterate     4  f =      -7.5468  |proj g|=     0.0051123
[job(61): 2016-09-09 20:05:17] At iterate     5  f =      -7.5471  |proj g|=    0.00018455
[job(61): 2016-09-09 20:05:17] At iterate     6  f =      -7.5471  |proj g|=    1.1252e-05
[job(61): 2016-09-09 20:05:17] At iterate     7  f =      -7.5471  |proj g|=    1.6575e-06
[job(61): 2016-09-09 20:05:17] 
[job(61): 2016-09-09 20:05:17] iterations 7
[job(61): 2016-09-09 20:05:17] function evaluations 10
[job(61): 2016-09-09 20:05:17] segments explored during Cauchy searches 7
[job(61): 2016-09-09 20:05:17] BFGS updates skipped 0
[job(61): 2016-09-09 20:05:17] active bounds at final generalized Cauchy point 0
[job(61): 2016-09-09 20:05:17] norm of the final projected gradient 1.65745e-06
[job(61): 2016-09-09 20:05:17] final function value -7.54713
[job(61): 2016-09-09 20:05:17] 
[job(61): 2016-09-09 20:05:17] F = -7.54713
[job(61): 2016-09-09 20:05:17] final  value -7.547133 
[job(61): 2016-09-09 20:05:17] converged
[job(61): 2016-09-09 20:05:17] [Tune-x] 11: C=1.96; sigma=0.122
[job(61): 2016-09-09 20:05:17] [Tune-y] 11: acc.test.mean=0.92; time: 0.0 min; memory: 117Mb use, 165Mb max
[job(61): 2016-09-09 20:05:17] 
[job(61): 2016-09-09 20:05:17] optimisation start
[job(61): 2016-09-09 20:05:17] ------------------
[job(61): 2016-09-09 20:05:17] * estimation method   : MLE 
[job(61): 2016-09-09 20:05:17] * optimisation method : BFGS 
[job(61): 2016-09-09 20:05:17] * analytical gradient : used
[job(61): 2016-09-09 20:05:17] * trend model : ~1
[job(61): 2016-09-09 20:05:17] * covariance model : 
[job(61): 2016-09-09 20:05:17]   - type :  matern5_2 
[job(61): 2016-09-09 20:05:17]   - nugget : NO
[job(61): 2016-09-09 20:05:17]   - parameters lower bounds :  1e-10 1e-10 
[job(61): 2016-09-09 20:05:17]   - parameters upper bounds :  45.89647 40.86689 
[job(61): 2016-09-09 20:05:17]   - best initial criterion value(s) :  2.329146 
[job(61): 2016-09-09 20:05:17] 
[job(61): 2016-09-09 20:05:17] N = 2, M = 5 machine precision = 2.22045e-16
[job(61): 2016-09-09 20:05:17] At X0, 0 variables are exactly at the bounds
[job(61): 2016-09-09 20:05:17] At iterate     0  f=      -2.3291  |proj g|=      0.94037
[job(61): 2016-09-09 20:05:17] At iterate     1  f =      -3.3149  |proj g|=       0.75572
[job(61): 2016-09-09 20:05:17] At iterate     2  f =      -3.7824  |proj g|=       0.65612
[job(61): 2016-09-09 20:05:17] At iterate     3  f =      -4.0639  |proj g|=        0.5893
[job(61): 2016-09-09 20:05:17] At iterate     4  f =      -4.7526  |proj g|=       0.31704
[job(61): 2016-09-09 20:05:17] At iterate     5  f =      -4.7664  |proj g|=       0.56106
[job(61): 2016-09-09 20:05:17] At iterate     6  f =      -4.7729  |proj g|=      0.075692
[job(61): 2016-09-09 20:05:17] At iterate     7  f =      -4.7731  |proj g|=      0.014683
[job(61): 2016-09-09 20:05:17] At iterate     8  f =      -4.7731  |proj g|=      0.014505
[job(61): 2016-09-09 20:05:17] At iterate     9  f =      -4.7732  |proj g|=      0.032453
[job(61): 2016-09-09 20:05:17] At iterate    10  f =      -4.7733  |proj g|=      0.067572
[job(61): 2016-09-09 20:05:17] At iterate    11  f =      -4.7737  |proj g|=       0.12453
[job(61): 2016-09-09 20:05:17] At iterate    12  f =      -4.7746  |proj g|=       0.20742
[job(61): 2016-09-09 20:05:17] At iterate    13  f =      -4.7767  |proj g|=       0.30419
[job(61): 2016-09-09 20:05:17] At iterate    14  f =      -4.7802  |proj g|=       0.32866
[job(61): 2016-09-09 20:05:17] At iterate    15  f =      -4.7836  |proj g|=     0.0048051
[job(61): 2016-09-09 20:05:17] At iterate    16  f =      -4.7836  |proj g|=     0.0005069
[job(61): 2016-09-09 20:05:17] At iterate    17  f =      -4.7836  |proj g|=    3.0534e-05
[job(61): 2016-09-09 20:05:17] At iterate    18  f =      -4.7836  |proj g|=    3.6407e-08
[job(61): 2016-09-09 20:05:17] 
[job(61): 2016-09-09 20:05:17] iterations 18
[job(61): 2016-09-09 20:05:17] function evaluations 24
[job(61): 2016-09-09 20:05:17] segments explored during Cauchy searches 21
[job(61): 2016-09-09 20:05:17] BFGS updates skipped 0
[job(61): 2016-09-09 20:05:17] active bounds at final generalized Cauchy point 0
[job(61): 2016-09-09 20:05:17] norm of the final projected gradient 3.64066e-08
[job(61): 2016-09-09 20:05:17] final function value -4.78361
[job(61): 2016-09-09 20:05:17] 
[job(61): 2016-09-09 20:05:17] F = -4.78361
[job(61): 2016-09-09 20:05:17] final  value -4.783609 
[job(61): 2016-09-09 20:05:17] converged
[job(61): 2016-09-09 20:05:17] [Tune-x] 12: C=1.89; sigma=0.133
[job(61): 2016-09-09 20:05:17] [Tune-y] 12: acc.test.mean=0.92; time: 0.0 min; memory: 117Mb use, 165Mb max
[job(61): 2016-09-09 20:05:17] 
[job(61): 2016-09-09 20:05:17] optimisation start
[job(61): 2016-09-09 20:05:17] ------------------
[job(61): 2016-09-09 20:05:17] * estimation method   : MLE 
[job(61): 2016-09-09 20:05:17] * optimisation method : BFGS 
[job(61): 2016-09-09 20:05:17] * analytical gradient : used
[job(61): 2016-09-09 20:05:17] * trend model : ~1
[job(61): 2016-09-09 20:05:17] * covariance model : 
[job(61): 2016-09-09 20:05:17]   - type :  matern5_2 
[job(61): 2016-09-09 20:05:17]   - nugget : NO
[job(61): 2016-09-09 20:05:17]   - parameters lower bounds :  1e-10 1e-10 
[job(61): 2016-09-09 20:05:17]   - parameters upper bounds :  45.89647 40.86689 
[job(61): 2016-09-09 20:05:17]   - best initial criterion value(s) :  4.903078 
[job(61): 2016-09-09 20:05:17] 
[job(61): 2016-09-09 20:05:17] N = 2, M = 5 machine precision = 2.22045e-16
[job(61): 2016-09-09 20:05:17] At X0, 0 variables are exactly at the bounds
[job(61): 2016-09-09 20:05:17] At iterate     0  f=      -4.9031  |proj g|=       6.5418
[job(61): 2016-09-09 20:05:17] At iterate     1  f =      -5.0575  |proj g|=       0.34717
[job(61): 2016-09-09 20:05:17] At iterate     2  f =      -5.0581  |proj g|=       0.18277
[job(61): 2016-09-09 20:05:17] At iterate     3  f =      -5.0584  |proj g|=       0.18261
[job(61): 2016-09-09 20:05:17] At iterate     4  f =      -5.0622  |proj g|=       0.24895
[job(61): 2016-09-09 20:05:17] At iterate     5  f =      -5.0692  |proj g|=       0.25318
[job(61): 2016-09-09 20:05:17] At iterate     6  f =      -5.0902  |proj g|=       0.26084
[job(61): 2016-09-09 20:05:17] At iterate     7  f =      -5.1413  |proj g|=        0.2715
[job(61): 2016-09-09 20:05:17] At iterate     8  f =      -5.2717  |proj g|=        0.2857
[job(61): 2016-09-09 20:05:17] At iterate     9  f =       -5.568  |proj g|=       0.29786
[job(61): 2016-09-09 20:05:17] At iterate    10  f =       -5.935  |proj g|=       0.28831
[job(61): 2016-09-09 20:05:17] At iterate    11  f =      -6.2138  |proj g|=     0.0022653
[job(61): 2016-09-09 20:05:17] At iterate    12  f =       -6.215  |proj g|=      0.052658
[job(61): 2016-09-09 20:05:17] At iterate    13  f =      -6.2152  |proj g|=      0.054873
[job(61): 2016-09-09 20:05:17] At iterate    14  f =      -6.2152  |proj g|=     0.0075757
[job(61): 2016-09-09 20:05:17] At iterate    15  f =      -6.2152  |proj g|=     0.0014621
[job(61): 2016-09-09 20:05:17] At iterate    16  f =      -6.2152  |proj g|=     0.0004549
[job(61): 2016-09-09 20:05:17] At iterate    17  f =      -6.2152  |proj g|=    5.6589e-05
[job(61): 2016-09-09 20:05:17] 
[job(61): 2016-09-09 20:05:17] iterations 17
[job(61): 2016-09-09 20:05:17] function evaluations 23
[job(61): 2016-09-09 20:05:17] segments explored during Cauchy searches 17
[job(61): 2016-09-09 20:05:17] BFGS updates skipped 0
[job(61): 2016-09-09 20:05:17] active bounds at final generalized Cauchy point 0
[job(61): 2016-09-09 20:05:17] norm of the final projected gradient 5.65887e-05
[job(61): 2016-09-09 20:05:17] final function value -6.2152
[job(61): 2016-09-09 20:05:17] 
[job(61): 2016-09-09 20:05:17] F = -6.2152
[job(61): 2016-09-09 20:05:17] final  value -6.215196 
[job(61): 2016-09-09 20:05:17] converged
[job(61): 2016-09-09 20:05:17] [Tune-x] 13: C=1.92; sigma=0.127
[job(61): 2016-09-09 20:05:17] [Tune-y] 13: acc.test.mean=0.922; time: 0.0 min; memory: 117Mb use, 165Mb max
[job(61): 2016-09-09 20:05:17] 
[job(61): 2016-09-09 20:05:17] optimisation start
[job(61): 2016-09-09 20:05:17] ------------------
[job(61): 2016-09-09 20:05:17] * estimation method   : MLE 
[job(61): 2016-09-09 20:05:17] * optimisation method : BFGS 
[job(61): 2016-09-09 20:05:17] * analytical gradient : used
[job(61): 2016-09-09 20:05:17] * trend model : ~1
[job(61): 2016-09-09 20:05:17] * covariance model : 
[job(61): 2016-09-09 20:05:17]   - type :  matern5_2 
[job(61): 2016-09-09 20:05:17]   - nugget : NO
[job(61): 2016-09-09 20:05:17]   - parameters lower bounds :  1e-10 1e-10 
[job(61): 2016-09-09 20:05:17]   - parameters upper bounds :  45.89647 40.86689 
[job(61): 2016-09-09 20:05:17]   - best initial criterion value(s) :  7.657016 
[job(61): 2016-09-09 20:05:17] 
[job(61): 2016-09-09 20:05:17] N = 2, M = 5 machine precision = 2.22045e-16
[job(61): 2016-09-09 20:05:17] At X0, 0 variables are exactly at the bounds
[job(61): 2016-09-09 20:05:17] At iterate     0  f=       -7.657  |proj g|=       24.728
[job(61): 2016-09-09 20:05:17] At iterate     1  f =      -7.7728  |proj g|=       0.27022
[job(61): 2016-09-09 20:05:17] At iterate     2  f =      -7.7728  |proj g|=     0.0068151
[job(61): 2016-09-09 20:05:17] At iterate     3  f =      -7.7728  |proj g|=    2.0862e-05
[job(61): 2016-09-09 20:05:17] 
[job(61): 2016-09-09 20:05:17] iterations 3
[job(61): 2016-09-09 20:05:17] function evaluations 8
[job(61): 2016-09-09 20:05:17] segments explored during Cauchy searches 3
[job(61): 2016-09-09 20:05:17] BFGS updates skipped 0
[job(61): 2016-09-09 20:05:17] active bounds at final generalized Cauchy point 0
[job(61): 2016-09-09 20:05:17] norm of the final projected gradient 2.08615e-05
[job(61): 2016-09-09 20:05:17] final function value -7.77277
[job(61): 2016-09-09 20:05:17] 
[job(61): 2016-09-09 20:05:17] F = -7.77277
[job(61): 2016-09-09 20:05:17] final  value -7.772772 
[job(61): 2016-09-09 20:05:17] converged
[job(61): 2016-09-09 20:05:17] [Tune-x] 14: C=1.94; sigma=0.138
[job(61): 2016-09-09 20:05:17] [Tune-y] 14: acc.test.mean=0.92; time: 0.0 min; memory: 117Mb use, 165Mb max
[job(61): 2016-09-09 20:05:17] 
[job(61): 2016-09-09 20:05:17] optimisation start
[job(61): 2016-09-09 20:05:17] ------------------
[job(61): 2016-09-09 20:05:17] * estimation method   : MLE 
[job(61): 2016-09-09 20:05:17] * optimisation method : BFGS 
[job(61): 2016-09-09 20:05:17] * analytical gradient : used
[job(61): 2016-09-09 20:05:17] * trend model : ~1
[job(61): 2016-09-09 20:05:17] * covariance model : 
[job(61): 2016-09-09 20:05:17]   - type :  matern5_2 
[job(61): 2016-09-09 20:05:17]   - nugget : NO
[job(61): 2016-09-09 20:05:17]   - parameters lower bounds :  1e-10 1e-10 
[job(61): 2016-09-09 20:05:17]   - parameters upper bounds :  45.89647 40.86689 
[job(61): 2016-09-09 20:05:17]   - best initial criterion value(s) :  -8.292891 
[job(61): 2016-09-09 20:05:17] 
[job(61): 2016-09-09 20:05:17] N = 2, M = 5 machine precision = 2.22045e-16
[job(61): 2016-09-09 20:05:17] At X0, 0 variables are exactly at the bounds
[job(61): 2016-09-09 20:05:17] At iterate     0  f=       8.2929  |proj g|=      0.55104
[job(61): 2016-09-09 20:05:17] At iterate     1  f =     -0.74221  |proj g|=             0
[job(61): 2016-09-09 20:05:17] 
[job(61): 2016-09-09 20:05:17] iterations 1
[job(61): 2016-09-09 20:05:17] function evaluations 2
[job(61): 2016-09-09 20:05:17] segments explored during Cauchy searches 2
[job(61): 2016-09-09 20:05:17] BFGS updates skipped 0
[job(61): 2016-09-09 20:05:17] active bounds at final generalized Cauchy point 1
[job(61): 2016-09-09 20:05:17] norm of the final projected gradient 0
[job(61): 2016-09-09 20:05:17] final function value -0.742205
[job(61): 2016-09-09 20:05:17] 
[job(61): 2016-09-09 20:05:17] F = -0.742205
[job(61): 2016-09-09 20:05:17] final  value -0.742205 
[job(61): 2016-09-09 20:05:17] converged
[job(61): 2016-09-09 20:05:17] [Tune-x] 15: C=4.83; sigma=27.5
[job(61): 2016-09-09 20:05:17] [Tune-y] 15: acc.test.mean=0.412; time: 0.0 min; memory: 117Mb use, 165Mb max
[job(61): 2016-09-09 20:05:17] 
[job(61): 2016-09-09 20:05:17] optimisation start
[job(61): 2016-09-09 20:05:17] ------------------
[job(61): 2016-09-09 20:05:17] * estimation method   : MLE 
[job(61): 2016-09-09 20:05:17] * optimisation method : BFGS 
[job(61): 2016-09-09 20:05:17] * analytical gradient : used
[job(61): 2016-09-09 20:05:17] * trend model : ~1
[job(61): 2016-09-09 20:05:17] * covariance model : 
[job(61): 2016-09-09 20:05:17]   - type :  matern5_2 
[job(61): 2016-09-09 20:05:17]   - nugget : NO
[job(61): 2016-09-09 20:05:17]   - parameters lower bounds :  1e-10 1e-10 
[job(61): 2016-09-09 20:05:17]   - parameters upper bounds :  45.89647 40.86689 
[job(61): 2016-09-09 20:05:17]   - best initial criterion value(s) :  -43.20222 
[job(61): 2016-09-09 20:05:17] 
[job(61): 2016-09-09 20:05:17] N = 2, M = 5 machine precision = 2.22045e-16
[job(61): 2016-09-09 20:05:17] At X0, 0 variables are exactly at the bounds
[job(61): 2016-09-09 20:05:17] At iterate     0  f=       43.202  |proj g|=       1.9717
[job(61): 2016-09-09 20:05:17] At iterate     1  f =     -0.43381  |proj g|=             0
[job(61): 2016-09-09 20:05:17] 
[job(61): 2016-09-09 20:05:17] iterations 1
[job(61): 2016-09-09 20:05:17] function evaluations 2
[job(61): 2016-09-09 20:05:17] segments explored during Cauchy searches 2
[job(61): 2016-09-09 20:05:17] BFGS updates skipped 0
[job(61): 2016-09-09 20:05:17] active bounds at final generalized Cauchy point 1
[job(61): 2016-09-09 20:05:17] norm of the final projected gradient 0
[job(61): 2016-09-09 20:05:17] final function value -0.433805
[job(61): 2016-09-09 20:05:17] 
[job(61): 2016-09-09 20:05:17] F = -0.433805
[job(61): 2016-09-09 20:05:17] final  value -0.433805 
[job(61): 2016-09-09 20:05:17] converged
[job(61): 2016-09-09 20:05:17] [Tune-x] 16: C=959; sigma=0.00535
[job(61): 2016-09-09 20:05:17] [Tune-y] 16: acc.test.mean=0.954; time: 0.0 min; memory: 117Mb use, 165Mb max
[job(61): 2016-09-09 20:05:17] 
[job(61): 2016-09-09 20:05:17] optimisation start
[job(61): 2016-09-09 20:05:17] ------------------
[job(61): 2016-09-09 20:05:17] * estimation method   : MLE 
[job(61): 2016-09-09 20:05:17] * optimisation method : BFGS 
[job(61): 2016-09-09 20:05:17] * analytical gradient : used
[job(61): 2016-09-09 20:05:17] * trend model : ~1
[job(61): 2016-09-09 20:05:17] * covariance model : 
[job(61): 2016-09-09 20:05:17]   - type :  matern5_2 
[job(61): 2016-09-09 20:05:17]   - nugget : NO
[job(61): 2016-09-09 20:05:17]   - parameters lower bounds :  1e-10 1e-10 
[job(61): 2016-09-09 20:05:17]   - parameters upper bounds :  45.89647 40.86689 
[job(61): 2016-09-09 20:05:17]   - best initial criterion value(s) :  -25.82659 
[job(61): 2016-09-09 20:05:17] 
[job(61): 2016-09-09 20:05:17] N = 2, M = 5 machine precision = 2.22045e-16
[job(61): 2016-09-09 20:05:17] At X0, 0 variables are exactly at the bounds
[job(61): 2016-09-09 20:05:17] At iterate     0  f=       25.827  |proj g|=      0.42901
[job(61): 2016-09-09 20:05:17] At iterate     1  f =     -0.43563  |proj g|=             0
[job(61): 2016-09-09 20:05:17] 
[job(61): 2016-09-09 20:05:17] iterations 1
[job(61): 2016-09-09 20:05:17] function evaluations 2
[job(61): 2016-09-09 20:05:17] segments explored during Cauchy searches 2
[job(61): 2016-09-09 20:05:17] BFGS updates skipped 0
[job(61): 2016-09-09 20:05:17] active bounds at final generalized Cauchy point 1
[job(61): 2016-09-09 20:05:17] norm of the final projected gradient 0
[job(61): 2016-09-09 20:05:17] final function value -0.435627
[job(61): 2016-09-09 20:05:17] 
[job(61): 2016-09-09 20:05:17] F = -0.435627
[job(61): 2016-09-09 20:05:17] final  value -0.435627 
[job(61): 2016-09-09 20:05:17] converged
[job(61): 2016-09-09 20:05:17] [Tune-x] 17: C=13.4; sigma=3.54e+03
[job(61): 2016-09-09 20:05:17] [Tune-y] 17: acc.test.mean=0.419; time: 0.0 min; memory: 117Mb use, 165Mb max
[job(61): 2016-09-09 20:05:17] 
[job(61): 2016-09-09 20:05:17] optimisation start
[job(61): 2016-09-09 20:05:17] ------------------
[job(61): 2016-09-09 20:05:17] * estimation method   : MLE 
[job(61): 2016-09-09 20:05:17] * optimisation method : BFGS 
[job(61): 2016-09-09 20:05:17] * analytical gradient : used
[job(61): 2016-09-09 20:05:17] * trend model : ~1
[job(61): 2016-09-09 20:05:17] * covariance model : 
[job(61): 2016-09-09 20:05:17]   - type :  matern5_2 
[job(61): 2016-09-09 20:05:17]   - nugget : NO
[job(61): 2016-09-09 20:05:17]   - parameters lower bounds :  1e-10 1e-10 
[job(61): 2016-09-09 20:05:17]   - parameters upper bounds :  45.89647 44.97477 
[job(61): 2016-09-09 20:05:17]   - best initial criterion value(s) :  -29.80458 
[job(61): 2016-09-09 20:05:17] 
[job(61): 2016-09-09 20:05:17] N = 2, M = 5 machine precision = 2.22045e-16
[job(61): 2016-09-09 20:05:17] At X0, 0 variables are exactly at the bounds
[job(61): 2016-09-09 20:05:17] At iterate     0  f=       29.805  |proj g|=      0.95783
[job(61): 2016-09-09 20:05:17] At iterate     1  f =     -0.19801  |proj g|=             0
[job(61): 2016-09-09 20:05:17] 
[job(61): 2016-09-09 20:05:17] iterations 1
[job(61): 2016-09-09 20:05:17] function evaluations 2
[job(61): 2016-09-09 20:05:17] segments explored during Cauchy searches 2
[job(61): 2016-09-09 20:05:17] BFGS updates skipped 0
[job(61): 2016-09-09 20:05:17] active bounds at final generalized Cauchy point 1
[job(61): 2016-09-09 20:05:17] norm of the final projected gradient 0
[job(61): 2016-09-09 20:05:17] final function value -0.198006
[job(61): 2016-09-09 20:05:17] 
[job(61): 2016-09-09 20:05:17] F = -0.198006
[job(61): 2016-09-09 20:05:17] final  value -0.198006 
[job(61): 2016-09-09 20:05:17] converged
[job(61): 2016-09-09 20:05:17] [Tune-x] 18: C=0.000887; sigma=0.000264
[job(61): 2016-09-09 20:05:17] [Tune-y] 18: acc.test.mean=0.442; time: 0.0 min; memory: 117Mb use, 165Mb max
[job(61): 2016-09-09 20:05:17] 
[job(61): 2016-09-09 20:05:17] optimisation start
[job(61): 2016-09-09 20:05:17] ------------------
[job(61): 2016-09-09 20:05:17] * estimation method   : MLE 
[job(61): 2016-09-09 20:05:17] * optimisation method : BFGS 
[job(61): 2016-09-09 20:05:17] * analytical gradient : used
[job(61): 2016-09-09 20:05:17] * trend model : ~1
[job(61): 2016-09-09 20:05:17] * covariance model : 
[job(61): 2016-09-09 20:05:17]   - type :  matern5_2 
[job(61): 2016-09-09 20:05:17]   - nugget : NO
[job(61): 2016-09-09 20:05:17]   - parameters lower bounds :  1e-10 1e-10 
[job(61): 2016-09-09 20:05:17]   - parameters upper bounds :  45.89647 47.3475 
[job(61): 2016-09-09 20:05:17]   - best initial criterion value(s) :  -41.059 
[job(61): 2016-09-09 20:05:17] 
[job(61): 2016-09-09 20:05:17] N = 2, M = 5 machine precision = 2.22045e-16
[job(61): 2016-09-09 20:05:17] At X0, 0 variables are exactly at the bounds
[job(61): 2016-09-09 20:05:17] At iterate     0  f=       41.059  |proj g|=       1.2699
[job(61): 2016-09-09 20:05:17] At iterate     1  f =     -0.15104  |proj g|=             0
[job(61): 2016-09-09 20:05:17] 
[job(61): 2016-09-09 20:05:17] iterations 1
[job(61): 2016-09-09 20:05:17] function evaluations 2
[job(61): 2016-09-09 20:05:17] segments explored during Cauchy searches 2
[job(61): 2016-09-09 20:05:17] BFGS updates skipped 0
[job(61): 2016-09-09 20:05:17] active bounds at final generalized Cauchy point 1
[job(61): 2016-09-09 20:05:17] norm of the final projected gradient 0
[job(61): 2016-09-09 20:05:17] final function value -0.151044
[job(61): 2016-09-09 20:05:17] 
[job(61): 2016-09-09 20:05:17] F = -0.151044
[job(61): 2016-09-09 20:05:17] final  value -0.151044 
[job(61): 2016-09-09 20:05:17] converged
[job(61): 2016-09-09 20:05:17] [Tune-x] 19: C=904; sigma=186
[job(61): 2016-09-09 20:05:17] [Tune-y] 19: acc.test.mean=0.502; time: 0.0 min; memory: 117Mb use, 165Mb max
[job(61): 2016-09-09 20:05:17] 
[job(61): 2016-09-09 20:05:17] optimisation start
[job(61): 2016-09-09 20:05:17] ------------------
[job(61): 2016-09-09 20:05:17] * estimation method   : MLE 
[job(61): 2016-09-09 20:05:17] * optimisation method : BFGS 
[job(61): 2016-09-09 20:05:17] * analytical gradient : used
[job(61): 2016-09-09 20:05:17] * trend model : ~1
[job(61): 2016-09-09 20:05:17] * covariance model : 
[job(61): 2016-09-09 20:05:17]   - type :  matern5_2 
[job(61): 2016-09-09 20:05:17]   - nugget : NO
[job(61): 2016-09-09 20:05:17]   - parameters lower bounds :  1e-10 1e-10 
[job(61): 2016-09-09 20:05:17]   - parameters upper bounds :  45.89647 47.3475 
[job(61): 2016-09-09 20:05:17]   - best initial criterion value(s) :  -89.02983 
[job(61): 2016-09-09 20:05:17] 
[job(61): 2016-09-09 20:05:17] N = 2, M = 5 machine precision = 2.22045e-16
[job(61): 2016-09-09 20:05:17] At X0, 0 variables are exactly at the bounds
[job(61): 2016-09-09 20:05:17] At iterate     0  f=        89.03  |proj g|=       3.6947
[job(61): 2016-09-09 20:05:17] At iterate     1  f =       63.914  |proj g|=        2.3747
[job(61): 2016-09-09 20:05:17] ys=-3.522e+01  -gs= 1.365e+01, BFGS update SKIPPED
[job(61): 2016-09-09 20:05:17] At iterate     2  f =     -0.37838  |proj g|=             0
[job(61): 2016-09-09 20:05:17] 
[job(61): 2016-09-09 20:05:17] iterations 2
[job(61): 2016-09-09 20:05:17] function evaluations 3
[job(61): 2016-09-09 20:05:17] segments explored during Cauchy searches 3
[job(61): 2016-09-09 20:05:17] BFGS updates skipped 1
[job(61): 2016-09-09 20:05:17] active bounds at final generalized Cauchy point 1
[job(61): 2016-09-09 20:05:17] norm of the final projected gradient 0
[job(61): 2016-09-09 20:05:17] final function value -0.378378
[job(61): 2016-09-09 20:05:17] 
[job(61): 2016-09-09 20:05:17] F = -0.378378
[job(61): 2016-09-09 20:05:17] final  value -0.378378 
[job(61): 2016-09-09 20:05:17] converged
[job(61): 2016-09-09 20:05:17] [Tune-x] 20: C=0.485; sigma=0.0793
[job(61): 2016-09-09 20:05:17] [Tune-y] 20: acc.test.mean=0.909; time: 0.0 min; memory: 117Mb use, 165Mb max
[job(61): 2016-09-09 20:05:17] 
[job(61): 2016-09-09 20:05:17] optimisation start
[job(61): 2016-09-09 20:05:17] ------------------
[job(61): 2016-09-09 20:05:17] * estimation method   : MLE 
[job(61): 2016-09-09 20:05:17] * optimisation method : BFGS 
[job(61): 2016-09-09 20:05:17] * analytical gradient : used
[job(61): 2016-09-09 20:05:17] * trend model : ~1
[job(61): 2016-09-09 20:05:17] * covariance model : 
[job(61): 2016-09-09 20:05:17]   - type :  matern5_2 
[job(61): 2016-09-09 20:05:17]   - nugget : NO
[job(61): 2016-09-09 20:05:17]   - parameters lower bounds :  1e-10 1e-10 
[job(61): 2016-09-09 20:05:17]   - parameters upper bounds :  45.89647 47.3475 
[job(61): 2016-09-09 20:05:17]   - best initial criterion value(s) :  -0.7835227 
[job(61): 2016-09-09 20:05:17] 
[job(61): 2016-09-09 20:05:17] N = 2, M = 5 machine precision = 2.22045e-16
[job(61): 2016-09-09 20:05:17] At X0, 0 variables are exactly at the bounds
[job(61): 2016-09-09 20:05:17] At iterate     0  f=      0.78352  |proj g|=      0.31733
[job(61): 2016-09-09 20:05:17] At iterate     1  f =     -0.44708  |proj g|=             0
[job(61): 2016-09-09 20:05:17] 
[job(61): 2016-09-09 20:05:17] iterations 1
[job(61): 2016-09-09 20:05:17] function evaluations 2
[job(61): 2016-09-09 20:05:17] segments explored during Cauchy searches 2
[job(61): 2016-09-09 20:05:17] BFGS updates skipped 0
[job(61): 2016-09-09 20:05:17] active bounds at final generalized Cauchy point 1
[job(61): 2016-09-09 20:05:17] norm of the final projected gradient 0
[job(61): 2016-09-09 20:05:17] final function value -0.447076
[job(61): 2016-09-09 20:05:17] 
[job(61): 2016-09-09 20:05:17] F = -0.447076
[job(61): 2016-09-09 20:05:17] final  value -0.447076 
[job(61): 2016-09-09 20:05:17] converged
[job(61): 2016-09-09 20:05:17] [Tune-x] 21: C=1.09e+03; sigma=0.00208
[job(61): 2016-09-09 20:05:17] [Tune-y] 21: acc.test.mean=0.922; time: 0.0 min; memory: 117Mb use, 165Mb max
[job(61): 2016-09-09 20:05:17] 
[job(61): 2016-09-09 20:05:17] optimisation start
[job(61): 2016-09-09 20:05:17] ------------------
[job(61): 2016-09-09 20:05:17] * estimation method   : MLE 
[job(61): 2016-09-09 20:05:17] * optimisation method : BFGS 
[job(61): 2016-09-09 20:05:17] * analytical gradient : used
[job(61): 2016-09-09 20:05:17] * trend model : ~1
[job(61): 2016-09-09 20:05:17] * covariance model : 
[job(61): 2016-09-09 20:05:17]   - type :  matern5_2 
[job(61): 2016-09-09 20:05:17]   - nugget : NO
[job(61): 2016-09-09 20:05:17]   - parameters lower bounds :  1e-10 1e-10 
[job(61): 2016-09-09 20:05:17]   - parameters upper bounds :  45.89647 47.3475 
[job(61): 2016-09-09 20:05:17]   - best initial criterion value(s) :  -61.94781 
[job(61): 2016-09-09 20:05:17] 
[job(61): 2016-09-09 20:05:17] N = 2, M = 5 machine precision = 2.22045e-16
[job(61): 2016-09-09 20:05:17] At X0, 0 variables are exactly at the bounds
[job(61): 2016-09-09 20:05:17] At iterate     0  f=       61.948  |proj g|=       1.7236
[job(61): 2016-09-09 20:05:17] At iterate     1  f =     -0.51101  |proj g|=             0
[job(61): 2016-09-09 20:05:17] 
[job(61): 2016-09-09 20:05:17] iterations 1
[job(61): 2016-09-09 20:05:17] function evaluations 2
[job(61): 2016-09-09 20:05:17] segments explored during Cauchy searches 2
[job(61): 2016-09-09 20:05:17] BFGS updates skipped 0
[job(61): 2016-09-09 20:05:17] active bounds at final generalized Cauchy point 1
[job(61): 2016-09-09 20:05:17] norm of the final projected gradient 0
[job(61): 2016-09-09 20:05:17] final function value -0.511006
[job(61): 2016-09-09 20:05:17] 
[job(61): 2016-09-09 20:05:17] F = -0.511006
[job(61): 2016-09-09 20:05:17] final  value -0.511006 
[job(61): 2016-09-09 20:05:17] converged
[job(61): 2016-09-09 20:05:17] [Tune-x] 22: C=0.367; sigma=0.263
[job(61): 2016-09-09 20:05:17] [Tune-y] 22: acc.test.mean=0.911; time: 0.0 min; memory: 117Mb use, 172Mb max
[job(61): 2016-09-09 20:05:17] 
[job(61): 2016-09-09 20:05:17] optimisation start
[job(61): 2016-09-09 20:05:17] ------------------
[job(61): 2016-09-09 20:05:17] * estimation method   : MLE 
[job(61): 2016-09-09 20:05:17] * optimisation method : BFGS 
[job(61): 2016-09-09 20:05:17] * analytical gradient : used
[job(61): 2016-09-09 20:05:17] * trend model : ~1
[job(61): 2016-09-09 20:05:17] * covariance model : 
[job(61): 2016-09-09 20:05:17]   - type :  matern5_2 
[job(61): 2016-09-09 20:05:17]   - nugget : NO
[job(61): 2016-09-09 20:05:17]   - parameters lower bounds :  1e-10 1e-10 
[job(61): 2016-09-09 20:05:17]   - parameters upper bounds :  45.89647 47.3475 
[job(61): 2016-09-09 20:05:17]   - best initial criterion value(s) :  -31.76715 
[job(61): 2016-09-09 20:05:17] 
[job(61): 2016-09-09 20:05:17] N = 2, M = 5 machine precision = 2.22045e-16
[job(61): 2016-09-09 20:05:17] At X0, 0 variables are exactly at the bounds
[job(61): 2016-09-09 20:05:17] At iterate     0  f=       31.767  |proj g|=      0.81287
[job(61): 2016-09-09 20:05:17] At iterate     1  f =      -0.6571  |proj g|=             0
[job(61): 2016-09-09 20:05:17] 
[job(61): 2016-09-09 20:05:17] iterations 1
[job(61): 2016-09-09 20:05:17] function evaluations 2
[job(61): 2016-09-09 20:05:17] segments explored during Cauchy searches 2
[job(61): 2016-09-09 20:05:17] BFGS updates skipped 0
[job(61): 2016-09-09 20:05:17] active bounds at final generalized Cauchy point 1
[job(61): 2016-09-09 20:05:17] norm of the final projected gradient 0
[job(61): 2016-09-09 20:05:17] final function value -0.657105
[job(61): 2016-09-09 20:05:17] 
[job(61): 2016-09-09 20:05:17] F = -0.657105
[job(61): 2016-09-09 20:05:17] final  value -0.657105 
[job(61): 2016-09-09 20:05:17] converged
[job(61): 2016-09-09 20:05:17] [Tune-x] 23: C=2.09; sigma=1.85e+03
[job(61): 2016-09-09 20:05:17] [Tune-y] 23: acc.test.mean=0.442; time: 0.0 min; memory: 117Mb use, 172Mb max
[job(61): 2016-09-09 20:05:17] 
[job(61): 2016-09-09 20:05:17] optimisation start
[job(61): 2016-09-09 20:05:17] ------------------
[job(61): 2016-09-09 20:05:17] * estimation method   : MLE 
[job(61): 2016-09-09 20:05:17] * optimisation method : BFGS 
[job(61): 2016-09-09 20:05:17] * analytical gradient : used
[job(61): 2016-09-09 20:05:17] * trend model : ~1
[job(61): 2016-09-09 20:05:17] * covariance model : 
[job(61): 2016-09-09 20:05:17]   - type :  matern5_2 
[job(61): 2016-09-09 20:05:17]   - nugget : NO
[job(61): 2016-09-09 20:05:17]   - parameters lower bounds :  1e-10 1e-10 
[job(61): 2016-09-09 20:05:17]   - parameters upper bounds :  45.89647 47.3475 
[job(61): 2016-09-09 20:05:17]   - best initial criterion value(s) :  -1.038932 
[job(61): 2016-09-09 20:05:17] 
[job(61): 2016-09-09 20:05:17] N = 2, M = 5 machine precision = 2.22045e-16
[job(61): 2016-09-09 20:05:17] At X0, 0 variables are exactly at the bounds
[job(61): 2016-09-09 20:05:17] At iterate     0  f=       1.0389  |proj g|=      0.10544
[job(61): 2016-09-09 20:05:17] At iterate     1  f =     -0.56409  |proj g|=             0
[job(61): 2016-09-09 20:05:17] 
[job(61): 2016-09-09 20:05:17] iterations 1
[job(61): 2016-09-09 20:05:17] function evaluations 2
[job(61): 2016-09-09 20:05:17] segments explored during Cauchy searches 2
[job(61): 2016-09-09 20:05:17] BFGS updates skipped 0
[job(61): 2016-09-09 20:05:17] active bounds at final generalized Cauchy point 1
[job(61): 2016-09-09 20:05:17] norm of the final projected gradient 0
[job(61): 2016-09-09 20:05:17] final function value -0.564085
[job(61): 2016-09-09 20:05:17] 
[job(61): 2016-09-09 20:05:17] F = -0.564085
[job(61): 2016-09-09 20:05:17] final  value -0.564085 
[job(61): 2016-09-09 20:05:17] converged
[job(61): 2016-09-09 20:05:17] [Tune-x] 24: C=0.00111; sigma=27.3
[job(61): 2016-09-09 20:05:17] [Tune-y] 24: acc.test.mean=0.417; time: 0.0 min; memory: 117Mb use, 172Mb max
[job(61): 2016-09-09 20:05:17] 
[job(61): 2016-09-09 20:05:17] optimisation start
[job(61): 2016-09-09 20:05:17] ------------------
[job(61): 2016-09-09 20:05:17] * estimation method   : MLE 
[job(61): 2016-09-09 20:05:17] * optimisation method : BFGS 
[job(61): 2016-09-09 20:05:17] * analytical gradient : used
[job(61): 2016-09-09 20:05:17] * trend model : ~1
[job(61): 2016-09-09 20:05:17] * covariance model : 
[job(61): 2016-09-09 20:05:17]   - type :  matern5_2 
[job(61): 2016-09-09 20:05:17]   - nugget : NO
[job(61): 2016-09-09 20:05:17]   - parameters lower bounds :  1e-10 1e-10 
[job(61): 2016-09-09 20:05:17]   - parameters upper bounds :  45.89647 47.3475 
[job(61): 2016-09-09 20:05:17]   - best initial criterion value(s) :  -80.45008 
[job(61): 2016-09-09 20:05:17] 
[job(61): 2016-09-09 20:05:17] N = 2, M = 5 machine precision = 2.22045e-16
[job(61): 2016-09-09 20:05:17] At X0, 0 variables are exactly at the bounds
[job(61): 2016-09-09 20:05:17] At iterate     0  f=        80.45  |proj g|=       2.4194
[job(61): 2016-09-09 20:05:17] At iterate     1  f =      -0.4099  |proj g|=             0
[job(61): 2016-09-09 20:05:17] 
[job(61): 2016-09-09 20:05:17] iterations 1
[job(61): 2016-09-09 20:05:17] function evaluations 2
[job(61): 2016-09-09 20:05:17] segments explored during Cauchy searches 2
[job(61): 2016-09-09 20:05:17] BFGS updates skipped 0
[job(61): 2016-09-09 20:05:17] active bounds at final generalized Cauchy point 1
[job(61): 2016-09-09 20:05:17] norm of the final projected gradient 0
[job(61): 2016-09-09 20:05:17] final function value -0.409901
[job(61): 2016-09-09 20:05:17] 
[job(61): 2016-09-09 20:05:17] F = -0.409901
[job(61): 2016-09-09 20:05:17] final  value -0.409901 
[job(61): 2016-09-09 20:05:17] converged
[job(61): 2016-09-09 20:05:17] [Tune-x] 25: C=1.1; sigma=126
[job(61): 2016-09-09 20:05:17] [Tune-y] 25: acc.test.mean=0.419; time: 0.0 min; memory: 117Mb use, 172Mb max
[job(61): 2016-09-09 20:05:17] 
[job(61): 2016-09-09 20:05:17] optimisation start
[job(61): 2016-09-09 20:05:17] ------------------
[job(61): 2016-09-09 20:05:17] * estimation method   : MLE 
[job(61): 2016-09-09 20:05:17] * optimisation method : BFGS 
[job(61): 2016-09-09 20:05:17] * analytical gradient : used
[job(61): 2016-09-09 20:05:17] * trend model : ~1
[job(61): 2016-09-09 20:05:17] * covariance model : 
[job(61): 2016-09-09 20:05:17]   - type :  matern5_2 
[job(61): 2016-09-09 20:05:17]   - nugget : NO
[job(61): 2016-09-09 20:05:17]   - parameters lower bounds :  1e-10 1e-10 
[job(61): 2016-09-09 20:05:17]   - parameters upper bounds :  45.89647 47.3475 
[job(61): 2016-09-09 20:05:17]   - best initial criterion value(s) :  -70.35677 
[job(61): 2016-09-09 20:05:17] 
[job(61): 2016-09-09 20:05:17] N = 2, M = 5 machine precision = 2.22045e-16
[job(61): 2016-09-09 20:05:17] At X0, 0 variables are exactly at the bounds
[job(61): 2016-09-09 20:05:17] At iterate     0  f=       70.357  |proj g|=       1.5791
[job(61): 2016-09-09 20:05:17] At iterate     1  f =     -0.31905  |proj g|=             0
[job(61): 2016-09-09 20:05:17] 
[job(61): 2016-09-09 20:05:17] iterations 1
[job(61): 2016-09-09 20:05:17] function evaluations 2
[job(61): 2016-09-09 20:05:17] segments explored during Cauchy searches 2
[job(61): 2016-09-09 20:05:17] BFGS updates skipped 0
[job(61): 2016-09-09 20:05:17] active bounds at final generalized Cauchy point 1
[job(61): 2016-09-09 20:05:17] norm of the final projected gradient 0
[job(61): 2016-09-09 20:05:17] final function value -0.319049
[job(61): 2016-09-09 20:05:17] 
[job(61): 2016-09-09 20:05:17] F = -0.319049
[job(61): 2016-09-09 20:05:17] final  value -0.319049 
[job(61): 2016-09-09 20:05:17] converged
[job(61): 2016-09-09 20:05:17] [Tune-x] 26: C=1.12e+03; sigma=0.000446
[job(61): 2016-09-09 20:05:17] [Tune-y] 26: acc.test.mean=0.901; time: 0.0 min; memory: 117Mb use, 172Mb max
[job(61): 2016-09-09 20:05:17] 
[job(61): 2016-09-09 20:05:17] optimisation start
[job(61): 2016-09-09 20:05:17] ------------------
[job(61): 2016-09-09 20:05:17] * estimation method   : MLE 
[job(61): 2016-09-09 20:05:17] * optimisation method : BFGS 
[job(61): 2016-09-09 20:05:17] * analytical gradient : used
[job(61): 2016-09-09 20:05:17] * trend model : ~1
[job(61): 2016-09-09 20:05:17] * covariance model : 
[job(61): 2016-09-09 20:05:17]   - type :  matern5_2 
[job(61): 2016-09-09 20:05:17]   - nugget : NO
[job(61): 2016-09-09 20:05:17]   - parameters lower bounds :  1e-10 1e-10 
[job(61): 2016-09-09 20:05:17]   - parameters upper bounds :  45.89647 47.3475 
[job(61): 2016-09-09 20:05:17]   - best initial criterion value(s) :  -23.03555 
[job(61): 2016-09-09 20:05:17] 
[job(61): 2016-09-09 20:05:17] N = 2, M = 5 machine precision = 2.22045e-16
[job(61): 2016-09-09 20:05:17] At X0, 0 variables are exactly at the bounds
[job(61): 2016-09-09 20:05:17] At iterate     0  f=       23.036  |proj g|=      0.56907
[job(61): 2016-09-09 20:05:17] At iterate     1  f =     -0.40839  |proj g|=             0
[job(61): 2016-09-09 20:05:17] 
[job(61): 2016-09-09 20:05:17] iterations 1
[job(61): 2016-09-09 20:05:17] function evaluations 2
[job(61): 2016-09-09 20:05:17] segments explored during Cauchy searches 2
[job(61): 2016-09-09 20:05:17] BFGS updates skipped 0
[job(61): 2016-09-09 20:05:17] active bounds at final generalized Cauchy point 1
[job(61): 2016-09-09 20:05:17] norm of the final projected gradient 0
[job(61): 2016-09-09 20:05:17] final function value -0.408395
[job(61): 2016-09-09 20:05:17] 
[job(61): 2016-09-09 20:05:17] F = -0.408395
[job(61): 2016-09-09 20:05:17] final  value -0.408395 
[job(61): 2016-09-09 20:05:17] converged
[job(61): 2016-09-09 20:05:17] [Tune-x] 27: C=0.00137; sigma=0.000293
[job(61): 2016-09-09 20:05:17] [Tune-y] 27: acc.test.mean=0.522; time: 0.0 min; memory: 117Mb use, 172Mb max
[job(61): 2016-09-09 20:05:17] 
[job(61): 2016-09-09 20:05:17] optimisation start
[job(61): 2016-09-09 20:05:17] ------------------
[job(61): 2016-09-09 20:05:17] * estimation method   : MLE 
[job(61): 2016-09-09 20:05:17] * optimisation method : BFGS 
[job(61): 2016-09-09 20:05:17] * analytical gradient : used
[job(61): 2016-09-09 20:05:17] * trend model : ~1
[job(61): 2016-09-09 20:05:17] * covariance model : 
[job(61): 2016-09-09 20:05:17]   - type :  matern5_2 
[job(61): 2016-09-09 20:05:17]   - nugget : NO
[job(61): 2016-09-09 20:05:17]   - parameters lower bounds :  1e-10 1e-10 
[job(61): 2016-09-09 20:05:17]   - parameters upper bounds :  45.89647 47.3475 
[job(61): 2016-09-09 20:05:17]   - best initial criterion value(s) :  -125.135 
[job(61): 2016-09-09 20:05:17] 
[job(61): 2016-09-09 20:05:17] N = 2, M = 5 machine precision = 2.22045e-16
[job(61): 2016-09-09 20:05:17] At X0, 0 variables are exactly at the bounds
[job(61): 2016-09-09 20:05:17] At iterate     0  f=       125.14  |proj g|=       5.7621
[job(61): 2016-09-09 20:05:17] At iterate     1  f =     -0.70116  |proj g|=             0
[job(61): 2016-09-09 20:05:17] 
[job(61): 2016-09-09 20:05:17] iterations 1
[job(61): 2016-09-09 20:05:17] function evaluations 2
[job(61): 2016-09-09 20:05:17] segments explored during Cauchy searches 2
[job(61): 2016-09-09 20:05:17] BFGS updates skipped 0
[job(61): 2016-09-09 20:05:17] active bounds at final generalized Cauchy point 1
[job(61): 2016-09-09 20:05:17] norm of the final projected gradient 0
[job(61): 2016-09-09 20:05:17] final function value -0.701157
[job(61): 2016-09-09 20:05:17] 
[job(61): 2016-09-09 20:05:17] F = -0.701157
[job(61): 2016-09-09 20:05:17] final  value -0.701157 
[job(61): 2016-09-09 20:05:17] converged
[job(61): 2016-09-09 20:05:17] [Tune-x] 28: C=0.000283; sigma=2.55e+03
[job(61): 2016-09-09 20:05:17] [Tune-y] 28: acc.test.mean=0.444; time: 0.0 min; memory: 117Mb use, 172Mb max
[job(61): 2016-09-09 20:05:17] 
[job(61): 2016-09-09 20:05:17] optimisation start
[job(61): 2016-09-09 20:05:17] ------------------
[job(61): 2016-09-09 20:05:17] * estimation method   : MLE 
[job(61): 2016-09-09 20:05:17] * optimisation method : BFGS 
[job(61): 2016-09-09 20:05:17] * analytical gradient : used
[job(61): 2016-09-09 20:05:17] * trend model : ~1
[job(61): 2016-09-09 20:05:17] * covariance model : 
[job(61): 2016-09-09 20:05:17]   - type :  matern5_2 
[job(61): 2016-09-09 20:05:17]   - nugget : NO
[job(61): 2016-09-09 20:05:17]   - parameters lower bounds :  1e-10 1e-10 
[job(61): 2016-09-09 20:05:17]   - parameters upper bounds :  46.23842 47.3475 
[job(61): 2016-09-09 20:05:17]   - best initial criterion value(s) :  -48.55635 
[job(61): 2016-09-09 20:05:17] 
[job(61): 2016-09-09 20:05:17] N = 2, M = 5 machine precision = 2.22045e-16
[job(61): 2016-09-09 20:05:17] At X0, 0 variables are exactly at the bounds
[job(61): 2016-09-09 20:05:17] At iterate     0  f=       48.556  |proj g|=      0.40399
[job(61): 2016-09-09 20:05:17] At iterate     1  f =     -0.74926  |proj g|=             0
[job(61): 2016-09-09 20:05:17] 
[job(61): 2016-09-09 20:05:17] iterations 1
[job(61): 2016-09-09 20:05:17] function evaluations 2
[job(61): 2016-09-09 20:05:17] segments explored during Cauchy searches 2
[job(61): 2016-09-09 20:05:17] BFGS updates skipped 0
[job(61): 2016-09-09 20:05:17] active bounds at final generalized Cauchy point 1
[job(61): 2016-09-09 20:05:17] norm of the final projected gradient 0
[job(61): 2016-09-09 20:05:17] final function value -0.749259
[job(61): 2016-09-09 20:05:17] 
[job(61): 2016-09-09 20:05:17] F = -0.749259
[job(61): 2016-09-09 20:05:17] final  value -0.749259 
[job(61): 2016-09-09 20:05:17] converged
[job(61): 2016-09-09 20:05:17] [Tune] Result: C=959; sigma=0.00535 : acc.test.mean=-0.954
[job(61): 2016-09-09 20:05:17] Job terminated successfully
[job(chunk): 2016-09-09 20:05:17] Calculation finished!
