[job(chunk): 2016-09-10 00:51:08] Starting calculation of 1 jobs
[job(chunk): 2016-09-10 00:51:08] Setting working directory to '/naslx/projects/pr74ze/ri89coc2/svm_comparison'
[job(chunk): 2016-09-10 00:51:08] Memory measurement disabled
[job(1345): 2016-09-10 00:51:11] Starting job with job.id=1345
[job(1345): 2016-09-10 00:52:23] Generating problem instance for problem '1552' ...
[job(1345): 2016-09-10 00:52:23] Downloading from 'http://www.openml.org/api/v1/data/1552' to '/tmp/ri89coc2/Rtmp2xEJNT/cache/datasets/1552/description.xml'.
[job(1345): 2016-09-10 00:52:23] Downloading from 'http://www.openml.org/data/download/1593748/phpmRPvKy' to '/tmp/ri89coc2/Rtmp2xEJNT/cache/datasets/1552/dataset.arff'
[job(1345): 2016-09-10 00:52:23] Loading required package: readr
[job(1345): 2016-09-10 00:52:23] Applying algorithm 'kbb-svc.tuned' on problem '1552' ...
[job(1345): 2016-09-10 00:52:23] Data '1552' file 'description.xml' found in cache.
[job(1345): 2016-09-10 00:52:23] Data '1552' file 'dataset.arff' found in cache.
[job(1345): 2016-09-10 00:52:23] [Tune] Started tuning learner kbb-svc for parameter set:
[job(1345): 2016-09-10 00:52:23]          Type len Def    Constr Req Tunable Trafo
[job(1345): 2016-09-10 00:52:23] C     numeric   -   - -12 to 12   -    TRUE     Y
[job(1345): 2016-09-10 00:52:23] sigma numeric   -   - -12 to 12   -    TRUE     Y
[job(1345): 2016-09-10 00:52:23] With control class: TuneControlMBO
[job(1345): 2016-09-10 00:52:23] Imputation value: -0
[job(1345): 2016-09-10 00:52:23] [Tune-x] 1: C=0.0566; sigma=0.137
[job(1345): 2016-09-10 00:52:23] [Tune-y] 1: acc.test.mean=0.287; time: 0.0 min; memory: 113Mb use, 156Mb max
[job(1345): 2016-09-10 00:52:23] [Tune-x] 2: C=26.9; sigma=185
[job(1345): 2016-09-10 00:52:23] [Tune-y] 2: acc.test.mean=0.192; time: 0.0 min; memory: 113Mb use, 156Mb max
[job(1345): 2016-09-10 00:52:23] [Tune-x] 3: C=76.5; sigma=0.0512
[job(1345): 2016-09-10 00:52:23] [Tune-y] 3: acc.test.mean=0.227; time: 0.1 min; memory: 113Mb use, 156Mb max
[job(1345): 2016-09-10 00:52:23] [Tune-x] 4: C=0.0155; sigma=2.93
[job(1345): 2016-09-10 00:52:23] [Tune-y] 4: acc.test.mean=0.275; time: 0.0 min; memory: 113Mb use, 156Mb max
[job(1345): 2016-09-10 00:52:23] [Tune-x] 5: C=0.435; sigma=0.0152
[job(1345): 2016-09-10 00:52:23] [Tune-y] 5: acc.test.mean=0.308; time: 0.0 min; memory: 113Mb use, 156Mb max
[job(1345): 2016-09-10 00:52:23] [Tune-x] 6: C=2.43e+03; sigma=3.91e+03
[job(1345): 2016-09-10 00:52:23] [Tune-y] 6: acc.test.mean=0.192; time: 0.0 min; memory: 113Mb use, 156Mb max
[job(1345): 2016-09-10 00:52:23] [Tune-x] 7: C=0.000388; sigma=0.000648
[job(1345): 2016-09-10 00:52:23] [Tune-y] 7: acc.test.mean=0.275; time: 0.0 min; memory: 113Mb use, 156Mb max
[job(1345): 2016-09-10 00:52:23] [Tune-x] 8: C=1.1; sigma=40.2
[job(1345): 2016-09-10 00:52:23] [Tune-y] 8: acc.test.mean=0.194; time: 0.0 min; memory: 113Mb use, 156Mb max
[job(1345): 2016-09-10 00:52:23] 
[job(1345): 2016-09-10 00:52:23] optimisation start
[job(1345): 2016-09-10 00:52:23] ------------------
[job(1345): 2016-09-10 00:52:23] * estimation method   : MLE 
[job(1345): 2016-09-10 00:52:23] * optimisation method : BFGS 
[job(1345): 2016-09-10 00:52:23] * analytical gradient : used
[job(1345): 2016-09-10 00:52:23] * trend model : ~1
[job(1345): 2016-09-10 00:52:23] * covariance model : 
[job(1345): 2016-09-10 00:52:23]   - type :  matern5_2 
[job(1345): 2016-09-10 00:52:23]   - nugget : NO
[job(1345): 2016-09-10 00:52:23]   - parameters lower bounds :  1e-10 1e-10 
[job(1345): 2016-09-10 00:52:23]   - parameters upper bounds :  45.15749 45.05159 
[job(1345): 2016-09-10 00:52:23]   - best initial criterion value(s) :  15.12794 
[job(1345): 2016-09-10 00:52:23] 
[job(1345): 2016-09-10 00:52:23] N = 2, M = 5 machine precision = 2.22045e-16
[job(1345): 2016-09-10 00:52:23] At X0, 0 variables are exactly at the bounds
[job(1345): 2016-09-10 00:52:23] At iterate     0  f=      -15.128  |proj g|=      0.18849
[job(1345): 2016-09-10 00:52:23] At iterate     1  f =      -15.161  |proj g|=       0.16442
[job(1345): 2016-09-10 00:52:23] At iterate     2  f =      -15.291  |proj g|=       0.04054
[job(1345): 2016-09-10 00:52:23] At iterate     3  f =      -15.306  |proj g|=      0.012852
[job(1345): 2016-09-10 00:52:23] At iterate     4  f =      -15.307  |proj g|=     0.0014688
[job(1345): 2016-09-10 00:52:23] At iterate     5  f =      -15.307  |proj g|=    0.00048479
[job(1345): 2016-09-10 00:52:23] At iterate     6  f =      -15.307  |proj g|=    2.2561e-06
[job(1345): 2016-09-10 00:52:23] At iterate     7  f =      -15.307  |proj g|=    2.1546e-08
[job(1345): 2016-09-10 00:52:23] 
[job(1345): 2016-09-10 00:52:23] iterations 7
[job(1345): 2016-09-10 00:52:23] function evaluations 8
[job(1345): 2016-09-10 00:52:23] segments explored during Cauchy searches 7
[job(1345): 2016-09-10 00:52:23] BFGS updates skipped 0
[job(1345): 2016-09-10 00:52:23] active bounds at final generalized Cauchy point 0
[job(1345): 2016-09-10 00:52:23] norm of the final projected gradient 2.1546e-08
[job(1345): 2016-09-10 00:52:23] final function value -15.3074
[job(1345): 2016-09-10 00:52:23] 
[job(1345): 2016-09-10 00:52:23] F = -15.3074
[job(1345): 2016-09-10 00:52:23] final  value -15.307361 
[job(1345): 2016-09-10 00:52:23] converged
[job(1345): 2016-09-10 00:52:23] [Tune-x] 9: C=0.248; sigma=0.00479
[job(1345): 2016-09-10 00:52:23] [Tune-y] 9: acc.test.mean=0.291; time: 0.0 min; memory: 117Mb use, 163Mb max
[job(1345): 2016-09-10 00:52:23] 
[job(1345): 2016-09-10 00:52:23] optimisation start
[job(1345): 2016-09-10 00:52:23] ------------------
[job(1345): 2016-09-10 00:52:23] * estimation method   : MLE 
[job(1345): 2016-09-10 00:52:23] * optimisation method : BFGS 
[job(1345): 2016-09-10 00:52:23] * analytical gradient : used
[job(1345): 2016-09-10 00:52:23] * trend model : ~1
[job(1345): 2016-09-10 00:52:23] * covariance model : 
[job(1345): 2016-09-10 00:52:23]   - type :  matern5_2 
[job(1345): 2016-09-10 00:52:23]   - nugget : NO
[job(1345): 2016-09-10 00:52:23]   - parameters lower bounds :  1e-10 1e-10 
[job(1345): 2016-09-10 00:52:23]   - parameters upper bounds :  45.15749 45.05159 
[job(1345): 2016-09-10 00:52:23]   - best initial criterion value(s) :  16.64779 
[job(1345): 2016-09-10 00:52:23] 
[job(1345): 2016-09-10 00:52:23] N = 2, M = 5 machine precision = 2.22045e-16
[job(1345): 2016-09-10 00:52:23] At X0, 0 variables are exactly at the bounds
[job(1345): 2016-09-10 00:52:23] At iterate     0  f=      -16.648  |proj g|=      0.41382
[job(1345): 2016-09-10 00:52:23] At iterate     1  f =      -16.919  |proj g|=       0.37075
[job(1345): 2016-09-10 00:52:23] At iterate     2  f =       -17.78  |proj g|=      0.047816
[job(1345): 2016-09-10 00:52:23] At iterate     3  f =      -17.794  |proj g|=      0.031948
[job(1345): 2016-09-10 00:52:23] At iterate     4  f =      -17.797  |proj g|=     0.0024259
[job(1345): 2016-09-10 00:52:23] At iterate     5  f =      -17.797  |proj g|=    0.00028448
[job(1345): 2016-09-10 00:52:23] At iterate     6  f =      -17.797  |proj g|=    2.6421e-05
[job(1345): 2016-09-10 00:52:23] At iterate     7  f =      -17.797  |proj g|=    6.2042e-07
[job(1345): 2016-09-10 00:52:23] 
[job(1345): 2016-09-10 00:52:23] iterations 7
[job(1345): 2016-09-10 00:52:23] function evaluations 9
[job(1345): 2016-09-10 00:52:23] segments explored during Cauchy searches 7
[job(1345): 2016-09-10 00:52:23] BFGS updates skipped 0
[job(1345): 2016-09-10 00:52:23] active bounds at final generalized Cauchy point 0
[job(1345): 2016-09-10 00:52:23] norm of the final projected gradient 6.20418e-07
[job(1345): 2016-09-10 00:52:23] final function value -17.7972
[job(1345): 2016-09-10 00:52:23] 
[job(1345): 2016-09-10 00:52:23] F = -17.7972
[job(1345): 2016-09-10 00:52:23] final  value -17.797248 
[job(1345): 2016-09-10 00:52:23] converged
[job(1345): 2016-09-10 00:52:23] [Tune-x] 10: C=0.452; sigma=0.0227
[job(1345): 2016-09-10 00:52:23] [Tune-y] 10: acc.test.mean=0.306; time: 0.0 min; memory: 117Mb use, 163Mb max
[job(1345): 2016-09-10 00:52:23] 
[job(1345): 2016-09-10 00:52:23] optimisation start
[job(1345): 2016-09-10 00:52:23] ------------------
[job(1345): 2016-09-10 00:52:23] * estimation method   : MLE 
[job(1345): 2016-09-10 00:52:23] * optimisation method : BFGS 
[job(1345): 2016-09-10 00:52:23] * analytical gradient : used
[job(1345): 2016-09-10 00:52:23] * trend model : ~1
[job(1345): 2016-09-10 00:52:23] * covariance model : 
[job(1345): 2016-09-10 00:52:23]   - type :  matern5_2 
[job(1345): 2016-09-10 00:52:23]   - nugget : NO
[job(1345): 2016-09-10 00:52:23]   - parameters lower bounds :  1e-10 1e-10 
[job(1345): 2016-09-10 00:52:23]   - parameters upper bounds :  45.15749 45.05159 
[job(1345): 2016-09-10 00:52:23]   - best initial criterion value(s) :  18.90901 
[job(1345): 2016-09-10 00:52:23] 
[job(1345): 2016-09-10 00:52:23] N = 2, M = 5 machine precision = 2.22045e-16
[job(1345): 2016-09-10 00:52:23] At X0, 0 variables are exactly at the bounds
[job(1345): 2016-09-10 00:52:23] At iterate     0  f=      -18.909  |proj g|=      0.78057
[job(1345): 2016-09-10 00:52:23] At iterate     1  f =      -19.534  |proj g|=       0.80326
[job(1345): 2016-09-10 00:52:23] ys=-1.742e-02  -gs= 6.147e-01, BFGS update SKIPPED
[job(1345): 2016-09-10 00:52:23] At iterate     2  f =      -21.437  |proj g|=        0.4123
[job(1345): 2016-09-10 00:52:23] At iterate     3  f =       -21.46  |proj g|=       0.37522
[job(1345): 2016-09-10 00:52:23] At iterate     4  f =      -21.613  |proj g|=       0.12798
[job(1345): 2016-09-10 00:52:23] At iterate     5  f =      -21.672  |proj g|=       0.13526
[job(1345): 2016-09-10 00:52:23] At iterate     6  f =      -21.812  |proj g|=       0.26451
[job(1345): 2016-09-10 00:52:23] At iterate     7  f =      -21.989  |proj g|=        0.5123
[job(1345): 2016-09-10 00:52:23] At iterate     8  f =      -22.123  |proj g|=       0.24434
[job(1345): 2016-09-10 00:52:23] At iterate     9  f =       -22.18  |proj g|=      0.053715
[job(1345): 2016-09-10 00:52:23] At iterate    10  f =      -22.184  |proj g|=      0.021201
[job(1345): 2016-09-10 00:52:23] At iterate    11  f =      -22.185  |proj g|=    0.00082451
[job(1345): 2016-09-10 00:52:23] At iterate    12  f =      -22.185  |proj g|=    0.00023006
[job(1345): 2016-09-10 00:52:23] At iterate    13  f =      -22.185  |proj g|=    2.5414e-05
[job(1345): 2016-09-10 00:52:23] At iterate    14  f =      -22.185  |proj g|=     1.935e-08
[job(1345): 2016-09-10 00:52:23] 
[job(1345): 2016-09-10 00:52:23] iterations 14
[job(1345): 2016-09-10 00:52:23] function evaluations 16
[job(1345): 2016-09-10 00:52:23] segments explored during Cauchy searches 14
[job(1345): 2016-09-10 00:52:23] BFGS updates skipped 1
[job(1345): 2016-09-10 00:52:23] active bounds at final generalized Cauchy point 0
[job(1345): 2016-09-10 00:52:23] norm of the final projected gradient 1.93505e-08
[job(1345): 2016-09-10 00:52:23] final function value -22.1852
[job(1345): 2016-09-10 00:52:23] 
[job(1345): 2016-09-10 00:52:23] F = -22.1852
[job(1345): 2016-09-10 00:52:23] final  value -22.185161 
[job(1345): 2016-09-10 00:52:23] converged
[job(1345): 2016-09-10 00:52:23] [Tune-x] 11: C=0.326; sigma=0.0158
[job(1345): 2016-09-10 00:52:23] [Tune-y] 11: acc.test.mean=0.312; time: 0.0 min; memory: 117Mb use, 163Mb max
[job(1345): 2016-09-10 00:52:23] 
[job(1345): 2016-09-10 00:52:23] optimisation start
[job(1345): 2016-09-10 00:52:23] ------------------
[job(1345): 2016-09-10 00:52:23] * estimation method   : MLE 
[job(1345): 2016-09-10 00:52:23] * optimisation method : BFGS 
[job(1345): 2016-09-10 00:52:23] * analytical gradient : used
[job(1345): 2016-09-10 00:52:23] * trend model : ~1
[job(1345): 2016-09-10 00:52:23] * covariance model : 
[job(1345): 2016-09-10 00:52:23]   - type :  matern5_2 
[job(1345): 2016-09-10 00:52:23]   - nugget : NO
[job(1345): 2016-09-10 00:52:23]   - parameters lower bounds :  1e-10 1e-10 
[job(1345): 2016-09-10 00:52:23]   - parameters upper bounds :  45.15749 45.05159 
[job(1345): 2016-09-10 00:52:23]   - best initial criterion value(s) :  26.17233 
[job(1345): 2016-09-10 00:52:23] 
[job(1345): 2016-09-10 00:52:23] N = 2, M = 5 machine precision = 2.22045e-16
[job(1345): 2016-09-10 00:52:23] At X0, 0 variables are exactly at the bounds
[job(1345): 2016-09-10 00:52:23] At iterate     0  f=      -26.172  |proj g|=       0.1335
[job(1345): 2016-09-10 00:52:23] At iterate     1  f =      -26.192  |proj g|=      0.085968
[job(1345): 2016-09-10 00:52:23] At iterate     2  f =       -26.21  |proj g|=      0.074933
[job(1345): 2016-09-10 00:52:23] At iterate     3  f =      -26.242  |proj g|=       0.14804
[job(1345): 2016-09-10 00:52:23] At iterate     4  f =      -26.319  |proj g|=       0.28062
[job(1345): 2016-09-10 00:52:23] At iterate     5  f =      -26.417  |proj g|=         0.329
[job(1345): 2016-09-10 00:52:23] At iterate     6  f =       -26.48  |proj g|=      0.099988
[job(1345): 2016-09-10 00:52:23] At iterate     7  f =       -26.49  |proj g|=      0.022121
[job(1345): 2016-09-10 00:52:23] At iterate     8  f =      -26.491  |proj g|=    0.00030003
[job(1345): 2016-09-10 00:52:23] At iterate     9  f =      -26.491  |proj g|=    4.6736e-05
[job(1345): 2016-09-10 00:52:23] At iterate    10  f =      -26.491  |proj g|=    1.0275e-05
[job(1345): 2016-09-10 00:52:23] 
[job(1345): 2016-09-10 00:52:23] iterations 10
[job(1345): 2016-09-10 00:52:23] function evaluations 11
[job(1345): 2016-09-10 00:52:23] segments explored during Cauchy searches 10
[job(1345): 2016-09-10 00:52:23] BFGS updates skipped 0
[job(1345): 2016-09-10 00:52:23] active bounds at final generalized Cauchy point 0
[job(1345): 2016-09-10 00:52:23] norm of the final projected gradient 1.02752e-05
[job(1345): 2016-09-10 00:52:23] final function value -26.4914
[job(1345): 2016-09-10 00:52:23] 
[job(1345): 2016-09-10 00:52:23] F = -26.4914
[job(1345): 2016-09-10 00:52:23] final  value -26.491379 
[job(1345): 2016-09-10 00:52:23] converged
[job(1345): 2016-09-10 00:52:23] [Tune-x] 12: C=0.0226; sigma=0.0169
[job(1345): 2016-09-10 00:52:23] [Tune-y] 12: acc.test.mean=0.294; time: 0.0 min; memory: 117Mb use, 163Mb max
[job(1345): 2016-09-10 00:52:23] 
[job(1345): 2016-09-10 00:52:23] optimisation start
[job(1345): 2016-09-10 00:52:23] ------------------
[job(1345): 2016-09-10 00:52:23] * estimation method   : MLE 
[job(1345): 2016-09-10 00:52:23] * optimisation method : BFGS 
[job(1345): 2016-09-10 00:52:23] * analytical gradient : used
[job(1345): 2016-09-10 00:52:23] * trend model : ~1
[job(1345): 2016-09-10 00:52:23] * covariance model : 
[job(1345): 2016-09-10 00:52:23]   - type :  matern5_2 
[job(1345): 2016-09-10 00:52:23]   - nugget : NO
[job(1345): 2016-09-10 00:52:23]   - parameters lower bounds :  1e-10 1e-10 
[job(1345): 2016-09-10 00:52:23]   - parameters upper bounds :  45.15749 45.05159 
[job(1345): 2016-09-10 00:52:23]   - best initial criterion value(s) :  24.31652 
[job(1345): 2016-09-10 00:52:23] 
[job(1345): 2016-09-10 00:52:23] N = 2, M = 5 machine precision = 2.22045e-16
[job(1345): 2016-09-10 00:52:23] At X0, 0 variables are exactly at the bounds
[job(1345): 2016-09-10 00:52:23] At iterate     0  f=      -24.317  |proj g|=       3.3367
[job(1345): 2016-09-10 00:52:23] At iterate     1  f =      -28.451  |proj g|=       0.50382
[job(1345): 2016-09-10 00:52:23] At iterate     2  f =      -28.866  |proj g|=       0.21518
[job(1345): 2016-09-10 00:52:23] At iterate     3  f =      -28.914  |proj g|=      0.067766
[job(1345): 2016-09-10 00:52:23] At iterate     4  f =      -28.918  |proj g|=     0.0063563
[job(1345): 2016-09-10 00:52:23] At iterate     5  f =      -28.918  |proj g|=    8.7745e-05
[job(1345): 2016-09-10 00:52:23] At iterate     6  f =      -28.918  |proj g|=    1.3364e-07
[job(1345): 2016-09-10 00:52:23] 
[job(1345): 2016-09-10 00:52:23] iterations 6
[job(1345): 2016-09-10 00:52:23] function evaluations 7
[job(1345): 2016-09-10 00:52:23] segments explored during Cauchy searches 6
[job(1345): 2016-09-10 00:52:23] BFGS updates skipped 0
[job(1345): 2016-09-10 00:52:23] active bounds at final generalized Cauchy point 0
[job(1345): 2016-09-10 00:52:23] norm of the final projected gradient 1.33638e-07
[job(1345): 2016-09-10 00:52:23] final function value -28.9176
[job(1345): 2016-09-10 00:52:23] 
[job(1345): 2016-09-10 00:52:23] F = -28.9176
[job(1345): 2016-09-10 00:52:23] final  value -28.917603 
[job(1345): 2016-09-10 00:52:23] converged
[job(1345): 2016-09-10 00:52:23] [Tune-x] 13: C=0.168; sigma=0.0176
[job(1345): 2016-09-10 00:52:23] [Tune-y] 13: acc.test.mean=0.303; time: 0.0 min; memory: 117Mb use, 163Mb max
[job(1345): 2016-09-10 00:52:23] 
[job(1345): 2016-09-10 00:52:23] optimisation start
[job(1345): 2016-09-10 00:52:23] ------------------
[job(1345): 2016-09-10 00:52:23] * estimation method   : MLE 
[job(1345): 2016-09-10 00:52:23] * optimisation method : BFGS 
[job(1345): 2016-09-10 00:52:23] * analytical gradient : used
[job(1345): 2016-09-10 00:52:23] * trend model : ~1
[job(1345): 2016-09-10 00:52:23] * covariance model : 
[job(1345): 2016-09-10 00:52:23]   - type :  matern5_2 
[job(1345): 2016-09-10 00:52:23]   - nugget : NO
[job(1345): 2016-09-10 00:52:23]   - parameters lower bounds :  1e-10 1e-10 
[job(1345): 2016-09-10 00:52:23]   - parameters upper bounds :  45.15749 45.05159 
[job(1345): 2016-09-10 00:52:23]   - best initial criterion value(s) :  24.73478 
[job(1345): 2016-09-10 00:52:23] 
[job(1345): 2016-09-10 00:52:23] N = 2, M = 5 machine precision = 2.22045e-16
[job(1345): 2016-09-10 00:52:23] At X0, 0 variables are exactly at the bounds
[job(1345): 2016-09-10 00:52:23] At iterate     0  f=      -24.735  |proj g|=       0.4694
[job(1345): 2016-09-10 00:52:23] At iterate     1  f =      -24.774  |proj g|=       0.44676
[job(1345): 2016-09-10 00:52:23] At iterate     2  f =      -24.816  |proj g|=       0.40145
[job(1345): 2016-09-10 00:52:23] At iterate     3  f =       -24.83  |proj g|=       0.37228
[job(1345): 2016-09-10 00:52:23] At iterate     4  f =      -25.054  |proj g|=      0.020924
[job(1345): 2016-09-10 00:52:23] At iterate     5  f =      -25.054  |proj g|=      0.034122
[job(1345): 2016-09-10 00:52:23] At iterate     6  f =      -26.657  |proj g|=        7.0199
[job(1345): 2016-09-10 00:52:23] At iterate     7  f =      -26.884  |proj g|=        4.8558
[job(1345): 2016-09-10 00:52:23] At iterate     8  f =      -26.978  |proj g|=        3.4189
[job(1345): 2016-09-10 00:52:23] At iterate     9  f =      -27.062  |proj g|=       0.27747
[job(1345): 2016-09-10 00:52:23] At iterate    10  f =      -27.064  |proj g|=     0.0084659
[job(1345): 2016-09-10 00:52:23] At iterate    11  f =      -27.064  |proj g|=     0.0078922
[job(1345): 2016-09-10 00:52:23] At iterate    12  f =      -27.064  |proj g|=    0.00054163
[job(1345): 2016-09-10 00:52:23] At iterate    13  f =      -27.064  |proj g|=    2.5967e-06
[job(1345): 2016-09-10 00:52:23] At iterate    14  f =      -27.064  |proj g|=    7.2043e-09
[job(1345): 2016-09-10 00:52:23] 
[job(1345): 2016-09-10 00:52:23] iterations 14
[job(1345): 2016-09-10 00:52:23] function evaluations 31
[job(1345): 2016-09-10 00:52:23] segments explored during Cauchy searches 15
[job(1345): 2016-09-10 00:52:23] BFGS updates skipped 0
[job(1345): 2016-09-10 00:52:23] active bounds at final generalized Cauchy point 0
[job(1345): 2016-09-10 00:52:23] norm of the final projected gradient 7.20426e-09
[job(1345): 2016-09-10 00:52:23] final function value -27.0637
[job(1345): 2016-09-10 00:52:23] 
[job(1345): 2016-09-10 00:52:23] F = -27.0637
[job(1345): 2016-09-10 00:52:23] final  value -27.063713 
[job(1345): 2016-09-10 00:52:23] converged
[job(1345): 2016-09-10 00:52:23] [Tune-x] 14: C=1.52; sigma=0.0163
[job(1345): 2016-09-10 00:52:23] [Tune-y] 14: acc.test.mean=0.243; time: 0.0 min; memory: 117Mb use, 163Mb max
[job(1345): 2016-09-10 00:52:23] 
[job(1345): 2016-09-10 00:52:23] optimisation start
[job(1345): 2016-09-10 00:52:23] ------------------
[job(1345): 2016-09-10 00:52:23] * estimation method   : MLE 
[job(1345): 2016-09-10 00:52:23] * optimisation method : BFGS 
[job(1345): 2016-09-10 00:52:23] * analytical gradient : used
[job(1345): 2016-09-10 00:52:23] * trend model : ~1
[job(1345): 2016-09-10 00:52:23] * covariance model : 
[job(1345): 2016-09-10 00:52:23]   - type :  matern5_2 
[job(1345): 2016-09-10 00:52:23]   - nugget : NO
[job(1345): 2016-09-10 00:52:23]   - parameters lower bounds :  1e-10 1e-10 
[job(1345): 2016-09-10 00:52:23]   - parameters upper bounds :  45.15749 45.05159 
[job(1345): 2016-09-10 00:52:23]   - best initial criterion value(s) :  28.6225 
[job(1345): 2016-09-10 00:52:23] 
[job(1345): 2016-09-10 00:52:23] N = 2, M = 5 machine precision = 2.22045e-16
[job(1345): 2016-09-10 00:52:23] At X0, 0 variables are exactly at the bounds
[job(1345): 2016-09-10 00:52:23] At iterate     0  f=      -28.623  |proj g|=       1.0404
[job(1345): 2016-09-10 00:52:23] At iterate     1  f =      -30.558  |proj g|=        1.1817
[job(1345): 2016-09-10 00:52:23] At iterate     2  f =       -30.67  |proj g|=       0.98992
[job(1345): 2016-09-10 00:52:23] At iterate     3  f =      -30.777  |proj g|=        1.0185
[job(1345): 2016-09-10 00:52:23] At iterate     4  f =      -30.858  |proj g|=       0.15804
[job(1345): 2016-09-10 00:52:23] At iterate     5  f =      -30.866  |proj g|=       0.14481
[job(1345): 2016-09-10 00:52:23] At iterate     6  f =      -30.883  |proj g|=       0.25145
[job(1345): 2016-09-10 00:52:23] At iterate     7  f =      -30.928  |proj g|=       0.61217
[job(1345): 2016-09-10 00:52:23] At iterate     8  f =      -31.107  |proj g|=        1.7839
[job(1345): 2016-09-10 00:52:23] At iterate     9  f =      -31.226  |proj g|=        2.4537
[job(1345): 2016-09-10 00:52:23] At iterate    10  f =      -31.356  |proj g|=        2.7524
[job(1345): 2016-09-10 00:52:23] At iterate    11  f =      -31.752  |proj g|=        2.4185
[job(1345): 2016-09-10 00:52:23] At iterate    12  f =      -33.114  |proj g|=       0.19143
[job(1345): 2016-09-10 00:52:23] At iterate    13  f =       -33.13  |proj g|=        0.1462
[job(1345): 2016-09-10 00:52:23] At iterate    14  f =      -33.156  |proj g|=     0.0059579
[job(1345): 2016-09-10 00:52:23] At iterate    15  f =      -33.156  |proj g|=    0.00024972
[job(1345): 2016-09-10 00:52:23] At iterate    16  f =      -33.156  |proj g|=    2.2159e-06
[job(1345): 2016-09-10 00:52:23] 
[job(1345): 2016-09-10 00:52:23] iterations 16
[job(1345): 2016-09-10 00:52:23] function evaluations 20
[job(1345): 2016-09-10 00:52:23] segments explored during Cauchy searches 17
[job(1345): 2016-09-10 00:52:23] BFGS updates skipped 0
[job(1345): 2016-09-10 00:52:23] active bounds at final generalized Cauchy point 0
[job(1345): 2016-09-10 00:52:23] norm of the final projected gradient 2.21591e-06
[job(1345): 2016-09-10 00:52:23] final function value -33.1558
[job(1345): 2016-09-10 00:52:23] 
[job(1345): 2016-09-10 00:52:23] F = -33.1558
[job(1345): 2016-09-10 00:52:23] final  value -33.155773 
[job(1345): 2016-09-10 00:52:23] converged
[job(1345): 2016-09-10 00:52:23] [Tune-x] 15: C=0.314; sigma=0.0186
[job(1345): 2016-09-10 00:52:23] [Tune-y] 15: acc.test.mean=0.31; time: 0.0 min; memory: 117Mb use, 163Mb max
[job(1345): 2016-09-10 00:52:23] 
[job(1345): 2016-09-10 00:52:23] optimisation start
[job(1345): 2016-09-10 00:52:23] ------------------
[job(1345): 2016-09-10 00:52:23] * estimation method   : MLE 
[job(1345): 2016-09-10 00:52:23] * optimisation method : BFGS 
[job(1345): 2016-09-10 00:52:23] * analytical gradient : used
[job(1345): 2016-09-10 00:52:23] * trend model : ~1
[job(1345): 2016-09-10 00:52:23] * covariance model : 
[job(1345): 2016-09-10 00:52:23]   - type :  matern5_2 
[job(1345): 2016-09-10 00:52:23]   - nugget : NO
[job(1345): 2016-09-10 00:52:23]   - parameters lower bounds :  1e-10 1e-10 
[job(1345): 2016-09-10 00:52:23]   - parameters upper bounds :  45.15749 45.05159 
[job(1345): 2016-09-10 00:52:23]   - best initial criterion value(s) :  34.73823 
[job(1345): 2016-09-10 00:52:23] 
[job(1345): 2016-09-10 00:52:23] N = 2, M = 5 machine precision = 2.22045e-16
[job(1345): 2016-09-10 00:52:23] At X0, 0 variables are exactly at the bounds
[job(1345): 2016-09-10 00:52:23] At iterate     0  f=      -34.738  |proj g|=       1.1725
[job(1345): 2016-09-10 00:52:23] At iterate     1  f =       -35.03  |proj g|=        1.0914
[job(1345): 2016-09-10 00:52:23] At iterate     2  f =      -35.289  |proj g|=        1.4498
[job(1345): 2016-09-10 00:52:23] At iterate     3  f =      -35.335  |proj g|=       0.25374
[job(1345): 2016-09-10 00:52:23] At iterate     4  f =      -35.337  |proj g|=      0.015845
[job(1345): 2016-09-10 00:52:23] At iterate     5  f =      -35.337  |proj g|=      0.015794
[job(1345): 2016-09-10 00:52:23] At iterate     6  f =      -35.337  |proj g|=      0.017016
[job(1345): 2016-09-10 00:52:23] At iterate     7  f =      -35.337  |proj g|=      0.049338
[job(1345): 2016-09-10 00:52:23] At iterate     8  f =      -35.337  |proj g|=      0.097403
[job(1345): 2016-09-10 00:52:23] At iterate     9  f =      -35.338  |proj g|=       0.17867
[job(1345): 2016-09-10 00:52:23] At iterate    10  f =       -35.34  |proj g|=       0.31121
[job(1345): 2016-09-10 00:52:23] At iterate    11  f =      -35.345  |proj g|=       0.53795
[job(1345): 2016-09-10 00:52:23] At iterate    12  f =      -35.359  |proj g|=       0.95756
[job(1345): 2016-09-10 00:52:23] At iterate    13  f =      -35.404  |proj g|=        1.9012
[job(1345): 2016-09-10 00:52:23] At iterate    14  f =      -35.486  |proj g|=        3.3347
[job(1345): 2016-09-10 00:52:23] At iterate    15  f =      -35.522  |proj g|=        3.7684
[job(1345): 2016-09-10 00:52:23] At iterate    16  f =       -35.65  |proj g|=        3.1487
[job(1345): 2016-09-10 00:52:23] At iterate    17  f =      -35.882  |proj g|=       0.45299
[job(1345): 2016-09-10 00:52:23] At iterate    18  f =      -35.889  |proj g|=      0.039441
[job(1345): 2016-09-10 00:52:23] At iterate    19  f =       -35.89  |proj g|=      0.030766
[job(1345): 2016-09-10 00:52:23] At iterate    20  f =       -35.89  |proj g|=    0.00047657
[job(1345): 2016-09-10 00:52:23] At iterate    21  f =       -35.89  |proj g|=    4.7534e-05
[job(1345): 2016-09-10 00:52:23] 
[job(1345): 2016-09-10 00:52:23] iterations 21
[job(1345): 2016-09-10 00:52:23] function evaluations 25
[job(1345): 2016-09-10 00:52:23] segments explored during Cauchy searches 22
[job(1345): 2016-09-10 00:52:23] BFGS updates skipped 0
[job(1345): 2016-09-10 00:52:23] active bounds at final generalized Cauchy point 0
[job(1345): 2016-09-10 00:52:23] norm of the final projected gradient 4.75342e-05
[job(1345): 2016-09-10 00:52:23] final function value -35.8897
[job(1345): 2016-09-10 00:52:23] 
[job(1345): 2016-09-10 00:52:23] F = -35.8897
[job(1345): 2016-09-10 00:52:23] final  value -35.889716 
[job(1345): 2016-09-10 00:52:23] converged
[job(1345): 2016-09-10 00:52:23] [Tune-x] 16: C=0.359; sigma=0.0665
[job(1345): 2016-09-10 00:52:23] [Tune-y] 16: acc.test.mean=0.339; time: 0.0 min; memory: 117Mb use, 163Mb max
[job(1345): 2016-09-10 00:52:23] 
[job(1345): 2016-09-10 00:52:23] optimisation start
[job(1345): 2016-09-10 00:52:23] ------------------
[job(1345): 2016-09-10 00:52:23] * estimation method   : MLE 
[job(1345): 2016-09-10 00:52:23] * optimisation method : BFGS 
[job(1345): 2016-09-10 00:52:23] * analytical gradient : used
[job(1345): 2016-09-10 00:52:23] * trend model : ~1
[job(1345): 2016-09-10 00:52:23] * covariance model : 
[job(1345): 2016-09-10 00:52:23]   - type :  matern5_2 
[job(1345): 2016-09-10 00:52:23]   - nugget : NO
[job(1345): 2016-09-10 00:52:23]   - parameters lower bounds :  1e-10 1e-10 
[job(1345): 2016-09-10 00:52:23]   - parameters upper bounds :  45.15749 45.05159 
[job(1345): 2016-09-10 00:52:23]   - best initial criterion value(s) :  32.25645 
[job(1345): 2016-09-10 00:52:23] 
[job(1345): 2016-09-10 00:52:23] N = 2, M = 5 machine precision = 2.22045e-16
[job(1345): 2016-09-10 00:52:23] At X0, 0 variables are exactly at the bounds
[job(1345): 2016-09-10 00:52:23] At iterate     0  f=      -32.256  |proj g|=       3.7259
[job(1345): 2016-09-10 00:52:23] At iterate     1  f =      -36.194  |proj g|=        1.2459
[job(1345): 2016-09-10 00:52:23] At iterate     2  f =      -36.687  |proj g|=       0.60688
[job(1345): 2016-09-10 00:52:23] At iterate     3  f =      -36.899  |proj g|=       0.15196
[job(1345): 2016-09-10 00:52:23] At iterate     4  f =      -36.908  |proj g|=      0.029043
[job(1345): 2016-09-10 00:52:23] At iterate     5  f =      -36.908  |proj g|=     0.0022365
[job(1345): 2016-09-10 00:52:23] At iterate     6  f =      -36.908  |proj g|=    2.3049e-05
[job(1345): 2016-09-10 00:52:23] At iterate     7  f =      -36.908  |proj g|=    5.4891e-07
[job(1345): 2016-09-10 00:52:23] 
[job(1345): 2016-09-10 00:52:23] iterations 7
[job(1345): 2016-09-10 00:52:23] function evaluations 9
[job(1345): 2016-09-10 00:52:23] segments explored during Cauchy searches 7
[job(1345): 2016-09-10 00:52:23] BFGS updates skipped 0
[job(1345): 2016-09-10 00:52:23] active bounds at final generalized Cauchy point 0
[job(1345): 2016-09-10 00:52:23] norm of the final projected gradient 5.4891e-07
[job(1345): 2016-09-10 00:52:23] final function value -36.9084
[job(1345): 2016-09-10 00:52:23] 
[job(1345): 2016-09-10 00:52:23] F = -36.9084
[job(1345): 2016-09-10 00:52:23] final  value -36.908368 
[job(1345): 2016-09-10 00:52:23] converged
[job(1345): 2016-09-10 00:52:23] [Tune-x] 17: C=0.394; sigma=0.0816
[job(1345): 2016-09-10 00:52:23] [Tune-y] 17: acc.test.mean=0.343; time: 0.0 min; memory: 117Mb use, 163Mb max
[job(1345): 2016-09-10 00:52:23] 
[job(1345): 2016-09-10 00:52:23] optimisation start
[job(1345): 2016-09-10 00:52:23] ------------------
[job(1345): 2016-09-10 00:52:23] * estimation method   : MLE 
[job(1345): 2016-09-10 00:52:23] * optimisation method : BFGS 
[job(1345): 2016-09-10 00:52:23] * analytical gradient : used
[job(1345): 2016-09-10 00:52:23] * trend model : ~1
[job(1345): 2016-09-10 00:52:23] * covariance model : 
[job(1345): 2016-09-10 00:52:23]   - type :  matern5_2 
[job(1345): 2016-09-10 00:52:23]   - nugget : NO
[job(1345): 2016-09-10 00:52:23]   - parameters lower bounds :  1e-10 1e-10 
[job(1345): 2016-09-10 00:52:23]   - parameters upper bounds :  45.15749 45.05159 
[job(1345): 2016-09-10 00:52:23]   - best initial criterion value(s) :  24.3333 
[job(1345): 2016-09-10 00:52:23] 
[job(1345): 2016-09-10 00:52:23] N = 2, M = 5 machine precision = 2.22045e-16
[job(1345): 2016-09-10 00:52:23] At X0, 0 variables are exactly at the bounds
[job(1345): 2016-09-10 00:52:23] At iterate     0  f=      -24.333  |proj g|=       2.6353
[job(1345): 2016-09-10 00:52:23] At iterate     1  f =      -27.608  |proj g|=             0
[job(1345): 2016-09-10 00:52:23] 
[job(1345): 2016-09-10 00:52:23] iterations 1
[job(1345): 2016-09-10 00:52:23] function evaluations 2
[job(1345): 2016-09-10 00:52:23] segments explored during Cauchy searches 2
[job(1345): 2016-09-10 00:52:23] BFGS updates skipped 0
[job(1345): 2016-09-10 00:52:23] active bounds at final generalized Cauchy point 1
[job(1345): 2016-09-10 00:52:23] norm of the final projected gradient 0
[job(1345): 2016-09-10 00:52:23] final function value -27.6081
[job(1345): 2016-09-10 00:52:23] 
[job(1345): 2016-09-10 00:52:23] F = -27.6081
[job(1345): 2016-09-10 00:52:23] final  value -27.608101 
[job(1345): 2016-09-10 00:52:23] converged
[job(1345): 2016-09-10 00:52:23] [Tune-x] 18: C=0.00153; sigma=1.99
[job(1345): 2016-09-10 00:52:23] [Tune-y] 18: acc.test.mean=0.275; time: 0.0 min; memory: 117Mb use, 163Mb max
[job(1345): 2016-09-10 00:52:23] 
[job(1345): 2016-09-10 00:52:23] optimisation start
[job(1345): 2016-09-10 00:52:23] ------------------
[job(1345): 2016-09-10 00:52:23] * estimation method   : MLE 
[job(1345): 2016-09-10 00:52:23] * optimisation method : BFGS 
[job(1345): 2016-09-10 00:52:23] * analytical gradient : used
[job(1345): 2016-09-10 00:52:23] * trend model : ~1
[job(1345): 2016-09-10 00:52:23] * covariance model : 
[job(1345): 2016-09-10 00:52:23]   - type :  matern5_2 
[job(1345): 2016-09-10 00:52:23]   - nugget : NO
[job(1345): 2016-09-10 00:52:23]   - parameters lower bounds :  1e-10 1e-10 
[job(1345): 2016-09-10 00:52:23]   - parameters upper bounds :  45.15749 45.05159 
[job(1345): 2016-09-10 00:52:23]   - best initial criterion value(s) :  34.17768 
[job(1345): 2016-09-10 00:52:23] 
[job(1345): 2016-09-10 00:52:23] N = 2, M = 5 machine precision = 2.22045e-16
[job(1345): 2016-09-10 00:52:23] At X0, 0 variables are exactly at the bounds
[job(1345): 2016-09-10 00:52:23] At iterate     0  f=      -34.178  |proj g|=       1.3122
[job(1345): 2016-09-10 00:52:23] At iterate     1  f =      -35.696  |proj g|=        1.0747
[job(1345): 2016-09-10 00:52:23] At iterate     2  f =      -36.013  |proj g|=        2.0998
[job(1345): 2016-09-10 00:52:23] At iterate     3  f =      -36.115  |proj g|=       0.24534
[job(1345): 2016-09-10 00:52:23] At iterate     4  f =      -36.118  |proj g|=       0.24444
[job(1345): 2016-09-10 00:52:23] At iterate     5  f =       -36.14  |proj g|=       0.54026
[job(1345): 2016-09-10 00:52:23] At iterate     6  f =      -36.189  |proj g|=       0.93817
[job(1345): 2016-09-10 00:52:23] At iterate     7  f =      -36.327  |proj g|=       0.98247
[job(1345): 2016-09-10 00:52:23] At iterate     8  f =      -36.687  |proj g|=        1.0439
[job(1345): 2016-09-10 00:52:23] At iterate     9  f =      -37.609  |proj g|=        1.1201
[job(1345): 2016-09-10 00:52:23] At iterate    10  f =      -40.606  |proj g|=        2.7255
[job(1345): 2016-09-10 00:52:23] At iterate    11  f =      -40.625  |proj g|=        1.3893
[job(1345): 2016-09-10 00:52:23] At iterate    12  f =      -40.705  |proj g|=         2.036
[job(1345): 2016-09-10 00:52:23] At iterate    13  f =      -40.779  |proj g|=        2.5871
[job(1345): 2016-09-10 00:52:23] At iterate    14  f =      -40.855  |proj g|=        2.8681
[job(1345): 2016-09-10 00:52:23] At iterate    15  f =      -42.108  |proj g|=        2.0255
[job(1345): 2016-09-10 00:52:23] At iterate    16  f =      -43.283  |proj g|=        0.6175
[job(1345): 2016-09-10 00:52:23] At iterate    17  f =      -43.333  |proj g|=      0.018744
[job(1345): 2016-09-10 00:52:23] At iterate    18  f =      -43.333  |proj g|=     0.0019799
[job(1345): 2016-09-10 00:52:23] At iterate    19  f =      -43.333  |proj g|=    5.3526e-06
[job(1345): 2016-09-10 00:52:23] At iterate    20  f =      -43.333  |proj g|=    2.0924e-08
[job(1345): 2016-09-10 00:52:23] 
[job(1345): 2016-09-10 00:52:23] iterations 20
[job(1345): 2016-09-10 00:52:23] function evaluations 36
[job(1345): 2016-09-10 00:52:23] segments explored during Cauchy searches 21
[job(1345): 2016-09-10 00:52:23] BFGS updates skipped 0
[job(1345): 2016-09-10 00:52:23] active bounds at final generalized Cauchy point 0
[job(1345): 2016-09-10 00:52:23] norm of the final projected gradient 2.09237e-08
[job(1345): 2016-09-10 00:52:23] final function value -43.3327
[job(1345): 2016-09-10 00:52:23] 
[job(1345): 2016-09-10 00:52:23] F = -43.3327
[job(1345): 2016-09-10 00:52:23] final  value -43.332695 
[job(1345): 2016-09-10 00:52:23] converged
[job(1345): 2016-09-10 00:52:23] [Tune-x] 19: C=0.418; sigma=0.0951
[job(1345): 2016-09-10 00:52:23] [Tune-y] 19: acc.test.mean=0.332; time: 0.0 min; memory: 117Mb use, 163Mb max
[job(1345): 2016-09-10 00:52:23] 
[job(1345): 2016-09-10 00:52:23] optimisation start
[job(1345): 2016-09-10 00:52:23] ------------------
[job(1345): 2016-09-10 00:52:23] * estimation method   : MLE 
[job(1345): 2016-09-10 00:52:23] * optimisation method : BFGS 
[job(1345): 2016-09-10 00:52:23] * analytical gradient : used
[job(1345): 2016-09-10 00:52:23] * trend model : ~1
[job(1345): 2016-09-10 00:52:23] * covariance model : 
[job(1345): 2016-09-10 00:52:23]   - type :  matern5_2 
[job(1345): 2016-09-10 00:52:23]   - nugget : NO
[job(1345): 2016-09-10 00:52:23]   - parameters lower bounds :  1e-10 1e-10 
[job(1345): 2016-09-10 00:52:23]   - parameters upper bounds :  45.15749 45.05159 
[job(1345): 2016-09-10 00:52:23]   - best initial criterion value(s) :  38.8919 
[job(1345): 2016-09-10 00:52:23] 
[job(1345): 2016-09-10 00:52:23] N = 2, M = 5 machine precision = 2.22045e-16
[job(1345): 2016-09-10 00:52:23] At X0, 0 variables are exactly at the bounds
[job(1345): 2016-09-10 00:52:23] At iterate     0  f=      -38.892  |proj g|=       11.225
[job(1345): 2016-09-10 00:52:23] At iterate     1  f =      -40.772  |proj g|=       0.42876
[job(1345): 2016-09-10 00:52:23] At iterate     2  f =      -40.772  |proj g|=       0.48481
[job(1345): 2016-09-10 00:52:23] At iterate     3  f =      -40.773  |proj g|=        0.1804
[job(1345): 2016-09-10 00:52:23] At iterate     4  f =      -40.774  |proj g|=       0.18009
[job(1345): 2016-09-10 00:52:23] At iterate     5  f =      -40.778  |proj g|=       0.50053
[job(1345): 2016-09-10 00:52:23] At iterate     6  f =      -40.786  |proj g|=       0.50575
[job(1345): 2016-09-10 00:52:23] At iterate     7  f =      -40.809  |proj g|=       0.51494
[job(1345): 2016-09-10 00:52:23] At iterate     8  f =      -40.866  |proj g|=       0.52815
[job(1345): 2016-09-10 00:52:23] At iterate     9  f =      -41.018  |proj g|=       0.54709
[job(1345): 2016-09-10 00:52:23] At iterate    10  f =      -41.403  |proj g|=       0.56936
[job(1345): 2016-09-10 00:52:23] At iterate    11  f =      -42.292  |proj g|=       0.58073
[job(1345): 2016-09-10 00:52:23] At iterate    12  f =      -43.128  |proj g|=       0.56074
[job(1345): 2016-09-10 00:52:23] At iterate    13  f =      -43.187  |proj g|=       0.55335
[job(1345): 2016-09-10 00:52:23] At iterate    14  f =      -43.602  |proj g|=        3.4316
[job(1345): 2016-09-10 00:52:23] At iterate    15  f =      -43.642  |proj g|=       0.38181
[job(1345): 2016-09-10 00:52:23] At iterate    16  f =      -43.646  |proj g|=      0.029939
[job(1345): 2016-09-10 00:52:23] At iterate    17  f =      -43.648  |proj g|=       0.12531
[job(1345): 2016-09-10 00:52:23] At iterate    18  f =      -43.648  |proj g|=      0.029557
[job(1345): 2016-09-10 00:52:23] At iterate    19  f =      -43.648  |proj g|=     0.0014797
[job(1345): 2016-09-10 00:52:23] At iterate    20  f =      -43.648  |proj g|=    9.5182e-05
[job(1345): 2016-09-10 00:52:23] 
[job(1345): 2016-09-10 00:52:23] iterations 20
[job(1345): 2016-09-10 00:52:23] function evaluations 26
[job(1345): 2016-09-10 00:52:23] segments explored during Cauchy searches 20
[job(1345): 2016-09-10 00:52:23] BFGS updates skipped 0
[job(1345): 2016-09-10 00:52:23] active bounds at final generalized Cauchy point 0
[job(1345): 2016-09-10 00:52:23] norm of the final projected gradient 9.51817e-05
[job(1345): 2016-09-10 00:52:23] final function value -43.648
[job(1345): 2016-09-10 00:52:23] 
[job(1345): 2016-09-10 00:52:23] F = -43.648
[job(1345): 2016-09-10 00:52:23] final  value -43.648027 
[job(1345): 2016-09-10 00:52:23] converged
[job(1345): 2016-09-10 00:52:23] [Tune-x] 20: C=0.381; sigma=0.214
[job(1345): 2016-09-10 00:52:23] [Tune-y] 20: acc.test.mean=0.325; time: 0.0 min; memory: 117Mb use, 163Mb max
[job(1345): 2016-09-10 00:52:23] 
[job(1345): 2016-09-10 00:52:23] optimisation start
[job(1345): 2016-09-10 00:52:23] ------------------
[job(1345): 2016-09-10 00:52:23] * estimation method   : MLE 
[job(1345): 2016-09-10 00:52:23] * optimisation method : BFGS 
[job(1345): 2016-09-10 00:52:23] * analytical gradient : used
[job(1345): 2016-09-10 00:52:23] * trend model : ~1
[job(1345): 2016-09-10 00:52:23] * covariance model : 
[job(1345): 2016-09-10 00:52:23]   - type :  matern5_2 
[job(1345): 2016-09-10 00:52:23]   - nugget : NO
[job(1345): 2016-09-10 00:52:23]   - parameters lower bounds :  1e-10 1e-10 
[job(1345): 2016-09-10 00:52:23]   - parameters upper bounds :  45.15749 45.05159 
[job(1345): 2016-09-10 00:52:23]   - best initial criterion value(s) :  37.66951 
[job(1345): 2016-09-10 00:52:23] 
[job(1345): 2016-09-10 00:52:23] N = 2, M = 5 machine precision = 2.22045e-16
[job(1345): 2016-09-10 00:52:23] At X0, 0 variables are exactly at the bounds
[job(1345): 2016-09-10 00:52:23] At iterate     0  f=       -37.67  |proj g|=       6.9707
[job(1345): 2016-09-10 00:52:23] At iterate     1  f =      -39.217  |proj g|=        1.9118
[job(1345): 2016-09-10 00:52:23] At iterate     2  f =      -41.105  |proj g|=        2.2463
[job(1345): 2016-09-10 00:52:23] At iterate     3  f =      -42.939  |proj g|=        2.0556
[job(1345): 2016-09-10 00:52:23] At iterate     4  f =      -43.507  |proj g|=        3.1144
[job(1345): 2016-09-10 00:52:23] At iterate     5  f =      -44.188  |proj g|=        1.0724
[job(1345): 2016-09-10 00:52:23] At iterate     6  f =       -44.22  |proj g|=      0.034439
[job(1345): 2016-09-10 00:52:23] At iterate     7  f =       -44.22  |proj g|=     0.0029342
[job(1345): 2016-09-10 00:52:23] At iterate     8  f =       -44.22  |proj g|=      3.13e-05
[job(1345): 2016-09-10 00:52:23] At iterate     9  f =       -44.22  |proj g|=    7.4963e-06
[job(1345): 2016-09-10 00:52:23] 
[job(1345): 2016-09-10 00:52:23] iterations 9
[job(1345): 2016-09-10 00:52:23] function evaluations 12
[job(1345): 2016-09-10 00:52:23] segments explored during Cauchy searches 9
[job(1345): 2016-09-10 00:52:23] BFGS updates skipped 0
[job(1345): 2016-09-10 00:52:23] active bounds at final generalized Cauchy point 0
[job(1345): 2016-09-10 00:52:23] norm of the final projected gradient 7.49634e-06
[job(1345): 2016-09-10 00:52:23] final function value -44.2202
[job(1345): 2016-09-10 00:52:23] 
[job(1345): 2016-09-10 00:52:23] F = -44.2202
[job(1345): 2016-09-10 00:52:23] final  value -44.220162 
[job(1345): 2016-09-10 00:52:23] converged
[job(1345): 2016-09-10 00:52:23] [Tune-x] 21: C=0.38; sigma=0.0769
[job(1345): 2016-09-10 00:52:23] [Tune-y] 21: acc.test.mean=0.342; time: 0.0 min; memory: 117Mb use, 163Mb max
[job(1345): 2016-09-10 00:52:23] 
[job(1345): 2016-09-10 00:52:23] optimisation start
[job(1345): 2016-09-10 00:52:23] ------------------
[job(1345): 2016-09-10 00:52:23] * estimation method   : MLE 
[job(1345): 2016-09-10 00:52:23] * optimisation method : BFGS 
[job(1345): 2016-09-10 00:52:23] * analytical gradient : used
[job(1345): 2016-09-10 00:52:23] * trend model : ~1
[job(1345): 2016-09-10 00:52:23] * covariance model : 
[job(1345): 2016-09-10 00:52:23]   - type :  matern5_2 
[job(1345): 2016-09-10 00:52:23]   - nugget : NO
[job(1345): 2016-09-10 00:52:23]   - parameters lower bounds :  1e-10 1e-10 
[job(1345): 2016-09-10 00:52:23]   - parameters upper bounds :  45.15749 45.05159 
[job(1345): 2016-09-10 00:52:23]   - best initial criterion value(s) :  29.42921 
[job(1345): 2016-09-10 00:52:23] 
[job(1345): 2016-09-10 00:52:23] N = 2, M = 5 machine precision = 2.22045e-16
[job(1345): 2016-09-10 00:52:23] At X0, 0 variables are exactly at the bounds
[job(1345): 2016-09-10 00:52:23] At iterate     0  f=      -29.429  |proj g|=      0.26824
[job(1345): 2016-09-10 00:52:23] At iterate     1  f =      -34.209  |proj g|=             0
[job(1345): 2016-09-10 00:52:23] 
[job(1345): 2016-09-10 00:52:23] iterations 1
[job(1345): 2016-09-10 00:52:23] function evaluations 2
[job(1345): 2016-09-10 00:52:23] segments explored during Cauchy searches 2
[job(1345): 2016-09-10 00:52:23] BFGS updates skipped 0
[job(1345): 2016-09-10 00:52:23] active bounds at final generalized Cauchy point 1
[job(1345): 2016-09-10 00:52:23] norm of the final projected gradient 0
[job(1345): 2016-09-10 00:52:23] final function value -34.2089
[job(1345): 2016-09-10 00:52:23] 
[job(1345): 2016-09-10 00:52:23] F = -34.2089
[job(1345): 2016-09-10 00:52:23] final  value -34.208855 
[job(1345): 2016-09-10 00:52:23] converged
[job(1345): 2016-09-10 00:52:23] [Tune-x] 22: C=0.00107; sigma=2.99
[job(1345): 2016-09-10 00:52:23] [Tune-y] 22: acc.test.mean=0.275; time: 0.0 min; memory: 117Mb use, 171Mb max
[job(1345): 2016-09-10 00:52:23] 
[job(1345): 2016-09-10 00:52:23] optimisation start
[job(1345): 2016-09-10 00:52:23] ------------------
[job(1345): 2016-09-10 00:52:23] * estimation method   : MLE 
[job(1345): 2016-09-10 00:52:23] * optimisation method : BFGS 
[job(1345): 2016-09-10 00:52:23] * analytical gradient : used
[job(1345): 2016-09-10 00:52:23] * trend model : ~1
[job(1345): 2016-09-10 00:52:23] * covariance model : 
[job(1345): 2016-09-10 00:52:23]   - type :  matern5_2 
[job(1345): 2016-09-10 00:52:23]   - nugget : NO
[job(1345): 2016-09-10 00:52:23]   - parameters lower bounds :  1e-10 1e-10 
[job(1345): 2016-09-10 00:52:23]   - parameters upper bounds :  45.15749 45.05159 
[job(1345): 2016-09-10 00:52:23]   - best initial criterion value(s) :  40.51908 
[job(1345): 2016-09-10 00:52:23] 
[job(1345): 2016-09-10 00:52:23] N = 2, M = 5 machine precision = 2.22045e-16
[job(1345): 2016-09-10 00:52:23] At X0, 0 variables are exactly at the bounds
[job(1345): 2016-09-10 00:52:23] At iterate     0  f=      -40.519  |proj g|=       45.055
[job(1345): 2016-09-10 00:52:23] At iterate     1  f =      -42.292  |proj g|=        0.5617
[job(1345): 2016-09-10 00:52:23] At iterate     2  f =      -42.307  |proj g|=       0.54784
[job(1345): 2016-09-10 00:52:23] At iterate     3  f =      -42.308  |proj g|=       0.54306
[job(1345): 2016-09-10 00:52:23] At iterate     4  f =      -42.309  |proj g|=       0.54222
[job(1345): 2016-09-10 00:52:23] At iterate     5  f =      -42.318  |proj g|=        2.1368
[job(1345): 2016-09-10 00:52:23] At iterate     6  f =      -42.334  |proj g|=        4.1857
[job(1345): 2016-09-10 00:52:23] At iterate     7  f =      -42.384  |proj g|=        8.2359
[job(1345): 2016-09-10 00:52:23] At iterate     8  f =      -42.514  |proj g|=        14.746
[job(1345): 2016-09-10 00:52:23] At iterate     9  f =      -42.884  |proj g|=        26.179
[job(1345): 2016-09-10 00:52:23] At iterate    10  f =       -43.81  |proj g|=        44.451
[job(1345): 2016-09-10 00:52:23] At iterate    11  f =      -44.849  |proj g|=        45.035
[job(1345): 2016-09-10 00:52:23] At iterate    12  f =      -46.725  |proj g|=            45
[job(1345): 2016-09-10 00:52:23] At iterate    13  f =      -49.642  |proj g|=        26.117
[job(1345): 2016-09-10 00:52:23] At iterate    14  f =      -49.652  |proj g|=        1.1903
[job(1345): 2016-09-10 00:52:23] At iterate    15  f =      -51.832  |proj g|=        0.3942
[job(1345): 2016-09-10 00:52:23] At iterate    16  f =      -51.862  |proj g|=        2.4597
[job(1345): 2016-09-10 00:52:23] At iterate    17  f =      -51.876  |proj g|=       0.07226
[job(1345): 2016-09-10 00:52:23] At iterate    18  f =      -51.876  |proj g|=     0.0079963
[job(1345): 2016-09-10 00:52:23] At iterate    19  f =      -51.876  |proj g|=     0.0005026
[job(1345): 2016-09-10 00:52:23] At iterate    20  f =      -51.876  |proj g|=    0.00038791
[job(1345): 2016-09-10 00:52:23] 
[job(1345): 2016-09-10 00:52:23] iterations 20
[job(1345): 2016-09-10 00:52:23] function evaluations 27
[job(1345): 2016-09-10 00:52:23] segments explored during Cauchy searches 21
[job(1345): 2016-09-10 00:52:23] BFGS updates skipped 0
[job(1345): 2016-09-10 00:52:23] active bounds at final generalized Cauchy point 0
[job(1345): 2016-09-10 00:52:23] norm of the final projected gradient 0.000387912
[job(1345): 2016-09-10 00:52:23] final function value -51.8761
[job(1345): 2016-09-10 00:52:23] 
[job(1345): 2016-09-10 00:52:23] F = -51.8761
[job(1345): 2016-09-10 00:52:23] final  value -51.876096 
[job(1345): 2016-09-10 00:52:23] converged
[job(1345): 2016-09-10 00:52:23] [Tune-x] 23: C=0.393; sigma=0.059
[job(1345): 2016-09-10 00:52:23] [Tune-y] 23: acc.test.mean=0.337; time: 0.0 min; memory: 117Mb use, 171Mb max
[job(1345): 2016-09-10 00:52:23] 
[job(1345): 2016-09-10 00:52:23] optimisation start
[job(1345): 2016-09-10 00:52:23] ------------------
[job(1345): 2016-09-10 00:52:23] * estimation method   : MLE 
[job(1345): 2016-09-10 00:52:23] * optimisation method : BFGS 
[job(1345): 2016-09-10 00:52:23] * analytical gradient : used
[job(1345): 2016-09-10 00:52:23] * trend model : ~1
[job(1345): 2016-09-10 00:52:23] * covariance model : 
[job(1345): 2016-09-10 00:52:23]   - type :  matern5_2 
[job(1345): 2016-09-10 00:52:23]   - nugget : NO
[job(1345): 2016-09-10 00:52:23]   - parameters lower bounds :  1e-10 1e-10 
[job(1345): 2016-09-10 00:52:23]   - parameters upper bounds :  45.15749 45.05159 
[job(1345): 2016-09-10 00:52:23]   - best initial criterion value(s) :  21.35196 
[job(1345): 2016-09-10 00:52:23] 
[job(1345): 2016-09-10 00:52:23] N = 2, M = 5 machine precision = 2.22045e-16
[job(1345): 2016-09-10 00:52:23] At X0, 0 variables are exactly at the bounds
[job(1345): 2016-09-10 00:52:23] At iterate     0  f=      -21.352  |proj g|=        4.634
[job(1345): 2016-09-10 00:52:23] At iterate     1  f =      -37.843  |proj g|=             0
[job(1345): 2016-09-10 00:52:23] 
[job(1345): 2016-09-10 00:52:23] iterations 1
[job(1345): 2016-09-10 00:52:23] function evaluations 2
[job(1345): 2016-09-10 00:52:23] segments explored during Cauchy searches 2
[job(1345): 2016-09-10 00:52:23] BFGS updates skipped 0
[job(1345): 2016-09-10 00:52:23] active bounds at final generalized Cauchy point 1
[job(1345): 2016-09-10 00:52:23] norm of the final projected gradient 0
[job(1345): 2016-09-10 00:52:23] final function value -37.8425
[job(1345): 2016-09-10 00:52:23] 
[job(1345): 2016-09-10 00:52:23] F = -37.8425
[job(1345): 2016-09-10 00:52:23] final  value -37.842512 
[job(1345): 2016-09-10 00:52:23] converged
[job(1345): 2016-09-10 00:52:23] [Tune-x] 24: C=199; sigma=9.93
[job(1345): 2016-09-10 00:52:23] [Tune-y] 24: acc.test.mean=0.196; time: 0.0 min; memory: 117Mb use, 171Mb max
[job(1345): 2016-09-10 00:52:23] 
[job(1345): 2016-09-10 00:52:23] optimisation start
[job(1345): 2016-09-10 00:52:23] ------------------
[job(1345): 2016-09-10 00:52:23] * estimation method   : MLE 
[job(1345): 2016-09-10 00:52:23] * optimisation method : BFGS 
[job(1345): 2016-09-10 00:52:23] * analytical gradient : used
[job(1345): 2016-09-10 00:52:23] * trend model : ~1
[job(1345): 2016-09-10 00:52:23] * covariance model : 
[job(1345): 2016-09-10 00:52:23]   - type :  matern5_2 
[job(1345): 2016-09-10 00:52:23]   - nugget : NO
[job(1345): 2016-09-10 00:52:23]   - parameters lower bounds :  1e-10 1e-10 
[job(1345): 2016-09-10 00:52:23]   - parameters upper bounds :  45.15749 45.05159 
[job(1345): 2016-09-10 00:52:23]   - best initial criterion value(s) :  38.97579 
[job(1345): 2016-09-10 00:52:23] 
[job(1345): 2016-09-10 00:52:23] N = 2, M = 5 machine precision = 2.22045e-16
[job(1345): 2016-09-10 00:52:23] At X0, 0 variables are exactly at the bounds
[job(1345): 2016-09-10 00:52:23] At iterate     0  f=      -38.976  |proj g|=      0.06501
[job(1345): 2016-09-10 00:52:23] At iterate     1  f =      -39.005  |proj g|=        1.7652
[job(1345): 2016-09-10 00:52:23] At iterate     2  f =      -39.006  |proj g|=     0.0081532
[job(1345): 2016-09-10 00:52:23] At iterate     3  f =      -39.006  |proj g|=     0.0043109
[job(1345): 2016-09-10 00:52:23] 
[job(1345): 2016-09-10 00:52:23] iterations 3
[job(1345): 2016-09-10 00:52:23] function evaluations 5
[job(1345): 2016-09-10 00:52:23] segments explored during Cauchy searches 4
[job(1345): 2016-09-10 00:52:23] BFGS updates skipped 0
[job(1345): 2016-09-10 00:52:23] active bounds at final generalized Cauchy point 0
[job(1345): 2016-09-10 00:52:23] norm of the final projected gradient 0.0043109
[job(1345): 2016-09-10 00:52:23] final function value -39.0056
[job(1345): 2016-09-10 00:52:23] 
[job(1345): 2016-09-10 00:52:23] F = -39.0056
[job(1345): 2016-09-10 00:52:23] final  value -39.005623 
[job(1345): 2016-09-10 00:52:23] converged
[job(1345): 2016-09-10 00:52:23] [Tune-x] 25: C=0.41; sigma=0.0802
[job(1345): 2016-09-10 00:52:23] [Tune-y] 25: acc.test.mean=0.332; time: 0.0 min; memory: 117Mb use, 171Mb max
[job(1345): 2016-09-10 00:52:23] 
[job(1345): 2016-09-10 00:52:23] optimisation start
[job(1345): 2016-09-10 00:52:23] ------------------
[job(1345): 2016-09-10 00:52:23] * estimation method   : MLE 
[job(1345): 2016-09-10 00:52:23] * optimisation method : BFGS 
[job(1345): 2016-09-10 00:52:23] * analytical gradient : used
[job(1345): 2016-09-10 00:52:23] * trend model : ~1
[job(1345): 2016-09-10 00:52:23] * covariance model : 
[job(1345): 2016-09-10 00:52:23]   - type :  matern5_2 
[job(1345): 2016-09-10 00:52:23]   - nugget : NO
[job(1345): 2016-09-10 00:52:23]   - parameters lower bounds :  1e-10 1e-10 
[job(1345): 2016-09-10 00:52:23]   - parameters upper bounds :  45.15749 45.05159 
[job(1345): 2016-09-10 00:52:23]   - best initial criterion value(s) :  34.42609 
[job(1345): 2016-09-10 00:52:23] 
[job(1345): 2016-09-10 00:52:23] N = 2, M = 5 machine precision = 2.22045e-16
[job(1345): 2016-09-10 00:52:23] At X0, 0 variables are exactly at the bounds
[job(1345): 2016-09-10 00:52:23] At iterate     0  f=      -34.426  |proj g|=       3.4132
[job(1345): 2016-09-10 00:52:23] At iterate     1  f =      -39.865  |proj g|=             0
[job(1345): 2016-09-10 00:52:23] 
[job(1345): 2016-09-10 00:52:23] iterations 1
[job(1345): 2016-09-10 00:52:23] function evaluations 2
[job(1345): 2016-09-10 00:52:23] segments explored during Cauchy searches 2
[job(1345): 2016-09-10 00:52:23] BFGS updates skipped 0
[job(1345): 2016-09-10 00:52:23] active bounds at final generalized Cauchy point 1
[job(1345): 2016-09-10 00:52:23] norm of the final projected gradient 0
[job(1345): 2016-09-10 00:52:23] final function value -39.8648
[job(1345): 2016-09-10 00:52:23] 
[job(1345): 2016-09-10 00:52:23] F = -39.8648
[job(1345): 2016-09-10 00:52:23] final  value -39.864786 
[job(1345): 2016-09-10 00:52:23] converged
[job(1345): 2016-09-10 00:52:23] [Tune-x] 26: C=0.00227; sigma=7.17
[job(1345): 2016-09-10 00:52:23] [Tune-y] 26: acc.test.mean=0.275; time: 0.0 min; memory: 117Mb use, 171Mb max
[job(1345): 2016-09-10 00:52:23] 
[job(1345): 2016-09-10 00:52:23] optimisation start
[job(1345): 2016-09-10 00:52:23] ------------------
[job(1345): 2016-09-10 00:52:23] * estimation method   : MLE 
[job(1345): 2016-09-10 00:52:23] * optimisation method : BFGS 
[job(1345): 2016-09-10 00:52:23] * analytical gradient : used
[job(1345): 2016-09-10 00:52:23] * trend model : ~1
[job(1345): 2016-09-10 00:52:23] * covariance model : 
[job(1345): 2016-09-10 00:52:23]   - type :  matern5_2 
[job(1345): 2016-09-10 00:52:23]   - nugget : NO
[job(1345): 2016-09-10 00:52:23]   - parameters lower bounds :  1e-10 1e-10 
[job(1345): 2016-09-10 00:52:23]   - parameters upper bounds :  45.15749 45.05159 
[job(1345): 2016-09-10 00:52:23]   - best initial criterion value(s) :  28.94189 
[job(1345): 2016-09-10 00:52:23] 
[job(1345): 2016-09-10 00:52:23] N = 2, M = 5 machine precision = 2.22045e-16
[job(1345): 2016-09-10 00:52:23] At X0, 0 variables are exactly at the bounds
[job(1345): 2016-09-10 00:52:23] At iterate     0  f=      -28.942  |proj g|=       2.9644
[job(1345): 2016-09-10 00:52:23] At iterate     1  f =       -41.95  |proj g|=             0
[job(1345): 2016-09-10 00:52:23] 
[job(1345): 2016-09-10 00:52:23] iterations 1
[job(1345): 2016-09-10 00:52:23] function evaluations 2
[job(1345): 2016-09-10 00:52:23] segments explored during Cauchy searches 2
[job(1345): 2016-09-10 00:52:23] BFGS updates skipped 0
[job(1345): 2016-09-10 00:52:23] active bounds at final generalized Cauchy point 1
[job(1345): 2016-09-10 00:52:23] norm of the final projected gradient 0
[job(1345): 2016-09-10 00:52:23] final function value -41.9504
[job(1345): 2016-09-10 00:52:23] 
[job(1345): 2016-09-10 00:52:23] F = -41.9504
[job(1345): 2016-09-10 00:52:23] final  value -41.950417 
[job(1345): 2016-09-10 00:52:23] converged
[job(1345): 2016-09-10 00:52:23] [Tune-x] 27: C=0.274; sigma=142
[job(1345): 2016-09-10 00:52:23] [Tune-y] 27: acc.test.mean=0.275; time: 0.0 min; memory: 117Mb use, 171Mb max
[job(1345): 2016-09-10 00:52:23] 
[job(1345): 2016-09-10 00:52:23] optimisation start
[job(1345): 2016-09-10 00:52:23] ------------------
[job(1345): 2016-09-10 00:52:23] * estimation method   : MLE 
[job(1345): 2016-09-10 00:52:23] * optimisation method : BFGS 
[job(1345): 2016-09-10 00:52:23] * analytical gradient : used
[job(1345): 2016-09-10 00:52:23] * trend model : ~1
[job(1345): 2016-09-10 00:52:23] * covariance model : 
[job(1345): 2016-09-10 00:52:23]   - type :  matern5_2 
[job(1345): 2016-09-10 00:52:23]   - nugget : NO
[job(1345): 2016-09-10 00:52:23]   - parameters lower bounds :  1e-10 1e-10 
[job(1345): 2016-09-10 00:52:23]   - parameters upper bounds :  45.15749 45.05159 
[job(1345): 2016-09-10 00:52:23]   - best initial criterion value(s) :  2.454624 
[job(1345): 2016-09-10 00:52:23] 
[job(1345): 2016-09-10 00:52:23] N = 2, M = 5 machine precision = 2.22045e-16
[job(1345): 2016-09-10 00:52:23] At X0, 0 variables are exactly at the bounds
[job(1345): 2016-09-10 00:52:23] At iterate     0  f=      -2.4546  |proj g|=       4.3414
[job(1345): 2016-09-10 00:52:23] At iterate     1  f =      -44.055  |proj g|=             0
[job(1345): 2016-09-10 00:52:23] 
[job(1345): 2016-09-10 00:52:23] iterations 1
[job(1345): 2016-09-10 00:52:23] function evaluations 2
[job(1345): 2016-09-10 00:52:23] segments explored during Cauchy searches 2
[job(1345): 2016-09-10 00:52:23] BFGS updates skipped 0
[job(1345): 2016-09-10 00:52:23] active bounds at final generalized Cauchy point 1
[job(1345): 2016-09-10 00:52:23] norm of the final projected gradient 0
[job(1345): 2016-09-10 00:52:23] final function value -44.0553
[job(1345): 2016-09-10 00:52:23] 
[job(1345): 2016-09-10 00:52:23] F = -44.0553
[job(1345): 2016-09-10 00:52:23] final  value -44.055308 
[job(1345): 2016-09-10 00:52:23] converged
[job(1345): 2016-09-10 00:52:23] [Tune-x] 28: C=0.00036; sigma=0.00172
[job(1345): 2016-09-10 00:52:23] [Tune-y] 28: acc.test.mean=0.275; time: 0.0 min; memory: 117Mb use, 171Mb max
[job(1345): 2016-09-10 00:52:23] 
[job(1345): 2016-09-10 00:52:23] optimisation start
[job(1345): 2016-09-10 00:52:23] ------------------
[job(1345): 2016-09-10 00:52:23] * estimation method   : MLE 
[job(1345): 2016-09-10 00:52:23] * optimisation method : BFGS 
[job(1345): 2016-09-10 00:52:23] * analytical gradient : used
[job(1345): 2016-09-10 00:52:23] * trend model : ~1
[job(1345): 2016-09-10 00:52:23] * covariance model : 
[job(1345): 2016-09-10 00:52:23]   - type :  matern5_2 
[job(1345): 2016-09-10 00:52:23]   - nugget : NO
[job(1345): 2016-09-10 00:52:23]   - parameters lower bounds :  1e-10 1e-10 
[job(1345): 2016-09-10 00:52:23]   - parameters upper bounds :  45.37351 45.05159 
[job(1345): 2016-09-10 00:52:23]   - best initial criterion value(s) :  30.04243 
[job(1345): 2016-09-10 00:52:23] 
[job(1345): 2016-09-10 00:52:23] N = 2, M = 5 machine precision = 2.22045e-16
[job(1345): 2016-09-10 00:52:23] At X0, 0 variables are exactly at the bounds
[job(1345): 2016-09-10 00:52:23] At iterate     0  f=      -30.042  |proj g|=       3.2316
[job(1345): 2016-09-10 00:52:23] At iterate     1  f =      -46.179  |proj g|=             0
[job(1345): 2016-09-10 00:52:23] 
[job(1345): 2016-09-10 00:52:23] iterations 1
[job(1345): 2016-09-10 00:52:23] function evaluations 2
[job(1345): 2016-09-10 00:52:23] segments explored during Cauchy searches 2
[job(1345): 2016-09-10 00:52:23] BFGS updates skipped 0
[job(1345): 2016-09-10 00:52:23] active bounds at final generalized Cauchy point 1
[job(1345): 2016-09-10 00:52:23] norm of the final projected gradient 0
[job(1345): 2016-09-10 00:52:23] final function value -46.1787
[job(1345): 2016-09-10 00:52:23] 
[job(1345): 2016-09-10 00:52:23] F = -46.1787
[job(1345): 2016-09-10 00:52:23] final  value -46.178745 
[job(1345): 2016-09-10 00:52:23] converged
[job(1345): 2016-09-10 00:52:23] [Tune] Result: C=0.394; sigma=0.0816 : acc.test.mean=-0.343
[job(1345): 2016-09-10 00:52:23] Job terminated successfully
[job(chunk): 2016-09-10 00:52:24] Calculation finished!
