[job(chunk): 2016-09-09 20:15:14] Starting calculation of 1 jobs
[job(chunk): 2016-09-09 20:15:14] Setting working directory to '/naslx/projects/pr74ze/ri89coc2/svm_comparison'
[job(chunk): 2016-09-09 20:15:14] Memory measurement disabled
[job(680): 2016-09-09 20:15:16] Starting job with job.id=680
[job(680): 2016-09-09 20:16:15] Generating problem instance for problem '338' ...
[job(680): 2016-09-09 20:16:15] Downloading from 'http://www.openml.org/api/v1/data/338' to '/tmp/ri89coc2/Rtmp2xEJNT/cache/datasets/338/description.xml'.
[job(680): 2016-09-09 20:16:15] Downloading from 'http://www.openml.org/data/download/52241/phpnYQXoc' to '/tmp/ri89coc2/Rtmp2xEJNT/cache/datasets/338/dataset.arff'
[job(680): 2016-09-09 20:16:15] Loading required package: readr
[job(680): 2016-09-09 20:16:15] Applying algorithm 'spoc-svc.tuned' on problem '338' ...
[job(680): 2016-09-09 20:16:15] Data '338' file 'description.xml' found in cache.
[job(680): 2016-09-09 20:16:15] Data '338' file 'dataset.arff' found in cache.
[job(680): 2016-09-09 20:16:15] [Tune] Started tuning learner spoc-svc for parameter set:
[job(680): 2016-09-09 20:16:15]          Type len Def    Constr Req Tunable Trafo
[job(680): 2016-09-09 20:16:15] C     numeric   -   - -12 to 12   -    TRUE     Y
[job(680): 2016-09-09 20:16:15] sigma numeric   -   - -12 to 12   -    TRUE     Y
[job(680): 2016-09-09 20:16:15] With control class: TuneControlMBO
[job(680): 2016-09-09 20:16:15] Imputation value: -0
[job(680): 2016-09-09 20:16:15] [Tune-x] 1: C=0.0325; sigma=2.24
[job(680): 2016-09-09 20:16:15] [Tune-y] 1: acc.test.mean=0.352; time: 0.0 min; memory: 113Mb use, 152Mb max
[job(680): 2016-09-09 20:16:15] [Tune-x] 2: C=13.4; sigma=47.9
[job(680): 2016-09-09 20:16:15] [Tune-y] 2: acc.test.mean=0.41; time: 0.0 min; memory: 113Mb use, 152Mb max
[job(680): 2016-09-09 20:16:15] [Tune-x] 3: C=0.952; sigma=0.00196
[job(680): 2016-09-09 20:16:15] [Tune-y] 3: acc.test.mean=0.395; time: 0.0 min; memory: 113Mb use, 152Mb max
[job(680): 2016-09-09 20:16:15] [Tune-x] 4: C=585; sigma=0.0354
[job(680): 2016-09-09 20:16:15] [Tune-y] 4: acc.test.mean=0.324; time: 0.0 min; memory: 113Mb use, 152Mb max
[job(680): 2016-09-09 20:16:15] [Tune-x] 5: C=0.00941; sigma=0.00125
[job(680): 2016-09-09 20:16:15] [Tune-y] 5: acc.test.mean=0.252; time: 0.0 min; memory: 113Mb use, 152Mb max
[job(680): 2016-09-09 20:16:15] [Tune-x] 6: C=87.6; sigma=114
[job(680): 2016-09-09 20:16:15] [Tune-y] 6: acc.test.mean=0.41; time: 0.0 min; memory: 113Mb use, 152Mb max
[job(680): 2016-09-09 20:16:15] [Tune-x] 7: C=0.000359; sigma=878
[job(680): 2016-09-09 20:16:15] [Tune-y] 7: acc.test.mean=0.288; time: 0.0 min; memory: 113Mb use, 152Mb max
[job(680): 2016-09-09 20:16:15] [Tune-x] 8: C=6.26; sigma=0.491
[job(680): 2016-09-09 20:16:15] [Tune-y] 8: acc.test.mean=0.337; time: 0.0 min; memory: 113Mb use, 152Mb max
[job(680): 2016-09-09 20:16:15] 
[job(680): 2016-09-09 20:16:15] optimisation start
[job(680): 2016-09-09 20:16:15] ------------------
[job(680): 2016-09-09 20:16:15] * estimation method   : MLE 
[job(680): 2016-09-09 20:16:15] * optimisation method : BFGS 
[job(680): 2016-09-09 20:16:15] * analytical gradient : used
[job(680): 2016-09-09 20:16:15] * trend model : ~1
[job(680): 2016-09-09 20:16:15] * covariance model : 
[job(680): 2016-09-09 20:16:15]   - type :  matern5_2 
[job(680): 2016-09-09 20:16:15]   - nugget : NO
[job(680): 2016-09-09 20:16:15]   - parameters lower bounds :  1e-10 1e-10 
[job(680): 2016-09-09 20:16:15]   - parameters upper bounds :  41.27509 38.84546 
[job(680): 2016-09-09 20:16:15]   - best initial criterion value(s) :  11.99003 
[job(680): 2016-09-09 20:16:15] 
[job(680): 2016-09-09 20:16:15] N = 2, M = 5 machine precision = 2.22045e-16
[job(680): 2016-09-09 20:16:15] At X0, 0 variables are exactly at the bounds
[job(680): 2016-09-09 20:16:15] At iterate     0  f=       -11.99  |proj g|=   1.0775e-10
[job(680): 2016-09-09 20:16:15] At iterate     1  f =       -11.99  |proj g|=    1.0775e-10
[job(680): 2016-09-09 20:16:15] 
[job(680): 2016-09-09 20:16:15] iterations 1
[job(680): 2016-09-09 20:16:15] function evaluations 2
[job(680): 2016-09-09 20:16:15] segments explored during Cauchy searches 1
[job(680): 2016-09-09 20:16:15] BFGS updates skipped 0
[job(680): 2016-09-09 20:16:15] active bounds at final generalized Cauchy point 0
[job(680): 2016-09-09 20:16:15] norm of the final projected gradient 1.07755e-10
[job(680): 2016-09-09 20:16:15] final function value -11.99
[job(680): 2016-09-09 20:16:15] 
[job(680): 2016-09-09 20:16:15] F = -11.99
[job(680): 2016-09-09 20:16:15] final  value -11.990030 
[job(680): 2016-09-09 20:16:15] converged
[job(680): 2016-09-09 20:16:15] [Tune-x] 9: C=87.5; sigma=116
[job(680): 2016-09-09 20:16:15] [Tune-y] 9: acc.test.mean=0.403; time: 0.0 min; memory: 117Mb use, 156Mb max
[job(680): 2016-09-09 20:16:15] 
[job(680): 2016-09-09 20:16:15] optimisation start
[job(680): 2016-09-09 20:16:15] ------------------
[job(680): 2016-09-09 20:16:15] * estimation method   : MLE 
[job(680): 2016-09-09 20:16:15] * optimisation method : BFGS 
[job(680): 2016-09-09 20:16:15] * analytical gradient : used
[job(680): 2016-09-09 20:16:15] * trend model : ~1
[job(680): 2016-09-09 20:16:15] * covariance model : 
[job(680): 2016-09-09 20:16:15]   - type :  matern5_2 
[job(680): 2016-09-09 20:16:15]   - nugget : NO
[job(680): 2016-09-09 20:16:15]   - parameters lower bounds :  1e-10 1e-10 
[job(680): 2016-09-09 20:16:15]   - parameters upper bounds :  41.27509 38.84546 
[job(680): 2016-09-09 20:16:15]   - best initial criterion value(s) :  15.46084 
[job(680): 2016-09-09 20:16:15] 
[job(680): 2016-09-09 20:16:15] N = 2, M = 5 machine precision = 2.22045e-16
[job(680): 2016-09-09 20:16:15] At X0, 0 variables are exactly at the bounds
[job(680): 2016-09-09 20:16:15] At iterate     0  f=      -15.461  |proj g|=      0.29207
[job(680): 2016-09-09 20:16:15] At iterate     1  f =      -15.493  |proj g|=       0.27737
[job(680): 2016-09-09 20:16:15] At iterate     2  f =      -15.543  |proj g|=       0.90217
[job(680): 2016-09-09 20:16:15] At iterate     3  f =      -15.552  |proj g|=       0.16532
[job(680): 2016-09-09 20:16:15] At iterate     4  f =      -15.552  |proj g|=     0.0096651
[job(680): 2016-09-09 20:16:15] At iterate     5  f =      -15.552  |proj g|=    0.00011833
[job(680): 2016-09-09 20:16:15] At iterate     6  f =      -15.552  |proj g|=    0.00010896
[job(680): 2016-09-09 20:16:15] 
[job(680): 2016-09-09 20:16:15] iterations 6
[job(680): 2016-09-09 20:16:15] function evaluations 8
[job(680): 2016-09-09 20:16:15] segments explored during Cauchy searches 7
[job(680): 2016-09-09 20:16:15] BFGS updates skipped 0
[job(680): 2016-09-09 20:16:15] active bounds at final generalized Cauchy point 0
[job(680): 2016-09-09 20:16:15] norm of the final projected gradient 0.000108958
[job(680): 2016-09-09 20:16:15] final function value -15.5518
[job(680): 2016-09-09 20:16:15] 
[job(680): 2016-09-09 20:16:15] F = -15.5518
[job(680): 2016-09-09 20:16:15] final  value -15.551819 
[job(680): 2016-09-09 20:16:15] converged
[job(680): 2016-09-09 20:16:15] [Tune-x] 10: C=89.4; sigma=108
[job(680): 2016-09-09 20:16:15] [Tune-y] 10: acc.test.mean=0.353; time: 0.0 min; memory: 117Mb use, 162Mb max
[job(680): 2016-09-09 20:16:15] 
[job(680): 2016-09-09 20:16:15] optimisation start
[job(680): 2016-09-09 20:16:15] ------------------
[job(680): 2016-09-09 20:16:15] * estimation method   : MLE 
[job(680): 2016-09-09 20:16:15] * optimisation method : BFGS 
[job(680): 2016-09-09 20:16:15] * analytical gradient : used
[job(680): 2016-09-09 20:16:15] * trend model : ~1
[job(680): 2016-09-09 20:16:15] * covariance model : 
[job(680): 2016-09-09 20:16:15]   - type :  matern5_2 
[job(680): 2016-09-09 20:16:15]   - nugget : NO
[job(680): 2016-09-09 20:16:15]   - parameters lower bounds :  1e-10 1e-10 
[job(680): 2016-09-09 20:16:15]   - parameters upper bounds :  41.27509 38.84546 
[job(680): 2016-09-09 20:16:15]   - best initial criterion value(s) :  -7.345667 
[job(680): 2016-09-09 20:16:15] 
[job(680): 2016-09-09 20:16:15] N = 2, M = 5 machine precision = 2.22045e-16
[job(680): 2016-09-09 20:16:15] At X0, 0 variables are exactly at the bounds
[job(680): 2016-09-09 20:16:15] At iterate     0  f=       7.3457  |proj g|=      0.66241
[job(680): 2016-09-09 20:16:15] At iterate     1  f =       6.3285  |proj g|=       0.62093
[job(680): 2016-09-09 20:16:15] ys=-2.651e+00  -gs= 5.088e-01, BFGS update SKIPPED
[job(680): 2016-09-09 20:16:15] At iterate     2  f =      -15.521  |proj g|=             0
[job(680): 2016-09-09 20:16:15] 
[job(680): 2016-09-09 20:16:15] iterations 2
[job(680): 2016-09-09 20:16:15] function evaluations 3
[job(680): 2016-09-09 20:16:15] segments explored during Cauchy searches 3
[job(680): 2016-09-09 20:16:15] BFGS updates skipped 1
[job(680): 2016-09-09 20:16:15] active bounds at final generalized Cauchy point 1
[job(680): 2016-09-09 20:16:15] norm of the final projected gradient 0
[job(680): 2016-09-09 20:16:15] final function value -15.5211
[job(680): 2016-09-09 20:16:15] 
[job(680): 2016-09-09 20:16:15] F = -15.5211
[job(680): 2016-09-09 20:16:15] final  value -15.521061 
[job(680): 2016-09-09 20:16:15] converged
[job(680): 2016-09-09 20:16:15] [Tune-x] 11: C=0.0147; sigma=191
[job(680): 2016-09-09 20:16:15] [Tune-y] 11: acc.test.mean=0.295; time: 0.0 min; memory: 117Mb use, 162Mb max
[job(680): 2016-09-09 20:16:15] 
[job(680): 2016-09-09 20:16:15] optimisation start
[job(680): 2016-09-09 20:16:15] ------------------
[job(680): 2016-09-09 20:16:15] * estimation method   : MLE 
[job(680): 2016-09-09 20:16:15] * optimisation method : BFGS 
[job(680): 2016-09-09 20:16:15] * analytical gradient : used
[job(680): 2016-09-09 20:16:15] * trend model : ~1
[job(680): 2016-09-09 20:16:15] * covariance model : 
[job(680): 2016-09-09 20:16:15]   - type :  matern5_2 
[job(680): 2016-09-09 20:16:15]   - nugget : NO
[job(680): 2016-09-09 20:16:15]   - parameters lower bounds :  1e-10 1e-10 
[job(680): 2016-09-09 20:16:15]   - parameters upper bounds :  41.27509 38.84546 
[job(680): 2016-09-09 20:16:15]   - best initial criterion value(s) :  -17.34811 
[job(680): 2016-09-09 20:16:15] 
[job(680): 2016-09-09 20:16:15] N = 2, M = 5 machine precision = 2.22045e-16
[job(680): 2016-09-09 20:16:15] At X0, 0 variables are exactly at the bounds
[job(680): 2016-09-09 20:16:15] At iterate     0  f=       17.348  |proj g|=       2.5382
[job(680): 2016-09-09 20:16:15] At iterate     1  f =       11.692  |proj g|=        1.0055
[job(680): 2016-09-09 20:16:15] At iterate     2  f =      -17.008  |proj g|=             0
[job(680): 2016-09-09 20:16:15] 
[job(680): 2016-09-09 20:16:15] iterations 2
[job(680): 2016-09-09 20:16:15] function evaluations 3
[job(680): 2016-09-09 20:16:15] segments explored during Cauchy searches 3
[job(680): 2016-09-09 20:16:15] BFGS updates skipped 0
[job(680): 2016-09-09 20:16:15] active bounds at final generalized Cauchy point 1
[job(680): 2016-09-09 20:16:15] norm of the final projected gradient 0
[job(680): 2016-09-09 20:16:15] final function value -17.0085
[job(680): 2016-09-09 20:16:15] 
[job(680): 2016-09-09 20:16:15] F = -17.0085
[job(680): 2016-09-09 20:16:15] final  value -17.008459 
[job(680): 2016-09-09 20:16:15] converged
[job(680): 2016-09-09 20:16:15] [Tune-x] 12: C=0.000386; sigma=688
[job(680): 2016-09-09 20:16:15] [Tune-y] 12: acc.test.mean=0.28; time: 0.0 min; memory: 117Mb use, 162Mb max
[job(680): 2016-09-09 20:16:15] 
[job(680): 2016-09-09 20:16:15] optimisation start
[job(680): 2016-09-09 20:16:15] ------------------
[job(680): 2016-09-09 20:16:15] * estimation method   : MLE 
[job(680): 2016-09-09 20:16:15] * optimisation method : BFGS 
[job(680): 2016-09-09 20:16:15] * analytical gradient : used
[job(680): 2016-09-09 20:16:15] * trend model : ~1
[job(680): 2016-09-09 20:16:15] * covariance model : 
[job(680): 2016-09-09 20:16:15]   - type :  matern5_2 
[job(680): 2016-09-09 20:16:15]   - nugget : NO
[job(680): 2016-09-09 20:16:15]   - parameters lower bounds :  1e-10 1e-10 
[job(680): 2016-09-09 20:16:15]   - parameters upper bounds :  41.27509 38.84546 
[job(680): 2016-09-09 20:16:15]   - best initial criterion value(s) :  -8.449472 
[job(680): 2016-09-09 20:16:15] 
[job(680): 2016-09-09 20:16:15] N = 2, M = 5 machine precision = 2.22045e-16
[job(680): 2016-09-09 20:16:15] At X0, 0 variables are exactly at the bounds
[job(680): 2016-09-09 20:16:15] At iterate     0  f=       8.4495  |proj g|=      0.77471
[job(680): 2016-09-09 20:16:15] At iterate     1  f =      -18.292  |proj g|=             0
[job(680): 2016-09-09 20:16:15] 
[job(680): 2016-09-09 20:16:15] iterations 1
[job(680): 2016-09-09 20:16:15] function evaluations 2
[job(680): 2016-09-09 20:16:15] segments explored during Cauchy searches 2
[job(680): 2016-09-09 20:16:15] BFGS updates skipped 0
[job(680): 2016-09-09 20:16:15] active bounds at final generalized Cauchy point 1
[job(680): 2016-09-09 20:16:15] norm of the final projected gradient 0
[job(680): 2016-09-09 20:16:15] final function value -18.2918
[job(680): 2016-09-09 20:16:15] 
[job(680): 2016-09-09 20:16:15] F = -18.2918
[job(680): 2016-09-09 20:16:15] final  value -18.291823 
[job(680): 2016-09-09 20:16:15] converged
[job(680): 2016-09-09 20:16:15] [Tune-x] 13: C=0.479; sigma=0.0632
[job(680): 2016-09-09 20:16:15] [Tune-y] 13: acc.test.mean=0.423; time: 0.0 min; memory: 117Mb use, 162Mb max
[job(680): 2016-09-09 20:16:15] 
[job(680): 2016-09-09 20:16:15] optimisation start
[job(680): 2016-09-09 20:16:15] ------------------
[job(680): 2016-09-09 20:16:15] * estimation method   : MLE 
[job(680): 2016-09-09 20:16:15] * optimisation method : BFGS 
[job(680): 2016-09-09 20:16:15] * analytical gradient : used
[job(680): 2016-09-09 20:16:15] * trend model : ~1
[job(680): 2016-09-09 20:16:15] * covariance model : 
[job(680): 2016-09-09 20:16:15]   - type :  matern5_2 
[job(680): 2016-09-09 20:16:15]   - nugget : NO
[job(680): 2016-09-09 20:16:15]   - parameters lower bounds :  1e-10 1e-10 
[job(680): 2016-09-09 20:16:15]   - parameters upper bounds :  41.27509 38.84546 
[job(680): 2016-09-09 20:16:15]   - best initial criterion value(s) :  -15.34514 
[job(680): 2016-09-09 20:16:15] 
[job(680): 2016-09-09 20:16:15] N = 2, M = 5 machine precision = 2.22045e-16
[job(680): 2016-09-09 20:16:15] At X0, 0 variables are exactly at the bounds
[job(680): 2016-09-09 20:16:15] At iterate     0  f=       15.345  |proj g|=       1.9606
[job(680): 2016-09-09 20:16:15] At iterate     1  f =       14.255  |proj g|=        1.2819
[job(680): 2016-09-09 20:16:15] At iterate     2  f =       13.823  |proj g|=       0.30182
[job(680): 2016-09-09 20:16:15] At iterate     3  f =       13.756  |proj g|=       0.32519
[job(680): 2016-09-09 20:16:15] At iterate     4  f =       13.396  |proj g|=       0.66219
[job(680): 2016-09-09 20:16:15] At iterate     5  f =      -19.235  |proj g|=             0
[job(680): 2016-09-09 20:16:15] 
[job(680): 2016-09-09 20:16:15] iterations 5
[job(680): 2016-09-09 20:16:15] function evaluations 7
[job(680): 2016-09-09 20:16:15] segments explored during Cauchy searches 5
[job(680): 2016-09-09 20:16:15] BFGS updates skipped 0
[job(680): 2016-09-09 20:16:15] active bounds at final generalized Cauchy point 0
[job(680): 2016-09-09 20:16:15] norm of the final projected gradient 0
[job(680): 2016-09-09 20:16:15] final function value -19.2346
[job(680): 2016-09-09 20:16:15] 
[job(680): 2016-09-09 20:16:15] F = -19.2346
[job(680): 2016-09-09 20:16:15] final  value -19.234582 
[job(680): 2016-09-09 20:16:15] converged
[job(680): 2016-09-09 20:16:15] [Tune-x] 14: C=1.62e+03; sigma=0.000427
[job(680): 2016-09-09 20:16:15] [Tune-y] 14: acc.test.mean=0.266; time: 0.2 min; memory: 117Mb use, 162Mb max
[job(680): 2016-09-09 20:16:15] 
[job(680): 2016-09-09 20:16:15] optimisation start
[job(680): 2016-09-09 20:16:15] ------------------
[job(680): 2016-09-09 20:16:15] * estimation method   : MLE 
[job(680): 2016-09-09 20:16:15] * optimisation method : BFGS 
[job(680): 2016-09-09 20:16:15] * analytical gradient : used
[job(680): 2016-09-09 20:16:15] * trend model : ~1
[job(680): 2016-09-09 20:16:15] * covariance model : 
[job(680): 2016-09-09 20:16:15]   - type :  matern5_2 
[job(680): 2016-09-09 20:16:15]   - nugget : NO
[job(680): 2016-09-09 20:16:15]   - parameters lower bounds :  1e-10 1e-10 
[job(680): 2016-09-09 20:16:15]   - parameters upper bounds :  44.21674 41.94312 
[job(680): 2016-09-09 20:16:15]   - best initial criterion value(s) :  15.27915 
[job(680): 2016-09-09 20:16:15] 
[job(680): 2016-09-09 20:16:15] N = 2, M = 5 machine precision = 2.22045e-16
[job(680): 2016-09-09 20:16:15] At X0, 0 variables are exactly at the bounds
[job(680): 2016-09-09 20:16:15] At iterate     0  f=      -15.279  |proj g|=     0.046343
[job(680): 2016-09-09 20:16:15] At iterate     1  f =      -20.217  |proj g|=             0
[job(680): 2016-09-09 20:16:15] 
[job(680): 2016-09-09 20:16:15] iterations 1
[job(680): 2016-09-09 20:16:15] function evaluations 2
[job(680): 2016-09-09 20:16:15] segments explored during Cauchy searches 2
[job(680): 2016-09-09 20:16:15] BFGS updates skipped 0
[job(680): 2016-09-09 20:16:15] active bounds at final generalized Cauchy point 1
[job(680): 2016-09-09 20:16:15] norm of the final projected gradient 0
[job(680): 2016-09-09 20:16:15] final function value -20.2166
[job(680): 2016-09-09 20:16:15] 
[job(680): 2016-09-09 20:16:15] F = -20.2166
[job(680): 2016-09-09 20:16:15] final  value -20.216624 
[job(680): 2016-09-09 20:16:15] converged
[job(680): 2016-09-09 20:16:15] [Tune-x] 15: C=0.0328; sigma=0.246
[job(680): 2016-09-09 20:16:15] [Tune-y] 15: acc.test.mean=0.396; time: 0.0 min; memory: 117Mb use, 162Mb max
[job(680): 2016-09-09 20:16:15] 
[job(680): 2016-09-09 20:16:15] optimisation start
[job(680): 2016-09-09 20:16:15] ------------------
[job(680): 2016-09-09 20:16:15] * estimation method   : MLE 
[job(680): 2016-09-09 20:16:15] * optimisation method : BFGS 
[job(680): 2016-09-09 20:16:15] * analytical gradient : used
[job(680): 2016-09-09 20:16:15] * trend model : ~1
[job(680): 2016-09-09 20:16:15] * covariance model : 
[job(680): 2016-09-09 20:16:15]   - type :  matern5_2 
[job(680): 2016-09-09 20:16:15]   - nugget : NO
[job(680): 2016-09-09 20:16:15]   - parameters lower bounds :  1e-10 1e-10 
[job(680): 2016-09-09 20:16:15]   - parameters upper bounds :  44.21674 41.94312 
[job(680): 2016-09-09 20:16:15]   - best initial criterion value(s) :  -20.36803 
[job(680): 2016-09-09 20:16:15] 
[job(680): 2016-09-09 20:16:15] N = 2, M = 5 machine precision = 2.22045e-16
[job(680): 2016-09-09 20:16:15] At X0, 0 variables are exactly at the bounds
[job(680): 2016-09-09 20:16:15] At iterate     0  f=       20.368  |proj g|=       2.2368
[job(680): 2016-09-09 20:16:15] At iterate     1  f =       19.153  |proj g|=        1.1015
[job(680): 2016-09-09 20:16:15] At iterate     2  f =       18.676  |proj g|=       0.13354
[job(680): 2016-09-09 20:16:15] At iterate     3  f =        18.66  |proj g|=        0.1224
[job(680): 2016-09-09 20:16:15] At iterate     4  f =       18.639  |proj g|=       0.12866
[job(680): 2016-09-09 20:16:15] At iterate     5  f =       18.499  |proj g|=        0.4998
[job(680): 2016-09-09 20:16:15] At iterate     6  f =       18.129  |proj g|=        1.1061
[job(680): 2016-09-09 20:16:15] At iterate     7  f =      -21.749  |proj g|=             0
[job(680): 2016-09-09 20:16:15] 
[job(680): 2016-09-09 20:16:15] iterations 7
[job(680): 2016-09-09 20:16:15] function evaluations 8
[job(680): 2016-09-09 20:16:15] segments explored during Cauchy searches 7
[job(680): 2016-09-09 20:16:15] BFGS updates skipped 0
[job(680): 2016-09-09 20:16:15] active bounds at final generalized Cauchy point 0
[job(680): 2016-09-09 20:16:15] norm of the final projected gradient 0
[job(680): 2016-09-09 20:16:15] final function value -21.7486
[job(680): 2016-09-09 20:16:15] 
[job(680): 2016-09-09 20:16:15] F = -21.7486
[job(680): 2016-09-09 20:16:15] final  value -21.748643 
[job(680): 2016-09-09 20:16:15] converged
[job(680): 2016-09-09 20:16:15] [Tune-x] 16: C=0.0594; sigma=2.94e+03
[job(680): 2016-09-09 20:16:15] [Tune-y] 16: acc.test.mean=0.289; time: 0.0 min; memory: 117Mb use, 162Mb max
[job(680): 2016-09-09 20:16:15] 
[job(680): 2016-09-09 20:16:15] optimisation start
[job(680): 2016-09-09 20:16:15] ------------------
[job(680): 2016-09-09 20:16:15] * estimation method   : MLE 
[job(680): 2016-09-09 20:16:15] * optimisation method : BFGS 
[job(680): 2016-09-09 20:16:15] * analytical gradient : used
[job(680): 2016-09-09 20:16:15] * trend model : ~1
[job(680): 2016-09-09 20:16:15] * covariance model : 
[job(680): 2016-09-09 20:16:15]   - type :  matern5_2 
[job(680): 2016-09-09 20:16:15]   - nugget : NO
[job(680): 2016-09-09 20:16:15]   - parameters lower bounds :  1e-10 1e-10 
[job(680): 2016-09-09 20:16:15]   - parameters upper bounds :  44.21674 45.42672 
[job(680): 2016-09-09 20:16:15]   - best initial criterion value(s) :  4.574933 
[job(680): 2016-09-09 20:16:15] 
[job(680): 2016-09-09 20:16:15] N = 2, M = 5 machine precision = 2.22045e-16
[job(680): 2016-09-09 20:16:15] At X0, 0 variables are exactly at the bounds
[job(680): 2016-09-09 20:16:15] At iterate     0  f=      -4.5749  |proj g|=      0.08978
[job(680): 2016-09-09 20:16:15] At iterate     1  f =      -23.225  |proj g|=             0
[job(680): 2016-09-09 20:16:15] 
[job(680): 2016-09-09 20:16:15] iterations 1
[job(680): 2016-09-09 20:16:15] function evaluations 2
[job(680): 2016-09-09 20:16:15] segments explored during Cauchy searches 2
[job(680): 2016-09-09 20:16:15] BFGS updates skipped 0
[job(680): 2016-09-09 20:16:15] active bounds at final generalized Cauchy point 1
[job(680): 2016-09-09 20:16:15] norm of the final projected gradient 0
[job(680): 2016-09-09 20:16:15] final function value -23.2253
[job(680): 2016-09-09 20:16:15] 
[job(680): 2016-09-09 20:16:15] F = -23.2253
[job(680): 2016-09-09 20:16:15] final  value -23.225332 
[job(680): 2016-09-09 20:16:15] converged
[job(680): 2016-09-09 20:16:15] [Tune-x] 17: C=161; sigma=2.04
[job(680): 2016-09-09 20:16:15] [Tune-y] 17: acc.test.mean=0.395; time: 0.0 min; memory: 117Mb use, 162Mb max
[job(680): 2016-09-09 20:16:15] 
[job(680): 2016-09-09 20:16:15] optimisation start
[job(680): 2016-09-09 20:16:15] ------------------
[job(680): 2016-09-09 20:16:15] * estimation method   : MLE 
[job(680): 2016-09-09 20:16:15] * optimisation method : BFGS 
[job(680): 2016-09-09 20:16:15] * analytical gradient : used
[job(680): 2016-09-09 20:16:15] * trend model : ~1
[job(680): 2016-09-09 20:16:15] * covariance model : 
[job(680): 2016-09-09 20:16:15]   - type :  matern5_2 
[job(680): 2016-09-09 20:16:15]   - nugget : NO
[job(680): 2016-09-09 20:16:15]   - parameters lower bounds :  1e-10 1e-10 
[job(680): 2016-09-09 20:16:15]   - parameters upper bounds :  44.21674 45.42672 
[job(680): 2016-09-09 20:16:15]   - best initial criterion value(s) :  9.748737 
[job(680): 2016-09-09 20:16:15] 
[job(680): 2016-09-09 20:16:15] N = 2, M = 5 machine precision = 2.22045e-16
[job(680): 2016-09-09 20:16:15] At X0, 0 variables are exactly at the bounds
[job(680): 2016-09-09 20:16:15] At iterate     0  f=      -9.7487  |proj g|=      0.36007
[job(680): 2016-09-09 20:16:15] At iterate     1  f =      -24.764  |proj g|=             0
[job(680): 2016-09-09 20:16:15] 
[job(680): 2016-09-09 20:16:15] iterations 1
[job(680): 2016-09-09 20:16:15] function evaluations 2
[job(680): 2016-09-09 20:16:15] segments explored during Cauchy searches 2
[job(680): 2016-09-09 20:16:15] BFGS updates skipped 0
[job(680): 2016-09-09 20:16:15] active bounds at final generalized Cauchy point 1
[job(680): 2016-09-09 20:16:15] norm of the final projected gradient 0
[job(680): 2016-09-09 20:16:15] final function value -24.7635
[job(680): 2016-09-09 20:16:15] 
[job(680): 2016-09-09 20:16:15] F = -24.7635
[job(680): 2016-09-09 20:16:15] final  value -24.763534 
[job(680): 2016-09-09 20:16:15] converged
[job(680): 2016-09-09 20:16:15] [Tune-x] 18: C=9.54; sigma=0.000859
[job(680): 2016-09-09 20:16:15] [Tune-y] 18: acc.test.mean=0.425; time: 0.0 min; memory: 117Mb use, 162Mb max
[job(680): 2016-09-09 20:16:15] 
[job(680): 2016-09-09 20:16:15] optimisation start
[job(680): 2016-09-09 20:16:15] ------------------
[job(680): 2016-09-09 20:16:15] * estimation method   : MLE 
[job(680): 2016-09-09 20:16:15] * optimisation method : BFGS 
[job(680): 2016-09-09 20:16:15] * analytical gradient : used
[job(680): 2016-09-09 20:16:15] * trend model : ~1
[job(680): 2016-09-09 20:16:15] * covariance model : 
[job(680): 2016-09-09 20:16:15]   - type :  matern5_2 
[job(680): 2016-09-09 20:16:15]   - nugget : NO
[job(680): 2016-09-09 20:16:15]   - parameters lower bounds :  1e-10 1e-10 
[job(680): 2016-09-09 20:16:15]   - parameters upper bounds :  44.21674 45.42672 
[job(680): 2016-09-09 20:16:15]   - best initial criterion value(s) :  -42.53505 
[job(680): 2016-09-09 20:16:15] 
[job(680): 2016-09-09 20:16:15] N = 2, M = 5 machine precision = 2.22045e-16
[job(680): 2016-09-09 20:16:15] At X0, 0 variables are exactly at the bounds
[job(680): 2016-09-09 20:16:15] At iterate     0  f=       42.535  |proj g|=       1.2635
[job(680): 2016-09-09 20:16:15] At iterate     1  f =       40.824  |proj g|=        1.3659
[job(680): 2016-09-09 20:16:15] ys=-1.253e-01  -gs= 1.651e+00, BFGS update SKIPPED
[job(680): 2016-09-09 20:16:15] At iterate     2  f =      -25.794  |proj g|=             0
[job(680): 2016-09-09 20:16:15] 
[job(680): 2016-09-09 20:16:15] iterations 2
[job(680): 2016-09-09 20:16:15] function evaluations 5
[job(680): 2016-09-09 20:16:15] segments explored during Cauchy searches 2
[job(680): 2016-09-09 20:16:15] BFGS updates skipped 1
[job(680): 2016-09-09 20:16:15] active bounds at final generalized Cauchy point 0
[job(680): 2016-09-09 20:16:15] norm of the final projected gradient 0
[job(680): 2016-09-09 20:16:15] final function value -25.7944
[job(680): 2016-09-09 20:16:15] 
[job(680): 2016-09-09 20:16:15] F = -25.7944
[job(680): 2016-09-09 20:16:15] final  value -25.794385 
[job(680): 2016-09-09 20:16:15] converged
[job(680): 2016-09-09 20:16:15] [Tune-x] 19: C=7.16; sigma=0.0132
[job(680): 2016-09-09 20:16:15] [Tune-y] 19: acc.test.mean=0.21; time: 0.0 min; memory: 117Mb use, 162Mb max
[job(680): 2016-09-09 20:16:15] 
[job(680): 2016-09-09 20:16:15] optimisation start
[job(680): 2016-09-09 20:16:15] ------------------
[job(680): 2016-09-09 20:16:15] * estimation method   : MLE 
[job(680): 2016-09-09 20:16:15] * optimisation method : BFGS 
[job(680): 2016-09-09 20:16:15] * analytical gradient : used
[job(680): 2016-09-09 20:16:15] * trend model : ~1
[job(680): 2016-09-09 20:16:15] * covariance model : 
[job(680): 2016-09-09 20:16:15]   - type :  matern5_2 
[job(680): 2016-09-09 20:16:15]   - nugget : NO
[job(680): 2016-09-09 20:16:15]   - parameters lower bounds :  1e-10 1e-10 
[job(680): 2016-09-09 20:16:15]   - parameters upper bounds :  44.21674 45.42672 
[job(680): 2016-09-09 20:16:15]   - best initial criterion value(s) :  -12.5091 
[job(680): 2016-09-09 20:16:15] 
[job(680): 2016-09-09 20:16:15] N = 2, M = 5 machine precision = 2.22045e-16
[job(680): 2016-09-09 20:16:15] At X0, 0 variables are exactly at the bounds
[job(680): 2016-09-09 20:16:15] At iterate     0  f=       12.509  |proj g|=      0.77495
[job(680): 2016-09-09 20:16:15] At iterate     1  f =      -25.184  |proj g|=             0
[job(680): 2016-09-09 20:16:15] 
[job(680): 2016-09-09 20:16:15] iterations 1
[job(680): 2016-09-09 20:16:15] function evaluations 2
[job(680): 2016-09-09 20:16:15] segments explored during Cauchy searches 2
[job(680): 2016-09-09 20:16:15] BFGS updates skipped 0
[job(680): 2016-09-09 20:16:15] active bounds at final generalized Cauchy point 1
[job(680): 2016-09-09 20:16:15] norm of the final projected gradient 0
[job(680): 2016-09-09 20:16:15] final function value -25.1843
[job(680): 2016-09-09 20:16:15] 
[job(680): 2016-09-09 20:16:15] F = -25.1843
[job(680): 2016-09-09 20:16:15] final  value -25.184292 
[job(680): 2016-09-09 20:16:15] converged
[job(680): 2016-09-09 20:16:15] [Tune-x] 20: C=653; sigma=0.387
[job(680): 2016-09-09 20:16:15] [Tune-y] 20: acc.test.mean=0.417; time: 0.0 min; memory: 117Mb use, 162Mb max
[job(680): 2016-09-09 20:16:15] 
[job(680): 2016-09-09 20:16:15] optimisation start
[job(680): 2016-09-09 20:16:15] ------------------
[job(680): 2016-09-09 20:16:15] * estimation method   : MLE 
[job(680): 2016-09-09 20:16:15] * optimisation method : BFGS 
[job(680): 2016-09-09 20:16:15] * analytical gradient : used
[job(680): 2016-09-09 20:16:15] * trend model : ~1
[job(680): 2016-09-09 20:16:15] * covariance model : 
[job(680): 2016-09-09 20:16:15]   - type :  matern5_2 
[job(680): 2016-09-09 20:16:15]   - nugget : NO
[job(680): 2016-09-09 20:16:15]   - parameters lower bounds :  1e-10 1e-10 
[job(680): 2016-09-09 20:16:15]   - parameters upper bounds :  44.21674 45.42672 
[job(680): 2016-09-09 20:16:15]   - best initial criterion value(s) :  27.41248 
[job(680): 2016-09-09 20:16:15] 
[job(680): 2016-09-09 20:16:15] N = 2, M = 5 machine precision = 2.22045e-16
[job(680): 2016-09-09 20:16:15] At X0, 0 variables are exactly at the bounds
[job(680): 2016-09-09 20:16:15] At iterate     0  f=      -27.412  |proj g|=       20.467
[job(680): 2016-09-09 20:16:15] At iterate     1  f =      -27.931  |proj g|=        2.3507
[job(680): 2016-09-09 20:16:15] At iterate     2  f =      -27.936  |proj g|=       0.09764
[job(680): 2016-09-09 20:16:15] At iterate     3  f =      -27.936  |proj g|=      0.016012
[job(680): 2016-09-09 20:16:15] At iterate     4  f =      -27.936  |proj g|=     0.0020677
[job(680): 2016-09-09 20:16:15] At iterate     5  f =      -27.936  |proj g|=     0.0020679
[job(680): 2016-09-09 20:16:15] 
[job(680): 2016-09-09 20:16:15] iterations 5
[job(680): 2016-09-09 20:16:15] function evaluations 10
[job(680): 2016-09-09 20:16:15] segments explored during Cauchy searches 5
[job(680): 2016-09-09 20:16:15] BFGS updates skipped 0
[job(680): 2016-09-09 20:16:15] active bounds at final generalized Cauchy point 0
[job(680): 2016-09-09 20:16:15] norm of the final projected gradient 0.00206786
[job(680): 2016-09-09 20:16:15] final function value -27.9361
[job(680): 2016-09-09 20:16:15] 
[job(680): 2016-09-09 20:16:15] F = -27.9361
[job(680): 2016-09-09 20:16:15] final  value -27.936127 
[job(680): 2016-09-09 20:16:15] converged
[job(680): 2016-09-09 20:16:15] [Tune-x] 21: C=9.55; sigma=0.000859
[job(680): 2016-09-09 20:16:15] [Tune-y] 21: acc.test.mean=0.339; time: 0.0 min; memory: 117Mb use, 162Mb max
[job(680): 2016-09-09 20:16:15] 
[job(680): 2016-09-09 20:16:15] optimisation start
[job(680): 2016-09-09 20:16:15] ------------------
[job(680): 2016-09-09 20:16:15] * estimation method   : MLE 
[job(680): 2016-09-09 20:16:15] * optimisation method : BFGS 
[job(680): 2016-09-09 20:16:15] * analytical gradient : used
[job(680): 2016-09-09 20:16:15] * trend model : ~1
[job(680): 2016-09-09 20:16:15] * covariance model : 
[job(680): 2016-09-09 20:16:15]   - type :  matern5_2 
[job(680): 2016-09-09 20:16:15]   - nugget : NO
[job(680): 2016-09-09 20:16:15]   - parameters lower bounds :  1e-10 1e-10 
[job(680): 2016-09-09 20:16:15]   - parameters upper bounds :  44.21674 45.42672 
[job(680): 2016-09-09 20:16:15]   - best initial criterion value(s) :  -61.31027 
[job(680): 2016-09-09 20:16:15] 
[job(680): 2016-09-09 20:16:15] N = 2, M = 5 machine precision = 2.22045e-16
[job(680): 2016-09-09 20:16:15] At X0, 0 variables are exactly at the bounds
[job(680): 2016-09-09 20:16:15] At iterate     0  f=        61.31  |proj g|=      0.78185
[job(680): 2016-09-09 20:16:15] At iterate     1  f =      -28.185  |proj g|=             0
[job(680): 2016-09-09 20:16:15] 
[job(680): 2016-09-09 20:16:15] iterations 1
[job(680): 2016-09-09 20:16:15] function evaluations 2
[job(680): 2016-09-09 20:16:15] segments explored during Cauchy searches 2
[job(680): 2016-09-09 20:16:15] BFGS updates skipped 0
[job(680): 2016-09-09 20:16:15] active bounds at final generalized Cauchy point 1
[job(680): 2016-09-09 20:16:15] norm of the final projected gradient 0
[job(680): 2016-09-09 20:16:15] final function value -28.1849
[job(680): 2016-09-09 20:16:15] 
[job(680): 2016-09-09 20:16:15] F = -28.1849
[job(680): 2016-09-09 20:16:15] final  value -28.184920 
[job(680): 2016-09-09 20:16:15] converged
[job(680): 2016-09-09 20:16:15] [Tune-x] 22: C=0.363; sigma=4.29
[job(680): 2016-09-09 20:16:15] [Tune-y] 22: acc.test.mean=0.381; time: 0.0 min; memory: 117Mb use, 170Mb max
[job(680): 2016-09-09 20:16:15] 
[job(680): 2016-09-09 20:16:15] optimisation start
[job(680): 2016-09-09 20:16:15] ------------------
[job(680): 2016-09-09 20:16:15] * estimation method   : MLE 
[job(680): 2016-09-09 20:16:15] * optimisation method : BFGS 
[job(680): 2016-09-09 20:16:15] * analytical gradient : used
[job(680): 2016-09-09 20:16:15] * trend model : ~1
[job(680): 2016-09-09 20:16:15] * covariance model : 
[job(680): 2016-09-09 20:16:15]   - type :  matern5_2 
[job(680): 2016-09-09 20:16:15]   - nugget : NO
[job(680): 2016-09-09 20:16:15]   - parameters lower bounds :  1e-10 1e-10 
[job(680): 2016-09-09 20:16:15]   - parameters upper bounds :  44.21674 45.42672 
[job(680): 2016-09-09 20:16:15]   - best initial criterion value(s) :  -78.29785 
[job(680): 2016-09-09 20:16:15] 
[job(680): 2016-09-09 20:16:15] N = 2, M = 5 machine precision = 2.22045e-16
[job(680): 2016-09-09 20:16:15] At X0, 0 variables are exactly at the bounds
[job(680): 2016-09-09 20:16:15] At iterate     0  f=       78.298  |proj g|=       2.6903
[job(680): 2016-09-09 20:16:15] At iterate     1  f =      -29.884  |proj g|=             0
[job(680): 2016-09-09 20:16:15] 
[job(680): 2016-09-09 20:16:15] iterations 1
[job(680): 2016-09-09 20:16:15] function evaluations 2
[job(680): 2016-09-09 20:16:15] segments explored during Cauchy searches 2
[job(680): 2016-09-09 20:16:15] BFGS updates skipped 0
[job(680): 2016-09-09 20:16:15] active bounds at final generalized Cauchy point 1
[job(680): 2016-09-09 20:16:15] norm of the final projected gradient 0
[job(680): 2016-09-09 20:16:15] final function value -29.8842
[job(680): 2016-09-09 20:16:15] 
[job(680): 2016-09-09 20:16:15] F = -29.8842
[job(680): 2016-09-09 20:16:15] final  value -29.884235 
[job(680): 2016-09-09 20:16:15] converged
[job(680): 2016-09-09 20:16:15] [Tune-x] 23: C=0.0386; sigma=0.000476
[job(680): 2016-09-09 20:16:15] [Tune-y] 23: acc.test.mean=0.324; time: 0.0 min; memory: 117Mb use, 170Mb max
[job(680): 2016-09-09 20:16:15] 
[job(680): 2016-09-09 20:16:15] optimisation start
[job(680): 2016-09-09 20:16:15] ------------------
[job(680): 2016-09-09 20:16:15] * estimation method   : MLE 
[job(680): 2016-09-09 20:16:15] * optimisation method : BFGS 
[job(680): 2016-09-09 20:16:15] * analytical gradient : used
[job(680): 2016-09-09 20:16:15] * trend model : ~1
[job(680): 2016-09-09 20:16:15] * covariance model : 
[job(680): 2016-09-09 20:16:15]   - type :  matern5_2 
[job(680): 2016-09-09 20:16:15]   - nugget : NO
[job(680): 2016-09-09 20:16:15]   - parameters lower bounds :  1e-10 1e-10 
[job(680): 2016-09-09 20:16:15]   - parameters upper bounds :  44.21674 45.42672 
[job(680): 2016-09-09 20:16:15]   - best initial criterion value(s) :  -74.50734 
[job(680): 2016-09-09 20:16:15] 
[job(680): 2016-09-09 20:16:15] N = 2, M = 5 machine precision = 2.22045e-16
[job(680): 2016-09-09 20:16:15] At X0, 0 variables are exactly at the bounds
[job(680): 2016-09-09 20:16:15] At iterate     0  f=       74.507  |proj g|=       1.0033
[job(680): 2016-09-09 20:16:15] At iterate     1  f =      -31.681  |proj g|=             0
[job(680): 2016-09-09 20:16:15] 
[job(680): 2016-09-09 20:16:15] iterations 1
[job(680): 2016-09-09 20:16:15] function evaluations 2
[job(680): 2016-09-09 20:16:15] segments explored during Cauchy searches 2
[job(680): 2016-09-09 20:16:15] BFGS updates skipped 0
[job(680): 2016-09-09 20:16:15] active bounds at final generalized Cauchy point 1
[job(680): 2016-09-09 20:16:15] norm of the final projected gradient 0
[job(680): 2016-09-09 20:16:15] final function value -31.6812
[job(680): 2016-09-09 20:16:15] 
[job(680): 2016-09-09 20:16:15] F = -31.6812
[job(680): 2016-09-09 20:16:15] final  value -31.681227 
[job(680): 2016-09-09 20:16:15] converged
[job(680): 2016-09-09 20:16:15] [Tune-x] 24: C=0.021; sigma=63.4
[job(680): 2016-09-09 20:16:15] [Tune-y] 24: acc.test.mean=0.367; time: 0.0 min; memory: 117Mb use, 170Mb max
[job(680): 2016-09-09 20:16:15] 
[job(680): 2016-09-09 20:16:15] optimisation start
[job(680): 2016-09-09 20:16:15] ------------------
[job(680): 2016-09-09 20:16:15] * estimation method   : MLE 
[job(680): 2016-09-09 20:16:15] * optimisation method : BFGS 
[job(680): 2016-09-09 20:16:15] * analytical gradient : used
[job(680): 2016-09-09 20:16:15] * trend model : ~1
[job(680): 2016-09-09 20:16:15] * covariance model : 
[job(680): 2016-09-09 20:16:15]   - type :  matern5_2 
[job(680): 2016-09-09 20:16:15]   - nugget : NO
[job(680): 2016-09-09 20:16:15]   - parameters lower bounds :  1e-10 1e-10 
[job(680): 2016-09-09 20:16:15]   - parameters upper bounds :  44.21674 45.42672 
[job(680): 2016-09-09 20:16:15]   - best initial criterion value(s) :  -95.14397 
[job(680): 2016-09-09 20:16:15] 
[job(680): 2016-09-09 20:16:15] N = 2, M = 5 machine precision = 2.22045e-16
[job(680): 2016-09-09 20:16:15] At X0, 0 variables are exactly at the bounds
[job(680): 2016-09-09 20:16:15] At iterate     0  f=       95.144  |proj g|=      0.86468
[job(680): 2016-09-09 20:16:15] At iterate     1  f =       94.377  |proj g|=       0.82973
[job(680): 2016-09-09 20:16:15] At iterate     2  f =      -33.514  |proj g|=             0
[job(680): 2016-09-09 20:16:15] 
[job(680): 2016-09-09 20:16:15] iterations 2
[job(680): 2016-09-09 20:16:15] function evaluations 3
[job(680): 2016-09-09 20:16:15] segments explored during Cauchy searches 3
[job(680): 2016-09-09 20:16:15] BFGS updates skipped 0
[job(680): 2016-09-09 20:16:15] active bounds at final generalized Cauchy point 1
[job(680): 2016-09-09 20:16:15] norm of the final projected gradient 0
[job(680): 2016-09-09 20:16:15] final function value -33.5136
[job(680): 2016-09-09 20:16:15] 
[job(680): 2016-09-09 20:16:15] F = -33.5136
[job(680): 2016-09-09 20:16:15] final  value -33.513562 
[job(680): 2016-09-09 20:16:15] converged
[job(680): 2016-09-09 20:16:15] [Tune-x] 25: C=0.00332; sigma=259
[job(680): 2016-09-09 20:16:15] [Tune-y] 25: acc.test.mean=0.28; time: 0.0 min; memory: 117Mb use, 170Mb max
[job(680): 2016-09-09 20:16:15] 
[job(680): 2016-09-09 20:16:15] optimisation start
[job(680): 2016-09-09 20:16:15] ------------------
[job(680): 2016-09-09 20:16:15] * estimation method   : MLE 
[job(680): 2016-09-09 20:16:15] * optimisation method : BFGS 
[job(680): 2016-09-09 20:16:15] * analytical gradient : used
[job(680): 2016-09-09 20:16:15] * trend model : ~1
[job(680): 2016-09-09 20:16:15] * covariance model : 
[job(680): 2016-09-09 20:16:15]   - type :  matern5_2 
[job(680): 2016-09-09 20:16:15]   - nugget : NO
[job(680): 2016-09-09 20:16:15]   - parameters lower bounds :  1e-10 1e-10 
[job(680): 2016-09-09 20:16:15]   - parameters upper bounds :  44.21674 45.42672 
[job(680): 2016-09-09 20:16:15]   - best initial criterion value(s) :  -99.58808 
[job(680): 2016-09-09 20:16:15] 
[job(680): 2016-09-09 20:16:15] N = 2, M = 5 machine precision = 2.22045e-16
[job(680): 2016-09-09 20:16:15] At X0, 0 variables are exactly at the bounds
[job(680): 2016-09-09 20:16:15] At iterate     0  f=       99.588  |proj g|=       3.2002
[job(680): 2016-09-09 20:16:15] At iterate     1  f =      -34.806  |proj g|=             0
[job(680): 2016-09-09 20:16:15] 
[job(680): 2016-09-09 20:16:15] iterations 1
[job(680): 2016-09-09 20:16:15] function evaluations 2
[job(680): 2016-09-09 20:16:15] segments explored during Cauchy searches 2
[job(680): 2016-09-09 20:16:15] BFGS updates skipped 0
[job(680): 2016-09-09 20:16:15] active bounds at final generalized Cauchy point 1
[job(680): 2016-09-09 20:16:15] norm of the final projected gradient 0
[job(680): 2016-09-09 20:16:15] final function value -34.8058
[job(680): 2016-09-09 20:16:15] 
[job(680): 2016-09-09 20:16:15] F = -34.8058
[job(680): 2016-09-09 20:16:15] final  value -34.805837 
[job(680): 2016-09-09 20:16:15] converged
[job(680): 2016-09-09 20:16:15] [Tune-x] 26: C=0.00393; sigma=0.014
[job(680): 2016-09-09 20:16:15] [Tune-y] 26: acc.test.mean=0.295; time: 0.0 min; memory: 117Mb use, 170Mb max
[job(680): 2016-09-09 20:16:15] 
[job(680): 2016-09-09 20:16:15] optimisation start
[job(680): 2016-09-09 20:16:15] ------------------
[job(680): 2016-09-09 20:16:15] * estimation method   : MLE 
[job(680): 2016-09-09 20:16:15] * optimisation method : BFGS 
[job(680): 2016-09-09 20:16:15] * analytical gradient : used
[job(680): 2016-09-09 20:16:15] * trend model : ~1
[job(680): 2016-09-09 20:16:15] * covariance model : 
[job(680): 2016-09-09 20:16:15]   - type :  matern5_2 
[job(680): 2016-09-09 20:16:15]   - nugget : NO
[job(680): 2016-09-09 20:16:15]   - parameters lower bounds :  1e-10 1e-10 
[job(680): 2016-09-09 20:16:15]   - parameters upper bounds :  44.21674 45.42672 
[job(680): 2016-09-09 20:16:15]   - best initial criterion value(s) :  -97.93455 
[job(680): 2016-09-09 20:16:15] 
[job(680): 2016-09-09 20:16:15] N = 2, M = 5 machine precision = 2.22045e-16
[job(680): 2016-09-09 20:16:15] At X0, 0 variables are exactly at the bounds
[job(680): 2016-09-09 20:16:15] At iterate     0  f=       97.935  |proj g|=       3.0289
[job(680): 2016-09-09 20:16:15] At iterate     1  f =       64.355  |proj g|=         0.526
[job(680): 2016-09-09 20:16:15] ys=-1.735e+02  -gs= 9.303e+00, BFGS update SKIPPED
[job(680): 2016-09-09 20:16:15] At iterate     2  f =      -36.371  |proj g|=             0
[job(680): 2016-09-09 20:16:15] 
[job(680): 2016-09-09 20:16:15] iterations 2
[job(680): 2016-09-09 20:16:15] function evaluations 3
[job(680): 2016-09-09 20:16:15] segments explored during Cauchy searches 3
[job(680): 2016-09-09 20:16:15] BFGS updates skipped 1
[job(680): 2016-09-09 20:16:15] active bounds at final generalized Cauchy point 1
[job(680): 2016-09-09 20:16:15] norm of the final projected gradient 0
[job(680): 2016-09-09 20:16:15] final function value -36.3708
[job(680): 2016-09-09 20:16:15] 
[job(680): 2016-09-09 20:16:15] F = -36.3708
[job(680): 2016-09-09 20:16:15] final  value -36.370764 
[job(680): 2016-09-09 20:16:15] converged
[job(680): 2016-09-09 20:16:15] [Tune-x] 27: C=0.00588; sigma=51
[job(680): 2016-09-09 20:16:15] [Tune-y] 27: acc.test.mean=0.367; time: 0.0 min; memory: 117Mb use, 170Mb max
[job(680): 2016-09-09 20:16:15] 
[job(680): 2016-09-09 20:16:15] optimisation start
[job(680): 2016-09-09 20:16:15] ------------------
[job(680): 2016-09-09 20:16:15] * estimation method   : MLE 
[job(680): 2016-09-09 20:16:15] * optimisation method : BFGS 
[job(680): 2016-09-09 20:16:15] * analytical gradient : used
[job(680): 2016-09-09 20:16:15] * trend model : ~1
[job(680): 2016-09-09 20:16:15] * covariance model : 
[job(680): 2016-09-09 20:16:15]   - type :  matern5_2 
[job(680): 2016-09-09 20:16:15]   - nugget : NO
[job(680): 2016-09-09 20:16:15]   - parameters lower bounds :  1e-10 1e-10 
[job(680): 2016-09-09 20:16:15]   - parameters upper bounds :  44.21674 45.42672 
[job(680): 2016-09-09 20:16:15]   - best initial criterion value(s) :  -97.9598 
[job(680): 2016-09-09 20:16:15] 
[job(680): 2016-09-09 20:16:15] N = 2, M = 5 machine precision = 2.22045e-16
[job(680): 2016-09-09 20:16:15] At X0, 0 variables are exactly at the bounds
[job(680): 2016-09-09 20:16:15] At iterate     0  f=        97.96  |proj g|=       1.0226
[job(680): 2016-09-09 20:16:15] At iterate     1  f =       94.461  |proj g|=        1.4353
[job(680): 2016-09-09 20:16:15] ys=-8.348e+00  -gs= 1.494e+00, BFGS update SKIPPED
[job(680): 2016-09-09 20:16:15] At iterate     2  f =      -38.192  |proj g|=             0
[job(680): 2016-09-09 20:16:15] 
[job(680): 2016-09-09 20:16:15] iterations 2
[job(680): 2016-09-09 20:16:15] function evaluations 3
[job(680): 2016-09-09 20:16:15] segments explored during Cauchy searches 3
[job(680): 2016-09-09 20:16:15] BFGS updates skipped 1
[job(680): 2016-09-09 20:16:15] active bounds at final generalized Cauchy point 1
[job(680): 2016-09-09 20:16:15] norm of the final projected gradient 0
[job(680): 2016-09-09 20:16:15] final function value -38.1921
[job(680): 2016-09-09 20:16:15] 
[job(680): 2016-09-09 20:16:15] F = -38.1921
[job(680): 2016-09-09 20:16:15] final  value -38.192127 
[job(680): 2016-09-09 20:16:15] converged
[job(680): 2016-09-09 20:16:15] [Tune-x] 28: C=1.2; sigma=36.7
[job(680): 2016-09-09 20:16:15] [Tune-y] 28: acc.test.mean=0.374; time: 0.0 min; memory: 117Mb use, 170Mb max
[job(680): 2016-09-09 20:16:15] 
[job(680): 2016-09-09 20:16:15] optimisation start
[job(680): 2016-09-09 20:16:15] ------------------
[job(680): 2016-09-09 20:16:15] * estimation method   : MLE 
[job(680): 2016-09-09 20:16:15] * optimisation method : BFGS 
[job(680): 2016-09-09 20:16:15] * analytical gradient : used
[job(680): 2016-09-09 20:16:15] * trend model : ~1
[job(680): 2016-09-09 20:16:15] * covariance model : 
[job(680): 2016-09-09 20:16:15]   - type :  matern5_2 
[job(680): 2016-09-09 20:16:15]   - nugget : NO
[job(680): 2016-09-09 20:16:15]   - parameters lower bounds :  1e-10 1e-10 
[job(680): 2016-09-09 20:16:15]   - parameters upper bounds :  44.21674 45.42672 
[job(680): 2016-09-09 20:16:15]   - best initial criterion value(s) :  24.49855 
[job(680): 2016-09-09 20:16:15] 
[job(680): 2016-09-09 20:16:15] N = 2, M = 5 machine precision = 2.22045e-16
[job(680): 2016-09-09 20:16:15] At X0, 0 variables are exactly at the bounds
[job(680): 2016-09-09 20:16:15] At iterate     0  f=      -24.499  |proj g|=      0.01241
[job(680): 2016-09-09 20:16:15] At iterate     1  f =      -39.981  |proj g|=             0
[job(680): 2016-09-09 20:16:15] 
[job(680): 2016-09-09 20:16:15] iterations 1
[job(680): 2016-09-09 20:16:15] function evaluations 2
[job(680): 2016-09-09 20:16:15] segments explored during Cauchy searches 2
[job(680): 2016-09-09 20:16:15] BFGS updates skipped 0
[job(680): 2016-09-09 20:16:15] active bounds at final generalized Cauchy point 1
[job(680): 2016-09-09 20:16:15] norm of the final projected gradient 0
[job(680): 2016-09-09 20:16:15] final function value -39.9806
[job(680): 2016-09-09 20:16:15] 
[job(680): 2016-09-09 20:16:15] F = -39.9806
[job(680): 2016-09-09 20:16:15] final  value -39.980649 
[job(680): 2016-09-09 20:16:15] converged
[job(680): 2016-09-09 20:16:15] [Tune] Result: C=9.54; sigma=0.000859 : acc.test.mean=-0.425
[job(680): 2016-09-09 20:16:15] Job terminated successfully
[job(chunk): 2016-09-09 20:16:17] Calculation finished!
