[job(chunk): 2016-09-09 20:13:13] Starting calculation of 1 jobs
[job(chunk): 2016-09-09 20:13:13] Setting working directory to '/naslx/projects/pr74ze/ri89coc2/svm_comparison'
[job(chunk): 2016-09-09 20:13:13] Memory measurement disabled
[job(517): 2016-09-09 20:13:15] Starting job with job.id=517
[job(517): 2016-09-09 20:14:05] Generating problem instance for problem '62' ...
[job(517): 2016-09-09 20:14:05] Downloading from 'http://www.openml.org/api/v1/data/62' to '/tmp/ri89coc2/Rtmp2xEJNT/cache/datasets/62/description.xml'.
[job(517): 2016-09-09 20:14:05] Downloading from 'http://www.openml.org/data/download/52352/openml_phpZNNasq' to '/tmp/ri89coc2/Rtmp2xEJNT/cache/datasets/62/dataset.arff'
[job(517): 2016-09-09 20:14:05] Loading required package: readr
[job(517): 2016-09-09 20:14:05] Applying algorithm 'C-svc.tuned' on problem '62' ...
[job(517): 2016-09-09 20:14:05] Data '62' file 'description.xml' found in cache.
[job(517): 2016-09-09 20:14:05] Data '62' file 'dataset.arff' found in cache.
[job(517): 2016-09-09 20:14:05] [Tune] Started tuning learner C-svc for parameter set:
[job(517): 2016-09-09 20:14:05]          Type len Def    Constr Req Tunable Trafo
[job(517): 2016-09-09 20:14:05] C     numeric   -   - -12 to 12   -    TRUE     Y
[job(517): 2016-09-09 20:14:05] sigma numeric   -   - -12 to 12   -    TRUE     Y
[job(517): 2016-09-09 20:14:05] With control class: TuneControlMBO
[job(517): 2016-09-09 20:14:05] Imputation value: -0
[job(517): 2016-09-09 20:14:05] [Tune-x] 1: C=0.0328; sigma=0.00223
[job(517): 2016-09-09 20:14:05] [Tune-y] 1: acc.test.mean=0.384; time: 0.0 min; memory: 113Mb use, 165Mb max
[job(517): 2016-09-09 20:14:05] [Tune-x] 2: C=22.7; sigma=345
[job(517): 2016-09-09 20:14:05] [Tune-y] 2: acc.test.mean=0.651; time: 0.0 min; memory: 113Mb use, 182Mb max
[job(517): 2016-09-09 20:14:05] [Tune-x] 3: C=0.474; sigma=1.72
[job(517): 2016-09-09 20:14:05] [Tune-y] 3: acc.test.mean=0.605; time: 0.0 min; memory: 113Mb use, 182Mb max
[job(517): 2016-09-09 20:14:05] [Tune-x] 4: C=3.02; sigma=0.0291
[job(517): 2016-09-09 20:14:05] [Tune-y] 4: acc.test.mean=0.889; time: 0.0 min; memory: 113Mb use, 182Mb max
[job(517): 2016-09-09 20:14:05] [Tune-x] 5: C=82.8; sigma=20.6
[job(517): 2016-09-09 20:14:05] [Tune-y] 5: acc.test.mean=0.671; time: 0.0 min; memory: 113Mb use, 182Mb max
[job(517): 2016-09-09 20:14:05] [Tune-x] 6: C=0.00065; sigma=589
[job(517): 2016-09-09 20:14:05] [Tune-y] 6: acc.test.mean=0.384; time: 0.0 min; memory: 113Mb use, 182Mb max
[job(517): 2016-09-09 20:14:05] [Tune-x] 7: C=2.39e+03; sigma=0.00159
[job(517): 2016-09-09 20:14:05] [Tune-y] 7: acc.test.mean=0.956; time: 0.0 min; memory: 113Mb use, 182Mb max
[job(517): 2016-09-09 20:14:05] [Tune-x] 8: C=0.0102; sigma=0.538
[job(517): 2016-09-09 20:14:05] [Tune-y] 8: acc.test.mean=0.383; time: 0.0 min; memory: 113Mb use, 182Mb max
[job(517): 2016-09-09 20:14:05] 
[job(517): 2016-09-09 20:14:05] optimisation start
[job(517): 2016-09-09 20:14:05] ------------------
[job(517): 2016-09-09 20:14:05] * estimation method   : MLE 
[job(517): 2016-09-09 20:14:05] * optimisation method : BFGS 
[job(517): 2016-09-09 20:14:05] * analytical gradient : used
[job(517): 2016-09-09 20:14:05] * trend model : ~1
[job(517): 2016-09-09 20:14:05] * covariance model : 
[job(517): 2016-09-09 20:14:05]   - type :  matern5_2 
[job(517): 2016-09-09 20:14:05]   - nugget : NO
[job(517): 2016-09-09 20:14:05]   - parameters lower bounds :  1e-10 1e-10 
[job(517): 2016-09-09 20:14:05]   - parameters upper bounds :  43.62032 36.99525 
[job(517): 2016-09-09 20:14:05]   - best initial criterion value(s) :  3.001401 
[job(517): 2016-09-09 20:14:05] 
[job(517): 2016-09-09 20:14:05] N = 2, M = 5 machine precision = 2.22045e-16
[job(517): 2016-09-09 20:14:05] At X0, 0 variables are exactly at the bounds
[job(517): 2016-09-09 20:14:05] At iterate     0  f=      -3.0014  |proj g|=     0.063317
[job(517): 2016-09-09 20:14:05] At iterate     1  f =      -3.0051  |proj g|=      0.054112
[job(517): 2016-09-09 20:14:05] At iterate     2  f =      -3.0162  |proj g|=     0.0054729
[job(517): 2016-09-09 20:14:05] At iterate     3  f =      -3.0166  |proj g|=     0.0056247
[job(517): 2016-09-09 20:14:05] At iterate     4  f =      -3.0172  |proj g|=     0.0062097
[job(517): 2016-09-09 20:14:05] At iterate     5  f =      -3.0188  |proj g|=       0.01423
[job(517): 2016-09-09 20:14:05] At iterate     6  f =      -3.0215  |proj g|=      0.021177
[job(517): 2016-09-09 20:14:05] At iterate     7  f =      -3.0244  |proj g|=      0.018678
[job(517): 2016-09-09 20:14:05] At iterate     8  f =      -3.0261  |proj g|=      0.001066
[job(517): 2016-09-09 20:14:05] At iterate     9  f =      -3.0261  |proj g|=    3.3888e-05
[job(517): 2016-09-09 20:14:05] At iterate    10  f =      -3.0261  |proj g|=    9.6289e-08
[job(517): 2016-09-09 20:14:05] At iterate    11  f =      -3.0261  |proj g|=    5.4073e-09
[job(517): 2016-09-09 20:14:05] 
[job(517): 2016-09-09 20:14:05] iterations 11
[job(517): 2016-09-09 20:14:05] function evaluations 12
[job(517): 2016-09-09 20:14:05] segments explored during Cauchy searches 11
[job(517): 2016-09-09 20:14:05] BFGS updates skipped 0
[job(517): 2016-09-09 20:14:05] active bounds at final generalized Cauchy point 0
[job(517): 2016-09-09 20:14:05] norm of the final projected gradient 5.40732e-09
[job(517): 2016-09-09 20:14:05] final function value -3.02606
[job(517): 2016-09-09 20:14:05] 
[job(517): 2016-09-09 20:14:05] F = -3.02606
[job(517): 2016-09-09 20:14:05] final  value -3.026065 
[job(517): 2016-09-09 20:14:05] converged
[job(517): 2016-09-09 20:14:05] [Tune-x] 9: C=2.64e+03; sigma=0.000244
[job(517): 2016-09-09 20:14:05] [Tune-y] 9: acc.test.mean=0.956; time: 0.0 min; memory: 117Mb use, 189Mb max
[job(517): 2016-09-09 20:14:05] 
[job(517): 2016-09-09 20:14:05] optimisation start
[job(517): 2016-09-09 20:14:05] ------------------
[job(517): 2016-09-09 20:14:05] * estimation method   : MLE 
[job(517): 2016-09-09 20:14:05] * optimisation method : BFGS 
[job(517): 2016-09-09 20:14:05] * analytical gradient : used
[job(517): 2016-09-09 20:14:05] * trend model : ~1
[job(517): 2016-09-09 20:14:05] * covariance model : 
[job(517): 2016-09-09 20:14:05]   - type :  matern5_2 
[job(517): 2016-09-09 20:14:05]   - nugget : NO
[job(517): 2016-09-09 20:14:05]   - parameters lower bounds :  1e-10 1e-10 
[job(517): 2016-09-09 20:14:05]   - parameters upper bounds :  43.90658 42.40389 
[job(517): 2016-09-09 20:14:05]   - best initial criterion value(s) :  5.597667 
[job(517): 2016-09-09 20:14:05] 
[job(517): 2016-09-09 20:14:05] N = 2, M = 5 machine precision = 2.22045e-16
[job(517): 2016-09-09 20:14:05] At X0, 0 variables are exactly at the bounds
[job(517): 2016-09-09 20:14:05] At iterate     0  f=      -5.5977  |proj g|=      0.31393
[job(517): 2016-09-09 20:14:05] At iterate     1  f =       -5.689  |proj g|=       0.26679
[job(517): 2016-09-09 20:14:05] At iterate     2  f =      -5.8068  |proj g|=        0.2325
[job(517): 2016-09-09 20:14:05] At iterate     3  f =      -5.8595  |proj g|=      0.073772
[job(517): 2016-09-09 20:14:05] At iterate     4  f =      -5.8689  |proj g|=      0.016388
[job(517): 2016-09-09 20:14:05] At iterate     5  f =      -5.8698  |proj g|=      0.010645
[job(517): 2016-09-09 20:14:05] At iterate     6  f =      -5.8704  |proj g|=      0.010751
[job(517): 2016-09-09 20:14:05] At iterate     7  f =      -5.8764  |proj g|=      0.045469
[job(517): 2016-09-09 20:14:05] At iterate     8  f =      -5.8784  |proj g|=      0.030526
[job(517): 2016-09-09 20:14:05] At iterate     9  f =      -5.8797  |proj g|=     0.0016207
[job(517): 2016-09-09 20:14:05] At iterate    10  f =      -5.8797  |proj g|=    5.5592e-05
[job(517): 2016-09-09 20:14:05] At iterate    11  f =      -5.8797  |proj g|=    1.0625e-07
[job(517): 2016-09-09 20:14:05] 
[job(517): 2016-09-09 20:14:05] iterations 11
[job(517): 2016-09-09 20:14:05] function evaluations 12
[job(517): 2016-09-09 20:14:05] segments explored during Cauchy searches 11
[job(517): 2016-09-09 20:14:05] BFGS updates skipped 0
[job(517): 2016-09-09 20:14:05] active bounds at final generalized Cauchy point 1
[job(517): 2016-09-09 20:14:05] norm of the final projected gradient 1.06248e-07
[job(517): 2016-09-09 20:14:05] final function value -5.87968
[job(517): 2016-09-09 20:14:05] 
[job(517): 2016-09-09 20:14:05] F = -5.87968
[job(517): 2016-09-09 20:14:05] final  value -5.879683 
[job(517): 2016-09-09 20:14:05] converged
[job(517): 2016-09-09 20:14:05] [Tune-x] 10: C=2.51e+03; sigma=0.000963
[job(517): 2016-09-09 20:14:05] [Tune-y] 10: acc.test.mean=0.944; time: 0.0 min; memory: 117Mb use, 195Mb max
[job(517): 2016-09-09 20:14:05] 
[job(517): 2016-09-09 20:14:05] optimisation start
[job(517): 2016-09-09 20:14:05] ------------------
[job(517): 2016-09-09 20:14:05] * estimation method   : MLE 
[job(517): 2016-09-09 20:14:05] * optimisation method : BFGS 
[job(517): 2016-09-09 20:14:05] * analytical gradient : used
[job(517): 2016-09-09 20:14:05] * trend model : ~1
[job(517): 2016-09-09 20:14:05] * covariance model : 
[job(517): 2016-09-09 20:14:05]   - type :  matern5_2 
[job(517): 2016-09-09 20:14:05]   - nugget : NO
[job(517): 2016-09-09 20:14:05]   - parameters lower bounds :  1e-10 1e-10 
[job(517): 2016-09-09 20:14:05]   - parameters upper bounds :  43.90658 42.40389 
[job(517): 2016-09-09 20:14:05]   - best initial criterion value(s) :  5.514961 
[job(517): 2016-09-09 20:14:05] 
[job(517): 2016-09-09 20:14:05] N = 2, M = 5 machine precision = 2.22045e-16
[job(517): 2016-09-09 20:14:05] At X0, 0 variables are exactly at the bounds
[job(517): 2016-09-09 20:14:05] At iterate     0  f=       -5.515  |proj g|=      0.36458
[job(517): 2016-09-09 20:14:05] At iterate     1  f =      -5.6394  |proj g|=       0.29868
[job(517): 2016-09-09 20:14:05] At iterate     2  f =      -5.9772  |proj g|=      0.071201
[job(517): 2016-09-09 20:14:05] At iterate     3  f =      -6.0053  |proj g|=      0.051924
[job(517): 2016-09-09 20:14:05] At iterate     4  f =      -6.0378  |proj g|=      0.004954
[job(517): 2016-09-09 20:14:05] At iterate     5  f =      -6.0383  |proj g|=     0.0011462
[job(517): 2016-09-09 20:14:05] At iterate     6  f =      -6.0383  |proj g|=    2.0331e-05
[job(517): 2016-09-09 20:14:05] At iterate     7  f =      -6.0383  |proj g|=    1.0309e-06
[job(517): 2016-09-09 20:14:05] 
[job(517): 2016-09-09 20:14:05] iterations 7
[job(517): 2016-09-09 20:14:05] function evaluations 8
[job(517): 2016-09-09 20:14:05] segments explored during Cauchy searches 7
[job(517): 2016-09-09 20:14:05] BFGS updates skipped 0
[job(517): 2016-09-09 20:14:05] active bounds at final generalized Cauchy point 0
[job(517): 2016-09-09 20:14:05] norm of the final projected gradient 1.0309e-06
[job(517): 2016-09-09 20:14:05] final function value -6.03826
[job(517): 2016-09-09 20:14:05] 
[job(517): 2016-09-09 20:14:05] F = -6.03826
[job(517): 2016-09-09 20:14:05] final  value -6.038263 
[job(517): 2016-09-09 20:14:05] converged
[job(517): 2016-09-09 20:14:05] [Tune-x] 11: C=244; sigma=0.0145
[job(517): 2016-09-09 20:14:05] [Tune-y] 11: acc.test.mean=0.923; time: 0.0 min; memory: 117Mb use, 195Mb max
[job(517): 2016-09-09 20:14:05] 
[job(517): 2016-09-09 20:14:05] optimisation start
[job(517): 2016-09-09 20:14:05] ------------------
[job(517): 2016-09-09 20:14:05] * estimation method   : MLE 
[job(517): 2016-09-09 20:14:05] * optimisation method : BFGS 
[job(517): 2016-09-09 20:14:05] * analytical gradient : used
[job(517): 2016-09-09 20:14:05] * trend model : ~1
[job(517): 2016-09-09 20:14:05] * covariance model : 
[job(517): 2016-09-09 20:14:05]   - type :  matern5_2 
[job(517): 2016-09-09 20:14:05]   - nugget : NO
[job(517): 2016-09-09 20:14:05]   - parameters lower bounds :  1e-10 1e-10 
[job(517): 2016-09-09 20:14:05]   - parameters upper bounds :  43.90658 42.40389 
[job(517): 2016-09-09 20:14:05]   - best initial criterion value(s) :  5.627435 
[job(517): 2016-09-09 20:14:05] 
[job(517): 2016-09-09 20:14:05] N = 2, M = 5 machine precision = 2.22045e-16
[job(517): 2016-09-09 20:14:05] At X0, 0 variables are exactly at the bounds
[job(517): 2016-09-09 20:14:05] At iterate     0  f=      -5.6274  |proj g|=      0.34903
[job(517): 2016-09-09 20:14:05] At iterate     1  f =      -5.6821  |proj g|=      0.035378
[job(517): 2016-09-09 20:14:05] At iterate     2  f =       -5.683  |proj g|=      0.019095
[job(517): 2016-09-09 20:14:05] At iterate     3  f =      -5.6835  |proj g|=      0.018914
[job(517): 2016-09-09 20:14:05] At iterate     4  f =      -5.6861  |proj g|=      0.048329
[job(517): 2016-09-09 20:14:05] At iterate     5  f =      -5.6914  |proj g|=      0.092715
[job(517): 2016-09-09 20:14:05] At iterate     6  f =       -5.705  |proj g|=       0.14434
[job(517): 2016-09-09 20:14:05] At iterate     7  f =      -5.9458  |proj g|=       0.61107
[job(517): 2016-09-09 20:14:05] At iterate     8  f =      -5.9468  |proj g|=       0.62093
[job(517): 2016-09-09 20:14:05] At iterate     9  f =      -6.0668  |proj g|=       0.60247
[job(517): 2016-09-09 20:14:05] At iterate    10  f =      -6.4876  |proj g|=       0.32662
[job(517): 2016-09-09 20:14:05] At iterate    11  f =      -6.8384  |proj g|=      0.098161
[job(517): 2016-09-09 20:14:05] At iterate    12  f =      -6.8992  |proj g|=      0.030743
[job(517): 2016-09-09 20:14:05] At iterate    13  f =      -6.9035  |proj g|=     0.0060167
[job(517): 2016-09-09 20:14:05] At iterate    14  f =      -6.9037  |proj g|=    0.00069936
[job(517): 2016-09-09 20:14:05] At iterate    15  f =      -6.9037  |proj g|=     9.995e-06
[job(517): 2016-09-09 20:14:05] At iterate    16  f =      -6.9037  |proj g|=    1.3576e-07
[job(517): 2016-09-09 20:14:05] 
[job(517): 2016-09-09 20:14:05] iterations 16
[job(517): 2016-09-09 20:14:05] function evaluations 22
[job(517): 2016-09-09 20:14:05] segments explored during Cauchy searches 16
[job(517): 2016-09-09 20:14:05] BFGS updates skipped 0
[job(517): 2016-09-09 20:14:05] active bounds at final generalized Cauchy point 0
[job(517): 2016-09-09 20:14:05] norm of the final projected gradient 1.35763e-07
[job(517): 2016-09-09 20:14:05] final function value -6.90373
[job(517): 2016-09-09 20:14:05] 
[job(517): 2016-09-09 20:14:05] F = -6.90373
[job(517): 2016-09-09 20:14:05] final  value -6.903727 
[job(517): 2016-09-09 20:14:05] converged
[job(517): 2016-09-09 20:14:05] [Tune-x] 12: C=2.31e+03; sigma=0.00981
[job(517): 2016-09-09 20:14:05] [Tune-y] 12: acc.test.mean=0.956; time: 0.0 min; memory: 117Mb use, 195Mb max
[job(517): 2016-09-09 20:14:05] 
[job(517): 2016-09-09 20:14:05] optimisation start
[job(517): 2016-09-09 20:14:05] ------------------
[job(517): 2016-09-09 20:14:05] * estimation method   : MLE 
[job(517): 2016-09-09 20:14:05] * optimisation method : BFGS 
[job(517): 2016-09-09 20:14:05] * analytical gradient : used
[job(517): 2016-09-09 20:14:05] * trend model : ~1
[job(517): 2016-09-09 20:14:05] * covariance model : 
[job(517): 2016-09-09 20:14:05]   - type :  matern5_2 
[job(517): 2016-09-09 20:14:05]   - nugget : NO
[job(517): 2016-09-09 20:14:05]   - parameters lower bounds :  1e-10 1e-10 
[job(517): 2016-09-09 20:14:05]   - parameters upper bounds :  43.90658 42.40389 
[job(517): 2016-09-09 20:14:05]   - best initial criterion value(s) :  8.619693 
[job(517): 2016-09-09 20:14:05] 
[job(517): 2016-09-09 20:14:05] N = 2, M = 5 machine precision = 2.22045e-16
[job(517): 2016-09-09 20:14:05] At X0, 0 variables are exactly at the bounds
[job(517): 2016-09-09 20:14:05] At iterate     0  f=      -8.6197  |proj g|=      0.24483
[job(517): 2016-09-09 20:14:05] At iterate     1  f =      -8.6825  |proj g|=       0.18799
[job(517): 2016-09-09 20:14:05] At iterate     2  f =      -8.8388  |proj g|=      0.084661
[job(517): 2016-09-09 20:14:05] At iterate     3  f =      -8.8657  |proj g|=      0.046326
[job(517): 2016-09-09 20:14:05] At iterate     4  f =      -8.8788  |proj g|=     0.0043026
[job(517): 2016-09-09 20:14:05] At iterate     5  f =      -8.8789  |proj g|=     0.0017917
[job(517): 2016-09-09 20:14:05] At iterate     6  f =      -8.8789  |proj g|=    1.7198e-05
[job(517): 2016-09-09 20:14:05] At iterate     7  f =      -8.8789  |proj g|=    6.1261e-07
[job(517): 2016-09-09 20:14:05] 
[job(517): 2016-09-09 20:14:05] iterations 7
[job(517): 2016-09-09 20:14:05] function evaluations 8
[job(517): 2016-09-09 20:14:05] segments explored during Cauchy searches 7
[job(517): 2016-09-09 20:14:05] BFGS updates skipped 0
[job(517): 2016-09-09 20:14:05] active bounds at final generalized Cauchy point 0
[job(517): 2016-09-09 20:14:05] norm of the final projected gradient 6.12614e-07
[job(517): 2016-09-09 20:14:05] final function value -8.87892
[job(517): 2016-09-09 20:14:05] 
[job(517): 2016-09-09 20:14:05] F = -8.87892
[job(517): 2016-09-09 20:14:05] final  value -8.878924 
[job(517): 2016-09-09 20:14:05] converged
[job(517): 2016-09-09 20:14:05] [Tune-x] 13: C=1.55e+03; sigma=0.0039
[job(517): 2016-09-09 20:14:05] [Tune-y] 13: acc.test.mean=0.945; time: 0.0 min; memory: 117Mb use, 195Mb max
[job(517): 2016-09-09 20:14:05] 
[job(517): 2016-09-09 20:14:05] optimisation start
[job(517): 2016-09-09 20:14:05] ------------------
[job(517): 2016-09-09 20:14:05] * estimation method   : MLE 
[job(517): 2016-09-09 20:14:05] * optimisation method : BFGS 
[job(517): 2016-09-09 20:14:05] * analytical gradient : used
[job(517): 2016-09-09 20:14:05] * trend model : ~1
[job(517): 2016-09-09 20:14:05] * covariance model : 
[job(517): 2016-09-09 20:14:05]   - type :  matern5_2 
[job(517): 2016-09-09 20:14:05]   - nugget : NO
[job(517): 2016-09-09 20:14:05]   - parameters lower bounds :  1e-10 1e-10 
[job(517): 2016-09-09 20:14:05]   - parameters upper bounds :  43.90658 42.40389 
[job(517): 2016-09-09 20:14:05]   - best initial criterion value(s) :  10.00785 
[job(517): 2016-09-09 20:14:05] 
[job(517): 2016-09-09 20:14:05] N = 2, M = 5 machine precision = 2.22045e-16
[job(517): 2016-09-09 20:14:05] At X0, 0 variables are exactly at the bounds
[job(517): 2016-09-09 20:14:05] At iterate     0  f=      -10.008  |proj g|=      0.52477
[job(517): 2016-09-09 20:14:05] At iterate     1  f =      -10.278  |proj g|=       0.40939
[job(517): 2016-09-09 20:14:05] At iterate     2  f =      -10.738  |proj g|=      0.087236
[job(517): 2016-09-09 20:14:05] At iterate     3  f =      -10.771  |proj g|=      0.037099
[job(517): 2016-09-09 20:14:05] At iterate     4  f =      -10.779  |proj g|=      0.026246
[job(517): 2016-09-09 20:14:05] At iterate     5  f =       -10.78  |proj g|=      0.019153
[job(517): 2016-09-09 20:14:05] At iterate     6  f =       -10.78  |proj g|=    6.6969e-05
[job(517): 2016-09-09 20:14:05] At iterate     7  f =       -10.78  |proj g|=    6.3713e-06
[job(517): 2016-09-09 20:14:05] At iterate     8  f =       -10.78  |proj g|=     1.049e-08
[job(517): 2016-09-09 20:14:05] 
[job(517): 2016-09-09 20:14:05] iterations 8
[job(517): 2016-09-09 20:14:05] function evaluations 9
[job(517): 2016-09-09 20:14:05] segments explored during Cauchy searches 8
[job(517): 2016-09-09 20:14:05] BFGS updates skipped 0
[job(517): 2016-09-09 20:14:05] active bounds at final generalized Cauchy point 0
[job(517): 2016-09-09 20:14:05] norm of the final projected gradient 1.04902e-08
[job(517): 2016-09-09 20:14:05] final function value -10.7805
[job(517): 2016-09-09 20:14:05] 
[job(517): 2016-09-09 20:14:05] F = -10.7805
[job(517): 2016-09-09 20:14:05] final  value -10.780475 
[job(517): 2016-09-09 20:14:05] converged
[job(517): 2016-09-09 20:14:05] [Tune-x] 14: C=4.09e+03; sigma=0.00301
[job(517): 2016-09-09 20:14:05] [Tune-y] 14: acc.test.mean=0.944; time: 0.0 min; memory: 117Mb use, 195Mb max
[job(517): 2016-09-09 20:14:05] 
[job(517): 2016-09-09 20:14:05] optimisation start
[job(517): 2016-09-09 20:14:05] ------------------
[job(517): 2016-09-09 20:14:05] * estimation method   : MLE 
[job(517): 2016-09-09 20:14:05] * optimisation method : BFGS 
[job(517): 2016-09-09 20:14:05] * analytical gradient : used
[job(517): 2016-09-09 20:14:05] * trend model : ~1
[job(517): 2016-09-09 20:14:05] * covariance model : 
[job(517): 2016-09-09 20:14:05]   - type :  matern5_2 
[job(517): 2016-09-09 20:14:05]   - nugget : NO
[job(517): 2016-09-09 20:14:05]   - parameters lower bounds :  1e-10 1e-10 
[job(517): 2016-09-09 20:14:05]   - parameters upper bounds :  45.17367 42.40389 
[job(517): 2016-09-09 20:14:05]   - best initial criterion value(s) :  8.856804 
[job(517): 2016-09-09 20:14:05] 
[job(517): 2016-09-09 20:14:05] N = 2, M = 5 machine precision = 2.22045e-16
[job(517): 2016-09-09 20:14:05] At X0, 0 variables are exactly at the bounds
[job(517): 2016-09-09 20:14:05] At iterate     0  f=      -8.8568  |proj g|=       1.0885
[job(517): 2016-09-09 20:14:05] At iterate     1  f =      -9.0426  |proj g|=        1.0244
[job(517): 2016-09-09 20:14:05] At iterate     2  f =      -9.3752  |proj g|=       0.77548
[job(517): 2016-09-09 20:14:05] At iterate     3  f =      -9.3927  |proj g|=       0.23458
[job(517): 2016-09-09 20:14:05] At iterate     4  f =      -9.3947  |proj g|=      0.020383
[job(517): 2016-09-09 20:14:05] At iterate     5  f =      -9.3948  |proj g|=      0.013468
[job(517): 2016-09-09 20:14:05] At iterate     6  f =      -9.3948  |proj g|=      0.013598
[job(517): 2016-09-09 20:14:05] At iterate     7  f =      -9.3949  |proj g|=      0.040705
[job(517): 2016-09-09 20:14:05] At iterate     8  f =      -9.3952  |proj g|=      0.081152
[job(517): 2016-09-09 20:14:05] At iterate     9  f =      -9.3959  |proj g|=       0.15506
[job(517): 2016-09-09 20:14:05] At iterate    10  f =      -9.3978  |proj g|=       0.27451
[job(517): 2016-09-09 20:14:05] At iterate    11  f =      -9.4025  |proj g|=       0.48482
[job(517): 2016-09-09 20:14:05] At iterate    12  f =      -9.4124  |proj g|=        0.8258
[job(517): 2016-09-09 20:14:05] At iterate    13  f =      -9.4332  |proj g|=        1.1881
[job(517): 2016-09-09 20:14:05] At iterate    14  f =      -9.4917  |proj g|=        1.4323
[job(517): 2016-09-09 20:14:05] At iterate    15  f =      -9.5749  |proj g|=       0.23168
[job(517): 2016-09-09 20:14:05] At iterate    16  f =      -9.5811  |proj g|=     0.0070453
[job(517): 2016-09-09 20:14:05] At iterate    17  f =      -9.5811  |proj g|=    0.00054517
[job(517): 2016-09-09 20:14:05] At iterate    18  f =      -9.5811  |proj g|=    5.9098e-08
[job(517): 2016-09-09 20:14:05] 
[job(517): 2016-09-09 20:14:05] iterations 18
[job(517): 2016-09-09 20:14:05] function evaluations 20
[job(517): 2016-09-09 20:14:05] segments explored during Cauchy searches 19
[job(517): 2016-09-09 20:14:05] BFGS updates skipped 0
[job(517): 2016-09-09 20:14:05] active bounds at final generalized Cauchy point 1
[job(517): 2016-09-09 20:14:05] norm of the final projected gradient 5.90976e-08
[job(517): 2016-09-09 20:14:05] final function value -9.58109
[job(517): 2016-09-09 20:14:05] 
[job(517): 2016-09-09 20:14:05] F = -9.58109
[job(517): 2016-09-09 20:14:05] final  value -9.581086 
[job(517): 2016-09-09 20:14:05] converged
[job(517): 2016-09-09 20:14:05] [Tune-x] 15: C=1.97e+03; sigma=0.000244
[job(517): 2016-09-09 20:14:05] [Tune-y] 15: acc.test.mean=0.934; time: 0.0 min; memory: 117Mb use, 195Mb max
[job(517): 2016-09-09 20:14:05] 
[job(517): 2016-09-09 20:14:05] optimisation start
[job(517): 2016-09-09 20:14:05] ------------------
[job(517): 2016-09-09 20:14:05] * estimation method   : MLE 
[job(517): 2016-09-09 20:14:05] * optimisation method : BFGS 
[job(517): 2016-09-09 20:14:05] * analytical gradient : used
[job(517): 2016-09-09 20:14:05] * trend model : ~1
[job(517): 2016-09-09 20:14:05] * covariance model : 
[job(517): 2016-09-09 20:14:05]   - type :  matern5_2 
[job(517): 2016-09-09 20:14:05]   - nugget : NO
[job(517): 2016-09-09 20:14:05]   - parameters lower bounds :  1e-10 1e-10 
[job(517): 2016-09-09 20:14:05]   - parameters upper bounds :  45.17367 42.40389 
[job(517): 2016-09-09 20:14:05]   - best initial criterion value(s) :  13.52588 
[job(517): 2016-09-09 20:14:05] 
[job(517): 2016-09-09 20:14:05] N = 2, M = 5 machine precision = 2.22045e-16
[job(517): 2016-09-09 20:14:05] At X0, 0 variables are exactly at the bounds
[job(517): 2016-09-09 20:14:05] At iterate     0  f=      -13.526  |proj g|=       1.7672
[job(517): 2016-09-09 20:14:05] At iterate     1  f =      -14.601  |proj g|=       0.23573
[job(517): 2016-09-09 20:14:05] At iterate     2  f =       -14.64  |proj g|=       0.12373
[job(517): 2016-09-09 20:14:05] At iterate     3  f =      -14.655  |proj g|=      0.091376
[job(517): 2016-09-09 20:14:05] At iterate     4  f =       -14.66  |proj g|=       0.01873
[job(517): 2016-09-09 20:14:05] At iterate     5  f =       -14.66  |proj g|=     0.0086526
[job(517): 2016-09-09 20:14:05] At iterate     6  f =       -14.66  |proj g|=    0.00024795
[job(517): 2016-09-09 20:14:05] At iterate     7  f =       -14.66  |proj g|=    6.5076e-06
[job(517): 2016-09-09 20:14:05] At iterate     8  f =       -14.66  |proj g|=     8.781e-10
[job(517): 2016-09-09 20:14:05] 
[job(517): 2016-09-09 20:14:05] iterations 8
[job(517): 2016-09-09 20:14:05] function evaluations 9
[job(517): 2016-09-09 20:14:05] segments explored during Cauchy searches 8
[job(517): 2016-09-09 20:14:05] BFGS updates skipped 0
[job(517): 2016-09-09 20:14:05] active bounds at final generalized Cauchy point 0
[job(517): 2016-09-09 20:14:05] norm of the final projected gradient 8.78103e-10
[job(517): 2016-09-09 20:14:05] final function value -14.66
[job(517): 2016-09-09 20:14:05] 
[job(517): 2016-09-09 20:14:05] F = -14.66
[job(517): 2016-09-09 20:14:05] final  value -14.660028 
[job(517): 2016-09-09 20:14:05] converged
[job(517): 2016-09-09 20:14:05] [Tune-x] 16: C=2.55e+03; sigma=0.00336
[job(517): 2016-09-09 20:14:05] [Tune-y] 16: acc.test.mean=0.933; time: 0.0 min; memory: 117Mb use, 195Mb max
[job(517): 2016-09-09 20:14:05] 
[job(517): 2016-09-09 20:14:05] optimisation start
[job(517): 2016-09-09 20:14:05] ------------------
[job(517): 2016-09-09 20:14:05] * estimation method   : MLE 
[job(517): 2016-09-09 20:14:05] * optimisation method : BFGS 
[job(517): 2016-09-09 20:14:05] * analytical gradient : used
[job(517): 2016-09-09 20:14:05] * trend model : ~1
[job(517): 2016-09-09 20:14:05] * covariance model : 
[job(517): 2016-09-09 20:14:05]   - type :  matern5_2 
[job(517): 2016-09-09 20:14:05]   - nugget : NO
[job(517): 2016-09-09 20:14:05]   - parameters lower bounds :  1e-10 1e-10 
[job(517): 2016-09-09 20:14:05]   - parameters upper bounds :  45.17367 42.40389 
[job(517): 2016-09-09 20:14:05]   - best initial criterion value(s) :  12.8258 
[job(517): 2016-09-09 20:14:05] 
[job(517): 2016-09-09 20:14:05] N = 2, M = 5 machine precision = 2.22045e-16
[job(517): 2016-09-09 20:14:05] At X0, 0 variables are exactly at the bounds
[job(517): 2016-09-09 20:14:05] At iterate     0  f=      -12.826  |proj g|=       3.0676
[job(517): 2016-09-09 20:14:05] At iterate     1  f =       -12.99  |proj g|=        1.0191
[job(517): 2016-09-09 20:14:05] At iterate     2  f =      -13.119  |proj g|=       0.14985
[job(517): 2016-09-09 20:14:05] At iterate     3  f =       -13.12  |proj g|=       0.15075
[job(517): 2016-09-09 20:14:05] At iterate     4  f =      -13.127  |proj g|=       0.22879
[job(517): 2016-09-09 20:14:05] At iterate     5  f =      -13.142  |proj g|=        0.5092
[job(517): 2016-09-09 20:14:05] At iterate     6  f =      -13.172  |proj g|=       0.78498
[job(517): 2016-09-09 20:14:05] At iterate     7  f =      -13.215  |proj g|=       0.75573
[job(517): 2016-09-09 20:14:05] At iterate     8  f =      -13.224  |proj g|=       0.77376
[job(517): 2016-09-09 20:14:05] At iterate     9  f =      -13.245  |proj g|=      0.036836
[job(517): 2016-09-09 20:14:05] At iterate    10  f =      -13.245  |proj g|=     0.0012982
[job(517): 2016-09-09 20:14:05] At iterate    11  f =      -13.245  |proj g|=    4.7306e-05
[job(517): 2016-09-09 20:14:05] At iterate    12  f =      -13.245  |proj g|=    4.6942e-05
[job(517): 2016-09-09 20:14:05] 
[job(517): 2016-09-09 20:14:05] iterations 12
[job(517): 2016-09-09 20:14:05] function evaluations 14
[job(517): 2016-09-09 20:14:05] segments explored during Cauchy searches 12
[job(517): 2016-09-09 20:14:05] BFGS updates skipped 0
[job(517): 2016-09-09 20:14:05] active bounds at final generalized Cauchy point 0
[job(517): 2016-09-09 20:14:05] norm of the final projected gradient 4.6942e-05
[job(517): 2016-09-09 20:14:05] final function value -13.2454
[job(517): 2016-09-09 20:14:05] 
[job(517): 2016-09-09 20:14:05] F = -13.2454
[job(517): 2016-09-09 20:14:05] final  value -13.245428 
[job(517): 2016-09-09 20:14:05] converged
[job(517): 2016-09-09 20:14:05] [Tune-x] 17: C=4.04e+03; sigma=0.000244
[job(517): 2016-09-09 20:14:05] [Tune-y] 17: acc.test.mean=0.944; time: 0.0 min; memory: 117Mb use, 195Mb max
[job(517): 2016-09-09 20:14:05] 
[job(517): 2016-09-09 20:14:05] optimisation start
[job(517): 2016-09-09 20:14:05] ------------------
[job(517): 2016-09-09 20:14:05] * estimation method   : MLE 
[job(517): 2016-09-09 20:14:05] * optimisation method : BFGS 
[job(517): 2016-09-09 20:14:05] * analytical gradient : used
[job(517): 2016-09-09 20:14:05] * trend model : ~1
[job(517): 2016-09-09 20:14:05] * covariance model : 
[job(517): 2016-09-09 20:14:05]   - type :  matern5_2 
[job(517): 2016-09-09 20:14:05]   - nugget : NO
[job(517): 2016-09-09 20:14:05]   - parameters lower bounds :  1e-10 1e-10 
[job(517): 2016-09-09 20:14:05]   - parameters upper bounds :  45.17367 42.40448 
[job(517): 2016-09-09 20:14:05]   - best initial criterion value(s) :  -8.209261 
[job(517): 2016-09-09 20:14:05] 
[job(517): 2016-09-09 20:14:05] N = 2, M = 5 machine precision = 2.22045e-16
[job(517): 2016-09-09 20:14:05] At X0, 0 variables are exactly at the bounds
[job(517): 2016-09-09 20:14:05] At iterate     0  f=       8.2093  |proj g|=       1.9741
[job(517): 2016-09-09 20:14:05] At iterate     1  f =      -1.3833  |proj g|=        2.3645
[job(517): 2016-09-09 20:14:05] ys=-1.110e+01  -gs= 4.569e+00, BFGS update SKIPPED
[job(517): 2016-09-09 20:14:05] At iterate     2  f =      -1.7509  |proj g|=             0
[job(517): 2016-09-09 20:14:05] 
[job(517): 2016-09-09 20:14:05] iterations 2
[job(517): 2016-09-09 20:14:05] function evaluations 3
[job(517): 2016-09-09 20:14:05] segments explored during Cauchy searches 3
[job(517): 2016-09-09 20:14:05] BFGS updates skipped 1
[job(517): 2016-09-09 20:14:05] active bounds at final generalized Cauchy point 1
[job(517): 2016-09-09 20:14:05] norm of the final projected gradient 0
[job(517): 2016-09-09 20:14:05] final function value -1.75089
[job(517): 2016-09-09 20:14:05] 
[job(517): 2016-09-09 20:14:05] F = -1.75089
[job(517): 2016-09-09 20:14:05] final  value -1.750891 
[job(517): 2016-09-09 20:14:05] converged
[job(517): 2016-09-09 20:14:05] [Tune-x] 18: C=0.00111; sigma=0.000248
[job(517): 2016-09-09 20:14:05] [Tune-y] 18: acc.test.mean=0.385; time: 0.0 min; memory: 117Mb use, 195Mb max
[job(517): 2016-09-09 20:14:05] 
[job(517): 2016-09-09 20:14:05] optimisation start
[job(517): 2016-09-09 20:14:05] ------------------
[job(517): 2016-09-09 20:14:05] * estimation method   : MLE 
[job(517): 2016-09-09 20:14:05] * optimisation method : BFGS 
[job(517): 2016-09-09 20:14:05] * analytical gradient : used
[job(517): 2016-09-09 20:14:05] * trend model : ~1
[job(517): 2016-09-09 20:14:05] * covariance model : 
[job(517): 2016-09-09 20:14:05]   - type :  matern5_2 
[job(517): 2016-09-09 20:14:05]   - nugget : NO
[job(517): 2016-09-09 20:14:05]   - parameters lower bounds :  1e-10 1e-10 
[job(517): 2016-09-09 20:14:05]   - parameters upper bounds :  45.17367 42.40448 
[job(517): 2016-09-09 20:14:05]   - best initial criterion value(s) :  2.180526 
[job(517): 2016-09-09 20:14:05] 
[job(517): 2016-09-09 20:14:05] N = 2, M = 5 machine precision = 2.22045e-16
[job(517): 2016-09-09 20:14:05] At X0, 0 variables are exactly at the bounds
[job(517): 2016-09-09 20:14:05] At iterate     0  f=      -2.1805  |proj g|=       1.4676
[job(517): 2016-09-09 20:14:05] At iterate     1  f =      -16.801  |proj g|=        2.8144
[job(517): 2016-09-09 20:14:05] At iterate     2  f =       -16.84  |proj g|=      0.079371
[job(517): 2016-09-09 20:14:05] At iterate     3  f =      -16.841  |proj g|=      0.057489
[job(517): 2016-09-09 20:14:05] At iterate     4  f =      -16.841  |proj g|=       0.05747
[job(517): 2016-09-09 20:14:05] At iterate     5  f =      -16.841  |proj g|=       0.17429
[job(517): 2016-09-09 20:14:05] At iterate     6  f =      -16.841  |proj g|=        0.3386
[job(517): 2016-09-09 20:14:05] At iterate     7  f =      -16.843  |proj g|=       0.55621
[job(517): 2016-09-09 20:14:05] At iterate     8  f =      -16.848  |proj g|=       0.56063
[job(517): 2016-09-09 20:14:05] At iterate     9  f =      -16.859  |proj g|=       0.56757
[job(517): 2016-09-09 20:14:05] At iterate    10  f =      -16.889  |proj g|=       0.57767
[job(517): 2016-09-09 20:14:05] At iterate    11  f =       -16.96  |proj g|=       0.59005
[job(517): 2016-09-09 20:14:05] At iterate    12  f =      -17.106  |proj g|=       0.59473
[job(517): 2016-09-09 20:14:05] At iterate    13  f =      -17.207  |proj g|=         0.563
[job(517): 2016-09-09 20:14:05] At iterate    14  f =       -17.22  |proj g|=      0.038603
[job(517): 2016-09-09 20:14:05] At iterate    15  f =       -17.22  |proj g|=    0.00019719
[job(517): 2016-09-09 20:14:05] At iterate    16  f =       -17.22  |proj g|=    1.9896e-08
[job(517): 2016-09-09 20:14:05] 
[job(517): 2016-09-09 20:14:05] iterations 16
[job(517): 2016-09-09 20:14:05] function evaluations 20
[job(517): 2016-09-09 20:14:05] segments explored during Cauchy searches 17
[job(517): 2016-09-09 20:14:05] BFGS updates skipped 0
[job(517): 2016-09-09 20:14:05] active bounds at final generalized Cauchy point 1
[job(517): 2016-09-09 20:14:05] norm of the final projected gradient 1.98964e-08
[job(517): 2016-09-09 20:14:05] final function value -17.2201
[job(517): 2016-09-09 20:14:05] 
[job(517): 2016-09-09 20:14:05] F = -17.2201
[job(517): 2016-09-09 20:14:05] final  value -17.220075 
[job(517): 2016-09-09 20:14:05] converged
[job(517): 2016-09-09 20:14:05] [Tune-x] 19: C=3.13e+03; sigma=0.000244
[job(517): 2016-09-09 20:14:05] [Tune-y] 19: acc.test.mean=0.945; time: 0.0 min; memory: 117Mb use, 195Mb max
[job(517): 2016-09-09 20:14:05] 
[job(517): 2016-09-09 20:14:05] optimisation start
[job(517): 2016-09-09 20:14:05] ------------------
[job(517): 2016-09-09 20:14:05] * estimation method   : MLE 
[job(517): 2016-09-09 20:14:05] * optimisation method : BFGS 
[job(517): 2016-09-09 20:14:05] * analytical gradient : used
[job(517): 2016-09-09 20:14:05] * trend model : ~1
[job(517): 2016-09-09 20:14:05] * covariance model : 
[job(517): 2016-09-09 20:14:05]   - type :  matern5_2 
[job(517): 2016-09-09 20:14:05]   - nugget : NO
[job(517): 2016-09-09 20:14:05]   - parameters lower bounds :  1e-10 1e-10 
[job(517): 2016-09-09 20:14:05]   - parameters upper bounds :  45.17367 42.40448 
[job(517): 2016-09-09 20:14:05]   - best initial criterion value(s) :  13.06148 
[job(517): 2016-09-09 20:14:05] 
[job(517): 2016-09-09 20:14:05] N = 2, M = 5 machine precision = 2.22045e-16
[job(517): 2016-09-09 20:14:05] At X0, 0 variables are exactly at the bounds
[job(517): 2016-09-09 20:14:05] At iterate     0  f=      -13.061  |proj g|=       2.1675
[job(517): 2016-09-09 20:14:05] At iterate     1  f =      -13.837  |proj g|=          2.01
[job(517): 2016-09-09 20:14:05] At iterate     2  f =      -15.045  |proj g|=        1.4067
[job(517): 2016-09-09 20:14:05] At iterate     3  f =      -15.938  |proj g|=        1.3316
[job(517): 2016-09-09 20:14:05] At iterate     4  f =      -16.199  |proj g|=       0.20346
[job(517): 2016-09-09 20:14:05] At iterate     5  f =      -16.203  |proj g|=      0.028306
[job(517): 2016-09-09 20:14:05] At iterate     6  f =      -16.203  |proj g|=     0.0021375
[job(517): 2016-09-09 20:14:05] At iterate     7  f =      -16.203  |proj g|=    0.00016375
[job(517): 2016-09-09 20:14:05] At iterate     8  f =      -16.203  |proj g|=    0.00011746
[job(517): 2016-09-09 20:14:05] 
[job(517): 2016-09-09 20:14:05] iterations 8
[job(517): 2016-09-09 20:14:05] function evaluations 10
[job(517): 2016-09-09 20:14:05] segments explored during Cauchy searches 9
[job(517): 2016-09-09 20:14:05] BFGS updates skipped 0
[job(517): 2016-09-09 20:14:05] active bounds at final generalized Cauchy point 0
[job(517): 2016-09-09 20:14:05] norm of the final projected gradient 0.000117461
[job(517): 2016-09-09 20:14:05] final function value -16.2026
[job(517): 2016-09-09 20:14:05] 
[job(517): 2016-09-09 20:14:05] F = -16.2026
[job(517): 2016-09-09 20:14:05] final  value -16.202649 
[job(517): 2016-09-09 20:14:05] converged
[job(517): 2016-09-09 20:14:05] [Tune-x] 20: C=1.54e+03; sigma=0.0199
[job(517): 2016-09-09 20:14:05] [Tune-y] 20: acc.test.mean=0.967; time: 0.0 min; memory: 117Mb use, 195Mb max
[job(517): 2016-09-09 20:14:05] 
[job(517): 2016-09-09 20:14:05] optimisation start
[job(517): 2016-09-09 20:14:05] ------------------
[job(517): 2016-09-09 20:14:05] * estimation method   : MLE 
[job(517): 2016-09-09 20:14:05] * optimisation method : BFGS 
[job(517): 2016-09-09 20:14:05] * analytical gradient : used
[job(517): 2016-09-09 20:14:05] * trend model : ~1
[job(517): 2016-09-09 20:14:05] * covariance model : 
[job(517): 2016-09-09 20:14:05]   - type :  matern5_2 
[job(517): 2016-09-09 20:14:05]   - nugget : NO
[job(517): 2016-09-09 20:14:05]   - parameters lower bounds :  1e-10 1e-10 
[job(517): 2016-09-09 20:14:05]   - parameters upper bounds :  45.17367 42.40448 
[job(517): 2016-09-09 20:14:05]   - best initial criterion value(s) :  16.69928 
[job(517): 2016-09-09 20:14:05] 
[job(517): 2016-09-09 20:14:05] N = 2, M = 5 machine precision = 2.22045e-16
[job(517): 2016-09-09 20:14:05] At X0, 0 variables are exactly at the bounds
[job(517): 2016-09-09 20:14:05] At iterate     0  f=      -16.699  |proj g|=        2.366
[job(517): 2016-09-09 20:14:05] At iterate     1  f =      -17.332  |proj g|=        2.1823
[job(517): 2016-09-09 20:14:05] At iterate     2  f =      -18.058  |proj g|=       0.30469
[job(517): 2016-09-09 20:14:05] At iterate     3  f =      -18.067  |proj g|=       0.12704
[job(517): 2016-09-09 20:14:05] At iterate     4  f =      -18.071  |proj g|=       0.12645
[job(517): 2016-09-09 20:14:05] At iterate     5  f =      -18.081  |proj g|=       0.15931
[job(517): 2016-09-09 20:14:05] At iterate     6  f =      -18.084  |proj g|=      0.064465
[job(517): 2016-09-09 20:14:05] At iterate     7  f =      -18.084  |proj g|=     0.0027624
[job(517): 2016-09-09 20:14:05] At iterate     8  f =      -18.084  |proj g|=    0.00022435
[job(517): 2016-09-09 20:14:05] At iterate     9  f =      -18.084  |proj g|=    3.1601e-06
[job(517): 2016-09-09 20:14:05] 
[job(517): 2016-09-09 20:14:05] iterations 9
[job(517): 2016-09-09 20:14:05] function evaluations 11
[job(517): 2016-09-09 20:14:05] segments explored during Cauchy searches 10
[job(517): 2016-09-09 20:14:05] BFGS updates skipped 0
[job(517): 2016-09-09 20:14:05] active bounds at final generalized Cauchy point 0
[job(517): 2016-09-09 20:14:05] norm of the final projected gradient 3.16008e-06
[job(517): 2016-09-09 20:14:05] final function value -18.0843
[job(517): 2016-09-09 20:14:05] 
[job(517): 2016-09-09 20:14:05] F = -18.0843
[job(517): 2016-09-09 20:14:05] final  value -18.084286 
[job(517): 2016-09-09 20:14:05] converged
[job(517): 2016-09-09 20:14:05] [Tune-x] 21: C=1.8e+03; sigma=0.0158
[job(517): 2016-09-09 20:14:05] [Tune-y] 21: acc.test.mean=0.924; time: 0.0 min; memory: 117Mb use, 195Mb max
[job(517): 2016-09-09 20:14:05] 
[job(517): 2016-09-09 20:14:05] optimisation start
[job(517): 2016-09-09 20:14:05] ------------------
[job(517): 2016-09-09 20:14:05] * estimation method   : MLE 
[job(517): 2016-09-09 20:14:05] * optimisation method : BFGS 
[job(517): 2016-09-09 20:14:05] * analytical gradient : used
[job(517): 2016-09-09 20:14:05] * trend model : ~1
[job(517): 2016-09-09 20:14:05] * covariance model : 
[job(517): 2016-09-09 20:14:05]   - type :  matern5_2 
[job(517): 2016-09-09 20:14:05]   - nugget : NO
[job(517): 2016-09-09 20:14:05]   - parameters lower bounds :  1e-10 1e-10 
[job(517): 2016-09-09 20:14:05]   - parameters upper bounds :  45.17367 42.40448 
[job(517): 2016-09-09 20:14:05]   - best initial criterion value(s) :  20.94205 
[job(517): 2016-09-09 20:14:05] 
[job(517): 2016-09-09 20:14:05] N = 2, M = 5 machine precision = 2.22045e-16
[job(517): 2016-09-09 20:14:05] At X0, 0 variables are exactly at the bounds
[job(517): 2016-09-09 20:14:05] At iterate     0  f=      -20.942  |proj g|=      0.89824
[job(517): 2016-09-09 20:14:05] At iterate     1  f =      -21.168  |proj g|=       0.85877
[job(517): 2016-09-09 20:14:05] At iterate     2  f =      -21.466  |proj g|=       0.14606
[job(517): 2016-09-09 20:14:05] At iterate     3  f =      -21.466  |proj g|=       0.14468
[job(517): 2016-09-09 20:14:05] At iterate     4  f =      -21.468  |proj g|=       0.18712
[job(517): 2016-09-09 20:14:05] At iterate     5  f =      -21.473  |proj g|=       0.48298
[job(517): 2016-09-09 20:14:05] At iterate     6  f =      -21.486  |proj g|=       0.75924
[job(517): 2016-09-09 20:14:05] At iterate     7  f =      -21.514  |proj g|=       0.76905
[job(517): 2016-09-09 20:14:05] At iterate     8  f =      -21.566  |proj g|=       0.77061
[job(517): 2016-09-09 20:14:05] At iterate     9  f =      -21.659  |proj g|=       0.74633
[job(517): 2016-09-09 20:14:05] At iterate    10  f =      -21.859  |proj g|=       0.23874
[job(517): 2016-09-09 20:14:05] At iterate    11  f =      -21.964  |proj g|=        1.8973
[job(517): 2016-09-09 20:14:05] At iterate    12  f =      -22.079  |proj g|=        4.7093
[job(517): 2016-09-09 20:14:05] At iterate    13  f =       -22.35  |proj g|=         6.345
[job(517): 2016-09-09 20:14:05] At iterate    14  f =       -23.25  |proj g|=        3.8821
[job(517): 2016-09-09 20:14:05] At iterate    15  f =      -23.511  |proj g|=      0.035104
[job(517): 2016-09-09 20:14:05] At iterate    16  f =      -23.548  |proj g|=     0.0095698
[job(517): 2016-09-09 20:14:05] At iterate    17  f =      -23.549  |proj g|=        0.3786
[job(517): 2016-09-09 20:14:05] At iterate    18  f =      -23.549  |proj g|=      0.054258
[job(517): 2016-09-09 20:14:05] At iterate    19  f =      -23.549  |proj g|=    0.00024542
[job(517): 2016-09-09 20:14:05] At iterate    20  f =      -23.549  |proj g|=    1.4242e-05
[job(517): 2016-09-09 20:14:05] 
[job(517): 2016-09-09 20:14:05] iterations 20
[job(517): 2016-09-09 20:14:05] function evaluations 27
[job(517): 2016-09-09 20:14:05] segments explored during Cauchy searches 21
[job(517): 2016-09-09 20:14:05] BFGS updates skipped 0
[job(517): 2016-09-09 20:14:05] active bounds at final generalized Cauchy point 0
[job(517): 2016-09-09 20:14:05] norm of the final projected gradient 1.42419e-05
[job(517): 2016-09-09 20:14:05] final function value -23.5495
[job(517): 2016-09-09 20:14:05] 
[job(517): 2016-09-09 20:14:05] F = -23.5495
[job(517): 2016-09-09 20:14:05] final  value -23.549480 
[job(517): 2016-09-09 20:14:05] converged
[job(517): 2016-09-09 20:14:05] [Tune-x] 22: C=1.39e+03; sigma=3.73e+03
[job(517): 2016-09-09 20:14:05] [Tune-y] 22: acc.test.mean=0.649; time: 0.0 min; memory: 117Mb use, 203Mb max
[job(517): 2016-09-09 20:14:05] 
[job(517): 2016-09-09 20:14:05] optimisation start
[job(517): 2016-09-09 20:14:05] ------------------
[job(517): 2016-09-09 20:14:05] * estimation method   : MLE 
[job(517): 2016-09-09 20:14:05] * optimisation method : BFGS 
[job(517): 2016-09-09 20:14:05] * analytical gradient : used
[job(517): 2016-09-09 20:14:05] * trend model : ~1
[job(517): 2016-09-09 20:14:05] * covariance model : 
[job(517): 2016-09-09 20:14:05]   - type :  matern5_2 
[job(517): 2016-09-09 20:14:05]   - nugget : NO
[job(517): 2016-09-09 20:14:05]   - parameters lower bounds :  1e-10 1e-10 
[job(517): 2016-09-09 20:14:05]   - parameters upper bounds :  45.17367 47.7311 
[job(517): 2016-09-09 20:14:05]   - best initial criterion value(s) :  7.59468 
[job(517): 2016-09-09 20:14:05] 
[job(517): 2016-09-09 20:14:05] N = 2, M = 5 machine precision = 2.22045e-16
[job(517): 2016-09-09 20:14:05] At X0, 0 variables are exactly at the bounds
[job(517): 2016-09-09 20:14:05] At iterate     0  f=      -7.5947  |proj g|=       1.8012
[job(517): 2016-09-09 20:14:05] At iterate     1  f =      -18.202  |proj g|=       0.71317
[job(517): 2016-09-09 20:14:05] At iterate     2  f =      -18.334  |proj g|=       0.68712
[job(517): 2016-09-09 20:14:05] At iterate     3  f =      -18.581  |proj g|=        0.4546
[job(517): 2016-09-09 20:14:05] At iterate     4  f =      -18.586  |proj g|=       0.34074
[job(517): 2016-09-09 20:14:05] At iterate     5  f =      -18.595  |proj g|=       0.34224
[job(517): 2016-09-09 20:14:05] At iterate     6  f =      -18.622  |proj g|=       0.60717
[job(517): 2016-09-09 20:14:05] At iterate     7  f =      -18.688  |proj g|=       0.63414
[job(517): 2016-09-09 20:14:05] At iterate     8  f =      -18.853  |proj g|=       0.67425
[job(517): 2016-09-09 20:14:05] At iterate     9  f =      -19.248  |proj g|=        0.7257
[job(517): 2016-09-09 20:14:05] At iterate    10  f =       -20.25  |proj g|=       0.78072
[job(517): 2016-09-09 20:14:05] At iterate    11  f =       -21.61  |proj g|=       0.79353
[job(517): 2016-09-09 20:14:05] At iterate    12  f =      -21.707  |proj g|=       0.79801
[job(517): 2016-09-09 20:14:05] At iterate    13  f =        -21.8  |proj g|=       0.19091
[job(517): 2016-09-09 20:14:05] At iterate    14  f =      -21.801  |proj g|=       0.03008
[job(517): 2016-09-09 20:14:05] At iterate    15  f =      -21.801  |proj g|=     0.0013314
[job(517): 2016-09-09 20:14:05] At iterate    16  f =      -21.801  |proj g|=    2.3769e-05
[job(517): 2016-09-09 20:14:05] At iterate    17  f =      -21.801  |proj g|=    2.7083e-06
[job(517): 2016-09-09 20:14:05] 
[job(517): 2016-09-09 20:14:05] iterations 17
[job(517): 2016-09-09 20:14:05] function evaluations 24
[job(517): 2016-09-09 20:14:05] segments explored during Cauchy searches 19
[job(517): 2016-09-09 20:14:05] BFGS updates skipped 0
[job(517): 2016-09-09 20:14:05] active bounds at final generalized Cauchy point 0
[job(517): 2016-09-09 20:14:05] norm of the final projected gradient 2.70834e-06
[job(517): 2016-09-09 20:14:05] final function value -21.8012
[job(517): 2016-09-09 20:14:05] 
[job(517): 2016-09-09 20:14:05] F = -21.8012
[job(517): 2016-09-09 20:14:05] final  value -21.801178 
[job(517): 2016-09-09 20:14:05] converged
[job(517): 2016-09-09 20:14:05] [Tune-x] 23: C=1.33e+03; sigma=0.0526
[job(517): 2016-09-09 20:14:05] [Tune-y] 23: acc.test.mean=0.956; time: 0.0 min; memory: 117Mb use, 203Mb max
[job(517): 2016-09-09 20:14:05] 
[job(517): 2016-09-09 20:14:05] optimisation start
[job(517): 2016-09-09 20:14:05] ------------------
[job(517): 2016-09-09 20:14:05] * estimation method   : MLE 
[job(517): 2016-09-09 20:14:05] * optimisation method : BFGS 
[job(517): 2016-09-09 20:14:05] * analytical gradient : used
[job(517): 2016-09-09 20:14:05] * trend model : ~1
[job(517): 2016-09-09 20:14:05] * covariance model : 
[job(517): 2016-09-09 20:14:05]   - type :  matern5_2 
[job(517): 2016-09-09 20:14:05]   - nugget : NO
[job(517): 2016-09-09 20:14:05]   - parameters lower bounds :  1e-10 1e-10 
[job(517): 2016-09-09 20:14:05]   - parameters upper bounds :  45.17367 47.7311 
[job(517): 2016-09-09 20:14:05]   - best initial criterion value(s) :  15.63779 
[job(517): 2016-09-09 20:14:05] 
[job(517): 2016-09-09 20:14:05] N = 2, M = 5 machine precision = 2.22045e-16
[job(517): 2016-09-09 20:14:05] At X0, 0 variables are exactly at the bounds
[job(517): 2016-09-09 20:14:05] At iterate     0  f=      -15.638  |proj g|=       1.1954
[job(517): 2016-09-09 20:14:05] At iterate     1  f =      -21.475  |proj g|=        9.4385
[job(517): 2016-09-09 20:14:05] At iterate     2  f =      -21.932  |proj g|=        0.2902
[job(517): 2016-09-09 20:14:05] At iterate     3  f =      -21.936  |proj g|=       0.28907
[job(517): 2016-09-09 20:14:05] At iterate     4  f =      -21.967  |proj g|=       0.63617
[job(517): 2016-09-09 20:14:05] At iterate     5  f =      -22.034  |proj g|=       0.65376
[job(517): 2016-09-09 20:14:05] At iterate     6  f =      -22.206  |proj g|=         0.681
[job(517): 2016-09-09 20:14:05] At iterate     7  f =      -22.588  |proj g|=       0.71511
[job(517): 2016-09-09 20:14:05] At iterate     8  f =      -23.369  |proj g|=       0.75861
[job(517): 2016-09-09 20:14:05] At iterate     9  f =      -23.576  |proj g|=       0.67321
[job(517): 2016-09-09 20:14:05] At iterate    10  f =      -23.578  |proj g|=       0.64044
[job(517): 2016-09-09 20:14:05] At iterate    11  f =      -23.593  |proj g|=      0.068515
[job(517): 2016-09-09 20:14:05] At iterate    12  f =      -23.593  |proj g|=      0.011011
[job(517): 2016-09-09 20:14:05] At iterate    13  f =      -23.593  |proj g|=    0.00037245
[job(517): 2016-09-09 20:14:05] At iterate    14  f =      -23.593  |proj g|=    5.1815e-06
[job(517): 2016-09-09 20:14:05] 
[job(517): 2016-09-09 20:14:05] iterations 14
[job(517): 2016-09-09 20:14:05] function evaluations 19
[job(517): 2016-09-09 20:14:05] segments explored during Cauchy searches 15
[job(517): 2016-09-09 20:14:05] BFGS updates skipped 0
[job(517): 2016-09-09 20:14:05] active bounds at final generalized Cauchy point 0
[job(517): 2016-09-09 20:14:05] norm of the final projected gradient 5.1815e-06
[job(517): 2016-09-09 20:14:05] final function value -23.5935
[job(517): 2016-09-09 20:14:05] 
[job(517): 2016-09-09 20:14:05] F = -23.5935
[job(517): 2016-09-09 20:14:05] final  value -23.593471 
[job(517): 2016-09-09 20:14:05] converged
[job(517): 2016-09-09 20:14:05] [Tune-x] 24: C=1.47e+03; sigma=0.0504
[job(517): 2016-09-09 20:14:05] [Tune-y] 24: acc.test.mean=0.935; time: 0.0 min; memory: 117Mb use, 203Mb max
[job(517): 2016-09-09 20:14:05] 
[job(517): 2016-09-09 20:14:05] optimisation start
[job(517): 2016-09-09 20:14:05] ------------------
[job(517): 2016-09-09 20:14:05] * estimation method   : MLE 
[job(517): 2016-09-09 20:14:05] * optimisation method : BFGS 
[job(517): 2016-09-09 20:14:05] * analytical gradient : used
[job(517): 2016-09-09 20:14:05] * trend model : ~1
[job(517): 2016-09-09 20:14:05] * covariance model : 
[job(517): 2016-09-09 20:14:05]   - type :  matern5_2 
[job(517): 2016-09-09 20:14:05]   - nugget : NO
[job(517): 2016-09-09 20:14:05]   - parameters lower bounds :  1e-10 1e-10 
[job(517): 2016-09-09 20:14:05]   - parameters upper bounds :  45.17367 47.7311 
[job(517): 2016-09-09 20:14:05]   - best initial criterion value(s) :  10.00619 
[job(517): 2016-09-09 20:14:05] 
[job(517): 2016-09-09 20:14:05] N = 2, M = 5 machine precision = 2.22045e-16
[job(517): 2016-09-09 20:14:05] At X0, 0 variables are exactly at the bounds
[job(517): 2016-09-09 20:14:05] At iterate     0  f=      -10.006  |proj g|=       1.2515
[job(517): 2016-09-09 20:14:05] At iterate     1  f =      -20.306  |proj g|=        2.2788
[job(517): 2016-09-09 20:14:05] At iterate     2  f =      -20.317  |proj g|=        0.1267
[job(517): 2016-09-09 20:14:05] At iterate     3  f =      -20.317  |proj g|=      0.010494
[job(517): 2016-09-09 20:14:05] At iterate     4  f =      -20.317  |proj g|=      0.035204
[job(517): 2016-09-09 20:14:05] At iterate     5  f =      -20.317  |proj g|=      0.097265
[job(517): 2016-09-09 20:14:05] At iterate     6  f =      -20.318  |proj g|=       0.24263
[job(517): 2016-09-09 20:14:05] At iterate     7  f =      -20.318  |proj g|=        0.3908
[job(517): 2016-09-09 20:14:05] At iterate     8  f =      -20.319  |proj g|=       0.48186
[job(517): 2016-09-09 20:14:05] At iterate     9  f =      -20.319  |proj g|=        0.3238
[job(517): 2016-09-09 20:14:05] At iterate    10  f =      -20.319  |proj g|=      0.054027
[job(517): 2016-09-09 20:14:05] At iterate    11  f =      -20.319  |proj g|=     0.0028316
[job(517): 2016-09-09 20:14:05] At iterate    12  f =      -20.319  |proj g|=    8.5997e-05
[job(517): 2016-09-09 20:14:05] At iterate    13  f =      -20.319  |proj g|=    6.0798e-05
[job(517): 2016-09-09 20:14:05] 
[job(517): 2016-09-09 20:14:05] iterations 13
[job(517): 2016-09-09 20:14:05] function evaluations 20
[job(517): 2016-09-09 20:14:05] segments explored during Cauchy searches 14
[job(517): 2016-09-09 20:14:05] BFGS updates skipped 0
[job(517): 2016-09-09 20:14:05] active bounds at final generalized Cauchy point 0
[job(517): 2016-09-09 20:14:05] norm of the final projected gradient 6.07975e-05
[job(517): 2016-09-09 20:14:05] final function value -20.3194
[job(517): 2016-09-09 20:14:05] 
[job(517): 2016-09-09 20:14:05] F = -20.3194
[job(517): 2016-09-09 20:14:05] final  value -20.319429 
[job(517): 2016-09-09 20:14:05] converged
[job(517): 2016-09-09 20:14:05] [Tune-x] 25: C=1.21e+03; sigma=0.0313
[job(517): 2016-09-09 20:14:05] [Tune-y] 25: acc.test.mean=0.922; time: 0.0 min; memory: 117Mb use, 203Mb max
[job(517): 2016-09-09 20:14:05] 
[job(517): 2016-09-09 20:14:05] optimisation start
[job(517): 2016-09-09 20:14:05] ------------------
[job(517): 2016-09-09 20:14:05] * estimation method   : MLE 
[job(517): 2016-09-09 20:14:05] * optimisation method : BFGS 
[job(517): 2016-09-09 20:14:05] * analytical gradient : used
[job(517): 2016-09-09 20:14:05] * trend model : ~1
[job(517): 2016-09-09 20:14:05] * covariance model : 
[job(517): 2016-09-09 20:14:05]   - type :  matern5_2 
[job(517): 2016-09-09 20:14:05]   - nugget : NO
[job(517): 2016-09-09 20:14:05]   - parameters lower bounds :  1e-10 1e-10 
[job(517): 2016-09-09 20:14:05]   - parameters upper bounds :  45.17367 47.7311 
[job(517): 2016-09-09 20:14:05]   - best initial criterion value(s) :  2.021275 
[job(517): 2016-09-09 20:14:05] 
[job(517): 2016-09-09 20:14:05] N = 2, M = 5 machine precision = 2.22045e-16
[job(517): 2016-09-09 20:14:05] At X0, 0 variables are exactly at the bounds
[job(517): 2016-09-09 20:14:05] At iterate     0  f=      -2.0213  |proj g|=       1.8075
[job(517): 2016-09-09 20:14:05] At iterate     1  f =      -3.2461  |proj g|=             0
[job(517): 2016-09-09 20:14:05] 
[job(517): 2016-09-09 20:14:05] iterations 1
[job(517): 2016-09-09 20:14:05] function evaluations 2
[job(517): 2016-09-09 20:14:05] segments explored during Cauchy searches 2
[job(517): 2016-09-09 20:14:05] BFGS updates skipped 0
[job(517): 2016-09-09 20:14:05] active bounds at final generalized Cauchy point 1
[job(517): 2016-09-09 20:14:05] norm of the final projected gradient 0
[job(517): 2016-09-09 20:14:05] final function value -3.2461
[job(517): 2016-09-09 20:14:05] 
[job(517): 2016-09-09 20:14:05] F = -3.2461
[job(517): 2016-09-09 20:14:05] final  value -3.246102 
[job(517): 2016-09-09 20:14:05] converged
[job(517): 2016-09-09 20:14:05] [Tune-x] 26: C=0.356; sigma=0.00605
[job(517): 2016-09-09 20:14:05] [Tune-y] 26: acc.test.mean=0.384; time: 0.0 min; memory: 117Mb use, 203Mb max
[job(517): 2016-09-09 20:14:05] 
[job(517): 2016-09-09 20:14:05] optimisation start
[job(517): 2016-09-09 20:14:05] ------------------
[job(517): 2016-09-09 20:14:05] * estimation method   : MLE 
[job(517): 2016-09-09 20:14:05] * optimisation method : BFGS 
[job(517): 2016-09-09 20:14:05] * analytical gradient : used
[job(517): 2016-09-09 20:14:05] * trend model : ~1
[job(517): 2016-09-09 20:14:05] * covariance model : 
[job(517): 2016-09-09 20:14:05]   - type :  matern5_2 
[job(517): 2016-09-09 20:14:05]   - nugget : NO
[job(517): 2016-09-09 20:14:05]   - parameters lower bounds :  1e-10 1e-10 
[job(517): 2016-09-09 20:14:05]   - parameters upper bounds :  45.17367 47.7311 
[job(517): 2016-09-09 20:14:05]   - best initial criterion value(s) :  17.03227 
[job(517): 2016-09-09 20:14:05] 
[job(517): 2016-09-09 20:14:05] N = 2, M = 5 machine precision = 2.22045e-16
[job(517): 2016-09-09 20:14:05] At X0, 0 variables are exactly at the bounds
[job(517): 2016-09-09 20:14:05] At iterate     0  f=      -17.032  |proj g|=       44.965
[job(517): 2016-09-09 20:14:05] At iterate     1  f =      -19.578  |proj g|=       0.56851
[job(517): 2016-09-09 20:14:05] At iterate     2  f =      -21.157  |proj g|=       0.40167
[job(517): 2016-09-09 20:14:05] At iterate     3  f =      -21.204  |proj g|=        0.3178
[job(517): 2016-09-09 20:14:05] At iterate     4  f =      -21.204  |proj g|=      0.085661
[job(517): 2016-09-09 20:14:05] At iterate     5  f =      -21.205  |proj g|=       0.18999
[job(517): 2016-09-09 20:14:05] At iterate     6  f =      -21.208  |proj g|=       0.38308
[job(517): 2016-09-09 20:14:05] At iterate     7  f =      -21.218  |proj g|=       0.38615
[job(517): 2016-09-09 20:14:05] At iterate     8  f =      -21.246  |proj g|=       0.38906
[job(517): 2016-09-09 20:14:05] At iterate     9  f =      -21.339  |proj g|=       0.38982
[job(517): 2016-09-09 20:14:05] At iterate    10  f =      -21.402  |proj g|=       0.37972
[job(517): 2016-09-09 20:14:05] At iterate    11  f =      -21.489  |proj g|=       0.36388
[job(517): 2016-09-09 20:14:05] At iterate    12  f =      -21.489  |proj g|=      0.031961
[job(517): 2016-09-09 20:14:05] At iterate    13  f =      -21.489  |proj g|=    0.00017019
[job(517): 2016-09-09 20:14:05] At iterate    14  f =      -21.489  |proj g|=    3.9658e-05
[job(517): 2016-09-09 20:14:05] 
[job(517): 2016-09-09 20:14:05] iterations 14
[job(517): 2016-09-09 20:14:05] function evaluations 24
[job(517): 2016-09-09 20:14:05] segments explored during Cauchy searches 15
[job(517): 2016-09-09 20:14:05] BFGS updates skipped 0
[job(517): 2016-09-09 20:14:05] active bounds at final generalized Cauchy point 0
[job(517): 2016-09-09 20:14:05] norm of the final projected gradient 3.96584e-05
[job(517): 2016-09-09 20:14:05] final function value -21.4889
[job(517): 2016-09-09 20:14:05] 
[job(517): 2016-09-09 20:14:05] F = -21.4889
[job(517): 2016-09-09 20:14:05] final  value -21.488908 
[job(517): 2016-09-09 20:14:05] converged
[job(517): 2016-09-09 20:14:05] [Tune-x] 27: C=1.61e+03; sigma=0.0502
[job(517): 2016-09-09 20:14:05] [Tune-y] 27: acc.test.mean=0.945; time: 0.0 min; memory: 117Mb use, 203Mb max
[job(517): 2016-09-09 20:14:05] 
[job(517): 2016-09-09 20:14:05] optimisation start
[job(517): 2016-09-09 20:14:05] ------------------
[job(517): 2016-09-09 20:14:05] * estimation method   : MLE 
[job(517): 2016-09-09 20:14:05] * optimisation method : BFGS 
[job(517): 2016-09-09 20:14:05] * analytical gradient : used
[job(517): 2016-09-09 20:14:05] * trend model : ~1
[job(517): 2016-09-09 20:14:05] * covariance model : 
[job(517): 2016-09-09 20:14:05]   - type :  matern5_2 
[job(517): 2016-09-09 20:14:05]   - nugget : NO
[job(517): 2016-09-09 20:14:05]   - parameters lower bounds :  1e-10 1e-10 
[job(517): 2016-09-09 20:14:05]   - parameters upper bounds :  45.17367 47.7311 
[job(517): 2016-09-09 20:14:05]   - best initial criterion value(s) :  22.16857 
[job(517): 2016-09-09 20:14:05] 
[job(517): 2016-09-09 20:14:05] N = 2, M = 5 machine precision = 2.22045e-16
[job(517): 2016-09-09 20:14:05] At X0, 0 variables are exactly at the bounds
[job(517): 2016-09-09 20:14:05] At iterate     0  f=      -22.169  |proj g|=       2.7958
[job(517): 2016-09-09 20:14:05] At iterate     1  f =      -22.217  |proj g|=       0.49934
[job(517): 2016-09-09 20:14:05] At iterate     2  f =       -22.93  |proj g|=       0.52209
[job(517): 2016-09-09 20:14:05] At iterate     3  f =      -23.704  |proj g|=       0.50667
[job(517): 2016-09-09 20:14:05] At iterate     4  f =      -24.107  |proj g|=        1.6409
[job(517): 2016-09-09 20:14:05] At iterate     5  f =      -24.131  |proj g|=       0.46166
[job(517): 2016-09-09 20:14:05] At iterate     6  f =      -24.168  |proj g|=       0.10189
[job(517): 2016-09-09 20:14:05] At iterate     7  f =      -24.168  |proj g|=     0.0016626
[job(517): 2016-09-09 20:14:05] At iterate     8  f =      -24.168  |proj g|=    0.00035408
[job(517): 2016-09-09 20:14:05] At iterate     9  f =      -24.168  |proj g|=    4.8138e-05
[job(517): 2016-09-09 20:14:05] 
[job(517): 2016-09-09 20:14:05] iterations 9
[job(517): 2016-09-09 20:14:05] function evaluations 17
[job(517): 2016-09-09 20:14:05] segments explored during Cauchy searches 9
[job(517): 2016-09-09 20:14:05] BFGS updates skipped 0
[job(517): 2016-09-09 20:14:05] active bounds at final generalized Cauchy point 0
[job(517): 2016-09-09 20:14:05] norm of the final projected gradient 4.81385e-05
[job(517): 2016-09-09 20:14:05] final function value -24.1683
[job(517): 2016-09-09 20:14:05] 
[job(517): 2016-09-09 20:14:05] F = -24.1683
[job(517): 2016-09-09 20:14:05] final  value -24.168317 
[job(517): 2016-09-09 20:14:05] converged
[job(517): 2016-09-09 20:14:05] [Tune-x] 28: C=2.26e+03; sigma=0.000245
[job(517): 2016-09-09 20:14:05] [Tune-y] 28: acc.test.mean=0.912; time: 0.0 min; memory: 117Mb use, 203Mb max
[job(517): 2016-09-09 20:14:05] 
[job(517): 2016-09-09 20:14:05] optimisation start
[job(517): 2016-09-09 20:14:05] ------------------
[job(517): 2016-09-09 20:14:05] * estimation method   : MLE 
[job(517): 2016-09-09 20:14:05] * optimisation method : BFGS 
[job(517): 2016-09-09 20:14:05] * analytical gradient : used
[job(517): 2016-09-09 20:14:05] * trend model : ~1
[job(517): 2016-09-09 20:14:05] * covariance model : 
[job(517): 2016-09-09 20:14:05]   - type :  matern5_2 
[job(517): 2016-09-09 20:14:05]   - nugget : NO
[job(517): 2016-09-09 20:14:05]   - parameters lower bounds :  1e-10 1e-10 
[job(517): 2016-09-09 20:14:05]   - parameters upper bounds :  45.17367 47.7311 
[job(517): 2016-09-09 20:14:05]   - best initial criterion value(s) :  -56.39821 
[job(517): 2016-09-09 20:14:05] 
[job(517): 2016-09-09 20:14:05] N = 2, M = 5 machine precision = 2.22045e-16
[job(517): 2016-09-09 20:14:05] At X0, 0 variables are exactly at the bounds
[job(517): 2016-09-09 20:14:05] At iterate     0  f=       56.398  |proj g|=       2.2461
[job(517): 2016-09-09 20:14:05] At iterate     1  f =       51.643  |proj g|=        1.6566
[job(517): 2016-09-09 20:14:05] At iterate     2  f =      -2.8642  |proj g|=             0
[job(517): 2016-09-09 20:14:05] 
[job(517): 2016-09-09 20:14:05] iterations 2
[job(517): 2016-09-09 20:14:05] function evaluations 4
[job(517): 2016-09-09 20:14:05] segments explored during Cauchy searches 2
[job(517): 2016-09-09 20:14:05] BFGS updates skipped 0
[job(517): 2016-09-09 20:14:05] active bounds at final generalized Cauchy point 0
[job(517): 2016-09-09 20:14:05] norm of the final projected gradient 0
[job(517): 2016-09-09 20:14:05] final function value -2.86421
[job(517): 2016-09-09 20:14:05] 
[job(517): 2016-09-09 20:14:05] F = -2.86421
[job(517): 2016-09-09 20:14:05] final  value -2.864212 
[job(517): 2016-09-09 20:14:05] converged
[job(517): 2016-09-09 20:14:05] [Tune] Result: C=1.54e+03; sigma=0.0199 : acc.test.mean=-0.967
[job(517): 2016-09-09 20:14:05] Job terminated successfully
[job(chunk): 2016-09-09 20:14:05] Calculation finished!
