[job(chunk): 2016-09-10 00:37:00] Starting calculation of 1 jobs
[job(chunk): 2016-09-10 00:37:00] Setting working directory to '/naslx/projects/pr74ze/ri89coc2/svm_comparison'
[job(chunk): 2016-09-10 00:37:00] Memory measurement disabled
[job(1202): 2016-09-10 00:37:02] Starting job with job.id=1202
[job(1202): 2016-09-10 00:37:50] Generating problem instance for problem '1520' ...
[job(1202): 2016-09-10 00:37:50] Downloading from 'http://www.openml.org/api/v1/data/1520' to '/tmp/ri89coc2/Rtmp2xEJNT/cache/datasets/1520/description.xml'.
[job(1202): 2016-09-10 00:37:50] Downloading from 'http://www.openml.org/data/download/1593712/phpWniPo4' to '/tmp/ri89coc2/Rtmp2xEJNT/cache/datasets/1520/dataset.arff'
[job(1202): 2016-09-10 00:37:50] Loading required package: readr
[job(1202): 2016-09-10 00:37:50] Applying algorithm 'C-svc.tuned' on problem '1520' ...
[job(1202): 2016-09-10 00:37:50] Data '1520' file 'description.xml' found in cache.
[job(1202): 2016-09-10 00:37:50] Data '1520' file 'dataset.arff' found in cache.
[job(1202): 2016-09-10 00:37:50] [Tune] Started tuning learner C-svc for parameter set:
[job(1202): 2016-09-10 00:37:50]          Type len Def    Constr Req Tunable Trafo
[job(1202): 2016-09-10 00:37:50] C     numeric   -   - -12 to 12   -    TRUE     Y
[job(1202): 2016-09-10 00:37:50] sigma numeric   -   - -12 to 12   -    TRUE     Y
[job(1202): 2016-09-10 00:37:50] With control class: TuneControlMBO
[job(1202): 2016-09-10 00:37:50] Imputation value: -0
[job(1202): 2016-09-10 00:37:50] [Tune-x] 1: C=0.635; sigma=0.000914
[job(1202): 2016-09-10 00:37:50] [Tune-y] 1: acc.test.mean=0.331; time: 0.0 min; memory: 113Mb use, 151Mb max
[job(1202): 2016-09-10 00:37:50] [Tune-x] 2: C=0.00229; sigma=81
[job(1202): 2016-09-10 00:37:50] [Tune-y] 2: acc.test.mean=0.257; time: 0.0 min; memory: 113Mb use, 151Mb max
[job(1202): 2016-09-10 00:37:50] [Tune-x] 3: C=1.29; sigma=0.647
[job(1202): 2016-09-10 00:37:50] [Tune-y] 3: acc.test.mean=0.507; time: 0.0 min; memory: 113Mb use, 151Mb max
[job(1202): 2016-09-10 00:37:50] [Tune-x] 4: C=1.86e+03; sigma=2.39
[job(1202): 2016-09-10 00:37:50] [Tune-y] 4: acc.test.mean=0.426; time: 0.0 min; memory: 113Mb use, 151Mb max
[job(1202): 2016-09-10 00:37:50] [Tune-x] 5: C=0.108; sigma=23.7
[job(1202): 2016-09-10 00:37:50] [Tune-y] 5: acc.test.mean=0.25; time: 0.0 min; memory: 113Mb use, 151Mb max
[job(1202): 2016-09-10 00:37:50] [Tune-x] 6: C=30.4; sigma=0.0152
[job(1202): 2016-09-10 00:37:50] [Tune-y] 6: acc.test.mean=0.622; time: 0.0 min; memory: 113Mb use, 153Mb max
[job(1202): 2016-09-10 00:37:50] [Tune-x] 7: C=0.000894; sigma=0.0223
[job(1202): 2016-09-10 00:37:50] [Tune-y] 7: acc.test.mean=0.263; time: 0.0 min; memory: 113Mb use, 153Mb max
[job(1202): 2016-09-10 00:37:50] [Tune-x] 8: C=241; sigma=1.98e+03
[job(1202): 2016-09-10 00:37:50] [Tune-y] 8: acc.test.mean=0.317; time: 0.0 min; memory: 113Mb use, 153Mb max
[job(1202): 2016-09-10 00:37:50] 
[job(1202): 2016-09-10 00:37:50] optimisation start
[job(1202): 2016-09-10 00:37:50] ------------------
[job(1202): 2016-09-10 00:37:50] * estimation method   : MLE 
[job(1202): 2016-09-10 00:37:50] * optimisation method : BFGS 
[job(1202): 2016-09-10 00:37:50] * analytical gradient : used
[job(1202): 2016-09-10 00:37:50] * trend model : ~1
[job(1202): 2016-09-10 00:37:50] * covariance model : 
[job(1202): 2016-09-10 00:37:50]   - type :  matern5_2 
[job(1202): 2016-09-10 00:37:50]   - nugget : NO
[job(1202): 2016-09-10 00:37:50]   - parameters lower bounds :  1e-10 1e-10 
[job(1202): 2016-09-10 00:37:50]   - parameters upper bounds :  41.97647 42.08917 
[job(1202): 2016-09-10 00:37:50]   - best initial criterion value(s) :  5.172486 
[job(1202): 2016-09-10 00:37:50] 
[job(1202): 2016-09-10 00:37:50] N = 2, M = 5 machine precision = 2.22045e-16
[job(1202): 2016-09-10 00:37:50] At X0, 0 variables are exactly at the bounds
[job(1202): 2016-09-10 00:37:50] At iterate     0  f=      -5.1725  |proj g|=    0.0064237
[job(1202): 2016-09-10 00:37:50] At iterate     1  f =      -5.1725  |proj g|=     0.0086072
[job(1202): 2016-09-10 00:37:50] ys=-1.403e-05  -gs= 4.126e-05, BFGS update SKIPPED
[job(1202): 2016-09-10 00:37:50] At iterate     2  f =      -5.1869  |proj g|=             0
[job(1202): 2016-09-10 00:37:50] 
[job(1202): 2016-09-10 00:37:50] iterations 2
[job(1202): 2016-09-10 00:37:50] function evaluations 6
[job(1202): 2016-09-10 00:37:50] segments explored during Cauchy searches 2
[job(1202): 2016-09-10 00:37:50] BFGS updates skipped 1
[job(1202): 2016-09-10 00:37:50] active bounds at final generalized Cauchy point 0
[job(1202): 2016-09-10 00:37:50] norm of the final projected gradient 0
[job(1202): 2016-09-10 00:37:50] final function value -5.18692
[job(1202): 2016-09-10 00:37:50] 
[job(1202): 2016-09-10 00:37:50] F = -5.18692
[job(1202): 2016-09-10 00:37:50] final  value -5.186922 
[job(1202): 2016-09-10 00:37:50] converged
[job(1202): 2016-09-10 00:37:50] [Tune-x] 9: C=0.79; sigma=0.129
[job(1202): 2016-09-10 00:37:50] [Tune-y] 9: acc.test.mean=0.526; time: 0.0 min; memory: 117Mb use, 153Mb max
[job(1202): 2016-09-10 00:37:50] 
[job(1202): 2016-09-10 00:37:50] optimisation start
[job(1202): 2016-09-10 00:37:50] ------------------
[job(1202): 2016-09-10 00:37:50] * estimation method   : MLE 
[job(1202): 2016-09-10 00:37:50] * optimisation method : BFGS 
[job(1202): 2016-09-10 00:37:50] * analytical gradient : used
[job(1202): 2016-09-10 00:37:50] * trend model : ~1
[job(1202): 2016-09-10 00:37:50] * covariance model : 
[job(1202): 2016-09-10 00:37:50]   - type :  matern5_2 
[job(1202): 2016-09-10 00:37:50]   - nugget : NO
[job(1202): 2016-09-10 00:37:50]   - parameters lower bounds :  1e-10 1e-10 
[job(1202): 2016-09-10 00:37:50]   - parameters upper bounds :  41.97647 42.08917 
[job(1202): 2016-09-10 00:37:50]   - best initial criterion value(s) :  7.055252 
[job(1202): 2016-09-10 00:37:50] 
[job(1202): 2016-09-10 00:37:50] N = 2, M = 5 machine precision = 2.22045e-16
[job(1202): 2016-09-10 00:37:50] At X0, 0 variables are exactly at the bounds
[job(1202): 2016-09-10 00:37:50] At iterate     0  f=      -7.0553  |proj g|=       0.3154
[job(1202): 2016-09-10 00:37:50] At iterate     1  f =      -7.1547  |proj g|=       0.28857
[job(1202): 2016-09-10 00:37:50] At iterate     2  f =       -7.588  |proj g|=      0.085537
[job(1202): 2016-09-10 00:37:50] At iterate     3  f =      -7.6187  |proj g|=      0.011878
[job(1202): 2016-09-10 00:37:50] At iterate     4  f =      -7.6203  |proj g|=     0.0079244
[job(1202): 2016-09-10 00:37:50] At iterate     5  f =      -7.6208  |proj g|=     0.0024531
[job(1202): 2016-09-10 00:37:50] At iterate     6  f =      -7.6209  |proj g|=    0.00016168
[job(1202): 2016-09-10 00:37:50] At iterate     7  f =      -7.6209  |proj g|=    6.5871e-06
[job(1202): 2016-09-10 00:37:50] At iterate     8  f =      -7.6209  |proj g|=    9.9965e-10
[job(1202): 2016-09-10 00:37:50] 
[job(1202): 2016-09-10 00:37:50] iterations 8
[job(1202): 2016-09-10 00:37:50] function evaluations 9
[job(1202): 2016-09-10 00:37:50] segments explored during Cauchy searches 8
[job(1202): 2016-09-10 00:37:50] BFGS updates skipped 0
[job(1202): 2016-09-10 00:37:50] active bounds at final generalized Cauchy point 0
[job(1202): 2016-09-10 00:37:50] norm of the final projected gradient 9.99654e-10
[job(1202): 2016-09-10 00:37:50] final function value -7.62091
[job(1202): 2016-09-10 00:37:50] 
[job(1202): 2016-09-10 00:37:50] F = -7.62091
[job(1202): 2016-09-10 00:37:50] final  value -7.620906 
[job(1202): 2016-09-10 00:37:50] converged
[job(1202): 2016-09-10 00:37:50] [Tune-x] 10: C=33.5; sigma=0.0476
[job(1202): 2016-09-10 00:37:50] [Tune-y] 10: acc.test.mean=0.67; time: 0.0 min; memory: 117Mb use, 173Mb max
[job(1202): 2016-09-10 00:37:50] 
[job(1202): 2016-09-10 00:37:50] optimisation start
[job(1202): 2016-09-10 00:37:50] ------------------
[job(1202): 2016-09-10 00:37:50] * estimation method   : MLE 
[job(1202): 2016-09-10 00:37:50] * optimisation method : BFGS 
[job(1202): 2016-09-10 00:37:50] * analytical gradient : used
[job(1202): 2016-09-10 00:37:50] * trend model : ~1
[job(1202): 2016-09-10 00:37:50] * covariance model : 
[job(1202): 2016-09-10 00:37:50]   - type :  matern5_2 
[job(1202): 2016-09-10 00:37:50]   - nugget : NO
[job(1202): 2016-09-10 00:37:50]   - parameters lower bounds :  1e-10 1e-10 
[job(1202): 2016-09-10 00:37:50]   - parameters upper bounds :  41.97647 42.08917 
[job(1202): 2016-09-10 00:37:50]   - best initial criterion value(s) :  9.390204 
[job(1202): 2016-09-10 00:37:50] 
[job(1202): 2016-09-10 00:37:50] N = 2, M = 5 machine precision = 2.22045e-16
[job(1202): 2016-09-10 00:37:50] At X0, 0 variables are exactly at the bounds
[job(1202): 2016-09-10 00:37:50] At iterate     0  f=      -9.3902  |proj g|=      0.36741
[job(1202): 2016-09-10 00:37:50] At iterate     1  f =      -9.5123  |proj g|=       0.29046
[job(1202): 2016-09-10 00:37:50] At iterate     2  f =      -9.7431  |proj g|=      0.042871
[job(1202): 2016-09-10 00:37:50] At iterate     3  f =      -9.7528  |proj g|=      0.022989
[job(1202): 2016-09-10 00:37:50] At iterate     4  f =      -9.7559  |proj g|=     0.0016667
[job(1202): 2016-09-10 00:37:50] At iterate     5  f =      -9.7559  |proj g|=     7.499e-05
[job(1202): 2016-09-10 00:37:50] At iterate     6  f =      -9.7559  |proj g|=    1.7232e-06
[job(1202): 2016-09-10 00:37:50] At iterate     7  f =      -9.7559  |proj g|=      1.33e-07
[job(1202): 2016-09-10 00:37:50] 
[job(1202): 2016-09-10 00:37:50] iterations 7
[job(1202): 2016-09-10 00:37:50] function evaluations 8
[job(1202): 2016-09-10 00:37:50] segments explored during Cauchy searches 7
[job(1202): 2016-09-10 00:37:50] BFGS updates skipped 0
[job(1202): 2016-09-10 00:37:50] active bounds at final generalized Cauchy point 0
[job(1202): 2016-09-10 00:37:50] norm of the final projected gradient 1.33e-07
[job(1202): 2016-09-10 00:37:50] final function value -9.7559
[job(1202): 2016-09-10 00:37:50] 
[job(1202): 2016-09-10 00:37:50] F = -9.7559
[job(1202): 2016-09-10 00:37:50] final  value -9.755898 
[job(1202): 2016-09-10 00:37:50] converged
[job(1202): 2016-09-10 00:37:50] [Tune-x] 11: C=40.5; sigma=0.0814
[job(1202): 2016-09-10 00:37:50] [Tune-y] 11: acc.test.mean=0.595; time: 0.0 min; memory: 117Mb use, 173Mb max
[job(1202): 2016-09-10 00:37:50] 
[job(1202): 2016-09-10 00:37:50] optimisation start
[job(1202): 2016-09-10 00:37:50] ------------------
[job(1202): 2016-09-10 00:37:50] * estimation method   : MLE 
[job(1202): 2016-09-10 00:37:50] * optimisation method : BFGS 
[job(1202): 2016-09-10 00:37:50] * analytical gradient : used
[job(1202): 2016-09-10 00:37:50] * trend model : ~1
[job(1202): 2016-09-10 00:37:50] * covariance model : 
[job(1202): 2016-09-10 00:37:50]   - type :  matern5_2 
[job(1202): 2016-09-10 00:37:50]   - nugget : NO
[job(1202): 2016-09-10 00:37:50]   - parameters lower bounds :  1e-10 1e-10 
[job(1202): 2016-09-10 00:37:50]   - parameters upper bounds :  41.97647 42.08917 
[job(1202): 2016-09-10 00:37:50]   - best initial criterion value(s) :  5.214032 
[job(1202): 2016-09-10 00:37:50] 
[job(1202): 2016-09-10 00:37:50] N = 2, M = 5 machine precision = 2.22045e-16
[job(1202): 2016-09-10 00:37:50] At X0, 0 variables are exactly at the bounds
[job(1202): 2016-09-10 00:37:50] At iterate     0  f=       -5.214  |proj g|=      0.13184
[job(1202): 2016-09-10 00:37:50] At iterate     1  f =      -5.2166  |proj g|=             0
[job(1202): 2016-09-10 00:37:50] 
[job(1202): 2016-09-10 00:37:50] iterations 1
[job(1202): 2016-09-10 00:37:50] function evaluations 2
[job(1202): 2016-09-10 00:37:50] segments explored during Cauchy searches 2
[job(1202): 2016-09-10 00:37:50] BFGS updates skipped 0
[job(1202): 2016-09-10 00:37:50] active bounds at final generalized Cauchy point 1
[job(1202): 2016-09-10 00:37:50] norm of the final projected gradient 0
[job(1202): 2016-09-10 00:37:50] final function value -5.2166
[job(1202): 2016-09-10 00:37:50] 
[job(1202): 2016-09-10 00:37:50] F = -5.2166
[job(1202): 2016-09-10 00:37:50] final  value -5.216598 
[job(1202): 2016-09-10 00:37:50] converged
[job(1202): 2016-09-10 00:37:50] [Tune-x] 12: C=11.3; sigma=80.2
[job(1202): 2016-09-10 00:37:50] [Tune-y] 12: acc.test.mean=0.216; time: 0.0 min; memory: 117Mb use, 173Mb max
[job(1202): 2016-09-10 00:37:50] 
[job(1202): 2016-09-10 00:37:50] optimisation start
[job(1202): 2016-09-10 00:37:50] ------------------
[job(1202): 2016-09-10 00:37:50] * estimation method   : MLE 
[job(1202): 2016-09-10 00:37:50] * optimisation method : BFGS 
[job(1202): 2016-09-10 00:37:50] * analytical gradient : used
[job(1202): 2016-09-10 00:37:50] * trend model : ~1
[job(1202): 2016-09-10 00:37:50] * covariance model : 
[job(1202): 2016-09-10 00:37:50]   - type :  matern5_2 
[job(1202): 2016-09-10 00:37:50]   - nugget : NO
[job(1202): 2016-09-10 00:37:50]   - parameters lower bounds :  1e-10 1e-10 
[job(1202): 2016-09-10 00:37:50]   - parameters upper bounds :  41.97647 42.08917 
[job(1202): 2016-09-10 00:37:50]   - best initial criterion value(s) :  9.754565 
[job(1202): 2016-09-10 00:37:50] 
[job(1202): 2016-09-10 00:37:50] N = 2, M = 5 machine precision = 2.22045e-16
[job(1202): 2016-09-10 00:37:50] At X0, 0 variables are exactly at the bounds
[job(1202): 2016-09-10 00:37:50] At iterate     0  f=      -9.7546  |proj g|=       1.4617
[job(1202): 2016-09-10 00:37:50] At iterate     1  f =      -10.187  |proj g|=      0.038887
[job(1202): 2016-09-10 00:37:50] At iterate     2  f =      -10.188  |proj g|=      0.037866
[job(1202): 2016-09-10 00:37:50] At iterate     3  f =      -10.193  |proj g|=      0.075975
[job(1202): 2016-09-10 00:37:50] At iterate     4  f =      -10.198  |proj g|=      0.097733
[job(1202): 2016-09-10 00:37:50] At iterate     5  f =      -10.202  |proj g|=      0.044578
[job(1202): 2016-09-10 00:37:50] At iterate     6  f =      -10.202  |proj g|=     0.0078879
[job(1202): 2016-09-10 00:37:50] At iterate     7  f =      -10.202  |proj g|=    0.00023716
[job(1202): 2016-09-10 00:37:50] At iterate     8  f =      -10.202  |proj g|=    7.2787e-06
[job(1202): 2016-09-10 00:37:50] At iterate     9  f =      -10.202  |proj g|=    5.7484e-06
[job(1202): 2016-09-10 00:37:50] 
[job(1202): 2016-09-10 00:37:50] iterations 9
[job(1202): 2016-09-10 00:37:50] function evaluations 11
[job(1202): 2016-09-10 00:37:50] segments explored during Cauchy searches 9
[job(1202): 2016-09-10 00:37:50] BFGS updates skipped 0
[job(1202): 2016-09-10 00:37:50] active bounds at final generalized Cauchy point 0
[job(1202): 2016-09-10 00:37:50] norm of the final projected gradient 5.74837e-06
[job(1202): 2016-09-10 00:37:50] final function value -10.2023
[job(1202): 2016-09-10 00:37:50] 
[job(1202): 2016-09-10 00:37:50] F = -10.2023
[job(1202): 2016-09-10 00:37:50] final  value -10.202285 
[job(1202): 2016-09-10 00:37:50] converged
[job(1202): 2016-09-10 00:37:50] [Tune-x] 13: C=28.2; sigma=0.0344
[job(1202): 2016-09-10 00:37:50] [Tune-y] 13: acc.test.mean=0.629; time: 0.0 min; memory: 117Mb use, 173Mb max
[job(1202): 2016-09-10 00:37:50] 
[job(1202): 2016-09-10 00:37:50] optimisation start
[job(1202): 2016-09-10 00:37:50] ------------------
[job(1202): 2016-09-10 00:37:50] * estimation method   : MLE 
[job(1202): 2016-09-10 00:37:50] * optimisation method : BFGS 
[job(1202): 2016-09-10 00:37:50] * analytical gradient : used
[job(1202): 2016-09-10 00:37:50] * trend model : ~1
[job(1202): 2016-09-10 00:37:50] * covariance model : 
[job(1202): 2016-09-10 00:37:50]   - type :  matern5_2 
[job(1202): 2016-09-10 00:37:50]   - nugget : NO
[job(1202): 2016-09-10 00:37:50]   - parameters lower bounds :  1e-10 1e-10 
[job(1202): 2016-09-10 00:37:50]   - parameters upper bounds :  41.97647 42.08917 
[job(1202): 2016-09-10 00:37:50]   - best initial criterion value(s) :  9.572149 
[job(1202): 2016-09-10 00:37:50] 
[job(1202): 2016-09-10 00:37:50] N = 2, M = 5 machine precision = 2.22045e-16
[job(1202): 2016-09-10 00:37:50] At X0, 0 variables are exactly at the bounds
[job(1202): 2016-09-10 00:37:50] At iterate     0  f=      -9.5721  |proj g|=       2.9182
[job(1202): 2016-09-10 00:37:50] At iterate     1  f =       -10.11  |proj g|=       0.19847
[job(1202): 2016-09-10 00:37:50] At iterate     2  f =      -10.114  |proj g|=       0.12795
[job(1202): 2016-09-10 00:37:50] At iterate     3  f =      -10.118  |proj g|=       0.12692
[job(1202): 2016-09-10 00:37:50] At iterate     4  f =      -10.135  |proj g|=       0.35809
[job(1202): 2016-09-10 00:37:50] At iterate     5  f =      -10.165  |proj g|=       0.62068
[job(1202): 2016-09-10 00:37:50] At iterate     6  f =      -10.219  |proj g|=       0.80108
[job(1202): 2016-09-10 00:37:50] At iterate     7  f =      -10.277  |proj g|=        0.5823
[job(1202): 2016-09-10 00:37:50] At iterate     8  f =      -10.302  |proj g|=      0.099157
[job(1202): 2016-09-10 00:37:50] At iterate     9  f =      -10.303  |proj g|=     0.0053658
[job(1202): 2016-09-10 00:37:50] At iterate    10  f =      -10.303  |proj g|=    0.00041085
[job(1202): 2016-09-10 00:37:50] At iterate    11  f =      -10.303  |proj g|=    3.2523e-06
[job(1202): 2016-09-10 00:37:50] At iterate    12  f =      -10.303  |proj g|=     4.554e-06
[job(1202): 2016-09-10 00:37:50] 
[job(1202): 2016-09-10 00:37:50] iterations 12
[job(1202): 2016-09-10 00:37:50] function evaluations 14
[job(1202): 2016-09-10 00:37:50] segments explored during Cauchy searches 12
[job(1202): 2016-09-10 00:37:50] BFGS updates skipped 0
[job(1202): 2016-09-10 00:37:50] active bounds at final generalized Cauchy point 0
[job(1202): 2016-09-10 00:37:50] norm of the final projected gradient 4.55399e-06
[job(1202): 2016-09-10 00:37:50] final function value -10.3026
[job(1202): 2016-09-10 00:37:50] 
[job(1202): 2016-09-10 00:37:50] F = -10.3026
[job(1202): 2016-09-10 00:37:50] final  value -10.302595 
[job(1202): 2016-09-10 00:37:50] converged
[job(1202): 2016-09-10 00:37:50] [Tune-x] 14: C=38.6; sigma=0.0497
[job(1202): 2016-09-10 00:37:50] [Tune-y] 14: acc.test.mean=0.635; time: 0.0 min; memory: 117Mb use, 173Mb max
[job(1202): 2016-09-10 00:37:50] 
[job(1202): 2016-09-10 00:37:50] optimisation start
[job(1202): 2016-09-10 00:37:50] ------------------
[job(1202): 2016-09-10 00:37:50] * estimation method   : MLE 
[job(1202): 2016-09-10 00:37:50] * optimisation method : BFGS 
[job(1202): 2016-09-10 00:37:50] * analytical gradient : used
[job(1202): 2016-09-10 00:37:50] * trend model : ~1
[job(1202): 2016-09-10 00:37:50] * covariance model : 
[job(1202): 2016-09-10 00:37:50]   - type :  matern5_2 
[job(1202): 2016-09-10 00:37:50]   - nugget : NO
[job(1202): 2016-09-10 00:37:50]   - parameters lower bounds :  1e-10 1e-10 
[job(1202): 2016-09-10 00:37:50]   - parameters upper bounds :  41.97647 42.08917 
[job(1202): 2016-09-10 00:37:50]   - best initial criterion value(s) :  2.774544 
[job(1202): 2016-09-10 00:37:50] 
[job(1202): 2016-09-10 00:37:50] N = 2, M = 5 machine precision = 2.22045e-16
[job(1202): 2016-09-10 00:37:50] At X0, 0 variables are exactly at the bounds
[job(1202): 2016-09-10 00:37:50] At iterate     0  f=      -2.7745  |proj g|=       1.2536
[job(1202): 2016-09-10 00:37:50] At iterate     1  f =      -5.4978  |proj g|=             0
[job(1202): 2016-09-10 00:37:50] 
[job(1202): 2016-09-10 00:37:50] iterations 1
[job(1202): 2016-09-10 00:37:50] function evaluations 2
[job(1202): 2016-09-10 00:37:50] segments explored during Cauchy searches 2
[job(1202): 2016-09-10 00:37:50] BFGS updates skipped 0
[job(1202): 2016-09-10 00:37:50] active bounds at final generalized Cauchy point 1
[job(1202): 2016-09-10 00:37:50] norm of the final projected gradient 0
[job(1202): 2016-09-10 00:37:50] final function value -5.49775
[job(1202): 2016-09-10 00:37:50] 
[job(1202): 2016-09-10 00:37:50] F = -5.49775
[job(1202): 2016-09-10 00:37:50] final  value -5.497752 
[job(1202): 2016-09-10 00:37:50] converged
[job(1202): 2016-09-10 00:37:50] [Tune-x] 15: C=40.5; sigma=4.95
[job(1202): 2016-09-10 00:37:50] [Tune-y] 15: acc.test.mean=0.427; time: 0.0 min; memory: 117Mb use, 173Mb max
[job(1202): 2016-09-10 00:37:50] 
[job(1202): 2016-09-10 00:37:50] optimisation start
[job(1202): 2016-09-10 00:37:50] ------------------
[job(1202): 2016-09-10 00:37:50] * estimation method   : MLE 
[job(1202): 2016-09-10 00:37:50] * optimisation method : BFGS 
[job(1202): 2016-09-10 00:37:50] * analytical gradient : used
[job(1202): 2016-09-10 00:37:50] * trend model : ~1
[job(1202): 2016-09-10 00:37:50] * covariance model : 
[job(1202): 2016-09-10 00:37:50]   - type :  matern5_2 
[job(1202): 2016-09-10 00:37:50]   - nugget : NO
[job(1202): 2016-09-10 00:37:50]   - parameters lower bounds :  1e-10 1e-10 
[job(1202): 2016-09-10 00:37:50]   - parameters upper bounds :  41.97647 42.08917 
[job(1202): 2016-09-10 00:37:50]   - best initial criterion value(s) :  9.016387 
[job(1202): 2016-09-10 00:37:50] 
[job(1202): 2016-09-10 00:37:50] N = 2, M = 5 machine precision = 2.22045e-16
[job(1202): 2016-09-10 00:37:50] At X0, 0 variables are exactly at the bounds
[job(1202): 2016-09-10 00:37:50] At iterate     0  f=      -9.0164  |proj g|=       6.6538
[job(1202): 2016-09-10 00:37:50] At iterate     1  f =      -9.8558  |proj g|=        2.9731
[job(1202): 2016-09-10 00:37:50] At iterate     2  f =      -9.8965  |proj g|=       0.52343
[job(1202): 2016-09-10 00:37:50] At iterate     3  f =       -9.969  |proj g|=        0.1968
[job(1202): 2016-09-10 00:37:50] At iterate     4  f =      -9.9694  |proj g|=      0.023553
[job(1202): 2016-09-10 00:37:50] At iterate     5  f =      -9.9695  |proj g|=      0.023483
[job(1202): 2016-09-10 00:37:50] At iterate     6  f =      -9.9696  |proj g|=      0.050837
[job(1202): 2016-09-10 00:37:50] At iterate     7  f =      -9.9697  |proj g|=        0.1102
[job(1202): 2016-09-10 00:37:50] At iterate     8  f =      -9.9703  |proj g|=       0.21489
[job(1202): 2016-09-10 00:37:50] At iterate     9  f =      -9.9715  |proj g|=       0.36787
[job(1202): 2016-09-10 00:37:50] At iterate    10  f =      -9.9747  |proj g|=       0.47765
[job(1202): 2016-09-10 00:37:50] At iterate    11  f =      -9.9814  |proj g|=       0.47922
[job(1202): 2016-09-10 00:37:50] At iterate    12  f =      -9.9938  |proj g|=       0.47314
[job(1202): 2016-09-10 00:37:50] At iterate    13  f =      -10.001  |proj g|=     0.0081459
[job(1202): 2016-09-10 00:37:50] At iterate    14  f =      -10.008  |proj g|=      0.022004
[job(1202): 2016-09-10 00:37:50] At iterate    15  f =       -10.01  |proj g|=      0.017262
[job(1202): 2016-09-10 00:37:50] At iterate    16  f =      -10.012  |proj g|=      0.015698
[job(1202): 2016-09-10 00:37:50] At iterate    17  f =       -10.15  |proj g|=        1.7613
[job(1202): 2016-09-10 00:37:50] At iterate    18  f =      -10.154  |proj g|=        2.1334
[job(1202): 2016-09-10 00:37:50] At iterate    19  f =      -10.179  |proj g|=       0.39566
[job(1202): 2016-09-10 00:37:50] At iterate    20  f =       -10.25  |proj g|=      0.043296
[job(1202): 2016-09-10 00:37:50] At iterate    21  f =       -10.25  |proj g|=    0.00039055
[job(1202): 2016-09-10 00:37:50] At iterate    22  f =       -10.25  |proj g|=    4.1961e-08
[job(1202): 2016-09-10 00:37:50] 
[job(1202): 2016-09-10 00:37:50] iterations 22
[job(1202): 2016-09-10 00:37:50] function evaluations 30
[job(1202): 2016-09-10 00:37:50] segments explored during Cauchy searches 22
[job(1202): 2016-09-10 00:37:50] BFGS updates skipped 0
[job(1202): 2016-09-10 00:37:50] active bounds at final generalized Cauchy point 1
[job(1202): 2016-09-10 00:37:50] norm of the final projected gradient 4.19613e-08
[job(1202): 2016-09-10 00:37:50] final function value -10.2505
[job(1202): 2016-09-10 00:37:50] 
[job(1202): 2016-09-10 00:37:50] F = -10.2505
[job(1202): 2016-09-10 00:37:50] final  value -10.250493 
[job(1202): 2016-09-10 00:37:50] converged
[job(1202): 2016-09-10 00:37:50] [Tune-x] 16: C=34.8; sigma=0.0429
[job(1202): 2016-09-10 00:37:50] [Tune-y] 16: acc.test.mean=0.656; time: 0.0 min; memory: 117Mb use, 173Mb max
[job(1202): 2016-09-10 00:37:50] 
[job(1202): 2016-09-10 00:37:50] optimisation start
[job(1202): 2016-09-10 00:37:50] ------------------
[job(1202): 2016-09-10 00:37:50] * estimation method   : MLE 
[job(1202): 2016-09-10 00:37:50] * optimisation method : BFGS 
[job(1202): 2016-09-10 00:37:50] * analytical gradient : used
[job(1202): 2016-09-10 00:37:50] * trend model : ~1
[job(1202): 2016-09-10 00:37:50] * covariance model : 
[job(1202): 2016-09-10 00:37:50]   - type :  matern5_2 
[job(1202): 2016-09-10 00:37:50]   - nugget : NO
[job(1202): 2016-09-10 00:37:50]   - parameters lower bounds :  1e-10 1e-10 
[job(1202): 2016-09-10 00:37:50]   - parameters upper bounds :  41.97647 42.08917 
[job(1202): 2016-09-10 00:37:50]   - best initial criterion value(s) :  11.5203 
[job(1202): 2016-09-10 00:37:50] 
[job(1202): 2016-09-10 00:37:50] N = 2, M = 5 machine precision = 2.22045e-16
[job(1202): 2016-09-10 00:37:50] At X0, 0 variables are exactly at the bounds
[job(1202): 2016-09-10 00:37:50] At iterate     0  f=       -11.52  |proj g|=      0.36965
[job(1202): 2016-09-10 00:37:50] At iterate     1  f =      -11.792  |proj g|=       0.33591
[job(1202): 2016-09-10 00:37:50] At iterate     2  f =      -11.916  |proj g|=        0.2431
[job(1202): 2016-09-10 00:37:50] At iterate     3  f =      -11.917  |proj g|=     0.0097523
[job(1202): 2016-09-10 00:37:50] At iterate     4  f =      -11.917  |proj g|=      0.042412
[job(1202): 2016-09-10 00:37:50] At iterate     5  f =      -11.917  |proj g|=       0.18934
[job(1202): 2016-09-10 00:37:50] At iterate     6  f =      -11.918  |proj g|=        0.2964
[job(1202): 2016-09-10 00:37:50] At iterate     7  f =       -11.92  |proj g|=       0.29897
[job(1202): 2016-09-10 00:37:50] At iterate     8  f =      -11.926  |proj g|=       0.30255
[job(1202): 2016-09-10 00:37:50] At iterate     9  f =      -11.938  |proj g|=       0.30642
[job(1202): 2016-09-10 00:37:50] At iterate    10  f =       -11.95  |proj g|=       0.30332
[job(1202): 2016-09-10 00:37:50] At iterate    11  f =      -11.958  |proj g|=      0.024545
[job(1202): 2016-09-10 00:37:50] At iterate    12  f =      -11.958  |proj g|=    6.9542e-05
[job(1202): 2016-09-10 00:37:50] At iterate    13  f =      -11.958  |proj g|=    4.0704e-09
[job(1202): 2016-09-10 00:37:50] 
[job(1202): 2016-09-10 00:37:50] iterations 13
[job(1202): 2016-09-10 00:37:50] function evaluations 18
[job(1202): 2016-09-10 00:37:50] segments explored during Cauchy searches 14
[job(1202): 2016-09-10 00:37:50] BFGS updates skipped 0
[job(1202): 2016-09-10 00:37:50] active bounds at final generalized Cauchy point 1
[job(1202): 2016-09-10 00:37:50] norm of the final projected gradient 4.07045e-09
[job(1202): 2016-09-10 00:37:50] final function value -11.9582
[job(1202): 2016-09-10 00:37:50] 
[job(1202): 2016-09-10 00:37:50] F = -11.9582
[job(1202): 2016-09-10 00:37:50] final  value -11.958205 
[job(1202): 2016-09-10 00:37:50] converged
[job(1202): 2016-09-10 00:37:50] [Tune-x] 17: C=24.8; sigma=0.046
[job(1202): 2016-09-10 00:37:50] [Tune-y] 17: acc.test.mean=0.629; time: 0.0 min; memory: 117Mb use, 173Mb max
[job(1202): 2016-09-10 00:37:50] 
[job(1202): 2016-09-10 00:37:50] optimisation start
[job(1202): 2016-09-10 00:37:50] ------------------
[job(1202): 2016-09-10 00:37:50] * estimation method   : MLE 
[job(1202): 2016-09-10 00:37:50] * optimisation method : BFGS 
[job(1202): 2016-09-10 00:37:50] * analytical gradient : used
[job(1202): 2016-09-10 00:37:50] * trend model : ~1
[job(1202): 2016-09-10 00:37:50] * covariance model : 
[job(1202): 2016-09-10 00:37:50]   - type :  matern5_2 
[job(1202): 2016-09-10 00:37:50]   - nugget : NO
[job(1202): 2016-09-10 00:37:50]   - parameters lower bounds :  1e-10 1e-10 
[job(1202): 2016-09-10 00:37:50]   - parameters upper bounds :  41.97647 42.08917 
[job(1202): 2016-09-10 00:37:50]   - best initial criterion value(s) :  -14.7552 
[job(1202): 2016-09-10 00:37:50] 
[job(1202): 2016-09-10 00:37:50] N = 2, M = 5 machine precision = 2.22045e-16
[job(1202): 2016-09-10 00:37:50] At X0, 0 variables are exactly at the bounds
[job(1202): 2016-09-10 00:37:50] At iterate     0  f=       14.755  |proj g|=      0.82817
[job(1202): 2016-09-10 00:37:50] At iterate     1  f =       13.708  |proj g|=       0.93887
[job(1202): 2016-09-10 00:37:50] ys=-9.419e-02  -gs= 1.002e+00, BFGS update SKIPPED
[job(1202): 2016-09-10 00:37:50] At iterate     2  f =      -6.8722  |proj g|=             0
[job(1202): 2016-09-10 00:37:50] 
[job(1202): 2016-09-10 00:37:50] iterations 2
[job(1202): 2016-09-10 00:37:50] function evaluations 5
[job(1202): 2016-09-10 00:37:50] segments explored during Cauchy searches 2
[job(1202): 2016-09-10 00:37:50] BFGS updates skipped 1
[job(1202): 2016-09-10 00:37:50] active bounds at final generalized Cauchy point 0
[job(1202): 2016-09-10 00:37:50] norm of the final projected gradient 0
[job(1202): 2016-09-10 00:37:50] final function value -6.87216
[job(1202): 2016-09-10 00:37:50] 
[job(1202): 2016-09-10 00:37:50] F = -6.87216
[job(1202): 2016-09-10 00:37:50] final  value -6.872156 
[job(1202): 2016-09-10 00:37:50] converged
[job(1202): 2016-09-10 00:37:50] [Tune-x] 18: C=0.0255; sigma=0.385
[job(1202): 2016-09-10 00:37:50] [Tune-y] 18: acc.test.mean=0.299; time: 0.0 min; memory: 117Mb use, 173Mb max
[job(1202): 2016-09-10 00:37:50] 
[job(1202): 2016-09-10 00:37:50] optimisation start
[job(1202): 2016-09-10 00:37:50] ------------------
[job(1202): 2016-09-10 00:37:50] * estimation method   : MLE 
[job(1202): 2016-09-10 00:37:50] * optimisation method : BFGS 
[job(1202): 2016-09-10 00:37:50] * analytical gradient : used
[job(1202): 2016-09-10 00:37:50] * trend model : ~1
[job(1202): 2016-09-10 00:37:50] * covariance model : 
[job(1202): 2016-09-10 00:37:50]   - type :  matern5_2 
[job(1202): 2016-09-10 00:37:50]   - nugget : NO
[job(1202): 2016-09-10 00:37:50]   - parameters lower bounds :  1e-10 1e-10 
[job(1202): 2016-09-10 00:37:50]   - parameters upper bounds :  41.97647 42.08917 
[job(1202): 2016-09-10 00:37:50]   - best initial criterion value(s) :  -3.306498 
[job(1202): 2016-09-10 00:37:50] 
[job(1202): 2016-09-10 00:37:50] N = 2, M = 5 machine precision = 2.22045e-16
[job(1202): 2016-09-10 00:37:50] At X0, 0 variables are exactly at the bounds
[job(1202): 2016-09-10 00:37:50] At iterate     0  f=       3.3065  |proj g|=       1.2515
[job(1202): 2016-09-10 00:37:50] At iterate     1  f =      -7.2589  |proj g|=             0
[job(1202): 2016-09-10 00:37:50] 
[job(1202): 2016-09-10 00:37:50] iterations 1
[job(1202): 2016-09-10 00:37:50] function evaluations 2
[job(1202): 2016-09-10 00:37:50] segments explored during Cauchy searches 2
[job(1202): 2016-09-10 00:37:50] BFGS updates skipped 0
[job(1202): 2016-09-10 00:37:50] active bounds at final generalized Cauchy point 1
[job(1202): 2016-09-10 00:37:50] norm of the final projected gradient 0
[job(1202): 2016-09-10 00:37:50] final function value -7.25894
[job(1202): 2016-09-10 00:37:50] 
[job(1202): 2016-09-10 00:37:50] F = -7.25894
[job(1202): 2016-09-10 00:37:50] final  value -7.258935 
[job(1202): 2016-09-10 00:37:50] converged
[job(1202): 2016-09-10 00:37:50] [Tune-x] 19: C=367; sigma=349
[job(1202): 2016-09-10 00:37:50] [Tune-y] 19: acc.test.mean=0.217; time: 0.0 min; memory: 117Mb use, 173Mb max
[job(1202): 2016-09-10 00:37:50] 
[job(1202): 2016-09-10 00:37:50] optimisation start
[job(1202): 2016-09-10 00:37:50] ------------------
[job(1202): 2016-09-10 00:37:50] * estimation method   : MLE 
[job(1202): 2016-09-10 00:37:50] * optimisation method : BFGS 
[job(1202): 2016-09-10 00:37:50] * analytical gradient : used
[job(1202): 2016-09-10 00:37:50] * trend model : ~1
[job(1202): 2016-09-10 00:37:50] * covariance model : 
[job(1202): 2016-09-10 00:37:50]   - type :  matern5_2 
[job(1202): 2016-09-10 00:37:50]   - nugget : NO
[job(1202): 2016-09-10 00:37:50]   - parameters lower bounds :  1e-10 1e-10 
[job(1202): 2016-09-10 00:37:50]   - parameters upper bounds :  41.97647 42.08917 
[job(1202): 2016-09-10 00:37:50]   - best initial criterion value(s) :  -8.306104 
[job(1202): 2016-09-10 00:37:50] 
[job(1202): 2016-09-10 00:37:50] N = 2, M = 5 machine precision = 2.22045e-16
[job(1202): 2016-09-10 00:37:50] At X0, 0 variables are exactly at the bounds
[job(1202): 2016-09-10 00:37:50] At iterate     0  f=       8.3061  |proj g|=       1.8643
[job(1202): 2016-09-10 00:37:50] At iterate     1  f =      -7.1227  |proj g|=             0
[job(1202): 2016-09-10 00:37:50] 
[job(1202): 2016-09-10 00:37:50] iterations 1
[job(1202): 2016-09-10 00:37:50] function evaluations 2
[job(1202): 2016-09-10 00:37:50] segments explored during Cauchy searches 2
[job(1202): 2016-09-10 00:37:50] BFGS updates skipped 0
[job(1202): 2016-09-10 00:37:50] active bounds at final generalized Cauchy point 1
[job(1202): 2016-09-10 00:37:50] norm of the final projected gradient 0
[job(1202): 2016-09-10 00:37:50] final function value -7.12266
[job(1202): 2016-09-10 00:37:50] 
[job(1202): 2016-09-10 00:37:50] F = -7.12266
[job(1202): 2016-09-10 00:37:50] final  value -7.122659 
[job(1202): 2016-09-10 00:37:50] converged
[job(1202): 2016-09-10 00:37:50] [Tune-x] 20: C=0.659; sigma=0.000749
[job(1202): 2016-09-10 00:37:50] [Tune-y] 20: acc.test.mean=0.304; time: 0.0 min; memory: 117Mb use, 173Mb max
[job(1202): 2016-09-10 00:37:50] 
[job(1202): 2016-09-10 00:37:50] optimisation start
[job(1202): 2016-09-10 00:37:50] ------------------
[job(1202): 2016-09-10 00:37:50] * estimation method   : MLE 
[job(1202): 2016-09-10 00:37:50] * optimisation method : BFGS 
[job(1202): 2016-09-10 00:37:50] * analytical gradient : used
[job(1202): 2016-09-10 00:37:50] * trend model : ~1
[job(1202): 2016-09-10 00:37:50] * covariance model : 
[job(1202): 2016-09-10 00:37:50]   - type :  matern5_2 
[job(1202): 2016-09-10 00:37:50]   - nugget : NO
[job(1202): 2016-09-10 00:37:50]   - parameters lower bounds :  1e-10 1e-10 
[job(1202): 2016-09-10 00:37:50]   - parameters upper bounds :  41.97647 42.66449 
[job(1202): 2016-09-10 00:37:50]   - best initial criterion value(s) :  21.05039 
[job(1202): 2016-09-10 00:37:50] 
[job(1202): 2016-09-10 00:37:50] N = 2, M = 5 machine precision = 2.22045e-16
[job(1202): 2016-09-10 00:37:50] At X0, 0 variables are exactly at the bounds
[job(1202): 2016-09-10 00:37:50] At iterate     0  f=       -21.05  |proj g|=       10.451
[job(1202): 2016-09-10 00:37:50] At iterate     1  f =      -21.388  |proj g|=       0.22503
[job(1202): 2016-09-10 00:37:50] At iterate     2  f =      -21.388  |proj g|=       0.19891
[job(1202): 2016-09-10 00:37:50] At iterate     3  f =      -21.389  |proj g|=       0.19935
[job(1202): 2016-09-10 00:37:50] At iterate     4  f =      -21.391  |proj g|=       0.41196
[job(1202): 2016-09-10 00:37:50] At iterate     5  f =      -21.395  |proj g|=       0.41571
[job(1202): 2016-09-10 00:37:50] At iterate     6  f =      -21.406  |proj g|=       0.42168
[job(1202): 2016-09-10 00:37:50] At iterate     7  f =      -21.431  |proj g|=       0.43005
[job(1202): 2016-09-10 00:37:50] At iterate     8  f =      -21.479  |proj g|=       0.43876
[job(1202): 2016-09-10 00:37:50] At iterate     9  f =      -21.543  |proj g|=       0.43481
[job(1202): 2016-09-10 00:37:50] At iterate    10  f =      -21.553  |proj g|=       0.42599
[job(1202): 2016-09-10 00:37:50] At iterate    11  f =      -21.555  |proj g|=      0.014567
[job(1202): 2016-09-10 00:37:50] At iterate    12  f =      -21.555  |proj g|=     0.0008197
[job(1202): 2016-09-10 00:37:50] At iterate    13  f =      -21.555  |proj g|=    5.0644e-05
[job(1202): 2016-09-10 00:37:50] 
[job(1202): 2016-09-10 00:37:50] iterations 13
[job(1202): 2016-09-10 00:37:50] function evaluations 17
[job(1202): 2016-09-10 00:37:50] segments explored during Cauchy searches 13
[job(1202): 2016-09-10 00:37:50] BFGS updates skipped 0
[job(1202): 2016-09-10 00:37:50] active bounds at final generalized Cauchy point 0
[job(1202): 2016-09-10 00:37:50] norm of the final projected gradient 5.06442e-05
[job(1202): 2016-09-10 00:37:50] final function value -21.5549
[job(1202): 2016-09-10 00:37:50] 
[job(1202): 2016-09-10 00:37:50] F = -21.5549
[job(1202): 2016-09-10 00:37:50] final  value -21.554865 
[job(1202): 2016-09-10 00:37:50] converged
[job(1202): 2016-09-10 00:37:50] [Tune-x] 21: C=31.9; sigma=0.0698
[job(1202): 2016-09-10 00:37:50] [Tune-y] 21: acc.test.mean=0.648; time: 0.0 min; memory: 117Mb use, 173Mb max
[job(1202): 2016-09-10 00:37:50] 
[job(1202): 2016-09-10 00:37:50] optimisation start
[job(1202): 2016-09-10 00:37:50] ------------------
[job(1202): 2016-09-10 00:37:50] * estimation method   : MLE 
[job(1202): 2016-09-10 00:37:50] * optimisation method : BFGS 
[job(1202): 2016-09-10 00:37:50] * analytical gradient : used
[job(1202): 2016-09-10 00:37:50] * trend model : ~1
[job(1202): 2016-09-10 00:37:50] * covariance model : 
[job(1202): 2016-09-10 00:37:50]   - type :  matern5_2 
[job(1202): 2016-09-10 00:37:50]   - nugget : NO
[job(1202): 2016-09-10 00:37:50]   - parameters lower bounds :  1e-10 1e-10 
[job(1202): 2016-09-10 00:37:50]   - parameters upper bounds :  41.97647 42.66449 
[job(1202): 2016-09-10 00:37:50]   - best initial criterion value(s) :  5.268583 
[job(1202): 2016-09-10 00:37:50] 
[job(1202): 2016-09-10 00:37:50] N = 2, M = 5 machine precision = 2.22045e-16
[job(1202): 2016-09-10 00:37:50] At X0, 0 variables are exactly at the bounds
[job(1202): 2016-09-10 00:37:50] At iterate     0  f=      -5.2686  |proj g|=       3.7063
[job(1202): 2016-09-10 00:37:50] At iterate     1  f =      -7.7736  |proj g|=             0
[job(1202): 2016-09-10 00:37:50] 
[job(1202): 2016-09-10 00:37:50] iterations 1
[job(1202): 2016-09-10 00:37:50] function evaluations 2
[job(1202): 2016-09-10 00:37:50] segments explored during Cauchy searches 2
[job(1202): 2016-09-10 00:37:50] BFGS updates skipped 0
[job(1202): 2016-09-10 00:37:50] active bounds at final generalized Cauchy point 1
[job(1202): 2016-09-10 00:37:50] norm of the final projected gradient 0
[job(1202): 2016-09-10 00:37:50] final function value -7.77363
[job(1202): 2016-09-10 00:37:50] 
[job(1202): 2016-09-10 00:37:50] F = -7.77363
[job(1202): 2016-09-10 00:37:50] final  value -7.773634 
[job(1202): 2016-09-10 00:37:50] converged
[job(1202): 2016-09-10 00:37:50] [Tune-x] 22: C=0.139; sigma=0.000742
[job(1202): 2016-09-10 00:37:50] [Tune-y] 22: acc.test.mean=0.195; time: 0.0 min; memory: 117Mb use, 173Mb max
[job(1202): 2016-09-10 00:37:50] 
[job(1202): 2016-09-10 00:37:50] optimisation start
[job(1202): 2016-09-10 00:37:50] ------------------
[job(1202): 2016-09-10 00:37:50] * estimation method   : MLE 
[job(1202): 2016-09-10 00:37:50] * optimisation method : BFGS 
[job(1202): 2016-09-10 00:37:50] * analytical gradient : used
[job(1202): 2016-09-10 00:37:50] * trend model : ~1
[job(1202): 2016-09-10 00:37:50] * covariance model : 
[job(1202): 2016-09-10 00:37:50]   - type :  matern5_2 
[job(1202): 2016-09-10 00:37:50]   - nugget : NO
[job(1202): 2016-09-10 00:37:50]   - parameters lower bounds :  1e-10 1e-10 
[job(1202): 2016-09-10 00:37:50]   - parameters upper bounds :  41.97647 42.68928 
[job(1202): 2016-09-10 00:37:50]   - best initial criterion value(s) :  -12.0826 
[job(1202): 2016-09-10 00:37:50] 
[job(1202): 2016-09-10 00:37:50] N = 2, M = 5 machine precision = 2.22045e-16
[job(1202): 2016-09-10 00:37:50] At X0, 0 variables are exactly at the bounds
[job(1202): 2016-09-10 00:37:50] At iterate     0  f=       12.083  |proj g|=       2.0511
[job(1202): 2016-09-10 00:37:50] At iterate     1  f =      0.85935  |proj g|=        3.3309
[job(1202): 2016-09-10 00:37:50] ys=-6.625e+00  -gs= 8.311e+00, BFGS update SKIPPED
[job(1202): 2016-09-10 00:37:50] At iterate     2  f =      -7.5626  |proj g|=             0
[job(1202): 2016-09-10 00:37:50] 
[job(1202): 2016-09-10 00:37:50] iterations 2
[job(1202): 2016-09-10 00:37:50] function evaluations 3
[job(1202): 2016-09-10 00:37:50] segments explored during Cauchy searches 3
[job(1202): 2016-09-10 00:37:50] BFGS updates skipped 1
[job(1202): 2016-09-10 00:37:50] active bounds at final generalized Cauchy point 1
[job(1202): 2016-09-10 00:37:50] norm of the final projected gradient 0
[job(1202): 2016-09-10 00:37:50] final function value -7.56257
[job(1202): 2016-09-10 00:37:50] 
[job(1202): 2016-09-10 00:37:50] F = -7.56257
[job(1202): 2016-09-10 00:37:50] final  value -7.562570 
[job(1202): 2016-09-10 00:37:50] converged
[job(1202): 2016-09-10 00:37:50] [Tune-x] 23: C=0.00876; sigma=0.00285
[job(1202): 2016-09-10 00:37:50] [Tune-y] 23: acc.test.mean=0.251; time: 0.0 min; memory: 117Mb use, 196Mb max
[job(1202): 2016-09-10 00:37:50] 
[job(1202): 2016-09-10 00:37:50] optimisation start
[job(1202): 2016-09-10 00:37:50] ------------------
[job(1202): 2016-09-10 00:37:50] * estimation method   : MLE 
[job(1202): 2016-09-10 00:37:50] * optimisation method : BFGS 
[job(1202): 2016-09-10 00:37:50] * analytical gradient : used
[job(1202): 2016-09-10 00:37:50] * trend model : ~1
[job(1202): 2016-09-10 00:37:50] * covariance model : 
[job(1202): 2016-09-10 00:37:50]   - type :  matern5_2 
[job(1202): 2016-09-10 00:37:50]   - nugget : NO
[job(1202): 2016-09-10 00:37:50]   - parameters lower bounds :  1e-10 1e-10 
[job(1202): 2016-09-10 00:37:50]   - parameters upper bounds :  41.97647 42.68928 
[job(1202): 2016-09-10 00:37:50]   - best initial criterion value(s) :  -33.44583 
[job(1202): 2016-09-10 00:37:50] 
[job(1202): 2016-09-10 00:37:50] N = 2, M = 5 machine precision = 2.22045e-16
[job(1202): 2016-09-10 00:37:50] At X0, 0 variables are exactly at the bounds
[job(1202): 2016-09-10 00:37:50] At iterate     0  f=       33.446  |proj g|=       1.0363
[job(1202): 2016-09-10 00:37:50] At iterate     1  f =       32.423  |proj g|=       0.90123
[job(1202): 2016-09-10 00:37:50] At iterate     2  f =      -7.8406  |proj g|=             0
[job(1202): 2016-09-10 00:37:50] 
[job(1202): 2016-09-10 00:37:50] iterations 2
[job(1202): 2016-09-10 00:37:50] function evaluations 4
[job(1202): 2016-09-10 00:37:50] segments explored during Cauchy searches 2
[job(1202): 2016-09-10 00:37:50] BFGS updates skipped 0
[job(1202): 2016-09-10 00:37:50] active bounds at final generalized Cauchy point 0
[job(1202): 2016-09-10 00:37:50] norm of the final projected gradient 0
[job(1202): 2016-09-10 00:37:50] final function value -7.84059
[job(1202): 2016-09-10 00:37:50] 
[job(1202): 2016-09-10 00:37:50] F = -7.84059
[job(1202): 2016-09-10 00:37:50] final  value -7.840591 
[job(1202): 2016-09-10 00:37:50] converged
[job(1202): 2016-09-10 00:37:50] [Tune-x] 24: C=5; sigma=58.1
[job(1202): 2016-09-10 00:37:50] [Tune-y] 24: acc.test.mean=0.182; time: 0.0 min; memory: 117Mb use, 196Mb max
[job(1202): 2016-09-10 00:37:50] 
[job(1202): 2016-09-10 00:37:50] optimisation start
[job(1202): 2016-09-10 00:37:50] ------------------
[job(1202): 2016-09-10 00:37:50] * estimation method   : MLE 
[job(1202): 2016-09-10 00:37:50] * optimisation method : BFGS 
[job(1202): 2016-09-10 00:37:50] * analytical gradient : used
[job(1202): 2016-09-10 00:37:50] * trend model : ~1
[job(1202): 2016-09-10 00:37:50] * covariance model : 
[job(1202): 2016-09-10 00:37:50]   - type :  matern5_2 
[job(1202): 2016-09-10 00:37:50]   - nugget : NO
[job(1202): 2016-09-10 00:37:50]   - parameters lower bounds :  1e-10 1e-10 
[job(1202): 2016-09-10 00:37:50]   - parameters upper bounds :  41.97647 42.68928 
[job(1202): 2016-09-10 00:37:50]   - best initial criterion value(s) :  5.949898 
[job(1202): 2016-09-10 00:37:50] 
[job(1202): 2016-09-10 00:37:50] N = 2, M = 5 machine precision = 2.22045e-16
[job(1202): 2016-09-10 00:37:50] At X0, 0 variables are exactly at the bounds
[job(1202): 2016-09-10 00:37:50] At iterate     0  f=      -5.9499  |proj g|=        4.339
[job(1202): 2016-09-10 00:37:50] At iterate     1  f =      -7.7018  |proj g|=             0
[job(1202): 2016-09-10 00:37:50] 
[job(1202): 2016-09-10 00:37:50] iterations 1
[job(1202): 2016-09-10 00:37:50] function evaluations 2
[job(1202): 2016-09-10 00:37:50] segments explored during Cauchy searches 2
[job(1202): 2016-09-10 00:37:50] BFGS updates skipped 0
[job(1202): 2016-09-10 00:37:50] active bounds at final generalized Cauchy point 1
[job(1202): 2016-09-10 00:37:50] norm of the final projected gradient 0
[job(1202): 2016-09-10 00:37:50] final function value -7.70177
[job(1202): 2016-09-10 00:37:50] 
[job(1202): 2016-09-10 00:37:50] F = -7.70177
[job(1202): 2016-09-10 00:37:50] final  value -7.701765 
[job(1202): 2016-09-10 00:37:50] converged
[job(1202): 2016-09-10 00:37:50] [Tune-x] 25: C=7.46; sigma=0.375
[job(1202): 2016-09-10 00:37:50] [Tune-y] 25: acc.test.mean=0.567; time: 0.0 min; memory: 117Mb use, 196Mb max
[job(1202): 2016-09-10 00:37:50] 
[job(1202): 2016-09-10 00:37:50] optimisation start
[job(1202): 2016-09-10 00:37:50] ------------------
[job(1202): 2016-09-10 00:37:50] * estimation method   : MLE 
[job(1202): 2016-09-10 00:37:50] * optimisation method : BFGS 
[job(1202): 2016-09-10 00:37:50] * analytical gradient : used
[job(1202): 2016-09-10 00:37:50] * trend model : ~1
[job(1202): 2016-09-10 00:37:50] * covariance model : 
[job(1202): 2016-09-10 00:37:50]   - type :  matern5_2 
[job(1202): 2016-09-10 00:37:50]   - nugget : NO
[job(1202): 2016-09-10 00:37:50]   - parameters lower bounds :  1e-10 1e-10 
[job(1202): 2016-09-10 00:37:50]   - parameters upper bounds :  41.97647 42.68928 
[job(1202): 2016-09-10 00:37:50]   - best initial criterion value(s) :  6.98377 
[job(1202): 2016-09-10 00:37:50] 
[job(1202): 2016-09-10 00:37:50] N = 2, M = 5 machine precision = 2.22045e-16
[job(1202): 2016-09-10 00:37:50] At X0, 0 variables are exactly at the bounds
[job(1202): 2016-09-10 00:37:50] At iterate     0  f=      -6.9838  |proj g|=      0.59055
[job(1202): 2016-09-10 00:37:50] At iterate     1  f =      -8.1799  |proj g|=             0
[job(1202): 2016-09-10 00:37:50] 
[job(1202): 2016-09-10 00:37:50] iterations 1
[job(1202): 2016-09-10 00:37:50] function evaluations 2
[job(1202): 2016-09-10 00:37:50] segments explored during Cauchy searches 2
[job(1202): 2016-09-10 00:37:50] BFGS updates skipped 0
[job(1202): 2016-09-10 00:37:50] active bounds at final generalized Cauchy point 1
[job(1202): 2016-09-10 00:37:50] norm of the final projected gradient 0
[job(1202): 2016-09-10 00:37:50] final function value -8.17993
[job(1202): 2016-09-10 00:37:50] 
[job(1202): 2016-09-10 00:37:50] F = -8.17993
[job(1202): 2016-09-10 00:37:50] final  value -8.179926 
[job(1202): 2016-09-10 00:37:50] converged
[job(1202): 2016-09-10 00:37:50] [Tune-x] 26: C=286; sigma=1.48
[job(1202): 2016-09-10 00:37:50] [Tune-y] 26: acc.test.mean=0.419; time: 0.0 min; memory: 117Mb use, 196Mb max
[job(1202): 2016-09-10 00:37:50] 
[job(1202): 2016-09-10 00:37:50] optimisation start
[job(1202): 2016-09-10 00:37:50] ------------------
[job(1202): 2016-09-10 00:37:50] * estimation method   : MLE 
[job(1202): 2016-09-10 00:37:50] * optimisation method : BFGS 
[job(1202): 2016-09-10 00:37:50] * analytical gradient : used
[job(1202): 2016-09-10 00:37:50] * trend model : ~1
[job(1202): 2016-09-10 00:37:50] * covariance model : 
[job(1202): 2016-09-10 00:37:50]   - type :  matern5_2 
[job(1202): 2016-09-10 00:37:50]   - nugget : NO
[job(1202): 2016-09-10 00:37:50]   - parameters lower bounds :  1e-10 1e-10 
[job(1202): 2016-09-10 00:37:50]   - parameters upper bounds :  41.97647 42.68928 
[job(1202): 2016-09-10 00:37:50]   - best initial criterion value(s) :  6.919882 
[job(1202): 2016-09-10 00:37:50] 
[job(1202): 2016-09-10 00:37:50] N = 2, M = 5 machine precision = 2.22045e-16
[job(1202): 2016-09-10 00:37:50] At X0, 0 variables are exactly at the bounds
[job(1202): 2016-09-10 00:37:50] At iterate     0  f=      -6.9199  |proj g|=      0.21452
[job(1202): 2016-09-10 00:37:50] At iterate     1  f =      -9.0164  |proj g|=             0
[job(1202): 2016-09-10 00:37:50] 
[job(1202): 2016-09-10 00:37:50] iterations 1
[job(1202): 2016-09-10 00:37:50] function evaluations 2
[job(1202): 2016-09-10 00:37:50] segments explored during Cauchy searches 2
[job(1202): 2016-09-10 00:37:50] BFGS updates skipped 0
[job(1202): 2016-09-10 00:37:50] active bounds at final generalized Cauchy point 1
[job(1202): 2016-09-10 00:37:50] norm of the final projected gradient 0
[job(1202): 2016-09-10 00:37:50] final function value -9.01638
[job(1202): 2016-09-10 00:37:50] 
[job(1202): 2016-09-10 00:37:50] F = -9.01638
[job(1202): 2016-09-10 00:37:50] final  value -9.016376 
[job(1202): 2016-09-10 00:37:50] converged
[job(1202): 2016-09-10 00:37:50] [Tune-x] 27: C=311; sigma=17
[job(1202): 2016-09-10 00:37:50] [Tune-y] 27: acc.test.mean=0.323; time: 0.0 min; memory: 117Mb use, 196Mb max
[job(1202): 2016-09-10 00:37:50] 
[job(1202): 2016-09-10 00:37:50] optimisation start
[job(1202): 2016-09-10 00:37:50] ------------------
[job(1202): 2016-09-10 00:37:50] * estimation method   : MLE 
[job(1202): 2016-09-10 00:37:50] * optimisation method : BFGS 
[job(1202): 2016-09-10 00:37:50] * analytical gradient : used
[job(1202): 2016-09-10 00:37:50] * trend model : ~1
[job(1202): 2016-09-10 00:37:50] * covariance model : 
[job(1202): 2016-09-10 00:37:50]   - type :  matern5_2 
[job(1202): 2016-09-10 00:37:50]   - nugget : NO
[job(1202): 2016-09-10 00:37:50]   - parameters lower bounds :  1e-10 1e-10 
[job(1202): 2016-09-10 00:37:50]   - parameters upper bounds :  41.97647 42.68928 
[job(1202): 2016-09-10 00:37:50]   - best initial criterion value(s) :  21.33032 
[job(1202): 2016-09-10 00:37:50] 
[job(1202): 2016-09-10 00:37:50] N = 2, M = 5 machine precision = 2.22045e-16
[job(1202): 2016-09-10 00:37:50] At X0, 0 variables are exactly at the bounds
[job(1202): 2016-09-10 00:37:50] At iterate     0  f=       -21.33  |proj g|=       36.483
[job(1202): 2016-09-10 00:37:50] At iterate     1  f =      -22.859  |proj g|=       0.30763
[job(1202): 2016-09-10 00:37:50] At iterate     2  f =       -22.86  |proj g|=       0.30822
[job(1202): 2016-09-10 00:37:50] At iterate     3  f =       -22.86  |proj g|=       0.30841
[job(1202): 2016-09-10 00:37:50] At iterate     4  f =      -22.862  |proj g|=       0.68727
[job(1202): 2016-09-10 00:37:50] At iterate     5  f =      -22.865  |proj g|=         1.446
[job(1202): 2016-09-10 00:37:50] At iterate     6  f =      -22.874  |proj g|=        2.7614
[job(1202): 2016-09-10 00:37:50] At iterate     7  f =      -22.898  |proj g|=        4.8459
[job(1202): 2016-09-10 00:37:50] At iterate     8  f =       -22.96  |proj g|=        8.2496
[job(1202): 2016-09-10 00:37:50] At iterate     9  f =      -23.123  |proj g|=        13.653
[job(1202): 2016-09-10 00:37:50] At iterate    10  f =      -23.519  |proj g|=        21.548
[job(1202): 2016-09-10 00:37:50] At iterate    11  f =      -24.234  |proj g|=        28.557
[job(1202): 2016-09-10 00:37:50] At iterate    12  f =      -25.072  |proj g|=        22.265
[job(1202): 2016-09-10 00:37:50] At iterate    13  f =      -25.732  |proj g|=       0.69342
[job(1202): 2016-09-10 00:37:50] At iterate    14  f =       -26.01  |proj g|=        7.8351
[job(1202): 2016-09-10 00:37:50] At iterate    15  f =      -26.034  |proj g|=        8.8742
[job(1202): 2016-09-10 00:37:50] At iterate    16  f =      -26.137  |proj g|=        7.4143
[job(1202): 2016-09-10 00:37:50] At iterate    17  f =      -26.309  |proj g|=        1.2437
[job(1202): 2016-09-10 00:37:50] At iterate    18  f =      -26.319  |proj g|=       0.47024
[job(1202): 2016-09-10 00:37:50] At iterate    19  f =      -26.322  |proj g|=        0.1827
[job(1202): 2016-09-10 00:37:50] At iterate    20  f =      -26.706  |proj g|=        10.303
[job(1202): 2016-09-10 00:37:50] At iterate    21  f =      -26.706  |proj g|=        10.308
[job(1202): 2016-09-10 00:37:50] At iterate    22  f =      -28.096  |proj g|=        6.8162
[job(1202): 2016-09-10 00:37:50] At iterate    23  f =      -29.335  |proj g|=        0.4146
[job(1202): 2016-09-10 00:37:50] At iterate    24  f =      -29.344  |proj g|=       0.12841
[job(1202): 2016-09-10 00:37:50] At iterate    25  f =      -29.346  |proj g|=     0.0082215
[job(1202): 2016-09-10 00:37:50] At iterate    26  f =      -29.346  |proj g|=    0.00033863
[job(1202): 2016-09-10 00:37:50] At iterate    27  f =      -29.346  |proj g|=    3.3082e-06
[job(1202): 2016-09-10 00:37:50] 
[job(1202): 2016-09-10 00:37:50] iterations 27
[job(1202): 2016-09-10 00:37:50] function evaluations 41
[job(1202): 2016-09-10 00:37:50] segments explored during Cauchy searches 27
[job(1202): 2016-09-10 00:37:50] BFGS updates skipped 0
[job(1202): 2016-09-10 00:37:50] active bounds at final generalized Cauchy point 0
[job(1202): 2016-09-10 00:37:50] norm of the final projected gradient 3.30817e-06
[job(1202): 2016-09-10 00:37:50] final function value -29.3456
[job(1202): 2016-09-10 00:37:50] 
[job(1202): 2016-09-10 00:37:50] F = -29.3456
[job(1202): 2016-09-10 00:37:50] final  value -29.345635 
[job(1202): 2016-09-10 00:37:50] converged
[job(1202): 2016-09-10 00:37:50] [Tune-x] 28: C=31.9; sigma=0.0506
[job(1202): 2016-09-10 00:37:50] [Tune-y] 28: acc.test.mean=0.628; time: 0.0 min; memory: 117Mb use, 197Mb max
[job(1202): 2016-09-10 00:37:50] 
[job(1202): 2016-09-10 00:37:50] optimisation start
[job(1202): 2016-09-10 00:37:50] ------------------
[job(1202): 2016-09-10 00:37:50] * estimation method   : MLE 
[job(1202): 2016-09-10 00:37:50] * optimisation method : BFGS 
[job(1202): 2016-09-10 00:37:50] * analytical gradient : used
[job(1202): 2016-09-10 00:37:50] * trend model : ~1
[job(1202): 2016-09-10 00:37:50] * covariance model : 
[job(1202): 2016-09-10 00:37:50]   - type :  matern5_2 
[job(1202): 2016-09-10 00:37:50]   - nugget : NO
[job(1202): 2016-09-10 00:37:50]   - parameters lower bounds :  1e-10 1e-10 
[job(1202): 2016-09-10 00:37:50]   - parameters upper bounds :  41.97647 42.68928 
[job(1202): 2016-09-10 00:37:50]   - best initial criterion value(s) :  3.905135 
[job(1202): 2016-09-10 00:37:50] 
[job(1202): 2016-09-10 00:37:50] N = 2, M = 5 machine precision = 2.22045e-16
[job(1202): 2016-09-10 00:37:50] At X0, 0 variables are exactly at the bounds
[job(1202): 2016-09-10 00:37:50] At iterate     0  f=      -3.9051  |proj g|=      0.43363
[job(1202): 2016-09-10 00:37:50] At iterate     1  f =       -9.833  |proj g|=             0
[job(1202): 2016-09-10 00:37:50] 
[job(1202): 2016-09-10 00:37:50] iterations 1
[job(1202): 2016-09-10 00:37:50] function evaluations 2
[job(1202): 2016-09-10 00:37:50] segments explored during Cauchy searches 2
[job(1202): 2016-09-10 00:37:50] BFGS updates skipped 0
[job(1202): 2016-09-10 00:37:50] active bounds at final generalized Cauchy point 1
[job(1202): 2016-09-10 00:37:50] norm of the final projected gradient 0
[job(1202): 2016-09-10 00:37:50] final function value -9.83296
[job(1202): 2016-09-10 00:37:50] 
[job(1202): 2016-09-10 00:37:50] F = -9.83296
[job(1202): 2016-09-10 00:37:50] final  value -9.832957 
[job(1202): 2016-09-10 00:37:50] converged
[job(1202): 2016-09-10 00:37:50] [Tune] Result: C=33.5; sigma=0.0476 : acc.test.mean=-0.67
[job(1202): 2016-09-10 00:37:50] Job terminated successfully
[job(chunk): 2016-09-10 00:37:50] Calculation finished!
