[job(chunk): 2016-09-09 20:17:51] Starting calculation of 1 jobs
[job(chunk): 2016-09-09 20:17:51] Setting working directory to '/naslx/projects/pr74ze/ri89coc2/svm_comparison'
[job(chunk): 2016-09-09 20:17:51] Memory measurement disabled
[job(974): 2016-09-09 20:17:53] Starting job with job.id=974
[job(974): 2016-09-09 20:18:47] Generating problem instance for problem '1465' ...
[job(974): 2016-09-09 20:18:47] Downloading from 'http://www.openml.org/api/v1/data/1465' to '/tmp/ri89coc2/Rtmp2xEJNT/cache/datasets/1465/description.xml'.
[job(974): 2016-09-09 20:18:47] Downloading from 'http://www.openml.org/data/download/1586226/phpydCnZg' to '/tmp/ri89coc2/Rtmp2xEJNT/cache/datasets/1465/dataset.arff'
[job(974): 2016-09-09 20:18:47] Loading required package: readr
[job(974): 2016-09-09 20:18:47] Applying algorithm 'spoc-svc.tuned' on problem '1465' ...
[job(974): 2016-09-09 20:18:47] Data '1465' file 'description.xml' found in cache.
[job(974): 2016-09-09 20:18:47] Data '1465' file 'dataset.arff' found in cache.
[job(974): 2016-09-09 20:18:47] [Tune] Started tuning learner spoc-svc for parameter set:
[job(974): 2016-09-09 20:18:47]          Type len Def    Constr Req Tunable Trafo
[job(974): 2016-09-09 20:18:47] C     numeric   -   - -12 to 12   -    TRUE     Y
[job(974): 2016-09-09 20:18:47] sigma numeric   -   - -12 to 12   -    TRUE     Y
[job(974): 2016-09-09 20:18:47] With control class: TuneControlMBO
[job(974): 2016-09-09 20:18:47] Imputation value: -0
[job(974): 2016-09-09 20:18:47] [Tune-x] 1: C=0.00167; sigma=2.69e+03
[job(974): 2016-09-09 20:18:47] [Tune-y] 1: acc.test.mean=0.221; time: 0.0 min; memory: 113Mb use, 144Mb max
[job(974): 2016-09-09 20:18:47] [Tune-x] 2: C=0.437; sigma=0.0375
[job(974): 2016-09-09 20:18:47] [Tune-y] 2: acc.test.mean=0.368; time: 0.0 min; memory: 113Mb use, 144Mb max
[job(974): 2016-09-09 20:18:47] [Tune-x] 3: C=1.54e+03; sigma=154
[job(974): 2016-09-09 20:18:47] [Tune-y] 3: acc.test.mean=0.284; time: 0.0 min; memory: 113Mb use, 144Mb max
[job(974): 2016-09-09 20:18:47] [Tune-x] 4: C=4.52; sigma=6.78
[job(974): 2016-09-09 20:18:47] [Tune-y] 4: acc.test.mean=0.347; time: 0.0 min; memory: 113Mb use, 144Mb max
[job(974): 2016-09-09 20:18:47] [Tune-x] 5: C=0.106; sigma=0.00844
[job(974): 2016-09-09 20:18:47] [Tune-y] 5: acc.test.mean=0.284; time: 0.0 min; memory: 113Mb use, 144Mb max
[job(974): 2016-09-09 20:18:47] [Tune-x] 6: C=162; sigma=0.609
[job(974): 2016-09-09 20:18:47] [Tune-y] 6: acc.test.mean=0.326; time: 0.0 min; memory: 113Mb use, 144Mb max
[job(974): 2016-09-09 20:18:47] [Tune-x] 7: C=0.00241; sigma=14.7
[job(974): 2016-09-09 20:18:47] [Tune-y] 7: acc.test.mean=0.389; time: 0.0 min; memory: 113Mb use, 144Mb max
[job(974): 2016-09-09 20:18:47] [Tune-x] 8: C=18.1; sigma=0.000739
[job(974): 2016-09-09 20:18:47] [Tune-y] 8: acc.test.mean=0.316; time: 0.0 min; memory: 113Mb use, 144Mb max
[job(974): 2016-09-09 20:18:47] 
[job(974): 2016-09-09 20:18:47] optimisation start
[job(974): 2016-09-09 20:18:47] ------------------
[job(974): 2016-09-09 20:18:47] * estimation method   : MLE 
[job(974): 2016-09-09 20:18:47] * optimisation method : BFGS 
[job(974): 2016-09-09 20:18:47] * analytical gradient : used
[job(974): 2016-09-09 20:18:47] * trend model : ~1
[job(974): 2016-09-09 20:18:47] * covariance model : 
[job(974): 2016-09-09 20:18:47]   - type :  matern5_2 
[job(974): 2016-09-09 20:18:47]   - nugget : NO
[job(974): 2016-09-09 20:18:47]   - parameters lower bounds :  1e-10 1e-10 
[job(974): 2016-09-09 20:18:47]   - parameters upper bounds :  39.62767 43.58886 
[job(974): 2016-09-09 20:18:47]   - best initial criterion value(s) :  12.79167 
[job(974): 2016-09-09 20:18:47] 
[job(974): 2016-09-09 20:18:47] N = 2, M = 5 machine precision = 2.22045e-16
[job(974): 2016-09-09 20:18:47] At X0, 0 variables are exactly at the bounds
[job(974): 2016-09-09 20:18:47] At iterate     0  f=      -12.792  |proj g|=      0.10472
[job(974): 2016-09-09 20:18:47] At iterate     1  f =      -12.796  |proj g|=      0.012069
[job(974): 2016-09-09 20:18:47] At iterate     2  f =      -12.796  |proj g|=    0.00072992
[job(974): 2016-09-09 20:18:47] At iterate     3  f =      -12.796  |proj g|=    0.00068113
[job(974): 2016-09-09 20:18:47] At iterate     4  f =      -12.796  |proj g|=    0.00068116
[job(974): 2016-09-09 20:18:47] At iterate     5  f =      -12.796  |proj g|=     0.0020363
[job(974): 2016-09-09 20:18:47] At iterate     6  f =      -12.796  |proj g|=     0.0040307
[job(974): 2016-09-09 20:18:47] At iterate     7  f =      -12.796  |proj g|=     0.0070251
[job(974): 2016-09-09 20:18:47] At iterate     8  f =      -12.797  |proj g|=        0.0054
[job(974): 2016-09-09 20:18:47] At iterate     9  f =      -12.797  |proj g|=    2.4729e-05
[job(974): 2016-09-09 20:18:47] At iterate    10  f =      -12.797  |proj g|=    8.8044e-08
[job(974): 2016-09-09 20:18:47] 
[job(974): 2016-09-09 20:18:47] iterations 10
[job(974): 2016-09-09 20:18:47] function evaluations 11
[job(974): 2016-09-09 20:18:47] segments explored during Cauchy searches 10
[job(974): 2016-09-09 20:18:47] BFGS updates skipped 0
[job(974): 2016-09-09 20:18:47] active bounds at final generalized Cauchy point 1
[job(974): 2016-09-09 20:18:47] norm of the final projected gradient 8.80443e-08
[job(974): 2016-09-09 20:18:47] final function value -12.7965
[job(974): 2016-09-09 20:18:47] 
[job(974): 2016-09-09 20:18:47] F = -12.7965
[job(974): 2016-09-09 20:18:47] final  value -12.796518 
[job(974): 2016-09-09 20:18:47] converged
[job(974): 2016-09-09 20:18:47] [Tune-x] 9: C=0.00231; sigma=14.6
[job(974): 2016-09-09 20:18:47] [Tune-y] 9: acc.test.mean=0.326; time: 0.0 min; memory: 117Mb use, 152Mb max
[job(974): 2016-09-09 20:18:47] 
[job(974): 2016-09-09 20:18:47] optimisation start
[job(974): 2016-09-09 20:18:47] ------------------
[job(974): 2016-09-09 20:18:47] * estimation method   : MLE 
[job(974): 2016-09-09 20:18:47] * optimisation method : BFGS 
[job(974): 2016-09-09 20:18:47] * analytical gradient : used
[job(974): 2016-09-09 20:18:47] * trend model : ~1
[job(974): 2016-09-09 20:18:47] * covariance model : 
[job(974): 2016-09-09 20:18:47]   - type :  matern5_2 
[job(974): 2016-09-09 20:18:47]   - nugget : NO
[job(974): 2016-09-09 20:18:47]   - parameters lower bounds :  1e-10 1e-10 
[job(974): 2016-09-09 20:18:47]   - parameters upper bounds :  39.62767 43.58886 
[job(974): 2016-09-09 20:18:47]   - best initial criterion value(s) :  -7.889512 
[job(974): 2016-09-09 20:18:47] 
[job(974): 2016-09-09 20:18:47] N = 2, M = 5 machine precision = 2.22045e-16
[job(974): 2016-09-09 20:18:47] At X0, 0 variables are exactly at the bounds
[job(974): 2016-09-09 20:18:47] At iterate     0  f=       7.8895  |proj g|=        1.483
[job(974): 2016-09-09 20:18:47] At iterate     1  f =      -14.646  |proj g|=             0
[job(974): 2016-09-09 20:18:47] 
[job(974): 2016-09-09 20:18:47] iterations 1
[job(974): 2016-09-09 20:18:47] function evaluations 2
[job(974): 2016-09-09 20:18:47] segments explored during Cauchy searches 2
[job(974): 2016-09-09 20:18:47] BFGS updates skipped 0
[job(974): 2016-09-09 20:18:47] active bounds at final generalized Cauchy point 1
[job(974): 2016-09-09 20:18:47] norm of the final projected gradient 0
[job(974): 2016-09-09 20:18:47] final function value -14.6456
[job(974): 2016-09-09 20:18:47] 
[job(974): 2016-09-09 20:18:47] F = -14.6456
[job(974): 2016-09-09 20:18:47] final  value -14.645628 
[job(974): 2016-09-09 20:18:47] converged
[job(974): 2016-09-09 20:18:47] [Tune-x] 10: C=0.49; sigma=0.372
[job(974): 2016-09-09 20:18:47] [Tune-y] 10: acc.test.mean=0.368; time: 0.0 min; memory: 117Mb use, 159Mb max
[job(974): 2016-09-09 20:18:47] 
[job(974): 2016-09-09 20:18:47] optimisation start
[job(974): 2016-09-09 20:18:47] ------------------
[job(974): 2016-09-09 20:18:47] * estimation method   : MLE 
[job(974): 2016-09-09 20:18:47] * optimisation method : BFGS 
[job(974): 2016-09-09 20:18:47] * analytical gradient : used
[job(974): 2016-09-09 20:18:47] * trend model : ~1
[job(974): 2016-09-09 20:18:47] * covariance model : 
[job(974): 2016-09-09 20:18:47]   - type :  matern5_2 
[job(974): 2016-09-09 20:18:47]   - nugget : NO
[job(974): 2016-09-09 20:18:47]   - parameters lower bounds :  1e-10 1e-10 
[job(974): 2016-09-09 20:18:47]   - parameters upper bounds :  39.62767 43.58886 
[job(974): 2016-09-09 20:18:47]   - best initial criterion value(s) :  6.762937 
[job(974): 2016-09-09 20:18:47] 
[job(974): 2016-09-09 20:18:47] N = 2, M = 5 machine precision = 2.22045e-16
[job(974): 2016-09-09 20:18:47] At X0, 0 variables are exactly at the bounds
[job(974): 2016-09-09 20:18:47] At iterate     0  f=      -6.7629  |proj g|=     0.042334
[job(974): 2016-09-09 20:18:47] At iterate     1  f =      -16.269  |proj g|=             0
[job(974): 2016-09-09 20:18:47] 
[job(974): 2016-09-09 20:18:47] iterations 1
[job(974): 2016-09-09 20:18:47] function evaluations 2
[job(974): 2016-09-09 20:18:47] segments explored during Cauchy searches 2
[job(974): 2016-09-09 20:18:47] BFGS updates skipped 0
[job(974): 2016-09-09 20:18:47] active bounds at final generalized Cauchy point 1
[job(974): 2016-09-09 20:18:47] norm of the final projected gradient 0
[job(974): 2016-09-09 20:18:47] final function value -16.2693
[job(974): 2016-09-09 20:18:47] 
[job(974): 2016-09-09 20:18:47] F = -16.2693
[job(974): 2016-09-09 20:18:47] final  value -16.269259 
[job(974): 2016-09-09 20:18:47] converged
[job(974): 2016-09-09 20:18:47] [Tune-x] 11: C=0.0346; sigma=0.0209
[job(974): 2016-09-09 20:18:47] [Tune-y] 11: acc.test.mean=0.326; time: 0.0 min; memory: 117Mb use, 159Mb max
[job(974): 2016-09-09 20:18:47] 
[job(974): 2016-09-09 20:18:47] optimisation start
[job(974): 2016-09-09 20:18:47] ------------------
[job(974): 2016-09-09 20:18:47] * estimation method   : MLE 
[job(974): 2016-09-09 20:18:47] * optimisation method : BFGS 
[job(974): 2016-09-09 20:18:47] * analytical gradient : used
[job(974): 2016-09-09 20:18:47] * trend model : ~1
[job(974): 2016-09-09 20:18:47] * covariance model : 
[job(974): 2016-09-09 20:18:47]   - type :  matern5_2 
[job(974): 2016-09-09 20:18:47]   - nugget : NO
[job(974): 2016-09-09 20:18:47]   - parameters lower bounds :  1e-10 1e-10 
[job(974): 2016-09-09 20:18:47]   - parameters upper bounds :  39.62767 43.58886 
[job(974): 2016-09-09 20:18:47]   - best initial criterion value(s) :  14.84229 
[job(974): 2016-09-09 20:18:47] 
[job(974): 2016-09-09 20:18:47] N = 2, M = 5 machine precision = 2.22045e-16
[job(974): 2016-09-09 20:18:47] At X0, 0 variables are exactly at the bounds
[job(974): 2016-09-09 20:18:47] At iterate     0  f=      -14.842  |proj g|=      0.22444
[job(974): 2016-09-09 20:18:47] At iterate     1  f =      -18.418  |proj g|=             0
[job(974): 2016-09-09 20:18:47] 
[job(974): 2016-09-09 20:18:47] iterations 1
[job(974): 2016-09-09 20:18:47] function evaluations 2
[job(974): 2016-09-09 20:18:47] segments explored during Cauchy searches 2
[job(974): 2016-09-09 20:18:47] BFGS updates skipped 0
[job(974): 2016-09-09 20:18:47] active bounds at final generalized Cauchy point 1
[job(974): 2016-09-09 20:18:47] norm of the final projected gradient 0
[job(974): 2016-09-09 20:18:47] final function value -18.4182
[job(974): 2016-09-09 20:18:47] 
[job(974): 2016-09-09 20:18:47] F = -18.4182
[job(974): 2016-09-09 20:18:47] final  value -18.418186 
[job(974): 2016-09-09 20:18:47] converged
[job(974): 2016-09-09 20:18:47] [Tune-x] 12: C=27.2; sigma=6.93
[job(974): 2016-09-09 20:18:47] [Tune-y] 12: acc.test.mean=0.358; time: 0.0 min; memory: 117Mb use, 159Mb max
[job(974): 2016-09-09 20:18:47] 
[job(974): 2016-09-09 20:18:47] optimisation start
[job(974): 2016-09-09 20:18:47] ------------------
[job(974): 2016-09-09 20:18:47] * estimation method   : MLE 
[job(974): 2016-09-09 20:18:47] * optimisation method : BFGS 
[job(974): 2016-09-09 20:18:47] * analytical gradient : used
[job(974): 2016-09-09 20:18:47] * trend model : ~1
[job(974): 2016-09-09 20:18:47] * covariance model : 
[job(974): 2016-09-09 20:18:47]   - type :  matern5_2 
[job(974): 2016-09-09 20:18:47]   - nugget : NO
[job(974): 2016-09-09 20:18:47]   - parameters lower bounds :  1e-10 1e-10 
[job(974): 2016-09-09 20:18:47]   - parameters upper bounds :  39.62767 43.58886 
[job(974): 2016-09-09 20:18:47]   - best initial criterion value(s) :  0.09050211 
[job(974): 2016-09-09 20:18:47] 
[job(974): 2016-09-09 20:18:47] N = 2, M = 5 machine precision = 2.22045e-16
[job(974): 2016-09-09 20:18:47] At X0, 0 variables are exactly at the bounds
[job(974): 2016-09-09 20:18:47] At iterate     0  f=    -0.090502  |proj g|=      0.10718
[job(974): 2016-09-09 20:18:47] At iterate     1  f =      -20.333  |proj g|=             0
[job(974): 2016-09-09 20:18:47] 
[job(974): 2016-09-09 20:18:47] iterations 1
[job(974): 2016-09-09 20:18:47] function evaluations 2
[job(974): 2016-09-09 20:18:47] segments explored during Cauchy searches 2
[job(974): 2016-09-09 20:18:47] BFGS updates skipped 0
[job(974): 2016-09-09 20:18:47] active bounds at final generalized Cauchy point 1
[job(974): 2016-09-09 20:18:47] norm of the final projected gradient 0
[job(974): 2016-09-09 20:18:47] final function value -20.3328
[job(974): 2016-09-09 20:18:47] 
[job(974): 2016-09-09 20:18:47] F = -20.3328
[job(974): 2016-09-09 20:18:47] final  value -20.332844 
[job(974): 2016-09-09 20:18:47] converged
[job(974): 2016-09-09 20:18:47] [Tune-x] 13: C=2.77; sigma=0.0192
[job(974): 2016-09-09 20:18:47] [Tune-y] 13: acc.test.mean=0.389; time: 0.0 min; memory: 117Mb use, 159Mb max
[job(974): 2016-09-09 20:18:47] 
[job(974): 2016-09-09 20:18:47] optimisation start
[job(974): 2016-09-09 20:18:47] ------------------
[job(974): 2016-09-09 20:18:47] * estimation method   : MLE 
[job(974): 2016-09-09 20:18:47] * optimisation method : BFGS 
[job(974): 2016-09-09 20:18:47] * analytical gradient : used
[job(974): 2016-09-09 20:18:47] * trend model : ~1
[job(974): 2016-09-09 20:18:47] * covariance model : 
[job(974): 2016-09-09 20:18:47]   - type :  matern5_2 
[job(974): 2016-09-09 20:18:47]   - nugget : NO
[job(974): 2016-09-09 20:18:47]   - parameters lower bounds :  1e-10 1e-10 
[job(974): 2016-09-09 20:18:47]   - parameters upper bounds :  39.62767 43.58886 
[job(974): 2016-09-09 20:18:47]   - best initial criterion value(s) :  19.46385 
[job(974): 2016-09-09 20:18:47] 
[job(974): 2016-09-09 20:18:47] N = 2, M = 5 machine precision = 2.22045e-16
[job(974): 2016-09-09 20:18:47] At X0, 0 variables are exactly at the bounds
[job(974): 2016-09-09 20:18:47] At iterate     0  f=      -19.464  |proj g|=      0.17627
[job(974): 2016-09-09 20:18:47] At iterate     1  f =      -21.609  |proj g|=             0
[job(974): 2016-09-09 20:18:47] 
[job(974): 2016-09-09 20:18:47] iterations 1
[job(974): 2016-09-09 20:18:47] function evaluations 2
[job(974): 2016-09-09 20:18:47] segments explored during Cauchy searches 2
[job(974): 2016-09-09 20:18:47] BFGS updates skipped 0
[job(974): 2016-09-09 20:18:47] active bounds at final generalized Cauchy point 1
[job(974): 2016-09-09 20:18:47] norm of the final projected gradient 0
[job(974): 2016-09-09 20:18:47] final function value -21.6093
[job(974): 2016-09-09 20:18:47] 
[job(974): 2016-09-09 20:18:47] F = -21.6093
[job(974): 2016-09-09 20:18:47] final  value -21.609275 
[job(974): 2016-09-09 20:18:47] converged
[job(974): 2016-09-09 20:18:47] [Tune-x] 14: C=0.16; sigma=0.906
[job(974): 2016-09-09 20:18:47] [Tune-y] 14: acc.test.mean=0.358; time: 0.0 min; memory: 117Mb use, 159Mb max
[job(974): 2016-09-09 20:18:47] 
[job(974): 2016-09-09 20:18:47] optimisation start
[job(974): 2016-09-09 20:18:47] ------------------
[job(974): 2016-09-09 20:18:47] * estimation method   : MLE 
[job(974): 2016-09-09 20:18:47] * optimisation method : BFGS 
[job(974): 2016-09-09 20:18:47] * analytical gradient : used
[job(974): 2016-09-09 20:18:47] * trend model : ~1
[job(974): 2016-09-09 20:18:47] * covariance model : 
[job(974): 2016-09-09 20:18:47]   - type :  matern5_2 
[job(974): 2016-09-09 20:18:47]   - nugget : NO
[job(974): 2016-09-09 20:18:47]   - parameters lower bounds :  1e-10 1e-10 
[job(974): 2016-09-09 20:18:47]   - parameters upper bounds :  39.62767 43.58886 
[job(974): 2016-09-09 20:18:47]   - best initial criterion value(s) :  5.638845 
[job(974): 2016-09-09 20:18:47] 
[job(974): 2016-09-09 20:18:47] N = 2, M = 5 machine precision = 2.22045e-16
[job(974): 2016-09-09 20:18:47] At X0, 0 variables are exactly at the bounds
[job(974): 2016-09-09 20:18:47] At iterate     0  f=      -5.6388  |proj g|=       1.0099
[job(974): 2016-09-09 20:18:47] At iterate     1  f =      -23.623  |proj g|=             0
[job(974): 2016-09-09 20:18:47] 
[job(974): 2016-09-09 20:18:47] iterations 1
[job(974): 2016-09-09 20:18:47] function evaluations 2
[job(974): 2016-09-09 20:18:47] segments explored during Cauchy searches 2
[job(974): 2016-09-09 20:18:47] BFGS updates skipped 0
[job(974): 2016-09-09 20:18:47] active bounds at final generalized Cauchy point 1
[job(974): 2016-09-09 20:18:47] norm of the final projected gradient 0
[job(974): 2016-09-09 20:18:47] final function value -23.6229
[job(974): 2016-09-09 20:18:47] 
[job(974): 2016-09-09 20:18:47] F = -23.6229
[job(974): 2016-09-09 20:18:47] final  value -23.622886 
[job(974): 2016-09-09 20:18:47] converged
[job(974): 2016-09-09 20:18:47] [Tune-x] 15: C=0.00321; sigma=0.0758
[job(974): 2016-09-09 20:18:47] [Tune-y] 15: acc.test.mean=0.421; time: 0.0 min; memory: 117Mb use, 159Mb max
[job(974): 2016-09-09 20:18:47] 
[job(974): 2016-09-09 20:18:47] optimisation start
[job(974): 2016-09-09 20:18:47] ------------------
[job(974): 2016-09-09 20:18:47] * estimation method   : MLE 
[job(974): 2016-09-09 20:18:47] * optimisation method : BFGS 
[job(974): 2016-09-09 20:18:47] * analytical gradient : used
[job(974): 2016-09-09 20:18:47] * trend model : ~1
[job(974): 2016-09-09 20:18:47] * covariance model : 
[job(974): 2016-09-09 20:18:47]   - type :  matern5_2 
[job(974): 2016-09-09 20:18:47]   - nugget : NO
[job(974): 2016-09-09 20:18:47]   - parameters lower bounds :  1e-10 1e-10 
[job(974): 2016-09-09 20:18:47]   - parameters upper bounds :  39.62767 43.58886 
[job(974): 2016-09-09 20:18:47]   - best initial criterion value(s) :  2.013216 
[job(974): 2016-09-09 20:18:47] 
[job(974): 2016-09-09 20:18:47] N = 2, M = 5 machine precision = 2.22045e-16
[job(974): 2016-09-09 20:18:47] At X0, 0 variables are exactly at the bounds
[job(974): 2016-09-09 20:18:47] At iterate     0  f=      -2.0132  |proj g|=       1.4712
[job(974): 2016-09-09 20:18:47] At iterate     1  f =       -24.11  |proj g|=             0
[job(974): 2016-09-09 20:18:47] 
[job(974): 2016-09-09 20:18:47] iterations 1
[job(974): 2016-09-09 20:18:47] function evaluations 2
[job(974): 2016-09-09 20:18:47] segments explored during Cauchy searches 2
[job(974): 2016-09-09 20:18:47] BFGS updates skipped 0
[job(974): 2016-09-09 20:18:47] active bounds at final generalized Cauchy point 1
[job(974): 2016-09-09 20:18:47] norm of the final projected gradient 0
[job(974): 2016-09-09 20:18:47] final function value -24.1096
[job(974): 2016-09-09 20:18:47] 
[job(974): 2016-09-09 20:18:47] F = -24.1096
[job(974): 2016-09-09 20:18:47] final  value -24.109638 
[job(974): 2016-09-09 20:18:47] converged
[job(974): 2016-09-09 20:18:47] [Tune-x] 16: C=1.67e+03; sigma=10.9
[job(974): 2016-09-09 20:18:47] [Tune-y] 16: acc.test.mean=0.295; time: 0.0 min; memory: 117Mb use, 159Mb max
[job(974): 2016-09-09 20:18:47] 
[job(974): 2016-09-09 20:18:47] optimisation start
[job(974): 2016-09-09 20:18:47] ------------------
[job(974): 2016-09-09 20:18:47] * estimation method   : MLE 
[job(974): 2016-09-09 20:18:47] * optimisation method : BFGS 
[job(974): 2016-09-09 20:18:47] * analytical gradient : used
[job(974): 2016-09-09 20:18:47] * trend model : ~1
[job(974): 2016-09-09 20:18:47] * covariance model : 
[job(974): 2016-09-09 20:18:47]   - type :  matern5_2 
[job(974): 2016-09-09 20:18:47]   - nugget : NO
[job(974): 2016-09-09 20:18:47]   - parameters lower bounds :  1e-10 1e-10 
[job(974): 2016-09-09 20:18:47]   - parameters upper bounds :  39.87063 43.58886 
[job(974): 2016-09-09 20:18:47]   - best initial criterion value(s) :  1.350578 
[job(974): 2016-09-09 20:18:47] 
[job(974): 2016-09-09 20:18:47] N = 2, M = 5 machine precision = 2.22045e-16
[job(974): 2016-09-09 20:18:47] At X0, 0 variables are exactly at the bounds
[job(974): 2016-09-09 20:18:47] At iterate     0  f=      -1.3506  |proj g|=       1.5416
[job(974): 2016-09-09 20:18:47] At iterate     1  f =      -25.828  |proj g|=             0
[job(974): 2016-09-09 20:18:47] 
[job(974): 2016-09-09 20:18:47] iterations 1
[job(974): 2016-09-09 20:18:47] function evaluations 2
[job(974): 2016-09-09 20:18:47] segments explored during Cauchy searches 2
[job(974): 2016-09-09 20:18:47] BFGS updates skipped 0
[job(974): 2016-09-09 20:18:47] active bounds at final generalized Cauchy point 1
[job(974): 2016-09-09 20:18:47] norm of the final projected gradient 0
[job(974): 2016-09-09 20:18:47] final function value -25.8282
[job(974): 2016-09-09 20:18:47] 
[job(974): 2016-09-09 20:18:47] F = -25.8282
[job(974): 2016-09-09 20:18:47] final  value -25.828172 
[job(974): 2016-09-09 20:18:47] converged
[job(974): 2016-09-09 20:18:47] [Tune-x] 17: C=92.4; sigma=0.0159
[job(974): 2016-09-09 20:18:47] [Tune-y] 17: acc.test.mean=0.326; time: 0.0 min; memory: 117Mb use, 159Mb max
[job(974): 2016-09-09 20:18:47] 
[job(974): 2016-09-09 20:18:47] optimisation start
[job(974): 2016-09-09 20:18:47] ------------------
[job(974): 2016-09-09 20:18:47] * estimation method   : MLE 
[job(974): 2016-09-09 20:18:47] * optimisation method : BFGS 
[job(974): 2016-09-09 20:18:47] * analytical gradient : used
[job(974): 2016-09-09 20:18:47] * trend model : ~1
[job(974): 2016-09-09 20:18:47] * covariance model : 
[job(974): 2016-09-09 20:18:47]   - type :  matern5_2 
[job(974): 2016-09-09 20:18:47]   - nugget : NO
[job(974): 2016-09-09 20:18:47]   - parameters lower bounds :  1e-10 1e-10 
[job(974): 2016-09-09 20:18:47]   - parameters upper bounds :  39.87063 43.58886 
[job(974): 2016-09-09 20:18:47]   - best initial criterion value(s) :  27.90237 
[job(974): 2016-09-09 20:18:47] 
[job(974): 2016-09-09 20:18:47] N = 2, M = 5 machine precision = 2.22045e-16
[job(974): 2016-09-09 20:18:47] At X0, 0 variables are exactly at the bounds
[job(974): 2016-09-09 20:18:47] At iterate     0  f=      -27.902  |proj g|=     0.032272
[job(974): 2016-09-09 20:18:47] At iterate     1  f =      -27.937  |proj g|=             0
[job(974): 2016-09-09 20:18:47] 
[job(974): 2016-09-09 20:18:47] iterations 1
[job(974): 2016-09-09 20:18:47] function evaluations 2
[job(974): 2016-09-09 20:18:47] segments explored during Cauchy searches 2
[job(974): 2016-09-09 20:18:47] BFGS updates skipped 0
[job(974): 2016-09-09 20:18:47] active bounds at final generalized Cauchy point 1
[job(974): 2016-09-09 20:18:47] norm of the final projected gradient 0
[job(974): 2016-09-09 20:18:47] final function value -27.9368
[job(974): 2016-09-09 20:18:47] 
[job(974): 2016-09-09 20:18:47] F = -27.9368
[job(974): 2016-09-09 20:18:47] final  value -27.936775 
[job(974): 2016-09-09 20:18:47] converged
[job(974): 2016-09-09 20:18:47] [Tune-x] 18: C=10.1; sigma=0.00456
[job(974): 2016-09-09 20:18:47] [Tune-y] 18: acc.test.mean=0.305; time: 0.0 min; memory: 117Mb use, 159Mb max
[job(974): 2016-09-09 20:18:47] 
[job(974): 2016-09-09 20:18:47] optimisation start
[job(974): 2016-09-09 20:18:47] ------------------
[job(974): 2016-09-09 20:18:47] * estimation method   : MLE 
[job(974): 2016-09-09 20:18:47] * optimisation method : BFGS 
[job(974): 2016-09-09 20:18:47] * analytical gradient : used
[job(974): 2016-09-09 20:18:47] * trend model : ~1
[job(974): 2016-09-09 20:18:47] * covariance model : 
[job(974): 2016-09-09 20:18:47]   - type :  matern5_2 
[job(974): 2016-09-09 20:18:47]   - nugget : NO
[job(974): 2016-09-09 20:18:47]   - parameters lower bounds :  1e-10 1e-10 
[job(974): 2016-09-09 20:18:47]   - parameters upper bounds :  39.87063 43.58886 
[job(974): 2016-09-09 20:18:47]   - best initial criterion value(s) :  -3.034741 
[job(974): 2016-09-09 20:18:47] 
[job(974): 2016-09-09 20:18:47] N = 2, M = 5 machine precision = 2.22045e-16
[job(974): 2016-09-09 20:18:47] At X0, 0 variables are exactly at the bounds
[job(974): 2016-09-09 20:18:47] At iterate     0  f=       3.0347  |proj g|=       2.1177
[job(974): 2016-09-09 20:18:47] At iterate     1  f =      -1.6473  |proj g|=        2.2279
[job(974): 2016-09-09 20:18:47] ys=-2.078e-01  -gs= 4.521e+00, BFGS update SKIPPED
[job(974): 2016-09-09 20:18:47] At iterate     2  f =      -29.887  |proj g|=             0
[job(974): 2016-09-09 20:18:47] 
[job(974): 2016-09-09 20:18:47] iterations 2
[job(974): 2016-09-09 20:18:47] function evaluations 4
[job(974): 2016-09-09 20:18:47] segments explored during Cauchy searches 2
[job(974): 2016-09-09 20:18:47] BFGS updates skipped 1
[job(974): 2016-09-09 20:18:47] active bounds at final generalized Cauchy point 0
[job(974): 2016-09-09 20:18:47] norm of the final projected gradient 0
[job(974): 2016-09-09 20:18:47] final function value -29.8866
[job(974): 2016-09-09 20:18:47] 
[job(974): 2016-09-09 20:18:47] F = -29.8866
[job(974): 2016-09-09 20:18:47] final  value -29.886642 
[job(974): 2016-09-09 20:18:47] converged
[job(974): 2016-09-09 20:18:47] [Tune-x] 19: C=0.301; sigma=48.4
[job(974): 2016-09-09 20:18:47] [Tune-y] 19: acc.test.mean=0.326; time: 0.0 min; memory: 117Mb use, 159Mb max
[job(974): 2016-09-09 20:18:47] 
[job(974): 2016-09-09 20:18:47] optimisation start
[job(974): 2016-09-09 20:18:47] ------------------
[job(974): 2016-09-09 20:18:47] * estimation method   : MLE 
[job(974): 2016-09-09 20:18:47] * optimisation method : BFGS 
[job(974): 2016-09-09 20:18:47] * analytical gradient : used
[job(974): 2016-09-09 20:18:47] * trend model : ~1
[job(974): 2016-09-09 20:18:47] * covariance model : 
[job(974): 2016-09-09 20:18:47]   - type :  matern5_2 
[job(974): 2016-09-09 20:18:47]   - nugget : NO
[job(974): 2016-09-09 20:18:47]   - parameters lower bounds :  1e-10 1e-10 
[job(974): 2016-09-09 20:18:47]   - parameters upper bounds :  39.87063 43.58886 
[job(974): 2016-09-09 20:18:47]   - best initial criterion value(s) :  -1.638448 
[job(974): 2016-09-09 20:18:47] 
[job(974): 2016-09-09 20:18:47] N = 2, M = 5 machine precision = 2.22045e-16
[job(974): 2016-09-09 20:18:47] At X0, 0 variables are exactly at the bounds
[job(974): 2016-09-09 20:18:47] At iterate     0  f=       1.6384  |proj g|=       2.0515
[job(974): 2016-09-09 20:18:47] At iterate     1  f =      -2.3031  |proj g|=        1.4771
[job(974): 2016-09-09 20:18:47] At iterate     2  f =      -32.047  |proj g|=             0
[job(974): 2016-09-09 20:18:47] 
[job(974): 2016-09-09 20:18:47] iterations 2
[job(974): 2016-09-09 20:18:47] function evaluations 3
[job(974): 2016-09-09 20:18:47] segments explored during Cauchy searches 3
[job(974): 2016-09-09 20:18:47] BFGS updates skipped 0
[job(974): 2016-09-09 20:18:47] active bounds at final generalized Cauchy point 1
[job(974): 2016-09-09 20:18:47] norm of the final projected gradient 0
[job(974): 2016-09-09 20:18:47] final function value -32.047
[job(974): 2016-09-09 20:18:47] 
[job(974): 2016-09-09 20:18:47] F = -32.047
[job(974): 2016-09-09 20:18:47] final  value -32.046997 
[job(974): 2016-09-09 20:18:47] converged
[job(974): 2016-09-09 20:18:47] [Tune-x] 20: C=0.00495; sigma=805
[job(974): 2016-09-09 20:18:47] [Tune-y] 20: acc.test.mean=0.221; time: 0.0 min; memory: 117Mb use, 159Mb max
[job(974): 2016-09-09 20:18:47] 
[job(974): 2016-09-09 20:18:47] optimisation start
[job(974): 2016-09-09 20:18:47] ------------------
[job(974): 2016-09-09 20:18:47] * estimation method   : MLE 
[job(974): 2016-09-09 20:18:47] * optimisation method : BFGS 
[job(974): 2016-09-09 20:18:47] * analytical gradient : used
[job(974): 2016-09-09 20:18:47] * trend model : ~1
[job(974): 2016-09-09 20:18:47] * covariance model : 
[job(974): 2016-09-09 20:18:47]   - type :  matern5_2 
[job(974): 2016-09-09 20:18:47]   - nugget : NO
[job(974): 2016-09-09 20:18:47]   - parameters lower bounds :  1e-10 1e-10 
[job(974): 2016-09-09 20:18:47]   - parameters upper bounds :  39.87063 43.58886 
[job(974): 2016-09-09 20:18:47]   - best initial criterion value(s) :  7.101387 
[job(974): 2016-09-09 20:18:47] 
[job(974): 2016-09-09 20:18:47] N = 2, M = 5 machine precision = 2.22045e-16
[job(974): 2016-09-09 20:18:47] At X0, 0 variables are exactly at the bounds
[job(974): 2016-09-09 20:18:47] At iterate     0  f=      -7.1014  |proj g|=       1.0035
[job(974): 2016-09-09 20:18:47] At iterate     1  f =      -31.507  |proj g|=             0
[job(974): 2016-09-09 20:18:47] 
[job(974): 2016-09-09 20:18:47] iterations 1
[job(974): 2016-09-09 20:18:47] function evaluations 2
[job(974): 2016-09-09 20:18:47] segments explored during Cauchy searches 2
[job(974): 2016-09-09 20:18:47] BFGS updates skipped 0
[job(974): 2016-09-09 20:18:47] active bounds at final generalized Cauchy point 1
[job(974): 2016-09-09 20:18:47] norm of the final projected gradient 0
[job(974): 2016-09-09 20:18:47] final function value -31.5071
[job(974): 2016-09-09 20:18:47] 
[job(974): 2016-09-09 20:18:47] F = -31.5071
[job(974): 2016-09-09 20:18:47] final  value -31.507107 
[job(974): 2016-09-09 20:18:47] converged
[job(974): 2016-09-09 20:18:47] [Tune-x] 21: C=298; sigma=1.56e+03
[job(974): 2016-09-09 20:18:47] [Tune-y] 21: acc.test.mean=0.221; time: 0.0 min; memory: 117Mb use, 159Mb max
[job(974): 2016-09-09 20:18:47] 
[job(974): 2016-09-09 20:18:47] optimisation start
[job(974): 2016-09-09 20:18:47] ------------------
[job(974): 2016-09-09 20:18:47] * estimation method   : MLE 
[job(974): 2016-09-09 20:18:47] * optimisation method : BFGS 
[job(974): 2016-09-09 20:18:47] * analytical gradient : used
[job(974): 2016-09-09 20:18:47] * trend model : ~1
[job(974): 2016-09-09 20:18:47] * covariance model : 
[job(974): 2016-09-09 20:18:47]   - type :  matern5_2 
[job(974): 2016-09-09 20:18:47]   - nugget : NO
[job(974): 2016-09-09 20:18:47]   - parameters lower bounds :  1e-10 1e-10 
[job(974): 2016-09-09 20:18:47]   - parameters upper bounds :  39.87063 43.58886 
[job(974): 2016-09-09 20:18:47]   - best initial criterion value(s) :  16.01707 
[job(974): 2016-09-09 20:18:47] 
[job(974): 2016-09-09 20:18:47] N = 2, M = 5 machine precision = 2.22045e-16
[job(974): 2016-09-09 20:18:47] At X0, 0 variables are exactly at the bounds
[job(974): 2016-09-09 20:18:47] At iterate     0  f=      -16.017  |proj g|=      0.69713
[job(974): 2016-09-09 20:18:47] At iterate     1  f =      -31.534  |proj g|=             0
[job(974): 2016-09-09 20:18:47] 
[job(974): 2016-09-09 20:18:47] iterations 1
[job(974): 2016-09-09 20:18:47] function evaluations 2
[job(974): 2016-09-09 20:18:47] segments explored during Cauchy searches 2
[job(974): 2016-09-09 20:18:47] BFGS updates skipped 0
[job(974): 2016-09-09 20:18:47] active bounds at final generalized Cauchy point 1
[job(974): 2016-09-09 20:18:47] norm of the final projected gradient 0
[job(974): 2016-09-09 20:18:47] final function value -31.5343
[job(974): 2016-09-09 20:18:47] 
[job(974): 2016-09-09 20:18:47] F = -31.5343
[job(974): 2016-09-09 20:18:47] final  value -31.534330 
[job(974): 2016-09-09 20:18:47] converged
[job(974): 2016-09-09 20:18:47] [Tune-x] 22: C=273; sigma=0.00069
[job(974): 2016-09-09 20:18:47] [Tune-y] 22: acc.test.mean=0.305; time: 0.1 min; memory: 117Mb use, 159Mb max
[job(974): 2016-09-09 20:18:47] 
[job(974): 2016-09-09 20:18:47] optimisation start
[job(974): 2016-09-09 20:18:47] ------------------
[job(974): 2016-09-09 20:18:47] * estimation method   : MLE 
[job(974): 2016-09-09 20:18:47] * optimisation method : BFGS 
[job(974): 2016-09-09 20:18:47] * analytical gradient : used
[job(974): 2016-09-09 20:18:47] * trend model : ~1
[job(974): 2016-09-09 20:18:47] * covariance model : 
[job(974): 2016-09-09 20:18:47]   - type :  matern5_2 
[job(974): 2016-09-09 20:18:47]   - nugget : NO
[job(974): 2016-09-09 20:18:47]   - parameters lower bounds :  1e-10 1e-10 
[job(974): 2016-09-09 20:18:47]   - parameters upper bounds :  39.87063 43.78839 
[job(974): 2016-09-09 20:18:47]   - best initial criterion value(s) :  6.418052 
[job(974): 2016-09-09 20:18:47] 
[job(974): 2016-09-09 20:18:47] N = 2, M = 5 machine precision = 2.22045e-16
[job(974): 2016-09-09 20:18:47] At X0, 0 variables are exactly at the bounds
[job(974): 2016-09-09 20:18:47] At iterate     0  f=      -6.4181  |proj g|=       1.1203
[job(974): 2016-09-09 20:18:47] At iterate     1  f =      -33.495  |proj g|=             0
[job(974): 2016-09-09 20:18:47] 
[job(974): 2016-09-09 20:18:47] iterations 1
[job(974): 2016-09-09 20:18:47] function evaluations 2
[job(974): 2016-09-09 20:18:47] segments explored during Cauchy searches 2
[job(974): 2016-09-09 20:18:47] BFGS updates skipped 0
[job(974): 2016-09-09 20:18:47] active bounds at final generalized Cauchy point 1
[job(974): 2016-09-09 20:18:47] norm of the final projected gradient 0
[job(974): 2016-09-09 20:18:47] final function value -33.4948
[job(974): 2016-09-09 20:18:47] 
[job(974): 2016-09-09 20:18:47] F = -33.4948
[job(974): 2016-09-09 20:18:47] final  value -33.494846 
[job(974): 2016-09-09 20:18:47] converged
[job(974): 2016-09-09 20:18:47] [Tune-x] 23: C=0.22; sigma=0.74
[job(974): 2016-09-09 20:18:47] [Tune-y] 23: acc.test.mean=0.337; time: 0.0 min; memory: 117Mb use, 166Mb max
[job(974): 2016-09-09 20:18:47] 
[job(974): 2016-09-09 20:18:47] optimisation start
[job(974): 2016-09-09 20:18:47] ------------------
[job(974): 2016-09-09 20:18:47] * estimation method   : MLE 
[job(974): 2016-09-09 20:18:47] * optimisation method : BFGS 
[job(974): 2016-09-09 20:18:47] * analytical gradient : used
[job(974): 2016-09-09 20:18:47] * trend model : ~1
[job(974): 2016-09-09 20:18:47] * covariance model : 
[job(974): 2016-09-09 20:18:47]   - type :  matern5_2 
[job(974): 2016-09-09 20:18:47]   - nugget : NO
[job(974): 2016-09-09 20:18:47]   - parameters lower bounds :  1e-10 1e-10 
[job(974): 2016-09-09 20:18:47]   - parameters upper bounds :  39.87063 43.78839 
[job(974): 2016-09-09 20:18:47]   - best initial criterion value(s) :  4.920052 
[job(974): 2016-09-09 20:18:47] 
[job(974): 2016-09-09 20:18:47] N = 2, M = 5 machine precision = 2.22045e-16
[job(974): 2016-09-09 20:18:47] At X0, 0 variables are exactly at the bounds
[job(974): 2016-09-09 20:18:47] At iterate     0  f=      -4.9201  |proj g|=      0.25905
[job(974): 2016-09-09 20:18:47] At iterate     1  f =      -35.489  |proj g|=             0
[job(974): 2016-09-09 20:18:47] 
[job(974): 2016-09-09 20:18:47] iterations 1
[job(974): 2016-09-09 20:18:47] function evaluations 2
[job(974): 2016-09-09 20:18:47] segments explored during Cauchy searches 2
[job(974): 2016-09-09 20:18:47] BFGS updates skipped 0
[job(974): 2016-09-09 20:18:47] active bounds at final generalized Cauchy point 1
[job(974): 2016-09-09 20:18:47] norm of the final projected gradient 0
[job(974): 2016-09-09 20:18:47] final function value -35.4891
[job(974): 2016-09-09 20:18:47] 
[job(974): 2016-09-09 20:18:47] F = -35.4891
[job(974): 2016-09-09 20:18:47] final  value -35.489129 
[job(974): 2016-09-09 20:18:47] converged
[job(974): 2016-09-09 20:18:47] [Tune-x] 24: C=0.218; sigma=1.14e+03
[job(974): 2016-09-09 20:18:47] [Tune-y] 24: acc.test.mean=0.221; time: 0.0 min; memory: 117Mb use, 166Mb max
[job(974): 2016-09-09 20:18:47] 
[job(974): 2016-09-09 20:18:47] optimisation start
[job(974): 2016-09-09 20:18:47] ------------------
[job(974): 2016-09-09 20:18:47] * estimation method   : MLE 
[job(974): 2016-09-09 20:18:47] * optimisation method : BFGS 
[job(974): 2016-09-09 20:18:47] * analytical gradient : used
[job(974): 2016-09-09 20:18:47] * trend model : ~1
[job(974): 2016-09-09 20:18:47] * covariance model : 
[job(974): 2016-09-09 20:18:47]   - type :  matern5_2 
[job(974): 2016-09-09 20:18:47]   - nugget : NO
[job(974): 2016-09-09 20:18:47]   - parameters lower bounds :  1e-10 1e-10 
[job(974): 2016-09-09 20:18:47]   - parameters upper bounds :  39.87063 43.78839 
[job(974): 2016-09-09 20:18:47]   - best initial criterion value(s) :  -9.596278 
[job(974): 2016-09-09 20:18:47] 
[job(974): 2016-09-09 20:18:47] N = 2, M = 5 machine precision = 2.22045e-16
[job(974): 2016-09-09 20:18:47] At X0, 0 variables are exactly at the bounds
[job(974): 2016-09-09 20:18:47] At iterate     0  f=       9.5963  |proj g|=       3.2036
[job(974): 2016-09-09 20:18:47] At iterate     1  f =      -35.753  |proj g|=             0
[job(974): 2016-09-09 20:18:47] 
[job(974): 2016-09-09 20:18:47] iterations 1
[job(974): 2016-09-09 20:18:47] function evaluations 2
[job(974): 2016-09-09 20:18:47] segments explored during Cauchy searches 2
[job(974): 2016-09-09 20:18:47] BFGS updates skipped 0
[job(974): 2016-09-09 20:18:47] active bounds at final generalized Cauchy point 1
[job(974): 2016-09-09 20:18:47] norm of the final projected gradient 0
[job(974): 2016-09-09 20:18:47] final function value -35.7535
[job(974): 2016-09-09 20:18:47] 
[job(974): 2016-09-09 20:18:47] F = -35.7535
[job(974): 2016-09-09 20:18:47] final  value -35.753469 
[job(974): 2016-09-09 20:18:47] converged
[job(974): 2016-09-09 20:18:47] [Tune-x] 25: C=0.26; sigma=0.0173
[job(974): 2016-09-09 20:18:47] [Tune-y] 25: acc.test.mean=0.316; time: 0.0 min; memory: 117Mb use, 166Mb max
[job(974): 2016-09-09 20:18:47] 
[job(974): 2016-09-09 20:18:47] optimisation start
[job(974): 2016-09-09 20:18:47] ------------------
[job(974): 2016-09-09 20:18:47] * estimation method   : MLE 
[job(974): 2016-09-09 20:18:47] * optimisation method : BFGS 
[job(974): 2016-09-09 20:18:47] * analytical gradient : used
[job(974): 2016-09-09 20:18:47] * trend model : ~1
[job(974): 2016-09-09 20:18:47] * covariance model : 
[job(974): 2016-09-09 20:18:47]   - type :  matern5_2 
[job(974): 2016-09-09 20:18:47]   - nugget : NO
[job(974): 2016-09-09 20:18:47]   - parameters lower bounds :  1e-10 1e-10 
[job(974): 2016-09-09 20:18:47]   - parameters upper bounds :  39.87063 43.78839 
[job(974): 2016-09-09 20:18:47]   - best initial criterion value(s) :  -7.334331 
[job(974): 2016-09-09 20:18:47] 
[job(974): 2016-09-09 20:18:47] N = 2, M = 5 machine precision = 2.22045e-16
[job(974): 2016-09-09 20:18:47] At X0, 0 variables are exactly at the bounds
[job(974): 2016-09-09 20:18:47] At iterate     0  f=       7.3343  |proj g|=       2.8318
[job(974): 2016-09-09 20:18:47] At iterate     1  f =      -37.752  |proj g|=             0
[job(974): 2016-09-09 20:18:47] 
[job(974): 2016-09-09 20:18:47] iterations 1
[job(974): 2016-09-09 20:18:47] function evaluations 2
[job(974): 2016-09-09 20:18:47] segments explored during Cauchy searches 2
[job(974): 2016-09-09 20:18:47] BFGS updates skipped 0
[job(974): 2016-09-09 20:18:47] active bounds at final generalized Cauchy point 1
[job(974): 2016-09-09 20:18:47] norm of the final projected gradient 0
[job(974): 2016-09-09 20:18:47] final function value -37.7523
[job(974): 2016-09-09 20:18:47] 
[job(974): 2016-09-09 20:18:47] F = -37.7523
[job(974): 2016-09-09 20:18:47] final  value -37.752308 
[job(974): 2016-09-09 20:18:47] converged
[job(974): 2016-09-09 20:18:47] [Tune-x] 26: C=0.000744; sigma=0.0514
[job(974): 2016-09-09 20:18:47] [Tune-y] 26: acc.test.mean=0.358; time: 0.0 min; memory: 117Mb use, 166Mb max
[job(974): 2016-09-09 20:18:47] 
[job(974): 2016-09-09 20:18:47] optimisation start
[job(974): 2016-09-09 20:18:47] ------------------
[job(974): 2016-09-09 20:18:47] * estimation method   : MLE 
[job(974): 2016-09-09 20:18:47] * optimisation method : BFGS 
[job(974): 2016-09-09 20:18:47] * analytical gradient : used
[job(974): 2016-09-09 20:18:47] * trend model : ~1
[job(974): 2016-09-09 20:18:47] * covariance model : 
[job(974): 2016-09-09 20:18:47]   - type :  matern5_2 
[job(974): 2016-09-09 20:18:47]   - nugget : NO
[job(974): 2016-09-09 20:18:47]   - parameters lower bounds :  1e-10 1e-10 
[job(974): 2016-09-09 20:18:47]   - parameters upper bounds :  42.20029 43.78839 
[job(974): 2016-09-09 20:18:47]   - best initial criterion value(s) :  29.91845 
[job(974): 2016-09-09 20:18:47] 
[job(974): 2016-09-09 20:18:47] N = 2, M = 5 machine precision = 2.22045e-16
[job(974): 2016-09-09 20:18:47] At X0, 0 variables are exactly at the bounds
[job(974): 2016-09-09 20:18:47] At iterate     0  f=      -29.918  |proj g|=      0.34242
[job(974): 2016-09-09 20:18:47] At iterate     1  f =      -39.501  |proj g|=             0
[job(974): 2016-09-09 20:18:47] 
[job(974): 2016-09-09 20:18:47] iterations 1
[job(974): 2016-09-09 20:18:47] function evaluations 2
[job(974): 2016-09-09 20:18:47] segments explored during Cauchy searches 2
[job(974): 2016-09-09 20:18:47] BFGS updates skipped 0
[job(974): 2016-09-09 20:18:47] active bounds at final generalized Cauchy point 1
[job(974): 2016-09-09 20:18:47] norm of the final projected gradient 0
[job(974): 2016-09-09 20:18:47] final function value -39.5009
[job(974): 2016-09-09 20:18:47] 
[job(974): 2016-09-09 20:18:47] F = -39.5009
[job(974): 2016-09-09 20:18:47] final  value -39.500949 
[job(974): 2016-09-09 20:18:47] converged
[job(974): 2016-09-09 20:18:47] [Tune-x] 27: C=333; sigma=33
[job(974): 2016-09-09 20:18:47] [Tune-y] 27: acc.test.mean=0.316; time: 0.0 min; memory: 117Mb use, 166Mb max
[job(974): 2016-09-09 20:18:47] 
[job(974): 2016-09-09 20:18:47] optimisation start
[job(974): 2016-09-09 20:18:47] ------------------
[job(974): 2016-09-09 20:18:47] * estimation method   : MLE 
[job(974): 2016-09-09 20:18:47] * optimisation method : BFGS 
[job(974): 2016-09-09 20:18:47] * analytical gradient : used
[job(974): 2016-09-09 20:18:47] * trend model : ~1
[job(974): 2016-09-09 20:18:47] * covariance model : 
[job(974): 2016-09-09 20:18:47]   - type :  matern5_2 
[job(974): 2016-09-09 20:18:47]   - nugget : NO
[job(974): 2016-09-09 20:18:47]   - parameters lower bounds :  1e-10 1e-10 
[job(974): 2016-09-09 20:18:47]   - parameters upper bounds :  42.20029 43.78839 
[job(974): 2016-09-09 20:18:47]   - best initial criterion value(s) :  20.06371 
[job(974): 2016-09-09 20:18:47] 
[job(974): 2016-09-09 20:18:47] N = 2, M = 5 machine precision = 2.22045e-16
[job(974): 2016-09-09 20:18:47] At X0, 0 variables are exactly at the bounds
[job(974): 2016-09-09 20:18:47] At iterate     0  f=      -20.064  |proj g|=      0.80466
[job(974): 2016-09-09 20:18:47] At iterate     1  f =      -41.527  |proj g|=             0
[job(974): 2016-09-09 20:18:47] 
[job(974): 2016-09-09 20:18:47] iterations 1
[job(974): 2016-09-09 20:18:47] function evaluations 2
[job(974): 2016-09-09 20:18:47] segments explored during Cauchy searches 2
[job(974): 2016-09-09 20:18:47] BFGS updates skipped 0
[job(974): 2016-09-09 20:18:47] active bounds at final generalized Cauchy point 1
[job(974): 2016-09-09 20:18:47] norm of the final projected gradient 0
[job(974): 2016-09-09 20:18:47] final function value -41.5268
[job(974): 2016-09-09 20:18:47] 
[job(974): 2016-09-09 20:18:47] F = -41.5268
[job(974): 2016-09-09 20:18:47] final  value -41.526789 
[job(974): 2016-09-09 20:18:47] converged
[job(974): 2016-09-09 20:18:47] [Tune-x] 28: C=4.64; sigma=16.1
[job(974): 2016-09-09 20:18:47] [Tune-y] 28: acc.test.mean=0.263; time: 0.0 min; memory: 117Mb use, 166Mb max
[job(974): 2016-09-09 20:18:47] 
[job(974): 2016-09-09 20:18:47] optimisation start
[job(974): 2016-09-09 20:18:47] ------------------
[job(974): 2016-09-09 20:18:47] * estimation method   : MLE 
[job(974): 2016-09-09 20:18:47] * optimisation method : BFGS 
[job(974): 2016-09-09 20:18:47] * analytical gradient : used
[job(974): 2016-09-09 20:18:47] * trend model : ~1
[job(974): 2016-09-09 20:18:47] * covariance model : 
[job(974): 2016-09-09 20:18:47]   - type :  matern5_2 
[job(974): 2016-09-09 20:18:47]   - nugget : NO
[job(974): 2016-09-09 20:18:47]   - parameters lower bounds :  1e-10 1e-10 
[job(974): 2016-09-09 20:18:47]   - parameters upper bounds :  42.20029 43.78839 
[job(974): 2016-09-09 20:18:47]   - best initial criterion value(s) :  -9.875499 
[job(974): 2016-09-09 20:18:47] 
[job(974): 2016-09-09 20:18:47] N = 2, M = 5 machine precision = 2.22045e-16
[job(974): 2016-09-09 20:18:47] At X0, 0 variables are exactly at the bounds
[job(974): 2016-09-09 20:18:47] At iterate     0  f=       9.8755  |proj g|=       3.2946
[job(974): 2016-09-09 20:18:47] At iterate     1  f =      -42.995  |proj g|=             0
[job(974): 2016-09-09 20:18:47] 
[job(974): 2016-09-09 20:18:47] iterations 1
[job(974): 2016-09-09 20:18:47] function evaluations 2
[job(974): 2016-09-09 20:18:47] segments explored during Cauchy searches 2
[job(974): 2016-09-09 20:18:47] BFGS updates skipped 0
[job(974): 2016-09-09 20:18:47] active bounds at final generalized Cauchy point 1
[job(974): 2016-09-09 20:18:47] norm of the final projected gradient 0
[job(974): 2016-09-09 20:18:47] final function value -42.9947
[job(974): 2016-09-09 20:18:47] 
[job(974): 2016-09-09 20:18:47] F = -42.9947
[job(974): 2016-09-09 20:18:47] final  value -42.994664 
[job(974): 2016-09-09 20:18:47] converged
[job(974): 2016-09-09 20:18:47] [Tune] Result: C=0.00321; sigma=0.0758 : acc.test.mean=-0.421
[job(974): 2016-09-09 20:18:47] Job terminated successfully
[job(chunk): 2016-09-09 20:18:48] Calculation finished!
