[job(chunk): 2016-09-09 20:14:19] Starting calculation of 1 jobs
[job(chunk): 2016-09-09 20:14:19] Setting working directory to '/naslx/projects/pr74ze/ri89coc2/svm_comparison'
[job(chunk): 2016-09-09 20:14:19] Memory measurement disabled
[job(606): 2016-09-09 20:14:21] Starting job with job.id=606
[job(606): 2016-09-09 20:15:12] Generating problem instance for problem '285' ...
[job(606): 2016-09-09 20:15:12] Downloading from 'http://www.openml.org/api/v1/data/285' to '/tmp/ri89coc2/Rtmp2xEJNT/cache/datasets/285/description.xml'.
[job(606): 2016-09-09 20:15:12] Downloading from 'http://www.openml.org/data/download/49810/flags.arff' to '/tmp/ri89coc2/Rtmp2xEJNT/cache/datasets/285/dataset.arff'
[job(606): 2016-09-09 20:15:12] Loading required package: readr
[job(606): 2016-09-09 20:15:12] Applying algorithm 'C-svc.tuned' on problem '285' ...
[job(606): 2016-09-09 20:15:12] Data '285' file 'description.xml' found in cache.
[job(606): 2016-09-09 20:15:12] Data '285' file 'dataset.arff' found in cache.
[job(606): 2016-09-09 20:15:12] [Tune] Started tuning learner C-svc for parameter set:
[job(606): 2016-09-09 20:15:12]          Type len Def    Constr Req Tunable Trafo
[job(606): 2016-09-09 20:15:12] C     numeric   -   - -12 to 12   -    TRUE     Y
[job(606): 2016-09-09 20:15:12] sigma numeric   -   - -12 to 12   -    TRUE     Y
[job(606): 2016-09-09 20:15:12] With control class: TuneControlMBO
[job(606): 2016-09-09 20:15:12] Imputation value: -0
[job(606): 2016-09-09 20:15:12] [Tune-x] 1: C=0.579; sigma=353
[job(606): 2016-09-09 20:15:12] [Tune-y] 1: acc.test.mean=0.314; time: 0.0 min; memory: 113Mb use, 147Mb max
[job(606): 2016-09-09 20:15:12] [Tune-x] 2: C=40.7; sigma=0.205
[job(606): 2016-09-09 20:15:12] [Tune-y] 2: acc.test.mean=0.571; time: 0.0 min; memory: 113Mb use, 148Mb max
[job(606): 2016-09-09 20:15:12] [Tune-x] 3: C=0.00079; sigma=1.76
[job(606): 2016-09-09 20:15:12] [Tune-y] 3: acc.test.mean=0.314; time: 0.0 min; memory: 113Mb use, 149Mb max
[job(606): 2016-09-09 20:15:12] [Tune-x] 4: C=0.0163; sigma=0.00186
[job(606): 2016-09-09 20:15:12] [Tune-y] 4: acc.test.mean=0.314; time: 0.0 min; memory: 113Mb use, 150Mb max
[job(606): 2016-09-09 20:15:12] [Tune-x] 5: C=488; sigma=533
[job(606): 2016-09-09 20:15:12] [Tune-y] 5: acc.test.mean=0.32; time: 0.0 min; memory: 113Mb use, 150Mb max
[job(606): 2016-09-09 20:15:12] [Tune-x] 6: C=3.12; sigma=0.0473
[job(606): 2016-09-09 20:15:12] [Tune-y] 6: acc.test.mean=0.657; time: 0.0 min; memory: 113Mb use, 150Mb max
[job(606): 2016-09-09 20:15:12] [Tune-x] 7: C=0.00202; sigma=32.1
[job(606): 2016-09-09 20:15:12] [Tune-y] 7: acc.test.mean=0.314; time: 0.0 min; memory: 113Mb use, 150Mb max
[job(606): 2016-09-09 20:15:12] [Tune-x] 8: C=1.94e+03; sigma=0.00562
[job(606): 2016-09-09 20:15:12] [Tune-y] 8: acc.test.mean=0.594; time: 0.0 min; memory: 113Mb use, 150Mb max
[job(606): 2016-09-09 20:15:12] 
[job(606): 2016-09-09 20:15:12] optimisation start
[job(606): 2016-09-09 20:15:12] ------------------
[job(606): 2016-09-09 20:15:12] * estimation method   : MLE 
[job(606): 2016-09-09 20:15:12] * optimisation method : BFGS 
[job(606): 2016-09-09 20:15:12] * analytical gradient : used
[job(606): 2016-09-09 20:15:12] * trend model : ~1
[job(606): 2016-09-09 20:15:12] * covariance model : 
[job(606): 2016-09-09 20:15:12]   - type :  matern5_2 
[job(606): 2016-09-09 20:15:12]   - nugget : NO
[job(606): 2016-09-09 20:15:12]   - parameters lower bounds :  1e-10 1e-10 
[job(606): 2016-09-09 20:15:12]   - parameters upper bounds :  42.45984 36.26414 
[job(606): 2016-09-09 20:15:12]   - best initial criterion value(s) :  5.664639 
[job(606): 2016-09-09 20:15:12] 
[job(606): 2016-09-09 20:15:12] N = 2, M = 5 machine precision = 2.22045e-16
[job(606): 2016-09-09 20:15:12] At X0, 0 variables are exactly at the bounds
[job(606): 2016-09-09 20:15:12] At iterate     0  f=      -5.6646  |proj g|=      0.10112
[job(606): 2016-09-09 20:15:12] At iterate     1  f =      -5.6819  |proj g|=      0.095625
[job(606): 2016-09-09 20:15:12] At iterate     2  f =      -5.8154  |proj g|=      0.066503
[job(606): 2016-09-09 20:15:12] At iterate     3  f =      -5.8415  |proj g|=      0.032415
[job(606): 2016-09-09 20:15:12] At iterate     4  f =      -5.8706  |proj g|=      0.049056
[job(606): 2016-09-09 20:15:12] At iterate     5  f =      -5.8788  |proj g|=      0.057131
[job(606): 2016-09-09 20:15:12] At iterate     6  f =      -5.9138  |proj g|=      0.090019
[job(606): 2016-09-09 20:15:12] At iterate     7  f =      -6.0118  |proj g|=        0.1157
[job(606): 2016-09-09 20:15:12] At iterate     8  f =      -6.1071  |proj g|=      0.064994
[job(606): 2016-09-09 20:15:12] At iterate     9  f =      -6.1659  |proj g|=      0.062774
[job(606): 2016-09-09 20:15:12] At iterate    10  f =      -6.1773  |proj g|=      0.026176
[job(606): 2016-09-09 20:15:12] At iterate    11  f =      -6.1803  |proj g|=     0.0025118
[job(606): 2016-09-09 20:15:12] At iterate    12  f =      -6.1804  |proj g|=    0.00015831
[job(606): 2016-09-09 20:15:12] At iterate    13  f =      -6.1804  |proj g|=      7.77e-07
[job(606): 2016-09-09 20:15:12] At iterate    14  f =      -6.1804  |proj g|=    4.8034e-07
[job(606): 2016-09-09 20:15:12] 
[job(606): 2016-09-09 20:15:12] iterations 14
[job(606): 2016-09-09 20:15:12] function evaluations 18
[job(606): 2016-09-09 20:15:12] segments explored during Cauchy searches 14
[job(606): 2016-09-09 20:15:12] BFGS updates skipped 0
[job(606): 2016-09-09 20:15:12] active bounds at final generalized Cauchy point 0
[job(606): 2016-09-09 20:15:12] norm of the final projected gradient 4.80342e-07
[job(606): 2016-09-09 20:15:12] final function value -6.18039
[job(606): 2016-09-09 20:15:12] 
[job(606): 2016-09-09 20:15:12] F = -6.18039
[job(606): 2016-09-09 20:15:12] final  value -6.180393 
[job(606): 2016-09-09 20:15:12] converged
[job(606): 2016-09-09 20:15:12] [Tune-x] 9: C=1.36e+03; sigma=0.032
[job(606): 2016-09-09 20:15:12] [Tune-y] 9: acc.test.mean=0.611; time: 0.0 min; memory: 117Mb use, 168Mb max
[job(606): 2016-09-09 20:15:12] 
[job(606): 2016-09-09 20:15:12] optimisation start
[job(606): 2016-09-09 20:15:12] ------------------
[job(606): 2016-09-09 20:15:12] * estimation method   : MLE 
[job(606): 2016-09-09 20:15:12] * optimisation method : BFGS 
[job(606): 2016-09-09 20:15:12] * analytical gradient : used
[job(606): 2016-09-09 20:15:12] * trend model : ~1
[job(606): 2016-09-09 20:15:12] * covariance model : 
[job(606): 2016-09-09 20:15:12]   - type :  matern5_2 
[job(606): 2016-09-09 20:15:12]   - nugget : NO
[job(606): 2016-09-09 20:15:12]   - parameters lower bounds :  1e-10 1e-10 
[job(606): 2016-09-09 20:15:12]   - parameters upper bounds :  42.45984 36.26414 
[job(606): 2016-09-09 20:15:12]   - best initial criterion value(s) :  7.801245 
[job(606): 2016-09-09 20:15:12] 
[job(606): 2016-09-09 20:15:12] N = 2, M = 5 machine precision = 2.22045e-16
[job(606): 2016-09-09 20:15:12] At X0, 0 variables are exactly at the bounds
[job(606): 2016-09-09 20:15:12] At iterate     0  f=      -7.8012  |proj g|=     0.028725
[job(606): 2016-09-09 20:15:12] At iterate     1  f =      -7.8023  |proj g|=      0.027721
[job(606): 2016-09-09 20:15:12] At iterate     2  f =      -7.8144  |proj g|=      0.018295
[job(606): 2016-09-09 20:15:12] At iterate     3  f =      -7.8177  |proj g|=      0.011626
[job(606): 2016-09-09 20:15:12] At iterate     4  f =      -7.8185  |proj g|=    0.00019559
[job(606): 2016-09-09 20:15:12] At iterate     5  f =      -7.8185  |proj g|=    3.5844e-06
[job(606): 2016-09-09 20:15:12] At iterate     6  f =      -7.8185  |proj g|=    2.4973e-08
[job(606): 2016-09-09 20:15:12] 
[job(606): 2016-09-09 20:15:12] iterations 6
[job(606): 2016-09-09 20:15:12] function evaluations 7
[job(606): 2016-09-09 20:15:12] segments explored during Cauchy searches 6
[job(606): 2016-09-09 20:15:12] BFGS updates skipped 0
[job(606): 2016-09-09 20:15:12] active bounds at final generalized Cauchy point 0
[job(606): 2016-09-09 20:15:12] norm of the final projected gradient 2.49733e-08
[job(606): 2016-09-09 20:15:12] final function value -7.81847
[job(606): 2016-09-09 20:15:12] 
[job(606): 2016-09-09 20:15:12] F = -7.81847
[job(606): 2016-09-09 20:15:12] final  value -7.818467 
[job(606): 2016-09-09 20:15:12] converged
[job(606): 2016-09-09 20:15:12] [Tune-x] 10: C=13.2; sigma=0.0319
[job(606): 2016-09-09 20:15:12] [Tune-y] 10: acc.test.mean=0.651; time: 0.0 min; memory: 117Mb use, 170Mb max
[job(606): 2016-09-09 20:15:12] 
[job(606): 2016-09-09 20:15:12] optimisation start
[job(606): 2016-09-09 20:15:12] ------------------
[job(606): 2016-09-09 20:15:12] * estimation method   : MLE 
[job(606): 2016-09-09 20:15:12] * optimisation method : BFGS 
[job(606): 2016-09-09 20:15:12] * analytical gradient : used
[job(606): 2016-09-09 20:15:12] * trend model : ~1
[job(606): 2016-09-09 20:15:12] * covariance model : 
[job(606): 2016-09-09 20:15:12]   - type :  matern5_2 
[job(606): 2016-09-09 20:15:12]   - nugget : NO
[job(606): 2016-09-09 20:15:12]   - parameters lower bounds :  1e-10 1e-10 
[job(606): 2016-09-09 20:15:12]   - parameters upper bounds :  42.45984 36.26414 
[job(606): 2016-09-09 20:15:12]   - best initial criterion value(s) :  10.10789 
[job(606): 2016-09-09 20:15:12] 
[job(606): 2016-09-09 20:15:12] N = 2, M = 5 machine precision = 2.22045e-16
[job(606): 2016-09-09 20:15:12] At X0, 0 variables are exactly at the bounds
[job(606): 2016-09-09 20:15:12] At iterate     0  f=      -10.108  |proj g|=      0.11571
[job(606): 2016-09-09 20:15:12] At iterate     1  f =      -10.124  |proj g|=       0.11213
[job(606): 2016-09-09 20:15:12] At iterate     2  f =      -10.296  |proj g|=      0.060913
[job(606): 2016-09-09 20:15:12] At iterate     3  f =      -10.322  |proj g|=      0.093136
[job(606): 2016-09-09 20:15:12] At iterate     4  f =       -10.36  |proj g|=        0.1166
[job(606): 2016-09-09 20:15:12] At iterate     5  f =      -10.452  |proj g|=       0.13716
[job(606): 2016-09-09 20:15:12] At iterate     6  f =      -10.591  |proj g|=      0.091076
[job(606): 2016-09-09 20:15:12] At iterate     7  f =      -10.604  |proj g|=      0.036017
[job(606): 2016-09-09 20:15:12] At iterate     8  f =      -10.606  |proj g|=     0.0047855
[job(606): 2016-09-09 20:15:12] At iterate     9  f =      -10.606  |proj g|=    0.00036122
[job(606): 2016-09-09 20:15:12] At iterate    10  f =      -10.606  |proj g|=    1.4167e-05
[job(606): 2016-09-09 20:15:12] At iterate    11  f =      -10.606  |proj g|=    2.6996e-06
[job(606): 2016-09-09 20:15:12] 
[job(606): 2016-09-09 20:15:12] iterations 11
[job(606): 2016-09-09 20:15:12] function evaluations 14
[job(606): 2016-09-09 20:15:12] segments explored during Cauchy searches 11
[job(606): 2016-09-09 20:15:12] BFGS updates skipped 0
[job(606): 2016-09-09 20:15:12] active bounds at final generalized Cauchy point 0
[job(606): 2016-09-09 20:15:12] norm of the final projected gradient 2.69965e-06
[job(606): 2016-09-09 20:15:12] final function value -10.6061
[job(606): 2016-09-09 20:15:12] 
[job(606): 2016-09-09 20:15:12] F = -10.6061
[job(606): 2016-09-09 20:15:12] final  value -10.606090 
[job(606): 2016-09-09 20:15:12] converged
[job(606): 2016-09-09 20:15:12] [Tune-x] 11: C=5.3; sigma=0.0485
[job(606): 2016-09-09 20:15:12] [Tune-y] 11: acc.test.mean=0.606; time: 0.0 min; memory: 117Mb use, 170Mb max
[job(606): 2016-09-09 20:15:12] 
[job(606): 2016-09-09 20:15:12] optimisation start
[job(606): 2016-09-09 20:15:12] ------------------
[job(606): 2016-09-09 20:15:12] * estimation method   : MLE 
[job(606): 2016-09-09 20:15:12] * optimisation method : BFGS 
[job(606): 2016-09-09 20:15:12] * analytical gradient : used
[job(606): 2016-09-09 20:15:12] * trend model : ~1
[job(606): 2016-09-09 20:15:12] * covariance model : 
[job(606): 2016-09-09 20:15:12]   - type :  matern5_2 
[job(606): 2016-09-09 20:15:12]   - nugget : NO
[job(606): 2016-09-09 20:15:12]   - parameters lower bounds :  1e-10 1e-10 
[job(606): 2016-09-09 20:15:12]   - parameters upper bounds :  42.45984 36.26414 
[job(606): 2016-09-09 20:15:12]   - best initial criterion value(s) :  7.411536 
[job(606): 2016-09-09 20:15:12] 
[job(606): 2016-09-09 20:15:12] N = 2, M = 5 machine precision = 2.22045e-16
[job(606): 2016-09-09 20:15:12] At X0, 0 variables are exactly at the bounds
[job(606): 2016-09-09 20:15:12] At iterate     0  f=      -7.4115  |proj g|=       1.1013
[job(606): 2016-09-09 20:15:12] At iterate     1  f =      -8.3569  |proj g|=       0.52813
[job(606): 2016-09-09 20:15:12] At iterate     2  f =      -8.4881  |proj g|=      0.074591
[job(606): 2016-09-09 20:15:12] At iterate     3  f =      -8.4936  |proj g|=      0.070844
[job(606): 2016-09-09 20:15:12] At iterate     4  f =      -8.5066  |proj g|=       0.10052
[job(606): 2016-09-09 20:15:12] At iterate     5  f =      -8.5292  |proj g|=        0.1195
[job(606): 2016-09-09 20:15:12] At iterate     6  f =        -8.54  |proj g|=     0.0041438
[job(606): 2016-09-09 20:15:12] At iterate     7  f =      -8.5402  |proj g|=      0.003796
[job(606): 2016-09-09 20:15:12] At iterate     8  f =      -8.5403  |proj g|=    0.00087718
[job(606): 2016-09-09 20:15:12] At iterate     9  f =      -8.5403  |proj g|=    9.0914e-07
[job(606): 2016-09-09 20:15:12] At iterate    10  f =      -8.5403  |proj g|=    4.3305e-10
[job(606): 2016-09-09 20:15:12] 
[job(606): 2016-09-09 20:15:12] iterations 10
[job(606): 2016-09-09 20:15:12] function evaluations 12
[job(606): 2016-09-09 20:15:12] segments explored during Cauchy searches 10
[job(606): 2016-09-09 20:15:12] BFGS updates skipped 0
[job(606): 2016-09-09 20:15:12] active bounds at final generalized Cauchy point 0
[job(606): 2016-09-09 20:15:12] norm of the final projected gradient 4.33054e-10
[job(606): 2016-09-09 20:15:12] final function value -8.54025
[job(606): 2016-09-09 20:15:12] 
[job(606): 2016-09-09 20:15:12] F = -8.54025
[job(606): 2016-09-09 20:15:12] final  value -8.540252 
[job(606): 2016-09-09 20:15:12] converged
[job(606): 2016-09-09 20:15:12] [Tune-x] 12: C=2.28; sigma=0.0258
[job(606): 2016-09-09 20:15:12] [Tune-y] 12: acc.test.mean=0.634; time: 0.0 min; memory: 117Mb use, 170Mb max
[job(606): 2016-09-09 20:15:12] 
[job(606): 2016-09-09 20:15:12] optimisation start
[job(606): 2016-09-09 20:15:12] ------------------
[job(606): 2016-09-09 20:15:12] * estimation method   : MLE 
[job(606): 2016-09-09 20:15:12] * optimisation method : BFGS 
[job(606): 2016-09-09 20:15:12] * analytical gradient : used
[job(606): 2016-09-09 20:15:12] * trend model : ~1
[job(606): 2016-09-09 20:15:12] * covariance model : 
[job(606): 2016-09-09 20:15:12]   - type :  matern5_2 
[job(606): 2016-09-09 20:15:12]   - nugget : NO
[job(606): 2016-09-09 20:15:12]   - parameters lower bounds :  1e-10 1e-10 
[job(606): 2016-09-09 20:15:12]   - parameters upper bounds :  42.45984 36.26414 
[job(606): 2016-09-09 20:15:12]   - best initial criterion value(s) :  5.153349 
[job(606): 2016-09-09 20:15:12] 
[job(606): 2016-09-09 20:15:12] N = 2, M = 5 machine precision = 2.22045e-16
[job(606): 2016-09-09 20:15:12] At X0, 0 variables are exactly at the bounds
[job(606): 2016-09-09 20:15:12] At iterate     0  f=      -5.1533  |proj g|=       2.1889
[job(606): 2016-09-09 20:15:12] At iterate     1  f =      -9.7007  |proj g|=        1.4746
[job(606): 2016-09-09 20:15:12] At iterate     2  f =      -10.022  |proj g|=        1.0774
[job(606): 2016-09-09 20:15:12] At iterate     3  f =      -10.282  |proj g|=       0.21352
[job(606): 2016-09-09 20:15:12] At iterate     4  f =      -10.319  |proj g|=       0.28705
[job(606): 2016-09-09 20:15:12] At iterate     5  f =      -10.437  |proj g|=       0.15827
[job(606): 2016-09-09 20:15:12] At iterate     6  f =      -10.519  |proj g|=      0.037722
[job(606): 2016-09-09 20:15:12] At iterate     7  f =       -10.54  |proj g|=      0.034903
[job(606): 2016-09-09 20:15:12] At iterate     8  f =      -10.544  |proj g|=     0.0094935
[job(606): 2016-09-09 20:15:12] At iterate     9  f =      -10.544  |proj g|=     0.0064427
[job(606): 2016-09-09 20:15:12] At iterate    10  f =      -10.544  |proj g|=    0.00077836
[job(606): 2016-09-09 20:15:12] At iterate    11  f =      -10.544  |proj g|=    1.8807e-05
[job(606): 2016-09-09 20:15:12] At iterate    12  f =      -10.544  |proj g|=      1.25e-08
[job(606): 2016-09-09 20:15:12] 
[job(606): 2016-09-09 20:15:12] iterations 12
[job(606): 2016-09-09 20:15:12] function evaluations 17
[job(606): 2016-09-09 20:15:12] segments explored during Cauchy searches 13
[job(606): 2016-09-09 20:15:12] BFGS updates skipped 0
[job(606): 2016-09-09 20:15:12] active bounds at final generalized Cauchy point 0
[job(606): 2016-09-09 20:15:12] norm of the final projected gradient 1.25002e-08
[job(606): 2016-09-09 20:15:12] final function value -10.5438
[job(606): 2016-09-09 20:15:12] 
[job(606): 2016-09-09 20:15:12] F = -10.5438
[job(606): 2016-09-09 20:15:12] final  value -10.543829 
[job(606): 2016-09-09 20:15:12] converged
[job(606): 2016-09-09 20:15:12] [Tune-x] 13: C=3.01; sigma=0.0653
[job(606): 2016-09-09 20:15:12] [Tune-y] 13: acc.test.mean=0.634; time: 0.0 min; memory: 117Mb use, 170Mb max
[job(606): 2016-09-09 20:15:12] 
[job(606): 2016-09-09 20:15:12] optimisation start
[job(606): 2016-09-09 20:15:12] ------------------
[job(606): 2016-09-09 20:15:12] * estimation method   : MLE 
[job(606): 2016-09-09 20:15:12] * optimisation method : BFGS 
[job(606): 2016-09-09 20:15:12] * analytical gradient : used
[job(606): 2016-09-09 20:15:12] * trend model : ~1
[job(606): 2016-09-09 20:15:12] * covariance model : 
[job(606): 2016-09-09 20:15:12]   - type :  matern5_2 
[job(606): 2016-09-09 20:15:12]   - nugget : NO
[job(606): 2016-09-09 20:15:12]   - parameters lower bounds :  1e-10 1e-10 
[job(606): 2016-09-09 20:15:12]   - parameters upper bounds :  42.45984 36.26414 
[job(606): 2016-09-09 20:15:12]   - best initial criterion value(s) :  8.215629 
[job(606): 2016-09-09 20:15:12] 
[job(606): 2016-09-09 20:15:12] N = 2, M = 5 machine precision = 2.22045e-16
[job(606): 2016-09-09 20:15:12] At X0, 0 variables are exactly at the bounds
[job(606): 2016-09-09 20:15:12] At iterate     0  f=      -8.2156  |proj g|=      0.27213
[job(606): 2016-09-09 20:15:12] At iterate     1  f =      -8.3221  |proj g|=       0.24849
[job(606): 2016-09-09 20:15:12] At iterate     2  f =      -8.4708  |proj g|=       0.15671
[job(606): 2016-09-09 20:15:12] At iterate     3  f =      -8.4711  |proj g|=       0.03488
[job(606): 2016-09-09 20:15:12] At iterate     4  f =      -8.4786  |proj g|=       0.17648
[job(606): 2016-09-09 20:15:12] At iterate     5  f =      -8.5315  |proj g|=       0.19438
[job(606): 2016-09-09 20:15:12] At iterate     6  f =      -8.6055  |proj g|=       0.20284
[job(606): 2016-09-09 20:15:12] At iterate     7  f =      -8.6869  |proj g|=       0.19329
[job(606): 2016-09-09 20:15:12] At iterate     8  f =      -8.7091  |proj g|=       0.17757
[job(606): 2016-09-09 20:15:12] At iterate     9  f =      -8.7099  |proj g|=       0.05071
[job(606): 2016-09-09 20:15:12] At iterate    10  f =        -8.71  |proj g|=     0.0051741
[job(606): 2016-09-09 20:15:12] At iterate    11  f =        -8.71  |proj g|=    3.1713e-05
[job(606): 2016-09-09 20:15:12] At iterate    12  f =        -8.71  |proj g|=    8.3338e-05
[job(606): 2016-09-09 20:15:12] 
[job(606): 2016-09-09 20:15:12] iterations 12
[job(606): 2016-09-09 20:15:12] function evaluations 18
[job(606): 2016-09-09 20:15:12] segments explored during Cauchy searches 13
[job(606): 2016-09-09 20:15:12] BFGS updates skipped 0
[job(606): 2016-09-09 20:15:12] active bounds at final generalized Cauchy point 0
[job(606): 2016-09-09 20:15:12] norm of the final projected gradient 8.33378e-05
[job(606): 2016-09-09 20:15:12] final function value -8.70999
[job(606): 2016-09-09 20:15:12] 
[job(606): 2016-09-09 20:15:12] F = -8.70999
[job(606): 2016-09-09 20:15:12] final  value -8.709993 
[job(606): 2016-09-09 20:15:12] converged
[job(606): 2016-09-09 20:15:12] [Tune-x] 14: C=0.659; sigma=0.0452
[job(606): 2016-09-09 20:15:12] [Tune-y] 14: acc.test.mean=0.56; time: 0.0 min; memory: 117Mb use, 170Mb max
[job(606): 2016-09-09 20:15:12] 
[job(606): 2016-09-09 20:15:12] optimisation start
[job(606): 2016-09-09 20:15:12] ------------------
[job(606): 2016-09-09 20:15:12] * estimation method   : MLE 
[job(606): 2016-09-09 20:15:12] * optimisation method : BFGS 
[job(606): 2016-09-09 20:15:12] * analytical gradient : used
[job(606): 2016-09-09 20:15:12] * trend model : ~1
[job(606): 2016-09-09 20:15:12] * covariance model : 
[job(606): 2016-09-09 20:15:12]   - type :  matern5_2 
[job(606): 2016-09-09 20:15:12]   - nugget : NO
[job(606): 2016-09-09 20:15:12]   - parameters lower bounds :  1e-10 1e-10 
[job(606): 2016-09-09 20:15:12]   - parameters upper bounds :  42.45984 36.26414 
[job(606): 2016-09-09 20:15:12]   - best initial criterion value(s) :  -8.45365 
[job(606): 2016-09-09 20:15:12] 
[job(606): 2016-09-09 20:15:12] N = 2, M = 5 machine precision = 2.22045e-16
[job(606): 2016-09-09 20:15:12] At X0, 0 variables are exactly at the bounds
[job(606): 2016-09-09 20:15:12] At iterate     0  f=       8.4537  |proj g|=        1.552
[job(606): 2016-09-09 20:15:12] At iterate     1  f =       5.9255  |proj g|=         1.689
[job(606): 2016-09-09 20:15:12] ys=-2.145e-01  -gs= 2.409e+00, BFGS update SKIPPED
[job(606): 2016-09-09 20:15:12] At iterate     2  f =      -12.462  |proj g|=        1.4116
[job(606): 2016-09-09 20:15:12] At iterate     3  f =      -12.687  |proj g|=        0.4767
[job(606): 2016-09-09 20:15:12] At iterate     4  f =      -12.931  |proj g|=       0.68029
[job(606): 2016-09-09 20:15:12] At iterate     5  f =      -12.957  |proj g|=       0.40437
[job(606): 2016-09-09 20:15:12] At iterate     6  f =      -12.985  |proj g|=      0.080616
[job(606): 2016-09-09 20:15:12] At iterate     7  f =      -12.989  |proj g|=       0.07685
[job(606): 2016-09-09 20:15:12] At iterate     8  f =      -12.989  |proj g|=      0.034335
[job(606): 2016-09-09 20:15:12] At iterate     9  f =      -12.989  |proj g|=     0.0072526
[job(606): 2016-09-09 20:15:12] At iterate    10  f =      -12.989  |proj g|=     0.0010341
[job(606): 2016-09-09 20:15:12] At iterate    11  f =      -12.989  |proj g|=     0.0035325
[job(606): 2016-09-09 20:15:12] At iterate    12  f =      -12.989  |proj g|=     0.0055298
[job(606): 2016-09-09 20:15:12] At iterate    13  f =      -12.989  |proj g|=    0.00041542
[job(606): 2016-09-09 20:15:12] At iterate    14  f =      -12.989  |proj g|=    3.2705e-05
[job(606): 2016-09-09 20:15:12] At iterate    15  f =      -12.989  |proj g|=    1.7322e-05
[job(606): 2016-09-09 20:15:12] 
[job(606): 2016-09-09 20:15:12] iterations 15
[job(606): 2016-09-09 20:15:12] function evaluations 22
[job(606): 2016-09-09 20:15:12] segments explored during Cauchy searches 16
[job(606): 2016-09-09 20:15:12] BFGS updates skipped 1
[job(606): 2016-09-09 20:15:12] active bounds at final generalized Cauchy point 0
[job(606): 2016-09-09 20:15:12] norm of the final projected gradient 1.73221e-05
[job(606): 2016-09-09 20:15:12] final function value -12.9894
[job(606): 2016-09-09 20:15:12] 
[job(606): 2016-09-09 20:15:12] F = -12.9894
[job(606): 2016-09-09 20:15:12] final  value -12.989415 
[job(606): 2016-09-09 20:15:12] converged
[job(606): 2016-09-09 20:15:12] [Tune-x] 15: C=3.32; sigma=0.0272
[job(606): 2016-09-09 20:15:12] [Tune-y] 15: acc.test.mean=0.629; time: 0.0 min; memory: 117Mb use, 170Mb max
[job(606): 2016-09-09 20:15:12] 
[job(606): 2016-09-09 20:15:12] optimisation start
[job(606): 2016-09-09 20:15:12] ------------------
[job(606): 2016-09-09 20:15:12] * estimation method   : MLE 
[job(606): 2016-09-09 20:15:12] * optimisation method : BFGS 
[job(606): 2016-09-09 20:15:12] * analytical gradient : used
[job(606): 2016-09-09 20:15:12] * trend model : ~1
[job(606): 2016-09-09 20:15:12] * covariance model : 
[job(606): 2016-09-09 20:15:12]   - type :  matern5_2 
[job(606): 2016-09-09 20:15:12]   - nugget : NO
[job(606): 2016-09-09 20:15:12]   - parameters lower bounds :  1e-10 1e-10 
[job(606): 2016-09-09 20:15:12]   - parameters upper bounds :  42.45984 36.26414 
[job(606): 2016-09-09 20:15:12]   - best initial criterion value(s) :  9.759642 
[job(606): 2016-09-09 20:15:12] 
[job(606): 2016-09-09 20:15:12] N = 2, M = 5 machine precision = 2.22045e-16
[job(606): 2016-09-09 20:15:12] At X0, 0 variables are exactly at the bounds
[job(606): 2016-09-09 20:15:12] At iterate     0  f=      -9.7596  |proj g|=       10.027
[job(606): 2016-09-09 20:15:12] At iterate     1  f =      -10.162  |proj g|=        0.1815
[job(606): 2016-09-09 20:15:12] At iterate     2  f =      -10.162  |proj g|=      0.015774
[job(606): 2016-09-09 20:15:12] At iterate     3  f =      -10.162  |proj g|=      0.010491
[job(606): 2016-09-09 20:15:12] At iterate     4  f =      -10.162  |proj g|=      0.010484
[job(606): 2016-09-09 20:15:12] At iterate     5  f =      -10.162  |proj g|=      0.029185
[job(606): 2016-09-09 20:15:12] At iterate     6  f =      -10.162  |proj g|=      0.058962
[job(606): 2016-09-09 20:15:12] At iterate     7  f =      -10.162  |proj g|=       0.11127
[job(606): 2016-09-09 20:15:12] At iterate     8  f =      -10.162  |proj g|=       0.19348
[job(606): 2016-09-09 20:15:12] At iterate     9  f =      -10.163  |proj g|=       0.32855
[job(606): 2016-09-09 20:15:12] At iterate    10  f =      -10.163  |proj g|=       0.55132
[job(606): 2016-09-09 20:15:12] At iterate    11  f =      -10.165  |proj g|=       0.93276
[job(606): 2016-09-09 20:15:12] At iterate    12  f =      -10.171  |proj g|=        1.6317
[job(606): 2016-09-09 20:15:12] At iterate    13  f =      -10.191  |proj g|=        3.1859
[job(606): 2016-09-09 20:15:12] At iterate    14  f =      -10.312  |proj g|=        10.147
[job(606): 2016-09-09 20:15:12] At iterate    15  f =      -10.329  |proj g|=        10.764
[job(606): 2016-09-09 20:15:12] At iterate    16  f =      -10.497  |proj g|=        9.3188
[job(606): 2016-09-09 20:15:12] At iterate    17  f =      -10.817  |proj g|=        1.5757
[job(606): 2016-09-09 20:15:12] At iterate    18  f =      -10.964  |proj g|=        4.4354
[job(606): 2016-09-09 20:15:12] At iterate    19  f =       -11.01  |proj g|=        4.6809
[job(606): 2016-09-09 20:15:12] At iterate    20  f =      -11.433  |proj g|=        4.1246
[job(606): 2016-09-09 20:15:12] At iterate    21  f =      -13.689  |proj g|=        3.2647
[job(606): 2016-09-09 20:15:12] At iterate    22  f =      -15.381  |proj g|=         1.087
[job(606): 2016-09-09 20:15:12] At iterate    23  f =      -15.713  |proj g|=      0.090826
[job(606): 2016-09-09 20:15:12] At iterate    24  f =      -15.715  |proj g|=     0.0035658
[job(606): 2016-09-09 20:15:12] At iterate    25  f =      -15.715  |proj g|=    0.00011477
[job(606): 2016-09-09 20:15:12] At iterate    26  f =      -15.715  |proj g|=    1.0744e-06
[job(606): 2016-09-09 20:15:12] 
[job(606): 2016-09-09 20:15:12] iterations 26
[job(606): 2016-09-09 20:15:12] function evaluations 41
[job(606): 2016-09-09 20:15:12] segments explored during Cauchy searches 26
[job(606): 2016-09-09 20:15:12] BFGS updates skipped 0
[job(606): 2016-09-09 20:15:12] active bounds at final generalized Cauchy point 0
[job(606): 2016-09-09 20:15:12] norm of the final projected gradient 1.07439e-06
[job(606): 2016-09-09 20:15:12] final function value -15.7147
[job(606): 2016-09-09 20:15:12] 
[job(606): 2016-09-09 20:15:12] F = -15.7147
[job(606): 2016-09-09 20:15:12] final  value -15.714681 
[job(606): 2016-09-09 20:15:12] converged
[job(606): 2016-09-09 20:15:12] [Tune-x] 16: C=2.29; sigma=0.0433
[job(606): 2016-09-09 20:15:12] [Tune-y] 16: acc.test.mean= 0.6; time: 0.0 min; memory: 117Mb use, 170Mb max
[job(606): 2016-09-09 20:15:12] 
[job(606): 2016-09-09 20:15:12] optimisation start
[job(606): 2016-09-09 20:15:12] ------------------
[job(606): 2016-09-09 20:15:12] * estimation method   : MLE 
[job(606): 2016-09-09 20:15:12] * optimisation method : BFGS 
[job(606): 2016-09-09 20:15:12] * analytical gradient : used
[job(606): 2016-09-09 20:15:12] * trend model : ~1
[job(606): 2016-09-09 20:15:12] * covariance model : 
[job(606): 2016-09-09 20:15:12]   - type :  matern5_2 
[job(606): 2016-09-09 20:15:12]   - nugget : NO
[job(606): 2016-09-09 20:15:12]   - parameters lower bounds :  1e-10 1e-10 
[job(606): 2016-09-09 20:15:12]   - parameters upper bounds :  42.45984 36.26414 
[job(606): 2016-09-09 20:15:12]   - best initial criterion value(s) :  5.019765 
[job(606): 2016-09-09 20:15:12] 
[job(606): 2016-09-09 20:15:12] N = 2, M = 5 machine precision = 2.22045e-16
[job(606): 2016-09-09 20:15:12] At X0, 0 variables are exactly at the bounds
[job(606): 2016-09-09 20:15:12] At iterate     0  f=      -5.0198  |proj g|=      0.32123
[job(606): 2016-09-09 20:15:12] At iterate     1  f =      -5.1235  |proj g|=       0.32431
[job(606): 2016-09-09 20:15:12] ys=-1.047e-03  -gs= 1.032e-01, BFGS update SKIPPED
[job(606): 2016-09-09 20:15:12] At iterate     2  f =      -5.1756  |proj g|=       0.38721
[job(606): 2016-09-09 20:15:12] At iterate     3  f =      -5.2424  |proj g|=        0.3531
[job(606): 2016-09-09 20:15:12] At iterate     4  f =      -5.4376  |proj g|=       0.33563
[job(606): 2016-09-09 20:15:12] At iterate     5  f =      -8.7158  |proj g|=             0
[job(606): 2016-09-09 20:15:12] 
[job(606): 2016-09-09 20:15:12] iterations 5
[job(606): 2016-09-09 20:15:12] function evaluations 7
[job(606): 2016-09-09 20:15:12] segments explored during Cauchy searches 5
[job(606): 2016-09-09 20:15:12] BFGS updates skipped 1
[job(606): 2016-09-09 20:15:12] active bounds at final generalized Cauchy point 0
[job(606): 2016-09-09 20:15:12] norm of the final projected gradient 0
[job(606): 2016-09-09 20:15:12] final function value -8.71579
[job(606): 2016-09-09 20:15:12] 
[job(606): 2016-09-09 20:15:12] F = -8.71579
[job(606): 2016-09-09 20:15:12] final  value -8.715786 
[job(606): 2016-09-09 20:15:12] converged
[job(606): 2016-09-09 20:15:12] [Tune-x] 17: C=0.00197; sigma=3.45
[job(606): 2016-09-09 20:15:12] [Tune-y] 17: acc.test.mean=0.314; time: 0.0 min; memory: 117Mb use, 170Mb max
[job(606): 2016-09-09 20:15:12] 
[job(606): 2016-09-09 20:15:12] optimisation start
[job(606): 2016-09-09 20:15:12] ------------------
[job(606): 2016-09-09 20:15:12] * estimation method   : MLE 
[job(606): 2016-09-09 20:15:12] * optimisation method : BFGS 
[job(606): 2016-09-09 20:15:12] * analytical gradient : used
[job(606): 2016-09-09 20:15:12] * trend model : ~1
[job(606): 2016-09-09 20:15:12] * covariance model : 
[job(606): 2016-09-09 20:15:12]   - type :  matern5_2 
[job(606): 2016-09-09 20:15:12]   - nugget : NO
[job(606): 2016-09-09 20:15:12]   - parameters lower bounds :  1e-10 1e-10 
[job(606): 2016-09-09 20:15:12]   - parameters upper bounds :  42.45984 36.26414 
[job(606): 2016-09-09 20:15:12]   - best initial criterion value(s) :  -4.799507 
[job(606): 2016-09-09 20:15:12] 
[job(606): 2016-09-09 20:15:12] N = 2, M = 5 machine precision = 2.22045e-16
[job(606): 2016-09-09 20:15:12] At X0, 0 variables are exactly at the bounds
[job(606): 2016-09-09 20:15:12] At iterate     0  f=       4.7995  |proj g|=       2.6899
[job(606): 2016-09-09 20:15:12] At iterate     1  f =      -8.7609  |proj g|=             0
[job(606): 2016-09-09 20:15:12] 
[job(606): 2016-09-09 20:15:12] iterations 1
[job(606): 2016-09-09 20:15:12] function evaluations 2
[job(606): 2016-09-09 20:15:12] segments explored during Cauchy searches 2
[job(606): 2016-09-09 20:15:12] BFGS updates skipped 0
[job(606): 2016-09-09 20:15:12] active bounds at final generalized Cauchy point 1
[job(606): 2016-09-09 20:15:12] norm of the final projected gradient 0
[job(606): 2016-09-09 20:15:12] final function value -8.76088
[job(606): 2016-09-09 20:15:12] 
[job(606): 2016-09-09 20:15:12] F = -8.76088
[job(606): 2016-09-09 20:15:12] final  value -8.760880 
[job(606): 2016-09-09 20:15:12] converged
[job(606): 2016-09-09 20:15:12] [Tune-x] 18: C=0.0456; sigma=1.94
[job(606): 2016-09-09 20:15:12] [Tune-y] 18: acc.test.mean=0.314; time: 0.0 min; memory: 117Mb use, 170Mb max
[job(606): 2016-09-09 20:15:12] 
[job(606): 2016-09-09 20:15:12] optimisation start
[job(606): 2016-09-09 20:15:12] ------------------
[job(606): 2016-09-09 20:15:12] * estimation method   : MLE 
[job(606): 2016-09-09 20:15:12] * optimisation method : BFGS 
[job(606): 2016-09-09 20:15:12] * analytical gradient : used
[job(606): 2016-09-09 20:15:12] * trend model : ~1
[job(606): 2016-09-09 20:15:12] * covariance model : 
[job(606): 2016-09-09 20:15:12]   - type :  matern5_2 
[job(606): 2016-09-09 20:15:12]   - nugget : NO
[job(606): 2016-09-09 20:15:12]   - parameters lower bounds :  1e-10 1e-10 
[job(606): 2016-09-09 20:15:12]   - parameters upper bounds :  42.45984 36.26414 
[job(606): 2016-09-09 20:15:12]   - best initial criterion value(s) :  -6.001567 
[job(606): 2016-09-09 20:15:12] 
[job(606): 2016-09-09 20:15:12] N = 2, M = 5 machine precision = 2.22045e-16
[job(606): 2016-09-09 20:15:12] At X0, 0 variables are exactly at the bounds
[job(606): 2016-09-09 20:15:12] At iterate     0  f=       6.0016  |proj g|=       1.4398
[job(606): 2016-09-09 20:15:12] At iterate     1  f =      -8.9325  |proj g|=             0
[job(606): 2016-09-09 20:15:12] 
[job(606): 2016-09-09 20:15:12] iterations 1
[job(606): 2016-09-09 20:15:12] function evaluations 2
[job(606): 2016-09-09 20:15:12] segments explored during Cauchy searches 2
[job(606): 2016-09-09 20:15:12] BFGS updates skipped 0
[job(606): 2016-09-09 20:15:12] active bounds at final generalized Cauchy point 1
[job(606): 2016-09-09 20:15:12] norm of the final projected gradient 0
[job(606): 2016-09-09 20:15:12] final function value -8.93248
[job(606): 2016-09-09 20:15:12] 
[job(606): 2016-09-09 20:15:12] F = -8.93248
[job(606): 2016-09-09 20:15:12] final  value -8.932477 
[job(606): 2016-09-09 20:15:12] converged
[job(606): 2016-09-09 20:15:12] [Tune-x] 19: C=0.0119; sigma=0.000667
[job(606): 2016-09-09 20:15:12] [Tune-y] 19: acc.test.mean=0.314; time: 0.0 min; memory: 117Mb use, 170Mb max
[job(606): 2016-09-09 20:15:12] 
[job(606): 2016-09-09 20:15:12] optimisation start
[job(606): 2016-09-09 20:15:12] ------------------
[job(606): 2016-09-09 20:15:12] * estimation method   : MLE 
[job(606): 2016-09-09 20:15:12] * optimisation method : BFGS 
[job(606): 2016-09-09 20:15:12] * analytical gradient : used
[job(606): 2016-09-09 20:15:12] * trend model : ~1
[job(606): 2016-09-09 20:15:12] * covariance model : 
[job(606): 2016-09-09 20:15:12]   - type :  matern5_2 
[job(606): 2016-09-09 20:15:12]   - nugget : NO
[job(606): 2016-09-09 20:15:12]   - parameters lower bounds :  1e-10 1e-10 
[job(606): 2016-09-09 20:15:12]   - parameters upper bounds :  42.45984 39.21665 
[job(606): 2016-09-09 20:15:12]   - best initial criterion value(s) :  11.43407 
[job(606): 2016-09-09 20:15:12] 
[job(606): 2016-09-09 20:15:12] N = 2, M = 5 machine precision = 2.22045e-16
[job(606): 2016-09-09 20:15:12] At X0, 0 variables are exactly at the bounds
[job(606): 2016-09-09 20:15:12] At iterate     0  f=      -11.434  |proj g|=       2.1585
[job(606): 2016-09-09 20:15:12] At iterate     1  f =      -14.822  |proj g|=        1.5844
[job(606): 2016-09-09 20:15:12] At iterate     2  f =      -15.779  |proj g|=         2.406
[job(606): 2016-09-09 20:15:12] At iterate     3  f =      -16.419  |proj g|=        2.1888
[job(606): 2016-09-09 20:15:12] At iterate     4  f =      -17.143  |proj g|=        1.2793
[job(606): 2016-09-09 20:15:12] At iterate     5  f =      -17.291  |proj g|=       0.22549
[job(606): 2016-09-09 20:15:12] At iterate     6  f =      -17.294  |proj g|=     0.0062117
[job(606): 2016-09-09 20:15:12] At iterate     7  f =      -17.294  |proj g|=    0.00010297
[job(606): 2016-09-09 20:15:12] At iterate     8  f =      -17.294  |proj g|=    4.7599e-07
[job(606): 2016-09-09 20:15:12] 
[job(606): 2016-09-09 20:15:12] iterations 8
[job(606): 2016-09-09 20:15:12] function evaluations 10
[job(606): 2016-09-09 20:15:12] segments explored during Cauchy searches 9
[job(606): 2016-09-09 20:15:12] BFGS updates skipped 0
[job(606): 2016-09-09 20:15:12] active bounds at final generalized Cauchy point 0
[job(606): 2016-09-09 20:15:12] norm of the final projected gradient 4.75986e-07
[job(606): 2016-09-09 20:15:12] final function value -17.2937
[job(606): 2016-09-09 20:15:12] 
[job(606): 2016-09-09 20:15:12] F = -17.2937
[job(606): 2016-09-09 20:15:12] final  value -17.293699 
[job(606): 2016-09-09 20:15:12] converged
[job(606): 2016-09-09 20:15:12] [Tune-x] 20: C=3.2; sigma=0.0454
[job(606): 2016-09-09 20:15:12] [Tune-y] 20: acc.test.mean=0.611; time: 0.0 min; memory: 117Mb use, 170Mb max
[job(606): 2016-09-09 20:15:12] 
[job(606): 2016-09-09 20:15:12] optimisation start
[job(606): 2016-09-09 20:15:12] ------------------
[job(606): 2016-09-09 20:15:12] * estimation method   : MLE 
[job(606): 2016-09-09 20:15:12] * optimisation method : BFGS 
[job(606): 2016-09-09 20:15:12] * analytical gradient : used
[job(606): 2016-09-09 20:15:12] * trend model : ~1
[job(606): 2016-09-09 20:15:12] * covariance model : 
[job(606): 2016-09-09 20:15:12]   - type :  matern5_2 
[job(606): 2016-09-09 20:15:12]   - nugget : NO
[job(606): 2016-09-09 20:15:12]   - parameters lower bounds :  1e-10 1e-10 
[job(606): 2016-09-09 20:15:12]   - parameters upper bounds :  42.45984 39.21665 
[job(606): 2016-09-09 20:15:12]   - best initial criterion value(s) :  -10.14751 
[job(606): 2016-09-09 20:15:12] 
[job(606): 2016-09-09 20:15:12] N = 2, M = 5 machine precision = 2.22045e-16
[job(606): 2016-09-09 20:15:12] At X0, 0 variables are exactly at the bounds
[job(606): 2016-09-09 20:15:12] At iterate     0  f=       10.148  |proj g|=       1.1416
[job(606): 2016-09-09 20:15:12] At iterate     1  f =      -9.8584  |proj g|=             0
[job(606): 2016-09-09 20:15:12] 
[job(606): 2016-09-09 20:15:12] iterations 1
[job(606): 2016-09-09 20:15:12] function evaluations 2
[job(606): 2016-09-09 20:15:12] segments explored during Cauchy searches 2
[job(606): 2016-09-09 20:15:12] BFGS updates skipped 0
[job(606): 2016-09-09 20:15:12] active bounds at final generalized Cauchy point 1
[job(606): 2016-09-09 20:15:12] norm of the final projected gradient 0
[job(606): 2016-09-09 20:15:12] final function value -9.8584
[job(606): 2016-09-09 20:15:12] 
[job(606): 2016-09-09 20:15:12] F = -9.8584
[job(606): 2016-09-09 20:15:12] final  value -9.858398 
[job(606): 2016-09-09 20:15:12] converged
[job(606): 2016-09-09 20:15:12] [Tune-x] 21: C=0.00196; sigma=0.000768
[job(606): 2016-09-09 20:15:12] [Tune-y] 21: acc.test.mean=0.314; time: 0.0 min; memory: 117Mb use, 172Mb max
[job(606): 2016-09-09 20:15:12] 
[job(606): 2016-09-09 20:15:12] optimisation start
[job(606): 2016-09-09 20:15:12] ------------------
[job(606): 2016-09-09 20:15:12] * estimation method   : MLE 
[job(606): 2016-09-09 20:15:12] * optimisation method : BFGS 
[job(606): 2016-09-09 20:15:12] * analytical gradient : used
[job(606): 2016-09-09 20:15:12] * trend model : ~1
[job(606): 2016-09-09 20:15:12] * covariance model : 
[job(606): 2016-09-09 20:15:12]   - type :  matern5_2 
[job(606): 2016-09-09 20:15:12]   - nugget : NO
[job(606): 2016-09-09 20:15:12]   - parameters lower bounds :  1e-10 1e-10 
[job(606): 2016-09-09 20:15:12]   - parameters upper bounds :  42.45984 39.21665 
[job(606): 2016-09-09 20:15:12]   - best initial criterion value(s) :  15.93591 
[job(606): 2016-09-09 20:15:12] 
[job(606): 2016-09-09 20:15:12] N = 2, M = 5 machine precision = 2.22045e-16
[job(606): 2016-09-09 20:15:12] At X0, 0 variables are exactly at the bounds
[job(606): 2016-09-09 20:15:12] At iterate     0  f=      -15.936  |proj g|=      0.12342
[job(606): 2016-09-09 20:15:12] At iterate     1  f =      -15.938  |proj g|=       0.12224
[job(606): 2016-09-09 20:15:12] At iterate     2  f =      -15.939  |proj g|=      0.088694
[job(606): 2016-09-09 20:15:12] At iterate     3  f =      -15.942  |proj g|=        1.1994
[job(606): 2016-09-09 20:15:12] At iterate     4  f =      -15.954  |proj g|=        3.3646
[job(606): 2016-09-09 20:15:12] At iterate     5  f =      -15.985  |proj g|=        7.0429
[job(606): 2016-09-09 20:15:12] At iterate     6  f =      -16.025  |proj g|=        8.5655
[job(606): 2016-09-09 20:15:12] At iterate     7  f =      -16.078  |proj g|=        6.0018
[job(606): 2016-09-09 20:15:12] At iterate     8  f =      -16.097  |proj g|=        0.8226
[job(606): 2016-09-09 20:15:12] At iterate     9  f =      -16.097  |proj g|=     0.0075381
[job(606): 2016-09-09 20:15:12] At iterate    10  f =      -16.097  |proj g|=     0.0002363
[job(606): 2016-09-09 20:15:12] 
[job(606): 2016-09-09 20:15:12] iterations 10
[job(606): 2016-09-09 20:15:12] function evaluations 16
[job(606): 2016-09-09 20:15:12] segments explored during Cauchy searches 11
[job(606): 2016-09-09 20:15:12] BFGS updates skipped 0
[job(606): 2016-09-09 20:15:12] active bounds at final generalized Cauchy point 0
[job(606): 2016-09-09 20:15:12] norm of the final projected gradient 0.0002363
[job(606): 2016-09-09 20:15:12] final function value -16.0971
[job(606): 2016-09-09 20:15:12] 
[job(606): 2016-09-09 20:15:12] F = -16.0971
[job(606): 2016-09-09 20:15:12] final  value -16.097112 
[job(606): 2016-09-09 20:15:12] converged
[job(606): 2016-09-09 20:15:12] [Tune-x] 22: C=21.4; sigma=0.0469
[job(606): 2016-09-09 20:15:12] [Tune-y] 22: acc.test.mean=0.64; time: 0.0 min; memory: 117Mb use, 172Mb max
[job(606): 2016-09-09 20:15:12] 
[job(606): 2016-09-09 20:15:12] optimisation start
[job(606): 2016-09-09 20:15:12] ------------------
[job(606): 2016-09-09 20:15:12] * estimation method   : MLE 
[job(606): 2016-09-09 20:15:12] * optimisation method : BFGS 
[job(606): 2016-09-09 20:15:12] * analytical gradient : used
[job(606): 2016-09-09 20:15:12] * trend model : ~1
[job(606): 2016-09-09 20:15:12] * covariance model : 
[job(606): 2016-09-09 20:15:12]   - type :  matern5_2 
[job(606): 2016-09-09 20:15:12]   - nugget : NO
[job(606): 2016-09-09 20:15:12]   - parameters lower bounds :  1e-10 1e-10 
[job(606): 2016-09-09 20:15:12]   - parameters upper bounds :  42.45984 39.21665 
[job(606): 2016-09-09 20:15:12]   - best initial criterion value(s) :  -38.17614 
[job(606): 2016-09-09 20:15:12] 
[job(606): 2016-09-09 20:15:12] N = 2, M = 5 machine precision = 2.22045e-16
[job(606): 2016-09-09 20:15:12] At X0, 0 variables are exactly at the bounds
[job(606): 2016-09-09 20:15:12] At iterate     0  f=       38.176  |proj g|=       3.3665
[job(606): 2016-09-09 20:15:12] At iterate     1  f =       33.673  |proj g|=        1.2899
[job(606): 2016-09-09 20:15:12] At iterate     2  f =        33.39  |proj g|=        2.0713
[job(606): 2016-09-09 20:15:12] At iterate     3  f =       32.544  |proj g|=       0.99368
[job(606): 2016-09-09 20:15:12] At iterate     4  f =       31.567  |proj g|=       0.88364
[job(606): 2016-09-09 20:15:12] At iterate     5  f =       25.494  |proj g|=        3.5163
[job(606): 2016-09-09 20:15:12] At iterate     6  f =      -10.621  |proj g|=             0
[job(606): 2016-09-09 20:15:12] 
[job(606): 2016-09-09 20:15:12] iterations 6
[job(606): 2016-09-09 20:15:12] function evaluations 9
[job(606): 2016-09-09 20:15:12] segments explored during Cauchy searches 6
[job(606): 2016-09-09 20:15:12] BFGS updates skipped 0
[job(606): 2016-09-09 20:15:12] active bounds at final generalized Cauchy point 0
[job(606): 2016-09-09 20:15:12] norm of the final projected gradient 0
[job(606): 2016-09-09 20:15:12] final function value -10.6207
[job(606): 2016-09-09 20:15:12] 
[job(606): 2016-09-09 20:15:12] F = -10.6207
[job(606): 2016-09-09 20:15:12] final  value -10.620661 
[job(606): 2016-09-09 20:15:12] converged
[job(606): 2016-09-09 20:15:12] [Tune-x] 23: C=10.4; sigma=0.0016
[job(606): 2016-09-09 20:15:12] [Tune-y] 23: acc.test.mean=0.56; time: 0.0 min; memory: 117Mb use, 191Mb max
[job(606): 2016-09-09 20:15:12] 
[job(606): 2016-09-09 20:15:12] optimisation start
[job(606): 2016-09-09 20:15:12] ------------------
[job(606): 2016-09-09 20:15:12] * estimation method   : MLE 
[job(606): 2016-09-09 20:15:12] * optimisation method : BFGS 
[job(606): 2016-09-09 20:15:12] * analytical gradient : used
[job(606): 2016-09-09 20:15:12] * trend model : ~1
[job(606): 2016-09-09 20:15:12] * covariance model : 
[job(606): 2016-09-09 20:15:12]   - type :  matern5_2 
[job(606): 2016-09-09 20:15:12]   - nugget : NO
[job(606): 2016-09-09 20:15:12]   - parameters lower bounds :  1e-10 1e-10 
[job(606): 2016-09-09 20:15:12]   - parameters upper bounds :  42.45984 39.21665 
[job(606): 2016-09-09 20:15:12]   - best initial criterion value(s) :  -9.366234 
[job(606): 2016-09-09 20:15:12] 
[job(606): 2016-09-09 20:15:12] N = 2, M = 5 machine precision = 2.22045e-16
[job(606): 2016-09-09 20:15:12] At X0, 0 variables are exactly at the bounds
[job(606): 2016-09-09 20:15:12] At iterate     0  f=       9.3662  |proj g|=       1.8832
[job(606): 2016-09-09 20:15:12] At iterate     1  f =      -11.513  |proj g|=             0
[job(606): 2016-09-09 20:15:12] 
[job(606): 2016-09-09 20:15:12] iterations 1
[job(606): 2016-09-09 20:15:12] function evaluations 2
[job(606): 2016-09-09 20:15:12] segments explored during Cauchy searches 2
[job(606): 2016-09-09 20:15:12] BFGS updates skipped 0
[job(606): 2016-09-09 20:15:12] active bounds at final generalized Cauchy point 1
[job(606): 2016-09-09 20:15:12] norm of the final projected gradient 0
[job(606): 2016-09-09 20:15:12] final function value -11.5128
[job(606): 2016-09-09 20:15:12] 
[job(606): 2016-09-09 20:15:12] F = -11.5128
[job(606): 2016-09-09 20:15:12] final  value -11.512787 
[job(606): 2016-09-09 20:15:12] converged
[job(606): 2016-09-09 20:15:12] [Tune-x] 24: C=10; sigma=2.64e+03
[job(606): 2016-09-09 20:15:12] [Tune-y] 24: acc.test.mean=0.314; time: 0.0 min; memory: 117Mb use, 191Mb max
[job(606): 2016-09-09 20:15:12] 
[job(606): 2016-09-09 20:15:12] optimisation start
[job(606): 2016-09-09 20:15:12] ------------------
[job(606): 2016-09-09 20:15:12] * estimation method   : MLE 
[job(606): 2016-09-09 20:15:12] * optimisation method : BFGS 
[job(606): 2016-09-09 20:15:12] * analytical gradient : used
[job(606): 2016-09-09 20:15:12] * trend model : ~1
[job(606): 2016-09-09 20:15:12] * covariance model : 
[job(606): 2016-09-09 20:15:12]   - type :  matern5_2 
[job(606): 2016-09-09 20:15:12]   - nugget : NO
[job(606): 2016-09-09 20:15:12]   - parameters lower bounds :  1e-10 1e-10 
[job(606): 2016-09-09 20:15:12]   - parameters upper bounds :  42.45984 43.83641 
[job(606): 2016-09-09 20:15:12]   - best initial criterion value(s) :  15.34621 
[job(606): 2016-09-09 20:15:12] 
[job(606): 2016-09-09 20:15:12] N = 2, M = 5 machine precision = 2.22045e-16
[job(606): 2016-09-09 20:15:12] At X0, 0 variables are exactly at the bounds
[job(606): 2016-09-09 20:15:12] At iterate     0  f=      -15.346  |proj g|=       8.3292
[job(606): 2016-09-09 20:15:12] At iterate     1  f =       -15.44  |proj g|=       0.22255
[job(606): 2016-09-09 20:15:12] At iterate     2  f =      -15.474  |proj g|=        1.6341
[job(606): 2016-09-09 20:15:12] At iterate     3  f =      -15.477  |proj g|=       0.28836
[job(606): 2016-09-09 20:15:12] At iterate     4  f =      -15.478  |proj g|=       0.18564
[job(606): 2016-09-09 20:15:12] At iterate     5  f =      -15.478  |proj g|=       0.18647
[job(606): 2016-09-09 20:15:12] At iterate     6  f =      -15.479  |proj g|=       0.19117
[job(606): 2016-09-09 20:15:12] At iterate     7  f =      -15.481  |proj g|=       0.19668
[job(606): 2016-09-09 20:15:12] At iterate     8  f =      -15.489  |proj g|=       0.20693
[job(606): 2016-09-09 20:15:12] At iterate     9  f =      -15.506  |proj g|=       0.22166
[job(606): 2016-09-09 20:15:12] At iterate    10  f =      -15.553  |proj g|=       0.24088
[job(606): 2016-09-09 20:15:12] At iterate    11  f =       -15.67  |proj g|=       0.25327
[job(606): 2016-09-09 20:15:12] At iterate    12  f =      -15.981  |proj g|=       0.22597
[job(606): 2016-09-09 20:15:12] At iterate    13  f =      -16.591  |proj g|=       0.14227
[job(606): 2016-09-09 20:15:12] At iterate    14  f =      -16.763  |proj g|=       0.13124
[job(606): 2016-09-09 20:15:12] At iterate    15  f =      -16.916  |proj g|=        6.6287
[job(606): 2016-09-09 20:15:12] At iterate    16  f =      -16.942  |proj g|=       0.11318
[job(606): 2016-09-09 20:15:12] At iterate    17  f =       -16.95  |proj g|=       0.10962
[job(606): 2016-09-09 20:15:12] At iterate    18  f =       -16.95  |proj g|=     0.0085567
[job(606): 2016-09-09 20:15:12] At iterate    19  f =       -16.95  |proj g|=    0.00025899
[job(606): 2016-09-09 20:15:12] At iterate    20  f =       -16.95  |proj g|=    0.00012821
[job(606): 2016-09-09 20:15:12] 
[job(606): 2016-09-09 20:15:12] iterations 20
[job(606): 2016-09-09 20:15:12] function evaluations 23
[job(606): 2016-09-09 20:15:12] segments explored during Cauchy searches 20
[job(606): 2016-09-09 20:15:12] BFGS updates skipped 0
[job(606): 2016-09-09 20:15:12] active bounds at final generalized Cauchy point 0
[job(606): 2016-09-09 20:15:12] norm of the final projected gradient 0.000128207
[job(606): 2016-09-09 20:15:12] final function value -16.9496
[job(606): 2016-09-09 20:15:12] 
[job(606): 2016-09-09 20:15:12] F = -16.9496
[job(606): 2016-09-09 20:15:12] final  value -16.949552 
[job(606): 2016-09-09 20:15:12] converged
[job(606): 2016-09-09 20:15:12] [Tune-x] 25: C=2.26; sigma=0.0055
[job(606): 2016-09-09 20:15:12] [Tune-y] 25: acc.test.mean=0.429; time: 0.0 min; memory: 117Mb use, 191Mb max
[job(606): 2016-09-09 20:15:12] 
[job(606): 2016-09-09 20:15:12] optimisation start
[job(606): 2016-09-09 20:15:12] ------------------
[job(606): 2016-09-09 20:15:12] * estimation method   : MLE 
[job(606): 2016-09-09 20:15:12] * optimisation method : BFGS 
[job(606): 2016-09-09 20:15:12] * analytical gradient : used
[job(606): 2016-09-09 20:15:12] * trend model : ~1
[job(606): 2016-09-09 20:15:12] * covariance model : 
[job(606): 2016-09-09 20:15:12]   - type :  matern5_2 
[job(606): 2016-09-09 20:15:12]   - nugget : NO
[job(606): 2016-09-09 20:15:12]   - parameters lower bounds :  1e-10 1e-10 
[job(606): 2016-09-09 20:15:12]   - parameters upper bounds :  42.45984 43.83641 
[job(606): 2016-09-09 20:15:12]   - best initial criterion value(s) :  -32.9164 
[job(606): 2016-09-09 20:15:12] 
[job(606): 2016-09-09 20:15:12] N = 2, M = 5 machine precision = 2.22045e-16
[job(606): 2016-09-09 20:15:12] At X0, 0 variables are exactly at the bounds
[job(606): 2016-09-09 20:15:12] At iterate     0  f=       32.916  |proj g|=       1.7785
[job(606): 2016-09-09 20:15:12] At iterate     1  f =      -12.706  |proj g|=             0
[job(606): 2016-09-09 20:15:12] 
[job(606): 2016-09-09 20:15:12] iterations 1
[job(606): 2016-09-09 20:15:12] function evaluations 2
[job(606): 2016-09-09 20:15:12] segments explored during Cauchy searches 2
[job(606): 2016-09-09 20:15:12] BFGS updates skipped 0
[job(606): 2016-09-09 20:15:12] active bounds at final generalized Cauchy point 1
[job(606): 2016-09-09 20:15:12] norm of the final projected gradient 0
[job(606): 2016-09-09 20:15:12] final function value -12.7064
[job(606): 2016-09-09 20:15:12] 
[job(606): 2016-09-09 20:15:12] F = -12.7064
[job(606): 2016-09-09 20:15:12] final  value -12.706390 
[job(606): 2016-09-09 20:15:12] converged
[job(606): 2016-09-09 20:15:12] [Tune-x] 26: C=7.85; sigma=0.00068
[job(606): 2016-09-09 20:15:12] [Tune-y] 26: acc.test.mean=0.314; time: 0.0 min; memory: 117Mb use, 191Mb max
[job(606): 2016-09-09 20:15:12] 
[job(606): 2016-09-09 20:15:12] optimisation start
[job(606): 2016-09-09 20:15:12] ------------------
[job(606): 2016-09-09 20:15:12] * estimation method   : MLE 
[job(606): 2016-09-09 20:15:12] * optimisation method : BFGS 
[job(606): 2016-09-09 20:15:12] * analytical gradient : used
[job(606): 2016-09-09 20:15:12] * trend model : ~1
[job(606): 2016-09-09 20:15:12] * covariance model : 
[job(606): 2016-09-09 20:15:12]   - type :  matern5_2 
[job(606): 2016-09-09 20:15:12]   - nugget : NO
[job(606): 2016-09-09 20:15:12]   - parameters lower bounds :  1e-10 1e-10 
[job(606): 2016-09-09 20:15:12]   - parameters upper bounds :  42.45984 43.83641 
[job(606): 2016-09-09 20:15:12]   - best initial criterion value(s) :  -9.825291 
[job(606): 2016-09-09 20:15:12] 
[job(606): 2016-09-09 20:15:12] N = 2, M = 5 machine precision = 2.22045e-16
[job(606): 2016-09-09 20:15:12] At X0, 0 variables are exactly at the bounds
[job(606): 2016-09-09 20:15:12] At iterate     0  f=       9.8253  |proj g|=          1.8
[job(606): 2016-09-09 20:15:12] At iterate     1  f =      -13.051  |proj g|=             0
[job(606): 2016-09-09 20:15:12] 
[job(606): 2016-09-09 20:15:12] iterations 1
[job(606): 2016-09-09 20:15:12] function evaluations 2
[job(606): 2016-09-09 20:15:12] segments explored during Cauchy searches 2
[job(606): 2016-09-09 20:15:12] BFGS updates skipped 0
[job(606): 2016-09-09 20:15:12] active bounds at final generalized Cauchy point 1
[job(606): 2016-09-09 20:15:12] norm of the final projected gradient 0
[job(606): 2016-09-09 20:15:12] final function value -13.0506
[job(606): 2016-09-09 20:15:12] 
[job(606): 2016-09-09 20:15:12] F = -13.0506
[job(606): 2016-09-09 20:15:12] final  value -13.050590 
[job(606): 2016-09-09 20:15:12] converged
[job(606): 2016-09-09 20:15:12] [Tune-x] 27: C=0.0121; sigma=0.00142
[job(606): 2016-09-09 20:15:12] [Tune-y] 27: acc.test.mean=0.314; time: 0.0 min; memory: 117Mb use, 192Mb max
[job(606): 2016-09-09 20:15:12] 
[job(606): 2016-09-09 20:15:12] optimisation start
[job(606): 2016-09-09 20:15:12] ------------------
[job(606): 2016-09-09 20:15:12] * estimation method   : MLE 
[job(606): 2016-09-09 20:15:12] * optimisation method : BFGS 
[job(606): 2016-09-09 20:15:12] * analytical gradient : used
[job(606): 2016-09-09 20:15:12] * trend model : ~1
[job(606): 2016-09-09 20:15:12] * covariance model : 
[job(606): 2016-09-09 20:15:12]   - type :  matern5_2 
[job(606): 2016-09-09 20:15:12]   - nugget : NO
[job(606): 2016-09-09 20:15:12]   - parameters lower bounds :  1e-10 1e-10 
[job(606): 2016-09-09 20:15:12]   - parameters upper bounds :  42.45984 43.83641 
[job(606): 2016-09-09 20:15:12]   - best initial criterion value(s) :  -17.3047 
[job(606): 2016-09-09 20:15:12] 
[job(606): 2016-09-09 20:15:12] N = 2, M = 5 machine precision = 2.22045e-16
[job(606): 2016-09-09 20:15:12] At X0, 0 variables are exactly at the bounds
[job(606): 2016-09-09 20:15:12] At iterate     0  f=       17.305  |proj g|=       2.1657
[job(606): 2016-09-09 20:15:12] At iterate     1  f =      -13.445  |proj g|=             0
[job(606): 2016-09-09 20:15:12] 
[job(606): 2016-09-09 20:15:12] iterations 1
[job(606): 2016-09-09 20:15:12] function evaluations 2
[job(606): 2016-09-09 20:15:12] segments explored during Cauchy searches 2
[job(606): 2016-09-09 20:15:12] BFGS updates skipped 0
[job(606): 2016-09-09 20:15:12] active bounds at final generalized Cauchy point 1
[job(606): 2016-09-09 20:15:12] norm of the final projected gradient 0
[job(606): 2016-09-09 20:15:12] final function value -13.4449
[job(606): 2016-09-09 20:15:12] 
[job(606): 2016-09-09 20:15:12] F = -13.4449
[job(606): 2016-09-09 20:15:12] final  value -13.444860 
[job(606): 2016-09-09 20:15:12] converged
[job(606): 2016-09-09 20:15:12] [Tune-x] 28: C=0.000809; sigma=0.00634
[job(606): 2016-09-09 20:15:12] [Tune-y] 28: acc.test.mean=0.314; time: 0.0 min; memory: 117Mb use, 192Mb max
[job(606): 2016-09-09 20:15:12] 
[job(606): 2016-09-09 20:15:12] optimisation start
[job(606): 2016-09-09 20:15:12] ------------------
[job(606): 2016-09-09 20:15:12] * estimation method   : MLE 
[job(606): 2016-09-09 20:15:12] * optimisation method : BFGS 
[job(606): 2016-09-09 20:15:12] * analytical gradient : used
[job(606): 2016-09-09 20:15:12] * trend model : ~1
[job(606): 2016-09-09 20:15:12] * covariance model : 
[job(606): 2016-09-09 20:15:12]   - type :  matern5_2 
[job(606): 2016-09-09 20:15:12]   - nugget : NO
[job(606): 2016-09-09 20:15:12]   - parameters lower bounds :  1e-10 1e-10 
[job(606): 2016-09-09 20:15:12]   - parameters upper bounds :  42.45984 43.83641 
[job(606): 2016-09-09 20:15:12]   - best initial criterion value(s) :  19.85323 
[job(606): 2016-09-09 20:15:12] 
[job(606): 2016-09-09 20:15:12] N = 2, M = 5 machine precision = 2.22045e-16
[job(606): 2016-09-09 20:15:12] At X0, 0 variables are exactly at the bounds
[job(606): 2016-09-09 20:15:12] At iterate     0  f=      -19.853  |proj g|=      0.71223
[job(606): 2016-09-09 20:15:12] At iterate     1  f =      -22.288  |proj g|=       0.82721
[job(606): 2016-09-09 20:15:12] At iterate     2  f =      -23.061  |proj g|=        2.8568
[job(606): 2016-09-09 20:15:12] At iterate     3  f =      -23.101  |proj g|=         1.005
[job(606): 2016-09-09 20:15:12] At iterate     4  f =      -23.119  |proj g|=        0.9356
[job(606): 2016-09-09 20:15:12] At iterate     5  f =       -23.19  |proj g|=       0.54205
[job(606): 2016-09-09 20:15:12] At iterate     6  f =      -23.238  |proj g|=       0.45895
[job(606): 2016-09-09 20:15:12] At iterate     7  f =      -23.255  |proj g|=       0.22993
[job(606): 2016-09-09 20:15:12] At iterate     8  f =      -23.255  |proj g|=      0.010631
[job(606): 2016-09-09 20:15:12] At iterate     9  f =      -23.255  |proj g|=    0.00031829
[job(606): 2016-09-09 20:15:12] At iterate    10  f =      -23.255  |proj g|=    1.8244e-05
[job(606): 2016-09-09 20:15:12] 
[job(606): 2016-09-09 20:15:12] iterations 10
[job(606): 2016-09-09 20:15:12] function evaluations 12
[job(606): 2016-09-09 20:15:12] segments explored during Cauchy searches 11
[job(606): 2016-09-09 20:15:12] BFGS updates skipped 0
[job(606): 2016-09-09 20:15:12] active bounds at final generalized Cauchy point 0
[job(606): 2016-09-09 20:15:12] norm of the final projected gradient 1.82443e-05
[job(606): 2016-09-09 20:15:12] final function value -23.2548
[job(606): 2016-09-09 20:15:12] 
[job(606): 2016-09-09 20:15:12] F = -23.2548
[job(606): 2016-09-09 20:15:12] final  value -23.254821 
[job(606): 2016-09-09 20:15:12] converged
[job(606): 2016-09-09 20:15:12] [Tune] Result: C=3.12; sigma=0.0473 : acc.test.mean=-0.657
[job(606): 2016-09-09 20:15:12] Job terminated successfully
[job(chunk): 2016-09-09 20:15:12] Calculation finished!
