[job(chunk): 2016-09-09 20:14:17] Starting calculation of 1 jobs
[job(chunk): 2016-09-09 20:14:17] Setting working directory to '/naslx/projects/pr74ze/ri89coc2/svm_comparison'
[job(chunk): 2016-09-09 20:14:17] Memory measurement disabled
[job(604): 2016-09-09 20:14:20] Starting job with job.id=604
[job(604): 2016-09-09 20:15:16] Generating problem instance for problem '285' ...
[job(604): 2016-09-09 20:15:16] Data '285' file 'description.xml' found in cache.
[job(604): 2016-09-09 20:15:16] Data '285' file 'dataset.arff' found in cache.
[job(604): 2016-09-09 20:15:16] Loading required package: readr
[job(604): 2016-09-09 20:15:16] Applying algorithm 'C-svc.tuned' on problem '285' ...
[job(604): 2016-09-09 20:15:16] Data '285' file 'description.xml' found in cache.
[job(604): 2016-09-09 20:15:16] Data '285' file 'dataset.arff' found in cache.
[job(604): 2016-09-09 20:15:16] [Tune] Started tuning learner C-svc for parameter set:
[job(604): 2016-09-09 20:15:16]          Type len Def    Constr Req Tunable Trafo
[job(604): 2016-09-09 20:15:16] C     numeric   -   - -12 to 12   -    TRUE     Y
[job(604): 2016-09-09 20:15:16] sigma numeric   -   - -12 to 12   -    TRUE     Y
[job(604): 2016-09-09 20:15:16] With control class: TuneControlMBO
[job(604): 2016-09-09 20:15:16] Imputation value: -0
[job(604): 2016-09-09 20:15:16] [Tune-x] 1: C=7.37; sigma=0.0669
[job(604): 2016-09-09 20:15:16] [Tune-y] 1: acc.test.mean=0.594; time: 0.0 min; memory: 112Mb use, 149Mb max
[job(604): 2016-09-09 20:15:16] [Tune-x] 2: C=0.00679; sigma=2.7e+03
[job(604): 2016-09-09 20:15:16] [Tune-y] 2: acc.test.mean=0.303; time: 0.0 min; memory: 112Mb use, 149Mb max
[job(604): 2016-09-09 20:15:16] [Tune-x] 3: C=1.72e+03; sigma=0.0093
[job(604): 2016-09-09 20:15:16] [Tune-y] 3: acc.test.mean=0.543; time: 0.0 min; memory: 112Mb use, 149Mb max
[job(604): 2016-09-09 20:15:16] [Tune-x] 4: C=0.327; sigma=1
[job(604): 2016-09-09 20:15:16] [Tune-y] 4: acc.test.mean=0.303; time: 0.0 min; memory: 112Mb use, 149Mb max
[job(604): 2016-09-09 20:15:16] [Tune-x] 5: C=128; sigma=436
[job(604): 2016-09-09 20:15:16] [Tune-y] 5: acc.test.mean=0.206; time: 0.0 min; memory: 112Mb use, 149Mb max
[job(604): 2016-09-09 20:15:16] [Tune-x] 6: C=0.0277; sigma=0.000746
[job(604): 2016-09-09 20:15:16] [Tune-y] 6: acc.test.mean=0.303; time: 0.0 min; memory: 112Mb use, 149Mb max
[job(604): 2016-09-09 20:15:16] [Tune-x] 7: C=0.00051; sigma=41.3
[job(604): 2016-09-09 20:15:16] [Tune-y] 7: acc.test.mean=0.303; time: 0.0 min; memory: 112Mb use, 149Mb max
[job(604): 2016-09-09 20:15:16] [Tune-x] 8: C=46.8; sigma=0.468
[job(604): 2016-09-09 20:15:16] [Tune-y] 8: acc.test.mean=0.411; time: 0.0 min; memory: 112Mb use, 149Mb max
[job(604): 2016-09-09 20:15:16] 
[job(604): 2016-09-09 20:15:16] optimisation start
[job(604): 2016-09-09 20:15:16] ------------------
[job(604): 2016-09-09 20:15:16] * estimation method   : MLE 
[job(604): 2016-09-09 20:15:16] * optimisation method : BFGS 
[job(604): 2016-09-09 20:15:16] * analytical gradient : used
[job(604): 2016-09-09 20:15:16] * trend model : ~1
[job(604): 2016-09-09 20:15:16] * covariance model : 
[job(604): 2016-09-09 20:15:16]   - type :  matern5_2 
[job(604): 2016-09-09 20:15:16]   - nugget : NO
[job(604): 2016-09-09 20:15:16]   - parameters lower bounds :  1e-10 1e-10 
[job(604): 2016-09-09 20:15:16]   - parameters upper bounds :  43.37581 43.57263 
[job(604): 2016-09-09 20:15:16]   - best initial criterion value(s) :  5.366722 
[job(604): 2016-09-09 20:15:16] 
[job(604): 2016-09-09 20:15:16] N = 2, M = 5 machine precision = 2.22045e-16
[job(604): 2016-09-09 20:15:16] At X0, 0 variables are exactly at the bounds
[job(604): 2016-09-09 20:15:16] At iterate     0  f=      -5.3667  |proj g|=      0.10441
[job(604): 2016-09-09 20:15:16] At iterate     1  f =      -5.3801  |proj g|=        0.1107
[job(604): 2016-09-09 20:15:16] ys=-3.782e-04  -gs= 1.319e-02, BFGS update SKIPPED
[job(604): 2016-09-09 20:15:16] At iterate     2  f =      -5.5544  |proj g|=       0.32471
[job(604): 2016-09-09 20:15:16] At iterate     3  f =      -6.3679  |proj g|=       0.12988
[job(604): 2016-09-09 20:15:16] At iterate     4  f =      -6.6699  |proj g|=       0.21293
[job(604): 2016-09-09 20:15:16] At iterate     5  f =      -6.7759  |proj g|=       0.11937
[job(604): 2016-09-09 20:15:16] At iterate     6  f =      -6.8169  |proj g|=      0.024939
[job(604): 2016-09-09 20:15:16] At iterate     7  f =      -6.8443  |proj g|=      0.024088
[job(604): 2016-09-09 20:15:16] At iterate     8  f =      -6.8534  |proj g|=      0.022597
[job(604): 2016-09-09 20:15:16] At iterate     9  f =      -6.8577  |proj g|=       0.01106
[job(604): 2016-09-09 20:15:16] At iterate    10  f =      -6.8588  |proj g|=     0.0048303
[job(604): 2016-09-09 20:15:16] At iterate    11  f =      -6.8591  |proj g|=    0.00025807
[job(604): 2016-09-09 20:15:16] At iterate    12  f =      -6.8591  |proj g|=     0.0011344
[job(604): 2016-09-09 20:15:16] At iterate    13  f =      -6.8591  |proj g|=    1.8406e-05
[job(604): 2016-09-09 20:15:16] At iterate    14  f =      -6.8591  |proj g|=    7.9342e-07
[job(604): 2016-09-09 20:15:16] 
[job(604): 2016-09-09 20:15:16] iterations 14
[job(604): 2016-09-09 20:15:16] function evaluations 19
[job(604): 2016-09-09 20:15:16] segments explored during Cauchy searches 14
[job(604): 2016-09-09 20:15:16] BFGS updates skipped 1
[job(604): 2016-09-09 20:15:16] active bounds at final generalized Cauchy point 0
[job(604): 2016-09-09 20:15:16] norm of the final projected gradient 7.93421e-07
[job(604): 2016-09-09 20:15:16] final function value -6.8591
[job(604): 2016-09-09 20:15:16] 
[job(604): 2016-09-09 20:15:16] F = -6.8591
[job(604): 2016-09-09 20:15:16] final  value -6.859096 
[job(604): 2016-09-09 20:15:16] converged
[job(604): 2016-09-09 20:15:16] [Tune-x] 9: C=772; sigma=0.0428
[job(604): 2016-09-09 20:15:16] [Tune-y] 9: acc.test.mean=0.634; time: 0.0 min; memory: 116Mb use, 167Mb max
[job(604): 2016-09-09 20:15:16] 
[job(604): 2016-09-09 20:15:16] optimisation start
[job(604): 2016-09-09 20:15:16] ------------------
[job(604): 2016-09-09 20:15:16] * estimation method   : MLE 
[job(604): 2016-09-09 20:15:16] * optimisation method : BFGS 
[job(604): 2016-09-09 20:15:16] * analytical gradient : used
[job(604): 2016-09-09 20:15:16] * trend model : ~1
[job(604): 2016-09-09 20:15:16] * covariance model : 
[job(604): 2016-09-09 20:15:16]   - type :  matern5_2 
[job(604): 2016-09-09 20:15:16]   - nugget : NO
[job(604): 2016-09-09 20:15:16]   - parameters lower bounds :  1e-10 1e-10 
[job(604): 2016-09-09 20:15:16]   - parameters upper bounds :  43.37581 43.57263 
[job(604): 2016-09-09 20:15:16]   - best initial criterion value(s) :  8.867058 
[job(604): 2016-09-09 20:15:16] 
[job(604): 2016-09-09 20:15:16] N = 2, M = 5 machine precision = 2.22045e-16
[job(604): 2016-09-09 20:15:16] At X0, 0 variables are exactly at the bounds
[job(604): 2016-09-09 20:15:16] At iterate     0  f=      -8.8671  |proj g|=      0.54901
[job(604): 2016-09-09 20:15:16] At iterate     1  f =      -9.0754  |proj g|=       0.22439
[job(604): 2016-09-09 20:15:16] At iterate     2  f =      -9.1244  |proj g|=      0.037341
[job(604): 2016-09-09 20:15:16] At iterate     3  f =       -9.126  |proj g|=     0.0041347
[job(604): 2016-09-09 20:15:16] At iterate     4  f =       -9.126  |proj g|=     0.0041205
[job(604): 2016-09-09 20:15:16] At iterate     5  f =      -9.1262  |proj g|=     0.0063319
[job(604): 2016-09-09 20:15:16] At iterate     6  f =      -9.1265  |proj g|=      0.014568
[job(604): 2016-09-09 20:15:16] At iterate     7  f =      -9.1274  |proj g|=      0.026867
[job(604): 2016-09-09 20:15:16] At iterate     8  f =      -9.1292  |proj g|=      0.040716
[job(604): 2016-09-09 20:15:16] At iterate     9  f =      -9.1319  |proj g|=       0.04604
[job(604): 2016-09-09 20:15:16] At iterate    10  f =      -9.1353  |proj g|=     0.0043116
[job(604): 2016-09-09 20:15:16] At iterate    11  f =      -9.1353  |proj g|=    3.6318e-05
[job(604): 2016-09-09 20:15:16] At iterate    12  f =      -9.1353  |proj g|=     6.439e-07
[job(604): 2016-09-09 20:15:16] 
[job(604): 2016-09-09 20:15:16] iterations 12
[job(604): 2016-09-09 20:15:16] function evaluations 13
[job(604): 2016-09-09 20:15:16] segments explored during Cauchy searches 12
[job(604): 2016-09-09 20:15:16] BFGS updates skipped 0
[job(604): 2016-09-09 20:15:16] active bounds at final generalized Cauchy point 0
[job(604): 2016-09-09 20:15:16] norm of the final projected gradient 6.43903e-07
[job(604): 2016-09-09 20:15:16] final function value -9.13528
[job(604): 2016-09-09 20:15:16] 
[job(604): 2016-09-09 20:15:16] F = -9.13528
[job(604): 2016-09-09 20:15:16] final  value -9.135282 
[job(604): 2016-09-09 20:15:16] converged
[job(604): 2016-09-09 20:15:16] [Tune-x] 10: C=4.09e+03; sigma=0.0418
[job(604): 2016-09-09 20:15:16] [Tune-y] 10: acc.test.mean=0.594; time: 0.0 min; memory: 116Mb use, 167Mb max
[job(604): 2016-09-09 20:15:16] 
[job(604): 2016-09-09 20:15:16] optimisation start
[job(604): 2016-09-09 20:15:16] ------------------
[job(604): 2016-09-09 20:15:16] * estimation method   : MLE 
[job(604): 2016-09-09 20:15:16] * optimisation method : BFGS 
[job(604): 2016-09-09 20:15:16] * analytical gradient : used
[job(604): 2016-09-09 20:15:16] * trend model : ~1
[job(604): 2016-09-09 20:15:16] * covariance model : 
[job(604): 2016-09-09 20:15:16]   - type :  matern5_2 
[job(604): 2016-09-09 20:15:16]   - nugget : NO
[job(604): 2016-09-09 20:15:16]   - parameters lower bounds :  1e-10 1e-10 
[job(604): 2016-09-09 20:15:16]   - parameters upper bounds :  45.87403 43.57263 
[job(604): 2016-09-09 20:15:16]   - best initial criterion value(s) :  7.797532 
[job(604): 2016-09-09 20:15:16] 
[job(604): 2016-09-09 20:15:16] N = 2, M = 5 machine precision = 2.22045e-16
[job(604): 2016-09-09 20:15:16] At X0, 0 variables are exactly at the bounds
[job(604): 2016-09-09 20:15:16] At iterate     0  f=      -7.7975  |proj g|=      0.55017
[job(604): 2016-09-09 20:15:16] At iterate     1  f =      -8.2478  |proj g|=       0.56812
[job(604): 2016-09-09 20:15:16] At iterate     2  f =       -9.297  |proj g|=       0.43869
[job(604): 2016-09-09 20:15:16] At iterate     3  f =       -10.25  |proj g|=       0.58079
[job(604): 2016-09-09 20:15:16] At iterate     4  f =      -10.466  |proj g|=       0.04309
[job(604): 2016-09-09 20:15:16] At iterate     5  f =      -10.468  |proj g|=     0.0019504
[job(604): 2016-09-09 20:15:16] At iterate     6  f =      -10.468  |proj g|=    0.00016514
[job(604): 2016-09-09 20:15:16] At iterate     7  f =      -10.468  |proj g|=    1.3853e-07
[job(604): 2016-09-09 20:15:16] At iterate     8  f =      -10.468  |proj g|=    2.0381e-09
[job(604): 2016-09-09 20:15:16] 
[job(604): 2016-09-09 20:15:16] iterations 8
[job(604): 2016-09-09 20:15:16] function evaluations 10
[job(604): 2016-09-09 20:15:16] segments explored during Cauchy searches 9
[job(604): 2016-09-09 20:15:16] BFGS updates skipped 0
[job(604): 2016-09-09 20:15:16] active bounds at final generalized Cauchy point 0
[job(604): 2016-09-09 20:15:16] norm of the final projected gradient 2.03812e-09
[job(604): 2016-09-09 20:15:16] final function value -10.4678
[job(604): 2016-09-09 20:15:16] 
[job(604): 2016-09-09 20:15:16] F = -10.4678
[job(604): 2016-09-09 20:15:16] final  value -10.467778 
[job(604): 2016-09-09 20:15:16] converged
[job(604): 2016-09-09 20:15:16] [Tune-x] 11: C=141; sigma=0.038
[job(604): 2016-09-09 20:15:16] [Tune-y] 11: acc.test.mean=0.611; time: 0.0 min; memory: 116Mb use, 168Mb max
[job(604): 2016-09-09 20:15:16] 
[job(604): 2016-09-09 20:15:16] optimisation start
[job(604): 2016-09-09 20:15:16] ------------------
[job(604): 2016-09-09 20:15:16] * estimation method   : MLE 
[job(604): 2016-09-09 20:15:16] * optimisation method : BFGS 
[job(604): 2016-09-09 20:15:16] * analytical gradient : used
[job(604): 2016-09-09 20:15:16] * trend model : ~1
[job(604): 2016-09-09 20:15:16] * covariance model : 
[job(604): 2016-09-09 20:15:16]   - type :  matern5_2 
[job(604): 2016-09-09 20:15:16]   - nugget : NO
[job(604): 2016-09-09 20:15:16]   - parameters lower bounds :  1e-10 1e-10 
[job(604): 2016-09-09 20:15:16]   - parameters upper bounds :  45.87403 43.57263 
[job(604): 2016-09-09 20:15:16]   - best initial criterion value(s) :  10.86857 
[job(604): 2016-09-09 20:15:16] 
[job(604): 2016-09-09 20:15:16] N = 2, M = 5 machine precision = 2.22045e-16
[job(604): 2016-09-09 20:15:16] At X0, 0 variables are exactly at the bounds
[job(604): 2016-09-09 20:15:16] At iterate     0  f=      -10.869  |proj g|=      0.39511
[job(604): 2016-09-09 20:15:16] At iterate     1  f =      -11.096  |proj g|=       0.31393
[job(604): 2016-09-09 20:15:16] At iterate     2  f =      -11.408  |proj g|=      0.065465
[job(604): 2016-09-09 20:15:16] At iterate     3  f =      -11.419  |proj g|=      0.060413
[job(604): 2016-09-09 20:15:16] At iterate     4  f =      -11.422  |proj g|=     0.0068161
[job(604): 2016-09-09 20:15:16] At iterate     5  f =      -11.422  |proj g|=    0.00037818
[job(604): 2016-09-09 20:15:16] At iterate     6  f =      -11.422  |proj g|=    3.1029e-06
[job(604): 2016-09-09 20:15:16] At iterate     7  f =      -11.422  |proj g|=    1.1365e-07
[job(604): 2016-09-09 20:15:16] 
[job(604): 2016-09-09 20:15:16] iterations 7
[job(604): 2016-09-09 20:15:16] function evaluations 8
[job(604): 2016-09-09 20:15:16] segments explored during Cauchy searches 7
[job(604): 2016-09-09 20:15:16] BFGS updates skipped 0
[job(604): 2016-09-09 20:15:16] active bounds at final generalized Cauchy point 0
[job(604): 2016-09-09 20:15:16] norm of the final projected gradient 1.13652e-07
[job(604): 2016-09-09 20:15:16] final function value -11.4225
[job(604): 2016-09-09 20:15:16] 
[job(604): 2016-09-09 20:15:16] F = -11.4225
[job(604): 2016-09-09 20:15:16] final  value -11.422486 
[job(604): 2016-09-09 20:15:16] converged
[job(604): 2016-09-09 20:15:16] [Tune-x] 12: C=507; sigma=0.0604
[job(604): 2016-09-09 20:15:16] [Tune-y] 12: acc.test.mean=0.617; time: 0.0 min; memory: 116Mb use, 168Mb max
[job(604): 2016-09-09 20:15:16] 
[job(604): 2016-09-09 20:15:16] optimisation start
[job(604): 2016-09-09 20:15:16] ------------------
[job(604): 2016-09-09 20:15:16] * estimation method   : MLE 
[job(604): 2016-09-09 20:15:16] * optimisation method : BFGS 
[job(604): 2016-09-09 20:15:16] * analytical gradient : used
[job(604): 2016-09-09 20:15:16] * trend model : ~1
[job(604): 2016-09-09 20:15:16] * covariance model : 
[job(604): 2016-09-09 20:15:16]   - type :  matern5_2 
[job(604): 2016-09-09 20:15:16]   - nugget : NO
[job(604): 2016-09-09 20:15:16]   - parameters lower bounds :  1e-10 1e-10 
[job(604): 2016-09-09 20:15:16]   - parameters upper bounds :  45.87403 43.57263 
[job(604): 2016-09-09 20:15:16]   - best initial criterion value(s) :  10.14752 
[job(604): 2016-09-09 20:15:16] 
[job(604): 2016-09-09 20:15:16] N = 2, M = 5 machine precision = 2.22045e-16
[job(604): 2016-09-09 20:15:16] At X0, 0 variables are exactly at the bounds
[job(604): 2016-09-09 20:15:16] At iterate     0  f=      -10.148  |proj g|=      0.26359
[job(604): 2016-09-09 20:15:16] At iterate     1  f =       -10.15  |proj g|=       0.10819
[job(604): 2016-09-09 20:15:16] At iterate     2  f =      -10.154  |proj g|=       0.12437
[job(604): 2016-09-09 20:15:16] At iterate     3  f =      -10.194  |proj g|=        0.7439
[job(604): 2016-09-09 20:15:16] At iterate     4  f =      -10.278  |proj g|=        1.5619
[job(604): 2016-09-09 20:15:16] At iterate     5  f =      -10.507  |proj g|=        3.0122
[job(604): 2016-09-09 20:15:16] At iterate     6  f =      -10.974  |proj g|=        5.0092
[job(604): 2016-09-09 20:15:16] At iterate     7  f =      -11.501  |proj g|=        5.4641
[job(604): 2016-09-09 20:15:16] At iterate     8  f =      -12.391  |proj g|=       0.13091
[job(604): 2016-09-09 20:15:16] At iterate     9  f =      -12.406  |proj g|=       0.69547
[job(604): 2016-09-09 20:15:16] At iterate    10  f =      -12.423  |proj g|=       0.16263
[job(604): 2016-09-09 20:15:16] At iterate    11  f =      -12.427  |proj g|=      0.096479
[job(604): 2016-09-09 20:15:16] At iterate    12  f =      -12.435  |proj g|=       0.17851
[job(604): 2016-09-09 20:15:16] At iterate    13  f =      -12.451  |proj g|=       0.73752
[job(604): 2016-09-09 20:15:16] At iterate    14  f =      -12.453  |proj g|=        0.8503
[job(604): 2016-09-09 20:15:16] At iterate    15  f =       -12.47  |proj g|=        1.1006
[job(604): 2016-09-09 20:15:16] At iterate    16  f =      -12.493  |proj g|=        1.3251
[job(604): 2016-09-09 20:15:16] At iterate    17  f =      -12.553  |proj g|=         1.556
[job(604): 2016-09-09 20:15:16] At iterate    18  f =      -13.437  |proj g|=       0.87712
[job(604): 2016-09-09 20:15:16] At iterate    19  f =      -13.881  |proj g|=       0.11105
[job(604): 2016-09-09 20:15:16] At iterate    20  f =      -13.897  |proj g|=      0.090123
[job(604): 2016-09-09 20:15:16] At iterate    21  f =      -13.904  |proj g|=     0.0049289
[job(604): 2016-09-09 20:15:16] At iterate    22  f =      -13.904  |proj g|=    0.00012431
[job(604): 2016-09-09 20:15:16] At iterate    23  f =      -13.904  |proj g|=    5.2858e-07
[job(604): 2016-09-09 20:15:16] 
[job(604): 2016-09-09 20:15:16] iterations 23
[job(604): 2016-09-09 20:15:16] function evaluations 35
[job(604): 2016-09-09 20:15:16] segments explored during Cauchy searches 23
[job(604): 2016-09-09 20:15:16] BFGS updates skipped 0
[job(604): 2016-09-09 20:15:16] active bounds at final generalized Cauchy point 0
[job(604): 2016-09-09 20:15:16] norm of the final projected gradient 5.28581e-07
[job(604): 2016-09-09 20:15:16] final function value -13.9038
[job(604): 2016-09-09 20:15:16] 
[job(604): 2016-09-09 20:15:16] F = -13.9038
[job(604): 2016-09-09 20:15:16] final  value -13.903774 
[job(604): 2016-09-09 20:15:16] converged
[job(604): 2016-09-09 20:15:16] [Tune-x] 13: C=777; sigma=0.0363
[job(604): 2016-09-09 20:15:16] [Tune-y] 13: acc.test.mean=0.594; time: 0.0 min; memory: 116Mb use, 168Mb max
[job(604): 2016-09-09 20:15:16] 
[job(604): 2016-09-09 20:15:16] optimisation start
[job(604): 2016-09-09 20:15:16] ------------------
[job(604): 2016-09-09 20:15:16] * estimation method   : MLE 
[job(604): 2016-09-09 20:15:16] * optimisation method : BFGS 
[job(604): 2016-09-09 20:15:16] * analytical gradient : used
[job(604): 2016-09-09 20:15:16] * trend model : ~1
[job(604): 2016-09-09 20:15:16] * covariance model : 
[job(604): 2016-09-09 20:15:16]   - type :  matern5_2 
[job(604): 2016-09-09 20:15:16]   - nugget : NO
[job(604): 2016-09-09 20:15:16]   - parameters lower bounds :  1e-10 1e-10 
[job(604): 2016-09-09 20:15:16]   - parameters upper bounds :  45.87403 43.57263 
[job(604): 2016-09-09 20:15:16]   - best initial criterion value(s) :  -1.84867 
[job(604): 2016-09-09 20:15:16] 
[job(604): 2016-09-09 20:15:16] N = 2, M = 5 machine precision = 2.22045e-16
[job(604): 2016-09-09 20:15:16] At X0, 0 variables are exactly at the bounds
[job(604): 2016-09-09 20:15:16] At iterate     0  f=       1.8487  |proj g|=       4.1893
[job(604): 2016-09-09 20:15:16] At iterate     1  f =      -5.9518  |proj g|=             0
[job(604): 2016-09-09 20:15:16] 
[job(604): 2016-09-09 20:15:16] iterations 1
[job(604): 2016-09-09 20:15:16] function evaluations 2
[job(604): 2016-09-09 20:15:16] segments explored during Cauchy searches 2
[job(604): 2016-09-09 20:15:16] BFGS updates skipped 0
[job(604): 2016-09-09 20:15:16] active bounds at final generalized Cauchy point 1
[job(604): 2016-09-09 20:15:16] norm of the final projected gradient 0
[job(604): 2016-09-09 20:15:16] final function value -5.95175
[job(604): 2016-09-09 20:15:16] 
[job(604): 2016-09-09 20:15:16] F = -5.95175
[job(604): 2016-09-09 20:15:16] final  value -5.951751 
[job(604): 2016-09-09 20:15:16] converged
[job(604): 2016-09-09 20:15:16] [Tune-x] 14: C=0.00227; sigma=0.00285
[job(604): 2016-09-09 20:15:16] [Tune-y] 14: acc.test.mean=0.303; time: 0.0 min; memory: 116Mb use, 171Mb max
[job(604): 2016-09-09 20:15:16] 
[job(604): 2016-09-09 20:15:16] optimisation start
[job(604): 2016-09-09 20:15:16] ------------------
[job(604): 2016-09-09 20:15:16] * estimation method   : MLE 
[job(604): 2016-09-09 20:15:16] * optimisation method : BFGS 
[job(604): 2016-09-09 20:15:16] * analytical gradient : used
[job(604): 2016-09-09 20:15:16] * trend model : ~1
[job(604): 2016-09-09 20:15:16] * covariance model : 
[job(604): 2016-09-09 20:15:16]   - type :  matern5_2 
[job(604): 2016-09-09 20:15:16]   - nugget : NO
[job(604): 2016-09-09 20:15:16]   - parameters lower bounds :  1e-10 1e-10 
[job(604): 2016-09-09 20:15:16]   - parameters upper bounds :  45.87403 43.57263 
[job(604): 2016-09-09 20:15:16]   - best initial criterion value(s) :  5.695965 
[job(604): 2016-09-09 20:15:16] 
[job(604): 2016-09-09 20:15:16] N = 2, M = 5 machine precision = 2.22045e-16
[job(604): 2016-09-09 20:15:16] At X0, 0 variables are exactly at the bounds
[job(604): 2016-09-09 20:15:16] At iterate     0  f=       -5.696  |proj g|=       2.6828
[job(604): 2016-09-09 20:15:16] At iterate     1  f =      -6.4024  |proj g|=             0
[job(604): 2016-09-09 20:15:16] 
[job(604): 2016-09-09 20:15:16] iterations 1
[job(604): 2016-09-09 20:15:16] function evaluations 2
[job(604): 2016-09-09 20:15:16] segments explored during Cauchy searches 2
[job(604): 2016-09-09 20:15:16] BFGS updates skipped 0
[job(604): 2016-09-09 20:15:16] active bounds at final generalized Cauchy point 1
[job(604): 2016-09-09 20:15:16] norm of the final projected gradient 0
[job(604): 2016-09-09 20:15:16] final function value -6.4024
[job(604): 2016-09-09 20:15:16] 
[job(604): 2016-09-09 20:15:16] F = -6.4024
[job(604): 2016-09-09 20:15:16] final  value -6.402400 
[job(604): 2016-09-09 20:15:16] converged
[job(604): 2016-09-09 20:15:16] [Tune-x] 15: C=0.0684; sigma=1.4e+03
[job(604): 2016-09-09 20:15:16] [Tune-y] 15: acc.test.mean=0.303; time: 0.0 min; memory: 116Mb use, 171Mb max
[job(604): 2016-09-09 20:15:16] 
[job(604): 2016-09-09 20:15:16] optimisation start
[job(604): 2016-09-09 20:15:16] ------------------
[job(604): 2016-09-09 20:15:16] * estimation method   : MLE 
[job(604): 2016-09-09 20:15:16] * optimisation method : BFGS 
[job(604): 2016-09-09 20:15:16] * analytical gradient : used
[job(604): 2016-09-09 20:15:16] * trend model : ~1
[job(604): 2016-09-09 20:15:16] * covariance model : 
[job(604): 2016-09-09 20:15:16]   - type :  matern5_2 
[job(604): 2016-09-09 20:15:16]   - nugget : NO
[job(604): 2016-09-09 20:15:16]   - parameters lower bounds :  1e-10 1e-10 
[job(604): 2016-09-09 20:15:16]   - parameters upper bounds :  45.87403 43.57263 
[job(604): 2016-09-09 20:15:16]   - best initial criterion value(s) :  15.37799 
[job(604): 2016-09-09 20:15:16] 
[job(604): 2016-09-09 20:15:16] N = 2, M = 5 machine precision = 2.22045e-16
[job(604): 2016-09-09 20:15:16] At X0, 0 variables are exactly at the bounds
[job(604): 2016-09-09 20:15:16] At iterate     0  f=      -15.378  |proj g|=       1.7003
[job(604): 2016-09-09 20:15:16] At iterate     1  f =      -16.992  |proj g|=        1.4562
[job(604): 2016-09-09 20:15:16] At iterate     2  f =      -17.569  |proj g|=        4.0668
[job(604): 2016-09-09 20:15:16] At iterate     3  f =      -18.135  |proj g|=       0.16263
[job(604): 2016-09-09 20:15:16] At iterate     4  f =      -18.137  |proj g|=      0.082095
[job(604): 2016-09-09 20:15:16] At iterate     5  f =      -18.137  |proj g|=       0.08152
[job(604): 2016-09-09 20:15:16] At iterate     6  f =      -18.143  |proj g|=       0.25919
[job(604): 2016-09-09 20:15:16] At iterate     7  f =      -18.151  |proj g|=       0.40604
[job(604): 2016-09-09 20:15:16] At iterate     8  f =      -18.163  |proj g|=       0.41507
[job(604): 2016-09-09 20:15:16] At iterate     9  f =       -18.17  |proj g|=      0.037821
[job(604): 2016-09-09 20:15:16] At iterate    10  f =       -18.17  |proj g|=    0.00051205
[job(604): 2016-09-09 20:15:16] At iterate    11  f =       -18.17  |proj g|=    2.9727e-05
[job(604): 2016-09-09 20:15:16] At iterate    12  f =       -18.17  |proj g|=    1.1869e-07
[job(604): 2016-09-09 20:15:16] 
[job(604): 2016-09-09 20:15:16] iterations 12
[job(604): 2016-09-09 20:15:16] function evaluations 14
[job(604): 2016-09-09 20:15:16] segments explored during Cauchy searches 13
[job(604): 2016-09-09 20:15:16] BFGS updates skipped 0
[job(604): 2016-09-09 20:15:16] active bounds at final generalized Cauchy point 0
[job(604): 2016-09-09 20:15:16] norm of the final projected gradient 1.1869e-07
[job(604): 2016-09-09 20:15:16] final function value -18.1703
[job(604): 2016-09-09 20:15:16] 
[job(604): 2016-09-09 20:15:16] F = -18.1703
[job(604): 2016-09-09 20:15:16] final  value -18.170272 
[job(604): 2016-09-09 20:15:16] converged
[job(604): 2016-09-09 20:15:16] [Tune-x] 16: C=176; sigma=0.0484
[job(604): 2016-09-09 20:15:16] [Tune-y] 16: acc.test.mean=0.64; time: 0.0 min; memory: 116Mb use, 171Mb max
[job(604): 2016-09-09 20:15:16] 
[job(604): 2016-09-09 20:15:16] optimisation start
[job(604): 2016-09-09 20:15:16] ------------------
[job(604): 2016-09-09 20:15:16] * estimation method   : MLE 
[job(604): 2016-09-09 20:15:16] * optimisation method : BFGS 
[job(604): 2016-09-09 20:15:16] * analytical gradient : used
[job(604): 2016-09-09 20:15:16] * trend model : ~1
[job(604): 2016-09-09 20:15:16] * covariance model : 
[job(604): 2016-09-09 20:15:16]   - type :  matern5_2 
[job(604): 2016-09-09 20:15:16]   - nugget : NO
[job(604): 2016-09-09 20:15:16]   - parameters lower bounds :  1e-10 1e-10 
[job(604): 2016-09-09 20:15:16]   - parameters upper bounds :  45.87403 43.57263 
[job(604): 2016-09-09 20:15:16]   - best initial criterion value(s) :  1.041332 
[job(604): 2016-09-09 20:15:16] 
[job(604): 2016-09-09 20:15:16] N = 2, M = 5 machine precision = 2.22045e-16
[job(604): 2016-09-09 20:15:16] At X0, 0 variables are exactly at the bounds
[job(604): 2016-09-09 20:15:16] At iterate     0  f=      -1.0413  |proj g|=       3.8485
[job(604): 2016-09-09 20:15:16] At iterate     1  f =      -13.354  |proj g|=       0.67842
[job(604): 2016-09-09 20:15:16] ys=-2.230e+01  -gs= 1.481e+01, BFGS update SKIPPED
[job(604): 2016-09-09 20:15:16] At iterate     2  f =      -15.534  |proj g|=       0.45458
[job(604): 2016-09-09 20:15:16] At iterate     3  f =      -15.666  |proj g|=       0.34375
[job(604): 2016-09-09 20:15:16] At iterate     4  f =      -15.666  |proj g|=      0.098787
[job(604): 2016-09-09 20:15:16] At iterate     5  f =      -15.669  |proj g|=      0.099514
[job(604): 2016-09-09 20:15:16] At iterate     6  f =        -15.7  |proj g|=       0.41995
[job(604): 2016-09-09 20:15:16] At iterate     7  f =      -15.777  |proj g|=       0.44318
[job(604): 2016-09-09 20:15:16] At iterate     8  f =      -19.776  |proj g|=        6.4977
[job(604): 2016-09-09 20:15:16] At iterate     9  f =      -19.783  |proj g|=        6.3685
[job(604): 2016-09-09 20:15:16] At iterate    10  f =      -20.162  |proj g|=         5.262
[job(604): 2016-09-09 20:15:16] At iterate    11  f =      -20.968  |proj g|=      0.029479
[job(604): 2016-09-09 20:15:16] At iterate    12  f =      -20.969  |proj g|=     0.0043516
[job(604): 2016-09-09 20:15:16] At iterate    13  f =      -20.969  |proj g|=    0.00015629
[job(604): 2016-09-09 20:15:16] At iterate    14  f =      -20.969  |proj g|=    8.0294e-06
[job(604): 2016-09-09 20:15:16] 
[job(604): 2016-09-09 20:15:16] iterations 14
[job(604): 2016-09-09 20:15:16] function evaluations 28
[job(604): 2016-09-09 20:15:16] segments explored during Cauchy searches 15
[job(604): 2016-09-09 20:15:16] BFGS updates skipped 1
[job(604): 2016-09-09 20:15:16] active bounds at final generalized Cauchy point 0
[job(604): 2016-09-09 20:15:16] norm of the final projected gradient 8.02937e-06
[job(604): 2016-09-09 20:15:16] final function value -20.9685
[job(604): 2016-09-09 20:15:16] 
[job(604): 2016-09-09 20:15:16] F = -20.9685
[job(604): 2016-09-09 20:15:16] final  value -20.968542 
[job(604): 2016-09-09 20:15:16] converged
[job(604): 2016-09-09 20:15:16] [Tune-x] 17: C=343; sigma=0.0463
[job(604): 2016-09-09 20:15:16] [Tune-y] 17: acc.test.mean=0.611; time: 0.0 min; memory: 116Mb use, 171Mb max
[job(604): 2016-09-09 20:15:16] 
[job(604): 2016-09-09 20:15:16] optimisation start
[job(604): 2016-09-09 20:15:16] ------------------
[job(604): 2016-09-09 20:15:16] * estimation method   : MLE 
[job(604): 2016-09-09 20:15:16] * optimisation method : BFGS 
[job(604): 2016-09-09 20:15:16] * analytical gradient : used
[job(604): 2016-09-09 20:15:16] * trend model : ~1
[job(604): 2016-09-09 20:15:16] * covariance model : 
[job(604): 2016-09-09 20:15:16]   - type :  matern5_2 
[job(604): 2016-09-09 20:15:16]   - nugget : NO
[job(604): 2016-09-09 20:15:16]   - parameters lower bounds :  1e-10 1e-10 
[job(604): 2016-09-09 20:15:16]   - parameters upper bounds :  45.87403 43.57263 
[job(604): 2016-09-09 20:15:16]   - best initial criterion value(s) :  7.657984 
[job(604): 2016-09-09 20:15:16] 
[job(604): 2016-09-09 20:15:16] N = 2, M = 5 machine precision = 2.22045e-16
[job(604): 2016-09-09 20:15:16] At X0, 0 variables are exactly at the bounds
[job(604): 2016-09-09 20:15:16] At iterate     0  f=       -7.658  |proj g|=      0.11935
[job(604): 2016-09-09 20:15:16] At iterate     1  f =      -8.4849  |proj g|=       0.08231
[job(604): 2016-09-09 20:15:16] At iterate     2  f =       -8.708  |proj g|=      0.069617
[job(604): 2016-09-09 20:15:16] At iterate     3  f =      -8.9223  |proj g|=      0.046148
[job(604): 2016-09-09 20:15:16] At iterate     4  f =      -8.9231  |proj g|=       0.53891
[job(604): 2016-09-09 20:15:16] At iterate     5  f =      -8.9232  |proj g|=     0.0095425
[job(604): 2016-09-09 20:15:16] At iterate     6  f =      -8.9232  |proj g|=     0.0019078
[job(604): 2016-09-09 20:15:16] At iterate     7  f =      -8.9232  |proj g|=     0.0051596
[job(604): 2016-09-09 20:15:16] At iterate     8  f =      -8.9232  |proj g|=       0.01229
[job(604): 2016-09-09 20:15:16] At iterate     9  f =      -8.9232  |proj g|=       0.02719
[job(604): 2016-09-09 20:15:16] At iterate    10  f =      -8.9232  |proj g|=      0.049229
[job(604): 2016-09-09 20:15:16] At iterate    11  f =      -8.9232  |proj g|=      0.086191
[job(604): 2016-09-09 20:15:16] At iterate    12  f =      -8.9232  |proj g|=        0.1453
[job(604): 2016-09-09 20:15:16] At iterate    13  f =      -8.9233  |proj g|=       0.24224
[job(604): 2016-09-09 20:15:16] At iterate    14  f =      -8.9233  |proj g|=       0.40199
[job(604): 2016-09-09 20:15:16] At iterate    15  f =      -8.9235  |proj g|=       0.66399
[job(604): 2016-09-09 20:15:16] At iterate    16  f =      -8.9239  |proj g|=        1.0788
[job(604): 2016-09-09 20:15:16] At iterate    17  f =      -8.9249  |proj g|=        1.6066
[job(604): 2016-09-09 20:15:16] At iterate    18  f =       -8.926  |proj g|=         1.658
[job(604): 2016-09-09 20:15:16] At iterate    19  f =       -8.928  |proj g|=      0.046813
[job(604): 2016-09-09 20:15:16] At iterate    20  f =      -8.9284  |proj g|=       0.40396
[job(604): 2016-09-09 20:15:16] At iterate    21  f =      -8.9285  |proj g|=       0.11809
[job(604): 2016-09-09 20:15:16] At iterate    22  f =      -8.9287  |proj g|=      0.082739
[job(604): 2016-09-09 20:15:16] At iterate    23  f =      -8.9287  |proj g|=       0.18684
[job(604): 2016-09-09 20:15:16] At iterate    24  f =      -8.9287  |proj g|=      0.035721
[job(604): 2016-09-09 20:15:16] At iterate    25  f =      -8.9288  |proj g|=       0.12453
[job(604): 2016-09-09 20:15:16] At iterate    26  f =      -8.9288  |proj g|=      0.097946
[job(604): 2016-09-09 20:15:16] At iterate    27  f =      -8.9289  |proj g|=       0.13279
[job(604): 2016-09-09 20:15:16] At iterate    28  f =       -8.929  |proj g|=       0.13482
[job(604): 2016-09-09 20:15:16] At iterate    29  f =      -8.9292  |proj g|=       0.19365
[job(604): 2016-09-09 20:15:16] At iterate    30  f =      -8.9294  |proj g|=       0.39954
[job(604): 2016-09-09 20:15:16] At iterate    31  f =      -8.9303  |proj g|=       0.54646
[job(604): 2016-09-09 20:15:16] At iterate    32  f =      -8.9317  |proj g|=       0.81244
[job(604): 2016-09-09 20:15:16] At iterate    33  f =      -8.9337  |proj g|=        1.1554
[job(604): 2016-09-09 20:15:16] At iterate    34  f =      -8.9382  |proj g|=        1.7302
[job(604): 2016-09-09 20:15:16] At iterate    35  f =      -8.9469  |proj g|=        2.5131
[job(604): 2016-09-09 20:15:16] At iterate    36  f =      -8.9659  |proj g|=        3.4172
[job(604): 2016-09-09 20:15:16] At iterate    37  f =       -9.001  |proj g|=        3.9911
[job(604): 2016-09-09 20:15:16] At iterate    38  f =      -9.0684  |proj g|=        4.3691
[job(604): 2016-09-09 20:15:16] At iterate    39  f =      -9.2233  |proj g|=        4.3099
[job(604): 2016-09-09 20:15:16] At iterate    40  f =      -9.8436  |proj g|=        4.5631
[job(604): 2016-09-09 20:15:16] At iterate    41  f =      -13.056  |proj g|=        5.3957
[job(604): 2016-09-09 20:15:16] At iterate    42  f =      -17.717  |proj g|=        1.0861
[job(604): 2016-09-09 20:15:16] At iterate    43  f =      -17.947  |proj g|=        1.2539
[job(604): 2016-09-09 20:15:16] At iterate    44  f =      -18.007  |proj g|=       0.63099
[job(604): 2016-09-09 20:15:16] At iterate    45  f =      -18.028  |proj g|=      0.024289
[job(604): 2016-09-09 20:15:16] At iterate    46  f =      -18.028  |proj g|=      0.001676
[job(604): 2016-09-09 20:15:16] At iterate    47  f =      -18.028  |proj g|=    0.00013084
[job(604): 2016-09-09 20:15:16] At iterate    48  f =      -18.028  |proj g|=    1.0664e-05
[job(604): 2016-09-09 20:15:16] 
[job(604): 2016-09-09 20:15:16] iterations 48
[job(604): 2016-09-09 20:15:16] function evaluations 69
[job(604): 2016-09-09 20:15:16] segments explored during Cauchy searches 50
[job(604): 2016-09-09 20:15:16] BFGS updates skipped 0
[job(604): 2016-09-09 20:15:16] active bounds at final generalized Cauchy point 0
[job(604): 2016-09-09 20:15:16] norm of the final projected gradient 1.06642e-05
[job(604): 2016-09-09 20:15:16] final function value -18.0281
[job(604): 2016-09-09 20:15:16] 
[job(604): 2016-09-09 20:15:16] F = -18.0281
[job(604): 2016-09-09 20:15:16] final  value -18.028133 
[job(604): 2016-09-09 20:15:16] converged
[job(604): 2016-09-09 20:15:16] [Tune-x] 18: C=63.2; sigma=0.0526
[job(604): 2016-09-09 20:15:16] [Tune-y] 18: acc.test.mean=0.617; time: 0.0 min; memory: 116Mb use, 171Mb max
[job(604): 2016-09-09 20:15:16] 
[job(604): 2016-09-09 20:15:16] optimisation start
[job(604): 2016-09-09 20:15:16] ------------------
[job(604): 2016-09-09 20:15:16] * estimation method   : MLE 
[job(604): 2016-09-09 20:15:16] * optimisation method : BFGS 
[job(604): 2016-09-09 20:15:16] * analytical gradient : used
[job(604): 2016-09-09 20:15:16] * trend model : ~1
[job(604): 2016-09-09 20:15:16] * covariance model : 
[job(604): 2016-09-09 20:15:16]   - type :  matern5_2 
[job(604): 2016-09-09 20:15:16]   - nugget : NO
[job(604): 2016-09-09 20:15:16]   - parameters lower bounds :  1e-10 1e-10 
[job(604): 2016-09-09 20:15:16]   - parameters upper bounds :  45.87403 43.57263 
[job(604): 2016-09-09 20:15:16]   - best initial criterion value(s) :  13.41946 
[job(604): 2016-09-09 20:15:16] 
[job(604): 2016-09-09 20:15:16] N = 2, M = 5 machine precision = 2.22045e-16
[job(604): 2016-09-09 20:15:16] At X0, 0 variables are exactly at the bounds
[job(604): 2016-09-09 20:15:16] At iterate     0  f=      -13.419  |proj g|=      0.29007
[job(604): 2016-09-09 20:15:16] At iterate     1  f =      -14.501  |proj g|=       0.24747
[job(604): 2016-09-09 20:15:16] At iterate     2  f =      -15.355  |proj g|=       0.18834
[job(604): 2016-09-09 20:15:16] At iterate     3  f =      -15.367  |proj g|=       0.18227
[job(604): 2016-09-09 20:15:16] At iterate     4  f =      -15.367  |proj g|=      0.018477
[job(604): 2016-09-09 20:15:16] At iterate     5  f =      -15.367  |proj g|=      0.018486
[job(604): 2016-09-09 20:15:16] At iterate     6  f =      -15.367  |proj g|=      0.032762
[job(604): 2016-09-09 20:15:16] At iterate     7  f =      -15.367  |proj g|=      0.082362
[job(604): 2016-09-09 20:15:16] At iterate     8  f =      -15.367  |proj g|=       0.17194
[job(604): 2016-09-09 20:15:16] At iterate     9  f =      -15.367  |proj g|=       0.18249
[job(604): 2016-09-09 20:15:16] At iterate    10  f =      -15.367  |proj g|=       0.18289
[job(604): 2016-09-09 20:15:16] At iterate    11  f =      -15.368  |proj g|=       0.18356
[job(604): 2016-09-09 20:15:16] At iterate    12  f =      -15.369  |proj g|=       0.18475
[job(604): 2016-09-09 20:15:16] At iterate    13  f =      -15.373  |proj g|=       0.18701
[job(604): 2016-09-09 20:15:16] At iterate    14  f =      -15.385  |proj g|=       0.19215
[job(604): 2016-09-09 20:15:16] At iterate    15  f =      -16.181  |proj g|=       0.33042
[job(604): 2016-09-09 20:15:16] ys=-1.307e+00  -gs= 4.315e-01, BFGS update SKIPPED
[job(604): 2016-09-09 20:15:16] At iterate    16  f =      -16.286  |proj g|=       0.33562
[job(604): 2016-09-09 20:15:16] At iterate    17  f =      -16.287  |proj g|=       0.33475
[job(604): 2016-09-09 20:15:16] At iterate    18  f =      -16.931  |proj g|=        4.9285
[job(604): 2016-09-09 20:15:16] At iterate    19  f =      -16.937  |proj g|=        6.6272
[job(604): 2016-09-09 20:15:16] At iterate    20  f =      -17.055  |proj g|=        3.2657
[job(604): 2016-09-09 20:15:16] At iterate    21  f =      -17.116  |proj g|=      0.088908
[job(604): 2016-09-09 20:15:16] At iterate    22  f =      -17.123  |proj g|=      0.083716
[job(604): 2016-09-09 20:15:16] At iterate    23  f =      -17.123  |proj g|=     0.0035361
[job(604): 2016-09-09 20:15:16] At iterate    24  f =      -17.123  |proj g|=      0.001044
[job(604): 2016-09-09 20:15:16] At iterate    25  f =      -17.123  |proj g|=    6.7926e-05
[job(604): 2016-09-09 20:15:16] 
[job(604): 2016-09-09 20:15:16] iterations 25
[job(604): 2016-09-09 20:15:16] function evaluations 50
[job(604): 2016-09-09 20:15:16] segments explored during Cauchy searches 26
[job(604): 2016-09-09 20:15:16] BFGS updates skipped 1
[job(604): 2016-09-09 20:15:16] active bounds at final generalized Cauchy point 0
[job(604): 2016-09-09 20:15:16] norm of the final projected gradient 6.79255e-05
[job(604): 2016-09-09 20:15:16] final function value -17.1234
[job(604): 2016-09-09 20:15:16] 
[job(604): 2016-09-09 20:15:16] F = -17.1234
[job(604): 2016-09-09 20:15:16] final  value -17.123383 
[job(604): 2016-09-09 20:15:16] converged
[job(604): 2016-09-09 20:15:16] [Tune-x] 19: C=182; sigma=0.0419
[job(604): 2016-09-09 20:15:16] [Tune-y] 19: acc.test.mean= 0.6; time: 0.0 min; memory: 116Mb use, 171Mb max
[job(604): 2016-09-09 20:15:16] 
[job(604): 2016-09-09 20:15:16] optimisation start
[job(604): 2016-09-09 20:15:16] ------------------
[job(604): 2016-09-09 20:15:16] * estimation method   : MLE 
[job(604): 2016-09-09 20:15:16] * optimisation method : BFGS 
[job(604): 2016-09-09 20:15:16] * analytical gradient : used
[job(604): 2016-09-09 20:15:16] * trend model : ~1
[job(604): 2016-09-09 20:15:16] * covariance model : 
[job(604): 2016-09-09 20:15:16]   - type :  matern5_2 
[job(604): 2016-09-09 20:15:16]   - nugget : NO
[job(604): 2016-09-09 20:15:16]   - parameters lower bounds :  1e-10 1e-10 
[job(604): 2016-09-09 20:15:16]   - parameters upper bounds :  45.87403 43.57263 
[job(604): 2016-09-09 20:15:16]   - best initial criterion value(s) :  15.00071 
[job(604): 2016-09-09 20:15:16] 
[job(604): 2016-09-09 20:15:16] N = 2, M = 5 machine precision = 2.22045e-16
[job(604): 2016-09-09 20:15:16] At X0, 0 variables are exactly at the bounds
[job(604): 2016-09-09 20:15:16] At iterate     0  f=      -15.001  |proj g|=      0.23609
[job(604): 2016-09-09 20:15:16] At iterate     1  f =      -17.306  |proj g|=       0.19224
[job(604): 2016-09-09 20:15:16] At iterate     2  f =      -17.664  |proj g|=        16.784
[job(604): 2016-09-09 20:15:16] At iterate     3  f =      -17.782  |proj g|=       0.16436
[job(604): 2016-09-09 20:15:16] At iterate     4  f =      -17.782  |proj g|=      0.031917
[job(604): 2016-09-09 20:15:16] At iterate     5  f =      -17.782  |proj g|=      0.089802
[job(604): 2016-09-09 20:15:16] At iterate     6  f =      -17.783  |proj g|=       0.16485
[job(604): 2016-09-09 20:15:16] At iterate     7  f =      -17.785  |proj g|=       0.16567
[job(604): 2016-09-09 20:15:16] At iterate     8  f =       -17.79  |proj g|=       0.16712
[job(604): 2016-09-09 20:15:16] At iterate     9  f =      -17.805  |proj g|=       0.16924
[job(604): 2016-09-09 20:15:16] At iterate    10  f =      -17.842  |proj g|=       0.17236
[job(604): 2016-09-09 20:15:16] At iterate    11  f =      -17.935  |proj g|=       0.17631
[job(604): 2016-09-09 20:15:16] At iterate    12  f =      -18.117  |proj g|=       0.17751
[job(604): 2016-09-09 20:15:16] At iterate    13  f =      -18.226  |proj g|=       0.16962
[job(604): 2016-09-09 20:15:16] At iterate    14  f =      -18.257  |proj g|=      0.085726
[job(604): 2016-09-09 20:15:16] At iterate    15  f =      -18.257  |proj g|=     0.0001366
[job(604): 2016-09-09 20:15:16] At iterate    16  f =      -18.257  |proj g|=     5.901e-09
[job(604): 2016-09-09 20:15:16] 
[job(604): 2016-09-09 20:15:16] iterations 16
[job(604): 2016-09-09 20:15:16] function evaluations 21
[job(604): 2016-09-09 20:15:16] segments explored during Cauchy searches 17
[job(604): 2016-09-09 20:15:16] BFGS updates skipped 0
[job(604): 2016-09-09 20:15:16] active bounds at final generalized Cauchy point 1
[job(604): 2016-09-09 20:15:16] norm of the final projected gradient 5.90102e-09
[job(604): 2016-09-09 20:15:16] final function value -18.2566
[job(604): 2016-09-09 20:15:16] 
[job(604): 2016-09-09 20:15:16] F = -18.2566
[job(604): 2016-09-09 20:15:16] final  value -18.256606 
[job(604): 2016-09-09 20:15:16] converged
[job(604): 2016-09-09 20:15:16] [Tune-x] 20: C=221; sigma=0.0496
[job(604): 2016-09-09 20:15:16] [Tune-y] 20: acc.test.mean=0.634; time: 0.0 min; memory: 116Mb use, 171Mb max
[job(604): 2016-09-09 20:15:16] 
[job(604): 2016-09-09 20:15:16] optimisation start
[job(604): 2016-09-09 20:15:16] ------------------
[job(604): 2016-09-09 20:15:16] * estimation method   : MLE 
[job(604): 2016-09-09 20:15:16] * optimisation method : BFGS 
[job(604): 2016-09-09 20:15:16] * analytical gradient : used
[job(604): 2016-09-09 20:15:16] * trend model : ~1
[job(604): 2016-09-09 20:15:16] * covariance model : 
[job(604): 2016-09-09 20:15:16]   - type :  matern5_2 
[job(604): 2016-09-09 20:15:16]   - nugget : NO
[job(604): 2016-09-09 20:15:16]   - parameters lower bounds :  1e-10 1e-10 
[job(604): 2016-09-09 20:15:16]   - parameters upper bounds :  45.87403 43.57263 
[job(604): 2016-09-09 20:15:16]   - best initial criterion value(s) :  -12.73963 
[job(604): 2016-09-09 20:15:16] 
[job(604): 2016-09-09 20:15:16] N = 2, M = 5 machine precision = 2.22045e-16
[job(604): 2016-09-09 20:15:16] At X0, 0 variables are exactly at the bounds
[job(604): 2016-09-09 20:15:16] At iterate     0  f=        12.74  |proj g|=      0.93845
[job(604): 2016-09-09 20:15:16] At iterate     1  f =       8.8795  |proj g|=        3.8502
[job(604): 2016-09-09 20:15:16] ys=-2.870e+00  -gs= 1.278e+00, BFGS update SKIPPED
[job(604): 2016-09-09 20:15:16] At iterate     2  f =       6.1438  |proj g|=       0.54854
[job(604): 2016-09-09 20:15:16] At iterate     3  f =       5.5726  |proj g|=       0.63377
[job(604): 2016-09-09 20:15:16] At iterate     4  f =       3.2411  |proj g|=         5.158
[job(604): 2016-09-09 20:15:16] At iterate     5  f =      -9.1218  |proj g|=             0
[job(604): 2016-09-09 20:15:16] 
[job(604): 2016-09-09 20:15:16] iterations 5
[job(604): 2016-09-09 20:15:16] function evaluations 8
[job(604): 2016-09-09 20:15:16] segments explored during Cauchy searches 5
[job(604): 2016-09-09 20:15:16] BFGS updates skipped 1
[job(604): 2016-09-09 20:15:16] active bounds at final generalized Cauchy point 0
[job(604): 2016-09-09 20:15:16] norm of the final projected gradient 0
[job(604): 2016-09-09 20:15:16] final function value -9.1218
[job(604): 2016-09-09 20:15:16] 
[job(604): 2016-09-09 20:15:16] F = -9.1218
[job(604): 2016-09-09 20:15:16] final  value -9.121798 
[job(604): 2016-09-09 20:15:16] converged
[job(604): 2016-09-09 20:15:16] [Tune-x] 21: C=1.5; sigma=82.6
[job(604): 2016-09-09 20:15:16] [Tune-y] 21: acc.test.mean=0.314; time: 0.0 min; memory: 116Mb use, 171Mb max
[job(604): 2016-09-09 20:15:16] 
[job(604): 2016-09-09 20:15:16] optimisation start
[job(604): 2016-09-09 20:15:16] ------------------
[job(604): 2016-09-09 20:15:16] * estimation method   : MLE 
[job(604): 2016-09-09 20:15:16] * optimisation method : BFGS 
[job(604): 2016-09-09 20:15:16] * analytical gradient : used
[job(604): 2016-09-09 20:15:16] * trend model : ~1
[job(604): 2016-09-09 20:15:16] * covariance model : 
[job(604): 2016-09-09 20:15:16]   - type :  matern5_2 
[job(604): 2016-09-09 20:15:16]   - nugget : NO
[job(604): 2016-09-09 20:15:16]   - parameters lower bounds :  1e-10 1e-10 
[job(604): 2016-09-09 20:15:16]   - parameters upper bounds :  45.87403 43.57263 
[job(604): 2016-09-09 20:15:16]   - best initial criterion value(s) :  20.24834 
[job(604): 2016-09-09 20:15:16] 
[job(604): 2016-09-09 20:15:16] N = 2, M = 5 machine precision = 2.22045e-16
[job(604): 2016-09-09 20:15:16] At X0, 0 variables are exactly at the bounds
[job(604): 2016-09-09 20:15:16] At iterate     0  f=      -20.248  |proj g|=        1.966
[job(604): 2016-09-09 20:15:16] At iterate     1  f =      -21.049  |proj g|=        1.7573
[job(604): 2016-09-09 20:15:16] At iterate     2  f =      -22.046  |proj g|=        2.8861
[job(604): 2016-09-09 20:15:16] At iterate     3  f =      -22.546  |proj g|=        3.0752
[job(604): 2016-09-09 20:15:16] At iterate     4  f =       -23.62  |proj g|=        1.9326
[job(604): 2016-09-09 20:15:16] At iterate     5  f =      -23.895  |proj g|=       0.85225
[job(604): 2016-09-09 20:15:16] At iterate     6  f =      -24.097  |proj g|=       0.74342
[job(604): 2016-09-09 20:15:16] At iterate     7  f =      -24.134  |proj g|=      0.089427
[job(604): 2016-09-09 20:15:16] At iterate     8  f =      -24.135  |proj g|=     0.0083099
[job(604): 2016-09-09 20:15:16] At iterate     9  f =      -24.135  |proj g|=     0.0014697
[job(604): 2016-09-09 20:15:16] At iterate    10  f =      -24.135  |proj g|=    3.6457e-05
[job(604): 2016-09-09 20:15:16] 
[job(604): 2016-09-09 20:15:16] iterations 10
[job(604): 2016-09-09 20:15:16] function evaluations 13
[job(604): 2016-09-09 20:15:16] segments explored during Cauchy searches 11
[job(604): 2016-09-09 20:15:16] BFGS updates skipped 0
[job(604): 2016-09-09 20:15:16] active bounds at final generalized Cauchy point 0
[job(604): 2016-09-09 20:15:16] norm of the final projected gradient 3.64569e-05
[job(604): 2016-09-09 20:15:16] final function value -24.1349
[job(604): 2016-09-09 20:15:16] 
[job(604): 2016-09-09 20:15:16] F = -24.1349
[job(604): 2016-09-09 20:15:16] final  value -24.134896 
[job(604): 2016-09-09 20:15:16] converged
[job(604): 2016-09-09 20:15:16] [Tune-x] 22: C=1.12e+03; sigma=0.0492
[job(604): 2016-09-09 20:15:16] [Tune-y] 22: acc.test.mean=0.611; time: 0.0 min; memory: 116Mb use, 190Mb max
[job(604): 2016-09-09 20:15:16] 
[job(604): 2016-09-09 20:15:16] optimisation start
[job(604): 2016-09-09 20:15:16] ------------------
[job(604): 2016-09-09 20:15:16] * estimation method   : MLE 
[job(604): 2016-09-09 20:15:16] * optimisation method : BFGS 
[job(604): 2016-09-09 20:15:16] * analytical gradient : used
[job(604): 2016-09-09 20:15:16] * trend model : ~1
[job(604): 2016-09-09 20:15:16] * covariance model : 
[job(604): 2016-09-09 20:15:16]   - type :  matern5_2 
[job(604): 2016-09-09 20:15:16]   - nugget : NO
[job(604): 2016-09-09 20:15:16]   - parameters lower bounds :  1e-10 1e-10 
[job(604): 2016-09-09 20:15:16]   - parameters upper bounds :  45.87403 43.57263 
[job(604): 2016-09-09 20:15:16]   - best initial criterion value(s) :  2.473502 
[job(604): 2016-09-09 20:15:16] 
[job(604): 2016-09-09 20:15:16] N = 2, M = 5 machine precision = 2.22045e-16
[job(604): 2016-09-09 20:15:16] At X0, 0 variables are exactly at the bounds
[job(604): 2016-09-09 20:15:16] At iterate     0  f=      -2.4735  |proj g|=       1.6441
[job(604): 2016-09-09 20:15:16] At iterate     1  f =      -10.074  |proj g|=             0
[job(604): 2016-09-09 20:15:16] 
[job(604): 2016-09-09 20:15:16] iterations 1
[job(604): 2016-09-09 20:15:16] function evaluations 2
[job(604): 2016-09-09 20:15:16] segments explored during Cauchy searches 2
[job(604): 2016-09-09 20:15:16] BFGS updates skipped 0
[job(604): 2016-09-09 20:15:16] active bounds at final generalized Cauchy point 1
[job(604): 2016-09-09 20:15:16] norm of the final projected gradient 0
[job(604): 2016-09-09 20:15:16] final function value -10.0742
[job(604): 2016-09-09 20:15:16] 
[job(604): 2016-09-09 20:15:16] F = -10.0742
[job(604): 2016-09-09 20:15:16] final  value -10.074191 
[job(604): 2016-09-09 20:15:16] converged
[job(604): 2016-09-09 20:15:16] [Tune-x] 23: C=3.79; sigma=11.9
[job(604): 2016-09-09 20:15:16] [Tune-y] 23: acc.test.mean=0.314; time: 0.0 min; memory: 116Mb use, 190Mb max
[job(604): 2016-09-09 20:15:16] 
[job(604): 2016-09-09 20:15:16] optimisation start
[job(604): 2016-09-09 20:15:16] ------------------
[job(604): 2016-09-09 20:15:16] * estimation method   : MLE 
[job(604): 2016-09-09 20:15:16] * optimisation method : BFGS 
[job(604): 2016-09-09 20:15:16] * analytical gradient : used
[job(604): 2016-09-09 20:15:16] * trend model : ~1
[job(604): 2016-09-09 20:15:16] * covariance model : 
[job(604): 2016-09-09 20:15:16]   - type :  matern5_2 
[job(604): 2016-09-09 20:15:16]   - nugget : NO
[job(604): 2016-09-09 20:15:16]   - parameters lower bounds :  1e-10 1e-10 
[job(604): 2016-09-09 20:15:16]   - parameters upper bounds :  45.87403 43.57263 
[job(604): 2016-09-09 20:15:16]   - best initial criterion value(s) :  -1.406805 
[job(604): 2016-09-09 20:15:16] 
[job(604): 2016-09-09 20:15:16] N = 2, M = 5 machine precision = 2.22045e-16
[job(604): 2016-09-09 20:15:16] At X0, 0 variables are exactly at the bounds
[job(604): 2016-09-09 20:15:16] At iterate     0  f=       1.4068  |proj g|=       3.1751
[job(604): 2016-09-09 20:15:16] At iterate     1  f =      -10.443  |proj g|=             0
[job(604): 2016-09-09 20:15:16] 
[job(604): 2016-09-09 20:15:16] iterations 1
[job(604): 2016-09-09 20:15:16] function evaluations 2
[job(604): 2016-09-09 20:15:16] segments explored during Cauchy searches 2
[job(604): 2016-09-09 20:15:16] BFGS updates skipped 0
[job(604): 2016-09-09 20:15:16] active bounds at final generalized Cauchy point 1
[job(604): 2016-09-09 20:15:16] norm of the final projected gradient 0
[job(604): 2016-09-09 20:15:16] final function value -10.4435
[job(604): 2016-09-09 20:15:16] 
[job(604): 2016-09-09 20:15:16] F = -10.4435
[job(604): 2016-09-09 20:15:16] final  value -10.443451 
[job(604): 2016-09-09 20:15:16] converged
[job(604): 2016-09-09 20:15:16] [Tune-x] 24: C=0.0637; sigma=1.43e+03
[job(604): 2016-09-09 20:15:16] [Tune-y] 24: acc.test.mean=0.303; time: 0.0 min; memory: 116Mb use, 190Mb max
[job(604): 2016-09-09 20:15:16] 
[job(604): 2016-09-09 20:15:16] optimisation start
[job(604): 2016-09-09 20:15:16] ------------------
[job(604): 2016-09-09 20:15:16] * estimation method   : MLE 
[job(604): 2016-09-09 20:15:16] * optimisation method : BFGS 
[job(604): 2016-09-09 20:15:16] * analytical gradient : used
[job(604): 2016-09-09 20:15:16] * trend model : ~1
[job(604): 2016-09-09 20:15:16] * covariance model : 
[job(604): 2016-09-09 20:15:16]   - type :  matern5_2 
[job(604): 2016-09-09 20:15:16]   - nugget : NO
[job(604): 2016-09-09 20:15:16]   - parameters lower bounds :  1e-10 1e-10 
[job(604): 2016-09-09 20:15:16]   - parameters upper bounds :  45.87403 43.57263 
[job(604): 2016-09-09 20:15:16]   - best initial criterion value(s) :  29.64212 
[job(604): 2016-09-09 20:15:16] 
[job(604): 2016-09-09 20:15:16] N = 2, M = 5 machine precision = 2.22045e-16
[job(604): 2016-09-09 20:15:16] At X0, 0 variables are exactly at the bounds
[job(604): 2016-09-09 20:15:16] At iterate     0  f=      -29.642  |proj g|=       2.4835
[job(604): 2016-09-09 20:15:16] At iterate     1  f =      -29.738  |proj g|=       0.96668
[job(604): 2016-09-09 20:15:16] At iterate     2  f =      -29.861  |proj g|=       0.75855
[job(604): 2016-09-09 20:15:16] At iterate     3  f =      -29.965  |proj g|=       0.29173
[job(604): 2016-09-09 20:15:16] At iterate     4  f =      -29.967  |proj g|=      0.073619
[job(604): 2016-09-09 20:15:16] At iterate     5  f =      -29.967  |proj g|=     0.0065853
[job(604): 2016-09-09 20:15:16] At iterate     6  f =      -29.967  |proj g|=    0.00013841
[job(604): 2016-09-09 20:15:16] At iterate     7  f =      -29.967  |proj g|=      2.85e-05
[job(604): 2016-09-09 20:15:16] 
[job(604): 2016-09-09 20:15:16] iterations 7
[job(604): 2016-09-09 20:15:16] function evaluations 12
[job(604): 2016-09-09 20:15:16] segments explored during Cauchy searches 7
[job(604): 2016-09-09 20:15:16] BFGS updates skipped 0
[job(604): 2016-09-09 20:15:16] active bounds at final generalized Cauchy point 0
[job(604): 2016-09-09 20:15:16] norm of the final projected gradient 2.85e-05
[job(604): 2016-09-09 20:15:16] final function value -29.9675
[job(604): 2016-09-09 20:15:16] 
[job(604): 2016-09-09 20:15:16] F = -29.9675
[job(604): 2016-09-09 20:15:16] final  value -29.967495 
[job(604): 2016-09-09 20:15:16] converged
[job(604): 2016-09-09 20:15:16] [Tune-x] 25: C=138; sigma=0.0553
[job(604): 2016-09-09 20:15:16] [Tune-y] 25: acc.test.mean=0.617; time: 0.0 min; memory: 116Mb use, 190Mb max
[job(604): 2016-09-09 20:15:16] 
[job(604): 2016-09-09 20:15:16] optimisation start
[job(604): 2016-09-09 20:15:16] ------------------
[job(604): 2016-09-09 20:15:16] * estimation method   : MLE 
[job(604): 2016-09-09 20:15:16] * optimisation method : BFGS 
[job(604): 2016-09-09 20:15:16] * analytical gradient : used
[job(604): 2016-09-09 20:15:16] * trend model : ~1
[job(604): 2016-09-09 20:15:16] * covariance model : 
[job(604): 2016-09-09 20:15:16]   - type :  matern5_2 
[job(604): 2016-09-09 20:15:16]   - nugget : NO
[job(604): 2016-09-09 20:15:16]   - parameters lower bounds :  1e-10 1e-10 
[job(604): 2016-09-09 20:15:16]   - parameters upper bounds :  45.87403 43.57263 
[job(604): 2016-09-09 20:15:16]   - best initial criterion value(s) :  -4.044545 
[job(604): 2016-09-09 20:15:16] 
[job(604): 2016-09-09 20:15:16] N = 2, M = 5 machine precision = 2.22045e-16
[job(604): 2016-09-09 20:15:16] At X0, 0 variables are exactly at the bounds
[job(604): 2016-09-09 20:15:16] At iterate     0  f=       4.0445  |proj g|=      0.60589
[job(604): 2016-09-09 20:15:16] At iterate     1  f =      -11.295  |proj g|=             0
[job(604): 2016-09-09 20:15:16] 
[job(604): 2016-09-09 20:15:16] iterations 1
[job(604): 2016-09-09 20:15:16] function evaluations 2
[job(604): 2016-09-09 20:15:16] segments explored during Cauchy searches 2
[job(604): 2016-09-09 20:15:16] BFGS updates skipped 0
[job(604): 2016-09-09 20:15:16] active bounds at final generalized Cauchy point 1
[job(604): 2016-09-09 20:15:16] norm of the final projected gradient 0
[job(604): 2016-09-09 20:15:16] final function value -11.2949
[job(604): 2016-09-09 20:15:16] 
[job(604): 2016-09-09 20:15:16] F = -11.2949
[job(604): 2016-09-09 20:15:16] final  value -11.294926 
[job(604): 2016-09-09 20:15:16] converged
[job(604): 2016-09-09 20:15:16] [Tune-x] 26: C=55.5; sigma=0.0101
[job(604): 2016-09-09 20:15:16] [Tune-y] 26: acc.test.mean=0.571; time: 0.0 min; memory: 116Mb use, 191Mb max
[job(604): 2016-09-09 20:15:16] 
[job(604): 2016-09-09 20:15:16] optimisation start
[job(604): 2016-09-09 20:15:16] ------------------
[job(604): 2016-09-09 20:15:16] * estimation method   : MLE 
[job(604): 2016-09-09 20:15:16] * optimisation method : BFGS 
[job(604): 2016-09-09 20:15:16] * analytical gradient : used
[job(604): 2016-09-09 20:15:16] * trend model : ~1
[job(604): 2016-09-09 20:15:16] * covariance model : 
[job(604): 2016-09-09 20:15:16]   - type :  matern5_2 
[job(604): 2016-09-09 20:15:16]   - nugget : NO
[job(604): 2016-09-09 20:15:16]   - parameters lower bounds :  1e-10 1e-10 
[job(604): 2016-09-09 20:15:16]   - parameters upper bounds :  45.87403 43.57263 
[job(604): 2016-09-09 20:15:16]   - best initial criterion value(s) :  -27.45484 
[job(604): 2016-09-09 20:15:16] 
[job(604): 2016-09-09 20:15:16] N = 2, M = 5 machine precision = 2.22045e-16
[job(604): 2016-09-09 20:15:16] At X0, 0 variables are exactly at the bounds
[job(604): 2016-09-09 20:15:16] At iterate     0  f=       27.455  |proj g|=       1.9867
[job(604): 2016-09-09 20:15:16] At iterate     1  f =       21.869  |proj g|=        2.6271
[job(604): 2016-09-09 20:15:16] ys=-2.141e+00  -gs= 4.643e+00, BFGS update SKIPPED
[job(604): 2016-09-09 20:15:16] At iterate     2  f =      -12.064  |proj g|=             0
[job(604): 2016-09-09 20:15:16] 
[job(604): 2016-09-09 20:15:16] iterations 2
[job(604): 2016-09-09 20:15:16] function evaluations 3
[job(604): 2016-09-09 20:15:16] segments explored during Cauchy searches 3
[job(604): 2016-09-09 20:15:16] BFGS updates skipped 1
[job(604): 2016-09-09 20:15:16] active bounds at final generalized Cauchy point 1
[job(604): 2016-09-09 20:15:16] norm of the final projected gradient 0
[job(604): 2016-09-09 20:15:16] final function value -12.0638
[job(604): 2016-09-09 20:15:16] 
[job(604): 2016-09-09 20:15:16] F = -12.0638
[job(604): 2016-09-09 20:15:16] final  value -12.063756 
[job(604): 2016-09-09 20:15:16] converged
[job(604): 2016-09-09 20:15:16] [Tune-x] 27: C=0.0224; sigma=603
[job(604): 2016-09-09 20:15:16] [Tune-y] 27: acc.test.mean=0.303; time: 0.0 min; memory: 116Mb use, 191Mb max
[job(604): 2016-09-09 20:15:16] 
[job(604): 2016-09-09 20:15:16] optimisation start
[job(604): 2016-09-09 20:15:16] ------------------
[job(604): 2016-09-09 20:15:16] * estimation method   : MLE 
[job(604): 2016-09-09 20:15:16] * optimisation method : BFGS 
[job(604): 2016-09-09 20:15:16] * analytical gradient : used
[job(604): 2016-09-09 20:15:16] * trend model : ~1
[job(604): 2016-09-09 20:15:16] * covariance model : 
[job(604): 2016-09-09 20:15:16]   - type :  matern5_2 
[job(604): 2016-09-09 20:15:16]   - nugget : NO
[job(604): 2016-09-09 20:15:16]   - parameters lower bounds :  1e-10 1e-10 
[job(604): 2016-09-09 20:15:16]   - parameters upper bounds :  45.87403 43.57263 
[job(604): 2016-09-09 20:15:16]   - best initial criterion value(s) :  8.815896 
[job(604): 2016-09-09 20:15:16] 
[job(604): 2016-09-09 20:15:16] N = 2, M = 5 machine precision = 2.22045e-16
[job(604): 2016-09-09 20:15:16] At X0, 0 variables are exactly at the bounds
[job(604): 2016-09-09 20:15:16] At iterate     0  f=      -8.8159  |proj g|=      0.19748
[job(604): 2016-09-09 20:15:16] At iterate     1  f =      -12.382  |proj g|=             0
[job(604): 2016-09-09 20:15:16] 
[job(604): 2016-09-09 20:15:16] iterations 1
[job(604): 2016-09-09 20:15:16] function evaluations 2
[job(604): 2016-09-09 20:15:16] segments explored during Cauchy searches 2
[job(604): 2016-09-09 20:15:16] BFGS updates skipped 0
[job(604): 2016-09-09 20:15:16] active bounds at final generalized Cauchy point 1
[job(604): 2016-09-09 20:15:16] norm of the final projected gradient 0
[job(604): 2016-09-09 20:15:16] final function value -12.3823
[job(604): 2016-09-09 20:15:16] 
[job(604): 2016-09-09 20:15:16] F = -12.3823
[job(604): 2016-09-09 20:15:16] final  value -12.382289 
[job(604): 2016-09-09 20:15:16] converged
[job(604): 2016-09-09 20:15:16] [Tune-x] 28: C=39.7; sigma=0.00327
[job(604): 2016-09-09 20:15:16] [Tune-y] 28: acc.test.mean= 0.6; time: 0.0 min; memory: 116Mb use, 191Mb max
[job(604): 2016-09-09 20:15:16] 
[job(604): 2016-09-09 20:15:16] optimisation start
[job(604): 2016-09-09 20:15:16] ------------------
[job(604): 2016-09-09 20:15:16] * estimation method   : MLE 
[job(604): 2016-09-09 20:15:16] * optimisation method : BFGS 
[job(604): 2016-09-09 20:15:16] * analytical gradient : used
[job(604): 2016-09-09 20:15:16] * trend model : ~1
[job(604): 2016-09-09 20:15:16] * covariance model : 
[job(604): 2016-09-09 20:15:16]   - type :  matern5_2 
[job(604): 2016-09-09 20:15:16]   - nugget : NO
[job(604): 2016-09-09 20:15:16]   - parameters lower bounds :  1e-10 1e-10 
[job(604): 2016-09-09 20:15:16]   - parameters upper bounds :  45.87403 43.57263 
[job(604): 2016-09-09 20:15:16]   - best initial criterion value(s) :  2.926968 
[job(604): 2016-09-09 20:15:16] 
[job(604): 2016-09-09 20:15:16] N = 2, M = 5 machine precision = 2.22045e-16
[job(604): 2016-09-09 20:15:16] At X0, 0 variables are exactly at the bounds
[job(604): 2016-09-09 20:15:16] At iterate     0  f=       -2.927  |proj g|=       4.9153
[job(604): 2016-09-09 20:15:16] At iterate     1  f =      -13.007  |proj g|=             0
[job(604): 2016-09-09 20:15:16] 
[job(604): 2016-09-09 20:15:16] iterations 1
[job(604): 2016-09-09 20:15:16] function evaluations 2
[job(604): 2016-09-09 20:15:16] segments explored during Cauchy searches 2
[job(604): 2016-09-09 20:15:16] BFGS updates skipped 0
[job(604): 2016-09-09 20:15:16] active bounds at final generalized Cauchy point 1
[job(604): 2016-09-09 20:15:16] norm of the final projected gradient 0
[job(604): 2016-09-09 20:15:16] final function value -13.0074
[job(604): 2016-09-09 20:15:16] 
[job(604): 2016-09-09 20:15:16] F = -13.0074
[job(604): 2016-09-09 20:15:16] final  value -13.007393 
[job(604): 2016-09-09 20:15:16] converged
[job(604): 2016-09-09 20:15:16] [Tune] Result: C=176; sigma=0.0484 : acc.test.mean=-0.64
[job(604): 2016-09-09 20:15:16] Job terminated successfully
[job(chunk): 2016-09-09 20:15:16] Calculation finished!
