[job(chunk): 2016-09-10 00:27:57] Starting calculation of 1 jobs
[job(chunk): 2016-09-10 00:27:57] Setting working directory to '/naslx/projects/pr74ze/ri89coc2/svm_comparison'
[job(chunk): 2016-09-10 00:27:57] Memory measurement disabled
[job(1043): 2016-09-10 00:27:59] Starting job with job.id=1043
[job(1043): 2016-09-10 00:28:41] Generating problem instance for problem '1499' ...
[job(1043): 2016-09-10 00:28:41] Data '1499' file 'description.xml' found in cache.
[job(1043): 2016-09-10 00:28:41] Data '1499' file 'dataset.arff' found in cache.
[job(1043): 2016-09-10 00:28:41] Loading required package: readr
[job(1043): 2016-09-10 00:28:41] Applying algorithm 'kbb-svc.tuned' on problem '1499' ...
[job(1043): 2016-09-10 00:28:41] Data '1499' file 'description.xml' found in cache.
[job(1043): 2016-09-10 00:28:41] Data '1499' file 'dataset.arff' found in cache.
[job(1043): 2016-09-10 00:28:41] [Tune] Started tuning learner kbb-svc for parameter set:
[job(1043): 2016-09-10 00:28:41]          Type len Def    Constr Req Tunable Trafo
[job(1043): 2016-09-10 00:28:41] C     numeric   -   - -12 to 12   -    TRUE     Y
[job(1043): 2016-09-10 00:28:41] sigma numeric   -   - -12 to 12   -    TRUE     Y
[job(1043): 2016-09-10 00:28:41] With control class: TuneControlMBO
[job(1043): 2016-09-10 00:28:41] Imputation value: -0
[job(1043): 2016-09-10 00:28:41] [Tune-x] 1: C=410; sigma=0.0159
[job(1043): 2016-09-10 00:28:41] [Tune-y] 1: acc.test.mean=0.958; time: 0.0 min; memory: 112Mb use, 145Mb max
[job(1043): 2016-09-10 00:28:41] [Tune-x] 2: C=0.00269; sigma=956
[job(1043): 2016-09-10 00:28:41] [Tune-y] 2: acc.test.mean=0.286; time: 0.0 min; memory: 112Mb use, 146Mb max
[job(1043): 2016-09-10 00:28:41] [Tune-x] 3: C=0.129; sigma=0.366
[job(1043): 2016-09-10 00:28:41] [Tune-y] 3: acc.test.mean=0.926; time: 0.0 min; memory: 112Mb use, 146Mb max
[job(1043): 2016-09-10 00:28:41] [Tune-x] 4: C=1.35; sigma=102
[job(1043): 2016-09-10 00:28:41] [Tune-y] 4: acc.test.mean=0.35; time: 0.0 min; memory: 112Mb use, 146Mb max
[job(1043): 2016-09-10 00:28:41] [Tune-x] 5: C=19.5; sigma=3.51
[job(1043): 2016-09-10 00:28:41] [Tune-y] 5: acc.test.mean=0.763; time: 0.0 min; memory: 112Mb use, 146Mb max
[job(1043): 2016-09-10 00:28:41] [Tune-x] 6: C=0.00153; sigma=0.00718
[job(1043): 2016-09-10 00:28:41] [Tune-y] 6: acc.test.mean=0.518; time: 0.0 min; memory: 112Mb use, 146Mb max
[job(1043): 2016-09-10 00:28:41] [Tune-x] 7: C=858; sigma=0.00116
[job(1043): 2016-09-10 00:28:41] [Tune-y] 7: acc.test.mean=0.947; time: 0.0 min; memory: 112Mb use, 146Mb max
[job(1043): 2016-09-10 00:28:41] [Tune-x] 8: C=0.0255; sigma=24.7
[job(1043): 2016-09-10 00:28:41] [Tune-y] 8: acc.test.mean=0.281; time: 0.0 min; memory: 112Mb use, 146Mb max
[job(1043): 2016-09-10 00:28:41] 
[job(1043): 2016-09-10 00:28:41] optimisation start
[job(1043): 2016-09-10 00:28:41] ------------------
[job(1043): 2016-09-10 00:28:41] * estimation method   : MLE 
[job(1043): 2016-09-10 00:28:41] * optimisation method : BFGS 
[job(1043): 2016-09-10 00:28:41] * analytical gradient : used
[job(1043): 2016-09-10 00:28:41] * trend model : ~1
[job(1043): 2016-09-10 00:28:41] * covariance model : 
[job(1043): 2016-09-10 00:28:41]   - type :  matern5_2 
[job(1043): 2016-09-10 00:28:41]   - nugget : NO
[job(1043): 2016-09-10 00:28:41]   - parameters lower bounds :  1e-10 1e-10 
[job(1043): 2016-09-10 00:28:41]   - parameters upper bounds :  38.18531 39.30027 
[job(1043): 2016-09-10 00:28:41]   - best initial criterion value(s) :  0.2808589 
[job(1043): 2016-09-10 00:28:41] 
[job(1043): 2016-09-10 00:28:41] N = 2, M = 5 machine precision = 2.22045e-16
[job(1043): 2016-09-10 00:28:41] At X0, 0 variables are exactly at the bounds
[job(1043): 2016-09-10 00:28:41] At iterate     0  f=     -0.28086  |proj g|=      0.18746
[job(1043): 2016-09-10 00:28:41] At iterate     1  f =     -0.32281  |proj g|=       0.17959
[job(1043): 2016-09-10 00:28:41] At iterate     2  f =     -0.76617  |proj g|=      0.026988
[job(1043): 2016-09-10 00:28:41] At iterate     3  f =     -0.77954  |proj g|=      0.037361
[job(1043): 2016-09-10 00:28:41] At iterate     4  f =     -0.78951  |proj g|=       0.01094
[job(1043): 2016-09-10 00:28:41] At iterate     5  f =     -0.79163  |proj g|=     0.0025174
[job(1043): 2016-09-10 00:28:41] At iterate     6  f =     -0.79167  |proj g|=    0.00026616
[job(1043): 2016-09-10 00:28:41] At iterate     7  f =     -0.79167  |proj g|=    1.1661e-06
[job(1043): 2016-09-10 00:28:41] At iterate     8  f =     -0.79167  |proj g|=    2.1774e-08
[job(1043): 2016-09-10 00:28:41] 
[job(1043): 2016-09-10 00:28:41] iterations 8
[job(1043): 2016-09-10 00:28:41] function evaluations 9
[job(1043): 2016-09-10 00:28:41] segments explored during Cauchy searches 8
[job(1043): 2016-09-10 00:28:41] BFGS updates skipped 0
[job(1043): 2016-09-10 00:28:41] active bounds at final generalized Cauchy point 0
[job(1043): 2016-09-10 00:28:41] norm of the final projected gradient 2.17743e-08
[job(1043): 2016-09-10 00:28:41] final function value -0.791675
[job(1043): 2016-09-10 00:28:41] 
[job(1043): 2016-09-10 00:28:41] F = -0.791675
[job(1043): 2016-09-10 00:28:41] final  value -0.791675 
[job(1043): 2016-09-10 00:28:41] converged
[job(1043): 2016-09-10 00:28:41] [Tune-x] 9: C=12.8; sigma=0.19
[job(1043): 2016-09-10 00:28:41] [Tune-y] 9: acc.test.mean=0.775; time: 0.0 min; memory: 116Mb use, 152Mb max
[job(1043): 2016-09-10 00:28:41] 
[job(1043): 2016-09-10 00:28:41] optimisation start
[job(1043): 2016-09-10 00:28:41] ------------------
[job(1043): 2016-09-10 00:28:41] * estimation method   : MLE 
[job(1043): 2016-09-10 00:28:41] * optimisation method : BFGS 
[job(1043): 2016-09-10 00:28:41] * analytical gradient : used
[job(1043): 2016-09-10 00:28:41] * trend model : ~1
[job(1043): 2016-09-10 00:28:41] * covariance model : 
[job(1043): 2016-09-10 00:28:41]   - type :  matern5_2 
[job(1043): 2016-09-10 00:28:41]   - nugget : NO
[job(1043): 2016-09-10 00:28:41]   - parameters lower bounds :  1e-10 1e-10 
[job(1043): 2016-09-10 00:28:41]   - parameters upper bounds :  38.18531 39.30027 
[job(1043): 2016-09-10 00:28:41]   - best initial criterion value(s) :  0.09981768 
[job(1043): 2016-09-10 00:28:41] 
[job(1043): 2016-09-10 00:28:41] N = 2, M = 5 machine precision = 2.22045e-16
[job(1043): 2016-09-10 00:28:41] At X0, 0 variables are exactly at the bounds
[job(1043): 2016-09-10 00:28:41] At iterate     0  f=    -0.099818  |proj g|=     0.015953
[job(1043): 2016-09-10 00:28:41] At iterate     1  f =     -0.10011  |proj g|=      0.017335
[job(1043): 2016-09-10 00:28:41] ys=-2.778e-05  -gs= 2.750e-04, BFGS update SKIPPED
[job(1043): 2016-09-10 00:28:41] At iterate     2  f =      -0.1178  |proj g|=       0.04336
[job(1043): 2016-09-10 00:28:41] At iterate     3  f =     -0.11795  |proj g|=       0.04379
[job(1043): 2016-09-10 00:28:41] At iterate     4  f =     -0.12184  |proj g|=      0.047253
[job(1043): 2016-09-10 00:28:41] At iterate     5  f =     -0.13163  |proj g|=       0.10511
[job(1043): 2016-09-10 00:28:41] At iterate     6  f =     -0.15182  |proj g|=       0.12292
[job(1043): 2016-09-10 00:28:41] At iterate     7  f =     -0.34398  |proj g|=       0.07353
[job(1043): 2016-09-10 00:28:41] At iterate     8  f =      -0.4164  |proj g|=      0.011413
[job(1043): 2016-09-10 00:28:41] At iterate     9  f =     -0.46363  |proj g|=      0.096142
[job(1043): 2016-09-10 00:28:41] At iterate    10  f =     -0.48331  |proj g|=       0.10227
[job(1043): 2016-09-10 00:28:41] At iterate    11  f =     -0.49156  |proj g|=      0.024955
[job(1043): 2016-09-10 00:28:41] At iterate    12  f =     -0.49421  |proj g|=     0.0049082
[job(1043): 2016-09-10 00:28:41] At iterate    13  f =     -0.49421  |proj g|=    0.00093273
[job(1043): 2016-09-10 00:28:41] At iterate    14  f =     -0.49421  |proj g|=    5.0194e-07
[job(1043): 2016-09-10 00:28:41] At iterate    15  f =     -0.49421  |proj g|=    5.1379e-11
[job(1043): 2016-09-10 00:28:41] 
[job(1043): 2016-09-10 00:28:41] iterations 15
[job(1043): 2016-09-10 00:28:41] function evaluations 21
[job(1043): 2016-09-10 00:28:41] segments explored during Cauchy searches 15
[job(1043): 2016-09-10 00:28:41] BFGS updates skipped 1
[job(1043): 2016-09-10 00:28:41] active bounds at final generalized Cauchy point 1
[job(1043): 2016-09-10 00:28:41] norm of the final projected gradient 5.13793e-11
[job(1043): 2016-09-10 00:28:41] final function value -0.494214
[job(1043): 2016-09-10 00:28:41] 
[job(1043): 2016-09-10 00:28:41] F = -0.494214
[job(1043): 2016-09-10 00:28:41] final  value -0.494214 
[job(1043): 2016-09-10 00:28:41] converged
[job(1043): 2016-09-10 00:28:41] [Tune-x] 10: C=561; sigma=0.00497
[job(1043): 2016-09-10 00:28:41] [Tune-y] 10: acc.test.mean=0.837; time: 0.0 min; memory: 116Mb use, 159Mb max
[job(1043): 2016-09-10 00:28:41] 
[job(1043): 2016-09-10 00:28:41] optimisation start
[job(1043): 2016-09-10 00:28:41] ------------------
[job(1043): 2016-09-10 00:28:41] * estimation method   : MLE 
[job(1043): 2016-09-10 00:28:41] * optimisation method : BFGS 
[job(1043): 2016-09-10 00:28:41] * analytical gradient : used
[job(1043): 2016-09-10 00:28:41] * trend model : ~1
[job(1043): 2016-09-10 00:28:41] * covariance model : 
[job(1043): 2016-09-10 00:28:41]   - type :  matern5_2 
[job(1043): 2016-09-10 00:28:41]   - nugget : NO
[job(1043): 2016-09-10 00:28:41]   - parameters lower bounds :  1e-10 1e-10 
[job(1043): 2016-09-10 00:28:41]   - parameters upper bounds :  38.18531 39.30027 
[job(1043): 2016-09-10 00:28:41]   - best initial criterion value(s) :  0.4371353 
[job(1043): 2016-09-10 00:28:41] 
[job(1043): 2016-09-10 00:28:41] N = 2, M = 5 machine precision = 2.22045e-16
[job(1043): 2016-09-10 00:28:41] At X0, 0 variables are exactly at the bounds
[job(1043): 2016-09-10 00:28:41] At iterate     0  f=     -0.43714  |proj g|=      0.41549
[job(1043): 2016-09-10 00:28:41] At iterate     1  f =     -0.45094  |proj g|=     0.0017062
[job(1043): 2016-09-10 00:28:41] At iterate     2  f =     -0.45094  |proj g|=      0.001706
[job(1043): 2016-09-10 00:28:41] At iterate     3  f =     -0.45095  |proj g|=     0.0027598
[job(1043): 2016-09-10 00:28:41] At iterate     4  f =     -0.45095  |proj g|=      0.006432
[job(1043): 2016-09-10 00:28:41] At iterate     5  f =     -0.45097  |proj g|=      0.012901
[job(1043): 2016-09-10 00:28:41] At iterate     6  f =       -0.451  |proj g|=      0.023004
[job(1043): 2016-09-10 00:28:41] At iterate     7  f =      -0.4511  |proj g|=      0.039383
[job(1043): 2016-09-10 00:28:41] At iterate     8  f =     -0.45135  |proj g|=      0.064997
[job(1043): 2016-09-10 00:28:41] At iterate     9  f =     -0.45201  |proj g|=       0.10389
[job(1043): 2016-09-10 00:28:41] At iterate    10  f =     -0.45309  |proj g|=       0.11296
[job(1043): 2016-09-10 00:28:41] At iterate    11  f =      -0.4539  |proj g|=      0.053753
[job(1043): 2016-09-10 00:28:41] At iterate    12  f =     -0.45414  |proj g|=    0.00055044
[job(1043): 2016-09-10 00:28:41] At iterate    13  f =     -0.45414  |proj g|=    2.7666e-06
[job(1043): 2016-09-10 00:28:41] At iterate    14  f =     -0.45414  |proj g|=     1.445e-10
[job(1043): 2016-09-10 00:28:41] 
[job(1043): 2016-09-10 00:28:41] iterations 14
[job(1043): 2016-09-10 00:28:41] function evaluations 16
[job(1043): 2016-09-10 00:28:41] segments explored during Cauchy searches 14
[job(1043): 2016-09-10 00:28:41] BFGS updates skipped 0
[job(1043): 2016-09-10 00:28:41] active bounds at final generalized Cauchy point 1
[job(1043): 2016-09-10 00:28:41] norm of the final projected gradient 1.44496e-10
[job(1043): 2016-09-10 00:28:41] final function value -0.454141
[job(1043): 2016-09-10 00:28:41] 
[job(1043): 2016-09-10 00:28:41] F = -0.454141
[job(1043): 2016-09-10 00:28:41] final  value -0.454141 
[job(1043): 2016-09-10 00:28:41] converged
[job(1043): 2016-09-10 00:28:41] [Tune-x] 11: C=349; sigma=0.0311
[job(1043): 2016-09-10 00:28:41] [Tune-y] 11: acc.test.mean= 0.8; time: 0.0 min; memory: 116Mb use, 159Mb max
[job(1043): 2016-09-10 00:28:41] 
[job(1043): 2016-09-10 00:28:41] optimisation start
[job(1043): 2016-09-10 00:28:41] ------------------
[job(1043): 2016-09-10 00:28:41] * estimation method   : MLE 
[job(1043): 2016-09-10 00:28:41] * optimisation method : BFGS 
[job(1043): 2016-09-10 00:28:41] * analytical gradient : used
[job(1043): 2016-09-10 00:28:41] * trend model : ~1
[job(1043): 2016-09-10 00:28:41] * covariance model : 
[job(1043): 2016-09-10 00:28:41]   - type :  matern5_2 
[job(1043): 2016-09-10 00:28:41]   - nugget : NO
[job(1043): 2016-09-10 00:28:41]   - parameters lower bounds :  1e-10 1e-10 
[job(1043): 2016-09-10 00:28:41]   - parameters upper bounds :  38.18531 39.30027 
[job(1043): 2016-09-10 00:28:41]   - best initial criterion value(s) :  0.4816312 
[job(1043): 2016-09-10 00:28:41] 
[job(1043): 2016-09-10 00:28:41] N = 2, M = 5 machine precision = 2.22045e-16
[job(1043): 2016-09-10 00:28:41] At X0, 0 variables are exactly at the bounds
[job(1043): 2016-09-10 00:28:41] At iterate     0  f=     -0.48163  |proj g|=       1.7733
[job(1043): 2016-09-10 00:28:41] At iterate     1  f =      -1.2774  |proj g|=       0.11404
[job(1043): 2016-09-10 00:28:41] At iterate     2  f =      -1.2838  |proj g|=       0.11132
[job(1043): 2016-09-10 00:28:41] At iterate     3  f =      -1.3437  |proj g|=       0.25853
[job(1043): 2016-09-10 00:28:41] At iterate     4  f =      -1.4177  |proj g|=       0.36547
[job(1043): 2016-09-10 00:28:41] At iterate     5  f =      -1.5105  |proj g|=       0.23298
[job(1043): 2016-09-10 00:28:41] At iterate     6  f =      -1.5413  |proj g|=      0.034812
[job(1043): 2016-09-10 00:28:41] At iterate     7  f =      -1.5433  |proj g|=        0.0105
[job(1043): 2016-09-10 00:28:41] At iterate     8  f =      -1.5435  |proj g|=     0.0010947
[job(1043): 2016-09-10 00:28:41] At iterate     9  f =      -1.5435  |proj g|=    0.00014783
[job(1043): 2016-09-10 00:28:41] At iterate    10  f =      -1.5435  |proj g|=    0.00010702
[job(1043): 2016-09-10 00:28:41] At iterate    11  f =      -1.5435  |proj g|=    6.7385e-09
[job(1043): 2016-09-10 00:28:41] 
[job(1043): 2016-09-10 00:28:41] iterations 11
[job(1043): 2016-09-10 00:28:41] function evaluations 13
[job(1043): 2016-09-10 00:28:41] segments explored during Cauchy searches 11
[job(1043): 2016-09-10 00:28:41] BFGS updates skipped 0
[job(1043): 2016-09-10 00:28:41] active bounds at final generalized Cauchy point 0
[job(1043): 2016-09-10 00:28:41] norm of the final projected gradient 6.7385e-09
[job(1043): 2016-09-10 00:28:41] final function value -1.54349
[job(1043): 2016-09-10 00:28:41] 
[job(1043): 2016-09-10 00:28:41] F = -1.54349
[job(1043): 2016-09-10 00:28:41] final  value -1.543494 
[job(1043): 2016-09-10 00:28:41] converged
[job(1043): 2016-09-10 00:28:41] [Tune-x] 12: C=989; sigma=0.0135
[job(1043): 2016-09-10 00:28:41] [Tune-y] 12: acc.test.mean=0.947; time: 0.0 min; memory: 116Mb use, 159Mb max
[job(1043): 2016-09-10 00:28:41] 
[job(1043): 2016-09-10 00:28:41] optimisation start
[job(1043): 2016-09-10 00:28:41] ------------------
[job(1043): 2016-09-10 00:28:41] * estimation method   : MLE 
[job(1043): 2016-09-10 00:28:41] * optimisation method : BFGS 
[job(1043): 2016-09-10 00:28:41] * analytical gradient : used
[job(1043): 2016-09-10 00:28:41] * trend model : ~1
[job(1043): 2016-09-10 00:28:41] * covariance model : 
[job(1043): 2016-09-10 00:28:41]   - type :  matern5_2 
[job(1043): 2016-09-10 00:28:41]   - nugget : NO
[job(1043): 2016-09-10 00:28:41]   - parameters lower bounds :  1e-10 1e-10 
[job(1043): 2016-09-10 00:28:41]   - parameters upper bounds :  38.5965 39.30027 
[job(1043): 2016-09-10 00:28:41]   - best initial criterion value(s) :  2.691864 
[job(1043): 2016-09-10 00:28:41] 
[job(1043): 2016-09-10 00:28:41] N = 2, M = 5 machine precision = 2.22045e-16
[job(1043): 2016-09-10 00:28:41] At X0, 0 variables are exactly at the bounds
[job(1043): 2016-09-10 00:28:41] At iterate     0  f=      -2.6919  |proj g|=       1.1803
[job(1043): 2016-09-10 00:28:41] At iterate     1  f =      -3.0595  |proj g|=       0.13177
[job(1043): 2016-09-10 00:28:41] At iterate     2  f =      -3.0632  |proj g|=       0.07108
[job(1043): 2016-09-10 00:28:41] At iterate     3  f =      -3.0648  |proj g|=      0.056294
[job(1043): 2016-09-10 00:28:41] At iterate     4  f =      -3.0699  |proj g|=      0.061981
[job(1043): 2016-09-10 00:28:41] At iterate     5  f =       -3.083  |proj g|=       0.19638
[job(1043): 2016-09-10 00:28:41] At iterate     6  f =      -3.1187  |proj g|=       0.40027
[job(1043): 2016-09-10 00:28:41] At iterate     7  f =      -3.2312  |proj g|=       0.66663
[job(1043): 2016-09-10 00:28:41] At iterate     8  f =      -3.4031  |proj g|=       0.97337
[job(1043): 2016-09-10 00:28:41] At iterate     9  f =      -3.4653  |proj g|=        1.1824
[job(1043): 2016-09-10 00:28:41] At iterate    10  f =      -3.7539  |proj g|=       0.44193
[job(1043): 2016-09-10 00:28:41] At iterate    11  f =      -3.7929  |proj g|=      0.091236
[job(1043): 2016-09-10 00:28:41] At iterate    12  f =      -3.7953  |proj g|=     0.0010298
[job(1043): 2016-09-10 00:28:41] At iterate    13  f =      -3.7954  |proj g|=     0.0017053
[job(1043): 2016-09-10 00:28:41] At iterate    14  f =      -3.7954  |proj g|=    0.00026898
[job(1043): 2016-09-10 00:28:41] At iterate    15  f =      -3.7954  |proj g|=    1.1877e-05
[job(1043): 2016-09-10 00:28:41] At iterate    16  f =      -3.7954  |proj g|=    1.4774e-09
[job(1043): 2016-09-10 00:28:41] 
[job(1043): 2016-09-10 00:28:41] iterations 16
[job(1043): 2016-09-10 00:28:41] function evaluations 22
[job(1043): 2016-09-10 00:28:41] segments explored during Cauchy searches 16
[job(1043): 2016-09-10 00:28:41] BFGS updates skipped 0
[job(1043): 2016-09-10 00:28:41] active bounds at final generalized Cauchy point 0
[job(1043): 2016-09-10 00:28:41] norm of the final projected gradient 1.47737e-09
[job(1043): 2016-09-10 00:28:41] final function value -3.79537
[job(1043): 2016-09-10 00:28:41] 
[job(1043): 2016-09-10 00:28:41] F = -3.79537
[job(1043): 2016-09-10 00:28:41] final  value -3.795373 
[job(1043): 2016-09-10 00:28:41] converged
[job(1043): 2016-09-10 00:28:41] [Tune-x] 13: C=159; sigma=0.0145
[job(1043): 2016-09-10 00:28:41] [Tune-y] 13: acc.test.mean=0.847; time: 0.0 min; memory: 116Mb use, 159Mb max
[job(1043): 2016-09-10 00:28:41] 
[job(1043): 2016-09-10 00:28:41] optimisation start
[job(1043): 2016-09-10 00:28:41] ------------------
[job(1043): 2016-09-10 00:28:41] * estimation method   : MLE 
[job(1043): 2016-09-10 00:28:41] * optimisation method : BFGS 
[job(1043): 2016-09-10 00:28:41] * analytical gradient : used
[job(1043): 2016-09-10 00:28:41] * trend model : ~1
[job(1043): 2016-09-10 00:28:41] * covariance model : 
[job(1043): 2016-09-10 00:28:41]   - type :  matern5_2 
[job(1043): 2016-09-10 00:28:41]   - nugget : NO
[job(1043): 2016-09-10 00:28:41]   - parameters lower bounds :  1e-10 1e-10 
[job(1043): 2016-09-10 00:28:41]   - parameters upper bounds :  38.5965 39.30027 
[job(1043): 2016-09-10 00:28:41]   - best initial criterion value(s) :  1.756126 
[job(1043): 2016-09-10 00:28:41] 
[job(1043): 2016-09-10 00:28:41] N = 2, M = 5 machine precision = 2.22045e-16
[job(1043): 2016-09-10 00:28:41] At X0, 0 variables are exactly at the bounds
[job(1043): 2016-09-10 00:28:41] At iterate     0  f=      -1.7561  |proj g|=       4.3495
[job(1043): 2016-09-10 00:28:41] At iterate     1  f =      -2.0415  |proj g|=       0.32093
[job(1043): 2016-09-10 00:28:41] At iterate     2  f =      -2.0428  |proj g|=       0.04277
[job(1043): 2016-09-10 00:28:41] At iterate     3  f =      -2.0429  |proj g|=     0.0045626
[job(1043): 2016-09-10 00:28:41] At iterate     4  f =      -2.0429  |proj g|=      0.026743
[job(1043): 2016-09-10 00:28:41] At iterate     5  f =       -2.043  |proj g|=      0.067255
[job(1043): 2016-09-10 00:28:41] At iterate     6  f =      -2.0436  |proj g|=       0.17506
[job(1043): 2016-09-10 00:28:41] At iterate     7  f =      -2.0448  |proj g|=       0.31338
[job(1043): 2016-09-10 00:28:41] At iterate     8  f =       -2.048  |proj g|=       0.51653
[job(1043): 2016-09-10 00:28:41] At iterate     9  f =      -2.0548  |proj g|=        0.7274
[job(1043): 2016-09-10 00:28:41] At iterate    10  f =      -2.0634  |proj g|=       0.61871
[job(1043): 2016-09-10 00:28:41] At iterate    11  f =      -2.0682  |proj g|=       0.10458
[job(1043): 2016-09-10 00:28:41] At iterate    12  f =      -2.0683  |proj g|=    0.00087527
[job(1043): 2016-09-10 00:28:41] At iterate    13  f =      -2.0683  |proj g|=    1.0856e-06
[job(1043): 2016-09-10 00:28:41] At iterate    14  f =      -2.0683  |proj g|=    1.1011e-11
[job(1043): 2016-09-10 00:28:41] 
[job(1043): 2016-09-10 00:28:41] iterations 14
[job(1043): 2016-09-10 00:28:41] function evaluations 20
[job(1043): 2016-09-10 00:28:41] segments explored during Cauchy searches 14
[job(1043): 2016-09-10 00:28:41] BFGS updates skipped 0
[job(1043): 2016-09-10 00:28:41] active bounds at final generalized Cauchy point 1
[job(1043): 2016-09-10 00:28:41] norm of the final projected gradient 1.10107e-11
[job(1043): 2016-09-10 00:28:41] final function value -2.06832
[job(1043): 2016-09-10 00:28:41] 
[job(1043): 2016-09-10 00:28:41] F = -2.06832
[job(1043): 2016-09-10 00:28:41] final  value -2.068323 
[job(1043): 2016-09-10 00:28:41] converged
[job(1043): 2016-09-10 00:28:41] [Tune-x] 14: C=434; sigma=0.00931
[job(1043): 2016-09-10 00:28:41] [Tune-y] 14: acc.test.mean=0.815; time: 0.0 min; memory: 116Mb use, 159Mb max
[job(1043): 2016-09-10 00:28:41] 
[job(1043): 2016-09-10 00:28:41] optimisation start
[job(1043): 2016-09-10 00:28:41] ------------------
[job(1043): 2016-09-10 00:28:41] * estimation method   : MLE 
[job(1043): 2016-09-10 00:28:41] * optimisation method : BFGS 
[job(1043): 2016-09-10 00:28:41] * analytical gradient : used
[job(1043): 2016-09-10 00:28:41] * trend model : ~1
[job(1043): 2016-09-10 00:28:41] * covariance model : 
[job(1043): 2016-09-10 00:28:41]   - type :  matern5_2 
[job(1043): 2016-09-10 00:28:41]   - nugget : NO
[job(1043): 2016-09-10 00:28:41]   - parameters lower bounds :  1e-10 1e-10 
[job(1043): 2016-09-10 00:28:41]   - parameters upper bounds :  38.5965 39.30027 
[job(1043): 2016-09-10 00:28:41]   - best initial criterion value(s) :  -15.70072 
[job(1043): 2016-09-10 00:28:41] 
[job(1043): 2016-09-10 00:28:41] N = 2, M = 5 machine precision = 2.22045e-16
[job(1043): 2016-09-10 00:28:41] At X0, 0 variables are exactly at the bounds
[job(1043): 2016-09-10 00:28:41] At iterate     0  f=       15.701  |proj g|=       1.4887
[job(1043): 2016-09-10 00:28:41] At iterate     1  f =       13.339  |proj g|=        1.7873
[job(1043): 2016-09-10 00:28:41] ys=-4.505e-01  -gs= 2.229e+00, BFGS update SKIPPED
[job(1043): 2016-09-10 00:28:41] At iterate     2  f =    -0.069684  |proj g|=             0
[job(1043): 2016-09-10 00:28:41] 
[job(1043): 2016-09-10 00:28:41] iterations 2
[job(1043): 2016-09-10 00:28:41] function evaluations 4
[job(1043): 2016-09-10 00:28:41] segments explored during Cauchy searches 2
[job(1043): 2016-09-10 00:28:41] BFGS updates skipped 1
[job(1043): 2016-09-10 00:28:41] active bounds at final generalized Cauchy point 0
[job(1043): 2016-09-10 00:28:41] norm of the final projected gradient 0
[job(1043): 2016-09-10 00:28:41] final function value -0.0696843
[job(1043): 2016-09-10 00:28:41] 
[job(1043): 2016-09-10 00:28:41] F = -0.0696843
[job(1043): 2016-09-10 00:28:41] final  value -0.069684 
[job(1043): 2016-09-10 00:28:41] converged
[job(1043): 2016-09-10 00:28:41] [Tune-x] 15: C=0.211; sigma=1.24
[job(1043): 2016-09-10 00:28:41] [Tune-y] 15: acc.test.mean=0.921; time: 0.0 min; memory: 116Mb use, 159Mb max
[job(1043): 2016-09-10 00:28:41] 
[job(1043): 2016-09-10 00:28:41] optimisation start
[job(1043): 2016-09-10 00:28:41] ------------------
[job(1043): 2016-09-10 00:28:41] * estimation method   : MLE 
[job(1043): 2016-09-10 00:28:41] * optimisation method : BFGS 
[job(1043): 2016-09-10 00:28:41] * analytical gradient : used
[job(1043): 2016-09-10 00:28:41] * trend model : ~1
[job(1043): 2016-09-10 00:28:41] * covariance model : 
[job(1043): 2016-09-10 00:28:41]   - type :  matern5_2 
[job(1043): 2016-09-10 00:28:41]   - nugget : NO
[job(1043): 2016-09-10 00:28:41]   - parameters lower bounds :  1e-10 1e-10 
[job(1043): 2016-09-10 00:28:41]   - parameters upper bounds :  38.5965 39.30027 
[job(1043): 2016-09-10 00:28:41]   - best initial criterion value(s) :  4.560024 
[job(1043): 2016-09-10 00:28:41] 
[job(1043): 2016-09-10 00:28:41] N = 2, M = 5 machine precision = 2.22045e-16
[job(1043): 2016-09-10 00:28:41] At X0, 0 variables are exactly at the bounds
[job(1043): 2016-09-10 00:28:41] At iterate     0  f=        -4.56  |proj g|=       1.7729
[job(1043): 2016-09-10 00:28:41] At iterate     1  f =      -4.8013  |proj g|=       0.66181
[job(1043): 2016-09-10 00:28:41] At iterate     2  f =      -4.8662  |proj g|=       0.37702
[job(1043): 2016-09-10 00:28:41] At iterate     3  f =      -4.8955  |proj g|=       0.34504
[job(1043): 2016-09-10 00:28:41] At iterate     4  f =      -5.0331  |proj g|=       0.68743
[job(1043): 2016-09-10 00:28:41] At iterate     5  f =      -5.1267  |proj g|=       0.43595
[job(1043): 2016-09-10 00:28:41] At iterate     6  f =      -5.1483  |proj g|=      0.064637
[job(1043): 2016-09-10 00:28:41] At iterate     7  f =      -5.1486  |proj g|=      0.013413
[job(1043): 2016-09-10 00:28:41] At iterate     8  f =      -5.1486  |proj g|=    0.00070298
[job(1043): 2016-09-10 00:28:41] At iterate     9  f =      -5.1486  |proj g|=    4.9051e-05
[job(1043): 2016-09-10 00:28:41] At iterate    10  f =      -5.1486  |proj g|=     4.309e-06
[job(1043): 2016-09-10 00:28:41] 
[job(1043): 2016-09-10 00:28:41] iterations 10
[job(1043): 2016-09-10 00:28:41] function evaluations 13
[job(1043): 2016-09-10 00:28:41] segments explored during Cauchy searches 11
[job(1043): 2016-09-10 00:28:41] BFGS updates skipped 0
[job(1043): 2016-09-10 00:28:41] active bounds at final generalized Cauchy point 0
[job(1043): 2016-09-10 00:28:41] norm of the final projected gradient 4.30903e-06
[job(1043): 2016-09-10 00:28:41] final function value -5.14863
[job(1043): 2016-09-10 00:28:41] 
[job(1043): 2016-09-10 00:28:41] F = -5.14863
[job(1043): 2016-09-10 00:28:41] final  value -5.148626 
[job(1043): 2016-09-10 00:28:41] converged
[job(1043): 2016-09-10 00:28:41] [Tune-x] 16: C=995; sigma=0.0178
[job(1043): 2016-09-10 00:28:41] [Tune-y] 16: acc.test.mean=0.697; time: 0.0 min; memory: 116Mb use, 159Mb max
[job(1043): 2016-09-10 00:28:41] 
[job(1043): 2016-09-10 00:28:41] optimisation start
[job(1043): 2016-09-10 00:28:41] ------------------
[job(1043): 2016-09-10 00:28:41] * estimation method   : MLE 
[job(1043): 2016-09-10 00:28:41] * optimisation method : BFGS 
[job(1043): 2016-09-10 00:28:41] * analytical gradient : used
[job(1043): 2016-09-10 00:28:41] * trend model : ~1
[job(1043): 2016-09-10 00:28:41] * covariance model : 
[job(1043): 2016-09-10 00:28:41]   - type :  matern5_2 
[job(1043): 2016-09-10 00:28:41]   - nugget : NO
[job(1043): 2016-09-10 00:28:41]   - parameters lower bounds :  1e-10 1e-10 
[job(1043): 2016-09-10 00:28:41]   - parameters upper bounds :  38.61481 39.30027 
[job(1043): 2016-09-10 00:28:41]   - best initial criterion value(s) :  -12.388 
[job(1043): 2016-09-10 00:28:41] 
[job(1043): 2016-09-10 00:28:41] N = 2, M = 5 machine precision = 2.22045e-16
[job(1043): 2016-09-10 00:28:41] At X0, 0 variables are exactly at the bounds
[job(1043): 2016-09-10 00:28:41] At iterate     0  f=       12.388  |proj g|=       0.3985
[job(1043): 2016-09-10 00:28:41] At iterate     1  f =      -0.7666  |proj g|=             0
[job(1043): 2016-09-10 00:28:41] 
[job(1043): 2016-09-10 00:28:41] iterations 1
[job(1043): 2016-09-10 00:28:41] function evaluations 2
[job(1043): 2016-09-10 00:28:41] segments explored during Cauchy searches 2
[job(1043): 2016-09-10 00:28:41] BFGS updates skipped 0
[job(1043): 2016-09-10 00:28:41] active bounds at final generalized Cauchy point 1
[job(1043): 2016-09-10 00:28:41] norm of the final projected gradient 0
[job(1043): 2016-09-10 00:28:41] final function value -0.766598
[job(1043): 2016-09-10 00:28:41] 
[job(1043): 2016-09-10 00:28:41] F = -0.766598
[job(1043): 2016-09-10 00:28:41] final  value -0.766598 
[job(1043): 2016-09-10 00:28:41] converged
[job(1043): 2016-09-10 00:28:41] [Tune-x] 17: C=0.0583; sigma=0.000711
[job(1043): 2016-09-10 00:28:41] [Tune-y] 17: acc.test.mean=0.292; time: 0.0 min; memory: 116Mb use, 159Mb max
[job(1043): 2016-09-10 00:28:41] 
[job(1043): 2016-09-10 00:28:41] optimisation start
[job(1043): 2016-09-10 00:28:41] ------------------
[job(1043): 2016-09-10 00:28:41] * estimation method   : MLE 
[job(1043): 2016-09-10 00:28:41] * optimisation method : BFGS 
[job(1043): 2016-09-10 00:28:41] * analytical gradient : used
[job(1043): 2016-09-10 00:28:41] * trend model : ~1
[job(1043): 2016-09-10 00:28:41] * covariance model : 
[job(1043): 2016-09-10 00:28:41]   - type :  matern5_2 
[job(1043): 2016-09-10 00:28:41]   - nugget : NO
[job(1043): 2016-09-10 00:28:41]   - parameters lower bounds :  1e-10 1e-10 
[job(1043): 2016-09-10 00:28:41]   - parameters upper bounds :  38.61481 40.71861 
[job(1043): 2016-09-10 00:28:41]   - best initial criterion value(s) :  -31.48765 
[job(1043): 2016-09-10 00:28:41] 
[job(1043): 2016-09-10 00:28:41] N = 2, M = 5 machine precision = 2.22045e-16
[job(1043): 2016-09-10 00:28:41] At X0, 0 variables are exactly at the bounds
[job(1043): 2016-09-10 00:28:41] At iterate     0  f=       31.488  |proj g|=       2.0971
[job(1043): 2016-09-10 00:28:41] At iterate     1  f =       26.302  |proj g|=        1.8837
[job(1043): 2016-09-10 00:28:41] At iterate     2  f =      0.30046  |proj g|=             0
[job(1043): 2016-09-10 00:28:41] 
[job(1043): 2016-09-10 00:28:41] iterations 2
[job(1043): 2016-09-10 00:28:41] function evaluations 3
[job(1043): 2016-09-10 00:28:41] segments explored during Cauchy searches 3
[job(1043): 2016-09-10 00:28:41] BFGS updates skipped 0
[job(1043): 2016-09-10 00:28:41] active bounds at final generalized Cauchy point 1
[job(1043): 2016-09-10 00:28:41] norm of the final projected gradient 0
[job(1043): 2016-09-10 00:28:41] final function value 0.300458
[job(1043): 2016-09-10 00:28:41] 
[job(1043): 2016-09-10 00:28:41] F = 0.300458
[job(1043): 2016-09-10 00:28:41] final  value 0.300458 
[job(1043): 2016-09-10 00:28:41] converged
[job(1043): 2016-09-10 00:28:41] [Tune-x] 18: C=1.32e+03; sigma=0.00243
[job(1043): 2016-09-10 00:28:41] [Tune-y] 18: acc.test.mean=0.802; time: 0.0 min; memory: 116Mb use, 159Mb max
[job(1043): 2016-09-10 00:28:41] 
[job(1043): 2016-09-10 00:28:41] optimisation start
[job(1043): 2016-09-10 00:28:41] ------------------
[job(1043): 2016-09-10 00:28:41] * estimation method   : MLE 
[job(1043): 2016-09-10 00:28:41] * optimisation method : BFGS 
[job(1043): 2016-09-10 00:28:41] * analytical gradient : used
[job(1043): 2016-09-10 00:28:41] * trend model : ~1
[job(1043): 2016-09-10 00:28:41] * covariance model : 
[job(1043): 2016-09-10 00:28:41]   - type :  matern5_2 
[job(1043): 2016-09-10 00:28:41]   - nugget : NO
[job(1043): 2016-09-10 00:28:41]   - parameters lower bounds :  1e-10 1e-10 
[job(1043): 2016-09-10 00:28:41]   - parameters upper bounds :  39.43366 40.71861 
[job(1043): 2016-09-10 00:28:41]   - best initial criterion value(s) :  0.1435977 
[job(1043): 2016-09-10 00:28:41] 
[job(1043): 2016-09-10 00:28:41] N = 2, M = 5 machine precision = 2.22045e-16
[job(1043): 2016-09-10 00:28:41] At X0, 0 variables are exactly at the bounds
[job(1043): 2016-09-10 00:28:41] At iterate     0  f=      -0.1436  |proj g|=       1.3753
[job(1043): 2016-09-10 00:28:41] At iterate     1  f =     -0.80592  |proj g|=       0.77754
[job(1043): 2016-09-10 00:28:41] At iterate     2  f =      -1.1542  |proj g|=       0.46029
[job(1043): 2016-09-10 00:28:41] At iterate     3  f =      -1.2274  |proj g|=       0.81538
[job(1043): 2016-09-10 00:28:41] At iterate     4  f =      -1.2809  |proj g|=      0.087823
[job(1043): 2016-09-10 00:28:41] At iterate     5  f =      -1.2814  |proj g|=      0.011591
[job(1043): 2016-09-10 00:28:41] At iterate     6  f =      -1.2814  |proj g|=    0.00027189
[job(1043): 2016-09-10 00:28:41] At iterate     7  f =      -1.2814  |proj g|=    3.2762e-05
[job(1043): 2016-09-10 00:28:41] At iterate     8  f =      -1.2814  |proj g|=    4.7972e-08
[job(1043): 2016-09-10 00:28:41] 
[job(1043): 2016-09-10 00:28:41] iterations 8
[job(1043): 2016-09-10 00:28:41] function evaluations 11
[job(1043): 2016-09-10 00:28:41] segments explored during Cauchy searches 9
[job(1043): 2016-09-10 00:28:41] BFGS updates skipped 0
[job(1043): 2016-09-10 00:28:41] active bounds at final generalized Cauchy point 0
[job(1043): 2016-09-10 00:28:41] norm of the final projected gradient 4.79719e-08
[job(1043): 2016-09-10 00:28:41] final function value -1.28145
[job(1043): 2016-09-10 00:28:41] 
[job(1043): 2016-09-10 00:28:41] F = -1.28145
[job(1043): 2016-09-10 00:28:41] final  value -1.281446 
[job(1043): 2016-09-10 00:28:41] converged
[job(1043): 2016-09-10 00:28:41] [Tune-x] 19: C=486; sigma=0.0135
[job(1043): 2016-09-10 00:28:41] [Tune-y] 19: acc.test.mean=0.707; time: 0.0 min; memory: 116Mb use, 159Mb max
[job(1043): 2016-09-10 00:28:41] 
[job(1043): 2016-09-10 00:28:41] optimisation start
[job(1043): 2016-09-10 00:28:41] ------------------
[job(1043): 2016-09-10 00:28:41] * estimation method   : MLE 
[job(1043): 2016-09-10 00:28:41] * optimisation method : BFGS 
[job(1043): 2016-09-10 00:28:41] * analytical gradient : used
[job(1043): 2016-09-10 00:28:41] * trend model : ~1
[job(1043): 2016-09-10 00:28:41] * covariance model : 
[job(1043): 2016-09-10 00:28:41]   - type :  matern5_2 
[job(1043): 2016-09-10 00:28:41]   - nugget : NO
[job(1043): 2016-09-10 00:28:41]   - parameters lower bounds :  1e-10 1e-10 
[job(1043): 2016-09-10 00:28:41]   - parameters upper bounds :  39.43366 40.71861 
[job(1043): 2016-09-10 00:28:41]   - best initial criterion value(s) :  -21.46983 
[job(1043): 2016-09-10 00:28:41] 
[job(1043): 2016-09-10 00:28:41] N = 2, M = 5 machine precision = 2.22045e-16
[job(1043): 2016-09-10 00:28:41] At X0, 0 variables are exactly at the bounds
[job(1043): 2016-09-10 00:28:41] At iterate     0  f=        21.47  |proj g|=       3.3892
[job(1043): 2016-09-10 00:28:41] At iterate     1  f =     -0.63717  |proj g|=             0
[job(1043): 2016-09-10 00:28:41] 
[job(1043): 2016-09-10 00:28:41] iterations 1
[job(1043): 2016-09-10 00:28:41] function evaluations 2
[job(1043): 2016-09-10 00:28:41] segments explored during Cauchy searches 2
[job(1043): 2016-09-10 00:28:41] BFGS updates skipped 0
[job(1043): 2016-09-10 00:28:41] active bounds at final generalized Cauchy point 2
[job(1043): 2016-09-10 00:28:41] norm of the final projected gradient 0
[job(1043): 2016-09-10 00:28:41] final function value -0.637166
[job(1043): 2016-09-10 00:28:41] 
[job(1043): 2016-09-10 00:28:41] F = -0.637166
[job(1043): 2016-09-10 00:28:41] final  value -0.637166 
[job(1043): 2016-09-10 00:28:41] converged
[job(1043): 2016-09-10 00:28:41] [Tune-x] 20: C=0.00201; sigma=0.000491
[job(1043): 2016-09-10 00:28:41] [Tune-y] 20: acc.test.mean=0.243; time: 0.0 min; memory: 116Mb use, 159Mb max
[job(1043): 2016-09-10 00:28:41] 
[job(1043): 2016-09-10 00:28:41] optimisation start
[job(1043): 2016-09-10 00:28:41] ------------------
[job(1043): 2016-09-10 00:28:41] * estimation method   : MLE 
[job(1043): 2016-09-10 00:28:41] * optimisation method : BFGS 
[job(1043): 2016-09-10 00:28:41] * analytical gradient : used
[job(1043): 2016-09-10 00:28:41] * trend model : ~1
[job(1043): 2016-09-10 00:28:41] * covariance model : 
[job(1043): 2016-09-10 00:28:41]   - type :  matern5_2 
[job(1043): 2016-09-10 00:28:41]   - nugget : NO
[job(1043): 2016-09-10 00:28:41]   - parameters lower bounds :  1e-10 1e-10 
[job(1043): 2016-09-10 00:28:41]   - parameters upper bounds :  39.43366 41.78815 
[job(1043): 2016-09-10 00:28:41]   - best initial criterion value(s) :  -6.695567 
[job(1043): 2016-09-10 00:28:41] 
[job(1043): 2016-09-10 00:28:41] N = 2, M = 5 machine precision = 2.22045e-16
[job(1043): 2016-09-10 00:28:41] At X0, 0 variables are exactly at the bounds
[job(1043): 2016-09-10 00:28:41] At iterate     0  f=       6.6956  |proj g|=     0.058723
[job(1043): 2016-09-10 00:28:41] At iterate     1  f =      0.62237  |proj g|=             0
[job(1043): 2016-09-10 00:28:41] 
[job(1043): 2016-09-10 00:28:41] iterations 1
[job(1043): 2016-09-10 00:28:41] function evaluations 2
[job(1043): 2016-09-10 00:28:41] segments explored during Cauchy searches 2
[job(1043): 2016-09-10 00:28:41] BFGS updates skipped 0
[job(1043): 2016-09-10 00:28:41] active bounds at final generalized Cauchy point 1
[job(1043): 2016-09-10 00:28:41] norm of the final projected gradient 0
[job(1043): 2016-09-10 00:28:41] final function value 0.622371
[job(1043): 2016-09-10 00:28:41] 
[job(1043): 2016-09-10 00:28:41] F = 0.622371
[job(1043): 2016-09-10 00:28:41] final  value 0.622371 
[job(1043): 2016-09-10 00:28:41] converged
[job(1043): 2016-09-10 00:28:41] [Tune-x] 21: C=0.0252; sigma=7.65
[job(1043): 2016-09-10 00:28:41] [Tune-y] 21: acc.test.mean=0.297; time: 0.0 min; memory: 116Mb use, 159Mb max
[job(1043): 2016-09-10 00:28:41] 
[job(1043): 2016-09-10 00:28:41] optimisation start
[job(1043): 2016-09-10 00:28:41] ------------------
[job(1043): 2016-09-10 00:28:41] * estimation method   : MLE 
[job(1043): 2016-09-10 00:28:41] * optimisation method : BFGS 
[job(1043): 2016-09-10 00:28:41] * analytical gradient : used
[job(1043): 2016-09-10 00:28:41] * trend model : ~1
[job(1043): 2016-09-10 00:28:41] * covariance model : 
[job(1043): 2016-09-10 00:28:41]   - type :  matern5_2 
[job(1043): 2016-09-10 00:28:41]   - nugget : NO
[job(1043): 2016-09-10 00:28:41]   - parameters lower bounds :  1e-10 1e-10 
[job(1043): 2016-09-10 00:28:41]   - parameters upper bounds :  39.43366 41.78815 
[job(1043): 2016-09-10 00:28:41]   - best initial criterion value(s) :  -29.54293 
[job(1043): 2016-09-10 00:28:41] 
[job(1043): 2016-09-10 00:28:41] N = 2, M = 5 machine precision = 2.22045e-16
[job(1043): 2016-09-10 00:28:41] At X0, 0 variables are exactly at the bounds
[job(1043): 2016-09-10 00:28:41] At iterate     0  f=       29.543  |proj g|=       1.0878
[job(1043): 2016-09-10 00:28:41] At iterate     1  f =       1.2899  |proj g|=             0
[job(1043): 2016-09-10 00:28:41] 
[job(1043): 2016-09-10 00:28:41] iterations 1
[job(1043): 2016-09-10 00:28:41] function evaluations 2
[job(1043): 2016-09-10 00:28:41] segments explored during Cauchy searches 2
[job(1043): 2016-09-10 00:28:41] BFGS updates skipped 0
[job(1043): 2016-09-10 00:28:41] active bounds at final generalized Cauchy point 1
[job(1043): 2016-09-10 00:28:41] norm of the final projected gradient 0
[job(1043): 2016-09-10 00:28:41] final function value 1.2899
[job(1043): 2016-09-10 00:28:41] 
[job(1043): 2016-09-10 00:28:41] F = 1.2899
[job(1043): 2016-09-10 00:28:41] final  value 1.289897 
[job(1043): 2016-09-10 00:28:41] converged
[job(1043): 2016-09-10 00:28:41] [Tune-x] 22: C=0.00247; sigma=0.00631
[job(1043): 2016-09-10 00:28:41] [Tune-y] 22: acc.test.mean=0.355; time: 0.0 min; memory: 116Mb use, 159Mb max
[job(1043): 2016-09-10 00:28:41] 
[job(1043): 2016-09-10 00:28:41] optimisation start
[job(1043): 2016-09-10 00:28:41] ------------------
[job(1043): 2016-09-10 00:28:41] * estimation method   : MLE 
[job(1043): 2016-09-10 00:28:41] * optimisation method : BFGS 
[job(1043): 2016-09-10 00:28:41] * analytical gradient : used
[job(1043): 2016-09-10 00:28:41] * trend model : ~1
[job(1043): 2016-09-10 00:28:41] * covariance model : 
[job(1043): 2016-09-10 00:28:41]   - type :  matern5_2 
[job(1043): 2016-09-10 00:28:41]   - nugget : NO
[job(1043): 2016-09-10 00:28:41]   - parameters lower bounds :  1e-10 1e-10 
[job(1043): 2016-09-10 00:28:41]   - parameters upper bounds :  39.43366 41.78815 
[job(1043): 2016-09-10 00:28:41]   - best initial criterion value(s) :  -30.40205 
[job(1043): 2016-09-10 00:28:41] 
[job(1043): 2016-09-10 00:28:41] N = 2, M = 5 machine precision = 2.22045e-16
[job(1043): 2016-09-10 00:28:41] At X0, 0 variables are exactly at the bounds
[job(1043): 2016-09-10 00:28:41] At iterate     0  f=       30.402  |proj g|=       2.2338
[job(1043): 2016-09-10 00:28:41] At iterate     1  f =       1.5492  |proj g|=             0
[job(1043): 2016-09-10 00:28:41] 
[job(1043): 2016-09-10 00:28:41] iterations 1
[job(1043): 2016-09-10 00:28:41] function evaluations 2
[job(1043): 2016-09-10 00:28:41] segments explored during Cauchy searches 2
[job(1043): 2016-09-10 00:28:41] BFGS updates skipped 0
[job(1043): 2016-09-10 00:28:41] active bounds at final generalized Cauchy point 1
[job(1043): 2016-09-10 00:28:41] norm of the final projected gradient 0
[job(1043): 2016-09-10 00:28:41] final function value 1.54919
[job(1043): 2016-09-10 00:28:41] 
[job(1043): 2016-09-10 00:28:41] F = 1.54919
[job(1043): 2016-09-10 00:28:41] final  value 1.549188 
[job(1043): 2016-09-10 00:28:41] converged
[job(1043): 2016-09-10 00:28:41] [Tune-x] 23: C=0.00306; sigma=278
[job(1043): 2016-09-10 00:28:41] [Tune-y] 23: acc.test.mean=0.317; time: 0.0 min; memory: 116Mb use, 167Mb max
[job(1043): 2016-09-10 00:28:41] 
[job(1043): 2016-09-10 00:28:41] optimisation start
[job(1043): 2016-09-10 00:28:41] ------------------
[job(1043): 2016-09-10 00:28:41] * estimation method   : MLE 
[job(1043): 2016-09-10 00:28:41] * optimisation method : BFGS 
[job(1043): 2016-09-10 00:28:41] * analytical gradient : used
[job(1043): 2016-09-10 00:28:41] * trend model : ~1
[job(1043): 2016-09-10 00:28:41] * covariance model : 
[job(1043): 2016-09-10 00:28:41]   - type :  matern5_2 
[job(1043): 2016-09-10 00:28:41]   - nugget : NO
[job(1043): 2016-09-10 00:28:41]   - parameters lower bounds :  1e-10 1e-10 
[job(1043): 2016-09-10 00:28:41]   - parameters upper bounds :  39.43366 41.78815 
[job(1043): 2016-09-10 00:28:41]   - best initial criterion value(s) :  -19.59692 
[job(1043): 2016-09-10 00:28:41] 
[job(1043): 2016-09-10 00:28:41] N = 2, M = 5 machine precision = 2.22045e-16
[job(1043): 2016-09-10 00:28:41] At X0, 0 variables are exactly at the bounds
[job(1043): 2016-09-10 00:28:41] At iterate     0  f=       19.597  |proj g|=       3.9257
[job(1043): 2016-09-10 00:28:41] At iterate     1  f =       1.9144  |proj g|=             0
[job(1043): 2016-09-10 00:28:41] 
[job(1043): 2016-09-10 00:28:41] iterations 1
[job(1043): 2016-09-10 00:28:41] function evaluations 2
[job(1043): 2016-09-10 00:28:41] segments explored during Cauchy searches 2
[job(1043): 2016-09-10 00:28:41] BFGS updates skipped 0
[job(1043): 2016-09-10 00:28:41] active bounds at final generalized Cauchy point 2
[job(1043): 2016-09-10 00:28:41] norm of the final projected gradient 0
[job(1043): 2016-09-10 00:28:41] final function value 1.91441
[job(1043): 2016-09-10 00:28:41] 
[job(1043): 2016-09-10 00:28:41] F = 1.91441
[job(1043): 2016-09-10 00:28:41] final  value 1.914408 
[job(1043): 2016-09-10 00:28:41] converged
[job(1043): 2016-09-10 00:28:41] [Tune-x] 24: C=0.000372; sigma=59.6
[job(1043): 2016-09-10 00:28:41] [Tune-y] 24: acc.test.mean=0.243; time: 0.0 min; memory: 116Mb use, 167Mb max
[job(1043): 2016-09-10 00:28:41] 
[job(1043): 2016-09-10 00:28:41] optimisation start
[job(1043): 2016-09-10 00:28:41] ------------------
[job(1043): 2016-09-10 00:28:41] * estimation method   : MLE 
[job(1043): 2016-09-10 00:28:41] * optimisation method : BFGS 
[job(1043): 2016-09-10 00:28:41] * analytical gradient : used
[job(1043): 2016-09-10 00:28:41] * trend model : ~1
[job(1043): 2016-09-10 00:28:41] * covariance model : 
[job(1043): 2016-09-10 00:28:41]   - type :  matern5_2 
[job(1043): 2016-09-10 00:28:41]   - nugget : NO
[job(1043): 2016-09-10 00:28:41]   - parameters lower bounds :  1e-10 1e-10 
[job(1043): 2016-09-10 00:28:41]   - parameters upper bounds :  43.52289 41.78815 
[job(1043): 2016-09-10 00:28:41]   - best initial criterion value(s) :  -34.99614 
[job(1043): 2016-09-10 00:28:41] 
[job(1043): 2016-09-10 00:28:41] N = 2, M = 5 machine precision = 2.22045e-16
[job(1043): 2016-09-10 00:28:41] At X0, 0 variables are exactly at the bounds
[job(1043): 2016-09-10 00:28:41] At iterate     0  f=       34.996  |proj g|=        2.123
[job(1043): 2016-09-10 00:28:41] At iterate     1  f =       2.5667  |proj g|=             0
[job(1043): 2016-09-10 00:28:41] 
[job(1043): 2016-09-10 00:28:41] iterations 1
[job(1043): 2016-09-10 00:28:41] function evaluations 2
[job(1043): 2016-09-10 00:28:41] segments explored during Cauchy searches 2
[job(1043): 2016-09-10 00:28:41] BFGS updates skipped 0
[job(1043): 2016-09-10 00:28:41] active bounds at final generalized Cauchy point 1
[job(1043): 2016-09-10 00:28:41] norm of the final projected gradient 0
[job(1043): 2016-09-10 00:28:41] final function value 2.56666
[job(1043): 2016-09-10 00:28:41] 
[job(1043): 2016-09-10 00:28:41] F = 2.56666
[job(1043): 2016-09-10 00:28:41] final  value 2.566658 
[job(1043): 2016-09-10 00:28:41] converged
[job(1043): 2016-09-10 00:28:41] [Tune-x] 25: C=0.397; sigma=0.00851
[job(1043): 2016-09-10 00:28:41] [Tune-y] 25: acc.test.mean=0.75; time: 0.0 min; memory: 116Mb use, 167Mb max
[job(1043): 2016-09-10 00:28:41] 
[job(1043): 2016-09-10 00:28:41] optimisation start
[job(1043): 2016-09-10 00:28:41] ------------------
[job(1043): 2016-09-10 00:28:41] * estimation method   : MLE 
[job(1043): 2016-09-10 00:28:41] * optimisation method : BFGS 
[job(1043): 2016-09-10 00:28:41] * analytical gradient : used
[job(1043): 2016-09-10 00:28:41] * trend model : ~1
[job(1043): 2016-09-10 00:28:41] * covariance model : 
[job(1043): 2016-09-10 00:28:41]   - type :  matern5_2 
[job(1043): 2016-09-10 00:28:41]   - nugget : NO
[job(1043): 2016-09-10 00:28:41]   - parameters lower bounds :  1e-10 1e-10 
[job(1043): 2016-09-10 00:28:41]   - parameters upper bounds :  43.52289 41.78815 
[job(1043): 2016-09-10 00:28:41]   - best initial criterion value(s) :  -35.44172 
[job(1043): 2016-09-10 00:28:41] 
[job(1043): 2016-09-10 00:28:41] N = 2, M = 5 machine precision = 2.22045e-16
[job(1043): 2016-09-10 00:28:41] At X0, 0 variables are exactly at the bounds
[job(1043): 2016-09-10 00:28:41] At iterate     0  f=       35.442  |proj g|=       1.8307
[job(1043): 2016-09-10 00:28:41] At iterate     1  f =        2.277  |proj g|=             0
[job(1043): 2016-09-10 00:28:41] 
[job(1043): 2016-09-10 00:28:41] iterations 1
[job(1043): 2016-09-10 00:28:41] function evaluations 2
[job(1043): 2016-09-10 00:28:41] segments explored during Cauchy searches 2
[job(1043): 2016-09-10 00:28:41] BFGS updates skipped 0
[job(1043): 2016-09-10 00:28:41] active bounds at final generalized Cauchy point 1
[job(1043): 2016-09-10 00:28:41] norm of the final projected gradient 0
[job(1043): 2016-09-10 00:28:41] final function value 2.27704
[job(1043): 2016-09-10 00:28:41] 
[job(1043): 2016-09-10 00:28:41] F = 2.27704
[job(1043): 2016-09-10 00:28:41] final  value 2.277038 
[job(1043): 2016-09-10 00:28:41] converged
[job(1043): 2016-09-10 00:28:41] [Tune-x] 26: C=0.953; sigma=1.98
[job(1043): 2016-09-10 00:28:41] [Tune-y] 26: acc.test.mean=0.857; time: 0.0 min; memory: 116Mb use, 167Mb max
[job(1043): 2016-09-10 00:28:41] 
[job(1043): 2016-09-10 00:28:41] optimisation start
[job(1043): 2016-09-10 00:28:41] ------------------
[job(1043): 2016-09-10 00:28:41] * estimation method   : MLE 
[job(1043): 2016-09-10 00:28:41] * optimisation method : BFGS 
[job(1043): 2016-09-10 00:28:41] * analytical gradient : used
[job(1043): 2016-09-10 00:28:41] * trend model : ~1
[job(1043): 2016-09-10 00:28:41] * covariance model : 
[job(1043): 2016-09-10 00:28:41]   - type :  matern5_2 
[job(1043): 2016-09-10 00:28:41]   - nugget : NO
[job(1043): 2016-09-10 00:28:41]   - parameters lower bounds :  1e-10 1e-10 
[job(1043): 2016-09-10 00:28:41]   - parameters upper bounds :  43.52289 41.78815 
[job(1043): 2016-09-10 00:28:41]   - best initial criterion value(s) :  -12.11611 
[job(1043): 2016-09-10 00:28:41] 
[job(1043): 2016-09-10 00:28:41] N = 2, M = 5 machine precision = 2.22045e-16
[job(1043): 2016-09-10 00:28:41] At X0, 0 variables are exactly at the bounds
[job(1043): 2016-09-10 00:28:41] At iterate     0  f=       12.116  |proj g|=       4.2954
[job(1043): 2016-09-10 00:28:41] At iterate     1  f =       2.2302  |proj g|=             0
[job(1043): 2016-09-10 00:28:41] 
[job(1043): 2016-09-10 00:28:41] iterations 1
[job(1043): 2016-09-10 00:28:41] function evaluations 2
[job(1043): 2016-09-10 00:28:41] segments explored during Cauchy searches 2
[job(1043): 2016-09-10 00:28:41] BFGS updates skipped 0
[job(1043): 2016-09-10 00:28:41] active bounds at final generalized Cauchy point 2
[job(1043): 2016-09-10 00:28:41] norm of the final projected gradient 0
[job(1043): 2016-09-10 00:28:41] final function value 2.23021
[job(1043): 2016-09-10 00:28:41] 
[job(1043): 2016-09-10 00:28:41] F = 2.23021
[job(1043): 2016-09-10 00:28:41] final  value 2.230208 
[job(1043): 2016-09-10 00:28:41] converged
[job(1043): 2016-09-10 00:28:41] [Tune-x] 27: C=0.00403; sigma=8.96
[job(1043): 2016-09-10 00:28:41] [Tune-y] 27: acc.test.mean=0.323; time: 0.0 min; memory: 116Mb use, 167Mb max
[job(1043): 2016-09-10 00:28:41] 
[job(1043): 2016-09-10 00:28:41] optimisation start
[job(1043): 2016-09-10 00:28:41] ------------------
[job(1043): 2016-09-10 00:28:41] * estimation method   : MLE 
[job(1043): 2016-09-10 00:28:41] * optimisation method : BFGS 
[job(1043): 2016-09-10 00:28:41] * analytical gradient : used
[job(1043): 2016-09-10 00:28:41] * trend model : ~1
[job(1043): 2016-09-10 00:28:41] * covariance model : 
[job(1043): 2016-09-10 00:28:41]   - type :  matern5_2 
[job(1043): 2016-09-10 00:28:41]   - nugget : NO
[job(1043): 2016-09-10 00:28:41]   - parameters lower bounds :  1e-10 1e-10 
[job(1043): 2016-09-10 00:28:41]   - parameters upper bounds :  43.52289 41.78815 
[job(1043): 2016-09-10 00:28:41]   - best initial criterion value(s) :  -64.62644 
[job(1043): 2016-09-10 00:28:41] 
[job(1043): 2016-09-10 00:28:41] N = 2, M = 5 machine precision = 2.22045e-16
[job(1043): 2016-09-10 00:28:41] At X0, 0 variables are exactly at the bounds
[job(1043): 2016-09-10 00:28:41] At iterate     0  f=       64.626  |proj g|=        3.284
[job(1043): 2016-09-10 00:28:41] At iterate     1  f =       2.4936  |proj g|=             0
[job(1043): 2016-09-10 00:28:41] 
[job(1043): 2016-09-10 00:28:41] iterations 1
[job(1043): 2016-09-10 00:28:41] function evaluations 2
[job(1043): 2016-09-10 00:28:41] segments explored during Cauchy searches 2
[job(1043): 2016-09-10 00:28:41] BFGS updates skipped 0
[job(1043): 2016-09-10 00:28:41] active bounds at final generalized Cauchy point 1
[job(1043): 2016-09-10 00:28:41] norm of the final projected gradient 0
[job(1043): 2016-09-10 00:28:41] final function value 2.49359
[job(1043): 2016-09-10 00:28:41] 
[job(1043): 2016-09-10 00:28:41] F = 2.49359
[job(1043): 2016-09-10 00:28:41] final  value 2.493588 
[job(1043): 2016-09-10 00:28:41] converged
[job(1043): 2016-09-10 00:28:41] [Tune-x] 28: C=0.107; sigma=4.61
[job(1043): 2016-09-10 00:28:41] [Tune-y] 28: acc.test.mean=0.401; time: 0.0 min; memory: 116Mb use, 167Mb max
[job(1043): 2016-09-10 00:28:41] 
[job(1043): 2016-09-10 00:28:41] optimisation start
[job(1043): 2016-09-10 00:28:41] ------------------
[job(1043): 2016-09-10 00:28:41] * estimation method   : MLE 
[job(1043): 2016-09-10 00:28:41] * optimisation method : BFGS 
[job(1043): 2016-09-10 00:28:41] * analytical gradient : used
[job(1043): 2016-09-10 00:28:41] * trend model : ~1
[job(1043): 2016-09-10 00:28:41] * covariance model : 
[job(1043): 2016-09-10 00:28:41]   - type :  matern5_2 
[job(1043): 2016-09-10 00:28:41]   - nugget : NO
[job(1043): 2016-09-10 00:28:41]   - parameters lower bounds :  1e-10 1e-10 
[job(1043): 2016-09-10 00:28:41]   - parameters upper bounds :  43.52289 41.78815 
[job(1043): 2016-09-10 00:28:41]   - best initial criterion value(s) :  -39.58027 
[job(1043): 2016-09-10 00:28:41] 
[job(1043): 2016-09-10 00:28:41] N = 2, M = 5 machine precision = 2.22045e-16
[job(1043): 2016-09-10 00:28:41] At X0, 0 variables are exactly at the bounds
[job(1043): 2016-09-10 00:28:41] At iterate     0  f=        39.58  |proj g|=      0.55372
[job(1043): 2016-09-10 00:28:41] At iterate     1  f =       2.4248  |proj g|=             0
[job(1043): 2016-09-10 00:28:41] 
[job(1043): 2016-09-10 00:28:41] iterations 1
[job(1043): 2016-09-10 00:28:41] function evaluations 2
[job(1043): 2016-09-10 00:28:41] segments explored during Cauchy searches 2
[job(1043): 2016-09-10 00:28:41] BFGS updates skipped 0
[job(1043): 2016-09-10 00:28:41] active bounds at final generalized Cauchy point 1
[job(1043): 2016-09-10 00:28:41] norm of the final projected gradient 0
[job(1043): 2016-09-10 00:28:41] final function value 2.42477
[job(1043): 2016-09-10 00:28:41] 
[job(1043): 2016-09-10 00:28:41] F = 2.42477
[job(1043): 2016-09-10 00:28:41] final  value 2.424774 
[job(1043): 2016-09-10 00:28:41] converged
[job(1043): 2016-09-10 00:28:41] [Tune] Result: C=410; sigma=0.0159 : acc.test.mean=-0.958
[job(1043): 2016-09-10 00:28:41] Job terminated successfully
[job(chunk): 2016-09-10 00:28:41] Calculation finished!
