[job(chunk): 2016-09-09 20:17:52] Starting calculation of 1 jobs
[job(chunk): 2016-09-09 20:17:52] Setting working directory to '/naslx/projects/pr74ze/ri89coc2/svm_comparison'
[job(chunk): 2016-09-09 20:17:52] Memory measurement disabled
[job(976): 2016-09-09 20:17:55] Starting job with job.id=976
[job(976): 2016-09-09 20:18:44] Generating problem instance for problem '1465' ...
[job(976): 2016-09-09 20:18:44] Data '1465' file 'description.xml' found in cache.
[job(976): 2016-09-09 20:18:44] Data '1465' file 'dataset.arff' found in cache.
[job(976): 2016-09-09 20:18:44] Loading required package: readr
[job(976): 2016-09-09 20:18:44] Applying algorithm 'spoc-svc.tuned' on problem '1465' ...
[job(976): 2016-09-09 20:18:44] Data '1465' file 'description.xml' found in cache.
[job(976): 2016-09-09 20:18:44] Data '1465' file 'dataset.arff' found in cache.
[job(976): 2016-09-09 20:18:44] [Tune] Started tuning learner spoc-svc for parameter set:
[job(976): 2016-09-09 20:18:44]          Type len Def    Constr Req Tunable Trafo
[job(976): 2016-09-09 20:18:44] C     numeric   -   - -12 to 12   -    TRUE     Y
[job(976): 2016-09-09 20:18:44] sigma numeric   -   - -12 to 12   -    TRUE     Y
[job(976): 2016-09-09 20:18:44] With control class: TuneControlMBO
[job(976): 2016-09-09 20:18:44] Imputation value: -0
[job(976): 2016-09-09 20:18:44] [Tune-x] 1: C=0.0989; sigma=288
[job(976): 2016-09-09 20:18:44] [Tune-y] 1: acc.test.mean=0.322; time: 0.0 min; memory: 112Mb use, 144Mb max
[job(976): 2016-09-09 20:18:44] [Tune-x] 2: C=80.4; sigma=0.00232
[job(976): 2016-09-09 20:18:44] [Tune-y] 2: acc.test.mean=0.376; time: 0.0 min; memory: 112Mb use, 144Mb max
[job(976): 2016-09-09 20:18:44] [Tune-x] 3: C=4.83; sigma=10.4
[job(976): 2016-09-09 20:18:44] [Tune-y] 3: acc.test.mean=0.302; time: 0.0 min; memory: 112Mb use, 144Mb max
[job(976): 2016-09-09 20:18:44] [Tune-x] 4: C=714; sigma=0.156
[job(976): 2016-09-09 20:18:44] [Tune-y] 4: acc.test.mean=0.366; time: 0.0 min; memory: 112Mb use, 144Mb max
[job(976): 2016-09-09 20:18:44] [Tune-x] 5: C=0.00694; sigma=2.08
[job(976): 2016-09-09 20:18:44] [Tune-y] 5: acc.test.mean=0.312; time: 0.0 min; memory: 112Mb use, 144Mb max
[job(976): 2016-09-09 20:18:44] [Tune-x] 6: C=55.3; sigma=0.0231
[job(976): 2016-09-09 20:18:44] [Tune-y] 6: acc.test.mean=0.166; time: 0.0 min; memory: 112Mb use, 144Mb max
[job(976): 2016-09-09 20:18:44] [Tune-x] 7: C=0.51; sigma=600
[job(976): 2016-09-09 20:18:44] [Tune-y] 7: acc.test.mean=0.229; time: 0.0 min; memory: 112Mb use, 144Mb max
[job(976): 2016-09-09 20:18:44] [Tune-x] 8: C=0.00164; sigma=0.000246
[job(976): 2016-09-09 20:18:44] [Tune-y] 8: acc.test.mean=0.251; time: 0.0 min; memory: 112Mb use, 144Mb max
[job(976): 2016-09-09 20:18:44] 
[job(976): 2016-09-09 20:18:44] optimisation start
[job(976): 2016-09-09 20:18:44] ------------------
[job(976): 2016-09-09 20:18:44] * estimation method   : MLE 
[job(976): 2016-09-09 20:18:44] * optimisation method : BFGS 
[job(976): 2016-09-09 20:18:44] * analytical gradient : used
[job(976): 2016-09-09 20:18:44] * trend model : ~1
[job(976): 2016-09-09 20:18:44] * covariance model : 
[job(976): 2016-09-09 20:18:44]   - type :  matern5_2 
[job(976): 2016-09-09 20:18:44]   - nugget : NO
[job(976): 2016-09-09 20:18:44]   - parameters lower bounds :  1e-10 1e-10 
[job(976): 2016-09-09 20:18:44]   - parameters upper bounds :  37.45692 42.43061 
[job(976): 2016-09-09 20:18:44]   - best initial criterion value(s) :  10.21006 
[job(976): 2016-09-09 20:18:44] 
[job(976): 2016-09-09 20:18:44] N = 2, M = 5 machine precision = 2.22045e-16
[job(976): 2016-09-09 20:18:44] At X0, 0 variables are exactly at the bounds
[job(976): 2016-09-09 20:18:44] At iterate     0  f=       -10.21  |proj g|=      0.42084
[job(976): 2016-09-09 20:18:44] At iterate     1  f =      -10.325  |proj g|=       0.11514
[job(976): 2016-09-09 20:18:44] At iterate     2  f =      -10.333  |proj g|=     0.0038101
[job(976): 2016-09-09 20:18:44] At iterate     3  f =      -10.333  |proj g|=     0.0029317
[job(976): 2016-09-09 20:18:44] At iterate     4  f =      -10.333  |proj g|=     0.0010478
[job(976): 2016-09-09 20:18:44] At iterate     5  f =      -10.333  |proj g|=    0.00052096
[job(976): 2016-09-09 20:18:44] At iterate     6  f =      -10.333  |proj g|=    0.00023294
[job(976): 2016-09-09 20:18:44] At iterate     7  f =      -10.333  |proj g|=    0.00010982
[job(976): 2016-09-09 20:18:44] At iterate     8  f =      -10.333  |proj g|=    5.1228e-05
[job(976): 2016-09-09 20:18:44] At iterate     9  f =      -10.333  |proj g|=     2.418e-05
[job(976): 2016-09-09 20:18:44] At iterate    10  f =      -10.333  |proj g|=    1.1435e-05
[job(976): 2016-09-09 20:18:44] At iterate    11  f =      -10.333  |proj g|=    5.4331e-06
[job(976): 2016-09-09 20:18:44] At iterate    12  f =      -10.333  |proj g|=    2.5888e-06
[job(976): 2016-09-09 20:18:44] 
[job(976): 2016-09-09 20:18:44] iterations 12
[job(976): 2016-09-09 20:18:44] function evaluations 13
[job(976): 2016-09-09 20:18:44] segments explored during Cauchy searches 12
[job(976): 2016-09-09 20:18:44] BFGS updates skipped 0
[job(976): 2016-09-09 20:18:44] active bounds at final generalized Cauchy point 0
[job(976): 2016-09-09 20:18:44] norm of the final projected gradient 2.58876e-06
[job(976): 2016-09-09 20:18:44] final function value -10.333
[job(976): 2016-09-09 20:18:44] 
[job(976): 2016-09-09 20:18:44] F = -10.333
[job(976): 2016-09-09 20:18:44] final  value -10.333034 
[job(976): 2016-09-09 20:18:44] converged
[job(976): 2016-09-09 20:18:44] [Tune-x] 9: C=77.3; sigma=0.00232
[job(976): 2016-09-09 20:18:44] [Tune-y] 9: acc.test.mean=0.29; time: 0.0 min; memory: 116Mb use, 152Mb max
[job(976): 2016-09-09 20:18:44] 
[job(976): 2016-09-09 20:18:44] optimisation start
[job(976): 2016-09-09 20:18:44] ------------------
[job(976): 2016-09-09 20:18:44] * estimation method   : MLE 
[job(976): 2016-09-09 20:18:44] * optimisation method : BFGS 
[job(976): 2016-09-09 20:18:44] * analytical gradient : used
[job(976): 2016-09-09 20:18:44] * trend model : ~1
[job(976): 2016-09-09 20:18:44] * covariance model : 
[job(976): 2016-09-09 20:18:44]   - type :  matern5_2 
[job(976): 2016-09-09 20:18:44]   - nugget : NO
[job(976): 2016-09-09 20:18:44]   - parameters lower bounds :  1e-10 1e-10 
[job(976): 2016-09-09 20:18:44]   - parameters upper bounds :  37.45692 42.43061 
[job(976): 2016-09-09 20:18:44]   - best initial criterion value(s) :  -12.53701 
[job(976): 2016-09-09 20:18:44] 
[job(976): 2016-09-09 20:18:44] N = 2, M = 5 machine precision = 2.22045e-16
[job(976): 2016-09-09 20:18:44] At X0, 0 variables are exactly at the bounds
[job(976): 2016-09-09 20:18:44] At iterate     0  f=       12.537  |proj g|=       1.6617
[job(976): 2016-09-09 20:18:44] At iterate     1  f =       9.0113  |proj g|=         1.975
[job(976): 2016-09-09 20:18:44] ys=-2.778e+00  -gs= 2.764e+00, BFGS update SKIPPED
[job(976): 2016-09-09 20:18:44] At iterate     2  f =      -12.155  |proj g|=             0
[job(976): 2016-09-09 20:18:44] 
[job(976): 2016-09-09 20:18:44] iterations 2
[job(976): 2016-09-09 20:18:44] function evaluations 3
[job(976): 2016-09-09 20:18:44] segments explored during Cauchy searches 3
[job(976): 2016-09-09 20:18:44] BFGS updates skipped 1
[job(976): 2016-09-09 20:18:44] active bounds at final generalized Cauchy point 1
[job(976): 2016-09-09 20:18:44] norm of the final projected gradient 0
[job(976): 2016-09-09 20:18:44] final function value -12.1546
[job(976): 2016-09-09 20:18:44] 
[job(976): 2016-09-09 20:18:44] F = -12.1546
[job(976): 2016-09-09 20:18:44] final  value -12.154648 
[job(976): 2016-09-09 20:18:44] converged
[job(976): 2016-09-09 20:18:44] [Tune-x] 10: C=3.89e+03; sigma=2.69
[job(976): 2016-09-09 20:18:44] [Tune-y] 10: acc.test.mean=0.356; time: 0.0 min; memory: 116Mb use, 158Mb max
[job(976): 2016-09-09 20:18:44] 
[job(976): 2016-09-09 20:18:44] optimisation start
[job(976): 2016-09-09 20:18:44] ------------------
[job(976): 2016-09-09 20:18:44] * estimation method   : MLE 
[job(976): 2016-09-09 20:18:44] * optimisation method : BFGS 
[job(976): 2016-09-09 20:18:44] * analytical gradient : used
[job(976): 2016-09-09 20:18:44] * trend model : ~1
[job(976): 2016-09-09 20:18:44] * covariance model : 
[job(976): 2016-09-09 20:18:44]   - type :  matern5_2 
[job(976): 2016-09-09 20:18:44]   - nugget : NO
[job(976): 2016-09-09 20:18:44]   - parameters lower bounds :  1e-10 1e-10 
[job(976): 2016-09-09 20:18:44]   - parameters upper bounds :  42.35016 42.43061 
[job(976): 2016-09-09 20:18:44]   - best initial criterion value(s) :  5.433353 
[job(976): 2016-09-09 20:18:44] 
[job(976): 2016-09-09 20:18:44] N = 2, M = 5 machine precision = 2.22045e-16
[job(976): 2016-09-09 20:18:44] At X0, 0 variables are exactly at the bounds
[job(976): 2016-09-09 20:18:44] At iterate     0  f=      -5.4334  |proj g|=      0.43583
[job(976): 2016-09-09 20:18:44] At iterate     1  f =      -13.518  |proj g|=             0
[job(976): 2016-09-09 20:18:44] 
[job(976): 2016-09-09 20:18:44] iterations 1
[job(976): 2016-09-09 20:18:44] function evaluations 2
[job(976): 2016-09-09 20:18:44] segments explored during Cauchy searches 2
[job(976): 2016-09-09 20:18:44] BFGS updates skipped 0
[job(976): 2016-09-09 20:18:44] active bounds at final generalized Cauchy point 1
[job(976): 2016-09-09 20:18:44] norm of the final projected gradient 0
[job(976): 2016-09-09 20:18:44] final function value -13.5176
[job(976): 2016-09-09 20:18:44] 
[job(976): 2016-09-09 20:18:44] F = -13.5176
[job(976): 2016-09-09 20:18:44] final  value -13.517576 
[job(976): 2016-09-09 20:18:44] converged
[job(976): 2016-09-09 20:18:44] [Tune-x] 11: C=0.374; sigma=223
[job(976): 2016-09-09 20:18:44] [Tune-y] 11: acc.test.mean=0.323; time: 0.0 min; memory: 116Mb use, 158Mb max
[job(976): 2016-09-09 20:18:44] 
[job(976): 2016-09-09 20:18:44] optimisation start
[job(976): 2016-09-09 20:18:44] ------------------
[job(976): 2016-09-09 20:18:44] * estimation method   : MLE 
[job(976): 2016-09-09 20:18:44] * optimisation method : BFGS 
[job(976): 2016-09-09 20:18:44] * analytical gradient : used
[job(976): 2016-09-09 20:18:44] * trend model : ~1
[job(976): 2016-09-09 20:18:44] * covariance model : 
[job(976): 2016-09-09 20:18:44]   - type :  matern5_2 
[job(976): 2016-09-09 20:18:44]   - nugget : NO
[job(976): 2016-09-09 20:18:44]   - parameters lower bounds :  1e-10 1e-10 
[job(976): 2016-09-09 20:18:44]   - parameters upper bounds :  42.35016 42.43061 
[job(976): 2016-09-09 20:18:44]   - best initial criterion value(s) :  12.29677 
[job(976): 2016-09-09 20:18:44] 
[job(976): 2016-09-09 20:18:44] N = 2, M = 5 machine precision = 2.22045e-16
[job(976): 2016-09-09 20:18:44] At X0, 0 variables are exactly at the bounds
[job(976): 2016-09-09 20:18:44] At iterate     0  f=      -12.297  |proj g|=      0.17551
[job(976): 2016-09-09 20:18:44] At iterate     1  f =      -15.311  |proj g|=             0
[job(976): 2016-09-09 20:18:44] 
[job(976): 2016-09-09 20:18:44] iterations 1
[job(976): 2016-09-09 20:18:44] function evaluations 2
[job(976): 2016-09-09 20:18:44] segments explored during Cauchy searches 2
[job(976): 2016-09-09 20:18:44] BFGS updates skipped 0
[job(976): 2016-09-09 20:18:44] active bounds at final generalized Cauchy point 1
[job(976): 2016-09-09 20:18:44] norm of the final projected gradient 0
[job(976): 2016-09-09 20:18:44] final function value -15.3107
[job(976): 2016-09-09 20:18:44] 
[job(976): 2016-09-09 20:18:44] F = -15.3107
[job(976): 2016-09-09 20:18:44] final  value -15.310735 
[job(976): 2016-09-09 20:18:44] converged
[job(976): 2016-09-09 20:18:44] [Tune-x] 12: C=63; sigma=3.36e+03
[job(976): 2016-09-09 20:18:44] [Tune-y] 12: acc.test.mean=0.209; time: 0.0 min; memory: 116Mb use, 158Mb max
[job(976): 2016-09-09 20:18:44] 
[job(976): 2016-09-09 20:18:44] optimisation start
[job(976): 2016-09-09 20:18:44] ------------------
[job(976): 2016-09-09 20:18:44] * estimation method   : MLE 
[job(976): 2016-09-09 20:18:44] * optimisation method : BFGS 
[job(976): 2016-09-09 20:18:44] * analytical gradient : used
[job(976): 2016-09-09 20:18:44] * trend model : ~1
[job(976): 2016-09-09 20:18:44] * covariance model : 
[job(976): 2016-09-09 20:18:44]   - type :  matern5_2 
[job(976): 2016-09-09 20:18:44]   - nugget : NO
[job(976): 2016-09-09 20:18:44]   - parameters lower bounds :  1e-10 1e-10 
[job(976): 2016-09-09 20:18:44]   - parameters upper bounds :  42.35016 47.402 
[job(976): 2016-09-09 20:18:44]   - best initial criterion value(s) :  -9.327143 
[job(976): 2016-09-09 20:18:44] 
[job(976): 2016-09-09 20:18:44] N = 2, M = 5 machine precision = 2.22045e-16
[job(976): 2016-09-09 20:18:44] At X0, 0 variables are exactly at the bounds
[job(976): 2016-09-09 20:18:44] At iterate     0  f=       9.3271  |proj g|=       1.5854
[job(976): 2016-09-09 20:18:44] At iterate     1  f =        -16.2  |proj g|=             0
[job(976): 2016-09-09 20:18:44] 
[job(976): 2016-09-09 20:18:44] iterations 1
[job(976): 2016-09-09 20:18:44] function evaluations 2
[job(976): 2016-09-09 20:18:44] segments explored during Cauchy searches 2
[job(976): 2016-09-09 20:18:44] BFGS updates skipped 0
[job(976): 2016-09-09 20:18:44] active bounds at final generalized Cauchy point 1
[job(976): 2016-09-09 20:18:44] norm of the final projected gradient 0
[job(976): 2016-09-09 20:18:44] final function value -16.2005
[job(976): 2016-09-09 20:18:44] 
[job(976): 2016-09-09 20:18:44] F = -16.2005
[job(976): 2016-09-09 20:18:44] final  value -16.200483 
[job(976): 2016-09-09 20:18:44] converged
[job(976): 2016-09-09 20:18:44] [Tune-x] 13: C=4.02; sigma=19.2
[job(976): 2016-09-09 20:18:44] [Tune-y] 13: acc.test.mean=0.313; time: 0.0 min; memory: 116Mb use, 158Mb max
[job(976): 2016-09-09 20:18:44] 
[job(976): 2016-09-09 20:18:44] optimisation start
[job(976): 2016-09-09 20:18:44] ------------------
[job(976): 2016-09-09 20:18:44] * estimation method   : MLE 
[job(976): 2016-09-09 20:18:44] * optimisation method : BFGS 
[job(976): 2016-09-09 20:18:44] * analytical gradient : used
[job(976): 2016-09-09 20:18:44] * trend model : ~1
[job(976): 2016-09-09 20:18:44] * covariance model : 
[job(976): 2016-09-09 20:18:44]   - type :  matern5_2 
[job(976): 2016-09-09 20:18:44]   - nugget : NO
[job(976): 2016-09-09 20:18:44]   - parameters lower bounds :  1e-10 1e-10 
[job(976): 2016-09-09 20:18:44]   - parameters upper bounds :  42.35016 47.402 
[job(976): 2016-09-09 20:18:44]   - best initial criterion value(s) :  -22.47333 
[job(976): 2016-09-09 20:18:44] 
[job(976): 2016-09-09 20:18:44] N = 2, M = 5 machine precision = 2.22045e-16
[job(976): 2016-09-09 20:18:44] At X0, 0 variables are exactly at the bounds
[job(976): 2016-09-09 20:18:44] At iterate     0  f=       22.473  |proj g|=       1.4437
[job(976): 2016-09-09 20:18:44] At iterate     1  f =        20.15  |proj g|=        1.7905
[job(976): 2016-09-09 20:18:44] ys=-5.005e-01  -gs= 2.085e+00, BFGS update SKIPPED
[job(976): 2016-09-09 20:18:44] At iterate     2  f =      -18.014  |proj g|=             0
[job(976): 2016-09-09 20:18:44] 
[job(976): 2016-09-09 20:18:44] iterations 2
[job(976): 2016-09-09 20:18:44] function evaluations 4
[job(976): 2016-09-09 20:18:44] segments explored during Cauchy searches 2
[job(976): 2016-09-09 20:18:44] BFGS updates skipped 1
[job(976): 2016-09-09 20:18:44] active bounds at final generalized Cauchy point 0
[job(976): 2016-09-09 20:18:44] norm of the final projected gradient 0
[job(976): 2016-09-09 20:18:44] final function value -18.0136
[job(976): 2016-09-09 20:18:44] 
[job(976): 2016-09-09 20:18:44] F = -18.0136
[job(976): 2016-09-09 20:18:44] final  value -18.013551 
[job(976): 2016-09-09 20:18:44] converged
[job(976): 2016-09-09 20:18:44] [Tune-x] 14: C=1.24; sigma=80.6
[job(976): 2016-09-09 20:18:44] [Tune-y] 14: acc.test.mean=0.353; time: 0.0 min; memory: 116Mb use, 158Mb max
[job(976): 2016-09-09 20:18:44] 
[job(976): 2016-09-09 20:18:44] optimisation start
[job(976): 2016-09-09 20:18:44] ------------------
[job(976): 2016-09-09 20:18:44] * estimation method   : MLE 
[job(976): 2016-09-09 20:18:44] * optimisation method : BFGS 
[job(976): 2016-09-09 20:18:44] * analytical gradient : used
[job(976): 2016-09-09 20:18:44] * trend model : ~1
[job(976): 2016-09-09 20:18:44] * covariance model : 
[job(976): 2016-09-09 20:18:44]   - type :  matern5_2 
[job(976): 2016-09-09 20:18:44]   - nugget : NO
[job(976): 2016-09-09 20:18:44]   - parameters lower bounds :  1e-10 1e-10 
[job(976): 2016-09-09 20:18:44]   - parameters upper bounds :  42.35016 47.402 
[job(976): 2016-09-09 20:18:44]   - best initial criterion value(s) :  19.44873 
[job(976): 2016-09-09 20:18:44] 
[job(976): 2016-09-09 20:18:44] N = 2, M = 5 machine precision = 2.22045e-16
[job(976): 2016-09-09 20:18:44] At X0, 0 variables are exactly at the bounds
[job(976): 2016-09-09 20:18:44] At iterate     0  f=      -19.449  |proj g|=   6.0833e-06
[job(976): 2016-09-09 20:18:44] At iterate     1  f =      -19.449  |proj g|=    5.9434e-06
[job(976): 2016-09-09 20:18:44] 
[job(976): 2016-09-09 20:18:44] iterations 1
[job(976): 2016-09-09 20:18:44] function evaluations 2
[job(976): 2016-09-09 20:18:44] segments explored during Cauchy searches 1
[job(976): 2016-09-09 20:18:44] BFGS updates skipped 0
[job(976): 2016-09-09 20:18:44] active bounds at final generalized Cauchy point 0
[job(976): 2016-09-09 20:18:44] norm of the final projected gradient 5.94343e-06
[job(976): 2016-09-09 20:18:44] final function value -19.4487
[job(976): 2016-09-09 20:18:44] 
[job(976): 2016-09-09 20:18:44] F = -19.4487
[job(976): 2016-09-09 20:18:44] final  value -19.448734 
[job(976): 2016-09-09 20:18:44] converged
[job(976): 2016-09-09 20:18:44] [Tune-x] 15: C=80.4; sigma=0.00563
[job(976): 2016-09-09 20:18:44] [Tune-y] 15: acc.test.mean=0.312; time: 0.0 min; memory: 116Mb use, 158Mb max
[job(976): 2016-09-09 20:18:44] 
[job(976): 2016-09-09 20:18:44] optimisation start
[job(976): 2016-09-09 20:18:44] ------------------
[job(976): 2016-09-09 20:18:44] * estimation method   : MLE 
[job(976): 2016-09-09 20:18:44] * optimisation method : BFGS 
[job(976): 2016-09-09 20:18:44] * analytical gradient : used
[job(976): 2016-09-09 20:18:44] * trend model : ~1
[job(976): 2016-09-09 20:18:44] * covariance model : 
[job(976): 2016-09-09 20:18:44]   - type :  matern5_2 
[job(976): 2016-09-09 20:18:44]   - nugget : NO
[job(976): 2016-09-09 20:18:44]   - parameters lower bounds :  1e-10 1e-10 
[job(976): 2016-09-09 20:18:44]   - parameters upper bounds :  42.35016 47.402 
[job(976): 2016-09-09 20:18:44]   - best initial criterion value(s) :  -5.547373 
[job(976): 2016-09-09 20:18:44] 
[job(976): 2016-09-09 20:18:44] N = 2, M = 5 machine precision = 2.22045e-16
[job(976): 2016-09-09 20:18:44] At X0, 0 variables are exactly at the bounds
[job(976): 2016-09-09 20:18:44] At iterate     0  f=       5.5474  |proj g|=       1.2999
[job(976): 2016-09-09 20:18:44] At iterate     1  f =      -21.329  |proj g|=             0
[job(976): 2016-09-09 20:18:44] 
[job(976): 2016-09-09 20:18:44] iterations 1
[job(976): 2016-09-09 20:18:44] function evaluations 2
[job(976): 2016-09-09 20:18:44] segments explored during Cauchy searches 2
[job(976): 2016-09-09 20:18:44] BFGS updates skipped 0
[job(976): 2016-09-09 20:18:44] active bounds at final generalized Cauchy point 1
[job(976): 2016-09-09 20:18:44] norm of the final projected gradient 0
[job(976): 2016-09-09 20:18:44] final function value -21.3293
[job(976): 2016-09-09 20:18:44] 
[job(976): 2016-09-09 20:18:44] F = -21.3293
[job(976): 2016-09-09 20:18:44] final  value -21.329261 
[job(976): 2016-09-09 20:18:44] converged
[job(976): 2016-09-09 20:18:44] [Tune-x] 16: C=76.5; sigma=0.00111
[job(976): 2016-09-09 20:18:44] [Tune-y] 16: acc.test.mean=0.357; time: 0.0 min; memory: 116Mb use, 158Mb max
[job(976): 2016-09-09 20:18:44] 
[job(976): 2016-09-09 20:18:44] optimisation start
[job(976): 2016-09-09 20:18:44] ------------------
[job(976): 2016-09-09 20:18:44] * estimation method   : MLE 
[job(976): 2016-09-09 20:18:44] * optimisation method : BFGS 
[job(976): 2016-09-09 20:18:44] * analytical gradient : used
[job(976): 2016-09-09 20:18:44] * trend model : ~1
[job(976): 2016-09-09 20:18:44] * covariance model : 
[job(976): 2016-09-09 20:18:44]   - type :  matern5_2 
[job(976): 2016-09-09 20:18:44]   - nugget : NO
[job(976): 2016-09-09 20:18:44]   - parameters lower bounds :  1e-10 1e-10 
[job(976): 2016-09-09 20:18:44]   - parameters upper bounds :  42.35016 47.402 
[job(976): 2016-09-09 20:18:44]   - best initial criterion value(s) :  -12.01092 
[job(976): 2016-09-09 20:18:44] 
[job(976): 2016-09-09 20:18:44] N = 2, M = 5 machine precision = 2.22045e-16
[job(976): 2016-09-09 20:18:44] At X0, 0 variables are exactly at the bounds
[job(976): 2016-09-09 20:18:44] At iterate     0  f=       12.011  |proj g|=       2.7573
[job(976): 2016-09-09 20:18:44] At iterate     1  f =      -22.786  |proj g|=             0
[job(976): 2016-09-09 20:18:44] 
[job(976): 2016-09-09 20:18:44] iterations 1
[job(976): 2016-09-09 20:18:44] function evaluations 2
[job(976): 2016-09-09 20:18:44] segments explored during Cauchy searches 2
[job(976): 2016-09-09 20:18:44] BFGS updates skipped 0
[job(976): 2016-09-09 20:18:44] active bounds at final generalized Cauchy point 1
[job(976): 2016-09-09 20:18:44] norm of the final projected gradient 0
[job(976): 2016-09-09 20:18:44] final function value -22.7863
[job(976): 2016-09-09 20:18:44] 
[job(976): 2016-09-09 20:18:44] F = -22.7863
[job(976): 2016-09-09 20:18:44] final  value -22.786279 
[job(976): 2016-09-09 20:18:44] converged
[job(976): 2016-09-09 20:18:44] [Tune-x] 17: C=9.16; sigma=529
[job(976): 2016-09-09 20:18:44] [Tune-y] 17: acc.test.mean=0.249; time: 0.0 min; memory: 116Mb use, 158Mb max
[job(976): 2016-09-09 20:18:44] 
[job(976): 2016-09-09 20:18:44] optimisation start
[job(976): 2016-09-09 20:18:44] ------------------
[job(976): 2016-09-09 20:18:44] * estimation method   : MLE 
[job(976): 2016-09-09 20:18:44] * optimisation method : BFGS 
[job(976): 2016-09-09 20:18:44] * analytical gradient : used
[job(976): 2016-09-09 20:18:44] * trend model : ~1
[job(976): 2016-09-09 20:18:44] * covariance model : 
[job(976): 2016-09-09 20:18:44]   - type :  matern5_2 
[job(976): 2016-09-09 20:18:44]   - nugget : NO
[job(976): 2016-09-09 20:18:44]   - parameters lower bounds :  1e-10 1e-10 
[job(976): 2016-09-09 20:18:44]   - parameters upper bounds :  42.35016 47.402 
[job(976): 2016-09-09 20:18:44]   - best initial criterion value(s) :  -6.498323 
[job(976): 2016-09-09 20:18:44] 
[job(976): 2016-09-09 20:18:44] N = 2, M = 5 machine precision = 2.22045e-16
[job(976): 2016-09-09 20:18:44] At X0, 0 variables are exactly at the bounds
[job(976): 2016-09-09 20:18:44] At iterate     0  f=       6.4983  |proj g|=       1.9968
[job(976): 2016-09-09 20:18:44] At iterate     1  f =      -24.316  |proj g|=             0
[job(976): 2016-09-09 20:18:44] 
[job(976): 2016-09-09 20:18:44] iterations 1
[job(976): 2016-09-09 20:18:44] function evaluations 2
[job(976): 2016-09-09 20:18:44] segments explored during Cauchy searches 2
[job(976): 2016-09-09 20:18:44] BFGS updates skipped 0
[job(976): 2016-09-09 20:18:44] active bounds at final generalized Cauchy point 1
[job(976): 2016-09-09 20:18:44] norm of the final projected gradient 0
[job(976): 2016-09-09 20:18:44] final function value -24.3157
[job(976): 2016-09-09 20:18:44] 
[job(976): 2016-09-09 20:18:44] F = -24.3157
[job(976): 2016-09-09 20:18:44] final  value -24.315704 
[job(976): 2016-09-09 20:18:44] converged
[job(976): 2016-09-09 20:18:44] [Tune-x] 18: C=2; sigma=0.00041
[job(976): 2016-09-09 20:18:44] [Tune-y] 18: acc.test.mean=0.395; time: 0.0 min; memory: 116Mb use, 158Mb max
[job(976): 2016-09-09 20:18:44] 
[job(976): 2016-09-09 20:18:44] optimisation start
[job(976): 2016-09-09 20:18:44] ------------------
[job(976): 2016-09-09 20:18:44] * estimation method   : MLE 
[job(976): 2016-09-09 20:18:44] * optimisation method : BFGS 
[job(976): 2016-09-09 20:18:44] * analytical gradient : used
[job(976): 2016-09-09 20:18:44] * trend model : ~1
[job(976): 2016-09-09 20:18:44] * covariance model : 
[job(976): 2016-09-09 20:18:44]   - type :  matern5_2 
[job(976): 2016-09-09 20:18:44]   - nugget : NO
[job(976): 2016-09-09 20:18:44]   - parameters lower bounds :  1e-10 1e-10 
[job(976): 2016-09-09 20:18:44]   - parameters upper bounds :  42.35016 47.402 
[job(976): 2016-09-09 20:18:44]   - best initial criterion value(s) :  -28.55802 
[job(976): 2016-09-09 20:18:44] 
[job(976): 2016-09-09 20:18:44] N = 2, M = 5 machine precision = 2.22045e-16
[job(976): 2016-09-09 20:18:44] At X0, 0 variables are exactly at the bounds
[job(976): 2016-09-09 20:18:44] At iterate     0  f=       28.558  |proj g|=       1.6076
[job(976): 2016-09-09 20:18:44] At iterate     1  f =       25.817  |proj g|=        1.6963
[job(976): 2016-09-09 20:18:44] ys=-1.798e-01  -gs= 2.635e+00, BFGS update SKIPPED
[job(976): 2016-09-09 20:18:44] At iterate     2  f =      -24.992  |proj g|=             0
[job(976): 2016-09-09 20:18:44] 
[job(976): 2016-09-09 20:18:44] iterations 2
[job(976): 2016-09-09 20:18:44] function evaluations 4
[job(976): 2016-09-09 20:18:44] segments explored during Cauchy searches 2
[job(976): 2016-09-09 20:18:44] BFGS updates skipped 1
[job(976): 2016-09-09 20:18:44] active bounds at final generalized Cauchy point 0
[job(976): 2016-09-09 20:18:44] norm of the final projected gradient 0
[job(976): 2016-09-09 20:18:44] final function value -24.9921
[job(976): 2016-09-09 20:18:44] 
[job(976): 2016-09-09 20:18:44] F = -24.9921
[job(976): 2016-09-09 20:18:44] final  value -24.992104 
[job(976): 2016-09-09 20:18:44] converged
[job(976): 2016-09-09 20:18:44] [Tune-x] 19: C=0.383; sigma=504
[job(976): 2016-09-09 20:18:44] [Tune-y] 19: acc.test.mean=0.269; time: 0.0 min; memory: 116Mb use, 158Mb max
[job(976): 2016-09-09 20:18:44] 
[job(976): 2016-09-09 20:18:44] optimisation start
[job(976): 2016-09-09 20:18:44] ------------------
[job(976): 2016-09-09 20:18:44] * estimation method   : MLE 
[job(976): 2016-09-09 20:18:44] * optimisation method : BFGS 
[job(976): 2016-09-09 20:18:44] * analytical gradient : used
[job(976): 2016-09-09 20:18:44] * trend model : ~1
[job(976): 2016-09-09 20:18:44] * covariance model : 
[job(976): 2016-09-09 20:18:44]   - type :  matern5_2 
[job(976): 2016-09-09 20:18:44]   - nugget : NO
[job(976): 2016-09-09 20:18:44]   - parameters lower bounds :  1e-10 1e-10 
[job(976): 2016-09-09 20:18:44]   - parameters upper bounds :  42.35016 47.402 
[job(976): 2016-09-09 20:18:44]   - best initial criterion value(s) :  -0.9135066 
[job(976): 2016-09-09 20:18:44] 
[job(976): 2016-09-09 20:18:44] N = 2, M = 5 machine precision = 2.22045e-16
[job(976): 2016-09-09 20:18:44] At X0, 0 variables are exactly at the bounds
[job(976): 2016-09-09 20:18:44] At iterate     0  f=      0.91351  |proj g|=       1.4926
[job(976): 2016-09-09 20:18:44] At iterate     1  f =      -26.722  |proj g|=             0
[job(976): 2016-09-09 20:18:44] 
[job(976): 2016-09-09 20:18:44] iterations 1
[job(976): 2016-09-09 20:18:44] function evaluations 2
[job(976): 2016-09-09 20:18:44] segments explored during Cauchy searches 2
[job(976): 2016-09-09 20:18:44] BFGS updates skipped 0
[job(976): 2016-09-09 20:18:44] active bounds at final generalized Cauchy point 1
[job(976): 2016-09-09 20:18:44] norm of the final projected gradient 0
[job(976): 2016-09-09 20:18:44] final function value -26.7223
[job(976): 2016-09-09 20:18:44] 
[job(976): 2016-09-09 20:18:44] F = -26.7223
[job(976): 2016-09-09 20:18:44] final  value -26.722277 
[job(976): 2016-09-09 20:18:44] converged
[job(976): 2016-09-09 20:18:44] [Tune-x] 20: C=0.000669; sigma=0.484
[job(976): 2016-09-09 20:18:44] [Tune-y] 20: acc.test.mean=0.439; time: 0.0 min; memory: 116Mb use, 158Mb max
[job(976): 2016-09-09 20:18:44] 
[job(976): 2016-09-09 20:18:44] optimisation start
[job(976): 2016-09-09 20:18:44] ------------------
[job(976): 2016-09-09 20:18:44] * estimation method   : MLE 
[job(976): 2016-09-09 20:18:44] * optimisation method : BFGS 
[job(976): 2016-09-09 20:18:44] * analytical gradient : used
[job(976): 2016-09-09 20:18:44] * trend model : ~1
[job(976): 2016-09-09 20:18:44] * covariance model : 
[job(976): 2016-09-09 20:18:44]   - type :  matern5_2 
[job(976): 2016-09-09 20:18:44]   - nugget : NO
[job(976): 2016-09-09 20:18:44]   - parameters lower bounds :  1e-10 1e-10 
[job(976): 2016-09-09 20:18:44]   - parameters upper bounds :  44.94412 47.402 
[job(976): 2016-09-09 20:18:44]   - best initial criterion value(s) :  3.403139 
[job(976): 2016-09-09 20:18:44] 
[job(976): 2016-09-09 20:18:44] N = 2, M = 5 machine precision = 2.22045e-16
[job(976): 2016-09-09 20:18:44] At X0, 0 variables are exactly at the bounds
[job(976): 2016-09-09 20:18:44] At iterate     0  f=      -3.4031  |proj g|=       1.0029
[job(976): 2016-09-09 20:18:44] At iterate     1  f =      -26.296  |proj g|=             0
[job(976): 2016-09-09 20:18:44] 
[job(976): 2016-09-09 20:18:44] iterations 1
[job(976): 2016-09-09 20:18:44] function evaluations 2
[job(976): 2016-09-09 20:18:44] segments explored during Cauchy searches 2
[job(976): 2016-09-09 20:18:44] BFGS updates skipped 0
[job(976): 2016-09-09 20:18:44] active bounds at final generalized Cauchy point 1
[job(976): 2016-09-09 20:18:44] norm of the final projected gradient 0
[job(976): 2016-09-09 20:18:44] final function value -26.2962
[job(976): 2016-09-09 20:18:44] 
[job(976): 2016-09-09 20:18:44] F = -26.2962
[job(976): 2016-09-09 20:18:44] final  value -26.296199 
[job(976): 2016-09-09 20:18:44] converged
[job(976): 2016-09-09 20:18:44] [Tune-x] 21: C=5.45; sigma=7.52
[job(976): 2016-09-09 20:18:44] [Tune-y] 21: acc.test.mean=0.333; time: 0.0 min; memory: 116Mb use, 158Mb max
[job(976): 2016-09-09 20:18:44] 
[job(976): 2016-09-09 20:18:44] optimisation start
[job(976): 2016-09-09 20:18:44] ------------------
[job(976): 2016-09-09 20:18:44] * estimation method   : MLE 
[job(976): 2016-09-09 20:18:44] * optimisation method : BFGS 
[job(976): 2016-09-09 20:18:44] * analytical gradient : used
[job(976): 2016-09-09 20:18:44] * trend model : ~1
[job(976): 2016-09-09 20:18:44] * covariance model : 
[job(976): 2016-09-09 20:18:44]   - type :  matern5_2 
[job(976): 2016-09-09 20:18:44]   - nugget : NO
[job(976): 2016-09-09 20:18:44]   - parameters lower bounds :  1e-10 1e-10 
[job(976): 2016-09-09 20:18:44]   - parameters upper bounds :  44.94412 47.402 
[job(976): 2016-09-09 20:18:44]   - best initial criterion value(s) :  -24.07354 
[job(976): 2016-09-09 20:18:44] 
[job(976): 2016-09-09 20:18:44] N = 2, M = 5 machine precision = 2.22045e-16
[job(976): 2016-09-09 20:18:44] At X0, 0 variables are exactly at the bounds
[job(976): 2016-09-09 20:18:44] At iterate     0  f=       24.074  |proj g|=       2.1142
[job(976): 2016-09-09 20:18:44] At iterate     1  f =       19.184  |proj g|=        2.4612
[job(976): 2016-09-09 20:18:44] ys=-7.614e-01  -gs= 4.482e+00, BFGS update SKIPPED
[job(976): 2016-09-09 20:18:44] At iterate     2  f =       -28.06  |proj g|=             0
[job(976): 2016-09-09 20:18:44] 
[job(976): 2016-09-09 20:18:44] iterations 2
[job(976): 2016-09-09 20:18:44] function evaluations 4
[job(976): 2016-09-09 20:18:44] segments explored during Cauchy searches 2
[job(976): 2016-09-09 20:18:44] BFGS updates skipped 1
[job(976): 2016-09-09 20:18:44] active bounds at final generalized Cauchy point 0
[job(976): 2016-09-09 20:18:44] norm of the final projected gradient 0
[job(976): 2016-09-09 20:18:44] final function value -28.0598
[job(976): 2016-09-09 20:18:44] 
[job(976): 2016-09-09 20:18:44] F = -28.0598
[job(976): 2016-09-09 20:18:44] final  value -28.059840 
[job(976): 2016-09-09 20:18:44] converged
[job(976): 2016-09-09 20:18:44] [Tune-x] 22: C=0.00398; sigma=0.135
[job(976): 2016-09-09 20:18:44] [Tune-y] 22: acc.test.mean=0.406; time: 0.0 min; memory: 116Mb use, 166Mb max
[job(976): 2016-09-09 20:18:44] 
[job(976): 2016-09-09 20:18:44] optimisation start
[job(976): 2016-09-09 20:18:44] ------------------
[job(976): 2016-09-09 20:18:44] * estimation method   : MLE 
[job(976): 2016-09-09 20:18:44] * optimisation method : BFGS 
[job(976): 2016-09-09 20:18:44] * analytical gradient : used
[job(976): 2016-09-09 20:18:44] * trend model : ~1
[job(976): 2016-09-09 20:18:44] * covariance model : 
[job(976): 2016-09-09 20:18:44]   - type :  matern5_2 
[job(976): 2016-09-09 20:18:44]   - nugget : NO
[job(976): 2016-09-09 20:18:44]   - parameters lower bounds :  1e-10 1e-10 
[job(976): 2016-09-09 20:18:44]   - parameters upper bounds :  44.94412 47.402 
[job(976): 2016-09-09 20:18:44]   - best initial criterion value(s) :  9.342373 
[job(976): 2016-09-09 20:18:44] 
[job(976): 2016-09-09 20:18:44] N = 2, M = 5 machine precision = 2.22045e-16
[job(976): 2016-09-09 20:18:44] At X0, 0 variables are exactly at the bounds
[job(976): 2016-09-09 20:18:44] At iterate     0  f=      -9.3424  |proj g|=        1.535
[job(976): 2016-09-09 20:18:44] At iterate     1  f =       -28.84  |proj g|=             0
[job(976): 2016-09-09 20:18:44] 
[job(976): 2016-09-09 20:18:44] iterations 1
[job(976): 2016-09-09 20:18:44] function evaluations 2
[job(976): 2016-09-09 20:18:44] segments explored during Cauchy searches 2
[job(976): 2016-09-09 20:18:44] BFGS updates skipped 0
[job(976): 2016-09-09 20:18:44] active bounds at final generalized Cauchy point 1
[job(976): 2016-09-09 20:18:44] norm of the final projected gradient 0
[job(976): 2016-09-09 20:18:44] final function value -28.8401
[job(976): 2016-09-09 20:18:44] 
[job(976): 2016-09-09 20:18:44] F = -28.8401
[job(976): 2016-09-09 20:18:44] final  value -28.840130 
[job(976): 2016-09-09 20:18:44] converged
[job(976): 2016-09-09 20:18:44] [Tune-x] 23: C=0.165; sigma=276
[job(976): 2016-09-09 20:18:44] [Tune-y] 23: acc.test.mean=0.303; time: 0.0 min; memory: 116Mb use, 166Mb max
[job(976): 2016-09-09 20:18:44] 
[job(976): 2016-09-09 20:18:44] optimisation start
[job(976): 2016-09-09 20:18:44] ------------------
[job(976): 2016-09-09 20:18:44] * estimation method   : MLE 
[job(976): 2016-09-09 20:18:44] * optimisation method : BFGS 
[job(976): 2016-09-09 20:18:44] * analytical gradient : used
[job(976): 2016-09-09 20:18:44] * trend model : ~1
[job(976): 2016-09-09 20:18:44] * covariance model : 
[job(976): 2016-09-09 20:18:44]   - type :  matern5_2 
[job(976): 2016-09-09 20:18:44]   - nugget : NO
[job(976): 2016-09-09 20:18:44]   - parameters lower bounds :  1e-10 1e-10 
[job(976): 2016-09-09 20:18:44]   - parameters upper bounds :  44.94412 47.402 
[job(976): 2016-09-09 20:18:44]   - best initial criterion value(s) :  -1.686146 
[job(976): 2016-09-09 20:18:44] 
[job(976): 2016-09-09 20:18:44] N = 2, M = 5 machine precision = 2.22045e-16
[job(976): 2016-09-09 20:18:44] At X0, 0 variables are exactly at the bounds
[job(976): 2016-09-09 20:18:44] At iterate     0  f=       1.6861  |proj g|=       1.1313
[job(976): 2016-09-09 20:18:44] At iterate     1  f =      -30.645  |proj g|=             0
[job(976): 2016-09-09 20:18:44] 
[job(976): 2016-09-09 20:18:44] iterations 1
[job(976): 2016-09-09 20:18:44] function evaluations 2
[job(976): 2016-09-09 20:18:44] segments explored during Cauchy searches 2
[job(976): 2016-09-09 20:18:44] BFGS updates skipped 0
[job(976): 2016-09-09 20:18:44] active bounds at final generalized Cauchy point 1
[job(976): 2016-09-09 20:18:44] norm of the final projected gradient 0
[job(976): 2016-09-09 20:18:44] final function value -30.6446
[job(976): 2016-09-09 20:18:44] 
[job(976): 2016-09-09 20:18:44] F = -30.6446
[job(976): 2016-09-09 20:18:44] final  value -30.644623 
[job(976): 2016-09-09 20:18:44] converged
[job(976): 2016-09-09 20:18:44] [Tune-x] 24: C=0.113; sigma=0.813
[job(976): 2016-09-09 20:18:44] [Tune-y] 24: acc.test.mean=0.354; time: 0.0 min; memory: 116Mb use, 166Mb max
[job(976): 2016-09-09 20:18:44] 
[job(976): 2016-09-09 20:18:44] optimisation start
[job(976): 2016-09-09 20:18:44] ------------------
[job(976): 2016-09-09 20:18:44] * estimation method   : MLE 
[job(976): 2016-09-09 20:18:44] * optimisation method : BFGS 
[job(976): 2016-09-09 20:18:44] * analytical gradient : used
[job(976): 2016-09-09 20:18:44] * trend model : ~1
[job(976): 2016-09-09 20:18:44] * covariance model : 
[job(976): 2016-09-09 20:18:44]   - type :  matern5_2 
[job(976): 2016-09-09 20:18:44]   - nugget : NO
[job(976): 2016-09-09 20:18:44]   - parameters lower bounds :  1e-10 1e-10 
[job(976): 2016-09-09 20:18:44]   - parameters upper bounds :  44.94412 47.402 
[job(976): 2016-09-09 20:18:44]   - best initial criterion value(s) :  -3.88882 
[job(976): 2016-09-09 20:18:44] 
[job(976): 2016-09-09 20:18:44] N = 2, M = 5 machine precision = 2.22045e-16
[job(976): 2016-09-09 20:18:44] At X0, 0 variables are exactly at the bounds
[job(976): 2016-09-09 20:18:44] At iterate     0  f=       3.8888  |proj g|=       2.0901
[job(976): 2016-09-09 20:18:44] At iterate     1  f =      -32.299  |proj g|=             0
[job(976): 2016-09-09 20:18:44] 
[job(976): 2016-09-09 20:18:44] iterations 1
[job(976): 2016-09-09 20:18:44] function evaluations 2
[job(976): 2016-09-09 20:18:44] segments explored during Cauchy searches 2
[job(976): 2016-09-09 20:18:44] BFGS updates skipped 0
[job(976): 2016-09-09 20:18:44] active bounds at final generalized Cauchy point 1
[job(976): 2016-09-09 20:18:44] norm of the final projected gradient 0
[job(976): 2016-09-09 20:18:44] final function value -32.2994
[job(976): 2016-09-09 20:18:44] 
[job(976): 2016-09-09 20:18:44] F = -32.2994
[job(976): 2016-09-09 20:18:44] final  value -32.299389 
[job(976): 2016-09-09 20:18:44] converged
[job(976): 2016-09-09 20:18:44] [Tune-x] 25: C=1.42; sigma=0.0276
[job(976): 2016-09-09 20:18:44] [Tune-y] 25: acc.test.mean=0.345; time: 0.0 min; memory: 116Mb use, 166Mb max
[job(976): 2016-09-09 20:18:44] 
[job(976): 2016-09-09 20:18:44] optimisation start
[job(976): 2016-09-09 20:18:44] ------------------
[job(976): 2016-09-09 20:18:44] * estimation method   : MLE 
[job(976): 2016-09-09 20:18:44] * optimisation method : BFGS 
[job(976): 2016-09-09 20:18:44] * analytical gradient : used
[job(976): 2016-09-09 20:18:44] * trend model : ~1
[job(976): 2016-09-09 20:18:44] * covariance model : 
[job(976): 2016-09-09 20:18:44]   - type :  matern5_2 
[job(976): 2016-09-09 20:18:44]   - nugget : NO
[job(976): 2016-09-09 20:18:44]   - parameters lower bounds :  1e-10 1e-10 
[job(976): 2016-09-09 20:18:44]   - parameters upper bounds :  44.94412 47.402 
[job(976): 2016-09-09 20:18:44]   - best initial criterion value(s) :  -10.30865 
[job(976): 2016-09-09 20:18:44] 
[job(976): 2016-09-09 20:18:44] N = 2, M = 5 machine precision = 2.22045e-16
[job(976): 2016-09-09 20:18:44] At X0, 0 variables are exactly at the bounds
[job(976): 2016-09-09 20:18:44] At iterate     0  f=       10.309  |proj g|=       2.3783
[job(976): 2016-09-09 20:18:44] At iterate     1  f =      -34.052  |proj g|=             0
[job(976): 2016-09-09 20:18:44] 
[job(976): 2016-09-09 20:18:44] iterations 1
[job(976): 2016-09-09 20:18:44] function evaluations 2
[job(976): 2016-09-09 20:18:44] segments explored during Cauchy searches 2
[job(976): 2016-09-09 20:18:44] BFGS updates skipped 0
[job(976): 2016-09-09 20:18:44] active bounds at final generalized Cauchy point 1
[job(976): 2016-09-09 20:18:44] norm of the final projected gradient 0
[job(976): 2016-09-09 20:18:44] final function value -34.0517
[job(976): 2016-09-09 20:18:44] 
[job(976): 2016-09-09 20:18:44] F = -34.0517
[job(976): 2016-09-09 20:18:44] final  value -34.051749 
[job(976): 2016-09-09 20:18:44] converged
[job(976): 2016-09-09 20:18:44] [Tune-x] 26: C=0.0592; sigma=0.00192
[job(976): 2016-09-09 20:18:44] [Tune-y] 26: acc.test.mean=0.313; time: 0.0 min; memory: 116Mb use, 166Mb max
[job(976): 2016-09-09 20:18:44] 
[job(976): 2016-09-09 20:18:44] optimisation start
[job(976): 2016-09-09 20:18:44] ------------------
[job(976): 2016-09-09 20:18:44] * estimation method   : MLE 
[job(976): 2016-09-09 20:18:44] * optimisation method : BFGS 
[job(976): 2016-09-09 20:18:44] * analytical gradient : used
[job(976): 2016-09-09 20:18:44] * trend model : ~1
[job(976): 2016-09-09 20:18:44] * covariance model : 
[job(976): 2016-09-09 20:18:44]   - type :  matern5_2 
[job(976): 2016-09-09 20:18:44]   - nugget : NO
[job(976): 2016-09-09 20:18:44]   - parameters lower bounds :  1e-10 1e-10 
[job(976): 2016-09-09 20:18:44]   - parameters upper bounds :  44.94412 47.402 
[job(976): 2016-09-09 20:18:44]   - best initial criterion value(s) :  -3.05333 
[job(976): 2016-09-09 20:18:44] 
[job(976): 2016-09-09 20:18:44] N = 2, M = 5 machine precision = 2.22045e-16
[job(976): 2016-09-09 20:18:44] At X0, 0 variables are exactly at the bounds
[job(976): 2016-09-09 20:18:44] At iterate     0  f=       3.0533  |proj g|=       1.1902
[job(976): 2016-09-09 20:18:44] At iterate     1  f =      -35.922  |proj g|=             0
[job(976): 2016-09-09 20:18:44] 
[job(976): 2016-09-09 20:18:44] iterations 1
[job(976): 2016-09-09 20:18:44] function evaluations 2
[job(976): 2016-09-09 20:18:44] segments explored during Cauchy searches 2
[job(976): 2016-09-09 20:18:44] BFGS updates skipped 0
[job(976): 2016-09-09 20:18:44] active bounds at final generalized Cauchy point 1
[job(976): 2016-09-09 20:18:44] norm of the final projected gradient 0
[job(976): 2016-09-09 20:18:44] final function value -35.9216
[job(976): 2016-09-09 20:18:44] 
[job(976): 2016-09-09 20:18:44] F = -35.9216
[job(976): 2016-09-09 20:18:44] final  value -35.921628 
[job(976): 2016-09-09 20:18:44] converged
[job(976): 2016-09-09 20:18:44] [Tune-x] 27: C=0.343; sigma=11.3
[job(976): 2016-09-09 20:18:44] [Tune-y] 27: acc.test.mean=0.334; time: 0.0 min; memory: 116Mb use, 166Mb max
[job(976): 2016-09-09 20:18:44] 
[job(976): 2016-09-09 20:18:44] optimisation start
[job(976): 2016-09-09 20:18:44] ------------------
[job(976): 2016-09-09 20:18:44] * estimation method   : MLE 
[job(976): 2016-09-09 20:18:44] * optimisation method : BFGS 
[job(976): 2016-09-09 20:18:44] * analytical gradient : used
[job(976): 2016-09-09 20:18:44] * trend model : ~1
[job(976): 2016-09-09 20:18:44] * covariance model : 
[job(976): 2016-09-09 20:18:44]   - type :  matern5_2 
[job(976): 2016-09-09 20:18:44]   - nugget : NO
[job(976): 2016-09-09 20:18:44]   - parameters lower bounds :  1e-10 1e-10 
[job(976): 2016-09-09 20:18:44]   - parameters upper bounds :  44.94412 47.402 
[job(976): 2016-09-09 20:18:44]   - best initial criterion value(s) :  -16.89176 
[job(976): 2016-09-09 20:18:44] 
[job(976): 2016-09-09 20:18:44] N = 2, M = 5 machine precision = 2.22045e-16
[job(976): 2016-09-09 20:18:44] At X0, 0 variables are exactly at the bounds
[job(976): 2016-09-09 20:18:44] At iterate     0  f=       16.892  |proj g|=       3.2981
[job(976): 2016-09-09 20:18:44] At iterate     1  f =      -37.775  |proj g|=             0
[job(976): 2016-09-09 20:18:44] 
[job(976): 2016-09-09 20:18:44] iterations 1
[job(976): 2016-09-09 20:18:44] function evaluations 2
[job(976): 2016-09-09 20:18:44] segments explored during Cauchy searches 2
[job(976): 2016-09-09 20:18:44] BFGS updates skipped 0
[job(976): 2016-09-09 20:18:44] active bounds at final generalized Cauchy point 1
[job(976): 2016-09-09 20:18:44] norm of the final projected gradient 0
[job(976): 2016-09-09 20:18:44] final function value -37.775
[job(976): 2016-09-09 20:18:44] 
[job(976): 2016-09-09 20:18:44] F = -37.775
[job(976): 2016-09-09 20:18:44] final  value -37.775024 
[job(976): 2016-09-09 20:18:44] converged
[job(976): 2016-09-09 20:18:44] [Tune-x] 28: C=2.4e+03; sigma=0.198
[job(976): 2016-09-09 20:18:44] [Tune-y] 28: acc.test.mean=0.385; time: 0.0 min; memory: 116Mb use, 166Mb max
[job(976): 2016-09-09 20:18:44] 
[job(976): 2016-09-09 20:18:44] optimisation start
[job(976): 2016-09-09 20:18:44] ------------------
[job(976): 2016-09-09 20:18:44] * estimation method   : MLE 
[job(976): 2016-09-09 20:18:44] * optimisation method : BFGS 
[job(976): 2016-09-09 20:18:44] * analytical gradient : used
[job(976): 2016-09-09 20:18:44] * trend model : ~1
[job(976): 2016-09-09 20:18:44] * covariance model : 
[job(976): 2016-09-09 20:18:44]   - type :  matern5_2 
[job(976): 2016-09-09 20:18:44]   - nugget : NO
[job(976): 2016-09-09 20:18:44]   - parameters lower bounds :  1e-10 1e-10 
[job(976): 2016-09-09 20:18:44]   - parameters upper bounds :  44.94412 47.402 
[job(976): 2016-09-09 20:18:44]   - best initial criterion value(s) :  -22.77644 
[job(976): 2016-09-09 20:18:44] 
[job(976): 2016-09-09 20:18:44] N = 2, M = 5 machine precision = 2.22045e-16
[job(976): 2016-09-09 20:18:44] At X0, 0 variables are exactly at the bounds
[job(976): 2016-09-09 20:18:44] At iterate     0  f=       22.776  |proj g|=      0.74435
[job(976): 2016-09-09 20:18:44] At iterate     1  f =        21.73  |proj g|=       0.63464
[job(976): 2016-09-09 20:18:44] At iterate     2  f =       21.187  |proj g|=        2.4986
[job(976): 2016-09-09 20:18:44] At iterate     3  f =      -39.065  |proj g|=             0
[job(976): 2016-09-09 20:18:44] 
[job(976): 2016-09-09 20:18:44] iterations 3
[job(976): 2016-09-09 20:18:44] function evaluations 6
[job(976): 2016-09-09 20:18:44] segments explored during Cauchy searches 3
[job(976): 2016-09-09 20:18:44] BFGS updates skipped 0
[job(976): 2016-09-09 20:18:44] active bounds at final generalized Cauchy point 0
[job(976): 2016-09-09 20:18:44] norm of the final projected gradient 0
[job(976): 2016-09-09 20:18:44] final function value -39.0653
[job(976): 2016-09-09 20:18:44] 
[job(976): 2016-09-09 20:18:44] F = -39.0653
[job(976): 2016-09-09 20:18:44] final  value -39.065319 
[job(976): 2016-09-09 20:18:44] converged
[job(976): 2016-09-09 20:18:44] [Tune] Result: C=0.000669; sigma=0.484 : acc.test.mean=-0.439
[job(976): 2016-09-09 20:18:44] Job terminated successfully
[job(chunk): 2016-09-09 20:18:45] Calculation finished!
