[job(chunk): 2016-09-10 01:28:03] Starting calculation of 1 jobs
[job(chunk): 2016-09-10 01:28:03] Setting working directory to '/naslx/projects/pr74ze/ri89coc2/svm_comparison'
[job(chunk): 2016-09-10 01:28:03] Memory measurement disabled
[job(1741): 2016-09-10 01:28:05] Starting job with job.id=1741
[job(1741): 2016-09-10 01:30:00] Generating problem instance for problem '40478' ...
[job(1741): 2016-09-10 01:30:00] Downloading from 'http://www.openml.org/api/v1/data/40478' to '/tmp/ri89coc2/Rtmp2xEJNT/cache/datasets/40478/description.xml'.
[job(1741): 2016-09-10 01:30:00] Downloading from 'http://www.openml.org/data/download/4533696/php2PPvrr' to '/tmp/ri89coc2/Rtmp2xEJNT/cache/datasets/40478/dataset.arff'
[job(1741): 2016-09-10 01:30:00] Loading required package: readr
[job(1741): 2016-09-10 01:30:00] Applying algorithm 'C-svc.tuned' on problem '40478' ...
[job(1741): 2016-09-10 01:30:00] Data '40478' file 'description.xml' found in cache.
[job(1741): 2016-09-10 01:30:00] Data '40478' file 'dataset.arff' found in cache.
[job(1741): 2016-09-10 01:30:00] [Tune] Started tuning learner C-svc for parameter set:
[job(1741): 2016-09-10 01:30:00]          Type len Def    Constr Req Tunable Trafo
[job(1741): 2016-09-10 01:30:00] C     numeric   -   - -12 to 12   -    TRUE     Y
[job(1741): 2016-09-10 01:30:00] sigma numeric   -   - -12 to 12   -    TRUE     Y
[job(1741): 2016-09-10 01:30:00] With control class: TuneControlMBO
[job(1741): 2016-09-10 01:30:00] Imputation value: -0
[job(1741): 2016-09-10 01:30:00] [Tune-x] 1: C=0.0154; sigma=0.394
[job(1741): 2016-09-10 01:30:00] [Tune-y] 1: acc.test.mean=0.588; time: 0.1 min; memory: 114Mb use, 152Mb max
[job(1741): 2016-09-10 01:30:00] [Tune-x] 2: C=1.46; sigma=48
[job(1741): 2016-09-10 01:30:00] [Tune-y] 2: acc.test.mean=0.588; time: 0.1 min; memory: 114Mb use, 159Mb max
[job(1741): 2016-09-10 01:30:00] [Tune-x] 3: C=11; sigma=0.000635
[job(1741): 2016-09-10 01:30:00] [Tune-y] 3: acc.test.mean=0.671; time: 0.0 min; memory: 114Mb use, 159Mb max
[job(1741): 2016-09-10 01:30:00] [Tune-x] 4: C=0.00165; sigma=0.00205
[job(1741): 2016-09-10 01:30:00] [Tune-y] 4: acc.test.mean=0.588; time: 0.0 min; memory: 114Mb use, 159Mb max
[job(1741): 2016-09-10 01:30:00] [Tune-x] 5: C=1.97e+03; sigma=7
[job(1741): 2016-09-10 01:30:00] [Tune-y] 5: acc.test.mean=0.599; time: 0.1 min; memory: 114Mb use, 169Mb max
[job(1741): 2016-09-10 01:30:00] [Tune-x] 6: C=0.104; sigma=461
[job(1741): 2016-09-10 01:30:00] [Tune-y] 6: acc.test.mean=0.588; time: 0.1 min; memory: 114Mb use, 169Mb max
[job(1741): 2016-09-10 01:30:00] [Tune-x] 7: C=280; sigma=699
[job(1741): 2016-09-10 01:30:00] [Tune-y] 7: acc.test.mean=0.588; time: 0.1 min; memory: 114Mb use, 169Mb max
[job(1741): 2016-09-10 01:30:00] [Tune-x] 8: C=0.637; sigma=0.0284
[job(1741): 2016-09-10 01:30:00] [Tune-y] 8: acc.test.mean=0.698; time: 0.0 min; memory: 114Mb use, 169Mb max
[job(1741): 2016-09-10 01:30:00] 
[job(1741): 2016-09-10 01:30:00] optimisation start
[job(1741): 2016-09-10 01:30:00] ------------------
[job(1741): 2016-09-10 01:30:00] * estimation method   : MLE 
[job(1741): 2016-09-10 01:30:00] * optimisation method : BFGS 
[job(1741): 2016-09-10 01:30:00] * analytical gradient : used
[job(1741): 2016-09-10 01:30:00] * trend model : ~1
[job(1741): 2016-09-10 01:30:00] * covariance model : 
[job(1741): 2016-09-10 01:30:00]   - type :  matern5_2 
[job(1741): 2016-09-10 01:30:00]   - nugget : NO
[job(1741): 2016-09-10 01:30:00]   - parameters lower bounds :  1e-10 1e-10 
[job(1741): 2016-09-10 01:30:00]   - parameters upper bounds :  40.37128 40.13963 
[job(1741): 2016-09-10 01:30:00]   - best initial criterion value(s) :  14.32585 
[job(1741): 2016-09-10 01:30:00] 
[job(1741): 2016-09-10 01:30:00] N = 2, M = 5 machine precision = 2.22045e-16
[job(1741): 2016-09-10 01:30:00] At X0, 0 variables are exactly at the bounds
[job(1741): 2016-09-10 01:30:00] At iterate     0  f=      -14.326  |proj g|=      0.21999
[job(1741): 2016-09-10 01:30:00] At iterate     1  f =      -14.341  |proj g|=      0.080864
[job(1741): 2016-09-10 01:30:00] At iterate     2  f =      -14.344  |proj g|=     0.0054225
[job(1741): 2016-09-10 01:30:00] At iterate     3  f =      -14.344  |proj g|=     0.0053915
[job(1741): 2016-09-10 01:30:00] At iterate     4  f =      -14.345  |proj g|=      0.028277
[job(1741): 2016-09-10 01:30:00] At iterate     5  f =      -14.347  |proj g|=      0.060578
[job(1741): 2016-09-10 01:30:00] At iterate     6  f =      -14.351  |proj g|=        0.1089
[job(1741): 2016-09-10 01:30:00] At iterate     7  f =      -14.361  |proj g|=       0.16114
[job(1741): 2016-09-10 01:30:00] At iterate     8  f =      -14.382  |proj g|=       0.17395
[job(1741): 2016-09-10 01:30:00] At iterate     9  f =      -14.389  |proj g|=       0.10176
[job(1741): 2016-09-10 01:30:00] At iterate    10  f =      -14.392  |proj g|=    0.00037841
[job(1741): 2016-09-10 01:30:00] At iterate    11  f =      -14.392  |proj g|=    1.1663e-06
[job(1741): 2016-09-10 01:30:00] At iterate    12  f =      -14.392  |proj g|=    1.2768e-11
[job(1741): 2016-09-10 01:30:00] 
[job(1741): 2016-09-10 01:30:00] iterations 12
[job(1741): 2016-09-10 01:30:00] function evaluations 14
[job(1741): 2016-09-10 01:30:00] segments explored during Cauchy searches 12
[job(1741): 2016-09-10 01:30:00] BFGS updates skipped 0
[job(1741): 2016-09-10 01:30:00] active bounds at final generalized Cauchy point 1
[job(1741): 2016-09-10 01:30:00] norm of the final projected gradient 1.27678e-11
[job(1741): 2016-09-10 01:30:00] final function value -14.392
[job(1741): 2016-09-10 01:30:00] 
[job(1741): 2016-09-10 01:30:00] F = -14.392
[job(1741): 2016-09-10 01:30:00] final  value -14.392038 
[job(1741): 2016-09-10 01:30:00] converged
[job(1741): 2016-09-10 01:30:00] [Tune-x] 9: C=0.657; sigma=0.0284
[job(1741): 2016-09-10 01:30:00] [Tune-y] 9: acc.test.mean=0.697; time: 0.0 min; memory: 118Mb use, 191Mb max
[job(1741): 2016-09-10 01:30:00] 
[job(1741): 2016-09-10 01:30:00] optimisation start
[job(1741): 2016-09-10 01:30:00] ------------------
[job(1741): 2016-09-10 01:30:00] * estimation method   : MLE 
[job(1741): 2016-09-10 01:30:00] * optimisation method : BFGS 
[job(1741): 2016-09-10 01:30:00] * analytical gradient : used
[job(1741): 2016-09-10 01:30:00] * trend model : ~1
[job(1741): 2016-09-10 01:30:00] * covariance model : 
[job(1741): 2016-09-10 01:30:00]   - type :  matern5_2 
[job(1741): 2016-09-10 01:30:00]   - nugget : NO
[job(1741): 2016-09-10 01:30:00]   - parameters lower bounds :  1e-10 1e-10 
[job(1741): 2016-09-10 01:30:00]   - parameters upper bounds :  40.37128 40.13963 
[job(1741): 2016-09-10 01:30:00]   - best initial criterion value(s) :  18.14845 
[job(1741): 2016-09-10 01:30:00] 
[job(1741): 2016-09-10 01:30:00] N = 2, M = 5 machine precision = 2.22045e-16
[job(1741): 2016-09-10 01:30:00] At X0, 0 variables are exactly at the bounds
[job(1741): 2016-09-10 01:30:00] At iterate     0  f=      -18.148  |proj g|=       0.1333
[job(1741): 2016-09-10 01:30:00] At iterate     1  f =      -18.168  |proj g|=       0.13151
[job(1741): 2016-09-10 01:30:00] At iterate     2  f =      -18.547  |proj g|=       0.53364
[job(1741): 2016-09-10 01:30:00] At iterate     3  f =      -19.011  |proj g|=       0.48308
[job(1741): 2016-09-10 01:30:00] At iterate     4  f =      -19.437  |proj g|=       0.13711
[job(1741): 2016-09-10 01:30:00] At iterate     5  f =      -19.447  |proj g|=      0.048904
[job(1741): 2016-09-10 01:30:00] At iterate     6  f =       -19.45  |proj g|=      0.012261
[job(1741): 2016-09-10 01:30:00] At iterate     7  f =      -19.451  |proj g|=     0.0091408
[job(1741): 2016-09-10 01:30:00] At iterate     8  f =      -19.451  |proj g|=     0.0014028
[job(1741): 2016-09-10 01:30:00] At iterate     9  f =      -19.451  |proj g|=    2.8886e-05
[job(1741): 2016-09-10 01:30:00] At iterate    10  f =      -19.451  |proj g|=    2.4641e-07
[job(1741): 2016-09-10 01:30:00] 
[job(1741): 2016-09-10 01:30:00] iterations 10
[job(1741): 2016-09-10 01:30:00] function evaluations 15
[job(1741): 2016-09-10 01:30:00] segments explored during Cauchy searches 10
[job(1741): 2016-09-10 01:30:00] BFGS updates skipped 0
[job(1741): 2016-09-10 01:30:00] active bounds at final generalized Cauchy point 0
[job(1741): 2016-09-10 01:30:00] norm of the final projected gradient 2.46413e-07
[job(1741): 2016-09-10 01:30:00] final function value -19.4513
[job(1741): 2016-09-10 01:30:00] 
[job(1741): 2016-09-10 01:30:00] F = -19.4513
[job(1741): 2016-09-10 01:30:00] final  value -19.451309 
[job(1741): 2016-09-10 01:30:00] converged
[job(1741): 2016-09-10 01:30:00] [Tune-x] 10: C=0.432; sigma=0.0257
[job(1741): 2016-09-10 01:30:00] [Tune-y] 10: acc.test.mean=0.695; time: 0.0 min; memory: 118Mb use, 191Mb max
[job(1741): 2016-09-10 01:30:00] 
[job(1741): 2016-09-10 01:30:00] optimisation start
[job(1741): 2016-09-10 01:30:00] ------------------
[job(1741): 2016-09-10 01:30:00] * estimation method   : MLE 
[job(1741): 2016-09-10 01:30:00] * optimisation method : BFGS 
[job(1741): 2016-09-10 01:30:00] * analytical gradient : used
[job(1741): 2016-09-10 01:30:00] * trend model : ~1
[job(1741): 2016-09-10 01:30:00] * covariance model : 
[job(1741): 2016-09-10 01:30:00]   - type :  matern5_2 
[job(1741): 2016-09-10 01:30:00]   - nugget : NO
[job(1741): 2016-09-10 01:30:00]   - parameters lower bounds :  1e-10 1e-10 
[job(1741): 2016-09-10 01:30:00]   - parameters upper bounds :  40.37128 40.13963 
[job(1741): 2016-09-10 01:30:00]   - best initial criterion value(s) :  21.42858 
[job(1741): 2016-09-10 01:30:00] 
[job(1741): 2016-09-10 01:30:00] N = 2, M = 5 machine precision = 2.22045e-16
[job(1741): 2016-09-10 01:30:00] At X0, 0 variables are exactly at the bounds
[job(1741): 2016-09-10 01:30:00] At iterate     0  f=      -21.429  |proj g|=      0.66785
[job(1741): 2016-09-10 01:30:00] At iterate     1  f =      -21.435  |proj g|=       0.55237
[job(1741): 2016-09-10 01:30:00] At iterate     2  f =      -21.524  |proj g|=      0.063565
[job(1741): 2016-09-10 01:30:00] At iterate     3  f =      -21.528  |proj g|=      0.060376
[job(1741): 2016-09-10 01:30:00] At iterate     4  f =      -21.533  |proj g|=      0.061371
[job(1741): 2016-09-10 01:30:00] At iterate     5  f =      -21.549  |proj g|=       0.17695
[job(1741): 2016-09-10 01:30:00] At iterate     6  f =      -21.597  |proj g|=       0.42016
[job(1741): 2016-09-10 01:30:00] At iterate     7  f =      -21.818  |proj g|=        1.2508
[job(1741): 2016-09-10 01:30:00] At iterate     8  f =       -22.28  |proj g|=        2.5714
[job(1741): 2016-09-10 01:30:00] At iterate     9  f =      -22.574  |proj g|=        1.8356
[job(1741): 2016-09-10 01:30:00] At iterate    10  f =      -22.906  |proj g|=       0.69142
[job(1741): 2016-09-10 01:30:00] At iterate    11  f =      -22.968  |proj g|=       0.10837
[job(1741): 2016-09-10 01:30:00] At iterate    12  f =       -22.98  |proj g|=      0.063181
[job(1741): 2016-09-10 01:30:00] At iterate    13  f =      -22.981  |proj g|=      0.029269
[job(1741): 2016-09-10 01:30:00] At iterate    14  f =      -22.981  |proj g|=     0.0020272
[job(1741): 2016-09-10 01:30:00] At iterate    15  f =      -22.981  |proj g|=    9.1655e-07
[job(1741): 2016-09-10 01:30:00] At iterate    16  f =      -22.981  |proj g|=     3.718e-08
[job(1741): 2016-09-10 01:30:00] 
[job(1741): 2016-09-10 01:30:00] iterations 16
[job(1741): 2016-09-10 01:30:00] function evaluations 21
[job(1741): 2016-09-10 01:30:00] segments explored during Cauchy searches 16
[job(1741): 2016-09-10 01:30:00] BFGS updates skipped 0
[job(1741): 2016-09-10 01:30:00] active bounds at final generalized Cauchy point 0
[job(1741): 2016-09-10 01:30:00] norm of the final projected gradient 3.71799e-08
[job(1741): 2016-09-10 01:30:00] final function value -22.9814
[job(1741): 2016-09-10 01:30:00] 
[job(1741): 2016-09-10 01:30:00] F = -22.9814
[job(1741): 2016-09-10 01:30:00] final  value -22.981445 
[job(1741): 2016-09-10 01:30:00] converged
[job(1741): 2016-09-10 01:30:00] [Tune-x] 11: C=0.543; sigma=0.0303
[job(1741): 2016-09-10 01:30:00] [Tune-y] 11: acc.test.mean=0.698; time: 0.0 min; memory: 118Mb use, 191Mb max
[job(1741): 2016-09-10 01:30:00] 
[job(1741): 2016-09-10 01:30:00] optimisation start
[job(1741): 2016-09-10 01:30:00] ------------------
[job(1741): 2016-09-10 01:30:00] * estimation method   : MLE 
[job(1741): 2016-09-10 01:30:00] * optimisation method : BFGS 
[job(1741): 2016-09-10 01:30:00] * analytical gradient : used
[job(1741): 2016-09-10 01:30:00] * trend model : ~1
[job(1741): 2016-09-10 01:30:00] * covariance model : 
[job(1741): 2016-09-10 01:30:00]   - type :  matern5_2 
[job(1741): 2016-09-10 01:30:00]   - nugget : NO
[job(1741): 2016-09-10 01:30:00]   - parameters lower bounds :  1e-10 1e-10 
[job(1741): 2016-09-10 01:30:00]   - parameters upper bounds :  40.37128 40.13963 
[job(1741): 2016-09-10 01:30:00]   - best initial criterion value(s) :  23.47631 
[job(1741): 2016-09-10 01:30:00] 
[job(1741): 2016-09-10 01:30:00] N = 2, M = 5 machine precision = 2.22045e-16
[job(1741): 2016-09-10 01:30:00] At X0, 0 variables are exactly at the bounds
[job(1741): 2016-09-10 01:30:00] At iterate     0  f=      -23.476  |proj g|=       9.4185
[job(1741): 2016-09-10 01:30:00] At iterate     1  f =      -27.181  |proj g|=       0.21089
[job(1741): 2016-09-10 01:30:00] At iterate     2  f =      -27.185  |proj g|=      0.076047
[job(1741): 2016-09-10 01:30:00] At iterate     3  f =      -27.187  |proj g|=       0.07506
[job(1741): 2016-09-10 01:30:00] At iterate     4  f =      -27.188  |proj g|=      0.089907
[job(1741): 2016-09-10 01:30:00] At iterate     5  f =      -27.196  |proj g|=       0.26128
[job(1741): 2016-09-10 01:30:00] At iterate     6  f =      -27.213  |proj g|=       0.49876
[job(1741): 2016-09-10 01:30:00] At iterate     7  f =      -27.261  |proj g|=       0.92183
[job(1741): 2016-09-10 01:30:00] At iterate     8  f =      -27.354  |proj g|=        1.5478
[job(1741): 2016-09-10 01:30:00] At iterate     9  f =      -27.424  |proj g|=        1.3953
[job(1741): 2016-09-10 01:30:00] At iterate    10  f =      -27.572  |proj g|=      0.046865
[job(1741): 2016-09-10 01:30:00] At iterate    11  f =      -27.573  |proj g|=      0.024326
[job(1741): 2016-09-10 01:30:00] At iterate    12  f =      -27.573  |proj g|=    0.00075264
[job(1741): 2016-09-10 01:30:00] At iterate    13  f =      -27.573  |proj g|=    1.4841e-05
[job(1741): 2016-09-10 01:30:00] At iterate    14  f =      -27.573  |proj g|=    1.0358e-06
[job(1741): 2016-09-10 01:30:00] 
[job(1741): 2016-09-10 01:30:00] iterations 14
[job(1741): 2016-09-10 01:30:00] function evaluations 17
[job(1741): 2016-09-10 01:30:00] segments explored during Cauchy searches 14
[job(1741): 2016-09-10 01:30:00] BFGS updates skipped 0
[job(1741): 2016-09-10 01:30:00] active bounds at final generalized Cauchy point 0
[job(1741): 2016-09-10 01:30:00] norm of the final projected gradient 1.03583e-06
[job(1741): 2016-09-10 01:30:00] final function value -27.5729
[job(1741): 2016-09-10 01:30:00] 
[job(1741): 2016-09-10 01:30:00] F = -27.5729
[job(1741): 2016-09-10 01:30:00] final  value -27.572894 
[job(1741): 2016-09-10 01:30:00] converged
[job(1741): 2016-09-10 01:30:00] [Tune-x] 12: C=0.563; sigma=0.0158
[job(1741): 2016-09-10 01:30:00] [Tune-y] 12: acc.test.mean=0.692; time: 0.0 min; memory: 118Mb use, 191Mb max
[job(1741): 2016-09-10 01:30:00] 
[job(1741): 2016-09-10 01:30:00] optimisation start
[job(1741): 2016-09-10 01:30:00] ------------------
[job(1741): 2016-09-10 01:30:00] * estimation method   : MLE 
[job(1741): 2016-09-10 01:30:00] * optimisation method : BFGS 
[job(1741): 2016-09-10 01:30:00] * analytical gradient : used
[job(1741): 2016-09-10 01:30:00] * trend model : ~1
[job(1741): 2016-09-10 01:30:00] * covariance model : 
[job(1741): 2016-09-10 01:30:00]   - type :  matern5_2 
[job(1741): 2016-09-10 01:30:00]   - nugget : NO
[job(1741): 2016-09-10 01:30:00]   - parameters lower bounds :  1e-10 1e-10 
[job(1741): 2016-09-10 01:30:00]   - parameters upper bounds :  40.37128 40.13963 
[job(1741): 2016-09-10 01:30:00]   - best initial criterion value(s) :  28.12564 
[job(1741): 2016-09-10 01:30:00] 
[job(1741): 2016-09-10 01:30:00] N = 2, M = 5 machine precision = 2.22045e-16
[job(1741): 2016-09-10 01:30:00] At X0, 0 variables are exactly at the bounds
[job(1741): 2016-09-10 01:30:00] At iterate     0  f=      -28.126  |proj g|=       1.4871
[job(1741): 2016-09-10 01:30:00] At iterate     1  f =      -28.628  |proj g|=        1.3588
[job(1741): 2016-09-10 01:30:00] At iterate     2  f =      -29.124  |proj g|=       0.70488
[job(1741): 2016-09-10 01:30:00] At iterate     3  f =      -29.146  |proj g|=       0.20389
[job(1741): 2016-09-10 01:30:00] At iterate     4  f =      -29.166  |proj g|=       0.20423
[job(1741): 2016-09-10 01:30:00] At iterate     5  f =      -29.424  |proj g|=         1.197
[job(1741): 2016-09-10 01:30:00] At iterate     6  f =      -29.732  |proj g|=        1.2766
[job(1741): 2016-09-10 01:30:00] At iterate     7  f =      -30.676  |proj g|=        1.5216
[job(1741): 2016-09-10 01:30:00] At iterate     8  f =       -30.68  |proj g|=        1.5664
[job(1741): 2016-09-10 01:30:00] At iterate     9  f =      -30.769  |proj g|=         1.096
[job(1741): 2016-09-10 01:30:00] At iterate    10  f =      -30.849  |proj g|=      0.022179
[job(1741): 2016-09-10 01:30:00] At iterate    11  f =      -30.849  |proj g|=      0.017108
[job(1741): 2016-09-10 01:30:00] At iterate    12  f =      -30.849  |proj g|=    0.00016917
[job(1741): 2016-09-10 01:30:00] At iterate    13  f =      -30.849  |proj g|=    1.4124e-06
[job(1741): 2016-09-10 01:30:00] 
[job(1741): 2016-09-10 01:30:00] iterations 13
[job(1741): 2016-09-10 01:30:00] function evaluations 25
[job(1741): 2016-09-10 01:30:00] segments explored during Cauchy searches 14
[job(1741): 2016-09-10 01:30:00] BFGS updates skipped 0
[job(1741): 2016-09-10 01:30:00] active bounds at final generalized Cauchy point 0
[job(1741): 2016-09-10 01:30:00] norm of the final projected gradient 1.41236e-06
[job(1741): 2016-09-10 01:30:00] final function value -30.8491
[job(1741): 2016-09-10 01:30:00] 
[job(1741): 2016-09-10 01:30:00] F = -30.8491
[job(1741): 2016-09-10 01:30:00] final  value -30.849120 
[job(1741): 2016-09-10 01:30:00] converged
[job(1741): 2016-09-10 01:30:00] [Tune-x] 13: C=0.561; sigma=0.0243
[job(1741): 2016-09-10 01:30:00] [Tune-y] 13: acc.test.mean=0.698; time: 0.0 min; memory: 118Mb use, 191Mb max
[job(1741): 2016-09-10 01:30:00] 
[job(1741): 2016-09-10 01:30:00] optimisation start
[job(1741): 2016-09-10 01:30:00] ------------------
[job(1741): 2016-09-10 01:30:00] * estimation method   : MLE 
[job(1741): 2016-09-10 01:30:00] * optimisation method : BFGS 
[job(1741): 2016-09-10 01:30:00] * analytical gradient : used
[job(1741): 2016-09-10 01:30:00] * trend model : ~1
[job(1741): 2016-09-10 01:30:00] * covariance model : 
[job(1741): 2016-09-10 01:30:00]   - type :  matern5_2 
[job(1741): 2016-09-10 01:30:00]   - nugget : NO
[job(1741): 2016-09-10 01:30:00]   - parameters lower bounds :  1e-10 1e-10 
[job(1741): 2016-09-10 01:30:00]   - parameters upper bounds :  40.37128 40.13963 
[job(1741): 2016-09-10 01:30:00]   - best initial criterion value(s) :  22.83877 
[job(1741): 2016-09-10 01:30:00] 
[job(1741): 2016-09-10 01:30:00] N = 2, M = 5 machine precision = 2.22045e-16
[job(1741): 2016-09-10 01:30:00] At X0, 0 variables are exactly at the bounds
[job(1741): 2016-09-10 01:30:00] At iterate     0  f=      -22.839  |proj g|=       1.9736
[job(1741): 2016-09-10 01:30:00] At iterate     1  f =      -29.441  |proj g|=       0.85392
[job(1741): 2016-09-10 01:30:00] ys=-1.459e+01  -gs= 4.613e+00, BFGS update SKIPPED
[job(1741): 2016-09-10 01:30:00] At iterate     2  f =       -30.23  |proj g|=       0.76686
[job(1741): 2016-09-10 01:30:00] At iterate     3  f =      -31.094  |proj g|=        0.5405
[job(1741): 2016-09-10 01:30:00] At iterate     4  f =      -31.099  |proj g|=       0.31388
[job(1741): 2016-09-10 01:30:00] At iterate     5  f =      -31.108  |proj g|=       0.26954
[job(1741): 2016-09-10 01:30:00] At iterate     6  f =      -31.149  |proj g|=       0.59833
[job(1741): 2016-09-10 01:30:00] At iterate     7  f =      -31.281  |proj g|=       0.63214
[job(1741): 2016-09-10 01:30:00] At iterate     8  f =      -35.699  |proj g|=        4.5075
[job(1741): 2016-09-10 01:30:00] At iterate     9  f =      -35.703  |proj g|=        4.4209
[job(1741): 2016-09-10 01:30:00] At iterate    10  f =      -35.928  |proj g|=        3.6475
[job(1741): 2016-09-10 01:30:00] At iterate    11  f =      -36.399  |proj g|=       0.12461
[job(1741): 2016-09-10 01:30:00] At iterate    12  f =        -36.4  |proj g|=     0.0055427
[job(1741): 2016-09-10 01:30:00] At iterate    13  f =        -36.4  |proj g|=    9.6447e-05
[job(1741): 2016-09-10 01:30:00] At iterate    14  f =        -36.4  |proj g|=     7.026e-07
[job(1741): 2016-09-10 01:30:00] 
[job(1741): 2016-09-10 01:30:00] iterations 14
[job(1741): 2016-09-10 01:30:00] function evaluations 24
[job(1741): 2016-09-10 01:30:00] segments explored during Cauchy searches 15
[job(1741): 2016-09-10 01:30:00] BFGS updates skipped 1
[job(1741): 2016-09-10 01:30:00] active bounds at final generalized Cauchy point 0
[job(1741): 2016-09-10 01:30:00] norm of the final projected gradient 7.02599e-07
[job(1741): 2016-09-10 01:30:00] final function value -36.4002
[job(1741): 2016-09-10 01:30:00] 
[job(1741): 2016-09-10 01:30:00] F = -36.4002
[job(1741): 2016-09-10 01:30:00] final  value -36.400249 
[job(1741): 2016-09-10 01:30:00] converged
[job(1741): 2016-09-10 01:30:00] [Tune-x] 14: C=0.591; sigma=0.0312
[job(1741): 2016-09-10 01:30:00] [Tune-y] 14: acc.test.mean=0.697; time: 0.0 min; memory: 118Mb use, 191Mb max
[job(1741): 2016-09-10 01:30:00] 
[job(1741): 2016-09-10 01:30:00] optimisation start
[job(1741): 2016-09-10 01:30:00] ------------------
[job(1741): 2016-09-10 01:30:00] * estimation method   : MLE 
[job(1741): 2016-09-10 01:30:00] * optimisation method : BFGS 
[job(1741): 2016-09-10 01:30:00] * analytical gradient : used
[job(1741): 2016-09-10 01:30:00] * trend model : ~1
[job(1741): 2016-09-10 01:30:00] * covariance model : 
[job(1741): 2016-09-10 01:30:00]   - type :  matern5_2 
[job(1741): 2016-09-10 01:30:00]   - nugget : NO
[job(1741): 2016-09-10 01:30:00]   - parameters lower bounds :  1e-10 1e-10 
[job(1741): 2016-09-10 01:30:00]   - parameters upper bounds :  40.37128 40.13963 
[job(1741): 2016-09-10 01:30:00]   - best initial criterion value(s) :  34.69022 
[job(1741): 2016-09-10 01:30:00] 
[job(1741): 2016-09-10 01:30:00] N = 2, M = 5 machine precision = 2.22045e-16
[job(1741): 2016-09-10 01:30:00] At X0, 0 variables are exactly at the bounds
[job(1741): 2016-09-10 01:30:00] At iterate     0  f=       -34.69  |proj g|=       3.3871
[job(1741): 2016-09-10 01:30:00] At iterate     1  f =      -36.015  |proj g|=        2.1281
[job(1741): 2016-09-10 01:30:00] At iterate     2  f =      -36.162  |proj g|=        1.9652
[job(1741): 2016-09-10 01:30:00] At iterate     3  f =      -37.173  |proj g|=         1.679
[job(1741): 2016-09-10 01:30:00] At iterate     4  f =      -38.913  |proj g|=        1.7073
[job(1741): 2016-09-10 01:30:00] At iterate     5  f =      -38.958  |proj g|=        0.3333
[job(1741): 2016-09-10 01:30:00] At iterate     6  f =      -38.959  |proj g|=      0.032015
[job(1741): 2016-09-10 01:30:00] At iterate     7  f =       -38.96  |proj g|=     0.0013639
[job(1741): 2016-09-10 01:30:00] At iterate     8  f =       -38.96  |proj g|=    0.00031662
[job(1741): 2016-09-10 01:30:00] At iterate     9  f =       -38.96  |proj g|=    3.3993e-05
[job(1741): 2016-09-10 01:30:00] 
[job(1741): 2016-09-10 01:30:00] iterations 9
[job(1741): 2016-09-10 01:30:00] function evaluations 14
[job(1741): 2016-09-10 01:30:00] segments explored during Cauchy searches 9
[job(1741): 2016-09-10 01:30:00] BFGS updates skipped 0
[job(1741): 2016-09-10 01:30:00] active bounds at final generalized Cauchy point 0
[job(1741): 2016-09-10 01:30:00] norm of the final projected gradient 3.39928e-05
[job(1741): 2016-09-10 01:30:00] final function value -38.9595
[job(1741): 2016-09-10 01:30:00] 
[job(1741): 2016-09-10 01:30:00] F = -38.9595
[job(1741): 2016-09-10 01:30:00] final  value -38.959531 
[job(1741): 2016-09-10 01:30:00] converged
[job(1741): 2016-09-10 01:30:00] [Tune-x] 15: C=0.496; sigma=0.0282
[job(1741): 2016-09-10 01:30:00] [Tune-y] 15: acc.test.mean=0.697; time: 0.0 min; memory: 118Mb use, 191Mb max
[job(1741): 2016-09-10 01:30:00] 
[job(1741): 2016-09-10 01:30:00] optimisation start
[job(1741): 2016-09-10 01:30:00] ------------------
[job(1741): 2016-09-10 01:30:00] * estimation method   : MLE 
[job(1741): 2016-09-10 01:30:00] * optimisation method : BFGS 
[job(1741): 2016-09-10 01:30:00] * analytical gradient : used
[job(1741): 2016-09-10 01:30:00] * trend model : ~1
[job(1741): 2016-09-10 01:30:00] * covariance model : 
[job(1741): 2016-09-10 01:30:00]   - type :  matern5_2 
[job(1741): 2016-09-10 01:30:00]   - nugget : NO
[job(1741): 2016-09-10 01:30:00]   - parameters lower bounds :  1e-10 1e-10 
[job(1741): 2016-09-10 01:30:00]   - parameters upper bounds :  40.37128 40.13963 
[job(1741): 2016-09-10 01:30:00]   - best initial criterion value(s) :  23.26705 
[job(1741): 2016-09-10 01:30:00] 
[job(1741): 2016-09-10 01:30:00] N = 2, M = 5 machine precision = 2.22045e-16
[job(1741): 2016-09-10 01:30:00] At X0, 0 variables are exactly at the bounds
[job(1741): 2016-09-10 01:30:00] At iterate     0  f=      -23.267  |proj g|=         3.35
[job(1741): 2016-09-10 01:30:00] At iterate     1  f =      -42.792  |proj g|=       0.72086
[job(1741): 2016-09-10 01:30:00] At iterate     2  f =      -42.856  |proj g|=       0.70362
[job(1741): 2016-09-10 01:30:00] At iterate     3  f =      -42.948  |proj g|=       0.44828
[job(1741): 2016-09-10 01:30:00] At iterate     4  f =      -42.955  |proj g|=       0.17388
[job(1741): 2016-09-10 01:30:00] At iterate     5  f =      -42.965  |proj g|=      0.067389
[job(1741): 2016-09-10 01:30:00] At iterate     6  f =      -42.965  |proj g|=     0.0069549
[job(1741): 2016-09-10 01:30:00] At iterate     7  f =      -42.965  |proj g|=    0.00060348
[job(1741): 2016-09-10 01:30:00] At iterate     8  f =      -42.965  |proj g|=    3.1625e-05
[job(1741): 2016-09-10 01:30:00] 
[job(1741): 2016-09-10 01:30:00] iterations 8
[job(1741): 2016-09-10 01:30:00] function evaluations 16
[job(1741): 2016-09-10 01:30:00] segments explored during Cauchy searches 10
[job(1741): 2016-09-10 01:30:00] BFGS updates skipped 0
[job(1741): 2016-09-10 01:30:00] active bounds at final generalized Cauchy point 0
[job(1741): 2016-09-10 01:30:00] norm of the final projected gradient 3.16249e-05
[job(1741): 2016-09-10 01:30:00] final function value -42.9652
[job(1741): 2016-09-10 01:30:00] 
[job(1741): 2016-09-10 01:30:00] F = -42.9652
[job(1741): 2016-09-10 01:30:00] final  value -42.965154 
[job(1741): 2016-09-10 01:30:00] converged
[job(1741): 2016-09-10 01:30:00] [Tune-x] 16: C=0.629; sigma=0.0247
[job(1741): 2016-09-10 01:30:00] [Tune-y] 16: acc.test.mean=0.698; time: 0.0 min; memory: 118Mb use, 191Mb max
[job(1741): 2016-09-10 01:30:00] 
[job(1741): 2016-09-10 01:30:00] optimisation start
[job(1741): 2016-09-10 01:30:00] ------------------
[job(1741): 2016-09-10 01:30:00] * estimation method   : MLE 
[job(1741): 2016-09-10 01:30:00] * optimisation method : BFGS 
[job(1741): 2016-09-10 01:30:00] * analytical gradient : used
[job(1741): 2016-09-10 01:30:00] * trend model : ~1
[job(1741): 2016-09-10 01:30:00] * covariance model : 
[job(1741): 2016-09-10 01:30:00]   - type :  matern5_2 
[job(1741): 2016-09-10 01:30:00]   - nugget : NO
[job(1741): 2016-09-10 01:30:00]   - parameters lower bounds :  1e-10 1e-10 
[job(1741): 2016-09-10 01:30:00]   - parameters upper bounds :  40.37128 40.13963 
[job(1741): 2016-09-10 01:30:00]   - best initial criterion value(s) :  25.71484 
[job(1741): 2016-09-10 01:30:00] 
[job(1741): 2016-09-10 01:30:00] N = 2, M = 5 machine precision = 2.22045e-16
[job(1741): 2016-09-10 01:30:00] At X0, 0 variables are exactly at the bounds
[job(1741): 2016-09-10 01:30:00] At iterate     0  f=      -25.715  |proj g|=       3.5342
[job(1741): 2016-09-10 01:30:00] At iterate     1  f =       -48.85  |proj g|=       0.72105
[job(1741): 2016-09-10 01:30:00] At iterate     2  f =      -48.903  |proj g|=        0.7067
[job(1741): 2016-09-10 01:30:00] At iterate     3  f =      -48.987  |proj g|=       0.52356
[job(1741): 2016-09-10 01:30:00] At iterate     4  f =      -49.048  |proj g|=        1.0822
[job(1741): 2016-09-10 01:30:00] At iterate     5  f =      -49.103  |proj g|=        0.4162
[job(1741): 2016-09-10 01:30:00] At iterate     6  f =      -49.105  |proj g|=      0.017761
[job(1741): 2016-09-10 01:30:00] At iterate     7  f =      -49.105  |proj g|=    4.5981e-05
[job(1741): 2016-09-10 01:30:00] At iterate     8  f =      -49.105  |proj g|=    1.2158e-06
[job(1741): 2016-09-10 01:30:00] 
[job(1741): 2016-09-10 01:30:00] iterations 8
[job(1741): 2016-09-10 01:30:00] function evaluations 18
[job(1741): 2016-09-10 01:30:00] segments explored during Cauchy searches 10
[job(1741): 2016-09-10 01:30:00] BFGS updates skipped 0
[job(1741): 2016-09-10 01:30:00] active bounds at final generalized Cauchy point 0
[job(1741): 2016-09-10 01:30:00] norm of the final projected gradient 1.21584e-06
[job(1741): 2016-09-10 01:30:00] final function value -49.1046
[job(1741): 2016-09-10 01:30:00] 
[job(1741): 2016-09-10 01:30:00] F = -49.1046
[job(1741): 2016-09-10 01:30:00] final  value -49.104632 
[job(1741): 2016-09-10 01:30:00] converged
[job(1741): 2016-09-10 01:30:00] [Tune-x] 17: C=0.54; sigma=0.0277
[job(1741): 2016-09-10 01:30:00] [Tune-y] 17: acc.test.mean=0.698; time: 0.0 min; memory: 118Mb use, 191Mb max
[job(1741): 2016-09-10 01:30:00] 
[job(1741): 2016-09-10 01:30:00] optimisation start
[job(1741): 2016-09-10 01:30:00] ------------------
[job(1741): 2016-09-10 01:30:00] * estimation method   : MLE 
[job(1741): 2016-09-10 01:30:00] * optimisation method : BFGS 
[job(1741): 2016-09-10 01:30:00] * analytical gradient : used
[job(1741): 2016-09-10 01:30:00] * trend model : ~1
[job(1741): 2016-09-10 01:30:00] * covariance model : 
[job(1741): 2016-09-10 01:30:00]   - type :  matern5_2 
[job(1741): 2016-09-10 01:30:00]   - nugget : NO
[job(1741): 2016-09-10 01:30:00]   - parameters lower bounds :  1e-10 1e-10 
[job(1741): 2016-09-10 01:30:00]   - parameters upper bounds :  40.37128 40.13963 
[job(1741): 2016-09-10 01:30:00]   - best initial criterion value(s) :  28.95624 
[job(1741): 2016-09-10 01:30:00] 
[job(1741): 2016-09-10 01:30:00] N = 2, M = 5 machine precision = 2.22045e-16
[job(1741): 2016-09-10 01:30:00] At X0, 0 variables are exactly at the bounds
[job(1741): 2016-09-10 01:30:00] At iterate     0  f=      -28.956  |proj g|=      0.89449
[job(1741): 2016-09-10 01:30:00] At iterate     1  f =      -40.694  |proj g|=       0.28547
[job(1741): 2016-09-10 01:30:00] At iterate     2  f =      -40.695  |proj g|=         1.105
[job(1741): 2016-09-10 01:30:00] At iterate     3  f =      -44.546  |proj g|=        40.193
[job(1741): 2016-09-10 01:30:00] At iterate     4  f =      -44.873  |proj g|=        40.185
[job(1741): 2016-09-10 01:30:00] At iterate     5  f =      -53.123  |proj g|=         11.31
[job(1741): 2016-09-10 01:30:00] At iterate     6  f =      -53.489  |proj g|=       0.92574
[job(1741): 2016-09-10 01:30:00] At iterate     7  f =      -53.886  |proj g|=        0.5449
[job(1741): 2016-09-10 01:30:00] At iterate     8  f =      -53.892  |proj g|=     0.0080833
[job(1741): 2016-09-10 01:30:00] At iterate     9  f =      -53.892  |proj g|=       0.00496
[job(1741): 2016-09-10 01:30:00] At iterate    10  f =      -53.892  |proj g|=    3.6198e-05
[job(1741): 2016-09-10 01:30:00] Bad direction in the line search;
[job(1741): 2016-09-10 01:30:00]    refresh the lbfgs memory and restart the iteration.
[job(1741): 2016-09-10 01:30:00] At iterate    11  f =      -53.892  |proj g|=    2.7395e-05
[job(1741): 2016-09-10 01:30:00] 
[job(1741): 2016-09-10 01:30:00] iterations 11
[job(1741): 2016-09-10 01:30:00] function evaluations 50
[job(1741): 2016-09-10 01:30:00] segments explored during Cauchy searches 13
[job(1741): 2016-09-10 01:30:00] BFGS updates skipped 0
[job(1741): 2016-09-10 01:30:00] active bounds at final generalized Cauchy point 0
[job(1741): 2016-09-10 01:30:00] norm of the final projected gradient 2.73947e-05
[job(1741): 2016-09-10 01:30:00] final function value -53.8919
[job(1741): 2016-09-10 01:30:00] 
[job(1741): 2016-09-10 01:30:00] F = -53.8919
[job(1741): 2016-09-10 01:30:00] final  value -53.891924 
[job(1741): 2016-09-10 01:30:00] converged
[job(1741): 2016-09-10 01:30:00] [Tune-x] 18: C=0.452; sigma=0.042
[job(1741): 2016-09-10 01:30:00] [Tune-y] 18: acc.test.mean=0.696; time: 0.0 min; memory: 118Mb use, 191Mb max
[job(1741): 2016-09-10 01:30:00] 
[job(1741): 2016-09-10 01:30:00] optimisation start
[job(1741): 2016-09-10 01:30:00] ------------------
[job(1741): 2016-09-10 01:30:00] * estimation method   : MLE 
[job(1741): 2016-09-10 01:30:00] * optimisation method : BFGS 
[job(1741): 2016-09-10 01:30:00] * analytical gradient : used
[job(1741): 2016-09-10 01:30:00] * trend model : ~1
[job(1741): 2016-09-10 01:30:00] * covariance model : 
[job(1741): 2016-09-10 01:30:00]   - type :  matern5_2 
[job(1741): 2016-09-10 01:30:00]   - nugget : NO
[job(1741): 2016-09-10 01:30:00]   - parameters lower bounds :  1e-10 1e-10 
[job(1741): 2016-09-10 01:30:00]   - parameters upper bounds :  40.37128 40.13963 
[job(1741): 2016-09-10 01:30:00]   - best initial criterion value(s) :  45.4751 
[job(1741): 2016-09-10 01:30:00] 
[job(1741): 2016-09-10 01:30:00] N = 2, M = 5 machine precision = 2.22045e-16
[job(1741): 2016-09-10 01:30:00] At X0, 0 variables are exactly at the bounds
[job(1741): 2016-09-10 01:30:00] At iterate     0  f=      -45.475  |proj g|=       2.5895
[job(1741): 2016-09-10 01:30:00] At iterate     1  f =      -48.449  |proj g|=        2.2359
[job(1741): 2016-09-10 01:30:00] At iterate     2  f =      -55.419  |proj g|=       0.71276
[job(1741): 2016-09-10 01:30:00] At iterate     3  f =      -55.427  |proj g|=       0.21469
[job(1741): 2016-09-10 01:30:00] At iterate     4  f =      -55.433  |proj g|=      0.087332
[job(1741): 2016-09-10 01:30:00] At iterate     5  f =      -55.435  |proj g|=      0.035233
[job(1741): 2016-09-10 01:30:00] At iterate     6  f =      -55.435  |proj g|=     0.0094263
[job(1741): 2016-09-10 01:30:00] At iterate     7  f =      -55.435  |proj g|=     0.0012962
[job(1741): 2016-09-10 01:30:00] At iterate     8  f =      -55.435  |proj g|=    6.6323e-05
[job(1741): 2016-09-10 01:30:00] At iterate     9  f =      -55.435  |proj g|=    6.8661e-06
[job(1741): 2016-09-10 01:30:00] 
[job(1741): 2016-09-10 01:30:00] iterations 9
[job(1741): 2016-09-10 01:30:00] function evaluations 14
[job(1741): 2016-09-10 01:30:00] segments explored during Cauchy searches 10
[job(1741): 2016-09-10 01:30:00] BFGS updates skipped 0
[job(1741): 2016-09-10 01:30:00] active bounds at final generalized Cauchy point 0
[job(1741): 2016-09-10 01:30:00] norm of the final projected gradient 6.86614e-06
[job(1741): 2016-09-10 01:30:00] final function value -55.4352
[job(1741): 2016-09-10 01:30:00] 
[job(1741): 2016-09-10 01:30:00] F = -55.4352
[job(1741): 2016-09-10 01:30:00] final  value -55.435163 
[job(1741): 2016-09-10 01:30:00] converged
[job(1741): 2016-09-10 01:30:00] [Tune-x] 19: C=0.38; sigma=0.0365
[job(1741): 2016-09-10 01:30:00] [Tune-y] 19: acc.test.mean=0.696; time: 0.0 min; memory: 118Mb use, 191Mb max
[job(1741): 2016-09-10 01:30:00] 
[job(1741): 2016-09-10 01:30:00] optimisation start
[job(1741): 2016-09-10 01:30:00] ------------------
[job(1741): 2016-09-10 01:30:00] * estimation method   : MLE 
[job(1741): 2016-09-10 01:30:00] * optimisation method : BFGS 
[job(1741): 2016-09-10 01:30:00] * analytical gradient : used
[job(1741): 2016-09-10 01:30:00] * trend model : ~1
[job(1741): 2016-09-10 01:30:00] * covariance model : 
[job(1741): 2016-09-10 01:30:00]   - type :  matern5_2 
[job(1741): 2016-09-10 01:30:00]   - nugget : NO
[job(1741): 2016-09-10 01:30:00]   - parameters lower bounds :  1e-10 1e-10 
[job(1741): 2016-09-10 01:30:00]   - parameters upper bounds :  40.37128 40.13963 
[job(1741): 2016-09-10 01:30:00]   - best initial criterion value(s) :  39.28626 
[job(1741): 2016-09-10 01:30:00] 
[job(1741): 2016-09-10 01:30:00] N = 2, M = 5 machine precision = 2.22045e-16
[job(1741): 2016-09-10 01:30:00] At X0, 0 variables are exactly at the bounds
[job(1741): 2016-09-10 01:30:00] At iterate     0  f=      -39.286  |proj g|=       40.293
[job(1741): 2016-09-10 01:30:00] At iterate     1  f =      -43.164  |proj g|=        28.363
[job(1741): 2016-09-10 01:30:00] At iterate     2  f =      -43.653  |proj g|=        2.1817
[job(1741): 2016-09-10 01:30:00] At iterate     3  f =      -43.656  |proj g|=       0.28505
[job(1741): 2016-09-10 01:30:00] At iterate     4  f =      -43.656  |proj g|=       0.28569
[job(1741): 2016-09-10 01:30:00] At iterate     5  f =      -43.658  |proj g|=        1.1127
[job(1741): 2016-09-10 01:30:00] At iterate     6  f =      -43.664  |proj g|=        2.7498
[job(1741): 2016-09-10 01:30:00] At iterate     7  f =       -43.68  |proj g|=        5.2683
[job(1741): 2016-09-10 01:30:00] At iterate     8  f =       -43.72  |proj g|=         9.458
[job(1741): 2016-09-10 01:30:00] At iterate     9  f =      -43.827  |proj g|=        16.269
[job(1741): 2016-09-10 01:30:00] At iterate    10  f =      -44.103  |proj g|=         27.61
[job(1741): 2016-09-10 01:30:00] At iterate    11  f =      -44.765  |proj g|=        40.211
[job(1741): 2016-09-10 01:30:00] At iterate    12  f =      -45.868  |proj g|=        40.234
[job(1741): 2016-09-10 01:30:00] At iterate    13  f =      -47.512  |proj g|=        40.222
[job(1741): 2016-09-10 01:30:00] At iterate    14  f =      -53.315  |proj g|=        40.133
[job(1741): 2016-09-10 01:30:00] At iterate    15  f =      -54.364  |proj g|=        40.113
[job(1741): 2016-09-10 01:30:00] At iterate    16  f =       -57.22  |proj g|=       0.80974
[job(1741): 2016-09-10 01:30:00] At iterate    17  f =       -60.63  |proj g|=       0.64563
[job(1741): 2016-09-10 01:30:00] At iterate    18  f =      -61.492  |proj g|=       0.56357
[job(1741): 2016-09-10 01:30:00] At iterate    19  f =      -61.521  |proj g|=       0.87294
[job(1741): 2016-09-10 01:30:00] At iterate    20  f =      -61.524  |proj g|=      0.013858
[job(1741): 2016-09-10 01:30:00] At iterate    21  f =      -61.524  |proj g|=      0.017519
[job(1741): 2016-09-10 01:30:00] At iterate    22  f =      -61.524  |proj g|=     0.0025003
[job(1741): 2016-09-10 01:30:00] At iterate    23  f =      -61.524  |proj g|=    2.3558e-05
[job(1741): 2016-09-10 01:30:00] 
[job(1741): 2016-09-10 01:30:00] iterations 23
[job(1741): 2016-09-10 01:30:00] function evaluations 33
[job(1741): 2016-09-10 01:30:00] segments explored during Cauchy searches 24
[job(1741): 2016-09-10 01:30:00] BFGS updates skipped 0
[job(1741): 2016-09-10 01:30:00] active bounds at final generalized Cauchy point 0
[job(1741): 2016-09-10 01:30:00] norm of the final projected gradient 2.35576e-05
[job(1741): 2016-09-10 01:30:00] final function value -61.5241
[job(1741): 2016-09-10 01:30:00] 
[job(1741): 2016-09-10 01:30:00] F = -61.5241
[job(1741): 2016-09-10 01:30:00] final  value -61.524134 
[job(1741): 2016-09-10 01:30:00] converged
[job(1741): 2016-09-10 01:30:00] [Tune-x] 20: C=0.556; sigma=0.0298
[job(1741): 2016-09-10 01:30:00] [Tune-y] 20: acc.test.mean=0.701; time: 0.0 min; memory: 118Mb use, 191Mb max
[job(1741): 2016-09-10 01:30:00] 
[job(1741): 2016-09-10 01:30:00] optimisation start
[job(1741): 2016-09-10 01:30:00] ------------------
[job(1741): 2016-09-10 01:30:00] * estimation method   : MLE 
[job(1741): 2016-09-10 01:30:00] * optimisation method : BFGS 
[job(1741): 2016-09-10 01:30:00] * analytical gradient : used
[job(1741): 2016-09-10 01:30:00] * trend model : ~1
[job(1741): 2016-09-10 01:30:00] * covariance model : 
[job(1741): 2016-09-10 01:30:00]   - type :  matern5_2 
[job(1741): 2016-09-10 01:30:00]   - nugget : NO
[job(1741): 2016-09-10 01:30:00]   - parameters lower bounds :  1e-10 1e-10 
[job(1741): 2016-09-10 01:30:00]   - parameters upper bounds :  40.37128 40.13963 
[job(1741): 2016-09-10 01:30:00]   - best initial criterion value(s) :  26.33009 
[job(1741): 2016-09-10 01:30:00] 
[job(1741): 2016-09-10 01:30:00] N = 2, M = 5 machine precision = 2.22045e-16
[job(1741): 2016-09-10 01:30:00] At X0, 0 variables are exactly at the bounds
[job(1741): 2016-09-10 01:30:00] At iterate     0  f=       -26.33  |proj g|=       1.1381
[job(1741): 2016-09-10 01:30:00] At iterate     1  f =      -32.057  |proj g|=             0
[job(1741): 2016-09-10 01:30:00] 
[job(1741): 2016-09-10 01:30:00] iterations 1
[job(1741): 2016-09-10 01:30:00] function evaluations 2
[job(1741): 2016-09-10 01:30:00] segments explored during Cauchy searches 2
[job(1741): 2016-09-10 01:30:00] BFGS updates skipped 0
[job(1741): 2016-09-10 01:30:00] active bounds at final generalized Cauchy point 1
[job(1741): 2016-09-10 01:30:00] norm of the final projected gradient 0
[job(1741): 2016-09-10 01:30:00] final function value -32.0569
[job(1741): 2016-09-10 01:30:00] 
[job(1741): 2016-09-10 01:30:00] F = -32.0569
[job(1741): 2016-09-10 01:30:00] final  value -32.056893 
[job(1741): 2016-09-10 01:30:00] converged
[job(1741): 2016-09-10 01:30:00] [Tune-x] 21: C=4.94; sigma=47.9
[job(1741): 2016-09-10 01:30:00] [Tune-y] 21: acc.test.mean=0.588; time: 0.1 min; memory: 118Mb use, 191Mb max
[job(1741): 2016-09-10 01:30:00] 
[job(1741): 2016-09-10 01:30:00] optimisation start
[job(1741): 2016-09-10 01:30:00] ------------------
[job(1741): 2016-09-10 01:30:00] * estimation method   : MLE 
[job(1741): 2016-09-10 01:30:00] * optimisation method : BFGS 
[job(1741): 2016-09-10 01:30:00] * analytical gradient : used
[job(1741): 2016-09-10 01:30:00] * trend model : ~1
[job(1741): 2016-09-10 01:30:00] * covariance model : 
[job(1741): 2016-09-10 01:30:00]   - type :  matern5_2 
[job(1741): 2016-09-10 01:30:00]   - nugget : NO
[job(1741): 2016-09-10 01:30:00]   - parameters lower bounds :  1e-10 1e-10 
[job(1741): 2016-09-10 01:30:00]   - parameters upper bounds :  40.37128 40.13963 
[job(1741): 2016-09-10 01:30:00]   - best initial criterion value(s) :  3.818938 
[job(1741): 2016-09-10 01:30:00] 
[job(1741): 2016-09-10 01:30:00] N = 2, M = 5 machine precision = 2.22045e-16
[job(1741): 2016-09-10 01:30:00] At X0, 0 variables are exactly at the bounds
[job(1741): 2016-09-10 01:30:00] At iterate     0  f=      -3.8189  |proj g|=        2.599
[job(1741): 2016-09-10 01:30:00] At iterate     1  f =      -33.023  |proj g|=             0
[job(1741): 2016-09-10 01:30:00] 
[job(1741): 2016-09-10 01:30:00] iterations 1
[job(1741): 2016-09-10 01:30:00] function evaluations 2
[job(1741): 2016-09-10 01:30:00] segments explored during Cauchy searches 2
[job(1741): 2016-09-10 01:30:00] BFGS updates skipped 0
[job(1741): 2016-09-10 01:30:00] active bounds at final generalized Cauchy point 1
[job(1741): 2016-09-10 01:30:00] norm of the final projected gradient 0
[job(1741): 2016-09-10 01:30:00] final function value -33.0231
[job(1741): 2016-09-10 01:30:00] 
[job(1741): 2016-09-10 01:30:00] F = -33.0231
[job(1741): 2016-09-10 01:30:00] final  value -33.023066 
[job(1741): 2016-09-10 01:30:00] converged
[job(1741): 2016-09-10 01:30:00] [Tune-x] 22: C=0.000423; sigma=0.767
[job(1741): 2016-09-10 01:30:00] [Tune-y] 22: acc.test.mean=0.588; time: 0.0 min; memory: 118Mb use, 191Mb max
[job(1741): 2016-09-10 01:30:00] 
[job(1741): 2016-09-10 01:30:00] optimisation start
[job(1741): 2016-09-10 01:30:00] ------------------
[job(1741): 2016-09-10 01:30:00] * estimation method   : MLE 
[job(1741): 2016-09-10 01:30:00] * optimisation method : BFGS 
[job(1741): 2016-09-10 01:30:00] * analytical gradient : used
[job(1741): 2016-09-10 01:30:00] * trend model : ~1
[job(1741): 2016-09-10 01:30:00] * covariance model : 
[job(1741): 2016-09-10 01:30:00]   - type :  matern5_2 
[job(1741): 2016-09-10 01:30:00]   - nugget : NO
[job(1741): 2016-09-10 01:30:00]   - parameters lower bounds :  1e-10 1e-10 
[job(1741): 2016-09-10 01:30:00]   - parameters upper bounds :  44.30411 40.13963 
[job(1741): 2016-09-10 01:30:00]   - best initial criterion value(s) :  8.962479 
[job(1741): 2016-09-10 01:30:00] 
[job(1741): 2016-09-10 01:30:00] N = 2, M = 5 machine precision = 2.22045e-16
[job(1741): 2016-09-10 01:30:00] At X0, 0 variables are exactly at the bounds
[job(1741): 2016-09-10 01:30:00] At iterate     0  f=      -8.9625  |proj g|=        18.28
[job(1741): 2016-09-10 01:30:00] At iterate     1  f =      -14.782  |proj g|=        1.6577
[job(1741): 2016-09-10 01:30:00] At iterate     2  f =      -19.298  |proj g|=         1.855
[job(1741): 2016-09-10 01:30:00] At iterate     3  f =      -19.463  |proj g|=        2.0449
[job(1741): 2016-09-10 01:30:00] At iterate     4  f =      -20.077  |proj g|=        3.6977
[job(1741): 2016-09-10 01:30:00] At iterate     5  f =      -24.408  |proj g|=        27.005
[job(1741): 2016-09-10 01:30:00] At iterate     6  f =      -34.127  |proj g|=             0
[job(1741): 2016-09-10 01:30:00] 
[job(1741): 2016-09-10 01:30:00] iterations 6
[job(1741): 2016-09-10 01:30:00] function evaluations 9
[job(1741): 2016-09-10 01:30:00] segments explored during Cauchy searches 6
[job(1741): 2016-09-10 01:30:00] BFGS updates skipped 0
[job(1741): 2016-09-10 01:30:00] active bounds at final generalized Cauchy point 0
[job(1741): 2016-09-10 01:30:00] norm of the final projected gradient 0
[job(1741): 2016-09-10 01:30:00] final function value -34.1271
[job(1741): 2016-09-10 01:30:00] 
[job(1741): 2016-09-10 01:30:00] F = -34.1271
[job(1741): 2016-09-10 01:30:00] final  value -34.127145 
[job(1741): 2016-09-10 01:30:00] converged
[job(1741): 2016-09-10 01:30:00] [Tune-x] 23: C=0.0412; sigma=0.00995
[job(1741): 2016-09-10 01:30:00] [Tune-y] 23: acc.test.mean=0.588; time: 0.0 min; memory: 118Mb use, 191Mb max
[job(1741): 2016-09-10 01:30:00] 
[job(1741): 2016-09-10 01:30:00] optimisation start
[job(1741): 2016-09-10 01:30:00] ------------------
[job(1741): 2016-09-10 01:30:00] * estimation method   : MLE 
[job(1741): 2016-09-10 01:30:00] * optimisation method : BFGS 
[job(1741): 2016-09-10 01:30:00] * analytical gradient : used
[job(1741): 2016-09-10 01:30:00] * trend model : ~1
[job(1741): 2016-09-10 01:30:00] * covariance model : 
[job(1741): 2016-09-10 01:30:00]   - type :  matern5_2 
[job(1741): 2016-09-10 01:30:00]   - nugget : NO
[job(1741): 2016-09-10 01:30:00]   - parameters lower bounds :  1e-10 1e-10 
[job(1741): 2016-09-10 01:30:00]   - parameters upper bounds :  44.30411 40.13963 
[job(1741): 2016-09-10 01:30:00]   - best initial criterion value(s) :  -6.550082 
[job(1741): 2016-09-10 01:30:00] 
[job(1741): 2016-09-10 01:30:00] N = 2, M = 5 machine precision = 2.22045e-16
[job(1741): 2016-09-10 01:30:00] At X0, 0 variables are exactly at the bounds
[job(1741): 2016-09-10 01:30:00] At iterate     0  f=       6.5501  |proj g|=       3.8943
[job(1741): 2016-09-10 01:30:00] At iterate     1  f =      -35.328  |proj g|=             0
[job(1741): 2016-09-10 01:30:00] 
[job(1741): 2016-09-10 01:30:00] iterations 1
[job(1741): 2016-09-10 01:30:00] function evaluations 2
[job(1741): 2016-09-10 01:30:00] segments explored during Cauchy searches 2
[job(1741): 2016-09-10 01:30:00] BFGS updates skipped 0
[job(1741): 2016-09-10 01:30:00] active bounds at final generalized Cauchy point 1
[job(1741): 2016-09-10 01:30:00] norm of the final projected gradient 0
[job(1741): 2016-09-10 01:30:00] final function value -35.3276
[job(1741): 2016-09-10 01:30:00] 
[job(1741): 2016-09-10 01:30:00] F = -35.3276
[job(1741): 2016-09-10 01:30:00] final  value -35.327562 
[job(1741): 2016-09-10 01:30:00] converged
[job(1741): 2016-09-10 01:30:00] [Tune-x] 24: C=540; sigma=77.7
[job(1741): 2016-09-10 01:30:00] [Tune-y] 24: acc.test.mean=0.587; time: 0.1 min; memory: 118Mb use, 191Mb max
[job(1741): 2016-09-10 01:30:00] 
[job(1741): 2016-09-10 01:30:00] optimisation start
[job(1741): 2016-09-10 01:30:00] ------------------
[job(1741): 2016-09-10 01:30:00] * estimation method   : MLE 
[job(1741): 2016-09-10 01:30:00] * optimisation method : BFGS 
[job(1741): 2016-09-10 01:30:00] * analytical gradient : used
[job(1741): 2016-09-10 01:30:00] * trend model : ~1
[job(1741): 2016-09-10 01:30:00] * covariance model : 
[job(1741): 2016-09-10 01:30:00]   - type :  matern5_2 
[job(1741): 2016-09-10 01:30:00]   - nugget : NO
[job(1741): 2016-09-10 01:30:00]   - parameters lower bounds :  1e-10 1e-10 
[job(1741): 2016-09-10 01:30:00]   - parameters upper bounds :  44.30411 40.13963 
[job(1741): 2016-09-10 01:30:00]   - best initial criterion value(s) :  58.80416 
[job(1741): 2016-09-10 01:30:00] 
[job(1741): 2016-09-10 01:30:00] N = 2, M = 5 machine precision = 2.22045e-16
[job(1741): 2016-09-10 01:30:00] At X0, 0 variables are exactly at the bounds
[job(1741): 2016-09-10 01:30:00] At iterate     0  f=      -58.804  |proj g|=       0.1725
[job(1741): 2016-09-10 01:30:00] At iterate     1  f =      -58.981  |proj g|=       0.16588
[job(1741): 2016-09-10 01:30:00] At iterate     2  f =      -59.069  |proj g|=        1.7723
[job(1741): 2016-09-10 01:30:00] At iterate     3  f =       -59.07  |proj g|=      0.073084
[job(1741): 2016-09-10 01:30:00] At iterate     4  f =       -59.07  |proj g|=      0.073088
[job(1741): 2016-09-10 01:30:00] At iterate     5  f =       -59.07  |proj g|=       0.13763
[job(1741): 2016-09-10 01:30:00] At iterate     6  f =       -59.07  |proj g|=        0.3046
[job(1741): 2016-09-10 01:30:00] At iterate     7  f =       -59.07  |proj g|=       0.58053
[job(1741): 2016-09-10 01:30:00] At iterate     8  f =       -59.07  |proj g|=        1.0222
[job(1741): 2016-09-10 01:30:00] At iterate     9  f =       -59.07  |proj g|=         1.733
[job(1741): 2016-09-10 01:30:00] At iterate    10  f =      -59.072  |proj g|=        2.8646
[job(1741): 2016-09-10 01:30:00] At iterate    11  f =      -59.075  |proj g|=        4.6103
[job(1741): 2016-09-10 01:30:00] At iterate    12  f =      -59.083  |proj g|=        6.9829
[job(1741): 2016-09-10 01:30:00] At iterate    13  f =      -59.099  |proj g|=        8.9938
[job(1741): 2016-09-10 01:30:00] At iterate    14  f =      -59.124  |proj g|=        7.0394
[job(1741): 2016-09-10 01:30:00] At iterate    15  f =      -59.136  |proj g|=       0.34944
[job(1741): 2016-09-10 01:30:00] At iterate    16  f =      -59.136  |proj g|=      0.013685
[job(1741): 2016-09-10 01:30:00] At iterate    17  f =      -59.136  |proj g|=    0.00044537
[job(1741): 2016-09-10 01:30:00] At iterate    18  f =      -59.136  |proj g|=    0.00026959
[job(1741): 2016-09-10 01:30:00] 
[job(1741): 2016-09-10 01:30:00] iterations 18
[job(1741): 2016-09-10 01:30:00] function evaluations 20
[job(1741): 2016-09-10 01:30:00] segments explored during Cauchy searches 19
[job(1741): 2016-09-10 01:30:00] BFGS updates skipped 0
[job(1741): 2016-09-10 01:30:00] active bounds at final generalized Cauchy point 0
[job(1741): 2016-09-10 01:30:00] norm of the final projected gradient 0.000269588
[job(1741): 2016-09-10 01:30:00] final function value -59.1361
[job(1741): 2016-09-10 01:30:00] 
[job(1741): 2016-09-10 01:30:00] F = -59.1361
[job(1741): 2016-09-10 01:30:00] final  value -59.136084 
[job(1741): 2016-09-10 01:30:00] converged
[job(1741): 2016-09-10 01:30:00] [Tune-x] 25: C=0.56; sigma=0.148
[job(1741): 2016-09-10 01:30:00] [Tune-y] 25: acc.test.mean=0.702; time: 0.0 min; memory: 118Mb use, 191Mb max
[job(1741): 2016-09-10 01:30:00] 
[job(1741): 2016-09-10 01:30:00] optimisation start
[job(1741): 2016-09-10 01:30:00] ------------------
[job(1741): 2016-09-10 01:30:00] * estimation method   : MLE 
[job(1741): 2016-09-10 01:30:00] * optimisation method : BFGS 
[job(1741): 2016-09-10 01:30:00] * analytical gradient : used
[job(1741): 2016-09-10 01:30:00] * trend model : ~1
[job(1741): 2016-09-10 01:30:00] * covariance model : 
[job(1741): 2016-09-10 01:30:00]   - type :  matern5_2 
[job(1741): 2016-09-10 01:30:00]   - nugget : NO
[job(1741): 2016-09-10 01:30:00]   - parameters lower bounds :  1e-10 1e-10 
[job(1741): 2016-09-10 01:30:00]   - parameters upper bounds :  44.30411 40.13963 
[job(1741): 2016-09-10 01:30:00]   - best initial criterion value(s) :  37.21957 
[job(1741): 2016-09-10 01:30:00] 
[job(1741): 2016-09-10 01:30:00] N = 2, M = 5 machine precision = 2.22045e-16
[job(1741): 2016-09-10 01:30:00] At X0, 0 variables are exactly at the bounds
[job(1741): 2016-09-10 01:30:00] At iterate     0  f=       -37.22  |proj g|=       3.8429
[job(1741): 2016-09-10 01:30:00] At iterate     1  f =      -38.136  |proj g|=             0
[job(1741): 2016-09-10 01:30:00] 
[job(1741): 2016-09-10 01:30:00] iterations 1
[job(1741): 2016-09-10 01:30:00] function evaluations 2
[job(1741): 2016-09-10 01:30:00] segments explored during Cauchy searches 2
[job(1741): 2016-09-10 01:30:00] BFGS updates skipped 0
[job(1741): 2016-09-10 01:30:00] active bounds at final generalized Cauchy point 2
[job(1741): 2016-09-10 01:30:00] norm of the final projected gradient 0
[job(1741): 2016-09-10 01:30:00] final function value -38.1356
[job(1741): 2016-09-10 01:30:00] 
[job(1741): 2016-09-10 01:30:00] F = -38.1356
[job(1741): 2016-09-10 01:30:00] final  value -38.135585 
[job(1741): 2016-09-10 01:30:00] converged
[job(1741): 2016-09-10 01:30:00] [Tune-x] 26: C=0.000677; sigma=0.00239
[job(1741): 2016-09-10 01:30:00] [Tune-y] 26: acc.test.mean=0.588; time: 0.0 min; memory: 118Mb use, 191Mb max
[job(1741): 2016-09-10 01:30:00] 
[job(1741): 2016-09-10 01:30:00] optimisation start
[job(1741): 2016-09-10 01:30:00] ------------------
[job(1741): 2016-09-10 01:30:00] * estimation method   : MLE 
[job(1741): 2016-09-10 01:30:00] * optimisation method : BFGS 
[job(1741): 2016-09-10 01:30:00] * analytical gradient : used
[job(1741): 2016-09-10 01:30:00] * trend model : ~1
[job(1741): 2016-09-10 01:30:00] * covariance model : 
[job(1741): 2016-09-10 01:30:00]   - type :  matern5_2 
[job(1741): 2016-09-10 01:30:00]   - nugget : NO
[job(1741): 2016-09-10 01:30:00]   - parameters lower bounds :  1e-10 1e-10 
[job(1741): 2016-09-10 01:30:00]   - parameters upper bounds :  44.30411 40.13963 
[job(1741): 2016-09-10 01:30:00]   - best initial criterion value(s) :  16.73147 
[job(1741): 2016-09-10 01:30:00] 
[job(1741): 2016-09-10 01:30:00] N = 2, M = 5 machine precision = 2.22045e-16
[job(1741): 2016-09-10 01:30:00] At X0, 0 variables are exactly at the bounds
[job(1741): 2016-09-10 01:30:00] At iterate     0  f=      -16.731  |proj g|=       4.4687
[job(1741): 2016-09-10 01:30:00] At iterate     1  f =      -39.432  |proj g|=             0
[job(1741): 2016-09-10 01:30:00] 
[job(1741): 2016-09-10 01:30:00] iterations 1
[job(1741): 2016-09-10 01:30:00] function evaluations 2
[job(1741): 2016-09-10 01:30:00] segments explored during Cauchy searches 2
[job(1741): 2016-09-10 01:30:00] BFGS updates skipped 0
[job(1741): 2016-09-10 01:30:00] active bounds at final generalized Cauchy point 1
[job(1741): 2016-09-10 01:30:00] norm of the final projected gradient 0
[job(1741): 2016-09-10 01:30:00] final function value -39.432
[job(1741): 2016-09-10 01:30:00] 
[job(1741): 2016-09-10 01:30:00] F = -39.432
[job(1741): 2016-09-10 01:30:00] final  value -39.432016 
[job(1741): 2016-09-10 01:30:00] converged
[job(1741): 2016-09-10 01:30:00] [Tune-x] 27: C=187; sigma=51.6
[job(1741): 2016-09-10 01:30:00] [Tune-y] 27: acc.test.mean=0.587; time: 0.1 min; memory: 118Mb use, 191Mb max
[job(1741): 2016-09-10 01:30:00] 
[job(1741): 2016-09-10 01:30:00] optimisation start
[job(1741): 2016-09-10 01:30:00] ------------------
[job(1741): 2016-09-10 01:30:00] * estimation method   : MLE 
[job(1741): 2016-09-10 01:30:00] * optimisation method : BFGS 
[job(1741): 2016-09-10 01:30:00] * analytical gradient : used
[job(1741): 2016-09-10 01:30:00] * trend model : ~1
[job(1741): 2016-09-10 01:30:00] * covariance model : 
[job(1741): 2016-09-10 01:30:00]   - type :  matern5_2 
[job(1741): 2016-09-10 01:30:00]   - nugget : NO
[job(1741): 2016-09-10 01:30:00]   - parameters lower bounds :  1e-10 1e-10 
[job(1741): 2016-09-10 01:30:00]   - parameters upper bounds :  44.30411 40.13963 
[job(1741): 2016-09-10 01:30:00]   - best initial criterion value(s) :  41.84419 
[job(1741): 2016-09-10 01:30:00] 
[job(1741): 2016-09-10 01:30:00] N = 2, M = 5 machine precision = 2.22045e-16
[job(1741): 2016-09-10 01:30:00] At X0, 0 variables are exactly at the bounds
[job(1741): 2016-09-10 01:30:00] At iterate     0  f=      -41.844  |proj g|=       1.7664
[job(1741): 2016-09-10 01:30:00] At iterate     1  f =        -64.9  |proj g|=        10.992
[job(1741): 2016-09-10 01:30:00] At iterate     2  f =      -66.523  |proj g|=        3.1812
[job(1741): 2016-09-10 01:30:00] At iterate     3  f =      -67.201  |proj g|=         1.939
[job(1741): 2016-09-10 01:30:00] At iterate     4  f =      -67.387  |proj g|=        2.1261
[job(1741): 2016-09-10 01:30:00] At iterate     5  f =      -67.398  |proj g|=        0.1504
[job(1741): 2016-09-10 01:30:00] At iterate     6  f =      -67.398  |proj g|=     0.0034665
[job(1741): 2016-09-10 01:30:00] At iterate     7  f =      -67.398  |proj g|=     0.0004191
[job(1741): 2016-09-10 01:30:00] At iterate     8  f =      -67.398  |proj g|=    9.0961e-05
[job(1741): 2016-09-10 01:30:00] 
[job(1741): 2016-09-10 01:30:00] iterations 8
[job(1741): 2016-09-10 01:30:00] function evaluations 12
[job(1741): 2016-09-10 01:30:00] segments explored during Cauchy searches 9
[job(1741): 2016-09-10 01:30:00] BFGS updates skipped 0
[job(1741): 2016-09-10 01:30:00] active bounds at final generalized Cauchy point 0
[job(1741): 2016-09-10 01:30:00] norm of the final projected gradient 9.09614e-05
[job(1741): 2016-09-10 01:30:00] final function value -67.3977
[job(1741): 2016-09-10 01:30:00] 
[job(1741): 2016-09-10 01:30:00] F = -67.3977
[job(1741): 2016-09-10 01:30:00] final  value -67.397672 
[job(1741): 2016-09-10 01:30:00] converged
[job(1741): 2016-09-10 01:30:00] [Tune-x] 28: C=0.437; sigma=0.0323
[job(1741): 2016-09-10 01:30:00] [Tune-y] 28: acc.test.mean=0.697; time: 0.0 min; memory: 118Mb use, 191Mb max
[job(1741): 2016-09-10 01:30:00] 
[job(1741): 2016-09-10 01:30:00] optimisation start
[job(1741): 2016-09-10 01:30:00] ------------------
[job(1741): 2016-09-10 01:30:00] * estimation method   : MLE 
[job(1741): 2016-09-10 01:30:00] * optimisation method : BFGS 
[job(1741): 2016-09-10 01:30:00] * analytical gradient : used
[job(1741): 2016-09-10 01:30:00] * trend model : ~1
[job(1741): 2016-09-10 01:30:00] * covariance model : 
[job(1741): 2016-09-10 01:30:00]   - type :  matern5_2 
[job(1741): 2016-09-10 01:30:00]   - nugget : NO
[job(1741): 2016-09-10 01:30:00]   - parameters lower bounds :  1e-10 1e-10 
[job(1741): 2016-09-10 01:30:00]   - parameters upper bounds :  44.30411 40.13963 
[job(1741): 2016-09-10 01:30:00]   - best initial criterion value(s) :  7.639634 
[job(1741): 2016-09-10 01:30:00] 
[job(1741): 2016-09-10 01:30:00] N = 2, M = 5 machine precision = 2.22045e-16
[job(1741): 2016-09-10 01:30:00] At X0, 0 variables are exactly at the bounds
[job(1741): 2016-09-10 01:30:00] At iterate     0  f=      -7.6396  |proj g|=       3.8071
[job(1741): 2016-09-10 01:30:00] At iterate     1  f =      -42.363  |proj g|=             0
[job(1741): 2016-09-10 01:30:00] 
[job(1741): 2016-09-10 01:30:00] iterations 1
[job(1741): 2016-09-10 01:30:00] function evaluations 2
[job(1741): 2016-09-10 01:30:00] segments explored during Cauchy searches 2
[job(1741): 2016-09-10 01:30:00] BFGS updates skipped 0
[job(1741): 2016-09-10 01:30:00] active bounds at final generalized Cauchy point 1
[job(1741): 2016-09-10 01:30:00] norm of the final projected gradient 0
[job(1741): 2016-09-10 01:30:00] final function value -42.3632
[job(1741): 2016-09-10 01:30:00] 
[job(1741): 2016-09-10 01:30:00] F = -42.3632
[job(1741): 2016-09-10 01:30:00] final  value -42.363169 
[job(1741): 2016-09-10 01:30:00] converged
[job(1741): 2016-09-10 01:30:00] [Tune] Result: C=0.56; sigma=0.148 : acc.test.mean=-0.702
[job(1741): 2016-09-10 01:30:00] Job terminated successfully
[job(chunk): 2016-09-10 01:30:00] Calculation finished!
