[job(chunk): 2016-09-09 20:16:04] Starting calculation of 1 jobs
[job(chunk): 2016-09-09 20:16:04] Setting working directory to '/naslx/projects/pr74ze/ri89coc2/svm_comparison'
[job(chunk): 2016-09-09 20:16:04] Memory measurement disabled
[job(772): 2016-09-09 20:16:06] Starting job with job.id=772
[job(772): 2016-09-09 20:17:05] Generating problem instance for problem '469' ...
[job(772): 2016-09-09 20:17:05] Data '469' file 'description.xml' found in cache.
[job(772): 2016-09-09 20:17:05] Data '469' file 'dataset.arff' found in cache.
[job(772): 2016-09-09 20:17:05] Loading required package: readr
[job(772): 2016-09-09 20:17:05] Applying algorithm 'kbb-svc.tuned' on problem '469' ...
[job(772): 2016-09-09 20:17:05] Data '469' file 'description.xml' found in cache.
[job(772): 2016-09-09 20:17:05] Data '469' file 'dataset.arff' found in cache.
[job(772): 2016-09-09 20:17:05] [Tune] Started tuning learner kbb-svc for parameter set:
[job(772): 2016-09-09 20:17:05]          Type len Def    Constr Req Tunable Trafo
[job(772): 2016-09-09 20:17:05] C     numeric   -   - -12 to 12   -    TRUE     Y
[job(772): 2016-09-09 20:17:05] sigma numeric   -   - -12 to 12   -    TRUE     Y
[job(772): 2016-09-09 20:17:05] With control class: TuneControlMBO
[job(772): 2016-09-09 20:17:05] Imputation value: -0
[job(772): 2016-09-09 20:17:05] [Tune-x] 1: C=0.00197; sigma=1.38
[job(772): 2016-09-09 20:17:05] [Tune-y] 1: acc.test.mean=0.191; time: 0.0 min; memory: 112Mb use, 145Mb max
[job(772): 2016-09-09 20:17:05] [Tune-x] 2: C=0.0708; sigma=0.215
[job(772): 2016-09-09 20:17:05] [Tune-y] 2: acc.test.mean=0.189; time: 0.0 min; memory: 112Mb use, 145Mb max
[job(772): 2016-09-09 20:17:05] [Tune-x] 3: C=3.76; sigma=17
[job(772): 2016-09-09 20:17:05] [Tune-y] 3: acc.test.mean=0.177; time: 0.0 min; memory: 112Mb use, 145Mb max
[job(772): 2016-09-09 20:17:05] [Tune-x] 4: C=0.258; sigma=810
[job(772): 2016-09-09 20:17:05] [Tune-y] 4: acc.test.mean=0.188; time: 0.0 min; memory: 112Mb use, 145Mb max
[job(772): 2016-09-09 20:17:05] [Tune-x] 5: C=33.5; sigma=0.011
[job(772): 2016-09-09 20:17:05] [Tune-y] 5: acc.test.mean=0.155; time: 0.0 min; memory: 112Mb use, 145Mb max
[job(772): 2016-09-09 20:17:05] [Tune-x] 6: C=92.9; sigma=265
[job(772): 2016-09-09 20:17:05] [Tune-y] 6: acc.test.mean=0.182; time: 0.0 min; memory: 112Mb use, 145Mb max
[job(772): 2016-09-09 20:17:05] [Tune-x] 7: C=901; sigma=0.000568
[job(772): 2016-09-09 20:17:05] [Tune-y] 7: acc.test.mean=0.162; time: 0.0 min; memory: 112Mb use, 145Mb max
[job(772): 2016-09-09 20:17:05] [Tune-x] 8: C=0.000278; sigma=0.0168
[job(772): 2016-09-09 20:17:05] [Tune-y] 8: acc.test.mean=0.187; time: 0.0 min; memory: 112Mb use, 145Mb max
[job(772): 2016-09-09 20:17:05] 
[job(772): 2016-09-09 20:17:05] optimisation start
[job(772): 2016-09-09 20:17:05] ------------------
[job(772): 2016-09-09 20:17:05] * estimation method   : MLE 
[job(772): 2016-09-09 20:17:05] * optimisation method : BFGS 
[job(772): 2016-09-09 20:17:05] * analytical gradient : used
[job(772): 2016-09-09 20:17:05] * trend model : ~1
[job(772): 2016-09-09 20:17:05] * covariance model : 
[job(772): 2016-09-09 20:17:05]   - type :  matern5_2 
[job(772): 2016-09-09 20:17:05]   - nugget : NO
[job(772): 2016-09-09 20:17:05]   - parameters lower bounds :  1e-10 1e-10 
[job(772): 2016-09-09 20:17:05]   - parameters upper bounds :  43.26238 40.88768 
[job(772): 2016-09-09 20:17:05]   - best initial criterion value(s) :  24.40802 
[job(772): 2016-09-09 20:17:05] 
[job(772): 2016-09-09 20:17:05] N = 2, M = 5 machine precision = 2.22045e-16
[job(772): 2016-09-09 20:17:05] At X0, 0 variables are exactly at the bounds
[job(772): 2016-09-09 20:17:05] At iterate     0  f=      -24.408  |proj g|=     0.079664
[job(772): 2016-09-09 20:17:05] At iterate     1  f =      -24.419  |proj g|=      0.080184
[job(772): 2016-09-09 20:17:05] At iterate     2  f =      -24.516  |proj g|=       0.10079
[job(772): 2016-09-09 20:17:05] At iterate     3  f =       -24.62  |proj g|=       0.18869
[job(772): 2016-09-09 20:17:05] At iterate     4  f =      -24.786  |proj g|=       0.28599
[job(772): 2016-09-09 20:17:05] At iterate     5  f =      -24.926  |proj g|=       0.18162
[job(772): 2016-09-09 20:17:05] At iterate     6  f =      -25.221  |proj g|=        0.1919
[job(772): 2016-09-09 20:17:05] At iterate     7  f =      -25.348  |proj g|=       0.17941
[job(772): 2016-09-09 20:17:05] At iterate     8  f =      -25.701  |proj g|=       0.22352
[job(772): 2016-09-09 20:17:05] At iterate     9  f =      -25.737  |proj g|=       0.16969
[job(772): 2016-09-09 20:17:05] At iterate    10  f =      -25.839  |proj g|=      0.020706
[job(772): 2016-09-09 20:17:05] At iterate    11  f =      -25.842  |proj g|=     0.0034921
[job(772): 2016-09-09 20:17:05] At iterate    12  f =      -25.842  |proj g|=    0.00025221
[job(772): 2016-09-09 20:17:05] At iterate    13  f =      -25.842  |proj g|=    6.1113e-06
[job(772): 2016-09-09 20:17:05] At iterate    14  f =      -25.842  |proj g|=    1.5601e-06
[job(772): 2016-09-09 20:17:05] 
[job(772): 2016-09-09 20:17:05] iterations 14
[job(772): 2016-09-09 20:17:05] function evaluations 16
[job(772): 2016-09-09 20:17:05] segments explored during Cauchy searches 14
[job(772): 2016-09-09 20:17:05] BFGS updates skipped 0
[job(772): 2016-09-09 20:17:05] active bounds at final generalized Cauchy point 0
[job(772): 2016-09-09 20:17:05] norm of the final projected gradient 1.56007e-06
[job(772): 2016-09-09 20:17:05] final function value -25.8415
[job(772): 2016-09-09 20:17:05] 
[job(772): 2016-09-09 20:17:05] F = -25.8415
[job(772): 2016-09-09 20:17:05] final  value -25.841547 
[job(772): 2016-09-09 20:17:05] converged
[job(772): 2016-09-09 20:17:05] [Tune-x] 9: C=0.0141; sigma=1.36
[job(772): 2016-09-09 20:17:05] [Tune-y] 9: acc.test.mean=0.176; time: 0.0 min; memory: 116Mb use, 156Mb max
[job(772): 2016-09-09 20:17:05] 
[job(772): 2016-09-09 20:17:05] optimisation start
[job(772): 2016-09-09 20:17:05] ------------------
[job(772): 2016-09-09 20:17:05] * estimation method   : MLE 
[job(772): 2016-09-09 20:17:05] * optimisation method : BFGS 
[job(772): 2016-09-09 20:17:05] * analytical gradient : used
[job(772): 2016-09-09 20:17:05] * trend model : ~1
[job(772): 2016-09-09 20:17:05] * covariance model : 
[job(772): 2016-09-09 20:17:05]   - type :  matern5_2 
[job(772): 2016-09-09 20:17:05]   - nugget : NO
[job(772): 2016-09-09 20:17:05]   - parameters lower bounds :  1e-10 1e-10 
[job(772): 2016-09-09 20:17:05]   - parameters upper bounds :  43.26238 40.88768 
[job(772): 2016-09-09 20:17:05]   - best initial criterion value(s) :  26.67196 
[job(772): 2016-09-09 20:17:05] 
[job(772): 2016-09-09 20:17:05] N = 2, M = 5 machine precision = 2.22045e-16
[job(772): 2016-09-09 20:17:05] At X0, 0 variables are exactly at the bounds
[job(772): 2016-09-09 20:17:05] At iterate     0  f=      -26.672  |proj g|=       0.7374
[job(772): 2016-09-09 20:17:05] At iterate     1  f =      -26.971  |proj g|=       0.10326
[job(772): 2016-09-09 20:17:05] At iterate     2  f =      -26.979  |proj g|=      0.031322
[job(772): 2016-09-09 20:17:05] At iterate     3  f =       -26.98  |proj g|=       0.01154
[job(772): 2016-09-09 20:17:05] At iterate     4  f =       -26.98  |proj g|=     0.0049693
[job(772): 2016-09-09 20:17:05] At iterate     5  f =       -26.98  |proj g|=     0.0021748
[job(772): 2016-09-09 20:17:05] At iterate     6  f =       -26.98  |proj g|=    0.00098245
[job(772): 2016-09-09 20:17:05] At iterate     7  f =       -26.98  |proj g|=    0.00044911
[job(772): 2016-09-09 20:17:05] At iterate     8  f =       -26.98  |proj g|=     0.0002078
[job(772): 2016-09-09 20:17:05] At iterate     9  f =       -26.98  |proj g|=    9.6891e-05
[job(772): 2016-09-09 20:17:05] At iterate    10  f =       -26.98  |proj g|=    4.5478e-05
[job(772): 2016-09-09 20:17:05] At iterate    11  f =       -26.98  |proj g|=    2.1456e-05
[job(772): 2016-09-09 20:17:05] At iterate    12  f =       -26.98  |proj g|=    1.0167e-05
[job(772): 2016-09-09 20:17:05] At iterate    13  f =       -26.98  |proj g|=    4.8351e-06
[job(772): 2016-09-09 20:17:05] 
[job(772): 2016-09-09 20:17:05] iterations 13
[job(772): 2016-09-09 20:17:05] function evaluations 14
[job(772): 2016-09-09 20:17:05] segments explored during Cauchy searches 13
[job(772): 2016-09-09 20:17:05] BFGS updates skipped 0
[job(772): 2016-09-09 20:17:05] active bounds at final generalized Cauchy point 0
[job(772): 2016-09-09 20:17:05] norm of the final projected gradient 4.8351e-06
[job(772): 2016-09-09 20:17:05] final function value -26.9805
[job(772): 2016-09-09 20:17:05] 
[job(772): 2016-09-09 20:17:05] F = -26.9805
[job(772): 2016-09-09 20:17:05] final  value -26.980487 
[job(772): 2016-09-09 20:17:05] converged
[job(772): 2016-09-09 20:17:05] [Tune-x] 10: C=0.00197; sigma=1.4
[job(772): 2016-09-09 20:17:05] [Tune-y] 10: acc.test.mean=0.191; time: 0.0 min; memory: 116Mb use, 156Mb max
[job(772): 2016-09-09 20:17:05] 
[job(772): 2016-09-09 20:17:05] optimisation start
[job(772): 2016-09-09 20:17:05] ------------------
[job(772): 2016-09-09 20:17:05] * estimation method   : MLE 
[job(772): 2016-09-09 20:17:05] * optimisation method : BFGS 
[job(772): 2016-09-09 20:17:05] * analytical gradient : used
[job(772): 2016-09-09 20:17:05] * trend model : ~1
[job(772): 2016-09-09 20:17:05] * covariance model : 
[job(772): 2016-09-09 20:17:05]   - type :  matern5_2 
[job(772): 2016-09-09 20:17:05]   - nugget : NO
[job(772): 2016-09-09 20:17:05]   - parameters lower bounds :  1e-10 1e-10 
[job(772): 2016-09-09 20:17:05]   - parameters upper bounds :  43.26238 40.88768 
[job(772): 2016-09-09 20:17:05]   - best initial criterion value(s) :  37.191 
[job(772): 2016-09-09 20:17:05] 
[job(772): 2016-09-09 20:17:05] N = 2, M = 5 machine precision = 2.22045e-16
[job(772): 2016-09-09 20:17:05] At X0, 0 variables are exactly at the bounds
[job(772): 2016-09-09 20:17:05] At iterate     0  f=      -37.191  |proj g|=       2.7225
[job(772): 2016-09-09 20:17:05] At iterate     1  f =      -37.539  |proj g|=       0.46523
[job(772): 2016-09-09 20:17:05] At iterate     2  f =      -37.577  |proj g|=       0.28566
[job(772): 2016-09-09 20:17:05] At iterate     3  f =      -37.598  |proj g|=      0.048722
[job(772): 2016-09-09 20:17:05] At iterate     4  f =      -37.599  |proj g|=      0.020583
[job(772): 2016-09-09 20:17:05] At iterate     5  f =        -37.6  |proj g|=      0.022679
[job(772): 2016-09-09 20:17:05] At iterate     6  f =      -37.609  |proj g|=       0.12656
[job(772): 2016-09-09 20:17:05] At iterate     7  f =      -37.629  |proj g|=       0.25294
[job(772): 2016-09-09 20:17:05] At iterate     8  f =      -37.665  |proj g|=       0.35104
[job(772): 2016-09-09 20:17:05] At iterate     9  f =      -37.681  |proj g|=        0.2402
[job(772): 2016-09-09 20:17:05] At iterate    10  f =      -37.694  |proj g|=      0.024787
[job(772): 2016-09-09 20:17:05] At iterate    11  f =      -37.694  |proj g|=     0.0018446
[job(772): 2016-09-09 20:17:05] At iterate    12  f =      -37.694  |proj g|=    1.4822e-05
[job(772): 2016-09-09 20:17:05] At iterate    13  f =      -37.694  |proj g|=    8.9266e-09
[job(772): 2016-09-09 20:17:05] 
[job(772): 2016-09-09 20:17:05] iterations 13
[job(772): 2016-09-09 20:17:05] function evaluations 16
[job(772): 2016-09-09 20:17:05] segments explored during Cauchy searches 13
[job(772): 2016-09-09 20:17:05] BFGS updates skipped 0
[job(772): 2016-09-09 20:17:05] active bounds at final generalized Cauchy point 1
[job(772): 2016-09-09 20:17:05] norm of the final projected gradient 8.92663e-09
[job(772): 2016-09-09 20:17:05] final function value -37.6938
[job(772): 2016-09-09 20:17:05] 
[job(772): 2016-09-09 20:17:05] F = -37.6938
[job(772): 2016-09-09 20:17:05] final  value -37.693817 
[job(772): 2016-09-09 20:17:05] converged
[job(772): 2016-09-09 20:17:05] [Tune-x] 11: C=0.00197; sigma=1.46
[job(772): 2016-09-09 20:17:05] [Tune-y] 11: acc.test.mean=0.191; time: 0.0 min; memory: 116Mb use, 156Mb max
[job(772): 2016-09-09 20:17:05] 
[job(772): 2016-09-09 20:17:05] optimisation start
[job(772): 2016-09-09 20:17:05] ------------------
[job(772): 2016-09-09 20:17:05] * estimation method   : MLE 
[job(772): 2016-09-09 20:17:05] * optimisation method : BFGS 
[job(772): 2016-09-09 20:17:05] * analytical gradient : used
[job(772): 2016-09-09 20:17:05] * trend model : ~1
[job(772): 2016-09-09 20:17:05] * covariance model : 
[job(772): 2016-09-09 20:17:05]   - type :  matern5_2 
[job(772): 2016-09-09 20:17:05]   - nugget : NO
[job(772): 2016-09-09 20:17:05]   - parameters lower bounds :  1e-10 1e-10 
[job(772): 2016-09-09 20:17:05]   - parameters upper bounds :  43.26238 40.88768 
[job(772): 2016-09-09 20:17:05]   - best initial criterion value(s) :  44.06137 
[job(772): 2016-09-09 20:17:05] 
[job(772): 2016-09-09 20:17:05] N = 2, M = 5 machine precision = 2.22045e-16
[job(772): 2016-09-09 20:17:05] At X0, 0 variables are exactly at the bounds
[job(772): 2016-09-09 20:17:05] At iterate     0  f=      -44.061  |proj g|=      0.26735
[job(772): 2016-09-09 20:17:05] At iterate     1  f =       -44.14  |proj g|=       0.24018
[job(772): 2016-09-09 20:17:05] At iterate     2  f =      -44.483  |proj g|=        0.2055
[job(772): 2016-09-09 20:17:05] At iterate     3  f =      -44.963  |proj g|=      0.074985
[job(772): 2016-09-09 20:17:05] At iterate     4  f =      -45.145  |proj g|=       0.15641
[job(772): 2016-09-09 20:17:05] At iterate     5  f =       -45.66  |proj g|=        1.0971
[job(772): 2016-09-09 20:17:05] At iterate     6  f =      -45.807  |proj g|=        0.3584
[job(772): 2016-09-09 20:17:05] At iterate     7  f =      -46.008  |proj g|=       0.14032
[job(772): 2016-09-09 20:17:05] At iterate     8  f =      -46.011  |proj g|=      0.015895
[job(772): 2016-09-09 20:17:05] At iterate     9  f =      -46.012  |proj g|=    0.00072415
[job(772): 2016-09-09 20:17:05] At iterate    10  f =      -46.012  |proj g|=    3.5851e-06
[job(772): 2016-09-09 20:17:05] 
[job(772): 2016-09-09 20:17:05] iterations 10
[job(772): 2016-09-09 20:17:05] function evaluations 12
[job(772): 2016-09-09 20:17:05] segments explored during Cauchy searches 10
[job(772): 2016-09-09 20:17:05] BFGS updates skipped 0
[job(772): 2016-09-09 20:17:05] active bounds at final generalized Cauchy point 1
[job(772): 2016-09-09 20:17:05] norm of the final projected gradient 3.58506e-06
[job(772): 2016-09-09 20:17:05] final function value -46.0115
[job(772): 2016-09-09 20:17:05] 
[job(772): 2016-09-09 20:17:05] F = -46.0115
[job(772): 2016-09-09 20:17:05] final  value -46.011535 
[job(772): 2016-09-09 20:17:05] converged
[job(772): 2016-09-09 20:17:05] [Tune-x] 12: C=0.0016; sigma=432
[job(772): 2016-09-09 20:17:05] [Tune-y] 12: acc.test.mean=0.17; time: 0.0 min; memory: 116Mb use, 156Mb max
[job(772): 2016-09-09 20:17:05] 
[job(772): 2016-09-09 20:17:05] optimisation start
[job(772): 2016-09-09 20:17:05] ------------------
[job(772): 2016-09-09 20:17:05] * estimation method   : MLE 
[job(772): 2016-09-09 20:17:05] * optimisation method : BFGS 
[job(772): 2016-09-09 20:17:05] * analytical gradient : used
[job(772): 2016-09-09 20:17:05] * trend model : ~1
[job(772): 2016-09-09 20:17:05] * covariance model : 
[job(772): 2016-09-09 20:17:05]   - type :  matern5_2 
[job(772): 2016-09-09 20:17:05]   - nugget : NO
[job(772): 2016-09-09 20:17:05]   - parameters lower bounds :  1e-10 1e-10 
[job(772): 2016-09-09 20:17:05]   - parameters upper bounds :  43.26238 40.88768 
[job(772): 2016-09-09 20:17:05]   - best initial criterion value(s) :  40.11012 
[job(772): 2016-09-09 20:17:05] 
[job(772): 2016-09-09 20:17:05] N = 2, M = 5 machine precision = 2.22045e-16
[job(772): 2016-09-09 20:17:05] At X0, 0 variables are exactly at the bounds
[job(772): 2016-09-09 20:17:05] At iterate     0  f=       -40.11  |proj g|=      0.70448
[job(772): 2016-09-09 20:17:05] At iterate     1  f =      -40.591  |proj g|=       0.49539
[job(772): 2016-09-09 20:17:05] At iterate     2  f =      -41.535  |proj g|=       0.60025
[job(772): 2016-09-09 20:17:05] At iterate     3  f =      -46.895  |proj g|=       0.62269
[job(772): 2016-09-09 20:17:05] At iterate     4  f =      -46.902  |proj g|=      0.091413
[job(772): 2016-09-09 20:17:05] At iterate     5  f =      -47.103  |proj g|=         2.027
[job(772): 2016-09-09 20:17:05] At iterate     6  f =      -47.258  |proj g|=        4.8299
[job(772): 2016-09-09 20:17:05] At iterate     7  f =      -47.688  |proj g|=        2.0696
[job(772): 2016-09-09 20:17:05] At iterate     8  f =      -47.927  |proj g|=       0.24329
[job(772): 2016-09-09 20:17:05] At iterate     9  f =      -47.927  |proj g|=      0.032955
[job(772): 2016-09-09 20:17:05] At iterate    10  f =      -47.927  |proj g|=    0.00010366
[job(772): 2016-09-09 20:17:05] At iterate    11  f =      -47.927  |proj g|=    0.00010313
[job(772): 2016-09-09 20:17:05] 
[job(772): 2016-09-09 20:17:05] iterations 11
[job(772): 2016-09-09 20:17:05] function evaluations 32
[job(772): 2016-09-09 20:17:05] segments explored during Cauchy searches 11
[job(772): 2016-09-09 20:17:05] BFGS updates skipped 0
[job(772): 2016-09-09 20:17:05] active bounds at final generalized Cauchy point 1
[job(772): 2016-09-09 20:17:05] norm of the final projected gradient 0.000103132
[job(772): 2016-09-09 20:17:05] final function value -47.9269
[job(772): 2016-09-09 20:17:05] 
[job(772): 2016-09-09 20:17:05] F = -47.9269
[job(772): 2016-09-09 20:17:05] final  value -47.926925 
[job(772): 2016-09-09 20:17:05] converged
[job(772): 2016-09-09 20:17:05] [Tune-x] 13: C=0.00195; sigma=1.12e+03
[job(772): 2016-09-09 20:17:05] [Tune-y] 13: acc.test.mean=0.191; time: 0.0 min; memory: 116Mb use, 157Mb max
[job(772): 2016-09-09 20:17:05] 
[job(772): 2016-09-09 20:17:05] optimisation start
[job(772): 2016-09-09 20:17:05] ------------------
[job(772): 2016-09-09 20:17:05] * estimation method   : MLE 
[job(772): 2016-09-09 20:17:05] * optimisation method : BFGS 
[job(772): 2016-09-09 20:17:05] * analytical gradient : used
[job(772): 2016-09-09 20:17:05] * trend model : ~1
[job(772): 2016-09-09 20:17:05] * covariance model : 
[job(772): 2016-09-09 20:17:05]   - type :  matern5_2 
[job(772): 2016-09-09 20:17:05]   - nugget : NO
[job(772): 2016-09-09 20:17:05]   - parameters lower bounds :  1e-10 1e-10 
[job(772): 2016-09-09 20:17:05]   - parameters upper bounds :  43.26238 41.82279 
[job(772): 2016-09-09 20:17:05]   - best initial criterion value(s) :  48.90377 
[job(772): 2016-09-09 20:17:05] 
[job(772): 2016-09-09 20:17:05] N = 2, M = 5 machine precision = 2.22045e-16
[job(772): 2016-09-09 20:17:05] At X0, 0 variables are exactly at the bounds
[job(772): 2016-09-09 20:17:05] At iterate     0  f=      -48.904  |proj g|=      0.55934
[job(772): 2016-09-09 20:17:05] At iterate     1  f =      -53.333  |proj g|=        0.2454
[job(772): 2016-09-09 20:17:05] At iterate     2  f =       -53.39  |proj g|=        3.1595
[job(772): 2016-09-09 20:17:05] At iterate     3  f =      -53.444  |proj g|=       0.16089
[job(772): 2016-09-09 20:17:05] At iterate     4  f =      -53.444  |proj g|=      0.020387
[job(772): 2016-09-09 20:17:05] At iterate     5  f =      -53.444  |proj g|=      0.020375
[job(772): 2016-09-09 20:17:05] At iterate     6  f =      -53.444  |proj g|=      0.039146
[job(772): 2016-09-09 20:17:05] At iterate     7  f =      -53.444  |proj g|=      0.086404
[job(772): 2016-09-09 20:17:05] At iterate     8  f =      -53.444  |proj g|=       0.16847
[job(772): 2016-09-09 20:17:05] At iterate     9  f =      -53.445  |proj g|=       0.29577
[job(772): 2016-09-09 20:17:05] At iterate    10  f =      -53.446  |proj g|=       0.49583
[job(772): 2016-09-09 20:17:05] At iterate    11  f =      -53.448  |proj g|=       0.78408
[job(772): 2016-09-09 20:17:05] At iterate    12  f =      -53.455  |proj g|=        1.1191
[job(772): 2016-09-09 20:17:05] At iterate    13  f =      -53.466  |proj g|=        1.2211
[job(772): 2016-09-09 20:17:05] At iterate    14  f =      -53.468  |proj g|=       0.21092
[job(772): 2016-09-09 20:17:05] At iterate    15  f =      -53.477  |proj g|=      0.017535
[job(772): 2016-09-09 20:17:05] At iterate    16  f =      -53.477  |proj g|=    0.00017197
[job(772): 2016-09-09 20:17:05] At iterate    17  f =      -53.477  |proj g|=    2.6906e-08
[job(772): 2016-09-09 20:17:05] 
[job(772): 2016-09-09 20:17:05] iterations 17
[job(772): 2016-09-09 20:17:05] function evaluations 20
[job(772): 2016-09-09 20:17:05] segments explored during Cauchy searches 18
[job(772): 2016-09-09 20:17:05] BFGS updates skipped 0
[job(772): 2016-09-09 20:17:05] active bounds at final generalized Cauchy point 1
[job(772): 2016-09-09 20:17:05] norm of the final projected gradient 2.69064e-08
[job(772): 2016-09-09 20:17:05] final function value -53.4773
[job(772): 2016-09-09 20:17:05] 
[job(772): 2016-09-09 20:17:05] F = -53.4773
[job(772): 2016-09-09 20:17:05] final  value -53.477337 
[job(772): 2016-09-09 20:17:05] converged
[job(772): 2016-09-09 20:17:05] [Tune-x] 14: C=0.00195; sigma=28.2
[job(772): 2016-09-09 20:17:05] [Tune-y] 14: acc.test.mean=0.191; time: 0.0 min; memory: 116Mb use, 157Mb max
[job(772): 2016-09-09 20:17:05] 
[job(772): 2016-09-09 20:17:05] optimisation start
[job(772): 2016-09-09 20:17:05] ------------------
[job(772): 2016-09-09 20:17:05] * estimation method   : MLE 
[job(772): 2016-09-09 20:17:05] * optimisation method : BFGS 
[job(772): 2016-09-09 20:17:05] * analytical gradient : used
[job(772): 2016-09-09 20:17:05] * trend model : ~1
[job(772): 2016-09-09 20:17:05] * covariance model : 
[job(772): 2016-09-09 20:17:05]   - type :  matern5_2 
[job(772): 2016-09-09 20:17:05]   - nugget : NO
[job(772): 2016-09-09 20:17:05]   - parameters lower bounds :  1e-10 1e-10 
[job(772): 2016-09-09 20:17:05]   - parameters upper bounds :  43.26238 41.82279 
[job(772): 2016-09-09 20:17:05]   - best initial criterion value(s) :  44.61045 
[job(772): 2016-09-09 20:17:05] 
[job(772): 2016-09-09 20:17:05] N = 2, M = 5 machine precision = 2.22045e-16
[job(772): 2016-09-09 20:17:05] At X0, 0 variables are exactly at the bounds
[job(772): 2016-09-09 20:17:05] At iterate     0  f=       -44.61  |proj g|=       1.5244
[job(772): 2016-09-09 20:17:05] At iterate     1  f =      -54.772  |proj g|=       0.46685
[job(772): 2016-09-09 20:17:05] At iterate     2  f =      -54.786  |proj g|=       0.46261
[job(772): 2016-09-09 20:17:05] At iterate     3  f =       -55.84  |proj g|=       0.37899
[job(772): 2016-09-09 20:17:05] At iterate     4  f =      -58.443  |proj g|=        1.2136
[job(772): 2016-09-09 20:17:05] At iterate     5  f =      -58.624  |proj g|=       0.18919
[job(772): 2016-09-09 20:17:05] At iterate     6  f =      -58.635  |proj g|=       0.17512
[job(772): 2016-09-09 20:17:05] At iterate     7  f =      -58.643  |proj g|=       0.15659
[job(772): 2016-09-09 20:17:05] At iterate     8  f =      -58.729  |proj g|=        2.2952
[job(772): 2016-09-09 20:17:05] At iterate     9  f =      -58.729  |proj g|=        3.2597
[job(772): 2016-09-09 20:17:05] At iterate    10  f =      -58.825  |proj g|=        3.8393
[job(772): 2016-09-09 20:17:05] At iterate    11  f =      -59.161  |proj g|=        13.749
[job(772): 2016-09-09 20:17:05] At iterate    12  f =      -59.213  |proj g|=      0.017828
[job(772): 2016-09-09 20:17:05] At iterate    13  f =      -59.213  |proj g|=     0.0018059
[job(772): 2016-09-09 20:17:05] 
[job(772): 2016-09-09 20:17:05] iterations 13
[job(772): 2016-09-09 20:17:05] function evaluations 27
[job(772): 2016-09-09 20:17:05] segments explored during Cauchy searches 14
[job(772): 2016-09-09 20:17:05] BFGS updates skipped 0
[job(772): 2016-09-09 20:17:05] active bounds at final generalized Cauchy point 1
[job(772): 2016-09-09 20:17:05] norm of the final projected gradient 0.00180586
[job(772): 2016-09-09 20:17:05] final function value -59.2131
[job(772): 2016-09-09 20:17:05] 
[job(772): 2016-09-09 20:17:05] F = -59.2131
[job(772): 2016-09-09 20:17:05] final  value -59.213146 
[job(772): 2016-09-09 20:17:05] converged
[job(772): 2016-09-09 20:17:05] [Tune-x] 15: C=0.00198; sigma=1.72e+03
[job(772): 2016-09-09 20:17:05] [Tune-y] 15: acc.test.mean=0.191; time: 0.0 min; memory: 116Mb use, 157Mb max
[job(772): 2016-09-09 20:17:05] 
[job(772): 2016-09-09 20:17:05] optimisation start
[job(772): 2016-09-09 20:17:05] ------------------
[job(772): 2016-09-09 20:17:05] * estimation method   : MLE 
[job(772): 2016-09-09 20:17:05] * optimisation method : BFGS 
[job(772): 2016-09-09 20:17:05] * analytical gradient : used
[job(772): 2016-09-09 20:17:05] * trend model : ~1
[job(772): 2016-09-09 20:17:05] * covariance model : 
[job(772): 2016-09-09 20:17:05]   - type :  matern5_2 
[job(772): 2016-09-09 20:17:05]   - nugget : NO
[job(772): 2016-09-09 20:17:05]   - parameters lower bounds :  1e-10 1e-10 
[job(772): 2016-09-09 20:17:05]   - parameters upper bounds :  43.26238 43.06076 
[job(772): 2016-09-09 20:17:05]   - best initial criterion value(s) :  55.9257 
[job(772): 2016-09-09 20:17:05] 
[job(772): 2016-09-09 20:17:05] N = 2, M = 5 machine precision = 2.22045e-16
[job(772): 2016-09-09 20:17:05] At X0, 0 variables are exactly at the bounds
[job(772): 2016-09-09 20:17:05] At iterate     0  f=      -55.926  |proj g|=      0.69366
[job(772): 2016-09-09 20:17:05] At iterate     1  f =      -60.326  |proj g|=       0.51031
[job(772): 2016-09-09 20:17:05] At iterate     2  f =      -60.629  |proj g|=       0.52876
[job(772): 2016-09-09 20:17:05] At iterate     3  f =      -60.641  |proj g|=       0.52833
[job(772): 2016-09-09 20:17:05] At iterate     4  f =      -60.965  |proj g|=        4.1865
[job(772): 2016-09-09 20:17:05] At iterate     5  f =      -62.005  |proj g|=        8.5779
[job(772): 2016-09-09 20:17:05] At iterate     6  f =      -64.266  |proj g|=        7.8703
[job(772): 2016-09-09 20:17:05] At iterate     7  f =      -64.872  |proj g|=        2.8989
[job(772): 2016-09-09 20:17:05] At iterate     8  f =      -64.919  |proj g|=        1.4013
[job(772): 2016-09-09 20:17:05] At iterate     9  f =      -64.931  |proj g|=       0.10401
[job(772): 2016-09-09 20:17:05] At iterate    10  f =      -64.931  |proj g|=     0.0046039
[job(772): 2016-09-09 20:17:05] At iterate    11  f =      -64.931  |proj g|=    0.00017293
[job(772): 2016-09-09 20:17:05] At iterate    12  f =      -64.931  |proj g|=    0.00016198
[job(772): 2016-09-09 20:17:05] 
[job(772): 2016-09-09 20:17:05] iterations 12
[job(772): 2016-09-09 20:17:05] function evaluations 24
[job(772): 2016-09-09 20:17:05] segments explored during Cauchy searches 14
[job(772): 2016-09-09 20:17:05] BFGS updates skipped 0
[job(772): 2016-09-09 20:17:05] active bounds at final generalized Cauchy point 0
[job(772): 2016-09-09 20:17:05] norm of the final projected gradient 0.000161982
[job(772): 2016-09-09 20:17:05] final function value -64.931
[job(772): 2016-09-09 20:17:05] 
[job(772): 2016-09-09 20:17:05] F = -64.931
[job(772): 2016-09-09 20:17:05] final  value -64.930987 
[job(772): 2016-09-09 20:17:05] converged
[job(772): 2016-09-09 20:17:05] [Tune-x] 16: C=0.00195; sigma=3.94
[job(772): 2016-09-09 20:17:05] [Tune-y] 16: acc.test.mean=0.191; time: 0.0 min; memory: 116Mb use, 157Mb max
[job(772): 2016-09-09 20:17:05] 
[job(772): 2016-09-09 20:17:05] optimisation start
[job(772): 2016-09-09 20:17:05] ------------------
[job(772): 2016-09-09 20:17:05] * estimation method   : MLE 
[job(772): 2016-09-09 20:17:05] * optimisation method : BFGS 
[job(772): 2016-09-09 20:17:05] * analytical gradient : used
[job(772): 2016-09-09 20:17:05] * trend model : ~1
[job(772): 2016-09-09 20:17:05] * covariance model : 
[job(772): 2016-09-09 20:17:05]   - type :  matern5_2 
[job(772): 2016-09-09 20:17:05]   - nugget : NO
[job(772): 2016-09-09 20:17:05]   - parameters lower bounds :  1e-10 1e-10 
[job(772): 2016-09-09 20:17:05]   - parameters upper bounds :  43.26238 43.06076 
[job(772): 2016-09-09 20:17:05]   - best initial criterion value(s) :  53.87723 
[job(772): 2016-09-09 20:17:05] 
[job(772): 2016-09-09 20:17:05] N = 2, M = 5 machine precision = 2.22045e-16
[job(772): 2016-09-09 20:17:05] At X0, 0 variables are exactly at the bounds
[job(772): 2016-09-09 20:17:05] At iterate     0  f=      -53.877  |proj g|=       2.9223
[job(772): 2016-09-09 20:17:05] At iterate     1  f =       -58.29  |proj g|=        2.0521
[job(772): 2016-09-09 20:17:05] At iterate     2  f =      -58.619  |proj g|=        1.7504
[job(772): 2016-09-09 20:17:05] At iterate     3  f =      -59.198  |proj g|=       0.51633
[job(772): 2016-09-09 20:17:05] At iterate     4  f =      -59.225  |proj g|=       0.26739
[job(772): 2016-09-09 20:17:05] At iterate     5  f =      -59.236  |proj g|=      0.073491
[job(772): 2016-09-09 20:17:05] At iterate     6  f =       -59.63  |proj g|=        1.5876
[job(772): 2016-09-09 20:17:05] At iterate     7  f =      -59.634  |proj g|=        1.6826
[job(772): 2016-09-09 20:17:05] At iterate     8  f =      -60.857  |proj g|=        4.8429
[job(772): 2016-09-09 20:17:05] At iterate     9  f =      -64.465  |proj g|=        12.016
[job(772): 2016-09-09 20:17:05] At iterate    10  f =      -67.356  |proj g|=       0.51965
[job(772): 2016-09-09 20:17:05] At iterate    11  f =      -68.589  |proj g|=       0.29123
[job(772): 2016-09-09 20:17:05] At iterate    12  f =      -69.136  |proj g|=       0.21173
[job(772): 2016-09-09 20:17:05] At iterate    13  f =      -69.623  |proj g|=        4.6304
[job(772): 2016-09-09 20:17:05] At iterate    14  f =      -69.727  |proj g|=        15.111
[job(772): 2016-09-09 20:17:05] At iterate    15  f =      -70.755  |proj g|=        12.416
[job(772): 2016-09-09 20:17:05] At iterate    16  f =      -71.906  |proj g|=       0.13049
[job(772): 2016-09-09 20:17:05] At iterate    17  f =      -71.907  |proj g|=       0.62665
[job(772): 2016-09-09 20:17:05] At iterate    18  f =      -71.908  |proj g|=      0.041295
[job(772): 2016-09-09 20:17:05] At iterate    19  f =      -71.908  |proj g|=     0.0015452
[job(772): 2016-09-09 20:17:05] At iterate    20  f =      -71.908  |proj g|=    6.4545e-05
[job(772): 2016-09-09 20:17:05] 
[job(772): 2016-09-09 20:17:05] iterations 20
[job(772): 2016-09-09 20:17:05] function evaluations 43
[job(772): 2016-09-09 20:17:05] segments explored during Cauchy searches 21
[job(772): 2016-09-09 20:17:05] BFGS updates skipped 0
[job(772): 2016-09-09 20:17:05] active bounds at final generalized Cauchy point 0
[job(772): 2016-09-09 20:17:05] norm of the final projected gradient 6.45451e-05
[job(772): 2016-09-09 20:17:05] final function value -71.9075
[job(772): 2016-09-09 20:17:05] 
[job(772): 2016-09-09 20:17:05] F = -71.9075
[job(772): 2016-09-09 20:17:05] final  value -71.907540 
[job(772): 2016-09-09 20:17:05] converged
[job(772): 2016-09-09 20:17:05] [Tune-x] 17: C=0.00197; sigma=8.54
[job(772): 2016-09-09 20:17:05] [Tune-y] 17: acc.test.mean=0.191; time: 0.0 min; memory: 116Mb use, 157Mb max
[job(772): 2016-09-09 20:17:05] 
[job(772): 2016-09-09 20:17:05] optimisation start
[job(772): 2016-09-09 20:17:05] ------------------
[job(772): 2016-09-09 20:17:05] * estimation method   : MLE 
[job(772): 2016-09-09 20:17:05] * optimisation method : BFGS 
[job(772): 2016-09-09 20:17:05] * analytical gradient : used
[job(772): 2016-09-09 20:17:05] * trend model : ~1
[job(772): 2016-09-09 20:17:05] * covariance model : 
[job(772): 2016-09-09 20:17:05]   - type :  matern5_2 
[job(772): 2016-09-09 20:17:05]   - nugget : NO
[job(772): 2016-09-09 20:17:05]   - parameters lower bounds :  1e-10 1e-10 
[job(772): 2016-09-09 20:17:05]   - parameters upper bounds :  43.26238 43.06076 
[job(772): 2016-09-09 20:17:05]   - best initial criterion value(s) :  57.08321 
[job(772): 2016-09-09 20:17:05] 
[job(772): 2016-09-09 20:17:05] N = 2, M = 5 machine precision = 2.22045e-16
[job(772): 2016-09-09 20:17:05] At X0, 0 variables are exactly at the bounds
[job(772): 2016-09-09 20:17:05] At iterate     0  f=      -57.083  |proj g|=       3.0411
[job(772): 2016-09-09 20:17:05] At iterate     1  f =      -59.517  |proj g|=       0.40195
[job(772): 2016-09-09 20:17:05] At iterate     2  f =       -59.58  |proj g|=       0.35916
[job(772): 2016-09-09 20:17:05] At iterate     3  f =      -62.864  |proj g|=       0.96762
[job(772): 2016-09-09 20:17:05] At iterate     4  f =      -63.336  |proj g|=      0.094165
[job(772): 2016-09-09 20:17:05] At iterate     5  f =      -63.943  |proj g|=        2.4745
[job(772): 2016-09-09 20:17:05] At iterate     6  f =      -64.001  |proj g|=        2.6557
[job(772): 2016-09-09 20:17:05] At iterate     7  f =      -67.222  |proj g|=        15.483
[job(772): 2016-09-09 20:17:05] At iterate     8  f =       -73.39  |proj g|=       0.47964
[job(772): 2016-09-09 20:17:05] At iterate     9  f =      -75.107  |proj g|=       0.35334
[job(772): 2016-09-09 20:17:05] At iterate    10  f =      -76.459  |proj g|=        6.9641
[job(772): 2016-09-09 20:17:05] At iterate    11  f =      -76.911  |proj g|=       0.21145
[job(772): 2016-09-09 20:17:05] At iterate    12  f =       -77.03  |proj g|=        4.0587
[job(772): 2016-09-09 20:17:05] At iterate    13  f =      -77.093  |proj g|=       0.19892
[job(772): 2016-09-09 20:17:05] At iterate    14  f =      -77.094  |proj g|=      0.057106
[job(772): 2016-09-09 20:17:05] At iterate    15  f =      -77.094  |proj g|=    0.00093041
[job(772): 2016-09-09 20:17:05] At iterate    16  f =      -77.094  |proj g|=    8.5537e-07
[job(772): 2016-09-09 20:17:05] 
[job(772): 2016-09-09 20:17:05] iterations 16
[job(772): 2016-09-09 20:17:05] function evaluations 37
[job(772): 2016-09-09 20:17:05] segments explored during Cauchy searches 17
[job(772): 2016-09-09 20:17:05] BFGS updates skipped 0
[job(772): 2016-09-09 20:17:05] active bounds at final generalized Cauchy point 0
[job(772): 2016-09-09 20:17:05] norm of the final projected gradient 8.55369e-07
[job(772): 2016-09-09 20:17:05] final function value -77.0941
[job(772): 2016-09-09 20:17:05] 
[job(772): 2016-09-09 20:17:05] F = -77.0941
[job(772): 2016-09-09 20:17:05] final  value -77.094062 
[job(772): 2016-09-09 20:17:05] converged
[job(772): 2016-09-09 20:17:05] [Tune-x] 18: C=0.00197; sigma=212
[job(772): 2016-09-09 20:17:05] [Tune-y] 18: acc.test.mean=0.191; time: 0.0 min; memory: 116Mb use, 157Mb max
[job(772): 2016-09-09 20:17:05] 
[job(772): 2016-09-09 20:17:05] optimisation start
[job(772): 2016-09-09 20:17:05] ------------------
[job(772): 2016-09-09 20:17:05] * estimation method   : MLE 
[job(772): 2016-09-09 20:17:05] * optimisation method : BFGS 
[job(772): 2016-09-09 20:17:05] * analytical gradient : used
[job(772): 2016-09-09 20:17:05] * trend model : ~1
[job(772): 2016-09-09 20:17:05] * covariance model : 
[job(772): 2016-09-09 20:17:05]   - type :  matern5_2 
[job(772): 2016-09-09 20:17:05]   - nugget : NO
[job(772): 2016-09-09 20:17:05]   - parameters lower bounds :  1e-10 1e-10 
[job(772): 2016-09-09 20:17:05]   - parameters upper bounds :  43.26238 43.06076 
[job(772): 2016-09-09 20:17:05]   - best initial criterion value(s) :  68.1794 
[job(772): 2016-09-09 20:17:05] 
[job(772): 2016-09-09 20:17:05] N = 2, M = 5 machine precision = 2.22045e-16
[job(772): 2016-09-09 20:17:05] At X0, 0 variables are exactly at the bounds
[job(772): 2016-09-09 20:17:05] At iterate     0  f=      -68.179  |proj g|=      0.59957
[job(772): 2016-09-09 20:17:05] At iterate     1  f =       -68.34  |proj g|=       0.62448
[job(772): 2016-09-09 20:17:05] At iterate     2  f =      -68.746  |proj g|=       0.71465
[job(772): 2016-09-09 20:17:05] At iterate     3  f =      -84.301  |proj g|=      0.055328
[job(772): 2016-09-09 20:17:05] At iterate     4  f =      -84.301  |proj g|=      0.055315
[job(772): 2016-09-09 20:17:05] At iterate     5  f =      -84.305  |proj g|=        2.6786
[job(772): 2016-09-09 20:17:05] At iterate     6  f =      -84.318  |proj g|=        7.8007
[job(772): 2016-09-09 20:17:05] At iterate     7  f =      -84.344  |proj g|=        11.962
[job(772): 2016-09-09 20:17:05] At iterate     8  f =      -84.365  |proj g|=        8.6377
[job(772): 2016-09-09 20:17:05] At iterate     9  f =      -84.371  |proj g|=        2.8013
[job(772): 2016-09-09 20:17:05] At iterate    10  f =      -84.371  |proj g|=       0.50865
[job(772): 2016-09-09 20:17:05] At iterate    11  f =      -84.371  |proj g|=     0.0050363
[job(772): 2016-09-09 20:17:05] At iterate    12  f =      -84.371  |proj g|=     0.0029738
[job(772): 2016-09-09 20:17:05] Bad direction in the line search;
[job(772): 2016-09-09 20:17:05]    refresh the lbfgs memory and restart the iteration.
[job(772): 2016-09-09 20:17:05] At iterate    13  f =      -84.371  |proj g|=     0.0029732
[job(772): 2016-09-09 20:17:05] 
[job(772): 2016-09-09 20:17:05] iterations 13
[job(772): 2016-09-09 20:17:05] function evaluations 49
[job(772): 2016-09-09 20:17:05] segments explored during Cauchy searches 16
[job(772): 2016-09-09 20:17:05] BFGS updates skipped 0
[job(772): 2016-09-09 20:17:05] active bounds at final generalized Cauchy point 0
[job(772): 2016-09-09 20:17:05] norm of the final projected gradient 0.00297322
[job(772): 2016-09-09 20:17:05] final function value -84.3711
[job(772): 2016-09-09 20:17:05] 
[job(772): 2016-09-09 20:17:05] F = -84.3711
[job(772): 2016-09-09 20:17:05] final  value -84.371146 
[job(772): 2016-09-09 20:17:05] converged
[job(772): 2016-09-09 20:17:05] [Tune-x] 19: C=0.00196; sigma=0.000244
[job(772): 2016-09-09 20:17:05] [Tune-y] 19: acc.test.mean=0.191; time: 0.0 min; memory: 116Mb use, 157Mb max
[job(772): 2016-09-09 20:17:05] 
[job(772): 2016-09-09 20:17:05] optimisation start
[job(772): 2016-09-09 20:17:05] ------------------
[job(772): 2016-09-09 20:17:05] * estimation method   : MLE 
[job(772): 2016-09-09 20:17:05] * optimisation method : BFGS 
[job(772): 2016-09-09 20:17:05] * analytical gradient : used
[job(772): 2016-09-09 20:17:05] * trend model : ~1
[job(772): 2016-09-09 20:17:05] * covariance model : 
[job(772): 2016-09-09 20:17:05]   - type :  matern5_2 
[job(772): 2016-09-09 20:17:05]   - nugget : NO
[job(772): 2016-09-09 20:17:05]   - parameters lower bounds :  1e-10 1e-10 
[job(772): 2016-09-09 20:17:05]   - parameters upper bounds :  43.26238 45.49285 
[job(772): 2016-09-09 20:17:05]   - best initial criterion value(s) :  63.8315 
[job(772): 2016-09-09 20:17:05] 
[job(772): 2016-09-09 20:17:05] N = 2, M = 5 machine precision = 2.22045e-16
[job(772): 2016-09-09 20:17:05] At X0, 0 variables are exactly at the bounds
[job(772): 2016-09-09 20:17:05] At iterate     0  f=      -63.832  |proj g|=       8.8169
[job(772): 2016-09-09 20:17:05] At iterate     1  f =      -67.044  |proj g|=       0.53937
[job(772): 2016-09-09 20:17:05] At iterate     2  f =      -67.072  |proj g|=       0.31661
[job(772): 2016-09-09 20:17:05] At iterate     3  f =      -67.091  |proj g|=       0.30029
[job(772): 2016-09-09 20:17:05] At iterate     4  f =      -67.135  |proj g|=       0.57499
[job(772): 2016-09-09 20:17:05] At iterate     5  f =       -67.24  |proj g|=        1.0605
[job(772): 2016-09-09 20:17:05] At iterate     6  f =      -69.083  |proj g|=         3.385
[job(772): 2016-09-09 20:17:05] At iterate     7  f =      -69.103  |proj g|=        3.4323
[job(772): 2016-09-09 20:17:05] At iterate     8  f =      -72.324  |proj g|=        3.8718
[job(772): 2016-09-09 20:17:05] At iterate     9  f =      -83.112  |proj g|=       0.49355
[job(772): 2016-09-09 20:17:05] At iterate    10  f =      -85.781  |proj g|=        8.2058
[job(772): 2016-09-09 20:17:05] At iterate    11  f =      -86.339  |proj g|=       0.20839
[job(772): 2016-09-09 20:17:05] At iterate    12  f =      -86.448  |proj g|=        4.4476
[job(772): 2016-09-09 20:17:05] At iterate    13  f =      -86.534  |proj g|=        0.1868
[job(772): 2016-09-09 20:17:05] At iterate    14  f =      -86.535  |proj g|=      0.028011
[job(772): 2016-09-09 20:17:05] At iterate    15  f =      -86.535  |proj g|=    1.2863e-05
[job(772): 2016-09-09 20:17:05] At iterate    16  f =      -86.535  |proj g|=    2.4549e-06
[job(772): 2016-09-09 20:17:05] 
[job(772): 2016-09-09 20:17:05] iterations 16
[job(772): 2016-09-09 20:17:05] function evaluations 33
[job(772): 2016-09-09 20:17:05] segments explored during Cauchy searches 16
[job(772): 2016-09-09 20:17:05] BFGS updates skipped 0
[job(772): 2016-09-09 20:17:05] active bounds at final generalized Cauchy point 0
[job(772): 2016-09-09 20:17:05] norm of the final projected gradient 2.45485e-06
[job(772): 2016-09-09 20:17:05] final function value -86.5346
[job(772): 2016-09-09 20:17:05] 
[job(772): 2016-09-09 20:17:05] F = -86.5346
[job(772): 2016-09-09 20:17:05] final  value -86.534646 
[job(772): 2016-09-09 20:17:05] converged
[job(772): 2016-09-09 20:17:05] [Tune-x] 20: C=0.00196; sigma=2.65e+03
[job(772): 2016-09-09 20:17:05] [Tune-y] 20: acc.test.mean=0.192; time: 0.0 min; memory: 116Mb use, 157Mb max
[job(772): 2016-09-09 20:17:05] 
[job(772): 2016-09-09 20:17:05] optimisation start
[job(772): 2016-09-09 20:17:05] ------------------
[job(772): 2016-09-09 20:17:05] * estimation method   : MLE 
[job(772): 2016-09-09 20:17:05] * optimisation method : BFGS 
[job(772): 2016-09-09 20:17:05] * analytical gradient : used
[job(772): 2016-09-09 20:17:05] * trend model : ~1
[job(772): 2016-09-09 20:17:05] * covariance model : 
[job(772): 2016-09-09 20:17:05]   - type :  matern5_2 
[job(772): 2016-09-09 20:17:05]   - nugget : NO
[job(772): 2016-09-09 20:17:05]   - parameters lower bounds :  1e-10 1e-10 
[job(772): 2016-09-09 20:17:05]   - parameters upper bounds :  43.26238 46.7417 
[job(772): 2016-09-09 20:17:05]   - best initial criterion value(s) :  67.80001 
[job(772): 2016-09-09 20:17:05] 
[job(772): 2016-09-09 20:17:05] N = 2, M = 5 machine precision = 2.22045e-16
[job(772): 2016-09-09 20:17:05] At X0, 0 variables are exactly at the bounds
[job(772): 2016-09-09 20:17:05] At iterate     0  f=        -67.8  |proj g|=       1.4586
[job(772): 2016-09-09 20:17:05] At iterate     1  f =      -79.754  |proj g|=        4.5429
[job(772): 2016-09-09 20:17:05] At iterate     2  f =      -79.837  |proj g|=        2.4427
[job(772): 2016-09-09 20:17:05] At iterate     3  f =      -79.965  |proj g|=         2.436
[job(772): 2016-09-09 20:17:05] At iterate     4  f =      -80.422  |proj g|=         7.093
[job(772): 2016-09-09 20:17:05] At iterate     5  f =       -81.04  |proj g|=        11.164
[job(772): 2016-09-09 20:17:05] At iterate     6  f =      -85.433  |proj g|=        16.269
[job(772): 2016-09-09 20:17:05] At iterate     7  f =      -87.769  |proj g|=        1.6504
[job(772): 2016-09-09 20:17:05] At iterate     8  f =      -87.801  |proj g|=       0.35223
[job(772): 2016-09-09 20:17:05] At iterate     9  f =      -87.801  |proj g|=      0.059998
[job(772): 2016-09-09 20:17:05] At iterate    10  f =      -87.801  |proj g|=      0.002754
[job(772): 2016-09-09 20:17:05] At iterate    11  f =      -87.801  |proj g|=    2.1681e-06
[job(772): 2016-09-09 20:17:05] 
[job(772): 2016-09-09 20:17:05] iterations 11
[job(772): 2016-09-09 20:17:05] function evaluations 19
[job(772): 2016-09-09 20:17:05] segments explored during Cauchy searches 12
[job(772): 2016-09-09 20:17:05] BFGS updates skipped 0
[job(772): 2016-09-09 20:17:05] active bounds at final generalized Cauchy point 0
[job(772): 2016-09-09 20:17:05] norm of the final projected gradient 2.1681e-06
[job(772): 2016-09-09 20:17:05] final function value -87.8013
[job(772): 2016-09-09 20:17:05] 
[job(772): 2016-09-09 20:17:05] F = -87.8013
[job(772): 2016-09-09 20:17:05] final  value -87.801306 
[job(772): 2016-09-09 20:17:05] converged
[job(772): 2016-09-09 20:17:05] [Tune-x] 21: C=0.00194; sigma=4.09e+03
[job(772): 2016-09-09 20:17:05] [Tune-y] 21: acc.test.mean=0.169; time: 0.0 min; memory: 116Mb use, 157Mb max
[job(772): 2016-09-09 20:17:05] 
[job(772): 2016-09-09 20:17:05] optimisation start
[job(772): 2016-09-09 20:17:05] ------------------
[job(772): 2016-09-09 20:17:05] * estimation method   : MLE 
[job(772): 2016-09-09 20:17:05] * optimisation method : BFGS 
[job(772): 2016-09-09 20:17:05] * analytical gradient : used
[job(772): 2016-09-09 20:17:05] * trend model : ~1
[job(772): 2016-09-09 20:17:05] * covariance model : 
[job(772): 2016-09-09 20:17:05]   - type :  matern5_2 
[job(772): 2016-09-09 20:17:05]   - nugget : NO
[job(772): 2016-09-09 20:17:05]   - parameters lower bounds :  1e-10 1e-10 
[job(772): 2016-09-09 20:17:05]   - parameters upper bounds :  43.26238 47.99495 
[job(772): 2016-09-09 20:17:05]   - best initial criterion value(s) :  65.89626 
[job(772): 2016-09-09 20:17:05] 
[job(772): 2016-09-09 20:17:05] N = 2, M = 5 machine precision = 2.22045e-16
[job(772): 2016-09-09 20:17:05] At X0, 0 variables are exactly at the bounds
[job(772): 2016-09-09 20:17:05] At iterate     0  f=      -65.896  |proj g|=       14.577
[job(772): 2016-09-09 20:17:05] At iterate     1  f =      -69.856  |proj g|=       0.93653
[job(772): 2016-09-09 20:17:05] At iterate     2  f =      -70.007  |proj g|=       0.60485
[job(772): 2016-09-09 20:17:05] At iterate     3  f =      -70.042  |proj g|=        0.5271
[job(772): 2016-09-09 20:17:05] At iterate     4  f =      -70.076  |proj g|=       0.53487
[job(772): 2016-09-09 20:17:05] At iterate     5  f =      -70.229  |proj g|=        1.6603
[job(772): 2016-09-09 20:17:05] At iterate     6  f =      -70.495  |proj g|=        2.9228
[job(772): 2016-09-09 20:17:05] At iterate     7  f =      -70.961  |proj g|=        3.9448
[job(772): 2016-09-09 20:17:05] At iterate     8  f =      -71.535  |proj g|=        2.7399
[job(772): 2016-09-09 20:17:05] At iterate     9  f =      -71.703  |proj g|=        1.9005
[job(772): 2016-09-09 20:17:05] At iterate    10  f =      -71.797  |proj g|=        1.1384
[job(772): 2016-09-09 20:17:05] At iterate    11  f =      -71.833  |proj g|=       0.63432
[job(772): 2016-09-09 20:17:05] At iterate    12  f =      -71.847  |proj g|=      0.088592
[job(772): 2016-09-09 20:17:05] At iterate    13  f =      -71.849  |proj g|=      0.033321
[job(772): 2016-09-09 20:17:05] At iterate    14  f =      -71.849  |proj g|=     0.0060221
[job(772): 2016-09-09 20:17:05] At iterate    15  f =      -71.849  |proj g|=     0.0036606
[job(772): 2016-09-09 20:17:05] At iterate    16  f =      -71.849  |proj g|=       0.00218
[job(772): 2016-09-09 20:17:05] At iterate    17  f =      -71.849  |proj g|=    3.3893e-05
[job(772): 2016-09-09 20:17:05] 
[job(772): 2016-09-09 20:17:05] iterations 17
[job(772): 2016-09-09 20:17:05] function evaluations 25
[job(772): 2016-09-09 20:17:05] segments explored during Cauchy searches 17
[job(772): 2016-09-09 20:17:05] BFGS updates skipped 0
[job(772): 2016-09-09 20:17:05] active bounds at final generalized Cauchy point 0
[job(772): 2016-09-09 20:17:05] norm of the final projected gradient 3.38933e-05
[job(772): 2016-09-09 20:17:05] final function value -71.8488
[job(772): 2016-09-09 20:17:05] 
[job(772): 2016-09-09 20:17:05] F = -71.8488
[job(772): 2016-09-09 20:17:05] final  value -71.848847 
[job(772): 2016-09-09 20:17:05] converged
[job(772): 2016-09-09 20:17:05] [Tune-x] 22: C=0.00197; sigma=2.32e+03
[job(772): 2016-09-09 20:17:05] [Tune-y] 22: acc.test.mean=0.189; time: 0.0 min; memory: 116Mb use, 164Mb max
[job(772): 2016-09-09 20:17:05] 
[job(772): 2016-09-09 20:17:05] optimisation start
[job(772): 2016-09-09 20:17:05] ------------------
[job(772): 2016-09-09 20:17:05] * estimation method   : MLE 
[job(772): 2016-09-09 20:17:05] * optimisation method : BFGS 
[job(772): 2016-09-09 20:17:05] * analytical gradient : used
[job(772): 2016-09-09 20:17:05] * trend model : ~1
[job(772): 2016-09-09 20:17:05] * covariance model : 
[job(772): 2016-09-09 20:17:05]   - type :  matern5_2 
[job(772): 2016-09-09 20:17:05]   - nugget : NO
[job(772): 2016-09-09 20:17:05]   - parameters lower bounds :  1e-10 1e-10 
[job(772): 2016-09-09 20:17:05]   - parameters upper bounds :  43.26238 47.99495 
[job(772): 2016-09-09 20:17:05]   - best initial criterion value(s) :  65.59893 
[job(772): 2016-09-09 20:17:05] 
[job(772): 2016-09-09 20:17:05] N = 2, M = 5 machine precision = 2.22045e-16
[job(772): 2016-09-09 20:17:05] At X0, 0 variables are exactly at the bounds
[job(772): 2016-09-09 20:17:05] At iterate     0  f=      -65.599  |proj g|=       1.3906
[job(772): 2016-09-09 20:17:05] At iterate     1  f =      -68.507  |proj g|=             0
[job(772): 2016-09-09 20:17:05] 
[job(772): 2016-09-09 20:17:05] iterations 1
[job(772): 2016-09-09 20:17:05] function evaluations 2
[job(772): 2016-09-09 20:17:05] segments explored during Cauchy searches 2
[job(772): 2016-09-09 20:17:05] BFGS updates skipped 0
[job(772): 2016-09-09 20:17:05] active bounds at final generalized Cauchy point 1
[job(772): 2016-09-09 20:17:05] norm of the final projected gradient 0
[job(772): 2016-09-09 20:17:05] final function value -68.5067
[job(772): 2016-09-09 20:17:05] 
[job(772): 2016-09-09 20:17:05] F = -68.5067
[job(772): 2016-09-09 20:17:05] final  value -68.506664 
[job(772): 2016-09-09 20:17:05] converged
[job(772): 2016-09-09 20:17:05] [Tune-x] 23: C=0.00197; sigma=0.00884
[job(772): 2016-09-09 20:17:05] [Tune-y] 23: acc.test.mean=0.191; time: 0.0 min; memory: 116Mb use, 164Mb max
[job(772): 2016-09-09 20:17:05] 
[job(772): 2016-09-09 20:17:05] optimisation start
[job(772): 2016-09-09 20:17:05] ------------------
[job(772): 2016-09-09 20:17:05] * estimation method   : MLE 
[job(772): 2016-09-09 20:17:05] * optimisation method : BFGS 
[job(772): 2016-09-09 20:17:05] * analytical gradient : used
[job(772): 2016-09-09 20:17:05] * trend model : ~1
[job(772): 2016-09-09 20:17:05] * covariance model : 
[job(772): 2016-09-09 20:17:05]   - type :  matern5_2 
[job(772): 2016-09-09 20:17:05]   - nugget : NO
[job(772): 2016-09-09 20:17:05]   - parameters lower bounds :  1e-10 1e-10 
[job(772): 2016-09-09 20:17:05]   - parameters upper bounds :  43.26238 47.99495 
[job(772): 2016-09-09 20:17:05]   - best initial criterion value(s) :  13.50692 
[job(772): 2016-09-09 20:17:05] 
[job(772): 2016-09-09 20:17:05] N = 2, M = 5 machine precision = 2.22045e-16
[job(772): 2016-09-09 20:17:05] At X0, 0 variables are exactly at the bounds
[job(772): 2016-09-09 20:17:05] At iterate     0  f=      -13.507  |proj g|=       1.6178
[job(772): 2016-09-09 20:17:05] At iterate     1  f =      -16.397  |proj g|=        1.8124
[job(772): 2016-09-09 20:17:05] ys=-3.042e-01  -gs= 2.745e+00, BFGS update SKIPPED
[job(772): 2016-09-09 20:17:05] At iterate     2  f =      -71.918  |proj g|=             0
[job(772): 2016-09-09 20:17:05] 
[job(772): 2016-09-09 20:17:05] iterations 2
[job(772): 2016-09-09 20:17:05] function evaluations 5
[job(772): 2016-09-09 20:17:05] segments explored during Cauchy searches 2
[job(772): 2016-09-09 20:17:05] BFGS updates skipped 1
[job(772): 2016-09-09 20:17:05] active bounds at final generalized Cauchy point 0
[job(772): 2016-09-09 20:17:05] norm of the final projected gradient 0
[job(772): 2016-09-09 20:17:05] final function value -71.9185
[job(772): 2016-09-09 20:17:05] 
[job(772): 2016-09-09 20:17:05] F = -71.9185
[job(772): 2016-09-09 20:17:05] final  value -71.918491 
[job(772): 2016-09-09 20:17:05] converged
[job(772): 2016-09-09 20:17:05] [Tune-x] 24: C=0.0059; sigma=0.00787
[job(772): 2016-09-09 20:17:05] [Tune-y] 24: acc.test.mean=0.191; time: 0.0 min; memory: 116Mb use, 164Mb max
[job(772): 2016-09-09 20:17:05] 
[job(772): 2016-09-09 20:17:05] optimisation start
[job(772): 2016-09-09 20:17:05] ------------------
[job(772): 2016-09-09 20:17:05] * estimation method   : MLE 
[job(772): 2016-09-09 20:17:05] * optimisation method : BFGS 
[job(772): 2016-09-09 20:17:05] * analytical gradient : used
[job(772): 2016-09-09 20:17:05] * trend model : ~1
[job(772): 2016-09-09 20:17:05] * covariance model : 
[job(772): 2016-09-09 20:17:05]   - type :  matern5_2 
[job(772): 2016-09-09 20:17:05]   - nugget : NO
[job(772): 2016-09-09 20:17:05]   - parameters lower bounds :  1e-10 1e-10 
[job(772): 2016-09-09 20:17:05]   - parameters upper bounds :  43.26238 47.99495 
[job(772): 2016-09-09 20:17:05]   - best initial criterion value(s) :  45.5427 
[job(772): 2016-09-09 20:17:05] 
[job(772): 2016-09-09 20:17:05] N = 2, M = 5 machine precision = 2.22045e-16
[job(772): 2016-09-09 20:17:05] At X0, 0 variables are exactly at the bounds
[job(772): 2016-09-09 20:17:05] At iterate     0  f=      -45.543  |proj g|=       4.4871
[job(772): 2016-09-09 20:17:05] At iterate     1  f =      -75.355  |proj g|=             0
[job(772): 2016-09-09 20:17:05] 
[job(772): 2016-09-09 20:17:05] iterations 1
[job(772): 2016-09-09 20:17:05] function evaluations 2
[job(772): 2016-09-09 20:17:05] segments explored during Cauchy searches 2
[job(772): 2016-09-09 20:17:05] BFGS updates skipped 0
[job(772): 2016-09-09 20:17:05] active bounds at final generalized Cauchy point 1
[job(772): 2016-09-09 20:17:05] norm of the final projected gradient 0
[job(772): 2016-09-09 20:17:05] final function value -75.3551
[job(772): 2016-09-09 20:17:05] 
[job(772): 2016-09-09 20:17:05] F = -75.3551
[job(772): 2016-09-09 20:17:05] final  value -75.355056 
[job(772): 2016-09-09 20:17:05] converged
[job(772): 2016-09-09 20:17:05] [Tune-x] 25: C=0.000377; sigma=33.5
[job(772): 2016-09-09 20:17:05] [Tune-y] 25: acc.test.mean=0.17; time: 0.0 min; memory: 116Mb use, 164Mb max
[job(772): 2016-09-09 20:17:05] 
[job(772): 2016-09-09 20:17:05] optimisation start
[job(772): 2016-09-09 20:17:05] ------------------
[job(772): 2016-09-09 20:17:05] * estimation method   : MLE 
[job(772): 2016-09-09 20:17:05] * optimisation method : BFGS 
[job(772): 2016-09-09 20:17:05] * analytical gradient : used
[job(772): 2016-09-09 20:17:05] * trend model : ~1
[job(772): 2016-09-09 20:17:05] * covariance model : 
[job(772): 2016-09-09 20:17:05]   - type :  matern5_2 
[job(772): 2016-09-09 20:17:05]   - nugget : NO
[job(772): 2016-09-09 20:17:05]   - parameters lower bounds :  1e-10 1e-10 
[job(772): 2016-09-09 20:17:05]   - parameters upper bounds :  43.26238 47.99495 
[job(772): 2016-09-09 20:17:05]   - best initial criterion value(s) :  67.52848 
[job(772): 2016-09-09 20:17:05] 
[job(772): 2016-09-09 20:17:05] N = 2, M = 5 machine precision = 2.22045e-16
[job(772): 2016-09-09 20:17:05] At X0, 0 variables are exactly at the bounds
[job(772): 2016-09-09 20:17:05] At iterate     0  f=      -67.528  |proj g|=       2.9473
[job(772): 2016-09-09 20:17:05] At iterate     1  f =      -67.701  |proj g|=        1.2057
[job(772): 2016-09-09 20:17:05] At iterate     2  f =      -67.801  |proj g|=       0.36991
[job(772): 2016-09-09 20:17:05] At iterate     3  f =      -67.815  |proj g|=       0.37853
[job(772): 2016-09-09 20:17:05] At iterate     4  f =      -67.853  |proj g|=       0.57476
[job(772): 2016-09-09 20:17:05] At iterate     5  f =      -67.966  |proj g|=        1.5568
[job(772): 2016-09-09 20:17:05] At iterate     6  f =      -68.267  |proj g|=        3.2768
[job(772): 2016-09-09 20:17:05] At iterate     7  f =      -69.284  |proj g|=        6.7049
[job(772): 2016-09-09 20:17:05] At iterate     8  f =      -78.089  |proj g|=             0
[job(772): 2016-09-09 20:17:05] 
[job(772): 2016-09-09 20:17:05] iterations 8
[job(772): 2016-09-09 20:17:05] function evaluations 10
[job(772): 2016-09-09 20:17:05] segments explored during Cauchy searches 8
[job(772): 2016-09-09 20:17:05] BFGS updates skipped 0
[job(772): 2016-09-09 20:17:05] active bounds at final generalized Cauchy point 0
[job(772): 2016-09-09 20:17:05] norm of the final projected gradient 0
[job(772): 2016-09-09 20:17:05] final function value -78.0887
[job(772): 2016-09-09 20:17:05] 
[job(772): 2016-09-09 20:17:05] F = -78.0887
[job(772): 2016-09-09 20:17:05] final  value -78.088749 
[job(772): 2016-09-09 20:17:05] converged
[job(772): 2016-09-09 20:17:05] [Tune-x] 26: C=0.00222; sigma=0.000604
[job(772): 2016-09-09 20:17:05] [Tune-y] 26: acc.test.mean=0.191; time: 0.0 min; memory: 116Mb use, 164Mb max
[job(772): 2016-09-09 20:17:05] 
[job(772): 2016-09-09 20:17:05] optimisation start
[job(772): 2016-09-09 20:17:05] ------------------
[job(772): 2016-09-09 20:17:05] * estimation method   : MLE 
[job(772): 2016-09-09 20:17:05] * optimisation method : BFGS 
[job(772): 2016-09-09 20:17:05] * analytical gradient : used
[job(772): 2016-09-09 20:17:05] * trend model : ~1
[job(772): 2016-09-09 20:17:05] * covariance model : 
[job(772): 2016-09-09 20:17:05]   - type :  matern5_2 
[job(772): 2016-09-09 20:17:05]   - nugget : NO
[job(772): 2016-09-09 20:17:05]   - parameters lower bounds :  1e-10 1e-10 
[job(772): 2016-09-09 20:17:05]   - parameters upper bounds :  43.26238 47.99495 
[job(772): 2016-09-09 20:17:05]   - best initial criterion value(s) :  65.37428 
[job(772): 2016-09-09 20:17:05] 
[job(772): 2016-09-09 20:17:05] N = 2, M = 5 machine precision = 2.22045e-16
[job(772): 2016-09-09 20:17:05] At X0, 0 variables are exactly at the bounds
[job(772): 2016-09-09 20:17:05] At iterate     0  f=      -65.374  |proj g|=       2.0957
[job(772): 2016-09-09 20:17:05] At iterate     1  f =      -81.506  |proj g|=             0
[job(772): 2016-09-09 20:17:05] 
[job(772): 2016-09-09 20:17:05] iterations 1
[job(772): 2016-09-09 20:17:05] function evaluations 2
[job(772): 2016-09-09 20:17:05] segments explored during Cauchy searches 2
[job(772): 2016-09-09 20:17:05] BFGS updates skipped 0
[job(772): 2016-09-09 20:17:05] active bounds at final generalized Cauchy point 1
[job(772): 2016-09-09 20:17:05] norm of the final projected gradient 0
[job(772): 2016-09-09 20:17:05] final function value -81.5058
[job(772): 2016-09-09 20:17:05] 
[job(772): 2016-09-09 20:17:05] F = -81.5058
[job(772): 2016-09-09 20:17:05] final  value -81.505754 
[job(772): 2016-09-09 20:17:05] converged
[job(772): 2016-09-09 20:17:05] [Tune-x] 27: C=0.00566; sigma=9.11
[job(772): 2016-09-09 20:17:05] [Tune-y] 27: acc.test.mean=0.17; time: 0.0 min; memory: 116Mb use, 164Mb max
[job(772): 2016-09-09 20:17:05] 
[job(772): 2016-09-09 20:17:05] optimisation start
[job(772): 2016-09-09 20:17:05] ------------------
[job(772): 2016-09-09 20:17:05] * estimation method   : MLE 
[job(772): 2016-09-09 20:17:05] * optimisation method : BFGS 
[job(772): 2016-09-09 20:17:05] * analytical gradient : used
[job(772): 2016-09-09 20:17:05] * trend model : ~1
[job(772): 2016-09-09 20:17:05] * covariance model : 
[job(772): 2016-09-09 20:17:05]   - type :  matern5_2 
[job(772): 2016-09-09 20:17:05]   - nugget : NO
[job(772): 2016-09-09 20:17:05]   - parameters lower bounds :  1e-10 1e-10 
[job(772): 2016-09-09 20:17:05]   - parameters upper bounds :  43.26238 47.99495 
[job(772): 2016-09-09 20:17:05]   - best initial criterion value(s) :  63.87865 
[job(772): 2016-09-09 20:17:05] 
[job(772): 2016-09-09 20:17:05] N = 2, M = 5 machine precision = 2.22045e-16
[job(772): 2016-09-09 20:17:05] At X0, 0 variables are exactly at the bounds
[job(772): 2016-09-09 20:17:05] At iterate     0  f=      -63.879  |proj g|=       1.1361
[job(772): 2016-09-09 20:17:05] At iterate     1  f =      -84.277  |proj g|=             0
[job(772): 2016-09-09 20:17:05] 
[job(772): 2016-09-09 20:17:05] iterations 1
[job(772): 2016-09-09 20:17:05] function evaluations 2
[job(772): 2016-09-09 20:17:05] segments explored during Cauchy searches 2
[job(772): 2016-09-09 20:17:05] BFGS updates skipped 0
[job(772): 2016-09-09 20:17:05] active bounds at final generalized Cauchy point 1
[job(772): 2016-09-09 20:17:05] norm of the final projected gradient 0
[job(772): 2016-09-09 20:17:05] final function value -84.2771
[job(772): 2016-09-09 20:17:05] 
[job(772): 2016-09-09 20:17:05] F = -84.2771
[job(772): 2016-09-09 20:17:05] final  value -84.277132 
[job(772): 2016-09-09 20:17:05] converged
[job(772): 2016-09-09 20:17:05] [Tune-x] 28: C=2.93e+03; sigma=2.45e+03
[job(772): 2016-09-09 20:17:05] [Tune-y] 28: acc.test.mean=0.155; time: 0.1 min; memory: 116Mb use, 166Mb max
[job(772): 2016-09-09 20:17:05] 
[job(772): 2016-09-09 20:17:05] optimisation start
[job(772): 2016-09-09 20:17:05] ------------------
[job(772): 2016-09-09 20:17:05] * estimation method   : MLE 
[job(772): 2016-09-09 20:17:05] * optimisation method : BFGS 
[job(772): 2016-09-09 20:17:05] * analytical gradient : used
[job(772): 2016-09-09 20:17:05] * trend model : ~1
[job(772): 2016-09-09 20:17:05] * covariance model : 
[job(772): 2016-09-09 20:17:05]   - type :  matern5_2 
[job(772): 2016-09-09 20:17:05]   - nugget : NO
[job(772): 2016-09-09 20:17:05]   - parameters lower bounds :  1e-10 1e-10 
[job(772): 2016-09-09 20:17:05]   - parameters upper bounds :  46.66581 47.99495 
[job(772): 2016-09-09 20:17:05]   - best initial criterion value(s) :  37.44066 
[job(772): 2016-09-09 20:17:05] 
[job(772): 2016-09-09 20:17:05] N = 2, M = 5 machine precision = 2.22045e-16
[job(772): 2016-09-09 20:17:05] At X0, 0 variables are exactly at the bounds
[job(772): 2016-09-09 20:17:05] At iterate     0  f=      -37.441  |proj g|=       3.1003
[job(772): 2016-09-09 20:17:05] At iterate     1  f =      -50.631  |proj g|=          3.73
[job(772): 2016-09-09 20:17:05] ys=-8.174e+00  -gs= 9.614e+00, BFGS update SKIPPED
[job(772): 2016-09-09 20:17:05] At iterate     2  f =      -84.651  |proj g|=             0
[job(772): 2016-09-09 20:17:05] 
[job(772): 2016-09-09 20:17:05] iterations 2
[job(772): 2016-09-09 20:17:05] function evaluations 3
[job(772): 2016-09-09 20:17:05] segments explored during Cauchy searches 3
[job(772): 2016-09-09 20:17:05] BFGS updates skipped 1
[job(772): 2016-09-09 20:17:05] active bounds at final generalized Cauchy point 1
[job(772): 2016-09-09 20:17:05] norm of the final projected gradient 0
[job(772): 2016-09-09 20:17:05] final function value -84.6514
[job(772): 2016-09-09 20:17:05] 
[job(772): 2016-09-09 20:17:05] F = -84.6514
[job(772): 2016-09-09 20:17:05] final  value -84.651436 
[job(772): 2016-09-09 20:17:05] converged
[job(772): 2016-09-09 20:17:05] [Tune] Result: C=0.00196; sigma=2.65e+03 : acc.test.mean=-0.192
[job(772): 2016-09-09 20:17:05] Job terminated successfully
[job(chunk): 2016-09-09 20:17:06] Calculation finished!
