[job(chunk): 2016-09-10 01:00:06] Starting calculation of 1 jobs
[job(chunk): 2016-09-10 01:00:06] Setting working directory to '/naslx/projects/pr74ze/ri89coc2/svm_comparison'
[job(chunk): 2016-09-10 01:00:06] Memory measurement disabled
[job(1424): 2016-09-10 01:00:08] Starting job with job.id=1424
[job(1424): 2016-09-10 01:01:50] Generating problem instance for problem '1555' ...
[job(1424): 2016-09-10 01:01:50] Data '1555' file 'description.xml' found in cache.
[job(1424): 2016-09-10 01:01:50] Data '1555' file 'dataset.arff' found in cache.
[job(1424): 2016-09-10 01:01:50] Loading required package: readr
[job(1424): 2016-09-10 01:01:50] Applying algorithm 'spoc-svc.tuned' on problem '1555' ...
[job(1424): 2016-09-10 01:01:50] Data '1555' file 'description.xml' found in cache.
[job(1424): 2016-09-10 01:01:50] Data '1555' file 'dataset.arff' found in cache.
[job(1424): 2016-09-10 01:01:50] [Tune] Started tuning learner spoc-svc for parameter set:
[job(1424): 2016-09-10 01:01:50]          Type len Def    Constr Req Tunable Trafo
[job(1424): 2016-09-10 01:01:50] C     numeric   -   - -12 to 12   -    TRUE     Y
[job(1424): 2016-09-10 01:01:50] sigma numeric   -   - -12 to 12   -    TRUE     Y
[job(1424): 2016-09-10 01:01:50] With control class: TuneControlMBO
[job(1424): 2016-09-10 01:01:50] Imputation value: -0
[job(1424): 2016-09-10 01:01:50] [Tune-x] 1: C=2.5e+03; sigma=332
[job(1424): 2016-09-10 01:01:50] [Tune-y] 1: acc.test.mean=0.0856; time: 0.0 min; memory: 113Mb use, 160Mb max
[job(1424): 2016-09-10 01:01:50] [Tune-x] 2: C=3.98; sigma=0.0152
[job(1424): 2016-09-10 01:01:50] [Tune-y] 2: acc.test.mean=0.164; time: 0.1 min; memory: 113Mb use, 160Mb max
[job(1424): 2016-09-10 01:01:50] [Tune-x] 3: C=0.0133; sigma=0.171
[job(1424): 2016-09-10 01:01:50] [Tune-y] 3: acc.test.mean=0.214; time: 0.0 min; memory: 113Mb use, 160Mb max
[job(1424): 2016-09-10 01:01:50] [Tune-x] 4: C=12.7; sigma=6.26
[job(1424): 2016-09-10 01:01:50] [Tune-y] 4: acc.test.mean=0.162; time: 0.0 min; memory: 113Mb use, 160Mb max
[job(1424): 2016-09-10 01:01:50] [Tune-x] 5: C=0.0368; sigma=0.000784
[job(1424): 2016-09-10 01:01:50] [Tune-y] 5: acc.test.mean=0.132; time: 0.0 min; memory: 113Mb use, 160Mb max
[job(1424): 2016-09-10 01:01:50] [Tune-x] 6: C=0.000261; sigma=38
[job(1424): 2016-09-10 01:01:50] [Tune-y] 6: acc.test.mean=0.0856; time: 0.0 min; memory: 113Mb use, 160Mb max
[job(1424): 2016-09-10 01:01:50] [Tune-x] 7: C=485; sigma=1.37e+03
[job(1424): 2016-09-10 01:01:50] [Tune-y] 7: acc.test.mean=0.0856; time: 0.0 min; memory: 113Mb use, 160Mb max
[job(1424): 2016-09-10 01:01:50] [Tune-x] 8: C=0.189; sigma=0.0532
[job(1424): 2016-09-10 01:01:50] [Tune-y] 8: acc.test.mean=0.204; time: 0.0 min; memory: 113Mb use, 160Mb max
[job(1424): 2016-09-10 01:01:50] 
[job(1424): 2016-09-10 01:01:50] optimisation start
[job(1424): 2016-09-10 01:01:50] ------------------
[job(1424): 2016-09-10 01:01:50] * estimation method   : MLE 
[job(1424): 2016-09-10 01:01:50] * optimisation method : BFGS 
[job(1424): 2016-09-10 01:01:50] * analytical gradient : used
[job(1424): 2016-09-10 01:01:50] * trend model : ~1
[job(1424): 2016-09-10 01:01:50] * covariance model : 
[job(1424): 2016-09-10 01:01:50]   - type :  matern5_2 
[job(1424): 2016-09-10 01:01:50]   - nugget : NO
[job(1424): 2016-09-10 01:01:50]   - parameters lower bounds :  1e-10 1e-10 
[job(1424): 2016-09-10 01:01:50]   - parameters upper bounds :  46.37701 41.48008 
[job(1424): 2016-09-10 01:01:50]   - best initial criterion value(s) :  16.59443 
[job(1424): 2016-09-10 01:01:50] 
[job(1424): 2016-09-10 01:01:50] N = 2, M = 5 machine precision = 2.22045e-16
[job(1424): 2016-09-10 01:01:50] At X0, 0 variables are exactly at the bounds
[job(1424): 2016-09-10 01:01:50] At iterate     0  f=      -16.594  |proj g|=     0.043775
[job(1424): 2016-09-10 01:01:50] At iterate     1  f =      -16.596  |proj g|=      0.034285
[job(1424): 2016-09-10 01:01:50] At iterate     2  f =      -16.599  |proj g|=     0.0044164
[job(1424): 2016-09-10 01:01:50] At iterate     3  f =      -16.599  |proj g|=     0.0043618
[job(1424): 2016-09-10 01:01:50] At iterate     4  f =        -16.6  |proj g|=      0.009565
[job(1424): 2016-09-10 01:01:50] At iterate     5  f =      -16.601  |proj g|=      0.020162
[job(1424): 2016-09-10 01:01:50] At iterate     6  f =      -16.604  |proj g|=      0.031497
[job(1424): 2016-09-10 01:01:50] At iterate     7  f =      -16.609  |proj g|=      0.031393
[job(1424): 2016-09-10 01:01:50] At iterate     8  f =      -16.611  |proj g|=      0.001272
[job(1424): 2016-09-10 01:01:50] At iterate     9  f =      -16.612  |proj g|=     0.0014117
[job(1424): 2016-09-10 01:01:50] At iterate    10  f =      -16.612  |proj g|=    6.1112e-05
[job(1424): 2016-09-10 01:01:50] At iterate    11  f =      -16.612  |proj g|=     9.279e-06
[job(1424): 2016-09-10 01:01:50] At iterate    12  f =      -16.612  |proj g|=    2.5398e-07
[job(1424): 2016-09-10 01:01:50] 
[job(1424): 2016-09-10 01:01:50] iterations 12
[job(1424): 2016-09-10 01:01:50] function evaluations 14
[job(1424): 2016-09-10 01:01:50] segments explored during Cauchy searches 12
[job(1424): 2016-09-10 01:01:50] BFGS updates skipped 0
[job(1424): 2016-09-10 01:01:50] active bounds at final generalized Cauchy point 0
[job(1424): 2016-09-10 01:01:50] norm of the final projected gradient 2.53983e-07
[job(1424): 2016-09-10 01:01:50] final function value -16.6123
[job(1424): 2016-09-10 01:01:50] 
[job(1424): 2016-09-10 01:01:50] F = -16.6123
[job(1424): 2016-09-10 01:01:50] final  value -16.612276 
[job(1424): 2016-09-10 01:01:50] converged
[job(1424): 2016-09-10 01:01:50] [Tune-x] 9: C=0.262; sigma=0.164
[job(1424): 2016-09-10 01:01:50] [Tune-y] 9: acc.test.mean=0.217; time: 0.0 min; memory: 117Mb use, 160Mb max
[job(1424): 2016-09-10 01:01:50] 
[job(1424): 2016-09-10 01:01:50] optimisation start
[job(1424): 2016-09-10 01:01:50] ------------------
[job(1424): 2016-09-10 01:01:50] * estimation method   : MLE 
[job(1424): 2016-09-10 01:01:50] * optimisation method : BFGS 
[job(1424): 2016-09-10 01:01:50] * analytical gradient : used
[job(1424): 2016-09-10 01:01:50] * trend model : ~1
[job(1424): 2016-09-10 01:01:50] * covariance model : 
[job(1424): 2016-09-10 01:01:50]   - type :  matern5_2 
[job(1424): 2016-09-10 01:01:50]   - nugget : NO
[job(1424): 2016-09-10 01:01:50]   - parameters lower bounds :  1e-10 1e-10 
[job(1424): 2016-09-10 01:01:50]   - parameters upper bounds :  46.37701 41.48008 
[job(1424): 2016-09-10 01:01:50]   - best initial criterion value(s) :  20.64325 
[job(1424): 2016-09-10 01:01:50] 
[job(1424): 2016-09-10 01:01:50] N = 2, M = 5 machine precision = 2.22045e-16
[job(1424): 2016-09-10 01:01:50] At X0, 0 variables are exactly at the bounds
[job(1424): 2016-09-10 01:01:50] At iterate     0  f=      -20.643  |proj g|=      0.23684
[job(1424): 2016-09-10 01:01:50] At iterate     1  f =       -20.69  |proj g|=       0.15048
[job(1424): 2016-09-10 01:01:50] At iterate     2  f =      -20.726  |proj g|=      0.021058
[job(1424): 2016-09-10 01:01:50] At iterate     3  f =      -20.728  |proj g|=      0.020488
[job(1424): 2016-09-10 01:01:50] At iterate     4  f =      -20.732  |proj g|=      0.023598
[job(1424): 2016-09-10 01:01:50] At iterate     5  f =      -20.741  |proj g|=       0.05627
[job(1424): 2016-09-10 01:01:50] At iterate     6  f =      -20.763  |proj g|=       0.10192
[job(1424): 2016-09-10 01:01:50] At iterate     7  f =      -20.814  |proj g|=       0.15794
[job(1424): 2016-09-10 01:01:50] At iterate     8  f =      -20.889  |proj g|=       0.15381
[job(1424): 2016-09-10 01:01:50] At iterate     9  f =       -20.93  |proj g|=      0.004351
[job(1424): 2016-09-10 01:01:50] At iterate    10  f =       -20.93  |proj g|=    0.00048959
[job(1424): 2016-09-10 01:01:50] At iterate    11  f =       -20.93  |proj g|=    1.2388e-06
[job(1424): 2016-09-10 01:01:50] At iterate    12  f =       -20.93  |proj g|=    3.5078e-10
[job(1424): 2016-09-10 01:01:50] 
[job(1424): 2016-09-10 01:01:50] iterations 12
[job(1424): 2016-09-10 01:01:50] function evaluations 14
[job(1424): 2016-09-10 01:01:50] segments explored during Cauchy searches 12
[job(1424): 2016-09-10 01:01:50] BFGS updates skipped 0
[job(1424): 2016-09-10 01:01:50] active bounds at final generalized Cauchy point 1
[job(1424): 2016-09-10 01:01:50] norm of the final projected gradient 3.50777e-10
[job(1424): 2016-09-10 01:01:50] final function value -20.93
[job(1424): 2016-09-10 01:01:50] 
[job(1424): 2016-09-10 01:01:50] F = -20.93
[job(1424): 2016-09-10 01:01:50] final  value -20.930008 
[job(1424): 2016-09-10 01:01:50] converged
[job(1424): 2016-09-10 01:01:50] [Tune-x] 10: C=7.19; sigma=0.18
[job(1424): 2016-09-10 01:01:50] [Tune-y] 10: acc.test.mean=0.204; time: 0.0 min; memory: 117Mb use, 160Mb max
[job(1424): 2016-09-10 01:01:50] 
[job(1424): 2016-09-10 01:01:50] optimisation start
[job(1424): 2016-09-10 01:01:50] ------------------
[job(1424): 2016-09-10 01:01:50] * estimation method   : MLE 
[job(1424): 2016-09-10 01:01:50] * optimisation method : BFGS 
[job(1424): 2016-09-10 01:01:50] * analytical gradient : used
[job(1424): 2016-09-10 01:01:50] * trend model : ~1
[job(1424): 2016-09-10 01:01:50] * covariance model : 
[job(1424): 2016-09-10 01:01:50]   - type :  matern5_2 
[job(1424): 2016-09-10 01:01:50]   - nugget : NO
[job(1424): 2016-09-10 01:01:50]   - parameters lower bounds :  1e-10 1e-10 
[job(1424): 2016-09-10 01:01:50]   - parameters upper bounds :  46.37701 41.48008 
[job(1424): 2016-09-10 01:01:50]   - best initial criterion value(s) :  21.97204 
[job(1424): 2016-09-10 01:01:50] 
[job(1424): 2016-09-10 01:01:50] N = 2, M = 5 machine precision = 2.22045e-16
[job(1424): 2016-09-10 01:01:50] At X0, 0 variables are exactly at the bounds
[job(1424): 2016-09-10 01:01:50] At iterate     0  f=      -21.972  |proj g|=      0.53872
[job(1424): 2016-09-10 01:01:50] At iterate     1  f =      -22.337  |proj g|=       0.55865
[job(1424): 2016-09-10 01:01:50] ys=-1.068e-02  -gs= 3.561e-01, BFGS update SKIPPED
[job(1424): 2016-09-10 01:01:50] At iterate     2  f =       -23.77  |proj g|=       0.22035
[job(1424): 2016-09-10 01:01:50] At iterate     3  f =      -24.063  |proj g|=      0.082994
[job(1424): 2016-09-10 01:01:50] At iterate     4  f =      -24.107  |proj g|=      0.052012
[job(1424): 2016-09-10 01:01:50] At iterate     5  f =      -24.254  |proj g|=      0.075613
[job(1424): 2016-09-10 01:01:50] At iterate     6  f =      -24.287  |proj g|=       0.03595
[job(1424): 2016-09-10 01:01:50] At iterate     7  f =      -24.293  |proj g|=     0.0041548
[job(1424): 2016-09-10 01:01:50] At iterate     8  f =      -24.293  |proj g|=    0.00067121
[job(1424): 2016-09-10 01:01:50] At iterate     9  f =      -24.293  |proj g|=    1.6785e-05
[job(1424): 2016-09-10 01:01:50] At iterate    10  f =      -24.293  |proj g|=    9.7467e-07
[job(1424): 2016-09-10 01:01:50] 
[job(1424): 2016-09-10 01:01:50] iterations 10
[job(1424): 2016-09-10 01:01:50] function evaluations 12
[job(1424): 2016-09-10 01:01:50] segments explored during Cauchy searches 10
[job(1424): 2016-09-10 01:01:50] BFGS updates skipped 1
[job(1424): 2016-09-10 01:01:50] active bounds at final generalized Cauchy point 0
[job(1424): 2016-09-10 01:01:50] norm of the final projected gradient 9.74669e-07
[job(1424): 2016-09-10 01:01:50] final function value -24.2934
[job(1424): 2016-09-10 01:01:50] 
[job(1424): 2016-09-10 01:01:50] F = -24.2934
[job(1424): 2016-09-10 01:01:50] final  value -24.293448 
[job(1424): 2016-09-10 01:01:50] converged
[job(1424): 2016-09-10 01:01:50] [Tune-x] 11: C=0.119; sigma=0.216
[job(1424): 2016-09-10 01:01:50] [Tune-y] 11: acc.test.mean=0.183; time: 0.0 min; memory: 117Mb use, 160Mb max
[job(1424): 2016-09-10 01:01:50] 
[job(1424): 2016-09-10 01:01:50] optimisation start
[job(1424): 2016-09-10 01:01:50] ------------------
[job(1424): 2016-09-10 01:01:50] * estimation method   : MLE 
[job(1424): 2016-09-10 01:01:50] * optimisation method : BFGS 
[job(1424): 2016-09-10 01:01:50] * analytical gradient : used
[job(1424): 2016-09-10 01:01:50] * trend model : ~1
[job(1424): 2016-09-10 01:01:50] * covariance model : 
[job(1424): 2016-09-10 01:01:50]   - type :  matern5_2 
[job(1424): 2016-09-10 01:01:50]   - nugget : NO
[job(1424): 2016-09-10 01:01:50]   - parameters lower bounds :  1e-10 1e-10 
[job(1424): 2016-09-10 01:01:50]   - parameters upper bounds :  46.37701 41.48008 
[job(1424): 2016-09-10 01:01:50]   - best initial criterion value(s) :  17.65969 
[job(1424): 2016-09-10 01:01:50] 
[job(1424): 2016-09-10 01:01:50] N = 2, M = 5 machine precision = 2.22045e-16
[job(1424): 2016-09-10 01:01:50] At X0, 0 variables are exactly at the bounds
[job(1424): 2016-09-10 01:01:50] At iterate     0  f=       -17.66  |proj g|=       0.8682
[job(1424): 2016-09-10 01:01:50] At iterate     1  f =      -18.622  |proj g|=        1.0445
[job(1424): 2016-09-10 01:01:50] ys=-1.137e-01  -gs= 8.923e-01, BFGS update SKIPPED
[job(1424): 2016-09-10 01:01:50] At iterate     2  f =      -19.597  |proj g|=       0.42342
[job(1424): 2016-09-10 01:01:50] At iterate     3  f =      -19.645  |proj g|=      0.043404
[job(1424): 2016-09-10 01:01:50] At iterate     4  f =      -19.646  |proj g|=       0.04076
[job(1424): 2016-09-10 01:01:50] At iterate     5  f =      -19.648  |proj g|=      0.047295
[job(1424): 2016-09-10 01:01:50] At iterate     6  f =      -19.658  |proj g|=       0.16141
[job(1424): 2016-09-10 01:01:50] At iterate     7  f =       -19.68  |proj g|=       0.33363
[job(1424): 2016-09-10 01:01:50] At iterate     8  f =      -19.715  |proj g|=       0.60117
[job(1424): 2016-09-10 01:01:50] At iterate     9  f =      -19.751  |proj g|=       0.48132
[job(1424): 2016-09-10 01:01:50] At iterate    10  f =      -19.876  |proj g|=       0.26931
[job(1424): 2016-09-10 01:01:50] At iterate    11  f =      -19.898  |proj g|=      0.068662
[job(1424): 2016-09-10 01:01:50] At iterate    12  f =      -19.927  |proj g|=     0.0086773
[job(1424): 2016-09-10 01:01:50] At iterate    13  f =      -19.928  |proj g|=     0.0030357
[job(1424): 2016-09-10 01:01:50] At iterate    14  f =      -19.928  |proj g|=    0.00018127
[job(1424): 2016-09-10 01:01:50] At iterate    15  f =      -19.928  |proj g|=    1.9598e-06
[job(1424): 2016-09-10 01:01:50] At iterate    16  f =      -19.928  |proj g|=    6.7394e-08
[job(1424): 2016-09-10 01:01:50] 
[job(1424): 2016-09-10 01:01:50] iterations 16
[job(1424): 2016-09-10 01:01:50] function evaluations 18
[job(1424): 2016-09-10 01:01:50] segments explored during Cauchy searches 16
[job(1424): 2016-09-10 01:01:50] BFGS updates skipped 1
[job(1424): 2016-09-10 01:01:50] active bounds at final generalized Cauchy point 0
[job(1424): 2016-09-10 01:01:50] norm of the final projected gradient 6.73937e-08
[job(1424): 2016-09-10 01:01:50] final function value -19.9279
[job(1424): 2016-09-10 01:01:50] 
[job(1424): 2016-09-10 01:01:50] F = -19.9279
[job(1424): 2016-09-10 01:01:50] final  value -19.927869 
[job(1424): 2016-09-10 01:01:50] converged
[job(1424): 2016-09-10 01:01:50] [Tune-x] 12: C=0.415; sigma=0.127
[job(1424): 2016-09-10 01:01:50] [Tune-y] 12: acc.test.mean=0.229; time: 0.0 min; memory: 117Mb use, 160Mb max
[job(1424): 2016-09-10 01:01:50] 
[job(1424): 2016-09-10 01:01:50] optimisation start
[job(1424): 2016-09-10 01:01:50] ------------------
[job(1424): 2016-09-10 01:01:50] * estimation method   : MLE 
[job(1424): 2016-09-10 01:01:50] * optimisation method : BFGS 
[job(1424): 2016-09-10 01:01:50] * analytical gradient : used
[job(1424): 2016-09-10 01:01:50] * trend model : ~1
[job(1424): 2016-09-10 01:01:50] * covariance model : 
[job(1424): 2016-09-10 01:01:50]   - type :  matern5_2 
[job(1424): 2016-09-10 01:01:50]   - nugget : NO
[job(1424): 2016-09-10 01:01:50]   - parameters lower bounds :  1e-10 1e-10 
[job(1424): 2016-09-10 01:01:50]   - parameters upper bounds :  46.37701 41.48008 
[job(1424): 2016-09-10 01:01:50]   - best initial criterion value(s) :  23.82159 
[job(1424): 2016-09-10 01:01:50] 
[job(1424): 2016-09-10 01:01:50] N = 2, M = 5 machine precision = 2.22045e-16
[job(1424): 2016-09-10 01:01:50] At X0, 0 variables are exactly at the bounds
[job(1424): 2016-09-10 01:01:50] At iterate     0  f=      -23.822  |proj g|=       5.2128
[job(1424): 2016-09-10 01:01:50] At iterate     1  f =      -25.468  |proj g|=        1.6568
[job(1424): 2016-09-10 01:01:50] At iterate     2  f =      -25.858  |proj g|=       0.18639
[job(1424): 2016-09-10 01:01:50] At iterate     3  f =      -25.864  |proj g|=       0.18612
[job(1424): 2016-09-10 01:01:50] At iterate     4  f =      -25.885  |proj g|=       0.29409
[job(1424): 2016-09-10 01:01:50] At iterate     5  f =      -25.943  |proj g|=       0.77048
[job(1424): 2016-09-10 01:01:50] At iterate     6  f =      -26.079  |proj g|=        1.4332
[job(1424): 2016-09-10 01:01:50] At iterate     7  f =      -26.398  |proj g|=        2.2785
[job(1424): 2016-09-10 01:01:50] At iterate     8  f =      -27.059  |proj g|=        3.0346
[job(1424): 2016-09-10 01:01:50] At iterate     9  f =      -28.323  |proj g|=        2.6151
[job(1424): 2016-09-10 01:01:50] At iterate    10  f =      -28.873  |proj g|=        1.3904
[job(1424): 2016-09-10 01:01:50] At iterate    11  f =      -28.982  |proj g|=       0.19501
[job(1424): 2016-09-10 01:01:50] At iterate    12  f =      -28.984  |proj g|=      0.018612
[job(1424): 2016-09-10 01:01:50] At iterate    13  f =      -28.984  |proj g|=    0.00019019
[job(1424): 2016-09-10 01:01:50] At iterate    14  f =      -28.984  |proj g|=    1.7912e-07
[job(1424): 2016-09-10 01:01:50] 
[job(1424): 2016-09-10 01:01:50] iterations 14
[job(1424): 2016-09-10 01:01:50] function evaluations 16
[job(1424): 2016-09-10 01:01:50] segments explored during Cauchy searches 14
[job(1424): 2016-09-10 01:01:50] BFGS updates skipped 0
[job(1424): 2016-09-10 01:01:50] active bounds at final generalized Cauchy point 1
[job(1424): 2016-09-10 01:01:50] norm of the final projected gradient 1.79124e-07
[job(1424): 2016-09-10 01:01:50] final function value -28.9843
[job(1424): 2016-09-10 01:01:50] 
[job(1424): 2016-09-10 01:01:50] F = -28.9843
[job(1424): 2016-09-10 01:01:50] final  value -28.984298 
[job(1424): 2016-09-10 01:01:50] converged
[job(1424): 2016-09-10 01:01:50] [Tune-x] 13: C=0.0027; sigma=0.119
[job(1424): 2016-09-10 01:01:50] [Tune-y] 13: acc.test.mean=0.241; time: 0.0 min; memory: 117Mb use, 160Mb max
[job(1424): 2016-09-10 01:01:50] 
[job(1424): 2016-09-10 01:01:50] optimisation start
[job(1424): 2016-09-10 01:01:50] ------------------
[job(1424): 2016-09-10 01:01:50] * estimation method   : MLE 
[job(1424): 2016-09-10 01:01:50] * optimisation method : BFGS 
[job(1424): 2016-09-10 01:01:50] * analytical gradient : used
[job(1424): 2016-09-10 01:01:50] * trend model : ~1
[job(1424): 2016-09-10 01:01:50] * covariance model : 
[job(1424): 2016-09-10 01:01:50]   - type :  matern5_2 
[job(1424): 2016-09-10 01:01:50]   - nugget : NO
[job(1424): 2016-09-10 01:01:50]   - parameters lower bounds :  1e-10 1e-10 
[job(1424): 2016-09-10 01:01:50]   - parameters upper bounds :  46.37701 41.48008 
[job(1424): 2016-09-10 01:01:50]   - best initial criterion value(s) :  29.92468 
[job(1424): 2016-09-10 01:01:50] 
[job(1424): 2016-09-10 01:01:50] N = 2, M = 5 machine precision = 2.22045e-16
[job(1424): 2016-09-10 01:01:50] At X0, 0 variables are exactly at the bounds
[job(1424): 2016-09-10 01:01:50] At iterate     0  f=      -29.925  |proj g|=       1.6056
[job(1424): 2016-09-10 01:01:50] At iterate     1  f =      -30.027  |proj g|=        1.4034
[job(1424): 2016-09-10 01:01:50] At iterate     2  f =       -30.17  |proj g|=       0.35473
[job(1424): 2016-09-10 01:01:50] At iterate     3  f =      -30.179  |proj g|=       0.10317
[job(1424): 2016-09-10 01:01:50] At iterate     4  f =      -30.206  |proj g|=       0.20996
[job(1424): 2016-09-10 01:01:50] At iterate     5  f =      -30.342  |proj g|=       0.87064
[job(1424): 2016-09-10 01:01:50] At iterate     6  f =      -30.561  |proj g|=        1.3308
[job(1424): 2016-09-10 01:01:50] At iterate     7  f =      -30.824  |proj g|=       0.99441
[job(1424): 2016-09-10 01:01:50] At iterate     8  f =      -30.923  |proj g|=       0.23586
[job(1424): 2016-09-10 01:01:50] At iterate     9  f =      -30.928  |proj g|=      0.024118
[job(1424): 2016-09-10 01:01:50] At iterate    10  f =      -30.928  |proj g|=     0.0019839
[job(1424): 2016-09-10 01:01:50] At iterate    11  f =      -30.928  |proj g|=    0.00023253
[job(1424): 2016-09-10 01:01:50] At iterate    12  f =      -30.928  |proj g|=    1.5715e-06
[job(1424): 2016-09-10 01:01:50] 
[job(1424): 2016-09-10 01:01:50] iterations 12
[job(1424): 2016-09-10 01:01:50] function evaluations 16
[job(1424): 2016-09-10 01:01:50] segments explored during Cauchy searches 13
[job(1424): 2016-09-10 01:01:50] BFGS updates skipped 0
[job(1424): 2016-09-10 01:01:50] active bounds at final generalized Cauchy point 0
[job(1424): 2016-09-10 01:01:50] norm of the final projected gradient 1.57155e-06
[job(1424): 2016-09-10 01:01:50] final function value -30.9285
[job(1424): 2016-09-10 01:01:50] 
[job(1424): 2016-09-10 01:01:50] F = -30.9285
[job(1424): 2016-09-10 01:01:50] final  value -30.928462 
[job(1424): 2016-09-10 01:01:50] converged
[job(1424): 2016-09-10 01:01:50] [Tune-x] 14: C=0.000244; sigma=0.102
[job(1424): 2016-09-10 01:01:50] [Tune-y] 14: acc.test.mean=0.242; time: 0.0 min; memory: 117Mb use, 160Mb max
[job(1424): 2016-09-10 01:01:50] 
[job(1424): 2016-09-10 01:01:50] optimisation start
[job(1424): 2016-09-10 01:01:50] ------------------
[job(1424): 2016-09-10 01:01:50] * estimation method   : MLE 
[job(1424): 2016-09-10 01:01:50] * optimisation method : BFGS 
[job(1424): 2016-09-10 01:01:50] * analytical gradient : used
[job(1424): 2016-09-10 01:01:50] * trend model : ~1
[job(1424): 2016-09-10 01:01:50] * covariance model : 
[job(1424): 2016-09-10 01:01:50]   - type :  matern5_2 
[job(1424): 2016-09-10 01:01:50]   - nugget : NO
[job(1424): 2016-09-10 01:01:50]   - parameters lower bounds :  1e-10 1e-10 
[job(1424): 2016-09-10 01:01:50]   - parameters upper bounds :  46.56971 41.48008 
[job(1424): 2016-09-10 01:01:50]   - best initial criterion value(s) :  26.27542 
[job(1424): 2016-09-10 01:01:50] 
[job(1424): 2016-09-10 01:01:50] N = 2, M = 5 machine precision = 2.22045e-16
[job(1424): 2016-09-10 01:01:50] At X0, 0 variables are exactly at the bounds
[job(1424): 2016-09-10 01:01:50] At iterate     0  f=      -26.275  |proj g|=       3.4785
[job(1424): 2016-09-10 01:01:50] At iterate     1  f =      -34.057  |proj g|=       0.27809
[job(1424): 2016-09-10 01:01:50] At iterate     2  f =      -34.065  |proj g|=       0.15218
[job(1424): 2016-09-10 01:01:50] At iterate     3  f =      -34.178  |proj g|=       0.22601
[job(1424): 2016-09-10 01:01:50] At iterate     4  f =      -34.727  |proj g|=      0.046457
[job(1424): 2016-09-10 01:01:50] At iterate     5  f =      -34.807  |proj g|=      0.033699
[job(1424): 2016-09-10 01:01:50] At iterate     6  f =      -34.827  |proj g|=     0.0097753
[job(1424): 2016-09-10 01:01:50] At iterate     7  f =      -34.828  |proj g|=    0.00084086
[job(1424): 2016-09-10 01:01:50] At iterate     8  f =      -34.828  |proj g|=     0.0069932
[job(1424): 2016-09-10 01:01:50] At iterate     9  f =      -34.828  |proj g|=    0.00014025
[job(1424): 2016-09-10 01:01:50] At iterate    10  f =      -34.828  |proj g|=     1.187e-07
[job(1424): 2016-09-10 01:01:50] 
[job(1424): 2016-09-10 01:01:50] iterations 10
[job(1424): 2016-09-10 01:01:50] function evaluations 17
[job(1424): 2016-09-10 01:01:50] segments explored during Cauchy searches 11
[job(1424): 2016-09-10 01:01:50] BFGS updates skipped 0
[job(1424): 2016-09-10 01:01:50] active bounds at final generalized Cauchy point 0
[job(1424): 2016-09-10 01:01:50] norm of the final projected gradient 1.18696e-07
[job(1424): 2016-09-10 01:01:50] final function value -34.8279
[job(1424): 2016-09-10 01:01:50] 
[job(1424): 2016-09-10 01:01:50] F = -34.8279
[job(1424): 2016-09-10 01:01:50] final  value -34.827899 
[job(1424): 2016-09-10 01:01:50] converged
[job(1424): 2016-09-10 01:01:50] [Tune-x] 15: C=0.000245; sigma=0.113
[job(1424): 2016-09-10 01:01:50] [Tune-y] 15: acc.test.mean=0.238; time: 0.0 min; memory: 117Mb use, 160Mb max
[job(1424): 2016-09-10 01:01:50] 
[job(1424): 2016-09-10 01:01:50] optimisation start
[job(1424): 2016-09-10 01:01:50] ------------------
[job(1424): 2016-09-10 01:01:50] * estimation method   : MLE 
[job(1424): 2016-09-10 01:01:50] * optimisation method : BFGS 
[job(1424): 2016-09-10 01:01:50] * analytical gradient : used
[job(1424): 2016-09-10 01:01:50] * trend model : ~1
[job(1424): 2016-09-10 01:01:50] * covariance model : 
[job(1424): 2016-09-10 01:01:50]   - type :  matern5_2 
[job(1424): 2016-09-10 01:01:50]   - nugget : NO
[job(1424): 2016-09-10 01:01:50]   - parameters lower bounds :  1e-10 1e-10 
[job(1424): 2016-09-10 01:01:50]   - parameters upper bounds :  46.56971 41.48008 
[job(1424): 2016-09-10 01:01:50]   - best initial criterion value(s) :  25.63607 
[job(1424): 2016-09-10 01:01:50] 
[job(1424): 2016-09-10 01:01:50] N = 2, M = 5 machine precision = 2.22045e-16
[job(1424): 2016-09-10 01:01:50] At X0, 0 variables are exactly at the bounds
[job(1424): 2016-09-10 01:01:50] At iterate     0  f=      -25.636  |proj g|=        2.529
[job(1424): 2016-09-10 01:01:50] At iterate     1  f =        -31.2  |proj g|=        1.3868
[job(1424): 2016-09-10 01:01:50] At iterate     2  f =       -31.96  |proj g|=       0.49681
[job(1424): 2016-09-10 01:01:50] At iterate     3  f =        -32.1  |proj g|=       0.31428
[job(1424): 2016-09-10 01:01:50] At iterate     4  f =      -32.255  |proj g|=       0.29327
[job(1424): 2016-09-10 01:01:50] At iterate     5  f =      -32.927  |proj g|=        1.0396
[job(1424): 2016-09-10 01:01:50] At iterate     6  f =      -34.566  |proj g|=        2.5135
[job(1424): 2016-09-10 01:01:50] At iterate     7  f =      -36.084  |proj g|=         2.273
[job(1424): 2016-09-10 01:01:50] At iterate     8  f =      -36.512  |proj g|=        2.1471
[job(1424): 2016-09-10 01:01:50] At iterate     9  f =      -37.824  |proj g|=        1.0944
[job(1424): 2016-09-10 01:01:50] At iterate    10  f =      -37.966  |proj g|=       0.40739
[job(1424): 2016-09-10 01:01:50] At iterate    11  f =      -37.986  |proj g|=       0.13918
[job(1424): 2016-09-10 01:01:50] At iterate    12  f =      -37.991  |proj g|=      0.013466
[job(1424): 2016-09-10 01:01:50] At iterate    13  f =      -37.991  |proj g|=    0.00063171
[job(1424): 2016-09-10 01:01:50] At iterate    14  f =      -37.991  |proj g|=     2.559e-06
[job(1424): 2016-09-10 01:01:50] 
[job(1424): 2016-09-10 01:01:50] iterations 14
[job(1424): 2016-09-10 01:01:50] function evaluations 19
[job(1424): 2016-09-10 01:01:50] segments explored during Cauchy searches 14
[job(1424): 2016-09-10 01:01:50] BFGS updates skipped 0
[job(1424): 2016-09-10 01:01:50] active bounds at final generalized Cauchy point 0
[job(1424): 2016-09-10 01:01:50] norm of the final projected gradient 2.55898e-06
[job(1424): 2016-09-10 01:01:50] final function value -37.9915
[job(1424): 2016-09-10 01:01:50] 
[job(1424): 2016-09-10 01:01:50] F = -37.9915
[job(1424): 2016-09-10 01:01:50] final  value -37.991451 
[job(1424): 2016-09-10 01:01:50] converged
[job(1424): 2016-09-10 01:01:50] [Tune-x] 16: C=0.00237; sigma=0.0932
[job(1424): 2016-09-10 01:01:50] [Tune-y] 16: acc.test.mean=0.244; time: 0.0 min; memory: 117Mb use, 160Mb max
[job(1424): 2016-09-10 01:01:50] 
[job(1424): 2016-09-10 01:01:50] optimisation start
[job(1424): 2016-09-10 01:01:50] ------------------
[job(1424): 2016-09-10 01:01:50] * estimation method   : MLE 
[job(1424): 2016-09-10 01:01:50] * optimisation method : BFGS 
[job(1424): 2016-09-10 01:01:50] * analytical gradient : used
[job(1424): 2016-09-10 01:01:50] * trend model : ~1
[job(1424): 2016-09-10 01:01:50] * covariance model : 
[job(1424): 2016-09-10 01:01:50]   - type :  matern5_2 
[job(1424): 2016-09-10 01:01:50]   - nugget : NO
[job(1424): 2016-09-10 01:01:50]   - parameters lower bounds :  1e-10 1e-10 
[job(1424): 2016-09-10 01:01:50]   - parameters upper bounds :  46.56971 41.48008 
[job(1424): 2016-09-10 01:01:50]   - best initial criterion value(s) :  38.92102 
[job(1424): 2016-09-10 01:01:50] 
[job(1424): 2016-09-10 01:01:50] N = 2, M = 5 machine precision = 2.22045e-16
[job(1424): 2016-09-10 01:01:50] At X0, 0 variables are exactly at the bounds
[job(1424): 2016-09-10 01:01:50] At iterate     0  f=      -38.921  |proj g|=      0.34537
[job(1424): 2016-09-10 01:01:50] At iterate     1  f =      -39.015  |proj g|=       0.44879
[job(1424): 2016-09-10 01:01:50] At iterate     2  f =      -39.215  |proj g|=       0.75528
[job(1424): 2016-09-10 01:01:50] At iterate     3  f =      -40.604  |proj g|=          1.85
[job(1424): 2016-09-10 01:01:50] At iterate     4  f =      -41.501  |proj g|=        1.6967
[job(1424): 2016-09-10 01:01:50] At iterate     5  f =      -41.915  |proj g|=       0.26285
[job(1424): 2016-09-10 01:01:50] At iterate     6  f =      -41.927  |proj g|=      0.071109
[job(1424): 2016-09-10 01:01:50] At iterate     7  f =      -41.927  |proj g|=     0.0062224
[job(1424): 2016-09-10 01:01:50] At iterate     8  f =      -41.927  |proj g|=     0.0013514
[job(1424): 2016-09-10 01:01:50] At iterate     9  f =      -41.927  |proj g|=    3.4899e-06
[job(1424): 2016-09-10 01:01:50] At iterate    10  f =      -41.927  |proj g|=    3.8517e-08
[job(1424): 2016-09-10 01:01:50] 
[job(1424): 2016-09-10 01:01:50] iterations 10
[job(1424): 2016-09-10 01:01:50] function evaluations 12
[job(1424): 2016-09-10 01:01:50] segments explored during Cauchy searches 10
[job(1424): 2016-09-10 01:01:50] BFGS updates skipped 0
[job(1424): 2016-09-10 01:01:50] active bounds at final generalized Cauchy point 0
[job(1424): 2016-09-10 01:01:50] norm of the final projected gradient 3.85166e-08
[job(1424): 2016-09-10 01:01:50] final function value -41.9271
[job(1424): 2016-09-10 01:01:50] 
[job(1424): 2016-09-10 01:01:50] F = -41.9271
[job(1424): 2016-09-10 01:01:50] final  value -41.927121 
[job(1424): 2016-09-10 01:01:50] converged
[job(1424): 2016-09-10 01:01:50] [Tune-x] 17: C=0.0016; sigma=0.099
[job(1424): 2016-09-10 01:01:50] [Tune-y] 17: acc.test.mean=0.247; time: 0.0 min; memory: 117Mb use, 160Mb max
[job(1424): 2016-09-10 01:01:50] 
[job(1424): 2016-09-10 01:01:50] optimisation start
[job(1424): 2016-09-10 01:01:50] ------------------
[job(1424): 2016-09-10 01:01:50] * estimation method   : MLE 
[job(1424): 2016-09-10 01:01:50] * optimisation method : BFGS 
[job(1424): 2016-09-10 01:01:50] * analytical gradient : used
[job(1424): 2016-09-10 01:01:50] * trend model : ~1
[job(1424): 2016-09-10 01:01:50] * covariance model : 
[job(1424): 2016-09-10 01:01:50]   - type :  matern5_2 
[job(1424): 2016-09-10 01:01:50]   - nugget : NO
[job(1424): 2016-09-10 01:01:50]   - parameters lower bounds :  1e-10 1e-10 
[job(1424): 2016-09-10 01:01:50]   - parameters upper bounds :  46.56971 41.48008 
[job(1424): 2016-09-10 01:01:50]   - best initial criterion value(s) :  44.98783 
[job(1424): 2016-09-10 01:01:50] 
[job(1424): 2016-09-10 01:01:50] N = 2, M = 5 machine precision = 2.22045e-16
[job(1424): 2016-09-10 01:01:50] At X0, 0 variables are exactly at the bounds
[job(1424): 2016-09-10 01:01:50] At iterate     0  f=      -44.988  |proj g|=       2.2118
[job(1424): 2016-09-10 01:01:50] At iterate     1  f =      -45.138  |proj g|=       0.45652
[job(1424): 2016-09-10 01:01:50] At iterate     2  f =      -45.149  |proj g|=       0.30132
[job(1424): 2016-09-10 01:01:50] At iterate     3  f =      -45.159  |proj g|=       0.30441
[job(1424): 2016-09-10 01:01:50] At iterate     4  f =      -45.202  |proj g|=       0.79485
[job(1424): 2016-09-10 01:01:50] At iterate     5  f =      -45.294  |proj g|=        1.6273
[job(1424): 2016-09-10 01:01:50] At iterate     6  f =      -45.516  |proj g|=        2.9654
[job(1424): 2016-09-10 01:01:50] At iterate     7  f =      -45.933  |proj g|=        4.4152
[job(1424): 2016-09-10 01:01:50] At iterate     8  f =      -46.597  |proj g|=        4.1675
[job(1424): 2016-09-10 01:01:50] At iterate     9  f =      -46.964  |proj g|=       0.10842
[job(1424): 2016-09-10 01:01:50] At iterate    10  f =      -46.984  |proj g|=       0.02002
[job(1424): 2016-09-10 01:01:50] At iterate    11  f =      -46.984  |proj g|=      0.001929
[job(1424): 2016-09-10 01:01:50] At iterate    12  f =      -46.984  |proj g|=    2.2239e-05
[job(1424): 2016-09-10 01:01:50] 
[job(1424): 2016-09-10 01:01:50] iterations 12
[job(1424): 2016-09-10 01:01:50] function evaluations 15
[job(1424): 2016-09-10 01:01:50] segments explored during Cauchy searches 12
[job(1424): 2016-09-10 01:01:50] BFGS updates skipped 0
[job(1424): 2016-09-10 01:01:50] active bounds at final generalized Cauchy point 0
[job(1424): 2016-09-10 01:01:50] norm of the final projected gradient 2.22388e-05
[job(1424): 2016-09-10 01:01:50] final function value -46.9843
[job(1424): 2016-09-10 01:01:50] 
[job(1424): 2016-09-10 01:01:50] F = -46.9843
[job(1424): 2016-09-10 01:01:50] final  value -46.984320 
[job(1424): 2016-09-10 01:01:50] converged
[job(1424): 2016-09-10 01:01:50] [Tune-x] 18: C=0.00328; sigma=0.103
[job(1424): 2016-09-10 01:01:50] [Tune-y] 18: acc.test.mean=0.244; time: 0.0 min; memory: 117Mb use, 160Mb max
[job(1424): 2016-09-10 01:01:50] 
[job(1424): 2016-09-10 01:01:50] optimisation start
[job(1424): 2016-09-10 01:01:50] ------------------
[job(1424): 2016-09-10 01:01:50] * estimation method   : MLE 
[job(1424): 2016-09-10 01:01:50] * optimisation method : BFGS 
[job(1424): 2016-09-10 01:01:50] * analytical gradient : used
[job(1424): 2016-09-10 01:01:50] * trend model : ~1
[job(1424): 2016-09-10 01:01:50] * covariance model : 
[job(1424): 2016-09-10 01:01:50]   - type :  matern5_2 
[job(1424): 2016-09-10 01:01:50]   - nugget : NO
[job(1424): 2016-09-10 01:01:50]   - parameters lower bounds :  1e-10 1e-10 
[job(1424): 2016-09-10 01:01:50]   - parameters upper bounds :  46.56971 41.48008 
[job(1424): 2016-09-10 01:01:50]   - best initial criterion value(s) :  49.44141 
[job(1424): 2016-09-10 01:01:50] 
[job(1424): 2016-09-10 01:01:50] N = 2, M = 5 machine precision = 2.22045e-16
[job(1424): 2016-09-10 01:01:50] At X0, 0 variables are exactly at the bounds
[job(1424): 2016-09-10 01:01:50] At iterate     0  f=      -49.441  |proj g|=       4.5658
[job(1424): 2016-09-10 01:01:50] At iterate     1  f =      -50.092  |proj g|=       0.46828
[job(1424): 2016-09-10 01:01:50] At iterate     2  f =      -50.355  |proj g|=       0.36614
[job(1424): 2016-09-10 01:01:50] At iterate     3  f =      -50.775  |proj g|=       0.18497
[job(1424): 2016-09-10 01:01:50] At iterate     4  f =      -50.777  |proj g|=       0.03406
[job(1424): 2016-09-10 01:01:50] At iterate     5  f =      -50.777  |proj g|=    0.00033385
[job(1424): 2016-09-10 01:01:50] At iterate     6  f =      -50.777  |proj g|=    2.0103e-07
[job(1424): 2016-09-10 01:01:50] 
[job(1424): 2016-09-10 01:01:50] iterations 6
[job(1424): 2016-09-10 01:01:50] function evaluations 11
[job(1424): 2016-09-10 01:01:50] segments explored during Cauchy searches 6
[job(1424): 2016-09-10 01:01:50] BFGS updates skipped 0
[job(1424): 2016-09-10 01:01:50] active bounds at final generalized Cauchy point 0
[job(1424): 2016-09-10 01:01:50] norm of the final projected gradient 2.01031e-07
[job(1424): 2016-09-10 01:01:50] final function value -50.7769
[job(1424): 2016-09-10 01:01:50] 
[job(1424): 2016-09-10 01:01:50] F = -50.7769
[job(1424): 2016-09-10 01:01:50] final  value -50.776917 
[job(1424): 2016-09-10 01:01:50] converged
[job(1424): 2016-09-10 01:01:50] [Tune-x] 19: C=0.000994; sigma=0.0989
[job(1424): 2016-09-10 01:01:50] [Tune-y] 19: acc.test.mean=0.244; time: 0.0 min; memory: 117Mb use, 167Mb max
[job(1424): 2016-09-10 01:01:50] 
[job(1424): 2016-09-10 01:01:50] optimisation start
[job(1424): 2016-09-10 01:01:50] ------------------
[job(1424): 2016-09-10 01:01:50] * estimation method   : MLE 
[job(1424): 2016-09-10 01:01:50] * optimisation method : BFGS 
[job(1424): 2016-09-10 01:01:50] * analytical gradient : used
[job(1424): 2016-09-10 01:01:50] * trend model : ~1
[job(1424): 2016-09-10 01:01:50] * covariance model : 
[job(1424): 2016-09-10 01:01:50]   - type :  matern5_2 
[job(1424): 2016-09-10 01:01:50]   - nugget : NO
[job(1424): 2016-09-10 01:01:50]   - parameters lower bounds :  1e-10 1e-10 
[job(1424): 2016-09-10 01:01:50]   - parameters upper bounds :  46.56971 41.48008 
[job(1424): 2016-09-10 01:01:50]   - best initial criterion value(s) :  39.14558 
[job(1424): 2016-09-10 01:01:50] 
[job(1424): 2016-09-10 01:01:50] N = 2, M = 5 machine precision = 2.22045e-16
[job(1424): 2016-09-10 01:01:50] At X0, 0 variables are exactly at the bounds
[job(1424): 2016-09-10 01:01:50] At iterate     0  f=      -39.146  |proj g|=       12.014
[job(1424): 2016-09-10 01:01:50] At iterate     1  f =      -39.274  |proj g|=      0.089591
[job(1424): 2016-09-10 01:01:50] At iterate     2  f =      -39.274  |proj g|=      0.076487
[job(1424): 2016-09-10 01:01:50] At iterate     3  f =      -39.274  |proj g|=      0.076168
[job(1424): 2016-09-10 01:01:50] At iterate     4  f =      -39.274  |proj g|=       0.17782
[job(1424): 2016-09-10 01:01:50] At iterate     5  f =      -39.275  |proj g|=       0.37465
[job(1424): 2016-09-10 01:01:50] At iterate     6  f =      -39.275  |proj g|=       0.68695
[job(1424): 2016-09-10 01:01:50] At iterate     7  f =      -39.276  |proj g|=        1.2051
[job(1424): 2016-09-10 01:01:50] At iterate     8  f =       -39.28  |proj g|=        2.0627
[job(1424): 2016-09-10 01:01:50] At iterate     9  f =      -39.289  |proj g|=        3.5343
[job(1424): 2016-09-10 01:01:50] At iterate    10  f =      -39.317  |proj g|=        6.1714
[job(1424): 2016-09-10 01:01:50] At iterate    11  f =      -39.401  |proj g|=        11.333
[job(1424): 2016-09-10 01:01:50] At iterate    12  f =      -39.642  |proj g|=         22.91
[job(1424): 2016-09-10 01:01:50] At iterate    13  f =      -39.805  |proj g|=        27.198
[job(1424): 2016-09-10 01:01:50] At iterate    14  f =      -40.064  |proj g|=         29.78
[job(1424): 2016-09-10 01:01:50] At iterate    15  f =      -41.619  |proj g|=        15.166
[job(1424): 2016-09-10 01:01:50] At iterate    16  f =      -42.888  |proj g|=        7.3658
[job(1424): 2016-09-10 01:01:50] At iterate    17  f =      -43.265  |proj g|=        3.8158
[job(1424): 2016-09-10 01:01:50] At iterate    18  f =      -45.679  |proj g|=        9.4674
[job(1424): 2016-09-10 01:01:50] At iterate    19  f =      -45.978  |proj g|=        7.6447
[job(1424): 2016-09-10 01:01:50] At iterate    20  f =      -48.378  |proj g|=        3.4468
[job(1424): 2016-09-10 01:01:50] At iterate    21  f =      -48.977  |proj g|=       0.36525
[job(1424): 2016-09-10 01:01:50] At iterate    22  f =      -48.982  |proj g|=      0.065581
[job(1424): 2016-09-10 01:01:50] At iterate    23  f =      -48.982  |proj g|=     0.0019285
[job(1424): 2016-09-10 01:01:50] At iterate    24  f =      -48.982  |proj g|=    7.1091e-05
[job(1424): 2016-09-10 01:01:50] At iterate    25  f =      -48.982  |proj g|=    7.3706e-06
[job(1424): 2016-09-10 01:01:50] 
[job(1424): 2016-09-10 01:01:50] iterations 25
[job(1424): 2016-09-10 01:01:50] function evaluations 36
[job(1424): 2016-09-10 01:01:50] segments explored during Cauchy searches 25
[job(1424): 2016-09-10 01:01:50] BFGS updates skipped 0
[job(1424): 2016-09-10 01:01:50] active bounds at final generalized Cauchy point 0
[job(1424): 2016-09-10 01:01:50] norm of the final projected gradient 7.37058e-06
[job(1424): 2016-09-10 01:01:50] final function value -48.9825
[job(1424): 2016-09-10 01:01:50] 
[job(1424): 2016-09-10 01:01:50] F = -48.9825
[job(1424): 2016-09-10 01:01:50] final  value -48.982476 
[job(1424): 2016-09-10 01:01:50] converged
[job(1424): 2016-09-10 01:01:50] [Tune-x] 20: C=0.00177; sigma=0.101
[job(1424): 2016-09-10 01:01:50] [Tune-y] 20: acc.test.mean=0.242; time: 0.0 min; memory: 117Mb use, 167Mb max
[job(1424): 2016-09-10 01:01:50] 
[job(1424): 2016-09-10 01:01:50] optimisation start
[job(1424): 2016-09-10 01:01:50] ------------------
[job(1424): 2016-09-10 01:01:50] * estimation method   : MLE 
[job(1424): 2016-09-10 01:01:50] * optimisation method : BFGS 
[job(1424): 2016-09-10 01:01:50] * analytical gradient : used
[job(1424): 2016-09-10 01:01:50] * trend model : ~1
[job(1424): 2016-09-10 01:01:50] * covariance model : 
[job(1424): 2016-09-10 01:01:50]   - type :  matern5_2 
[job(1424): 2016-09-10 01:01:50]   - nugget : NO
[job(1424): 2016-09-10 01:01:50]   - parameters lower bounds :  1e-10 1e-10 
[job(1424): 2016-09-10 01:01:50]   - parameters upper bounds :  46.56971 41.48008 
[job(1424): 2016-09-10 01:01:50]   - best initial criterion value(s) :  43.6129 
[job(1424): 2016-09-10 01:01:50] 
[job(1424): 2016-09-10 01:01:50] N = 2, M = 5 machine precision = 2.22045e-16
[job(1424): 2016-09-10 01:01:50] At X0, 0 variables are exactly at the bounds
[job(1424): 2016-09-10 01:01:50] At iterate     0  f=      -43.613  |proj g|=      0.39065
[job(1424): 2016-09-10 01:01:50] At iterate     1  f =      -44.025  |proj g|=       0.35562
[job(1424): 2016-09-10 01:01:50] At iterate     2  f =      -44.316  |proj g|=        1.1555
[job(1424): 2016-09-10 01:01:50] At iterate     3  f =      -44.318  |proj g|=       0.33518
[job(1424): 2016-09-10 01:01:50] At iterate     4  f =      -44.319  |proj g|=       0.29142
[job(1424): 2016-09-10 01:01:50] At iterate     5  f =      -44.324  |proj g|=       0.29202
[job(1424): 2016-09-10 01:01:50] At iterate     6  f =      -44.335  |proj g|=       0.29591
[job(1424): 2016-09-10 01:01:50] At iterate     7  f =      -44.363  |proj g|=       0.30179
[job(1424): 2016-09-10 01:01:50] At iterate     8  f =      -44.411  |proj g|=       0.30678
[job(1424): 2016-09-10 01:01:50] At iterate     9  f =      -44.468  |proj g|=       0.30554
[job(1424): 2016-09-10 01:01:50] At iterate    10  f =      -44.495  |proj g|=       0.29577
[job(1424): 2016-09-10 01:01:50] At iterate    11  f =      -44.496  |proj g|=      0.038028
[job(1424): 2016-09-10 01:01:50] At iterate    12  f =      -44.496  |proj g|=     0.0001739
[job(1424): 2016-09-10 01:01:50] At iterate    13  f =      -44.496  |proj g|=    0.00030678
[job(1424): 2016-09-10 01:01:50] 
[job(1424): 2016-09-10 01:01:50] iterations 13
[job(1424): 2016-09-10 01:01:50] function evaluations 15
[job(1424): 2016-09-10 01:01:50] segments explored during Cauchy searches 14
[job(1424): 2016-09-10 01:01:50] BFGS updates skipped 0
[job(1424): 2016-09-10 01:01:50] active bounds at final generalized Cauchy point 0
[job(1424): 2016-09-10 01:01:50] norm of the final projected gradient 0.00030678
[job(1424): 2016-09-10 01:01:50] final function value -44.4959
[job(1424): 2016-09-10 01:01:50] 
[job(1424): 2016-09-10 01:01:50] F = -44.4959
[job(1424): 2016-09-10 01:01:50] final  value -44.495899 
[job(1424): 2016-09-10 01:01:50] converged
[job(1424): 2016-09-10 01:01:50] [Tune-x] 21: C=0.0324; sigma=0.0975
[job(1424): 2016-09-10 01:01:50] [Tune-y] 21: acc.test.mean=0.237; time: 0.0 min; memory: 117Mb use, 167Mb max
[job(1424): 2016-09-10 01:01:50] 
[job(1424): 2016-09-10 01:01:50] optimisation start
[job(1424): 2016-09-10 01:01:50] ------------------
[job(1424): 2016-09-10 01:01:50] * estimation method   : MLE 
[job(1424): 2016-09-10 01:01:50] * optimisation method : BFGS 
[job(1424): 2016-09-10 01:01:50] * analytical gradient : used
[job(1424): 2016-09-10 01:01:50] * trend model : ~1
[job(1424): 2016-09-10 01:01:50] * covariance model : 
[job(1424): 2016-09-10 01:01:50]   - type :  matern5_2 
[job(1424): 2016-09-10 01:01:50]   - nugget : NO
[job(1424): 2016-09-10 01:01:50]   - parameters lower bounds :  1e-10 1e-10 
[job(1424): 2016-09-10 01:01:50]   - parameters upper bounds :  46.56971 41.48008 
[job(1424): 2016-09-10 01:01:50]   - best initial criterion value(s) :  35.74628 
[job(1424): 2016-09-10 01:01:50] 
[job(1424): 2016-09-10 01:01:50] N = 2, M = 5 machine precision = 2.22045e-16
[job(1424): 2016-09-10 01:01:50] At X0, 0 variables are exactly at the bounds
[job(1424): 2016-09-10 01:01:50] At iterate     0  f=      -35.746  |proj g|=       3.4082
[job(1424): 2016-09-10 01:01:50] At iterate     1  f =      -36.787  |proj g|=       0.51695
[job(1424): 2016-09-10 01:01:50] At iterate     2  f =      -36.848  |proj g|=       0.47169
[job(1424): 2016-09-10 01:01:50] At iterate     3  f =      -36.991  |proj g|=       0.52434
[job(1424): 2016-09-10 01:01:50] At iterate     4  f =      -37.276  |proj g|=        1.3907
[job(1424): 2016-09-10 01:01:50] At iterate     5  f =      -38.211  |proj g|=        3.3784
[job(1424): 2016-09-10 01:01:50] At iterate     6  f =       -40.24  |proj g|=        8.0371
[job(1424): 2016-09-10 01:01:50] At iterate     7  f =      -42.757  |proj g|=        7.1607
[job(1424): 2016-09-10 01:01:50] At iterate     8  f =      -45.355  |proj g|=          1.48
[job(1424): 2016-09-10 01:01:50] At iterate     9  f =      -45.538  |proj g|=        1.0092
[job(1424): 2016-09-10 01:01:50] At iterate    10  f =      -45.565  |proj g|=       0.47841
[job(1424): 2016-09-10 01:01:50] At iterate    11  f =      -45.573  |proj g|=     0.0052936
[job(1424): 2016-09-10 01:01:50] At iterate    12  f =      -45.574  |proj g|=    0.00076727
[job(1424): 2016-09-10 01:01:50] At iterate    13  f =      -45.574  |proj g|=    5.9484e-06
[job(1424): 2016-09-10 01:01:50] At iterate    14  f =      -45.574  |proj g|=    8.7108e-08
[job(1424): 2016-09-10 01:01:50] 
[job(1424): 2016-09-10 01:01:50] iterations 14
[job(1424): 2016-09-10 01:01:50] function evaluations 20
[job(1424): 2016-09-10 01:01:50] segments explored during Cauchy searches 14
[job(1424): 2016-09-10 01:01:50] BFGS updates skipped 0
[job(1424): 2016-09-10 01:01:50] active bounds at final generalized Cauchy point 0
[job(1424): 2016-09-10 01:01:50] norm of the final projected gradient 8.71077e-08
[job(1424): 2016-09-10 01:01:50] final function value -45.5735
[job(1424): 2016-09-10 01:01:50] 
[job(1424): 2016-09-10 01:01:50] F = -45.5735
[job(1424): 2016-09-10 01:01:50] final  value -45.573503 
[job(1424): 2016-09-10 01:01:50] converged
[job(1424): 2016-09-10 01:01:50] [Tune-x] 22: C=0.00128; sigma=0.0406
[job(1424): 2016-09-10 01:01:50] [Tune-y] 22: acc.test.mean=0.197; time: 0.0 min; memory: 117Mb use, 167Mb max
[job(1424): 2016-09-10 01:01:50] 
[job(1424): 2016-09-10 01:01:50] optimisation start
[job(1424): 2016-09-10 01:01:50] ------------------
[job(1424): 2016-09-10 01:01:50] * estimation method   : MLE 
[job(1424): 2016-09-10 01:01:50] * optimisation method : BFGS 
[job(1424): 2016-09-10 01:01:50] * analytical gradient : used
[job(1424): 2016-09-10 01:01:50] * trend model : ~1
[job(1424): 2016-09-10 01:01:50] * covariance model : 
[job(1424): 2016-09-10 01:01:50]   - type :  matern5_2 
[job(1424): 2016-09-10 01:01:50]   - nugget : NO
[job(1424): 2016-09-10 01:01:50]   - parameters lower bounds :  1e-10 1e-10 
[job(1424): 2016-09-10 01:01:50]   - parameters upper bounds :  46.56971 41.48008 
[job(1424): 2016-09-10 01:01:50]   - best initial criterion value(s) :  28.94712 
[job(1424): 2016-09-10 01:01:50] 
[job(1424): 2016-09-10 01:01:50] N = 2, M = 5 machine precision = 2.22045e-16
[job(1424): 2016-09-10 01:01:50] At X0, 0 variables are exactly at the bounds
[job(1424): 2016-09-10 01:01:50] At iterate     0  f=      -28.947  |proj g|=       1.0213
[job(1424): 2016-09-10 01:01:50] At iterate     1  f =      -32.985  |proj g|=             0
[job(1424): 2016-09-10 01:01:50] 
[job(1424): 2016-09-10 01:01:50] iterations 1
[job(1424): 2016-09-10 01:01:50] function evaluations 2
[job(1424): 2016-09-10 01:01:50] segments explored during Cauchy searches 2
[job(1424): 2016-09-10 01:01:50] BFGS updates skipped 0
[job(1424): 2016-09-10 01:01:50] active bounds at final generalized Cauchy point 1
[job(1424): 2016-09-10 01:01:50] norm of the final projected gradient 0
[job(1424): 2016-09-10 01:01:50] final function value -32.9851
[job(1424): 2016-09-10 01:01:50] 
[job(1424): 2016-09-10 01:01:50] F = -32.9851
[job(1424): 2016-09-10 01:01:50] final  value -32.985054 
[job(1424): 2016-09-10 01:01:50] converged
[job(1424): 2016-09-10 01:01:50] [Tune-x] 23: C=405; sigma=0.00405
[job(1424): 2016-09-10 01:01:50] [Tune-y] 23: acc.test.mean=0.163; time: 0.5 min; memory: 117Mb use, 167Mb max
[job(1424): 2016-09-10 01:01:50] 
[job(1424): 2016-09-10 01:01:50] optimisation start
[job(1424): 2016-09-10 01:01:50] ------------------
[job(1424): 2016-09-10 01:01:50] * estimation method   : MLE 
[job(1424): 2016-09-10 01:01:50] * optimisation method : BFGS 
[job(1424): 2016-09-10 01:01:50] * analytical gradient : used
[job(1424): 2016-09-10 01:01:50] * trend model : ~1
[job(1424): 2016-09-10 01:01:50] * covariance model : 
[job(1424): 2016-09-10 01:01:50]   - type :  matern5_2 
[job(1424): 2016-09-10 01:01:50]   - nugget : NO
[job(1424): 2016-09-10 01:01:50]   - parameters lower bounds :  1e-10 1e-10 
[job(1424): 2016-09-10 01:01:50]   - parameters upper bounds :  46.56971 41.48008 
[job(1424): 2016-09-10 01:01:50]   - best initial criterion value(s) :  40.90181 
[job(1424): 2016-09-10 01:01:50] 
[job(1424): 2016-09-10 01:01:50] N = 2, M = 5 machine precision = 2.22045e-16
[job(1424): 2016-09-10 01:01:50] At X0, 0 variables are exactly at the bounds
[job(1424): 2016-09-10 01:01:50] At iterate     0  f=      -40.902  |proj g|=       2.6443
[job(1424): 2016-09-10 01:01:50] At iterate     1  f =      -41.199  |proj g|=        1.8397
[job(1424): 2016-09-10 01:01:50] At iterate     2  f =      -41.579  |proj g|=        1.6321
[job(1424): 2016-09-10 01:01:50] At iterate     3  f =      -42.422  |proj g|=        1.7749
[job(1424): 2016-09-10 01:01:50] At iterate     4  f =      -45.112  |proj g|=           7.6
[job(1424): 2016-09-10 01:01:50] At iterate     5  f =      -45.741  |proj g|=        7.4153
[job(1424): 2016-09-10 01:01:50] At iterate     6  f =      -47.694  |proj g|=        2.7397
[job(1424): 2016-09-10 01:01:50] At iterate     7  f =      -47.861  |proj g|=          1.43
[job(1424): 2016-09-10 01:01:50] At iterate     8  f =      -48.059  |proj g|=       0.11547
[job(1424): 2016-09-10 01:01:50] At iterate     9  f =      -48.061  |proj g|=      0.030442
[job(1424): 2016-09-10 01:01:50] At iterate    10  f =      -48.062  |proj g|=    0.00061109
[job(1424): 2016-09-10 01:01:50] At iterate    11  f =      -48.062  |proj g|=    2.1409e-05
[job(1424): 2016-09-10 01:01:50] 
[job(1424): 2016-09-10 01:01:50] iterations 11
[job(1424): 2016-09-10 01:01:50] function evaluations 16
[job(1424): 2016-09-10 01:01:50] segments explored during Cauchy searches 11
[job(1424): 2016-09-10 01:01:50] BFGS updates skipped 0
[job(1424): 2016-09-10 01:01:50] active bounds at final generalized Cauchy point 0
[job(1424): 2016-09-10 01:01:50] norm of the final projected gradient 2.14094e-05
[job(1424): 2016-09-10 01:01:50] final function value -48.0615
[job(1424): 2016-09-10 01:01:50] 
[job(1424): 2016-09-10 01:01:50] F = -48.0615
[job(1424): 2016-09-10 01:01:50] final  value -48.061517 
[job(1424): 2016-09-10 01:01:50] converged
[job(1424): 2016-09-10 01:01:50] [Tune-x] 24: C=0.00132; sigma=0.0894
[job(1424): 2016-09-10 01:01:50] [Tune-y] 24: acc.test.mean=0.247; time: 0.0 min; memory: 117Mb use, 167Mb max
[job(1424): 2016-09-10 01:01:50] 
[job(1424): 2016-09-10 01:01:50] optimisation start
[job(1424): 2016-09-10 01:01:50] ------------------
[job(1424): 2016-09-10 01:01:50] * estimation method   : MLE 
[job(1424): 2016-09-10 01:01:50] * optimisation method : BFGS 
[job(1424): 2016-09-10 01:01:50] * analytical gradient : used
[job(1424): 2016-09-10 01:01:50] * trend model : ~1
[job(1424): 2016-09-10 01:01:50] * covariance model : 
[job(1424): 2016-09-10 01:01:50]   - type :  matern5_2 
[job(1424): 2016-09-10 01:01:50]   - nugget : NO
[job(1424): 2016-09-10 01:01:50]   - parameters lower bounds :  1e-10 1e-10 
[job(1424): 2016-09-10 01:01:50]   - parameters upper bounds :  46.56971 41.48008 
[job(1424): 2016-09-10 01:01:50]   - best initial criterion value(s) :  18.46622 
[job(1424): 2016-09-10 01:01:50] 
[job(1424): 2016-09-10 01:01:50] N = 2, M = 5 machine precision = 2.22045e-16
[job(1424): 2016-09-10 01:01:50] At X0, 0 variables are exactly at the bounds
[job(1424): 2016-09-10 01:01:50] At iterate     0  f=      -18.466  |proj g|=       2.2901
[job(1424): 2016-09-10 01:01:50] At iterate     1  f =      -36.378  |proj g|=             0
[job(1424): 2016-09-10 01:01:50] 
[job(1424): 2016-09-10 01:01:50] iterations 1
[job(1424): 2016-09-10 01:01:50] function evaluations 2
[job(1424): 2016-09-10 01:01:50] segments explored during Cauchy searches 2
[job(1424): 2016-09-10 01:01:50] BFGS updates skipped 0
[job(1424): 2016-09-10 01:01:50] active bounds at final generalized Cauchy point 1
[job(1424): 2016-09-10 01:01:50] norm of the final projected gradient 0
[job(1424): 2016-09-10 01:01:50] final function value -36.3775
[job(1424): 2016-09-10 01:01:50] 
[job(1424): 2016-09-10 01:01:50] F = -36.3775
[job(1424): 2016-09-10 01:01:50] final  value -36.377540 
[job(1424): 2016-09-10 01:01:50] converged
[job(1424): 2016-09-10 01:01:50] [Tune-x] 25: C=299; sigma=0.0312
[job(1424): 2016-09-10 01:01:50] [Tune-y] 25: acc.test.mean=0.174; time: 0.0 min; memory: 117Mb use, 167Mb max
[job(1424): 2016-09-10 01:01:50] 
[job(1424): 2016-09-10 01:01:50] optimisation start
[job(1424): 2016-09-10 01:01:50] ------------------
[job(1424): 2016-09-10 01:01:50] * estimation method   : MLE 
[job(1424): 2016-09-10 01:01:50] * optimisation method : BFGS 
[job(1424): 2016-09-10 01:01:50] * analytical gradient : used
[job(1424): 2016-09-10 01:01:50] * trend model : ~1
[job(1424): 2016-09-10 01:01:50] * covariance model : 
[job(1424): 2016-09-10 01:01:50]   - type :  matern5_2 
[job(1424): 2016-09-10 01:01:50]   - nugget : NO
[job(1424): 2016-09-10 01:01:50]   - parameters lower bounds :  1e-10 1e-10 
[job(1424): 2016-09-10 01:01:50]   - parameters upper bounds :  46.56971 41.48008 
[job(1424): 2016-09-10 01:01:50]   - best initial criterion value(s) :  49.06931 
[job(1424): 2016-09-10 01:01:50] 
[job(1424): 2016-09-10 01:01:50] N = 2, M = 5 machine precision = 2.22045e-16
[job(1424): 2016-09-10 01:01:50] At X0, 0 variables are exactly at the bounds
[job(1424): 2016-09-10 01:01:50] At iterate     0  f=      -49.069  |proj g|=       41.427
[job(1424): 2016-09-10 01:01:50] At iterate     1  f =      -49.931  |proj g|=      0.077455
[job(1424): 2016-09-10 01:01:50] At iterate     2  f =      -50.026  |proj g|=        3.2235
[job(1424): 2016-09-10 01:01:50] At iterate     3  f =      -50.027  |proj g|=      0.045691
[job(1424): 2016-09-10 01:01:50] At iterate     4  f =      -50.027  |proj g|=     0.0078747
[job(1424): 2016-09-10 01:01:50] At iterate     5  f =      -50.027  |proj g|=     0.0078731
[job(1424): 2016-09-10 01:01:50] 
[job(1424): 2016-09-10 01:01:50] iterations 5
[job(1424): 2016-09-10 01:01:50] function evaluations 12
[job(1424): 2016-09-10 01:01:50] segments explored during Cauchy searches 6
[job(1424): 2016-09-10 01:01:50] BFGS updates skipped 0
[job(1424): 2016-09-10 01:01:50] active bounds at final generalized Cauchy point 0
[job(1424): 2016-09-10 01:01:50] norm of the final projected gradient 0.00787309
[job(1424): 2016-09-10 01:01:50] final function value -50.0269
[job(1424): 2016-09-10 01:01:50] 
[job(1424): 2016-09-10 01:01:50] F = -50.0269
[job(1424): 2016-09-10 01:01:50] final  value -50.026855 
[job(1424): 2016-09-10 01:01:50] converged
[job(1424): 2016-09-10 01:01:50] [Tune-x] 26: C=0.525; sigma=0.0993
[job(1424): 2016-09-10 01:01:50] [Tune-y] 26: acc.test.mean=0.239; time: 0.0 min; memory: 117Mb use, 167Mb max
[job(1424): 2016-09-10 01:01:50] 
[job(1424): 2016-09-10 01:01:50] optimisation start
[job(1424): 2016-09-10 01:01:50] ------------------
[job(1424): 2016-09-10 01:01:50] * estimation method   : MLE 
[job(1424): 2016-09-10 01:01:50] * optimisation method : BFGS 
[job(1424): 2016-09-10 01:01:50] * analytical gradient : used
[job(1424): 2016-09-10 01:01:50] * trend model : ~1
[job(1424): 2016-09-10 01:01:50] * covariance model : 
[job(1424): 2016-09-10 01:01:50]   - type :  matern5_2 
[job(1424): 2016-09-10 01:01:50]   - nugget : NO
[job(1424): 2016-09-10 01:01:50]   - parameters lower bounds :  1e-10 1e-10 
[job(1424): 2016-09-10 01:01:50]   - parameters upper bounds :  46.56971 41.48008 
[job(1424): 2016-09-10 01:01:50]   - best initial criterion value(s) :  42.33814 
[job(1424): 2016-09-10 01:01:50] 
[job(1424): 2016-09-10 01:01:50] N = 2, M = 5 machine precision = 2.22045e-16
[job(1424): 2016-09-10 01:01:50] At X0, 0 variables are exactly at the bounds
[job(1424): 2016-09-10 01:01:50] At iterate     0  f=      -42.338  |proj g|=      0.27525
[job(1424): 2016-09-10 01:01:50] At iterate     1  f =      -42.338  |proj g|=    9.5128e-05
[job(1424): 2016-09-10 01:01:50] At iterate     2  f =      -42.338  |proj g|=    0.00017235
[job(1424): 2016-09-10 01:01:50] 
[job(1424): 2016-09-10 01:01:50] iterations 2
[job(1424): 2016-09-10 01:01:50] function evaluations 7
[job(1424): 2016-09-10 01:01:50] segments explored during Cauchy searches 2
[job(1424): 2016-09-10 01:01:50] BFGS updates skipped 0
[job(1424): 2016-09-10 01:01:50] active bounds at final generalized Cauchy point 0
[job(1424): 2016-09-10 01:01:50] norm of the final projected gradient 0.000172353
[job(1424): 2016-09-10 01:01:50] final function value -42.3382
[job(1424): 2016-09-10 01:01:50] 
[job(1424): 2016-09-10 01:01:50] F = -42.3382
[job(1424): 2016-09-10 01:01:50] final  value -42.338168 
[job(1424): 2016-09-10 01:01:50] converged
[job(1424): 2016-09-10 01:01:50] [Tune-x] 27: C=0.00132; sigma=0.0934
[job(1424): 2016-09-10 01:01:50] [Tune-y] 27: acc.test.mean=0.246; time: 0.0 min; memory: 117Mb use, 167Mb max
[job(1424): 2016-09-10 01:01:50] 
[job(1424): 2016-09-10 01:01:50] optimisation start
[job(1424): 2016-09-10 01:01:50] ------------------
[job(1424): 2016-09-10 01:01:50] * estimation method   : MLE 
[job(1424): 2016-09-10 01:01:50] * optimisation method : BFGS 
[job(1424): 2016-09-10 01:01:50] * analytical gradient : used
[job(1424): 2016-09-10 01:01:50] * trend model : ~1
[job(1424): 2016-09-10 01:01:50] * covariance model : 
[job(1424): 2016-09-10 01:01:50]   - type :  matern5_2 
[job(1424): 2016-09-10 01:01:50]   - nugget : NO
[job(1424): 2016-09-10 01:01:50]   - parameters lower bounds :  1e-10 1e-10 
[job(1424): 2016-09-10 01:01:50]   - parameters upper bounds :  46.56971 41.48008 
[job(1424): 2016-09-10 01:01:50]   - best initial criterion value(s) :  20.65983 
[job(1424): 2016-09-10 01:01:50] 
[job(1424): 2016-09-10 01:01:50] N = 2, M = 5 machine precision = 2.22045e-16
[job(1424): 2016-09-10 01:01:50] At X0, 0 variables are exactly at the bounds
[job(1424): 2016-09-10 01:01:50] At iterate     0  f=       -20.66  |proj g|=       1.1364
[job(1424): 2016-09-10 01:01:50] At iterate     1  f =      -41.681  |proj g|=             0
[job(1424): 2016-09-10 01:01:50] 
[job(1424): 2016-09-10 01:01:50] iterations 1
[job(1424): 2016-09-10 01:01:50] function evaluations 2
[job(1424): 2016-09-10 01:01:50] segments explored during Cauchy searches 2
[job(1424): 2016-09-10 01:01:50] BFGS updates skipped 0
[job(1424): 2016-09-10 01:01:50] active bounds at final generalized Cauchy point 1
[job(1424): 2016-09-10 01:01:50] norm of the final projected gradient 0
[job(1424): 2016-09-10 01:01:50] final function value -41.6807
[job(1424): 2016-09-10 01:01:50] 
[job(1424): 2016-09-10 01:01:50] F = -41.6807
[job(1424): 2016-09-10 01:01:50] final  value -41.680727 
[job(1424): 2016-09-10 01:01:50] converged
[job(1424): 2016-09-10 01:01:50] [Tune-x] 28: C=2.25e+03; sigma=0.0242
[job(1424): 2016-09-10 01:01:50] [Tune-y] 28: acc.test.mean=0.166; time: 0.0 min; memory: 117Mb use, 167Mb max
[job(1424): 2016-09-10 01:01:50] 
[job(1424): 2016-09-10 01:01:50] optimisation start
[job(1424): 2016-09-10 01:01:50] ------------------
[job(1424): 2016-09-10 01:01:50] * estimation method   : MLE 
[job(1424): 2016-09-10 01:01:50] * optimisation method : BFGS 
[job(1424): 2016-09-10 01:01:50] * analytical gradient : used
[job(1424): 2016-09-10 01:01:50] * trend model : ~1
[job(1424): 2016-09-10 01:01:50] * covariance model : 
[job(1424): 2016-09-10 01:01:50]   - type :  matern5_2 
[job(1424): 2016-09-10 01:01:50]   - nugget : NO
[job(1424): 2016-09-10 01:01:50]   - parameters lower bounds :  1e-10 1e-10 
[job(1424): 2016-09-10 01:01:50]   - parameters upper bounds :  46.56971 41.48008 
[job(1424): 2016-09-10 01:01:50]   - best initial criterion value(s) :  43.03444 
[job(1424): 2016-09-10 01:01:50] 
[job(1424): 2016-09-10 01:01:50] N = 2, M = 5 machine precision = 2.22045e-16
[job(1424): 2016-09-10 01:01:50] At X0, 0 variables are exactly at the bounds
[job(1424): 2016-09-10 01:01:50] At iterate     0  f=      -43.034  |proj g|=       3.5957
[job(1424): 2016-09-10 01:01:50] At iterate     1  f =      -43.507  |proj g|=             0
[job(1424): 2016-09-10 01:01:50] 
[job(1424): 2016-09-10 01:01:50] iterations 1
[job(1424): 2016-09-10 01:01:50] function evaluations 2
[job(1424): 2016-09-10 01:01:50] segments explored during Cauchy searches 2
[job(1424): 2016-09-10 01:01:50] BFGS updates skipped 0
[job(1424): 2016-09-10 01:01:50] active bounds at final generalized Cauchy point 2
[job(1424): 2016-09-10 01:01:50] norm of the final projected gradient 0
[job(1424): 2016-09-10 01:01:50] final function value -43.5069
[job(1424): 2016-09-10 01:01:50] 
[job(1424): 2016-09-10 01:01:50] F = -43.5069
[job(1424): 2016-09-10 01:01:50] final  value -43.506935 
[job(1424): 2016-09-10 01:01:50] converged
[job(1424): 2016-09-10 01:01:50] [Tune] Result: C=0.00132; sigma=0.0894 : acc.test.mean=-0.247
[job(1424): 2016-09-10 01:01:50] Job terminated successfully
[job(chunk): 2016-09-10 01:01:51] Calculation finished!
