[job(chunk): 2016-09-09 20:10:42] Starting calculation of 1 jobs
[job(chunk): 2016-09-09 20:10:42] Setting working directory to '/naslx/projects/pr74ze/ri89coc2/svm_comparison'
[job(chunk): 2016-09-09 20:10:42] Memory measurement disabled
[job(341): 2016-09-09 20:10:44] Starting job with job.id=341
[job(341): 2016-09-09 20:11:39] Generating problem instance for problem '41' ...
[job(341): 2016-09-09 20:11:39] Downloading from 'http://www.openml.org/api/v1/data/41' to '/tmp/ri89coc2/Rtmp2xEJNT/cache/datasets/41/description.xml'.
[job(341): 2016-09-09 20:11:39] Downloading from 'http://www.openml.org/data/download/41/dataset_41_glass.arff' to '/tmp/ri89coc2/Rtmp2xEJNT/cache/datasets/41/dataset.arff'
[job(341): 2016-09-09 20:11:39] Loading required package: readr
[job(341): 2016-09-09 20:11:39] Applying algorithm 'spoc-svc.tuned' on problem '41' ...
[job(341): 2016-09-09 20:11:39] Data '41' file 'description.xml' found in cache.
[job(341): 2016-09-09 20:11:39] Data '41' file 'dataset.arff' found in cache.
[job(341): 2016-09-09 20:11:39] [Tune] Started tuning learner spoc-svc for parameter set:
[job(341): 2016-09-09 20:11:39]          Type len Def    Constr Req Tunable Trafo
[job(341): 2016-09-09 20:11:39] C     numeric   -   - -12 to 12   -    TRUE     Y
[job(341): 2016-09-09 20:11:39] sigma numeric   -   - -12 to 12   -    TRUE     Y
[job(341): 2016-09-09 20:11:39] With control class: TuneControlMBO
[job(341): 2016-09-09 20:11:39] Imputation value: -0
[job(341): 2016-09-09 20:11:39] [Tune-x] 1: C=0.022; sigma=2.12
[job(341): 2016-09-09 20:11:39] [Tune-y] 1: acc.test.mean=0.699; time: 0.0 min; memory: 113Mb use, 149Mb max
[job(341): 2016-09-09 20:11:39] [Tune-x] 2: C=4.04; sigma=0.00119
[job(341): 2016-09-09 20:11:39] [Tune-y] 2: acc.test.mean=0.564; time: 0.0 min; memory: 113Mb use, 149Mb max
[job(341): 2016-09-09 20:11:39] [Tune-x] 3: C=243; sigma=60.9
[job(341): 2016-09-09 20:11:39] [Tune-y] 3: acc.test.mean=0.684; time: 0.0 min; memory: 113Mb use, 149Mb max
[job(341): 2016-09-09 20:11:39] [Tune-x] 4: C=0.309; sigma=0.68
[job(341): 2016-09-09 20:11:39] [Tune-y] 4: acc.test.mean=0.741; time: 0.0 min; memory: 113Mb use, 149Mb max
[job(341): 2016-09-09 20:11:39] [Tune-x] 5: C=0.00522; sigma=797
[job(341): 2016-09-09 20:11:39] [Tune-y] 5: acc.test.mean=0.539; time: 0.0 min; memory: 113Mb use, 149Mb max
[job(341): 2016-09-09 20:11:39] [Tune-x] 6: C=2.23e+03; sigma=0.0184
[job(341): 2016-09-09 20:11:39] [Tune-y] 6: acc.test.mean=0.689; time: 0.1 min; memory: 113Mb use, 149Mb max
[job(341): 2016-09-09 20:11:39] [Tune-x] 7: C=0.000782; sigma=0.0112
[job(341): 2016-09-09 20:11:39] [Tune-y] 7: acc.test.mean=0.456; time: 0.0 min; memory: 113Mb use, 149Mb max
[job(341): 2016-09-09 20:11:39] [Tune-x] 8: C=9.59; sigma=155
[job(341): 2016-09-09 20:11:39] [Tune-y] 8: acc.test.mean=0.694; time: 0.0 min; memory: 113Mb use, 149Mb max
[job(341): 2016-09-09 20:11:39] 
[job(341): 2016-09-09 20:11:39] optimisation start
[job(341): 2016-09-09 20:11:39] ------------------
[job(341): 2016-09-09 20:11:39] * estimation method   : MLE 
[job(341): 2016-09-09 20:11:39] * optimisation method : BFGS 
[job(341): 2016-09-09 20:11:39] * analytical gradient : used
[job(341): 2016-09-09 20:11:39] * trend model : ~1
[job(341): 2016-09-09 20:11:39] * covariance model : 
[job(341): 2016-09-09 20:11:39]   - type :  matern5_2 
[job(341): 2016-09-09 20:11:39]   - nugget : NO
[job(341): 2016-09-09 20:11:39]   - parameters lower bounds :  1e-10 1e-10 
[job(341): 2016-09-09 20:11:39]   - parameters upper bounds :  42.88721 38.69901 
[job(341): 2016-09-09 20:11:39]   - best initial criterion value(s) :  8.541145 
[job(341): 2016-09-09 20:11:39] 
[job(341): 2016-09-09 20:11:39] N = 2, M = 5 machine precision = 2.22045e-16
[job(341): 2016-09-09 20:11:39] At X0, 0 variables are exactly at the bounds
[job(341): 2016-09-09 20:11:39] At iterate     0  f=      -8.5411  |proj g|=     0.096703
[job(341): 2016-09-09 20:11:39] At iterate     1  f =      -8.5581  |proj g|=      0.089071
[job(341): 2016-09-09 20:11:39] At iterate     2  f =      -8.6501  |proj g|=      0.019408
[job(341): 2016-09-09 20:11:39] At iterate     3  f =      -8.6527  |proj g|=     0.0071509
[job(341): 2016-09-09 20:11:39] At iterate     4  f =      -8.6544  |proj g|=     0.0084608
[job(341): 2016-09-09 20:11:39] At iterate     5  f =      -8.6567  |proj g|=     0.0057677
[job(341): 2016-09-09 20:11:39] At iterate     6  f =      -8.6573  |proj g|=    0.00033054
[job(341): 2016-09-09 20:11:39] At iterate     7  f =      -8.6573  |proj g|=    1.5454e-05
[job(341): 2016-09-09 20:11:39] At iterate     8  f =      -8.6573  |proj g|=    1.5096e-06
[job(341): 2016-09-09 20:11:39] 
[job(341): 2016-09-09 20:11:39] iterations 8
[job(341): 2016-09-09 20:11:39] function evaluations 9
[job(341): 2016-09-09 20:11:39] segments explored during Cauchy searches 8
[job(341): 2016-09-09 20:11:39] BFGS updates skipped 0
[job(341): 2016-09-09 20:11:39] active bounds at final generalized Cauchy point 0
[job(341): 2016-09-09 20:11:39] norm of the final projected gradient 1.50958e-06
[job(341): 2016-09-09 20:11:39] final function value -8.65728
[job(341): 2016-09-09 20:11:39] 
[job(341): 2016-09-09 20:11:39] F = -8.65728
[job(341): 2016-09-09 20:11:39] final  value -8.657281 
[job(341): 2016-09-09 20:11:39] converged
[job(341): 2016-09-09 20:11:39] [Tune-x] 9: C=3.74; sigma=1.79
[job(341): 2016-09-09 20:11:39] [Tune-y] 9: acc.test.mean=0.658; time: 0.0 min; memory: 117Mb use, 152Mb max
[job(341): 2016-09-09 20:11:39] 
[job(341): 2016-09-09 20:11:39] optimisation start
[job(341): 2016-09-09 20:11:39] ------------------
[job(341): 2016-09-09 20:11:39] * estimation method   : MLE 
[job(341): 2016-09-09 20:11:39] * optimisation method : BFGS 
[job(341): 2016-09-09 20:11:39] * analytical gradient : used
[job(341): 2016-09-09 20:11:39] * trend model : ~1
[job(341): 2016-09-09 20:11:39] * covariance model : 
[job(341): 2016-09-09 20:11:39]   - type :  matern5_2 
[job(341): 2016-09-09 20:11:39]   - nugget : NO
[job(341): 2016-09-09 20:11:39]   - parameters lower bounds :  1e-10 1e-10 
[job(341): 2016-09-09 20:11:39]   - parameters upper bounds :  42.88721 38.69901 
[job(341): 2016-09-09 20:11:39]   - best initial criterion value(s) :  9.864686 
[job(341): 2016-09-09 20:11:39] 
[job(341): 2016-09-09 20:11:39] N = 2, M = 5 machine precision = 2.22045e-16
[job(341): 2016-09-09 20:11:39] At X0, 0 variables are exactly at the bounds
[job(341): 2016-09-09 20:11:39] At iterate     0  f=      -9.8647  |proj g|=      0.13387
[job(341): 2016-09-09 20:11:39] At iterate     1  f =      -9.8798  |proj g|=      0.090159
[job(341): 2016-09-09 20:11:39] At iterate     2  f =      -9.8918  |proj g|=      0.018887
[job(341): 2016-09-09 20:11:39] At iterate     3  f =      -9.8929  |proj g|=      0.016986
[job(341): 2016-09-09 20:11:39] At iterate     4  f =       -9.895  |proj g|=      0.014084
[job(341): 2016-09-09 20:11:39] At iterate     5  f =      -9.8979  |proj g|=      0.022116
[job(341): 2016-09-09 20:11:39] At iterate     6  f =      -9.8994  |proj g|=     0.0045453
[job(341): 2016-09-09 20:11:39] At iterate     7  f =      -9.8994  |proj g|=    0.00032541
[job(341): 2016-09-09 20:11:39] At iterate     8  f =      -9.8994  |proj g|=    5.9867e-05
[job(341): 2016-09-09 20:11:39] At iterate     9  f =      -9.8994  |proj g|=    7.9182e-08
[job(341): 2016-09-09 20:11:39] 
[job(341): 2016-09-09 20:11:39] iterations 9
[job(341): 2016-09-09 20:11:39] function evaluations 10
[job(341): 2016-09-09 20:11:39] segments explored during Cauchy searches 9
[job(341): 2016-09-09 20:11:39] BFGS updates skipped 0
[job(341): 2016-09-09 20:11:39] active bounds at final generalized Cauchy point 0
[job(341): 2016-09-09 20:11:39] norm of the final projected gradient 7.91818e-08
[job(341): 2016-09-09 20:11:39] final function value -9.89944
[job(341): 2016-09-09 20:11:39] 
[job(341): 2016-09-09 20:11:39] F = -9.89944
[job(341): 2016-09-09 20:11:39] final  value -9.899440 
[job(341): 2016-09-09 20:11:39] converged
[job(341): 2016-09-09 20:11:39] [Tune-x] 10: C=0.122; sigma=0.624
[job(341): 2016-09-09 20:11:39] [Tune-y] 10: acc.test.mean=0.67; time: 0.0 min; memory: 117Mb use, 159Mb max
[job(341): 2016-09-09 20:11:39] 
[job(341): 2016-09-09 20:11:39] optimisation start
[job(341): 2016-09-09 20:11:39] ------------------
[job(341): 2016-09-09 20:11:39] * estimation method   : MLE 
[job(341): 2016-09-09 20:11:39] * optimisation method : BFGS 
[job(341): 2016-09-09 20:11:39] * analytical gradient : used
[job(341): 2016-09-09 20:11:39] * trend model : ~1
[job(341): 2016-09-09 20:11:39] * covariance model : 
[job(341): 2016-09-09 20:11:39]   - type :  matern5_2 
[job(341): 2016-09-09 20:11:39]   - nugget : NO
[job(341): 2016-09-09 20:11:39]   - parameters lower bounds :  1e-10 1e-10 
[job(341): 2016-09-09 20:11:39]   - parameters upper bounds :  42.88721 38.69901 
[job(341): 2016-09-09 20:11:39]   - best initial criterion value(s) :  9.09764 
[job(341): 2016-09-09 20:11:39] 
[job(341): 2016-09-09 20:11:39] N = 2, M = 5 machine precision = 2.22045e-16
[job(341): 2016-09-09 20:11:39] At X0, 0 variables are exactly at the bounds
[job(341): 2016-09-09 20:11:39] At iterate     0  f=      -9.0976  |proj g|=      0.68334
[job(341): 2016-09-09 20:11:39] At iterate     1  f =      -9.5085  |proj g|=       0.35296
[job(341): 2016-09-09 20:11:39] At iterate     2  f =      -9.5753  |proj g|=      0.074232
[job(341): 2016-09-09 20:11:39] At iterate     3  f =      -9.6874  |proj g|=       0.13763
[job(341): 2016-09-09 20:11:39] At iterate     4  f =      -10.416  |proj g|=       0.63361
[job(341): 2016-09-09 20:11:39] At iterate     5  f =       -10.47  |proj g|=             0
[job(341): 2016-09-09 20:11:39] 
[job(341): 2016-09-09 20:11:39] iterations 5
[job(341): 2016-09-09 20:11:39] function evaluations 9
[job(341): 2016-09-09 20:11:39] segments explored during Cauchy searches 5
[job(341): 2016-09-09 20:11:39] BFGS updates skipped 0
[job(341): 2016-09-09 20:11:39] active bounds at final generalized Cauchy point 0
[job(341): 2016-09-09 20:11:39] norm of the final projected gradient 0
[job(341): 2016-09-09 20:11:39] final function value -10.4702
[job(341): 2016-09-09 20:11:39] 
[job(341): 2016-09-09 20:11:39] F = -10.4702
[job(341): 2016-09-09 20:11:39] final  value -10.470243 
[job(341): 2016-09-09 20:11:39] converged
[job(341): 2016-09-09 20:11:39] [Tune-x] 11: C=141; sigma=0.367
[job(341): 2016-09-09 20:11:39] [Tune-y] 11: acc.test.mean=0.648; time: 0.0 min; memory: 117Mb use, 159Mb max
[job(341): 2016-09-09 20:11:39] 
[job(341): 2016-09-09 20:11:39] optimisation start
[job(341): 2016-09-09 20:11:39] ------------------
[job(341): 2016-09-09 20:11:39] * estimation method   : MLE 
[job(341): 2016-09-09 20:11:39] * optimisation method : BFGS 
[job(341): 2016-09-09 20:11:39] * analytical gradient : used
[job(341): 2016-09-09 20:11:39] * trend model : ~1
[job(341): 2016-09-09 20:11:39] * covariance model : 
[job(341): 2016-09-09 20:11:39]   - type :  matern5_2 
[job(341): 2016-09-09 20:11:39]   - nugget : NO
[job(341): 2016-09-09 20:11:39]   - parameters lower bounds :  1e-10 1e-10 
[job(341): 2016-09-09 20:11:39]   - parameters upper bounds :  42.88721 38.69901 
[job(341): 2016-09-09 20:11:39]   - best initial criterion value(s) :  12.20004 
[job(341): 2016-09-09 20:11:39] 
[job(341): 2016-09-09 20:11:39] N = 2, M = 5 machine precision = 2.22045e-16
[job(341): 2016-09-09 20:11:39] At X0, 0 variables are exactly at the bounds
[job(341): 2016-09-09 20:11:39] At iterate     0  f=        -12.2  |proj g|=      0.23851
[job(341): 2016-09-09 20:11:39] At iterate     1  f =      -12.218  |proj g|=       0.11196
[job(341): 2016-09-09 20:11:39] At iterate     2  f =      -12.223  |proj g|=      0.046629
[job(341): 2016-09-09 20:11:39] At iterate     3  f =      -12.225  |proj g|=      0.047191
[job(341): 2016-09-09 20:11:39] At iterate     4  f =      -12.245  |proj g|=       0.13988
[job(341): 2016-09-09 20:11:39] At iterate     5  f =      -12.278  |proj g|=       0.25968
[job(341): 2016-09-09 20:11:39] At iterate     6  f =      -12.345  |proj g|=        0.3699
[job(341): 2016-09-09 20:11:39] At iterate     7  f =      -12.406  |proj g|=       0.30992
[job(341): 2016-09-09 20:11:39] At iterate     8  f =      -12.443  |proj g|=      0.049475
[job(341): 2016-09-09 20:11:39] At iterate     9  f =      -12.444  |proj g|=      0.003282
[job(341): 2016-09-09 20:11:39] At iterate    10  f =      -12.444  |proj g|=    4.7404e-05
[job(341): 2016-09-09 20:11:39] At iterate    11  f =      -12.444  |proj g|=    2.0722e-07
[job(341): 2016-09-09 20:11:39] 
[job(341): 2016-09-09 20:11:39] iterations 11
[job(341): 2016-09-09 20:11:39] function evaluations 12
[job(341): 2016-09-09 20:11:39] segments explored during Cauchy searches 11
[job(341): 2016-09-09 20:11:39] BFGS updates skipped 0
[job(341): 2016-09-09 20:11:39] active bounds at final generalized Cauchy point 0
[job(341): 2016-09-09 20:11:39] norm of the final projected gradient 2.07218e-07
[job(341): 2016-09-09 20:11:39] final function value -12.4442
[job(341): 2016-09-09 20:11:39] 
[job(341): 2016-09-09 20:11:39] F = -12.4442
[job(341): 2016-09-09 20:11:39] final  value -12.444219 
[job(341): 2016-09-09 20:11:39] converged
[job(341): 2016-09-09 20:11:39] [Tune-x] 12: C=0.394; sigma=1.89
[job(341): 2016-09-09 20:11:39] [Tune-y] 12: acc.test.mean=0.689; time: 0.0 min; memory: 117Mb use, 159Mb max
[job(341): 2016-09-09 20:11:39] 
[job(341): 2016-09-09 20:11:39] optimisation start
[job(341): 2016-09-09 20:11:39] ------------------
[job(341): 2016-09-09 20:11:39] * estimation method   : MLE 
[job(341): 2016-09-09 20:11:39] * optimisation method : BFGS 
[job(341): 2016-09-09 20:11:39] * analytical gradient : used
[job(341): 2016-09-09 20:11:39] * trend model : ~1
[job(341): 2016-09-09 20:11:39] * covariance model : 
[job(341): 2016-09-09 20:11:39]   - type :  matern5_2 
[job(341): 2016-09-09 20:11:39]   - nugget : NO
[job(341): 2016-09-09 20:11:39]   - parameters lower bounds :  1e-10 1e-10 
[job(341): 2016-09-09 20:11:39]   - parameters upper bounds :  42.88721 38.69901 
[job(341): 2016-09-09 20:11:39]   - best initial criterion value(s) :  9.39543 
[job(341): 2016-09-09 20:11:39] 
[job(341): 2016-09-09 20:11:39] N = 2, M = 5 machine precision = 2.22045e-16
[job(341): 2016-09-09 20:11:39] At X0, 0 variables are exactly at the bounds
[job(341): 2016-09-09 20:11:39] At iterate     0  f=      -9.3954  |proj g|=       1.7839
[job(341): 2016-09-09 20:11:39] At iterate     1  f =      -13.038  |proj g|=        1.6713
[job(341): 2016-09-09 20:11:39] ys=-3.568e-01  -gs= 3.345e+00, BFGS update SKIPPED
[job(341): 2016-09-09 20:11:39] At iterate     2  f =      -13.473  |proj g|=             0
[job(341): 2016-09-09 20:11:39] 
[job(341): 2016-09-09 20:11:39] iterations 2
[job(341): 2016-09-09 20:11:39] function evaluations 3
[job(341): 2016-09-09 20:11:39] segments explored during Cauchy searches 3
[job(341): 2016-09-09 20:11:39] BFGS updates skipped 1
[job(341): 2016-09-09 20:11:39] active bounds at final generalized Cauchy point 1
[job(341): 2016-09-09 20:11:39] norm of the final projected gradient 0
[job(341): 2016-09-09 20:11:39] final function value -13.4726
[job(341): 2016-09-09 20:11:39] 
[job(341): 2016-09-09 20:11:39] F = -13.4726
[job(341): 2016-09-09 20:11:39] final  value -13.472614 
[job(341): 2016-09-09 20:11:39] converged
[job(341): 2016-09-09 20:11:39] [Tune-x] 13: C=0.00039; sigma=0.557
[job(341): 2016-09-09 20:11:39] [Tune-y] 13: acc.test.mean=0.657; time: 0.0 min; memory: 117Mb use, 159Mb max
[job(341): 2016-09-09 20:11:39] 
[job(341): 2016-09-09 20:11:39] optimisation start
[job(341): 2016-09-09 20:11:39] ------------------
[job(341): 2016-09-09 20:11:39] * estimation method   : MLE 
[job(341): 2016-09-09 20:11:39] * optimisation method : BFGS 
[job(341): 2016-09-09 20:11:39] * analytical gradient : used
[job(341): 2016-09-09 20:11:39] * trend model : ~1
[job(341): 2016-09-09 20:11:39] * covariance model : 
[job(341): 2016-09-09 20:11:39]   - type :  matern5_2 
[job(341): 2016-09-09 20:11:39]   - nugget : NO
[job(341): 2016-09-09 20:11:39]   - parameters lower bounds :  1e-10 1e-10 
[job(341): 2016-09-09 20:11:39]   - parameters upper bounds :  44.89031 38.69901 
[job(341): 2016-09-09 20:11:39]   - best initial criterion value(s) :  13.91977 
[job(341): 2016-09-09 20:11:39] 
[job(341): 2016-09-09 20:11:39] N = 2, M = 5 machine precision = 2.22045e-16
[job(341): 2016-09-09 20:11:39] At X0, 0 variables are exactly at the bounds
[job(341): 2016-09-09 20:11:39] At iterate     0  f=       -13.92  |proj g|=      0.38553
[job(341): 2016-09-09 20:11:39] At iterate     1  f =      -15.102  |proj g|=             0
[job(341): 2016-09-09 20:11:39] 
[job(341): 2016-09-09 20:11:39] iterations 1
[job(341): 2016-09-09 20:11:39] function evaluations 2
[job(341): 2016-09-09 20:11:39] segments explored during Cauchy searches 2
[job(341): 2016-09-09 20:11:39] BFGS updates skipped 0
[job(341): 2016-09-09 20:11:39] active bounds at final generalized Cauchy point 1
[job(341): 2016-09-09 20:11:39] norm of the final projected gradient 0
[job(341): 2016-09-09 20:11:39] final function value -15.102
[job(341): 2016-09-09 20:11:39] 
[job(341): 2016-09-09 20:11:39] F = -15.102
[job(341): 2016-09-09 20:11:39] final  value -15.102016 
[job(341): 2016-09-09 20:11:39] converged
[job(341): 2016-09-09 20:11:39] [Tune-x] 14: C=5.41; sigma=0.0347
[job(341): 2016-09-09 20:11:39] [Tune-y] 14: acc.test.mean=0.699; time: 0.0 min; memory: 117Mb use, 159Mb max
[job(341): 2016-09-09 20:11:39] 
[job(341): 2016-09-09 20:11:39] optimisation start
[job(341): 2016-09-09 20:11:39] ------------------
[job(341): 2016-09-09 20:11:39] * estimation method   : MLE 
[job(341): 2016-09-09 20:11:39] * optimisation method : BFGS 
[job(341): 2016-09-09 20:11:39] * analytical gradient : used
[job(341): 2016-09-09 20:11:39] * trend model : ~1
[job(341): 2016-09-09 20:11:39] * covariance model : 
[job(341): 2016-09-09 20:11:39]   - type :  matern5_2 
[job(341): 2016-09-09 20:11:39]   - nugget : NO
[job(341): 2016-09-09 20:11:39]   - parameters lower bounds :  1e-10 1e-10 
[job(341): 2016-09-09 20:11:39]   - parameters upper bounds :  44.89031 38.69901 
[job(341): 2016-09-09 20:11:39]   - best initial criterion value(s) :  7.555892 
[job(341): 2016-09-09 20:11:39] 
[job(341): 2016-09-09 20:11:39] N = 2, M = 5 machine precision = 2.22045e-16
[job(341): 2016-09-09 20:11:39] At X0, 0 variables are exactly at the bounds
[job(341): 2016-09-09 20:11:39] At iterate     0  f=      -7.5559  |proj g|=       1.5254
[job(341): 2016-09-09 20:11:39] At iterate     1  f =      -11.125  |proj g|=        2.0992
[job(341): 2016-09-09 20:11:39] ys=-2.451e+00  -gs= 2.419e+00, BFGS update SKIPPED
[job(341): 2016-09-09 20:11:39] At iterate     2  f =      -16.533  |proj g|=             0
[job(341): 2016-09-09 20:11:39] 
[job(341): 2016-09-09 20:11:39] iterations 2
[job(341): 2016-09-09 20:11:39] function evaluations 3
[job(341): 2016-09-09 20:11:39] segments explored during Cauchy searches 3
[job(341): 2016-09-09 20:11:39] BFGS updates skipped 1
[job(341): 2016-09-09 20:11:39] active bounds at final generalized Cauchy point 1
[job(341): 2016-09-09 20:11:39] norm of the final projected gradient 0
[job(341): 2016-09-09 20:11:39] final function value -16.5331
[job(341): 2016-09-09 20:11:39] 
[job(341): 2016-09-09 20:11:39] F = -16.5331
[job(341): 2016-09-09 20:11:39] final  value -16.533082 
[job(341): 2016-09-09 20:11:39] converged
[job(341): 2016-09-09 20:11:39] [Tune-x] 15: C=60; sigma=1.53e+03
[job(341): 2016-09-09 20:11:39] [Tune-y] 15: acc.test.mean=0.513; time: 0.0 min; memory: 117Mb use, 159Mb max
[job(341): 2016-09-09 20:11:39] 
[job(341): 2016-09-09 20:11:39] optimisation start
[job(341): 2016-09-09 20:11:39] ------------------
[job(341): 2016-09-09 20:11:39] * estimation method   : MLE 
[job(341): 2016-09-09 20:11:39] * optimisation method : BFGS 
[job(341): 2016-09-09 20:11:39] * analytical gradient : used
[job(341): 2016-09-09 20:11:39] * trend model : ~1
[job(341): 2016-09-09 20:11:39] * covariance model : 
[job(341): 2016-09-09 20:11:39]   - type :  matern5_2 
[job(341): 2016-09-09 20:11:39]   - nugget : NO
[job(341): 2016-09-09 20:11:39]   - parameters lower bounds :  1e-10 1e-10 
[job(341): 2016-09-09 20:11:39]   - parameters upper bounds :  44.89031 40.58479 
[job(341): 2016-09-09 20:11:39]   - best initial criterion value(s) :  15.18436 
[job(341): 2016-09-09 20:11:39] 
[job(341): 2016-09-09 20:11:39] N = 2, M = 5 machine precision = 2.22045e-16
[job(341): 2016-09-09 20:11:39] At X0, 0 variables are exactly at the bounds
[job(341): 2016-09-09 20:11:39] At iterate     0  f=      -15.184  |proj g|=       1.4928
[job(341): 2016-09-09 20:11:39] At iterate     1  f =      -16.708  |proj g|=             0
[job(341): 2016-09-09 20:11:39] 
[job(341): 2016-09-09 20:11:39] iterations 1
[job(341): 2016-09-09 20:11:39] function evaluations 2
[job(341): 2016-09-09 20:11:39] segments explored during Cauchy searches 2
[job(341): 2016-09-09 20:11:39] BFGS updates skipped 0
[job(341): 2016-09-09 20:11:39] active bounds at final generalized Cauchy point 1
[job(341): 2016-09-09 20:11:39] norm of the final projected gradient 0
[job(341): 2016-09-09 20:11:39] final function value -16.7081
[job(341): 2016-09-09 20:11:39] 
[job(341): 2016-09-09 20:11:39] F = -16.7081
[job(341): 2016-09-09 20:11:39] final  value -16.708053 
[job(341): 2016-09-09 20:11:39] converged
[job(341): 2016-09-09 20:11:39] [Tune-x] 16: C=0.000596; sigma=0.0484
[job(341): 2016-09-09 20:11:39] [Tune-y] 16: acc.test.mean=0.555; time: 0.0 min; memory: 117Mb use, 159Mb max
[job(341): 2016-09-09 20:11:39] 
[job(341): 2016-09-09 20:11:39] optimisation start
[job(341): 2016-09-09 20:11:39] ------------------
[job(341): 2016-09-09 20:11:39] * estimation method   : MLE 
[job(341): 2016-09-09 20:11:39] * optimisation method : BFGS 
[job(341): 2016-09-09 20:11:39] * analytical gradient : used
[job(341): 2016-09-09 20:11:39] * trend model : ~1
[job(341): 2016-09-09 20:11:39] * covariance model : 
[job(341): 2016-09-09 20:11:39]   - type :  matern5_2 
[job(341): 2016-09-09 20:11:39]   - nugget : NO
[job(341): 2016-09-09 20:11:39]   - parameters lower bounds :  1e-10 1e-10 
[job(341): 2016-09-09 20:11:39]   - parameters upper bounds :  44.89031 40.58479 
[job(341): 2016-09-09 20:11:39]   - best initial criterion value(s) :  17.72042 
[job(341): 2016-09-09 20:11:39] 
[job(341): 2016-09-09 20:11:39] N = 2, M = 5 machine precision = 2.22045e-16
[job(341): 2016-09-09 20:11:39] At X0, 0 variables are exactly at the bounds
[job(341): 2016-09-09 20:11:39] At iterate     0  f=       -17.72  |proj g|=      0.68538
[job(341): 2016-09-09 20:11:39] At iterate     1  f =      -17.779  |proj g|=             0
[job(341): 2016-09-09 20:11:39] 
[job(341): 2016-09-09 20:11:39] iterations 1
[job(341): 2016-09-09 20:11:39] function evaluations 2
[job(341): 2016-09-09 20:11:39] segments explored during Cauchy searches 2
[job(341): 2016-09-09 20:11:39] BFGS updates skipped 0
[job(341): 2016-09-09 20:11:39] active bounds at final generalized Cauchy point 1
[job(341): 2016-09-09 20:11:39] norm of the final projected gradient 0
[job(341): 2016-09-09 20:11:39] final function value -17.7795
[job(341): 2016-09-09 20:11:39] 
[job(341): 2016-09-09 20:11:39] F = -17.7795
[job(341): 2016-09-09 20:11:39] final  value -17.779476 
[job(341): 2016-09-09 20:11:39] converged
[job(341): 2016-09-09 20:11:39] [Tune-x] 17: C=0.613; sigma=14.8
[job(341): 2016-09-09 20:11:39] [Tune-y] 17: acc.test.mean=0.674; time: 0.0 min; memory: 117Mb use, 159Mb max
[job(341): 2016-09-09 20:11:39] 
[job(341): 2016-09-09 20:11:39] optimisation start
[job(341): 2016-09-09 20:11:39] ------------------
[job(341): 2016-09-09 20:11:39] * estimation method   : MLE 
[job(341): 2016-09-09 20:11:39] * optimisation method : BFGS 
[job(341): 2016-09-09 20:11:39] * analytical gradient : used
[job(341): 2016-09-09 20:11:39] * trend model : ~1
[job(341): 2016-09-09 20:11:39] * covariance model : 
[job(341): 2016-09-09 20:11:39]   - type :  matern5_2 
[job(341): 2016-09-09 20:11:39]   - nugget : NO
[job(341): 2016-09-09 20:11:39]   - parameters lower bounds :  1e-10 1e-10 
[job(341): 2016-09-09 20:11:39]   - parameters upper bounds :  44.89031 40.58479 
[job(341): 2016-09-09 20:11:39]   - best initial criterion value(s) :  16.90906 
[job(341): 2016-09-09 20:11:39] 
[job(341): 2016-09-09 20:11:39] N = 2, M = 5 machine precision = 2.22045e-16
[job(341): 2016-09-09 20:11:39] At X0, 0 variables are exactly at the bounds
[job(341): 2016-09-09 20:11:39] At iterate     0  f=      -16.909  |proj g|=      0.88906
[job(341): 2016-09-09 20:11:39] At iterate     1  f =      -19.287  |proj g|=             0
[job(341): 2016-09-09 20:11:39] 
[job(341): 2016-09-09 20:11:39] iterations 1
[job(341): 2016-09-09 20:11:39] function evaluations 2
[job(341): 2016-09-09 20:11:39] segments explored during Cauchy searches 2
[job(341): 2016-09-09 20:11:39] BFGS updates skipped 0
[job(341): 2016-09-09 20:11:39] active bounds at final generalized Cauchy point 1
[job(341): 2016-09-09 20:11:39] norm of the final projected gradient 0
[job(341): 2016-09-09 20:11:39] final function value -19.2867
[job(341): 2016-09-09 20:11:39] 
[job(341): 2016-09-09 20:11:39] F = -19.2867
[job(341): 2016-09-09 20:11:39] final  value -19.286691 
[job(341): 2016-09-09 20:11:39] converged
[job(341): 2016-09-09 20:11:39] [Tune-x] 18: C=3.88e+03; sigma=10.9
[job(341): 2016-09-09 20:11:39] [Tune-y] 18: acc.test.mean=0.694; time: 0.0 min; memory: 117Mb use, 159Mb max
[job(341): 2016-09-09 20:11:39] 
[job(341): 2016-09-09 20:11:39] optimisation start
[job(341): 2016-09-09 20:11:39] ------------------
[job(341): 2016-09-09 20:11:39] * estimation method   : MLE 
[job(341): 2016-09-09 20:11:39] * optimisation method : BFGS 
[job(341): 2016-09-09 20:11:39] * analytical gradient : used
[job(341): 2016-09-09 20:11:39] * trend model : ~1
[job(341): 2016-09-09 20:11:39] * covariance model : 
[job(341): 2016-09-09 20:11:39]   - type :  matern5_2 
[job(341): 2016-09-09 20:11:39]   - nugget : NO
[job(341): 2016-09-09 20:11:39]   - parameters lower bounds :  1e-10 1e-10 
[job(341): 2016-09-09 20:11:39]   - parameters upper bounds :  46.49305 40.58479 
[job(341): 2016-09-09 20:11:39]   - best initial criterion value(s) :  21.68759 
[job(341): 2016-09-09 20:11:39] 
[job(341): 2016-09-09 20:11:39] N = 2, M = 5 machine precision = 2.22045e-16
[job(341): 2016-09-09 20:11:39] At X0, 0 variables are exactly at the bounds
[job(341): 2016-09-09 20:11:39] At iterate     0  f=      -21.688  |proj g|=      0.35737
[job(341): 2016-09-09 20:11:39] At iterate     1  f =      -21.697  |proj g|=      0.036495
[job(341): 2016-09-09 20:11:39] At iterate     2  f =      -21.701  |proj g|=      0.092067
[job(341): 2016-09-09 20:11:39] At iterate     3  f =      -21.715  |proj g|=       0.29523
[job(341): 2016-09-09 20:11:39] At iterate     4  f =      -21.751  |proj g|=       0.69144
[job(341): 2016-09-09 20:11:39] At iterate     5  f =      -21.775  |proj g|=       0.97491
[job(341): 2016-09-09 20:11:39] At iterate     6  f =      -21.794  |proj g|=        1.0342
[job(341): 2016-09-09 20:11:39] At iterate     7  f =      -21.866  |proj g|=       0.79118
[job(341): 2016-09-09 20:11:39] At iterate     8  f =      -21.969  |proj g|=       0.11674
[job(341): 2016-09-09 20:11:39] At iterate     9  f =      -22.003  |proj g|=       0.14505
[job(341): 2016-09-09 20:11:39] At iterate    10  f =      -22.009  |proj g|=       0.05374
[job(341): 2016-09-09 20:11:39] At iterate    11  f =      -22.012  |proj g|=     0.0057414
[job(341): 2016-09-09 20:11:39] At iterate    12  f =      -22.012  |proj g|=    0.00044586
[job(341): 2016-09-09 20:11:39] At iterate    13  f =      -22.012  |proj g|=    1.6894e-05
[job(341): 2016-09-09 20:11:39] At iterate    14  f =      -22.012  |proj g|=    1.0229e-06
[job(341): 2016-09-09 20:11:39] 
[job(341): 2016-09-09 20:11:39] iterations 14
[job(341): 2016-09-09 20:11:39] function evaluations 23
[job(341): 2016-09-09 20:11:39] segments explored during Cauchy searches 14
[job(341): 2016-09-09 20:11:39] BFGS updates skipped 0
[job(341): 2016-09-09 20:11:39] active bounds at final generalized Cauchy point 0
[job(341): 2016-09-09 20:11:39] norm of the final projected gradient 1.02285e-06
[job(341): 2016-09-09 20:11:39] final function value -22.0115
[job(341): 2016-09-09 20:11:39] 
[job(341): 2016-09-09 20:11:39] F = -22.0115
[job(341): 2016-09-09 20:11:39] final  value -22.011533 
[job(341): 2016-09-09 20:11:39] converged
[job(341): 2016-09-09 20:11:39] [Tune-x] 19: C=0.302; sigma=0.548
[job(341): 2016-09-09 20:11:39] [Tune-y] 19: acc.test.mean=0.699; time: 0.0 min; memory: 117Mb use, 159Mb max
[job(341): 2016-09-09 20:11:39] 
[job(341): 2016-09-09 20:11:39] optimisation start
[job(341): 2016-09-09 20:11:39] ------------------
[job(341): 2016-09-09 20:11:39] * estimation method   : MLE 
[job(341): 2016-09-09 20:11:39] * optimisation method : BFGS 
[job(341): 2016-09-09 20:11:39] * analytical gradient : used
[job(341): 2016-09-09 20:11:39] * trend model : ~1
[job(341): 2016-09-09 20:11:39] * covariance model : 
[job(341): 2016-09-09 20:11:39]   - type :  matern5_2 
[job(341): 2016-09-09 20:11:39]   - nugget : NO
[job(341): 2016-09-09 20:11:39]   - parameters lower bounds :  1e-10 1e-10 
[job(341): 2016-09-09 20:11:39]   - parameters upper bounds :  46.49305 40.58479 
[job(341): 2016-09-09 20:11:39]   - best initial criterion value(s) :  -7.51933 
[job(341): 2016-09-09 20:11:39] 
[job(341): 2016-09-09 20:11:39] N = 2, M = 5 machine precision = 2.22045e-16
[job(341): 2016-09-09 20:11:39] At X0, 0 variables are exactly at the bounds
[job(341): 2016-09-09 20:11:39] At iterate     0  f=       7.5193  |proj g|=       1.0719
[job(341): 2016-09-09 20:11:39] At iterate     1  f =      -22.034  |proj g|=             0
[job(341): 2016-09-09 20:11:39] 
[job(341): 2016-09-09 20:11:39] iterations 1
[job(341): 2016-09-09 20:11:39] function evaluations 2
[job(341): 2016-09-09 20:11:39] segments explored during Cauchy searches 2
[job(341): 2016-09-09 20:11:39] BFGS updates skipped 0
[job(341): 2016-09-09 20:11:39] active bounds at final generalized Cauchy point 1
[job(341): 2016-09-09 20:11:39] norm of the final projected gradient 0
[job(341): 2016-09-09 20:11:39] final function value -22.0341
[job(341): 2016-09-09 20:11:39] 
[job(341): 2016-09-09 20:11:39] F = -22.0341
[job(341): 2016-09-09 20:11:39] final  value -22.034083 
[job(341): 2016-09-09 20:11:39] converged
[job(341): 2016-09-09 20:11:39] [Tune-x] 20: C=0.00121; sigma=10.6
[job(341): 2016-09-09 20:11:39] [Tune-y] 20: acc.test.mean=0.689; time: 0.0 min; memory: 117Mb use, 159Mb max
[job(341): 2016-09-09 20:11:39] 
[job(341): 2016-09-09 20:11:39] optimisation start
[job(341): 2016-09-09 20:11:39] ------------------
[job(341): 2016-09-09 20:11:39] * estimation method   : MLE 
[job(341): 2016-09-09 20:11:39] * optimisation method : BFGS 
[job(341): 2016-09-09 20:11:39] * analytical gradient : used
[job(341): 2016-09-09 20:11:39] * trend model : ~1
[job(341): 2016-09-09 20:11:39] * covariance model : 
[job(341): 2016-09-09 20:11:39]   - type :  matern5_2 
[job(341): 2016-09-09 20:11:39]   - nugget : NO
[job(341): 2016-09-09 20:11:39]   - parameters lower bounds :  1e-10 1e-10 
[job(341): 2016-09-09 20:11:39]   - parameters upper bounds :  46.49305 40.58479 
[job(341): 2016-09-09 20:11:39]   - best initial criterion value(s) :  24.03995 
[job(341): 2016-09-09 20:11:39] 
[job(341): 2016-09-09 20:11:39] N = 2, M = 5 machine precision = 2.22045e-16
[job(341): 2016-09-09 20:11:39] At X0, 0 variables are exactly at the bounds
[job(341): 2016-09-09 20:11:39] At iterate     0  f=       -24.04  |proj g|=     0.085778
[job(341): 2016-09-09 20:11:39] At iterate     1  f =      -24.123  |proj g|=      0.073957
[job(341): 2016-09-09 20:11:39] At iterate     2  f =       -24.16  |proj g|=        2.1936
[job(341): 2016-09-09 20:11:39] At iterate     3  f =      -24.166  |proj g|=      0.059535
[job(341): 2016-09-09 20:11:39] At iterate     4  f =      -24.166  |proj g|=      0.016138
[job(341): 2016-09-09 20:11:39] At iterate     5  f =      -24.166  |proj g|=    0.00012762
[job(341): 2016-09-09 20:11:39] At iterate     6  f =      -24.166  |proj g|=    0.00010436
[job(341): 2016-09-09 20:11:39] 
[job(341): 2016-09-09 20:11:39] iterations 6
[job(341): 2016-09-09 20:11:39] function evaluations 8
[job(341): 2016-09-09 20:11:39] segments explored during Cauchy searches 7
[job(341): 2016-09-09 20:11:39] BFGS updates skipped 0
[job(341): 2016-09-09 20:11:39] active bounds at final generalized Cauchy point 0
[job(341): 2016-09-09 20:11:39] norm of the final projected gradient 0.000104364
[job(341): 2016-09-09 20:11:39] final function value -24.1657
[job(341): 2016-09-09 20:11:39] 
[job(341): 2016-09-09 20:11:39] F = -24.1657
[job(341): 2016-09-09 20:11:39] final  value -24.165699 
[job(341): 2016-09-09 20:11:39] converged
[job(341): 2016-09-09 20:11:39] [Tune-x] 21: C=0.311; sigma=0.783
[job(341): 2016-09-09 20:11:39] [Tune-y] 21: acc.test.mean=0.673; time: 0.0 min; memory: 117Mb use, 159Mb max
[job(341): 2016-09-09 20:11:39] 
[job(341): 2016-09-09 20:11:39] optimisation start
[job(341): 2016-09-09 20:11:39] ------------------
[job(341): 2016-09-09 20:11:39] * estimation method   : MLE 
[job(341): 2016-09-09 20:11:39] * optimisation method : BFGS 
[job(341): 2016-09-09 20:11:39] * analytical gradient : used
[job(341): 2016-09-09 20:11:39] * trend model : ~1
[job(341): 2016-09-09 20:11:39] * covariance model : 
[job(341): 2016-09-09 20:11:39]   - type :  matern5_2 
[job(341): 2016-09-09 20:11:39]   - nugget : NO
[job(341): 2016-09-09 20:11:39]   - parameters lower bounds :  1e-10 1e-10 
[job(341): 2016-09-09 20:11:39]   - parameters upper bounds :  46.49305 40.58479 
[job(341): 2016-09-09 20:11:39]   - best initial criterion value(s) :  2.840572 
[job(341): 2016-09-09 20:11:39] 
[job(341): 2016-09-09 20:11:39] N = 2, M = 5 machine precision = 2.22045e-16
[job(341): 2016-09-09 20:11:39] At X0, 0 variables are exactly at the bounds
[job(341): 2016-09-09 20:11:39] At iterate     0  f=      -2.8406  |proj g|=       1.1357
[job(341): 2016-09-09 20:11:39] At iterate     1  f =      -25.143  |proj g|=             0
[job(341): 2016-09-09 20:11:39] 
[job(341): 2016-09-09 20:11:39] iterations 1
[job(341): 2016-09-09 20:11:39] function evaluations 2
[job(341): 2016-09-09 20:11:39] segments explored during Cauchy searches 2
[job(341): 2016-09-09 20:11:39] BFGS updates skipped 0
[job(341): 2016-09-09 20:11:39] active bounds at final generalized Cauchy point 1
[job(341): 2016-09-09 20:11:39] norm of the final projected gradient 0
[job(341): 2016-09-09 20:11:39] final function value -25.1426
[job(341): 2016-09-09 20:11:39] 
[job(341): 2016-09-09 20:11:39] F = -25.1426
[job(341): 2016-09-09 20:11:39] final  value -25.142640 
[job(341): 2016-09-09 20:11:39] converged
[job(341): 2016-09-09 20:11:39] [Tune-x] 22: C=18; sigma=22.7
[job(341): 2016-09-09 20:11:39] [Tune-y] 22: acc.test.mean=0.674; time: 0.0 min; memory: 117Mb use, 167Mb max
[job(341): 2016-09-09 20:11:39] 
[job(341): 2016-09-09 20:11:39] optimisation start
[job(341): 2016-09-09 20:11:39] ------------------
[job(341): 2016-09-09 20:11:39] * estimation method   : MLE 
[job(341): 2016-09-09 20:11:39] * optimisation method : BFGS 
[job(341): 2016-09-09 20:11:39] * analytical gradient : used
[job(341): 2016-09-09 20:11:39] * trend model : ~1
[job(341): 2016-09-09 20:11:39] * covariance model : 
[job(341): 2016-09-09 20:11:39]   - type :  matern5_2 
[job(341): 2016-09-09 20:11:39]   - nugget : NO
[job(341): 2016-09-09 20:11:39]   - parameters lower bounds :  1e-10 1e-10 
[job(341): 2016-09-09 20:11:39]   - parameters upper bounds :  46.49305 40.58479 
[job(341): 2016-09-09 20:11:39]   - best initial criterion value(s) :  -36.08963 
[job(341): 2016-09-09 20:11:39] 
[job(341): 2016-09-09 20:11:39] N = 2, M = 5 machine precision = 2.22045e-16
[job(341): 2016-09-09 20:11:39] At X0, 0 variables are exactly at the bounds
[job(341): 2016-09-09 20:11:39] At iterate     0  f=        36.09  |proj g|=       4.1081
[job(341): 2016-09-09 20:11:39] At iterate     1  f =       14.956  |proj g|=        3.1982
[job(341): 2016-09-09 20:11:39] ys=-1.932e+00  -gs= 1.707e+01, BFGS update SKIPPED
[job(341): 2016-09-09 20:11:39] At iterate     2  f =      -26.784  |proj g|=             0
[job(341): 2016-09-09 20:11:39] 
[job(341): 2016-09-09 20:11:39] iterations 2
[job(341): 2016-09-09 20:11:39] function evaluations 3
[job(341): 2016-09-09 20:11:39] segments explored during Cauchy searches 3
[job(341): 2016-09-09 20:11:39] BFGS updates skipped 1
[job(341): 2016-09-09 20:11:39] active bounds at final generalized Cauchy point 1
[job(341): 2016-09-09 20:11:39] norm of the final projected gradient 0
[job(341): 2016-09-09 20:11:39] final function value -26.7839
[job(341): 2016-09-09 20:11:39] 
[job(341): 2016-09-09 20:11:39] F = -26.7839
[job(341): 2016-09-09 20:11:39] final  value -26.783927 
[job(341): 2016-09-09 20:11:39] converged
[job(341): 2016-09-09 20:11:39] [Tune-x] 23: C=73.7; sigma=0.000701
[job(341): 2016-09-09 20:11:39] [Tune-y] 23: acc.test.mean=0.621; time: 0.0 min; memory: 117Mb use, 167Mb max
[job(341): 2016-09-09 20:11:39] 
[job(341): 2016-09-09 20:11:39] optimisation start
[job(341): 2016-09-09 20:11:39] ------------------
[job(341): 2016-09-09 20:11:39] * estimation method   : MLE 
[job(341): 2016-09-09 20:11:39] * optimisation method : BFGS 
[job(341): 2016-09-09 20:11:39] * analytical gradient : used
[job(341): 2016-09-09 20:11:39] * trend model : ~1
[job(341): 2016-09-09 20:11:39] * covariance model : 
[job(341): 2016-09-09 20:11:39]   - type :  matern5_2 
[job(341): 2016-09-09 20:11:39]   - nugget : NO
[job(341): 2016-09-09 20:11:39]   - parameters lower bounds :  1e-10 1e-10 
[job(341): 2016-09-09 20:11:39]   - parameters upper bounds :  46.49305 42.12006 
[job(341): 2016-09-09 20:11:39]   - best initial criterion value(s) :  -0.1003772 
[job(341): 2016-09-09 20:11:39] 
[job(341): 2016-09-09 20:11:39] N = 2, M = 5 machine precision = 2.22045e-16
[job(341): 2016-09-09 20:11:39] At X0, 0 variables are exactly at the bounds
[job(341): 2016-09-09 20:11:39] At iterate     0  f=      0.10038  |proj g|=       1.0304
[job(341): 2016-09-09 20:11:39] At iterate     1  f =      -28.441  |proj g|=             0
[job(341): 2016-09-09 20:11:39] 
[job(341): 2016-09-09 20:11:39] iterations 1
[job(341): 2016-09-09 20:11:39] function evaluations 2
[job(341): 2016-09-09 20:11:39] segments explored during Cauchy searches 2
[job(341): 2016-09-09 20:11:39] BFGS updates skipped 0
[job(341): 2016-09-09 20:11:39] active bounds at final generalized Cauchy point 1
[job(341): 2016-09-09 20:11:39] norm of the final projected gradient 0
[job(341): 2016-09-09 20:11:39] final function value -28.4407
[job(341): 2016-09-09 20:11:39] 
[job(341): 2016-09-09 20:11:39] F = -28.4407
[job(341): 2016-09-09 20:11:39] final  value -28.440717 
[job(341): 2016-09-09 20:11:39] converged
[job(341): 2016-09-09 20:11:39] [Tune-x] 24: C=0.0447; sigma=6.28
[job(341): 2016-09-09 20:11:39] [Tune-y] 24: acc.test.mean=0.705; time: 0.0 min; memory: 117Mb use, 167Mb max
[job(341): 2016-09-09 20:11:39] 
[job(341): 2016-09-09 20:11:39] optimisation start
[job(341): 2016-09-09 20:11:39] ------------------
[job(341): 2016-09-09 20:11:39] * estimation method   : MLE 
[job(341): 2016-09-09 20:11:39] * optimisation method : BFGS 
[job(341): 2016-09-09 20:11:39] * analytical gradient : used
[job(341): 2016-09-09 20:11:39] * trend model : ~1
[job(341): 2016-09-09 20:11:39] * covariance model : 
[job(341): 2016-09-09 20:11:39]   - type :  matern5_2 
[job(341): 2016-09-09 20:11:39]   - nugget : NO
[job(341): 2016-09-09 20:11:39]   - parameters lower bounds :  1e-10 1e-10 
[job(341): 2016-09-09 20:11:39]   - parameters upper bounds :  46.49305 42.12006 
[job(341): 2016-09-09 20:11:39]   - best initial criterion value(s) :  9.795489 
[job(341): 2016-09-09 20:11:39] 
[job(341): 2016-09-09 20:11:39] N = 2, M = 5 machine precision = 2.22045e-16
[job(341): 2016-09-09 20:11:39] At X0, 0 variables are exactly at the bounds
[job(341): 2016-09-09 20:11:39] At iterate     0  f=      -9.7955  |proj g|=       1.2892
[job(341): 2016-09-09 20:11:39] At iterate     1  f =      -29.856  |proj g|=             0
[job(341): 2016-09-09 20:11:39] 
[job(341): 2016-09-09 20:11:39] iterations 1
[job(341): 2016-09-09 20:11:39] function evaluations 2
[job(341): 2016-09-09 20:11:39] segments explored during Cauchy searches 2
[job(341): 2016-09-09 20:11:39] BFGS updates skipped 0
[job(341): 2016-09-09 20:11:39] active bounds at final generalized Cauchy point 1
[job(341): 2016-09-09 20:11:39] norm of the final projected gradient 0
[job(341): 2016-09-09 20:11:39] final function value -29.8559
[job(341): 2016-09-09 20:11:39] 
[job(341): 2016-09-09 20:11:39] F = -29.8559
[job(341): 2016-09-09 20:11:39] final  value -29.855917 
[job(341): 2016-09-09 20:11:39] converged
[job(341): 2016-09-09 20:11:39] [Tune-x] 25: C=1.71e+03; sigma=1.75e+03
[job(341): 2016-09-09 20:11:39] [Tune-y] 25: acc.test.mean=0.497; time: 0.0 min; memory: 117Mb use, 167Mb max
[job(341): 2016-09-09 20:11:39] 
[job(341): 2016-09-09 20:11:39] optimisation start
[job(341): 2016-09-09 20:11:39] ------------------
[job(341): 2016-09-09 20:11:39] * estimation method   : MLE 
[job(341): 2016-09-09 20:11:39] * optimisation method : BFGS 
[job(341): 2016-09-09 20:11:39] * analytical gradient : used
[job(341): 2016-09-09 20:11:39] * trend model : ~1
[job(341): 2016-09-09 20:11:39] * covariance model : 
[job(341): 2016-09-09 20:11:39]   - type :  matern5_2 
[job(341): 2016-09-09 20:11:39]   - nugget : NO
[job(341): 2016-09-09 20:11:39]   - parameters lower bounds :  1e-10 1e-10 
[job(341): 2016-09-09 20:11:39]   - parameters upper bounds :  46.49305 42.50406 
[job(341): 2016-09-09 20:11:39]   - best initial criterion value(s) :  30.04142 
[job(341): 2016-09-09 20:11:39] 
[job(341): 2016-09-09 20:11:39] N = 2, M = 5 machine precision = 2.22045e-16
[job(341): 2016-09-09 20:11:39] At X0, 0 variables are exactly at the bounds
[job(341): 2016-09-09 20:11:39] At iterate     0  f=      -30.041  |proj g|=       17.335
[job(341): 2016-09-09 20:11:39] At iterate     1  f =      -32.601  |proj g|=        4.1024
[job(341): 2016-09-09 20:11:39] At iterate     2  f =      -32.627  |proj g|=      0.028107
[job(341): 2016-09-09 20:11:39] At iterate     3  f =      -32.627  |proj g|=      0.028116
[job(341): 2016-09-09 20:11:39] At iterate     4  f =      -32.627  |proj g|=      0.031011
[job(341): 2016-09-09 20:11:39] At iterate     5  f =      -32.627  |proj g|=      0.088306
[job(341): 2016-09-09 20:11:39] At iterate     6  f =      -32.627  |proj g|=       0.17607
[job(341): 2016-09-09 20:11:39] At iterate     7  f =      -32.627  |proj g|=       0.20105
[job(341): 2016-09-09 20:11:39] At iterate     8  f =      -32.627  |proj g|=       0.20174
[job(341): 2016-09-09 20:11:39] At iterate     9  f =      -32.628  |proj g|=       0.20287
[job(341): 2016-09-09 20:11:39] At iterate    10  f =       -32.63  |proj g|=       0.20467
[job(341): 2016-09-09 20:11:39] At iterate    11  f =      -32.637  |proj g|=       0.20747
[job(341): 2016-09-09 20:11:39] At iterate    12  f =      -32.652  |proj g|=       0.21129
[job(341): 2016-09-09 20:11:39] At iterate    13  f =      -32.685  |proj g|=       0.21473
[job(341): 2016-09-09 20:11:39] At iterate    14  f =       -32.74  |proj g|=       0.21196
[job(341): 2016-09-09 20:11:39] At iterate    15  f =       -32.76  |proj g|=       0.20476
[job(341): 2016-09-09 20:11:39] At iterate    16  f =       -32.76  |proj g|=       0.02322
[job(341): 2016-09-09 20:11:39] At iterate    17  f =       -32.76  |proj g|=      0.002284
[job(341): 2016-09-09 20:11:39] At iterate    18  f =       -32.76  |proj g|=    0.00010149
[job(341): 2016-09-09 20:11:39] 
[job(341): 2016-09-09 20:11:39] iterations 18
[job(341): 2016-09-09 20:11:39] function evaluations 24
[job(341): 2016-09-09 20:11:39] segments explored during Cauchy searches 18
[job(341): 2016-09-09 20:11:39] BFGS updates skipped 0
[job(341): 2016-09-09 20:11:39] active bounds at final generalized Cauchy point 0
[job(341): 2016-09-09 20:11:39] norm of the final projected gradient 0.000101485
[job(341): 2016-09-09 20:11:39] final function value -32.7602
[job(341): 2016-09-09 20:11:39] 
[job(341): 2016-09-09 20:11:39] F = -32.7602
[job(341): 2016-09-09 20:11:39] final  value -32.760182 
[job(341): 2016-09-09 20:11:39] converged
[job(341): 2016-09-09 20:11:39] [Tune-x] 26: C=10.8; sigma=0.694
[job(341): 2016-09-09 20:11:39] [Tune-y] 26: acc.test.mean=0.715; time: 0.0 min; memory: 117Mb use, 167Mb max
[job(341): 2016-09-09 20:11:39] 
[job(341): 2016-09-09 20:11:39] optimisation start
[job(341): 2016-09-09 20:11:39] ------------------
[job(341): 2016-09-09 20:11:39] * estimation method   : MLE 
[job(341): 2016-09-09 20:11:39] * optimisation method : BFGS 
[job(341): 2016-09-09 20:11:39] * analytical gradient : used
[job(341): 2016-09-09 20:11:39] * trend model : ~1
[job(341): 2016-09-09 20:11:39] * covariance model : 
[job(341): 2016-09-09 20:11:39]   - type :  matern5_2 
[job(341): 2016-09-09 20:11:39]   - nugget : NO
[job(341): 2016-09-09 20:11:39]   - parameters lower bounds :  1e-10 1e-10 
[job(341): 2016-09-09 20:11:39]   - parameters upper bounds :  46.49305 42.50406 
[job(341): 2016-09-09 20:11:39]   - best initial criterion value(s) :  9.702694 
[job(341): 2016-09-09 20:11:39] 
[job(341): 2016-09-09 20:11:39] N = 2, M = 5 machine precision = 2.22045e-16
[job(341): 2016-09-09 20:11:39] At X0, 0 variables are exactly at the bounds
[job(341): 2016-09-09 20:11:39] At iterate     0  f=      -9.7027  |proj g|=       1.4245
[job(341): 2016-09-09 20:11:39] At iterate     1  f =      -30.671  |proj g|=             0
[job(341): 2016-09-09 20:11:39] 
[job(341): 2016-09-09 20:11:39] iterations 1
[job(341): 2016-09-09 20:11:39] function evaluations 2
[job(341): 2016-09-09 20:11:39] segments explored during Cauchy searches 2
[job(341): 2016-09-09 20:11:39] BFGS updates skipped 0
[job(341): 2016-09-09 20:11:39] active bounds at final generalized Cauchy point 1
[job(341): 2016-09-09 20:11:39] norm of the final projected gradient 0
[job(341): 2016-09-09 20:11:39] final function value -30.6708
[job(341): 2016-09-09 20:11:39] 
[job(341): 2016-09-09 20:11:39] F = -30.6708
[job(341): 2016-09-09 20:11:39] final  value -30.670775 
[job(341): 2016-09-09 20:11:39] converged
[job(341): 2016-09-09 20:11:39] [Tune-x] 27: C=0.0184; sigma=770
[job(341): 2016-09-09 20:11:39] [Tune-y] 27: acc.test.mean=0.538; time: 0.0 min; memory: 117Mb use, 167Mb max
[job(341): 2016-09-09 20:11:39] 
[job(341): 2016-09-09 20:11:39] optimisation start
[job(341): 2016-09-09 20:11:39] ------------------
[job(341): 2016-09-09 20:11:39] * estimation method   : MLE 
[job(341): 2016-09-09 20:11:39] * optimisation method : BFGS 
[job(341): 2016-09-09 20:11:39] * analytical gradient : used
[job(341): 2016-09-09 20:11:39] * trend model : ~1
[job(341): 2016-09-09 20:11:39] * covariance model : 
[job(341): 2016-09-09 20:11:39]   - type :  matern5_2 
[job(341): 2016-09-09 20:11:39]   - nugget : NO
[job(341): 2016-09-09 20:11:39]   - parameters lower bounds :  1e-10 1e-10 
[job(341): 2016-09-09 20:11:39]   - parameters upper bounds :  46.49305 42.50406 
[job(341): 2016-09-09 20:11:39]   - best initial criterion value(s) :  -4.707517 
[job(341): 2016-09-09 20:11:39] 
[job(341): 2016-09-09 20:11:39] N = 2, M = 5 machine precision = 2.22045e-16
[job(341): 2016-09-09 20:11:39] At X0, 0 variables are exactly at the bounds
[job(341): 2016-09-09 20:11:39] At iterate     0  f=       4.7075  |proj g|=       1.2685
[job(341): 2016-09-09 20:11:39] At iterate     1  f =      -31.343  |proj g|=             0
[job(341): 2016-09-09 20:11:39] 
[job(341): 2016-09-09 20:11:39] iterations 1
[job(341): 2016-09-09 20:11:39] function evaluations 2
[job(341): 2016-09-09 20:11:39] segments explored during Cauchy searches 2
[job(341): 2016-09-09 20:11:39] BFGS updates skipped 0
[job(341): 2016-09-09 20:11:39] active bounds at final generalized Cauchy point 1
[job(341): 2016-09-09 20:11:39] norm of the final projected gradient 0
[job(341): 2016-09-09 20:11:39] final function value -31.3435
[job(341): 2016-09-09 20:11:39] 
[job(341): 2016-09-09 20:11:39] F = -31.3435
[job(341): 2016-09-09 20:11:39] final  value -31.343476 
[job(341): 2016-09-09 20:11:39] converged
[job(341): 2016-09-09 20:11:39] [Tune-x] 28: C=27.7; sigma=0.000787
[job(341): 2016-09-09 20:11:39] [Tune-y] 28: acc.test.mean=0.549; time: 0.0 min; memory: 117Mb use, 167Mb max
[job(341): 2016-09-09 20:11:39] 
[job(341): 2016-09-09 20:11:39] optimisation start
[job(341): 2016-09-09 20:11:39] ------------------
[job(341): 2016-09-09 20:11:39] * estimation method   : MLE 
[job(341): 2016-09-09 20:11:39] * optimisation method : BFGS 
[job(341): 2016-09-09 20:11:39] * analytical gradient : used
[job(341): 2016-09-09 20:11:39] * trend model : ~1
[job(341): 2016-09-09 20:11:39] * covariance model : 
[job(341): 2016-09-09 20:11:39]   - type :  matern5_2 
[job(341): 2016-09-09 20:11:39]   - nugget : NO
[job(341): 2016-09-09 20:11:39]   - parameters lower bounds :  1e-10 1e-10 
[job(341): 2016-09-09 20:11:39]   - parameters upper bounds :  46.49305 42.50406 
[job(341): 2016-09-09 20:11:39]   - best initial criterion value(s) :  -24.20309 
[job(341): 2016-09-09 20:11:39] 
[job(341): 2016-09-09 20:11:39] N = 2, M = 5 machine precision = 2.22045e-16
[job(341): 2016-09-09 20:11:39] At X0, 0 variables are exactly at the bounds
[job(341): 2016-09-09 20:11:39] At iterate     0  f=       24.203  |proj g|=      0.65915
[job(341): 2016-09-09 20:11:39] At iterate     1  f =       23.763  |proj g|=       0.60227
[job(341): 2016-09-09 20:11:39] At iterate     2  f =       22.809  |proj g|=        1.5609
[job(341): 2016-09-09 20:11:39] At iterate     3  f =       19.372  |proj g|=        3.6536
[job(341): 2016-09-09 20:11:39] At iterate     4  f =       -32.28  |proj g|=             0
[job(341): 2016-09-09 20:11:39] 
[job(341): 2016-09-09 20:11:39] iterations 4
[job(341): 2016-09-09 20:11:39] function evaluations 5
[job(341): 2016-09-09 20:11:39] segments explored during Cauchy searches 4
[job(341): 2016-09-09 20:11:39] BFGS updates skipped 0
[job(341): 2016-09-09 20:11:39] active bounds at final generalized Cauchy point 0
[job(341): 2016-09-09 20:11:39] norm of the final projected gradient 0
[job(341): 2016-09-09 20:11:39] final function value -32.28
[job(341): 2016-09-09 20:11:39] 
[job(341): 2016-09-09 20:11:39] F = -32.28
[job(341): 2016-09-09 20:11:39] final  value -32.280040 
[job(341): 2016-09-09 20:11:39] converged
[job(341): 2016-09-09 20:11:39] [Tune] Result: C=0.309; sigma=0.68 : acc.test.mean=-0.741
[job(341): 2016-09-09 20:11:39] Job terminated successfully
[job(chunk): 2016-09-09 20:11:39] Calculation finished!
