[job(chunk): 2016-09-09 20:05:40] Starting calculation of 1 jobs
[job(chunk): 2016-09-09 20:05:40] Setting working directory to '/naslx/projects/pr74ze/ri89coc2/svm_comparison'
[job(chunk): 2016-09-09 20:05:40] Memory measurement disabled
[job(123): 2016-09-09 20:05:42] Starting job with job.id=123
[job(123): 2016-09-09 20:07:29] Generating problem instance for problem '16' ...
[job(123): 2016-09-09 20:07:29] Downloading from 'http://www.openml.org/api/v1/data/16' to '/tmp/ri89coc2/Rtmp2xEJNT/cache/datasets/16/description.xml'.
[job(123): 2016-09-09 20:07:29] Downloading from 'http://www.openml.org/data/download/16/dataset_16_mfeat-karhunen.arff' to '/tmp/ri89coc2/Rtmp2xEJNT/cache/datasets/16/dataset.arff'
[job(123): 2016-09-09 20:07:29] Loading required package: readr
[job(123): 2016-09-09 20:07:29] Applying algorithm 'C-svc.tuned' on problem '16' ...
[job(123): 2016-09-09 20:07:29] Data '16' file 'description.xml' found in cache.
[job(123): 2016-09-09 20:07:29] Data '16' file 'dataset.arff' found in cache.
[job(123): 2016-09-09 20:07:29] [Tune] Started tuning learner C-svc for parameter set:
[job(123): 2016-09-09 20:07:29]          Type len Def    Constr Req Tunable Trafo
[job(123): 2016-09-09 20:07:29] C     numeric   -   - -12 to 12   -    TRUE     Y
[job(123): 2016-09-09 20:07:29] sigma numeric   -   - -12 to 12   -    TRUE     Y
[job(123): 2016-09-09 20:07:29] With control class: TuneControlMBO
[job(123): 2016-09-09 20:07:29] Imputation value: -0
[job(123): 2016-09-09 20:07:29] [Tune-x] 1: C=0.000829; sigma=0.0566
[job(123): 2016-09-09 20:07:29] [Tune-y] 1: acc.test.mean=0.107; time: 0.1 min; memory: 115Mb use, 194Mb max
[job(123): 2016-09-09 20:07:29] [Tune-x] 2: C=46.7; sigma=34.6
[job(123): 2016-09-09 20:07:29] [Tune-y] 2: acc.test.mean=0.0894; time: 0.1 min; memory: 115Mb use, 194Mb max
[job(123): 2016-09-09 20:07:29] [Tune-x] 3: C=0.122; sigma=0.389
[job(123): 2016-09-09 20:07:29] [Tune-y] 3: acc.test.mean=0.0928; time: 0.1 min; memory: 115Mb use, 194Mb max
[job(123): 2016-09-09 20:07:29] [Tune-x] 4: C=1.26e+03; sigma=403
[job(123): 2016-09-09 20:07:29] [Tune-y] 4: acc.test.mean=0.0933; time: 0.1 min; memory: 115Mb use, 194Mb max
[job(123): 2016-09-09 20:07:29] [Tune-x] 5: C=4.37; sigma=6.2
[job(123): 2016-09-09 20:07:29] [Tune-y] 5: acc.test.mean=0.0911; time: 0.1 min; memory: 115Mb use, 194Mb max
[job(123): 2016-09-09 20:07:29] [Tune-x] 6: C=0.00214; sigma=0.00421
[job(123): 2016-09-09 20:07:29] [Tune-y] 6: acc.test.mean=0.119; time: 0.1 min; memory: 115Mb use, 194Mb max
[job(123): 2016-09-09 20:07:29] [Tune-x] 7: C=249; sigma=0.000871
[job(123): 2016-09-09 20:07:29] [Tune-y] 7: acc.test.mean=0.961; time: 0.0 min; memory: 115Mb use, 194Mb max
[job(123): 2016-09-09 20:07:29] [Tune-x] 8: C=0.652; sigma=749
[job(123): 2016-09-09 20:07:29] [Tune-y] 8: acc.test.mean=0.101; time: 0.1 min; memory: 115Mb use, 194Mb max
[job(123): 2016-09-09 20:07:29] 
[job(123): 2016-09-09 20:07:29] optimisation start
[job(123): 2016-09-09 20:07:29] ------------------
[job(123): 2016-09-09 20:07:29] * estimation method   : MLE 
[job(123): 2016-09-09 20:07:29] * optimisation method : BFGS 
[job(123): 2016-09-09 20:07:29] * analytical gradient : used
[job(123): 2016-09-09 20:07:29] * trend model : ~1
[job(123): 2016-09-09 20:07:29] * covariance model : 
[job(123): 2016-09-09 20:07:29]   - type :  matern5_2 
[job(123): 2016-09-09 20:07:29]   - nugget : NO
[job(123): 2016-09-09 20:07:29]   - parameters lower bounds :  1e-10 1e-10 
[job(123): 2016-09-09 20:07:29]   - parameters upper bounds :  41.07702 39.42663 
[job(123): 2016-09-09 20:07:29]   - best initial criterion value(s) :  1.978945 
[job(123): 2016-09-09 20:07:29] 
[job(123): 2016-09-09 20:07:29] N = 2, M = 5 machine precision = 2.22045e-16
[job(123): 2016-09-09 20:07:29] At X0, 0 variables are exactly at the bounds
[job(123): 2016-09-09 20:07:29] At iterate     0  f=      -1.9789  |proj g|=     0.051443
[job(123): 2016-09-09 20:07:29] At iterate     1  f =      -1.9818  |proj g|=       0.05108
[job(123): 2016-09-09 20:07:29] At iterate     2  f =      -2.3019  |proj g|=      0.044444
[job(123): 2016-09-09 20:07:29] At iterate     3  f =      -2.3699  |proj g|=      0.034493
[job(123): 2016-09-09 20:07:29] At iterate     4  f =      -2.3883  |proj g|=      0.024956
[job(123): 2016-09-09 20:07:29] At iterate     5  f =      -2.4014  |proj g|=      0.002501
[job(123): 2016-09-09 20:07:29] At iterate     6  f =      -2.4017  |proj g|=    0.00074825
[job(123): 2016-09-09 20:07:29] At iterate     7  f =      -2.4017  |proj g|=    0.00011273
[job(123): 2016-09-09 20:07:29] At iterate     8  f =      -2.4018  |proj g|=    3.5001e-07
[job(123): 2016-09-09 20:07:29] At iterate     9  f =      -2.4018  |proj g|=    3.2704e-09
[job(123): 2016-09-09 20:07:29] 
[job(123): 2016-09-09 20:07:29] iterations 9
[job(123): 2016-09-09 20:07:29] function evaluations 12
[job(123): 2016-09-09 20:07:29] segments explored during Cauchy searches 9
[job(123): 2016-09-09 20:07:29] BFGS updates skipped 0
[job(123): 2016-09-09 20:07:29] active bounds at final generalized Cauchy point 0
[job(123): 2016-09-09 20:07:29] norm of the final projected gradient 3.27038e-09
[job(123): 2016-09-09 20:07:29] final function value -2.40175
[job(123): 2016-09-09 20:07:29] 
[job(123): 2016-09-09 20:07:29] F = -2.40175
[job(123): 2016-09-09 20:07:29] final  value -2.401750 
[job(123): 2016-09-09 20:07:29] converged
[job(123): 2016-09-09 20:07:29] [Tune-x] 9: C=4.09e+03; sigma=0.000244
[job(123): 2016-09-09 20:07:29] [Tune-y] 9: acc.test.mean=0.958; time: 0.0 min; memory: 119Mb use, 194Mb max
[job(123): 2016-09-09 20:07:29] 
[job(123): 2016-09-09 20:07:29] optimisation start
[job(123): 2016-09-09 20:07:29] ------------------
[job(123): 2016-09-09 20:07:29] * estimation method   : MLE 
[job(123): 2016-09-09 20:07:29] * optimisation method : BFGS 
[job(123): 2016-09-09 20:07:29] * analytical gradient : used
[job(123): 2016-09-09 20:07:29] * trend model : ~1
[job(123): 2016-09-09 20:07:29] * covariance model : 
[job(123): 2016-09-09 20:07:29]   - type :  matern5_2 
[job(123): 2016-09-09 20:07:29]   - nugget : NO
[job(123): 2016-09-09 20:07:29]   - parameters lower bounds :  1e-10 1e-10 
[job(123): 2016-09-09 20:07:29]   - parameters upper bounds :  44.46976 43.09707 
[job(123): 2016-09-09 20:07:29]   - best initial criterion value(s) :  2.587979 
[job(123): 2016-09-09 20:07:29] 
[job(123): 2016-09-09 20:07:29] N = 2, M = 5 machine precision = 2.22045e-16
[job(123): 2016-09-09 20:07:29] At X0, 0 variables are exactly at the bounds
[job(123): 2016-09-09 20:07:29] At iterate     0  f=       -2.588  |proj g|=      0.32381
[job(123): 2016-09-09 20:07:29] At iterate     1  f =       -2.689  |proj g|=       0.29351
[job(123): 2016-09-09 20:07:29] At iterate     2  f =      -3.2077  |proj g|=      0.046687
[job(123): 2016-09-09 20:07:29] At iterate     3  f =      -3.2283  |proj g|=      0.013308
[job(123): 2016-09-09 20:07:29] At iterate     4  f =      -3.2307  |proj g|=     0.0012949
[job(123): 2016-09-09 20:07:29] At iterate     5  f =      -3.2307  |proj g|=     0.0001469
[job(123): 2016-09-09 20:07:29] At iterate     6  f =      -3.2307  |proj g|=    7.8435e-07
[job(123): 2016-09-09 20:07:29] At iterate     7  f =      -3.2307  |proj g|=    7.7579e-09
[job(123): 2016-09-09 20:07:29] 
[job(123): 2016-09-09 20:07:29] iterations 7
[job(123): 2016-09-09 20:07:29] function evaluations 8
[job(123): 2016-09-09 20:07:29] segments explored during Cauchy searches 7
[job(123): 2016-09-09 20:07:29] BFGS updates skipped 0
[job(123): 2016-09-09 20:07:29] active bounds at final generalized Cauchy point 0
[job(123): 2016-09-09 20:07:29] norm of the final projected gradient 7.75791e-09
[job(123): 2016-09-09 20:07:29] final function value -3.23072
[job(123): 2016-09-09 20:07:29] 
[job(123): 2016-09-09 20:07:29] F = -3.23072
[job(123): 2016-09-09 20:07:29] final  value -3.230719 
[job(123): 2016-09-09 20:07:29] converged
[job(123): 2016-09-09 20:07:29] [Tune-x] 10: C=613; sigma=0.000249
[job(123): 2016-09-09 20:07:29] [Tune-y] 10: acc.test.mean=0.949; time: 0.0 min; memory: 119Mb use, 194Mb max
[job(123): 2016-09-09 20:07:29] 
[job(123): 2016-09-09 20:07:29] optimisation start
[job(123): 2016-09-09 20:07:29] ------------------
[job(123): 2016-09-09 20:07:29] * estimation method   : MLE 
[job(123): 2016-09-09 20:07:29] * optimisation method : BFGS 
[job(123): 2016-09-09 20:07:29] * analytical gradient : used
[job(123): 2016-09-09 20:07:29] * trend model : ~1
[job(123): 2016-09-09 20:07:29] * covariance model : 
[job(123): 2016-09-09 20:07:29]   - type :  matern5_2 
[job(123): 2016-09-09 20:07:29]   - nugget : NO
[job(123): 2016-09-09 20:07:29]   - parameters lower bounds :  1e-10 1e-10 
[job(123): 2016-09-09 20:07:29]   - parameters upper bounds :  44.46976 43.09707 
[job(123): 2016-09-09 20:07:29]   - best initial criterion value(s) :  4.66763 
[job(123): 2016-09-09 20:07:29] 
[job(123): 2016-09-09 20:07:29] N = 2, M = 5 machine precision = 2.22045e-16
[job(123): 2016-09-09 20:07:29] At X0, 0 variables are exactly at the bounds
[job(123): 2016-09-09 20:07:29] At iterate     0  f=      -4.6676  |proj g|=      0.16561
[job(123): 2016-09-09 20:07:29] At iterate     1  f =      -4.6954  |proj g|=       0.16078
[job(123): 2016-09-09 20:07:29] At iterate     2  f =      -5.0402  |proj g|=      0.067956
[job(123): 2016-09-09 20:07:29] At iterate     3  f =      -5.0856  |proj g|=      0.014571
[job(123): 2016-09-09 20:07:29] At iterate     4  f =      -5.0873  |proj g|=      0.004899
[job(123): 2016-09-09 20:07:29] At iterate     5  f =      -5.0875  |proj g|=    7.9469e-05
[job(123): 2016-09-09 20:07:29] At iterate     6  f =      -5.0875  |proj g|=    1.7645e-06
[job(123): 2016-09-09 20:07:29] At iterate     7  f =      -5.0875  |proj g|=    1.1364e-07
[job(123): 2016-09-09 20:07:29] 
[job(123): 2016-09-09 20:07:29] iterations 7
[job(123): 2016-09-09 20:07:29] function evaluations 10
[job(123): 2016-09-09 20:07:29] segments explored during Cauchy searches 7
[job(123): 2016-09-09 20:07:29] BFGS updates skipped 0
[job(123): 2016-09-09 20:07:29] active bounds at final generalized Cauchy point 0
[job(123): 2016-09-09 20:07:29] norm of the final projected gradient 1.13638e-07
[job(123): 2016-09-09 20:07:29] final function value -5.08755
[job(123): 2016-09-09 20:07:29] 
[job(123): 2016-09-09 20:07:29] F = -5.08755
[job(123): 2016-09-09 20:07:29] final  value -5.087550 
[job(123): 2016-09-09 20:07:29] converged
[job(123): 2016-09-09 20:07:29] [Tune-x] 11: C=2.62e+03; sigma=0.00119
[job(123): 2016-09-09 20:07:29] [Tune-y] 11: acc.test.mean=0.961; time: 0.0 min; memory: 119Mb use, 194Mb max
[job(123): 2016-09-09 20:07:29] 
[job(123): 2016-09-09 20:07:29] optimisation start
[job(123): 2016-09-09 20:07:29] ------------------
[job(123): 2016-09-09 20:07:29] * estimation method   : MLE 
[job(123): 2016-09-09 20:07:29] * optimisation method : BFGS 
[job(123): 2016-09-09 20:07:29] * analytical gradient : used
[job(123): 2016-09-09 20:07:29] * trend model : ~1
[job(123): 2016-09-09 20:07:29] * covariance model : 
[job(123): 2016-09-09 20:07:29]   - type :  matern5_2 
[job(123): 2016-09-09 20:07:29]   - nugget : NO
[job(123): 2016-09-09 20:07:29]   - parameters lower bounds :  1e-10 1e-10 
[job(123): 2016-09-09 20:07:29]   - parameters upper bounds :  44.46976 43.09707 
[job(123): 2016-09-09 20:07:29]   - best initial criterion value(s) :  6.240518 
[job(123): 2016-09-09 20:07:29] 
[job(123): 2016-09-09 20:07:29] N = 2, M = 5 machine precision = 2.22045e-16
[job(123): 2016-09-09 20:07:29] At X0, 0 variables are exactly at the bounds
[job(123): 2016-09-09 20:07:29] At iterate     0  f=      -6.2405  |proj g|=      0.21382
[job(123): 2016-09-09 20:07:29] At iterate     1  f =      -6.2878  |proj g|=       0.20397
[job(123): 2016-09-09 20:07:29] At iterate     2  f =      -6.7008  |proj g|=      0.066495
[job(123): 2016-09-09 20:07:29] At iterate     3  f =      -6.7253  |proj g|=      0.023666
[job(123): 2016-09-09 20:07:29] At iterate     4  f =      -6.7298  |proj g|=     0.0016529
[job(123): 2016-09-09 20:07:29] At iterate     5  f =      -6.7298  |proj g|=    5.6026e-05
[job(123): 2016-09-09 20:07:29] At iterate     6  f =      -6.7298  |proj g|=    1.7855e-06
[job(123): 2016-09-09 20:07:29] At iterate     7  f =      -6.7298  |proj g|=    1.6878e-08
[job(123): 2016-09-09 20:07:29] 
[job(123): 2016-09-09 20:07:29] iterations 7
[job(123): 2016-09-09 20:07:29] function evaluations 9
[job(123): 2016-09-09 20:07:29] segments explored during Cauchy searches 7
[job(123): 2016-09-09 20:07:29] BFGS updates skipped 0
[job(123): 2016-09-09 20:07:29] active bounds at final generalized Cauchy point 0
[job(123): 2016-09-09 20:07:29] norm of the final projected gradient 1.68778e-08
[job(123): 2016-09-09 20:07:29] final function value -6.72979
[job(123): 2016-09-09 20:07:29] 
[job(123): 2016-09-09 20:07:29] F = -6.72979
[job(123): 2016-09-09 20:07:29] final  value -6.729788 
[job(123): 2016-09-09 20:07:29] converged
[job(123): 2016-09-09 20:07:29] [Tune-x] 12: C=1.53e+03; sigma=0.000636
[job(123): 2016-09-09 20:07:29] [Tune-y] 12: acc.test.mean=0.961; time: 0.0 min; memory: 119Mb use, 194Mb max
[job(123): 2016-09-09 20:07:29] 
[job(123): 2016-09-09 20:07:29] optimisation start
[job(123): 2016-09-09 20:07:29] ------------------
[job(123): 2016-09-09 20:07:29] * estimation method   : MLE 
[job(123): 2016-09-09 20:07:29] * optimisation method : BFGS 
[job(123): 2016-09-09 20:07:29] * analytical gradient : used
[job(123): 2016-09-09 20:07:29] * trend model : ~1
[job(123): 2016-09-09 20:07:29] * covariance model : 
[job(123): 2016-09-09 20:07:29]   - type :  matern5_2 
[job(123): 2016-09-09 20:07:29]   - nugget : NO
[job(123): 2016-09-09 20:07:29]   - parameters lower bounds :  1e-10 1e-10 
[job(123): 2016-09-09 20:07:29]   - parameters upper bounds :  44.46976 43.09707 
[job(123): 2016-09-09 20:07:29]   - best initial criterion value(s) :  7.007714 
[job(123): 2016-09-09 20:07:29] 
[job(123): 2016-09-09 20:07:29] N = 2, M = 5 machine precision = 2.22045e-16
[job(123): 2016-09-09 20:07:29] At X0, 0 variables are exactly at the bounds
[job(123): 2016-09-09 20:07:29] At iterate     0  f=      -7.0077  |proj g|=      0.36834
[job(123): 2016-09-09 20:07:29] At iterate     1  f =       -7.228  |proj g|=       0.34518
[job(123): 2016-09-09 20:07:29] At iterate     2  f =      -10.112  |proj g|=       0.12814
[job(123): 2016-09-09 20:07:29] At iterate     3  f =      -10.193  |proj g|=      0.050588
[job(123): 2016-09-09 20:07:29] At iterate     4  f =      -10.207  |proj g|=      0.030207
[job(123): 2016-09-09 20:07:29] At iterate     5  f =      -10.214  |proj g|=     0.0021883
[job(123): 2016-09-09 20:07:29] At iterate     6  f =      -10.214  |proj g|=    7.0954e-05
[job(123): 2016-09-09 20:07:29] At iterate     7  f =      -10.214  |proj g|=    2.7587e-06
[job(123): 2016-09-09 20:07:29] At iterate     8  f =      -10.214  |proj g|=    2.1438e-07
[job(123): 2016-09-09 20:07:29] 
[job(123): 2016-09-09 20:07:29] iterations 8
[job(123): 2016-09-09 20:07:29] function evaluations 13
[job(123): 2016-09-09 20:07:29] segments explored during Cauchy searches 8
[job(123): 2016-09-09 20:07:29] BFGS updates skipped 0
[job(123): 2016-09-09 20:07:29] active bounds at final generalized Cauchy point 0
[job(123): 2016-09-09 20:07:29] norm of the final projected gradient 2.14378e-07
[job(123): 2016-09-09 20:07:29] final function value -10.2138
[job(123): 2016-09-09 20:07:29] 
[job(123): 2016-09-09 20:07:29] F = -10.2138
[job(123): 2016-09-09 20:07:29] final  value -10.213836 
[job(123): 2016-09-09 20:07:29] converged
[job(123): 2016-09-09 20:07:29] [Tune-x] 13: C=4.1e+03; sigma=0.000659
[job(123): 2016-09-09 20:07:29] [Tune-y] 13: acc.test.mean=0.958; time: 0.0 min; memory: 119Mb use, 194Mb max
[job(123): 2016-09-09 20:07:29] 
[job(123): 2016-09-09 20:07:29] optimisation start
[job(123): 2016-09-09 20:07:29] ------------------
[job(123): 2016-09-09 20:07:29] * estimation method   : MLE 
[job(123): 2016-09-09 20:07:29] * optimisation method : BFGS 
[job(123): 2016-09-09 20:07:29] * analytical gradient : used
[job(123): 2016-09-09 20:07:29] * trend model : ~1
[job(123): 2016-09-09 20:07:29] * covariance model : 
[job(123): 2016-09-09 20:07:29]   - type :  matern5_2 
[job(123): 2016-09-09 20:07:29]   - nugget : NO
[job(123): 2016-09-09 20:07:29]   - parameters lower bounds :  1e-10 1e-10 
[job(123): 2016-09-09 20:07:29]   - parameters upper bounds :  44.47185 43.09707 
[job(123): 2016-09-09 20:07:29]   - best initial criterion value(s) :  13.20323 
[job(123): 2016-09-09 20:07:29] 
[job(123): 2016-09-09 20:07:29] N = 2, M = 5 machine precision = 2.22045e-16
[job(123): 2016-09-09 20:07:29] At X0, 0 variables are exactly at the bounds
[job(123): 2016-09-09 20:07:29] At iterate     0  f=      -13.203  |proj g|=      0.25697
[job(123): 2016-09-09 20:07:29] At iterate     1  f =      -13.269  |proj g|=       0.22021
[job(123): 2016-09-09 20:07:29] At iterate     2  f =      -13.461  |proj g|=      0.002421
[job(123): 2016-09-09 20:07:29] At iterate     3  f =      -13.461  |proj g|=      0.000689
[job(123): 2016-09-09 20:07:29] At iterate     4  f =      -13.461  |proj g|=    0.00019931
[job(123): 2016-09-09 20:07:29] At iterate     5  f =      -13.461  |proj g|=    4.4411e-06
[job(123): 2016-09-09 20:07:29] At iterate     6  f =      -13.461  |proj g|=    1.1904e-07
[job(123): 2016-09-09 20:07:29] 
[job(123): 2016-09-09 20:07:29] iterations 6
[job(123): 2016-09-09 20:07:29] function evaluations 7
[job(123): 2016-09-09 20:07:29] segments explored during Cauchy searches 6
[job(123): 2016-09-09 20:07:29] BFGS updates skipped 0
[job(123): 2016-09-09 20:07:29] active bounds at final generalized Cauchy point 0
[job(123): 2016-09-09 20:07:29] norm of the final projected gradient 1.19043e-07
[job(123): 2016-09-09 20:07:29] final function value -13.4606
[job(123): 2016-09-09 20:07:29] 
[job(123): 2016-09-09 20:07:29] F = -13.4606
[job(123): 2016-09-09 20:07:29] final  value -13.460558 
[job(123): 2016-09-09 20:07:29] converged
[job(123): 2016-09-09 20:07:29] [Tune-x] 14: C=491; sigma=0.00149
[job(123): 2016-09-09 20:07:29] [Tune-y] 14: acc.test.mean=0.966; time: 0.0 min; memory: 119Mb use, 194Mb max
[job(123): 2016-09-09 20:07:29] 
[job(123): 2016-09-09 20:07:29] optimisation start
[job(123): 2016-09-09 20:07:29] ------------------
[job(123): 2016-09-09 20:07:29] * estimation method   : MLE 
[job(123): 2016-09-09 20:07:29] * optimisation method : BFGS 
[job(123): 2016-09-09 20:07:29] * analytical gradient : used
[job(123): 2016-09-09 20:07:29] * trend model : ~1
[job(123): 2016-09-09 20:07:29] * covariance model : 
[job(123): 2016-09-09 20:07:29]   - type :  matern5_2 
[job(123): 2016-09-09 20:07:29]   - nugget : NO
[job(123): 2016-09-09 20:07:29]   - parameters lower bounds :  1e-10 1e-10 
[job(123): 2016-09-09 20:07:29]   - parameters upper bounds :  44.47185 43.09707 
[job(123): 2016-09-09 20:07:29]   - best initial criterion value(s) :  15.53075 
[job(123): 2016-09-09 20:07:29] 
[job(123): 2016-09-09 20:07:29] N = 2, M = 5 machine precision = 2.22045e-16
[job(123): 2016-09-09 20:07:29] At X0, 0 variables are exactly at the bounds
[job(123): 2016-09-09 20:07:29] At iterate     0  f=      -15.531  |proj g|=      0.31768
[job(123): 2016-09-09 20:07:29] At iterate     1  f =      -15.664  |proj g|=       0.31599
[job(123): 2016-09-09 20:07:29] At iterate     2  f =      -17.337  |proj g|=       0.16243
[job(123): 2016-09-09 20:07:29] At iterate     3  f =      -17.541  |proj g|=      0.044304
[job(123): 2016-09-09 20:07:29] At iterate     4  f =      -17.551  |proj g|=     0.0088325
[job(123): 2016-09-09 20:07:29] At iterate     5  f =      -17.551  |proj g|=    0.00067543
[job(123): 2016-09-09 20:07:29] At iterate     6  f =      -17.551  |proj g|=    4.0168e-06
[job(123): 2016-09-09 20:07:29] At iterate     7  f =      -17.551  |proj g|=     1.892e-07
[job(123): 2016-09-09 20:07:29] 
[job(123): 2016-09-09 20:07:29] iterations 7
[job(123): 2016-09-09 20:07:29] function evaluations 12
[job(123): 2016-09-09 20:07:29] segments explored during Cauchy searches 7
[job(123): 2016-09-09 20:07:29] BFGS updates skipped 0
[job(123): 2016-09-09 20:07:29] active bounds at final generalized Cauchy point 0
[job(123): 2016-09-09 20:07:29] norm of the final projected gradient 1.89203e-07
[job(123): 2016-09-09 20:07:29] final function value -17.5514
[job(123): 2016-09-09 20:07:29] 
[job(123): 2016-09-09 20:07:29] F = -17.5514
[job(123): 2016-09-09 20:07:29] final  value -17.551406 
[job(123): 2016-09-09 20:07:29] converged
[job(123): 2016-09-09 20:07:29] [Tune-x] 15: C=501; sigma=0.00134
[job(123): 2016-09-09 20:07:29] [Tune-y] 15: acc.test.mean=0.962; time: 0.0 min; memory: 119Mb use, 194Mb max
[job(123): 2016-09-09 20:07:29] 
[job(123): 2016-09-09 20:07:29] optimisation start
[job(123): 2016-09-09 20:07:29] ------------------
[job(123): 2016-09-09 20:07:29] * estimation method   : MLE 
[job(123): 2016-09-09 20:07:29] * optimisation method : BFGS 
[job(123): 2016-09-09 20:07:29] * analytical gradient : used
[job(123): 2016-09-09 20:07:29] * trend model : ~1
[job(123): 2016-09-09 20:07:29] * covariance model : 
[job(123): 2016-09-09 20:07:29]   - type :  matern5_2 
[job(123): 2016-09-09 20:07:29]   - nugget : NO
[job(123): 2016-09-09 20:07:29]   - parameters lower bounds :  1e-10 1e-10 
[job(123): 2016-09-09 20:07:29]   - parameters upper bounds :  44.47185 43.09707 
[job(123): 2016-09-09 20:07:29]   - best initial criterion value(s) :  15.34307 
[job(123): 2016-09-09 20:07:29] 
[job(123): 2016-09-09 20:07:29] N = 2, M = 5 machine precision = 2.22045e-16
[job(123): 2016-09-09 20:07:29] At X0, 0 variables are exactly at the bounds
[job(123): 2016-09-09 20:07:29] At iterate     0  f=      -15.343  |proj g|=        1.143
[job(123): 2016-09-09 20:07:29] At iterate     1  f =      -16.364  |proj g|=       0.53905
[job(123): 2016-09-09 20:07:29] At iterate     2  f =      -16.732  |proj g|=       0.08488
[job(123): 2016-09-09 20:07:29] At iterate     3  f =      -16.757  |proj g|=      0.048166
[job(123): 2016-09-09 20:07:29] At iterate     4  f =      -16.764  |proj g|=       0.01823
[job(123): 2016-09-09 20:07:29] At iterate     5  f =      -16.766  |proj g|=     0.0016296
[job(123): 2016-09-09 20:07:29] At iterate     6  f =      -16.766  |proj g|=    5.9152e-05
[job(123): 2016-09-09 20:07:29] At iterate     7  f =      -16.766  |proj g|=    2.1789e-06
[job(123): 2016-09-09 20:07:29] 
[job(123): 2016-09-09 20:07:29] iterations 7
[job(123): 2016-09-09 20:07:29] function evaluations 8
[job(123): 2016-09-09 20:07:29] segments explored during Cauchy searches 7
[job(123): 2016-09-09 20:07:29] BFGS updates skipped 0
[job(123): 2016-09-09 20:07:29] active bounds at final generalized Cauchy point 0
[job(123): 2016-09-09 20:07:29] norm of the final projected gradient 2.17895e-06
[job(123): 2016-09-09 20:07:29] final function value -16.7662
[job(123): 2016-09-09 20:07:29] 
[job(123): 2016-09-09 20:07:29] F = -16.7662
[job(123): 2016-09-09 20:07:29] final  value -16.766237 
[job(123): 2016-09-09 20:07:29] converged
[job(123): 2016-09-09 20:07:29] [Tune-x] 16: C=174; sigma=0.00551
[job(123): 2016-09-09 20:07:29] [Tune-y] 16: acc.test.mean=0.969; time: 0.0 min; memory: 119Mb use, 194Mb max
[job(123): 2016-09-09 20:07:29] 
[job(123): 2016-09-09 20:07:29] optimisation start
[job(123): 2016-09-09 20:07:29] ------------------
[job(123): 2016-09-09 20:07:29] * estimation method   : MLE 
[job(123): 2016-09-09 20:07:29] * optimisation method : BFGS 
[job(123): 2016-09-09 20:07:29] * analytical gradient : used
[job(123): 2016-09-09 20:07:29] * trend model : ~1
[job(123): 2016-09-09 20:07:29] * covariance model : 
[job(123): 2016-09-09 20:07:29]   - type :  matern5_2 
[job(123): 2016-09-09 20:07:29]   - nugget : NO
[job(123): 2016-09-09 20:07:29]   - parameters lower bounds :  1e-10 1e-10 
[job(123): 2016-09-09 20:07:29]   - parameters upper bounds :  44.47185 43.09707 
[job(123): 2016-09-09 20:07:29]   - best initial criterion value(s) :  17.94313 
[job(123): 2016-09-09 20:07:29] 
[job(123): 2016-09-09 20:07:29] N = 2, M = 5 machine precision = 2.22045e-16
[job(123): 2016-09-09 20:07:29] At X0, 0 variables are exactly at the bounds
[job(123): 2016-09-09 20:07:29] At iterate     0  f=      -17.943  |proj g|=      0.83573
[job(123): 2016-09-09 20:07:29] At iterate     1  f =       -18.44  |proj g|=         0.251
[job(123): 2016-09-09 20:07:29] At iterate     2  f =      -18.514  |proj g|=       0.10862
[job(123): 2016-09-09 20:07:29] At iterate     3  f =      -18.533  |proj g|=      0.083017
[job(123): 2016-09-09 20:07:29] At iterate     4  f =      -18.562  |proj g|=     0.0075778
[job(123): 2016-09-09 20:07:29] At iterate     5  f =      -18.563  |proj g|=    0.00062727
[job(123): 2016-09-09 20:07:29] At iterate     6  f =      -18.563  |proj g|=    1.3001e-05
[job(123): 2016-09-09 20:07:29] At iterate     7  f =      -18.563  |proj g|=    4.1702e-07
[job(123): 2016-09-09 20:07:29] 
[job(123): 2016-09-09 20:07:29] iterations 7
[job(123): 2016-09-09 20:07:29] function evaluations 8
[job(123): 2016-09-09 20:07:29] segments explored during Cauchy searches 7
[job(123): 2016-09-09 20:07:29] BFGS updates skipped 0
[job(123): 2016-09-09 20:07:29] active bounds at final generalized Cauchy point 0
[job(123): 2016-09-09 20:07:29] norm of the final projected gradient 4.17023e-07
[job(123): 2016-09-09 20:07:29] final function value -18.5626
[job(123): 2016-09-09 20:07:29] 
[job(123): 2016-09-09 20:07:29] F = -18.5626
[job(123): 2016-09-09 20:07:29] final  value -18.562615 
[job(123): 2016-09-09 20:07:29] converged
[job(123): 2016-09-09 20:07:29] [Tune-x] 17: C=1.82e+03; sigma=0.00344
[job(123): 2016-09-09 20:07:29] [Tune-y] 17: acc.test.mean=0.973; time: 0.0 min; memory: 119Mb use, 194Mb max
[job(123): 2016-09-09 20:07:29] 
[job(123): 2016-09-09 20:07:29] optimisation start
[job(123): 2016-09-09 20:07:29] ------------------
[job(123): 2016-09-09 20:07:29] * estimation method   : MLE 
[job(123): 2016-09-09 20:07:29] * optimisation method : BFGS 
[job(123): 2016-09-09 20:07:29] * analytical gradient : used
[job(123): 2016-09-09 20:07:29] * trend model : ~1
[job(123): 2016-09-09 20:07:29] * covariance model : 
[job(123): 2016-09-09 20:07:29]   - type :  matern5_2 
[job(123): 2016-09-09 20:07:29]   - nugget : NO
[job(123): 2016-09-09 20:07:29]   - parameters lower bounds :  1e-10 1e-10 
[job(123): 2016-09-09 20:07:29]   - parameters upper bounds :  44.47185 43.09707 
[job(123): 2016-09-09 20:07:29]   - best initial criterion value(s) :  20.33377 
[job(123): 2016-09-09 20:07:29] 
[job(123): 2016-09-09 20:07:29] N = 2, M = 5 machine precision = 2.22045e-16
[job(123): 2016-09-09 20:07:29] At X0, 0 variables are exactly at the bounds
[job(123): 2016-09-09 20:07:29] At iterate     0  f=      -20.334  |proj g|=      0.75337
[job(123): 2016-09-09 20:07:29] At iterate     1  f =      -20.843  |proj g|=       0.32117
[job(123): 2016-09-09 20:07:29] At iterate     2  f =      -21.065  |proj g|=        0.2172
[job(123): 2016-09-09 20:07:29] At iterate     3  f =      -21.146  |proj g|=       0.17525
[job(123): 2016-09-09 20:07:29] At iterate     4  f =      -21.214  |proj g|=      0.054899
[job(123): 2016-09-09 20:07:29] At iterate     5  f =      -21.218  |proj g|=     0.0069785
[job(123): 2016-09-09 20:07:29] At iterate     6  f =      -21.218  |proj g|=    0.00016459
[job(123): 2016-09-09 20:07:29] At iterate     7  f =      -21.218  |proj g|=    2.3456e-06
[job(123): 2016-09-09 20:07:29] At iterate     8  f =      -21.218  |proj g|=    2.3455e-06
[job(123): 2016-09-09 20:07:29] 
[job(123): 2016-09-09 20:07:29] iterations 8
[job(123): 2016-09-09 20:07:29] function evaluations 25
[job(123): 2016-09-09 20:07:29] segments explored during Cauchy searches 8
[job(123): 2016-09-09 20:07:29] BFGS updates skipped 0
[job(123): 2016-09-09 20:07:29] active bounds at final generalized Cauchy point 0
[job(123): 2016-09-09 20:07:29] norm of the final projected gradient 2.3455e-06
[job(123): 2016-09-09 20:07:29] final function value -21.2183
[job(123): 2016-09-09 20:07:29] 
[job(123): 2016-09-09 20:07:29] F = -21.2183
[job(123): 2016-09-09 20:07:29] l(0) > u(0).  No feasible solutionfinal  value -21.218257 
[job(123): 2016-09-09 20:07:29] converged
[job(123): 2016-09-09 20:07:29] [Tune-x] 18: C=123; sigma=0.0027
[job(123): 2016-09-09 20:07:29] [Tune-y] 18: acc.test.mean=0.972; time: 0.0 min; memory: 119Mb use, 194Mb max
[job(123): 2016-09-09 20:07:29] 
[job(123): 2016-09-09 20:07:29] optimisation start
[job(123): 2016-09-09 20:07:29] ------------------
[job(123): 2016-09-09 20:07:29] * estimation method   : MLE 
[job(123): 2016-09-09 20:07:29] * optimisation method : BFGS 
[job(123): 2016-09-09 20:07:29] * analytical gradient : used
[job(123): 2016-09-09 20:07:29] * trend model : ~1
[job(123): 2016-09-09 20:07:29] * covariance model : 
[job(123): 2016-09-09 20:07:29]   - type :  matern5_2 
[job(123): 2016-09-09 20:07:29]   - nugget : NO
[job(123): 2016-09-09 20:07:29]   - parameters lower bounds :  1e-10 1e-10 
[job(123): 2016-09-09 20:07:29]   - parameters upper bounds :  44.47185 43.09707 
[job(123): 2016-09-09 20:07:29]   - best initial criterion value(s) :  22.47953 
[job(123): 2016-09-09 20:07:29] 
[job(123): 2016-09-09 20:07:29] N = 2, M = 5 machine precision = 2.22045e-16
[job(123): 2016-09-09 20:07:29] At X0, 0 variables are exactly at the bounds
[job(123): 2016-09-09 20:07:29] At iterate     0  f=       -22.48  |proj g|=      0.23572
[job(123): 2016-09-09 20:07:29] At iterate     1  f =      -22.534  |proj g|=        0.2299
[job(123): 2016-09-09 20:07:29] At iterate     2  f =      -23.105  |proj g|=       0.53895
[job(123): 2016-09-09 20:07:29] At iterate     3  f =        -23.2  |proj g|=       0.60262
[job(123): 2016-09-09 20:07:29] At iterate     4  f =      -23.373  |proj g|=       0.27007
[job(123): 2016-09-09 20:07:29] At iterate     5  f =      -23.453  |proj g|=      0.023814
[job(123): 2016-09-09 20:07:29] At iterate     6  f =      -23.454  |proj g|=     0.0029018
[job(123): 2016-09-09 20:07:29] At iterate     7  f =      -23.454  |proj g|=    2.7451e-05
[job(123): 2016-09-09 20:07:29] At iterate     8  f =      -23.454  |proj g|=    3.6266e-07
[job(123): 2016-09-09 20:07:29] 
[job(123): 2016-09-09 20:07:29] iterations 8
[job(123): 2016-09-09 20:07:29] function evaluations 13
[job(123): 2016-09-09 20:07:29] segments explored during Cauchy searches 8
[job(123): 2016-09-09 20:07:29] BFGS updates skipped 0
[job(123): 2016-09-09 20:07:29] active bounds at final generalized Cauchy point 0
[job(123): 2016-09-09 20:07:29] norm of the final projected gradient 3.62656e-07
[job(123): 2016-09-09 20:07:29] final function value -23.4537
[job(123): 2016-09-09 20:07:29] 
[job(123): 2016-09-09 20:07:29] F = -23.4537
[job(123): 2016-09-09 20:07:29] final  value -23.453739 
[job(123): 2016-09-09 20:07:29] converged
[job(123): 2016-09-09 20:07:29] [Tune-x] 19: C=269; sigma=0.00305
[job(123): 2016-09-09 20:07:29] [Tune-y] 19: acc.test.mean=0.971; time: 0.0 min; memory: 119Mb use, 194Mb max
[job(123): 2016-09-09 20:07:29] 
[job(123): 2016-09-09 20:07:29] optimisation start
[job(123): 2016-09-09 20:07:29] ------------------
[job(123): 2016-09-09 20:07:29] * estimation method   : MLE 
[job(123): 2016-09-09 20:07:29] * optimisation method : BFGS 
[job(123): 2016-09-09 20:07:29] * analytical gradient : used
[job(123): 2016-09-09 20:07:29] * trend model : ~1
[job(123): 2016-09-09 20:07:29] * covariance model : 
[job(123): 2016-09-09 20:07:29]   - type :  matern5_2 
[job(123): 2016-09-09 20:07:29]   - nugget : NO
[job(123): 2016-09-09 20:07:29]   - parameters lower bounds :  1e-10 1e-10 
[job(123): 2016-09-09 20:07:29]   - parameters upper bounds :  44.47185 43.09707 
[job(123): 2016-09-09 20:07:29]   - best initial criterion value(s) :  20.55689 
[job(123): 2016-09-09 20:07:29] 
[job(123): 2016-09-09 20:07:29] N = 2, M = 5 machine precision = 2.22045e-16
[job(123): 2016-09-09 20:07:29] At X0, 0 variables are exactly at the bounds
[job(123): 2016-09-09 20:07:29] At iterate     0  f=      -20.557  |proj g|=       2.1873
[job(123): 2016-09-09 20:07:29] At iterate     1  f =      -23.112  |proj g|=        0.3544
[job(123): 2016-09-09 20:07:29] At iterate     2  f =      -23.718  |proj g|=       0.32469
[job(123): 2016-09-09 20:07:29] At iterate     3  f =      -25.695  |proj g|=       0.71182
[job(123): 2016-09-09 20:07:29] At iterate     4  f =      -25.914  |proj g|=       0.59708
[job(123): 2016-09-09 20:07:29] At iterate     5  f =      -26.065  |proj g|=      0.027126
[job(123): 2016-09-09 20:07:29] At iterate     6  f =      -26.067  |proj g|=      0.010311
[job(123): 2016-09-09 20:07:29] At iterate     7  f =      -26.067  |proj g|=    0.00012047
[job(123): 2016-09-09 20:07:29] At iterate     8  f =      -26.067  |proj g|=    2.5195e-06
[job(123): 2016-09-09 20:07:29] At iterate     9  f =      -26.067  |proj g|=    2.1988e-06
[job(123): 2016-09-09 20:07:29] 
[job(123): 2016-09-09 20:07:29] iterations 9
[job(123): 2016-09-09 20:07:29] function evaluations 14
[job(123): 2016-09-09 20:07:29] segments explored during Cauchy searches 9
[job(123): 2016-09-09 20:07:29] BFGS updates skipped 0
[job(123): 2016-09-09 20:07:29] active bounds at final generalized Cauchy point 0
[job(123): 2016-09-09 20:07:29] norm of the final projected gradient 2.19877e-06
[job(123): 2016-09-09 20:07:29] final function value -26.0673
[job(123): 2016-09-09 20:07:29] 
[job(123): 2016-09-09 20:07:29] F = -26.0673
[job(123): 2016-09-09 20:07:29] final  value -26.067314 
[job(123): 2016-09-09 20:07:29] converged
[job(123): 2016-09-09 20:07:29] [Tune-x] 20: C=2.08e+03; sigma=0.00219
[job(123): 2016-09-09 20:07:29] [Tune-y] 20: acc.test.mean=0.964; time: 0.0 min; memory: 119Mb use, 194Mb max
[job(123): 2016-09-09 20:07:29] 
[job(123): 2016-09-09 20:07:29] optimisation start
[job(123): 2016-09-09 20:07:29] ------------------
[job(123): 2016-09-09 20:07:29] * estimation method   : MLE 
[job(123): 2016-09-09 20:07:29] * optimisation method : BFGS 
[job(123): 2016-09-09 20:07:29] * analytical gradient : used
[job(123): 2016-09-09 20:07:29] * trend model : ~1
[job(123): 2016-09-09 20:07:29] * covariance model : 
[job(123): 2016-09-09 20:07:29]   - type :  matern5_2 
[job(123): 2016-09-09 20:07:29]   - nugget : NO
[job(123): 2016-09-09 20:07:29]   - parameters lower bounds :  1e-10 1e-10 
[job(123): 2016-09-09 20:07:29]   - parameters upper bounds :  44.47185 43.09707 
[job(123): 2016-09-09 20:07:29]   - best initial criterion value(s) :  23.65443 
[job(123): 2016-09-09 20:07:29] 
[job(123): 2016-09-09 20:07:29] N = 2, M = 5 machine precision = 2.22045e-16
[job(123): 2016-09-09 20:07:29] At X0, 0 variables are exactly at the bounds
[job(123): 2016-09-09 20:07:29] At iterate     0  f=      -23.654  |proj g|=       1.8402
[job(123): 2016-09-09 20:07:29] At iterate     1  f =      -24.964  |proj g|=       0.74409
[job(123): 2016-09-09 20:07:29] At iterate     2  f =      -25.131  |proj g|=        0.2657
[job(123): 2016-09-09 20:07:29] At iterate     3  f =       -25.17  |proj g|=       0.25808
[job(123): 2016-09-09 20:07:29] At iterate     4  f =      -25.449  |proj g|=       0.74988
[job(123): 2016-09-09 20:07:29] At iterate     5  f =      -25.628  |proj g|=       0.72372
[job(123): 2016-09-09 20:07:29] At iterate     6  f =      -25.792  |proj g|=       0.21186
[job(123): 2016-09-09 20:07:29] At iterate     7  f =      -25.813  |proj g|=      0.067511
[job(123): 2016-09-09 20:07:29] At iterate     8  f =      -25.814  |proj g|=    0.00096933
[job(123): 2016-09-09 20:07:29] At iterate     9  f =      -25.814  |proj g|=    0.00097603
[job(123): 2016-09-09 20:07:29] At iterate    10  f =      -25.814  |proj g|=    0.00042719
[job(123): 2016-09-09 20:07:29] At iterate    11  f =      -25.814  |proj g|=    2.7342e-06
[job(123): 2016-09-09 20:07:29] At iterate    12  f =      -25.814  |proj g|=    1.7865e-09
[job(123): 2016-09-09 20:07:29] 
[job(123): 2016-09-09 20:07:29] iterations 12
[job(123): 2016-09-09 20:07:29] function evaluations 16
[job(123): 2016-09-09 20:07:29] segments explored during Cauchy searches 12
[job(123): 2016-09-09 20:07:29] BFGS updates skipped 0
[job(123): 2016-09-09 20:07:29] active bounds at final generalized Cauchy point 0
[job(123): 2016-09-09 20:07:29] norm of the final projected gradient 1.78645e-09
[job(123): 2016-09-09 20:07:29] final function value -25.8143
[job(123): 2016-09-09 20:07:29] 
[job(123): 2016-09-09 20:07:29] F = -25.8143
[job(123): 2016-09-09 20:07:29] final  value -25.814261 
[job(123): 2016-09-09 20:07:29] converged
[job(123): 2016-09-09 20:07:29] [Tune-x] 21: C=1.83e+03; sigma=0.00656
[job(123): 2016-09-09 20:07:29] [Tune-y] 21: acc.test.mean=0.973; time: 0.0 min; memory: 119Mb use, 194Mb max
[job(123): 2016-09-09 20:07:29] 
[job(123): 2016-09-09 20:07:29] optimisation start
[job(123): 2016-09-09 20:07:29] ------------------
[job(123): 2016-09-09 20:07:29] * estimation method   : MLE 
[job(123): 2016-09-09 20:07:29] * optimisation method : BFGS 
[job(123): 2016-09-09 20:07:29] * analytical gradient : used
[job(123): 2016-09-09 20:07:29] * trend model : ~1
[job(123): 2016-09-09 20:07:29] * covariance model : 
[job(123): 2016-09-09 20:07:29]   - type :  matern5_2 
[job(123): 2016-09-09 20:07:29]   - nugget : NO
[job(123): 2016-09-09 20:07:29]   - parameters lower bounds :  1e-10 1e-10 
[job(123): 2016-09-09 20:07:29]   - parameters upper bounds :  44.47185 43.09707 
[job(123): 2016-09-09 20:07:29]   - best initial criterion value(s) :  23.86249 
[job(123): 2016-09-09 20:07:29] 
[job(123): 2016-09-09 20:07:29] N = 2, M = 5 machine precision = 2.22045e-16
[job(123): 2016-09-09 20:07:29] At X0, 0 variables are exactly at the bounds
[job(123): 2016-09-09 20:07:29] At iterate     0  f=      -23.862  |proj g|=       2.0437
[job(123): 2016-09-09 20:07:29] At iterate     1  f =      -25.603  |proj g|=       0.86905
[job(123): 2016-09-09 20:07:29] At iterate     2  f =      -25.865  |proj g|=       0.36004
[job(123): 2016-09-09 20:07:29] At iterate     3  f =      -25.941  |proj g|=       0.32604
[job(123): 2016-09-09 20:07:29] At iterate     4  f =      -26.287  |proj g|=       0.90333
[job(123): 2016-09-09 20:07:29] At iterate     5  f =      -26.415  |proj g|=       0.48025
[job(123): 2016-09-09 20:07:29] At iterate     6  f =      -26.506  |proj g|=       0.18719
[job(123): 2016-09-09 20:07:29] At iterate     7  f =      -26.517  |proj g|=      0.021115
[job(123): 2016-09-09 20:07:29] At iterate     8  f =      -26.518  |proj g|=     0.0096277
[job(123): 2016-09-09 20:07:29] At iterate     9  f =      -26.518  |proj g|=    0.00055415
[job(123): 2016-09-09 20:07:29] At iterate    10  f =      -26.518  |proj g|=    1.3481e-05
[job(123): 2016-09-09 20:07:29] At iterate    11  f =      -26.518  |proj g|=    1.2191e-07
[job(123): 2016-09-09 20:07:29] 
[job(123): 2016-09-09 20:07:29] iterations 11
[job(123): 2016-09-09 20:07:29] function evaluations 14
[job(123): 2016-09-09 20:07:29] segments explored during Cauchy searches 11
[job(123): 2016-09-09 20:07:29] BFGS updates skipped 0
[job(123): 2016-09-09 20:07:29] active bounds at final generalized Cauchy point 0
[job(123): 2016-09-09 20:07:29] norm of the final projected gradient 1.21907e-07
[job(123): 2016-09-09 20:07:29] final function value -26.5182
[job(123): 2016-09-09 20:07:29] 
[job(123): 2016-09-09 20:07:29] F = -26.5182
[job(123): 2016-09-09 20:07:29] final  value -26.518224 
[job(123): 2016-09-09 20:07:29] converged
[job(123): 2016-09-09 20:07:29] [Tune-x] 22: C=96.4; sigma=0.000244
[job(123): 2016-09-09 20:07:29] [Tune-y] 22: acc.test.mean=0.963; time: 0.0 min; memory: 119Mb use, 194Mb max
[job(123): 2016-09-09 20:07:29] 
[job(123): 2016-09-09 20:07:29] optimisation start
[job(123): 2016-09-09 20:07:29] ------------------
[job(123): 2016-09-09 20:07:29] * estimation method   : MLE 
[job(123): 2016-09-09 20:07:29] * optimisation method : BFGS 
[job(123): 2016-09-09 20:07:29] * analytical gradient : used
[job(123): 2016-09-09 20:07:29] * trend model : ~1
[job(123): 2016-09-09 20:07:29] * covariance model : 
[job(123): 2016-09-09 20:07:29]   - type :  matern5_2 
[job(123): 2016-09-09 20:07:29]   - nugget : NO
[job(123): 2016-09-09 20:07:29]   - parameters lower bounds :  1e-10 1e-10 
[job(123): 2016-09-09 20:07:29]   - parameters upper bounds :  44.47185 43.09773 
[job(123): 2016-09-09 20:07:29]   - best initial criterion value(s) :  27.05957 
[job(123): 2016-09-09 20:07:29] 
[job(123): 2016-09-09 20:07:29] N = 2, M = 5 machine precision = 2.22045e-16
[job(123): 2016-09-09 20:07:29] At X0, 0 variables are exactly at the bounds
[job(123): 2016-09-09 20:07:29] At iterate     0  f=       -27.06  |proj g|=       5.7601
[job(123): 2016-09-09 20:07:29] At iterate     1  f =      -30.884  |proj g|=       0.58345
[job(123): 2016-09-09 20:07:29] At iterate     2  f =      -30.941  |proj g|=       0.16817
[job(123): 2016-09-09 20:07:29] At iterate     3  f =      -30.955  |proj g|=       0.16043
[job(123): 2016-09-09 20:07:29] At iterate     4  f =      -30.974  |proj g|=       0.18779
[job(123): 2016-09-09 20:07:29] At iterate     5  f =      -31.014  |proj g|=       0.30932
[job(123): 2016-09-09 20:07:29] At iterate     6  f =      -31.045  |proj g|=       0.18946
[job(123): 2016-09-09 20:07:29] At iterate     7  f =      -31.052  |proj g|=      0.037678
[job(123): 2016-09-09 20:07:29] At iterate     8  f =      -31.052  |proj g|=     0.0032113
[job(123): 2016-09-09 20:07:29] At iterate     9  f =      -31.052  |proj g|=    9.2703e-05
[job(123): 2016-09-09 20:07:29] At iterate    10  f =      -31.052  |proj g|=    1.1555e-05
[job(123): 2016-09-09 20:07:29] 
[job(123): 2016-09-09 20:07:29] iterations 10
[job(123): 2016-09-09 20:07:29] function evaluations 12
[job(123): 2016-09-09 20:07:29] segments explored during Cauchy searches 10
[job(123): 2016-09-09 20:07:29] BFGS updates skipped 0
[job(123): 2016-09-09 20:07:29] active bounds at final generalized Cauchy point 0
[job(123): 2016-09-09 20:07:29] norm of the final projected gradient 1.15547e-05
[job(123): 2016-09-09 20:07:29] final function value -31.0522
[job(123): 2016-09-09 20:07:29] 
[job(123): 2016-09-09 20:07:29] F = -31.0522
[job(123): 2016-09-09 20:07:29] final  value -31.052155 
[job(123): 2016-09-09 20:07:29] converged
[job(123): 2016-09-09 20:07:29] [Tune-x] 23: C=43.7; sigma=0.000463
[job(123): 2016-09-09 20:07:29] [Tune-y] 23: acc.test.mean=0.963; time: 0.0 min; memory: 119Mb use, 194Mb max
[job(123): 2016-09-09 20:07:29] 
[job(123): 2016-09-09 20:07:29] optimisation start
[job(123): 2016-09-09 20:07:29] ------------------
[job(123): 2016-09-09 20:07:29] * estimation method   : MLE 
[job(123): 2016-09-09 20:07:29] * optimisation method : BFGS 
[job(123): 2016-09-09 20:07:29] * analytical gradient : used
[job(123): 2016-09-09 20:07:29] * trend model : ~1
[job(123): 2016-09-09 20:07:29] * covariance model : 
[job(123): 2016-09-09 20:07:29]   - type :  matern5_2 
[job(123): 2016-09-09 20:07:29]   - nugget : NO
[job(123): 2016-09-09 20:07:29]   - parameters lower bounds :  1e-10 1e-10 
[job(123): 2016-09-09 20:07:29]   - parameters upper bounds :  44.47185 43.09773 
[job(123): 2016-09-09 20:07:29]   - best initial criterion value(s) :  26.43697 
[job(123): 2016-09-09 20:07:29] 
[job(123): 2016-09-09 20:07:29] N = 2, M = 5 machine precision = 2.22045e-16
[job(123): 2016-09-09 20:07:29] At X0, 0 variables are exactly at the bounds
[job(123): 2016-09-09 20:07:29] At iterate     0  f=      -26.437  |proj g|=        2.096
[job(123): 2016-09-09 20:07:29] At iterate     1  f =      -28.324  |proj g|=       0.82245
[job(123): 2016-09-09 20:07:29] At iterate     2  f =      -28.469  |proj g|=        1.0962
[job(123): 2016-09-09 20:07:29] At iterate     3  f =      -28.636  |proj g|=       0.31397
[job(123): 2016-09-09 20:07:29] At iterate     4  f =      -29.879  |proj g|=        1.2644
[job(123): 2016-09-09 20:07:29] At iterate     5  f =      -29.956  |proj g|=        1.3881
[job(123): 2016-09-09 20:07:29] At iterate     6  f =      -31.091  |proj g|=        1.9711
[job(123): 2016-09-09 20:07:29] At iterate     7  f =      -32.999  |proj g|=        1.0091
[job(123): 2016-09-09 20:07:29] At iterate     8  f =      -33.388  |proj g|=       0.15947
[job(123): 2016-09-09 20:07:29] At iterate     9  f =      -33.462  |proj g|=       0.18583
[job(123): 2016-09-09 20:07:29] At iterate    10  f =      -33.468  |proj g|=      0.017784
[job(123): 2016-09-09 20:07:29] At iterate    11  f =      -33.468  |proj g|=    0.00035735
[job(123): 2016-09-09 20:07:29] At iterate    12  f =      -33.468  |proj g|=    2.7376e-05
[job(123): 2016-09-09 20:07:29] At iterate    13  f =      -33.468  |proj g|=    1.3623e-06
[job(123): 2016-09-09 20:07:29] 
[job(123): 2016-09-09 20:07:29] iterations 13
[job(123): 2016-09-09 20:07:29] function evaluations 20
[job(123): 2016-09-09 20:07:29] segments explored during Cauchy searches 13
[job(123): 2016-09-09 20:07:29] BFGS updates skipped 0
[job(123): 2016-09-09 20:07:29] active bounds at final generalized Cauchy point 0
[job(123): 2016-09-09 20:07:29] norm of the final projected gradient 1.36235e-06
[job(123): 2016-09-09 20:07:29] final function value -33.4676
[job(123): 2016-09-09 20:07:29] 
[job(123): 2016-09-09 20:07:29] F = -33.4676
[job(123): 2016-09-09 20:07:29] final  value -33.467576 
[job(123): 2016-09-09 20:07:29] converged
[job(123): 2016-09-09 20:07:29] [Tune-x] 24: C=1.47e+03; sigma=0.00484
[job(123): 2016-09-09 20:07:29] [Tune-y] 24: acc.test.mean=0.971; time: 0.0 min; memory: 119Mb use, 194Mb max
[job(123): 2016-09-09 20:07:29] 
[job(123): 2016-09-09 20:07:29] optimisation start
[job(123): 2016-09-09 20:07:29] ------------------
[job(123): 2016-09-09 20:07:29] * estimation method   : MLE 
[job(123): 2016-09-09 20:07:29] * optimisation method : BFGS 
[job(123): 2016-09-09 20:07:29] * analytical gradient : used
[job(123): 2016-09-09 20:07:29] * trend model : ~1
[job(123): 2016-09-09 20:07:29] * covariance model : 
[job(123): 2016-09-09 20:07:29]   - type :  matern5_2 
[job(123): 2016-09-09 20:07:29]   - nugget : NO
[job(123): 2016-09-09 20:07:29]   - parameters lower bounds :  1e-10 1e-10 
[job(123): 2016-09-09 20:07:29]   - parameters upper bounds :  44.47185 43.09773 
[job(123): 2016-09-09 20:07:29]   - best initial criterion value(s) :  27.23575 
[job(123): 2016-09-09 20:07:29] 
[job(123): 2016-09-09 20:07:29] N = 2, M = 5 machine precision = 2.22045e-16
[job(123): 2016-09-09 20:07:29] At X0, 0 variables are exactly at the bounds
[job(123): 2016-09-09 20:07:29] At iterate     0  f=      -27.236  |proj g|=       7.4952
[job(123): 2016-09-09 20:07:29] At iterate     1  f =      -34.469  |proj g|=       0.91418
[job(123): 2016-09-09 20:07:29] At iterate     2  f =      -34.644  |proj g|=        0.3128
[job(123): 2016-09-09 20:07:29] At iterate     3  f =      -34.719  |proj g|=       0.34113
[job(123): 2016-09-09 20:07:29] At iterate     4  f =      -34.806  |proj g|=       0.40967
[job(123): 2016-09-09 20:07:29] At iterate     5  f =      -35.098  |proj g|=        1.0506
[job(123): 2016-09-09 20:07:29] At iterate     6  f =      -35.328  |proj g|=       0.87754
[job(123): 2016-09-09 20:07:29] At iterate     7  f =      -35.459  |proj g|=      0.022638
[job(123): 2016-09-09 20:07:29] At iterate     8  f =       -35.46  |proj g|=    0.00035907
[job(123): 2016-09-09 20:07:29] At iterate     9  f =       -35.46  |proj g|=    1.8963e-05
[job(123): 2016-09-09 20:07:29] At iterate    10  f =       -35.46  |proj g|=    9.7299e-09
[job(123): 2016-09-09 20:07:29] 
[job(123): 2016-09-09 20:07:29] iterations 10
[job(123): 2016-09-09 20:07:29] function evaluations 12
[job(123): 2016-09-09 20:07:29] segments explored during Cauchy searches 10
[job(123): 2016-09-09 20:07:29] BFGS updates skipped 0
[job(123): 2016-09-09 20:07:29] active bounds at final generalized Cauchy point 0
[job(123): 2016-09-09 20:07:29] norm of the final projected gradient 9.72993e-09
[job(123): 2016-09-09 20:07:29] final function value -35.4596
[job(123): 2016-09-09 20:07:29] 
[job(123): 2016-09-09 20:07:29] F = -35.4596
[job(123): 2016-09-09 20:07:29] final  value -35.459572 
[job(123): 2016-09-09 20:07:29] converged
[job(123): 2016-09-09 20:07:29] [Tune-x] 25: C=114; sigma=0.0017
[job(123): 2016-09-09 20:07:29] [Tune-y] 25: acc.test.mean=0.968; time: 0.0 min; memory: 119Mb use, 194Mb max
[job(123): 2016-09-09 20:07:29] 
[job(123): 2016-09-09 20:07:29] optimisation start
[job(123): 2016-09-09 20:07:29] ------------------
[job(123): 2016-09-09 20:07:29] * estimation method   : MLE 
[job(123): 2016-09-09 20:07:29] * optimisation method : BFGS 
[job(123): 2016-09-09 20:07:29] * analytical gradient : used
[job(123): 2016-09-09 20:07:29] * trend model : ~1
[job(123): 2016-09-09 20:07:29] * covariance model : 
[job(123): 2016-09-09 20:07:29]   - type :  matern5_2 
[job(123): 2016-09-09 20:07:29]   - nugget : NO
[job(123): 2016-09-09 20:07:29]   - parameters lower bounds :  1e-10 1e-10 
[job(123): 2016-09-09 20:07:29]   - parameters upper bounds :  44.47185 43.09773 
[job(123): 2016-09-09 20:07:29]   - best initial criterion value(s) :  33.18659 
[job(123): 2016-09-09 20:07:29] 
[job(123): 2016-09-09 20:07:29] N = 2, M = 5 machine precision = 2.22045e-16
[job(123): 2016-09-09 20:07:29] At X0, 0 variables are exactly at the bounds
[job(123): 2016-09-09 20:07:29] At iterate     0  f=      -33.187  |proj g|=       1.7886
[job(123): 2016-09-09 20:07:29] At iterate     1  f =      -33.807  |proj g|=       0.31257
[job(123): 2016-09-09 20:07:29] At iterate     2  f =      -33.819  |proj g|=       0.11042
[job(123): 2016-09-09 20:07:29] At iterate     3  f =      -33.821  |proj g|=      0.015511
[job(123): 2016-09-09 20:07:29] At iterate     4  f =      -33.822  |proj g|=      0.033293
[job(123): 2016-09-09 20:07:29] At iterate     5  f =      -33.825  |proj g|=       0.11398
[job(123): 2016-09-09 20:07:29] At iterate     6  f =      -33.827  |proj g|=       0.17059
[job(123): 2016-09-09 20:07:29] At iterate     7  f =      -33.831  |proj g|=      0.093394
[job(123): 2016-09-09 20:07:29] At iterate     8  f =      -33.833  |proj g|=     0.0062148
[job(123): 2016-09-09 20:07:29] At iterate     9  f =      -33.833  |proj g|=     0.0057309
[job(123): 2016-09-09 20:07:29] At iterate    10  f =      -33.833  |proj g|=     0.0033037
[job(123): 2016-09-09 20:07:29] At iterate    11  f =      -33.833  |proj g|=    2.5039e-06
[job(123): 2016-09-09 20:07:29] Bad direction in the line search;
[job(123): 2016-09-09 20:07:29]    refresh the lbfgs memory and restart the iteration.
[job(123): 2016-09-09 20:07:29] Line search cannot locate an adequate point after 20 function
[job(123): 2016-09-09 20:07:29] and gradient evaluations
[job(123): 2016-09-09 20:07:29] final  value -33.832759 
[job(123): 2016-09-09 20:07:29] stopped after 11 iterations
[job(123): 2016-09-09 20:07:29] [Tune-x] 26: C=434; sigma=0.005
[job(123): 2016-09-09 20:07:29] [Tune-y] 26: acc.test.mean=0.976; time: 0.0 min; memory: 119Mb use, 194Mb max
[job(123): 2016-09-09 20:07:29] 
[job(123): 2016-09-09 20:07:29] optimisation start
[job(123): 2016-09-09 20:07:29] ------------------
[job(123): 2016-09-09 20:07:29] * estimation method   : MLE 
[job(123): 2016-09-09 20:07:29] * optimisation method : BFGS 
[job(123): 2016-09-09 20:07:29] * analytical gradient : used
[job(123): 2016-09-09 20:07:29] * trend model : ~1
[job(123): 2016-09-09 20:07:29] * covariance model : 
[job(123): 2016-09-09 20:07:29]   - type :  matern5_2 
[job(123): 2016-09-09 20:07:29]   - nugget : NO
[job(123): 2016-09-09 20:07:29]   - parameters lower bounds :  1e-10 1e-10 
[job(123): 2016-09-09 20:07:29]   - parameters upper bounds :  44.47185 43.09773 
[job(123): 2016-09-09 20:07:29]   - best initial criterion value(s) :  35.75976 
[job(123): 2016-09-09 20:07:29] 
[job(123): 2016-09-09 20:07:29] N = 2, M = 5 machine precision = 2.22045e-16
[job(123): 2016-09-09 20:07:29] At X0, 0 variables are exactly at the bounds
[job(123): 2016-09-09 20:07:29] At iterate     0  f=       -35.76  |proj g|=       2.0091
[job(123): 2016-09-09 20:07:29] At iterate     1  f =       -37.45  |proj g|=          0.92
[job(123): 2016-09-09 20:07:29] At iterate     2  f =      -37.671  |proj g|=       0.18674
[job(123): 2016-09-09 20:07:29] At iterate     3  f =      -37.695  |proj g|=        0.2327
[job(123): 2016-09-09 20:07:29] At iterate     4  f =      -37.744  |proj g|=       0.36943
[job(123): 2016-09-09 20:07:29] At iterate     5  f =      -37.803  |proj g|=       0.77038
[job(123): 2016-09-09 20:07:29] At iterate     6  f =      -37.905  |proj g|=       0.89083
[job(123): 2016-09-09 20:07:29] At iterate     7  f =      -38.202  |proj g|=       0.39139
[job(123): 2016-09-09 20:07:29] At iterate     8  f =      -38.217  |proj g|=       0.14842
[job(123): 2016-09-09 20:07:29] At iterate     9  f =      -38.222  |proj g|=     0.0061385
[job(123): 2016-09-09 20:07:29] At iterate    10  f =      -38.222  |proj g|=    0.00058045
[job(123): 2016-09-09 20:07:29] At iterate    11  f =      -38.222  |proj g|=    9.9203e-06
[job(123): 2016-09-09 20:07:29] 
[job(123): 2016-09-09 20:07:29] iterations 11
[job(123): 2016-09-09 20:07:29] function evaluations 15
[job(123): 2016-09-09 20:07:29] segments explored during Cauchy searches 11
[job(123): 2016-09-09 20:07:29] BFGS updates skipped 0
[job(123): 2016-09-09 20:07:29] active bounds at final generalized Cauchy point 0
[job(123): 2016-09-09 20:07:29] norm of the final projected gradient 9.92033e-06
[job(123): 2016-09-09 20:07:29] final function value -38.2216
[job(123): 2016-09-09 20:07:29] 
[job(123): 2016-09-09 20:07:29] F = -38.2216
[job(123): 2016-09-09 20:07:29] final  value -38.221586 
[job(123): 2016-09-09 20:07:29] converged
[job(123): 2016-09-09 20:07:29] [Tune-x] 27: C=612; sigma=0.00979
[job(123): 2016-09-09 20:07:29] [Tune-y] 27: acc.test.mean=0.976; time: 0.0 min; memory: 119Mb use, 194Mb max
[job(123): 2016-09-09 20:07:29] 
[job(123): 2016-09-09 20:07:29] optimisation start
[job(123): 2016-09-09 20:07:29] ------------------
[job(123): 2016-09-09 20:07:29] * estimation method   : MLE 
[job(123): 2016-09-09 20:07:29] * optimisation method : BFGS 
[job(123): 2016-09-09 20:07:29] * analytical gradient : used
[job(123): 2016-09-09 20:07:29] * trend model : ~1
[job(123): 2016-09-09 20:07:29] * covariance model : 
[job(123): 2016-09-09 20:07:29]   - type :  matern5_2 
[job(123): 2016-09-09 20:07:29]   - nugget : NO
[job(123): 2016-09-09 20:07:29]   - parameters lower bounds :  1e-10 1e-10 
[job(123): 2016-09-09 20:07:29]   - parameters upper bounds :  44.47185 43.09773 
[job(123): 2016-09-09 20:07:29]   - best initial criterion value(s) :  39.19101 
[job(123): 2016-09-09 20:07:29] 
[job(123): 2016-09-09 20:07:29] N = 2, M = 5 machine precision = 2.22045e-16
[job(123): 2016-09-09 20:07:29] At X0, 0 variables are exactly at the bounds
[job(123): 2016-09-09 20:07:29] At iterate     0  f=      -39.191  |proj g|=       1.6165
[job(123): 2016-09-09 20:07:29] At iterate     1  f =      -40.137  |proj g|=       0.17823
[job(123): 2016-09-09 20:07:29] At iterate     2  f =      -40.162  |proj g|=       0.20906
[job(123): 2016-09-09 20:07:29] At iterate     3  f =      -40.265  |proj g|=       0.40901
[job(123): 2016-09-09 20:07:29] At iterate     4  f =      -40.347  |proj g|=       0.93029
[job(123): 2016-09-09 20:07:29] At iterate     5  f =      -40.527  |proj g|=       0.58517
[job(123): 2016-09-09 20:07:29] At iterate     6  f =      -40.695  |proj g|=       0.30934
[job(123): 2016-09-09 20:07:29] At iterate     7  f =      -40.708  |proj g|=      0.029935
[job(123): 2016-09-09 20:07:29] At iterate     8  f =      -40.711  |proj g|=    0.00098477
[job(123): 2016-09-09 20:07:29] At iterate     9  f =      -40.711  |proj g|=    0.00016143
[job(123): 2016-09-09 20:07:29] At iterate    10  f =      -40.711  |proj g|=    4.1865e-06
[job(123): 2016-09-09 20:07:29] 
[job(123): 2016-09-09 20:07:29] iterations 10
[job(123): 2016-09-09 20:07:29] function evaluations 13
[job(123): 2016-09-09 20:07:29] segments explored during Cauchy searches 10
[job(123): 2016-09-09 20:07:29] BFGS updates skipped 0
[job(123): 2016-09-09 20:07:29] active bounds at final generalized Cauchy point 0
[job(123): 2016-09-09 20:07:29] norm of the final projected gradient 4.18655e-06
[job(123): 2016-09-09 20:07:29] final function value -40.7108
[job(123): 2016-09-09 20:07:29] 
[job(123): 2016-09-09 20:07:29] F = -40.7108
[job(123): 2016-09-09 20:07:29] final  value -40.710798 
[job(123): 2016-09-09 20:07:29] converged
[job(123): 2016-09-09 20:07:29] [Tune-x] 28: C=590; sigma=0.00742
[job(123): 2016-09-09 20:07:29] [Tune-y] 28: acc.test.mean=0.976; time: 0.0 min; memory: 119Mb use, 194Mb max
[job(123): 2016-09-09 20:07:29] 
[job(123): 2016-09-09 20:07:29] optimisation start
[job(123): 2016-09-09 20:07:29] ------------------
[job(123): 2016-09-09 20:07:29] * estimation method   : MLE 
[job(123): 2016-09-09 20:07:29] * optimisation method : BFGS 
[job(123): 2016-09-09 20:07:29] * analytical gradient : used
[job(123): 2016-09-09 20:07:29] * trend model : ~1
[job(123): 2016-09-09 20:07:29] * covariance model : 
[job(123): 2016-09-09 20:07:29]   - type :  matern5_2 
[job(123): 2016-09-09 20:07:29]   - nugget : NO
[job(123): 2016-09-09 20:07:29]   - parameters lower bounds :  1e-10 1e-10 
[job(123): 2016-09-09 20:07:29]   - parameters upper bounds :  44.47185 43.09773 
[job(123): 2016-09-09 20:07:29]   - best initial criterion value(s) :  31.35057 
[job(123): 2016-09-09 20:07:29] 
[job(123): 2016-09-09 20:07:29] N = 2, M = 5 machine precision = 2.22045e-16
[job(123): 2016-09-09 20:07:29] At X0, 0 variables are exactly at the bounds
[job(123): 2016-09-09 20:07:29] At iterate     0  f=      -31.351  |proj g|=       2.5708
[job(123): 2016-09-09 20:07:29] At iterate     1  f =      -34.432  |proj g|=        1.8938
[job(123): 2016-09-09 20:07:29] At iterate     2  f =      -34.532  |proj g|=        1.6762
[job(123): 2016-09-09 20:07:29] At iterate     3  f =       -34.83  |proj g|=        1.2805
[job(123): 2016-09-09 20:07:29] At iterate     4  f =      -34.927  |proj g|=        0.4696
[job(123): 2016-09-09 20:07:29] At iterate     5  f =      -36.007  |proj g|=        1.3448
[job(123): 2016-09-09 20:07:29] At iterate     6  f =      -44.577  |proj g|=        1.3257
[job(123): 2016-09-09 20:07:29] At iterate     7  f =      -44.596  |proj g|=        1.1089
[job(123): 2016-09-09 20:07:29] At iterate     8  f =      -44.721  |proj g|=        0.7901
[job(123): 2016-09-09 20:07:29] At iterate     9  f =      -44.873  |proj g|=       0.16674
[job(123): 2016-09-09 20:07:29] At iterate    10  f =      -44.888  |proj g|=      0.061812
[job(123): 2016-09-09 20:07:29] At iterate    11  f =      -44.892  |proj g|=      0.022489
[job(123): 2016-09-09 20:07:29] At iterate    12  f =      -44.892  |proj g|=     0.0055331
[job(123): 2016-09-09 20:07:29] At iterate    13  f =      -44.892  |proj g|=     0.0017283
[job(123): 2016-09-09 20:07:29] At iterate    14  f =      -44.892  |proj g|=    0.00098598
[job(123): 2016-09-09 20:07:29] At iterate    15  f =      -44.892  |proj g|=    4.8664e-07
[job(123): 2016-09-09 20:07:29] At iterate    16  f =      -44.892  |proj g|=    3.5765e-08
[job(123): 2016-09-09 20:07:29] 
[job(123): 2016-09-09 20:07:29] iterations 16
[job(123): 2016-09-09 20:07:29] function evaluations 26
[job(123): 2016-09-09 20:07:29] segments explored during Cauchy searches 17
[job(123): 2016-09-09 20:07:29] BFGS updates skipped 0
[job(123): 2016-09-09 20:07:29] active bounds at final generalized Cauchy point 0
[job(123): 2016-09-09 20:07:29] norm of the final projected gradient 3.57651e-08
[job(123): 2016-09-09 20:07:29] final function value -44.8925
[job(123): 2016-09-09 20:07:29] 
[job(123): 2016-09-09 20:07:29] F = -44.8925
[job(123): 2016-09-09 20:07:29] final  value -44.892484 
[job(123): 2016-09-09 20:07:29] converged
[job(123): 2016-09-09 20:07:29] [Tune] Result: C=434; sigma=0.005 : acc.test.mean=-0.976
[job(123): 2016-09-09 20:07:29] Job terminated successfully
[job(chunk): 2016-09-09 20:07:29] Calculation finished!
