[job(chunk): 2016-09-10 01:14:09] Starting calculation of 1 jobs
[job(chunk): 2016-09-10 01:14:09] Setting working directory to '/naslx/projects/pr74ze/ri89coc2/svm_comparison'
[job(chunk): 2016-09-10 01:14:09] Memory measurement disabled
[job(1594): 2016-09-10 01:14:12] Starting job with job.id=1594
[job(1594): 2016-09-10 01:14:55] Generating problem instance for problem '4340' ...
[job(1594): 2016-09-10 01:14:55] Downloading from 'http://www.openml.org/api/v1/data/4340' to '/tmp/ri89coc2/Rtmp2xEJNT/cache/datasets/4340/description.xml'.
[job(1594): 2016-09-10 01:14:55] Downloading from 'http://www.openml.org/data/download/1786606/phps1v09j' to '/tmp/ri89coc2/Rtmp2xEJNT/cache/datasets/4340/dataset.arff'
[job(1594): 2016-09-10 01:14:55] Loading required package: readr
[job(1594): 2016-09-10 01:14:55] Applying algorithm 'C-svc.tuned' on problem '4340' ...
[job(1594): 2016-09-10 01:14:55] Data '4340' file 'description.xml' found in cache.
[job(1594): 2016-09-10 01:14:55] Data '4340' file 'dataset.arff' found in cache.
[job(1594): 2016-09-10 01:14:55] [Tune] Started tuning learner C-svc for parameter set:
[job(1594): 2016-09-10 01:14:55]          Type len Def    Constr Req Tunable Trafo
[job(1594): 2016-09-10 01:14:55] C     numeric   -   - -12 to 12   -    TRUE     Y
[job(1594): 2016-09-10 01:14:55] sigma numeric   -   - -12 to 12   -    TRUE     Y
[job(1594): 2016-09-10 01:14:55] With control class: TuneControlMBO
[job(1594): 2016-09-10 01:14:55] Imputation value: -0
[job(1594): 2016-09-10 01:14:55] [Tune-x] 1: C=3.11; sigma=0.0472
[job(1594): 2016-09-10 01:14:55] [Tune-y] 1: acc.test.mean=0.89; time: 0.0 min; memory: 113Mb use, 143Mb max
[job(1594): 2016-09-10 01:14:55] [Tune-x] 2: C=12.8; sigma=62.7
[job(1594): 2016-09-10 01:14:55] [Tune-y] 2: acc.test.mean=0.684; time: 0.0 min; memory: 113Mb use, 145Mb max
[job(1594): 2016-09-10 01:14:55] [Tune-x] 3: C=0.0699; sigma=0.371
[job(1594): 2016-09-10 01:14:55] [Tune-y] 3: acc.test.mean=0.817; time: 0.0 min; memory: 113Mb use, 145Mb max
[job(1594): 2016-09-10 01:14:55] [Tune-x] 4: C=0.0123; sigma=3.39e+03
[job(1594): 2016-09-10 01:14:55] [Tune-y] 4: acc.test.mean=0.678; time: 0.0 min; memory: 113Mb use, 145Mb max
[job(1594): 2016-09-10 01:14:55] [Tune-x] 5: C=1.87e+03; sigma=0.00952
[job(1594): 2016-09-10 01:14:55] [Tune-y] 5: acc.test.mean=0.925; time: 0.0 min; memory: 113Mb use, 145Mb max
[job(1594): 2016-09-10 01:14:55] [Tune-x] 6: C=0.000532; sigma=7.25
[job(1594): 2016-09-10 01:14:55] [Tune-y] 6: acc.test.mean=0.678; time: 0.0 min; memory: 113Mb use, 145Mb max
[job(1594): 2016-09-10 01:14:55] [Tune-x] 7: C=0.389; sigma=0.000351
[job(1594): 2016-09-10 01:14:55] [Tune-y] 7: acc.test.mean=0.678; time: 0.0 min; memory: 113Mb use, 145Mb max
[job(1594): 2016-09-10 01:14:55] [Tune-x] 8: C=130; sigma=252
[job(1594): 2016-09-10 01:14:55] [Tune-y] 8: acc.test.mean=0.678; time: 0.0 min; memory: 113Mb use, 146Mb max
[job(1594): 2016-09-10 01:14:55] 
[job(1594): 2016-09-10 01:14:55] optimisation start
[job(1594): 2016-09-10 01:14:55] ------------------
[job(1594): 2016-09-10 01:14:55] * estimation method   : MLE 
[job(1594): 2016-09-10 01:14:55] * optimisation method : BFGS 
[job(1594): 2016-09-10 01:14:55] * analytical gradient : used
[job(1594): 2016-09-10 01:14:55] * trend model : ~1
[job(1594): 2016-09-10 01:14:55] * covariance model : 
[job(1594): 2016-09-10 01:14:55]   - type :  matern5_2 
[job(1594): 2016-09-10 01:14:55]   - nugget : NO
[job(1594): 2016-09-10 01:14:55]   - parameters lower bounds :  1e-10 1e-10 
[job(1594): 2016-09-10 01:14:55]   - parameters upper bounds :  43.49823 46.41125 
[job(1594): 2016-09-10 01:14:55]   - best initial criterion value(s) :  9.865868 
[job(1594): 2016-09-10 01:14:55] 
[job(1594): 2016-09-10 01:14:55] N = 2, M = 5 machine precision = 2.22045e-16
[job(1594): 2016-09-10 01:14:55] At X0, 0 variables are exactly at the bounds
[job(1594): 2016-09-10 01:14:55] At iterate     0  f=      -9.8659  |proj g|=      0.17336
[job(1594): 2016-09-10 01:14:55] At iterate     1  f =      -9.8951  |proj g|=       0.16228
[job(1594): 2016-09-10 01:14:55] At iterate     2  f =      -10.137  |proj g|=      0.024492
[job(1594): 2016-09-10 01:14:55] At iterate     3  f =      -10.147  |proj g|=      0.024589
[job(1594): 2016-09-10 01:14:55] At iterate     4  f =      -10.255  |proj g|=      0.035623
[job(1594): 2016-09-10 01:14:55] At iterate     5  f =      -10.306  |proj g|=      0.019006
[job(1594): 2016-09-10 01:14:55] At iterate     6  f =      -10.321  |proj g|=     0.0044839
[job(1594): 2016-09-10 01:14:55] At iterate     7  f =      -10.322  |proj g|=     0.0010531
[job(1594): 2016-09-10 01:14:55] At iterate     8  f =      -10.322  |proj g|=    3.0967e-06
[job(1594): 2016-09-10 01:14:55] At iterate     9  f =      -10.322  |proj g|=    2.2448e-09
[job(1594): 2016-09-10 01:14:55] 
[job(1594): 2016-09-10 01:14:55] iterations 9
[job(1594): 2016-09-10 01:14:55] function evaluations 10
[job(1594): 2016-09-10 01:14:55] segments explored during Cauchy searches 9
[job(1594): 2016-09-10 01:14:55] BFGS updates skipped 0
[job(1594): 2016-09-10 01:14:55] active bounds at final generalized Cauchy point 1
[job(1594): 2016-09-10 01:14:55] norm of the final projected gradient 2.24483e-09
[job(1594): 2016-09-10 01:14:55] final function value -10.3216
[job(1594): 2016-09-10 01:14:55] 
[job(1594): 2016-09-10 01:14:55] F = -10.3216
[job(1594): 2016-09-10 01:14:55] final  value -10.321583 
[job(1594): 2016-09-10 01:14:55] converged
[job(1594): 2016-09-10 01:14:55] [Tune-x] 9: C=4.09e+03; sigma=0.0379
[job(1594): 2016-09-10 01:14:55] [Tune-y] 9: acc.test.mean=0.916; time: 0.0 min; memory: 117Mb use, 150Mb max
[job(1594): 2016-09-10 01:14:55] 
[job(1594): 2016-09-10 01:14:55] optimisation start
[job(1594): 2016-09-10 01:14:55] ------------------
[job(1594): 2016-09-10 01:14:55] * estimation method   : MLE 
[job(1594): 2016-09-10 01:14:55] * optimisation method : BFGS 
[job(1594): 2016-09-10 01:14:55] * analytical gradient : used
[job(1594): 2016-09-10 01:14:55] * trend model : ~1
[job(1594): 2016-09-10 01:14:55] * covariance model : 
[job(1594): 2016-09-10 01:14:55]   - type :  matern5_2 
[job(1594): 2016-09-10 01:14:55]   - nugget : NO
[job(1594): 2016-09-10 01:14:55]   - parameters lower bounds :  1e-10 1e-10 
[job(1594): 2016-09-10 01:14:55]   - parameters upper bounds :  45.75078 46.41125 
[job(1594): 2016-09-10 01:14:55]   - best initial criterion value(s) :  12.49166 
[job(1594): 2016-09-10 01:14:55] 
[job(1594): 2016-09-10 01:14:55] N = 2, M = 5 machine precision = 2.22045e-16
[job(1594): 2016-09-10 01:14:55] At X0, 0 variables are exactly at the bounds
[job(1594): 2016-09-10 01:14:55] At iterate     0  f=      -12.492  |proj g|=      0.21441
[job(1594): 2016-09-10 01:14:55] At iterate     1  f =      -12.536  |proj g|=       0.19987
[job(1594): 2016-09-10 01:14:55] At iterate     2  f =      -12.725  |proj g|=      0.016314
[job(1594): 2016-09-10 01:14:55] At iterate     3  f =      -12.728  |proj g|=      0.016145
[job(1594): 2016-09-10 01:14:55] At iterate     4  f =      -12.742  |proj g|=      0.037245
[job(1594): 2016-09-10 01:14:55] At iterate     5  f =      -12.799  |proj g|=      0.071439
[job(1594): 2016-09-10 01:14:55] At iterate     6  f =      -12.808  |proj g|=      0.033152
[job(1594): 2016-09-10 01:14:55] At iterate     7  f =      -12.811  |proj g|=     0.0024565
[job(1594): 2016-09-10 01:14:55] At iterate     8  f =      -12.811  |proj g|=    9.4901e-05
[job(1594): 2016-09-10 01:14:55] At iterate     9  f =      -12.811  |proj g|=    2.8864e-07
[job(1594): 2016-09-10 01:14:55] 
[job(1594): 2016-09-10 01:14:55] iterations 9
[job(1594): 2016-09-10 01:14:55] function evaluations 12
[job(1594): 2016-09-10 01:14:55] segments explored during Cauchy searches 9
[job(1594): 2016-09-10 01:14:55] BFGS updates skipped 0
[job(1594): 2016-09-10 01:14:55] active bounds at final generalized Cauchy point 1
[job(1594): 2016-09-10 01:14:55] norm of the final projected gradient 2.88642e-07
[job(1594): 2016-09-10 01:14:55] final function value -12.811
[job(1594): 2016-09-10 01:14:55] 
[job(1594): 2016-09-10 01:14:55] F = -12.811
[job(1594): 2016-09-10 01:14:55] final  value -12.810997 
[job(1594): 2016-09-10 01:14:55] converged
[job(1594): 2016-09-10 01:14:55] [Tune-x] 10: C=4.1e+03; sigma=0.0146
[job(1594): 2016-09-10 01:14:55] [Tune-y] 10: acc.test.mean=0.887; time: 0.0 min; memory: 117Mb use, 156Mb max
[job(1594): 2016-09-10 01:14:55] 
[job(1594): 2016-09-10 01:14:55] optimisation start
[job(1594): 2016-09-10 01:14:55] ------------------
[job(1594): 2016-09-10 01:14:55] * estimation method   : MLE 
[job(1594): 2016-09-10 01:14:55] * optimisation method : BFGS 
[job(1594): 2016-09-10 01:14:55] * analytical gradient : used
[job(1594): 2016-09-10 01:14:55] * trend model : ~1
[job(1594): 2016-09-10 01:14:55] * covariance model : 
[job(1594): 2016-09-10 01:14:55]   - type :  matern5_2 
[job(1594): 2016-09-10 01:14:55]   - nugget : NO
[job(1594): 2016-09-10 01:14:55]   - parameters lower bounds :  1e-10 1e-10 
[job(1594): 2016-09-10 01:14:55]   - parameters upper bounds :  45.75315 46.41125 
[job(1594): 2016-09-10 01:14:55]   - best initial criterion value(s) :  10.65512 
[job(1594): 2016-09-10 01:14:55] 
[job(1594): 2016-09-10 01:14:55] N = 2, M = 5 machine precision = 2.22045e-16
[job(1594): 2016-09-10 01:14:55] At X0, 0 variables are exactly at the bounds
[job(1594): 2016-09-10 01:14:55] At iterate     0  f=      -10.655  |proj g|=       2.7772
[job(1594): 2016-09-10 01:14:55] At iterate     1  f =      -11.728  |proj g|=       0.14016
[job(1594): 2016-09-10 01:14:55] At iterate     2  f =      -11.732  |proj g|=      0.036566
[job(1594): 2016-09-10 01:14:55] At iterate     3  f =      -11.732  |proj g|=     0.0037445
[job(1594): 2016-09-10 01:14:55] At iterate     4  f =      -11.732  |proj g|=     0.0037255
[job(1594): 2016-09-10 01:14:55] At iterate     5  f =      -11.732  |proj g|=      0.019471
[job(1594): 2016-09-10 01:14:55] At iterate     6  f =      -11.733  |proj g|=      0.042627
[job(1594): 2016-09-10 01:14:55] At iterate     7  f =      -11.734  |proj g|=      0.077883
[job(1594): 2016-09-10 01:14:55] At iterate     8  f =      -11.737  |proj g|=       0.11904
[job(1594): 2016-09-10 01:14:55] At iterate     9  f =      -11.739  |proj g|=       0.10045
[job(1594): 2016-09-10 01:14:55] At iterate    10  f =      -11.741  |proj g|=    0.00056184
[job(1594): 2016-09-10 01:14:55] At iterate    11  f =      -11.741  |proj g|=    1.2448e-05
[job(1594): 2016-09-10 01:14:55] At iterate    12  f =      -11.741  |proj g|=    1.4904e-09
[job(1594): 2016-09-10 01:14:55] 
[job(1594): 2016-09-10 01:14:55] iterations 12
[job(1594): 2016-09-10 01:14:55] function evaluations 15
[job(1594): 2016-09-10 01:14:55] segments explored during Cauchy searches 12
[job(1594): 2016-09-10 01:14:55] BFGS updates skipped 0
[job(1594): 2016-09-10 01:14:55] active bounds at final generalized Cauchy point 1
[job(1594): 2016-09-10 01:14:55] norm of the final projected gradient 1.49042e-09
[job(1594): 2016-09-10 01:14:55] final function value -11.7412
[job(1594): 2016-09-10 01:14:55] 
[job(1594): 2016-09-10 01:14:55] F = -11.7412
[job(1594): 2016-09-10 01:14:55] final  value -11.741245 
[job(1594): 2016-09-10 01:14:55] converged
[job(1594): 2016-09-10 01:14:55] [Tune-x] 11: C=3.45e+03; sigma=0.00749
[job(1594): 2016-09-10 01:14:55] [Tune-y] 11: acc.test.mean=0.907; time: 0.0 min; memory: 117Mb use, 157Mb max
[job(1594): 2016-09-10 01:14:55] 
[job(1594): 2016-09-10 01:14:55] optimisation start
[job(1594): 2016-09-10 01:14:55] ------------------
[job(1594): 2016-09-10 01:14:55] * estimation method   : MLE 
[job(1594): 2016-09-10 01:14:55] * optimisation method : BFGS 
[job(1594): 2016-09-10 01:14:55] * analytical gradient : used
[job(1594): 2016-09-10 01:14:55] * trend model : ~1
[job(1594): 2016-09-10 01:14:55] * covariance model : 
[job(1594): 2016-09-10 01:14:55]   - type :  matern5_2 
[job(1594): 2016-09-10 01:14:55]   - nugget : NO
[job(1594): 2016-09-10 01:14:55]   - parameters lower bounds :  1e-10 1e-10 
[job(1594): 2016-09-10 01:14:55]   - parameters upper bounds :  45.75315 46.41125 
[job(1594): 2016-09-10 01:14:55]   - best initial criterion value(s) :  13.71727 
[job(1594): 2016-09-10 01:14:55] 
[job(1594): 2016-09-10 01:14:55] N = 2, M = 5 machine precision = 2.22045e-16
[job(1594): 2016-09-10 01:14:55] At X0, 0 variables are exactly at the bounds
[job(1594): 2016-09-10 01:14:55] At iterate     0  f=      -13.717  |proj g|=       1.5715
[job(1594): 2016-09-10 01:14:55] At iterate     1  f =       -13.87  |proj g|=        0.9809
[job(1594): 2016-09-10 01:14:55] At iterate     2  f =      -13.933  |proj g|=       0.18888
[job(1594): 2016-09-10 01:14:55] At iterate     3  f =      -13.936  |proj g|=      0.020961
[job(1594): 2016-09-10 01:14:55] At iterate     4  f =      -13.936  |proj g|=      0.020992
[job(1594): 2016-09-10 01:14:55] At iterate     5  f =      -13.936  |proj g|=      0.047907
[job(1594): 2016-09-10 01:14:55] At iterate     6  f =      -13.937  |proj g|=        0.1055
[job(1594): 2016-09-10 01:14:55] At iterate     7  f =       -13.94  |proj g|=       0.21065
[job(1594): 2016-09-10 01:14:55] At iterate     8  f =      -13.947  |proj g|=       0.36269
[job(1594): 2016-09-10 01:14:55] At iterate     9  f =      -13.963  |proj g|=       0.57355
[job(1594): 2016-09-10 01:14:55] At iterate    10  f =      -13.997  |proj g|=       0.78056
[job(1594): 2016-09-10 01:14:55] At iterate    11  f =      -14.068  |proj g|=       0.78134
[job(1594): 2016-09-10 01:14:55] At iterate    12  f =      -14.074  |proj g|=       0.69023
[job(1594): 2016-09-10 01:14:55] At iterate    13  f =      -14.156  |proj g|=    0.00096419
[job(1594): 2016-09-10 01:14:55] At iterate    14  f =      -14.156  |proj g|=    9.8967e-05
[job(1594): 2016-09-10 01:14:55] At iterate    15  f =      -14.156  |proj g|=    2.6311e-09
[job(1594): 2016-09-10 01:14:55] 
[job(1594): 2016-09-10 01:14:55] iterations 15
[job(1594): 2016-09-10 01:14:55] function evaluations 19
[job(1594): 2016-09-10 01:14:55] segments explored during Cauchy searches 16
[job(1594): 2016-09-10 01:14:55] BFGS updates skipped 0
[job(1594): 2016-09-10 01:14:55] active bounds at final generalized Cauchy point 1
[job(1594): 2016-09-10 01:14:55] norm of the final projected gradient 2.63105e-09
[job(1594): 2016-09-10 01:14:55] final function value -14.1562
[job(1594): 2016-09-10 01:14:55] 
[job(1594): 2016-09-10 01:14:55] F = -14.1562
[job(1594): 2016-09-10 01:14:55] final  value -14.156213 
[job(1594): 2016-09-10 01:14:55] converged
[job(1594): 2016-09-10 01:14:55] [Tune-x] 12: C=640; sigma=0.00951
[job(1594): 2016-09-10 01:14:55] [Tune-y] 12: acc.test.mean=0.904; time: 0.0 min; memory: 117Mb use, 158Mb max
[job(1594): 2016-09-10 01:14:55] 
[job(1594): 2016-09-10 01:14:55] optimisation start
[job(1594): 2016-09-10 01:14:55] ------------------
[job(1594): 2016-09-10 01:14:55] * estimation method   : MLE 
[job(1594): 2016-09-10 01:14:55] * optimisation method : BFGS 
[job(1594): 2016-09-10 01:14:55] * analytical gradient : used
[job(1594): 2016-09-10 01:14:55] * trend model : ~1
[job(1594): 2016-09-10 01:14:55] * covariance model : 
[job(1594): 2016-09-10 01:14:55]   - type :  matern5_2 
[job(1594): 2016-09-10 01:14:55]   - nugget : NO
[job(1594): 2016-09-10 01:14:55]   - parameters lower bounds :  1e-10 1e-10 
[job(1594): 2016-09-10 01:14:55]   - parameters upper bounds :  45.75315 46.41125 
[job(1594): 2016-09-10 01:14:55]   - best initial criterion value(s) :  12.39325 
[job(1594): 2016-09-10 01:14:55] 
[job(1594): 2016-09-10 01:14:55] N = 2, M = 5 machine precision = 2.22045e-16
[job(1594): 2016-09-10 01:14:55] At X0, 0 variables are exactly at the bounds
[job(1594): 2016-09-10 01:14:55] At iterate     0  f=      -12.393  |proj g|=      0.21268
[job(1594): 2016-09-10 01:14:55] At iterate     1  f =        -12.4  |proj g|=       0.14548
[job(1594): 2016-09-10 01:14:55] At iterate     2  f =      -14.288  |proj g|=       0.87471
[job(1594): 2016-09-10 01:14:55] At iterate     3  f =      -15.209  |proj g|=        1.4229
[job(1594): 2016-09-10 01:14:55] At iterate     4  f =      -15.279  |proj g|=        0.5877
[job(1594): 2016-09-10 01:14:55] At iterate     5  f =      -15.317  |proj g|=      0.056626
[job(1594): 2016-09-10 01:14:55] At iterate     6  f =      -15.317  |proj g|=     0.0084801
[job(1594): 2016-09-10 01:14:55] At iterate     7  f =      -15.317  |proj g|=    0.00016058
[job(1594): 2016-09-10 01:14:55] At iterate     8  f =      -15.317  |proj g|=    8.2408e-05
[job(1594): 2016-09-10 01:14:55] At iterate     9  f =      -15.317  |proj g|=    5.1177e-05
[job(1594): 2016-09-10 01:14:55] 
[job(1594): 2016-09-10 01:14:55] iterations 9
[job(1594): 2016-09-10 01:14:55] function evaluations 20
[job(1594): 2016-09-10 01:14:55] segments explored during Cauchy searches 9
[job(1594): 2016-09-10 01:14:55] BFGS updates skipped 0
[job(1594): 2016-09-10 01:14:55] active bounds at final generalized Cauchy point 0
[job(1594): 2016-09-10 01:14:55] norm of the final projected gradient 5.11765e-05
[job(1594): 2016-09-10 01:14:55] final function value -15.3168
[job(1594): 2016-09-10 01:14:55] 
[job(1594): 2016-09-10 01:14:55] F = -15.3168
[job(1594): 2016-09-10 01:14:55] final  value -15.316817 
[job(1594): 2016-09-10 01:14:55] converged
[job(1594): 2016-09-10 01:14:55] [Tune-x] 13: C=4.09e+03; sigma=0.00967
[job(1594): 2016-09-10 01:14:55] [Tune-y] 13: acc.test.mean=0.91; time: 0.0 min; memory: 117Mb use, 158Mb max
[job(1594): 2016-09-10 01:14:55] 
[job(1594): 2016-09-10 01:14:55] optimisation start
[job(1594): 2016-09-10 01:14:55] ------------------
[job(1594): 2016-09-10 01:14:55] * estimation method   : MLE 
[job(1594): 2016-09-10 01:14:55] * optimisation method : BFGS 
[job(1594): 2016-09-10 01:14:55] * analytical gradient : used
[job(1594): 2016-09-10 01:14:55] * trend model : ~1
[job(1594): 2016-09-10 01:14:55] * covariance model : 
[job(1594): 2016-09-10 01:14:55]   - type :  matern5_2 
[job(1594): 2016-09-10 01:14:55]   - nugget : NO
[job(1594): 2016-09-10 01:14:55]   - parameters lower bounds :  1e-10 1e-10 
[job(1594): 2016-09-10 01:14:55]   - parameters upper bounds :  45.75315 46.41125 
[job(1594): 2016-09-10 01:14:55]   - best initial criterion value(s) :  9.754071 
[job(1594): 2016-09-10 01:14:55] 
[job(1594): 2016-09-10 01:14:55] N = 2, M = 5 machine precision = 2.22045e-16
[job(1594): 2016-09-10 01:14:55] At X0, 0 variables are exactly at the bounds
[job(1594): 2016-09-10 01:14:55] At iterate     0  f=      -9.7541  |proj g|=       1.1864
[job(1594): 2016-09-10 01:14:55] At iterate     1  f =      -11.031  |proj g|=        1.0435
[job(1594): 2016-09-10 01:14:55] At iterate     2  f =      -14.147  |proj g|=        3.2408
[job(1594): 2016-09-10 01:14:55] At iterate     3  f =      -17.421  |proj g|=        2.3423
[job(1594): 2016-09-10 01:14:55] At iterate     4  f =      -18.605  |proj g|=       0.17072
[job(1594): 2016-09-10 01:14:55] At iterate     5  f =      -18.635  |proj g|=       0.10623
[job(1594): 2016-09-10 01:14:55] At iterate     6  f =      -18.636  |proj g|=      0.015587
[job(1594): 2016-09-10 01:14:55] At iterate     7  f =      -18.636  |proj g|=    7.2497e-06
[job(1594): 2016-09-10 01:14:55] At iterate     8  f =      -18.636  |proj g|=    1.3024e-07
[job(1594): 2016-09-10 01:14:55] 
[job(1594): 2016-09-10 01:14:55] iterations 8
[job(1594): 2016-09-10 01:14:55] function evaluations 11
[job(1594): 2016-09-10 01:14:55] segments explored during Cauchy searches 8
[job(1594): 2016-09-10 01:14:55] BFGS updates skipped 0
[job(1594): 2016-09-10 01:14:55] active bounds at final generalized Cauchy point 0
[job(1594): 2016-09-10 01:14:55] norm of the final projected gradient 1.30236e-07
[job(1594): 2016-09-10 01:14:55] final function value -18.6358
[job(1594): 2016-09-10 01:14:55] 
[job(1594): 2016-09-10 01:14:55] F = -18.6358
[job(1594): 2016-09-10 01:14:55] final  value -18.635782 
[job(1594): 2016-09-10 01:14:55] converged
[job(1594): 2016-09-10 01:14:55] [Tune-x] 14: C=1.72e+03; sigma=0.0428
[job(1594): 2016-09-10 01:14:55] [Tune-y] 14: acc.test.mean=0.91; time: 0.0 min; memory: 117Mb use, 158Mb max
[job(1594): 2016-09-10 01:14:55] 
[job(1594): 2016-09-10 01:14:55] optimisation start
[job(1594): 2016-09-10 01:14:55] ------------------
[job(1594): 2016-09-10 01:14:55] * estimation method   : MLE 
[job(1594): 2016-09-10 01:14:55] * optimisation method : BFGS 
[job(1594): 2016-09-10 01:14:55] * analytical gradient : used
[job(1594): 2016-09-10 01:14:55] * trend model : ~1
[job(1594): 2016-09-10 01:14:55] * covariance model : 
[job(1594): 2016-09-10 01:14:55]   - type :  matern5_2 
[job(1594): 2016-09-10 01:14:55]   - nugget : NO
[job(1594): 2016-09-10 01:14:55]   - parameters lower bounds :  1e-10 1e-10 
[job(1594): 2016-09-10 01:14:55]   - parameters upper bounds :  45.75315 46.41125 
[job(1594): 2016-09-10 01:14:55]   - best initial criterion value(s) :  14.37113 
[job(1594): 2016-09-10 01:14:55] 
[job(1594): 2016-09-10 01:14:55] N = 2, M = 5 machine precision = 2.22045e-16
[job(1594): 2016-09-10 01:14:55] At X0, 0 variables are exactly at the bounds
[job(1594): 2016-09-10 01:14:55] At iterate     0  f=      -14.371  |proj g|=       10.603
[job(1594): 2016-09-10 01:14:55] At iterate     1  f =      -14.998  |proj g|=        4.9875
[job(1594): 2016-09-10 01:14:55] At iterate     2  f =      -15.091  |proj g|=       0.31427
[job(1594): 2016-09-10 01:14:55] At iterate     3  f =      -15.092  |proj g|=       0.11402
[job(1594): 2016-09-10 01:14:55] At iterate     4  f =      -15.094  |proj g|=       0.21769
[job(1594): 2016-09-10 01:14:55] At iterate     5  f =      -15.121  |proj g|=       0.23066
[job(1594): 2016-09-10 01:14:55] At iterate     6  f =      -15.175  |proj g|=       0.24156
[job(1594): 2016-09-10 01:14:55] At iterate     7  f =      -15.332  |proj g|=       0.25863
[job(1594): 2016-09-10 01:14:55] At iterate     8  f =      -16.593  |proj g|=        6.6234
[job(1594): 2016-09-10 01:14:55] At iterate     9  f =      -16.625  |proj g|=        6.8756
[job(1594): 2016-09-10 01:14:55] At iterate    10  f =      -19.463  |proj g|=        1.2992
[job(1594): 2016-09-10 01:14:55] At iterate    11  f =      -20.749  |proj g|=       0.93728
[job(1594): 2016-09-10 01:14:55] At iterate    12  f =      -21.198  |proj g|=        0.1086
[job(1594): 2016-09-10 01:14:55] At iterate    13  f =      -21.199  |proj g|=      0.022588
[job(1594): 2016-09-10 01:14:55] At iterate    14  f =      -21.199  |proj g|=    0.00019226
[job(1594): 2016-09-10 01:14:55] At iterate    15  f =      -21.199  |proj g|=    4.8699e-06
[job(1594): 2016-09-10 01:14:55] 
[job(1594): 2016-09-10 01:14:55] iterations 15
[job(1594): 2016-09-10 01:14:55] function evaluations 25
[job(1594): 2016-09-10 01:14:55] segments explored during Cauchy searches 15
[job(1594): 2016-09-10 01:14:55] BFGS updates skipped 0
[job(1594): 2016-09-10 01:14:55] active bounds at final generalized Cauchy point 0
[job(1594): 2016-09-10 01:14:55] norm of the final projected gradient 4.8699e-06
[job(1594): 2016-09-10 01:14:55] final function value -21.1992
[job(1594): 2016-09-10 01:14:55] 
[job(1594): 2016-09-10 01:14:55] F = -21.1992
[job(1594): 2016-09-10 01:14:55] final  value -21.199237 
[job(1594): 2016-09-10 01:14:55] converged
[job(1594): 2016-09-10 01:14:55] [Tune-x] 15: C=1.78e+03; sigma=0.00929
[job(1594): 2016-09-10 01:14:55] [Tune-y] 15: acc.test.mean=0.913; time: 0.0 min; memory: 117Mb use, 158Mb max
[job(1594): 2016-09-10 01:14:55] 
[job(1594): 2016-09-10 01:14:55] optimisation start
[job(1594): 2016-09-10 01:14:55] ------------------
[job(1594): 2016-09-10 01:14:55] * estimation method   : MLE 
[job(1594): 2016-09-10 01:14:55] * optimisation method : BFGS 
[job(1594): 2016-09-10 01:14:55] * analytical gradient : used
[job(1594): 2016-09-10 01:14:55] * trend model : ~1
[job(1594): 2016-09-10 01:14:55] * covariance model : 
[job(1594): 2016-09-10 01:14:55]   - type :  matern5_2 
[job(1594): 2016-09-10 01:14:55]   - nugget : NO
[job(1594): 2016-09-10 01:14:55]   - parameters lower bounds :  1e-10 1e-10 
[job(1594): 2016-09-10 01:14:55]   - parameters upper bounds :  45.75315 46.41125 
[job(1594): 2016-09-10 01:14:55]   - best initial criterion value(s) :  -13.38751 
[job(1594): 2016-09-10 01:14:55] 
[job(1594): 2016-09-10 01:14:55] N = 2, M = 5 machine precision = 2.22045e-16
[job(1594): 2016-09-10 01:14:55] At X0, 0 variables are exactly at the bounds
[job(1594): 2016-09-10 01:14:55] At iterate     0  f=       13.388  |proj g|=       1.8078
[job(1594): 2016-09-10 01:14:55] At iterate     1  f =       9.7172  |proj g|=        2.1295
[job(1594): 2016-09-10 01:14:55] ys=-6.338e-01  -gs= 3.352e+00, BFGS update SKIPPED
[job(1594): 2016-09-10 01:14:55] At iterate     2  f =      -12.422  |proj g|=             0
[job(1594): 2016-09-10 01:14:55] 
[job(1594): 2016-09-10 01:14:55] iterations 2
[job(1594): 2016-09-10 01:14:55] function evaluations 4
[job(1594): 2016-09-10 01:14:55] segments explored during Cauchy searches 2
[job(1594): 2016-09-10 01:14:55] BFGS updates skipped 1
[job(1594): 2016-09-10 01:14:55] active bounds at final generalized Cauchy point 0
[job(1594): 2016-09-10 01:14:55] norm of the final projected gradient 0
[job(1594): 2016-09-10 01:14:55] final function value -12.4223
[job(1594): 2016-09-10 01:14:55] 
[job(1594): 2016-09-10 01:14:55] F = -12.4223
[job(1594): 2016-09-10 01:14:55] final  value -12.422332 
[job(1594): 2016-09-10 01:14:55] converged
[job(1594): 2016-09-10 01:14:55] [Tune-x] 16: C=0.00085; sigma=2.13
[job(1594): 2016-09-10 01:14:55] [Tune-y] 16: acc.test.mean=0.678; time: 0.0 min; memory: 117Mb use, 158Mb max
[job(1594): 2016-09-10 01:14:55] 
[job(1594): 2016-09-10 01:14:55] optimisation start
[job(1594): 2016-09-10 01:14:55] ------------------
[job(1594): 2016-09-10 01:14:55] * estimation method   : MLE 
[job(1594): 2016-09-10 01:14:55] * optimisation method : BFGS 
[job(1594): 2016-09-10 01:14:55] * analytical gradient : used
[job(1594): 2016-09-10 01:14:55] * trend model : ~1
[job(1594): 2016-09-10 01:14:55] * covariance model : 
[job(1594): 2016-09-10 01:14:55]   - type :  matern5_2 
[job(1594): 2016-09-10 01:14:55]   - nugget : NO
[job(1594): 2016-09-10 01:14:55]   - parameters lower bounds :  1e-10 1e-10 
[job(1594): 2016-09-10 01:14:55]   - parameters upper bounds :  45.75315 46.41125 
[job(1594): 2016-09-10 01:14:55]   - best initial criterion value(s) :  7.924291 
[job(1594): 2016-09-10 01:14:55] 
[job(1594): 2016-09-10 01:14:55] N = 2, M = 5 machine precision = 2.22045e-16
[job(1594): 2016-09-10 01:14:55] At X0, 0 variables are exactly at the bounds
[job(1594): 2016-09-10 01:14:55] At iterate     0  f=      -7.9243  |proj g|=       1.8325
[job(1594): 2016-09-10 01:14:55] At iterate     1  f =      -12.856  |proj g|=             0
[job(1594): 2016-09-10 01:14:55] 
[job(1594): 2016-09-10 01:14:55] iterations 1
[job(1594): 2016-09-10 01:14:55] function evaluations 2
[job(1594): 2016-09-10 01:14:55] segments explored during Cauchy searches 2
[job(1594): 2016-09-10 01:14:55] BFGS updates skipped 0
[job(1594): 2016-09-10 01:14:55] active bounds at final generalized Cauchy point 1
[job(1594): 2016-09-10 01:14:55] norm of the final projected gradient 0
[job(1594): 2016-09-10 01:14:55] final function value -12.8556
[job(1594): 2016-09-10 01:14:55] 
[job(1594): 2016-09-10 01:14:55] F = -12.8556
[job(1594): 2016-09-10 01:14:55] final  value -12.855604 
[job(1594): 2016-09-10 01:14:55] converged
[job(1594): 2016-09-10 01:14:55] [Tune-x] 17: C=277; sigma=125
[job(1594): 2016-09-10 01:14:55] [Tune-y] 17: acc.test.mean=0.678; time: 0.0 min; memory: 117Mb use, 158Mb max
[job(1594): 2016-09-10 01:14:55] 
[job(1594): 2016-09-10 01:14:55] optimisation start
[job(1594): 2016-09-10 01:14:55] ------------------
[job(1594): 2016-09-10 01:14:55] * estimation method   : MLE 
[job(1594): 2016-09-10 01:14:55] * optimisation method : BFGS 
[job(1594): 2016-09-10 01:14:55] * analytical gradient : used
[job(1594): 2016-09-10 01:14:55] * trend model : ~1
[job(1594): 2016-09-10 01:14:55] * covariance model : 
[job(1594): 2016-09-10 01:14:55]   - type :  matern5_2 
[job(1594): 2016-09-10 01:14:55]   - nugget : NO
[job(1594): 2016-09-10 01:14:55]   - parameters lower bounds :  1e-10 1e-10 
[job(1594): 2016-09-10 01:14:55]   - parameters upper bounds :  45.75315 46.41125 
[job(1594): 2016-09-10 01:14:55]   - best initial criterion value(s) :  20.24504 
[job(1594): 2016-09-10 01:14:55] 
[job(1594): 2016-09-10 01:14:55] N = 2, M = 5 machine precision = 2.22045e-16
[job(1594): 2016-09-10 01:14:55] At X0, 0 variables are exactly at the bounds
[job(1594): 2016-09-10 01:14:55] At iterate     0  f=      -20.245  |proj g|=        1.131
[job(1594): 2016-09-10 01:14:55] At iterate     1  f =      -20.282  |proj g|=       0.64409
[job(1594): 2016-09-10 01:14:55] At iterate     2  f =      -20.312  |proj g|=       0.70773
[job(1594): 2016-09-10 01:14:55] At iterate     3  f =      -20.415  |proj g|=        1.3831
[job(1594): 2016-09-10 01:14:55] At iterate     4  f =      -20.534  |proj g|=        2.5361
[job(1594): 2016-09-10 01:14:55] At iterate     5  f =       -20.91  |proj g|=        4.4573
[job(1594): 2016-09-10 01:14:55] At iterate     6  f =      -21.205  |proj g|=        2.5014
[job(1594): 2016-09-10 01:14:55] At iterate     7  f =      -21.271  |proj g|=       0.29844
[job(1594): 2016-09-10 01:14:55] At iterate     8  f =      -21.272  |proj g|=      0.012928
[job(1594): 2016-09-10 01:14:55] At iterate     9  f =      -21.272  |proj g|=    7.9375e-05
[job(1594): 2016-09-10 01:14:55] At iterate    10  f =      -21.272  |proj g|=    3.2095e-05
[job(1594): 2016-09-10 01:14:55] 
[job(1594): 2016-09-10 01:14:55] iterations 10
[job(1594): 2016-09-10 01:14:55] function evaluations 12
[job(1594): 2016-09-10 01:14:55] segments explored during Cauchy searches 10
[job(1594): 2016-09-10 01:14:55] BFGS updates skipped 0
[job(1594): 2016-09-10 01:14:55] active bounds at final generalized Cauchy point 0
[job(1594): 2016-09-10 01:14:55] norm of the final projected gradient 3.20953e-05
[job(1594): 2016-09-10 01:14:55] final function value -21.2719
[job(1594): 2016-09-10 01:14:55] 
[job(1594): 2016-09-10 01:14:55] F = -21.2719
[job(1594): 2016-09-10 01:14:55] final  value -21.271880 
[job(1594): 2016-09-10 01:14:55] converged
[job(1594): 2016-09-10 01:14:55] [Tune-x] 18: C=1.49e+03; sigma=0.011
[job(1594): 2016-09-10 01:14:55] [Tune-y] 18: acc.test.mean=0.925; time: 0.0 min; memory: 117Mb use, 158Mb max
[job(1594): 2016-09-10 01:14:55] 
[job(1594): 2016-09-10 01:14:55] optimisation start
[job(1594): 2016-09-10 01:14:55] ------------------
[job(1594): 2016-09-10 01:14:55] * estimation method   : MLE 
[job(1594): 2016-09-10 01:14:55] * optimisation method : BFGS 
[job(1594): 2016-09-10 01:14:55] * analytical gradient : used
[job(1594): 2016-09-10 01:14:55] * trend model : ~1
[job(1594): 2016-09-10 01:14:55] * covariance model : 
[job(1594): 2016-09-10 01:14:55]   - type :  matern5_2 
[job(1594): 2016-09-10 01:14:55]   - nugget : NO
[job(1594): 2016-09-10 01:14:55]   - parameters lower bounds :  1e-10 1e-10 
[job(1594): 2016-09-10 01:14:55]   - parameters upper bounds :  45.75315 46.41125 
[job(1594): 2016-09-10 01:14:55]   - best initial criterion value(s) :  14.16058 
[job(1594): 2016-09-10 01:14:55] 
[job(1594): 2016-09-10 01:14:55] N = 2, M = 5 machine precision = 2.22045e-16
[job(1594): 2016-09-10 01:14:55] At X0, 0 variables are exactly at the bounds
[job(1594): 2016-09-10 01:14:55] At iterate     0  f=      -14.161  |proj g|=      0.72978
[job(1594): 2016-09-10 01:14:55] At iterate     1  f =      -18.197  |proj g|=        7.1357
[job(1594): 2016-09-10 01:14:55] ys=-1.696e+00  -gs= 5.336e-01, BFGS update SKIPPED
[job(1594): 2016-09-10 01:14:55] At iterate     2  f =      -23.284  |proj g|=        1.9594
[job(1594): 2016-09-10 01:14:55] At iterate     3  f =      -24.011  |proj g|=       0.60916
[job(1594): 2016-09-10 01:14:55] At iterate     4  f =      -24.034  |proj g|=       0.12961
[job(1594): 2016-09-10 01:14:55] At iterate     5  f =      -24.035  |proj g|=      0.001753
[job(1594): 2016-09-10 01:14:55] At iterate     6  f =      -24.035  |proj g|=    0.00021878
[job(1594): 2016-09-10 01:14:55] At iterate     7  f =      -24.035  |proj g|=    2.1117e-06
[job(1594): 2016-09-10 01:14:55] 
[job(1594): 2016-09-10 01:14:55] iterations 7
[job(1594): 2016-09-10 01:14:55] function evaluations 9
[job(1594): 2016-09-10 01:14:55] segments explored during Cauchy searches 7
[job(1594): 2016-09-10 01:14:55] BFGS updates skipped 1
[job(1594): 2016-09-10 01:14:55] active bounds at final generalized Cauchy point 0
[job(1594): 2016-09-10 01:14:55] norm of the final projected gradient 2.11173e-06
[job(1594): 2016-09-10 01:14:55] final function value -24.0352
[job(1594): 2016-09-10 01:14:55] 
[job(1594): 2016-09-10 01:14:55] F = -24.0352
[job(1594): 2016-09-10 01:14:55] final  value -24.035160 
[job(1594): 2016-09-10 01:14:55] converged
[job(1594): 2016-09-10 01:14:55] [Tune-x] 19: C=2.28e+03; sigma=0.0124
[job(1594): 2016-09-10 01:14:55] [Tune-y] 19: acc.test.mean=0.922; time: 0.0 min; memory: 117Mb use, 158Mb max
[job(1594): 2016-09-10 01:14:55] 
[job(1594): 2016-09-10 01:14:55] optimisation start
[job(1594): 2016-09-10 01:14:55] ------------------
[job(1594): 2016-09-10 01:14:55] * estimation method   : MLE 
[job(1594): 2016-09-10 01:14:55] * optimisation method : BFGS 
[job(1594): 2016-09-10 01:14:55] * analytical gradient : used
[job(1594): 2016-09-10 01:14:55] * trend model : ~1
[job(1594): 2016-09-10 01:14:55] * covariance model : 
[job(1594): 2016-09-10 01:14:55]   - type :  matern5_2 
[job(1594): 2016-09-10 01:14:55]   - nugget : NO
[job(1594): 2016-09-10 01:14:55]   - parameters lower bounds :  1e-10 1e-10 
[job(1594): 2016-09-10 01:14:55]   - parameters upper bounds :  45.75315 46.41125 
[job(1594): 2016-09-10 01:14:55]   - best initial criterion value(s) :  -0.3296546 
[job(1594): 2016-09-10 01:14:55] 
[job(1594): 2016-09-10 01:14:55] N = 2, M = 5 machine precision = 2.22045e-16
[job(1594): 2016-09-10 01:14:55] At X0, 0 variables are exactly at the bounds
[job(1594): 2016-09-10 01:14:55] At iterate     0  f=      0.32965  |proj g|=       1.7619
[job(1594): 2016-09-10 01:14:55] At iterate     1  f =      -14.996  |proj g|=             0
[job(1594): 2016-09-10 01:14:55] 
[job(1594): 2016-09-10 01:14:55] iterations 1
[job(1594): 2016-09-10 01:14:55] function evaluations 2
[job(1594): 2016-09-10 01:14:55] segments explored during Cauchy searches 2
[job(1594): 2016-09-10 01:14:55] BFGS updates skipped 0
[job(1594): 2016-09-10 01:14:55] active bounds at final generalized Cauchy point 1
[job(1594): 2016-09-10 01:14:55] norm of the final projected gradient 0
[job(1594): 2016-09-10 01:14:55] final function value -14.9958
[job(1594): 2016-09-10 01:14:55] 
[job(1594): 2016-09-10 01:14:55] F = -14.9958
[job(1594): 2016-09-10 01:14:55] final  value -14.995786 
[job(1594): 2016-09-10 01:14:55] converged
[job(1594): 2016-09-10 01:14:55] [Tune-x] 20: C=79.1; sigma=0.00529
[job(1594): 2016-09-10 01:14:55] [Tune-y] 20: acc.test.mean=0.893; time: 0.0 min; memory: 117Mb use, 158Mb max
[job(1594): 2016-09-10 01:14:55] 
[job(1594): 2016-09-10 01:14:55] optimisation start
[job(1594): 2016-09-10 01:14:55] ------------------
[job(1594): 2016-09-10 01:14:55] * estimation method   : MLE 
[job(1594): 2016-09-10 01:14:55] * optimisation method : BFGS 
[job(1594): 2016-09-10 01:14:55] * analytical gradient : used
[job(1594): 2016-09-10 01:14:55] * trend model : ~1
[job(1594): 2016-09-10 01:14:55] * covariance model : 
[job(1594): 2016-09-10 01:14:55]   - type :  matern5_2 
[job(1594): 2016-09-10 01:14:55]   - nugget : NO
[job(1594): 2016-09-10 01:14:55]   - parameters lower bounds :  1e-10 1e-10 
[job(1594): 2016-09-10 01:14:55]   - parameters upper bounds :  45.75315 46.41125 
[job(1594): 2016-09-10 01:14:55]   - best initial criterion value(s) :  -9.514844 
[job(1594): 2016-09-10 01:14:55] 
[job(1594): 2016-09-10 01:14:55] N = 2, M = 5 machine precision = 2.22045e-16
[job(1594): 2016-09-10 01:14:55] At X0, 0 variables are exactly at the bounds
[job(1594): 2016-09-10 01:14:55] At iterate     0  f=       9.5148  |proj g|=        3.333
[job(1594): 2016-09-10 01:14:55] At iterate     1  f =      -16.081  |proj g|=             0
[job(1594): 2016-09-10 01:14:55] 
[job(1594): 2016-09-10 01:14:55] iterations 1
[job(1594): 2016-09-10 01:14:55] function evaluations 2
[job(1594): 2016-09-10 01:14:55] segments explored during Cauchy searches 2
[job(1594): 2016-09-10 01:14:55] BFGS updates skipped 0
[job(1594): 2016-09-10 01:14:55] active bounds at final generalized Cauchy point 1
[job(1594): 2016-09-10 01:14:55] norm of the final projected gradient 0
[job(1594): 2016-09-10 01:14:55] final function value -16.0811
[job(1594): 2016-09-10 01:14:55] 
[job(1594): 2016-09-10 01:14:55] F = -16.0811
[job(1594): 2016-09-10 01:14:55] final  value -16.081124 
[job(1594): 2016-09-10 01:14:55] converged
[job(1594): 2016-09-10 01:14:55] [Tune-x] 21: C=0.000525; sigma=165
[job(1594): 2016-09-10 01:14:55] [Tune-y] 21: acc.test.mean=0.678; time: 0.0 min; memory: 117Mb use, 158Mb max
[job(1594): 2016-09-10 01:14:55] 
[job(1594): 2016-09-10 01:14:55] optimisation start
[job(1594): 2016-09-10 01:14:55] ------------------
[job(1594): 2016-09-10 01:14:55] * estimation method   : MLE 
[job(1594): 2016-09-10 01:14:55] * optimisation method : BFGS 
[job(1594): 2016-09-10 01:14:55] * analytical gradient : used
[job(1594): 2016-09-10 01:14:55] * trend model : ~1
[job(1594): 2016-09-10 01:14:55] * covariance model : 
[job(1594): 2016-09-10 01:14:55]   - type :  matern5_2 
[job(1594): 2016-09-10 01:14:55]   - nugget : NO
[job(1594): 2016-09-10 01:14:55]   - parameters lower bounds :  1e-10 1e-10 
[job(1594): 2016-09-10 01:14:55]   - parameters upper bounds :  45.79247 46.41125 
[job(1594): 2016-09-10 01:14:55]   - best initial criterion value(s) :  5.173986 
[job(1594): 2016-09-10 01:14:55] 
[job(1594): 2016-09-10 01:14:55] N = 2, M = 5 machine precision = 2.22045e-16
[job(1594): 2016-09-10 01:14:55] At X0, 0 variables are exactly at the bounds
[job(1594): 2016-09-10 01:14:55] At iterate     0  f=       -5.174  |proj g|=       6.0022
[job(1594): 2016-09-10 01:14:55] At iterate     1  f =      -6.5015  |proj g|=        2.2075
[job(1594): 2016-09-10 01:14:55] At iterate     2  f =      -7.8802  |proj g|=        2.0447
[job(1594): 2016-09-10 01:14:55] At iterate     3  f =      -18.081  |proj g|=        1.4532
[job(1594): 2016-09-10 01:14:55] At iterate     4  f =      -25.776  |proj g|=       0.62107
[job(1594): 2016-09-10 01:14:55] At iterate     5  f =      -25.784  |proj g|=       0.64336
[job(1594): 2016-09-10 01:14:55] At iterate     6  f =      -25.839  |proj g|=        1.7791
[job(1594): 2016-09-10 01:14:55] At iterate     7  f =      -25.998  |proj g|=        1.9246
[job(1594): 2016-09-10 01:14:55] At iterate     8  f =       -26.13  |proj g|=        4.7169
[job(1594): 2016-09-10 01:14:55] At iterate     9  f =      -26.487  |proj g|=       0.72906
[job(1594): 2016-09-10 01:14:55] At iterate    10  f =      -26.534  |proj g|=       0.05589
[job(1594): 2016-09-10 01:14:55] At iterate    11  f =      -26.535  |proj g|=      0.019094
[job(1594): 2016-09-10 01:14:55] At iterate    12  f =      -26.535  |proj g|=    0.00035137
[job(1594): 2016-09-10 01:14:55] At iterate    13  f =      -26.535  |proj g|=     6.614e-06
[job(1594): 2016-09-10 01:14:55] 
[job(1594): 2016-09-10 01:14:55] iterations 13
[job(1594): 2016-09-10 01:14:55] function evaluations 25
[job(1594): 2016-09-10 01:14:55] segments explored during Cauchy searches 13
[job(1594): 2016-09-10 01:14:55] BFGS updates skipped 0
[job(1594): 2016-09-10 01:14:55] active bounds at final generalized Cauchy point 0
[job(1594): 2016-09-10 01:14:55] norm of the final projected gradient 6.61403e-06
[job(1594): 2016-09-10 01:14:55] final function value -26.5353
[job(1594): 2016-09-10 01:14:55] 
[job(1594): 2016-09-10 01:14:55] F = -26.5353
[job(1594): 2016-09-10 01:14:55] final  value -26.535301 
[job(1594): 2016-09-10 01:14:55] converged
[job(1594): 2016-09-10 01:14:55] [Tune-x] 22: C=2.39e+03; sigma=0.0104
[job(1594): 2016-09-10 01:14:55] [Tune-y] 22: acc.test.mean=0.916; time: 0.0 min; memory: 117Mb use, 166Mb max
[job(1594): 2016-09-10 01:14:55] 
[job(1594): 2016-09-10 01:14:55] optimisation start
[job(1594): 2016-09-10 01:14:55] ------------------
[job(1594): 2016-09-10 01:14:55] * estimation method   : MLE 
[job(1594): 2016-09-10 01:14:55] * optimisation method : BFGS 
[job(1594): 2016-09-10 01:14:55] * analytical gradient : used
[job(1594): 2016-09-10 01:14:55] * trend model : ~1
[job(1594): 2016-09-10 01:14:55] * covariance model : 
[job(1594): 2016-09-10 01:14:55]   - type :  matern5_2 
[job(1594): 2016-09-10 01:14:55]   - nugget : NO
[job(1594): 2016-09-10 01:14:55]   - parameters lower bounds :  1e-10 1e-10 
[job(1594): 2016-09-10 01:14:55]   - parameters upper bounds :  45.79247 46.41125 
[job(1594): 2016-09-10 01:14:55]   - best initial criterion value(s) :  -2.117652 
[job(1594): 2016-09-10 01:14:55] 
[job(1594): 2016-09-10 01:14:55] N = 2, M = 5 machine precision = 2.22045e-16
[job(1594): 2016-09-10 01:14:55] At X0, 0 variables are exactly at the bounds
[job(1594): 2016-09-10 01:14:55] At iterate     0  f=       2.1177  |proj g|=       4.0558
[job(1594): 2016-09-10 01:14:55] At iterate     1  f =       1.7564  |proj g|=        2.0355
[job(1594): 2016-09-10 01:14:55] At iterate     2  f =       1.2432  |proj g|=        1.3673
[job(1594): 2016-09-10 01:14:55] At iterate     3  f =      0.99349  |proj g|=        1.4867
[job(1594): 2016-09-10 01:14:55] At iterate     4  f =    -0.059153  |proj g|=        3.5654
[job(1594): 2016-09-10 01:14:55] At iterate     5  f =      -2.8569  |proj g|=        9.7468
[job(1594): 2016-09-10 01:14:55] At iterate     6  f =      -17.433  |proj g|=             0
[job(1594): 2016-09-10 01:14:55] 
[job(1594): 2016-09-10 01:14:55] iterations 6
[job(1594): 2016-09-10 01:14:55] function evaluations 8
[job(1594): 2016-09-10 01:14:55] segments explored during Cauchy searches 6
[job(1594): 2016-09-10 01:14:55] BFGS updates skipped 0
[job(1594): 2016-09-10 01:14:55] active bounds at final generalized Cauchy point 0
[job(1594): 2016-09-10 01:14:55] norm of the final projected gradient 0
[job(1594): 2016-09-10 01:14:55] final function value -17.4332
[job(1594): 2016-09-10 01:14:55] 
[job(1594): 2016-09-10 01:14:55] F = -17.4332
[job(1594): 2016-09-10 01:14:55] final  value -17.433227 
[job(1594): 2016-09-10 01:14:55] converged
[job(1594): 2016-09-10 01:14:55] [Tune-x] 23: C=1.95e+03; sigma=19.2
[job(1594): 2016-09-10 01:14:55] [Tune-y] 23: acc.test.mean=0.736; time: 0.0 min; memory: 117Mb use, 166Mb max
[job(1594): 2016-09-10 01:14:55] 
[job(1594): 2016-09-10 01:14:55] optimisation start
[job(1594): 2016-09-10 01:14:55] ------------------
[job(1594): 2016-09-10 01:14:55] * estimation method   : MLE 
[job(1594): 2016-09-10 01:14:55] * optimisation method : BFGS 
[job(1594): 2016-09-10 01:14:55] * analytical gradient : used
[job(1594): 2016-09-10 01:14:55] * trend model : ~1
[job(1594): 2016-09-10 01:14:55] * covariance model : 
[job(1594): 2016-09-10 01:14:55]   - type :  matern5_2 
[job(1594): 2016-09-10 01:14:55]   - nugget : NO
[job(1594): 2016-09-10 01:14:55]   - parameters lower bounds :  1e-10 1e-10 
[job(1594): 2016-09-10 01:14:55]   - parameters upper bounds :  45.79247 46.41125 
[job(1594): 2016-09-10 01:14:55]   - best initial criterion value(s) :  -13.24147 
[job(1594): 2016-09-10 01:14:55] 
[job(1594): 2016-09-10 01:14:55] N = 2, M = 5 machine precision = 2.22045e-16
[job(1594): 2016-09-10 01:14:55] At X0, 0 variables are exactly at the bounds
[job(1594): 2016-09-10 01:14:55] At iterate     0  f=       13.241  |proj g|=       1.2076
[job(1594): 2016-09-10 01:14:55] At iterate     1  f =       12.868  |proj g|=        1.2399
[job(1594): 2016-09-10 01:14:55] At iterate     2  f =       -18.44  |proj g|=    5.3208e-15
[job(1594): 2016-09-10 01:14:55] Bad direction in the line search;
[job(1594): 2016-09-10 01:14:55]    refresh the lbfgs memory and restart the iteration.
[job(1594): 2016-09-10 01:14:55] Derivative >= 0, backtracking line search impossible.final  value -18.439848 
[job(1594): 2016-09-10 01:14:55] stopped after 2 iterations
[job(1594): 2016-09-10 01:14:55] [Tune-x] 24: C=154; sigma=45.3
[job(1594): 2016-09-10 01:14:55] [Tune-y] 24: acc.test.mean=0.699; time: 0.0 min; memory: 117Mb use, 166Mb max
[job(1594): 2016-09-10 01:14:55] 
[job(1594): 2016-09-10 01:14:55] optimisation start
[job(1594): 2016-09-10 01:14:55] ------------------
[job(1594): 2016-09-10 01:14:55] * estimation method   : MLE 
[job(1594): 2016-09-10 01:14:55] * optimisation method : BFGS 
[job(1594): 2016-09-10 01:14:55] * analytical gradient : used
[job(1594): 2016-09-10 01:14:55] * trend model : ~1
[job(1594): 2016-09-10 01:14:55] * covariance model : 
[job(1594): 2016-09-10 01:14:55]   - type :  matern5_2 
[job(1594): 2016-09-10 01:14:55]   - nugget : NO
[job(1594): 2016-09-10 01:14:55]   - parameters lower bounds :  1e-10 1e-10 
[job(1594): 2016-09-10 01:14:55]   - parameters upper bounds :  45.79247 46.41125 
[job(1594): 2016-09-10 01:14:55]   - best initial criterion value(s) :  -7.810536 
[job(1594): 2016-09-10 01:14:55] 
[job(1594): 2016-09-10 01:14:55] N = 2, M = 5 machine precision = 2.22045e-16
[job(1594): 2016-09-10 01:14:55] At X0, 0 variables are exactly at the bounds
[job(1594): 2016-09-10 01:14:55] At iterate     0  f=       7.8105  |proj g|=       1.8118
[job(1594): 2016-09-10 01:14:55] At iterate     1  f =      -19.166  |proj g|=             0
[job(1594): 2016-09-10 01:14:55] 
[job(1594): 2016-09-10 01:14:55] iterations 1
[job(1594): 2016-09-10 01:14:55] function evaluations 2
[job(1594): 2016-09-10 01:14:55] segments explored during Cauchy searches 2
[job(1594): 2016-09-10 01:14:55] BFGS updates skipped 0
[job(1594): 2016-09-10 01:14:55] active bounds at final generalized Cauchy point 1
[job(1594): 2016-09-10 01:14:55] norm of the final projected gradient 0
[job(1594): 2016-09-10 01:14:55] final function value -19.1661
[job(1594): 2016-09-10 01:14:55] 
[job(1594): 2016-09-10 01:14:55] F = -19.1661
[job(1594): 2016-09-10 01:14:55] final  value -19.166130 
[job(1594): 2016-09-10 01:14:55] converged
[job(1594): 2016-09-10 01:14:55] [Tune-x] 25: C=0.000851; sigma=0.000696
[job(1594): 2016-09-10 01:14:55] [Tune-y] 25: acc.test.mean=0.678; time: 0.0 min; memory: 117Mb use, 166Mb max
[job(1594): 2016-09-10 01:14:55] 
[job(1594): 2016-09-10 01:14:55] optimisation start
[job(1594): 2016-09-10 01:14:55] ------------------
[job(1594): 2016-09-10 01:14:55] * estimation method   : MLE 
[job(1594): 2016-09-10 01:14:55] * optimisation method : BFGS 
[job(1594): 2016-09-10 01:14:55] * analytical gradient : used
[job(1594): 2016-09-10 01:14:55] * trend model : ~1
[job(1594): 2016-09-10 01:14:55] * covariance model : 
[job(1594): 2016-09-10 01:14:55]   - type :  matern5_2 
[job(1594): 2016-09-10 01:14:55]   - nugget : NO
[job(1594): 2016-09-10 01:14:55]   - parameters lower bounds :  1e-10 1e-10 
[job(1594): 2016-09-10 01:14:55]   - parameters upper bounds :  45.79247 46.41125 
[job(1594): 2016-09-10 01:14:55]   - best initial criterion value(s) :  31.20906 
[job(1594): 2016-09-10 01:14:55] 
[job(1594): 2016-09-10 01:14:55] N = 2, M = 5 machine precision = 2.22045e-16
[job(1594): 2016-09-10 01:14:55] At X0, 0 variables are exactly at the bounds
[job(1594): 2016-09-10 01:14:55] At iterate     0  f=      -31.209  |proj g|=       1.9487
[job(1594): 2016-09-10 01:14:55] At iterate     1  f =      -31.634  |proj g|=        1.8932
[job(1594): 2016-09-10 01:14:55] At iterate     2  f =      -32.244  |proj g|=        4.0984
[job(1594): 2016-09-10 01:14:55] At iterate     3  f =      -32.705  |proj g|=        4.6113
[job(1594): 2016-09-10 01:14:55] At iterate     4  f =      -33.009  |proj g|=        0.7848
[job(1594): 2016-09-10 01:14:55] At iterate     5  f =      -33.103  |proj g|=       0.10072
[job(1594): 2016-09-10 01:14:55] At iterate     6  f =      -33.107  |proj g|=       0.06509
[job(1594): 2016-09-10 01:14:55] At iterate     7  f =      -33.107  |proj g|=      0.003498
[job(1594): 2016-09-10 01:14:55] At iterate     8  f =      -33.107  |proj g|=    1.1774e-05
[job(1594): 2016-09-10 01:14:55] At iterate     9  f =      -33.107  |proj g|=    2.9248e-06
[job(1594): 2016-09-10 01:14:55] 
[job(1594): 2016-09-10 01:14:55] iterations 9
[job(1594): 2016-09-10 01:14:55] function evaluations 11
[job(1594): 2016-09-10 01:14:55] segments explored during Cauchy searches 10
[job(1594): 2016-09-10 01:14:55] BFGS updates skipped 0
[job(1594): 2016-09-10 01:14:55] active bounds at final generalized Cauchy point 0
[job(1594): 2016-09-10 01:14:55] norm of the final projected gradient 2.92477e-06
[job(1594): 2016-09-10 01:14:55] final function value -33.107
[job(1594): 2016-09-10 01:14:55] 
[job(1594): 2016-09-10 01:14:55] F = -33.107
[job(1594): 2016-09-10 01:14:55] final  value -33.107004 
[job(1594): 2016-09-10 01:14:55] converged
[job(1594): 2016-09-10 01:14:55] [Tune-x] 26: C=1.24e+03; sigma=0.017
[job(1594): 2016-09-10 01:14:55] [Tune-y] 26: acc.test.mean=0.904; time: 0.0 min; memory: 117Mb use, 166Mb max
[job(1594): 2016-09-10 01:14:55] 
[job(1594): 2016-09-10 01:14:55] optimisation start
[job(1594): 2016-09-10 01:14:55] ------------------
[job(1594): 2016-09-10 01:14:55] * estimation method   : MLE 
[job(1594): 2016-09-10 01:14:55] * optimisation method : BFGS 
[job(1594): 2016-09-10 01:14:55] * analytical gradient : used
[job(1594): 2016-09-10 01:14:55] * trend model : ~1
[job(1594): 2016-09-10 01:14:55] * covariance model : 
[job(1594): 2016-09-10 01:14:55]   - type :  matern5_2 
[job(1594): 2016-09-10 01:14:55]   - nugget : NO
[job(1594): 2016-09-10 01:14:55]   - parameters lower bounds :  1e-10 1e-10 
[job(1594): 2016-09-10 01:14:55]   - parameters upper bounds :  45.79247 46.41125 
[job(1594): 2016-09-10 01:14:55]   - best initial criterion value(s) :  -7.456542 
[job(1594): 2016-09-10 01:14:55] 
[job(1594): 2016-09-10 01:14:55] N = 2, M = 5 machine precision = 2.22045e-16
[job(1594): 2016-09-10 01:14:55] At X0, 0 variables are exactly at the bounds
[job(1594): 2016-09-10 01:14:55] At iterate     0  f=       7.4565  |proj g|=        3.947
[job(1594): 2016-09-10 01:14:55] At iterate     1  f =       4.1983  |proj g|=        1.1167
[job(1594): 2016-09-10 01:14:55] At iterate     2  f =       4.1417  |proj g|=        1.0097
[job(1594): 2016-09-10 01:14:55] At iterate     3  f =      -20.651  |proj g|=             0
[job(1594): 2016-09-10 01:14:55] 
[job(1594): 2016-09-10 01:14:55] iterations 3
[job(1594): 2016-09-10 01:14:55] function evaluations 12
[job(1594): 2016-09-10 01:14:55] segments explored during Cauchy searches 3
[job(1594): 2016-09-10 01:14:55] BFGS updates skipped 0
[job(1594): 2016-09-10 01:14:55] active bounds at final generalized Cauchy point 0
[job(1594): 2016-09-10 01:14:55] norm of the final projected gradient 0
[job(1594): 2016-09-10 01:14:55] final function value -20.6506
[job(1594): 2016-09-10 01:14:55] 
[job(1594): 2016-09-10 01:14:55] F = -20.6506
[job(1594): 2016-09-10 01:14:55] final  value -20.650635 
[job(1594): 2016-09-10 01:14:55] converged
[job(1594): 2016-09-10 01:14:55] [Tune-x] 27: C=18.2; sigma=0.391
[job(1594): 2016-09-10 01:14:55] [Tune-y] 27: acc.test.mean=0.936; time: 0.0 min; memory: 117Mb use, 166Mb max
[job(1594): 2016-09-10 01:14:55] 
[job(1594): 2016-09-10 01:14:55] optimisation start
[job(1594): 2016-09-10 01:14:55] ------------------
[job(1594): 2016-09-10 01:14:55] * estimation method   : MLE 
[job(1594): 2016-09-10 01:14:55] * optimisation method : BFGS 
[job(1594): 2016-09-10 01:14:55] * analytical gradient : used
[job(1594): 2016-09-10 01:14:55] * trend model : ~1
[job(1594): 2016-09-10 01:14:55] * covariance model : 
[job(1594): 2016-09-10 01:14:55]   - type :  matern5_2 
[job(1594): 2016-09-10 01:14:55]   - nugget : NO
[job(1594): 2016-09-10 01:14:55]   - parameters lower bounds :  1e-10 1e-10 
[job(1594): 2016-09-10 01:14:55]   - parameters upper bounds :  45.79247 46.41125 
[job(1594): 2016-09-10 01:14:55]   - best initial criterion value(s) :  -13.35855 
[job(1594): 2016-09-10 01:14:55] 
[job(1594): 2016-09-10 01:14:55] N = 2, M = 5 machine precision = 2.22045e-16
[job(1594): 2016-09-10 01:14:55] At X0, 0 variables are exactly at the bounds
[job(1594): 2016-09-10 01:14:55] At iterate     0  f=       13.359  |proj g|=       1.6512
[job(1594): 2016-09-10 01:14:55] At iterate     1  f =      -21.313  |proj g|=             0
[job(1594): 2016-09-10 01:14:55] 
[job(1594): 2016-09-10 01:14:55] iterations 1
[job(1594): 2016-09-10 01:14:55] function evaluations 2
[job(1594): 2016-09-10 01:14:55] segments explored during Cauchy searches 2
[job(1594): 2016-09-10 01:14:55] BFGS updates skipped 0
[job(1594): 2016-09-10 01:14:55] active bounds at final generalized Cauchy point 1
[job(1594): 2016-09-10 01:14:55] norm of the final projected gradient 0
[job(1594): 2016-09-10 01:14:55] final function value -21.3133
[job(1594): 2016-09-10 01:14:55] 
[job(1594): 2016-09-10 01:14:55] F = -21.3133
[job(1594): 2016-09-10 01:14:55] final  value -21.313292 
[job(1594): 2016-09-10 01:14:55] converged
[job(1594): 2016-09-10 01:14:55] [Tune-x] 28: C=0.131; sigma=2.28
[job(1594): 2016-09-10 01:14:55] [Tune-y] 28: acc.test.mean=0.684; time: 0.0 min; memory: 117Mb use, 166Mb max
[job(1594): 2016-09-10 01:14:55] 
[job(1594): 2016-09-10 01:14:55] optimisation start
[job(1594): 2016-09-10 01:14:55] ------------------
[job(1594): 2016-09-10 01:14:55] * estimation method   : MLE 
[job(1594): 2016-09-10 01:14:55] * optimisation method : BFGS 
[job(1594): 2016-09-10 01:14:55] * analytical gradient : used
[job(1594): 2016-09-10 01:14:55] * trend model : ~1
[job(1594): 2016-09-10 01:14:55] * covariance model : 
[job(1594): 2016-09-10 01:14:55]   - type :  matern5_2 
[job(1594): 2016-09-10 01:14:55]   - nugget : NO
[job(1594): 2016-09-10 01:14:55]   - parameters lower bounds :  1e-10 1e-10 
[job(1594): 2016-09-10 01:14:55]   - parameters upper bounds :  45.79247 46.41125 
[job(1594): 2016-09-10 01:14:55]   - best initial criterion value(s) :  10.67223 
[job(1594): 2016-09-10 01:14:55] 
[job(1594): 2016-09-10 01:14:55] N = 2, M = 5 machine precision = 2.22045e-16
[job(1594): 2016-09-10 01:14:55] At X0, 0 variables are exactly at the bounds
[job(1594): 2016-09-10 01:14:55] At iterate     0  f=      -10.672  |proj g|=       1.2824
[job(1594): 2016-09-10 01:14:55] At iterate     1  f =      -21.913  |proj g|=             0
[job(1594): 2016-09-10 01:14:55] 
[job(1594): 2016-09-10 01:14:55] iterations 1
[job(1594): 2016-09-10 01:14:55] function evaluations 2
[job(1594): 2016-09-10 01:14:55] segments explored during Cauchy searches 2
[job(1594): 2016-09-10 01:14:55] BFGS updates skipped 0
[job(1594): 2016-09-10 01:14:55] active bounds at final generalized Cauchy point 1
[job(1594): 2016-09-10 01:14:55] norm of the final projected gradient 0
[job(1594): 2016-09-10 01:14:55] final function value -21.9134
[job(1594): 2016-09-10 01:14:55] 
[job(1594): 2016-09-10 01:14:55] F = -21.9134
[job(1594): 2016-09-10 01:14:55] final  value -21.913394 
[job(1594): 2016-09-10 01:14:55] converged
[job(1594): 2016-09-10 01:14:55] [Tune] Result: C=18.2; sigma=0.391 : acc.test.mean=-0.936
[job(1594): 2016-09-10 01:14:55] Job terminated successfully
[job(chunk): 2016-09-10 01:14:56] Calculation finished!
