[job(chunk): 2016-09-10 01:25:18] Starting calculation of 1 jobs
[job(chunk): 2016-09-10 01:25:18] Setting working directory to '/naslx/projects/pr74ze/ri89coc2/svm_comparison'
[job(chunk): 2016-09-10 01:25:18] Memory measurement disabled
[job(1719): 2016-09-10 01:25:20] Starting job with job.id=1719
[job(1719): 2016-09-10 01:27:46] Generating problem instance for problem '40477' ...
[job(1719): 2016-09-10 01:27:46] Downloading from 'http://www.openml.org/api/v1/data/40477' to '/tmp/ri89coc2/Rtmp2xEJNT/cache/datasets/40477/description.xml'.
[job(1719): 2016-09-10 01:27:46] Downloading from 'http://www.openml.org/data/download/4533695/phpNevWWL' to '/tmp/ri89coc2/Rtmp2xEJNT/cache/datasets/40477/dataset.arff'
[job(1719): 2016-09-10 01:27:46] Loading required package: readr
[job(1719): 2016-09-10 01:27:46] Applying algorithm 'C-svc.tuned' on problem '40477' ...
[job(1719): 2016-09-10 01:27:46] Data '40477' file 'description.xml' found in cache.
[job(1719): 2016-09-10 01:27:46] Data '40477' file 'dataset.arff' found in cache.
[job(1719): 2016-09-10 01:27:46] [Tune] Started tuning learner C-svc for parameter set:
[job(1719): 2016-09-10 01:27:46]          Type len Def    Constr Req Tunable Trafo
[job(1719): 2016-09-10 01:27:46] C     numeric   -   - -12 to 12   -    TRUE     Y
[job(1719): 2016-09-10 01:27:46] sigma numeric   -   - -12 to 12   -    TRUE     Y
[job(1719): 2016-09-10 01:27:46] With control class: TuneControlMBO
[job(1719): 2016-09-10 01:27:46] Imputation value: -0
[job(1719): 2016-09-10 01:27:46] [Tune-x] 1: C=0.209; sigma=33.7
[job(1719): 2016-09-10 01:27:46] [Tune-y] 1: acc.test.mean=0.579; time: 0.1 min; memory: 114Mb use, 169Mb max
[job(1719): 2016-09-10 01:27:46] [Tune-x] 2: C=1.65; sigma=0.000345
[job(1719): 2016-09-10 01:27:46] [Tune-y] 2: acc.test.mean=0.579; time: 0.0 min; memory: 114Mb use, 169Mb max
[job(1719): 2016-09-10 01:27:46] [Tune-x] 3: C=0.0206; sigma=0.165
[job(1719): 2016-09-10 01:27:46] [Tune-y] 3: acc.test.mean=0.582; time: 0.0 min; memory: 114Mb use, 169Mb max
[job(1719): 2016-09-10 01:27:46] [Tune-x] 4: C=403; sigma=4.37
[job(1719): 2016-09-10 01:27:46] [Tune-y] 4: acc.test.mean=0.598; time: 0.1 min; memory: 114Mb use, 169Mb max
[job(1719): 2016-09-10 01:27:46] [Tune-x] 5: C=0.00751; sigma=308
[job(1719): 2016-09-10 01:27:46] [Tune-y] 5: acc.test.mean=0.579; time: 0.1 min; memory: 114Mb use, 169Mb max
[job(1719): 2016-09-10 01:27:46] [Tune-x] 6: C=0.000266; sigma=0.0207
[job(1719): 2016-09-10 01:27:46] [Tune-y] 6: acc.test.mean=0.579; time: 0.0 min; memory: 114Mb use, 169Mb max
[job(1719): 2016-09-10 01:27:46] [Tune-x] 7: C=28.5; sigma=3.03e+03
[job(1719): 2016-09-10 01:27:46] [Tune-y] 7: acc.test.mean=0.579; time: 0.1 min; memory: 114Mb use, 169Mb max
[job(1719): 2016-09-10 01:27:46] [Tune-x] 8: C=518; sigma=0.00897
[job(1719): 2016-09-10 01:27:46] [Tune-y] 8: acc.test.mean=0.701; time: 0.1 min; memory: 114Mb use, 169Mb max
[job(1719): 2016-09-10 01:27:46] 
[job(1719): 2016-09-10 01:27:46] optimisation start
[job(1719): 2016-09-10 01:27:46] ------------------
[job(1719): 2016-09-10 01:27:46] * estimation method   : MLE 
[job(1719): 2016-09-10 01:27:46] * optimisation method : BFGS 
[job(1719): 2016-09-10 01:27:46] * analytical gradient : used
[job(1719): 2016-09-10 01:27:46] * trend model : ~1
[job(1719): 2016-09-10 01:27:46] * covariance model : 
[job(1719): 2016-09-10 01:27:46]   - type :  matern5_2 
[job(1719): 2016-09-10 01:27:46]   - nugget : NO
[job(1719): 2016-09-10 01:27:46]   - parameters lower bounds :  1e-10 1e-10 
[job(1719): 2016-09-10 01:27:46]   - parameters upper bounds :  41.78452 46.13069 
[job(1719): 2016-09-10 01:27:46]   - best initial criterion value(s) :  14.418 
[job(1719): 2016-09-10 01:27:46] 
[job(1719): 2016-09-10 01:27:46] N = 2, M = 5 machine precision = 2.22045e-16
[job(1719): 2016-09-10 01:27:46] At X0, 0 variables are exactly at the bounds
[job(1719): 2016-09-10 01:27:46] At iterate     0  f=      -14.418  |proj g|=      0.16492
[job(1719): 2016-09-10 01:27:46] At iterate     1  f =       -14.43  |proj g|=       0.01181
[job(1719): 2016-09-10 01:27:46] At iterate     2  f =      -14.431  |proj g|=     0.0077114
[job(1719): 2016-09-10 01:27:46] At iterate     3  f =      -14.431  |proj g|=     0.0028775
[job(1719): 2016-09-10 01:27:46] At iterate     4  f =      -14.431  |proj g|=     0.0013809
[job(1719): 2016-09-10 01:27:46] At iterate     5  f =      -14.431  |proj g|=    0.00061689
[job(1719): 2016-09-10 01:27:46] At iterate     6  f =      -14.431  |proj g|=    0.00028771
[job(1719): 2016-09-10 01:27:46] At iterate     7  f =      -14.431  |proj g|=    0.00013358
[job(1719): 2016-09-10 01:27:46] At iterate     8  f =      -14.431  |proj g|=    6.2715e-05
[job(1719): 2016-09-10 01:27:46] At iterate     9  f =      -14.431  |proj g|=    2.9543e-05
[job(1719): 2016-09-10 01:27:46] At iterate    10  f =      -14.431  |proj g|=    1.3987e-05
[job(1719): 2016-09-10 01:27:46] At iterate    11  f =      -14.431  |proj g|=    6.6449e-06
[job(1719): 2016-09-10 01:27:46] At iterate    12  f =      -14.431  |proj g|=    3.1672e-06
[job(1719): 2016-09-10 01:27:46] 
[job(1719): 2016-09-10 01:27:46] iterations 12
[job(1719): 2016-09-10 01:27:46] function evaluations 13
[job(1719): 2016-09-10 01:27:46] segments explored during Cauchy searches 12
[job(1719): 2016-09-10 01:27:46] BFGS updates skipped 0
[job(1719): 2016-09-10 01:27:46] active bounds at final generalized Cauchy point 0
[job(1719): 2016-09-10 01:27:46] norm of the final projected gradient 3.16719e-06
[job(1719): 2016-09-10 01:27:46] final function value -14.4308
[job(1719): 2016-09-10 01:27:46] 
[job(1719): 2016-09-10 01:27:46] F = -14.4308
[job(1719): 2016-09-10 01:27:46] final  value -14.430782 
[job(1719): 2016-09-10 01:27:46] converged
[job(1719): 2016-09-10 01:27:46] [Tune-x] 9: C=529; sigma=0.00897
[job(1719): 2016-09-10 01:27:46] [Tune-y] 9: acc.test.mean=0.701; time: 0.1 min; memory: 118Mb use, 191Mb max
[job(1719): 2016-09-10 01:27:46] 
[job(1719): 2016-09-10 01:27:46] optimisation start
[job(1719): 2016-09-10 01:27:46] ------------------
[job(1719): 2016-09-10 01:27:46] * estimation method   : MLE 
[job(1719): 2016-09-10 01:27:46] * optimisation method : BFGS 
[job(1719): 2016-09-10 01:27:46] * analytical gradient : used
[job(1719): 2016-09-10 01:27:46] * trend model : ~1
[job(1719): 2016-09-10 01:27:46] * covariance model : 
[job(1719): 2016-09-10 01:27:46]   - type :  matern5_2 
[job(1719): 2016-09-10 01:27:46]   - nugget : NO
[job(1719): 2016-09-10 01:27:46]   - parameters lower bounds :  1e-10 1e-10 
[job(1719): 2016-09-10 01:27:46]   - parameters upper bounds :  41.84239 46.13069 
[job(1719): 2016-09-10 01:27:46]   - best initial criterion value(s) :  20.03255 
[job(1719): 2016-09-10 01:27:46] 
[job(1719): 2016-09-10 01:27:46] N = 2, M = 5 machine precision = 2.22045e-16
[job(1719): 2016-09-10 01:27:46] At X0, 0 variables are exactly at the bounds
[job(1719): 2016-09-10 01:27:46] At iterate     0  f=      -20.033  |proj g|=      0.91462
[job(1719): 2016-09-10 01:27:46] At iterate     1  f =      -20.576  |proj g|=       0.37605
[job(1719): 2016-09-10 01:27:46] At iterate     2  f =      -20.757  |proj g|=       0.20302
[job(1719): 2016-09-10 01:27:46] At iterate     3  f =      -20.857  |proj g|=      0.065403
[job(1719): 2016-09-10 01:27:46] At iterate     4  f =      -20.875  |proj g|=      0.020766
[job(1719): 2016-09-10 01:27:46] At iterate     5  f =      -20.879  |proj g|=       0.01881
[job(1719): 2016-09-10 01:27:46] At iterate     6  f =      -20.884  |proj g|=      0.025432
[job(1719): 2016-09-10 01:27:46] At iterate     7  f =       -20.89  |proj g|=      0.030276
[job(1719): 2016-09-10 01:27:46] At iterate     8  f =      -20.894  |proj g|=      0.005567
[job(1719): 2016-09-10 01:27:46] At iterate     9  f =      -20.894  |proj g|=     0.0015251
[job(1719): 2016-09-10 01:27:46] At iterate    10  f =      -20.894  |proj g|=    0.00010866
[job(1719): 2016-09-10 01:27:46] At iterate    11  f =      -20.894  |proj g|=    1.1918e-05
[job(1719): 2016-09-10 01:27:46] At iterate    12  f =      -20.894  |proj g|=    2.7313e-06
[job(1719): 2016-09-10 01:27:46] 
[job(1719): 2016-09-10 01:27:46] iterations 12
[job(1719): 2016-09-10 01:27:46] function evaluations 13
[job(1719): 2016-09-10 01:27:46] segments explored during Cauchy searches 12
[job(1719): 2016-09-10 01:27:46] BFGS updates skipped 0
[job(1719): 2016-09-10 01:27:46] active bounds at final generalized Cauchy point 0
[job(1719): 2016-09-10 01:27:46] norm of the final projected gradient 2.73134e-06
[job(1719): 2016-09-10 01:27:46] final function value -20.8943
[job(1719): 2016-09-10 01:27:46] 
[job(1719): 2016-09-10 01:27:46] F = -20.8943
[job(1719): 2016-09-10 01:27:46] final  value -20.894262 
[job(1719): 2016-09-10 01:27:46] converged
[job(1719): 2016-09-10 01:27:46] [Tune-x] 10: C=287; sigma=0.00909
[job(1719): 2016-09-10 01:27:46] [Tune-y] 10: acc.test.mean=0.706; time: 0.1 min; memory: 118Mb use, 191Mb max
[job(1719): 2016-09-10 01:27:46] 
[job(1719): 2016-09-10 01:27:46] optimisation start
[job(1719): 2016-09-10 01:27:46] ------------------
[job(1719): 2016-09-10 01:27:46] * estimation method   : MLE 
[job(1719): 2016-09-10 01:27:46] * optimisation method : BFGS 
[job(1719): 2016-09-10 01:27:46] * analytical gradient : used
[job(1719): 2016-09-10 01:27:46] * trend model : ~1
[job(1719): 2016-09-10 01:27:46] * covariance model : 
[job(1719): 2016-09-10 01:27:46]   - type :  matern5_2 
[job(1719): 2016-09-10 01:27:46]   - nugget : NO
[job(1719): 2016-09-10 01:27:46]   - parameters lower bounds :  1e-10 1e-10 
[job(1719): 2016-09-10 01:27:46]   - parameters upper bounds :  41.84239 46.13069 
[job(1719): 2016-09-10 01:27:46]   - best initial criterion value(s) :  18.60048 
[job(1719): 2016-09-10 01:27:46] 
[job(1719): 2016-09-10 01:27:46] N = 2, M = 5 machine precision = 2.22045e-16
[job(1719): 2016-09-10 01:27:46] At X0, 0 variables are exactly at the bounds
[job(1719): 2016-09-10 01:27:46] At iterate     0  f=        -18.6  |proj g|=       1.2025
[job(1719): 2016-09-10 01:27:46] At iterate     1  f =      -19.753  |proj g|=       0.62604
[job(1719): 2016-09-10 01:27:46] At iterate     2  f =      -20.412  |proj g|=       0.20276
[job(1719): 2016-09-10 01:27:46] At iterate     3  f =      -20.611  |proj g|=       0.18736
[job(1719): 2016-09-10 01:27:46] At iterate     4  f =      -20.905  |proj g|=       0.27606
[job(1719): 2016-09-10 01:27:46] At iterate     5  f =      -21.468  |proj g|=       0.64085
[job(1719): 2016-09-10 01:27:46] At iterate     6  f =       -22.37  |proj g|=        1.3815
[job(1719): 2016-09-10 01:27:46] At iterate     7  f =      -24.635  |proj g|=       0.96843
[job(1719): 2016-09-10 01:27:46] ys=-2.382e+00  -gs= 2.092e+00, BFGS update SKIPPED
[job(1719): 2016-09-10 01:27:46] At iterate     8  f =      -25.107  |proj g|=       0.48557
[job(1719): 2016-09-10 01:27:46] At iterate     9  f =      -25.486  |proj g|=      0.035985
[job(1719): 2016-09-10 01:27:46] At iterate    10  f =       -25.49  |proj g|=      0.095817
[job(1719): 2016-09-10 01:27:46] At iterate    11  f =      -25.495  |proj g|=      0.050585
[job(1719): 2016-09-10 01:27:46] At iterate    12  f =      -25.507  |proj g|=      0.027602
[job(1719): 2016-09-10 01:27:46] At iterate    13  f =      -25.523  |proj g|=      0.081212
[job(1719): 2016-09-10 01:27:46] At iterate    14  f =      -25.532  |proj g|=      0.075355
[job(1719): 2016-09-10 01:27:46] At iterate    15  f =      -25.535  |proj g|=      0.020552
[job(1719): 2016-09-10 01:27:46] At iterate    16  f =      -25.536  |proj g|=     0.0024157
[job(1719): 2016-09-10 01:27:46] At iterate    17  f =      -25.536  |proj g|=     0.0020003
[job(1719): 2016-09-10 01:27:46] At iterate    18  f =      -25.536  |proj g|=    0.00019114
[job(1719): 2016-09-10 01:27:46] At iterate    19  f =      -25.536  |proj g|=    2.6419e-06
[job(1719): 2016-09-10 01:27:46] 
[job(1719): 2016-09-10 01:27:46] iterations 19
[job(1719): 2016-09-10 01:27:46] function evaluations 33
[job(1719): 2016-09-10 01:27:46] segments explored during Cauchy searches 19
[job(1719): 2016-09-10 01:27:46] BFGS updates skipped 1
[job(1719): 2016-09-10 01:27:46] active bounds at final generalized Cauchy point 0
[job(1719): 2016-09-10 01:27:46] norm of the final projected gradient 2.64189e-06
[job(1719): 2016-09-10 01:27:46] final function value -25.5356
[job(1719): 2016-09-10 01:27:46] 
[job(1719): 2016-09-10 01:27:46] F = -25.5356
[job(1719): 2016-09-10 01:27:46] final  value -25.535626 
[job(1719): 2016-09-10 01:27:46] converged
[job(1719): 2016-09-10 01:27:46] [Tune-x] 11: C=304; sigma=0.00901
[job(1719): 2016-09-10 01:27:46] [Tune-y] 11: acc.test.mean=0.704; time: 0.1 min; memory: 118Mb use, 191Mb max
[job(1719): 2016-09-10 01:27:46] 
[job(1719): 2016-09-10 01:27:46] optimisation start
[job(1719): 2016-09-10 01:27:46] ------------------
[job(1719): 2016-09-10 01:27:46] * estimation method   : MLE 
[job(1719): 2016-09-10 01:27:46] * optimisation method : BFGS 
[job(1719): 2016-09-10 01:27:46] * analytical gradient : used
[job(1719): 2016-09-10 01:27:46] * trend model : ~1
[job(1719): 2016-09-10 01:27:46] * covariance model : 
[job(1719): 2016-09-10 01:27:46]   - type :  matern5_2 
[job(1719): 2016-09-10 01:27:46]   - nugget : NO
[job(1719): 2016-09-10 01:27:46]   - parameters lower bounds :  1e-10 1e-10 
[job(1719): 2016-09-10 01:27:46]   - parameters upper bounds :  41.84239 46.13069 
[job(1719): 2016-09-10 01:27:46]   - best initial criterion value(s) :  17.35352 
[job(1719): 2016-09-10 01:27:46] 
[job(1719): 2016-09-10 01:27:46] N = 2, M = 5 machine precision = 2.22045e-16
[job(1719): 2016-09-10 01:27:46] At X0, 0 variables are exactly at the bounds
[job(1719): 2016-09-10 01:27:46] At iterate     0  f=      -17.354  |proj g|=      0.54415
[job(1719): 2016-09-10 01:27:46] At iterate     1  f =      -20.455  |proj g|=        3.9921
[job(1719): 2016-09-10 01:27:46] At iterate     2  f =       -20.52  |proj g|=      0.014219
[job(1719): 2016-09-10 01:27:46] At iterate     3  f =       -20.52  |proj g|=     0.0017534
[job(1719): 2016-09-10 01:27:46] At iterate     4  f =       -20.52  |proj g|=     0.0017541
[job(1719): 2016-09-10 01:27:46] At iterate     5  f =       -20.52  |proj g|=     0.0074927
[job(1719): 2016-09-10 01:27:46] At iterate     6  f =       -20.52  |proj g|=       0.01771
[job(1719): 2016-09-10 01:27:46] At iterate     7  f =       -20.52  |proj g|=      0.033714
[job(1719): 2016-09-10 01:27:46] At iterate     8  f =       -20.52  |proj g|=      0.059968
[job(1719): 2016-09-10 01:27:46] At iterate     9  f =       -20.52  |proj g|=       0.10237
[job(1719): 2016-09-10 01:27:46] At iterate    10  f =       -20.52  |proj g|=       0.17173
[job(1719): 2016-09-10 01:27:46] At iterate    11  f =      -20.521  |proj g|=       0.24816
[job(1719): 2016-09-10 01:27:46] At iterate    12  f =      -20.521  |proj g|=       0.25017
[job(1719): 2016-09-10 01:27:46] At iterate    13  f =      -20.524  |proj g|=       0.25479
[job(1719): 2016-09-10 01:27:46] At iterate    14  f =      -21.783  |proj g|=        8.8438
[job(1719): 2016-09-10 01:27:46] ys=-5.680e-01  -gs= 4.319e-02, BFGS update SKIPPED
[job(1719): 2016-09-10 01:27:46] At iterate    15  f =      -21.867  |proj g|=        8.6827
[job(1719): 2016-09-10 01:27:46] At iterate    16  f =      -23.526  |proj g|=        1.2631
[job(1719): 2016-09-10 01:27:46] At iterate    17  f =      -28.375  |proj g|=        1.6527
[job(1719): 2016-09-10 01:27:46] At iterate    18  f =      -29.397  |proj g|=       0.23347
[job(1719): 2016-09-10 01:27:46] At iterate    19  f =      -29.436  |proj g|=       0.12587
[job(1719): 2016-09-10 01:27:46] At iterate    20  f =      -29.438  |proj g|=       0.08253
[job(1719): 2016-09-10 01:27:46] At iterate    21  f =       -29.44  |proj g|=     0.0074903
[job(1719): 2016-09-10 01:27:46] At iterate    22  f =       -29.44  |proj g|=     0.0013747
[job(1719): 2016-09-10 01:27:46] At iterate    23  f =       -29.44  |proj g|=    6.3754e-07
[job(1719): 2016-09-10 01:27:46] 
[job(1719): 2016-09-10 01:27:46] iterations 23
[job(1719): 2016-09-10 01:27:46] function evaluations 49
[job(1719): 2016-09-10 01:27:46] segments explored during Cauchy searches 25
[job(1719): 2016-09-10 01:27:46] BFGS updates skipped 1
[job(1719): 2016-09-10 01:27:46] active bounds at final generalized Cauchy point 0
[job(1719): 2016-09-10 01:27:46] norm of the final projected gradient 6.37543e-07
[job(1719): 2016-09-10 01:27:46] final function value -29.4404
[job(1719): 2016-09-10 01:27:46] 
[job(1719): 2016-09-10 01:27:46] F = -29.4404
[job(1719): 2016-09-10 01:27:46] final  value -29.440446 
[job(1719): 2016-09-10 01:27:46] converged
[job(1719): 2016-09-10 01:27:46] [Tune-x] 12: C=381; sigma=0.00935
[job(1719): 2016-09-10 01:27:46] [Tune-y] 12: acc.test.mean=0.708; time: 0.1 min; memory: 118Mb use, 191Mb max
[job(1719): 2016-09-10 01:27:46] 
[job(1719): 2016-09-10 01:27:46] optimisation start
[job(1719): 2016-09-10 01:27:46] ------------------
[job(1719): 2016-09-10 01:27:46] * estimation method   : MLE 
[job(1719): 2016-09-10 01:27:46] * optimisation method : BFGS 
[job(1719): 2016-09-10 01:27:46] * analytical gradient : used
[job(1719): 2016-09-10 01:27:46] * trend model : ~1
[job(1719): 2016-09-10 01:27:46] * covariance model : 
[job(1719): 2016-09-10 01:27:46]   - type :  matern5_2 
[job(1719): 2016-09-10 01:27:46]   - nugget : NO
[job(1719): 2016-09-10 01:27:46]   - parameters lower bounds :  1e-10 1e-10 
[job(1719): 2016-09-10 01:27:46]   - parameters upper bounds :  41.84239 46.13069 
[job(1719): 2016-09-10 01:27:46]   - best initial criterion value(s) :  17.00644 
[job(1719): 2016-09-10 01:27:46] 
[job(1719): 2016-09-10 01:27:46] N = 2, M = 5 machine precision = 2.22045e-16
[job(1719): 2016-09-10 01:27:46] At X0, 0 variables are exactly at the bounds
[job(1719): 2016-09-10 01:27:46] At iterate     0  f=      -17.006  |proj g|=       6.3752
[job(1719): 2016-09-10 01:27:46] At iterate     1  f =      -18.812  |proj g|=        1.9075
[job(1719): 2016-09-10 01:27:46] At iterate     2  f =      -19.836  |proj g|=       0.18224
[job(1719): 2016-09-10 01:27:46] At iterate     3  f =      -20.151  |proj g|=       0.84214
[job(1719): 2016-09-10 01:27:46] At iterate     4  f =      -23.663  |proj g|=        1.5903
[job(1719): 2016-09-10 01:27:46] At iterate     5  f =      -30.154  |proj g|=        1.9271
[job(1719): 2016-09-10 01:27:46] ys=-1.582e+01  -gs= 2.130e+00, BFGS update SKIPPED
[job(1719): 2016-09-10 01:27:46] At iterate     6  f =      -30.982  |proj g|=        1.9206
[job(1719): 2016-09-10 01:27:46] At iterate     7  f =      -31.368  |proj g|=         0.584
[job(1719): 2016-09-10 01:27:46] At iterate     8  f =      -32.391  |proj g|=        1.8574
[job(1719): 2016-09-10 01:27:46] At iterate     9  f =      -32.403  |proj g|=        1.9168
[job(1719): 2016-09-10 01:27:46] At iterate    10  f =      -33.334  |proj g|=        10.117
[job(1719): 2016-09-10 01:27:46] At iterate    11  f =      -33.368  |proj g|=       0.23785
[job(1719): 2016-09-10 01:27:46] At iterate    12  f =       -33.52  |proj g|=       0.16552
[job(1719): 2016-09-10 01:27:46] At iterate    13  f =      -33.521  |proj g|=      0.077386
[job(1719): 2016-09-10 01:27:46] At iterate    14  f =      -33.521  |proj g|=     0.0011104
[job(1719): 2016-09-10 01:27:46] At iterate    15  f =      -33.521  |proj g|=    6.7579e-05
[job(1719): 2016-09-10 01:27:46] 
[job(1719): 2016-09-10 01:27:46] iterations 15
[job(1719): 2016-09-10 01:27:46] function evaluations 44
[job(1719): 2016-09-10 01:27:46] segments explored during Cauchy searches 16
[job(1719): 2016-09-10 01:27:46] BFGS updates skipped 1
[job(1719): 2016-09-10 01:27:46] active bounds at final generalized Cauchy point 0
[job(1719): 2016-09-10 01:27:46] norm of the final projected gradient 6.7579e-05
[job(1719): 2016-09-10 01:27:46] final function value -33.5209
[job(1719): 2016-09-10 01:27:46] 
[job(1719): 2016-09-10 01:27:46] F = -33.5209
[job(1719): 2016-09-10 01:27:46] final  value -33.520935 
[job(1719): 2016-09-10 01:27:46] converged
[job(1719): 2016-09-10 01:27:46] [Tune-x] 13: C=379; sigma=0.00921
[job(1719): 2016-09-10 01:27:46] [Tune-y] 13: acc.test.mean=0.704; time: 0.1 min; memory: 118Mb use, 191Mb max
[job(1719): 2016-09-10 01:27:46] 
[job(1719): 2016-09-10 01:27:46] optimisation start
[job(1719): 2016-09-10 01:27:46] ------------------
[job(1719): 2016-09-10 01:27:46] * estimation method   : MLE 
[job(1719): 2016-09-10 01:27:46] * optimisation method : BFGS 
[job(1719): 2016-09-10 01:27:46] * analytical gradient : used
[job(1719): 2016-09-10 01:27:46] * trend model : ~1
[job(1719): 2016-09-10 01:27:46] * covariance model : 
[job(1719): 2016-09-10 01:27:46]   - type :  matern5_2 
[job(1719): 2016-09-10 01:27:46]   - nugget : NO
[job(1719): 2016-09-10 01:27:46]   - parameters lower bounds :  1e-10 1e-10 
[job(1719): 2016-09-10 01:27:46]   - parameters upper bounds :  41.84239 46.13069 
[job(1719): 2016-09-10 01:27:46]   - best initial criterion value(s) :  10.55691 
[job(1719): 2016-09-10 01:27:46] 
[job(1719): 2016-09-10 01:27:46] N = 2, M = 5 machine precision = 2.22045e-16
[job(1719): 2016-09-10 01:27:46] At X0, 0 variables are exactly at the bounds
[job(1719): 2016-09-10 01:27:46] At iterate     0  f=      -10.557  |proj g|=       1.0949
[job(1719): 2016-09-10 01:27:46] At iterate     1  f =       -11.66  |proj g|=       0.99546
[job(1719): 2016-09-10 01:27:46] At iterate     2  f =      -17.899  |proj g|=             0
[job(1719): 2016-09-10 01:27:46] 
[job(1719): 2016-09-10 01:27:46] iterations 2
[job(1719): 2016-09-10 01:27:46] function evaluations 4
[job(1719): 2016-09-10 01:27:46] segments explored during Cauchy searches 2
[job(1719): 2016-09-10 01:27:46] BFGS updates skipped 0
[job(1719): 2016-09-10 01:27:46] active bounds at final generalized Cauchy point 0
[job(1719): 2016-09-10 01:27:46] norm of the final projected gradient 0
[job(1719): 2016-09-10 01:27:46] final function value -17.8988
[job(1719): 2016-09-10 01:27:46] 
[job(1719): 2016-09-10 01:27:46] F = -17.8988
[job(1719): 2016-09-10 01:27:46] final  value -17.898847 
[job(1719): 2016-09-10 01:27:46] converged
[job(1719): 2016-09-10 01:27:46] [Tune-x] 14: C=1.17; sigma=668
[job(1719): 2016-09-10 01:27:46] [Tune-y] 14: acc.test.mean=0.579; time: 0.1 min; memory: 118Mb use, 191Mb max
[job(1719): 2016-09-10 01:27:46] 
[job(1719): 2016-09-10 01:27:46] optimisation start
[job(1719): 2016-09-10 01:27:46] ------------------
[job(1719): 2016-09-10 01:27:46] * estimation method   : MLE 
[job(1719): 2016-09-10 01:27:46] * optimisation method : BFGS 
[job(1719): 2016-09-10 01:27:46] * analytical gradient : used
[job(1719): 2016-09-10 01:27:46] * trend model : ~1
[job(1719): 2016-09-10 01:27:46] * covariance model : 
[job(1719): 2016-09-10 01:27:46]   - type :  matern5_2 
[job(1719): 2016-09-10 01:27:46]   - nugget : NO
[job(1719): 2016-09-10 01:27:46]   - parameters lower bounds :  1e-10 1e-10 
[job(1719): 2016-09-10 01:27:46]   - parameters upper bounds :  41.84239 46.13069 
[job(1719): 2016-09-10 01:27:46]   - best initial criterion value(s) :  23.57113 
[job(1719): 2016-09-10 01:27:46] 
[job(1719): 2016-09-10 01:27:46] N = 2, M = 5 machine precision = 2.22045e-16
[job(1719): 2016-09-10 01:27:46] At X0, 0 variables are exactly at the bounds
[job(1719): 2016-09-10 01:27:46] At iterate     0  f=      -23.571  |proj g|=       2.9843
[job(1719): 2016-09-10 01:27:46] At iterate     1  f =      -23.574  |proj g|=      0.075314
[job(1719): 2016-09-10 01:27:46] At iterate     2  f =      -23.574  |proj g|=     0.0056565
[job(1719): 2016-09-10 01:27:46] At iterate     3  f =      -23.574  |proj g|=     0.0056558
[job(1719): 2016-09-10 01:27:46] 
[job(1719): 2016-09-10 01:27:46] iterations 3
[job(1719): 2016-09-10 01:27:46] function evaluations 6
[job(1719): 2016-09-10 01:27:46] segments explored during Cauchy searches 3
[job(1719): 2016-09-10 01:27:46] BFGS updates skipped 0
[job(1719): 2016-09-10 01:27:46] active bounds at final generalized Cauchy point 0
[job(1719): 2016-09-10 01:27:46] norm of the final projected gradient 0.00565576
[job(1719): 2016-09-10 01:27:46] final function value -23.574
[job(1719): 2016-09-10 01:27:46] 
[job(1719): 2016-09-10 01:27:46] F = -23.574
[job(1719): 2016-09-10 01:27:46] final  value -23.574000 
[job(1719): 2016-09-10 01:27:46] converged
[job(1719): 2016-09-10 01:27:46] [Tune-x] 15: C=295; sigma=0.00922
[job(1719): 2016-09-10 01:27:46] [Tune-y] 15: acc.test.mean= 0.7; time: 0.1 min; memory: 118Mb use, 191Mb max
[job(1719): 2016-09-10 01:27:46] 
[job(1719): 2016-09-10 01:27:46] optimisation start
[job(1719): 2016-09-10 01:27:46] ------------------
[job(1719): 2016-09-10 01:27:46] * estimation method   : MLE 
[job(1719): 2016-09-10 01:27:46] * optimisation method : BFGS 
[job(1719): 2016-09-10 01:27:46] * analytical gradient : used
[job(1719): 2016-09-10 01:27:46] * trend model : ~1
[job(1719): 2016-09-10 01:27:46] * covariance model : 
[job(1719): 2016-09-10 01:27:46]   - type :  matern5_2 
[job(1719): 2016-09-10 01:27:46]   - nugget : NO
[job(1719): 2016-09-10 01:27:46]   - parameters lower bounds :  1e-10 1e-10 
[job(1719): 2016-09-10 01:27:46]   - parameters upper bounds :  41.84239 46.13069 
[job(1719): 2016-09-10 01:27:46]   - best initial criterion value(s) :  16.8315 
[job(1719): 2016-09-10 01:27:46] 
[job(1719): 2016-09-10 01:27:46] N = 2, M = 5 machine precision = 2.22045e-16
[job(1719): 2016-09-10 01:27:46] At X0, 0 variables are exactly at the bounds
[job(1719): 2016-09-10 01:27:46] At iterate     0  f=      -16.832  |proj g|=       1.9219
[job(1719): 2016-09-10 01:27:46] At iterate     1  f =      -20.664  |proj g|=             0
[job(1719): 2016-09-10 01:27:46] 
[job(1719): 2016-09-10 01:27:46] iterations 1
[job(1719): 2016-09-10 01:27:46] function evaluations 2
[job(1719): 2016-09-10 01:27:46] segments explored during Cauchy searches 2
[job(1719): 2016-09-10 01:27:46] BFGS updates skipped 0
[job(1719): 2016-09-10 01:27:46] active bounds at final generalized Cauchy point 2
[job(1719): 2016-09-10 01:27:46] norm of the final projected gradient 0
[job(1719): 2016-09-10 01:27:46] final function value -20.6637
[job(1719): 2016-09-10 01:27:46] 
[job(1719): 2016-09-10 01:27:46] F = -20.6637
[job(1719): 2016-09-10 01:27:46] final  value -20.663700 
[job(1719): 2016-09-10 01:27:46] converged
[job(1719): 2016-09-10 01:27:46] [Tune-x] 16: C=690; sigma=0.303
[job(1719): 2016-09-10 01:27:46] [Tune-y] 16: acc.test.mean=0.614; time: 0.1 min; memory: 118Mb use, 191Mb max
[job(1719): 2016-09-10 01:27:46] 
[job(1719): 2016-09-10 01:27:46] optimisation start
[job(1719): 2016-09-10 01:27:46] ------------------
[job(1719): 2016-09-10 01:27:46] * estimation method   : MLE 
[job(1719): 2016-09-10 01:27:46] * optimisation method : BFGS 
[job(1719): 2016-09-10 01:27:46] * analytical gradient : used
[job(1719): 2016-09-10 01:27:46] * trend model : ~1
[job(1719): 2016-09-10 01:27:46] * covariance model : 
[job(1719): 2016-09-10 01:27:46]   - type :  matern5_2 
[job(1719): 2016-09-10 01:27:46]   - nugget : NO
[job(1719): 2016-09-10 01:27:46]   - parameters lower bounds :  1e-10 1e-10 
[job(1719): 2016-09-10 01:27:46]   - parameters upper bounds :  42.60798 46.13069 
[job(1719): 2016-09-10 01:27:46]   - best initial criterion value(s) :  29.41263 
[job(1719): 2016-09-10 01:27:46] 
[job(1719): 2016-09-10 01:27:46] N = 2, M = 5 machine precision = 2.22045e-16
[job(1719): 2016-09-10 01:27:46] At X0, 0 variables are exactly at the bounds
[job(1719): 2016-09-10 01:27:46] At iterate     0  f=      -29.413  |proj g|=      0.30871
[job(1719): 2016-09-10 01:27:46] At iterate     1  f =      -29.621  |proj g|=       0.31961
[job(1719): 2016-09-10 01:27:46] At iterate     2  f =      -29.848  |proj g|=       0.31297
[job(1719): 2016-09-10 01:27:46] At iterate     3  f =      -29.858  |proj g|=       0.30443
[job(1719): 2016-09-10 01:27:46] At iterate     4  f =      -29.861  |proj g|=        0.4977
[job(1719): 2016-09-10 01:27:46] At iterate     5  f =      -29.865  |proj g|=       0.94777
[job(1719): 2016-09-10 01:27:46] At iterate     6  f =      -29.875  |proj g|=         1.813
[job(1719): 2016-09-10 01:27:46] At iterate     7  f =      -29.901  |proj g|=        3.1001
[job(1719): 2016-09-10 01:27:46] At iterate     8  f =      -29.965  |proj g|=        5.3606
[job(1719): 2016-09-10 01:27:46] At iterate     9  f =      -30.142  |proj g|=        9.6754
[job(1719): 2016-09-10 01:27:46] At iterate    10  f =      -30.825  |proj g|=        19.747
[job(1719): 2016-09-10 01:27:46] At iterate    11  f =      -31.461  |proj g|=        18.767
[job(1719): 2016-09-10 01:27:46] At iterate    12  f =      -31.616  |proj g|=        16.222
[job(1719): 2016-09-10 01:27:46] At iterate    13  f =      -32.144  |proj g|=        2.6091
[job(1719): 2016-09-10 01:27:46] At iterate    14  f =      -33.346  |proj g|=        19.971
[job(1719): 2016-09-10 01:27:46] At iterate    15  f =      -33.397  |proj g|=        19.473
[job(1719): 2016-09-10 01:27:46] At iterate    16  f =      -35.959  |proj g|=        8.5681
[job(1719): 2016-09-10 01:27:46] At iterate    17  f =      -36.674  |proj g|=        7.4534
[job(1719): 2016-09-10 01:27:46] At iterate    18  f =      -37.885  |proj g|=         2.057
[job(1719): 2016-09-10 01:27:46] At iterate    19  f =      -38.009  |proj g|=       0.53703
[job(1719): 2016-09-10 01:27:46] At iterate    20  f =      -38.652  |proj g|=        9.7298
[job(1719): 2016-09-10 01:27:46] At iterate    21  f =      -38.663  |proj g|=         15.06
[job(1719): 2016-09-10 01:27:46] At iterate    22  f =      -39.288  |proj g|=        21.922
[job(1719): 2016-09-10 01:27:46] At iterate    23  f =      -41.937  |proj g|=        43.903
[job(1719): 2016-09-10 01:27:46] At iterate    24  f =      -42.273  |proj g|=      0.089107
[job(1719): 2016-09-10 01:27:46] At iterate    25  f =      -42.438  |proj g|=       0.82964
[job(1719): 2016-09-10 01:27:46] At iterate    26  f =       -42.44  |proj g|=       0.19473
[job(1719): 2016-09-10 01:27:46] At iterate    27  f =       -42.44  |proj g|=      0.061922
[job(1719): 2016-09-10 01:27:46] At iterate    28  f =       -42.44  |proj g|=     0.0018477
[job(1719): 2016-09-10 01:27:46] At iterate    29  f =       -42.44  |proj g|=    1.7444e-07
[job(1719): 2016-09-10 01:27:46] 
[job(1719): 2016-09-10 01:27:46] iterations 29
[job(1719): 2016-09-10 01:27:46] function evaluations 51
[job(1719): 2016-09-10 01:27:46] segments explored during Cauchy searches 30
[job(1719): 2016-09-10 01:27:46] BFGS updates skipped 0
[job(1719): 2016-09-10 01:27:46] active bounds at final generalized Cauchy point 0
[job(1719): 2016-09-10 01:27:46] norm of the final projected gradient 1.74442e-07
[job(1719): 2016-09-10 01:27:46] final function value -42.4404
[job(1719): 2016-09-10 01:27:46] 
[job(1719): 2016-09-10 01:27:46] F = -42.4404
[job(1719): 2016-09-10 01:27:46] final  value -42.440437 
[job(1719): 2016-09-10 01:27:46] converged
[job(1719): 2016-09-10 01:27:46] [Tune-x] 17: C=437; sigma=0.00909
[job(1719): 2016-09-10 01:27:46] [Tune-y] 17: acc.test.mean=0.712; time: 0.1 min; memory: 118Mb use, 191Mb max
[job(1719): 2016-09-10 01:27:46] 
[job(1719): 2016-09-10 01:27:46] optimisation start
[job(1719): 2016-09-10 01:27:46] ------------------
[job(1719): 2016-09-10 01:27:46] * estimation method   : MLE 
[job(1719): 2016-09-10 01:27:46] * optimisation method : BFGS 
[job(1719): 2016-09-10 01:27:46] * analytical gradient : used
[job(1719): 2016-09-10 01:27:46] * trend model : ~1
[job(1719): 2016-09-10 01:27:46] * covariance model : 
[job(1719): 2016-09-10 01:27:46]   - type :  matern5_2 
[job(1719): 2016-09-10 01:27:46]   - nugget : NO
[job(1719): 2016-09-10 01:27:46]   - parameters lower bounds :  1e-10 1e-10 
[job(1719): 2016-09-10 01:27:46]   - parameters upper bounds :  42.60798 46.13069 
[job(1719): 2016-09-10 01:27:46]   - best initial criterion value(s) :  -24.80142 
[job(1719): 2016-09-10 01:27:46] 
[job(1719): 2016-09-10 01:27:46] N = 2, M = 5 machine precision = 2.22045e-16
[job(1719): 2016-09-10 01:27:46] At X0, 0 variables are exactly at the bounds
[job(1719): 2016-09-10 01:27:46] At iterate     0  f=       24.801  |proj g|=      0.92631
[job(1719): 2016-09-10 01:27:46] At iterate     1  f =       23.924  |proj g|=       0.96739
[job(1719): 2016-09-10 01:27:46] ys=-3.796e-02  -gs= 8.582e-01, BFGS update SKIPPED
[job(1719): 2016-09-10 01:27:46] At iterate     2  f =      -23.647  |proj g|=    1.7681e-15
[job(1719): 2016-09-10 01:27:46] Bad direction in the line search;
[job(1719): 2016-09-10 01:27:46]    refresh the lbfgs memory and restart the iteration.
[job(1719): 2016-09-10 01:27:46] Derivative >= 0, backtracking line search impossible.final  value -23.647402 
[job(1719): 2016-09-10 01:27:46] stopped after 2 iterations
[job(1719): 2016-09-10 01:27:46] [Tune-x] 18: C=0.00165; sigma=1.95e+03
[job(1719): 2016-09-10 01:27:46] [Tune-y] 18: acc.test.mean=0.579; time: 0.0 min; memory: 118Mb use, 191Mb max
[job(1719): 2016-09-10 01:27:46] 
[job(1719): 2016-09-10 01:27:46] optimisation start
[job(1719): 2016-09-10 01:27:46] ------------------
[job(1719): 2016-09-10 01:27:46] * estimation method   : MLE 
[job(1719): 2016-09-10 01:27:46] * optimisation method : BFGS 
[job(1719): 2016-09-10 01:27:46] * analytical gradient : used
[job(1719): 2016-09-10 01:27:46] * trend model : ~1
[job(1719): 2016-09-10 01:27:46] * covariance model : 
[job(1719): 2016-09-10 01:27:46]   - type :  matern5_2 
[job(1719): 2016-09-10 01:27:46]   - nugget : NO
[job(1719): 2016-09-10 01:27:46]   - parameters lower bounds :  1e-10 1e-10 
[job(1719): 2016-09-10 01:27:46]   - parameters upper bounds :  42.60798 46.13069 
[job(1719): 2016-09-10 01:27:46]   - best initial criterion value(s) :  32.75796 
[job(1719): 2016-09-10 01:27:46] 
[job(1719): 2016-09-10 01:27:46] N = 2, M = 5 machine precision = 2.22045e-16
[job(1719): 2016-09-10 01:27:46] At X0, 0 variables are exactly at the bounds
[job(1719): 2016-09-10 01:27:46] At iterate     0  f=      -32.758  |proj g|=       1.5082
[job(1719): 2016-09-10 01:27:46] At iterate     1  f =       -35.24  |proj g|=        1.2513
[job(1719): 2016-09-10 01:27:46] At iterate     2  f =      -36.861  |proj g|=        4.4447
[job(1719): 2016-09-10 01:27:46] At iterate     3  f =      -37.736  |proj g|=        27.371
[job(1719): 2016-09-10 01:27:46] At iterate     4  f =      -37.895  |proj g|=         27.66
[job(1719): 2016-09-10 01:27:46] At iterate     5  f =      -42.097  |proj g|=        9.8856
[job(1719): 2016-09-10 01:27:46] At iterate     6  f =      -42.941  |proj g|=        9.4726
[job(1719): 2016-09-10 01:27:46] At iterate     7  f =      -43.363  |proj g|=        0.9344
[job(1719): 2016-09-10 01:27:46] At iterate     8  f =      -43.417  |proj g|=       0.43136
[job(1719): 2016-09-10 01:27:46] At iterate     9  f =      -43.462  |proj g|=       0.61391
[job(1719): 2016-09-10 01:27:46] At iterate    10  f =      -43.938  |proj g|=        8.4038
[job(1719): 2016-09-10 01:27:46] ys=-1.520e-01  -gs= 1.301e-01, BFGS update SKIPPED
[job(1719): 2016-09-10 01:27:46] At iterate    11  f =      -43.995  |proj g|=        20.291
[job(1719): 2016-09-10 01:27:46] At iterate    12  f =      -45.932  |proj g|=        46.086
[job(1719): 2016-09-10 01:27:46] At iterate    13  f =      -49.388  |proj g|=        1.6307
[job(1719): 2016-09-10 01:27:46] At iterate    14  f =      -50.118  |proj g|=       0.34593
[job(1719): 2016-09-10 01:27:46] At iterate    15  f =      -50.154  |proj g|=       0.27784
[job(1719): 2016-09-10 01:27:46] At iterate    16  f =      -50.154  |proj g|=      0.019996
[job(1719): 2016-09-10 01:27:46] At iterate    17  f =      -50.154  |proj g|=    0.00031685
[job(1719): 2016-09-10 01:27:46] 
[job(1719): 2016-09-10 01:27:46] iterations 17
[job(1719): 2016-09-10 01:27:46] function evaluations 37
[job(1719): 2016-09-10 01:27:46] segments explored during Cauchy searches 18
[job(1719): 2016-09-10 01:27:46] BFGS updates skipped 1
[job(1719): 2016-09-10 01:27:46] active bounds at final generalized Cauchy point 0
[job(1719): 2016-09-10 01:27:46] norm of the final projected gradient 0.00031685
[job(1719): 2016-09-10 01:27:46] final function value -50.1539
[job(1719): 2016-09-10 01:27:46] 
[job(1719): 2016-09-10 01:27:46] F = -50.1539
[job(1719): 2016-09-10 01:27:46] final  value -50.153912 
[job(1719): 2016-09-10 01:27:46] converged
[job(1719): 2016-09-10 01:27:46] [Tune-x] 19: C=459; sigma=0.00909
[job(1719): 2016-09-10 01:27:46] [Tune-y] 19: acc.test.mean=0.703; time: 0.1 min; memory: 118Mb use, 191Mb max
[job(1719): 2016-09-10 01:27:46] 
[job(1719): 2016-09-10 01:27:46] optimisation start
[job(1719): 2016-09-10 01:27:46] ------------------
[job(1719): 2016-09-10 01:27:46] * estimation method   : MLE 
[job(1719): 2016-09-10 01:27:46] * optimisation method : BFGS 
[job(1719): 2016-09-10 01:27:46] * analytical gradient : used
[job(1719): 2016-09-10 01:27:46] * trend model : ~1
[job(1719): 2016-09-10 01:27:46] * covariance model : 
[job(1719): 2016-09-10 01:27:46]   - type :  matern5_2 
[job(1719): 2016-09-10 01:27:46]   - nugget : NO
[job(1719): 2016-09-10 01:27:46]   - parameters lower bounds :  1e-10 1e-10 
[job(1719): 2016-09-10 01:27:46]   - parameters upper bounds :  42.60798 46.13069 
[job(1719): 2016-09-10 01:27:46]   - best initial criterion value(s) :  -9.085816 
[job(1719): 2016-09-10 01:27:46] 
[job(1719): 2016-09-10 01:27:46] N = 2, M = 5 machine precision = 2.22045e-16
[job(1719): 2016-09-10 01:27:46] At X0, 0 variables are exactly at the bounds
[job(1719): 2016-09-10 01:27:46] At iterate     0  f=       9.0858  |proj g|=       1.9389
[job(1719): 2016-09-10 01:27:46] At iterate     1  f =      -26.366  |proj g|=             0
[job(1719): 2016-09-10 01:27:46] 
[job(1719): 2016-09-10 01:27:46] iterations 1
[job(1719): 2016-09-10 01:27:46] function evaluations 2
[job(1719): 2016-09-10 01:27:46] segments explored during Cauchy searches 2
[job(1719): 2016-09-10 01:27:46] BFGS updates skipped 0
[job(1719): 2016-09-10 01:27:46] active bounds at final generalized Cauchy point 1
[job(1719): 2016-09-10 01:27:46] norm of the final projected gradient 0
[job(1719): 2016-09-10 01:27:46] final function value -26.3657
[job(1719): 2016-09-10 01:27:46] 
[job(1719): 2016-09-10 01:27:46] F = -26.3657
[job(1719): 2016-09-10 01:27:46] final  value -26.365657 
[job(1719): 2016-09-10 01:27:46] converged
[job(1719): 2016-09-10 01:27:46] [Tune-x] 20: C=5.43; sigma=8.83
[job(1719): 2016-09-10 01:27:46] [Tune-y] 20: acc.test.mean=0.59; time: 0.1 min; memory: 118Mb use, 191Mb max
[job(1719): 2016-09-10 01:27:46] 
[job(1719): 2016-09-10 01:27:46] optimisation start
[job(1719): 2016-09-10 01:27:46] ------------------
[job(1719): 2016-09-10 01:27:46] * estimation method   : MLE 
[job(1719): 2016-09-10 01:27:46] * optimisation method : BFGS 
[job(1719): 2016-09-10 01:27:46] * analytical gradient : used
[job(1719): 2016-09-10 01:27:46] * trend model : ~1
[job(1719): 2016-09-10 01:27:46] * covariance model : 
[job(1719): 2016-09-10 01:27:46]   - type :  matern5_2 
[job(1719): 2016-09-10 01:27:46]   - nugget : NO
[job(1719): 2016-09-10 01:27:46]   - parameters lower bounds :  1e-10 1e-10 
[job(1719): 2016-09-10 01:27:46]   - parameters upper bounds :  42.60798 46.13069 
[job(1719): 2016-09-10 01:27:46]   - best initial criterion value(s) :  -34.21323 
[job(1719): 2016-09-10 01:27:46] 
[job(1719): 2016-09-10 01:27:46] N = 2, M = 5 machine precision = 2.22045e-16
[job(1719): 2016-09-10 01:27:46] At X0, 0 variables are exactly at the bounds
[job(1719): 2016-09-10 01:27:46] At iterate     0  f=       34.213  |proj g|=       3.3405
[job(1719): 2016-09-10 01:27:46] At iterate     1  f =       21.595  |proj g|=        3.2447
[job(1719): 2016-09-10 01:27:46] ys=-5.804e+00  -gs= 1.116e+01, BFGS update SKIPPED
[job(1719): 2016-09-10 01:27:46] At iterate     2  f =      -27.906  |proj g|=             0
[job(1719): 2016-09-10 01:27:46] 
[job(1719): 2016-09-10 01:27:46] iterations 2
[job(1719): 2016-09-10 01:27:46] function evaluations 3
[job(1719): 2016-09-10 01:27:46] segments explored during Cauchy searches 3
[job(1719): 2016-09-10 01:27:46] BFGS updates skipped 1
[job(1719): 2016-09-10 01:27:46] active bounds at final generalized Cauchy point 1
[job(1719): 2016-09-10 01:27:46] norm of the final projected gradient 0
[job(1719): 2016-09-10 01:27:46] final function value -27.9061
[job(1719): 2016-09-10 01:27:46] 
[job(1719): 2016-09-10 01:27:46] F = -27.9061
[job(1719): 2016-09-10 01:27:46] final  value -27.906129 
[job(1719): 2016-09-10 01:27:46] converged
[job(1719): 2016-09-10 01:27:46] [Tune-x] 21: C=12.9; sigma=2.63
[job(1719): 2016-09-10 01:27:46] [Tune-y] 21: acc.test.mean=0.608; time: 0.1 min; memory: 118Mb use, 191Mb max
[job(1719): 2016-09-10 01:27:46] 
[job(1719): 2016-09-10 01:27:46] optimisation start
[job(1719): 2016-09-10 01:27:46] ------------------
[job(1719): 2016-09-10 01:27:46] * estimation method   : MLE 
[job(1719): 2016-09-10 01:27:46] * optimisation method : BFGS 
[job(1719): 2016-09-10 01:27:46] * analytical gradient : used
[job(1719): 2016-09-10 01:27:46] * trend model : ~1
[job(1719): 2016-09-10 01:27:46] * covariance model : 
[job(1719): 2016-09-10 01:27:46]   - type :  matern5_2 
[job(1719): 2016-09-10 01:27:46]   - nugget : NO
[job(1719): 2016-09-10 01:27:46]   - parameters lower bounds :  1e-10 1e-10 
[job(1719): 2016-09-10 01:27:46]   - parameters upper bounds :  42.60798 46.13069 
[job(1719): 2016-09-10 01:27:46]   - best initial criterion value(s) :  16.03146 
[job(1719): 2016-09-10 01:27:46] 
[job(1719): 2016-09-10 01:27:46] N = 2, M = 5 machine precision = 2.22045e-16
[job(1719): 2016-09-10 01:27:46] At X0, 0 variables are exactly at the bounds
[job(1719): 2016-09-10 01:27:46] At iterate     0  f=      -16.031  |proj g|=      0.72055
[job(1719): 2016-09-10 01:27:46] At iterate     1  f =      -29.682  |proj g|=             0
[job(1719): 2016-09-10 01:27:46] 
[job(1719): 2016-09-10 01:27:46] iterations 1
[job(1719): 2016-09-10 01:27:46] function evaluations 2
[job(1719): 2016-09-10 01:27:46] segments explored during Cauchy searches 2
[job(1719): 2016-09-10 01:27:46] BFGS updates skipped 0
[job(1719): 2016-09-10 01:27:46] active bounds at final generalized Cauchy point 1
[job(1719): 2016-09-10 01:27:46] norm of the final projected gradient 0
[job(1719): 2016-09-10 01:27:46] final function value -29.6818
[job(1719): 2016-09-10 01:27:46] 
[job(1719): 2016-09-10 01:27:46] F = -29.6818
[job(1719): 2016-09-10 01:27:46] final  value -29.681792 
[job(1719): 2016-09-10 01:27:46] converged
[job(1719): 2016-09-10 01:27:46] [Tune-x] 22: C=0.000739; sigma=1.04e+03
[job(1719): 2016-09-10 01:27:46] [Tune-y] 22: acc.test.mean=0.579; time: 0.0 min; memory: 118Mb use, 191Mb max
[job(1719): 2016-09-10 01:27:46] 
[job(1719): 2016-09-10 01:27:46] optimisation start
[job(1719): 2016-09-10 01:27:46] ------------------
[job(1719): 2016-09-10 01:27:46] * estimation method   : MLE 
[job(1719): 2016-09-10 01:27:46] * optimisation method : BFGS 
[job(1719): 2016-09-10 01:27:46] * analytical gradient : used
[job(1719): 2016-09-10 01:27:46] * trend model : ~1
[job(1719): 2016-09-10 01:27:46] * covariance model : 
[job(1719): 2016-09-10 01:27:46]   - type :  matern5_2 
[job(1719): 2016-09-10 01:27:46]   - nugget : NO
[job(1719): 2016-09-10 01:27:46]   - parameters lower bounds :  1e-10 1e-10 
[job(1719): 2016-09-10 01:27:46]   - parameters upper bounds :  42.60798 46.13069 
[job(1719): 2016-09-10 01:27:46]   - best initial criterion value(s) :  22.68344 
[job(1719): 2016-09-10 01:27:46] 
[job(1719): 2016-09-10 01:27:46] N = 2, M = 5 machine precision = 2.22045e-16
[job(1719): 2016-09-10 01:27:46] At X0, 0 variables are exactly at the bounds
[job(1719): 2016-09-10 01:27:46] At iterate     0  f=      -22.683  |proj g|=       1.5591
[job(1719): 2016-09-10 01:27:46] At iterate     1  f =      -31.126  |proj g|=             0
[job(1719): 2016-09-10 01:27:46] 
[job(1719): 2016-09-10 01:27:46] iterations 1
[job(1719): 2016-09-10 01:27:46] function evaluations 2
[job(1719): 2016-09-10 01:27:46] segments explored during Cauchy searches 2
[job(1719): 2016-09-10 01:27:46] BFGS updates skipped 0
[job(1719): 2016-09-10 01:27:46] active bounds at final generalized Cauchy point 2
[job(1719): 2016-09-10 01:27:46] norm of the final projected gradient 0
[job(1719): 2016-09-10 01:27:46] final function value -31.1258
[job(1719): 2016-09-10 01:27:46] 
[job(1719): 2016-09-10 01:27:46] F = -31.1258
[job(1719): 2016-09-10 01:27:46] final  value -31.125793 
[job(1719): 2016-09-10 01:27:46] converged
[job(1719): 2016-09-10 01:27:46] [Tune-x] 23: C=0.0182; sigma=309
[job(1719): 2016-09-10 01:27:46] [Tune-y] 23: acc.test.mean=0.579; time: 0.1 min; memory: 118Mb use, 191Mb max
[job(1719): 2016-09-10 01:27:46] 
[job(1719): 2016-09-10 01:27:46] optimisation start
[job(1719): 2016-09-10 01:27:46] ------------------
[job(1719): 2016-09-10 01:27:46] * estimation method   : MLE 
[job(1719): 2016-09-10 01:27:46] * optimisation method : BFGS 
[job(1719): 2016-09-10 01:27:46] * analytical gradient : used
[job(1719): 2016-09-10 01:27:46] * trend model : ~1
[job(1719): 2016-09-10 01:27:46] * covariance model : 
[job(1719): 2016-09-10 01:27:46]   - type :  matern5_2 
[job(1719): 2016-09-10 01:27:46]   - nugget : NO
[job(1719): 2016-09-10 01:27:46]   - parameters lower bounds :  1e-10 1e-10 
[job(1719): 2016-09-10 01:27:46]   - parameters upper bounds :  42.60798 46.13069 
[job(1719): 2016-09-10 01:27:46]   - best initial criterion value(s) :  39.37537 
[job(1719): 2016-09-10 01:27:46] 
[job(1719): 2016-09-10 01:27:46] N = 2, M = 5 machine precision = 2.22045e-16
[job(1719): 2016-09-10 01:27:46] At X0, 0 variables are exactly at the bounds
[job(1719): 2016-09-10 01:27:46] At iterate     0  f=      -39.375  |proj g|=     0.081426
[job(1719): 2016-09-10 01:27:46] At iterate     1  f =      -39.476  |proj g|=      0.077202
[job(1719): 2016-09-10 01:27:46] At iterate     2  f =      -39.521  |proj g|=       0.76043
[job(1719): 2016-09-10 01:27:46] At iterate     3  f =      -39.521  |proj g|=      0.011593
[job(1719): 2016-09-10 01:27:46] At iterate     4  f =      -39.521  |proj g|=     0.0055514
[job(1719): 2016-09-10 01:27:46] 
[job(1719): 2016-09-10 01:27:46] iterations 4
[job(1719): 2016-09-10 01:27:46] function evaluations 6
[job(1719): 2016-09-10 01:27:46] segments explored during Cauchy searches 5
[job(1719): 2016-09-10 01:27:46] BFGS updates skipped 0
[job(1719): 2016-09-10 01:27:46] active bounds at final generalized Cauchy point 0
[job(1719): 2016-09-10 01:27:46] norm of the final projected gradient 0.0055514
[job(1719): 2016-09-10 01:27:46] final function value -39.5209
[job(1719): 2016-09-10 01:27:46] 
[job(1719): 2016-09-10 01:27:46] F = -39.5209
[job(1719): 2016-09-10 01:27:46] final  value -39.520901 
[job(1719): 2016-09-10 01:27:46] converged
[job(1719): 2016-09-10 01:27:46] [Tune-x] 24: C=445; sigma=0.00353
[job(1719): 2016-09-10 01:27:46] [Tune-y] 24: acc.test.mean=0.702; time: 0.1 min; memory: 118Mb use, 191Mb max
[job(1719): 2016-09-10 01:27:46] 
[job(1719): 2016-09-10 01:27:46] optimisation start
[job(1719): 2016-09-10 01:27:46] ------------------
[job(1719): 2016-09-10 01:27:46] * estimation method   : MLE 
[job(1719): 2016-09-10 01:27:46] * optimisation method : BFGS 
[job(1719): 2016-09-10 01:27:46] * analytical gradient : used
[job(1719): 2016-09-10 01:27:46] * trend model : ~1
[job(1719): 2016-09-10 01:27:46] * covariance model : 
[job(1719): 2016-09-10 01:27:46]   - type :  matern5_2 
[job(1719): 2016-09-10 01:27:46]   - nugget : NO
[job(1719): 2016-09-10 01:27:46]   - parameters lower bounds :  1e-10 1e-10 
[job(1719): 2016-09-10 01:27:46]   - parameters upper bounds :  42.60798 46.13069 
[job(1719): 2016-09-10 01:27:46]   - best initial criterion value(s) :  -53.91593 
[job(1719): 2016-09-10 01:27:46] 
[job(1719): 2016-09-10 01:27:46] N = 2, M = 5 machine precision = 2.22045e-16
[job(1719): 2016-09-10 01:27:46] At X0, 0 variables are exactly at the bounds
[job(1719): 2016-09-10 01:27:46] At iterate     0  f=       53.916  |proj g|=       2.9587
[job(1719): 2016-09-10 01:27:46] At iterate     1  f =       43.246  |proj g|=        3.9966
[job(1719): 2016-09-10 01:27:46] At iterate     2  f =      -33.852  |proj g|=             0
[job(1719): 2016-09-10 01:27:46] 
[job(1719): 2016-09-10 01:27:46] iterations 2
[job(1719): 2016-09-10 01:27:46] function evaluations 3
[job(1719): 2016-09-10 01:27:46] segments explored during Cauchy searches 2
[job(1719): 2016-09-10 01:27:46] BFGS updates skipped 0
[job(1719): 2016-09-10 01:27:46] active bounds at final generalized Cauchy point 0
[job(1719): 2016-09-10 01:27:46] norm of the final projected gradient 0
[job(1719): 2016-09-10 01:27:46] final function value -33.8525
[job(1719): 2016-09-10 01:27:46] 
[job(1719): 2016-09-10 01:27:46] F = -33.8525
[job(1719): 2016-09-10 01:27:46] final  value -33.852497 
[job(1719): 2016-09-10 01:27:46] converged
[job(1719): 2016-09-10 01:27:46] [Tune-x] 25: C=1.49; sigma=1.01
[job(1719): 2016-09-10 01:27:46] [Tune-y] 25: acc.test.mean=0.669; time: 0.1 min; memory: 118Mb use, 191Mb max
[job(1719): 2016-09-10 01:27:46] 
[job(1719): 2016-09-10 01:27:46] optimisation start
[job(1719): 2016-09-10 01:27:46] ------------------
[job(1719): 2016-09-10 01:27:46] * estimation method   : MLE 
[job(1719): 2016-09-10 01:27:46] * optimisation method : BFGS 
[job(1719): 2016-09-10 01:27:46] * analytical gradient : used
[job(1719): 2016-09-10 01:27:46] * trend model : ~1
[job(1719): 2016-09-10 01:27:46] * covariance model : 
[job(1719): 2016-09-10 01:27:46]   - type :  matern5_2 
[job(1719): 2016-09-10 01:27:46]   - nugget : NO
[job(1719): 2016-09-10 01:27:46]   - parameters lower bounds :  1e-10 1e-10 
[job(1719): 2016-09-10 01:27:46]   - parameters upper bounds :  42.60798 46.13069 
[job(1719): 2016-09-10 01:27:46]   - best initial criterion value(s) :  -38.58046 
[job(1719): 2016-09-10 01:27:46] 
[job(1719): 2016-09-10 01:27:46] N = 2, M = 5 machine precision = 2.22045e-16
[job(1719): 2016-09-10 01:27:46] At X0, 0 variables are exactly at the bounds
[job(1719): 2016-09-10 01:27:46] At iterate     0  f=        38.58  |proj g|=        3.722
[job(1719): 2016-09-10 01:27:46] At iterate     1  f =       -35.61  |proj g|=             0
[job(1719): 2016-09-10 01:27:46] 
[job(1719): 2016-09-10 01:27:46] iterations 1
[job(1719): 2016-09-10 01:27:46] function evaluations 2
[job(1719): 2016-09-10 01:27:46] segments explored during Cauchy searches 2
[job(1719): 2016-09-10 01:27:46] BFGS updates skipped 0
[job(1719): 2016-09-10 01:27:46] active bounds at final generalized Cauchy point 1
[job(1719): 2016-09-10 01:27:46] norm of the final projected gradient 0
[job(1719): 2016-09-10 01:27:46] final function value -35.6099
[job(1719): 2016-09-10 01:27:46] 
[job(1719): 2016-09-10 01:27:46] F = -35.6099
[job(1719): 2016-09-10 01:27:46] final  value -35.609912 
[job(1719): 2016-09-10 01:27:46] converged
[job(1719): 2016-09-10 01:27:46] [Tune-x] 26: C=203; sigma=0.000423
[job(1719): 2016-09-10 01:27:46] [Tune-y] 26: acc.test.mean=0.702; time: 0.0 min; memory: 118Mb use, 191Mb max
[job(1719): 2016-09-10 01:27:46] 
[job(1719): 2016-09-10 01:27:46] optimisation start
[job(1719): 2016-09-10 01:27:46] ------------------
[job(1719): 2016-09-10 01:27:46] * estimation method   : MLE 
[job(1719): 2016-09-10 01:27:46] * optimisation method : BFGS 
[job(1719): 2016-09-10 01:27:46] * analytical gradient : used
[job(1719): 2016-09-10 01:27:46] * trend model : ~1
[job(1719): 2016-09-10 01:27:46] * covariance model : 
[job(1719): 2016-09-10 01:27:46]   - type :  matern5_2 
[job(1719): 2016-09-10 01:27:46]   - nugget : NO
[job(1719): 2016-09-10 01:27:46]   - parameters lower bounds :  1e-10 1e-10 
[job(1719): 2016-09-10 01:27:46]   - parameters upper bounds :  42.60798 46.13069 
[job(1719): 2016-09-10 01:27:46]   - best initial criterion value(s) :  -40.9833 
[job(1719): 2016-09-10 01:27:46] 
[job(1719): 2016-09-10 01:27:46] N = 2, M = 5 machine precision = 2.22045e-16
[job(1719): 2016-09-10 01:27:46] At X0, 0 variables are exactly at the bounds
[job(1719): 2016-09-10 01:27:46] At iterate     0  f=       40.983  |proj g|=       4.9511
[job(1719): 2016-09-10 01:27:46] At iterate     1  f =       -36.92  |proj g|=             0
[job(1719): 2016-09-10 01:27:46] 
[job(1719): 2016-09-10 01:27:46] iterations 1
[job(1719): 2016-09-10 01:27:46] function evaluations 2
[job(1719): 2016-09-10 01:27:46] segments explored during Cauchy searches 2
[job(1719): 2016-09-10 01:27:46] BFGS updates skipped 0
[job(1719): 2016-09-10 01:27:46] active bounds at final generalized Cauchy point 1
[job(1719): 2016-09-10 01:27:46] norm of the final projected gradient 0
[job(1719): 2016-09-10 01:27:46] final function value -36.9202
[job(1719): 2016-09-10 01:27:46] 
[job(1719): 2016-09-10 01:27:46] F = -36.9202
[job(1719): 2016-09-10 01:27:46] final  value -36.920169 
[job(1719): 2016-09-10 01:27:46] converged
[job(1719): 2016-09-10 01:27:46] [Tune-x] 27: C=131; sigma=3.28
[job(1719): 2016-09-10 01:27:46] [Tune-y] 27: acc.test.mean=0.61; time: 0.1 min; memory: 118Mb use, 191Mb max
[job(1719): 2016-09-10 01:27:46] 
[job(1719): 2016-09-10 01:27:46] optimisation start
[job(1719): 2016-09-10 01:27:46] ------------------
[job(1719): 2016-09-10 01:27:46] * estimation method   : MLE 
[job(1719): 2016-09-10 01:27:46] * optimisation method : BFGS 
[job(1719): 2016-09-10 01:27:46] * analytical gradient : used
[job(1719): 2016-09-10 01:27:46] * trend model : ~1
[job(1719): 2016-09-10 01:27:46] * covariance model : 
[job(1719): 2016-09-10 01:27:46]   - type :  matern5_2 
[job(1719): 2016-09-10 01:27:46]   - nugget : NO
[job(1719): 2016-09-10 01:27:46]   - parameters lower bounds :  1e-10 1e-10 
[job(1719): 2016-09-10 01:27:46]   - parameters upper bounds :  42.60798 46.13069 
[job(1719): 2016-09-10 01:27:46]   - best initial criterion value(s) :  -39.28702 
[job(1719): 2016-09-10 01:27:46] 
[job(1719): 2016-09-10 01:27:46] N = 2, M = 5 machine precision = 2.22045e-16
[job(1719): 2016-09-10 01:27:46] At X0, 0 variables are exactly at the bounds
[job(1719): 2016-09-10 01:27:46] At iterate     0  f=       39.287  |proj g|=       4.2314
[job(1719): 2016-09-10 01:27:46] At iterate     1  f =      -38.726  |proj g|=             0
[job(1719): 2016-09-10 01:27:46] 
[job(1719): 2016-09-10 01:27:46] iterations 1
[job(1719): 2016-09-10 01:27:46] function evaluations 2
[job(1719): 2016-09-10 01:27:46] segments explored during Cauchy searches 2
[job(1719): 2016-09-10 01:27:46] BFGS updates skipped 0
[job(1719): 2016-09-10 01:27:46] active bounds at final generalized Cauchy point 1
[job(1719): 2016-09-10 01:27:46] norm of the final projected gradient 0
[job(1719): 2016-09-10 01:27:46] final function value -38.726
[job(1719): 2016-09-10 01:27:46] 
[job(1719): 2016-09-10 01:27:46] F = -38.726
[job(1719): 2016-09-10 01:27:46] final  value -38.726025 
[job(1719): 2016-09-10 01:27:46] converged
[job(1719): 2016-09-10 01:27:46] [Tune-x] 28: C=480; sigma=0.0278
[job(1719): 2016-09-10 01:27:46] [Tune-y] 28: acc.test.mean=0.69; time: 0.1 min; memory: 118Mb use, 191Mb max
[job(1719): 2016-09-10 01:27:46] 
[job(1719): 2016-09-10 01:27:46] optimisation start
[job(1719): 2016-09-10 01:27:46] ------------------
[job(1719): 2016-09-10 01:27:46] * estimation method   : MLE 
[job(1719): 2016-09-10 01:27:46] * optimisation method : BFGS 
[job(1719): 2016-09-10 01:27:46] * analytical gradient : used
[job(1719): 2016-09-10 01:27:46] * trend model : ~1
[job(1719): 2016-09-10 01:27:46] * covariance model : 
[job(1719): 2016-09-10 01:27:46]   - type :  matern5_2 
[job(1719): 2016-09-10 01:27:46]   - nugget : NO
[job(1719): 2016-09-10 01:27:46]   - parameters lower bounds :  1e-10 1e-10 
[job(1719): 2016-09-10 01:27:46]   - parameters upper bounds :  42.60798 46.13069 
[job(1719): 2016-09-10 01:27:46]   - best initial criterion value(s) :  -1.00433 
[job(1719): 2016-09-10 01:27:46] 
[job(1719): 2016-09-10 01:27:46] N = 2, M = 5 machine precision = 2.22045e-16
[job(1719): 2016-09-10 01:27:46] At X0, 0 variables are exactly at the bounds
[job(1719): 2016-09-10 01:27:46] At iterate     0  f=       1.0043  |proj g|=       3.9654
[job(1719): 2016-09-10 01:27:46] At iterate     1  f =      -40.261  |proj g|=             0
[job(1719): 2016-09-10 01:27:46] 
[job(1719): 2016-09-10 01:27:46] iterations 1
[job(1719): 2016-09-10 01:27:46] function evaluations 2
[job(1719): 2016-09-10 01:27:46] segments explored during Cauchy searches 2
[job(1719): 2016-09-10 01:27:46] BFGS updates skipped 0
[job(1719): 2016-09-10 01:27:46] active bounds at final generalized Cauchy point 2
[job(1719): 2016-09-10 01:27:46] norm of the final projected gradient 0
[job(1719): 2016-09-10 01:27:46] final function value -40.2612
[job(1719): 2016-09-10 01:27:46] 
[job(1719): 2016-09-10 01:27:46] F = -40.2612
[job(1719): 2016-09-10 01:27:46] final  value -40.261185 
[job(1719): 2016-09-10 01:27:46] converged
[job(1719): 2016-09-10 01:27:46] [Tune] Result: C=437; sigma=0.00909 : acc.test.mean=-0.712
[job(1719): 2016-09-10 01:27:46] Job terminated successfully
[job(chunk): 2016-09-10 01:27:47] Calculation finished!
