[job(chunk): 2016-09-10 00:34:35] Starting calculation of 1 jobs
[job(chunk): 2016-09-10 00:34:35] Setting working directory to '/naslx/projects/pr74ze/ri89coc2/svm_comparison'
[job(chunk): 2016-09-10 00:34:35] Memory measurement disabled
[job(1149): 2016-09-10 00:34:38] Starting job with job.id=1149
[job(1149): 2016-09-10 00:35:23] Generating problem instance for problem '1513' ...
[job(1149): 2016-09-10 00:35:23] Downloading from 'http://www.openml.org/api/v1/data/1513' to '/tmp/ri89coc2/Rtmp2xEJNT/cache/datasets/1513/description.xml'.
[job(1149): 2016-09-10 00:35:23] Downloading from 'http://www.openml.org/data/download/1593705/php65iCJh' to '/tmp/ri89coc2/Rtmp2xEJNT/cache/datasets/1513/dataset.arff'
[job(1149): 2016-09-10 00:35:23] Loading required package: readr
[job(1149): 2016-09-10 00:35:23] Applying algorithm 'C-svc.tuned' on problem '1513' ...
[job(1149): 2016-09-10 00:35:23] Data '1513' file 'description.xml' found in cache.
[job(1149): 2016-09-10 00:35:23] Data '1513' file 'dataset.arff' found in cache.
[job(1149): 2016-09-10 00:35:23] [Tune] Started tuning learner C-svc for parameter set:
[job(1149): 2016-09-10 00:35:23]          Type len Def    Constr Req Tunable Trafo
[job(1149): 2016-09-10 00:35:23] C     numeric   -   - -12 to 12   -    TRUE     Y
[job(1149): 2016-09-10 00:35:23] sigma numeric   -   - -12 to 12   -    TRUE     Y
[job(1149): 2016-09-10 00:35:23] With control class: TuneControlMBO
[job(1149): 2016-09-10 00:35:23] Imputation value: -0
[job(1149): 2016-09-10 00:35:23] [Tune-x] 1: C=2.87; sigma=15.2
[job(1149): 2016-09-10 00:35:23] [Tune-y] 1: acc.test.mean=0.415; time: 0.0 min; memory: 113Mb use, 158Mb max
[job(1149): 2016-09-10 00:35:23] [Tune-x] 2: C=0.0138; sigma=0.0431
[job(1149): 2016-09-10 00:35:23] [Tune-y] 2: acc.test.mean=0.414; time: 0.0 min; memory: 113Mb use, 158Mb max
[job(1149): 2016-09-10 00:35:23] [Tune-x] 3: C=53.6; sigma=0.241
[job(1149): 2016-09-10 00:35:23] [Tune-y] 3: acc.test.mean=0.396; time: 0.0 min; memory: 113Mb use, 158Mb max
[job(1149): 2016-09-10 00:35:23] [Tune-x] 4: C=73.3; sigma=1.68e+03
[job(1149): 2016-09-10 00:35:23] [Tune-y] 4: acc.test.mean=0.413; time: 0.0 min; memory: 113Mb use, 158Mb max
[job(1149): 2016-09-10 00:35:23] [Tune-x] 5: C=0.00192; sigma=4.51
[job(1149): 2016-09-10 00:35:23] [Tune-y] 5: acc.test.mean=0.414; time: 0.0 min; memory: 113Mb use, 158Mb max
[job(1149): 2016-09-10 00:35:23] [Tune-x] 6: C=896; sigma=0.00116
[job(1149): 2016-09-10 00:35:23] [Tune-y] 6: acc.test.mean=0.397; time: 0.0 min; memory: 113Mb use, 158Mb max
[job(1149): 2016-09-10 00:35:23] [Tune-x] 7: C=0.0276; sigma=0.00426
[job(1149): 2016-09-10 00:35:23] [Tune-y] 7: acc.test.mean=0.415; time: 0.0 min; memory: 113Mb use, 158Mb max
[job(1149): 2016-09-10 00:35:23] [Tune-x] 8: C=0.19; sigma=132
[job(1149): 2016-09-10 00:35:23] [Tune-y] 8: acc.test.mean=0.413; time: 0.0 min; memory: 113Mb use, 158Mb max
[job(1149): 2016-09-10 00:35:23] 
[job(1149): 2016-09-10 00:35:23] optimisation start
[job(1149): 2016-09-10 00:35:23] ------------------
[job(1149): 2016-09-10 00:35:23] * estimation method   : MLE 
[job(1149): 2016-09-10 00:35:23] * optimisation method : BFGS 
[job(1149): 2016-09-10 00:35:23] * analytical gradient : used
[job(1149): 2016-09-10 00:35:23] * trend model : ~1
[job(1149): 2016-09-10 00:35:23] * covariance model : 
[job(1149): 2016-09-10 00:35:23]   - type :  matern5_2 
[job(1149): 2016-09-10 00:35:23]   - nugget : NO
[job(1149): 2016-09-10 00:35:23]   - parameters lower bounds :  1e-10 1e-10 
[job(1149): 2016-09-10 00:35:23]   - parameters upper bounds :  37.65816 40.93059 
[job(1149): 2016-09-10 00:35:23]   - best initial criterion value(s) :  29.45653 
[job(1149): 2016-09-10 00:35:23] 
[job(1149): 2016-09-10 00:35:23] N = 2, M = 5 machine precision = 2.22045e-16
[job(1149): 2016-09-10 00:35:23] At X0, 0 variables are exactly at the bounds
[job(1149): 2016-09-10 00:35:23] At iterate     0  f=      -29.457  |proj g|=     0.034014
[job(1149): 2016-09-10 00:35:23] At iterate     1  f =      -29.458  |proj g|=      0.033205
[job(1149): 2016-09-10 00:35:23] At iterate     2  f =      -29.474  |proj g|=      0.036495
[job(1149): 2016-09-10 00:35:23] At iterate     3  f =      -29.478  |proj g|=      0.016984
[job(1149): 2016-09-10 00:35:23] At iterate     4  f =      -29.479  |proj g|=     0.0020663
[job(1149): 2016-09-10 00:35:23] At iterate     5  f =      -29.479  |proj g|=    0.00016902
[job(1149): 2016-09-10 00:35:23] At iterate     6  f =      -29.479  |proj g|=    3.8599e-06
[job(1149): 2016-09-10 00:35:23] At iterate     7  f =      -29.479  |proj g|=    3.0071e-07
[job(1149): 2016-09-10 00:35:23] 
[job(1149): 2016-09-10 00:35:23] iterations 7
[job(1149): 2016-09-10 00:35:23] function evaluations 9
[job(1149): 2016-09-10 00:35:23] segments explored during Cauchy searches 7
[job(1149): 2016-09-10 00:35:23] BFGS updates skipped 0
[job(1149): 2016-09-10 00:35:23] active bounds at final generalized Cauchy point 0
[job(1149): 2016-09-10 00:35:23] norm of the final projected gradient 3.0071e-07
[job(1149): 2016-09-10 00:35:23] final function value -29.4794
[job(1149): 2016-09-10 00:35:23] 
[job(1149): 2016-09-10 00:35:23] F = -29.4794
[job(1149): 2016-09-10 00:35:23] final  value -29.479414 
[job(1149): 2016-09-10 00:35:23] converged
[job(1149): 2016-09-10 00:35:23] [Tune-x] 9: C=2.91; sigma=444
[job(1149): 2016-09-10 00:35:23] [Tune-y] 9: acc.test.mean=0.415; time: 0.0 min; memory: 117Mb use, 164Mb max
[job(1149): 2016-09-10 00:35:23] 
[job(1149): 2016-09-10 00:35:23] optimisation start
[job(1149): 2016-09-10 00:35:23] ------------------
[job(1149): 2016-09-10 00:35:23] * estimation method   : MLE 
[job(1149): 2016-09-10 00:35:23] * optimisation method : BFGS 
[job(1149): 2016-09-10 00:35:23] * analytical gradient : used
[job(1149): 2016-09-10 00:35:23] * trend model : ~1
[job(1149): 2016-09-10 00:35:23] * covariance model : 
[job(1149): 2016-09-10 00:35:23]   - type :  matern5_2 
[job(1149): 2016-09-10 00:35:23]   - nugget : NO
[job(1149): 2016-09-10 00:35:23]   - parameters lower bounds :  1e-10 1e-10 
[job(1149): 2016-09-10 00:35:23]   - parameters upper bounds :  37.65816 40.93059 
[job(1149): 2016-09-10 00:35:23]   - best initial criterion value(s) :  34.0559 
[job(1149): 2016-09-10 00:35:23] 
[job(1149): 2016-09-10 00:35:23] N = 2, M = 5 machine precision = 2.22045e-16
[job(1149): 2016-09-10 00:35:23] At X0, 0 variables are exactly at the bounds
[job(1149): 2016-09-10 00:35:23] At iterate     0  f=      -34.056  |proj g|=      0.18833
[job(1149): 2016-09-10 00:35:23] At iterate     1  f =      -34.092  |proj g|=         0.165
[job(1149): 2016-09-10 00:35:23] At iterate     2  f =       -34.25  |proj g|=      0.036421
[job(1149): 2016-09-10 00:35:23] At iterate     3  f =      -34.271  |proj g|=      0.018831
[job(1149): 2016-09-10 00:35:23] At iterate     4  f =      -34.276  |proj g|=     0.0080267
[job(1149): 2016-09-10 00:35:23] At iterate     5  f =      -34.277  |proj g|=    0.00051162
[job(1149): 2016-09-10 00:35:23] At iterate     6  f =      -34.277  |proj g|=    4.1224e-05
[job(1149): 2016-09-10 00:35:23] At iterate     7  f =      -34.277  |proj g|=    3.1989e-07
[job(1149): 2016-09-10 00:35:23] 
[job(1149): 2016-09-10 00:35:23] iterations 7
[job(1149): 2016-09-10 00:35:23] function evaluations 8
[job(1149): 2016-09-10 00:35:23] segments explored during Cauchy searches 7
[job(1149): 2016-09-10 00:35:23] BFGS updates skipped 0
[job(1149): 2016-09-10 00:35:23] active bounds at final generalized Cauchy point 0
[job(1149): 2016-09-10 00:35:23] norm of the final projected gradient 3.19887e-07
[job(1149): 2016-09-10 00:35:23] final function value -34.2768
[job(1149): 2016-09-10 00:35:23] 
[job(1149): 2016-09-10 00:35:23] F = -34.2768
[job(1149): 2016-09-10 00:35:23] final  value -34.276790 
[job(1149): 2016-09-10 00:35:23] converged
[job(1149): 2016-09-10 00:35:23] [Tune-x] 10: C=1.58; sigma=48.5
[job(1149): 2016-09-10 00:35:23] [Tune-y] 10: acc.test.mean=0.414; time: 0.0 min; memory: 117Mb use, 170Mb max
[job(1149): 2016-09-10 00:35:23] 
[job(1149): 2016-09-10 00:35:23] optimisation start
[job(1149): 2016-09-10 00:35:23] ------------------
[job(1149): 2016-09-10 00:35:23] * estimation method   : MLE 
[job(1149): 2016-09-10 00:35:23] * optimisation method : BFGS 
[job(1149): 2016-09-10 00:35:23] * analytical gradient : used
[job(1149): 2016-09-10 00:35:23] * trend model : ~1
[job(1149): 2016-09-10 00:35:23] * covariance model : 
[job(1149): 2016-09-10 00:35:23]   - type :  matern5_2 
[job(1149): 2016-09-10 00:35:23]   - nugget : NO
[job(1149): 2016-09-10 00:35:23]   - parameters lower bounds :  1e-10 1e-10 
[job(1149): 2016-09-10 00:35:23]   - parameters upper bounds :  37.65816 40.93059 
[job(1149): 2016-09-10 00:35:23]   - best initial criterion value(s) :  39.30032 
[job(1149): 2016-09-10 00:35:23] 
[job(1149): 2016-09-10 00:35:23] N = 2, M = 5 machine precision = 2.22045e-16
[job(1149): 2016-09-10 00:35:23] At X0, 0 variables are exactly at the bounds
[job(1149): 2016-09-10 00:35:23] At iterate     0  f=        -39.3  |proj g|=      0.18169
[job(1149): 2016-09-10 00:35:23] At iterate     1  f =      -39.327  |proj g|=       0.10621
[job(1149): 2016-09-10 00:35:23] At iterate     2  f =      -39.342  |proj g|=     0.0088959
[job(1149): 2016-09-10 00:35:23] At iterate     3  f =      -39.342  |proj g|=     0.0027643
[job(1149): 2016-09-10 00:35:23] At iterate     4  f =      -39.342  |proj g|=     0.0022193
[job(1149): 2016-09-10 00:35:23] At iterate     5  f =      -39.342  |proj g|=     0.0021842
[job(1149): 2016-09-10 00:35:23] At iterate     6  f =      -39.342  |proj g|=    0.00038434
[job(1149): 2016-09-10 00:35:23] At iterate     7  f =      -39.342  |proj g|=    2.4504e-05
[job(1149): 2016-09-10 00:35:23] At iterate     8  f =      -39.342  |proj g|=     1.106e-06
[job(1149): 2016-09-10 00:35:23] 
[job(1149): 2016-09-10 00:35:23] iterations 8
[job(1149): 2016-09-10 00:35:23] function evaluations 9
[job(1149): 2016-09-10 00:35:23] segments explored during Cauchy searches 8
[job(1149): 2016-09-10 00:35:23] BFGS updates skipped 0
[job(1149): 2016-09-10 00:35:23] active bounds at final generalized Cauchy point 0
[job(1149): 2016-09-10 00:35:23] norm of the final projected gradient 1.10597e-06
[job(1149): 2016-09-10 00:35:23] final function value -39.3418
[job(1149): 2016-09-10 00:35:23] 
[job(1149): 2016-09-10 00:35:23] F = -39.3418
[job(1149): 2016-09-10 00:35:23] final  value -39.341840 
[job(1149): 2016-09-10 00:35:23] converged
[job(1149): 2016-09-10 00:35:23] [Tune-x] 11: C=7.47; sigma=1.83e+03
[job(1149): 2016-09-10 00:35:23] [Tune-y] 11: acc.test.mean=0.413; time: 0.0 min; memory: 117Mb use, 170Mb max
[job(1149): 2016-09-10 00:35:23] 
[job(1149): 2016-09-10 00:35:23] optimisation start
[job(1149): 2016-09-10 00:35:23] ------------------
[job(1149): 2016-09-10 00:35:23] * estimation method   : MLE 
[job(1149): 2016-09-10 00:35:23] * optimisation method : BFGS 
[job(1149): 2016-09-10 00:35:23] * analytical gradient : used
[job(1149): 2016-09-10 00:35:23] * trend model : ~1
[job(1149): 2016-09-10 00:35:23] * covariance model : 
[job(1149): 2016-09-10 00:35:23]   - type :  matern5_2 
[job(1149): 2016-09-10 00:35:23]   - nugget : NO
[job(1149): 2016-09-10 00:35:23]   - parameters lower bounds :  1e-10 1e-10 
[job(1149): 2016-09-10 00:35:23]   - parameters upper bounds :  37.65816 41.17918 
[job(1149): 2016-09-10 00:35:23]   - best initial criterion value(s) :  44.06543 
[job(1149): 2016-09-10 00:35:23] 
[job(1149): 2016-09-10 00:35:23] N = 2, M = 5 machine precision = 2.22045e-16
[job(1149): 2016-09-10 00:35:23] At X0, 0 variables are exactly at the bounds
[job(1149): 2016-09-10 00:35:23] At iterate     0  f=      -44.065  |proj g|=     0.081132
[job(1149): 2016-09-10 00:35:23] At iterate     1  f =      -44.073  |proj g|=      0.072349
[job(1149): 2016-09-10 00:35:23] At iterate     2  f =      -44.129  |proj g|=      0.090627
[job(1149): 2016-09-10 00:35:23] At iterate     3  f =      -44.147  |proj g|=      0.092265
[job(1149): 2016-09-10 00:35:23] At iterate     4  f =      -44.176  |proj g|=       0.10593
[job(1149): 2016-09-10 00:35:23] At iterate     5  f =       -44.25  |proj g|=      0.059665
[job(1149): 2016-09-10 00:35:23] At iterate     6  f =      -44.261  |proj g|=     0.0060592
[job(1149): 2016-09-10 00:35:23] At iterate     7  f =      -44.262  |proj g|=     0.0013163
[job(1149): 2016-09-10 00:35:23] At iterate     8  f =      -44.262  |proj g|=     0.0002028
[job(1149): 2016-09-10 00:35:23] At iterate     9  f =      -44.262  |proj g|=     1.619e-06
[job(1149): 2016-09-10 00:35:23] 
[job(1149): 2016-09-10 00:35:23] iterations 9
[job(1149): 2016-09-10 00:35:23] function evaluations 12
[job(1149): 2016-09-10 00:35:23] segments explored during Cauchy searches 9
[job(1149): 2016-09-10 00:35:23] BFGS updates skipped 0
[job(1149): 2016-09-10 00:35:23] active bounds at final generalized Cauchy point 0
[job(1149): 2016-09-10 00:35:23] norm of the final projected gradient 1.61898e-06
[job(1149): 2016-09-10 00:35:23] final function value -44.2615
[job(1149): 2016-09-10 00:35:23] 
[job(1149): 2016-09-10 00:35:23] F = -44.2615
[job(1149): 2016-09-10 00:35:23] final  value -44.261535 
[job(1149): 2016-09-10 00:35:23] converged
[job(1149): 2016-09-10 00:35:23] [Tune-x] 12: C=0.00277; sigma=0.00508
[job(1149): 2016-09-10 00:35:23] [Tune-y] 12: acc.test.mean=0.415; time: 0.0 min; memory: 117Mb use, 170Mb max
[job(1149): 2016-09-10 00:35:23] 
[job(1149): 2016-09-10 00:35:23] optimisation start
[job(1149): 2016-09-10 00:35:23] ------------------
[job(1149): 2016-09-10 00:35:23] * estimation method   : MLE 
[job(1149): 2016-09-10 00:35:23] * optimisation method : BFGS 
[job(1149): 2016-09-10 00:35:23] * analytical gradient : used
[job(1149): 2016-09-10 00:35:23] * trend model : ~1
[job(1149): 2016-09-10 00:35:23] * covariance model : 
[job(1149): 2016-09-10 00:35:23]   - type :  matern5_2 
[job(1149): 2016-09-10 00:35:23]   - nugget : NO
[job(1149): 2016-09-10 00:35:23]   - parameters lower bounds :  1e-10 1e-10 
[job(1149): 2016-09-10 00:35:23]   - parameters upper bounds :  37.65816 41.17918 
[job(1149): 2016-09-10 00:35:23]   - best initial criterion value(s) :  49.13499 
[job(1149): 2016-09-10 00:35:23] 
[job(1149): 2016-09-10 00:35:23] N = 2, M = 5 machine precision = 2.22045e-16
[job(1149): 2016-09-10 00:35:23] At X0, 0 variables are exactly at the bounds
[job(1149): 2016-09-10 00:35:23] At iterate     0  f=      -49.135  |proj g|=     0.084829
[job(1149): 2016-09-10 00:35:23] At iterate     1  f =      -49.145  |proj g|=      0.063318
[job(1149): 2016-09-10 00:35:23] At iterate     2  f =       -49.18  |proj g|=      0.054407
[job(1149): 2016-09-10 00:35:23] At iterate     3  f =      -49.201  |proj g|=      0.068985
[job(1149): 2016-09-10 00:35:23] At iterate     4  f =      -49.222  |proj g|=      0.014626
[job(1149): 2016-09-10 00:35:23] At iterate     5  f =      -49.222  |proj g|=    0.00076833
[job(1149): 2016-09-10 00:35:23] At iterate     6  f =      -49.222  |proj g|=    1.8418e-05
[job(1149): 2016-09-10 00:35:23] At iterate     7  f =      -49.222  |proj g|=    2.0398e-08
[job(1149): 2016-09-10 00:35:23] 
[job(1149): 2016-09-10 00:35:23] iterations 7
[job(1149): 2016-09-10 00:35:23] function evaluations 8
[job(1149): 2016-09-10 00:35:23] segments explored during Cauchy searches 7
[job(1149): 2016-09-10 00:35:23] BFGS updates skipped 0
[job(1149): 2016-09-10 00:35:23] active bounds at final generalized Cauchy point 0
[job(1149): 2016-09-10 00:35:23] norm of the final projected gradient 2.03976e-08
[job(1149): 2016-09-10 00:35:23] final function value -49.2223
[job(1149): 2016-09-10 00:35:23] 
[job(1149): 2016-09-10 00:35:23] F = -49.2223
[job(1149): 2016-09-10 00:35:23] final  value -49.222263 
[job(1149): 2016-09-10 00:35:23] converged
[job(1149): 2016-09-10 00:35:23] [Tune-x] 13: C=0.00426; sigma=0.00602
[job(1149): 2016-09-10 00:35:23] [Tune-y] 13: acc.test.mean=0.415; time: 0.0 min; memory: 117Mb use, 170Mb max
[job(1149): 2016-09-10 00:35:23] 
[job(1149): 2016-09-10 00:35:23] optimisation start
[job(1149): 2016-09-10 00:35:23] ------------------
[job(1149): 2016-09-10 00:35:23] * estimation method   : MLE 
[job(1149): 2016-09-10 00:35:23] * optimisation method : BFGS 
[job(1149): 2016-09-10 00:35:23] * analytical gradient : used
[job(1149): 2016-09-10 00:35:23] * trend model : ~1
[job(1149): 2016-09-10 00:35:23] * covariance model : 
[job(1149): 2016-09-10 00:35:23]   - type :  matern5_2 
[job(1149): 2016-09-10 00:35:23]   - nugget : NO
[job(1149): 2016-09-10 00:35:23]   - parameters lower bounds :  1e-10 1e-10 
[job(1149): 2016-09-10 00:35:23]   - parameters upper bounds :  37.65816 41.17918 
[job(1149): 2016-09-10 00:35:23]   - best initial criterion value(s) :  52.10084 
[job(1149): 2016-09-10 00:35:23] 
[job(1149): 2016-09-10 00:35:23] N = 2, M = 5 machine precision = 2.22045e-16
[job(1149): 2016-09-10 00:35:23] At X0, 0 variables are exactly at the bounds
[job(1149): 2016-09-10 00:35:23] At iterate     0  f=      -52.101  |proj g|=      0.28845
[job(1149): 2016-09-10 00:35:23] At iterate     1  f =      -52.163  |proj g|=       0.12094
[job(1149): 2016-09-10 00:35:23] At iterate     2  f =      -52.168  |proj g|=      0.094498
[job(1149): 2016-09-10 00:35:23] At iterate     3  f =      -52.171  |proj g|=      0.011283
[job(1149): 2016-09-10 00:35:23] At iterate     4  f =      -52.172  |proj g|=      0.011737
[job(1149): 2016-09-10 00:35:23] At iterate     5  f =      -52.172  |proj g|=      0.014539
[job(1149): 2016-09-10 00:35:23] At iterate     6  f =      -52.173  |proj g|=      0.037736
[job(1149): 2016-09-10 00:35:23] At iterate     7  f =      -52.176  |proj g|=      0.081458
[job(1149): 2016-09-10 00:35:23] At iterate     8  f =      -52.181  |proj g|=       0.15551
[job(1149): 2016-09-10 00:35:23] At iterate     9  f =      -52.193  |proj g|=       0.25328
[job(1149): 2016-09-10 00:35:23] At iterate    10  f =      -52.223  |proj g|=       0.35218
[job(1149): 2016-09-10 00:35:23] At iterate    11  f =      -52.291  |proj g|=       0.26531
[job(1149): 2016-09-10 00:35:23] At iterate    12  f =      -52.309  |proj g|=     0.0040085
[job(1149): 2016-09-10 00:35:23] At iterate    13  f =      -52.309  |proj g|=    0.00042106
[job(1149): 2016-09-10 00:35:23] At iterate    14  f =      -52.309  |proj g|=    7.9304e-07
[job(1149): 2016-09-10 00:35:23] 
[job(1149): 2016-09-10 00:35:23] iterations 14
[job(1149): 2016-09-10 00:35:23] function evaluations 15
[job(1149): 2016-09-10 00:35:23] segments explored during Cauchy searches 14
[job(1149): 2016-09-10 00:35:23] BFGS updates skipped 0
[job(1149): 2016-09-10 00:35:23] active bounds at final generalized Cauchy point 1
[job(1149): 2016-09-10 00:35:23] norm of the final projected gradient 7.93044e-07
[job(1149): 2016-09-10 00:35:23] final function value -52.3095
[job(1149): 2016-09-10 00:35:23] 
[job(1149): 2016-09-10 00:35:23] F = -52.3095
[job(1149): 2016-09-10 00:35:23] final  value -52.309466 
[job(1149): 2016-09-10 00:35:23] converged
[job(1149): 2016-09-10 00:35:23] [Tune-x] 14: C=0.000244; sigma=0.00468
[job(1149): 2016-09-10 00:35:23] [Tune-y] 14: acc.test.mean=0.414; time: 0.0 min; memory: 117Mb use, 170Mb max
[job(1149): 2016-09-10 00:35:23] 
[job(1149): 2016-09-10 00:35:23] optimisation start
[job(1149): 2016-09-10 00:35:23] ------------------
[job(1149): 2016-09-10 00:35:23] * estimation method   : MLE 
[job(1149): 2016-09-10 00:35:23] * optimisation method : BFGS 
[job(1149): 2016-09-10 00:35:23] * analytical gradient : used
[job(1149): 2016-09-10 00:35:23] * trend model : ~1
[job(1149): 2016-09-10 00:35:23] * covariance model : 
[job(1149): 2016-09-10 00:35:23]   - type :  matern5_2 
[job(1149): 2016-09-10 00:35:23]   - nugget : NO
[job(1149): 2016-09-10 00:35:23]   - parameters lower bounds :  1e-10 1e-10 
[job(1149): 2016-09-10 00:35:23]   - parameters upper bounds :  43.61364 41.17918 
[job(1149): 2016-09-10 00:35:23]   - best initial criterion value(s) :  56.11107 
[job(1149): 2016-09-10 00:35:23] 
[job(1149): 2016-09-10 00:35:23] N = 2, M = 5 machine precision = 2.22045e-16
[job(1149): 2016-09-10 00:35:23] At X0, 0 variables are exactly at the bounds
[job(1149): 2016-09-10 00:35:23] At iterate     0  f=      -56.111  |proj g|=       1.0567
[job(1149): 2016-09-10 00:35:23] At iterate     1  f =      -56.165  |proj g|=        0.8914
[job(1149): 2016-09-10 00:35:23] At iterate     2  f =      -56.201  |proj g|=      0.028654
[job(1149): 2016-09-10 00:35:23] At iterate     3  f =      -56.201  |proj g|=     0.0042955
[job(1149): 2016-09-10 00:35:23] At iterate     4  f =      -56.201  |proj g|=     0.0067895
[job(1149): 2016-09-10 00:35:23] At iterate     5  f =      -56.202  |proj g|=      0.057573
[job(1149): 2016-09-10 00:35:23] At iterate     6  f =      -56.203  |proj g|=       0.10702
[job(1149): 2016-09-10 00:35:23] At iterate     7  f =      -56.204  |proj g|=       0.14789
[job(1149): 2016-09-10 00:35:23] At iterate     8  f =      -56.206  |proj g|=        0.1225
[job(1149): 2016-09-10 00:35:23] At iterate     9  f =      -56.206  |proj g|=      0.012988
[job(1149): 2016-09-10 00:35:23] At iterate    10  f =      -56.206  |proj g|=    0.00062522
[job(1149): 2016-09-10 00:35:23] At iterate    11  f =      -56.206  |proj g|=    1.2244e-05
[job(1149): 2016-09-10 00:35:23] 
[job(1149): 2016-09-10 00:35:23] iterations 11
[job(1149): 2016-09-10 00:35:23] function evaluations 15
[job(1149): 2016-09-10 00:35:23] segments explored during Cauchy searches 12
[job(1149): 2016-09-10 00:35:23] BFGS updates skipped 0
[job(1149): 2016-09-10 00:35:23] active bounds at final generalized Cauchy point 0
[job(1149): 2016-09-10 00:35:23] norm of the final projected gradient 1.22443e-05
[job(1149): 2016-09-10 00:35:23] final function value -56.2064
[job(1149): 2016-09-10 00:35:23] 
[job(1149): 2016-09-10 00:35:23] F = -56.2064
[job(1149): 2016-09-10 00:35:23] final  value -56.206429 
[job(1149): 2016-09-10 00:35:23] converged
[job(1149): 2016-09-10 00:35:23] [Tune-x] 15: C=5.02; sigma=0.00515
[job(1149): 2016-09-10 00:35:23] [Tune-y] 15: acc.test.mean=0.352; time: 0.0 min; memory: 117Mb use, 170Mb max
[job(1149): 2016-09-10 00:35:23] 
[job(1149): 2016-09-10 00:35:23] optimisation start
[job(1149): 2016-09-10 00:35:23] ------------------
[job(1149): 2016-09-10 00:35:23] * estimation method   : MLE 
[job(1149): 2016-09-10 00:35:23] * optimisation method : BFGS 
[job(1149): 2016-09-10 00:35:23] * analytical gradient : used
[job(1149): 2016-09-10 00:35:23] * trend model : ~1
[job(1149): 2016-09-10 00:35:23] * covariance model : 
[job(1149): 2016-09-10 00:35:23]   - type :  matern5_2 
[job(1149): 2016-09-10 00:35:23]   - nugget : NO
[job(1149): 2016-09-10 00:35:23]   - parameters lower bounds :  1e-10 1e-10 
[job(1149): 2016-09-10 00:35:23]   - parameters upper bounds :  43.61364 41.17918 
[job(1149): 2016-09-10 00:35:23]   - best initial criterion value(s) :  46.82657 
[job(1149): 2016-09-10 00:35:23] 
[job(1149): 2016-09-10 00:35:23] N = 2, M = 5 machine precision = 2.22045e-16
[job(1149): 2016-09-10 00:35:23] At X0, 0 variables are exactly at the bounds
[job(1149): 2016-09-10 00:35:23] At iterate     0  f=      -46.827  |proj g|=      0.27763
[job(1149): 2016-09-10 00:35:23] At iterate     1  f =      -46.902  |proj g|=       0.26355
[job(1149): 2016-09-10 00:35:23] At iterate     2  f =      -47.554  |proj g|=      0.072094
[job(1149): 2016-09-10 00:35:23] At iterate     3  f =      -47.575  |proj g|=      0.044147
[job(1149): 2016-09-10 00:35:23] At iterate     4  f =      -47.577  |proj g|=      0.018818
[job(1149): 2016-09-10 00:35:23] At iterate     5  f =      -47.578  |proj g|=    0.00032756
[job(1149): 2016-09-10 00:35:23] At iterate     6  f =      -47.578  |proj g|=    8.7448e-06
[job(1149): 2016-09-10 00:35:23] At iterate     7  f =      -47.578  |proj g|=    3.7466e-07
[job(1149): 2016-09-10 00:35:23] 
[job(1149): 2016-09-10 00:35:23] iterations 7
[job(1149): 2016-09-10 00:35:23] function evaluations 10
[job(1149): 2016-09-10 00:35:23] segments explored during Cauchy searches 7
[job(1149): 2016-09-10 00:35:23] BFGS updates skipped 0
[job(1149): 2016-09-10 00:35:23] active bounds at final generalized Cauchy point 0
[job(1149): 2016-09-10 00:35:23] norm of the final projected gradient 3.74662e-07
[job(1149): 2016-09-10 00:35:23] final function value -47.5778
[job(1149): 2016-09-10 00:35:23] 
[job(1149): 2016-09-10 00:35:23] F = -47.5778
[job(1149): 2016-09-10 00:35:23] final  value -47.577832 
[job(1149): 2016-09-10 00:35:23] converged
[job(1149): 2016-09-10 00:35:23] [Tune-x] 16: C=38.8; sigma=35.8
[job(1149): 2016-09-10 00:35:23] [Tune-y] 16: acc.test.mean=0.416; time: 0.0 min; memory: 117Mb use, 170Mb max
[job(1149): 2016-09-10 00:35:23] 
[job(1149): 2016-09-10 00:35:23] optimisation start
[job(1149): 2016-09-10 00:35:23] ------------------
[job(1149): 2016-09-10 00:35:23] * estimation method   : MLE 
[job(1149): 2016-09-10 00:35:23] * optimisation method : BFGS 
[job(1149): 2016-09-10 00:35:23] * analytical gradient : used
[job(1149): 2016-09-10 00:35:23] * trend model : ~1
[job(1149): 2016-09-10 00:35:23] * covariance model : 
[job(1149): 2016-09-10 00:35:23]   - type :  matern5_2 
[job(1149): 2016-09-10 00:35:23]   - nugget : NO
[job(1149): 2016-09-10 00:35:23]   - parameters lower bounds :  1e-10 1e-10 
[job(1149): 2016-09-10 00:35:23]   - parameters upper bounds :  43.61364 41.17918 
[job(1149): 2016-09-10 00:35:23]   - best initial criterion value(s) :  50.24918 
[job(1149): 2016-09-10 00:35:23] 
[job(1149): 2016-09-10 00:35:23] N = 2, M = 5 machine precision = 2.22045e-16
[job(1149): 2016-09-10 00:35:23] At X0, 0 variables are exactly at the bounds
[job(1149): 2016-09-10 00:35:23] At iterate     0  f=      -50.249  |proj g|=      0.44332
[job(1149): 2016-09-10 00:35:23] At iterate     1  f =       -50.49  |proj g|=        0.2989
[job(1149): 2016-09-10 00:35:23] At iterate     2  f =      -50.731  |proj g|=       0.23357
[job(1149): 2016-09-10 00:35:23] At iterate     3  f =      -51.045  |proj g|=       0.32976
[job(1149): 2016-09-10 00:35:23] At iterate     4  f =      -51.293  |proj g|=       0.35184
[job(1149): 2016-09-10 00:35:23] At iterate     5  f =      -51.419  |proj g|=      0.079197
[job(1149): 2016-09-10 00:35:23] At iterate     6  f =      -51.424  |proj g|=      0.021322
[job(1149): 2016-09-10 00:35:23] At iterate     7  f =      -51.425  |proj g|=    0.00074203
[job(1149): 2016-09-10 00:35:23] At iterate     8  f =      -51.425  |proj g|=    0.00015248
[job(1149): 2016-09-10 00:35:23] At iterate     9  f =      -51.425  |proj g|=     3.409e-05
[job(1149): 2016-09-10 00:35:23] 
[job(1149): 2016-09-10 00:35:23] iterations 9
[job(1149): 2016-09-10 00:35:23] function evaluations 10
[job(1149): 2016-09-10 00:35:23] segments explored during Cauchy searches 9
[job(1149): 2016-09-10 00:35:23] BFGS updates skipped 0
[job(1149): 2016-09-10 00:35:23] active bounds at final generalized Cauchy point 0
[job(1149): 2016-09-10 00:35:23] norm of the final projected gradient 3.40905e-05
[job(1149): 2016-09-10 00:35:23] final function value -51.425
[job(1149): 2016-09-10 00:35:23] 
[job(1149): 2016-09-10 00:35:23] F = -51.425
[job(1149): 2016-09-10 00:35:23] final  value -51.425012 
[job(1149): 2016-09-10 00:35:23] converged
[job(1149): 2016-09-10 00:35:23] [Tune-x] 17: C=0.00138; sigma=0.000704
[job(1149): 2016-09-10 00:35:23] [Tune-y] 17: acc.test.mean=0.415; time: 0.0 min; memory: 117Mb use, 170Mb max
[job(1149): 2016-09-10 00:35:23] 
[job(1149): 2016-09-10 00:35:23] optimisation start
[job(1149): 2016-09-10 00:35:23] ------------------
[job(1149): 2016-09-10 00:35:23] * estimation method   : MLE 
[job(1149): 2016-09-10 00:35:23] * optimisation method : BFGS 
[job(1149): 2016-09-10 00:35:23] * analytical gradient : used
[job(1149): 2016-09-10 00:35:23] * trend model : ~1
[job(1149): 2016-09-10 00:35:23] * covariance model : 
[job(1149): 2016-09-10 00:35:23]   - type :  matern5_2 
[job(1149): 2016-09-10 00:35:23]   - nugget : NO
[job(1149): 2016-09-10 00:35:23]   - parameters lower bounds :  1e-10 1e-10 
[job(1149): 2016-09-10 00:35:23]   - parameters upper bounds :  43.61364 42.62747 
[job(1149): 2016-09-10 00:35:23]   - best initial criterion value(s) :  52.95768 
[job(1149): 2016-09-10 00:35:23] 
[job(1149): 2016-09-10 00:35:23] N = 2, M = 5 machine precision = 2.22045e-16
[job(1149): 2016-09-10 00:35:23] At X0, 0 variables are exactly at the bounds
[job(1149): 2016-09-10 00:35:23] At iterate     0  f=      -52.958  |proj g|=       1.0673
[job(1149): 2016-09-10 00:35:23] At iterate     1  f =      -54.144  |proj g|=       0.77349
[job(1149): 2016-09-10 00:35:23] At iterate     2  f =      -55.439  |proj g|=       0.22428
[job(1149): 2016-09-10 00:35:23] At iterate     3  f =      -55.515  |proj g|=       0.23068
[job(1149): 2016-09-10 00:35:23] At iterate     4  f =      -55.564  |proj g|=      0.041068
[job(1149): 2016-09-10 00:35:23] At iterate     5  f =      -55.568  |proj g|=     0.0058347
[job(1149): 2016-09-10 00:35:23] At iterate     6  f =      -55.568  |proj g|=     0.0014714
[job(1149): 2016-09-10 00:35:23] At iterate     7  f =      -55.568  |proj g|=    5.1544e-06
[job(1149): 2016-09-10 00:35:23] At iterate     8  f =      -55.568  |proj g|=     1.627e-07
[job(1149): 2016-09-10 00:35:23] 
[job(1149): 2016-09-10 00:35:23] iterations 8
[job(1149): 2016-09-10 00:35:23] function evaluations 9
[job(1149): 2016-09-10 00:35:23] segments explored during Cauchy searches 8
[job(1149): 2016-09-10 00:35:23] BFGS updates skipped 0
[job(1149): 2016-09-10 00:35:23] active bounds at final generalized Cauchy point 0
[job(1149): 2016-09-10 00:35:23] norm of the final projected gradient 1.62698e-07
[job(1149): 2016-09-10 00:35:23] final function value -55.5682
[job(1149): 2016-09-10 00:35:23] 
[job(1149): 2016-09-10 00:35:23] F = -55.5682
[job(1149): 2016-09-10 00:35:23] final  value -55.568202 
[job(1149): 2016-09-10 00:35:23] converged
[job(1149): 2016-09-10 00:35:23] [Tune-x] 18: C=6.6; sigma=70.2
[job(1149): 2016-09-10 00:35:23] [Tune-y] 18: acc.test.mean=0.415; time: 0.0 min; memory: 117Mb use, 170Mb max
[job(1149): 2016-09-10 00:35:23] 
[job(1149): 2016-09-10 00:35:23] optimisation start
[job(1149): 2016-09-10 00:35:23] ------------------
[job(1149): 2016-09-10 00:35:23] * estimation method   : MLE 
[job(1149): 2016-09-10 00:35:23] * optimisation method : BFGS 
[job(1149): 2016-09-10 00:35:23] * analytical gradient : used
[job(1149): 2016-09-10 00:35:23] * trend model : ~1
[job(1149): 2016-09-10 00:35:23] * covariance model : 
[job(1149): 2016-09-10 00:35:23]   - type :  matern5_2 
[job(1149): 2016-09-10 00:35:23]   - nugget : NO
[job(1149): 2016-09-10 00:35:23]   - parameters lower bounds :  1e-10 1e-10 
[job(1149): 2016-09-10 00:35:23]   - parameters upper bounds :  43.61364 42.62747 
[job(1149): 2016-09-10 00:35:23]   - best initial criterion value(s) :  54.10909 
[job(1149): 2016-09-10 00:35:23] 
[job(1149): 2016-09-10 00:35:23] N = 2, M = 5 machine precision = 2.22045e-16
[job(1149): 2016-09-10 00:35:23] At X0, 0 variables are exactly at the bounds
[job(1149): 2016-09-10 00:35:23] At iterate     0  f=      -54.109  |proj g|=       1.3561
[job(1149): 2016-09-10 00:35:23] At iterate     1  f =      -55.478  |proj g|=       0.46085
[job(1149): 2016-09-10 00:35:23] At iterate     2  f =      -55.984  |proj g|=       0.32925
[job(1149): 2016-09-10 00:35:23] At iterate     3  f =      -56.507  |proj g|=       0.28376
[job(1149): 2016-09-10 00:35:23] At iterate     4  f =      -57.231  |proj g|=       0.57761
[job(1149): 2016-09-10 00:35:23] At iterate     5  f =      -58.162  |proj g|=       0.93078
[job(1149): 2016-09-10 00:35:23] At iterate     6  f =      -58.908  |proj g|=       0.94678
[job(1149): 2016-09-10 00:35:23] At iterate     7  f =      -60.363  |proj g|=      0.038046
[job(1149): 2016-09-10 00:35:23] At iterate     8  f =      -60.365  |proj g|=     0.0081438
[job(1149): 2016-09-10 00:35:23] At iterate     9  f =      -60.366  |proj g|=     0.0012407
[job(1149): 2016-09-10 00:35:23] At iterate    10  f =      -60.366  |proj g|=    3.2034e-06
[job(1149): 2016-09-10 00:35:23] At iterate    11  f =      -60.366  |proj g|=    1.3982e-07
[job(1149): 2016-09-10 00:35:23] 
[job(1149): 2016-09-10 00:35:23] iterations 11
[job(1149): 2016-09-10 00:35:23] function evaluations 13
[job(1149): 2016-09-10 00:35:23] segments explored during Cauchy searches 11
[job(1149): 2016-09-10 00:35:23] BFGS updates skipped 0
[job(1149): 2016-09-10 00:35:23] active bounds at final generalized Cauchy point 0
[job(1149): 2016-09-10 00:35:23] norm of the final projected gradient 1.39815e-07
[job(1149): 2016-09-10 00:35:23] final function value -60.3655
[job(1149): 2016-09-10 00:35:23] 
[job(1149): 2016-09-10 00:35:23] F = -60.3655
[job(1149): 2016-09-10 00:35:23] final  value -60.365530 
[job(1149): 2016-09-10 00:35:23] converged
[job(1149): 2016-09-10 00:35:23] [Tune-x] 19: C=0.0483; sigma=4
[job(1149): 2016-09-10 00:35:23] [Tune-y] 19: acc.test.mean=0.414; time: 0.0 min; memory: 117Mb use, 170Mb max
[job(1149): 2016-09-10 00:35:23] 
[job(1149): 2016-09-10 00:35:23] optimisation start
[job(1149): 2016-09-10 00:35:23] ------------------
[job(1149): 2016-09-10 00:35:23] * estimation method   : MLE 
[job(1149): 2016-09-10 00:35:23] * optimisation method : BFGS 
[job(1149): 2016-09-10 00:35:23] * analytical gradient : used
[job(1149): 2016-09-10 00:35:23] * trend model : ~1
[job(1149): 2016-09-10 00:35:23] * covariance model : 
[job(1149): 2016-09-10 00:35:23]   - type :  matern5_2 
[job(1149): 2016-09-10 00:35:23]   - nugget : NO
[job(1149): 2016-09-10 00:35:23]   - parameters lower bounds :  1e-10 1e-10 
[job(1149): 2016-09-10 00:35:23]   - parameters upper bounds :  43.61364 42.62747 
[job(1149): 2016-09-10 00:35:23]   - best initial criterion value(s) :  60.35847 
[job(1149): 2016-09-10 00:35:23] 
[job(1149): 2016-09-10 00:35:23] N = 2, M = 5 machine precision = 2.22045e-16
[job(1149): 2016-09-10 00:35:23] At X0, 0 variables are exactly at the bounds
[job(1149): 2016-09-10 00:35:23] At iterate     0  f=      -60.358  |proj g|=       1.1591
[job(1149): 2016-09-10 00:35:23] At iterate     1  f =      -61.634  |proj g|=        1.0231
[job(1149): 2016-09-10 00:35:23] At iterate     2  f =       -62.68  |proj g|=       0.80511
[job(1149): 2016-09-10 00:35:23] At iterate     3  f =      -63.857  |proj g|=       0.24233
[job(1149): 2016-09-10 00:35:23] At iterate     4  f =      -64.029  |proj g|=       0.29575
[job(1149): 2016-09-10 00:35:23] At iterate     5  f =      -64.271  |proj g|=       0.31313
[job(1149): 2016-09-10 00:35:23] At iterate     6  f =      -64.368  |proj g|=      0.044636
[job(1149): 2016-09-10 00:35:23] At iterate     7  f =      -64.376  |proj g|=     0.0075616
[job(1149): 2016-09-10 00:35:23] At iterate     8  f =      -64.376  |proj g|=    0.00072566
[job(1149): 2016-09-10 00:35:23] At iterate     9  f =      -64.376  |proj g|=    0.00013319
[job(1149): 2016-09-10 00:35:23] At iterate    10  f =      -64.376  |proj g|=    5.6217e-06
[job(1149): 2016-09-10 00:35:23] 
[job(1149): 2016-09-10 00:35:23] iterations 10
[job(1149): 2016-09-10 00:35:23] function evaluations 13
[job(1149): 2016-09-10 00:35:23] segments explored during Cauchy searches 11
[job(1149): 2016-09-10 00:35:23] BFGS updates skipped 0
[job(1149): 2016-09-10 00:35:23] active bounds at final generalized Cauchy point 0
[job(1149): 2016-09-10 00:35:23] norm of the final projected gradient 5.62166e-06
[job(1149): 2016-09-10 00:35:23] final function value -64.3761
[job(1149): 2016-09-10 00:35:23] 
[job(1149): 2016-09-10 00:35:23] F = -64.3761
[job(1149): 2016-09-10 00:35:23] final  value -64.376149 
[job(1149): 2016-09-10 00:35:23] converged
[job(1149): 2016-09-10 00:35:23] [Tune-x] 20: C=170; sigma=15.5
[job(1149): 2016-09-10 00:35:23] [Tune-y] 20: acc.test.mean=0.415; time: 0.0 min; memory: 117Mb use, 170Mb max
[job(1149): 2016-09-10 00:35:23] 
[job(1149): 2016-09-10 00:35:23] optimisation start
[job(1149): 2016-09-10 00:35:23] ------------------
[job(1149): 2016-09-10 00:35:23] * estimation method   : MLE 
[job(1149): 2016-09-10 00:35:23] * optimisation method : BFGS 
[job(1149): 2016-09-10 00:35:23] * analytical gradient : used
[job(1149): 2016-09-10 00:35:23] * trend model : ~1
[job(1149): 2016-09-10 00:35:23] * covariance model : 
[job(1149): 2016-09-10 00:35:23]   - type :  matern5_2 
[job(1149): 2016-09-10 00:35:23]   - nugget : NO
[job(1149): 2016-09-10 00:35:23]   - parameters lower bounds :  1e-10 1e-10 
[job(1149): 2016-09-10 00:35:23]   - parameters upper bounds :  43.61364 42.62747 
[job(1149): 2016-09-10 00:35:23]   - best initial criterion value(s) :  64.07727 
[job(1149): 2016-09-10 00:35:23] 
[job(1149): 2016-09-10 00:35:23] N = 2, M = 5 machine precision = 2.22045e-16
[job(1149): 2016-09-10 00:35:23] At X0, 0 variables are exactly at the bounds
[job(1149): 2016-09-10 00:35:23] At iterate     0  f=      -64.077  |proj g|=      0.95971
[job(1149): 2016-09-10 00:35:23] At iterate     1  f =      -65.501  |proj g|=       0.89239
[job(1149): 2016-09-10 00:35:23] At iterate     2  f =       -67.64  |proj g|=       0.57559
[job(1149): 2016-09-10 00:35:23] At iterate     3  f =      -68.115  |proj g|=       0.51287
[job(1149): 2016-09-10 00:35:23] At iterate     4  f =      -68.433  |proj g|=       0.25515
[job(1149): 2016-09-10 00:35:23] At iterate     5  f =      -68.474  |proj g|=      0.046039
[job(1149): 2016-09-10 00:35:23] At iterate     6  f =      -68.476  |proj g|=     0.0028636
[job(1149): 2016-09-10 00:35:23] At iterate     7  f =      -68.476  |proj g|=    0.00052615
[job(1149): 2016-09-10 00:35:23] At iterate     8  f =      -68.476  |proj g|=    4.2083e-06
[job(1149): 2016-09-10 00:35:23] At iterate     9  f =      -68.476  |proj g|=    1.6338e-07
[job(1149): 2016-09-10 00:35:23] 
[job(1149): 2016-09-10 00:35:23] iterations 9
[job(1149): 2016-09-10 00:35:23] function evaluations 13
[job(1149): 2016-09-10 00:35:23] segments explored during Cauchy searches 9
[job(1149): 2016-09-10 00:35:23] BFGS updates skipped 0
[job(1149): 2016-09-10 00:35:23] active bounds at final generalized Cauchy point 0
[job(1149): 2016-09-10 00:35:23] norm of the final projected gradient 1.6338e-07
[job(1149): 2016-09-10 00:35:23] final function value -68.4759
[job(1149): 2016-09-10 00:35:23] 
[job(1149): 2016-09-10 00:35:23] F = -68.4759
[job(1149): 2016-09-10 00:35:23] final  value -68.475921 
[job(1149): 2016-09-10 00:35:23] converged
[job(1149): 2016-09-10 00:35:23] [Tune-x] 21: C=0.00113; sigma=0.00627
[job(1149): 2016-09-10 00:35:23] [Tune-y] 21: acc.test.mean=0.415; time: 0.0 min; memory: 117Mb use, 170Mb max
[job(1149): 2016-09-10 00:35:23] 
[job(1149): 2016-09-10 00:35:23] optimisation start
[job(1149): 2016-09-10 00:35:23] ------------------
[job(1149): 2016-09-10 00:35:23] * estimation method   : MLE 
[job(1149): 2016-09-10 00:35:23] * optimisation method : BFGS 
[job(1149): 2016-09-10 00:35:23] * analytical gradient : used
[job(1149): 2016-09-10 00:35:23] * trend model : ~1
[job(1149): 2016-09-10 00:35:23] * covariance model : 
[job(1149): 2016-09-10 00:35:23]   - type :  matern5_2 
[job(1149): 2016-09-10 00:35:23]   - nugget : NO
[job(1149): 2016-09-10 00:35:23]   - parameters lower bounds :  1e-10 1e-10 
[job(1149): 2016-09-10 00:35:23]   - parameters upper bounds :  43.61364 42.62747 
[job(1149): 2016-09-10 00:35:23]   - best initial criterion value(s) :  72.53831 
[job(1149): 2016-09-10 00:35:23] 
[job(1149): 2016-09-10 00:35:23] N = 2, M = 5 machine precision = 2.22045e-16
[job(1149): 2016-09-10 00:35:23] At X0, 0 variables are exactly at the bounds
[job(1149): 2016-09-10 00:35:23] At iterate     0  f=      -72.538  |proj g|=      0.79825
[job(1149): 2016-09-10 00:35:23] At iterate     1  f =      -73.028  |proj g|=       0.34071
[job(1149): 2016-09-10 00:35:23] At iterate     2  f =      -73.173  |proj g|=       0.21279
[job(1149): 2016-09-10 00:35:23] At iterate     3  f =      -73.234  |proj g|=       0.17207
[job(1149): 2016-09-10 00:35:23] At iterate     4  f =      -73.404  |proj g|=      0.059513
[job(1149): 2016-09-10 00:35:23] At iterate     5  f =      -73.406  |proj g|=     0.0089769
[job(1149): 2016-09-10 00:35:23] At iterate     6  f =      -73.406  |proj g|=    0.00015352
[job(1149): 2016-09-10 00:35:23] At iterate     7  f =      -73.406  |proj g|=    1.8639e-05
[job(1149): 2016-09-10 00:35:23] 
[job(1149): 2016-09-10 00:35:23] iterations 7
[job(1149): 2016-09-10 00:35:23] function evaluations 8
[job(1149): 2016-09-10 00:35:23] segments explored during Cauchy searches 7
[job(1149): 2016-09-10 00:35:23] BFGS updates skipped 0
[job(1149): 2016-09-10 00:35:23] active bounds at final generalized Cauchy point 0
[job(1149): 2016-09-10 00:35:23] norm of the final projected gradient 1.86391e-05
[job(1149): 2016-09-10 00:35:23] final function value -73.4064
[job(1149): 2016-09-10 00:35:23] 
[job(1149): 2016-09-10 00:35:23] F = -73.4064
[job(1149): 2016-09-10 00:35:23] final  value -73.406388 
[job(1149): 2016-09-10 00:35:23] converged
[job(1149): 2016-09-10 00:35:23] [Tune-x] 22: C=0.00231; sigma=0.00185
[job(1149): 2016-09-10 00:35:23] [Tune-y] 22: acc.test.mean=0.415; time: 0.0 min; memory: 117Mb use, 178Mb max
[job(1149): 2016-09-10 00:35:23] 
[job(1149): 2016-09-10 00:35:23] optimisation start
[job(1149): 2016-09-10 00:35:23] ------------------
[job(1149): 2016-09-10 00:35:23] * estimation method   : MLE 
[job(1149): 2016-09-10 00:35:23] * optimisation method : BFGS 
[job(1149): 2016-09-10 00:35:23] * analytical gradient : used
[job(1149): 2016-09-10 00:35:23] * trend model : ~1
[job(1149): 2016-09-10 00:35:23] * covariance model : 
[job(1149): 2016-09-10 00:35:23]   - type :  matern5_2 
[job(1149): 2016-09-10 00:35:23]   - nugget : NO
[job(1149): 2016-09-10 00:35:23]   - parameters lower bounds :  1e-10 1e-10 
[job(1149): 2016-09-10 00:35:23]   - parameters upper bounds :  43.61364 42.62747 
[job(1149): 2016-09-10 00:35:23]   - best initial criterion value(s) :  75.37169 
[job(1149): 2016-09-10 00:35:23] 
[job(1149): 2016-09-10 00:35:23] N = 2, M = 5 machine precision = 2.22045e-16
[job(1149): 2016-09-10 00:35:23] At X0, 0 variables are exactly at the bounds
[job(1149): 2016-09-10 00:35:23] At iterate     0  f=      -75.372  |proj g|=      0.78204
[job(1149): 2016-09-10 00:35:23] At iterate     1  f =      -75.971  |proj g|=       0.48084
[job(1149): 2016-09-10 00:35:23] At iterate     2  f =      -76.567  |proj g|=       0.88451
[job(1149): 2016-09-10 00:35:23] At iterate     3  f =      -77.061  |proj g|=       0.40928
[job(1149): 2016-09-10 00:35:23] At iterate     4  f =      -78.146  |proj g|=       0.27768
[job(1149): 2016-09-10 00:35:23] At iterate     5  f =      -78.718  |proj g|=       0.45439
[job(1149): 2016-09-10 00:35:23] At iterate     6  f =      -78.828  |proj g|=       0.13825
[job(1149): 2016-09-10 00:35:23] At iterate     7  f =      -78.838  |proj g|=      0.045742
[job(1149): 2016-09-10 00:35:23] At iterate     8  f =      -78.839  |proj g|=    0.00026891
[job(1149): 2016-09-10 00:35:23] At iterate     9  f =      -78.839  |proj g|=     1.698e-05
[job(1149): 2016-09-10 00:35:23] 
[job(1149): 2016-09-10 00:35:23] iterations 9
[job(1149): 2016-09-10 00:35:23] function evaluations 11
[job(1149): 2016-09-10 00:35:23] segments explored during Cauchy searches 9
[job(1149): 2016-09-10 00:35:23] BFGS updates skipped 0
[job(1149): 2016-09-10 00:35:23] active bounds at final generalized Cauchy point 0
[job(1149): 2016-09-10 00:35:23] norm of the final projected gradient 1.69801e-05
[job(1149): 2016-09-10 00:35:23] final function value -78.8394
[job(1149): 2016-09-10 00:35:23] 
[job(1149): 2016-09-10 00:35:23] F = -78.8394
[job(1149): 2016-09-10 00:35:23] final  value -78.839378 
[job(1149): 2016-09-10 00:35:23] converged
[job(1149): 2016-09-10 00:35:23] [Tune-x] 23: C=0.000244; sigma=0.000244
[job(1149): 2016-09-10 00:35:23] [Tune-y] 23: acc.test.mean=0.413; time: 0.0 min; memory: 117Mb use, 178Mb max
[job(1149): 2016-09-10 00:35:23] 
[job(1149): 2016-09-10 00:35:23] optimisation start
[job(1149): 2016-09-10 00:35:23] ------------------
[job(1149): 2016-09-10 00:35:23] * estimation method   : MLE 
[job(1149): 2016-09-10 00:35:23] * optimisation method : BFGS 
[job(1149): 2016-09-10 00:35:23] * analytical gradient : used
[job(1149): 2016-09-10 00:35:23] * trend model : ~1
[job(1149): 2016-09-10 00:35:23] * covariance model : 
[job(1149): 2016-09-10 00:35:23]   - type :  matern5_2 
[job(1149): 2016-09-10 00:35:23]   - nugget : NO
[job(1149): 2016-09-10 00:35:23]   - parameters lower bounds :  1e-10 1e-10 
[job(1149): 2016-09-10 00:35:23]   - parameters upper bounds :  43.61411 45.68146 
[job(1149): 2016-09-10 00:35:23]   - best initial criterion value(s) :  73.10685 
[job(1149): 2016-09-10 00:35:23] 
[job(1149): 2016-09-10 00:35:23] N = 2, M = 5 machine precision = 2.22045e-16
[job(1149): 2016-09-10 00:35:23] At X0, 0 variables are exactly at the bounds
[job(1149): 2016-09-10 00:35:23] At iterate     0  f=      -73.107  |proj g|=      0.78362
[job(1149): 2016-09-10 00:35:23] At iterate     1  f =      -73.757  |proj g|=       0.75262
[job(1149): 2016-09-10 00:35:23] At iterate     2  f =      -76.919  |proj g|=        0.4178
[job(1149): 2016-09-10 00:35:23] At iterate     3  f =      -77.467  |proj g|=       0.37796
[job(1149): 2016-09-10 00:35:23] At iterate     4  f =       -79.38  |proj g|=        1.0863
[job(1149): 2016-09-10 00:35:23] At iterate     5  f =      -80.584  |proj g|=        1.5174
[job(1149): 2016-09-10 00:35:23] At iterate     6  f =      -82.323  |proj g|=        1.3958
[job(1149): 2016-09-10 00:35:23] At iterate     7  f =      -82.768  |proj g|=       0.40492
[job(1149): 2016-09-10 00:35:23] At iterate     8  f =      -83.022  |proj g|=        0.2856
[job(1149): 2016-09-10 00:35:23] At iterate     9  f =      -83.154  |proj g|=      0.045902
[job(1149): 2016-09-10 00:35:23] At iterate    10  f =      -83.162  |proj g|=      0.010285
[job(1149): 2016-09-10 00:35:23] At iterate    11  f =      -83.162  |proj g|=     0.0066834
[job(1149): 2016-09-10 00:35:23] At iterate    12  f =      -83.162  |proj g|=    0.00016736
[job(1149): 2016-09-10 00:35:23] At iterate    13  f =      -83.162  |proj g|=    4.0656e-07
[job(1149): 2016-09-10 00:35:23] 
[job(1149): 2016-09-10 00:35:23] iterations 13
[job(1149): 2016-09-10 00:35:23] function evaluations 23
[job(1149): 2016-09-10 00:35:23] segments explored during Cauchy searches 15
[job(1149): 2016-09-10 00:35:23] BFGS updates skipped 0
[job(1149): 2016-09-10 00:35:23] active bounds at final generalized Cauchy point 0
[job(1149): 2016-09-10 00:35:23] norm of the final projected gradient 4.06558e-07
[job(1149): 2016-09-10 00:35:23] final function value -83.1621
[job(1149): 2016-09-10 00:35:23] 
[job(1149): 2016-09-10 00:35:23] F = -83.1621
[job(1149): 2016-09-10 00:35:23] final  value -83.162125 
[job(1149): 2016-09-10 00:35:23] converged
[job(1149): 2016-09-10 00:35:23] [Tune-x] 24: C=56.3; sigma=25
[job(1149): 2016-09-10 00:35:23] [Tune-y] 24: acc.test.mean=0.413; time: 0.0 min; memory: 117Mb use, 178Mb max
[job(1149): 2016-09-10 00:35:23] 
[job(1149): 2016-09-10 00:35:23] optimisation start
[job(1149): 2016-09-10 00:35:23] ------------------
[job(1149): 2016-09-10 00:35:23] * estimation method   : MLE 
[job(1149): 2016-09-10 00:35:23] * optimisation method : BFGS 
[job(1149): 2016-09-10 00:35:23] * analytical gradient : used
[job(1149): 2016-09-10 00:35:23] * trend model : ~1
[job(1149): 2016-09-10 00:35:23] * covariance model : 
[job(1149): 2016-09-10 00:35:23]   - type :  matern5_2 
[job(1149): 2016-09-10 00:35:23]   - nugget : NO
[job(1149): 2016-09-10 00:35:23]   - parameters lower bounds :  1e-10 1e-10 
[job(1149): 2016-09-10 00:35:23]   - parameters upper bounds :  43.61411 45.68146 
[job(1149): 2016-09-10 00:35:23]   - best initial criterion value(s) :  82.36384 
[job(1149): 2016-09-10 00:35:23] 
[job(1149): 2016-09-10 00:35:23] N = 2, M = 5 machine precision = 2.22045e-16
[job(1149): 2016-09-10 00:35:23] At X0, 0 variables are exactly at the bounds
[job(1149): 2016-09-10 00:35:23] At iterate     0  f=      -82.364  |proj g|=       2.1094
[job(1149): 2016-09-10 00:35:23] At iterate     1  f =      -85.569  |proj g|=       0.45599
[job(1149): 2016-09-10 00:35:23] At iterate     2  f =      -85.637  |proj g|=       0.08448
[job(1149): 2016-09-10 00:35:23] At iterate     3  f =      -85.656  |proj g|=      0.065662
[job(1149): 2016-09-10 00:35:23] At iterate     4  f =       -85.68  |proj g|=      0.018866
[job(1149): 2016-09-10 00:35:23] At iterate     5  f =      -85.681  |proj g|=      0.001427
[job(1149): 2016-09-10 00:35:23] At iterate     6  f =      -85.681  |proj g|=    9.2581e-06
[job(1149): 2016-09-10 00:35:23] At iterate     7  f =      -85.681  |proj g|=     1.024e-07
[job(1149): 2016-09-10 00:35:23] 
[job(1149): 2016-09-10 00:35:23] iterations 7
[job(1149): 2016-09-10 00:35:23] function evaluations 10
[job(1149): 2016-09-10 00:35:23] segments explored during Cauchy searches 7
[job(1149): 2016-09-10 00:35:23] BFGS updates skipped 0
[job(1149): 2016-09-10 00:35:23] active bounds at final generalized Cauchy point 0
[job(1149): 2016-09-10 00:35:23] norm of the final projected gradient 1.02397e-07
[job(1149): 2016-09-10 00:35:23] final function value -85.6806
[job(1149): 2016-09-10 00:35:23] 
[job(1149): 2016-09-10 00:35:23] F = -85.6806
[job(1149): 2016-09-10 00:35:23] final  value -85.680554 
[job(1149): 2016-09-10 00:35:23] converged
[job(1149): 2016-09-10 00:35:23] [Tune-x] 25: C=618; sigma=39.5
[job(1149): 2016-09-10 00:35:23] Warning in .local(x, ...) : Variable(s) `' constant. Cannot scale data.
[job(1149): 2016-09-10 00:35:23] [Tune-y] 25: acc.test.mean=0.413; time: 0.0 min; memory: 117Mb use, 178Mb max
[job(1149): 2016-09-10 00:35:23] 
[job(1149): 2016-09-10 00:35:23] optimisation start
[job(1149): 2016-09-10 00:35:23] ------------------
[job(1149): 2016-09-10 00:35:23] * estimation method   : MLE 
[job(1149): 2016-09-10 00:35:23] * optimisation method : BFGS 
[job(1149): 2016-09-10 00:35:23] * analytical gradient : used
[job(1149): 2016-09-10 00:35:23] * trend model : ~1
[job(1149): 2016-09-10 00:35:23] * covariance model : 
[job(1149): 2016-09-10 00:35:23]   - type :  matern5_2 
[job(1149): 2016-09-10 00:35:23]   - nugget : NO
[job(1149): 2016-09-10 00:35:23]   - parameters lower bounds :  1e-10 1e-10 
[job(1149): 2016-09-10 00:35:23]   - parameters upper bounds :  43.61411 45.68146 
[job(1149): 2016-09-10 00:35:23]   - best initial criterion value(s) :  85.83028 
[job(1149): 2016-09-10 00:35:23] 
[job(1149): 2016-09-10 00:35:23] N = 2, M = 5 machine precision = 2.22045e-16
[job(1149): 2016-09-10 00:35:23] At X0, 0 variables are exactly at the bounds
[job(1149): 2016-09-10 00:35:23] At iterate     0  f=       -85.83  |proj g|=       2.2691
[job(1149): 2016-09-10 00:35:23] At iterate     1  f =      -88.865  |proj g|=       0.37394
[job(1149): 2016-09-10 00:35:23] At iterate     2  f =      -88.918  |proj g|=       0.31848
[job(1149): 2016-09-10 00:35:23] At iterate     3  f =      -88.969  |proj g|=       0.21491
[job(1149): 2016-09-10 00:35:23] At iterate     4  f =      -89.154  |proj g|=       0.37489
[job(1149): 2016-09-10 00:35:23] At iterate     5  f =      -89.292  |proj g|=       0.49799
[job(1149): 2016-09-10 00:35:23] At iterate     6  f =      -89.377  |proj g|=       0.14699
[job(1149): 2016-09-10 00:35:23] At iterate     7  f =      -89.382  |proj g|=     0.0020068
[job(1149): 2016-09-10 00:35:23] At iterate     8  f =      -89.382  |proj g|=    0.00018237
[job(1149): 2016-09-10 00:35:23] At iterate     9  f =      -89.382  |proj g|=    4.4546e-08
[job(1149): 2016-09-10 00:35:23] 
[job(1149): 2016-09-10 00:35:23] iterations 9
[job(1149): 2016-09-10 00:35:23] function evaluations 10
[job(1149): 2016-09-10 00:35:23] segments explored during Cauchy searches 9
[job(1149): 2016-09-10 00:35:23] BFGS updates skipped 0
[job(1149): 2016-09-10 00:35:23] active bounds at final generalized Cauchy point 0
[job(1149): 2016-09-10 00:35:23] norm of the final projected gradient 4.45458e-08
[job(1149): 2016-09-10 00:35:23] final function value -89.3823
[job(1149): 2016-09-10 00:35:23] 
[job(1149): 2016-09-10 00:35:23] F = -89.3823
[job(1149): 2016-09-10 00:35:23] final  value -89.382292 
[job(1149): 2016-09-10 00:35:23] converged
[job(1149): 2016-09-10 00:35:23] [Tune-x] 26: C=23.5; sigma=164
[job(1149): 2016-09-10 00:35:23] [Tune-y] 26: acc.test.mean=0.414; time: 0.0 min; memory: 117Mb use, 178Mb max
[job(1149): 2016-09-10 00:35:23] 
[job(1149): 2016-09-10 00:35:23] optimisation start
[job(1149): 2016-09-10 00:35:23] ------------------
[job(1149): 2016-09-10 00:35:23] * estimation method   : MLE 
[job(1149): 2016-09-10 00:35:23] * optimisation method : BFGS 
[job(1149): 2016-09-10 00:35:23] * analytical gradient : used
[job(1149): 2016-09-10 00:35:23] * trend model : ~1
[job(1149): 2016-09-10 00:35:23] * covariance model : 
[job(1149): 2016-09-10 00:35:23]   - type :  matern5_2 
[job(1149): 2016-09-10 00:35:23]   - nugget : NO
[job(1149): 2016-09-10 00:35:23]   - parameters lower bounds :  1e-10 1e-10 
[job(1149): 2016-09-10 00:35:23]   - parameters upper bounds :  43.61411 45.68146 
[job(1149): 2016-09-10 00:35:23]   - best initial criterion value(s) :  89.37017 
[job(1149): 2016-09-10 00:35:23] 
[job(1149): 2016-09-10 00:35:23] N = 2, M = 5 machine precision = 2.22045e-16
[job(1149): 2016-09-10 00:35:23] At X0, 0 variables are exactly at the bounds
[job(1149): 2016-09-10 00:35:23] At iterate     0  f=       -89.37  |proj g|=        2.498
[job(1149): 2016-09-10 00:35:23] At iterate     1  f =       -91.81  |proj g|=        1.0169
[job(1149): 2016-09-10 00:35:23] At iterate     2  f =      -92.097  |proj g|=       0.30575
[job(1149): 2016-09-10 00:35:23] At iterate     3  f =      -92.142  |proj g|=       0.26671
[job(1149): 2016-09-10 00:35:23] At iterate     4  f =      -92.299  |proj g|=      0.038712
[job(1149): 2016-09-10 00:35:23] At iterate     5  f =      -92.302  |proj g|=     0.0048258
[job(1149): 2016-09-10 00:35:23] At iterate     6  f =      -92.302  |proj g|=    0.00031379
[job(1149): 2016-09-10 00:35:23] At iterate     7  f =      -92.302  |proj g|=    2.1632e-05
[job(1149): 2016-09-10 00:35:23] 
[job(1149): 2016-09-10 00:35:23] iterations 7
[job(1149): 2016-09-10 00:35:23] function evaluations 10
[job(1149): 2016-09-10 00:35:23] segments explored during Cauchy searches 7
[job(1149): 2016-09-10 00:35:23] BFGS updates skipped 0
[job(1149): 2016-09-10 00:35:23] active bounds at final generalized Cauchy point 0
[job(1149): 2016-09-10 00:35:23] norm of the final projected gradient 2.16318e-05
[job(1149): 2016-09-10 00:35:23] final function value -92.3021
[job(1149): 2016-09-10 00:35:23] 
[job(1149): 2016-09-10 00:35:23] F = -92.3021
[job(1149): 2016-09-10 00:35:23] final  value -92.302145 
[job(1149): 2016-09-10 00:35:23] converged
[job(1149): 2016-09-10 00:35:23] [Tune-x] 27: C=23; sigma=23.4
[job(1149): 2016-09-10 00:35:23] [Tune-y] 27: acc.test.mean=0.415; time: 0.0 min; memory: 117Mb use, 178Mb max
[job(1149): 2016-09-10 00:35:23] 
[job(1149): 2016-09-10 00:35:23] optimisation start
[job(1149): 2016-09-10 00:35:23] ------------------
[job(1149): 2016-09-10 00:35:23] * estimation method   : MLE 
[job(1149): 2016-09-10 00:35:23] * optimisation method : BFGS 
[job(1149): 2016-09-10 00:35:23] * analytical gradient : used
[job(1149): 2016-09-10 00:35:23] * trend model : ~1
[job(1149): 2016-09-10 00:35:23] * covariance model : 
[job(1149): 2016-09-10 00:35:23]   - type :  matern5_2 
[job(1149): 2016-09-10 00:35:23]   - nugget : NO
[job(1149): 2016-09-10 00:35:23]   - parameters lower bounds :  1e-10 1e-10 
[job(1149): 2016-09-10 00:35:23]   - parameters upper bounds :  43.61411 45.68146 
[job(1149): 2016-09-10 00:35:23]   - best initial criterion value(s) :  89.51034 
[job(1149): 2016-09-10 00:35:23] 
[job(1149): 2016-09-10 00:35:23] N = 2, M = 5 machine precision = 2.22045e-16
[job(1149): 2016-09-10 00:35:23] At X0, 0 variables are exactly at the bounds
[job(1149): 2016-09-10 00:35:23] At iterate     0  f=       -89.51  |proj g|=         1.32
[job(1149): 2016-09-10 00:35:23] At iterate     1  f =      -90.246  |proj g|=       0.60857
[job(1149): 2016-09-10 00:35:23] At iterate     2  f =      -90.487  |proj g|=       0.51003
[job(1149): 2016-09-10 00:35:23] At iterate     3  f =      -90.914  |proj g|=       0.45278
[job(1149): 2016-09-10 00:35:23] At iterate     4  f =      -92.786  |proj g|=         2.136
[job(1149): 2016-09-10 00:35:23] At iterate     5  f =      -94.943  |proj g|=         2.817
[job(1149): 2016-09-10 00:35:23] At iterate     6  f =      -95.907  |proj g|=        2.0031
[job(1149): 2016-09-10 00:35:23] At iterate     7  f =      -96.217  |proj g|=        1.0825
[job(1149): 2016-09-10 00:35:23] At iterate     8  f =      -96.889  |proj g|=       0.14661
[job(1149): 2016-09-10 00:35:23] At iterate     9  f =      -96.901  |proj g|=       0.02927
[job(1149): 2016-09-10 00:35:23] At iterate    10  f =      -96.901  |proj g|=     0.0062372
[job(1149): 2016-09-10 00:35:23] At iterate    11  f =      -96.901  |proj g|=    5.6293e-05
[job(1149): 2016-09-10 00:35:23] At iterate    12  f =      -96.901  |proj g|=    2.9558e-06
[job(1149): 2016-09-10 00:35:23] 
[job(1149): 2016-09-10 00:35:23] iterations 12
[job(1149): 2016-09-10 00:35:23] function evaluations 20
[job(1149): 2016-09-10 00:35:23] segments explored during Cauchy searches 12
[job(1149): 2016-09-10 00:35:23] BFGS updates skipped 0
[job(1149): 2016-09-10 00:35:23] active bounds at final generalized Cauchy point 0
[job(1149): 2016-09-10 00:35:23] norm of the final projected gradient 2.95576e-06
[job(1149): 2016-09-10 00:35:23] final function value -96.9011
[job(1149): 2016-09-10 00:35:23] 
[job(1149): 2016-09-10 00:35:23] F = -96.9011
[job(1149): 2016-09-10 00:35:23] final  value -96.901088 
[job(1149): 2016-09-10 00:35:23] converged
[job(1149): 2016-09-10 00:35:23] [Tune-x] 28: C=254; sigma=52.3
[job(1149): 2016-09-10 00:35:23] [Tune-y] 28: acc.test.mean=0.414; time: 0.0 min; memory: 117Mb use, 178Mb max
[job(1149): 2016-09-10 00:35:23] 
[job(1149): 2016-09-10 00:35:23] optimisation start
[job(1149): 2016-09-10 00:35:23] ------------------
[job(1149): 2016-09-10 00:35:23] * estimation method   : MLE 
[job(1149): 2016-09-10 00:35:23] * optimisation method : BFGS 
[job(1149): 2016-09-10 00:35:23] * analytical gradient : used
[job(1149): 2016-09-10 00:35:23] * trend model : ~1
[job(1149): 2016-09-10 00:35:23] * covariance model : 
[job(1149): 2016-09-10 00:35:23]   - type :  matern5_2 
[job(1149): 2016-09-10 00:35:23]   - nugget : NO
[job(1149): 2016-09-10 00:35:23]   - parameters lower bounds :  1e-10 1e-10 
[job(1149): 2016-09-10 00:35:23]   - parameters upper bounds :  43.61411 45.68146 
[job(1149): 2016-09-10 00:35:23]   - best initial criterion value(s) :  100.2428 
[job(1149): 2016-09-10 00:35:23] 
[job(1149): 2016-09-10 00:35:23] N = 2, M = 5 machine precision = 2.22045e-16
[job(1149): 2016-09-10 00:35:23] At X0, 0 variables are exactly at the bounds
[job(1149): 2016-09-10 00:35:23] At iterate     0  f=      -100.24  |proj g|=      0.15041
[job(1149): 2016-09-10 00:35:23] At iterate     1  f =      -100.26  |proj g|=         0.139
[job(1149): 2016-09-10 00:35:23] At iterate     2  f =      -100.76  |proj g|=       0.88335
[job(1149): 2016-09-10 00:35:23] At iterate     3  f =       -100.8  |proj g|=        1.2242
[job(1149): 2016-09-10 00:35:23] At iterate     4  f =      -101.15  |proj g|=       0.67013
[job(1149): 2016-09-10 00:35:23] At iterate     5  f =      -101.25  |proj g|=      0.070713
[job(1149): 2016-09-10 00:35:23] At iterate     6  f =      -101.26  |proj g|=      0.012806
[job(1149): 2016-09-10 00:35:23] At iterate     7  f =      -101.26  |proj g|=     0.0013424
[job(1149): 2016-09-10 00:35:23] At iterate     8  f =      -101.26  |proj g|=    4.8578e-05
[job(1149): 2016-09-10 00:35:23] At iterate     9  f =      -101.26  |proj g|=    3.5961e-05
[job(1149): 2016-09-10 00:35:23] 
[job(1149): 2016-09-10 00:35:23] iterations 9
[job(1149): 2016-09-10 00:35:23] function evaluations 13
[job(1149): 2016-09-10 00:35:23] segments explored during Cauchy searches 9
[job(1149): 2016-09-10 00:35:23] BFGS updates skipped 0
[job(1149): 2016-09-10 00:35:23] active bounds at final generalized Cauchy point 0
[job(1149): 2016-09-10 00:35:23] norm of the final projected gradient 3.59611e-05
[job(1149): 2016-09-10 00:35:23] final function value -101.264
[job(1149): 2016-09-10 00:35:23] 
[job(1149): 2016-09-10 00:35:23] F = -101.264
[job(1149): 2016-09-10 00:35:23] final  value -101.263981 
[job(1149): 2016-09-10 00:35:23] converged
[job(1149): 2016-09-10 00:35:23] [Tune] Result: C=38.8; sigma=35.8 : acc.test.mean=-0.416
[job(1149): 2016-09-10 00:35:23] Job terminated successfully
[job(chunk): 2016-09-10 00:35:23] Calculation finished!
