[job(chunk): 2016-09-10 01:14:27] Starting calculation of 1 jobs
[job(chunk): 2016-09-10 01:14:27] Setting working directory to '/naslx/projects/pr74ze/ri89coc2/svm_comparison'
[job(chunk): 2016-09-10 01:14:27] Memory measurement disabled
[job(1611): 2016-09-10 01:14:29] Starting job with job.id=1611
[job(1611): 2016-09-10 01:15:16] Generating problem instance for problem '4340' ...
[job(1611): 2016-09-10 01:15:16] Data '4340' file 'description.xml' found in cache.
[job(1611): 2016-09-10 01:15:16] Data '4340' file 'dataset.arff' found in cache.
[job(1611): 2016-09-10 01:15:16] Loading required package: readr
[job(1611): 2016-09-10 01:15:16] Applying algorithm 'kbb-svc.tuned' on problem '4340' ...
[job(1611): 2016-09-10 01:15:16] Data '4340' file 'description.xml' found in cache.
[job(1611): 2016-09-10 01:15:16] Data '4340' file 'dataset.arff' found in cache.
[job(1611): 2016-09-10 01:15:16] [Tune] Started tuning learner kbb-svc for parameter set:
[job(1611): 2016-09-10 01:15:16]          Type len Def    Constr Req Tunable Trafo
[job(1611): 2016-09-10 01:15:16] C     numeric   -   - -12 to 12   -    TRUE     Y
[job(1611): 2016-09-10 01:15:16] sigma numeric   -   - -12 to 12   -    TRUE     Y
[job(1611): 2016-09-10 01:15:16] With control class: TuneControlMBO
[job(1611): 2016-09-10 01:15:16] Imputation value: -0
[job(1611): 2016-09-10 01:15:16] [Tune-x] 1: C=0.0396; sigma=1.68
[job(1611): 2016-09-10 01:15:16] [Tune-y] 1: acc.test.mean=0.675; time: 0.0 min; memory: 112Mb use, 148Mb max
[job(1611): 2016-09-10 01:15:16] [Tune-x] 2: C=0.915; sigma=0.0653
[job(1611): 2016-09-10 01:15:16] [Tune-y] 2: acc.test.mean=0.919; time: 0.0 min; memory: 112Mb use, 148Mb max
[job(1611): 2016-09-10 01:15:16] [Tune-x] 3: C=9.63; sigma=69.8
[job(1611): 2016-09-10 01:15:16] [Tune-y] 3: acc.test.mean=0.681; time: 0.0 min; memory: 112Mb use, 148Mb max
[job(1611): 2016-09-10 01:15:16] [Tune-x] 4: C=1.1e+03; sigma=0.387
[job(1611): 2016-09-10 01:15:16] [Tune-y] 4: acc.test.mean=0.916; time: 0.0 min; memory: 112Mb use, 148Mb max
[job(1611): 2016-09-10 01:15:16] [Tune-x] 5: C=4.72; sigma=0.00604
[job(1611): 2016-09-10 01:15:16] [Tune-y] 5: acc.test.mean=0.913; time: 0.0 min; memory: 112Mb use, 148Mb max
[job(1611): 2016-09-10 01:15:16] [Tune-x] 6: C=0.000517; sigma=20.4
[job(1611): 2016-09-10 01:15:16] [Tune-y] 6: acc.test.mean=0.675; time: 0.0 min; memory: 112Mb use, 148Mb max
[job(1611): 2016-09-10 01:15:16] [Tune-x] 7: C=181; sigma=524
[job(1611): 2016-09-10 01:15:16] [Tune-y] 7: acc.test.mean=0.675; time: 0.0 min; memory: 112Mb use, 148Mb max
[job(1611): 2016-09-10 01:15:16] [Tune-x] 8: C=0.0057; sigma=0.00061
[job(1611): 2016-09-10 01:15:16] [Tune-y] 8: acc.test.mean=0.675; time: 0.0 min; memory: 112Mb use, 148Mb max
[job(1611): 2016-09-10 01:15:16] 
[job(1611): 2016-09-10 01:15:16] optimisation start
[job(1611): 2016-09-10 01:15:16] ------------------
[job(1611): 2016-09-10 01:15:16] * estimation method   : MLE 
[job(1611): 2016-09-10 01:15:16] * optimisation method : BFGS 
[job(1611): 2016-09-10 01:15:16] * analytical gradient : used
[job(1611): 2016-09-10 01:15:16] * trend model : ~1
[job(1611): 2016-09-10 01:15:16] * covariance model : 
[job(1611): 2016-09-10 01:15:16]   - type :  matern5_2 
[job(1611): 2016-09-10 01:15:16]   - nugget : NO
[job(1611): 2016-09-10 01:15:16]   - parameters lower bounds :  1e-10 1e-10 
[job(1611): 2016-09-10 01:15:16]   - parameters upper bounds :  42.04815 39.42605 
[job(1611): 2016-09-10 01:15:16]   - best initial criterion value(s) :  7.490067 
[job(1611): 2016-09-10 01:15:16] 
[job(1611): 2016-09-10 01:15:16] N = 2, M = 5 machine precision = 2.22045e-16
[job(1611): 2016-09-10 01:15:16] At X0, 0 variables are exactly at the bounds
[job(1611): 2016-09-10 01:15:16] At iterate     0  f=      -7.4901  |proj g|=       0.1256
[job(1611): 2016-09-10 01:15:16] At iterate     1  f =      -7.5049  |proj g|=        0.1064
[job(1611): 2016-09-10 01:15:16] At iterate     2  f =      -7.5409  |proj g|=      0.009136
[job(1611): 2016-09-10 01:15:16] At iterate     3  f =      -7.5416  |proj g|=     0.0083813
[job(1611): 2016-09-10 01:15:16] At iterate     4  f =      -7.5427  |proj g|=     0.0068918
[job(1611): 2016-09-10 01:15:16] At iterate     5  f =      -7.5442  |proj g|=      0.010648
[job(1611): 2016-09-10 01:15:16] At iterate     6  f =      -7.5448  |proj g|=     0.0032362
[job(1611): 2016-09-10 01:15:16] At iterate     7  f =      -7.5448  |proj g|=    0.00030386
[job(1611): 2016-09-10 01:15:16] At iterate     8  f =      -7.5448  |proj g|=     8.051e-07
[job(1611): 2016-09-10 01:15:16] At iterate     9  f =      -7.5448  |proj g|=    3.0594e-09
[job(1611): 2016-09-10 01:15:16] 
[job(1611): 2016-09-10 01:15:16] iterations 9
[job(1611): 2016-09-10 01:15:16] function evaluations 10
[job(1611): 2016-09-10 01:15:16] segments explored during Cauchy searches 9
[job(1611): 2016-09-10 01:15:16] BFGS updates skipped 0
[job(1611): 2016-09-10 01:15:16] active bounds at final generalized Cauchy point 0
[job(1611): 2016-09-10 01:15:16] norm of the final projected gradient 3.0594e-09
[job(1611): 2016-09-10 01:15:16] final function value -7.54479
[job(1611): 2016-09-10 01:15:16] 
[job(1611): 2016-09-10 01:15:16] F = -7.54479
[job(1611): 2016-09-10 01:15:16] final  value -7.544792 
[job(1611): 2016-09-10 01:15:16] converged
[job(1611): 2016-09-10 01:15:16] [Tune-x] 9: C=53.5; sigma=0.0444
[job(1611): 2016-09-10 01:15:16] [Tune-y] 9: acc.test.mean=0.93; time: 0.0 min; memory: 116Mb use, 164Mb max
[job(1611): 2016-09-10 01:15:16] 
[job(1611): 2016-09-10 01:15:16] optimisation start
[job(1611): 2016-09-10 01:15:16] ------------------
[job(1611): 2016-09-10 01:15:16] * estimation method   : MLE 
[job(1611): 2016-09-10 01:15:16] * optimisation method : BFGS 
[job(1611): 2016-09-10 01:15:16] * analytical gradient : used
[job(1611): 2016-09-10 01:15:16] * trend model : ~1
[job(1611): 2016-09-10 01:15:16] * covariance model : 
[job(1611): 2016-09-10 01:15:16]   - type :  matern5_2 
[job(1611): 2016-09-10 01:15:16]   - nugget : NO
[job(1611): 2016-09-10 01:15:16]   - parameters lower bounds :  1e-10 1e-10 
[job(1611): 2016-09-10 01:15:16]   - parameters upper bounds :  42.04815 39.42605 
[job(1611): 2016-09-10 01:15:16]   - best initial criterion value(s) :  8.656386 
[job(1611): 2016-09-10 01:15:16] 
[job(1611): 2016-09-10 01:15:16] N = 2, M = 5 machine precision = 2.22045e-16
[job(1611): 2016-09-10 01:15:16] At X0, 0 variables are exactly at the bounds
[job(1611): 2016-09-10 01:15:16] At iterate     0  f=      -8.6564  |proj g|=      0.48729
[job(1611): 2016-09-10 01:15:16] At iterate     1  f =      -8.8899  |proj g|=       0.35529
[job(1611): 2016-09-10 01:15:16] At iterate     2  f =      -9.3173  |proj g|=      0.079445
[job(1611): 2016-09-10 01:15:16] At iterate     3  f =      -9.3652  |proj g|=      0.016718
[job(1611): 2016-09-10 01:15:16] At iterate     4  f =      -9.3672  |proj g|=     0.0038321
[job(1611): 2016-09-10 01:15:16] At iterate     5  f =      -9.3673  |proj g|=     0.0032975
[job(1611): 2016-09-10 01:15:16] At iterate     6  f =      -9.3675  |proj g|=    0.00036161
[job(1611): 2016-09-10 01:15:16] At iterate     7  f =      -9.3675  |proj g|=    9.1164e-06
[job(1611): 2016-09-10 01:15:16] At iterate     8  f =      -9.3675  |proj g|=    7.0485e-07
[job(1611): 2016-09-10 01:15:16] 
[job(1611): 2016-09-10 01:15:16] iterations 8
[job(1611): 2016-09-10 01:15:16] function evaluations 9
[job(1611): 2016-09-10 01:15:16] segments explored during Cauchy searches 8
[job(1611): 2016-09-10 01:15:16] BFGS updates skipped 0
[job(1611): 2016-09-10 01:15:16] active bounds at final generalized Cauchy point 0
[job(1611): 2016-09-10 01:15:16] norm of the final projected gradient 7.04845e-07
[job(1611): 2016-09-10 01:15:16] final function value -9.36745
[job(1611): 2016-09-10 01:15:16] 
[job(1611): 2016-09-10 01:15:16] F = -9.36745
[job(1611): 2016-09-10 01:15:16] final  value -9.367455 
[job(1611): 2016-09-10 01:15:16] converged
[job(1611): 2016-09-10 01:15:16] [Tune-x] 10: C=5.37; sigma=0.0363
[job(1611): 2016-09-10 01:15:16] [Tune-y] 10: acc.test.mean=0.919; time: 0.0 min; memory: 116Mb use, 164Mb max
[job(1611): 2016-09-10 01:15:16] 
[job(1611): 2016-09-10 01:15:16] optimisation start
[job(1611): 2016-09-10 01:15:16] ------------------
[job(1611): 2016-09-10 01:15:16] * estimation method   : MLE 
[job(1611): 2016-09-10 01:15:16] * optimisation method : BFGS 
[job(1611): 2016-09-10 01:15:16] * analytical gradient : used
[job(1611): 2016-09-10 01:15:16] * trend model : ~1
[job(1611): 2016-09-10 01:15:16] * covariance model : 
[job(1611): 2016-09-10 01:15:16]   - type :  matern5_2 
[job(1611): 2016-09-10 01:15:16]   - nugget : NO
[job(1611): 2016-09-10 01:15:16]   - parameters lower bounds :  1e-10 1e-10 
[job(1611): 2016-09-10 01:15:16]   - parameters upper bounds :  42.04815 39.42605 
[job(1611): 2016-09-10 01:15:16]   - best initial criterion value(s) :  11.7143 
[job(1611): 2016-09-10 01:15:16] 
[job(1611): 2016-09-10 01:15:16] N = 2, M = 5 machine precision = 2.22045e-16
[job(1611): 2016-09-10 01:15:16] At X0, 0 variables are exactly at the bounds
[job(1611): 2016-09-10 01:15:16] At iterate     0  f=      -11.714  |proj g|=       1.0245
[job(1611): 2016-09-10 01:15:16] At iterate     1  f =      -12.356  |proj g|=        0.2012
[job(1611): 2016-09-10 01:15:16] At iterate     2  f =      -12.381  |proj g|=      0.001366
[job(1611): 2016-09-10 01:15:16] At iterate     3  f =      -12.381  |proj g|=    5.8471e-05
[job(1611): 2016-09-10 01:15:16] At iterate     4  f =      -12.381  |proj g|=    5.8454e-05
[job(1611): 2016-09-10 01:15:16] 
[job(1611): 2016-09-10 01:15:16] iterations 4
[job(1611): 2016-09-10 01:15:16] function evaluations 5
[job(1611): 2016-09-10 01:15:16] segments explored during Cauchy searches 4
[job(1611): 2016-09-10 01:15:16] BFGS updates skipped 0
[job(1611): 2016-09-10 01:15:16] active bounds at final generalized Cauchy point 0
[job(1611): 2016-09-10 01:15:16] norm of the final projected gradient 5.84536e-05
[job(1611): 2016-09-10 01:15:16] final function value -12.3806
[job(1611): 2016-09-10 01:15:16] 
[job(1611): 2016-09-10 01:15:16] F = -12.3806
[job(1611): 2016-09-10 01:15:16] final  value -12.380611 
[job(1611): 2016-09-10 01:15:16] converged
[job(1611): 2016-09-10 01:15:16] [Tune-x] 11: C=4.09e+03; sigma=0.141
[job(1611): 2016-09-10 01:15:16] [Tune-y] 11: acc.test.mean=0.913; time: 0.0 min; memory: 116Mb use, 164Mb max
[job(1611): 2016-09-10 01:15:16] 
[job(1611): 2016-09-10 01:15:16] optimisation start
[job(1611): 2016-09-10 01:15:16] ------------------
[job(1611): 2016-09-10 01:15:16] * estimation method   : MLE 
[job(1611): 2016-09-10 01:15:16] * optimisation method : BFGS 
[job(1611): 2016-09-10 01:15:16] * analytical gradient : used
[job(1611): 2016-09-10 01:15:16] * trend model : ~1
[job(1611): 2016-09-10 01:15:16] * covariance model : 
[job(1611): 2016-09-10 01:15:16]   - type :  matern5_2 
[job(1611): 2016-09-10 01:15:16]   - nugget : NO
[job(1611): 2016-09-10 01:15:16]   - parameters lower bounds :  1e-10 1e-10 
[job(1611): 2016-09-10 01:15:16]   - parameters upper bounds :  45.83463 39.42605 
[job(1611): 2016-09-10 01:15:16]   - best initial criterion value(s) :  13.89177 
[job(1611): 2016-09-10 01:15:16] 
[job(1611): 2016-09-10 01:15:16] N = 2, M = 5 machine precision = 2.22045e-16
[job(1611): 2016-09-10 01:15:16] At X0, 0 variables are exactly at the bounds
[job(1611): 2016-09-10 01:15:16] At iterate     0  f=      -13.892  |proj g|=      0.55374
[job(1611): 2016-09-10 01:15:16] At iterate     1  f =      -14.071  |proj g|=      0.093973
[job(1611): 2016-09-10 01:15:16] At iterate     2  f =      -14.081  |proj g|=      0.050448
[job(1611): 2016-09-10 01:15:16] At iterate     3  f =      -14.087  |proj g|=      0.045206
[job(1611): 2016-09-10 01:15:16] At iterate     4  f =      -14.099  |proj g|=      0.079615
[job(1611): 2016-09-10 01:15:16] At iterate     5  f =      -14.118  |proj g|=       0.09983
[job(1611): 2016-09-10 01:15:16] At iterate     6  f =      -14.133  |proj g|=      0.032845
[job(1611): 2016-09-10 01:15:16] At iterate     7  f =      -14.134  |proj g|=     0.0031994
[job(1611): 2016-09-10 01:15:16] At iterate     8  f =      -14.134  |proj g|=    0.00045257
[job(1611): 2016-09-10 01:15:16] At iterate     9  f =      -14.134  |proj g|=    1.5572e-05
[job(1611): 2016-09-10 01:15:16] At iterate    10  f =      -14.134  |proj g|=    3.6952e-06
[job(1611): 2016-09-10 01:15:16] 
[job(1611): 2016-09-10 01:15:16] iterations 10
[job(1611): 2016-09-10 01:15:16] function evaluations 11
[job(1611): 2016-09-10 01:15:16] segments explored during Cauchy searches 10
[job(1611): 2016-09-10 01:15:16] BFGS updates skipped 0
[job(1611): 2016-09-10 01:15:16] active bounds at final generalized Cauchy point 0
[job(1611): 2016-09-10 01:15:16] norm of the final projected gradient 3.69521e-06
[job(1611): 2016-09-10 01:15:16] final function value -14.1343
[job(1611): 2016-09-10 01:15:16] 
[job(1611): 2016-09-10 01:15:16] F = -14.1343
[job(1611): 2016-09-10 01:15:16] final  value -14.134315 
[job(1611): 2016-09-10 01:15:16] converged
[job(1611): 2016-09-10 01:15:16] [Tune-x] 12: C=61.2; sigma=0.107
[job(1611): 2016-09-10 01:15:16] [Tune-y] 12: acc.test.mean=0.933; time: 0.0 min; memory: 116Mb use, 164Mb max
[job(1611): 2016-09-10 01:15:16] 
[job(1611): 2016-09-10 01:15:16] optimisation start
[job(1611): 2016-09-10 01:15:16] ------------------
[job(1611): 2016-09-10 01:15:16] * estimation method   : MLE 
[job(1611): 2016-09-10 01:15:16] * optimisation method : BFGS 
[job(1611): 2016-09-10 01:15:16] * analytical gradient : used
[job(1611): 2016-09-10 01:15:16] * trend model : ~1
[job(1611): 2016-09-10 01:15:16] * covariance model : 
[job(1611): 2016-09-10 01:15:16]   - type :  matern5_2 
[job(1611): 2016-09-10 01:15:16]   - nugget : NO
[job(1611): 2016-09-10 01:15:16]   - parameters lower bounds :  1e-10 1e-10 
[job(1611): 2016-09-10 01:15:16]   - parameters upper bounds :  45.83463 39.42605 
[job(1611): 2016-09-10 01:15:16]   - best initial criterion value(s) :  16.92191 
[job(1611): 2016-09-10 01:15:16] 
[job(1611): 2016-09-10 01:15:16] N = 2, M = 5 machine precision = 2.22045e-16
[job(1611): 2016-09-10 01:15:16] At X0, 0 variables are exactly at the bounds
[job(1611): 2016-09-10 01:15:16] At iterate     0  f=      -16.922  |proj g|=      0.77263
[job(1611): 2016-09-10 01:15:16] At iterate     1  f =      -17.125  |proj g|=       0.18362
[job(1611): 2016-09-10 01:15:16] At iterate     2  f =      -17.142  |proj g|=      0.036728
[job(1611): 2016-09-10 01:15:16] At iterate     3  f =      -17.144  |proj g|=      0.035633
[job(1611): 2016-09-10 01:15:16] At iterate     4  f =      -17.147  |proj g|=      0.041816
[job(1611): 2016-09-10 01:15:16] At iterate     5  f =      -17.157  |proj g|=         0.109
[job(1611): 2016-09-10 01:15:16] At iterate     6  f =      -17.173  |proj g|=        0.1655
[job(1611): 2016-09-10 01:15:16] At iterate     7  f =      -17.195  |proj g|=        0.1574
[job(1611): 2016-09-10 01:15:16] At iterate     8  f =      -17.208  |proj g|=      0.031019
[job(1611): 2016-09-10 01:15:16] At iterate     9  f =      -17.209  |proj g|=     0.0017438
[job(1611): 2016-09-10 01:15:16] At iterate    10  f =      -17.209  |proj g|=    3.9728e-06
[job(1611): 2016-09-10 01:15:16] At iterate    11  f =      -17.209  |proj g|=    1.3357e-07
[job(1611): 2016-09-10 01:15:16] 
[job(1611): 2016-09-10 01:15:16] iterations 11
[job(1611): 2016-09-10 01:15:16] function evaluations 12
[job(1611): 2016-09-10 01:15:16] segments explored during Cauchy searches 11
[job(1611): 2016-09-10 01:15:16] BFGS updates skipped 0
[job(1611): 2016-09-10 01:15:16] active bounds at final generalized Cauchy point 0
[job(1611): 2016-09-10 01:15:16] norm of the final projected gradient 1.33572e-07
[job(1611): 2016-09-10 01:15:16] final function value -17.2089
[job(1611): 2016-09-10 01:15:16] 
[job(1611): 2016-09-10 01:15:16] F = -17.2089
[job(1611): 2016-09-10 01:15:16] final  value -17.208873 
[job(1611): 2016-09-10 01:15:16] converged
[job(1611): 2016-09-10 01:15:16] [Tune-x] 13: C=55.9; sigma=0.073
[job(1611): 2016-09-10 01:15:16] [Tune-y] 13: acc.test.mean=0.933; time: 0.0 min; memory: 116Mb use, 164Mb max
[job(1611): 2016-09-10 01:15:16] 
[job(1611): 2016-09-10 01:15:16] optimisation start
[job(1611): 2016-09-10 01:15:16] ------------------
[job(1611): 2016-09-10 01:15:16] * estimation method   : MLE 
[job(1611): 2016-09-10 01:15:16] * optimisation method : BFGS 
[job(1611): 2016-09-10 01:15:16] * analytical gradient : used
[job(1611): 2016-09-10 01:15:16] * trend model : ~1
[job(1611): 2016-09-10 01:15:16] * covariance model : 
[job(1611): 2016-09-10 01:15:16]   - type :  matern5_2 
[job(1611): 2016-09-10 01:15:16]   - nugget : NO
[job(1611): 2016-09-10 01:15:16]   - parameters lower bounds :  1e-10 1e-10 
[job(1611): 2016-09-10 01:15:16]   - parameters upper bounds :  45.83463 39.42605 
[job(1611): 2016-09-10 01:15:16]   - best initial criterion value(s) :  21.59988 
[job(1611): 2016-09-10 01:15:16] 
[job(1611): 2016-09-10 01:15:16] N = 2, M = 5 machine precision = 2.22045e-16
[job(1611): 2016-09-10 01:15:16] At X0, 0 variables are exactly at the bounds
[job(1611): 2016-09-10 01:15:16] At iterate     0  f=        -21.6  |proj g|=      0.19536
[job(1611): 2016-09-10 01:15:16] At iterate     1  f =       -21.64  |proj g|=        0.1342
[job(1611): 2016-09-10 01:15:16] At iterate     2  f =      -21.675  |proj g|=      0.054458
[job(1611): 2016-09-10 01:15:16] At iterate     3  f =       -21.68  |proj g|=      0.034389
[job(1611): 2016-09-10 01:15:16] At iterate     4  f =      -21.694  |proj g|=      0.051396
[job(1611): 2016-09-10 01:15:16] At iterate     5  f =      -22.557  |proj g|=       0.17216
[job(1611): 2016-09-10 01:15:16] At iterate     6  f =       -22.56  |proj g|=       0.16418
[job(1611): 2016-09-10 01:15:16] At iterate     7  f =      -22.684  |proj g|=      0.057264
[job(1611): 2016-09-10 01:15:16] At iterate     8  f =      -22.705  |proj g|=     0.0080034
[job(1611): 2016-09-10 01:15:16] At iterate     9  f =      -22.705  |proj g|=     0.0005611
[job(1611): 2016-09-10 01:15:16] At iterate    10  f =      -22.705  |proj g|=     1.801e-05
[job(1611): 2016-09-10 01:15:16] At iterate    11  f =      -22.705  |proj g|=    2.3039e-06
[job(1611): 2016-09-10 01:15:16] 
[job(1611): 2016-09-10 01:15:16] iterations 11
[job(1611): 2016-09-10 01:15:16] function evaluations 16
[job(1611): 2016-09-10 01:15:16] segments explored during Cauchy searches 11
[job(1611): 2016-09-10 01:15:16] BFGS updates skipped 0
[job(1611): 2016-09-10 01:15:16] active bounds at final generalized Cauchy point 0
[job(1611): 2016-09-10 01:15:16] norm of the final projected gradient 2.30386e-06
[job(1611): 2016-09-10 01:15:16] final function value -22.7055
[job(1611): 2016-09-10 01:15:16] 
[job(1611): 2016-09-10 01:15:16] F = -22.7055
[job(1611): 2016-09-10 01:15:16] final  value -22.705486 
[job(1611): 2016-09-10 01:15:16] converged
[job(1611): 2016-09-10 01:15:16] [Tune-x] 14: C=197; sigma=0.09
[job(1611): 2016-09-10 01:15:16] [Tune-y] 14: acc.test.mean=0.936; time: 0.0 min; memory: 116Mb use, 164Mb max
[job(1611): 2016-09-10 01:15:16] 
[job(1611): 2016-09-10 01:15:16] optimisation start
[job(1611): 2016-09-10 01:15:16] ------------------
[job(1611): 2016-09-10 01:15:16] * estimation method   : MLE 
[job(1611): 2016-09-10 01:15:16] * optimisation method : BFGS 
[job(1611): 2016-09-10 01:15:16] * analytical gradient : used
[job(1611): 2016-09-10 01:15:16] * trend model : ~1
[job(1611): 2016-09-10 01:15:16] * covariance model : 
[job(1611): 2016-09-10 01:15:16]   - type :  matern5_2 
[job(1611): 2016-09-10 01:15:16]   - nugget : NO
[job(1611): 2016-09-10 01:15:16]   - parameters lower bounds :  1e-10 1e-10 
[job(1611): 2016-09-10 01:15:16]   - parameters upper bounds :  45.83463 39.42605 
[job(1611): 2016-09-10 01:15:16]   - best initial criterion value(s) :  24.16739 
[job(1611): 2016-09-10 01:15:16] 
[job(1611): 2016-09-10 01:15:16] N = 2, M = 5 machine precision = 2.22045e-16
[job(1611): 2016-09-10 01:15:16] At X0, 0 variables are exactly at the bounds
[job(1611): 2016-09-10 01:15:16] At iterate     0  f=      -24.167  |proj g|=      0.24015
[job(1611): 2016-09-10 01:15:16] At iterate     1  f =      -24.267  |proj g|=        0.2582
[job(1611): 2016-09-10 01:15:16] At iterate     2  f =      -24.507  |proj g|=       0.14353
[job(1611): 2016-09-10 01:15:16] At iterate     3  f =      -24.527  |proj g|=      0.037424
[job(1611): 2016-09-10 01:15:16] At iterate     4  f =      -24.529  |proj g|=       0.03203
[job(1611): 2016-09-10 01:15:16] At iterate     5  f =      -24.531  |proj g|=      0.053024
[job(1611): 2016-09-10 01:15:16] At iterate     6  f =      -24.634  |proj g|=       0.81754
[job(1611): 2016-09-10 01:15:16] At iterate     7  f =      -24.696  |proj g|=        1.2626
[job(1611): 2016-09-10 01:15:16] At iterate     8  f =      -24.761  |proj g|=        1.5119
[job(1611): 2016-09-10 01:15:16] At iterate     9  f =      -24.956  |proj g|=        1.4182
[job(1611): 2016-09-10 01:15:16] At iterate    10  f =      -25.707  |proj g|=       0.51911
[job(1611): 2016-09-10 01:15:16] At iterate    11  f =      -25.911  |proj g|=       0.10991
[job(1611): 2016-09-10 01:15:16] At iterate    12  f =      -25.927  |proj g|=      0.032096
[job(1611): 2016-09-10 01:15:16] At iterate    13  f =      -25.928  |proj g|=     0.0035538
[job(1611): 2016-09-10 01:15:16] At iterate    14  f =      -25.928  |proj g|=    0.00017352
[job(1611): 2016-09-10 01:15:16] At iterate    15  f =      -25.928  |proj g|=    3.3879e-06
[job(1611): 2016-09-10 01:15:16] 
[job(1611): 2016-09-10 01:15:16] iterations 15
[job(1611): 2016-09-10 01:15:16] function evaluations 26
[job(1611): 2016-09-10 01:15:16] segments explored during Cauchy searches 16
[job(1611): 2016-09-10 01:15:16] BFGS updates skipped 0
[job(1611): 2016-09-10 01:15:16] active bounds at final generalized Cauchy point 0
[job(1611): 2016-09-10 01:15:16] norm of the final projected gradient 3.38789e-06
[job(1611): 2016-09-10 01:15:16] final function value -25.9284
[job(1611): 2016-09-10 01:15:16] 
[job(1611): 2016-09-10 01:15:16] F = -25.9284
[job(1611): 2016-09-10 01:15:16] final  value -25.928407 
[job(1611): 2016-09-10 01:15:16] converged
[job(1611): 2016-09-10 01:15:16] [Tune-x] 15: C=198; sigma=0.00849
[job(1611): 2016-09-10 01:15:16] [Tune-y] 15: acc.test.mean=0.93; time: 0.0 min; memory: 116Mb use, 164Mb max
[job(1611): 2016-09-10 01:15:16] 
[job(1611): 2016-09-10 01:15:16] optimisation start
[job(1611): 2016-09-10 01:15:16] ------------------
[job(1611): 2016-09-10 01:15:16] * estimation method   : MLE 
[job(1611): 2016-09-10 01:15:16] * optimisation method : BFGS 
[job(1611): 2016-09-10 01:15:16] * analytical gradient : used
[job(1611): 2016-09-10 01:15:16] * trend model : ~1
[job(1611): 2016-09-10 01:15:16] * covariance model : 
[job(1611): 2016-09-10 01:15:16]   - type :  matern5_2 
[job(1611): 2016-09-10 01:15:16]   - nugget : NO
[job(1611): 2016-09-10 01:15:16]   - parameters lower bounds :  1e-10 1e-10 
[job(1611): 2016-09-10 01:15:16]   - parameters upper bounds :  45.83463 39.42605 
[job(1611): 2016-09-10 01:15:16]   - best initial criterion value(s) :  28.38807 
[job(1611): 2016-09-10 01:15:16] 
[job(1611): 2016-09-10 01:15:16] N = 2, M = 5 machine precision = 2.22045e-16
[job(1611): 2016-09-10 01:15:16] At X0, 0 variables are exactly at the bounds
[job(1611): 2016-09-10 01:15:16] At iterate     0  f=      -28.388  |proj g|=      0.22855
[job(1611): 2016-09-10 01:15:16] At iterate     1  f =      -28.434  |proj g|=       0.17256
[job(1611): 2016-09-10 01:15:16] At iterate     2  f =      -28.504  |proj g|=      0.026486
[job(1611): 2016-09-10 01:15:16] At iterate     3  f =       -28.51  |proj g|=      0.017864
[job(1611): 2016-09-10 01:15:16] At iterate     4  f =      -28.513  |proj g|=     0.0044795
[job(1611): 2016-09-10 01:15:16] At iterate     5  f =      -28.513  |proj g|=    0.00081314
[job(1611): 2016-09-10 01:15:16] At iterate     6  f =      -28.513  |proj g|=    0.00020256
[job(1611): 2016-09-10 01:15:16] At iterate     7  f =      -28.513  |proj g|=    9.3152e-05
[job(1611): 2016-09-10 01:15:16] At iterate     8  f =      -28.513  |proj g|=    6.9196e-07
[job(1611): 2016-09-10 01:15:16] 
[job(1611): 2016-09-10 01:15:16] iterations 8
[job(1611): 2016-09-10 01:15:16] function evaluations 9
[job(1611): 2016-09-10 01:15:16] segments explored during Cauchy searches 8
[job(1611): 2016-09-10 01:15:16] BFGS updates skipped 0
[job(1611): 2016-09-10 01:15:16] active bounds at final generalized Cauchy point 0
[job(1611): 2016-09-10 01:15:16] norm of the final projected gradient 6.91957e-07
[job(1611): 2016-09-10 01:15:16] final function value -28.5129
[job(1611): 2016-09-10 01:15:16] 
[job(1611): 2016-09-10 01:15:16] F = -28.5129
[job(1611): 2016-09-10 01:15:16] final  value -28.512855 
[job(1611): 2016-09-10 01:15:16] converged
[job(1611): 2016-09-10 01:15:16] [Tune-x] 16: C=165; sigma=0.0865
[job(1611): 2016-09-10 01:15:16] [Tune-y] 16: acc.test.mean=0.928; time: 0.0 min; memory: 116Mb use, 164Mb max
[job(1611): 2016-09-10 01:15:16] 
[job(1611): 2016-09-10 01:15:16] optimisation start
[job(1611): 2016-09-10 01:15:16] ------------------
[job(1611): 2016-09-10 01:15:16] * estimation method   : MLE 
[job(1611): 2016-09-10 01:15:16] * optimisation method : BFGS 
[job(1611): 2016-09-10 01:15:16] * analytical gradient : used
[job(1611): 2016-09-10 01:15:16] * trend model : ~1
[job(1611): 2016-09-10 01:15:16] * covariance model : 
[job(1611): 2016-09-10 01:15:16]   - type :  matern5_2 
[job(1611): 2016-09-10 01:15:16]   - nugget : NO
[job(1611): 2016-09-10 01:15:16]   - parameters lower bounds :  1e-10 1e-10 
[job(1611): 2016-09-10 01:15:16]   - parameters upper bounds :  45.83463 39.42605 
[job(1611): 2016-09-10 01:15:16]   - best initial criterion value(s) :  19.9129 
[job(1611): 2016-09-10 01:15:16] 
[job(1611): 2016-09-10 01:15:16] N = 2, M = 5 machine precision = 2.22045e-16
[job(1611): 2016-09-10 01:15:16] At X0, 0 variables are exactly at the bounds
[job(1611): 2016-09-10 01:15:16] At iterate     0  f=      -19.913  |proj g|=       2.6997
[job(1611): 2016-09-10 01:15:16] At iterate     1  f =      -25.993  |proj g|=       0.94866
[job(1611): 2016-09-10 01:15:16] At iterate     2  f =      -26.321  |proj g|=       0.25932
[job(1611): 2016-09-10 01:15:16] At iterate     3  f =      -26.364  |proj g|=       0.23322
[job(1611): 2016-09-10 01:15:16] At iterate     4  f =      -26.581  |proj g|=      0.038054
[job(1611): 2016-09-10 01:15:16] At iterate     5  f =      -26.588  |proj g|=     0.0077573
[job(1611): 2016-09-10 01:15:16] At iterate     6  f =      -26.588  |proj g|=    0.00032749
[job(1611): 2016-09-10 01:15:16] At iterate     7  f =      -26.588  |proj g|=    1.3258e-05
[job(1611): 2016-09-10 01:15:16] At iterate     8  f =      -26.588  |proj g|=    2.5869e-06
[job(1611): 2016-09-10 01:15:16] 
[job(1611): 2016-09-10 01:15:16] iterations 8
[job(1611): 2016-09-10 01:15:16] function evaluations 11
[job(1611): 2016-09-10 01:15:16] segments explored during Cauchy searches 8
[job(1611): 2016-09-10 01:15:16] BFGS updates skipped 0
[job(1611): 2016-09-10 01:15:16] active bounds at final generalized Cauchy point 0
[job(1611): 2016-09-10 01:15:16] norm of the final projected gradient 2.58686e-06
[job(1611): 2016-09-10 01:15:16] final function value -26.5885
[job(1611): 2016-09-10 01:15:16] 
[job(1611): 2016-09-10 01:15:16] F = -26.5885
[job(1611): 2016-09-10 01:15:16] final  value -26.588484 
[job(1611): 2016-09-10 01:15:16] converged
[job(1611): 2016-09-10 01:15:16] [Tune-x] 17: C=486; sigma=0.0225
[job(1611): 2016-09-10 01:15:16] [Tune-y] 17: acc.test.mean=0.922; time: 0.0 min; memory: 116Mb use, 164Mb max
[job(1611): 2016-09-10 01:15:16] 
[job(1611): 2016-09-10 01:15:16] optimisation start
[job(1611): 2016-09-10 01:15:16] ------------------
[job(1611): 2016-09-10 01:15:16] * estimation method   : MLE 
[job(1611): 2016-09-10 01:15:16] * optimisation method : BFGS 
[job(1611): 2016-09-10 01:15:16] * analytical gradient : used
[job(1611): 2016-09-10 01:15:16] * trend model : ~1
[job(1611): 2016-09-10 01:15:16] * covariance model : 
[job(1611): 2016-09-10 01:15:16]   - type :  matern5_2 
[job(1611): 2016-09-10 01:15:16]   - nugget : NO
[job(1611): 2016-09-10 01:15:16]   - parameters lower bounds :  1e-10 1e-10 
[job(1611): 2016-09-10 01:15:16]   - parameters upper bounds :  45.83463 39.42605 
[job(1611): 2016-09-10 01:15:16]   - best initial criterion value(s) :  24.14644 
[job(1611): 2016-09-10 01:15:16] 
[job(1611): 2016-09-10 01:15:16] N = 2, M = 5 machine precision = 2.22045e-16
[job(1611): 2016-09-10 01:15:16] At X0, 0 variables are exactly at the bounds
[job(1611): 2016-09-10 01:15:16] At iterate     0  f=      -24.146  |proj g|=       1.3103
[job(1611): 2016-09-10 01:15:16] At iterate     1  f =      -25.457  |proj g|=        0.3868
[job(1611): 2016-09-10 01:15:16] At iterate     2  f =      -25.628  |proj g|=        0.6871
[job(1611): 2016-09-10 01:15:16] At iterate     3  f =      -27.251  |proj g|=       0.28305
[job(1611): 2016-09-10 01:15:16] At iterate     4  f =      -27.754  |proj g|=       0.41321
[job(1611): 2016-09-10 01:15:16] At iterate     5  f =      -27.808  |proj g|=      0.014677
[job(1611): 2016-09-10 01:15:16] At iterate     6  f =      -27.808  |proj g|=      0.014363
[job(1611): 2016-09-10 01:15:16] At iterate     7  f =      -27.808  |proj g|=     7.777e-05
[job(1611): 2016-09-10 01:15:16] At iterate     8  f =      -27.808  |proj g|=    2.2542e-06
[job(1611): 2016-09-10 01:15:16] 
[job(1611): 2016-09-10 01:15:16] iterations 8
[job(1611): 2016-09-10 01:15:16] function evaluations 11
[job(1611): 2016-09-10 01:15:16] segments explored during Cauchy searches 8
[job(1611): 2016-09-10 01:15:16] BFGS updates skipped 0
[job(1611): 2016-09-10 01:15:16] active bounds at final generalized Cauchy point 0
[job(1611): 2016-09-10 01:15:16] norm of the final projected gradient 2.25416e-06
[job(1611): 2016-09-10 01:15:16] final function value -27.8085
[job(1611): 2016-09-10 01:15:16] 
[job(1611): 2016-09-10 01:15:16] F = -27.8085
[job(1611): 2016-09-10 01:15:16] final  value -27.808475 
[job(1611): 2016-09-10 01:15:16] converged
[job(1611): 2016-09-10 01:15:16] [Tune-x] 18: C=297; sigma=0.139
[job(1611): 2016-09-10 01:15:16] [Tune-y] 18: acc.test.mean=0.916; time: 0.0 min; memory: 116Mb use, 164Mb max
[job(1611): 2016-09-10 01:15:16] 
[job(1611): 2016-09-10 01:15:16] optimisation start
[job(1611): 2016-09-10 01:15:16] ------------------
[job(1611): 2016-09-10 01:15:16] * estimation method   : MLE 
[job(1611): 2016-09-10 01:15:16] * optimisation method : BFGS 
[job(1611): 2016-09-10 01:15:16] * analytical gradient : used
[job(1611): 2016-09-10 01:15:16] * trend model : ~1
[job(1611): 2016-09-10 01:15:16] * covariance model : 
[job(1611): 2016-09-10 01:15:16]   - type :  matern5_2 
[job(1611): 2016-09-10 01:15:16]   - nugget : NO
[job(1611): 2016-09-10 01:15:16]   - parameters lower bounds :  1e-10 1e-10 
[job(1611): 2016-09-10 01:15:16]   - parameters upper bounds :  45.83463 39.42605 
[job(1611): 2016-09-10 01:15:16]   - best initial criterion value(s) :  21.32657 
[job(1611): 2016-09-10 01:15:16] 
[job(1611): 2016-09-10 01:15:16] N = 2, M = 5 machine precision = 2.22045e-16
[job(1611): 2016-09-10 01:15:16] At X0, 0 variables are exactly at the bounds
[job(1611): 2016-09-10 01:15:16] At iterate     0  f=      -21.327  |proj g|=       19.097
[job(1611): 2016-09-10 01:15:16] At iterate     1  f =       -24.52  |proj g|=        1.8513
[job(1611): 2016-09-10 01:15:16] At iterate     2  f =      -24.545  |proj g|=       0.24286
[job(1611): 2016-09-10 01:15:16] At iterate     3  f =      -24.546  |proj g|=      0.020381
[job(1611): 2016-09-10 01:15:16] At iterate     4  f =      -24.546  |proj g|=      0.031751
[job(1611): 2016-09-10 01:15:16] At iterate     5  f =      -24.547  |proj g|=        0.2743
[job(1611): 2016-09-10 01:15:16] At iterate     6  f =       -24.55  |proj g|=       0.56983
[job(1611): 2016-09-10 01:15:16] At iterate     7  f =      -24.559  |proj g|=        1.0427
[job(1611): 2016-09-10 01:15:16] At iterate     8  f =      -24.577  |proj g|=        1.5893
[job(1611): 2016-09-10 01:15:16] At iterate     9  f =      -24.616  |proj g|=        1.9881
[job(1611): 2016-09-10 01:15:16] At iterate    10  f =      -24.692  |proj g|=        1.5546
[job(1611): 2016-09-10 01:15:16] At iterate    11  f =      -24.727  |proj g|=         0.103
[job(1611): 2016-09-10 01:15:16] At iterate    12  f =      -24.727  |proj g|=     0.0075931
[job(1611): 2016-09-10 01:15:16] At iterate    13  f =      -24.727  |proj g|=    7.9039e-06
[job(1611): 2016-09-10 01:15:16] At iterate    14  f =      -24.727  |proj g|=    6.1218e-10
[job(1611): 2016-09-10 01:15:16] 
[job(1611): 2016-09-10 01:15:16] iterations 14
[job(1611): 2016-09-10 01:15:16] function evaluations 20
[job(1611): 2016-09-10 01:15:16] segments explored during Cauchy searches 14
[job(1611): 2016-09-10 01:15:16] BFGS updates skipped 0
[job(1611): 2016-09-10 01:15:16] active bounds at final generalized Cauchy point 1
[job(1611): 2016-09-10 01:15:16] norm of the final projected gradient 6.12181e-10
[job(1611): 2016-09-10 01:15:16] final function value -24.7269
[job(1611): 2016-09-10 01:15:16] 
[job(1611): 2016-09-10 01:15:16] F = -24.7269
[job(1611): 2016-09-10 01:15:16] final  value -24.726910 
[job(1611): 2016-09-10 01:15:16] converged
[job(1611): 2016-09-10 01:15:16] [Tune-x] 19: C=4.08e+03; sigma=0.0681
[job(1611): 2016-09-10 01:15:16] [Tune-y] 19: acc.test.mean=0.916; time: 0.0 min; memory: 116Mb use, 164Mb max
[job(1611): 2016-09-10 01:15:16] 
[job(1611): 2016-09-10 01:15:16] optimisation start
[job(1611): 2016-09-10 01:15:16] ------------------
[job(1611): 2016-09-10 01:15:16] * estimation method   : MLE 
[job(1611): 2016-09-10 01:15:16] * optimisation method : BFGS 
[job(1611): 2016-09-10 01:15:16] * analytical gradient : used
[job(1611): 2016-09-10 01:15:16] * trend model : ~1
[job(1611): 2016-09-10 01:15:16] * covariance model : 
[job(1611): 2016-09-10 01:15:16]   - type :  matern5_2 
[job(1611): 2016-09-10 01:15:16]   - nugget : NO
[job(1611): 2016-09-10 01:15:16]   - parameters lower bounds :  1e-10 1e-10 
[job(1611): 2016-09-10 01:15:16]   - parameters upper bounds :  45.83463 39.42605 
[job(1611): 2016-09-10 01:15:16]   - best initial criterion value(s) :  25.65481 
[job(1611): 2016-09-10 01:15:16] 
[job(1611): 2016-09-10 01:15:16] N = 2, M = 5 machine precision = 2.22045e-16
[job(1611): 2016-09-10 01:15:16] At X0, 0 variables are exactly at the bounds
[job(1611): 2016-09-10 01:15:16] At iterate     0  f=      -25.655  |proj g|=       1.9381
[job(1611): 2016-09-10 01:15:16] At iterate     1  f =      -26.999  |proj g|=        2.8588
[job(1611): 2016-09-10 01:15:16] At iterate     2  f =      -29.759  |proj g|=        2.0121
[job(1611): 2016-09-10 01:15:16] At iterate     3  f =      -30.486  |proj g|=       0.65391
[job(1611): 2016-09-10 01:15:16] At iterate     4  f =      -31.002  |proj g|=        1.5879
[job(1611): 2016-09-10 01:15:16] At iterate     5  f =      -31.172  |proj g|=        1.0525
[job(1611): 2016-09-10 01:15:16] At iterate     6  f =      -31.379  |proj g|=      0.038378
[job(1611): 2016-09-10 01:15:16] At iterate     7  f =      -31.385  |proj g|=     0.0069016
[job(1611): 2016-09-10 01:15:16] At iterate     8  f =      -31.385  |proj g|=     0.0007595
[job(1611): 2016-09-10 01:15:16] At iterate     9  f =      -31.385  |proj g|=    0.00025697
[job(1611): 2016-09-10 01:15:16] At iterate    10  f =      -31.385  |proj g|=    4.4624e-05
[job(1611): 2016-09-10 01:15:16] 
[job(1611): 2016-09-10 01:15:16] iterations 10
[job(1611): 2016-09-10 01:15:16] function evaluations 12
[job(1611): 2016-09-10 01:15:16] segments explored during Cauchy searches 10
[job(1611): 2016-09-10 01:15:16] BFGS updates skipped 0
[job(1611): 2016-09-10 01:15:16] active bounds at final generalized Cauchy point 0
[job(1611): 2016-09-10 01:15:16] norm of the final projected gradient 4.46242e-05
[job(1611): 2016-09-10 01:15:16] final function value -31.3854
[job(1611): 2016-09-10 01:15:16] 
[job(1611): 2016-09-10 01:15:16] F = -31.3854
[job(1611): 2016-09-10 01:15:16] final  value -31.385400 
[job(1611): 2016-09-10 01:15:16] converged
[job(1611): 2016-09-10 01:15:16] [Tune-x] 20: C=1.46e+03; sigma=0.0333
[job(1611): 2016-09-10 01:15:16] [Tune-y] 20: acc.test.mean=0.948; time: 0.0 min; memory: 116Mb use, 164Mb max
[job(1611): 2016-09-10 01:15:16] 
[job(1611): 2016-09-10 01:15:16] optimisation start
[job(1611): 2016-09-10 01:15:16] ------------------
[job(1611): 2016-09-10 01:15:16] * estimation method   : MLE 
[job(1611): 2016-09-10 01:15:16] * optimisation method : BFGS 
[job(1611): 2016-09-10 01:15:16] * analytical gradient : used
[job(1611): 2016-09-10 01:15:16] * trend model : ~1
[job(1611): 2016-09-10 01:15:16] * covariance model : 
[job(1611): 2016-09-10 01:15:16]   - type :  matern5_2 
[job(1611): 2016-09-10 01:15:16]   - nugget : NO
[job(1611): 2016-09-10 01:15:16]   - parameters lower bounds :  1e-10 1e-10 
[job(1611): 2016-09-10 01:15:16]   - parameters upper bounds :  45.83463 39.42605 
[job(1611): 2016-09-10 01:15:16]   - best initial criterion value(s) :  28.7072 
[job(1611): 2016-09-10 01:15:16] 
[job(1611): 2016-09-10 01:15:16] N = 2, M = 5 machine precision = 2.22045e-16
[job(1611): 2016-09-10 01:15:16] At X0, 0 variables are exactly at the bounds
[job(1611): 2016-09-10 01:15:16] At iterate     0  f=      -28.707  |proj g|=       3.4122
[job(1611): 2016-09-10 01:15:16] At iterate     1  f =      -31.713  |proj g|=        2.8934
[job(1611): 2016-09-10 01:15:16] At iterate     2  f =      -33.912  |proj g|=       0.70509
[job(1611): 2016-09-10 01:15:16] At iterate     3  f =      -33.937  |proj g|=       0.20227
[job(1611): 2016-09-10 01:15:16] At iterate     4  f =       -33.94  |proj g|=      0.059474
[job(1611): 2016-09-10 01:15:16] At iterate     5  f =      -33.942  |proj g|=      0.091708
[job(1611): 2016-09-10 01:15:16] At iterate     6  f =      -33.946  |proj g|=       0.15744
[job(1611): 2016-09-10 01:15:16] At iterate     7  f =      -33.952  |proj g|=       0.14594
[job(1611): 2016-09-10 01:15:16] At iterate     8  f =      -33.954  |proj g|=     0.0059424
[job(1611): 2016-09-10 01:15:16] At iterate     9  f =      -33.954  |proj g|=    1.7665e-05
[job(1611): 2016-09-10 01:15:16] At iterate    10  f =      -33.954  |proj g|=    1.0835e-05
[job(1611): 2016-09-10 01:15:16] 
[job(1611): 2016-09-10 01:15:16] iterations 10
[job(1611): 2016-09-10 01:15:16] function evaluations 14
[job(1611): 2016-09-10 01:15:16] segments explored during Cauchy searches 11
[job(1611): 2016-09-10 01:15:16] BFGS updates skipped 0
[job(1611): 2016-09-10 01:15:16] active bounds at final generalized Cauchy point 0
[job(1611): 2016-09-10 01:15:16] norm of the final projected gradient 1.08352e-05
[job(1611): 2016-09-10 01:15:16] final function value -33.9538
[job(1611): 2016-09-10 01:15:16] 
[job(1611): 2016-09-10 01:15:16] F = -33.9538
[job(1611): 2016-09-10 01:15:16] final  value -33.953770 
[job(1611): 2016-09-10 01:15:16] converged
[job(1611): 2016-09-10 01:15:16] [Tune-x] 21: C=1.48e+03; sigma=0.0309
[job(1611): 2016-09-10 01:15:16] [Tune-y] 21: acc.test.mean=0.93; time: 0.0 min; memory: 116Mb use, 164Mb max
[job(1611): 2016-09-10 01:15:16] 
[job(1611): 2016-09-10 01:15:16] optimisation start
[job(1611): 2016-09-10 01:15:16] ------------------
[job(1611): 2016-09-10 01:15:16] * estimation method   : MLE 
[job(1611): 2016-09-10 01:15:16] * optimisation method : BFGS 
[job(1611): 2016-09-10 01:15:16] * analytical gradient : used
[job(1611): 2016-09-10 01:15:16] * trend model : ~1
[job(1611): 2016-09-10 01:15:16] * covariance model : 
[job(1611): 2016-09-10 01:15:16]   - type :  matern5_2 
[job(1611): 2016-09-10 01:15:16]   - nugget : NO
[job(1611): 2016-09-10 01:15:16]   - parameters lower bounds :  1e-10 1e-10 
[job(1611): 2016-09-10 01:15:16]   - parameters upper bounds :  45.83463 39.42605 
[job(1611): 2016-09-10 01:15:16]   - best initial criterion value(s) :  28.68244 
[job(1611): 2016-09-10 01:15:16] 
[job(1611): 2016-09-10 01:15:16] N = 2, M = 5 machine precision = 2.22045e-16
[job(1611): 2016-09-10 01:15:16] At X0, 0 variables are exactly at the bounds
[job(1611): 2016-09-10 01:15:16] At iterate     0  f=      -28.682  |proj g|=      0.84146
[job(1611): 2016-09-10 01:15:16] At iterate     1  f =      -29.894  |proj g|=       0.74217
[job(1611): 2016-09-10 01:15:16] At iterate     2  f =       -30.37  |proj g|=        3.7754
[job(1611): 2016-09-10 01:15:16] At iterate     3  f =      -30.452  |proj g|=       0.28338
[job(1611): 2016-09-10 01:15:16] At iterate     4  f =      -30.452  |proj g|=      0.072369
[job(1611): 2016-09-10 01:15:16] At iterate     5  f =      -30.452  |proj g|=       0.10791
[job(1611): 2016-09-10 01:15:16] At iterate     6  f =      -30.453  |proj g|=       0.26599
[job(1611): 2016-09-10 01:15:16] At iterate     7  f =      -30.457  |proj g|=       0.67978
[job(1611): 2016-09-10 01:15:16] At iterate     8  f =      -30.466  |proj g|=        1.2096
[job(1611): 2016-09-10 01:15:16] At iterate     9  f =      -30.486  |proj g|=        1.9698
[job(1611): 2016-09-10 01:15:16] At iterate    10  f =      -30.529  |proj g|=        2.6787
[job(1611): 2016-09-10 01:15:16] At iterate    11  f =      -30.611  |proj g|=        2.6322
[job(1611): 2016-09-10 01:15:16] At iterate    12  f =      -30.643  |proj g|=       0.62032
[job(1611): 2016-09-10 01:15:16] At iterate    13  f =      -30.711  |proj g|=      0.021221
[job(1611): 2016-09-10 01:15:16] At iterate    14  f =      -30.748  |proj g|=       0.31663
[job(1611): 2016-09-10 01:15:16] At iterate    15  f =      -30.779  |proj g|=       0.56681
[job(1611): 2016-09-10 01:15:16] At iterate    16  f =      -30.787  |proj g|=        0.2524
[job(1611): 2016-09-10 01:15:16] At iterate    17  f =      -30.788  |proj g|=     0.0011327
[job(1611): 2016-09-10 01:15:16] At iterate    18  f =      -30.788  |proj g|=     0.0037368
[job(1611): 2016-09-10 01:15:16] At iterate    19  f =      -30.788  |proj g|=    0.00012721
[job(1611): 2016-09-10 01:15:16] 
[job(1611): 2016-09-10 01:15:16] iterations 19
[job(1611): 2016-09-10 01:15:16] function evaluations 24
[job(1611): 2016-09-10 01:15:16] segments explored during Cauchy searches 20
[job(1611): 2016-09-10 01:15:16] BFGS updates skipped 0
[job(1611): 2016-09-10 01:15:16] active bounds at final generalized Cauchy point 0
[job(1611): 2016-09-10 01:15:16] norm of the final projected gradient 0.000127213
[job(1611): 2016-09-10 01:15:16] final function value -30.788
[job(1611): 2016-09-10 01:15:16] 
[job(1611): 2016-09-10 01:15:16] F = -30.788
[job(1611): 2016-09-10 01:15:16] final  value -30.788016 
[job(1611): 2016-09-10 01:15:16] converged
[job(1611): 2016-09-10 01:15:16] [Tune-x] 22: C=4.09e+03; sigma=0.0367
[job(1611): 2016-09-10 01:15:16] [Tune-y] 22: acc.test.mean=0.91; time: 0.0 min; memory: 116Mb use, 164Mb max
[job(1611): 2016-09-10 01:15:16] 
[job(1611): 2016-09-10 01:15:16] optimisation start
[job(1611): 2016-09-10 01:15:16] ------------------
[job(1611): 2016-09-10 01:15:16] * estimation method   : MLE 
[job(1611): 2016-09-10 01:15:16] * optimisation method : BFGS 
[job(1611): 2016-09-10 01:15:16] * analytical gradient : used
[job(1611): 2016-09-10 01:15:16] * trend model : ~1
[job(1611): 2016-09-10 01:15:16] * covariance model : 
[job(1611): 2016-09-10 01:15:16]   - type :  matern5_2 
[job(1611): 2016-09-10 01:15:16]   - nugget : NO
[job(1611): 2016-09-10 01:15:16]   - parameters lower bounds :  1e-10 1e-10 
[job(1611): 2016-09-10 01:15:16]   - parameters upper bounds :  45.83463 39.42605 
[job(1611): 2016-09-10 01:15:16]   - best initial criterion value(s) :  29.55546 
[job(1611): 2016-09-10 01:15:16] 
[job(1611): 2016-09-10 01:15:16] N = 2, M = 5 machine precision = 2.22045e-16
[job(1611): 2016-09-10 01:15:16] At X0, 0 variables are exactly at the bounds
[job(1611): 2016-09-10 01:15:16] At iterate     0  f=      -29.555  |proj g|=       4.9217
[job(1611): 2016-09-10 01:15:16] At iterate     1  f =      -29.766  |proj g|=       0.11344
[job(1611): 2016-09-10 01:15:16] At iterate     2  f =      -29.766  |proj g|=        0.1113
[job(1611): 2016-09-10 01:15:16] At iterate     3  f =      -29.767  |proj g|=       0.11827
[job(1611): 2016-09-10 01:15:16] At iterate     4  f =      -29.769  |proj g|=       0.32651
[job(1611): 2016-09-10 01:15:16] At iterate     5  f =      -29.773  |proj g|=       0.62755
[job(1611): 2016-09-10 01:15:16] At iterate     6  f =      -29.782  |proj g|=       0.65609
[job(1611): 2016-09-10 01:15:16] At iterate     7  f =      -29.801  |proj g|=       0.65649
[job(1611): 2016-09-10 01:15:16] At iterate     8  f =      -29.829  |proj g|=       0.64439
[job(1611): 2016-09-10 01:15:16] At iterate     9  f =       -29.84  |proj g|=       0.90294
[job(1611): 2016-09-10 01:15:16] At iterate    10  f =      -29.848  |proj g|=      0.009828
[job(1611): 2016-09-10 01:15:16] At iterate    11  f =      -29.848  |proj g|=    0.00099026
[job(1611): 2016-09-10 01:15:16] At iterate    12  f =      -29.848  |proj g|=    0.00033966
[job(1611): 2016-09-10 01:15:16] At iterate    13  f =      -29.848  |proj g|=    0.00018585
[job(1611): 2016-09-10 01:15:16] 
[job(1611): 2016-09-10 01:15:16] iterations 13
[job(1611): 2016-09-10 01:15:16] function evaluations 16
[job(1611): 2016-09-10 01:15:16] segments explored during Cauchy searches 13
[job(1611): 2016-09-10 01:15:16] BFGS updates skipped 0
[job(1611): 2016-09-10 01:15:16] active bounds at final generalized Cauchy point 0
[job(1611): 2016-09-10 01:15:16] norm of the final projected gradient 0.00018585
[job(1611): 2016-09-10 01:15:16] final function value -29.8477
[job(1611): 2016-09-10 01:15:16] 
[job(1611): 2016-09-10 01:15:16] F = -29.8477
[job(1611): 2016-09-10 01:15:16] final  value -29.847712 
[job(1611): 2016-09-10 01:15:16] converged
[job(1611): 2016-09-10 01:15:16] [Tune-x] 23: C=202; sigma=0.0343
[job(1611): 2016-09-10 01:15:16] [Tune-y] 23: acc.test.mean=0.948; time: 0.0 min; memory: 116Mb use, 172Mb max
[job(1611): 2016-09-10 01:15:16] 
[job(1611): 2016-09-10 01:15:16] optimisation start
[job(1611): 2016-09-10 01:15:16] ------------------
[job(1611): 2016-09-10 01:15:16] * estimation method   : MLE 
[job(1611): 2016-09-10 01:15:16] * optimisation method : BFGS 
[job(1611): 2016-09-10 01:15:16] * analytical gradient : used
[job(1611): 2016-09-10 01:15:16] * trend model : ~1
[job(1611): 2016-09-10 01:15:16] * covariance model : 
[job(1611): 2016-09-10 01:15:16]   - type :  matern5_2 
[job(1611): 2016-09-10 01:15:16]   - nugget : NO
[job(1611): 2016-09-10 01:15:16]   - parameters lower bounds :  1e-10 1e-10 
[job(1611): 2016-09-10 01:15:16]   - parameters upper bounds :  45.83463 39.42605 
[job(1611): 2016-09-10 01:15:16]   - best initial criterion value(s) :  30.99202 
[job(1611): 2016-09-10 01:15:16] 
[job(1611): 2016-09-10 01:15:16] N = 2, M = 5 machine precision = 2.22045e-16
[job(1611): 2016-09-10 01:15:16] At X0, 0 variables are exactly at the bounds
[job(1611): 2016-09-10 01:15:16] At iterate     0  f=      -30.992  |proj g|=      0.36587
[job(1611): 2016-09-10 01:15:16] At iterate     1  f =      -31.016  |proj g|=       0.35884
[job(1611): 2016-09-10 01:15:16] At iterate     2  f =       -31.06  |proj g|=       0.30511
[job(1611): 2016-09-10 01:15:16] At iterate     3  f =       -31.06  |proj g|=       0.20457
[job(1611): 2016-09-10 01:15:16] At iterate     4  f =      -31.062  |proj g|=       0.20291
[job(1611): 2016-09-10 01:15:16] At iterate     5  f =      -31.067  |proj g|=       0.33828
[job(1611): 2016-09-10 01:15:16] At iterate     6  f =      -31.078  |proj g|=       0.34441
[job(1611): 2016-09-10 01:15:16] At iterate     7  f =      -31.101  |proj g|=       0.35079
[job(1611): 2016-09-10 01:15:16] At iterate     8  f =      -31.135  |proj g|=       0.35237
[job(1611): 2016-09-10 01:15:16] At iterate     9  f =      -31.156  |proj g|=        1.8727
[job(1611): 2016-09-10 01:15:16] At iterate    10  f =       -31.17  |proj g|=     0.0056228
[job(1611): 2016-09-10 01:15:16] At iterate    11  f =       -31.17  |proj g|=    0.00076313
[job(1611): 2016-09-10 01:15:16] At iterate    12  f =       -31.17  |proj g|=    4.2929e-06
[job(1611): 2016-09-10 01:15:16] At iterate    13  f =       -31.17  |proj g|=    5.6306e-08
[job(1611): 2016-09-10 01:15:16] 
[job(1611): 2016-09-10 01:15:16] iterations 13
[job(1611): 2016-09-10 01:15:16] function evaluations 15
[job(1611): 2016-09-10 01:15:16] segments explored during Cauchy searches 14
[job(1611): 2016-09-10 01:15:16] BFGS updates skipped 0
[job(1611): 2016-09-10 01:15:16] active bounds at final generalized Cauchy point 0
[job(1611): 2016-09-10 01:15:16] norm of the final projected gradient 5.63061e-08
[job(1611): 2016-09-10 01:15:16] final function value -31.1704
[job(1611): 2016-09-10 01:15:16] 
[job(1611): 2016-09-10 01:15:16] F = -31.1704
[job(1611): 2016-09-10 01:15:16] final  value -31.170441 
[job(1611): 2016-09-10 01:15:16] converged
[job(1611): 2016-09-10 01:15:16] [Tune-x] 24: C=1.32e+03; sigma=0.0724
[job(1611): 2016-09-10 01:15:16] [Tune-y] 24: acc.test.mean=0.916; time: 0.0 min; memory: 116Mb use, 172Mb max
[job(1611): 2016-09-10 01:15:16] 
[job(1611): 2016-09-10 01:15:16] optimisation start
[job(1611): 2016-09-10 01:15:16] ------------------
[job(1611): 2016-09-10 01:15:16] * estimation method   : MLE 
[job(1611): 2016-09-10 01:15:16] * optimisation method : BFGS 
[job(1611): 2016-09-10 01:15:16] * analytical gradient : used
[job(1611): 2016-09-10 01:15:16] * trend model : ~1
[job(1611): 2016-09-10 01:15:16] * covariance model : 
[job(1611): 2016-09-10 01:15:16]   - type :  matern5_2 
[job(1611): 2016-09-10 01:15:16]   - nugget : NO
[job(1611): 2016-09-10 01:15:16]   - parameters lower bounds :  1e-10 1e-10 
[job(1611): 2016-09-10 01:15:16]   - parameters upper bounds :  45.83463 39.42605 
[job(1611): 2016-09-10 01:15:16]   - best initial criterion value(s) :  34.57717 
[job(1611): 2016-09-10 01:15:16] 
[job(1611): 2016-09-10 01:15:16] N = 2, M = 5 machine precision = 2.22045e-16
[job(1611): 2016-09-10 01:15:16] At X0, 0 variables are exactly at the bounds
[job(1611): 2016-09-10 01:15:16] At iterate     0  f=      -34.577  |proj g|=       16.442
[job(1611): 2016-09-10 01:15:16] At iterate     1  f =       -35.48  |proj g|=       0.50059
[job(1611): 2016-09-10 01:15:16] At iterate     2  f =      -35.511  |proj g|=       0.30679
[job(1611): 2016-09-10 01:15:16] At iterate     3  f =      -35.512  |proj g|=       0.28051
[job(1611): 2016-09-10 01:15:16] At iterate     4  f =      -35.514  |proj g|=       0.28227
[job(1611): 2016-09-10 01:15:16] At iterate     5  f =      -35.519  |proj g|=       0.87336
[job(1611): 2016-09-10 01:15:16] At iterate     6  f =      -35.531  |proj g|=        1.7135
[job(1611): 2016-09-10 01:15:16] At iterate     7  f =      -35.563  |proj g|=        3.1474
[job(1611): 2016-09-10 01:15:16] At iterate     8  f =      -35.639  |proj g|=        5.2635
[job(1611): 2016-09-10 01:15:16] At iterate     9  f =      -35.815  |proj g|=        7.9998
[job(1611): 2016-09-10 01:15:16] At iterate    10  f =      -36.193  |proj g|=         10.07
[job(1611): 2016-09-10 01:15:16] At iterate    11  f =      -36.912  |proj g|=         6.846
[job(1611): 2016-09-10 01:15:16] At iterate    12  f =      -37.263  |proj g|=       0.43055
[job(1611): 2016-09-10 01:15:16] At iterate    13  f =        -37.3  |proj g|=       0.42418
[job(1611): 2016-09-10 01:15:16] At iterate    14  f =      -37.308  |proj g|=       0.41867
[job(1611): 2016-09-10 01:15:16] At iterate    15  f =      -37.309  |proj g|=      0.069102
[job(1611): 2016-09-10 01:15:16] At iterate    16  f =      -37.309  |proj g|=    1.0725e-05
[job(1611): 2016-09-10 01:15:16] At iterate    17  f =      -37.309  |proj g|=     2.449e-05
[job(1611): 2016-09-10 01:15:16] 
[job(1611): 2016-09-10 01:15:16] iterations 17
[job(1611): 2016-09-10 01:15:16] function evaluations 21
[job(1611): 2016-09-10 01:15:16] segments explored during Cauchy searches 17
[job(1611): 2016-09-10 01:15:16] BFGS updates skipped 0
[job(1611): 2016-09-10 01:15:16] active bounds at final generalized Cauchy point 0
[job(1611): 2016-09-10 01:15:16] norm of the final projected gradient 2.44903e-05
[job(1611): 2016-09-10 01:15:16] final function value -37.3089
[job(1611): 2016-09-10 01:15:16] 
[job(1611): 2016-09-10 01:15:16] F = -37.3089
[job(1611): 2016-09-10 01:15:16] final  value -37.308908 
[job(1611): 2016-09-10 01:15:16] converged
[job(1611): 2016-09-10 01:15:16] [Tune-x] 25: C=1.46; sigma=0.0943
[job(1611): 2016-09-10 01:15:16] [Tune-y] 25: acc.test.mean=0.919; time: 0.0 min; memory: 116Mb use, 172Mb max
[job(1611): 2016-09-10 01:15:16] 
[job(1611): 2016-09-10 01:15:16] optimisation start
[job(1611): 2016-09-10 01:15:16] ------------------
[job(1611): 2016-09-10 01:15:16] * estimation method   : MLE 
[job(1611): 2016-09-10 01:15:16] * optimisation method : BFGS 
[job(1611): 2016-09-10 01:15:16] * analytical gradient : used
[job(1611): 2016-09-10 01:15:16] * trend model : ~1
[job(1611): 2016-09-10 01:15:16] * covariance model : 
[job(1611): 2016-09-10 01:15:16]   - type :  matern5_2 
[job(1611): 2016-09-10 01:15:16]   - nugget : NO
[job(1611): 2016-09-10 01:15:16]   - parameters lower bounds :  1e-10 1e-10 
[job(1611): 2016-09-10 01:15:16]   - parameters upper bounds :  45.83463 39.42605 
[job(1611): 2016-09-10 01:15:16]   - best initial criterion value(s) :  30.721 
[job(1611): 2016-09-10 01:15:16] 
[job(1611): 2016-09-10 01:15:16] N = 2, M = 5 machine precision = 2.22045e-16
[job(1611): 2016-09-10 01:15:16] At X0, 0 variables are exactly at the bounds
[job(1611): 2016-09-10 01:15:16] At iterate     0  f=      -30.721  |proj g|=       2.3103
[job(1611): 2016-09-10 01:15:16] At iterate     1  f =      -33.619  |proj g|=        1.8995
[job(1611): 2016-09-10 01:15:16] At iterate     2  f =      -35.038  |proj g|=        1.7473
[job(1611): 2016-09-10 01:15:16] At iterate     3  f =      -35.219  |proj g|=       0.44532
[job(1611): 2016-09-10 01:15:16] At iterate     4  f =      -35.254  |proj g|=       0.27944
[job(1611): 2016-09-10 01:15:16] At iterate     5  f =      -35.309  |proj g|=       0.44281
[job(1611): 2016-09-10 01:15:16] At iterate     6  f =      -35.661  |proj g|=        1.3659
[job(1611): 2016-09-10 01:15:16] At iterate     7  f =       -35.72  |proj g|=        2.0008
[job(1611): 2016-09-10 01:15:16] At iterate     8  f =      -35.828  |proj g|=       0.30151
[job(1611): 2016-09-10 01:15:16] At iterate     9  f =       -35.84  |proj g|=      0.077209
[job(1611): 2016-09-10 01:15:16] At iterate    10  f =      -35.845  |proj g|=      0.030984
[job(1611): 2016-09-10 01:15:16] At iterate    11  f =      -35.846  |proj g|=     0.0059854
[job(1611): 2016-09-10 01:15:16] At iterate    12  f =      -35.847  |proj g|=      0.003753
[job(1611): 2016-09-10 01:15:16] At iterate    13  f =       -36.21  |proj g|=        5.1166
[job(1611): 2016-09-10 01:15:16] At iterate    14  f =       -36.21  |proj g|=        5.1286
[job(1611): 2016-09-10 01:15:16] At iterate    15  f =      -36.712  |proj g|=        5.7627
[job(1611): 2016-09-10 01:15:16] At iterate    16  f =      -38.683  |proj g|=        14.125
[job(1611): 2016-09-10 01:15:16] At iterate    17  f =      -39.202  |proj g|=       0.48637
[job(1611): 2016-09-10 01:15:16] At iterate    18  f =      -39.331  |proj g|=       0.44876
[job(1611): 2016-09-10 01:15:16] At iterate    19  f =      -39.333  |proj g|=      0.018144
[job(1611): 2016-09-10 01:15:16] At iterate    20  f =      -39.333  |proj g|=     0.0037037
[job(1611): 2016-09-10 01:15:16] At iterate    21  f =      -39.333  |proj g|=    3.7879e-05
[job(1611): 2016-09-10 01:15:16] At iterate    22  f =      -39.333  |proj g|=    1.0271e-06
[job(1611): 2016-09-10 01:15:16] 
[job(1611): 2016-09-10 01:15:16] iterations 22
[job(1611): 2016-09-10 01:15:16] function evaluations 37
[job(1611): 2016-09-10 01:15:16] segments explored during Cauchy searches 23
[job(1611): 2016-09-10 01:15:16] BFGS updates skipped 0
[job(1611): 2016-09-10 01:15:16] active bounds at final generalized Cauchy point 0
[job(1611): 2016-09-10 01:15:16] norm of the final projected gradient 1.02715e-06
[job(1611): 2016-09-10 01:15:16] final function value -39.3327
[job(1611): 2016-09-10 01:15:16] 
[job(1611): 2016-09-10 01:15:16] F = -39.3327
[job(1611): 2016-09-10 01:15:16] final  value -39.332701 
[job(1611): 2016-09-10 01:15:16] converged
[job(1611): 2016-09-10 01:15:16] [Tune-x] 26: C=188; sigma=0.0332
[job(1611): 2016-09-10 01:15:16] [Tune-y] 26: acc.test.mean=0.936; time: 0.0 min; memory: 116Mb use, 172Mb max
[job(1611): 2016-09-10 01:15:16] 
[job(1611): 2016-09-10 01:15:16] optimisation start
[job(1611): 2016-09-10 01:15:16] ------------------
[job(1611): 2016-09-10 01:15:16] * estimation method   : MLE 
[job(1611): 2016-09-10 01:15:16] * optimisation method : BFGS 
[job(1611): 2016-09-10 01:15:16] * analytical gradient : used
[job(1611): 2016-09-10 01:15:16] * trend model : ~1
[job(1611): 2016-09-10 01:15:16] * covariance model : 
[job(1611): 2016-09-10 01:15:16]   - type :  matern5_2 
[job(1611): 2016-09-10 01:15:16]   - nugget : NO
[job(1611): 2016-09-10 01:15:16]   - parameters lower bounds :  1e-10 1e-10 
[job(1611): 2016-09-10 01:15:16]   - parameters upper bounds :  45.83463 39.42605 
[job(1611): 2016-09-10 01:15:16]   - best initial criterion value(s) :  18.50241 
[job(1611): 2016-09-10 01:15:16] 
[job(1611): 2016-09-10 01:15:16] N = 2, M = 5 machine precision = 2.22045e-16
[job(1611): 2016-09-10 01:15:16] At X0, 0 variables are exactly at the bounds
[job(1611): 2016-09-10 01:15:16] At iterate     0  f=      -18.502  |proj g|=      0.48066
[job(1611): 2016-09-10 01:15:16] At iterate     1  f =      -23.355  |proj g|=             0
[job(1611): 2016-09-10 01:15:16] 
[job(1611): 2016-09-10 01:15:16] iterations 1
[job(1611): 2016-09-10 01:15:16] function evaluations 2
[job(1611): 2016-09-10 01:15:16] segments explored during Cauchy searches 2
[job(1611): 2016-09-10 01:15:16] BFGS updates skipped 0
[job(1611): 2016-09-10 01:15:16] active bounds at final generalized Cauchy point 1
[job(1611): 2016-09-10 01:15:16] norm of the final projected gradient 0
[job(1611): 2016-09-10 01:15:16] final function value -23.3548
[job(1611): 2016-09-10 01:15:16] 
[job(1611): 2016-09-10 01:15:16] F = -23.3548
[job(1611): 2016-09-10 01:15:16] final  value -23.354762 
[job(1611): 2016-09-10 01:15:16] converged
[job(1611): 2016-09-10 01:15:16] [Tune-x] 27: C=0.00252; sigma=0.00281
[job(1611): 2016-09-10 01:15:16] [Tune-y] 27: acc.test.mean=0.675; time: 0.0 min; memory: 116Mb use, 172Mb max
[job(1611): 2016-09-10 01:15:16] 
[job(1611): 2016-09-10 01:15:16] optimisation start
[job(1611): 2016-09-10 01:15:16] ------------------
[job(1611): 2016-09-10 01:15:16] * estimation method   : MLE 
[job(1611): 2016-09-10 01:15:16] * optimisation method : BFGS 
[job(1611): 2016-09-10 01:15:16] * analytical gradient : used
[job(1611): 2016-09-10 01:15:16] * trend model : ~1
[job(1611): 2016-09-10 01:15:16] * covariance model : 
[job(1611): 2016-09-10 01:15:16]   - type :  matern5_2 
[job(1611): 2016-09-10 01:15:16]   - nugget : NO
[job(1611): 2016-09-10 01:15:16]   - parameters lower bounds :  1e-10 1e-10 
[job(1611): 2016-09-10 01:15:16]   - parameters upper bounds :  45.83463 39.42605 
[job(1611): 2016-09-10 01:15:16]   - best initial criterion value(s) :  30.0307 
[job(1611): 2016-09-10 01:15:16] 
[job(1611): 2016-09-10 01:15:16] N = 2, M = 5 machine precision = 2.22045e-16
[job(1611): 2016-09-10 01:15:16] At X0, 0 variables are exactly at the bounds
[job(1611): 2016-09-10 01:15:16] At iterate     0  f=      -30.031  |proj g|=       39.301
[job(1611): 2016-09-10 01:15:16] At iterate     1  f =      -32.518  |proj g|=        1.7744
[job(1611): 2016-09-10 01:15:16] At iterate     2  f =      -39.677  |proj g|=       0.66407
[job(1611): 2016-09-10 01:15:16] At iterate     3  f =       -39.84  |proj g|=       0.48396
[job(1611): 2016-09-10 01:15:16] At iterate     4  f =      -39.842  |proj g|=      0.054351
[job(1611): 2016-09-10 01:15:16] At iterate     5  f =      -39.842  |proj g|=      0.017982
[job(1611): 2016-09-10 01:15:16] At iterate     6  f =      -39.842  |proj g|=      0.028737
[job(1611): 2016-09-10 01:15:16] At iterate     7  f =      -39.842  |proj g|=      0.072144
[job(1611): 2016-09-10 01:15:16] At iterate     8  f =      -39.842  |proj g|=       0.19186
[job(1611): 2016-09-10 01:15:16] At iterate     9  f =      -39.843  |proj g|=       0.39052
[job(1611): 2016-09-10 01:15:16] At iterate    10  f =      -39.868  |proj g|=       0.52627
[job(1611): 2016-09-10 01:15:16] At iterate    11  f =      -39.875  |proj g|=       0.52144
[job(1611): 2016-09-10 01:15:16] At iterate    12  f =       -39.88  |proj g|=       0.52951
[job(1611): 2016-09-10 01:15:16] At iterate    13  f =      -39.885  |proj g|=      0.098622
[job(1611): 2016-09-10 01:15:16] At iterate    14  f =      -39.885  |proj g|=     0.0081827
[job(1611): 2016-09-10 01:15:16] At iterate    15  f =      -39.885  |proj g|=    0.00061262
[job(1611): 2016-09-10 01:15:16] At iterate    16  f =      -39.885  |proj g|=    0.00010347
[job(1611): 2016-09-10 01:15:16] 
[job(1611): 2016-09-10 01:15:16] iterations 16
[job(1611): 2016-09-10 01:15:16] function evaluations 27
[job(1611): 2016-09-10 01:15:16] segments explored during Cauchy searches 17
[job(1611): 2016-09-10 01:15:16] BFGS updates skipped 0
[job(1611): 2016-09-10 01:15:16] active bounds at final generalized Cauchy point 0
[job(1611): 2016-09-10 01:15:16] norm of the final projected gradient 0.000103472
[job(1611): 2016-09-10 01:15:16] final function value -39.8851
[job(1611): 2016-09-10 01:15:16] 
[job(1611): 2016-09-10 01:15:16] F = -39.8851
[job(1611): 2016-09-10 01:15:16] final  value -39.885084 
[job(1611): 2016-09-10 01:15:16] converged
[job(1611): 2016-09-10 01:15:16] [Tune-x] 28: C=492; sigma=0.035
[job(1611): 2016-09-10 01:15:16] [Tune-y] 28: acc.test.mean=0.919; time: 0.0 min; memory: 116Mb use, 172Mb max
[job(1611): 2016-09-10 01:15:16] 
[job(1611): 2016-09-10 01:15:16] optimisation start
[job(1611): 2016-09-10 01:15:16] ------------------
[job(1611): 2016-09-10 01:15:16] * estimation method   : MLE 
[job(1611): 2016-09-10 01:15:16] * optimisation method : BFGS 
[job(1611): 2016-09-10 01:15:16] * analytical gradient : used
[job(1611): 2016-09-10 01:15:16] * trend model : ~1
[job(1611): 2016-09-10 01:15:16] * covariance model : 
[job(1611): 2016-09-10 01:15:16]   - type :  matern5_2 
[job(1611): 2016-09-10 01:15:16]   - nugget : NO
[job(1611): 2016-09-10 01:15:16]   - parameters lower bounds :  1e-10 1e-10 
[job(1611): 2016-09-10 01:15:16]   - parameters upper bounds :  45.83463 39.42605 
[job(1611): 2016-09-10 01:15:16]   - best initial criterion value(s) :  9.963878 
[job(1611): 2016-09-10 01:15:16] 
[job(1611): 2016-09-10 01:15:16] N = 2, M = 5 machine precision = 2.22045e-16
[job(1611): 2016-09-10 01:15:16] At X0, 0 variables are exactly at the bounds
[job(1611): 2016-09-10 01:15:16] At iterate     0  f=      -9.9639  |proj g|=        4.792
[job(1611): 2016-09-10 01:15:16] At iterate     1  f =      -37.255  |proj g|=       0.92519
[job(1611): 2016-09-10 01:15:16] At iterate     2  f =      -37.303  |proj g|=       0.19765
[job(1611): 2016-09-10 01:15:16] At iterate     3  f =      -37.305  |proj g|=      0.019404
[job(1611): 2016-09-10 01:15:16] At iterate     4  f =      -37.305  |proj g|=    0.00059954
[job(1611): 2016-09-10 01:15:16] At iterate     5  f =      -37.305  |proj g|=    5.9917e-07
[job(1611): 2016-09-10 01:15:16] 
[job(1611): 2016-09-10 01:15:16] iterations 5
[job(1611): 2016-09-10 01:15:16] function evaluations 10
[job(1611): 2016-09-10 01:15:16] segments explored during Cauchy searches 5
[job(1611): 2016-09-10 01:15:16] BFGS updates skipped 0
[job(1611): 2016-09-10 01:15:16] active bounds at final generalized Cauchy point 0
[job(1611): 2016-09-10 01:15:16] norm of the final projected gradient 5.99174e-07
[job(1611): 2016-09-10 01:15:16] final function value -37.305
[job(1611): 2016-09-10 01:15:16] 
[job(1611): 2016-09-10 01:15:16] F = -37.305
[job(1611): 2016-09-10 01:15:16] final  value -37.304990 
[job(1611): 2016-09-10 01:15:16] converged
[job(1611): 2016-09-10 01:15:16] [Tune] Result: C=202; sigma=0.0343 : acc.test.mean=-0.948
[job(1611): 2016-09-10 01:15:16] Job terminated successfully
[job(chunk): 2016-09-10 01:15:16] Calculation finished!
