[job(chunk): 2016-09-10 01:01:06] Starting calculation of 1 jobs
[job(chunk): 2016-09-10 01:01:06] Setting working directory to '/naslx/projects/pr74ze/ri89coc2/svm_comparison'
[job(chunk): 2016-09-10 01:01:06] Memory measurement disabled
[job(1434): 2016-09-10 01:01:09] Starting job with job.id=1434
[job(1434): 2016-09-10 01:03:00] Generating problem instance for problem '1555' ...
[job(1434): 2016-09-10 01:03:00] Data '1555' file 'description.xml' found in cache.
[job(1434): 2016-09-10 01:03:00] Data '1555' file 'dataset.arff' found in cache.
[job(1434): 2016-09-10 01:03:00] Loading required package: readr
[job(1434): 2016-09-10 01:03:00] Applying algorithm 'kbb-svc.tuned' on problem '1555' ...
[job(1434): 2016-09-10 01:03:00] Data '1555' file 'description.xml' found in cache.
[job(1434): 2016-09-10 01:03:00] Data '1555' file 'dataset.arff' found in cache.
[job(1434): 2016-09-10 01:03:00] [Tune] Started tuning learner kbb-svc for parameter set:
[job(1434): 2016-09-10 01:03:00]          Type len Def    Constr Req Tunable Trafo
[job(1434): 2016-09-10 01:03:00] C     numeric   -   - -12 to 12   -    TRUE     Y
[job(1434): 2016-09-10 01:03:00] sigma numeric   -   - -12 to 12   -    TRUE     Y
[job(1434): 2016-09-10 01:03:00] With control class: TuneControlMBO
[job(1434): 2016-09-10 01:03:00] Imputation value: -0
[job(1434): 2016-09-10 01:03:00] [Tune-x] 1: C=389; sigma=10.9
[job(1434): 2016-09-10 01:03:00] [Tune-y] 1: acc.test.mean=0.244; time: 0.1 min; memory: 113Mb use, 153Mb max
[job(1434): 2016-09-10 01:03:00] [Tune-x] 2: C=0.00831; sigma=101
[job(1434): 2016-09-10 01:03:00] [Tune-y] 2: acc.test.mean=0.244; time: 0.0 min; memory: 113Mb use, 153Mb max
[job(1434): 2016-09-10 01:03:00] [Tune-x] 3: C=0.98; sigma=0.00805
[job(1434): 2016-09-10 01:03:00] [Tune-y] 3: acc.test.mean=0.243; time: 0.0 min; memory: 113Mb use, 160Mb max
[job(1434): 2016-09-10 01:03:00] [Tune-x] 4: C=0.0221; sigma=0.0328
[job(1434): 2016-09-10 01:03:00] [Tune-y] 4: acc.test.mean=0.244; time: 0.0 min; memory: 113Mb use, 160Mb max
[job(1434): 2016-09-10 01:03:00] [Tune-x] 5: C=42.7; sigma=0.00133
[job(1434): 2016-09-10 01:03:00] [Tune-y] 5: acc.test.mean=0.244; time: 0.1 min; memory: 113Mb use, 160Mb max
[job(1434): 2016-09-10 01:03:00] [Tune-x] 6: C=7.19; sigma=1.93e+03
[job(1434): 2016-09-10 01:03:00] [Tune-y] 6: acc.test.mean=0.244; time: 0.0 min; memory: 113Mb use, 160Mb max
[job(1434): 2016-09-10 01:03:00] [Tune-x] 7: C=550; sigma=7.15
[job(1434): 2016-09-10 01:03:00] [Tune-y] 7: acc.test.mean=0.244; time: 0.0 min; memory: 113Mb use, 160Mb max
[job(1434): 2016-09-10 01:03:00] [Tune-x] 8: C=0.000909; sigma=0.182
[job(1434): 2016-09-10 01:03:00] [Tune-y] 8: acc.test.mean=0.244; time: 0.0 min; memory: 113Mb use, 160Mb max
[job(1434): 2016-09-10 01:03:00] 
[job(1434): 2016-09-10 01:03:00] optimisation start
[job(1434): 2016-09-10 01:03:00] ------------------
[job(1434): 2016-09-10 01:03:00] * estimation method   : MLE 
[job(1434): 2016-09-10 01:03:00] * optimisation method : BFGS 
[job(1434): 2016-09-10 01:03:00] * analytical gradient : used
[job(1434): 2016-09-10 01:03:00] * trend model : ~1
[job(1434): 2016-09-10 01:03:00] * covariance model : 
[job(1434): 2016-09-10 01:03:00]   - type :  matern5_2 
[job(1434): 2016-09-10 01:03:00]   - nugget : NO
[job(1434): 2016-09-10 01:03:00]   - parameters lower bounds :  1e-10 1e-10 
[job(1434): 2016-09-10 01:03:00]   - parameters upper bounds :  38.41454 40.94306 
[job(1434): 2016-09-10 01:03:00]   - best initial criterion value(s) :  52.64293 
[job(1434): 2016-09-10 01:03:00] 
[job(1434): 2016-09-10 01:03:00] N = 2, M = 5 machine precision = 2.22045e-16
[job(1434): 2016-09-10 01:03:00] At X0, 0 variables are exactly at the bounds
[job(1434): 2016-09-10 01:03:00] At iterate     0  f=      -52.643  |proj g|=      0.83311
[job(1434): 2016-09-10 01:03:00] At iterate     1  f =      -53.138  |proj g|=       0.35753
[job(1434): 2016-09-10 01:03:00] At iterate     2  f =      -53.256  |proj g|=      0.021654
[job(1434): 2016-09-10 01:03:00] At iterate     3  f =      -53.257  |proj g|=     0.0082845
[job(1434): 2016-09-10 01:03:00] At iterate     4  f =      -53.257  |proj g|=     0.0082386
[job(1434): 2016-09-10 01:03:00] At iterate     5  f =      -53.258  |proj g|=       0.02209
[job(1434): 2016-09-10 01:03:00] At iterate     6  f =       -53.26  |proj g|=      0.040211
[job(1434): 2016-09-10 01:03:00] At iterate     7  f =      -53.265  |proj g|=      0.059283
[job(1434): 2016-09-10 01:03:00] At iterate     8  f =      -53.272  |proj g|=      0.060352
[job(1434): 2016-09-10 01:03:00] At iterate     9  f =      -53.277  |proj g|=     0.0079718
[job(1434): 2016-09-10 01:03:00] At iterate    10  f =       -53.28  |proj g|=    0.00093875
[job(1434): 2016-09-10 01:03:00] At iterate    11  f =       -53.28  |proj g|=    0.00056591
[job(1434): 2016-09-10 01:03:00] At iterate    12  f =       -53.28  |proj g|=    8.8974e-05
[job(1434): 2016-09-10 01:03:00] At iterate    13  f =       -53.28  |proj g|=    3.2367e-06
[job(1434): 2016-09-10 01:03:00] At iterate    14  f =       -53.28  |proj g|=    1.4668e-08
[job(1434): 2016-09-10 01:03:00] 
[job(1434): 2016-09-10 01:03:00] iterations 14
[job(1434): 2016-09-10 01:03:00] function evaluations 16
[job(1434): 2016-09-10 01:03:00] segments explored during Cauchy searches 14
[job(1434): 2016-09-10 01:03:00] BFGS updates skipped 0
[job(1434): 2016-09-10 01:03:00] active bounds at final generalized Cauchy point 0
[job(1434): 2016-09-10 01:03:00] norm of the final projected gradient 1.46682e-08
[job(1434): 2016-09-10 01:03:00] final function value -53.2803
[job(1434): 2016-09-10 01:03:00] 
[job(1434): 2016-09-10 01:03:00] F = -53.2803
[job(1434): 2016-09-10 01:03:00] final  value -53.280322 
[job(1434): 2016-09-10 01:03:00] converged
[job(1434): 2016-09-10 01:03:00] [Tune-x] 9: C=18.4; sigma=4.09e+03
[job(1434): 2016-09-10 01:03:00] [Tune-y] 9: acc.test.mean=0.244; time: 0.1 min; memory: 117Mb use, 160Mb max
[job(1434): 2016-09-10 01:03:00] 
[job(1434): 2016-09-10 01:03:00] optimisation start
[job(1434): 2016-09-10 01:03:00] ------------------
[job(1434): 2016-09-10 01:03:00] * estimation method   : MLE 
[job(1434): 2016-09-10 01:03:00] * optimisation method : BFGS 
[job(1434): 2016-09-10 01:03:00] * analytical gradient : used
[job(1434): 2016-09-10 01:03:00] * trend model : ~1
[job(1434): 2016-09-10 01:03:00] * covariance model : 
[job(1434): 2016-09-10 01:03:00]   - type :  matern5_2 
[job(1434): 2016-09-10 01:03:00]   - nugget : NO
[job(1434): 2016-09-10 01:03:00]   - parameters lower bounds :  1e-10 1e-10 
[job(1434): 2016-09-10 01:03:00]   - parameters upper bounds :  38.41454 43.11787 
[job(1434): 2016-09-10 01:03:00]   - best initial criterion value(s) :  60.52259 
[job(1434): 2016-09-10 01:03:00] 
[job(1434): 2016-09-10 01:03:00] N = 2, M = 5 machine precision = 2.22045e-16
[job(1434): 2016-09-10 01:03:00] At X0, 0 variables are exactly at the bounds
[job(1434): 2016-09-10 01:03:00] At iterate     0  f=      -60.523  |proj g|=      0.62084
[job(1434): 2016-09-10 01:03:00] At iterate     1  f =      -60.775  |proj g|=       0.19917
[job(1434): 2016-09-10 01:03:00] At iterate     2  f =      -60.806  |proj g|=      0.019588
[job(1434): 2016-09-10 01:03:00] At iterate     3  f =      -60.807  |proj g|=     0.0018616
[job(1434): 2016-09-10 01:03:00] At iterate     4  f =      -60.807  |proj g|=     0.0018699
[job(1434): 2016-09-10 01:03:00] At iterate     5  f =      -60.807  |proj g|=     0.0032485
[job(1434): 2016-09-10 01:03:00] At iterate     6  f =      -60.807  |proj g|=     0.0062578
[job(1434): 2016-09-10 01:03:00] At iterate     7  f =      -60.807  |proj g|=     0.0081061
[job(1434): 2016-09-10 01:03:00] At iterate     8  f =      -60.807  |proj g|=     0.0052499
[job(1434): 2016-09-10 01:03:00] At iterate     9  f =      -60.807  |proj g|=     0.0010127
[job(1434): 2016-09-10 01:03:00] At iterate    10  f =      -60.807  |proj g|=    4.3216e-05
[job(1434): 2016-09-10 01:03:00] At iterate    11  f =      -60.807  |proj g|=    1.1697e-06
[job(1434): 2016-09-10 01:03:00] 
[job(1434): 2016-09-10 01:03:00] iterations 11
[job(1434): 2016-09-10 01:03:00] function evaluations 12
[job(1434): 2016-09-10 01:03:00] segments explored during Cauchy searches 11
[job(1434): 2016-09-10 01:03:00] BFGS updates skipped 0
[job(1434): 2016-09-10 01:03:00] active bounds at final generalized Cauchy point 0
[job(1434): 2016-09-10 01:03:00] norm of the final projected gradient 1.16974e-06
[job(1434): 2016-09-10 01:03:00] final function value -60.8071
[job(1434): 2016-09-10 01:03:00] 
[job(1434): 2016-09-10 01:03:00] F = -60.8071
[job(1434): 2016-09-10 01:03:00] final  value -60.807126 
[job(1434): 2016-09-10 01:03:00] converged
[job(1434): 2016-09-10 01:03:00] [Tune-x] 10: C=0.00812; sigma=0.132
[job(1434): 2016-09-10 01:03:00] [Tune-y] 10: acc.test.mean=0.244; time: 0.0 min; memory: 117Mb use, 160Mb max
[job(1434): 2016-09-10 01:03:00] 
[job(1434): 2016-09-10 01:03:00] optimisation start
[job(1434): 2016-09-10 01:03:00] ------------------
[job(1434): 2016-09-10 01:03:00] * estimation method   : MLE 
[job(1434): 2016-09-10 01:03:00] * optimisation method : BFGS 
[job(1434): 2016-09-10 01:03:00] * analytical gradient : used
[job(1434): 2016-09-10 01:03:00] * trend model : ~1
[job(1434): 2016-09-10 01:03:00] * covariance model : 
[job(1434): 2016-09-10 01:03:00]   - type :  matern5_2 
[job(1434): 2016-09-10 01:03:00]   - nugget : NO
[job(1434): 2016-09-10 01:03:00]   - parameters lower bounds :  1e-10 1e-10 
[job(1434): 2016-09-10 01:03:00]   - parameters upper bounds :  38.41454 43.11787 
[job(1434): 2016-09-10 01:03:00]   - best initial criterion value(s) :  67.56328 
[job(1434): 2016-09-10 01:03:00] 
[job(1434): 2016-09-10 01:03:00] N = 2, M = 5 machine precision = 2.22045e-16
[job(1434): 2016-09-10 01:03:00] At X0, 0 variables are exactly at the bounds
[job(1434): 2016-09-10 01:03:00] At iterate     0  f=      -67.563  |proj g|=      0.55268
[job(1434): 2016-09-10 01:03:00] At iterate     1  f =      -67.834  |proj g|=       0.37203
[job(1434): 2016-09-10 01:03:00] At iterate     2  f =      -68.041  |proj g|=       0.14213
[job(1434): 2016-09-10 01:03:00] At iterate     3  f =      -68.088  |proj g|=       0.13165
[job(1434): 2016-09-10 01:03:00] At iterate     4  f =      -68.186  |proj g|=       0.22405
[job(1434): 2016-09-10 01:03:00] At iterate     5  f =      -68.446  |proj g|=       0.18451
[job(1434): 2016-09-10 01:03:00] At iterate     6  f =       -68.56  |proj g|=      0.057166
[job(1434): 2016-09-10 01:03:00] At iterate     7  f =      -68.569  |proj g|=       0.05456
[job(1434): 2016-09-10 01:03:00] At iterate     8  f =      -68.574  |proj g|=      0.085808
[job(1434): 2016-09-10 01:03:00] At iterate     9  f =      -68.583  |proj g|=      0.011821
[job(1434): 2016-09-10 01:03:00] At iterate    10  f =      -68.588  |proj g|=      0.022173
[job(1434): 2016-09-10 01:03:00] At iterate    11  f =      -69.072  |proj g|=       0.16374
[job(1434): 2016-09-10 01:03:00] ys=-3.613e-01  -gs= 9.222e-02, BFGS update SKIPPED
[job(1434): 2016-09-10 01:03:00] At iterate    12  f =       -69.08  |proj g|=      0.061868
[job(1434): 2016-09-10 01:03:00] At iterate    13  f =      -69.082  |proj g|=     0.0015363
[job(1434): 2016-09-10 01:03:00] At iterate    14  f =      -69.082  |proj g|=     1.603e-05
[job(1434): 2016-09-10 01:03:00] At iterate    15  f =      -69.082  |proj g|=    4.3227e-09
[job(1434): 2016-09-10 01:03:00] 
[job(1434): 2016-09-10 01:03:00] iterations 15
[job(1434): 2016-09-10 01:03:00] function evaluations 18
[job(1434): 2016-09-10 01:03:00] segments explored during Cauchy searches 15
[job(1434): 2016-09-10 01:03:00] BFGS updates skipped 1
[job(1434): 2016-09-10 01:03:00] active bounds at final generalized Cauchy point 1
[job(1434): 2016-09-10 01:03:00] norm of the final projected gradient 4.32268e-09
[job(1434): 2016-09-10 01:03:00] final function value -69.0817
[job(1434): 2016-09-10 01:03:00] 
[job(1434): 2016-09-10 01:03:00] F = -69.0817
[job(1434): 2016-09-10 01:03:00] final  value -69.081656 
[job(1434): 2016-09-10 01:03:00] converged
[job(1434): 2016-09-10 01:03:00] [Tune-x] 11: C=10.3; sigma=4.09e+03
[job(1434): 2016-09-10 01:03:00] [Tune-y] 11: acc.test.mean=0.244; time: 0.1 min; memory: 117Mb use, 160Mb max
[job(1434): 2016-09-10 01:03:00] 
[job(1434): 2016-09-10 01:03:00] optimisation start
[job(1434): 2016-09-10 01:03:00] ------------------
[job(1434): 2016-09-10 01:03:00] * estimation method   : MLE 
[job(1434): 2016-09-10 01:03:00] * optimisation method : BFGS 
[job(1434): 2016-09-10 01:03:00] * analytical gradient : used
[job(1434): 2016-09-10 01:03:00] * trend model : ~1
[job(1434): 2016-09-10 01:03:00] * covariance model : 
[job(1434): 2016-09-10 01:03:00]   - type :  matern5_2 
[job(1434): 2016-09-10 01:03:00]   - nugget : NO
[job(1434): 2016-09-10 01:03:00]   - parameters lower bounds :  1e-10 1e-10 
[job(1434): 2016-09-10 01:03:00]   - parameters upper bounds :  38.41454 43.11787 
[job(1434): 2016-09-10 01:03:00]   - best initial criterion value(s) :  77.21995 
[job(1434): 2016-09-10 01:03:00] 
[job(1434): 2016-09-10 01:03:00] N = 2, M = 5 machine precision = 2.22045e-16
[job(1434): 2016-09-10 01:03:00] At X0, 0 variables are exactly at the bounds
[job(1434): 2016-09-10 01:03:00] At iterate     0  f=       -77.22  |proj g|=       1.3555
[job(1434): 2016-09-10 01:03:00] At iterate     1  f =      -77.468  |proj g|=       0.46829
[job(1434): 2016-09-10 01:03:00] At iterate     2  f =      -77.498  |proj g|=      0.057271
[job(1434): 2016-09-10 01:03:00] At iterate     3  f =      -77.498  |proj g|=      0.033482
[job(1434): 2016-09-10 01:03:00] At iterate     4  f =      -77.499  |proj g|=      0.033458
[job(1434): 2016-09-10 01:03:00] At iterate     5  f =      -77.502  |proj g|=      0.095263
[job(1434): 2016-09-10 01:03:00] At iterate     6  f =      -77.507  |proj g|=       0.19118
[job(1434): 2016-09-10 01:03:00] At iterate     7  f =      -77.524  |proj g|=       0.35558
[job(1434): 2016-09-10 01:03:00] At iterate     8  f =      -77.562  |proj g|=       0.58277
[job(1434): 2016-09-10 01:03:00] At iterate     9  f =      -77.646  |proj g|=       0.79469
[job(1434): 2016-09-10 01:03:00] At iterate    10  f =      -77.689  |proj g|=       0.56786
[job(1434): 2016-09-10 01:03:00] At iterate    11  f =      -77.733  |proj g|=      0.028043
[job(1434): 2016-09-10 01:03:00] At iterate    12  f =      -77.733  |proj g|=    0.00051561
[job(1434): 2016-09-10 01:03:00] At iterate    13  f =      -77.733  |proj g|=    1.8868e-07
[job(1434): 2016-09-10 01:03:00] 
[job(1434): 2016-09-10 01:03:00] iterations 13
[job(1434): 2016-09-10 01:03:00] function evaluations 15
[job(1434): 2016-09-10 01:03:00] segments explored during Cauchy searches 13
[job(1434): 2016-09-10 01:03:00] BFGS updates skipped 0
[job(1434): 2016-09-10 01:03:00] active bounds at final generalized Cauchy point 1
[job(1434): 2016-09-10 01:03:00] norm of the final projected gradient 1.88678e-07
[job(1434): 2016-09-10 01:03:00] final function value -77.7328
[job(1434): 2016-09-10 01:03:00] 
[job(1434): 2016-09-10 01:03:00] F = -77.7328
[job(1434): 2016-09-10 01:03:00] final  value -77.732820 
[job(1434): 2016-09-10 01:03:00] converged
[job(1434): 2016-09-10 01:03:00] [Tune-x] 12: C=0.00186; sigma=0.0474
[job(1434): 2016-09-10 01:03:00] [Tune-y] 12: acc.test.mean=0.244; time: 0.0 min; memory: 117Mb use, 160Mb max
[job(1434): 2016-09-10 01:03:00] 
[job(1434): 2016-09-10 01:03:00] optimisation start
[job(1434): 2016-09-10 01:03:00] ------------------
[job(1434): 2016-09-10 01:03:00] * estimation method   : MLE 
[job(1434): 2016-09-10 01:03:00] * optimisation method : BFGS 
[job(1434): 2016-09-10 01:03:00] * analytical gradient : used
[job(1434): 2016-09-10 01:03:00] * trend model : ~1
[job(1434): 2016-09-10 01:03:00] * covariance model : 
[job(1434): 2016-09-10 01:03:00]   - type :  matern5_2 
[job(1434): 2016-09-10 01:03:00]   - nugget : NO
[job(1434): 2016-09-10 01:03:00]   - parameters lower bounds :  1e-10 1e-10 
[job(1434): 2016-09-10 01:03:00]   - parameters upper bounds :  38.41454 43.11787 
[job(1434): 2016-09-10 01:03:00]   - best initial criterion value(s) :  85.47178 
[job(1434): 2016-09-10 01:03:00] 
[job(1434): 2016-09-10 01:03:00] N = 2, M = 5 machine precision = 2.22045e-16
[job(1434): 2016-09-10 01:03:00] At X0, 0 variables are exactly at the bounds
[job(1434): 2016-09-10 01:03:00] At iterate     0  f=      -85.472  |proj g|=        1.083
[job(1434): 2016-09-10 01:03:00] At iterate     1  f =      -85.588  |proj g|=       0.61959
[job(1434): 2016-09-10 01:03:00] At iterate     2  f =       -85.75  |proj g|=       0.17212
[job(1434): 2016-09-10 01:03:00] At iterate     3  f =       -85.76  |proj g|=      0.050511
[job(1434): 2016-09-10 01:03:00] At iterate     4  f =      -85.761  |proj g|=      0.013696
[job(1434): 2016-09-10 01:03:00] At iterate     5  f =      -85.763  |proj g|=      0.027817
[job(1434): 2016-09-10 01:03:00] At iterate     6  f =       -85.79  |proj g|=        0.1792
[job(1434): 2016-09-10 01:03:00] At iterate     7  f =      -85.802  |proj g|=       0.15346
[job(1434): 2016-09-10 01:03:00] At iterate     8  f =      -85.808  |proj g|=      0.077122
[job(1434): 2016-09-10 01:03:00] At iterate     9  f =       -85.81  |proj g|=     0.0033605
[job(1434): 2016-09-10 01:03:00] At iterate    10  f =       -85.81  |proj g|=    6.7998e-05
[job(1434): 2016-09-10 01:03:00] At iterate    11  f =       -85.81  |proj g|=    5.7767e-08
[job(1434): 2016-09-10 01:03:00] 
[job(1434): 2016-09-10 01:03:00] iterations 11
[job(1434): 2016-09-10 01:03:00] function evaluations 14
[job(1434): 2016-09-10 01:03:00] segments explored during Cauchy searches 11
[job(1434): 2016-09-10 01:03:00] BFGS updates skipped 0
[job(1434): 2016-09-10 01:03:00] active bounds at final generalized Cauchy point 1
[job(1434): 2016-09-10 01:03:00] norm of the final projected gradient 5.77666e-08
[job(1434): 2016-09-10 01:03:00] final function value -85.8098
[job(1434): 2016-09-10 01:03:00] 
[job(1434): 2016-09-10 01:03:00] F = -85.8098
[job(1434): 2016-09-10 01:03:00] final  value -85.809819 
[job(1434): 2016-09-10 01:03:00] converged
[job(1434): 2016-09-10 01:03:00] [Tune-x] 13: C=44.8; sigma=54.6
[job(1434): 2016-09-10 01:03:00] [Tune-y] 13: acc.test.mean=0.244; time: 0.0 min; memory: 117Mb use, 160Mb max
[job(1434): 2016-09-10 01:03:00] 
[job(1434): 2016-09-10 01:03:00] optimisation start
[job(1434): 2016-09-10 01:03:00] ------------------
[job(1434): 2016-09-10 01:03:00] * estimation method   : MLE 
[job(1434): 2016-09-10 01:03:00] * optimisation method : BFGS 
[job(1434): 2016-09-10 01:03:00] * analytical gradient : used
[job(1434): 2016-09-10 01:03:00] * trend model : ~1
[job(1434): 2016-09-10 01:03:00] * covariance model : 
[job(1434): 2016-09-10 01:03:00]   - type :  matern5_2 
[job(1434): 2016-09-10 01:03:00]   - nugget : NO
[job(1434): 2016-09-10 01:03:00]   - parameters lower bounds :  1e-10 1e-10 
[job(1434): 2016-09-10 01:03:00]   - parameters upper bounds :  38.41454 43.11787 
[job(1434): 2016-09-10 01:03:00]   - best initial criterion value(s) :  93.95918 
[job(1434): 2016-09-10 01:03:00] 
[job(1434): 2016-09-10 01:03:00] N = 2, M = 5 machine precision = 2.22045e-16
[job(1434): 2016-09-10 01:03:00] At X0, 0 variables are exactly at the bounds
[job(1434): 2016-09-10 01:03:00] At iterate     0  f=      -93.959  |proj g|=      0.33957
[job(1434): 2016-09-10 01:03:00] At iterate     1  f =      -93.989  |proj g|=       0.14699
[job(1434): 2016-09-10 01:03:00] At iterate     2  f =      -93.997  |proj g|=      0.015779
[job(1434): 2016-09-10 01:03:00] At iterate     3  f =      -93.997  |proj g|=      0.016151
[job(1434): 2016-09-10 01:03:00] At iterate     4  f =      -93.998  |proj g|=      0.018473
[job(1434): 2016-09-10 01:03:00] At iterate     5  f =          -94  |proj g|=      0.054429
[job(1434): 2016-09-10 01:03:00] At iterate     6  f =      -94.004  |proj g|=       0.11166
[job(1434): 2016-09-10 01:03:00] At iterate     7  f =      -94.016  |proj g|=       0.22328
[job(1434): 2016-09-10 01:03:00] At iterate     8  f =      -94.044  |proj g|=       0.44068
[job(1434): 2016-09-10 01:03:00] At iterate     9  f =      -94.079  |proj g|=       0.40804
[job(1434): 2016-09-10 01:03:00] At iterate    10  f =      -94.111  |proj g|=       0.23322
[job(1434): 2016-09-10 01:03:00] At iterate    11  f =      -94.127  |proj g|=      0.018353
[job(1434): 2016-09-10 01:03:00] At iterate    12  f =      -94.127  |proj g|=    0.00096113
[job(1434): 2016-09-10 01:03:00] At iterate    13  f =      -94.127  |proj g|=    4.3759e-06
[job(1434): 2016-09-10 01:03:00] At iterate    14  f =      -94.127  |proj g|=      1.05e-09
[job(1434): 2016-09-10 01:03:00] 
[job(1434): 2016-09-10 01:03:00] iterations 14
[job(1434): 2016-09-10 01:03:00] function evaluations 15
[job(1434): 2016-09-10 01:03:00] segments explored during Cauchy searches 14
[job(1434): 2016-09-10 01:03:00] BFGS updates skipped 0
[job(1434): 2016-09-10 01:03:00] active bounds at final generalized Cauchy point 1
[job(1434): 2016-09-10 01:03:00] norm of the final projected gradient 1.05002e-09
[job(1434): 2016-09-10 01:03:00] final function value -94.127
[job(1434): 2016-09-10 01:03:00] 
[job(1434): 2016-09-10 01:03:00] F = -94.127
[job(1434): 2016-09-10 01:03:00] final  value -94.126957 
[job(1434): 2016-09-10 01:03:00] converged
[job(1434): 2016-09-10 01:03:00] [Tune-x] 14: C=0.015; sigma=2.18
[job(1434): 2016-09-10 01:03:00] [Tune-y] 14: acc.test.mean=0.244; time: 0.0 min; memory: 117Mb use, 160Mb max
[job(1434): 2016-09-10 01:03:00] 
[job(1434): 2016-09-10 01:03:00] optimisation start
[job(1434): 2016-09-10 01:03:00] ------------------
[job(1434): 2016-09-10 01:03:00] * estimation method   : MLE 
[job(1434): 2016-09-10 01:03:00] * optimisation method : BFGS 
[job(1434): 2016-09-10 01:03:00] * analytical gradient : used
[job(1434): 2016-09-10 01:03:00] * trend model : ~1
[job(1434): 2016-09-10 01:03:00] * covariance model : 
[job(1434): 2016-09-10 01:03:00]   - type :  matern5_2 
[job(1434): 2016-09-10 01:03:00]   - nugget : NO
[job(1434): 2016-09-10 01:03:00]   - parameters lower bounds :  1e-10 1e-10 
[job(1434): 2016-09-10 01:03:00]   - parameters upper bounds :  38.41454 43.11787 
[job(1434): 2016-09-10 01:03:00]   - best initial criterion value(s) :  102.5584 
[job(1434): 2016-09-10 01:03:00] 
[job(1434): 2016-09-10 01:03:00] N = 2, M = 5 machine precision = 2.22045e-16
[job(1434): 2016-09-10 01:03:00] At X0, 0 variables are exactly at the bounds
[job(1434): 2016-09-10 01:03:00] At iterate     0  f=      -102.56  |proj g|=       1.7124
[job(1434): 2016-09-10 01:03:00] At iterate     1  f =      -103.13  |proj g|=      0.025978
[job(1434): 2016-09-10 01:03:00] At iterate     2  f =      -103.13  |proj g|=      0.027525
[job(1434): 2016-09-10 01:03:00] At iterate     3  f =      -103.13  |proj g|=      0.069071
[job(1434): 2016-09-10 01:03:00] At iterate     4  f =      -103.14  |proj g|=      0.075336
[job(1434): 2016-09-10 01:03:00] At iterate     5  f =      -103.14  |proj g|=      0.043932
[job(1434): 2016-09-10 01:03:00] At iterate     6  f =      -103.14  |proj g|=    0.00070968
[job(1434): 2016-09-10 01:03:00] At iterate     7  f =      -103.14  |proj g|=    6.8832e-06
[job(1434): 2016-09-10 01:03:00] 
[job(1434): 2016-09-10 01:03:00] iterations 7
[job(1434): 2016-09-10 01:03:00] function evaluations 10
[job(1434): 2016-09-10 01:03:00] segments explored during Cauchy searches 7
[job(1434): 2016-09-10 01:03:00] BFGS updates skipped 0
[job(1434): 2016-09-10 01:03:00] active bounds at final generalized Cauchy point 1
[job(1434): 2016-09-10 01:03:00] norm of the final projected gradient 6.88325e-06
[job(1434): 2016-09-10 01:03:00] final function value -103.139
[job(1434): 2016-09-10 01:03:00] 
[job(1434): 2016-09-10 01:03:00] F = -103.139
[job(1434): 2016-09-10 01:03:00] final  value -103.139255 
[job(1434): 2016-09-10 01:03:00] converged
[job(1434): 2016-09-10 01:03:00] [Tune-x] 15: C=0.00159; sigma=88.8
[job(1434): 2016-09-10 01:03:00] [Tune-y] 15: acc.test.mean=0.244; time: 0.0 min; memory: 117Mb use, 160Mb max
[job(1434): 2016-09-10 01:03:00] 
[job(1434): 2016-09-10 01:03:00] optimisation start
[job(1434): 2016-09-10 01:03:00] ------------------
[job(1434): 2016-09-10 01:03:00] * estimation method   : MLE 
[job(1434): 2016-09-10 01:03:00] * optimisation method : BFGS 
[job(1434): 2016-09-10 01:03:00] * analytical gradient : used
[job(1434): 2016-09-10 01:03:00] * trend model : ~1
[job(1434): 2016-09-10 01:03:00] * covariance model : 
[job(1434): 2016-09-10 01:03:00]   - type :  matern5_2 
[job(1434): 2016-09-10 01:03:00]   - nugget : NO
[job(1434): 2016-09-10 01:03:00]   - parameters lower bounds :  1e-10 1e-10 
[job(1434): 2016-09-10 01:03:00]   - parameters upper bounds :  38.41454 43.11787 
[job(1434): 2016-09-10 01:03:00]   - best initial criterion value(s) :  110.944 
[job(1434): 2016-09-10 01:03:00] 
[job(1434): 2016-09-10 01:03:00] N = 2, M = 5 machine precision = 2.22045e-16
[job(1434): 2016-09-10 01:03:00] At X0, 0 variables are exactly at the bounds
[job(1434): 2016-09-10 01:03:00] At iterate     0  f=      -110.94  |proj g|=      0.58445
[job(1434): 2016-09-10 01:03:00] At iterate     1  f =         -111  |proj g|=       0.31688
[job(1434): 2016-09-10 01:03:00] At iterate     2  f =      -111.04  |proj g|=      0.052759
[job(1434): 2016-09-10 01:03:00] At iterate     3  f =      -111.04  |proj g|=      0.040551
[job(1434): 2016-09-10 01:03:00] At iterate     4  f =      -111.05  |proj g|=      0.041365
[job(1434): 2016-09-10 01:03:00] At iterate     5  f =      -111.06  |proj g|=       0.15147
[job(1434): 2016-09-10 01:03:00] At iterate     6  f =      -111.09  |proj g|=       0.30654
[job(1434): 2016-09-10 01:03:00] At iterate     7  f =      -111.16  |proj g|=        0.6351
[job(1434): 2016-09-10 01:03:00] At iterate     8  f =      -111.31  |proj g|=        1.0369
[job(1434): 2016-09-10 01:03:00] At iterate     9  f =       -111.5  |proj g|=       0.74256
[job(1434): 2016-09-10 01:03:00] At iterate    10  f =      -111.61  |proj g|=       0.10902
[job(1434): 2016-09-10 01:03:00] At iterate    11  f =      -111.62  |proj g|=      0.012909
[job(1434): 2016-09-10 01:03:00] At iterate    12  f =      -111.62  |proj g|=    0.00028345
[job(1434): 2016-09-10 01:03:00] At iterate    13  f =      -111.62  |proj g|=    7.6742e-07
[job(1434): 2016-09-10 01:03:00] 
[job(1434): 2016-09-10 01:03:00] iterations 13
[job(1434): 2016-09-10 01:03:00] function evaluations 14
[job(1434): 2016-09-10 01:03:00] segments explored during Cauchy searches 13
[job(1434): 2016-09-10 01:03:00] BFGS updates skipped 0
[job(1434): 2016-09-10 01:03:00] active bounds at final generalized Cauchy point 1
[job(1434): 2016-09-10 01:03:00] norm of the final projected gradient 7.67421e-07
[job(1434): 2016-09-10 01:03:00] final function value -111.618
[job(1434): 2016-09-10 01:03:00] 
[job(1434): 2016-09-10 01:03:00] F = -111.618
[job(1434): 2016-09-10 01:03:00] final  value -111.617842 
[job(1434): 2016-09-10 01:03:00] converged
[job(1434): 2016-09-10 01:03:00] [Tune-x] 16: C=30; sigma=23.3
[job(1434): 2016-09-10 01:03:00] [Tune-y] 16: acc.test.mean=0.244; time: 0.1 min; memory: 117Mb use, 160Mb max
[job(1434): 2016-09-10 01:03:00] 
[job(1434): 2016-09-10 01:03:00] optimisation start
[job(1434): 2016-09-10 01:03:00] ------------------
[job(1434): 2016-09-10 01:03:00] * estimation method   : MLE 
[job(1434): 2016-09-10 01:03:00] * optimisation method : BFGS 
[job(1434): 2016-09-10 01:03:00] * analytical gradient : used
[job(1434): 2016-09-10 01:03:00] * trend model : ~1
[job(1434): 2016-09-10 01:03:00] * covariance model : 
[job(1434): 2016-09-10 01:03:00]   - type :  matern5_2 
[job(1434): 2016-09-10 01:03:00]   - nugget : NO
[job(1434): 2016-09-10 01:03:00]   - parameters lower bounds :  1e-10 1e-10 
[job(1434): 2016-09-10 01:03:00]   - parameters upper bounds :  38.41454 43.11787 
[job(1434): 2016-09-10 01:03:00]   - best initial criterion value(s) :  119.3747 
[job(1434): 2016-09-10 01:03:00] 
[job(1434): 2016-09-10 01:03:00] N = 2, M = 5 machine precision = 2.22045e-16
[job(1434): 2016-09-10 01:03:00] At X0, 0 variables are exactly at the bounds
[job(1434): 2016-09-10 01:03:00] At iterate     0  f=      -119.37  |proj g|=       1.5123
[job(1434): 2016-09-10 01:03:00] At iterate     1  f =      -120.77  |proj g|=       0.16593
[job(1434): 2016-09-10 01:03:00] At iterate     2  f =      -120.78  |proj g|=       0.15105
[job(1434): 2016-09-10 01:03:00] At iterate     3  f =      -120.78  |proj g|=      0.061762
[job(1434): 2016-09-10 01:03:00] At iterate     4  f =      -120.79  |proj g|=      0.062159
[job(1434): 2016-09-10 01:03:00] At iterate     5  f =       -120.8  |proj g|=       0.16713
[job(1434): 2016-09-10 01:03:00] At iterate     6  f =      -120.84  |proj g|=       0.36696
[job(1434): 2016-09-10 01:03:00] At iterate     7  f =      -120.92  |proj g|=       0.52827
[job(1434): 2016-09-10 01:03:00] At iterate     8  f =      -120.95  |proj g|=       0.34652
[job(1434): 2016-09-10 01:03:00] At iterate     9  f =      -120.97  |proj g|=      0.027188
[job(1434): 2016-09-10 01:03:00] At iterate    10  f =      -120.97  |proj g|=     0.0016234
[job(1434): 2016-09-10 01:03:00] At iterate    11  f =      -120.97  |proj g|=    8.5031e-06
[job(1434): 2016-09-10 01:03:00] At iterate    12  f =      -120.97  |proj g|=    2.6856e-09
[job(1434): 2016-09-10 01:03:00] 
[job(1434): 2016-09-10 01:03:00] iterations 12
[job(1434): 2016-09-10 01:03:00] function evaluations 13
[job(1434): 2016-09-10 01:03:00] segments explored during Cauchy searches 12
[job(1434): 2016-09-10 01:03:00] BFGS updates skipped 0
[job(1434): 2016-09-10 01:03:00] active bounds at final generalized Cauchy point 1
[job(1434): 2016-09-10 01:03:00] norm of the final projected gradient 2.6856e-09
[job(1434): 2016-09-10 01:03:00] final function value -120.973
[job(1434): 2016-09-10 01:03:00] 
[job(1434): 2016-09-10 01:03:00] F = -120.973
[job(1434): 2016-09-10 01:03:00] final  value -120.973202 
[job(1434): 2016-09-10 01:03:00] converged
[job(1434): 2016-09-10 01:03:00] [Tune-x] 17: C=80.1; sigma=0.000605
[job(1434): 2016-09-10 01:03:00] [Tune-y] 17: acc.test.mean=0.228; time: 0.1 min; memory: 117Mb use, 160Mb max
[job(1434): 2016-09-10 01:03:00] 
[job(1434): 2016-09-10 01:03:00] optimisation start
[job(1434): 2016-09-10 01:03:00] ------------------
[job(1434): 2016-09-10 01:03:00] * estimation method   : MLE 
[job(1434): 2016-09-10 01:03:00] * optimisation method : BFGS 
[job(1434): 2016-09-10 01:03:00] * analytical gradient : used
[job(1434): 2016-09-10 01:03:00] * trend model : ~1
[job(1434): 2016-09-10 01:03:00] * covariance model : 
[job(1434): 2016-09-10 01:03:00]   - type :  matern5_2 
[job(1434): 2016-09-10 01:03:00]   - nugget : NO
[job(1434): 2016-09-10 01:03:00]   - parameters lower bounds :  1e-10 1e-10 
[job(1434): 2016-09-10 01:03:00]   - parameters upper bounds :  38.41454 45.38077 
[job(1434): 2016-09-10 01:03:00]   - best initial criterion value(s) :  71.91003 
[job(1434): 2016-09-10 01:03:00] 
[job(1434): 2016-09-10 01:03:00] N = 2, M = 5 machine precision = 2.22045e-16
[job(1434): 2016-09-10 01:03:00] At X0, 0 variables are exactly at the bounds
[job(1434): 2016-09-10 01:03:00] At iterate     0  f=       -71.91  |proj g|=       3.7443
[job(1434): 2016-09-10 01:03:00] At iterate     1  f =      -72.206  |proj g|=       0.77163
[job(1434): 2016-09-10 01:03:00] At iterate     2  f =      -72.553  |proj g|=       0.50308
[job(1434): 2016-09-10 01:03:00] At iterate     3  f =       -72.56  |proj g|=      0.063006
[job(1434): 2016-09-10 01:03:00] At iterate     4  f =       -72.56  |proj g|=      0.062916
[job(1434): 2016-09-10 01:03:00] At iterate     5  f =      -72.561  |proj g|=      0.067827
[job(1434): 2016-09-10 01:03:00] At iterate     6  f =      -72.563  |proj g|=       0.19587
[job(1434): 2016-09-10 01:03:00] At iterate     7  f =      -72.568  |proj g|=       0.39859
[job(1434): 2016-09-10 01:03:00] At iterate     8  f =       -72.58  |proj g|=       0.72375
[job(1434): 2016-09-10 01:03:00] At iterate     9  f =      -72.611  |proj g|=        1.2242
[job(1434): 2016-09-10 01:03:00] At iterate    10  f =      -72.688  |proj g|=        1.9346
[job(1434): 2016-09-10 01:03:00] At iterate    11  f =      -72.875  |proj g|=        2.7854
[job(1434): 2016-09-10 01:03:00] At iterate    12  f =      -73.144  |proj g|=        2.6132
[job(1434): 2016-09-10 01:03:00] At iterate    13  f =      -73.321  |proj g|=      0.020365
[job(1434): 2016-09-10 01:03:00] At iterate    14  f =      -73.321  |proj g|=    0.00024671
[job(1434): 2016-09-10 01:03:00] At iterate    15  f =      -73.321  |proj g|=    7.8124e-08
[job(1434): 2016-09-10 01:03:00] 
[job(1434): 2016-09-10 01:03:00] iterations 15
[job(1434): 2016-09-10 01:03:00] function evaluations 17
[job(1434): 2016-09-10 01:03:00] segments explored during Cauchy searches 15
[job(1434): 2016-09-10 01:03:00] BFGS updates skipped 0
[job(1434): 2016-09-10 01:03:00] active bounds at final generalized Cauchy point 1
[job(1434): 2016-09-10 01:03:00] norm of the final projected gradient 7.81242e-08
[job(1434): 2016-09-10 01:03:00] final function value -73.3209
[job(1434): 2016-09-10 01:03:00] 
[job(1434): 2016-09-10 01:03:00] F = -73.3209
[job(1434): 2016-09-10 01:03:00] final  value -73.320915 
[job(1434): 2016-09-10 01:03:00] converged
[job(1434): 2016-09-10 01:03:00] [Tune-x] 18: C=38.7; sigma=1.52e+03
[job(1434): 2016-09-10 01:03:00] [Tune-y] 18: acc.test.mean=0.244; time: 0.1 min; memory: 117Mb use, 160Mb max
[job(1434): 2016-09-10 01:03:00] 
[job(1434): 2016-09-10 01:03:00] optimisation start
[job(1434): 2016-09-10 01:03:00] ------------------
[job(1434): 2016-09-10 01:03:00] * estimation method   : MLE 
[job(1434): 2016-09-10 01:03:00] * optimisation method : BFGS 
[job(1434): 2016-09-10 01:03:00] * analytical gradient : used
[job(1434): 2016-09-10 01:03:00] * trend model : ~1
[job(1434): 2016-09-10 01:03:00] * covariance model : 
[job(1434): 2016-09-10 01:03:00]   - type :  matern5_2 
[job(1434): 2016-09-10 01:03:00]   - nugget : NO
[job(1434): 2016-09-10 01:03:00]   - parameters lower bounds :  1e-10 1e-10 
[job(1434): 2016-09-10 01:03:00]   - parameters upper bounds :  38.41454 45.38077 
[job(1434): 2016-09-10 01:03:00]   - best initial criterion value(s) :  69.77245 
[job(1434): 2016-09-10 01:03:00] 
[job(1434): 2016-09-10 01:03:00] N = 2, M = 5 machine precision = 2.22045e-16
[job(1434): 2016-09-10 01:03:00] At X0, 0 variables are exactly at the bounds
[job(1434): 2016-09-10 01:03:00] At iterate     0  f=      -69.772  |proj g|=        2.029
[job(1434): 2016-09-10 01:03:00] At iterate     1  f =      -74.716  |proj g|=             0
[job(1434): 2016-09-10 01:03:00] 
[job(1434): 2016-09-10 01:03:00] iterations 1
[job(1434): 2016-09-10 01:03:00] function evaluations 2
[job(1434): 2016-09-10 01:03:00] segments explored during Cauchy searches 2
[job(1434): 2016-09-10 01:03:00] BFGS updates skipped 0
[job(1434): 2016-09-10 01:03:00] active bounds at final generalized Cauchy point 1
[job(1434): 2016-09-10 01:03:00] norm of the final projected gradient 0
[job(1434): 2016-09-10 01:03:00] final function value -74.7157
[job(1434): 2016-09-10 01:03:00] 
[job(1434): 2016-09-10 01:03:00] F = -74.7157
[job(1434): 2016-09-10 01:03:00] final  value -74.715720 
[job(1434): 2016-09-10 01:03:00] converged
[job(1434): 2016-09-10 01:03:00] [Tune-x] 19: C=0.00114; sigma=0.00378
[job(1434): 2016-09-10 01:03:00] [Tune-y] 19: acc.test.mean=0.244; time: 0.0 min; memory: 117Mb use, 160Mb max
[job(1434): 2016-09-10 01:03:00] 
[job(1434): 2016-09-10 01:03:00] optimisation start
[job(1434): 2016-09-10 01:03:00] ------------------
[job(1434): 2016-09-10 01:03:00] * estimation method   : MLE 
[job(1434): 2016-09-10 01:03:00] * optimisation method : BFGS 
[job(1434): 2016-09-10 01:03:00] * analytical gradient : used
[job(1434): 2016-09-10 01:03:00] * trend model : ~1
[job(1434): 2016-09-10 01:03:00] * covariance model : 
[job(1434): 2016-09-10 01:03:00]   - type :  matern5_2 
[job(1434): 2016-09-10 01:03:00]   - nugget : NO
[job(1434): 2016-09-10 01:03:00]   - parameters lower bounds :  1e-10 1e-10 
[job(1434): 2016-09-10 01:03:00]   - parameters upper bounds :  38.41454 45.38077 
[job(1434): 2016-09-10 01:03:00]   - best initial criterion value(s) :  83.71179 
[job(1434): 2016-09-10 01:03:00] 
[job(1434): 2016-09-10 01:03:00] N = 2, M = 5 machine precision = 2.22045e-16
[job(1434): 2016-09-10 01:03:00] At X0, 0 variables are exactly at the bounds
[job(1434): 2016-09-10 01:03:00] At iterate     0  f=      -83.712  |proj g|=       2.1501
[job(1434): 2016-09-10 01:03:00] At iterate     1  f =      -85.549  |proj g|=       0.29305
[job(1434): 2016-09-10 01:03:00] At iterate     2  f =      -85.556  |proj g|=      0.046373
[job(1434): 2016-09-10 01:03:00] At iterate     3  f =      -85.677  |proj g|=      0.093255
[job(1434): 2016-09-10 01:03:00] At iterate     4  f =      -85.722  |proj g|=     0.0039784
[job(1434): 2016-09-10 01:03:00] At iterate     5  f =      -85.722  |proj g|=     0.0003357
[job(1434): 2016-09-10 01:03:00] At iterate     6  f =      -85.722  |proj g|=    2.5299e-07
[job(1434): 2016-09-10 01:03:00] 
[job(1434): 2016-09-10 01:03:00] iterations 6
[job(1434): 2016-09-10 01:03:00] function evaluations 14
[job(1434): 2016-09-10 01:03:00] segments explored during Cauchy searches 7
[job(1434): 2016-09-10 01:03:00] BFGS updates skipped 0
[job(1434): 2016-09-10 01:03:00] active bounds at final generalized Cauchy point 1
[job(1434): 2016-09-10 01:03:00] norm of the final projected gradient 2.52994e-07
[job(1434): 2016-09-10 01:03:00] final function value -85.722
[job(1434): 2016-09-10 01:03:00] 
[job(1434): 2016-09-10 01:03:00] F = -85.722
[job(1434): 2016-09-10 01:03:00] final  value -85.722003 
[job(1434): 2016-09-10 01:03:00] converged
[job(1434): 2016-09-10 01:03:00] [Tune-x] 20: C=28.8; sigma=0.00192
[job(1434): 2016-09-10 01:03:00] [Tune-y] 20: acc.test.mean=0.221; time: 0.1 min; memory: 117Mb use, 160Mb max
[job(1434): 2016-09-10 01:03:00] 
[job(1434): 2016-09-10 01:03:00] optimisation start
[job(1434): 2016-09-10 01:03:00] ------------------
[job(1434): 2016-09-10 01:03:00] * estimation method   : MLE 
[job(1434): 2016-09-10 01:03:00] * optimisation method : BFGS 
[job(1434): 2016-09-10 01:03:00] * analytical gradient : used
[job(1434): 2016-09-10 01:03:00] * trend model : ~1
[job(1434): 2016-09-10 01:03:00] * covariance model : 
[job(1434): 2016-09-10 01:03:00]   - type :  matern5_2 
[job(1434): 2016-09-10 01:03:00]   - nugget : NO
[job(1434): 2016-09-10 01:03:00]   - parameters lower bounds :  1e-10 1e-10 
[job(1434): 2016-09-10 01:03:00]   - parameters upper bounds :  38.41454 45.38077 
[job(1434): 2016-09-10 01:03:00]   - best initial criterion value(s) :  74.50799 
[job(1434): 2016-09-10 01:03:00] 
[job(1434): 2016-09-10 01:03:00] N = 2, M = 5 machine precision = 2.22045e-16
[job(1434): 2016-09-10 01:03:00] At X0, 0 variables are exactly at the bounds
[job(1434): 2016-09-10 01:03:00] At iterate     0  f=      -74.508  |proj g|=      0.59559
[job(1434): 2016-09-10 01:03:00] At iterate     1  f =      -76.253  |proj g|=       0.43209
[job(1434): 2016-09-10 01:03:00] At iterate     2  f =      -76.822  |proj g|=        2.0893
[job(1434): 2016-09-10 01:03:00] At iterate     3  f =      -76.902  |proj g|=       0.83783
[job(1434): 2016-09-10 01:03:00] At iterate     4  f =       -76.91  |proj g|=       0.27332
[job(1434): 2016-09-10 01:03:00] At iterate     5  f =      -76.912  |proj g|=      0.054487
[job(1434): 2016-09-10 01:03:00] At iterate     6  f =      -76.912  |proj g|=      0.054494
[job(1434): 2016-09-10 01:03:00] At iterate     7  f =      -76.913  |proj g|=       0.11154
[job(1434): 2016-09-10 01:03:00] At iterate     8  f =      -76.914  |proj g|=       0.25068
[job(1434): 2016-09-10 01:03:00] At iterate     9  f =      -76.918  |proj g|=       0.27422
[job(1434): 2016-09-10 01:03:00] At iterate    10  f =      -76.926  |proj g|=       0.28368
[job(1434): 2016-09-10 01:03:00] At iterate    11  f =      -76.948  |proj g|=        0.2983
[job(1434): 2016-09-10 01:03:00] At iterate    12  f =      -77.003  |proj g|=        0.3182
[job(1434): 2016-09-10 01:03:00] At iterate    13  f =      -77.138  |proj g|=       0.34017
[job(1434): 2016-09-10 01:03:00] At iterate    14  f =      -77.449  |proj g|=       0.34992
[job(1434): 2016-09-10 01:03:00] At iterate    15  f =      -77.631  |proj g|=       0.32224
[job(1434): 2016-09-10 01:03:00] At iterate    16  f =      -77.633  |proj g|=      0.044341
[job(1434): 2016-09-10 01:03:00] At iterate    17  f =      -77.633  |proj g|=     0.0010492
[job(1434): 2016-09-10 01:03:00] At iterate    18  f =      -77.633  |proj g|=    3.1302e-06
[job(1434): 2016-09-10 01:03:00] 
[job(1434): 2016-09-10 01:03:00] iterations 18
[job(1434): 2016-09-10 01:03:00] function evaluations 20
[job(1434): 2016-09-10 01:03:00] segments explored during Cauchy searches 19
[job(1434): 2016-09-10 01:03:00] BFGS updates skipped 0
[job(1434): 2016-09-10 01:03:00] active bounds at final generalized Cauchy point 1
[job(1434): 2016-09-10 01:03:00] norm of the final projected gradient 3.13017e-06
[job(1434): 2016-09-10 01:03:00] final function value -77.6327
[job(1434): 2016-09-10 01:03:00] 
[job(1434): 2016-09-10 01:03:00] F = -77.6327
[job(1434): 2016-09-10 01:03:00] final  value -77.632721 
[job(1434): 2016-09-10 01:03:00] converged
[job(1434): 2016-09-10 01:03:00] [Tune-x] 21: C=51.3; sigma=0.00124
[job(1434): 2016-09-10 01:03:00] [Tune-y] 21: acc.test.mean=0.244; time: 0.1 min; memory: 117Mb use, 167Mb max
[job(1434): 2016-09-10 01:03:00] 
[job(1434): 2016-09-10 01:03:00] optimisation start
[job(1434): 2016-09-10 01:03:00] ------------------
[job(1434): 2016-09-10 01:03:00] * estimation method   : MLE 
[job(1434): 2016-09-10 01:03:00] * optimisation method : BFGS 
[job(1434): 2016-09-10 01:03:00] * analytical gradient : used
[job(1434): 2016-09-10 01:03:00] * trend model : ~1
[job(1434): 2016-09-10 01:03:00] * covariance model : 
[job(1434): 2016-09-10 01:03:00]   - type :  matern5_2 
[job(1434): 2016-09-10 01:03:00]   - nugget : NO
[job(1434): 2016-09-10 01:03:00]   - parameters lower bounds :  1e-10 1e-10 
[job(1434): 2016-09-10 01:03:00]   - parameters upper bounds :  38.41454 45.38077 
[job(1434): 2016-09-10 01:03:00]   - best initial criterion value(s) :  81.34122 
[job(1434): 2016-09-10 01:03:00] 
[job(1434): 2016-09-10 01:03:00] N = 2, M = 5 machine precision = 2.22045e-16
[job(1434): 2016-09-10 01:03:00] At X0, 0 variables are exactly at the bounds
[job(1434): 2016-09-10 01:03:00] At iterate     0  f=      -81.341  |proj g|=       6.6396
[job(1434): 2016-09-10 01:03:00] At iterate     1  f =      -81.773  |proj g|=        1.7789
[job(1434): 2016-09-10 01:03:00] At iterate     2  f =       -81.79  |proj g|=       0.29775
[job(1434): 2016-09-10 01:03:00] At iterate     3  f =      -81.794  |proj g|=      0.064367
[job(1434): 2016-09-10 01:03:00] At iterate     4  f =      -81.798  |proj g|=       0.21976
[job(1434): 2016-09-10 01:03:00] At iterate     5  f =       -81.84  |proj g|=       0.30712
[job(1434): 2016-09-10 01:03:00] At iterate     6  f =       -81.92  |proj g|=       0.32542
[job(1434): 2016-09-10 01:03:00] At iterate     7  f =      -82.095  |proj g|=       0.34452
[job(1434): 2016-09-10 01:03:00] At iterate     8  f =      -82.421  |proj g|=       0.35228
[job(1434): 2016-09-10 01:03:00] At iterate     9  f =      -82.668  |proj g|=       0.29604
[job(1434): 2016-09-10 01:03:00] At iterate    10  f =       -82.67  |proj g|=     0.0013097
[job(1434): 2016-09-10 01:03:00] At iterate    11  f =       -82.67  |proj g|=    1.6916e-06
[job(1434): 2016-09-10 01:03:00] 
[job(1434): 2016-09-10 01:03:00] iterations 11
[job(1434): 2016-09-10 01:03:00] function evaluations 17
[job(1434): 2016-09-10 01:03:00] segments explored during Cauchy searches 11
[job(1434): 2016-09-10 01:03:00] BFGS updates skipped 0
[job(1434): 2016-09-10 01:03:00] active bounds at final generalized Cauchy point 1
[job(1434): 2016-09-10 01:03:00] norm of the final projected gradient 1.69163e-06
[job(1434): 2016-09-10 01:03:00] final function value -82.6698
[job(1434): 2016-09-10 01:03:00] 
[job(1434): 2016-09-10 01:03:00] F = -82.6698
[job(1434): 2016-09-10 01:03:00] final  value -82.669846 
[job(1434): 2016-09-10 01:03:00] converged
[job(1434): 2016-09-10 01:03:00] [Tune-x] 22: C=17; sigma=1.71e+03
[job(1434): 2016-09-10 01:03:00] [Tune-y] 22: acc.test.mean=0.244; time: 0.0 min; memory: 117Mb use, 167Mb max
[job(1434): 2016-09-10 01:03:00] 
[job(1434): 2016-09-10 01:03:00] optimisation start
[job(1434): 2016-09-10 01:03:00] ------------------
[job(1434): 2016-09-10 01:03:00] * estimation method   : MLE 
[job(1434): 2016-09-10 01:03:00] * optimisation method : BFGS 
[job(1434): 2016-09-10 01:03:00] * analytical gradient : used
[job(1434): 2016-09-10 01:03:00] * trend model : ~1
[job(1434): 2016-09-10 01:03:00] * covariance model : 
[job(1434): 2016-09-10 01:03:00]   - type :  matern5_2 
[job(1434): 2016-09-10 01:03:00]   - nugget : NO
[job(1434): 2016-09-10 01:03:00]   - parameters lower bounds :  1e-10 1e-10 
[job(1434): 2016-09-10 01:03:00]   - parameters upper bounds :  38.41454 45.38077 
[job(1434): 2016-09-10 01:03:00]   - best initial criterion value(s) :  74.70844 
[job(1434): 2016-09-10 01:03:00] 
[job(1434): 2016-09-10 01:03:00] N = 2, M = 5 machine precision = 2.22045e-16
[job(1434): 2016-09-10 01:03:00] At X0, 0 variables are exactly at the bounds
[job(1434): 2016-09-10 01:03:00] At iterate     0  f=      -74.708  |proj g|=       1.1346
[job(1434): 2016-09-10 01:03:00] At iterate     1  f =      -81.984  |proj g|=             0
[job(1434): 2016-09-10 01:03:00] 
[job(1434): 2016-09-10 01:03:00] iterations 1
[job(1434): 2016-09-10 01:03:00] function evaluations 2
[job(1434): 2016-09-10 01:03:00] segments explored during Cauchy searches 2
[job(1434): 2016-09-10 01:03:00] BFGS updates skipped 0
[job(1434): 2016-09-10 01:03:00] active bounds at final generalized Cauchy point 1
[job(1434): 2016-09-10 01:03:00] norm of the final projected gradient 0
[job(1434): 2016-09-10 01:03:00] final function value -81.9841
[job(1434): 2016-09-10 01:03:00] 
[job(1434): 2016-09-10 01:03:00] F = -81.9841
[job(1434): 2016-09-10 01:03:00] final  value -81.984124 
[job(1434): 2016-09-10 01:03:00] converged
[job(1434): 2016-09-10 01:03:00] [Tune-x] 23: C=0.0026; sigma=43.4
[job(1434): 2016-09-10 01:03:00] [Tune-y] 23: acc.test.mean=0.244; time: 0.0 min; memory: 117Mb use, 167Mb max
[job(1434): 2016-09-10 01:03:00] 
[job(1434): 2016-09-10 01:03:00] optimisation start
[job(1434): 2016-09-10 01:03:00] ------------------
[job(1434): 2016-09-10 01:03:00] * estimation method   : MLE 
[job(1434): 2016-09-10 01:03:00] * optimisation method : BFGS 
[job(1434): 2016-09-10 01:03:00] * analytical gradient : used
[job(1434): 2016-09-10 01:03:00] * trend model : ~1
[job(1434): 2016-09-10 01:03:00] * covariance model : 
[job(1434): 2016-09-10 01:03:00]   - type :  matern5_2 
[job(1434): 2016-09-10 01:03:00]   - nugget : NO
[job(1434): 2016-09-10 01:03:00]   - parameters lower bounds :  1e-10 1e-10 
[job(1434): 2016-09-10 01:03:00]   - parameters upper bounds :  38.41454 45.38077 
[job(1434): 2016-09-10 01:03:00]   - best initial criterion value(s) :  77.59558 
[job(1434): 2016-09-10 01:03:00] 
[job(1434): 2016-09-10 01:03:00] N = 2, M = 5 machine precision = 2.22045e-16
[job(1434): 2016-09-10 01:03:00] At X0, 0 variables are exactly at the bounds
[job(1434): 2016-09-10 01:03:00] At iterate     0  f=      -77.596  |proj g|=        1.167
[job(1434): 2016-09-10 01:03:00] At iterate     1  f =      -86.171  |proj g|=             0
[job(1434): 2016-09-10 01:03:00] 
[job(1434): 2016-09-10 01:03:00] iterations 1
[job(1434): 2016-09-10 01:03:00] function evaluations 2
[job(1434): 2016-09-10 01:03:00] segments explored during Cauchy searches 2
[job(1434): 2016-09-10 01:03:00] BFGS updates skipped 0
[job(1434): 2016-09-10 01:03:00] active bounds at final generalized Cauchy point 1
[job(1434): 2016-09-10 01:03:00] norm of the final projected gradient 0
[job(1434): 2016-09-10 01:03:00] final function value -86.1705
[job(1434): 2016-09-10 01:03:00] 
[job(1434): 2016-09-10 01:03:00] F = -86.1705
[job(1434): 2016-09-10 01:03:00] final  value -86.170538 
[job(1434): 2016-09-10 01:03:00] converged
[job(1434): 2016-09-10 01:03:00] [Tune-x] 24: C=0.00516; sigma=115
[job(1434): 2016-09-10 01:03:00] [Tune-y] 24: acc.test.mean=0.244; time: 0.0 min; memory: 117Mb use, 167Mb max
[job(1434): 2016-09-10 01:03:00] 
[job(1434): 2016-09-10 01:03:00] optimisation start
[job(1434): 2016-09-10 01:03:00] ------------------
[job(1434): 2016-09-10 01:03:00] * estimation method   : MLE 
[job(1434): 2016-09-10 01:03:00] * optimisation method : BFGS 
[job(1434): 2016-09-10 01:03:00] * analytical gradient : used
[job(1434): 2016-09-10 01:03:00] * trend model : ~1
[job(1434): 2016-09-10 01:03:00] * covariance model : 
[job(1434): 2016-09-10 01:03:00]   - type :  matern5_2 
[job(1434): 2016-09-10 01:03:00]   - nugget : NO
[job(1434): 2016-09-10 01:03:00]   - parameters lower bounds :  1e-10 1e-10 
[job(1434): 2016-09-10 01:03:00]   - parameters upper bounds :  38.41454 45.38077 
[job(1434): 2016-09-10 01:03:00]   - best initial criterion value(s) :  80.81185 
[job(1434): 2016-09-10 01:03:00] 
[job(1434): 2016-09-10 01:03:00] N = 2, M = 5 machine precision = 2.22045e-16
[job(1434): 2016-09-10 01:03:00] At X0, 0 variables are exactly at the bounds
[job(1434): 2016-09-10 01:03:00] At iterate     0  f=      -80.812  |proj g|=      0.17068
[job(1434): 2016-09-10 01:03:00] At iterate     1  f =      -90.379  |proj g|=             0
[job(1434): 2016-09-10 01:03:00] 
[job(1434): 2016-09-10 01:03:00] iterations 1
[job(1434): 2016-09-10 01:03:00] function evaluations 2
[job(1434): 2016-09-10 01:03:00] segments explored during Cauchy searches 2
[job(1434): 2016-09-10 01:03:00] BFGS updates skipped 0
[job(1434): 2016-09-10 01:03:00] active bounds at final generalized Cauchy point 1
[job(1434): 2016-09-10 01:03:00] norm of the final projected gradient 0
[job(1434): 2016-09-10 01:03:00] final function value -90.3789
[job(1434): 2016-09-10 01:03:00] 
[job(1434): 2016-09-10 01:03:00] F = -90.3789
[job(1434): 2016-09-10 01:03:00] final  value -90.378908 
[job(1434): 2016-09-10 01:03:00] converged
[job(1434): 2016-09-10 01:03:00] [Tune-x] 25: C=0.00653; sigma=3.8e+03
[job(1434): 2016-09-10 01:03:00] [Tune-y] 25: acc.test.mean=0.244; time: 0.0 min; memory: 117Mb use, 167Mb max
[job(1434): 2016-09-10 01:03:00] 
[job(1434): 2016-09-10 01:03:00] optimisation start
[job(1434): 2016-09-10 01:03:00] ------------------
[job(1434): 2016-09-10 01:03:00] * estimation method   : MLE 
[job(1434): 2016-09-10 01:03:00] * optimisation method : BFGS 
[job(1434): 2016-09-10 01:03:00] * analytical gradient : used
[job(1434): 2016-09-10 01:03:00] * trend model : ~1
[job(1434): 2016-09-10 01:03:00] * covariance model : 
[job(1434): 2016-09-10 01:03:00]   - type :  matern5_2 
[job(1434): 2016-09-10 01:03:00]   - nugget : NO
[job(1434): 2016-09-10 01:03:00]   - parameters lower bounds :  1e-10 1e-10 
[job(1434): 2016-09-10 01:03:00]   - parameters upper bounds :  38.41454 45.38077 
[job(1434): 2016-09-10 01:03:00]   - best initial criterion value(s) :  88.23028 
[job(1434): 2016-09-10 01:03:00] 
[job(1434): 2016-09-10 01:03:00] N = 2, M = 5 machine precision = 2.22045e-16
[job(1434): 2016-09-10 01:03:00] At X0, 0 variables are exactly at the bounds
[job(1434): 2016-09-10 01:03:00] At iterate     0  f=       -88.23  |proj g|=      0.92824
[job(1434): 2016-09-10 01:03:00] At iterate     1  f =      -94.608  |proj g|=             0
[job(1434): 2016-09-10 01:03:00] 
[job(1434): 2016-09-10 01:03:00] iterations 1
[job(1434): 2016-09-10 01:03:00] function evaluations 2
[job(1434): 2016-09-10 01:03:00] segments explored during Cauchy searches 2
[job(1434): 2016-09-10 01:03:00] BFGS updates skipped 0
[job(1434): 2016-09-10 01:03:00] active bounds at final generalized Cauchy point 1
[job(1434): 2016-09-10 01:03:00] norm of the final projected gradient 0
[job(1434): 2016-09-10 01:03:00] final function value -94.6083
[job(1434): 2016-09-10 01:03:00] 
[job(1434): 2016-09-10 01:03:00] F = -94.6083
[job(1434): 2016-09-10 01:03:00] final  value -94.608299 
[job(1434): 2016-09-10 01:03:00] converged
[job(1434): 2016-09-10 01:03:00] [Tune-x] 26: C=8.18; sigma=625
[job(1434): 2016-09-10 01:03:00] [Tune-y] 26: acc.test.mean=0.244; time: 0.0 min; memory: 117Mb use, 167Mb max
[job(1434): 2016-09-10 01:03:00] 
[job(1434): 2016-09-10 01:03:00] optimisation start
[job(1434): 2016-09-10 01:03:00] ------------------
[job(1434): 2016-09-10 01:03:00] * estimation method   : MLE 
[job(1434): 2016-09-10 01:03:00] * optimisation method : BFGS 
[job(1434): 2016-09-10 01:03:00] * analytical gradient : used
[job(1434): 2016-09-10 01:03:00] * trend model : ~1
[job(1434): 2016-09-10 01:03:00] * covariance model : 
[job(1434): 2016-09-10 01:03:00]   - type :  matern5_2 
[job(1434): 2016-09-10 01:03:00]   - nugget : NO
[job(1434): 2016-09-10 01:03:00]   - parameters lower bounds :  1e-10 1e-10 
[job(1434): 2016-09-10 01:03:00]   - parameters upper bounds :  38.41454 45.38077 
[job(1434): 2016-09-10 01:03:00]   - best initial criterion value(s) :  104.2213 
[job(1434): 2016-09-10 01:03:00] 
[job(1434): 2016-09-10 01:03:00] N = 2, M = 5 machine precision = 2.22045e-16
[job(1434): 2016-09-10 01:03:00] At X0, 0 variables are exactly at the bounds
[job(1434): 2016-09-10 01:03:00] At iterate     0  f=      -104.22  |proj g|=      0.59731
[job(1434): 2016-09-10 01:03:00] At iterate     1  f =      -105.58  |proj g|=       0.50072
[job(1434): 2016-09-10 01:03:00] At iterate     2  f =      -106.16  |proj g|=        5.2796
[job(1434): 2016-09-10 01:03:00] At iterate     3  f =      -106.29  |proj g|=       0.38362
[job(1434): 2016-09-10 01:03:00] At iterate     4  f =      -106.29  |proj g|=       0.04318
[job(1434): 2016-09-10 01:03:00] At iterate     5  f =      -106.29  |proj g|=      0.043158
[job(1434): 2016-09-10 01:03:00] At iterate     6  f =      -106.29  |proj g|=      0.062933
[job(1434): 2016-09-10 01:03:00] At iterate     7  f =      -106.29  |proj g|=       0.15355
[job(1434): 2016-09-10 01:03:00] At iterate     8  f =      -106.29  |proj g|=       0.30038
[job(1434): 2016-09-10 01:03:00] At iterate     9  f =      -106.29  |proj g|=       0.53763
[job(1434): 2016-09-10 01:03:00] At iterate    10  f =       -106.3  |proj g|=       0.91968
[job(1434): 2016-09-10 01:03:00] At iterate    11  f =       -106.3  |proj g|=        1.5282
[job(1434): 2016-09-10 01:03:00] At iterate    12  f =      -106.33  |proj g|=        2.4747
[job(1434): 2016-09-10 01:03:00] At iterate    13  f =      -106.38  |proj g|=        3.8088
[job(1434): 2016-09-10 01:03:00] At iterate    14  f =      -106.42  |proj g|=        2.9621
[job(1434): 2016-09-10 01:03:00] At iterate    15  f =      -106.46  |proj g|=          0.14
[job(1434): 2016-09-10 01:03:00] At iterate    16  f =      -106.46  |proj g|=     0.0037419
[job(1434): 2016-09-10 01:03:00] At iterate    17  f =      -106.46  |proj g|=    5.1686e-06
[job(1434): 2016-09-10 01:03:00] 
[job(1434): 2016-09-10 01:03:00] iterations 17
[job(1434): 2016-09-10 01:03:00] function evaluations 19
[job(1434): 2016-09-10 01:03:00] segments explored during Cauchy searches 18
[job(1434): 2016-09-10 01:03:00] BFGS updates skipped 0
[job(1434): 2016-09-10 01:03:00] active bounds at final generalized Cauchy point 1
[job(1434): 2016-09-10 01:03:00] norm of the final projected gradient 5.1686e-06
[job(1434): 2016-09-10 01:03:00] final function value -106.46
[job(1434): 2016-09-10 01:03:00] 
[job(1434): 2016-09-10 01:03:00] F = -106.46
[job(1434): 2016-09-10 01:03:00] final  value -106.460414 
[job(1434): 2016-09-10 01:03:00] converged
[job(1434): 2016-09-10 01:03:00] [Tune-x] 27: C=0.000245; sigma=0.00406
[job(1434): 2016-09-10 01:03:00] [Tune-y] 27: acc.test.mean=0.244; time: 0.0 min; memory: 117Mb use, 167Mb max
[job(1434): 2016-09-10 01:03:00] 
[job(1434): 2016-09-10 01:03:00] optimisation start
[job(1434): 2016-09-10 01:03:00] ------------------
[job(1434): 2016-09-10 01:03:00] * estimation method   : MLE 
[job(1434): 2016-09-10 01:03:00] * optimisation method : BFGS 
[job(1434): 2016-09-10 01:03:00] * analytical gradient : used
[job(1434): 2016-09-10 01:03:00] * trend model : ~1
[job(1434): 2016-09-10 01:03:00] * covariance model : 
[job(1434): 2016-09-10 01:03:00]   - type :  matern5_2 
[job(1434): 2016-09-10 01:03:00]   - nugget : NO
[job(1434): 2016-09-10 01:03:00]   - parameters lower bounds :  1e-10 1e-10 
[job(1434): 2016-09-10 01:03:00]   - parameters upper bounds :  42.19787 45.38077 
[job(1434): 2016-09-10 01:03:00]   - best initial criterion value(s) :  109.7852 
[job(1434): 2016-09-10 01:03:00] 
[job(1434): 2016-09-10 01:03:00] N = 2, M = 5 machine precision = 2.22045e-16
[job(1434): 2016-09-10 01:03:00] At X0, 0 variables are exactly at the bounds
[job(1434): 2016-09-10 01:03:00] At iterate     0  f=      -109.79  |proj g|=       16.593
[job(1434): 2016-09-10 01:03:00] At iterate     1  f =      -110.92  |proj g|=       0.82081
[job(1434): 2016-09-10 01:03:00] At iterate     2  f =      -110.93  |proj g|=      0.084358
[job(1434): 2016-09-10 01:03:00] At iterate     3  f =      -110.93  |proj g|=      0.084401
[job(1434): 2016-09-10 01:03:00] At iterate     4  f =      -110.93  |proj g|=       0.18773
[job(1434): 2016-09-10 01:03:00] At iterate     5  f =      -110.93  |proj g|=       0.38182
[job(1434): 2016-09-10 01:03:00] At iterate     6  f =      -110.93  |proj g|=        0.3853
[job(1434): 2016-09-10 01:03:00] At iterate     7  f =      -110.94  |proj g|=        0.3907
[job(1434): 2016-09-10 01:03:00] At iterate     8  f =      -110.96  |proj g|=       0.39944
[job(1434): 2016-09-10 01:03:00] At iterate     9  f =         -111  |proj g|=        0.4126
[job(1434): 2016-09-10 01:03:00] At iterate    10  f =      -111.11  |proj g|=       0.43015
[job(1434): 2016-09-10 01:03:00] At iterate    11  f =      -111.34  |proj g|=       0.44584
[job(1434): 2016-09-10 01:03:00] At iterate    12  f =      -111.81  |proj g|=       0.43328
[job(1434): 2016-09-10 01:03:00] At iterate    13  f =      -111.91  |proj g|=       0.39728
[job(1434): 2016-09-10 01:03:00] At iterate    14  f =      -111.91  |proj g|=      0.019302
[job(1434): 2016-09-10 01:03:00] At iterate    15  f =      -111.91  |proj g|=    6.8856e-05
[job(1434): 2016-09-10 01:03:00] At iterate    16  f =      -111.91  |proj g|=    6.3962e-09
[job(1434): 2016-09-10 01:03:00] 
[job(1434): 2016-09-10 01:03:00] iterations 16
[job(1434): 2016-09-10 01:03:00] function evaluations 20
[job(1434): 2016-09-10 01:03:00] segments explored during Cauchy searches 16
[job(1434): 2016-09-10 01:03:00] BFGS updates skipped 0
[job(1434): 2016-09-10 01:03:00] active bounds at final generalized Cauchy point 1
[job(1434): 2016-09-10 01:03:00] norm of the final projected gradient 6.39618e-09
[job(1434): 2016-09-10 01:03:00] final function value -111.91
[job(1434): 2016-09-10 01:03:00] 
[job(1434): 2016-09-10 01:03:00] F = -111.91
[job(1434): 2016-09-10 01:03:00] final  value -111.909991 
[job(1434): 2016-09-10 01:03:00] converged
[job(1434): 2016-09-10 01:03:00] [Tune-x] 28: C=30.9; sigma=0.00129
[job(1434): 2016-09-10 01:03:00] [Tune-y] 28: acc.test.mean=0.244; time: 0.1 min; memory: 117Mb use, 167Mb max
[job(1434): 2016-09-10 01:03:00] 
[job(1434): 2016-09-10 01:03:00] optimisation start
[job(1434): 2016-09-10 01:03:00] ------------------
[job(1434): 2016-09-10 01:03:00] * estimation method   : MLE 
[job(1434): 2016-09-10 01:03:00] * optimisation method : BFGS 
[job(1434): 2016-09-10 01:03:00] * analytical gradient : used
[job(1434): 2016-09-10 01:03:00] * trend model : ~1
[job(1434): 2016-09-10 01:03:00] * covariance model : 
[job(1434): 2016-09-10 01:03:00]   - type :  matern5_2 
[job(1434): 2016-09-10 01:03:00]   - nugget : NO
[job(1434): 2016-09-10 01:03:00]   - parameters lower bounds :  1e-10 1e-10 
[job(1434): 2016-09-10 01:03:00]   - parameters upper bounds :  42.19787 45.38077 
[job(1434): 2016-09-10 01:03:00]   - best initial criterion value(s) :  74.35021 
[job(1434): 2016-09-10 01:03:00] 
[job(1434): 2016-09-10 01:03:00] N = 2, M = 5 machine precision = 2.22045e-16
[job(1434): 2016-09-10 01:03:00] At X0, 0 variables are exactly at the bounds
[job(1434): 2016-09-10 01:03:00] At iterate     0  f=       -74.35  |proj g|=         2.85
[job(1434): 2016-09-10 01:03:00] At iterate     1  f =      -107.41  |proj g|=             0
[job(1434): 2016-09-10 01:03:00] 
[job(1434): 2016-09-10 01:03:00] iterations 1
[job(1434): 2016-09-10 01:03:00] function evaluations 2
[job(1434): 2016-09-10 01:03:00] segments explored during Cauchy searches 2
[job(1434): 2016-09-10 01:03:00] BFGS updates skipped 0
[job(1434): 2016-09-10 01:03:00] active bounds at final generalized Cauchy point 1
[job(1434): 2016-09-10 01:03:00] norm of the final projected gradient 0
[job(1434): 2016-09-10 01:03:00] final function value -107.414
[job(1434): 2016-09-10 01:03:00] 
[job(1434): 2016-09-10 01:03:00] F = -107.414
[job(1434): 2016-09-10 01:03:00] final  value -107.414372 
[job(1434): 2016-09-10 01:03:00] converged
[job(1434): 2016-09-10 01:03:00] [Tune] Result: C=0.00159; sigma=88.8 : acc.test.mean=-0.244
[job(1434): 2016-09-10 01:03:00] Job terminated successfully
[job(chunk): 2016-09-10 01:03:00] Calculation finished!
