[job(chunk): 2016-09-09 20:04:24] Starting calculation of 1 jobs
[job(chunk): 2016-09-09 20:04:24] Setting working directory to '/naslx/projects/pr74ze/ri89coc2/svm_comparison'
[job(chunk): 2016-09-09 20:04:24] Memory measurement disabled
[job(55): 2016-09-09 20:04:27] Starting job with job.id=55
[job(55): 2016-09-09 20:05:15] Generating problem instance for problem '10' ...
[job(55): 2016-09-09 20:05:15] Downloading from 'http://www.openml.org/api/v1/data/10' to '/tmp/ri89coc2/Rtmp2xEJNT/cache/datasets/10/description.xml'.
[job(55): 2016-09-09 20:05:15] Downloading from 'http://www.openml.org/data/download/10/dataset_10_lymph.arff' to '/tmp/ri89coc2/Rtmp2xEJNT/cache/datasets/10/dataset.arff'
[job(55): 2016-09-09 20:05:15] Loading required package: readr
[job(55): 2016-09-09 20:05:15] Applying algorithm 'kbb-svc.tuned' on problem '10' ...
[job(55): 2016-09-09 20:05:15] Data '10' file 'description.xml' found in cache.
[job(55): 2016-09-09 20:05:15] Data '10' file 'dataset.arff' found in cache.
[job(55): 2016-09-09 20:05:15] [Tune] Started tuning learner kbb-svc for parameter set:
[job(55): 2016-09-09 20:05:15]          Type len Def    Constr Req Tunable Trafo
[job(55): 2016-09-09 20:05:15] C     numeric   -   - -12 to 12   -    TRUE     Y
[job(55): 2016-09-09 20:05:15] sigma numeric   -   - -12 to 12   -    TRUE     Y
[job(55): 2016-09-09 20:05:15] With control class: TuneControlMBO
[job(55): 2016-09-09 20:05:15] Imputation value: -0
[job(55): 2016-09-09 20:05:15] [Tune-x] 1: C=2.56e+03; sigma=1.19e+03
[job(55): 2016-09-09 20:05:15] [Tune-y] 1: acc.test.mean=0.398; time: 0.0 min; memory: 113Mb use, 167Mb max
[job(55): 2016-09-09 20:05:15] [Tune-x] 2: C=0.017; sigma=0.00531
[job(55): 2016-09-09 20:05:15] [Tune-y] 2: acc.test.mean=0.626; time: 0.0 min; memory: 113Mb use, 167Mb max
[job(55): 2016-09-09 20:05:15] [Tune-x] 3: C=32.9; sigma=0.231
[job(55): 2016-09-09 20:05:15] [Tune-y] 3: acc.test.mean=0.812; time: 0.0 min; memory: 113Mb use, 167Mb max
[job(55): 2016-09-09 20:05:15] [Tune-x] 4: C=1.68; sigma=5.96
[job(55): 2016-09-09 20:05:15] [Tune-y] 4: acc.test.mean=0.398; time: 0.0 min; memory: 113Mb use, 167Mb max
[job(55): 2016-09-09 20:05:15] [Tune-x] 5: C=0.00871; sigma=148
[job(55): 2016-09-09 20:05:15] [Tune-y] 5: acc.test.mean=0.556; time: 0.0 min; memory: 113Mb use, 167Mb max
[job(55): 2016-09-09 20:05:15] [Tune-x] 6: C=0.362; sigma=0.0279
[job(55): 2016-09-09 20:05:15] [Tune-y] 6: acc.test.mean=0.789; time: 0.0 min; memory: 113Mb use, 167Mb max
[job(55): 2016-09-09 20:05:15] [Tune-x] 7: C=0.000469; sigma=0.00156
[job(55): 2016-09-09 20:05:15] [Tune-y] 7: acc.test.mean=0.556; time: 0.0 min; memory: 113Mb use, 167Mb max
[job(55): 2016-09-09 20:05:15] [Tune-x] 8: C=408; sigma=46.2
[job(55): 2016-09-09 20:05:15] [Tune-y] 8: acc.test.mean=0.399; time: 0.0 min; memory: 113Mb use, 167Mb max
[job(55): 2016-09-09 20:05:15] 
[job(55): 2016-09-09 20:05:15] optimisation start
[job(55): 2016-09-09 20:05:15] ------------------
[job(55): 2016-09-09 20:05:15] * estimation method   : MLE 
[job(55): 2016-09-09 20:05:15] * optimisation method : BFGS 
[job(55): 2016-09-09 20:05:15] * analytical gradient : used
[job(55): 2016-09-09 20:05:15] * trend model : ~1
[job(55): 2016-09-09 20:05:15] * covariance model : 
[job(55): 2016-09-09 20:05:15]   - type :  matern5_2 
[job(55): 2016-09-09 20:05:15]   - nugget : NO
[job(55): 2016-09-09 20:05:15]   - parameters lower bounds :  1e-10 1e-10 
[job(55): 2016-09-09 20:05:15]   - parameters upper bounds :  44.7621 39.0627 
[job(55): 2016-09-09 20:05:15]   - best initial criterion value(s) :  4.84971 
[job(55): 2016-09-09 20:05:15] 
[job(55): 2016-09-09 20:05:15] N = 2, M = 5 machine precision = 2.22045e-16
[job(55): 2016-09-09 20:05:15] At X0, 0 variables are exactly at the bounds
[job(55): 2016-09-09 20:05:15] At iterate     0  f=      -4.8497  |proj g|=      0.30617
[job(55): 2016-09-09 20:05:15] At iterate     1  f =      -4.9425  |proj g|=       0.24798
[job(55): 2016-09-09 20:05:15] At iterate     2  f =      -5.0872  |proj g|=      0.075045
[job(55): 2016-09-09 20:05:15] At iterate     3  f =      -5.1127  |proj g|=      0.067761
[job(55): 2016-09-09 20:05:15] At iterate     4  f =      -5.1576  |proj g|=        0.1176
[job(55): 2016-09-09 20:05:15] At iterate     5  f =       -5.294  |proj g|=       0.11926
[job(55): 2016-09-09 20:05:15] At iterate     6  f =      -5.3752  |proj g|=      0.060357
[job(55): 2016-09-09 20:05:15] At iterate     7  f =      -5.3951  |proj g|=      0.043571
[job(55): 2016-09-09 20:05:15] At iterate     8  f =      -5.4081  |proj g|=     0.0017868
[job(55): 2016-09-09 20:05:15] At iterate     9  f =      -5.4089  |proj g|=    0.00034589
[job(55): 2016-09-09 20:05:15] At iterate    10  f =       -5.409  |proj g|=     0.0026316
[job(55): 2016-09-09 20:05:15] At iterate    11  f =       -5.409  |proj g|=    0.00019726
[job(55): 2016-09-09 20:05:15] At iterate    12  f =       -5.409  |proj g|=    1.5873e-07
[job(55): 2016-09-09 20:05:15] At iterate    13  f =       -5.409  |proj g|=    6.5405e-09
[job(55): 2016-09-09 20:05:15] 
[job(55): 2016-09-09 20:05:15] iterations 13
[job(55): 2016-09-09 20:05:15] function evaluations 16
[job(55): 2016-09-09 20:05:15] segments explored during Cauchy searches 13
[job(55): 2016-09-09 20:05:15] BFGS updates skipped 0
[job(55): 2016-09-09 20:05:15] active bounds at final generalized Cauchy point 0
[job(55): 2016-09-09 20:05:15] norm of the final projected gradient 6.54047e-09
[job(55): 2016-09-09 20:05:15] final function value -5.40899
[job(55): 2016-09-09 20:05:15] 
[job(55): 2016-09-09 20:05:15] F = -5.40899
[job(55): 2016-09-09 20:05:15] final  value -5.408985 
[job(55): 2016-09-09 20:05:15] converged
[job(55): 2016-09-09 20:05:15] [Tune-x] 9: C=20.3; sigma=0.0914
[job(55): 2016-09-09 20:05:15] [Tune-y] 9: acc.test.mean=0.722; time: 0.0 min; memory: 117Mb use, 170Mb max
[job(55): 2016-09-09 20:05:15] 
[job(55): 2016-09-09 20:05:15] optimisation start
[job(55): 2016-09-09 20:05:15] ------------------
[job(55): 2016-09-09 20:05:15] * estimation method   : MLE 
[job(55): 2016-09-09 20:05:15] * optimisation method : BFGS 
[job(55): 2016-09-09 20:05:15] * analytical gradient : used
[job(55): 2016-09-09 20:05:15] * trend model : ~1
[job(55): 2016-09-09 20:05:15] * covariance model : 
[job(55): 2016-09-09 20:05:15]   - type :  matern5_2 
[job(55): 2016-09-09 20:05:15]   - nugget : NO
[job(55): 2016-09-09 20:05:15]   - parameters lower bounds :  1e-10 1e-10 
[job(55): 2016-09-09 20:05:15]   - parameters upper bounds :  44.7621 39.0627 
[job(55): 2016-09-09 20:05:15]   - best initial criterion value(s) :  2.326723 
[job(55): 2016-09-09 20:05:15] 
[job(55): 2016-09-09 20:05:15] N = 2, M = 5 machine precision = 2.22045e-16
[job(55): 2016-09-09 20:05:15] At X0, 0 variables are exactly at the bounds
[job(55): 2016-09-09 20:05:15] At iterate     0  f=      -2.3267  |proj g|=       1.4853
[job(55): 2016-09-09 20:05:15] At iterate     1  f =      -4.6007  |proj g|=        1.3494
[job(55): 2016-09-09 20:05:15] At iterate     2  f =      -5.3617  |proj g|=       0.46332
[job(55): 2016-09-09 20:05:15] At iterate     3  f =      -5.4196  |proj g|=       0.19432
[job(55): 2016-09-09 20:05:15] At iterate     4  f =      -5.4311  |proj g|=     0.0061769
[job(55): 2016-09-09 20:05:15] At iterate     5  f =      -5.4311  |proj g|=     0.0028059
[job(55): 2016-09-09 20:05:15] At iterate     6  f =      -5.4311  |proj g|=     0.0027987
[job(55): 2016-09-09 20:05:15] At iterate     7  f =      -5.4312  |proj g|=     0.0084631
[job(55): 2016-09-09 20:05:15] At iterate     8  f =      -5.4313  |proj g|=      0.017019
[job(55): 2016-09-09 20:05:15] At iterate     9  f =      -5.4316  |proj g|=      0.032481
[job(55): 2016-09-09 20:05:15] At iterate    10  f =      -5.4323  |proj g|=      0.055099
[job(55): 2016-09-09 20:05:15] At iterate    11  f =      -5.4341  |proj g|=      0.086079
[job(55): 2016-09-09 20:05:15] At iterate    12  f =      -5.4369  |proj g|=       0.10735
[job(55): 2016-09-09 20:05:15] At iterate    13  f =      -5.4403  |proj g|=      0.063849
[job(55): 2016-09-09 20:05:15] At iterate    14  f =      -5.4415  |proj g|=      0.003741
[job(55): 2016-09-09 20:05:15] At iterate    15  f =      -5.4415  |proj g|=    8.9941e-05
[job(55): 2016-09-09 20:05:15] At iterate    16  f =      -5.4415  |proj g|=    3.0732e-05
[job(55): 2016-09-09 20:05:15] At iterate    17  f =      -5.4415  |proj g|=    1.2644e-05
[job(55): 2016-09-09 20:05:15] 
[job(55): 2016-09-09 20:05:15] iterations 17
[job(55): 2016-09-09 20:05:15] function evaluations 19
[job(55): 2016-09-09 20:05:15] segments explored during Cauchy searches 18
[job(55): 2016-09-09 20:05:15] BFGS updates skipped 0
[job(55): 2016-09-09 20:05:15] active bounds at final generalized Cauchy point 0
[job(55): 2016-09-09 20:05:15] norm of the final projected gradient 1.26437e-05
[job(55): 2016-09-09 20:05:15] final function value -5.44154
[job(55): 2016-09-09 20:05:15] 
[job(55): 2016-09-09 20:05:15] F = -5.44154
[job(55): 2016-09-09 20:05:15] final  value -5.441539 
[job(55): 2016-09-09 20:05:15] converged
[job(55): 2016-09-09 20:05:15] [Tune-x] 10: C=17.8; sigma=0.272
[job(55): 2016-09-09 20:05:15] [Tune-y] 10: acc.test.mean=0.651; time: 0.0 min; memory: 117Mb use, 176Mb max
[job(55): 2016-09-09 20:05:15] 
[job(55): 2016-09-09 20:05:15] optimisation start
[job(55): 2016-09-09 20:05:15] ------------------
[job(55): 2016-09-09 20:05:15] * estimation method   : MLE 
[job(55): 2016-09-09 20:05:15] * optimisation method : BFGS 
[job(55): 2016-09-09 20:05:15] * analytical gradient : used
[job(55): 2016-09-09 20:05:15] * trend model : ~1
[job(55): 2016-09-09 20:05:15] * covariance model : 
[job(55): 2016-09-09 20:05:15]   - type :  matern5_2 
[job(55): 2016-09-09 20:05:15]   - nugget : NO
[job(55): 2016-09-09 20:05:15]   - parameters lower bounds :  1e-10 1e-10 
[job(55): 2016-09-09 20:05:15]   - parameters upper bounds :  44.7621 39.0627 
[job(55): 2016-09-09 20:05:15]   - best initial criterion value(s) :  5.000629 
[job(55): 2016-09-09 20:05:15] 
[job(55): 2016-09-09 20:05:15] N = 2, M = 5 machine precision = 2.22045e-16
[job(55): 2016-09-09 20:05:15] At X0, 0 variables are exactly at the bounds
[job(55): 2016-09-09 20:05:15] At iterate     0  f=      -5.0006  |proj g|=       2.0301
[job(55): 2016-09-09 20:05:15] At iterate     1  f =      -5.4478  |proj g|=       0.91957
[job(55): 2016-09-09 20:05:15] At iterate     2  f =        -5.92  |proj g|=       0.54757
[job(55): 2016-09-09 20:05:15] At iterate     3  f =      -6.0706  |proj g|=       0.30418
[job(55): 2016-09-09 20:05:15] At iterate     4  f =      -6.1281  |proj g|=        0.1115
[job(55): 2016-09-09 20:05:15] At iterate     5  f =      -6.1447  |proj g|=       0.13327
[job(55): 2016-09-09 20:05:15] At iterate     6  f =      -6.1668  |proj g|=       0.18612
[job(55): 2016-09-09 20:05:15] At iterate     7  f =      -6.2998  |proj g|=       0.16413
[job(55): 2016-09-09 20:05:15] At iterate     8  f =      -6.3612  |proj g|=       0.10219
[job(55): 2016-09-09 20:05:15] At iterate     9  f =      -6.3934  |proj g|=       0.10489
[job(55): 2016-09-09 20:05:15] At iterate    10  f =      -6.4058  |proj g|=       0.12389
[job(55): 2016-09-09 20:05:15] At iterate    11  f =      -6.4298  |proj g|=        0.0824
[job(55): 2016-09-09 20:05:15] At iterate    12  f =      -6.4552  |proj g|=      0.015647
[job(55): 2016-09-09 20:05:15] At iterate    13  f =      -6.4745  |proj g|=      0.083199
[job(55): 2016-09-09 20:05:15] At iterate    14  f =      -6.4901  |proj g|=       0.05878
[job(55): 2016-09-09 20:05:15] At iterate    15  f =      -6.4985  |proj g|=      0.057307
[job(55): 2016-09-09 20:05:15] At iterate    16  f =      -6.4988  |proj g|=     0.0026336
[job(55): 2016-09-09 20:05:15] At iterate    17  f =      -6.4988  |proj g|=    1.6454e-05
[job(55): 2016-09-09 20:05:15] At iterate    18  f =      -6.4988  |proj g|=    4.8293e-09
[job(55): 2016-09-09 20:05:15] 
[job(55): 2016-09-09 20:05:15] iterations 18
[job(55): 2016-09-09 20:05:15] function evaluations 22
[job(55): 2016-09-09 20:05:15] segments explored during Cauchy searches 18
[job(55): 2016-09-09 20:05:15] BFGS updates skipped 0
[job(55): 2016-09-09 20:05:15] active bounds at final generalized Cauchy point 1
[job(55): 2016-09-09 20:05:15] norm of the final projected gradient 4.82934e-09
[job(55): 2016-09-09 20:05:15] final function value -6.4988
[job(55): 2016-09-09 20:05:15] 
[job(55): 2016-09-09 20:05:15] F = -6.4988
[job(55): 2016-09-09 20:05:15] final  value -6.498801 
[job(55): 2016-09-09 20:05:15] converged
[job(55): 2016-09-09 20:05:15] [Tune-x] 11: C=29.8; sigma=0.0268
[job(55): 2016-09-09 20:05:15] [Tune-y] 11: acc.test.mean=0.536; time: 0.0 min; memory: 117Mb use, 176Mb max
[job(55): 2016-09-09 20:05:15] 
[job(55): 2016-09-09 20:05:15] optimisation start
[job(55): 2016-09-09 20:05:15] ------------------
[job(55): 2016-09-09 20:05:15] * estimation method   : MLE 
[job(55): 2016-09-09 20:05:15] * optimisation method : BFGS 
[job(55): 2016-09-09 20:05:15] * analytical gradient : used
[job(55): 2016-09-09 20:05:15] * trend model : ~1
[job(55): 2016-09-09 20:05:15] * covariance model : 
[job(55): 2016-09-09 20:05:15]   - type :  matern5_2 
[job(55): 2016-09-09 20:05:15]   - nugget : NO
[job(55): 2016-09-09 20:05:15]   - parameters lower bounds :  1e-10 1e-10 
[job(55): 2016-09-09 20:05:15]   - parameters upper bounds :  44.7621 39.0627 
[job(55): 2016-09-09 20:05:15]   - best initial criterion value(s) :  3.216163 
[job(55): 2016-09-09 20:05:15] 
[job(55): 2016-09-09 20:05:15] N = 2, M = 5 machine precision = 2.22045e-16
[job(55): 2016-09-09 20:05:15] At X0, 0 variables are exactly at the bounds
[job(55): 2016-09-09 20:05:15] At iterate     0  f=      -3.2162  |proj g|=      0.30137
[job(55): 2016-09-09 20:05:15] At iterate     1  f =      -5.7485  |proj g|=             0
[job(55): 2016-09-09 20:05:15] 
[job(55): 2016-09-09 20:05:15] iterations 1
[job(55): 2016-09-09 20:05:15] function evaluations 2
[job(55): 2016-09-09 20:05:15] segments explored during Cauchy searches 2
[job(55): 2016-09-09 20:05:15] BFGS updates skipped 0
[job(55): 2016-09-09 20:05:15] active bounds at final generalized Cauchy point 1
[job(55): 2016-09-09 20:05:15] norm of the final projected gradient 0
[job(55): 2016-09-09 20:05:15] final function value -5.74848
[job(55): 2016-09-09 20:05:15] 
[job(55): 2016-09-09 20:05:15] F = -5.74848
[job(55): 2016-09-09 20:05:15] final  value -5.748478 
[job(55): 2016-09-09 20:05:15] converged
[job(55): 2016-09-09 20:05:15] [Tune-x] 12: C=0.687; sigma=0.000551
[job(55): 2016-09-09 20:05:15] [Tune-y] 12: acc.test.mean=0.556; time: 0.0 min; memory: 117Mb use, 176Mb max
[job(55): 2016-09-09 20:05:15] 
[job(55): 2016-09-09 20:05:15] optimisation start
[job(55): 2016-09-09 20:05:15] ------------------
[job(55): 2016-09-09 20:05:15] * estimation method   : MLE 
[job(55): 2016-09-09 20:05:15] * optimisation method : BFGS 
[job(55): 2016-09-09 20:05:15] * analytical gradient : used
[job(55): 2016-09-09 20:05:15] * trend model : ~1
[job(55): 2016-09-09 20:05:15] * covariance model : 
[job(55): 2016-09-09 20:05:15]   - type :  matern5_2 
[job(55): 2016-09-09 20:05:15]   - nugget : NO
[job(55): 2016-09-09 20:05:15]   - parameters lower bounds :  1e-10 1e-10 
[job(55): 2016-09-09 20:05:15]   - parameters upper bounds :  44.7621 42.07196 
[job(55): 2016-09-09 20:05:15]   - best initial criterion value(s) :  2.877561 
[job(55): 2016-09-09 20:05:15] 
[job(55): 2016-09-09 20:05:15] N = 2, M = 5 machine precision = 2.22045e-16
[job(55): 2016-09-09 20:05:15] At X0, 0 variables are exactly at the bounds
[job(55): 2016-09-09 20:05:15] At iterate     0  f=      -2.8776  |proj g|=      0.17548
[job(55): 2016-09-09 20:05:15] At iterate     1  f =       -6.772  |proj g|=             0
[job(55): 2016-09-09 20:05:15] 
[job(55): 2016-09-09 20:05:15] iterations 1
[job(55): 2016-09-09 20:05:15] function evaluations 2
[job(55): 2016-09-09 20:05:15] segments explored during Cauchy searches 2
[job(55): 2016-09-09 20:05:15] BFGS updates skipped 0
[job(55): 2016-09-09 20:05:15] active bounds at final generalized Cauchy point 1
[job(55): 2016-09-09 20:05:15] norm of the final projected gradient 0
[job(55): 2016-09-09 20:05:15] final function value -6.77196
[job(55): 2016-09-09 20:05:15] 
[job(55): 2016-09-09 20:05:15] F = -6.77196
[job(55): 2016-09-09 20:05:15] final  value -6.771963 
[job(55): 2016-09-09 20:05:15] converged
[job(55): 2016-09-09 20:05:15] [Tune-x] 13: C=0.106; sigma=2.86
[job(55): 2016-09-09 20:05:15] [Tune-y] 13: acc.test.mean=0.422; time: 0.0 min; memory: 117Mb use, 176Mb max
[job(55): 2016-09-09 20:05:15] 
[job(55): 2016-09-09 20:05:15] optimisation start
[job(55): 2016-09-09 20:05:15] ------------------
[job(55): 2016-09-09 20:05:15] * estimation method   : MLE 
[job(55): 2016-09-09 20:05:15] * optimisation method : BFGS 
[job(55): 2016-09-09 20:05:15] * analytical gradient : used
[job(55): 2016-09-09 20:05:15] * trend model : ~1
[job(55): 2016-09-09 20:05:15] * covariance model : 
[job(55): 2016-09-09 20:05:15]   - type :  matern5_2 
[job(55): 2016-09-09 20:05:15]   - nugget : NO
[job(55): 2016-09-09 20:05:15]   - parameters lower bounds :  1e-10 1e-10 
[job(55): 2016-09-09 20:05:15]   - parameters upper bounds :  44.7621 42.07196 
[job(55): 2016-09-09 20:05:15]   - best initial criterion value(s) :  7.854 
[job(55): 2016-09-09 20:05:15] 
[job(55): 2016-09-09 20:05:15] N = 2, M = 5 machine precision = 2.22045e-16
[job(55): 2016-09-09 20:05:15] At X0, 0 variables are exactly at the bounds
[job(55): 2016-09-09 20:05:15] At iterate     0  f=       -7.854  |proj g|=      0.44959
[job(55): 2016-09-09 20:05:15] At iterate     1  f =      -8.0224  |proj g|=      0.010579
[job(55): 2016-09-09 20:05:15] At iterate     2  f =      -8.0224  |proj g|=     0.0022167
[job(55): 2016-09-09 20:05:15] At iterate     3  f =      -8.0225  |proj g|=    0.00087533
[job(55): 2016-09-09 20:05:15] At iterate     4  f =      -8.0225  |proj g|=     5.594e-07
[job(55): 2016-09-09 20:05:15] At iterate     5  f =      -8.0225  |proj g|=    4.2878e-10
[job(55): 2016-09-09 20:05:15] 
[job(55): 2016-09-09 20:05:15] iterations 5
[job(55): 2016-09-09 20:05:15] function evaluations 6
[job(55): 2016-09-09 20:05:15] segments explored during Cauchy searches 5
[job(55): 2016-09-09 20:05:15] BFGS updates skipped 0
[job(55): 2016-09-09 20:05:15] active bounds at final generalized Cauchy point 0
[job(55): 2016-09-09 20:05:15] norm of the final projected gradient 4.28783e-10
[job(55): 2016-09-09 20:05:15] final function value -8.02245
[job(55): 2016-09-09 20:05:15] 
[job(55): 2016-09-09 20:05:15] F = -8.02245
[job(55): 2016-09-09 20:05:15] final  value -8.022450 
[job(55): 2016-09-09 20:05:15] converged
[job(55): 2016-09-09 20:05:15] [Tune-x] 14: C=33.4; sigma=0.195
[job(55): 2016-09-09 20:05:15] [Tune-y] 14: acc.test.mean=0.612; time: 0.0 min; memory: 117Mb use, 176Mb max
[job(55): 2016-09-09 20:05:15] 
[job(55): 2016-09-09 20:05:15] optimisation start
[job(55): 2016-09-09 20:05:15] ------------------
[job(55): 2016-09-09 20:05:15] * estimation method   : MLE 
[job(55): 2016-09-09 20:05:15] * optimisation method : BFGS 
[job(55): 2016-09-09 20:05:15] * analytical gradient : used
[job(55): 2016-09-09 20:05:15] * trend model : ~1
[job(55): 2016-09-09 20:05:15] * covariance model : 
[job(55): 2016-09-09 20:05:15]   - type :  matern5_2 
[job(55): 2016-09-09 20:05:15]   - nugget : NO
[job(55): 2016-09-09 20:05:15]   - parameters lower bounds :  1e-10 1e-10 
[job(55): 2016-09-09 20:05:15]   - parameters upper bounds :  44.7621 42.07196 
[job(55): 2016-09-09 20:05:15]   - best initial criterion value(s) :  -13.82836 
[job(55): 2016-09-09 20:05:15] 
[job(55): 2016-09-09 20:05:15] N = 2, M = 5 machine precision = 2.22045e-16
[job(55): 2016-09-09 20:05:15] At X0, 0 variables are exactly at the bounds
[job(55): 2016-09-09 20:05:15] At iterate     0  f=       13.828  |proj g|=       0.2729
[job(55): 2016-09-09 20:05:15] At iterate     1  f =        -8.23  |proj g|=             0
[job(55): 2016-09-09 20:05:15] 
[job(55): 2016-09-09 20:05:15] iterations 1
[job(55): 2016-09-09 20:05:15] function evaluations 2
[job(55): 2016-09-09 20:05:15] segments explored during Cauchy searches 2
[job(55): 2016-09-09 20:05:15] BFGS updates skipped 0
[job(55): 2016-09-09 20:05:15] active bounds at final generalized Cauchy point 1
[job(55): 2016-09-09 20:05:15] norm of the final projected gradient 0
[job(55): 2016-09-09 20:05:15] final function value -8.22999
[job(55): 2016-09-09 20:05:15] 
[job(55): 2016-09-09 20:05:15] F = -8.22999
[job(55): 2016-09-09 20:05:15] final  value -8.229994 
[job(55): 2016-09-09 20:05:15] converged
[job(55): 2016-09-09 20:05:15] [Tune-x] 15: C=1.56e+03; sigma=649
[job(55): 2016-09-09 20:05:15] [Tune-y] 15: acc.test.mean=0.399; time: 0.0 min; memory: 117Mb use, 176Mb max
[job(55): 2016-09-09 20:05:15] 
[job(55): 2016-09-09 20:05:15] optimisation start
[job(55): 2016-09-09 20:05:15] ------------------
[job(55): 2016-09-09 20:05:15] * estimation method   : MLE 
[job(55): 2016-09-09 20:05:15] * optimisation method : BFGS 
[job(55): 2016-09-09 20:05:15] * analytical gradient : used
[job(55): 2016-09-09 20:05:15] * trend model : ~1
[job(55): 2016-09-09 20:05:15] * covariance model : 
[job(55): 2016-09-09 20:05:15]   - type :  matern5_2 
[job(55): 2016-09-09 20:05:15]   - nugget : NO
[job(55): 2016-09-09 20:05:15]   - parameters lower bounds :  1e-10 1e-10 
[job(55): 2016-09-09 20:05:15]   - parameters upper bounds :  44.7621 42.07196 
[job(55): 2016-09-09 20:05:15]   - best initial criterion value(s) :  6.722749 
[job(55): 2016-09-09 20:05:15] 
[job(55): 2016-09-09 20:05:15] N = 2, M = 5 machine precision = 2.22045e-16
[job(55): 2016-09-09 20:05:15] At X0, 0 variables are exactly at the bounds
[job(55): 2016-09-09 20:05:15] At iterate     0  f=      -6.7227  |proj g|=      0.42347
[job(55): 2016-09-09 20:05:15] At iterate     1  f =      -8.5358  |proj g|=             0
[job(55): 2016-09-09 20:05:15] 
[job(55): 2016-09-09 20:05:15] iterations 1
[job(55): 2016-09-09 20:05:15] function evaluations 2
[job(55): 2016-09-09 20:05:15] segments explored during Cauchy searches 2
[job(55): 2016-09-09 20:05:15] BFGS updates skipped 0
[job(55): 2016-09-09 20:05:15] active bounds at final generalized Cauchy point 1
[job(55): 2016-09-09 20:05:15] norm of the final projected gradient 0
[job(55): 2016-09-09 20:05:15] final function value -8.53583
[job(55): 2016-09-09 20:05:15] 
[job(55): 2016-09-09 20:05:15] F = -8.53583
[job(55): 2016-09-09 20:05:15] final  value -8.535828 
[job(55): 2016-09-09 20:05:15] converged
[job(55): 2016-09-09 20:05:15] [Tune-x] 16: C=0.0611; sigma=11
[job(55): 2016-09-09 20:05:15] [Tune-y] 16: acc.test.mean=0.489; time: 0.0 min; memory: 117Mb use, 176Mb max
[job(55): 2016-09-09 20:05:15] 
[job(55): 2016-09-09 20:05:15] optimisation start
[job(55): 2016-09-09 20:05:15] ------------------
[job(55): 2016-09-09 20:05:15] * estimation method   : MLE 
[job(55): 2016-09-09 20:05:15] * optimisation method : BFGS 
[job(55): 2016-09-09 20:05:15] * analytical gradient : used
[job(55): 2016-09-09 20:05:15] * trend model : ~1
[job(55): 2016-09-09 20:05:15] * covariance model : 
[job(55): 2016-09-09 20:05:15]   - type :  matern5_2 
[job(55): 2016-09-09 20:05:15]   - nugget : NO
[job(55): 2016-09-09 20:05:15]   - parameters lower bounds :  1e-10 1e-10 
[job(55): 2016-09-09 20:05:15]   - parameters upper bounds :  44.7621 42.07196 
[job(55): 2016-09-09 20:05:15]   - best initial criterion value(s) :  7.529658 
[job(55): 2016-09-09 20:05:15] 
[job(55): 2016-09-09 20:05:15] N = 2, M = 5 machine precision = 2.22045e-16
[job(55): 2016-09-09 20:05:15] At X0, 0 variables are exactly at the bounds
[job(55): 2016-09-09 20:05:15] At iterate     0  f=      -7.5297  |proj g|=      0.56552
[job(55): 2016-09-09 20:05:15] At iterate     1  f =      -9.4807  |proj g|=             0
[job(55): 2016-09-09 20:05:15] 
[job(55): 2016-09-09 20:05:15] iterations 1
[job(55): 2016-09-09 20:05:15] function evaluations 2
[job(55): 2016-09-09 20:05:15] segments explored during Cauchy searches 2
[job(55): 2016-09-09 20:05:15] BFGS updates skipped 0
[job(55): 2016-09-09 20:05:15] active bounds at final generalized Cauchy point 1
[job(55): 2016-09-09 20:05:15] norm of the final projected gradient 0
[job(55): 2016-09-09 20:05:15] final function value -9.48066
[job(55): 2016-09-09 20:05:15] 
[job(55): 2016-09-09 20:05:15] F = -9.48066
[job(55): 2016-09-09 20:05:15] final  value -9.480662 
[job(55): 2016-09-09 20:05:15] converged
[job(55): 2016-09-09 20:05:15] [Tune-x] 17: C=1.06e+03; sigma=0.0822
[job(55): 2016-09-09 20:05:15] [Tune-y] 17: acc.test.mean=0.713; time: 0.0 min; memory: 117Mb use, 176Mb max
[job(55): 2016-09-09 20:05:15] 
[job(55): 2016-09-09 20:05:15] optimisation start
[job(55): 2016-09-09 20:05:15] ------------------
[job(55): 2016-09-09 20:05:15] * estimation method   : MLE 
[job(55): 2016-09-09 20:05:15] * optimisation method : BFGS 
[job(55): 2016-09-09 20:05:15] * analytical gradient : used
[job(55): 2016-09-09 20:05:15] * trend model : ~1
[job(55): 2016-09-09 20:05:15] * covariance model : 
[job(55): 2016-09-09 20:05:15]   - type :  matern5_2 
[job(55): 2016-09-09 20:05:15]   - nugget : NO
[job(55): 2016-09-09 20:05:15]   - parameters lower bounds :  1e-10 1e-10 
[job(55): 2016-09-09 20:05:15]   - parameters upper bounds :  44.7621 42.07196 
[job(55): 2016-09-09 20:05:15]   - best initial criterion value(s) :  -3.009062 
[job(55): 2016-09-09 20:05:15] 
[job(55): 2016-09-09 20:05:15] N = 2, M = 5 machine precision = 2.22045e-16
[job(55): 2016-09-09 20:05:15] At X0, 0 variables are exactly at the bounds
[job(55): 2016-09-09 20:05:15] At iterate     0  f=       3.0091  |proj g|=      0.84513
[job(55): 2016-09-09 20:05:15] At iterate     1  f =      -9.9381  |proj g|=             0
[job(55): 2016-09-09 20:05:15] 
[job(55): 2016-09-09 20:05:15] iterations 1
[job(55): 2016-09-09 20:05:15] function evaluations 2
[job(55): 2016-09-09 20:05:15] segments explored during Cauchy searches 2
[job(55): 2016-09-09 20:05:15] BFGS updates skipped 0
[job(55): 2016-09-09 20:05:15] active bounds at final generalized Cauchy point 1
[job(55): 2016-09-09 20:05:15] norm of the final projected gradient 0
[job(55): 2016-09-09 20:05:15] final function value -9.93813
[job(55): 2016-09-09 20:05:15] 
[job(55): 2016-09-09 20:05:15] F = -9.93813
[job(55): 2016-09-09 20:05:15] final  value -9.938130 
[job(55): 2016-09-09 20:05:15] converged
[job(55): 2016-09-09 20:05:15] [Tune-x] 18: C=3.72; sigma=3.49
[job(55): 2016-09-09 20:05:15] [Tune-y] 18: acc.test.mean=0.415; time: 0.0 min; memory: 117Mb use, 176Mb max
[job(55): 2016-09-09 20:05:15] 
[job(55): 2016-09-09 20:05:15] optimisation start
[job(55): 2016-09-09 20:05:15] ------------------
[job(55): 2016-09-09 20:05:15] * estimation method   : MLE 
[job(55): 2016-09-09 20:05:15] * optimisation method : BFGS 
[job(55): 2016-09-09 20:05:15] * analytical gradient : used
[job(55): 2016-09-09 20:05:15] * trend model : ~1
[job(55): 2016-09-09 20:05:15] * covariance model : 
[job(55): 2016-09-09 20:05:15]   - type :  matern5_2 
[job(55): 2016-09-09 20:05:15]   - nugget : NO
[job(55): 2016-09-09 20:05:15]   - parameters lower bounds :  1e-10 1e-10 
[job(55): 2016-09-09 20:05:15]   - parameters upper bounds :  44.7621 42.07196 
[job(55): 2016-09-09 20:05:15]   - best initial criterion value(s) :  7.049201 
[job(55): 2016-09-09 20:05:15] 
[job(55): 2016-09-09 20:05:15] N = 2, M = 5 machine precision = 2.22045e-16
[job(55): 2016-09-09 20:05:15] At X0, 0 variables are exactly at the bounds
[job(55): 2016-09-09 20:05:15] At iterate     0  f=      -7.0492  |proj g|=      0.06623
[job(55): 2016-09-09 20:05:15] At iterate     1  f =      -10.422  |proj g|=             0
[job(55): 2016-09-09 20:05:15] 
[job(55): 2016-09-09 20:05:15] iterations 1
[job(55): 2016-09-09 20:05:15] function evaluations 2
[job(55): 2016-09-09 20:05:15] segments explored during Cauchy searches 2
[job(55): 2016-09-09 20:05:15] BFGS updates skipped 0
[job(55): 2016-09-09 20:05:15] active bounds at final generalized Cauchy point 1
[job(55): 2016-09-09 20:05:15] norm of the final projected gradient 0
[job(55): 2016-09-09 20:05:15] final function value -10.422
[job(55): 2016-09-09 20:05:15] 
[job(55): 2016-09-09 20:05:15] F = -10.422
[job(55): 2016-09-09 20:05:15] final  value -10.422043 
[job(55): 2016-09-09 20:05:15] converged
[job(55): 2016-09-09 20:05:15] [Tune-x] 19: C=4.63; sigma=0.505
[job(55): 2016-09-09 20:05:15] [Tune-y] 19: acc.test.mean=0.61; time: 0.0 min; memory: 117Mb use, 176Mb max
[job(55): 2016-09-09 20:05:15] 
[job(55): 2016-09-09 20:05:15] optimisation start
[job(55): 2016-09-09 20:05:15] ------------------
[job(55): 2016-09-09 20:05:15] * estimation method   : MLE 
[job(55): 2016-09-09 20:05:15] * optimisation method : BFGS 
[job(55): 2016-09-09 20:05:15] * analytical gradient : used
[job(55): 2016-09-09 20:05:15] * trend model : ~1
[job(55): 2016-09-09 20:05:15] * covariance model : 
[job(55): 2016-09-09 20:05:15]   - type :  matern5_2 
[job(55): 2016-09-09 20:05:15]   - nugget : NO
[job(55): 2016-09-09 20:05:15]   - parameters lower bounds :  1e-10 1e-10 
[job(55): 2016-09-09 20:05:15]   - parameters upper bounds :  44.7621 42.07196 
[job(55): 2016-09-09 20:05:15]   - best initial criterion value(s) :  8.740228 
[job(55): 2016-09-09 20:05:15] 
[job(55): 2016-09-09 20:05:15] N = 2, M = 5 machine precision = 2.22045e-16
[job(55): 2016-09-09 20:05:15] At X0, 0 variables are exactly at the bounds
[job(55): 2016-09-09 20:05:15] At iterate     0  f=      -8.7402  |proj g|=     0.058641
[job(55): 2016-09-09 20:05:15] At iterate     1  f =      -11.442  |proj g|=             0
[job(55): 2016-09-09 20:05:15] 
[job(55): 2016-09-09 20:05:15] iterations 1
[job(55): 2016-09-09 20:05:15] function evaluations 2
[job(55): 2016-09-09 20:05:15] segments explored during Cauchy searches 2
[job(55): 2016-09-09 20:05:15] BFGS updates skipped 0
[job(55): 2016-09-09 20:05:15] active bounds at final generalized Cauchy point 1
[job(55): 2016-09-09 20:05:15] norm of the final projected gradient 0
[job(55): 2016-09-09 20:05:15] final function value -11.4422
[job(55): 2016-09-09 20:05:15] 
[job(55): 2016-09-09 20:05:15] F = -11.4422
[job(55): 2016-09-09 20:05:15] final  value -11.442222 
[job(55): 2016-09-09 20:05:15] converged
[job(55): 2016-09-09 20:05:15] [Tune-x] 20: C=4.59; sigma=188
[job(55): 2016-09-09 20:05:15] [Tune-y] 20: acc.test.mean=0.33; time: 0.0 min; memory: 117Mb use, 176Mb max
[job(55): 2016-09-09 20:05:15] 
[job(55): 2016-09-09 20:05:15] optimisation start
[job(55): 2016-09-09 20:05:15] ------------------
[job(55): 2016-09-09 20:05:15] * estimation method   : MLE 
[job(55): 2016-09-09 20:05:15] * optimisation method : BFGS 
[job(55): 2016-09-09 20:05:15] * analytical gradient : used
[job(55): 2016-09-09 20:05:15] * trend model : ~1
[job(55): 2016-09-09 20:05:15] * covariance model : 
[job(55): 2016-09-09 20:05:15]   - type :  matern5_2 
[job(55): 2016-09-09 20:05:15]   - nugget : NO
[job(55): 2016-09-09 20:05:15]   - parameters lower bounds :  1e-10 1e-10 
[job(55): 2016-09-09 20:05:15]   - parameters upper bounds :  44.7621 42.07196 
[job(55): 2016-09-09 20:05:15]   - best initial criterion value(s) :  -7.132612 
[job(55): 2016-09-09 20:05:15] 
[job(55): 2016-09-09 20:05:15] N = 2, M = 5 machine precision = 2.22045e-16
[job(55): 2016-09-09 20:05:15] At X0, 0 variables are exactly at the bounds
[job(55): 2016-09-09 20:05:15] At iterate     0  f=       7.1326  |proj g|=       1.0366
[job(55): 2016-09-09 20:05:15] At iterate     1  f =      -11.145  |proj g|=             0
[job(55): 2016-09-09 20:05:15] 
[job(55): 2016-09-09 20:05:15] iterations 1
[job(55): 2016-09-09 20:05:15] function evaluations 2
[job(55): 2016-09-09 20:05:15] segments explored during Cauchy searches 2
[job(55): 2016-09-09 20:05:15] BFGS updates skipped 0
[job(55): 2016-09-09 20:05:15] active bounds at final generalized Cauchy point 1
[job(55): 2016-09-09 20:05:15] norm of the final projected gradient 0
[job(55): 2016-09-09 20:05:15] final function value -11.1453
[job(55): 2016-09-09 20:05:15] 
[job(55): 2016-09-09 20:05:15] F = -11.1453
[job(55): 2016-09-09 20:05:15] final  value -11.145295 
[job(55): 2016-09-09 20:05:15] converged
[job(55): 2016-09-09 20:05:15] [Tune-x] 21: C=0.0345; sigma=41
[job(55): 2016-09-09 20:05:15] [Tune-y] 21: acc.test.mean=0.488; time: 0.0 min; memory: 117Mb use, 176Mb max
[job(55): 2016-09-09 20:05:15] 
[job(55): 2016-09-09 20:05:15] optimisation start
[job(55): 2016-09-09 20:05:15] ------------------
[job(55): 2016-09-09 20:05:15] * estimation method   : MLE 
[job(55): 2016-09-09 20:05:15] * optimisation method : BFGS 
[job(55): 2016-09-09 20:05:15] * analytical gradient : used
[job(55): 2016-09-09 20:05:15] * trend model : ~1
[job(55): 2016-09-09 20:05:15] * covariance model : 
[job(55): 2016-09-09 20:05:15]   - type :  matern5_2 
[job(55): 2016-09-09 20:05:15]   - nugget : NO
[job(55): 2016-09-09 20:05:15]   - parameters lower bounds :  1e-10 1e-10 
[job(55): 2016-09-09 20:05:15]   - parameters upper bounds :  44.7621 42.07196 
[job(55): 2016-09-09 20:05:15]   - best initial criterion value(s) :  7.582963 
[job(55): 2016-09-09 20:05:15] 
[job(55): 2016-09-09 20:05:15] N = 2, M = 5 machine precision = 2.22045e-16
[job(55): 2016-09-09 20:05:15] At X0, 0 variables are exactly at the bounds
[job(55): 2016-09-09 20:05:15] At iterate     0  f=       -7.583  |proj g|=      0.35176
[job(55): 2016-09-09 20:05:15] At iterate     1  f =      -12.118  |proj g|=             0
[job(55): 2016-09-09 20:05:15] 
[job(55): 2016-09-09 20:05:15] iterations 1
[job(55): 2016-09-09 20:05:15] function evaluations 2
[job(55): 2016-09-09 20:05:15] segments explored during Cauchy searches 2
[job(55): 2016-09-09 20:05:15] BFGS updates skipped 0
[job(55): 2016-09-09 20:05:15] active bounds at final generalized Cauchy point 1
[job(55): 2016-09-09 20:05:15] norm of the final projected gradient 0
[job(55): 2016-09-09 20:05:15] final function value -12.1181
[job(55): 2016-09-09 20:05:15] 
[job(55): 2016-09-09 20:05:15] F = -12.1181
[job(55): 2016-09-09 20:05:15] final  value -12.118092 
[job(55): 2016-09-09 20:05:15] converged
[job(55): 2016-09-09 20:05:15] [Tune-x] 22: C=24.9; sigma=0.00148
[job(55): 2016-09-09 20:05:15] [Tune-y] 22: acc.test.mean=0.398; time: 0.0 min; memory: 117Mb use, 184Mb max
[job(55): 2016-09-09 20:05:15] 
[job(55): 2016-09-09 20:05:15] optimisation start
[job(55): 2016-09-09 20:05:15] ------------------
[job(55): 2016-09-09 20:05:15] * estimation method   : MLE 
[job(55): 2016-09-09 20:05:15] * optimisation method : BFGS 
[job(55): 2016-09-09 20:05:15] * analytical gradient : used
[job(55): 2016-09-09 20:05:15] * trend model : ~1
[job(55): 2016-09-09 20:05:15] * covariance model : 
[job(55): 2016-09-09 20:05:15]   - type :  matern5_2 
[job(55): 2016-09-09 20:05:15]   - nugget : NO
[job(55): 2016-09-09 20:05:15]   - parameters lower bounds :  1e-10 1e-10 
[job(55): 2016-09-09 20:05:15]   - parameters upper bounds :  44.7621 42.07196 
[job(55): 2016-09-09 20:05:15]   - best initial criterion value(s) :  -3.546318 
[job(55): 2016-09-09 20:05:15] 
[job(55): 2016-09-09 20:05:15] N = 2, M = 5 machine precision = 2.22045e-16
[job(55): 2016-09-09 20:05:15] At X0, 0 variables are exactly at the bounds
[job(55): 2016-09-09 20:05:15] At iterate     0  f=       3.5463  |proj g|=      0.21346
[job(55): 2016-09-09 20:05:15] At iterate     1  f =      -12.627  |proj g|=             0
[job(55): 2016-09-09 20:05:15] 
[job(55): 2016-09-09 20:05:15] iterations 1
[job(55): 2016-09-09 20:05:15] function evaluations 2
[job(55): 2016-09-09 20:05:15] segments explored during Cauchy searches 2
[job(55): 2016-09-09 20:05:15] BFGS updates skipped 0
[job(55): 2016-09-09 20:05:15] active bounds at final generalized Cauchy point 1
[job(55): 2016-09-09 20:05:15] norm of the final projected gradient 0
[job(55): 2016-09-09 20:05:15] final function value -12.6274
[job(55): 2016-09-09 20:05:15] 
[job(55): 2016-09-09 20:05:15] F = -12.6274
[job(55): 2016-09-09 20:05:15] final  value -12.627375 
[job(55): 2016-09-09 20:05:15] converged
[job(55): 2016-09-09 20:05:15] [Tune-x] 23: C=178; sigma=1.87e+03
[job(55): 2016-09-09 20:05:15] [Tune-y] 23: acc.test.mean=0.355; time: 0.0 min; memory: 117Mb use, 184Mb max
[job(55): 2016-09-09 20:05:15] 
[job(55): 2016-09-09 20:05:15] optimisation start
[job(55): 2016-09-09 20:05:15] ------------------
[job(55): 2016-09-09 20:05:15] * estimation method   : MLE 
[job(55): 2016-09-09 20:05:15] * optimisation method : BFGS 
[job(55): 2016-09-09 20:05:15] * analytical gradient : used
[job(55): 2016-09-09 20:05:15] * trend model : ~1
[job(55): 2016-09-09 20:05:15] * covariance model : 
[job(55): 2016-09-09 20:05:15]   - type :  matern5_2 
[job(55): 2016-09-09 20:05:15]   - nugget : NO
[job(55): 2016-09-09 20:05:15]   - parameters lower bounds :  1e-10 1e-10 
[job(55): 2016-09-09 20:05:15]   - parameters upper bounds :  44.7621 43.38089 
[job(55): 2016-09-09 20:05:15]   - best initial criterion value(s) :  -25.63689 
[job(55): 2016-09-09 20:05:15] 
[job(55): 2016-09-09 20:05:15] N = 2, M = 5 machine precision = 2.22045e-16
[job(55): 2016-09-09 20:05:15] At X0, 0 variables are exactly at the bounds
[job(55): 2016-09-09 20:05:15] At iterate     0  f=       25.637  |proj g|=      0.70297
[job(55): 2016-09-09 20:05:15] At iterate     1  f =      -12.831  |proj g|=             0
[job(55): 2016-09-09 20:05:15] 
[job(55): 2016-09-09 20:05:15] iterations 1
[job(55): 2016-09-09 20:05:15] function evaluations 2
[job(55): 2016-09-09 20:05:15] segments explored during Cauchy searches 2
[job(55): 2016-09-09 20:05:15] BFGS updates skipped 0
[job(55): 2016-09-09 20:05:15] active bounds at final generalized Cauchy point 1
[job(55): 2016-09-09 20:05:15] norm of the final projected gradient 0
[job(55): 2016-09-09 20:05:15] final function value -12.8309
[job(55): 2016-09-09 20:05:15] 
[job(55): 2016-09-09 20:05:15] F = -12.8309
[job(55): 2016-09-09 20:05:15] final  value -12.830916 
[job(55): 2016-09-09 20:05:15] converged
[job(55): 2016-09-09 20:05:15] [Tune-x] 24: C=0.0203; sigma=3.08
[job(55): 2016-09-09 20:05:15] [Tune-y] 24: acc.test.mean=0.466; time: 0.0 min; memory: 117Mb use, 184Mb max
[job(55): 2016-09-09 20:05:15] 
[job(55): 2016-09-09 20:05:15] optimisation start
[job(55): 2016-09-09 20:05:15] ------------------
[job(55): 2016-09-09 20:05:15] * estimation method   : MLE 
[job(55): 2016-09-09 20:05:15] * optimisation method : BFGS 
[job(55): 2016-09-09 20:05:15] * analytical gradient : used
[job(55): 2016-09-09 20:05:15] * trend model : ~1
[job(55): 2016-09-09 20:05:15] * covariance model : 
[job(55): 2016-09-09 20:05:15]   - type :  matern5_2 
[job(55): 2016-09-09 20:05:15]   - nugget : NO
[job(55): 2016-09-09 20:05:15]   - parameters lower bounds :  1e-10 1e-10 
[job(55): 2016-09-09 20:05:15]   - parameters upper bounds :  44.7621 43.38089 
[job(55): 2016-09-09 20:05:15]   - best initial criterion value(s) :  -25.5216 
[job(55): 2016-09-09 20:05:15] 
[job(55): 2016-09-09 20:05:15] N = 2, M = 5 machine precision = 2.22045e-16
[job(55): 2016-09-09 20:05:15] At X0, 0 variables are exactly at the bounds
[job(55): 2016-09-09 20:05:15] At iterate     0  f=       25.522  |proj g|=       2.0588
[job(55): 2016-09-09 20:05:15] At iterate     1  f =      -13.789  |proj g|=             0
[job(55): 2016-09-09 20:05:15] 
[job(55): 2016-09-09 20:05:15] iterations 1
[job(55): 2016-09-09 20:05:15] function evaluations 2
[job(55): 2016-09-09 20:05:15] segments explored during Cauchy searches 2
[job(55): 2016-09-09 20:05:15] BFGS updates skipped 0
[job(55): 2016-09-09 20:05:15] active bounds at final generalized Cauchy point 1
[job(55): 2016-09-09 20:05:15] norm of the final projected gradient 0
[job(55): 2016-09-09 20:05:15] final function value -13.7886
[job(55): 2016-09-09 20:05:15] 
[job(55): 2016-09-09 20:05:15] F = -13.7886
[job(55): 2016-09-09 20:05:15] final  value -13.788615 
[job(55): 2016-09-09 20:05:15] converged
[job(55): 2016-09-09 20:05:15] [Tune-x] 25: C=364; sigma=0.00258
[job(55): 2016-09-09 20:05:15] [Tune-y] 25: acc.test.mean=0.709; time: 0.0 min; memory: 117Mb use, 184Mb max
[job(55): 2016-09-09 20:05:15] 
[job(55): 2016-09-09 20:05:15] optimisation start
[job(55): 2016-09-09 20:05:15] ------------------
[job(55): 2016-09-09 20:05:15] * estimation method   : MLE 
[job(55): 2016-09-09 20:05:15] * optimisation method : BFGS 
[job(55): 2016-09-09 20:05:15] * analytical gradient : used
[job(55): 2016-09-09 20:05:15] * trend model : ~1
[job(55): 2016-09-09 20:05:15] * covariance model : 
[job(55): 2016-09-09 20:05:15]   - type :  matern5_2 
[job(55): 2016-09-09 20:05:15]   - nugget : NO
[job(55): 2016-09-09 20:05:15]   - parameters lower bounds :  1e-10 1e-10 
[job(55): 2016-09-09 20:05:15]   - parameters upper bounds :  44.7621 43.38089 
[job(55): 2016-09-09 20:05:15]   - best initial criterion value(s) :  -35.24893 
[job(55): 2016-09-09 20:05:15] 
[job(55): 2016-09-09 20:05:15] N = 2, M = 5 machine precision = 2.22045e-16
[job(55): 2016-09-09 20:05:15] At X0, 0 variables are exactly at the bounds
[job(55): 2016-09-09 20:05:15] At iterate     0  f=       35.249  |proj g|=       3.0639
[job(55): 2016-09-09 20:05:15] At iterate     1  f =      -14.031  |proj g|=             0
[job(55): 2016-09-09 20:05:15] 
[job(55): 2016-09-09 20:05:15] iterations 1
[job(55): 2016-09-09 20:05:15] function evaluations 2
[job(55): 2016-09-09 20:05:15] segments explored during Cauchy searches 2
[job(55): 2016-09-09 20:05:15] BFGS updates skipped 0
[job(55): 2016-09-09 20:05:15] active bounds at final generalized Cauchy point 1
[job(55): 2016-09-09 20:05:15] norm of the final projected gradient 0
[job(55): 2016-09-09 20:05:15] final function value -14.0314
[job(55): 2016-09-09 20:05:15] 
[job(55): 2016-09-09 20:05:15] F = -14.0314
[job(55): 2016-09-09 20:05:15] final  value -14.031399 
[job(55): 2016-09-09 20:05:15] converged
[job(55): 2016-09-09 20:05:15] [Tune-x] 26: C=1.45e+03; sigma=0.00311
[job(55): 2016-09-09 20:05:15] [Tune-y] 26: acc.test.mean=0.746; time: 0.0 min; memory: 117Mb use, 184Mb max
[job(55): 2016-09-09 20:05:15] 
[job(55): 2016-09-09 20:05:15] optimisation start
[job(55): 2016-09-09 20:05:15] ------------------
[job(55): 2016-09-09 20:05:15] * estimation method   : MLE 
[job(55): 2016-09-09 20:05:15] * optimisation method : BFGS 
[job(55): 2016-09-09 20:05:15] * analytical gradient : used
[job(55): 2016-09-09 20:05:15] * trend model : ~1
[job(55): 2016-09-09 20:05:15] * covariance model : 
[job(55): 2016-09-09 20:05:15]   - type :  matern5_2 
[job(55): 2016-09-09 20:05:15]   - nugget : NO
[job(55): 2016-09-09 20:05:15]   - parameters lower bounds :  1e-10 1e-10 
[job(55): 2016-09-09 20:05:15]   - parameters upper bounds :  44.7621 43.38089 
[job(55): 2016-09-09 20:05:15]   - best initial criterion value(s) :  14.75586 
[job(55): 2016-09-09 20:05:15] 
[job(55): 2016-09-09 20:05:15] N = 2, M = 5 machine precision = 2.22045e-16
[job(55): 2016-09-09 20:05:15] At X0, 0 variables are exactly at the bounds
[job(55): 2016-09-09 20:05:15] At iterate     0  f=      -14.756  |proj g|=      0.40215
[job(55): 2016-09-09 20:05:15] At iterate     1  f =      -15.748  |proj g|=       0.43408
[job(55): 2016-09-09 20:05:15] At iterate     2  f =      -15.813  |proj g|=       0.82671
[job(55): 2016-09-09 20:05:15] At iterate     3  f =      -15.817  |proj g|=       0.41353
[job(55): 2016-09-09 20:05:15] At iterate     4  f =      -15.825  |proj g|=       0.41476
[job(55): 2016-09-09 20:05:15] At iterate     5  f =      -15.845  |proj g|=       0.40905
[job(55): 2016-09-09 20:05:15] At iterate     6  f =      -15.893  |proj g|=       0.38185
[job(55): 2016-09-09 20:05:15] At iterate     7  f =      -15.992  |proj g|=       0.30728
[job(55): 2016-09-09 20:05:15] At iterate     8  f =      -16.154  |proj g|=       0.31165
[job(55): 2016-09-09 20:05:15] At iterate     9  f =      -16.339  |proj g|=       0.28527
[job(55): 2016-09-09 20:05:15] At iterate    10  f =      -16.349  |proj g|=      0.025289
[job(55): 2016-09-09 20:05:15] At iterate    11  f =      -16.349  |proj g|=      0.018844
[job(55): 2016-09-09 20:05:15] At iterate    12  f =      -16.349  |proj g|=      0.013654
[job(55): 2016-09-09 20:05:15] At iterate    13  f =      -16.349  |proj g|=    0.00011176
[job(55): 2016-09-09 20:05:15] At iterate    14  f =      -16.349  |proj g|=    2.6203e-06
[job(55): 2016-09-09 20:05:15] 
[job(55): 2016-09-09 20:05:15] iterations 14
[job(55): 2016-09-09 20:05:15] function evaluations 16
[job(55): 2016-09-09 20:05:15] segments explored during Cauchy searches 15
[job(55): 2016-09-09 20:05:15] BFGS updates skipped 0
[job(55): 2016-09-09 20:05:15] active bounds at final generalized Cauchy point 0
[job(55): 2016-09-09 20:05:15] norm of the final projected gradient 2.62034e-06
[job(55): 2016-09-09 20:05:15] final function value -16.3495
[job(55): 2016-09-09 20:05:15] 
[job(55): 2016-09-09 20:05:15] F = -16.3495
[job(55): 2016-09-09 20:05:15] final  value -16.349451 
[job(55): 2016-09-09 20:05:15] converged
[job(55): 2016-09-09 20:05:15] [Tune-x] 27: C=38.9; sigma=0.233
[job(55): 2016-09-09 20:05:15] [Tune-y] 27: acc.test.mean=0.819; time: 0.0 min; memory: 117Mb use, 184Mb max
[job(55): 2016-09-09 20:05:15] 
[job(55): 2016-09-09 20:05:15] optimisation start
[job(55): 2016-09-09 20:05:15] ------------------
[job(55): 2016-09-09 20:05:15] * estimation method   : MLE 
[job(55): 2016-09-09 20:05:15] * optimisation method : BFGS 
[job(55): 2016-09-09 20:05:15] * analytical gradient : used
[job(55): 2016-09-09 20:05:15] * trend model : ~1
[job(55): 2016-09-09 20:05:15] * covariance model : 
[job(55): 2016-09-09 20:05:15]   - type :  matern5_2 
[job(55): 2016-09-09 20:05:15]   - nugget : NO
[job(55): 2016-09-09 20:05:15]   - parameters lower bounds :  1e-10 1e-10 
[job(55): 2016-09-09 20:05:15]   - parameters upper bounds :  44.7621 43.38089 
[job(55): 2016-09-09 20:05:15]   - best initial criterion value(s) :  16.70124 
[job(55): 2016-09-09 20:05:15] 
[job(55): 2016-09-09 20:05:15] N = 2, M = 5 machine precision = 2.22045e-16
[job(55): 2016-09-09 20:05:15] At X0, 0 variables are exactly at the bounds
[job(55): 2016-09-09 20:05:15] At iterate     0  f=      -16.701  |proj g|=      0.16745
[job(55): 2016-09-09 20:05:15] At iterate     1  f =       -16.72  |proj g|=       0.10926
[job(55): 2016-09-09 20:05:15] At iterate     2  f =       -16.72  |proj g|=        0.1076
[job(55): 2016-09-09 20:05:15] At iterate     3  f =      -16.723  |proj g|=       0.40538
[job(55): 2016-09-09 20:05:15] At iterate     4  f =      -16.728  |proj g|=       0.83885
[job(55): 2016-09-09 20:05:15] At iterate     5  f =      -16.747  |proj g|=        1.7316
[job(55): 2016-09-09 20:05:15] At iterate     6  f =      -16.813  |proj g|=        3.8512
[job(55): 2016-09-09 20:05:15] At iterate     7  f =      -17.549  |proj g|=        23.013
[job(55): 2016-09-09 20:05:15] At iterate     8  f =      -17.693  |proj g|=        21.413
[job(55): 2016-09-09 20:05:15] At iterate     9  f =      -19.777  |proj g|=        7.0509
[job(55): 2016-09-09 20:05:15] At iterate    10  f =      -19.961  |proj g|=       0.29823
[job(55): 2016-09-09 20:05:15] At iterate    11  f =      -19.967  |proj g|=      0.077504
[job(55): 2016-09-09 20:05:15] At iterate    12  f =      -19.968  |proj g|=       0.15818
[job(55): 2016-09-09 20:05:15] At iterate    13  f =      -19.968  |proj g|=      0.013448
[job(55): 2016-09-09 20:05:15] At iterate    14  f =      -19.968  |proj g|=    0.00075594
[job(55): 2016-09-09 20:05:15] At iterate    15  f =      -19.968  |proj g|=    2.1824e-06
[job(55): 2016-09-09 20:05:15] 
[job(55): 2016-09-09 20:05:15] iterations 15
[job(55): 2016-09-09 20:05:15] function evaluations 25
[job(55): 2016-09-09 20:05:15] segments explored during Cauchy searches 16
[job(55): 2016-09-09 20:05:15] BFGS updates skipped 0
[job(55): 2016-09-09 20:05:15] active bounds at final generalized Cauchy point 0
[job(55): 2016-09-09 20:05:15] norm of the final projected gradient 2.18242e-06
[job(55): 2016-09-09 20:05:15] final function value -19.9677
[job(55): 2016-09-09 20:05:15] 
[job(55): 2016-09-09 20:05:15] F = -19.9677
[job(55): 2016-09-09 20:05:15] final  value -19.967670 
[job(55): 2016-09-09 20:05:15] converged
[job(55): 2016-09-09 20:05:15] [Tune-x] 28: C=97.7; sigma=0.235
[job(55): 2016-09-09 20:05:15] [Tune-y] 28: acc.test.mean=0.765; time: 0.0 min; memory: 117Mb use, 184Mb max
[job(55): 2016-09-09 20:05:15] 
[job(55): 2016-09-09 20:05:15] optimisation start
[job(55): 2016-09-09 20:05:15] ------------------
[job(55): 2016-09-09 20:05:15] * estimation method   : MLE 
[job(55): 2016-09-09 20:05:15] * optimisation method : BFGS 
[job(55): 2016-09-09 20:05:15] * analytical gradient : used
[job(55): 2016-09-09 20:05:15] * trend model : ~1
[job(55): 2016-09-09 20:05:15] * covariance model : 
[job(55): 2016-09-09 20:05:15]   - type :  matern5_2 
[job(55): 2016-09-09 20:05:15]   - nugget : NO
[job(55): 2016-09-09 20:05:15]   - parameters lower bounds :  1e-10 1e-10 
[job(55): 2016-09-09 20:05:15]   - parameters upper bounds :  44.7621 43.38089 
[job(55): 2016-09-09 20:05:15]   - best initial criterion value(s) :  19.4876 
[job(55): 2016-09-09 20:05:15] 
[job(55): 2016-09-09 20:05:15] N = 2, M = 5 machine precision = 2.22045e-16
[job(55): 2016-09-09 20:05:15] At X0, 0 variables are exactly at the bounds
[job(55): 2016-09-09 20:05:15] At iterate     0  f=      -19.488  |proj g|=       1.9048
[job(55): 2016-09-09 20:05:15] At iterate     1  f =      -19.874  |proj g|=        1.5765
[job(55): 2016-09-09 20:05:15] At iterate     2  f =      -20.781  |proj g|=        4.1514
[job(55): 2016-09-09 20:05:15] At iterate     3  f =      -20.913  |proj g|=       0.55897
[job(55): 2016-09-09 20:05:15] At iterate     4  f =      -21.034  |proj g|=       0.67989
[job(55): 2016-09-09 20:05:15] At iterate     5  f =      -21.037  |proj g|=      0.083497
[job(55): 2016-09-09 20:05:15] At iterate     6  f =      -21.037  |proj g|=     0.0059912
[job(55): 2016-09-09 20:05:15] At iterate     7  f =      -21.037  |proj g|=     0.0001184
[job(55): 2016-09-09 20:05:15] At iterate     8  f =      -21.037  |proj g|=    0.00012026
[job(55): 2016-09-09 20:05:15] 
[job(55): 2016-09-09 20:05:15] iterations 8
[job(55): 2016-09-09 20:05:15] function evaluations 10
[job(55): 2016-09-09 20:05:15] segments explored during Cauchy searches 9
[job(55): 2016-09-09 20:05:15] BFGS updates skipped 0
[job(55): 2016-09-09 20:05:15] active bounds at final generalized Cauchy point 0
[job(55): 2016-09-09 20:05:15] norm of the final projected gradient 0.000120257
[job(55): 2016-09-09 20:05:15] final function value -21.0372
[job(55): 2016-09-09 20:05:15] 
[job(55): 2016-09-09 20:05:15] F = -21.0372
[job(55): 2016-09-09 20:05:15] final  value -21.037158 
[job(55): 2016-09-09 20:05:15] converged
[job(55): 2016-09-09 20:05:15] [Tune] Result: C=38.9; sigma=0.233 : acc.test.mean=-0.819
[job(55): 2016-09-09 20:05:15] Job terminated successfully
[job(chunk): 2016-09-09 20:05:15] Calculation finished!
