[job(chunk): 2016-09-09 20:11:17] Starting calculation of 1 jobs
[job(chunk): 2016-09-09 20:11:17] Setting working directory to '/naslx/projects/pr74ze/ri89coc2/svm_comparison'
[job(chunk): 2016-09-09 20:11:17] Memory measurement disabled
[job(387): 2016-09-09 20:11:19] Starting job with job.id=387
[job(387): 2016-09-09 20:18:00] Generating problem instance for problem '46' ...
[job(387): 2016-09-09 20:18:00] Data '46' file 'description.xml' found in cache.
[job(387): 2016-09-09 20:18:00] Data '46' file 'dataset.arff' found in cache.
[job(387): 2016-09-09 20:18:00] Loading required package: readr
[job(387): 2016-09-09 20:18:00] Applying algorithm 'kbb-svc.tuned' on problem '46' ...
[job(387): 2016-09-09 20:18:00] Data '46' file 'description.xml' found in cache.
[job(387): 2016-09-09 20:18:00] Data '46' file 'dataset.arff' found in cache.
[job(387): 2016-09-09 20:18:00] [Tune] Started tuning learner kbb-svc for parameter set:
[job(387): 2016-09-09 20:18:00]          Type len Def    Constr Req Tunable Trafo
[job(387): 2016-09-09 20:18:00] C     numeric   -   - -12 to 12   -    TRUE     Y
[job(387): 2016-09-09 20:18:00] sigma numeric   -   - -12 to 12   -    TRUE     Y
[job(387): 2016-09-09 20:18:00] With control class: TuneControlMBO
[job(387): 2016-09-09 20:18:00] Imputation value: -0
[job(387): 2016-09-09 20:18:00] [Tune-x] 1: C=0.000368; sigma=0.0737
[job(387): 2016-09-09 20:18:00] [Tune-y] 1: acc.test.mean=0.518; time: 0.2 min; memory: 114Mb use, 195Mb max
[job(387): 2016-09-09 20:18:00] [Tune-x] 2: C=0.565; sigma=29.6
[job(387): 2016-09-09 20:18:00] [Tune-y] 2: acc.test.mean=0.545; time: 0.3 min; memory: 114Mb use, 195Mb max
[job(387): 2016-09-09 20:18:00] [Tune-x] 3: C=25.8; sigma=1.03
[job(387): 2016-09-09 20:18:00] [Tune-y] 3: acc.test.mean=0.567; time: 0.3 min; memory: 114Mb use, 195Mb max
[job(387): 2016-09-09 20:18:00] [Tune-x] 4: C=0.0156; sigma=0.00835
[job(387): 2016-09-09 20:18:00] [Tune-y] 4: acc.test.mean=0.518; time: 0.2 min; memory: 114Mb use, 195Mb max
[job(387): 2016-09-09 20:18:00] [Tune-x] 5: C=2.78; sigma=3.22e+03
[job(387): 2016-09-09 20:18:00] [Tune-y] 5: acc.test.mean=0.564; time: 0.3 min; memory: 114Mb use, 195Mb max
[job(387): 2016-09-09 20:18:00] [Tune-x] 6: C=418; sigma=0.00121
[job(387): 2016-09-09 20:18:00] [Tune-y] 6: acc.test.mean=0.853; time: 0.1 min; memory: 114Mb use, 195Mb max
[job(387): 2016-09-09 20:18:00] [Tune-x] 7: C=2.35e+03; sigma=313
[job(387): 2016-09-09 20:18:00] [Tune-y] 7: acc.test.mean=0.562; time: 0.3 min; memory: 114Mb use, 195Mb max
[job(387): 2016-09-09 20:18:00] [Tune-x] 8: C=0.112; sigma=0.502
[job(387): 2016-09-09 20:18:00] [Tune-y] 8: acc.test.mean=0.518; time: 0.2 min; memory: 114Mb use, 195Mb max
[job(387): 2016-09-09 20:18:00] 
[job(387): 2016-09-09 20:18:00] optimisation start
[job(387): 2016-09-09 20:18:00] ------------------
[job(387): 2016-09-09 20:18:00] * estimation method   : MLE 
[job(387): 2016-09-09 20:18:00] * optimisation method : BFGS 
[job(387): 2016-09-09 20:18:00] * analytical gradient : used
[job(387): 2016-09-09 20:18:00] * trend model : ~1
[job(387): 2016-09-09 20:18:00] * covariance model : 
[job(387): 2016-09-09 20:18:00]   - type :  matern5_2 
[job(387): 2016-09-09 20:18:00]   - nugget : NO
[job(387): 2016-09-09 20:18:00]   - parameters lower bounds :  1e-10 1e-10 
[job(387): 2016-09-09 20:18:00]   - parameters upper bounds :  45.21424 42.69846 
[job(387): 2016-09-09 20:18:00]   - best initial criterion value(s) :  8.110836 
[job(387): 2016-09-09 20:18:00] 
[job(387): 2016-09-09 20:18:00] N = 2, M = 5 machine precision = 2.22045e-16
[job(387): 2016-09-09 20:18:00] At X0, 0 variables are exactly at the bounds
[job(387): 2016-09-09 20:18:00] At iterate     0  f=      -8.1108  |proj g|=     0.058812
[job(387): 2016-09-09 20:18:00] At iterate     1  f =      -8.1145  |proj g|=       0.05845
[job(387): 2016-09-09 20:18:00] At iterate     2  f =      -8.3449  |proj g|=      0.027921
[job(387): 2016-09-09 20:18:00] At iterate     3  f =      -8.3683  |proj g|=     0.0044909
[job(387): 2016-09-09 20:18:00] At iterate     4  f =      -8.3688  |proj g|=     0.0023085
[job(387): 2016-09-09 20:18:00] At iterate     5  f =       -8.369  |proj g|=    6.8198e-05
[job(387): 2016-09-09 20:18:00] At iterate     6  f =       -8.369  |proj g|=    1.0981e-06
[job(387): 2016-09-09 20:18:00] At iterate     7  f =       -8.369  |proj g|=    1.5356e-07
[job(387): 2016-09-09 20:18:00] 
[job(387): 2016-09-09 20:18:00] iterations 7
[job(387): 2016-09-09 20:18:00] function evaluations 10
[job(387): 2016-09-09 20:18:00] segments explored during Cauchy searches 7
[job(387): 2016-09-09 20:18:00] BFGS updates skipped 0
[job(387): 2016-09-09 20:18:00] active bounds at final generalized Cauchy point 0
[job(387): 2016-09-09 20:18:00] norm of the final projected gradient 1.5356e-07
[job(387): 2016-09-09 20:18:00] final function value -8.36898
[job(387): 2016-09-09 20:18:00] 
[job(387): 2016-09-09 20:18:00] F = -8.36898
[job(387): 2016-09-09 20:18:00] final  value -8.368981 
[job(387): 2016-09-09 20:18:00] converged
[job(387): 2016-09-09 20:18:00] [Tune-x] 9: C=2.97e+03; sigma=0.000244
[job(387): 2016-09-09 20:18:00] [Tune-y] 9: acc.test.mean=0.85; time: 0.1 min; memory: 118Mb use, 195Mb max
[job(387): 2016-09-09 20:18:00] 
[job(387): 2016-09-09 20:18:00] optimisation start
[job(387): 2016-09-09 20:18:00] ------------------
[job(387): 2016-09-09 20:18:00] * estimation method   : MLE 
[job(387): 2016-09-09 20:18:00] * optimisation method : BFGS 
[job(387): 2016-09-09 20:18:00] * analytical gradient : used
[job(387): 2016-09-09 20:18:00] * trend model : ~1
[job(387): 2016-09-09 20:18:00] * covariance model : 
[job(387): 2016-09-09 20:18:00]   - type :  matern5_2 
[job(387): 2016-09-09 20:18:00]   - nugget : NO
[job(387): 2016-09-09 20:18:00]   - parameters lower bounds :  1e-10 1e-10 
[job(387): 2016-09-09 20:18:00]   - parameters upper bounds :  45.89047 47.30693 
[job(387): 2016-09-09 20:18:00]   - best initial criterion value(s) :  9.695811 
[job(387): 2016-09-09 20:18:00] 
[job(387): 2016-09-09 20:18:00] N = 2, M = 5 machine precision = 2.22045e-16
[job(387): 2016-09-09 20:18:00] At X0, 0 variables are exactly at the bounds
[job(387): 2016-09-09 20:18:00] At iterate     0  f=      -9.6958  |proj g|=      0.35188
[job(387): 2016-09-09 20:18:00] At iterate     1  f =      -9.8133  |proj g|=       0.30533
[job(387): 2016-09-09 20:18:00] At iterate     2  f =      -10.282  |proj g|=      0.071908
[job(387): 2016-09-09 20:18:00] At iterate     3  f =      -10.374  |proj g|=      0.037719
[job(387): 2016-09-09 20:18:00] At iterate     4  f =      -10.393  |proj g|=      0.012698
[job(387): 2016-09-09 20:18:00] At iterate     5  f =      -10.394  |proj g|=     0.0013347
[job(387): 2016-09-09 20:18:00] At iterate     6  f =      -10.394  |proj g|=    0.00015324
[job(387): 2016-09-09 20:18:00] At iterate     7  f =      -10.394  |proj g|=    2.6162e-05
[job(387): 2016-09-09 20:18:00] At iterate     8  f =      -10.394  |proj g|=    2.7281e-07
[job(387): 2016-09-09 20:18:00] 
[job(387): 2016-09-09 20:18:00] iterations 8
[job(387): 2016-09-09 20:18:00] function evaluations 9
[job(387): 2016-09-09 20:18:00] segments explored during Cauchy searches 8
[job(387): 2016-09-09 20:18:00] BFGS updates skipped 0
[job(387): 2016-09-09 20:18:00] active bounds at final generalized Cauchy point 0
[job(387): 2016-09-09 20:18:00] norm of the final projected gradient 2.7281e-07
[job(387): 2016-09-09 20:18:00] final function value -10.3939
[job(387): 2016-09-09 20:18:00] 
[job(387): 2016-09-09 20:18:00] F = -10.3939
[job(387): 2016-09-09 20:18:00] final  value -10.393878 
[job(387): 2016-09-09 20:18:00] converged
[job(387): 2016-09-09 20:18:00] [Tune-x] 10: C=814; sigma=0.000487
[job(387): 2016-09-09 20:18:00] [Tune-y] 10: acc.test.mean=0.848; time: 0.1 min; memory: 118Mb use, 195Mb max
[job(387): 2016-09-09 20:18:00] 
[job(387): 2016-09-09 20:18:00] optimisation start
[job(387): 2016-09-09 20:18:00] ------------------
[job(387): 2016-09-09 20:18:00] * estimation method   : MLE 
[job(387): 2016-09-09 20:18:00] * optimisation method : BFGS 
[job(387): 2016-09-09 20:18:00] * analytical gradient : used
[job(387): 2016-09-09 20:18:00] * trend model : ~1
[job(387): 2016-09-09 20:18:00] * covariance model : 
[job(387): 2016-09-09 20:18:00]   - type :  matern5_2 
[job(387): 2016-09-09 20:18:00]   - nugget : NO
[job(387): 2016-09-09 20:18:00]   - parameters lower bounds :  1e-10 1e-10 
[job(387): 2016-09-09 20:18:00]   - parameters upper bounds :  45.89047 47.30693 
[job(387): 2016-09-09 20:18:00]   - best initial criterion value(s) :  12.89253 
[job(387): 2016-09-09 20:18:00] 
[job(387): 2016-09-09 20:18:00] N = 2, M = 5 machine precision = 2.22045e-16
[job(387): 2016-09-09 20:18:00] At X0, 0 variables are exactly at the bounds
[job(387): 2016-09-09 20:18:00] At iterate     0  f=      -12.893  |proj g|=       0.2135
[job(387): 2016-09-09 20:18:00] At iterate     1  f =      -12.939  |proj g|=       0.19231
[job(387): 2016-09-09 20:18:00] At iterate     2  f =      -13.107  |proj g|=      0.091973
[job(387): 2016-09-09 20:18:00] At iterate     3  f =      -13.131  |proj g|=      0.017612
[job(387): 2016-09-09 20:18:00] At iterate     4  f =      -13.133  |proj g|=      0.011881
[job(387): 2016-09-09 20:18:00] At iterate     5  f =      -13.135  |proj g|=     0.0038957
[job(387): 2016-09-09 20:18:00] At iterate     6  f =      -13.135  |proj g|=     5.622e-05
[job(387): 2016-09-09 20:18:00] At iterate     7  f =      -13.135  |proj g|=    2.5328e-06
[job(387): 2016-09-09 20:18:00] At iterate     8  f =      -13.135  |proj g|=    1.5048e-07
[job(387): 2016-09-09 20:18:00] 
[job(387): 2016-09-09 20:18:00] iterations 8
[job(387): 2016-09-09 20:18:00] function evaluations 9
[job(387): 2016-09-09 20:18:00] segments explored during Cauchy searches 8
[job(387): 2016-09-09 20:18:00] BFGS updates skipped 0
[job(387): 2016-09-09 20:18:00] active bounds at final generalized Cauchy point 0
[job(387): 2016-09-09 20:18:00] norm of the final projected gradient 1.50477e-07
[job(387): 2016-09-09 20:18:00] final function value -13.1349
[job(387): 2016-09-09 20:18:00] 
[job(387): 2016-09-09 20:18:00] F = -13.1349
[job(387): 2016-09-09 20:18:00] final  value -13.134868 
[job(387): 2016-09-09 20:18:00] converged
[job(387): 2016-09-09 20:18:00] [Tune-x] 11: C=4.09e+03; sigma=0.00194
[job(387): 2016-09-09 20:18:00] [Tune-y] 11: acc.test.mean=0.859; time: 0.1 min; memory: 118Mb use, 195Mb max
[job(387): 2016-09-09 20:18:00] 
[job(387): 2016-09-09 20:18:00] optimisation start
[job(387): 2016-09-09 20:18:00] ------------------
[job(387): 2016-09-09 20:18:00] * estimation method   : MLE 
[job(387): 2016-09-09 20:18:00] * optimisation method : BFGS 
[job(387): 2016-09-09 20:18:00] * analytical gradient : used
[job(387): 2016-09-09 20:18:00] * trend model : ~1
[job(387): 2016-09-09 20:18:00] * covariance model : 
[job(387): 2016-09-09 20:18:00]   - type :  matern5_2 
[job(387): 2016-09-09 20:18:00]   - nugget : NO
[job(387): 2016-09-09 20:18:00]   - parameters lower bounds :  1e-10 1e-10 
[job(387): 2016-09-09 20:18:00]   - parameters upper bounds :  46.81871 47.30693 
[job(387): 2016-09-09 20:18:00]   - best initial criterion value(s) :  14.40904 
[job(387): 2016-09-09 20:18:00] 
[job(387): 2016-09-09 20:18:00] N = 2, M = 5 machine precision = 2.22045e-16
[job(387): 2016-09-09 20:18:00] At X0, 0 variables are exactly at the bounds
[job(387): 2016-09-09 20:18:00] At iterate     0  f=      -14.409  |proj g|=      0.48091
[job(387): 2016-09-09 20:18:00] At iterate     1  f =      -14.694  |proj g|=       0.38443
[job(387): 2016-09-09 20:18:00] At iterate     2  f =      -15.394  |proj g|=      0.035829
[job(387): 2016-09-09 20:18:00] At iterate     3  f =      -15.401  |proj g|=      0.015319
[job(387): 2016-09-09 20:18:00] At iterate     4  f =      -15.404  |proj g|=     0.0016221
[job(387): 2016-09-09 20:18:00] At iterate     5  f =      -15.404  |proj g|=     2.708e-05
[job(387): 2016-09-09 20:18:00] At iterate     6  f =      -15.404  |proj g|=    3.4461e-06
[job(387): 2016-09-09 20:18:00] 
[job(387): 2016-09-09 20:18:00] iterations 6
[job(387): 2016-09-09 20:18:00] function evaluations 7
[job(387): 2016-09-09 20:18:00] segments explored during Cauchy searches 6
[job(387): 2016-09-09 20:18:00] BFGS updates skipped 0
[job(387): 2016-09-09 20:18:00] active bounds at final generalized Cauchy point 0
[job(387): 2016-09-09 20:18:00] norm of the final projected gradient 3.44606e-06
[job(387): 2016-09-09 20:18:00] final function value -15.4037
[job(387): 2016-09-09 20:18:00] 
[job(387): 2016-09-09 20:18:00] F = -15.4037
[job(387): 2016-09-09 20:18:00] final  value -15.403689 
[job(387): 2016-09-09 20:18:00] converged
[job(387): 2016-09-09 20:18:00] [Tune-x] 12: C=2.68e+03; sigma=0.00128
[job(387): 2016-09-09 20:18:00] [Tune-y] 12: acc.test.mean=0.856; time: 0.1 min; memory: 118Mb use, 195Mb max
[job(387): 2016-09-09 20:18:00] 
[job(387): 2016-09-09 20:18:00] optimisation start
[job(387): 2016-09-09 20:18:00] ------------------
[job(387): 2016-09-09 20:18:00] * estimation method   : MLE 
[job(387): 2016-09-09 20:18:00] * optimisation method : BFGS 
[job(387): 2016-09-09 20:18:00] * analytical gradient : used
[job(387): 2016-09-09 20:18:00] * trend model : ~1
[job(387): 2016-09-09 20:18:00] * covariance model : 
[job(387): 2016-09-09 20:18:00]   - type :  matern5_2 
[job(387): 2016-09-09 20:18:00]   - nugget : NO
[job(387): 2016-09-09 20:18:00]   - parameters lower bounds :  1e-10 1e-10 
[job(387): 2016-09-09 20:18:00]   - parameters upper bounds :  46.81871 47.30693 
[job(387): 2016-09-09 20:18:00]   - best initial criterion value(s) :  16.00501 
[job(387): 2016-09-09 20:18:00] 
[job(387): 2016-09-09 20:18:00] N = 2, M = 5 machine precision = 2.22045e-16
[job(387): 2016-09-09 20:18:00] At X0, 0 variables are exactly at the bounds
[job(387): 2016-09-09 20:18:00] At iterate     0  f=      -16.005  |proj g|=       1.2908
[job(387): 2016-09-09 20:18:00] At iterate     1  f =      -17.363  |proj g|=       0.83986
[job(387): 2016-09-09 20:18:00] At iterate     2  f =      -18.858  |proj g|=       0.20091
[job(387): 2016-09-09 20:18:00] At iterate     3  f =      -19.136  |proj g|=       0.13012
[job(387): 2016-09-09 20:18:00] At iterate     4  f =      -19.271  |proj g|=      0.078419
[job(387): 2016-09-09 20:18:00] At iterate     5  f =      -19.326  |proj g|=      0.022942
[job(387): 2016-09-09 20:18:00] At iterate     6  f =      -19.329  |proj g|=     0.0078406
[job(387): 2016-09-09 20:18:00] At iterate     7  f =      -19.329  |proj g|=     0.0037182
[job(387): 2016-09-09 20:18:00] At iterate     8  f =      -19.329  |proj g|=    6.1315e-05
[job(387): 2016-09-09 20:18:00] At iterate     9  f =      -19.329  |proj g|=    8.9941e-07
[job(387): 2016-09-09 20:18:00] 
[job(387): 2016-09-09 20:18:00] iterations 9
[job(387): 2016-09-09 20:18:00] function evaluations 10
[job(387): 2016-09-09 20:18:00] segments explored during Cauchy searches 9
[job(387): 2016-09-09 20:18:00] BFGS updates skipped 0
[job(387): 2016-09-09 20:18:00] active bounds at final generalized Cauchy point 0
[job(387): 2016-09-09 20:18:00] norm of the final projected gradient 8.99406e-07
[job(387): 2016-09-09 20:18:00] final function value -19.3293
[job(387): 2016-09-09 20:18:00] 
[job(387): 2016-09-09 20:18:00] F = -19.3293
[job(387): 2016-09-09 20:18:00] final  value -19.329293 
[job(387): 2016-09-09 20:18:00] converged
[job(387): 2016-09-09 20:18:00] [Tune-x] 13: C=4.1e+03; sigma=0.00187
[job(387): 2016-09-09 20:18:00] [Tune-y] 13: acc.test.mean=0.942; time: 0.1 min; memory: 118Mb use, 195Mb max
[job(387): 2016-09-09 20:18:00] 
[job(387): 2016-09-09 20:18:00] optimisation start
[job(387): 2016-09-09 20:18:00] ------------------
[job(387): 2016-09-09 20:18:00] * estimation method   : MLE 
[job(387): 2016-09-09 20:18:00] * optimisation method : BFGS 
[job(387): 2016-09-09 20:18:00] * analytical gradient : used
[job(387): 2016-09-09 20:18:00] * trend model : ~1
[job(387): 2016-09-09 20:18:00] * covariance model : 
[job(387): 2016-09-09 20:18:00]   - type :  matern5_2 
[job(387): 2016-09-09 20:18:00]   - nugget : NO
[job(387): 2016-09-09 20:18:00]   - parameters lower bounds :  1e-10 1e-10 
[job(387): 2016-09-09 20:18:00]   - parameters upper bounds :  46.81969 47.30693 
[job(387): 2016-09-09 20:18:00]   - best initial criterion value(s) :  -12.80083 
[job(387): 2016-09-09 20:18:00] 
[job(387): 2016-09-09 20:18:00] N = 2, M = 5 machine precision = 2.22045e-16
[job(387): 2016-09-09 20:18:00] At X0, 0 variables are exactly at the bounds
[job(387): 2016-09-09 20:18:00] At iterate     0  f=       12.801  |proj g|=       1.5048
[job(387): 2016-09-09 20:18:00] At iterate     1  f =      -4.9764  |proj g|=             0
[job(387): 2016-09-09 20:18:00] 
[job(387): 2016-09-09 20:18:00] iterations 1
[job(387): 2016-09-09 20:18:00] function evaluations 2
[job(387): 2016-09-09 20:18:00] segments explored during Cauchy searches 2
[job(387): 2016-09-09 20:18:00] BFGS updates skipped 0
[job(387): 2016-09-09 20:18:00] active bounds at final generalized Cauchy point 1
[job(387): 2016-09-09 20:18:00] norm of the final projected gradient 0
[job(387): 2016-09-09 20:18:00] final function value -4.9764
[job(387): 2016-09-09 20:18:00] 
[job(387): 2016-09-09 20:18:00] F = -4.9764
[job(387): 2016-09-09 20:18:00] final  value -4.976398 
[job(387): 2016-09-09 20:18:00] converged
[job(387): 2016-09-09 20:18:00] [Tune-x] 14: C=0.00999; sigma=0.00402
[job(387): 2016-09-09 20:18:00] [Tune-y] 14: acc.test.mean=0.518; time: 0.2 min; memory: 118Mb use, 195Mb max
[job(387): 2016-09-09 20:18:00] 
[job(387): 2016-09-09 20:18:00] optimisation start
[job(387): 2016-09-09 20:18:00] ------------------
[job(387): 2016-09-09 20:18:00] * estimation method   : MLE 
[job(387): 2016-09-09 20:18:00] * optimisation method : BFGS 
[job(387): 2016-09-09 20:18:00] * analytical gradient : used
[job(387): 2016-09-09 20:18:00] * trend model : ~1
[job(387): 2016-09-09 20:18:00] * covariance model : 
[job(387): 2016-09-09 20:18:00]   - type :  matern5_2 
[job(387): 2016-09-09 20:18:00]   - nugget : NO
[job(387): 2016-09-09 20:18:00]   - parameters lower bounds :  1e-10 1e-10 
[job(387): 2016-09-09 20:18:00]   - parameters upper bounds :  46.81969 47.30693 
[job(387): 2016-09-09 20:18:00]   - best initial criterion value(s) :  -6.995174 
[job(387): 2016-09-09 20:18:00] 
[job(387): 2016-09-09 20:18:00] N = 2, M = 5 machine precision = 2.22045e-16
[job(387): 2016-09-09 20:18:00] At X0, 0 variables are exactly at the bounds
[job(387): 2016-09-09 20:18:00] At iterate     0  f=       6.9952  |proj g|=       1.1043
[job(387): 2016-09-09 20:18:00] At iterate     1  f =      -5.3393  |proj g|=             0
[job(387): 2016-09-09 20:18:00] 
[job(387): 2016-09-09 20:18:00] iterations 1
[job(387): 2016-09-09 20:18:00] function evaluations 2
[job(387): 2016-09-09 20:18:00] segments explored during Cauchy searches 2
[job(387): 2016-09-09 20:18:00] BFGS updates skipped 0
[job(387): 2016-09-09 20:18:00] active bounds at final generalized Cauchy point 1
[job(387): 2016-09-09 20:18:00] norm of the final projected gradient 0
[job(387): 2016-09-09 20:18:00] final function value -5.3393
[job(387): 2016-09-09 20:18:00] 
[job(387): 2016-09-09 20:18:00] F = -5.3393
[job(387): 2016-09-09 20:18:00] final  value -5.339297 
[job(387): 2016-09-09 20:18:00] converged
[job(387): 2016-09-09 20:18:00] [Tune-x] 15: C=0.0765; sigma=810
[job(387): 2016-09-09 20:18:00] [Tune-y] 15: acc.test.mean=0.518; time: 0.3 min; memory: 118Mb use, 195Mb max
[job(387): 2016-09-09 20:18:00] 
[job(387): 2016-09-09 20:18:00] optimisation start
[job(387): 2016-09-09 20:18:00] ------------------
[job(387): 2016-09-09 20:18:00] * estimation method   : MLE 
[job(387): 2016-09-09 20:18:00] * optimisation method : BFGS 
[job(387): 2016-09-09 20:18:00] * analytical gradient : used
[job(387): 2016-09-09 20:18:00] * trend model : ~1
[job(387): 2016-09-09 20:18:00] * covariance model : 
[job(387): 2016-09-09 20:18:00]   - type :  matern5_2 
[job(387): 2016-09-09 20:18:00]   - nugget : NO
[job(387): 2016-09-09 20:18:00]   - parameters lower bounds :  1e-10 1e-10 
[job(387): 2016-09-09 20:18:00]   - parameters upper bounds :  46.81969 47.30693 
[job(387): 2016-09-09 20:18:00]   - best initial criterion value(s) :  -12.14243 
[job(387): 2016-09-09 20:18:00] 
[job(387): 2016-09-09 20:18:00] N = 2, M = 5 machine precision = 2.22045e-16
[job(387): 2016-09-09 20:18:00] At X0, 0 variables are exactly at the bounds
[job(387): 2016-09-09 20:18:00] At iterate     0  f=       12.142  |proj g|=       2.2315
[job(387): 2016-09-09 20:18:00] At iterate     1  f =      -5.7715  |proj g|=             0
[job(387): 2016-09-09 20:18:00] 
[job(387): 2016-09-09 20:18:00] iterations 1
[job(387): 2016-09-09 20:18:00] function evaluations 2
[job(387): 2016-09-09 20:18:00] segments explored during Cauchy searches 2
[job(387): 2016-09-09 20:18:00] BFGS updates skipped 0
[job(387): 2016-09-09 20:18:00] active bounds at final generalized Cauchy point 1
[job(387): 2016-09-09 20:18:00] norm of the final projected gradient 0
[job(387): 2016-09-09 20:18:00] final function value -5.77154
[job(387): 2016-09-09 20:18:00] 
[job(387): 2016-09-09 20:18:00] F = -5.77154
[job(387): 2016-09-09 20:18:00] final  value -5.771541 
[job(387): 2016-09-09 20:18:00] converged
[job(387): 2016-09-09 20:18:00] [Tune-x] 16: C=0.00101; sigma=0.00126
[job(387): 2016-09-09 20:18:00] [Tune-y] 16: acc.test.mean=0.518; time: 0.2 min; memory: 118Mb use, 195Mb max
[job(387): 2016-09-09 20:18:00] 
[job(387): 2016-09-09 20:18:00] optimisation start
[job(387): 2016-09-09 20:18:00] ------------------
[job(387): 2016-09-09 20:18:00] * estimation method   : MLE 
[job(387): 2016-09-09 20:18:00] * optimisation method : BFGS 
[job(387): 2016-09-09 20:18:00] * analytical gradient : used
[job(387): 2016-09-09 20:18:00] * trend model : ~1
[job(387): 2016-09-09 20:18:00] * covariance model : 
[job(387): 2016-09-09 20:18:00]   - type :  matern5_2 
[job(387): 2016-09-09 20:18:00]   - nugget : NO
[job(387): 2016-09-09 20:18:00]   - parameters lower bounds :  1e-10 1e-10 
[job(387): 2016-09-09 20:18:00]   - parameters upper bounds :  46.81969 47.30693 
[job(387): 2016-09-09 20:18:00]   - best initial criterion value(s) :  7.969106 
[job(387): 2016-09-09 20:18:00] 
[job(387): 2016-09-09 20:18:00] N = 2, M = 5 machine precision = 2.22045e-16
[job(387): 2016-09-09 20:18:00] At X0, 0 variables are exactly at the bounds
[job(387): 2016-09-09 20:18:00] At iterate     0  f=      -7.9691  |proj g|=      0.32267
[job(387): 2016-09-09 20:18:00] At iterate     1  f =       -8.236  |proj g|=       0.27707
[job(387): 2016-09-09 20:18:00] At iterate     2  f =      -8.3362  |proj g|=       0.23018
[job(387): 2016-09-09 20:18:00] At iterate     3  f =      -8.3376  |proj g|=      0.090268
[job(387): 2016-09-09 20:18:00] At iterate     4  f =      -8.3377  |proj g|=      0.090357
[job(387): 2016-09-09 20:18:00] At iterate     5  f =      -8.3383  |proj g|=       0.19269
[job(387): 2016-09-09 20:18:00] At iterate     6  f =      -8.3398  |proj g|=       0.39727
[job(387): 2016-09-09 20:18:00] At iterate     7  f =      -8.3436  |proj g|=       0.74241
[job(387): 2016-09-09 20:18:00] At iterate     8  f =      -8.3534  |proj g|=        1.2739
[job(387): 2016-09-09 20:18:00] At iterate     9  f =      -8.3784  |proj g|=        2.0996
[job(387): 2016-09-09 20:18:00] At iterate    10  f =      -8.4384  |proj g|=        3.3374
[job(387): 2016-09-09 20:18:00] At iterate    11  f =      -8.5606  |proj g|=        4.7664
[job(387): 2016-09-09 20:18:00] At iterate    12  f =       -8.716  |proj g|=        3.4063
[job(387): 2016-09-09 20:18:00] At iterate    13  f =      -8.7868  |proj g|=       0.84806
[job(387): 2016-09-09 20:18:00] At iterate    14  f =      -8.7928  |proj g|=       0.19908
[job(387): 2016-09-09 20:18:00] At iterate    15  f =      -8.7932  |proj g|=     0.0076407
[job(387): 2016-09-09 20:18:00] At iterate    16  f =      -8.7932  |proj g|=     0.0041569
[job(387): 2016-09-09 20:18:00] At iterate    17  f =      -8.7932  |proj g|=    2.2917e-05
[job(387): 2016-09-09 20:18:00] At iterate    18  f =      -8.7932  |proj g|=    1.9794e-07
[job(387): 2016-09-09 20:18:00] 
[job(387): 2016-09-09 20:18:00] iterations 18
[job(387): 2016-09-09 20:18:00] function evaluations 20
[job(387): 2016-09-09 20:18:00] segments explored during Cauchy searches 19
[job(387): 2016-09-09 20:18:00] BFGS updates skipped 0
[job(387): 2016-09-09 20:18:00] active bounds at final generalized Cauchy point 0
[job(387): 2016-09-09 20:18:00] norm of the final projected gradient 1.97936e-07
[job(387): 2016-09-09 20:18:00] final function value -8.79318
[job(387): 2016-09-09 20:18:00] 
[job(387): 2016-09-09 20:18:00] F = -8.79318
[job(387): 2016-09-09 20:18:00] final  value -8.793182 
[job(387): 2016-09-09 20:18:00] converged
[job(387): 2016-09-09 20:18:00] [Tune-x] 17: C=3.93e+03; sigma=0.00179
[job(387): 2016-09-09 20:18:00] [Tune-y] 17: acc.test.mean=0.692; time: 0.1 min; memory: 118Mb use, 195Mb max
[job(387): 2016-09-09 20:18:00] 
[job(387): 2016-09-09 20:18:00] optimisation start
[job(387): 2016-09-09 20:18:00] ------------------
[job(387): 2016-09-09 20:18:00] * estimation method   : MLE 
[job(387): 2016-09-09 20:18:00] * optimisation method : BFGS 
[job(387): 2016-09-09 20:18:00] * analytical gradient : used
[job(387): 2016-09-09 20:18:00] * trend model : ~1
[job(387): 2016-09-09 20:18:00] * covariance model : 
[job(387): 2016-09-09 20:18:00]   - type :  matern5_2 
[job(387): 2016-09-09 20:18:00]   - nugget : NO
[job(387): 2016-09-09 20:18:00]   - parameters lower bounds :  1e-10 1e-10 
[job(387): 2016-09-09 20:18:00]   - parameters upper bounds :  46.81969 47.30693 
[job(387): 2016-09-09 20:18:00]   - best initial criterion value(s) :  -56.86354 
[job(387): 2016-09-09 20:18:00] 
[job(387): 2016-09-09 20:18:00] N = 2, M = 5 machine precision = 2.22045e-16
[job(387): 2016-09-09 20:18:00] At X0, 0 variables are exactly at the bounds
[job(387): 2016-09-09 20:18:00] At iterate     0  f=       56.864  |proj g|=       1.3031
[job(387): 2016-09-09 20:18:00] At iterate     1  f =      -7.1481  |proj g|=             0
[job(387): 2016-09-09 20:18:00] 
[job(387): 2016-09-09 20:18:00] iterations 1
[job(387): 2016-09-09 20:18:00] function evaluations 2
[job(387): 2016-09-09 20:18:00] segments explored during Cauchy searches 2
[job(387): 2016-09-09 20:18:00] BFGS updates skipped 0
[job(387): 2016-09-09 20:18:00] active bounds at final generalized Cauchy point 1
[job(387): 2016-09-09 20:18:00] norm of the final projected gradient 0
[job(387): 2016-09-09 20:18:00] final function value -7.14807
[job(387): 2016-09-09 20:18:00] 
[job(387): 2016-09-09 20:18:00] F = -7.14807
[job(387): 2016-09-09 20:18:00] final  value -7.148072 
[job(387): 2016-09-09 20:18:00] converged
[job(387): 2016-09-09 20:18:00] [Tune-x] 18: C=0.0015; sigma=0.000342
[job(387): 2016-09-09 20:18:00] [Tune-y] 18: acc.test.mean=0.518; time: 0.2 min; memory: 118Mb use, 195Mb max
[job(387): 2016-09-09 20:18:00] 
[job(387): 2016-09-09 20:18:00] optimisation start
[job(387): 2016-09-09 20:18:00] ------------------
[job(387): 2016-09-09 20:18:00] * estimation method   : MLE 
[job(387): 2016-09-09 20:18:00] * optimisation method : BFGS 
[job(387): 2016-09-09 20:18:00] * analytical gradient : used
[job(387): 2016-09-09 20:18:00] * trend model : ~1
[job(387): 2016-09-09 20:18:00] * covariance model : 
[job(387): 2016-09-09 20:18:00]   - type :  matern5_2 
[job(387): 2016-09-09 20:18:00]   - nugget : NO
[job(387): 2016-09-09 20:18:00]   - parameters lower bounds :  1e-10 1e-10 
[job(387): 2016-09-09 20:18:00]   - parameters upper bounds :  46.81969 47.30693 
[job(387): 2016-09-09 20:18:00]   - best initial criterion value(s) :  -29.45984 
[job(387): 2016-09-09 20:18:00] 
[job(387): 2016-09-09 20:18:00] N = 2, M = 5 machine precision = 2.22045e-16
[job(387): 2016-09-09 20:18:00] At X0, 0 variables are exactly at the bounds
[job(387): 2016-09-09 20:18:00] At iterate     0  f=        29.46  |proj g|=       1.2147
[job(387): 2016-09-09 20:18:00] At iterate     1  f =      -7.6827  |proj g|=             0
[job(387): 2016-09-09 20:18:00] 
[job(387): 2016-09-09 20:18:00] iterations 1
[job(387): 2016-09-09 20:18:00] function evaluations 2
[job(387): 2016-09-09 20:18:00] segments explored during Cauchy searches 2
[job(387): 2016-09-09 20:18:00] BFGS updates skipped 0
[job(387): 2016-09-09 20:18:00] active bounds at final generalized Cauchy point 1
[job(387): 2016-09-09 20:18:00] norm of the final projected gradient 0
[job(387): 2016-09-09 20:18:00] final function value -7.68266
[job(387): 2016-09-09 20:18:00] 
[job(387): 2016-09-09 20:18:00] F = -7.68266
[job(387): 2016-09-09 20:18:00] final  value -7.682663 
[job(387): 2016-09-09 20:18:00] converged
[job(387): 2016-09-09 20:18:00] [Tune-x] 19: C=0.000954; sigma=0.05
[job(387): 2016-09-09 20:18:00] [Tune-y] 19: acc.test.mean=0.518; time: 0.2 min; memory: 118Mb use, 195Mb max
[job(387): 2016-09-09 20:18:00] 
[job(387): 2016-09-09 20:18:00] optimisation start
[job(387): 2016-09-09 20:18:00] ------------------
[job(387): 2016-09-09 20:18:00] * estimation method   : MLE 
[job(387): 2016-09-09 20:18:00] * optimisation method : BFGS 
[job(387): 2016-09-09 20:18:00] * analytical gradient : used
[job(387): 2016-09-09 20:18:00] * trend model : ~1
[job(387): 2016-09-09 20:18:00] * covariance model : 
[job(387): 2016-09-09 20:18:00]   - type :  matern5_2 
[job(387): 2016-09-09 20:18:00]   - nugget : NO
[job(387): 2016-09-09 20:18:00]   - parameters lower bounds :  1e-10 1e-10 
[job(387): 2016-09-09 20:18:00]   - parameters upper bounds :  46.81969 47.30693 
[job(387): 2016-09-09 20:18:00]   - best initial criterion value(s) :  -65.62251 
[job(387): 2016-09-09 20:18:00] 
[job(387): 2016-09-09 20:18:00] N = 2, M = 5 machine precision = 2.22045e-16
[job(387): 2016-09-09 20:18:00] At X0, 0 variables are exactly at the bounds
[job(387): 2016-09-09 20:18:00] At iterate     0  f=       65.623  |proj g|=       3.6299
[job(387): 2016-09-09 20:18:00] At iterate     1  f =       55.612  |proj g|=        1.7063
[job(387): 2016-09-09 20:18:00] At iterate     2  f =      -8.2603  |proj g|=             0
[job(387): 2016-09-09 20:18:00] 
[job(387): 2016-09-09 20:18:00] iterations 2
[job(387): 2016-09-09 20:18:00] function evaluations 3
[job(387): 2016-09-09 20:18:00] segments explored during Cauchy searches 3
[job(387): 2016-09-09 20:18:00] BFGS updates skipped 0
[job(387): 2016-09-09 20:18:00] active bounds at final generalized Cauchy point 1
[job(387): 2016-09-09 20:18:00] norm of the final projected gradient 0
[job(387): 2016-09-09 20:18:00] final function value -8.26026
[job(387): 2016-09-09 20:18:00] 
[job(387): 2016-09-09 20:18:00] F = -8.26026
[job(387): 2016-09-09 20:18:00] final  value -8.260261 
[job(387): 2016-09-09 20:18:00] converged
[job(387): 2016-09-09 20:18:00] [Tune-x] 20: C=0.0124; sigma=0.0646
[job(387): 2016-09-09 20:18:00] [Tune-y] 20: acc.test.mean=0.518; time: 0.2 min; memory: 118Mb use, 195Mb max
[job(387): 2016-09-09 20:18:00] 
[job(387): 2016-09-09 20:18:00] optimisation start
[job(387): 2016-09-09 20:18:00] ------------------
[job(387): 2016-09-09 20:18:00] * estimation method   : MLE 
[job(387): 2016-09-09 20:18:00] * optimisation method : BFGS 
[job(387): 2016-09-09 20:18:00] * analytical gradient : used
[job(387): 2016-09-09 20:18:00] * trend model : ~1
[job(387): 2016-09-09 20:18:00] * covariance model : 
[job(387): 2016-09-09 20:18:00]   - type :  matern5_2 
[job(387): 2016-09-09 20:18:00]   - nugget : NO
[job(387): 2016-09-09 20:18:00]   - parameters lower bounds :  1e-10 1e-10 
[job(387): 2016-09-09 20:18:00]   - parameters upper bounds :  46.81969 47.30693 
[job(387): 2016-09-09 20:18:00]   - best initial criterion value(s) :  -73.98279 
[job(387): 2016-09-09 20:18:00] 
[job(387): 2016-09-09 20:18:00] N = 2, M = 5 machine precision = 2.22045e-16
[job(387): 2016-09-09 20:18:00] At X0, 0 variables are exactly at the bounds
[job(387): 2016-09-09 20:18:00] At iterate     0  f=       73.983  |proj g|=       3.5284
[job(387): 2016-09-09 20:18:00] At iterate     1  f =       60.675  |proj g|=        1.7716
[job(387): 2016-09-09 20:18:00] ys=-1.735e+01  -gs= 1.303e+01, BFGS update SKIPPED
[job(387): 2016-09-09 20:18:00] At iterate     2  f =      -8.8763  |proj g|=             0
[job(387): 2016-09-09 20:18:00] 
[job(387): 2016-09-09 20:18:00] iterations 2
[job(387): 2016-09-09 20:18:00] function evaluations 3
[job(387): 2016-09-09 20:18:00] segments explored during Cauchy searches 3
[job(387): 2016-09-09 20:18:00] BFGS updates skipped 1
[job(387): 2016-09-09 20:18:00] active bounds at final generalized Cauchy point 1
[job(387): 2016-09-09 20:18:00] norm of the final projected gradient 0
[job(387): 2016-09-09 20:18:00] final function value -8.87629
[job(387): 2016-09-09 20:18:00] 
[job(387): 2016-09-09 20:18:00] F = -8.87629
[job(387): 2016-09-09 20:18:00] final  value -8.876287 
[job(387): 2016-09-09 20:18:00] converged
[job(387): 2016-09-09 20:18:00] [Tune-x] 21: C=0.000637; sigma=834
[job(387): 2016-09-09 20:18:00] [Tune-y] 21: acc.test.mean=0.518; time: 0.3 min; memory: 118Mb use, 195Mb max
[job(387): 2016-09-09 20:18:00] 
[job(387): 2016-09-09 20:18:00] optimisation start
[job(387): 2016-09-09 20:18:00] ------------------
[job(387): 2016-09-09 20:18:00] * estimation method   : MLE 
[job(387): 2016-09-09 20:18:00] * optimisation method : BFGS 
[job(387): 2016-09-09 20:18:00] * analytical gradient : used
[job(387): 2016-09-09 20:18:00] * trend model : ~1
[job(387): 2016-09-09 20:18:00] * covariance model : 
[job(387): 2016-09-09 20:18:00]   - type :  matern5_2 
[job(387): 2016-09-09 20:18:00]   - nugget : NO
[job(387): 2016-09-09 20:18:00]   - parameters lower bounds :  1e-10 1e-10 
[job(387): 2016-09-09 20:18:00]   - parameters upper bounds :  46.81969 47.30693 
[job(387): 2016-09-09 20:18:00]   - best initial criterion value(s) :  -46.10547 
[job(387): 2016-09-09 20:18:00] 
[job(387): 2016-09-09 20:18:00] N = 2, M = 5 machine precision = 2.22045e-16
[job(387): 2016-09-09 20:18:00] At X0, 0 variables are exactly at the bounds
[job(387): 2016-09-09 20:18:00] At iterate     0  f=       46.105  |proj g|=      0.80685
[job(387): 2016-09-09 20:18:00] At iterate     1  f =       -9.527  |proj g|=             0
[job(387): 2016-09-09 20:18:00] 
[job(387): 2016-09-09 20:18:00] iterations 1
[job(387): 2016-09-09 20:18:00] function evaluations 2
[job(387): 2016-09-09 20:18:00] segments explored during Cauchy searches 2
[job(387): 2016-09-09 20:18:00] BFGS updates skipped 0
[job(387): 2016-09-09 20:18:00] active bounds at final generalized Cauchy point 1
[job(387): 2016-09-09 20:18:00] norm of the final projected gradient 0
[job(387): 2016-09-09 20:18:00] final function value -9.52702
[job(387): 2016-09-09 20:18:00] 
[job(387): 2016-09-09 20:18:00] F = -9.52702
[job(387): 2016-09-09 20:18:00] final  value -9.527016 
[job(387): 2016-09-09 20:18:00] converged
[job(387): 2016-09-09 20:18:00] [Tune-x] 22: C=0.116; sigma=0.0424
[job(387): 2016-09-09 20:18:00] [Tune-y] 22: acc.test.mean= 0.6; time: 0.2 min; memory: 118Mb use, 195Mb max
[job(387): 2016-09-09 20:18:00] 
[job(387): 2016-09-09 20:18:00] optimisation start
[job(387): 2016-09-09 20:18:00] ------------------
[job(387): 2016-09-09 20:18:00] * estimation method   : MLE 
[job(387): 2016-09-09 20:18:00] * optimisation method : BFGS 
[job(387): 2016-09-09 20:18:00] * analytical gradient : used
[job(387): 2016-09-09 20:18:00] * trend model : ~1
[job(387): 2016-09-09 20:18:00] * covariance model : 
[job(387): 2016-09-09 20:18:00]   - type :  matern5_2 
[job(387): 2016-09-09 20:18:00]   - nugget : NO
[job(387): 2016-09-09 20:18:00]   - parameters lower bounds :  1e-10 1e-10 
[job(387): 2016-09-09 20:18:00]   - parameters upper bounds :  46.81969 47.30693 
[job(387): 2016-09-09 20:18:00]   - best initial criterion value(s) :  -50.72687 
[job(387): 2016-09-09 20:18:00] 
[job(387): 2016-09-09 20:18:00] N = 2, M = 5 machine precision = 2.22045e-16
[job(387): 2016-09-09 20:18:00] At X0, 0 variables are exactly at the bounds
[job(387): 2016-09-09 20:18:00] At iterate     0  f=       50.727  |proj g|=       2.3927
[job(387): 2016-09-09 20:18:00] At iterate     1  f =      -10.469  |proj g|=             0
[job(387): 2016-09-09 20:18:00] 
[job(387): 2016-09-09 20:18:00] iterations 1
[job(387): 2016-09-09 20:18:00] function evaluations 2
[job(387): 2016-09-09 20:18:00] segments explored during Cauchy searches 2
[job(387): 2016-09-09 20:18:00] BFGS updates skipped 0
[job(387): 2016-09-09 20:18:00] active bounds at final generalized Cauchy point 2
[job(387): 2016-09-09 20:18:00] norm of the final projected gradient 0
[job(387): 2016-09-09 20:18:00] final function value -10.4687
[job(387): 2016-09-09 20:18:00] 
[job(387): 2016-09-09 20:18:00] F = -10.4687
[job(387): 2016-09-09 20:18:00] final  value -10.468661 
[job(387): 2016-09-09 20:18:00] converged
[job(387): 2016-09-09 20:18:00] [Tune-x] 23: C=12.2; sigma=2.65e+03
[job(387): 2016-09-09 20:18:00] [Tune-y] 23: acc.test.mean=0.561; time: 0.3 min; memory: 118Mb use, 195Mb max
[job(387): 2016-09-09 20:18:00] 
[job(387): 2016-09-09 20:18:00] optimisation start
[job(387): 2016-09-09 20:18:00] ------------------
[job(387): 2016-09-09 20:18:00] * estimation method   : MLE 
[job(387): 2016-09-09 20:18:00] * optimisation method : BFGS 
[job(387): 2016-09-09 20:18:00] * analytical gradient : used
[job(387): 2016-09-09 20:18:00] * trend model : ~1
[job(387): 2016-09-09 20:18:00] * covariance model : 
[job(387): 2016-09-09 20:18:00]   - type :  matern5_2 
[job(387): 2016-09-09 20:18:00]   - nugget : NO
[job(387): 2016-09-09 20:18:00]   - parameters lower bounds :  1e-10 1e-10 
[job(387): 2016-09-09 20:18:00]   - parameters upper bounds :  46.81969 47.30693 
[job(387): 2016-09-09 20:18:00]   - best initial criterion value(s) :  -40.18886 
[job(387): 2016-09-09 20:18:00] 
[job(387): 2016-09-09 20:18:00] N = 2, M = 5 machine precision = 2.22045e-16
[job(387): 2016-09-09 20:18:00] At X0, 0 variables are exactly at the bounds
[job(387): 2016-09-09 20:18:00] At iterate     0  f=       40.189  |proj g|=      0.14536
[job(387): 2016-09-09 20:18:00] At iterate     1  f =      -11.345  |proj g|=             0
[job(387): 2016-09-09 20:18:00] 
[job(387): 2016-09-09 20:18:00] iterations 1
[job(387): 2016-09-09 20:18:00] function evaluations 2
[job(387): 2016-09-09 20:18:00] segments explored during Cauchy searches 2
[job(387): 2016-09-09 20:18:00] BFGS updates skipped 0
[job(387): 2016-09-09 20:18:00] active bounds at final generalized Cauchy point 1
[job(387): 2016-09-09 20:18:00] norm of the final projected gradient 0
[job(387): 2016-09-09 20:18:00] final function value -11.3447
[job(387): 2016-09-09 20:18:00] 
[job(387): 2016-09-09 20:18:00] F = -11.3447
[job(387): 2016-09-09 20:18:00] final  value -11.344739 
[job(387): 2016-09-09 20:18:00] converged
[job(387): 2016-09-09 20:18:00] [Tune-x] 24: C=0.00643; sigma=56.7
[job(387): 2016-09-09 20:18:00] [Tune-y] 24: acc.test.mean=0.518; time: 0.2 min; memory: 118Mb use, 195Mb max
[job(387): 2016-09-09 20:18:00] 
[job(387): 2016-09-09 20:18:00] optimisation start
[job(387): 2016-09-09 20:18:00] ------------------
[job(387): 2016-09-09 20:18:00] * estimation method   : MLE 
[job(387): 2016-09-09 20:18:00] * optimisation method : BFGS 
[job(387): 2016-09-09 20:18:00] * analytical gradient : used
[job(387): 2016-09-09 20:18:00] * trend model : ~1
[job(387): 2016-09-09 20:18:00] * covariance model : 
[job(387): 2016-09-09 20:18:00]   - type :  matern5_2 
[job(387): 2016-09-09 20:18:00]   - nugget : NO
[job(387): 2016-09-09 20:18:00]   - parameters lower bounds :  1e-10 1e-10 
[job(387): 2016-09-09 20:18:00]   - parameters upper bounds :  46.81969 47.30693 
[job(387): 2016-09-09 20:18:00]   - best initial criterion value(s) :  -58.00661 
[job(387): 2016-09-09 20:18:00] 
[job(387): 2016-09-09 20:18:00] N = 2, M = 5 machine precision = 2.22045e-16
[job(387): 2016-09-09 20:18:00] At X0, 0 variables are exactly at the bounds
[job(387): 2016-09-09 20:18:00] At iterate     0  f=       58.007  |proj g|=        3.064
[job(387): 2016-09-09 20:18:00] At iterate     1  f =      -12.066  |proj g|=             0
[job(387): 2016-09-09 20:18:00] 
[job(387): 2016-09-09 20:18:00] iterations 1
[job(387): 2016-09-09 20:18:00] function evaluations 2
[job(387): 2016-09-09 20:18:00] segments explored during Cauchy searches 2
[job(387): 2016-09-09 20:18:00] BFGS updates skipped 0
[job(387): 2016-09-09 20:18:00] active bounds at final generalized Cauchy point 2
[job(387): 2016-09-09 20:18:00] norm of the final projected gradient 0
[job(387): 2016-09-09 20:18:00] final function value -12.0659
[job(387): 2016-09-09 20:18:00] 
[job(387): 2016-09-09 20:18:00] F = -12.0659
[job(387): 2016-09-09 20:18:00] final  value -12.065859 
[job(387): 2016-09-09 20:18:00] converged
[job(387): 2016-09-09 20:18:00] [Tune-x] 25: C=0.139; sigma=308
[job(387): 2016-09-09 20:18:00] [Tune-y] 25: acc.test.mean=0.518; time: 0.3 min; memory: 118Mb use, 195Mb max
[job(387): 2016-09-09 20:18:00] 
[job(387): 2016-09-09 20:18:00] optimisation start
[job(387): 2016-09-09 20:18:00] ------------------
[job(387): 2016-09-09 20:18:00] * estimation method   : MLE 
[job(387): 2016-09-09 20:18:00] * optimisation method : BFGS 
[job(387): 2016-09-09 20:18:00] * analytical gradient : used
[job(387): 2016-09-09 20:18:00] * trend model : ~1
[job(387): 2016-09-09 20:18:00] * covariance model : 
[job(387): 2016-09-09 20:18:00]   - type :  matern5_2 
[job(387): 2016-09-09 20:18:00]   - nugget : NO
[job(387): 2016-09-09 20:18:00]   - parameters lower bounds :  1e-10 1e-10 
[job(387): 2016-09-09 20:18:00]   - parameters upper bounds :  46.81969 47.30693 
[job(387): 2016-09-09 20:18:00]   - best initial criterion value(s) :  -62.18927 
[job(387): 2016-09-09 20:18:00] 
[job(387): 2016-09-09 20:18:00] N = 2, M = 5 machine precision = 2.22045e-16
[job(387): 2016-09-09 20:18:00] At X0, 0 variables are exactly at the bounds
[job(387): 2016-09-09 20:18:00] At iterate     0  f=       62.189  |proj g|=       1.2664
[job(387): 2016-09-09 20:18:00] At iterate     1  f =      -12.814  |proj g|=             0
[job(387): 2016-09-09 20:18:00] 
[job(387): 2016-09-09 20:18:00] iterations 1
[job(387): 2016-09-09 20:18:00] function evaluations 2
[job(387): 2016-09-09 20:18:00] segments explored during Cauchy searches 2
[job(387): 2016-09-09 20:18:00] BFGS updates skipped 0
[job(387): 2016-09-09 20:18:00] active bounds at final generalized Cauchy point 1
[job(387): 2016-09-09 20:18:00] norm of the final projected gradient 0
[job(387): 2016-09-09 20:18:00] final function value -12.8138
[job(387): 2016-09-09 20:18:00] 
[job(387): 2016-09-09 20:18:00] F = -12.8138
[job(387): 2016-09-09 20:18:00] final  value -12.813799 
[job(387): 2016-09-09 20:18:00] converged
[job(387): 2016-09-09 20:18:00] [Tune-x] 26: C=0.385; sigma=0.0738
[job(387): 2016-09-09 20:18:00] [Tune-y] 26: acc.test.mean=0.636; time: 0.3 min; memory: 118Mb use, 195Mb max
[job(387): 2016-09-09 20:18:00] 
[job(387): 2016-09-09 20:18:00] optimisation start
[job(387): 2016-09-09 20:18:00] ------------------
[job(387): 2016-09-09 20:18:00] * estimation method   : MLE 
[job(387): 2016-09-09 20:18:00] * optimisation method : BFGS 
[job(387): 2016-09-09 20:18:00] * analytical gradient : used
[job(387): 2016-09-09 20:18:00] * trend model : ~1
[job(387): 2016-09-09 20:18:00] * covariance model : 
[job(387): 2016-09-09 20:18:00]   - type :  matern5_2 
[job(387): 2016-09-09 20:18:00]   - nugget : NO
[job(387): 2016-09-09 20:18:00]   - parameters lower bounds :  1e-10 1e-10 
[job(387): 2016-09-09 20:18:00]   - parameters upper bounds :  46.81969 47.30693 
[job(387): 2016-09-09 20:18:00]   - best initial criterion value(s) :  -47.47674 
[job(387): 2016-09-09 20:18:00] 
[job(387): 2016-09-09 20:18:00] N = 2, M = 5 machine precision = 2.22045e-16
[job(387): 2016-09-09 20:18:00] At X0, 0 variables are exactly at the bounds
[job(387): 2016-09-09 20:18:00] At iterate     0  f=       47.477  |proj g|=      0.66753
[job(387): 2016-09-09 20:18:00] At iterate     1  f =       -13.83  |proj g|=             0
[job(387): 2016-09-09 20:18:00] 
[job(387): 2016-09-09 20:18:00] iterations 1
[job(387): 2016-09-09 20:18:00] function evaluations 2
[job(387): 2016-09-09 20:18:00] segments explored during Cauchy searches 2
[job(387): 2016-09-09 20:18:00] BFGS updates skipped 0
[job(387): 2016-09-09 20:18:00] active bounds at final generalized Cauchy point 1
[job(387): 2016-09-09 20:18:00] norm of the final projected gradient 0
[job(387): 2016-09-09 20:18:00] final function value -13.8304
[job(387): 2016-09-09 20:18:00] 
[job(387): 2016-09-09 20:18:00] F = -13.8304
[job(387): 2016-09-09 20:18:00] final  value -13.830447 
[job(387): 2016-09-09 20:18:00] converged
[job(387): 2016-09-09 20:18:00] [Tune-x] 27: C=0.000783; sigma=0.00129
[job(387): 2016-09-09 20:18:00] [Tune-y] 27: acc.test.mean=0.518; time: 0.3 min; memory: 118Mb use, 195Mb max
[job(387): 2016-09-09 20:18:00] 
[job(387): 2016-09-09 20:18:00] optimisation start
[job(387): 2016-09-09 20:18:00] ------------------
[job(387): 2016-09-09 20:18:00] * estimation method   : MLE 
[job(387): 2016-09-09 20:18:00] * optimisation method : BFGS 
[job(387): 2016-09-09 20:18:00] * analytical gradient : used
[job(387): 2016-09-09 20:18:00] * trend model : ~1
[job(387): 2016-09-09 20:18:00] * covariance model : 
[job(387): 2016-09-09 20:18:00]   - type :  matern5_2 
[job(387): 2016-09-09 20:18:00]   - nugget : NO
[job(387): 2016-09-09 20:18:00]   - parameters lower bounds :  1e-10 1e-10 
[job(387): 2016-09-09 20:18:00]   - parameters upper bounds :  46.81969 47.30693 
[job(387): 2016-09-09 20:18:00]   - best initial criterion value(s) :  -70.0589 
[job(387): 2016-09-09 20:18:00] 
[job(387): 2016-09-09 20:18:00] N = 2, M = 5 machine precision = 2.22045e-16
[job(387): 2016-09-09 20:18:00] At X0, 0 variables are exactly at the bounds
[job(387): 2016-09-09 20:18:00] At iterate     0  f=       70.059  |proj g|=       2.8325
[job(387): 2016-09-09 20:18:00] At iterate     1  f =       -14.61  |proj g|=             0
[job(387): 2016-09-09 20:18:00] 
[job(387): 2016-09-09 20:18:00] iterations 1
[job(387): 2016-09-09 20:18:00] function evaluations 2
[job(387): 2016-09-09 20:18:00] segments explored during Cauchy searches 2
[job(387): 2016-09-09 20:18:00] BFGS updates skipped 0
[job(387): 2016-09-09 20:18:00] active bounds at final generalized Cauchy point 1
[job(387): 2016-09-09 20:18:00] norm of the final projected gradient 0
[job(387): 2016-09-09 20:18:00] final function value -14.6097
[job(387): 2016-09-09 20:18:00] 
[job(387): 2016-09-09 20:18:00] F = -14.6097
[job(387): 2016-09-09 20:18:00] final  value -14.609679 
[job(387): 2016-09-09 20:18:00] converged
[job(387): 2016-09-09 20:18:00] [Tune-x] 28: C=0.165; sigma=0.00208
[job(387): 2016-09-09 20:18:00] [Tune-y] 28: acc.test.mean=0.518; time: 0.2 min; memory: 118Mb use, 195Mb max
[job(387): 2016-09-09 20:18:00] 
[job(387): 2016-09-09 20:18:00] optimisation start
[job(387): 2016-09-09 20:18:00] ------------------
[job(387): 2016-09-09 20:18:00] * estimation method   : MLE 
[job(387): 2016-09-09 20:18:00] * optimisation method : BFGS 
[job(387): 2016-09-09 20:18:00] * analytical gradient : used
[job(387): 2016-09-09 20:18:00] * trend model : ~1
[job(387): 2016-09-09 20:18:00] * covariance model : 
[job(387): 2016-09-09 20:18:00]   - type :  matern5_2 
[job(387): 2016-09-09 20:18:00]   - nugget : NO
[job(387): 2016-09-09 20:18:00]   - parameters lower bounds :  1e-10 1e-10 
[job(387): 2016-09-09 20:18:00]   - parameters upper bounds :  46.81969 47.30693 
[job(387): 2016-09-09 20:18:00]   - best initial criterion value(s) :  -56.87008 
[job(387): 2016-09-09 20:18:00] 
[job(387): 2016-09-09 20:18:00] N = 2, M = 5 machine precision = 2.22045e-16
[job(387): 2016-09-09 20:18:00] At X0, 0 variables are exactly at the bounds
[job(387): 2016-09-09 20:18:00] At iterate     0  f=        56.87  |proj g|=       2.2808
[job(387): 2016-09-09 20:18:00] At iterate     1  f =      -15.412  |proj g|=             0
[job(387): 2016-09-09 20:18:00] 
[job(387): 2016-09-09 20:18:00] iterations 1
[job(387): 2016-09-09 20:18:00] function evaluations 2
[job(387): 2016-09-09 20:18:00] segments explored during Cauchy searches 2
[job(387): 2016-09-09 20:18:00] BFGS updates skipped 0
[job(387): 2016-09-09 20:18:00] active bounds at final generalized Cauchy point 1
[job(387): 2016-09-09 20:18:00] norm of the final projected gradient 0
[job(387): 2016-09-09 20:18:00] final function value -15.412
[job(387): 2016-09-09 20:18:00] 
[job(387): 2016-09-09 20:18:00] F = -15.412
[job(387): 2016-09-09 20:18:00] final  value -15.411989 
[job(387): 2016-09-09 20:18:00] converged
[job(387): 2016-09-09 20:18:00] [Tune] Result: C=4.1e+03; sigma=0.00187 : acc.test.mean=-0.942
[job(387): 2016-09-09 20:18:00] Job terminated successfully
[job(chunk): 2016-09-09 20:18:01] Calculation finished!
