[job(chunk): 2016-09-10 00:34:34] Starting calculation of 1 jobs
[job(chunk): 2016-09-10 00:34:34] Setting working directory to '/naslx/projects/pr74ze/ri89coc2/svm_comparison'
[job(chunk): 2016-09-10 00:34:34] Memory measurement disabled
[job(1146): 2016-09-10 00:34:36] Starting job with job.id=1146
[job(1146): 2016-09-10 00:35:20] Generating problem instance for problem '1513' ...
[job(1146): 2016-09-10 00:35:20] Downloading from 'http://www.openml.org/api/v1/data/1513' to '/tmp/ri89coc2/Rtmp2xEJNT/cache/datasets/1513/description.xml'.
[job(1146): 2016-09-10 00:35:20] Downloading from 'http://www.openml.org/data/download/1593705/php65iCJh' to '/tmp/ri89coc2/Rtmp2xEJNT/cache/datasets/1513/dataset.arff'
[job(1146): 2016-09-10 00:35:20] Loading required package: readr
[job(1146): 2016-09-10 00:35:20] Applying algorithm 'C-svc.tuned' on problem '1513' ...
[job(1146): 2016-09-10 00:35:20] Data '1513' file 'description.xml' found in cache.
[job(1146): 2016-09-10 00:35:20] Data '1513' file 'dataset.arff' found in cache.
[job(1146): 2016-09-10 00:35:20] [Tune] Started tuning learner C-svc for parameter set:
[job(1146): 2016-09-10 00:35:20]          Type len Def    Constr Req Tunable Trafo
[job(1146): 2016-09-10 00:35:20] C     numeric   -   - -12 to 12   -    TRUE     Y
[job(1146): 2016-09-10 00:35:20] sigma numeric   -   - -12 to 12   -    TRUE     Y
[job(1146): 2016-09-10 00:35:20] With control class: TuneControlMBO
[job(1146): 2016-09-10 00:35:20] Imputation value: -0
[job(1146): 2016-09-10 00:35:20] [Tune-x] 1: C=497; sigma=0.115
[job(1146): 2016-09-10 00:35:20] [Tune-y] 1: acc.test.mean=0.379; time: 0.0 min; memory: 113Mb use, 158Mb max
[job(1146): 2016-09-10 00:35:20] [Tune-x] 2: C=2.56; sigma=99.8
[job(1146): 2016-09-10 00:35:20] [Tune-y] 2: acc.test.mean=0.386; time: 0.0 min; memory: 113Mb use, 158Mb max
[job(1146): 2016-09-10 00:35:20] [Tune-x] 3: C=0.000468; sigma=2.4
[job(1146): 2016-09-10 00:35:20] [Tune-y] 3: acc.test.mean=0.387; time: 0.0 min; memory: 113Mb use, 158Mb max
[job(1146): 2016-09-10 00:35:20] [Tune-x] 4: C=0.132; sigma=0.967
[job(1146): 2016-09-10 00:35:20] [Tune-y] 4: acc.test.mean=0.388; time: 0.0 min; memory: 113Mb use, 158Mb max
[job(1146): 2016-09-10 00:35:20] [Tune-x] 5: C=1.13e+03; sigma=18.4
[job(1146): 2016-09-10 00:35:20] [Tune-y] 5: acc.test.mean=0.387; time: 0.0 min; memory: 113Mb use, 158Mb max
[job(1146): 2016-09-10 00:35:20] [Tune-x] 6: C=0.00397; sigma=0.00297
[job(1146): 2016-09-10 00:35:20] [Tune-y] 6: acc.test.mean=0.389; time: 0.0 min; memory: 113Mb use, 158Mb max
[job(1146): 2016-09-10 00:35:20] [Tune-x] 7: C=0.0391; sigma=2.74e+03
[job(1146): 2016-09-10 00:35:20] [Tune-y] 7: acc.test.mean=0.388; time: 0.0 min; memory: 113Mb use, 158Mb max
[job(1146): 2016-09-10 00:35:20] [Tune-x] 8: C=9.37; sigma=0.00107
[job(1146): 2016-09-10 00:35:20] [Tune-y] 8: acc.test.mean=0.388; time: 0.0 min; memory: 113Mb use, 158Mb max
[job(1146): 2016-09-10 00:35:20] 
[job(1146): 2016-09-10 00:35:20] optimisation start
[job(1146): 2016-09-10 00:35:20] ------------------
[job(1146): 2016-09-10 00:35:20] * estimation method   : MLE 
[job(1146): 2016-09-10 00:35:20] * optimisation method : BFGS 
[job(1146): 2016-09-10 00:35:20] * analytical gradient : used
[job(1146): 2016-09-10 00:35:20] * trend model : ~1
[job(1146): 2016-09-10 00:35:20] * covariance model : 
[job(1146): 2016-09-10 00:35:20]   - type :  matern5_2 
[job(1146): 2016-09-10 00:35:20]   - nugget : NO
[job(1146): 2016-09-10 00:35:20]   - parameters lower bounds :  1e-10 1e-10 
[job(1146): 2016-09-10 00:35:20]   - parameters upper bounds :  42.40965 42.5733 
[job(1146): 2016-09-10 00:35:20]   - best initial criterion value(s) :  34.84841 
[job(1146): 2016-09-10 00:35:20] 
[job(1146): 2016-09-10 00:35:20] N = 2, M = 5 machine precision = 2.22045e-16
[job(1146): 2016-09-10 00:35:20] At X0, 0 variables are exactly at the bounds
[job(1146): 2016-09-10 00:35:20] At iterate     0  f=      -34.848  |proj g|=      0.21365
[job(1146): 2016-09-10 00:35:20] At iterate     1  f =      -34.918  |proj g|=       0.19577
[job(1146): 2016-09-10 00:35:20] At iterate     2  f =      -35.307  |proj g|=             0
[job(1146): 2016-09-10 00:35:20] 
[job(1146): 2016-09-10 00:35:20] iterations 2
[job(1146): 2016-09-10 00:35:20] function evaluations 3
[job(1146): 2016-09-10 00:35:20] segments explored during Cauchy searches 3
[job(1146): 2016-09-10 00:35:20] BFGS updates skipped 0
[job(1146): 2016-09-10 00:35:20] active bounds at final generalized Cauchy point 1
[job(1146): 2016-09-10 00:35:20] norm of the final projected gradient 0
[job(1146): 2016-09-10 00:35:20] final function value -35.307
[job(1146): 2016-09-10 00:35:20] 
[job(1146): 2016-09-10 00:35:20] F = -35.307
[job(1146): 2016-09-10 00:35:20] final  value -35.306956 
[job(1146): 2016-09-10 00:35:20] converged
[job(1146): 2016-09-10 00:35:20] [Tune-x] 9: C=0.0115; sigma=69.1
[job(1146): 2016-09-10 00:35:20] [Tune-y] 9: acc.test.mean=0.387; time: 0.0 min; memory: 117Mb use, 164Mb max
[job(1146): 2016-09-10 00:35:20] 
[job(1146): 2016-09-10 00:35:20] optimisation start
[job(1146): 2016-09-10 00:35:20] ------------------
[job(1146): 2016-09-10 00:35:20] * estimation method   : MLE 
[job(1146): 2016-09-10 00:35:20] * optimisation method : BFGS 
[job(1146): 2016-09-10 00:35:20] * analytical gradient : used
[job(1146): 2016-09-10 00:35:20] * trend model : ~1
[job(1146): 2016-09-10 00:35:20] * covariance model : 
[job(1146): 2016-09-10 00:35:20]   - type :  matern5_2 
[job(1146): 2016-09-10 00:35:20]   - nugget : NO
[job(1146): 2016-09-10 00:35:20]   - parameters lower bounds :  1e-10 1e-10 
[job(1146): 2016-09-10 00:35:20]   - parameters upper bounds :  42.40965 42.5733 
[job(1146): 2016-09-10 00:35:20]   - best initial criterion value(s) :  41.18009 
[job(1146): 2016-09-10 00:35:20] 
[job(1146): 2016-09-10 00:35:20] N = 2, M = 5 machine precision = 2.22045e-16
[job(1146): 2016-09-10 00:35:20] At X0, 0 variables are exactly at the bounds
[job(1146): 2016-09-10 00:35:20] At iterate     0  f=       -41.18  |proj g|=      0.27756
[job(1146): 2016-09-10 00:35:20] At iterate     1  f =       -41.19  |proj g|=       0.21624
[job(1146): 2016-09-10 00:35:20] At iterate     2  f =      -41.202  |proj g|=      0.009997
[job(1146): 2016-09-10 00:35:20] At iterate     3  f =      -41.202  |proj g|=     0.0099794
[job(1146): 2016-09-10 00:35:20] At iterate     4  f =      -41.203  |proj g|=      0.027132
[job(1146): 2016-09-10 00:35:20] At iterate     5  f =      -41.204  |proj g|=      0.057266
[job(1146): 2016-09-10 00:35:20] At iterate     6  f =      -41.208  |proj g|=       0.11197
[job(1146): 2016-09-10 00:35:20] At iterate     7  f =      -41.216  |proj g|=       0.18613
[job(1146): 2016-09-10 00:35:20] At iterate     8  f =      -41.236  |proj g|=       0.27586
[job(1146): 2016-09-10 00:35:20] At iterate     9  f =      -41.248  |proj g|=       0.20179
[job(1146): 2016-09-10 00:35:20] At iterate    10  f =      -41.259  |proj g|=      0.000571
[job(1146): 2016-09-10 00:35:20] At iterate    11  f =      -41.259  |proj g|=    2.9908e-06
[job(1146): 2016-09-10 00:35:20] 
[job(1146): 2016-09-10 00:35:20] iterations 11
[job(1146): 2016-09-10 00:35:20] function evaluations 12
[job(1146): 2016-09-10 00:35:20] segments explored during Cauchy searches 11
[job(1146): 2016-09-10 00:35:20] BFGS updates skipped 0
[job(1146): 2016-09-10 00:35:20] active bounds at final generalized Cauchy point 1
[job(1146): 2016-09-10 00:35:20] norm of the final projected gradient 2.9908e-06
[job(1146): 2016-09-10 00:35:20] final function value -41.2588
[job(1146): 2016-09-10 00:35:20] 
[job(1146): 2016-09-10 00:35:20] F = -41.2588
[job(1146): 2016-09-10 00:35:20] final  value -41.258750 
[job(1146): 2016-09-10 00:35:20] converged
[job(1146): 2016-09-10 00:35:20] [Tune-x] 10: C=0.0171; sigma=0.0023
[job(1146): 2016-09-10 00:35:20] [Tune-y] 10: acc.test.mean=0.39; time: 0.0 min; memory: 117Mb use, 170Mb max
[job(1146): 2016-09-10 00:35:20] 
[job(1146): 2016-09-10 00:35:20] optimisation start
[job(1146): 2016-09-10 00:35:20] ------------------
[job(1146): 2016-09-10 00:35:20] * estimation method   : MLE 
[job(1146): 2016-09-10 00:35:20] * optimisation method : BFGS 
[job(1146): 2016-09-10 00:35:20] * analytical gradient : used
[job(1146): 2016-09-10 00:35:20] * trend model : ~1
[job(1146): 2016-09-10 00:35:20] * covariance model : 
[job(1146): 2016-09-10 00:35:20]   - type :  matern5_2 
[job(1146): 2016-09-10 00:35:20]   - nugget : NO
[job(1146): 2016-09-10 00:35:20]   - parameters lower bounds :  1e-10 1e-10 
[job(1146): 2016-09-10 00:35:20]   - parameters upper bounds :  42.40965 42.5733 
[job(1146): 2016-09-10 00:35:20]   - best initial criterion value(s) :  45.96106 
[job(1146): 2016-09-10 00:35:20] 
[job(1146): 2016-09-10 00:35:20] N = 2, M = 5 machine precision = 2.22045e-16
[job(1146): 2016-09-10 00:35:20] At X0, 0 variables are exactly at the bounds
[job(1146): 2016-09-10 00:35:20] At iterate     0  f=      -45.961  |proj g|=      0.48359
[job(1146): 2016-09-10 00:35:20] At iterate     1  f =      -45.988  |proj g|=       0.29084
[job(1146): 2016-09-10 00:35:20] At iterate     2  f =      -46.021  |proj g|=      0.066644
[job(1146): 2016-09-10 00:35:20] At iterate     3  f =      -46.024  |proj g|=      0.038802
[job(1146): 2016-09-10 00:35:20] At iterate     4  f =       -46.03  |proj g|=      0.050367
[job(1146): 2016-09-10 00:35:20] At iterate     5  f =      -46.088  |proj g|=       0.37525
[job(1146): 2016-09-10 00:35:20] At iterate     6  f =      -46.148  |proj g|=       0.34534
[job(1146): 2016-09-10 00:35:20] At iterate     7  f =      -46.289  |proj g|=       0.13688
[job(1146): 2016-09-10 00:35:20] At iterate     8  f =      -46.359  |proj g|=      0.070751
[job(1146): 2016-09-10 00:35:20] At iterate     9  f =      -46.407  |proj g|=       0.04367
[job(1146): 2016-09-10 00:35:20] At iterate    10  f =      -46.407  |proj g|=    9.7592e-08
[job(1146): 2016-09-10 00:35:20] At iterate    11  f =      -46.407  |proj g|=    9.7591e-08
[job(1146): 2016-09-10 00:35:20] 
[job(1146): 2016-09-10 00:35:20] iterations 11
[job(1146): 2016-09-10 00:35:20] function evaluations 21
[job(1146): 2016-09-10 00:35:20] segments explored during Cauchy searches 11
[job(1146): 2016-09-10 00:35:20] BFGS updates skipped 0
[job(1146): 2016-09-10 00:35:20] active bounds at final generalized Cauchy point 1
[job(1146): 2016-09-10 00:35:20] norm of the final projected gradient 9.75914e-08
[job(1146): 2016-09-10 00:35:20] final function value -46.407
[job(1146): 2016-09-10 00:35:20] 
[job(1146): 2016-09-10 00:35:20] F = -46.407
[job(1146): 2016-09-10 00:35:20] final  value -46.406969 
[job(1146): 2016-09-10 00:35:20] converged
[job(1146): 2016-09-10 00:35:20] [Tune-x] 11: C=0.0326; sigma=0.00193
[job(1146): 2016-09-10 00:35:20] [Tune-y] 11: acc.test.mean=0.387; time: 0.0 min; memory: 117Mb use, 170Mb max
[job(1146): 2016-09-10 00:35:20] 
[job(1146): 2016-09-10 00:35:20] optimisation start
[job(1146): 2016-09-10 00:35:20] ------------------
[job(1146): 2016-09-10 00:35:20] * estimation method   : MLE 
[job(1146): 2016-09-10 00:35:20] * optimisation method : BFGS 
[job(1146): 2016-09-10 00:35:20] * analytical gradient : used
[job(1146): 2016-09-10 00:35:20] * trend model : ~1
[job(1146): 2016-09-10 00:35:20] * covariance model : 
[job(1146): 2016-09-10 00:35:20]   - type :  matern5_2 
[job(1146): 2016-09-10 00:35:20]   - nugget : NO
[job(1146): 2016-09-10 00:35:20]   - parameters lower bounds :  1e-10 1e-10 
[job(1146): 2016-09-10 00:35:20]   - parameters upper bounds :  42.40965 42.5733 
[job(1146): 2016-09-10 00:35:20]   - best initial criterion value(s) :  48.69182 
[job(1146): 2016-09-10 00:35:20] 
[job(1146): 2016-09-10 00:35:20] N = 2, M = 5 machine precision = 2.22045e-16
[job(1146): 2016-09-10 00:35:20] At X0, 0 variables are exactly at the bounds
[job(1146): 2016-09-10 00:35:20] At iterate     0  f=      -48.692  |proj g|=      0.92838
[job(1146): 2016-09-10 00:35:20] At iterate     1  f =      -49.622  |proj g|=             0
[job(1146): 2016-09-10 00:35:20] 
[job(1146): 2016-09-10 00:35:20] iterations 1
[job(1146): 2016-09-10 00:35:20] function evaluations 2
[job(1146): 2016-09-10 00:35:20] segments explored during Cauchy searches 2
[job(1146): 2016-09-10 00:35:20] BFGS updates skipped 0
[job(1146): 2016-09-10 00:35:20] active bounds at final generalized Cauchy point 1
[job(1146): 2016-09-10 00:35:20] norm of the final projected gradient 0
[job(1146): 2016-09-10 00:35:20] final function value -49.6215
[job(1146): 2016-09-10 00:35:20] 
[job(1146): 2016-09-10 00:35:20] F = -49.6215
[job(1146): 2016-09-10 00:35:20] final  value -49.621538 
[job(1146): 2016-09-10 00:35:20] converged
[job(1146): 2016-09-10 00:35:20] [Tune-x] 12: C=0.00284; sigma=0.06
[job(1146): 2016-09-10 00:35:20] [Tune-y] 12: acc.test.mean=0.387; time: 0.0 min; memory: 117Mb use, 170Mb max
[job(1146): 2016-09-10 00:35:20] 
[job(1146): 2016-09-10 00:35:20] optimisation start
[job(1146): 2016-09-10 00:35:20] ------------------
[job(1146): 2016-09-10 00:35:20] * estimation method   : MLE 
[job(1146): 2016-09-10 00:35:20] * optimisation method : BFGS 
[job(1146): 2016-09-10 00:35:20] * analytical gradient : used
[job(1146): 2016-09-10 00:35:20] * trend model : ~1
[job(1146): 2016-09-10 00:35:20] * covariance model : 
[job(1146): 2016-09-10 00:35:20]   - type :  matern5_2 
[job(1146): 2016-09-10 00:35:20]   - nugget : NO
[job(1146): 2016-09-10 00:35:20]   - parameters lower bounds :  1e-10 1e-10 
[job(1146): 2016-09-10 00:35:20]   - parameters upper bounds :  42.40965 42.5733 
[job(1146): 2016-09-10 00:35:20]   - best initial criterion value(s) :  54.85759 
[job(1146): 2016-09-10 00:35:20] 
[job(1146): 2016-09-10 00:35:20] N = 2, M = 5 machine precision = 2.22045e-16
[job(1146): 2016-09-10 00:35:20] At X0, 0 variables are exactly at the bounds
[job(1146): 2016-09-10 00:35:20] At iterate     0  f=      -54.858  |proj g|=      0.37134
[job(1146): 2016-09-10 00:35:20] At iterate     1  f =      -54.901  |proj g|=       0.39186
[job(1146): 2016-09-10 00:35:20] At iterate     2  f =      -54.905  |proj g|=      0.056265
[job(1146): 2016-09-10 00:35:20] At iterate     3  f =      -54.905  |proj g|=     0.0029822
[job(1146): 2016-09-10 00:35:20] At iterate     4  f =      -54.905  |proj g|=    1.9676e-05
[job(1146): 2016-09-10 00:35:20] At iterate     5  f =      -54.905  |proj g|=    1.3695e-05
[job(1146): 2016-09-10 00:35:20] 
[job(1146): 2016-09-10 00:35:20] iterations 5
[job(1146): 2016-09-10 00:35:20] function evaluations 7
[job(1146): 2016-09-10 00:35:20] segments explored during Cauchy searches 6
[job(1146): 2016-09-10 00:35:20] BFGS updates skipped 0
[job(1146): 2016-09-10 00:35:20] active bounds at final generalized Cauchy point 0
[job(1146): 2016-09-10 00:35:20] norm of the final projected gradient 1.36951e-05
[job(1146): 2016-09-10 00:35:20] final function value -54.9047
[job(1146): 2016-09-10 00:35:20] 
[job(1146): 2016-09-10 00:35:20] F = -54.9047
[job(1146): 2016-09-10 00:35:20] final  value -54.904689 
[job(1146): 2016-09-10 00:35:20] converged
[job(1146): 2016-09-10 00:35:20] [Tune-x] 13: C=0.0125; sigma=0.00242
[job(1146): 2016-09-10 00:35:20] [Tune-y] 13: acc.test.mean=0.387; time: 0.0 min; memory: 117Mb use, 170Mb max
[job(1146): 2016-09-10 00:35:20] 
[job(1146): 2016-09-10 00:35:20] optimisation start
[job(1146): 2016-09-10 00:35:20] ------------------
[job(1146): 2016-09-10 00:35:20] * estimation method   : MLE 
[job(1146): 2016-09-10 00:35:20] * optimisation method : BFGS 
[job(1146): 2016-09-10 00:35:20] * analytical gradient : used
[job(1146): 2016-09-10 00:35:20] * trend model : ~1
[job(1146): 2016-09-10 00:35:20] * covariance model : 
[job(1146): 2016-09-10 00:35:20]   - type :  matern5_2 
[job(1146): 2016-09-10 00:35:20]   - nugget : NO
[job(1146): 2016-09-10 00:35:20]   - parameters lower bounds :  1e-10 1e-10 
[job(1146): 2016-09-10 00:35:20]   - parameters upper bounds :  42.40965 42.5733 
[job(1146): 2016-09-10 00:35:20]   - best initial criterion value(s) :  31.14108 
[job(1146): 2016-09-10 00:35:20] 
[job(1146): 2016-09-10 00:35:20] N = 2, M = 5 machine precision = 2.22045e-16
[job(1146): 2016-09-10 00:35:20] At X0, 0 variables are exactly at the bounds
[job(1146): 2016-09-10 00:35:20] At iterate     0  f=      -31.141  |proj g|=       2.1765
[job(1146): 2016-09-10 00:35:20] At iterate     1  f =       -36.99  |proj g|=        3.3615
[job(1146): 2016-09-10 00:35:20] ys=-2.579e+00  -gs= 4.739e+00, BFGS update SKIPPED
[job(1146): 2016-09-10 00:35:20] At iterate     2  f =      -59.729  |proj g|=             0
[job(1146): 2016-09-10 00:35:20] 
[job(1146): 2016-09-10 00:35:20] iterations 2
[job(1146): 2016-09-10 00:35:20] function evaluations 4
[job(1146): 2016-09-10 00:35:20] segments explored during Cauchy searches 2
[job(1146): 2016-09-10 00:35:20] BFGS updates skipped 1
[job(1146): 2016-09-10 00:35:20] active bounds at final generalized Cauchy point 0
[job(1146): 2016-09-10 00:35:20] norm of the final projected gradient 0
[job(1146): 2016-09-10 00:35:20] final function value -59.7288
[job(1146): 2016-09-10 00:35:20] 
[job(1146): 2016-09-10 00:35:20] F = -59.7288
[job(1146): 2016-09-10 00:35:20] final  value -59.728756 
[job(1146): 2016-09-10 00:35:20] converged
[job(1146): 2016-09-10 00:35:20] [Tune-x] 14: C=21; sigma=624
[job(1146): 2016-09-10 00:35:20] [Tune-y] 14: acc.test.mean=0.387; time: 0.0 min; memory: 117Mb use, 170Mb max
[job(1146): 2016-09-10 00:35:20] 
[job(1146): 2016-09-10 00:35:20] optimisation start
[job(1146): 2016-09-10 00:35:20] ------------------
[job(1146): 2016-09-10 00:35:20] * estimation method   : MLE 
[job(1146): 2016-09-10 00:35:20] * optimisation method : BFGS 
[job(1146): 2016-09-10 00:35:20] * analytical gradient : used
[job(1146): 2016-09-10 00:35:20] * trend model : ~1
[job(1146): 2016-09-10 00:35:20] * covariance model : 
[job(1146): 2016-09-10 00:35:20]   - type :  matern5_2 
[job(1146): 2016-09-10 00:35:20]   - nugget : NO
[job(1146): 2016-09-10 00:35:20]   - parameters lower bounds :  1e-10 1e-10 
[job(1146): 2016-09-10 00:35:20]   - parameters upper bounds :  42.40965 42.5733 
[job(1146): 2016-09-10 00:35:20]   - best initial criterion value(s) :  62.6251 
[job(1146): 2016-09-10 00:35:20] 
[job(1146): 2016-09-10 00:35:20] N = 2, M = 5 machine precision = 2.22045e-16
[job(1146): 2016-09-10 00:35:20] At X0, 0 variables are exactly at the bounds
[job(1146): 2016-09-10 00:35:20] At iterate     0  f=      -62.625  |proj g|=       1.0816
[job(1146): 2016-09-10 00:35:20] At iterate     1  f =      -64.825  |proj g|=             0
[job(1146): 2016-09-10 00:35:20] 
[job(1146): 2016-09-10 00:35:20] iterations 1
[job(1146): 2016-09-10 00:35:20] function evaluations 2
[job(1146): 2016-09-10 00:35:20] segments explored during Cauchy searches 2
[job(1146): 2016-09-10 00:35:20] BFGS updates skipped 0
[job(1146): 2016-09-10 00:35:20] active bounds at final generalized Cauchy point 1
[job(1146): 2016-09-10 00:35:20] norm of the final projected gradient 0
[job(1146): 2016-09-10 00:35:20] final function value -64.8247
[job(1146): 2016-09-10 00:35:20] 
[job(1146): 2016-09-10 00:35:20] F = -64.8247
[job(1146): 2016-09-10 00:35:20] final  value -64.824665 
[job(1146): 2016-09-10 00:35:20] converged
[job(1146): 2016-09-10 00:35:20] [Tune-x] 15: C=0.00294; sigma=0.0587
[job(1146): 2016-09-10 00:35:20] [Tune-y] 15: acc.test.mean=0.387; time: 0.0 min; memory: 117Mb use, 170Mb max
[job(1146): 2016-09-10 00:35:20] 
[job(1146): 2016-09-10 00:35:20] optimisation start
[job(1146): 2016-09-10 00:35:20] ------------------
[job(1146): 2016-09-10 00:35:20] * estimation method   : MLE 
[job(1146): 2016-09-10 00:35:20] * optimisation method : BFGS 
[job(1146): 2016-09-10 00:35:20] * analytical gradient : used
[job(1146): 2016-09-10 00:35:20] * trend model : ~1
[job(1146): 2016-09-10 00:35:20] * covariance model : 
[job(1146): 2016-09-10 00:35:20]   - type :  matern5_2 
[job(1146): 2016-09-10 00:35:20]   - nugget : NO
[job(1146): 2016-09-10 00:35:20]   - parameters lower bounds :  1e-10 1e-10 
[job(1146): 2016-09-10 00:35:20]   - parameters upper bounds :  42.40965 42.5733 
[job(1146): 2016-09-10 00:35:20]   - best initial criterion value(s) :  69.42303 
[job(1146): 2016-09-10 00:35:20] 
[job(1146): 2016-09-10 00:35:20] N = 2, M = 5 machine precision = 2.22045e-16
[job(1146): 2016-09-10 00:35:20] At X0, 0 variables are exactly at the bounds
[job(1146): 2016-09-10 00:35:20] At iterate     0  f=      -69.423  |proj g|=      0.99455
[job(1146): 2016-09-10 00:35:20] At iterate     1  f =      -69.956  |proj g|=             0
[job(1146): 2016-09-10 00:35:20] 
[job(1146): 2016-09-10 00:35:20] iterations 1
[job(1146): 2016-09-10 00:35:20] function evaluations 2
[job(1146): 2016-09-10 00:35:20] segments explored during Cauchy searches 2
[job(1146): 2016-09-10 00:35:20] BFGS updates skipped 0
[job(1146): 2016-09-10 00:35:20] active bounds at final generalized Cauchy point 1
[job(1146): 2016-09-10 00:35:20] norm of the final projected gradient 0
[job(1146): 2016-09-10 00:35:20] final function value -69.9564
[job(1146): 2016-09-10 00:35:20] 
[job(1146): 2016-09-10 00:35:20] F = -69.9564
[job(1146): 2016-09-10 00:35:20] final  value -69.956356 
[job(1146): 2016-09-10 00:35:20] converged
[job(1146): 2016-09-10 00:35:20] [Tune-x] 16: C=233; sigma=925
[job(1146): 2016-09-10 00:35:20] [Tune-y] 16: acc.test.mean=0.389; time: 0.0 min; memory: 117Mb use, 170Mb max
[job(1146): 2016-09-10 00:35:20] 
[job(1146): 2016-09-10 00:35:20] optimisation start
[job(1146): 2016-09-10 00:35:20] ------------------
[job(1146): 2016-09-10 00:35:20] * estimation method   : MLE 
[job(1146): 2016-09-10 00:35:20] * optimisation method : BFGS 
[job(1146): 2016-09-10 00:35:20] * analytical gradient : used
[job(1146): 2016-09-10 00:35:20] * trend model : ~1
[job(1146): 2016-09-10 00:35:20] * covariance model : 
[job(1146): 2016-09-10 00:35:20]   - type :  matern5_2 
[job(1146): 2016-09-10 00:35:20]   - nugget : NO
[job(1146): 2016-09-10 00:35:20]   - parameters lower bounds :  1e-10 1e-10 
[job(1146): 2016-09-10 00:35:20]   - parameters upper bounds :  42.40965 42.5733 
[job(1146): 2016-09-10 00:35:20]   - best initial criterion value(s) :  74.51922 
[job(1146): 2016-09-10 00:35:20] 
[job(1146): 2016-09-10 00:35:20] N = 2, M = 5 machine precision = 2.22045e-16
[job(1146): 2016-09-10 00:35:20] At X0, 0 variables are exactly at the bounds
[job(1146): 2016-09-10 00:35:20] At iterate     0  f=      -74.519  |proj g|=      0.80165
[job(1146): 2016-09-10 00:35:20] At iterate     1  f =      -74.614  |proj g|=             0
[job(1146): 2016-09-10 00:35:20] 
[job(1146): 2016-09-10 00:35:20] iterations 1
[job(1146): 2016-09-10 00:35:20] function evaluations 2
[job(1146): 2016-09-10 00:35:20] segments explored during Cauchy searches 2
[job(1146): 2016-09-10 00:35:20] BFGS updates skipped 0
[job(1146): 2016-09-10 00:35:20] active bounds at final generalized Cauchy point 1
[job(1146): 2016-09-10 00:35:20] norm of the final projected gradient 0
[job(1146): 2016-09-10 00:35:20] final function value -74.6139
[job(1146): 2016-09-10 00:35:20] 
[job(1146): 2016-09-10 00:35:20] F = -74.6139
[job(1146): 2016-09-10 00:35:20] final  value -74.613866 
[job(1146): 2016-09-10 00:35:20] converged
[job(1146): 2016-09-10 00:35:20] [Tune-x] 17: C=0.0029; sigma=0.0167
[job(1146): 2016-09-10 00:35:20] [Tune-y] 17: acc.test.mean=0.386; time: 0.0 min; memory: 117Mb use, 170Mb max
[job(1146): 2016-09-10 00:35:20] 
[job(1146): 2016-09-10 00:35:20] optimisation start
[job(1146): 2016-09-10 00:35:20] ------------------
[job(1146): 2016-09-10 00:35:20] * estimation method   : MLE 
[job(1146): 2016-09-10 00:35:20] * optimisation method : BFGS 
[job(1146): 2016-09-10 00:35:20] * analytical gradient : used
[job(1146): 2016-09-10 00:35:20] * trend model : ~1
[job(1146): 2016-09-10 00:35:20] * covariance model : 
[job(1146): 2016-09-10 00:35:20]   - type :  matern5_2 
[job(1146): 2016-09-10 00:35:20]   - nugget : NO
[job(1146): 2016-09-10 00:35:20]   - parameters lower bounds :  1e-10 1e-10 
[job(1146): 2016-09-10 00:35:20]   - parameters upper bounds :  42.40965 42.5733 
[job(1146): 2016-09-10 00:35:20]   - best initial criterion value(s) :  73.47957 
[job(1146): 2016-09-10 00:35:20] 
[job(1146): 2016-09-10 00:35:20] N = 2, M = 5 machine precision = 2.22045e-16
[job(1146): 2016-09-10 00:35:20] At X0, 0 variables are exactly at the bounds
[job(1146): 2016-09-10 00:35:20] At iterate     0  f=       -73.48  |proj g|=      0.77563
[job(1146): 2016-09-10 00:35:20] At iterate     1  f =      -79.624  |proj g|=             0
[job(1146): 2016-09-10 00:35:20] 
[job(1146): 2016-09-10 00:35:20] iterations 1
[job(1146): 2016-09-10 00:35:20] function evaluations 2
[job(1146): 2016-09-10 00:35:20] segments explored during Cauchy searches 2
[job(1146): 2016-09-10 00:35:20] BFGS updates skipped 0
[job(1146): 2016-09-10 00:35:20] active bounds at final generalized Cauchy point 1
[job(1146): 2016-09-10 00:35:20] norm of the final projected gradient 0
[job(1146): 2016-09-10 00:35:20] final function value -79.6235
[job(1146): 2016-09-10 00:35:20] 
[job(1146): 2016-09-10 00:35:20] F = -79.6235
[job(1146): 2016-09-10 00:35:20] final  value -79.623508 
[job(1146): 2016-09-10 00:35:20] converged
[job(1146): 2016-09-10 00:35:20] [Tune-x] 18: C=0.00534; sigma=0.00526
[job(1146): 2016-09-10 00:35:20] [Tune-y] 18: acc.test.mean=0.388; time: 0.0 min; memory: 117Mb use, 170Mb max
[job(1146): 2016-09-10 00:35:20] 
[job(1146): 2016-09-10 00:35:20] optimisation start
[job(1146): 2016-09-10 00:35:20] ------------------
[job(1146): 2016-09-10 00:35:20] * estimation method   : MLE 
[job(1146): 2016-09-10 00:35:20] * optimisation method : BFGS 
[job(1146): 2016-09-10 00:35:20] * analytical gradient : used
[job(1146): 2016-09-10 00:35:20] * trend model : ~1
[job(1146): 2016-09-10 00:35:20] * covariance model : 
[job(1146): 2016-09-10 00:35:20]   - type :  matern5_2 
[job(1146): 2016-09-10 00:35:20]   - nugget : NO
[job(1146): 2016-09-10 00:35:20]   - parameters lower bounds :  1e-10 1e-10 
[job(1146): 2016-09-10 00:35:20]   - parameters upper bounds :  42.40965 42.5733 
[job(1146): 2016-09-10 00:35:20]   - best initial criterion value(s) :  73.54583 
[job(1146): 2016-09-10 00:35:20] 
[job(1146): 2016-09-10 00:35:20] N = 2, M = 5 machine precision = 2.22045e-16
[job(1146): 2016-09-10 00:35:20] At X0, 0 variables are exactly at the bounds
[job(1146): 2016-09-10 00:35:20] At iterate     0  f=      -73.546  |proj g|=       5.1716
[job(1146): 2016-09-10 00:35:20] At iterate     1  f =      -74.797  |proj g|=       0.27356
[job(1146): 2016-09-10 00:35:20] At iterate     2  f =      -74.805  |proj g|=       0.26967
[job(1146): 2016-09-10 00:35:20] At iterate     3  f =      -74.824  |proj g|=       0.38807
[job(1146): 2016-09-10 00:35:20] At iterate     4  f =      -74.901  |proj g|=       0.96805
[job(1146): 2016-09-10 00:35:20] At iterate     5  f =      -75.081  |proj g|=        1.0258
[job(1146): 2016-09-10 00:35:20] At iterate     6  f =      -75.605  |proj g|=        1.1108
[job(1146): 2016-09-10 00:35:20] At iterate     7  f =      -77.196  |proj g|=        1.2193
[job(1146): 2016-09-10 00:35:20] At iterate     8  f =      -84.698  |proj g|=             0
[job(1146): 2016-09-10 00:35:20] 
[job(1146): 2016-09-10 00:35:20] iterations 8
[job(1146): 2016-09-10 00:35:20] function evaluations 11
[job(1146): 2016-09-10 00:35:20] segments explored during Cauchy searches 8
[job(1146): 2016-09-10 00:35:20] BFGS updates skipped 0
[job(1146): 2016-09-10 00:35:20] active bounds at final generalized Cauchy point 0
[job(1146): 2016-09-10 00:35:20] norm of the final projected gradient 0
[job(1146): 2016-09-10 00:35:20] final function value -84.6981
[job(1146): 2016-09-10 00:35:20] 
[job(1146): 2016-09-10 00:35:20] F = -84.6981
[job(1146): 2016-09-10 00:35:20] final  value -84.698062 
[job(1146): 2016-09-10 00:35:20] converged
[job(1146): 2016-09-10 00:35:20] [Tune-x] 19: C=2.63e+03; sigma=1.08e+03
[job(1146): 2016-09-10 00:35:20] [Tune-y] 19: acc.test.mean=0.387; time: 0.0 min; memory: 117Mb use, 170Mb max
[job(1146): 2016-09-10 00:35:20] 
[job(1146): 2016-09-10 00:35:20] optimisation start
[job(1146): 2016-09-10 00:35:20] ------------------
[job(1146): 2016-09-10 00:35:20] * estimation method   : MLE 
[job(1146): 2016-09-10 00:35:20] * optimisation method : BFGS 
[job(1146): 2016-09-10 00:35:20] * analytical gradient : used
[job(1146): 2016-09-10 00:35:20] * trend model : ~1
[job(1146): 2016-09-10 00:35:20] * covariance model : 
[job(1146): 2016-09-10 00:35:20]   - type :  matern5_2 
[job(1146): 2016-09-10 00:35:20]   - nugget : NO
[job(1146): 2016-09-10 00:35:20]   - parameters lower bounds :  1e-10 1e-10 
[job(1146): 2016-09-10 00:35:20]   - parameters upper bounds :  44.8427 42.5733 
[job(1146): 2016-09-10 00:35:20]   - best initial criterion value(s) :  69.8277 
[job(1146): 2016-09-10 00:35:20] 
[job(1146): 2016-09-10 00:35:20] N = 2, M = 5 machine precision = 2.22045e-16
[job(1146): 2016-09-10 00:35:20] At X0, 0 variables are exactly at the bounds
[job(1146): 2016-09-10 00:35:20] At iterate     0  f=      -69.828  |proj g|=       2.5314
[job(1146): 2016-09-10 00:35:20] At iterate     1  f =       -89.91  |proj g|=             0
[job(1146): 2016-09-10 00:35:20] 
[job(1146): 2016-09-10 00:35:20] iterations 1
[job(1146): 2016-09-10 00:35:20] function evaluations 2
[job(1146): 2016-09-10 00:35:20] segments explored during Cauchy searches 2
[job(1146): 2016-09-10 00:35:20] BFGS updates skipped 0
[job(1146): 2016-09-10 00:35:20] active bounds at final generalized Cauchy point 1
[job(1146): 2016-09-10 00:35:20] norm of the final projected gradient 0
[job(1146): 2016-09-10 00:35:20] final function value -89.9099
[job(1146): 2016-09-10 00:35:20] 
[job(1146): 2016-09-10 00:35:20] F = -89.9099
[job(1146): 2016-09-10 00:35:20] final  value -89.909905 
[job(1146): 2016-09-10 00:35:20] converged
[job(1146): 2016-09-10 00:35:20] [Tune-x] 20: C=0.0501; sigma=0.00113
[job(1146): 2016-09-10 00:35:20] [Tune-y] 20: acc.test.mean=0.352; time: 0.0 min; memory: 117Mb use, 170Mb max
[job(1146): 2016-09-10 00:35:20] 
[job(1146): 2016-09-10 00:35:20] optimisation start
[job(1146): 2016-09-10 00:35:20] ------------------
[job(1146): 2016-09-10 00:35:20] * estimation method   : MLE 
[job(1146): 2016-09-10 00:35:20] * optimisation method : BFGS 
[job(1146): 2016-09-10 00:35:20] * analytical gradient : used
[job(1146): 2016-09-10 00:35:20] * trend model : ~1
[job(1146): 2016-09-10 00:35:20] * covariance model : 
[job(1146): 2016-09-10 00:35:20]   - type :  matern5_2 
[job(1146): 2016-09-10 00:35:20]   - nugget : NO
[job(1146): 2016-09-10 00:35:20]   - parameters lower bounds :  1e-10 1e-10 
[job(1146): 2016-09-10 00:35:20]   - parameters upper bounds :  44.8427 42.5733 
[job(1146): 2016-09-10 00:35:20]   - best initial criterion value(s) :  68.45396 
[job(1146): 2016-09-10 00:35:20] 
[job(1146): 2016-09-10 00:35:20] N = 2, M = 5 machine precision = 2.22045e-16
[job(1146): 2016-09-10 00:35:20] At X0, 0 variables are exactly at the bounds
[job(1146): 2016-09-10 00:35:20] At iterate     0  f=      -68.454  |proj g|=      0.27488
[job(1146): 2016-09-10 00:35:20] At iterate     1  f =      -69.826  |proj g|=      0.079547
[job(1146): 2016-09-10 00:35:20] At iterate     2  f =      -69.826  |proj g|=      0.002352
[job(1146): 2016-09-10 00:35:20] At iterate     3  f =      -69.826  |proj g|=     0.0023515
[job(1146): 2016-09-10 00:35:20] 
[job(1146): 2016-09-10 00:35:20] iterations 3
[job(1146): 2016-09-10 00:35:20] function evaluations 9
[job(1146): 2016-09-10 00:35:20] segments explored during Cauchy searches 4
[job(1146): 2016-09-10 00:35:20] BFGS updates skipped 0
[job(1146): 2016-09-10 00:35:20] active bounds at final generalized Cauchy point 0
[job(1146): 2016-09-10 00:35:20] norm of the final projected gradient 0.00235146
[job(1146): 2016-09-10 00:35:20] final function value -69.8264
[job(1146): 2016-09-10 00:35:20] 
[job(1146): 2016-09-10 00:35:20] F = -69.8264
[job(1146): 2016-09-10 00:35:20] final  value -69.826412 
[job(1146): 2016-09-10 00:35:20] converged
[job(1146): 2016-09-10 00:35:20] [Tune-x] 21: C=0.00303; sigma=808
[job(1146): 2016-09-10 00:35:20] [Tune-y] 21: acc.test.mean=0.387; time: 0.0 min; memory: 117Mb use, 170Mb max
[job(1146): 2016-09-10 00:35:20] 
[job(1146): 2016-09-10 00:35:20] optimisation start
[job(1146): 2016-09-10 00:35:20] ------------------
[job(1146): 2016-09-10 00:35:20] * estimation method   : MLE 
[job(1146): 2016-09-10 00:35:20] * optimisation method : BFGS 
[job(1146): 2016-09-10 00:35:20] * analytical gradient : used
[job(1146): 2016-09-10 00:35:20] * trend model : ~1
[job(1146): 2016-09-10 00:35:20] * covariance model : 
[job(1146): 2016-09-10 00:35:20]   - type :  matern5_2 
[job(1146): 2016-09-10 00:35:20]   - nugget : NO
[job(1146): 2016-09-10 00:35:20]   - parameters lower bounds :  1e-10 1e-10 
[job(1146): 2016-09-10 00:35:20]   - parameters upper bounds :  44.8427 42.5733 
[job(1146): 2016-09-10 00:35:20]   - best initial criterion value(s) :  68.26677 
[job(1146): 2016-09-10 00:35:20] 
[job(1146): 2016-09-10 00:35:20] N = 2, M = 5 machine precision = 2.22045e-16
[job(1146): 2016-09-10 00:35:20] At X0, 0 variables are exactly at the bounds
[job(1146): 2016-09-10 00:35:20] At iterate     0  f=      -68.267  |proj g|=     0.095648
[job(1146): 2016-09-10 00:35:20] At iterate     1  f =      -72.157  |proj g|=             0
[job(1146): 2016-09-10 00:35:20] 
[job(1146): 2016-09-10 00:35:20] iterations 1
[job(1146): 2016-09-10 00:35:20] function evaluations 2
[job(1146): 2016-09-10 00:35:20] segments explored during Cauchy searches 2
[job(1146): 2016-09-10 00:35:20] BFGS updates skipped 0
[job(1146): 2016-09-10 00:35:20] active bounds at final generalized Cauchy point 1
[job(1146): 2016-09-10 00:35:20] norm of the final projected gradient 0
[job(1146): 2016-09-10 00:35:20] final function value -72.1571
[job(1146): 2016-09-10 00:35:20] 
[job(1146): 2016-09-10 00:35:20] F = -72.1571
[job(1146): 2016-09-10 00:35:20] final  value -72.157142 
[job(1146): 2016-09-10 00:35:20] converged
[job(1146): 2016-09-10 00:35:20] [Tune-x] 22: C=0.00751; sigma=0.00651
[job(1146): 2016-09-10 00:35:20] [Tune-y] 22: acc.test.mean=0.385; time: 0.0 min; memory: 117Mb use, 178Mb max
[job(1146): 2016-09-10 00:35:20] 
[job(1146): 2016-09-10 00:35:20] optimisation start
[job(1146): 2016-09-10 00:35:20] ------------------
[job(1146): 2016-09-10 00:35:20] * estimation method   : MLE 
[job(1146): 2016-09-10 00:35:20] * optimisation method : BFGS 
[job(1146): 2016-09-10 00:35:20] * analytical gradient : used
[job(1146): 2016-09-10 00:35:20] * trend model : ~1
[job(1146): 2016-09-10 00:35:20] * covariance model : 
[job(1146): 2016-09-10 00:35:20]   - type :  matern5_2 
[job(1146): 2016-09-10 00:35:20]   - nugget : NO
[job(1146): 2016-09-10 00:35:20]   - parameters lower bounds :  1e-10 1e-10 
[job(1146): 2016-09-10 00:35:20]   - parameters upper bounds :  44.8427 42.5733 
[job(1146): 2016-09-10 00:35:20]   - best initial criterion value(s) :  73.23727 
[job(1146): 2016-09-10 00:35:20] 
[job(1146): 2016-09-10 00:35:20] N = 2, M = 5 machine precision = 2.22045e-16
[job(1146): 2016-09-10 00:35:20] At X0, 0 variables are exactly at the bounds
[job(1146): 2016-09-10 00:35:20] At iterate     0  f=      -73.237  |proj g|=       1.0099
[job(1146): 2016-09-10 00:35:20] At iterate     1  f =      -73.296  |proj g|=       0.37021
[job(1146): 2016-09-10 00:35:20] At iterate     2  f =      -73.319  |proj g|=       0.35251
[job(1146): 2016-09-10 00:35:20] At iterate     3  f =      -73.342  |proj g|=       0.47023
[job(1146): 2016-09-10 00:35:20] At iterate     4  f =      -73.651  |proj g|=       0.84354
[job(1146): 2016-09-10 00:35:20] At iterate     5  f =      -74.249  |proj g|=       0.88741
[job(1146): 2016-09-10 00:35:20] At iterate     6  f =      -76.135  |proj g|=        0.8479
[job(1146): 2016-09-10 00:35:20] At iterate     7  f =      -78.106  |proj g|=       0.56852
[job(1146): 2016-09-10 00:35:20] At iterate     8  f =      -78.898  |proj g|=       0.38156
[job(1146): 2016-09-10 00:35:20] At iterate     9  f =      -79.008  |proj g|=       0.23708
[job(1146): 2016-09-10 00:35:20] At iterate    10  f =      -79.035  |proj g|=        0.1364
[job(1146): 2016-09-10 00:35:20] At iterate    11  f =      -79.035  |proj g|=      0.019512
[job(1146): 2016-09-10 00:35:20] At iterate    12  f =      -79.035  |proj g|=    0.00058878
[job(1146): 2016-09-10 00:35:20] At iterate    13  f =      -79.035  |proj g|=    2.6924e-06
[job(1146): 2016-09-10 00:35:20] 
[job(1146): 2016-09-10 00:35:20] iterations 13
[job(1146): 2016-09-10 00:35:20] function evaluations 15
[job(1146): 2016-09-10 00:35:20] segments explored during Cauchy searches 13
[job(1146): 2016-09-10 00:35:20] BFGS updates skipped 0
[job(1146): 2016-09-10 00:35:20] active bounds at final generalized Cauchy point 0
[job(1146): 2016-09-10 00:35:20] norm of the final projected gradient 2.69237e-06
[job(1146): 2016-09-10 00:35:20] final function value -79.0352
[job(1146): 2016-09-10 00:35:20] 
[job(1146): 2016-09-10 00:35:20] F = -79.0352
[job(1146): 2016-09-10 00:35:20] final  value -79.035199 
[job(1146): 2016-09-10 00:35:20] converged
[job(1146): 2016-09-10 00:35:20] [Tune-x] 23: C=0.00346; sigma=0.831
[job(1146): 2016-09-10 00:35:20] [Tune-y] 23: acc.test.mean=0.387; time: 0.0 min; memory: 117Mb use, 178Mb max
[job(1146): 2016-09-10 00:35:20] 
[job(1146): 2016-09-10 00:35:20] optimisation start
[job(1146): 2016-09-10 00:35:20] ------------------
[job(1146): 2016-09-10 00:35:20] * estimation method   : MLE 
[job(1146): 2016-09-10 00:35:20] * optimisation method : BFGS 
[job(1146): 2016-09-10 00:35:20] * analytical gradient : used
[job(1146): 2016-09-10 00:35:20] * trend model : ~1
[job(1146): 2016-09-10 00:35:20] * covariance model : 
[job(1146): 2016-09-10 00:35:20]   - type :  matern5_2 
[job(1146): 2016-09-10 00:35:20]   - nugget : NO
[job(1146): 2016-09-10 00:35:20]   - parameters lower bounds :  1e-10 1e-10 
[job(1146): 2016-09-10 00:35:20]   - parameters upper bounds :  44.8427 42.5733 
[job(1146): 2016-09-10 00:35:20]   - best initial criterion value(s) :  71.88197 
[job(1146): 2016-09-10 00:35:20] 
[job(1146): 2016-09-10 00:35:20] N = 2, M = 5 machine precision = 2.22045e-16
[job(1146): 2016-09-10 00:35:20] At X0, 0 variables are exactly at the bounds
[job(1146): 2016-09-10 00:35:20] At iterate     0  f=      -71.882  |proj g|=       1.6461
[job(1146): 2016-09-10 00:35:20] At iterate     1  f =      -80.064  |proj g|=             0
[job(1146): 2016-09-10 00:35:20] 
[job(1146): 2016-09-10 00:35:20] iterations 1
[job(1146): 2016-09-10 00:35:20] function evaluations 2
[job(1146): 2016-09-10 00:35:20] segments explored during Cauchy searches 2
[job(1146): 2016-09-10 00:35:20] BFGS updates skipped 0
[job(1146): 2016-09-10 00:35:20] active bounds at final generalized Cauchy point 1
[job(1146): 2016-09-10 00:35:20] norm of the final projected gradient 0
[job(1146): 2016-09-10 00:35:20] final function value -80.064
[job(1146): 2016-09-10 00:35:20] 
[job(1146): 2016-09-10 00:35:20] F = -80.064
[job(1146): 2016-09-10 00:35:20] final  value -80.064006 
[job(1146): 2016-09-10 00:35:20] converged
[job(1146): 2016-09-10 00:35:20] [Tune-x] 24: C=0.246; sigma=0.00114
[job(1146): 2016-09-10 00:35:20] [Tune-y] 24: acc.test.mean=0.388; time: 0.0 min; memory: 117Mb use, 178Mb max
[job(1146): 2016-09-10 00:35:20] 
[job(1146): 2016-09-10 00:35:20] optimisation start
[job(1146): 2016-09-10 00:35:20] ------------------
[job(1146): 2016-09-10 00:35:20] * estimation method   : MLE 
[job(1146): 2016-09-10 00:35:20] * optimisation method : BFGS 
[job(1146): 2016-09-10 00:35:20] * analytical gradient : used
[job(1146): 2016-09-10 00:35:20] * trend model : ~1
[job(1146): 2016-09-10 00:35:20] * covariance model : 
[job(1146): 2016-09-10 00:35:20]   - type :  matern5_2 
[job(1146): 2016-09-10 00:35:20]   - nugget : NO
[job(1146): 2016-09-10 00:35:20]   - parameters lower bounds :  1e-10 1e-10 
[job(1146): 2016-09-10 00:35:20]   - parameters upper bounds :  44.8427 42.5733 
[job(1146): 2016-09-10 00:35:20]   - best initial criterion value(s) :  71.17661 
[job(1146): 2016-09-10 00:35:20] 
[job(1146): 2016-09-10 00:35:20] N = 2, M = 5 machine precision = 2.22045e-16
[job(1146): 2016-09-10 00:35:20] At X0, 0 variables are exactly at the bounds
[job(1146): 2016-09-10 00:35:20] At iterate     0  f=      -71.177  |proj g|=       1.5649
[job(1146): 2016-09-10 00:35:20] At iterate     1  f =      -84.009  |proj g|=             0
[job(1146): 2016-09-10 00:35:20] 
[job(1146): 2016-09-10 00:35:20] iterations 1
[job(1146): 2016-09-10 00:35:20] function evaluations 2
[job(1146): 2016-09-10 00:35:20] segments explored during Cauchy searches 2
[job(1146): 2016-09-10 00:35:20] BFGS updates skipped 0
[job(1146): 2016-09-10 00:35:20] active bounds at final generalized Cauchy point 1
[job(1146): 2016-09-10 00:35:20] norm of the final projected gradient 0
[job(1146): 2016-09-10 00:35:20] final function value -84.0088
[job(1146): 2016-09-10 00:35:20] 
[job(1146): 2016-09-10 00:35:20] F = -84.0088
[job(1146): 2016-09-10 00:35:20] final  value -84.008754 
[job(1146): 2016-09-10 00:35:20] converged
[job(1146): 2016-09-10 00:35:20] [Tune-x] 25: C=0.889; sigma=10.9
[job(1146): 2016-09-10 00:35:20] [Tune-y] 25: acc.test.mean=0.388; time: 0.0 min; memory: 117Mb use, 178Mb max
[job(1146): 2016-09-10 00:35:20] 
[job(1146): 2016-09-10 00:35:20] optimisation start
[job(1146): 2016-09-10 00:35:20] ------------------
[job(1146): 2016-09-10 00:35:20] * estimation method   : MLE 
[job(1146): 2016-09-10 00:35:20] * optimisation method : BFGS 
[job(1146): 2016-09-10 00:35:20] * analytical gradient : used
[job(1146): 2016-09-10 00:35:20] * trend model : ~1
[job(1146): 2016-09-10 00:35:20] * covariance model : 
[job(1146): 2016-09-10 00:35:20]   - type :  matern5_2 
[job(1146): 2016-09-10 00:35:20]   - nugget : NO
[job(1146): 2016-09-10 00:35:20]   - parameters lower bounds :  1e-10 1e-10 
[job(1146): 2016-09-10 00:35:20]   - parameters upper bounds :  44.8427 42.5733 
[job(1146): 2016-09-10 00:35:20]   - best initial criterion value(s) :  64.29333 
[job(1146): 2016-09-10 00:35:20] 
[job(1146): 2016-09-10 00:35:20] N = 2, M = 5 machine precision = 2.22045e-16
[job(1146): 2016-09-10 00:35:20] At X0, 0 variables are exactly at the bounds
[job(1146): 2016-09-10 00:35:20] At iterate     0  f=      -64.293  |proj g|=       2.1886
[job(1146): 2016-09-10 00:35:20] At iterate     1  f =      -87.957  |proj g|=             0
[job(1146): 2016-09-10 00:35:20] 
[job(1146): 2016-09-10 00:35:20] iterations 1
[job(1146): 2016-09-10 00:35:20] function evaluations 2
[job(1146): 2016-09-10 00:35:20] segments explored during Cauchy searches 2
[job(1146): 2016-09-10 00:35:20] BFGS updates skipped 0
[job(1146): 2016-09-10 00:35:20] active bounds at final generalized Cauchy point 1
[job(1146): 2016-09-10 00:35:20] norm of the final projected gradient 0
[job(1146): 2016-09-10 00:35:20] final function value -87.9569
[job(1146): 2016-09-10 00:35:20] 
[job(1146): 2016-09-10 00:35:20] F = -87.9569
[job(1146): 2016-09-10 00:35:20] final  value -87.956895 
[job(1146): 2016-09-10 00:35:20] converged
[job(1146): 2016-09-10 00:35:20] [Tune-x] 26: C=15; sigma=0.955
[job(1146): 2016-09-10 00:35:20] [Tune-y] 26: acc.test.mean=0.396; time: 0.0 min; memory: 117Mb use, 178Mb max
[job(1146): 2016-09-10 00:35:20] 
[job(1146): 2016-09-10 00:35:20] optimisation start
[job(1146): 2016-09-10 00:35:20] ------------------
[job(1146): 2016-09-10 00:35:20] * estimation method   : MLE 
[job(1146): 2016-09-10 00:35:20] * optimisation method : BFGS 
[job(1146): 2016-09-10 00:35:20] * analytical gradient : used
[job(1146): 2016-09-10 00:35:20] * trend model : ~1
[job(1146): 2016-09-10 00:35:20] * covariance model : 
[job(1146): 2016-09-10 00:35:20]   - type :  matern5_2 
[job(1146): 2016-09-10 00:35:20]   - nugget : NO
[job(1146): 2016-09-10 00:35:20]   - parameters lower bounds :  1e-10 1e-10 
[job(1146): 2016-09-10 00:35:20]   - parameters upper bounds :  44.8427 42.5733 
[job(1146): 2016-09-10 00:35:20]   - best initial criterion value(s) :  60.52696 
[job(1146): 2016-09-10 00:35:20] 
[job(1146): 2016-09-10 00:35:20] N = 2, M = 5 machine precision = 2.22045e-16
[job(1146): 2016-09-10 00:35:20] At X0, 0 variables are exactly at the bounds
[job(1146): 2016-09-10 00:35:20] At iterate     0  f=      -60.527  |proj g|=       4.0356
[job(1146): 2016-09-10 00:35:20] At iterate     1  f =       -91.05  |proj g|=             0
[job(1146): 2016-09-10 00:35:20] 
[job(1146): 2016-09-10 00:35:20] iterations 1
[job(1146): 2016-09-10 00:35:20] function evaluations 2
[job(1146): 2016-09-10 00:35:20] segments explored during Cauchy searches 2
[job(1146): 2016-09-10 00:35:20] BFGS updates skipped 0
[job(1146): 2016-09-10 00:35:20] active bounds at final generalized Cauchy point 1
[job(1146): 2016-09-10 00:35:20] norm of the final projected gradient 0
[job(1146): 2016-09-10 00:35:20] final function value -91.0497
[job(1146): 2016-09-10 00:35:20] 
[job(1146): 2016-09-10 00:35:20] F = -91.0497
[job(1146): 2016-09-10 00:35:20] final  value -91.049687 
[job(1146): 2016-09-10 00:35:20] converged
[job(1146): 2016-09-10 00:35:20] [Tune-x] 27: C=1.12; sigma=0.00117
[job(1146): 2016-09-10 00:35:20] [Tune-y] 27: acc.test.mean=0.388; time: 0.0 min; memory: 117Mb use, 178Mb max
[job(1146): 2016-09-10 00:35:20] 
[job(1146): 2016-09-10 00:35:20] optimisation start
[job(1146): 2016-09-10 00:35:20] ------------------
[job(1146): 2016-09-10 00:35:20] * estimation method   : MLE 
[job(1146): 2016-09-10 00:35:20] * optimisation method : BFGS 
[job(1146): 2016-09-10 00:35:20] * analytical gradient : used
[job(1146): 2016-09-10 00:35:20] * trend model : ~1
[job(1146): 2016-09-10 00:35:20] * covariance model : 
[job(1146): 2016-09-10 00:35:20]   - type :  matern5_2 
[job(1146): 2016-09-10 00:35:20]   - nugget : NO
[job(1146): 2016-09-10 00:35:20]   - parameters lower bounds :  1e-10 1e-10 
[job(1146): 2016-09-10 00:35:20]   - parameters upper bounds :  44.8427 42.5733 
[job(1146): 2016-09-10 00:35:20]   - best initial criterion value(s) :  96.69731 
[job(1146): 2016-09-10 00:35:20] 
[job(1146): 2016-09-10 00:35:20] N = 2, M = 5 machine precision = 2.22045e-16
[job(1146): 2016-09-10 00:35:20] At X0, 0 variables are exactly at the bounds
[job(1146): 2016-09-10 00:35:20] At iterate     0  f=      -96.697  |proj g|=      0.57707
[job(1146): 2016-09-10 00:35:20] At iterate     1  f =      -97.428  |proj g|=        0.4651
[job(1146): 2016-09-10 00:35:20] At iterate     2  f =      -97.667  |proj g|=          2.24
[job(1146): 2016-09-10 00:35:20] At iterate     3  f =      -97.717  |proj g|=       0.17378
[job(1146): 2016-09-10 00:35:20] At iterate     4  f =      -97.718  |proj g|=       0.17281
[job(1146): 2016-09-10 00:35:20] At iterate     5  f =       -97.72  |proj g|=       0.22851
[job(1146): 2016-09-10 00:35:20] At iterate     6  f =      -97.725  |proj g|=       0.58763
[job(1146): 2016-09-10 00:35:20] At iterate     7  f =      -97.738  |proj g|=        1.1005
[job(1146): 2016-09-10 00:35:20] At iterate     8  f =      -97.772  |proj g|=        1.8696
[job(1146): 2016-09-10 00:35:20] At iterate     9  f =      -97.849  |proj g|=        2.7645
[job(1146): 2016-09-10 00:35:20] At iterate    10  f =      -98.009  |proj g|=        3.2263
[job(1146): 2016-09-10 00:35:20] At iterate    11  f =      -98.207  |proj g|=       0.24782
[job(1146): 2016-09-10 00:35:20] At iterate    12  f =      -98.208  |proj g|=      0.066092
[job(1146): 2016-09-10 00:35:20] At iterate    13  f =      -98.208  |proj g|=     0.0011422
[job(1146): 2016-09-10 00:35:20] At iterate    14  f =      -98.208  |proj g|=    5.6421e-05
[job(1146): 2016-09-10 00:35:20] 
[job(1146): 2016-09-10 00:35:20] iterations 14
[job(1146): 2016-09-10 00:35:20] function evaluations 16
[job(1146): 2016-09-10 00:35:20] segments explored during Cauchy searches 15
[job(1146): 2016-09-10 00:35:20] BFGS updates skipped 0
[job(1146): 2016-09-10 00:35:20] active bounds at final generalized Cauchy point 0
[job(1146): 2016-09-10 00:35:20] norm of the final projected gradient 5.64209e-05
[job(1146): 2016-09-10 00:35:20] final function value -98.2077
[job(1146): 2016-09-10 00:35:20] 
[job(1146): 2016-09-10 00:35:20] F = -98.2077
[job(1146): 2016-09-10 00:35:20] final  value -98.207726 
[job(1146): 2016-09-10 00:35:20] converged
[job(1146): 2016-09-10 00:35:20] [Tune-x] 28: C=14.9; sigma=0.813
[job(1146): 2016-09-10 00:35:20] [Tune-y] 28: acc.test.mean=0.414; time: 0.0 min; memory: 117Mb use, 178Mb max
[job(1146): 2016-09-10 00:35:20] 
[job(1146): 2016-09-10 00:35:20] optimisation start
[job(1146): 2016-09-10 00:35:20] ------------------
[job(1146): 2016-09-10 00:35:20] * estimation method   : MLE 
[job(1146): 2016-09-10 00:35:20] * optimisation method : BFGS 
[job(1146): 2016-09-10 00:35:20] * analytical gradient : used
[job(1146): 2016-09-10 00:35:20] * trend model : ~1
[job(1146): 2016-09-10 00:35:20] * covariance model : 
[job(1146): 2016-09-10 00:35:20]   - type :  matern5_2 
[job(1146): 2016-09-10 00:35:20]   - nugget : NO
[job(1146): 2016-09-10 00:35:20]   - parameters lower bounds :  1e-10 1e-10 
[job(1146): 2016-09-10 00:35:20]   - parameters upper bounds :  44.8427 42.5733 
[job(1146): 2016-09-10 00:35:20]   - best initial criterion value(s) :  50.92989 
[job(1146): 2016-09-10 00:35:20] 
[job(1146): 2016-09-10 00:35:20] N = 2, M = 5 machine precision = 2.22045e-16
[job(1146): 2016-09-10 00:35:20] At X0, 0 variables are exactly at the bounds
[job(1146): 2016-09-10 00:35:20] At iterate     0  f=       -50.93  |proj g|=       2.8588
[job(1146): 2016-09-10 00:35:20] At iterate     1  f =      -61.467  |proj g|=        3.8538
[job(1146): 2016-09-10 00:35:20] ys=-5.412e+00  -gs= 8.193e+00, BFGS update SKIPPED
[job(1146): 2016-09-10 00:35:20] At iterate     2  f =      -93.059  |proj g|=             0
[job(1146): 2016-09-10 00:35:20] 
[job(1146): 2016-09-10 00:35:20] iterations 2
[job(1146): 2016-09-10 00:35:20] function evaluations 3
[job(1146): 2016-09-10 00:35:20] segments explored during Cauchy searches 3
[job(1146): 2016-09-10 00:35:20] BFGS updates skipped 1
[job(1146): 2016-09-10 00:35:20] active bounds at final generalized Cauchy point 1
[job(1146): 2016-09-10 00:35:20] norm of the final projected gradient 0
[job(1146): 2016-09-10 00:35:20] final function value -93.0591
[job(1146): 2016-09-10 00:35:20] 
[job(1146): 2016-09-10 00:35:20] F = -93.0591
[job(1146): 2016-09-10 00:35:20] final  value -93.059107 
[job(1146): 2016-09-10 00:35:20] converged
[job(1146): 2016-09-10 00:35:20] [Tune] Result: C=14.9; sigma=0.813 : acc.test.mean=-0.414
[job(1146): 2016-09-10 00:35:20] Job terminated successfully
[job(chunk): 2016-09-10 00:35:20] Calculation finished!
