[job(chunk): 2016-09-09 20:17:44] Starting calculation of 1 jobs
[job(chunk): 2016-09-09 20:17:44] Setting working directory to '/naslx/projects/pr74ze/ri89coc2/svm_comparison'
[job(chunk): 2016-09-09 20:17:44] Memory measurement disabled
[job(945): 2016-09-09 20:17:46] Starting job with job.id=945
[job(945): 2016-09-09 20:18:36] Generating problem instance for problem '1413' ...
[job(945): 2016-09-09 20:18:36] Data '1413' file 'description.xml' found in cache.
[job(945): 2016-09-09 20:18:36] Data '1413' file 'dataset.arff' found in cache.
[job(945): 2016-09-09 20:18:36] Loading required package: readr
[job(945): 2016-09-09 20:18:36] Applying algorithm 'spoc-svc.tuned' on problem '1413' ...
[job(945): 2016-09-09 20:18:36] Data '1413' file 'description.xml' found in cache.
[job(945): 2016-09-09 20:18:36] Data '1413' file 'dataset.arff' found in cache.
[job(945): 2016-09-09 20:18:36] [Tune] Started tuning learner spoc-svc for parameter set:
[job(945): 2016-09-09 20:18:36]          Type len Def    Constr Req Tunable Trafo
[job(945): 2016-09-09 20:18:36] C     numeric   -   - -12 to 12   -    TRUE     Y
[job(945): 2016-09-09 20:18:36] sigma numeric   -   - -12 to 12   -    TRUE     Y
[job(945): 2016-09-09 20:18:36] With control class: TuneControlMBO
[job(945): 2016-09-09 20:18:36] Imputation value: -0
[job(945): 2016-09-09 20:18:36] [Tune-x] 1: C=0.00403; sigma=0.144
[job(945): 2016-09-09 20:18:36] [Tune-y] 1: acc.test.mean=0.756; time: 0.0 min; memory: 112Mb use, 139Mb max
[job(945): 2016-09-09 20:18:36] [Tune-x] 2: C=9.92; sigma=0.000609
[job(945): 2016-09-09 20:18:36] [Tune-y] 2: acc.test.mean=0.704; time: 0.0 min; memory: 112Mb use, 139Mb max
[job(945): 2016-09-09 20:18:36] [Tune-x] 3: C=0.0174; sigma=2.55
[job(945): 2016-09-09 20:18:36] [Tune-y] 3: acc.test.mean=0.948; time: 0.0 min; memory: 112Mb use, 139Mb max
[job(945): 2016-09-09 20:18:36] [Tune-x] 4: C=724; sigma=367
[job(945): 2016-09-09 20:18:36] [Tune-y] 4: acc.test.mean=0.926; time: 0.0 min; memory: 112Mb use, 139Mb max
[job(945): 2016-09-09 20:18:36] [Tune-x] 5: C=0.784; sigma=0.107
[job(945): 2016-09-09 20:18:36] [Tune-y] 5: acc.test.mean=0.963; time: 0.0 min; memory: 112Mb use, 139Mb max
[job(945): 2016-09-09 20:18:36] [Tune-x] 6: C=0.000454; sigma=47.1
[job(945): 2016-09-09 20:18:36] [Tune-y] 6: acc.test.mean=0.941; time: 0.0 min; memory: 112Mb use, 139Mb max
[job(945): 2016-09-09 20:18:36] [Tune-x] 7: C=1.79; sigma=1.26e+03
[job(945): 2016-09-09 20:18:36] [Tune-y] 7: acc.test.mean=0.933; time: 0.0 min; memory: 112Mb use, 139Mb max
[job(945): 2016-09-09 20:18:36] [Tune-x] 8: C=104; sigma=0.00306
[job(945): 2016-09-09 20:18:36] [Tune-y] 8: acc.test.mean=0.963; time: 0.0 min; memory: 112Mb use, 139Mb max
[job(945): 2016-09-09 20:18:36] 
[job(945): 2016-09-09 20:18:36] optimisation start
[job(945): 2016-09-09 20:18:36] ------------------
[job(945): 2016-09-09 20:18:36] * estimation method   : MLE 
[job(945): 2016-09-09 20:18:36] * optimisation method : BFGS 
[job(945): 2016-09-09 20:18:36] * analytical gradient : used
[job(945): 2016-09-09 20:18:36] * trend model : ~1
[job(945): 2016-09-09 20:18:36] * covariance model : 
[job(945): 2016-09-09 20:18:36]   - type :  matern5_2 
[job(945): 2016-09-09 20:18:36]   - nugget : NO
[job(945): 2016-09-09 20:18:36]   - parameters lower bounds :  1e-10 1e-10 
[job(945): 2016-09-09 20:18:36]   - parameters upper bounds :  41.21018 41.9633 
[job(945): 2016-09-09 20:18:36]   - best initial criterion value(s) :  6.321942 
[job(945): 2016-09-09 20:18:36] 
[job(945): 2016-09-09 20:18:36] N = 2, M = 5 machine precision = 2.22045e-16
[job(945): 2016-09-09 20:18:36] At X0, 0 variables are exactly at the bounds
[job(945): 2016-09-09 20:18:36] At iterate     0  f=      -6.3219  |proj g|=       1.3329
[job(945): 2016-09-09 20:18:36] At iterate     1  f =      -7.4801  |proj g|=      0.052834
[job(945): 2016-09-09 20:18:36] At iterate     2  f =      -7.4814  |proj g|=     0.0020429
[job(945): 2016-09-09 20:18:36] At iterate     3  f =      -7.4814  |proj g|=     0.0019127
[job(945): 2016-09-09 20:18:36] At iterate     4  f =      -7.4814  |proj g|=     0.0019305
[job(945): 2016-09-09 20:18:36] At iterate     5  f =      -7.4814  |proj g|=     0.0050842
[job(945): 2016-09-09 20:18:36] At iterate     6  f =      -7.4815  |proj g|=      0.010559
[job(945): 2016-09-09 20:18:36] At iterate     7  f =      -7.4817  |proj g|=      0.019419
[job(945): 2016-09-09 20:18:36] At iterate     8  f =      -7.4821  |proj g|=      0.033703
[job(945): 2016-09-09 20:18:36] At iterate     9  f =      -7.4832  |proj g|=      0.054958
[job(945): 2016-09-09 20:18:36] At iterate    10  f =      -7.4857  |proj g|=       0.07984
[job(945): 2016-09-09 20:18:36] At iterate    11  f =      -7.4906  |proj g|=      0.089698
[job(945): 2016-09-09 20:18:36] At iterate    12  f =      -7.4998  |proj g|=     0.0071132
[job(945): 2016-09-09 20:18:36] At iterate    13  f =       -7.503  |proj g|=     0.0011489
[job(945): 2016-09-09 20:18:36] At iterate    14  f =      -7.5036  |proj g|=     0.0027362
[job(945): 2016-09-09 20:18:36] At iterate    15  f =      -7.5036  |proj g|=    0.00044699
[job(945): 2016-09-09 20:18:36] At iterate    16  f =      -7.5036  |proj g|=    1.5871e-06
[job(945): 2016-09-09 20:18:36] At iterate    17  f =      -7.5036  |proj g|=    9.3063e-10
[job(945): 2016-09-09 20:18:36] 
[job(945): 2016-09-09 20:18:36] iterations 17
[job(945): 2016-09-09 20:18:36] function evaluations 18
[job(945): 2016-09-09 20:18:36] segments explored during Cauchy searches 17
[job(945): 2016-09-09 20:18:36] BFGS updates skipped 0
[job(945): 2016-09-09 20:18:36] active bounds at final generalized Cauchy point 1
[job(945): 2016-09-09 20:18:36] norm of the final projected gradient 9.3063e-10
[job(945): 2016-09-09 20:18:36] final function value -7.50364
[job(945): 2016-09-09 20:18:36] 
[job(945): 2016-09-09 20:18:36] F = -7.50364
[job(945): 2016-09-09 20:18:36] final  value -7.503644 
[job(945): 2016-09-09 20:18:36] converged
[job(945): 2016-09-09 20:18:36] [Tune-x] 9: C=0.824; sigma=0.28
[job(945): 2016-09-09 20:18:36] [Tune-y] 9: acc.test.mean=0.956; time: 0.0 min; memory: 116Mb use, 150Mb max
[job(945): 2016-09-09 20:18:36] 
[job(945): 2016-09-09 20:18:36] optimisation start
[job(945): 2016-09-09 20:18:36] ------------------
[job(945): 2016-09-09 20:18:36] * estimation method   : MLE 
[job(945): 2016-09-09 20:18:36] * optimisation method : BFGS 
[job(945): 2016-09-09 20:18:36] * analytical gradient : used
[job(945): 2016-09-09 20:18:36] * trend model : ~1
[job(945): 2016-09-09 20:18:36] * covariance model : 
[job(945): 2016-09-09 20:18:36]   - type :  matern5_2 
[job(945): 2016-09-09 20:18:36]   - nugget : NO
[job(945): 2016-09-09 20:18:36]   - parameters lower bounds :  1e-10 1e-10 
[job(945): 2016-09-09 20:18:36]   - parameters upper bounds :  41.21018 41.9633 
[job(945): 2016-09-09 20:18:36]   - best initial criterion value(s) :  8.794448 
[job(945): 2016-09-09 20:18:36] 
[job(945): 2016-09-09 20:18:36] N = 2, M = 5 machine precision = 2.22045e-16
[job(945): 2016-09-09 20:18:36] At X0, 0 variables are exactly at the bounds
[job(945): 2016-09-09 20:18:36] At iterate     0  f=      -8.7944  |proj g|=       1.5331
[job(945): 2016-09-09 20:18:36] At iterate     1  f =      -10.617  |proj g|=       0.26173
[job(945): 2016-09-09 20:18:36] At iterate     2  f =      -10.633  |proj g|=      0.030125
[job(945): 2016-09-09 20:18:36] At iterate     3  f =      -10.635  |proj g|=      0.029604
[job(945): 2016-09-09 20:18:36] At iterate     4  f =      -10.656  |proj g|=       0.18054
[job(945): 2016-09-09 20:18:36] At iterate     5  f =       -10.69  |proj g|=       0.29669
[job(945): 2016-09-09 20:18:36] At iterate     6  f =      -10.758  |proj g|=       0.29582
[job(945): 2016-09-09 20:18:36] At iterate     7  f =      -10.807  |proj g|=       0.30327
[job(945): 2016-09-09 20:18:36] At iterate     8  f =      -10.828  |proj g|=        0.1155
[job(945): 2016-09-09 20:18:36] At iterate     9  f =      -10.847  |proj g|=      0.069022
[job(945): 2016-09-09 20:18:36] At iterate    10  f =      -10.859  |proj g|=      0.081169
[job(945): 2016-09-09 20:18:36] At iterate    11  f =      -10.861  |proj g|=       0.02122
[job(945): 2016-09-09 20:18:36] At iterate    12  f =      -10.861  |proj g|=    0.00040527
[job(945): 2016-09-09 20:18:36] At iterate    13  f =      -10.861  |proj g|=    1.8167e-05
[job(945): 2016-09-09 20:18:36] At iterate    14  f =      -10.861  |proj g|=    6.5203e-10
[job(945): 2016-09-09 20:18:36] 
[job(945): 2016-09-09 20:18:36] iterations 14
[job(945): 2016-09-09 20:18:36] function evaluations 18
[job(945): 2016-09-09 20:18:36] segments explored during Cauchy searches 14
[job(945): 2016-09-09 20:18:36] BFGS updates skipped 0
[job(945): 2016-09-09 20:18:36] active bounds at final generalized Cauchy point 1
[job(945): 2016-09-09 20:18:36] norm of the final projected gradient 6.52032e-10
[job(945): 2016-09-09 20:18:36] final function value -10.8614
[job(945): 2016-09-09 20:18:36] 
[job(945): 2016-09-09 20:18:36] F = -10.8614
[job(945): 2016-09-09 20:18:36] final  value -10.861374 
[job(945): 2016-09-09 20:18:36] converged
[job(945): 2016-09-09 20:18:36] [Tune-x] 10: C=0.614; sigma=0.000438
[job(945): 2016-09-09 20:18:36] [Tune-y] 10: acc.test.mean=0.43; time: 0.0 min; memory: 116Mb use, 156Mb max
[job(945): 2016-09-09 20:18:36] 
[job(945): 2016-09-09 20:18:36] optimisation start
[job(945): 2016-09-09 20:18:36] ------------------
[job(945): 2016-09-09 20:18:36] * estimation method   : MLE 
[job(945): 2016-09-09 20:18:36] * optimisation method : BFGS 
[job(945): 2016-09-09 20:18:36] * analytical gradient : used
[job(945): 2016-09-09 20:18:36] * trend model : ~1
[job(945): 2016-09-09 20:18:36] * covariance model : 
[job(945): 2016-09-09 20:18:36]   - type :  matern5_2 
[job(945): 2016-09-09 20:18:36]   - nugget : NO
[job(945): 2016-09-09 20:18:36]   - parameters lower bounds :  1e-10 1e-10 
[job(945): 2016-09-09 20:18:36]   - parameters upper bounds :  41.21018 42.91667 
[job(945): 2016-09-09 20:18:36]   - best initial criterion value(s) :  4.819516 
[job(945): 2016-09-09 20:18:36] 
[job(945): 2016-09-09 20:18:36] N = 2, M = 5 machine precision = 2.22045e-16
[job(945): 2016-09-09 20:18:36] At X0, 0 variables are exactly at the bounds
[job(945): 2016-09-09 20:18:36] At iterate     0  f=      -4.8195  |proj g|=      0.17502
[job(945): 2016-09-09 20:18:36] At iterate     1  f =      -4.8473  |proj g|=       0.13736
[job(945): 2016-09-09 20:18:36] At iterate     2  f =      -4.9271  |proj g|=      0.098219
[job(945): 2016-09-09 20:18:36] At iterate     3  f =      -4.9672  |proj g|=      0.097434
[job(945): 2016-09-09 20:18:36] At iterate     4  f =      -5.0133  |proj g|=      0.066114
[job(945): 2016-09-09 20:18:36] At iterate     5  f =      -5.0227  |proj g|=      0.015896
[job(945): 2016-09-09 20:18:36] At iterate     6  f =      -5.0231  |proj g|=     0.0025238
[job(945): 2016-09-09 20:18:36] At iterate     7  f =      -5.0232  |proj g|=    0.00043987
[job(945): 2016-09-09 20:18:36] At iterate     8  f =      -5.0232  |proj g|=    6.0373e-05
[job(945): 2016-09-09 20:18:36] At iterate     9  f =      -5.0232  |proj g|=    1.9003e-06
[job(945): 2016-09-09 20:18:36] 
[job(945): 2016-09-09 20:18:36] iterations 9
[job(945): 2016-09-09 20:18:36] function evaluations 11
[job(945): 2016-09-09 20:18:36] segments explored during Cauchy searches 9
[job(945): 2016-09-09 20:18:36] BFGS updates skipped 0
[job(945): 2016-09-09 20:18:36] active bounds at final generalized Cauchy point 0
[job(945): 2016-09-09 20:18:36] norm of the final projected gradient 1.9003e-06
[job(945): 2016-09-09 20:18:36] final function value -5.02317
[job(945): 2016-09-09 20:18:36] 
[job(945): 2016-09-09 20:18:36] F = -5.02317
[job(945): 2016-09-09 20:18:36] final  value -5.023173 
[job(945): 2016-09-09 20:18:36] converged
[job(945): 2016-09-09 20:18:36] [Tune-x] 11: C=153; sigma=0.00563
[job(945): 2016-09-09 20:18:36] [Tune-y] 11: acc.test.mean=0.978; time: 0.0 min; memory: 116Mb use, 156Mb max
[job(945): 2016-09-09 20:18:36] 
[job(945): 2016-09-09 20:18:36] optimisation start
[job(945): 2016-09-09 20:18:36] ------------------
[job(945): 2016-09-09 20:18:36] * estimation method   : MLE 
[job(945): 2016-09-09 20:18:36] * optimisation method : BFGS 
[job(945): 2016-09-09 20:18:36] * analytical gradient : used
[job(945): 2016-09-09 20:18:36] * trend model : ~1
[job(945): 2016-09-09 20:18:36] * covariance model : 
[job(945): 2016-09-09 20:18:36]   - type :  matern5_2 
[job(945): 2016-09-09 20:18:36]   - nugget : NO
[job(945): 2016-09-09 20:18:36]   - parameters lower bounds :  1e-10 1e-10 
[job(945): 2016-09-09 20:18:36]   - parameters upper bounds :  41.21018 42.91667 
[job(945): 2016-09-09 20:18:36]   - best initial criterion value(s) :  6.853368 
[job(945): 2016-09-09 20:18:36] 
[job(945): 2016-09-09 20:18:36] N = 2, M = 5 machine precision = 2.22045e-16
[job(945): 2016-09-09 20:18:36] At X0, 0 variables are exactly at the bounds
[job(945): 2016-09-09 20:18:36] At iterate     0  f=      -6.8534  |proj g|=      0.47474
[job(945): 2016-09-09 20:18:36] At iterate     1  f =      -7.0697  |proj g|=       0.26428
[job(945): 2016-09-09 20:18:36] At iterate     2  f =      -7.1951  |proj g|=      0.054565
[job(945): 2016-09-09 20:18:36] At iterate     3  f =       -7.203  |proj g|=      0.035996
[job(945): 2016-09-09 20:18:36] At iterate     4  f =      -7.2146  |proj g|=       0.03937
[job(945): 2016-09-09 20:18:36] At iterate     5  f =      -7.2178  |proj g|=      0.011908
[job(945): 2016-09-09 20:18:36] At iterate     6  f =       -7.218  |proj g|=    0.00012312
[job(945): 2016-09-09 20:18:36] At iterate     7  f =       -7.218  |proj g|=    7.4101e-07
[job(945): 2016-09-09 20:18:36] At iterate     8  f =       -7.218  |proj g|=    1.4522e-08
[job(945): 2016-09-09 20:18:36] 
[job(945): 2016-09-09 20:18:36] iterations 8
[job(945): 2016-09-09 20:18:36] function evaluations 9
[job(945): 2016-09-09 20:18:36] segments explored during Cauchy searches 8
[job(945): 2016-09-09 20:18:36] BFGS updates skipped 0
[job(945): 2016-09-09 20:18:36] active bounds at final generalized Cauchy point 0
[job(945): 2016-09-09 20:18:36] norm of the final projected gradient 1.45218e-08
[job(945): 2016-09-09 20:18:36] final function value -7.21803
[job(945): 2016-09-09 20:18:36] 
[job(945): 2016-09-09 20:18:36] F = -7.21803
[job(945): 2016-09-09 20:18:36] final  value -7.218028 
[job(945): 2016-09-09 20:18:36] converged
[job(945): 2016-09-09 20:18:36] [Tune-x] 12: C=15; sigma=0.0609
[job(945): 2016-09-09 20:18:36] [Tune-y] 12: acc.test.mean=0.978; time: 0.0 min; memory: 116Mb use, 158Mb max
[job(945): 2016-09-09 20:18:36] 
[job(945): 2016-09-09 20:18:36] optimisation start
[job(945): 2016-09-09 20:18:36] ------------------
[job(945): 2016-09-09 20:18:36] * estimation method   : MLE 
[job(945): 2016-09-09 20:18:36] * optimisation method : BFGS 
[job(945): 2016-09-09 20:18:36] * analytical gradient : used
[job(945): 2016-09-09 20:18:36] * trend model : ~1
[job(945): 2016-09-09 20:18:36] * covariance model : 
[job(945): 2016-09-09 20:18:36]   - type :  matern5_2 
[job(945): 2016-09-09 20:18:36]   - nugget : NO
[job(945): 2016-09-09 20:18:36]   - parameters lower bounds :  1e-10 1e-10 
[job(945): 2016-09-09 20:18:36]   - parameters upper bounds :  41.21018 42.91667 
[job(945): 2016-09-09 20:18:36]   - best initial criterion value(s) :  8.523468 
[job(945): 2016-09-09 20:18:36] 
[job(945): 2016-09-09 20:18:36] N = 2, M = 5 machine precision = 2.22045e-16
[job(945): 2016-09-09 20:18:36] At X0, 0 variables are exactly at the bounds
[job(945): 2016-09-09 20:18:36] At iterate     0  f=      -8.5235  |proj g|=      0.08021
[job(945): 2016-09-09 20:18:36] At iterate     1  f =      -8.5324  |proj g|=      0.061732
[job(945): 2016-09-09 20:18:36] At iterate     2  f =      -8.5881  |proj g|=      0.060698
[job(945): 2016-09-09 20:18:36] At iterate     3  f =      -8.6085  |proj g|=      0.040286
[job(945): 2016-09-09 20:18:36] At iterate     4  f =      -8.6113  |proj g|=     0.0035754
[job(945): 2016-09-09 20:18:36] At iterate     5  f =      -8.6113  |proj g|=    0.00010709
[job(945): 2016-09-09 20:18:36] At iterate     6  f =      -8.6113  |proj g|=    2.0154e-05
[job(945): 2016-09-09 20:18:36] At iterate     7  f =      -8.6113  |proj g|=    1.4919e-07
[job(945): 2016-09-09 20:18:36] 
[job(945): 2016-09-09 20:18:36] iterations 7
[job(945): 2016-09-09 20:18:36] function evaluations 8
[job(945): 2016-09-09 20:18:36] segments explored during Cauchy searches 7
[job(945): 2016-09-09 20:18:36] BFGS updates skipped 0
[job(945): 2016-09-09 20:18:36] active bounds at final generalized Cauchy point 0
[job(945): 2016-09-09 20:18:36] norm of the final projected gradient 1.49186e-07
[job(945): 2016-09-09 20:18:36] final function value -8.6113
[job(945): 2016-09-09 20:18:36] 
[job(945): 2016-09-09 20:18:36] F = -8.6113
[job(945): 2016-09-09 20:18:36] final  value -8.611304 
[job(945): 2016-09-09 20:18:36] converged
[job(945): 2016-09-09 20:18:36] [Tune-x] 13: C=0.0347; sigma=13.5
[job(945): 2016-09-09 20:18:36] [Tune-y] 13: acc.test.mean=0.956; time: 0.0 min; memory: 116Mb use, 158Mb max
[job(945): 2016-09-09 20:18:36] 
[job(945): 2016-09-09 20:18:36] optimisation start
[job(945): 2016-09-09 20:18:36] ------------------
[job(945): 2016-09-09 20:18:36] * estimation method   : MLE 
[job(945): 2016-09-09 20:18:36] * optimisation method : BFGS 
[job(945): 2016-09-09 20:18:36] * analytical gradient : used
[job(945): 2016-09-09 20:18:36] * trend model : ~1
[job(945): 2016-09-09 20:18:36] * covariance model : 
[job(945): 2016-09-09 20:18:36]   - type :  matern5_2 
[job(945): 2016-09-09 20:18:36]   - nugget : NO
[job(945): 2016-09-09 20:18:36]   - parameters lower bounds :  1e-10 1e-10 
[job(945): 2016-09-09 20:18:36]   - parameters upper bounds :  41.21018 42.91667 
[job(945): 2016-09-09 20:18:36]   - best initial criterion value(s) :  8.327721 
[job(945): 2016-09-09 20:18:36] 
[job(945): 2016-09-09 20:18:36] N = 2, M = 5 machine precision = 2.22045e-16
[job(945): 2016-09-09 20:18:36] At X0, 0 variables are exactly at the bounds
[job(945): 2016-09-09 20:18:36] At iterate     0  f=      -8.3277  |proj g|=      0.83562
[job(945): 2016-09-09 20:18:36] At iterate     1  f =      -8.9815  |proj g|=       0.48019
[job(945): 2016-09-09 20:18:36] At iterate     2  f =      -9.4934  |proj g|=       0.16374
[job(945): 2016-09-09 20:18:36] At iterate     3  f =      -9.5932  |proj g|=       0.12852
[job(945): 2016-09-09 20:18:36] At iterate     4  f =      -9.8017  |proj g|=        0.2424
[job(945): 2016-09-09 20:18:36] At iterate     5  f =      -9.9536  |proj g|=       0.28008
[job(945): 2016-09-09 20:18:36] At iterate     6  f =      -10.091  |proj g|=      0.094957
[job(945): 2016-09-09 20:18:36] At iterate     7  f =      -10.103  |proj g|=      0.038504
[job(945): 2016-09-09 20:18:36] At iterate     8  f =      -10.106  |proj g|=    0.00055746
[job(945): 2016-09-09 20:18:36] At iterate     9  f =      -10.106  |proj g|=    0.00035167
[job(945): 2016-09-09 20:18:36] At iterate    10  f =      -10.106  |proj g|=    7.8028e-06
[job(945): 2016-09-09 20:18:36] At iterate    11  f =      -10.106  |proj g|=     4.946e-08
[job(945): 2016-09-09 20:18:36] 
[job(945): 2016-09-09 20:18:36] iterations 11
[job(945): 2016-09-09 20:18:36] function evaluations 12
[job(945): 2016-09-09 20:18:36] segments explored during Cauchy searches 11
[job(945): 2016-09-09 20:18:36] BFGS updates skipped 0
[job(945): 2016-09-09 20:18:36] active bounds at final generalized Cauchy point 0
[job(945): 2016-09-09 20:18:36] norm of the final projected gradient 4.94598e-08
[job(945): 2016-09-09 20:18:36] final function value -10.1062
[job(945): 2016-09-09 20:18:36] 
[job(945): 2016-09-09 20:18:36] F = -10.1062
[job(945): 2016-09-09 20:18:36] final  value -10.106205 
[job(945): 2016-09-09 20:18:36] converged
[job(945): 2016-09-09 20:18:36] [Tune-x] 14: C=6.05; sigma=0.074
[job(945): 2016-09-09 20:18:36] [Tune-y] 14: acc.test.mean=0.963; time: 0.0 min; memory: 116Mb use, 158Mb max
[job(945): 2016-09-09 20:18:36] 
[job(945): 2016-09-09 20:18:36] optimisation start
[job(945): 2016-09-09 20:18:36] ------------------
[job(945): 2016-09-09 20:18:36] * estimation method   : MLE 
[job(945): 2016-09-09 20:18:36] * optimisation method : BFGS 
[job(945): 2016-09-09 20:18:36] * analytical gradient : used
[job(945): 2016-09-09 20:18:36] * trend model : ~1
[job(945): 2016-09-09 20:18:36] * covariance model : 
[job(945): 2016-09-09 20:18:36]   - type :  matern5_2 
[job(945): 2016-09-09 20:18:36]   - nugget : NO
[job(945): 2016-09-09 20:18:36]   - parameters lower bounds :  1e-10 1e-10 
[job(945): 2016-09-09 20:18:36]   - parameters upper bounds :  41.21018 42.91667 
[job(945): 2016-09-09 20:18:36]   - best initial criterion value(s) :  9.285797 
[job(945): 2016-09-09 20:18:36] 
[job(945): 2016-09-09 20:18:36] N = 2, M = 5 machine precision = 2.22045e-16
[job(945): 2016-09-09 20:18:36] At X0, 0 variables are exactly at the bounds
[job(945): 2016-09-09 20:18:36] At iterate     0  f=      -9.2858  |proj g|=      0.58829
[job(945): 2016-09-09 20:18:36] At iterate     1  f =      -9.7683  |proj g|=       0.55855
[job(945): 2016-09-09 20:18:36] At iterate     2  f =      -11.573  |proj g|=       0.36468
[job(945): 2016-09-09 20:18:36] At iterate     3  f =      -12.234  |proj g|=       0.22886
[job(945): 2016-09-09 20:18:36] At iterate     4  f =      -12.404  |proj g|=       0.30222
[job(945): 2016-09-09 20:18:36] At iterate     5  f =      -12.641  |proj g|=       0.19318
[job(945): 2016-09-09 20:18:36] At iterate     6  f =      -12.759  |proj g|=       0.10871
[job(945): 2016-09-09 20:18:36] At iterate     7  f =       -12.79  |proj g|=      0.020827
[job(945): 2016-09-09 20:18:36] At iterate     8  f =      -12.791  |proj g|=     0.0019213
[job(945): 2016-09-09 20:18:36] At iterate     9  f =      -12.791  |proj g|=    4.7398e-05
[job(945): 2016-09-09 20:18:36] At iterate    10  f =      -12.791  |proj g|=    2.7089e-06
[job(945): 2016-09-09 20:18:36] 
[job(945): 2016-09-09 20:18:36] iterations 10
[job(945): 2016-09-09 20:18:36] function evaluations 13
[job(945): 2016-09-09 20:18:36] segments explored during Cauchy searches 10
[job(945): 2016-09-09 20:18:36] BFGS updates skipped 0
[job(945): 2016-09-09 20:18:36] active bounds at final generalized Cauchy point 0
[job(945): 2016-09-09 20:18:36] norm of the final projected gradient 2.70887e-06
[job(945): 2016-09-09 20:18:36] final function value -12.7911
[job(945): 2016-09-09 20:18:36] 
[job(945): 2016-09-09 20:18:36] F = -12.7911
[job(945): 2016-09-09 20:18:36] final  value -12.791099 
[job(945): 2016-09-09 20:18:36] converged
[job(945): 2016-09-09 20:18:36] [Tune-x] 15: C=60.9; sigma=0.0326
[job(945): 2016-09-09 20:18:36] [Tune-y] 15: acc.test.mean=0.956; time: 0.0 min; memory: 116Mb use, 158Mb max
[job(945): 2016-09-09 20:18:36] 
[job(945): 2016-09-09 20:18:36] optimisation start
[job(945): 2016-09-09 20:18:36] ------------------
[job(945): 2016-09-09 20:18:36] * estimation method   : MLE 
[job(945): 2016-09-09 20:18:36] * optimisation method : BFGS 
[job(945): 2016-09-09 20:18:36] * analytical gradient : used
[job(945): 2016-09-09 20:18:36] * trend model : ~1
[job(945): 2016-09-09 20:18:36] * covariance model : 
[job(945): 2016-09-09 20:18:36]   - type :  matern5_2 
[job(945): 2016-09-09 20:18:36]   - nugget : NO
[job(945): 2016-09-09 20:18:36]   - parameters lower bounds :  1e-10 1e-10 
[job(945): 2016-09-09 20:18:36]   - parameters upper bounds :  41.21018 42.91667 
[job(945): 2016-09-09 20:18:36]   - best initial criterion value(s) :  10.97394 
[job(945): 2016-09-09 20:18:36] 
[job(945): 2016-09-09 20:18:36] N = 2, M = 5 machine precision = 2.22045e-16
[job(945): 2016-09-09 20:18:36] At X0, 0 variables are exactly at the bounds
[job(945): 2016-09-09 20:18:36] At iterate     0  f=      -10.974  |proj g|=      0.40454
[job(945): 2016-09-09 20:18:36] At iterate     1  f =      -11.209  |proj g|=       0.38391
[job(945): 2016-09-09 20:18:36] At iterate     2  f =      -13.901  |proj g|=       0.60866
[job(945): 2016-09-09 20:18:36] At iterate     3  f =      -14.298  |proj g|=       0.30787
[job(945): 2016-09-09 20:18:36] At iterate     4  f =      -14.476  |proj g|=      0.020193
[job(945): 2016-09-09 20:18:36] At iterate     5  f =      -14.477  |proj g|=     0.0084462
[job(945): 2016-09-09 20:18:36] At iterate     6  f =      -14.477  |proj g|=    9.7287e-05
[job(945): 2016-09-09 20:18:36] At iterate     7  f =      -14.477  |proj g|=    4.1103e-07
[job(945): 2016-09-09 20:18:36] 
[job(945): 2016-09-09 20:18:36] iterations 7
[job(945): 2016-09-09 20:18:36] function evaluations 11
[job(945): 2016-09-09 20:18:36] segments explored during Cauchy searches 8
[job(945): 2016-09-09 20:18:36] BFGS updates skipped 0
[job(945): 2016-09-09 20:18:36] active bounds at final generalized Cauchy point 0
[job(945): 2016-09-09 20:18:36] norm of the final projected gradient 4.11026e-07
[job(945): 2016-09-09 20:18:36] final function value -14.4771
[job(945): 2016-09-09 20:18:36] 
[job(945): 2016-09-09 20:18:36] F = -14.4771
[job(945): 2016-09-09 20:18:36] final  value -14.477147 
[job(945): 2016-09-09 20:18:36] converged
[job(945): 2016-09-09 20:18:36] [Tune-x] 16: C=408; sigma=0.00385
[job(945): 2016-09-09 20:18:36] [Tune-y] 16: acc.test.mean=0.963; time: 0.0 min; memory: 116Mb use, 158Mb max
[job(945): 2016-09-09 20:18:36] 
[job(945): 2016-09-09 20:18:36] optimisation start
[job(945): 2016-09-09 20:18:36] ------------------
[job(945): 2016-09-09 20:18:36] * estimation method   : MLE 
[job(945): 2016-09-09 20:18:36] * optimisation method : BFGS 
[job(945): 2016-09-09 20:18:36] * analytical gradient : used
[job(945): 2016-09-09 20:18:36] * trend model : ~1
[job(945): 2016-09-09 20:18:36] * covariance model : 
[job(945): 2016-09-09 20:18:36]   - type :  matern5_2 
[job(945): 2016-09-09 20:18:36]   - nugget : NO
[job(945): 2016-09-09 20:18:36]   - parameters lower bounds :  1e-10 1e-10 
[job(945): 2016-09-09 20:18:36]   - parameters upper bounds :  41.21018 42.91667 
[job(945): 2016-09-09 20:18:36]   - best initial criterion value(s) :  11.48186 
[job(945): 2016-09-09 20:18:36] 
[job(945): 2016-09-09 20:18:36] N = 2, M = 5 machine precision = 2.22045e-16
[job(945): 2016-09-09 20:18:36] At X0, 0 variables are exactly at the bounds
[job(945): 2016-09-09 20:18:36] At iterate     0  f=      -11.482  |proj g|=       0.5303
[job(945): 2016-09-09 20:18:36] At iterate     1  f =      -11.768  |proj g|=       0.52246
[job(945): 2016-09-09 20:18:36] At iterate     2  f =      -14.879  |proj g|=       0.65968
[job(945): 2016-09-09 20:18:36] At iterate     3  f =      -15.276  |proj g|=       0.64674
[job(945): 2016-09-09 20:18:36] At iterate     4  f =      -16.359  |proj g|=       0.32407
[job(945): 2016-09-09 20:18:36] At iterate     5  f =      -16.574  |proj g|=      0.010299
[job(945): 2016-09-09 20:18:36] At iterate     6  f =      -16.574  |proj g|=     0.0036545
[job(945): 2016-09-09 20:18:36] At iterate     7  f =      -16.574  |proj g|=    0.00063745
[job(945): 2016-09-09 20:18:36] At iterate     8  f =      -16.574  |proj g|=     0.0001001
[job(945): 2016-09-09 20:18:36] At iterate     9  f =      -16.574  |proj g|=     2.289e-08
[job(945): 2016-09-09 20:18:36] 
[job(945): 2016-09-09 20:18:36] iterations 9
[job(945): 2016-09-09 20:18:36] function evaluations 15
[job(945): 2016-09-09 20:18:36] segments explored during Cauchy searches 10
[job(945): 2016-09-09 20:18:36] BFGS updates skipped 0
[job(945): 2016-09-09 20:18:36] active bounds at final generalized Cauchy point 0
[job(945): 2016-09-09 20:18:36] norm of the final projected gradient 2.28898e-08
[job(945): 2016-09-09 20:18:36] final function value -16.5742
[job(945): 2016-09-09 20:18:36] 
[job(945): 2016-09-09 20:18:36] F = -16.5742
[job(945): 2016-09-09 20:18:36] final  value -16.574181 
[job(945): 2016-09-09 20:18:36] converged
[job(945): 2016-09-09 20:18:36] [Tune-x] 17: C=117; sigma=0.00615
[job(945): 2016-09-09 20:18:36] [Tune-y] 17: acc.test.mean=0.97; time: 0.0 min; memory: 116Mb use, 158Mb max
[job(945): 2016-09-09 20:18:36] 
[job(945): 2016-09-09 20:18:36] optimisation start
[job(945): 2016-09-09 20:18:36] ------------------
[job(945): 2016-09-09 20:18:36] * estimation method   : MLE 
[job(945): 2016-09-09 20:18:36] * optimisation method : BFGS 
[job(945): 2016-09-09 20:18:36] * analytical gradient : used
[job(945): 2016-09-09 20:18:36] * trend model : ~1
[job(945): 2016-09-09 20:18:36] * covariance model : 
[job(945): 2016-09-09 20:18:36]   - type :  matern5_2 
[job(945): 2016-09-09 20:18:36]   - nugget : NO
[job(945): 2016-09-09 20:18:36]   - parameters lower bounds :  1e-10 1e-10 
[job(945): 2016-09-09 20:18:36]   - parameters upper bounds :  41.21018 42.91667 
[job(945): 2016-09-09 20:18:36]   - best initial criterion value(s) :  15.90989 
[job(945): 2016-09-09 20:18:36] 
[job(945): 2016-09-09 20:18:36] N = 2, M = 5 machine precision = 2.22045e-16
[job(945): 2016-09-09 20:18:36] At X0, 0 variables are exactly at the bounds
[job(945): 2016-09-09 20:18:36] At iterate     0  f=       -15.91  |proj g|=      0.45561
[job(945): 2016-09-09 20:18:36] At iterate     1  f =      -16.169  |proj g|=       0.46953
[job(945): 2016-09-09 20:18:36] ys=-3.740e-03  -gs= 2.577e-01, BFGS update SKIPPED
[job(945): 2016-09-09 20:18:36] At iterate     2  f =      -19.737  |proj g|=       0.48283
[job(945): 2016-09-09 20:18:36] At iterate     3  f =      -19.802  |proj g|=       0.41272
[job(945): 2016-09-09 20:18:36] At iterate     4  f =      -19.883  |proj g|=       0.18364
[job(945): 2016-09-09 20:18:36] At iterate     5  f =      -19.915  |proj g|=       0.13146
[job(945): 2016-09-09 20:18:36] At iterate     6  f =      -19.936  |proj g|=      0.014348
[job(945): 2016-09-09 20:18:36] At iterate     7  f =      -19.936  |proj g|=     0.0010955
[job(945): 2016-09-09 20:18:36] At iterate     8  f =      -19.936  |proj g|=    4.9062e-05
[job(945): 2016-09-09 20:18:36] At iterate     9  f =      -19.936  |proj g|=    4.9631e-06
[job(945): 2016-09-09 20:18:36] 
[job(945): 2016-09-09 20:18:36] iterations 9
[job(945): 2016-09-09 20:18:36] function evaluations 16
[job(945): 2016-09-09 20:18:36] segments explored during Cauchy searches 9
[job(945): 2016-09-09 20:18:36] BFGS updates skipped 1
[job(945): 2016-09-09 20:18:36] active bounds at final generalized Cauchy point 0
[job(945): 2016-09-09 20:18:36] norm of the final projected gradient 4.96315e-06
[job(945): 2016-09-09 20:18:36] final function value -19.9362
[job(945): 2016-09-09 20:18:36] 
[job(945): 2016-09-09 20:18:36] F = -19.9362
[job(945): 2016-09-09 20:18:36] final  value -19.936152 
[job(945): 2016-09-09 20:18:36] converged
[job(945): 2016-09-09 20:18:36] [Tune-x] 18: C=17.5; sigma=0.0966
[job(945): 2016-09-09 20:18:36] [Tune-y] 18: acc.test.mean=0.956; time: 0.0 min; memory: 116Mb use, 158Mb max
[job(945): 2016-09-09 20:18:36] 
[job(945): 2016-09-09 20:18:36] optimisation start
[job(945): 2016-09-09 20:18:36] ------------------
[job(945): 2016-09-09 20:18:36] * estimation method   : MLE 
[job(945): 2016-09-09 20:18:36] * optimisation method : BFGS 
[job(945): 2016-09-09 20:18:36] * analytical gradient : used
[job(945): 2016-09-09 20:18:36] * trend model : ~1
[job(945): 2016-09-09 20:18:36] * covariance model : 
[job(945): 2016-09-09 20:18:36]   - type :  matern5_2 
[job(945): 2016-09-09 20:18:36]   - nugget : NO
[job(945): 2016-09-09 20:18:36]   - parameters lower bounds :  1e-10 1e-10 
[job(945): 2016-09-09 20:18:36]   - parameters upper bounds :  41.21018 42.91667 
[job(945): 2016-09-09 20:18:36]   - best initial criterion value(s) :  17.21579 
[job(945): 2016-09-09 20:18:36] 
[job(945): 2016-09-09 20:18:36] N = 2, M = 5 machine precision = 2.22045e-16
[job(945): 2016-09-09 20:18:36] At X0, 0 variables are exactly at the bounds
[job(945): 2016-09-09 20:18:36] At iterate     0  f=      -17.216  |proj g|=      0.66589
[job(945): 2016-09-09 20:18:36] At iterate     1  f =      -17.658  |proj g|=       0.64293
[job(945): 2016-09-09 20:18:36] At iterate     2  f =      -21.449  |proj g|=        0.7994
[job(945): 2016-09-09 20:18:36] At iterate     3  f =      -21.528  |proj g|=       0.76609
[job(945): 2016-09-09 20:18:36] At iterate     4  f =      -21.957  |proj g|=       0.19534
[job(945): 2016-09-09 20:18:36] At iterate     5  f =      -22.007  |proj g|=      0.078119
[job(945): 2016-09-09 20:18:36] At iterate     6  f =      -22.015  |proj g|=      0.018608
[job(945): 2016-09-09 20:18:36] At iterate     7  f =      -22.016  |proj g|=     0.0073094
[job(945): 2016-09-09 20:18:36] At iterate     8  f =      -22.016  |proj g|=    3.6546e-05
[job(945): 2016-09-09 20:18:36] At iterate     9  f =      -22.016  |proj g|=    1.9676e-07
[job(945): 2016-09-09 20:18:36] 
[job(945): 2016-09-09 20:18:36] iterations 9
[job(945): 2016-09-09 20:18:36] function evaluations 13
[job(945): 2016-09-09 20:18:36] segments explored during Cauchy searches 10
[job(945): 2016-09-09 20:18:36] BFGS updates skipped 0
[job(945): 2016-09-09 20:18:36] active bounds at final generalized Cauchy point 0
[job(945): 2016-09-09 20:18:36] norm of the final projected gradient 1.96765e-07
[job(945): 2016-09-09 20:18:36] final function value -22.0157
[job(945): 2016-09-09 20:18:36] 
[job(945): 2016-09-09 20:18:36] F = -22.0157
[job(945): 2016-09-09 20:18:36] final  value -22.015676 
[job(945): 2016-09-09 20:18:36] converged
[job(945): 2016-09-09 20:18:36] [Tune-x] 19: C=14.8; sigma=0.0404
[job(945): 2016-09-09 20:18:36] [Tune-y] 19: acc.test.mean=0.948; time: 0.0 min; memory: 116Mb use, 158Mb max
[job(945): 2016-09-09 20:18:36] 
[job(945): 2016-09-09 20:18:36] optimisation start
[job(945): 2016-09-09 20:18:36] ------------------
[job(945): 2016-09-09 20:18:36] * estimation method   : MLE 
[job(945): 2016-09-09 20:18:36] * optimisation method : BFGS 
[job(945): 2016-09-09 20:18:36] * analytical gradient : used
[job(945): 2016-09-09 20:18:36] * trend model : ~1
[job(945): 2016-09-09 20:18:36] * covariance model : 
[job(945): 2016-09-09 20:18:36]   - type :  matern5_2 
[job(945): 2016-09-09 20:18:36]   - nugget : NO
[job(945): 2016-09-09 20:18:36]   - parameters lower bounds :  1e-10 1e-10 
[job(945): 2016-09-09 20:18:36]   - parameters upper bounds :  41.21018 42.91667 
[job(945): 2016-09-09 20:18:36]   - best initial criterion value(s) :  15.79841 
[job(945): 2016-09-09 20:18:36] 
[job(945): 2016-09-09 20:18:36] N = 2, M = 5 machine precision = 2.22045e-16
[job(945): 2016-09-09 20:18:36] At X0, 0 variables are exactly at the bounds
[job(945): 2016-09-09 20:18:36] At iterate     0  f=      -15.798  |proj g|=       1.1748
[job(945): 2016-09-09 20:18:36] At iterate     1  f =      -16.664  |proj g|=      0.057494
[job(945): 2016-09-09 20:18:36] At iterate     2  f =      -16.664  |proj g|=      0.065659
[job(945): 2016-09-09 20:18:36] At iterate     3  f =      -18.735  |proj g|=        4.7786
[job(945): 2016-09-09 20:18:36] At iterate     4  f =      -18.739  |proj g|=         4.789
[job(945): 2016-09-09 20:18:36] At iterate     5  f =      -21.416  |proj g|=        1.2684
[job(945): 2016-09-09 20:18:36] At iterate     6  f =      -22.125  |proj g|=       0.42444
[job(945): 2016-09-09 20:18:36] At iterate     7  f =      -22.676  |proj g|=       0.26619
[job(945): 2016-09-09 20:18:36] At iterate     8  f =      -22.844  |proj g|=      0.052537
[job(945): 2016-09-09 20:18:36] At iterate     9  f =      -22.848  |proj g|=       0.01231
[job(945): 2016-09-09 20:18:36] At iterate    10  f =      -22.848  |proj g|=    0.00046232
[job(945): 2016-09-09 20:18:36] At iterate    11  f =      -22.848  |proj g|=    0.00040514
[job(945): 2016-09-09 20:18:36] At iterate    12  f =      -22.848  |proj g|=    4.6398e-07
[job(945): 2016-09-09 20:18:36] At iterate    13  f =      -22.848  |proj g|=    4.3646e-11
[job(945): 2016-09-09 20:18:36] 
[job(945): 2016-09-09 20:18:36] iterations 13
[job(945): 2016-09-09 20:18:36] function evaluations 30
[job(945): 2016-09-09 20:18:36] segments explored during Cauchy searches 14
[job(945): 2016-09-09 20:18:36] BFGS updates skipped 0
[job(945): 2016-09-09 20:18:36] active bounds at final generalized Cauchy point 0
[job(945): 2016-09-09 20:18:36] norm of the final projected gradient 4.3646e-11
[job(945): 2016-09-09 20:18:36] final function value -22.848
[job(945): 2016-09-09 20:18:36] 
[job(945): 2016-09-09 20:18:36] F = -22.848
[job(945): 2016-09-09 20:18:36] final  value -22.848041 
[job(945): 2016-09-09 20:18:36] converged
[job(945): 2016-09-09 20:18:36] [Tune-x] 20: C=70.2; sigma=0.0575
[job(945): 2016-09-09 20:18:36] [Tune-y] 20: acc.test.mean=0.941; time: 0.0 min; memory: 116Mb use, 158Mb max
[job(945): 2016-09-09 20:18:36] 
[job(945): 2016-09-09 20:18:36] optimisation start
[job(945): 2016-09-09 20:18:36] ------------------
[job(945): 2016-09-09 20:18:36] * estimation method   : MLE 
[job(945): 2016-09-09 20:18:36] * optimisation method : BFGS 
[job(945): 2016-09-09 20:18:36] * analytical gradient : used
[job(945): 2016-09-09 20:18:36] * trend model : ~1
[job(945): 2016-09-09 20:18:36] * covariance model : 
[job(945): 2016-09-09 20:18:36]   - type :  matern5_2 
[job(945): 2016-09-09 20:18:36]   - nugget : NO
[job(945): 2016-09-09 20:18:36]   - parameters lower bounds :  1e-10 1e-10 
[job(945): 2016-09-09 20:18:36]   - parameters upper bounds :  41.21018 42.91667 
[job(945): 2016-09-09 20:18:36]   - best initial criterion value(s) :  20.41863 
[job(945): 2016-09-09 20:18:36] 
[job(945): 2016-09-09 20:18:36] N = 2, M = 5 machine precision = 2.22045e-16
[job(945): 2016-09-09 20:18:36] At X0, 0 variables are exactly at the bounds
[job(945): 2016-09-09 20:18:36] At iterate     0  f=      -20.419  |proj g|=       2.6629
[job(945): 2016-09-09 20:18:36] At iterate     1  f =       -22.97  |proj g|=        1.9808
[job(945): 2016-09-09 20:18:36] At iterate     2  f =      -23.865  |proj g|=       0.34975
[job(945): 2016-09-09 20:18:36] At iterate     3  f =      -23.933  |proj g|=       0.18052
[job(945): 2016-09-09 20:18:36] At iterate     4  f =      -23.953  |proj g|=      0.063572
[job(945): 2016-09-09 20:18:36] At iterate     5  f =      -23.957  |proj g|=     0.0086421
[job(945): 2016-09-09 20:18:36] At iterate     6  f =      -23.957  |proj g|=    0.00038259
[job(945): 2016-09-09 20:18:36] At iterate     7  f =      -23.957  |proj g|=    1.5656e-05
[job(945): 2016-09-09 20:18:36] 
[job(945): 2016-09-09 20:18:36] iterations 7
[job(945): 2016-09-09 20:18:36] function evaluations 8
[job(945): 2016-09-09 20:18:36] segments explored during Cauchy searches 7
[job(945): 2016-09-09 20:18:36] BFGS updates skipped 0
[job(945): 2016-09-09 20:18:36] active bounds at final generalized Cauchy point 0
[job(945): 2016-09-09 20:18:36] norm of the final projected gradient 1.56558e-05
[job(945): 2016-09-09 20:18:36] final function value -23.957
[job(945): 2016-09-09 20:18:36] 
[job(945): 2016-09-09 20:18:36] F = -23.957
[job(945): 2016-09-09 20:18:36] final  value -23.956960 
[job(945): 2016-09-09 20:18:36] converged
[job(945): 2016-09-09 20:18:36] [Tune-x] 21: C=196; sigma=0.00501
[job(945): 2016-09-09 20:18:36] [Tune-y] 21: acc.test.mean=0.948; time: 0.0 min; memory: 116Mb use, 158Mb max
[job(945): 2016-09-09 20:18:36] 
[job(945): 2016-09-09 20:18:36] optimisation start
[job(945): 2016-09-09 20:18:36] ------------------
[job(945): 2016-09-09 20:18:36] * estimation method   : MLE 
[job(945): 2016-09-09 20:18:36] * optimisation method : BFGS 
[job(945): 2016-09-09 20:18:36] * analytical gradient : used
[job(945): 2016-09-09 20:18:36] * trend model : ~1
[job(945): 2016-09-09 20:18:36] * covariance model : 
[job(945): 2016-09-09 20:18:36]   - type :  matern5_2 
[job(945): 2016-09-09 20:18:36]   - nugget : NO
[job(945): 2016-09-09 20:18:36]   - parameters lower bounds :  1e-10 1e-10 
[job(945): 2016-09-09 20:18:36]   - parameters upper bounds :  41.21018 42.91667 
[job(945): 2016-09-09 20:18:36]   - best initial criterion value(s) :  20.00831 
[job(945): 2016-09-09 20:18:36] 
[job(945): 2016-09-09 20:18:36] N = 2, M = 5 machine precision = 2.22045e-16
[job(945): 2016-09-09 20:18:36] At X0, 0 variables are exactly at the bounds
[job(945): 2016-09-09 20:18:36] At iterate     0  f=      -20.008  |proj g|=      0.58127
[job(945): 2016-09-09 20:18:36] At iterate     1  f =      -20.101  |proj g|=       0.55267
[job(945): 2016-09-09 20:18:36] At iterate     2  f =      -20.168  |proj g|=       0.81139
[job(945): 2016-09-09 20:18:36] At iterate     3  f =      -20.173  |proj g|=        0.1203
[job(945): 2016-09-09 20:18:36] At iterate     4  f =      -20.174  |proj g|=       0.02825
[job(945): 2016-09-09 20:18:36] At iterate     5  f =      -20.174  |proj g|=      0.028196
[job(945): 2016-09-09 20:18:36] At iterate     6  f =      -20.174  |proj g|=      0.083321
[job(945): 2016-09-09 20:18:36] At iterate     7  f =      -20.174  |proj g|=       0.17047
[job(945): 2016-09-09 20:18:36] At iterate     8  f =      -20.175  |proj g|=       0.33556
[job(945): 2016-09-09 20:18:36] At iterate     9  f =      -20.177  |proj g|=       0.59717
[job(945): 2016-09-09 20:18:36] At iterate    10  f =      -20.184  |proj g|=        1.0606
[job(945): 2016-09-09 20:18:36] At iterate    11  f =      -20.202  |proj g|=        1.9393
[job(945): 2016-09-09 20:18:36] At iterate    12  f =      -20.266  |proj g|=        4.0932
[job(945): 2016-09-09 20:18:36] At iterate    13  f =       -20.34  |proj g|=        6.2522
[job(945): 2016-09-09 20:18:36] At iterate    14  f =      -20.388  |proj g|=        7.1387
[job(945): 2016-09-09 20:18:36] At iterate    15  f =      -20.542  |proj g|=          6.27
[job(945): 2016-09-09 20:18:36] At iterate    16  f =      -20.879  |proj g|=       0.21182
[job(945): 2016-09-09 20:18:36] At iterate    17  f =       -20.88  |proj g|=      0.018329
[job(945): 2016-09-09 20:18:36] At iterate    18  f =       -20.88  |proj g|=     0.0037316
[job(945): 2016-09-09 20:18:36] At iterate    19  f =       -20.88  |proj g|=    0.00044891
[job(945): 2016-09-09 20:18:36] At iterate    20  f =       -20.88  |proj g|=    2.6564e-05
[job(945): 2016-09-09 20:18:36] 
[job(945): 2016-09-09 20:18:36] iterations 20
[job(945): 2016-09-09 20:18:36] function evaluations 24
[job(945): 2016-09-09 20:18:36] segments explored during Cauchy searches 21
[job(945): 2016-09-09 20:18:36] BFGS updates skipped 0
[job(945): 2016-09-09 20:18:36] active bounds at final generalized Cauchy point 0
[job(945): 2016-09-09 20:18:36] norm of the final projected gradient 2.65638e-05
[job(945): 2016-09-09 20:18:36] final function value -20.8802
[job(945): 2016-09-09 20:18:36] 
[job(945): 2016-09-09 20:18:36] F = -20.8802
[job(945): 2016-09-09 20:18:36] final  value -20.880162 
[job(945): 2016-09-09 20:18:36] converged
[job(945): 2016-09-09 20:18:36] [Tune-x] 22: C=1.4; sigma=0.0599
[job(945): 2016-09-09 20:18:36] [Tune-y] 22: acc.test.mean=0.97; time: 0.0 min; memory: 116Mb use, 158Mb max
[job(945): 2016-09-09 20:18:36] 
[job(945): 2016-09-09 20:18:36] optimisation start
[job(945): 2016-09-09 20:18:36] ------------------
[job(945): 2016-09-09 20:18:36] * estimation method   : MLE 
[job(945): 2016-09-09 20:18:36] * optimisation method : BFGS 
[job(945): 2016-09-09 20:18:36] * analytical gradient : used
[job(945): 2016-09-09 20:18:36] * trend model : ~1
[job(945): 2016-09-09 20:18:36] * covariance model : 
[job(945): 2016-09-09 20:18:36]   - type :  matern5_2 
[job(945): 2016-09-09 20:18:36]   - nugget : NO
[job(945): 2016-09-09 20:18:36]   - parameters lower bounds :  1e-10 1e-10 
[job(945): 2016-09-09 20:18:36]   - parameters upper bounds :  41.21018 42.91667 
[job(945): 2016-09-09 20:18:36]   - best initial criterion value(s) :  21.69206 
[job(945): 2016-09-09 20:18:36] 
[job(945): 2016-09-09 20:18:36] N = 2, M = 5 machine precision = 2.22045e-16
[job(945): 2016-09-09 20:18:36] At X0, 0 variables are exactly at the bounds
[job(945): 2016-09-09 20:18:36] At iterate     0  f=      -21.692  |proj g|=       2.4088
[job(945): 2016-09-09 20:18:36] At iterate     1  f =      -21.959  |proj g|=        1.2567
[job(945): 2016-09-09 20:18:36] At iterate     2  f =      -22.067  |proj g|=       0.66656
[job(945): 2016-09-09 20:18:36] At iterate     3  f =       -22.15  |proj g|=       0.63421
[job(945): 2016-09-09 20:18:36] At iterate     4  f =      -22.387  |proj g|=        1.2511
[job(945): 2016-09-09 20:18:36] At iterate     5  f =      -22.609  |proj g|=        1.6194
[job(945): 2016-09-09 20:18:36] At iterate     6  f =       -22.79  |proj g|=         1.059
[job(945): 2016-09-09 20:18:36] At iterate     7  f =      -22.885  |proj g|=       0.13679
[job(945): 2016-09-09 20:18:36] At iterate     8  f =      -22.887  |proj g|=     0.0086057
[job(945): 2016-09-09 20:18:36] At iterate     9  f =      -22.887  |proj g|=     0.0079539
[job(945): 2016-09-09 20:18:36] At iterate    10  f =      -22.887  |proj g|=     0.0005747
[job(945): 2016-09-09 20:18:36] At iterate    11  f =      -22.887  |proj g|=    5.3455e-05
[job(945): 2016-09-09 20:18:36] 
[job(945): 2016-09-09 20:18:36] iterations 11
[job(945): 2016-09-09 20:18:36] function evaluations 13
[job(945): 2016-09-09 20:18:36] segments explored during Cauchy searches 11
[job(945): 2016-09-09 20:18:36] BFGS updates skipped 0
[job(945): 2016-09-09 20:18:36] active bounds at final generalized Cauchy point 0
[job(945): 2016-09-09 20:18:36] norm of the final projected gradient 5.34549e-05
[job(945): 2016-09-09 20:18:36] final function value -22.8869
[job(945): 2016-09-09 20:18:36] 
[job(945): 2016-09-09 20:18:36] F = -22.8869
[job(945): 2016-09-09 20:18:36] final  value -22.886924 
[job(945): 2016-09-09 20:18:36] converged
[job(945): 2016-09-09 20:18:36] [Tune-x] 23: C=11.1; sigma=0.0828
[job(945): 2016-09-09 20:18:36] [Tune-y] 23: acc.test.mean=0.978; time: 0.0 min; memory: 116Mb use, 165Mb max
[job(945): 2016-09-09 20:18:36] 
[job(945): 2016-09-09 20:18:36] optimisation start
[job(945): 2016-09-09 20:18:36] ------------------
[job(945): 2016-09-09 20:18:36] * estimation method   : MLE 
[job(945): 2016-09-09 20:18:36] * optimisation method : BFGS 
[job(945): 2016-09-09 20:18:36] * analytical gradient : used
[job(945): 2016-09-09 20:18:36] * trend model : ~1
[job(945): 2016-09-09 20:18:36] * covariance model : 
[job(945): 2016-09-09 20:18:36]   - type :  matern5_2 
[job(945): 2016-09-09 20:18:36]   - nugget : NO
[job(945): 2016-09-09 20:18:36]   - parameters lower bounds :  1e-10 1e-10 
[job(945): 2016-09-09 20:18:36]   - parameters upper bounds :  41.21018 42.91667 
[job(945): 2016-09-09 20:18:36]   - best initial criterion value(s) :  -1.064465 
[job(945): 2016-09-09 20:18:36] 
[job(945): 2016-09-09 20:18:36] N = 2, M = 5 machine precision = 2.22045e-16
[job(945): 2016-09-09 20:18:36] At X0, 0 variables are exactly at the bounds
[job(945): 2016-09-09 20:18:36] At iterate     0  f=       1.0645  |proj g|=       3.7687
[job(945): 2016-09-09 20:18:36] At iterate     1  f =      -10.296  |proj g|=        1.3354
[job(945): 2016-09-09 20:18:36] At iterate     2  f =      -16.964  |proj g|=      0.078422
[job(945): 2016-09-09 20:18:36] At iterate     3  f =      -16.964  |proj g|=      0.010066
[job(945): 2016-09-09 20:18:36] At iterate     4  f =      -16.966  |proj g|=       0.11982
[job(945): 2016-09-09 20:18:36] At iterate     5  f =      -17.762  |proj g|=        9.6821
[job(945): 2016-09-09 20:18:36] At iterate     6  f =      -17.776  |proj g|=         9.525
[job(945): 2016-09-09 20:18:36] At iterate     7  f =      -21.457  |proj g|=        7.3867
[job(945): 2016-09-09 20:18:36] At iterate     8  f =      -24.709  |proj g|=        1.2668
[job(945): 2016-09-09 20:18:36] At iterate     9  f =      -25.169  |proj g|=       0.80894
[job(945): 2016-09-09 20:18:36] At iterate    10  f =      -25.313  |proj g|=        0.4986
[job(945): 2016-09-09 20:18:36] At iterate    11  f =      -25.344  |proj g|=      0.020523
[job(945): 2016-09-09 20:18:36] At iterate    12  f =      -25.344  |proj g|=     0.0016285
[job(945): 2016-09-09 20:18:36] At iterate    13  f =      -25.344  |proj g|=    2.2069e-05
[job(945): 2016-09-09 20:18:36] At iterate    14  f =      -25.344  |proj g|=    4.5906e-06
[job(945): 2016-09-09 20:18:36] 
[job(945): 2016-09-09 20:18:36] iterations 14
[job(945): 2016-09-09 20:18:36] function evaluations 33
[job(945): 2016-09-09 20:18:36] segments explored during Cauchy searches 14
[job(945): 2016-09-09 20:18:36] BFGS updates skipped 0
[job(945): 2016-09-09 20:18:36] active bounds at final generalized Cauchy point 0
[job(945): 2016-09-09 20:18:36] norm of the final projected gradient 4.59061e-06
[job(945): 2016-09-09 20:18:36] final function value -25.3441
[job(945): 2016-09-09 20:18:36] 
[job(945): 2016-09-09 20:18:36] F = -25.3441
[job(945): 2016-09-09 20:18:36] final  value -25.344147 
[job(945): 2016-09-09 20:18:36] converged
[job(945): 2016-09-09 20:18:36] [Tune-x] 24: C=620; sigma=0.00306
[job(945): 2016-09-09 20:18:36] [Tune-y] 24: acc.test.mean=0.97; time: 0.0 min; memory: 116Mb use, 166Mb max
[job(945): 2016-09-09 20:18:36] 
[job(945): 2016-09-09 20:18:36] optimisation start
[job(945): 2016-09-09 20:18:36] ------------------
[job(945): 2016-09-09 20:18:36] * estimation method   : MLE 
[job(945): 2016-09-09 20:18:36] * optimisation method : BFGS 
[job(945): 2016-09-09 20:18:36] * analytical gradient : used
[job(945): 2016-09-09 20:18:36] * trend model : ~1
[job(945): 2016-09-09 20:18:36] * covariance model : 
[job(945): 2016-09-09 20:18:36]   - type :  matern5_2 
[job(945): 2016-09-09 20:18:36]   - nugget : NO
[job(945): 2016-09-09 20:18:36]   - parameters lower bounds :  1e-10 1e-10 
[job(945): 2016-09-09 20:18:36]   - parameters upper bounds :  41.21018 42.91667 
[job(945): 2016-09-09 20:18:36]   - best initial criterion value(s) :  -5.920365 
[job(945): 2016-09-09 20:18:36] 
[job(945): 2016-09-09 20:18:36] N = 2, M = 5 machine precision = 2.22045e-16
[job(945): 2016-09-09 20:18:36] At X0, 0 variables are exactly at the bounds
[job(945): 2016-09-09 20:18:36] At iterate     0  f=       5.9204  |proj g|=       1.5035
[job(945): 2016-09-09 20:18:36] At iterate     1  f =       4.0484  |proj g|=        0.8883
[job(945): 2016-09-09 20:18:36] At iterate     2  f =      -16.766  |proj g|=             0
[job(945): 2016-09-09 20:18:36] 
[job(945): 2016-09-09 20:18:36] iterations 2
[job(945): 2016-09-09 20:18:36] function evaluations 4
[job(945): 2016-09-09 20:18:36] segments explored during Cauchy searches 2
[job(945): 2016-09-09 20:18:36] BFGS updates skipped 0
[job(945): 2016-09-09 20:18:36] active bounds at final generalized Cauchy point 0
[job(945): 2016-09-09 20:18:36] norm of the final projected gradient 0
[job(945): 2016-09-09 20:18:36] final function value -16.7664
[job(945): 2016-09-09 20:18:36] 
[job(945): 2016-09-09 20:18:36] F = -16.7664
[job(945): 2016-09-09 20:18:36] final  value -16.766443 
[job(945): 2016-09-09 20:18:36] converged
[job(945): 2016-09-09 20:18:36] [Tune-x] 25: C=0.146; sigma=0.00311
[job(945): 2016-09-09 20:18:36] [Tune-y] 25: acc.test.mean=0.644; time: 0.0 min; memory: 116Mb use, 166Mb max
[job(945): 2016-09-09 20:18:36] 
[job(945): 2016-09-09 20:18:36] optimisation start
[job(945): 2016-09-09 20:18:36] ------------------
[job(945): 2016-09-09 20:18:36] * estimation method   : MLE 
[job(945): 2016-09-09 20:18:36] * optimisation method : BFGS 
[job(945): 2016-09-09 20:18:36] * analytical gradient : used
[job(945): 2016-09-09 20:18:36] * trend model : ~1
[job(945): 2016-09-09 20:18:36] * covariance model : 
[job(945): 2016-09-09 20:18:36]   - type :  matern5_2 
[job(945): 2016-09-09 20:18:36]   - nugget : NO
[job(945): 2016-09-09 20:18:36]   - parameters lower bounds :  1e-10 1e-10 
[job(945): 2016-09-09 20:18:36]   - parameters upper bounds :  41.21018 42.91667 
[job(945): 2016-09-09 20:18:36]   - best initial criterion value(s) :  17.38676 
[job(945): 2016-09-09 20:18:36] 
[job(945): 2016-09-09 20:18:36] N = 2, M = 5 machine precision = 2.22045e-16
[job(945): 2016-09-09 20:18:36] At X0, 0 variables are exactly at the bounds
[job(945): 2016-09-09 20:18:36] At iterate     0  f=      -17.387  |proj g|=       1.9732
[job(945): 2016-09-09 20:18:36] At iterate     1  f =      -21.288  |proj g|=        1.4377
[job(945): 2016-09-09 20:18:36] At iterate     2  f =      -22.239  |proj g|=        1.1305
[job(945): 2016-09-09 20:18:36] At iterate     3  f =      -22.395  |proj g|=        1.1693
[job(945): 2016-09-09 20:18:36] At iterate     4  f =      -22.685  |proj g|=         2.538
[job(945): 2016-09-09 20:18:36] At iterate     5  f =      -23.654  |proj g|=        5.7198
[job(945): 2016-09-09 20:18:36] At iterate     6  f =      -24.541  |proj g|=        6.6641
[job(945): 2016-09-09 20:18:36] At iterate     7  f =      -25.777  |proj g|=        5.5401
[job(945): 2016-09-09 20:18:36] At iterate     8  f =      -27.611  |proj g|=        1.4387
[job(945): 2016-09-09 20:18:36] At iterate     9  f =      -28.034  |proj g|=       0.52796
[job(945): 2016-09-09 20:18:36] At iterate    10  f =      -28.042  |proj g|=       0.35488
[job(945): 2016-09-09 20:18:36] At iterate    11  f =      -28.047  |proj g|=     0.0038528
[job(945): 2016-09-09 20:18:36] At iterate    12  f =      -28.047  |proj g|=    8.0021e-05
[job(945): 2016-09-09 20:18:36] At iterate    13  f =      -28.047  |proj g|=     5.547e-06
[job(945): 2016-09-09 20:18:36] 
[job(945): 2016-09-09 20:18:36] iterations 13
[job(945): 2016-09-09 20:18:36] function evaluations 17
[job(945): 2016-09-09 20:18:36] segments explored during Cauchy searches 14
[job(945): 2016-09-09 20:18:36] BFGS updates skipped 0
[job(945): 2016-09-09 20:18:36] active bounds at final generalized Cauchy point 0
[job(945): 2016-09-09 20:18:36] norm of the final projected gradient 5.54702e-06
[job(945): 2016-09-09 20:18:36] final function value -28.0472
[job(945): 2016-09-09 20:18:36] 
[job(945): 2016-09-09 20:18:36] F = -28.0472
[job(945): 2016-09-09 20:18:36] final  value -28.047244 
[job(945): 2016-09-09 20:18:36] converged
[job(945): 2016-09-09 20:18:36] [Tune-x] 26: C=140; sigma=0.00357
[job(945): 2016-09-09 20:18:36] [Tune-y] 26: acc.test.mean=0.956; time: 0.0 min; memory: 116Mb use, 166Mb max
[job(945): 2016-09-09 20:18:36] 
[job(945): 2016-09-09 20:18:36] optimisation start
[job(945): 2016-09-09 20:18:36] ------------------
[job(945): 2016-09-09 20:18:36] * estimation method   : MLE 
[job(945): 2016-09-09 20:18:36] * optimisation method : BFGS 
[job(945): 2016-09-09 20:18:36] * analytical gradient : used
[job(945): 2016-09-09 20:18:36] * trend model : ~1
[job(945): 2016-09-09 20:18:36] * covariance model : 
[job(945): 2016-09-09 20:18:36]   - type :  matern5_2 
[job(945): 2016-09-09 20:18:36]   - nugget : NO
[job(945): 2016-09-09 20:18:36]   - parameters lower bounds :  1e-10 1e-10 
[job(945): 2016-09-09 20:18:36]   - parameters upper bounds :  41.21018 42.91667 
[job(945): 2016-09-09 20:18:36]   - best initial criterion value(s) :  26.98636 
[job(945): 2016-09-09 20:18:36] 
[job(945): 2016-09-09 20:18:36] N = 2, M = 5 machine precision = 2.22045e-16
[job(945): 2016-09-09 20:18:36] At X0, 0 variables are exactly at the bounds
[job(945): 2016-09-09 20:18:36] At iterate     0  f=      -26.986  |proj g|=       2.4704
[job(945): 2016-09-09 20:18:36] At iterate     1  f =      -27.554  |proj g|=        2.1769
[job(945): 2016-09-09 20:18:36] At iterate     2  f =      -29.316  |proj g|=        1.2292
[job(945): 2016-09-09 20:18:36] At iterate     3  f =      -29.726  |proj g|=       0.12392
[job(945): 2016-09-09 20:18:36] At iterate     4  f =      -29.728  |proj g|=      0.057048
[job(945): 2016-09-09 20:18:36] At iterate     5  f =      -29.729  |proj g|=     0.0094676
[job(945): 2016-09-09 20:18:36] At iterate     6  f =      -29.729  |proj g|=     0.0029006
[job(945): 2016-09-09 20:18:36] At iterate     7  f =      -29.729  |proj g|=    1.5503e-06
[job(945): 2016-09-09 20:18:36] Bad direction in the line search;
[job(945): 2016-09-09 20:18:36]    refresh the lbfgs memory and restart the iteration.
[job(945): 2016-09-09 20:18:36] Line search cannot locate an adequate point after 20 function
[job(945): 2016-09-09 20:18:36] and gradient evaluations
[job(945): 2016-09-09 20:18:36] final  value -29.728988 
[job(945): 2016-09-09 20:18:36] stopped after 7 iterations
[job(945): 2016-09-09 20:18:36] [Tune-x] 27: C=162; sigma=0.0155
[job(945): 2016-09-09 20:18:36] [Tune-y] 27: acc.test.mean=0.956; time: 0.0 min; memory: 116Mb use, 166Mb max
[job(945): 2016-09-09 20:18:36] 
[job(945): 2016-09-09 20:18:36] optimisation start
[job(945): 2016-09-09 20:18:36] ------------------
[job(945): 2016-09-09 20:18:36] * estimation method   : MLE 
[job(945): 2016-09-09 20:18:36] * optimisation method : BFGS 
[job(945): 2016-09-09 20:18:36] * analytical gradient : used
[job(945): 2016-09-09 20:18:36] * trend model : ~1
[job(945): 2016-09-09 20:18:36] * covariance model : 
[job(945): 2016-09-09 20:18:36]   - type :  matern5_2 
[job(945): 2016-09-09 20:18:36]   - nugget : NO
[job(945): 2016-09-09 20:18:36]   - parameters lower bounds :  1e-10 1e-10 
[job(945): 2016-09-09 20:18:36]   - parameters upper bounds :  41.21018 42.91667 
[job(945): 2016-09-09 20:18:36]   - best initial criterion value(s) :  26.0531 
[job(945): 2016-09-09 20:18:36] 
[job(945): 2016-09-09 20:18:36] N = 2, M = 5 machine precision = 2.22045e-16
[job(945): 2016-09-09 20:18:36] At X0, 0 variables are exactly at the bounds
[job(945): 2016-09-09 20:18:36] At iterate     0  f=      -26.053  |proj g|=       2.4127
[job(945): 2016-09-09 20:18:36] At iterate     1  f =      -29.392  |proj g|=        1.9677
[job(945): 2016-09-09 20:18:36] At iterate     2  f =       -31.15  |proj g|=        0.4881
[job(945): 2016-09-09 20:18:36] At iterate     3  f =      -31.192  |proj g|=       0.49163
[job(945): 2016-09-09 20:18:36] At iterate     4  f =      -31.223  |proj g|=       0.12697
[job(945): 2016-09-09 20:18:36] At iterate     5  f =      -31.223  |proj g|=     0.0030183
[job(945): 2016-09-09 20:18:36] At iterate     6  f =      -31.223  |proj g|=    2.1867e-05
[job(945): 2016-09-09 20:18:36] At iterate     7  f =      -31.223  |proj g|=    6.5671e-07
[job(945): 2016-09-09 20:18:36] 
[job(945): 2016-09-09 20:18:36] iterations 7
[job(945): 2016-09-09 20:18:36] function evaluations 10
[job(945): 2016-09-09 20:18:36] segments explored during Cauchy searches 8
[job(945): 2016-09-09 20:18:36] BFGS updates skipped 0
[job(945): 2016-09-09 20:18:36] active bounds at final generalized Cauchy point 0
[job(945): 2016-09-09 20:18:36] norm of the final projected gradient 6.56712e-07
[job(945): 2016-09-09 20:18:36] final function value -31.2235
[job(945): 2016-09-09 20:18:36] 
[job(945): 2016-09-09 20:18:36] F = -31.2235
[job(945): 2016-09-09 20:18:36] final  value -31.223474 
[job(945): 2016-09-09 20:18:36] converged
[job(945): 2016-09-09 20:18:36] [Tune-x] 28: C=532; sigma=0.00649
[job(945): 2016-09-09 20:18:36] [Tune-y] 28: acc.test.mean=0.963; time: 0.0 min; memory: 116Mb use, 166Mb max
[job(945): 2016-09-09 20:18:36] 
[job(945): 2016-09-09 20:18:36] optimisation start
[job(945): 2016-09-09 20:18:36] ------------------
[job(945): 2016-09-09 20:18:36] * estimation method   : MLE 
[job(945): 2016-09-09 20:18:36] * optimisation method : BFGS 
[job(945): 2016-09-09 20:18:36] * analytical gradient : used
[job(945): 2016-09-09 20:18:36] * trend model : ~1
[job(945): 2016-09-09 20:18:36] * covariance model : 
[job(945): 2016-09-09 20:18:36]   - type :  matern5_2 
[job(945): 2016-09-09 20:18:36]   - nugget : NO
[job(945): 2016-09-09 20:18:36]   - parameters lower bounds :  1e-10 1e-10 
[job(945): 2016-09-09 20:18:36]   - parameters upper bounds :  41.21018 42.91667 
[job(945): 2016-09-09 20:18:36]   - best initial criterion value(s) :  -4.936344 
[job(945): 2016-09-09 20:18:36] 
[job(945): 2016-09-09 20:18:36] N = 2, M = 5 machine precision = 2.22045e-16
[job(945): 2016-09-09 20:18:36] At X0, 0 variables are exactly at the bounds
[job(945): 2016-09-09 20:18:36] At iterate     0  f=       4.9363  |proj g|=       2.7088
[job(945): 2016-09-09 20:18:36] At iterate     1  f =      -6.6979  |proj g|=        3.0046
[job(945): 2016-09-09 20:18:36] ys=-1.116e+01  -gs= 7.791e+00, BFGS update SKIPPED
[job(945): 2016-09-09 20:18:36] At iterate     2  f =       -18.87  |proj g|=             0
[job(945): 2016-09-09 20:18:36] 
[job(945): 2016-09-09 20:18:36] iterations 2
[job(945): 2016-09-09 20:18:36] function evaluations 3
[job(945): 2016-09-09 20:18:36] segments explored during Cauchy searches 3
[job(945): 2016-09-09 20:18:36] BFGS updates skipped 1
[job(945): 2016-09-09 20:18:36] active bounds at final generalized Cauchy point 1
[job(945): 2016-09-09 20:18:36] norm of the final projected gradient 0
[job(945): 2016-09-09 20:18:36] final function value -18.8703
[job(945): 2016-09-09 20:18:36] 
[job(945): 2016-09-09 20:18:36] F = -18.8703
[job(945): 2016-09-09 20:18:36] final  value -18.870344 
[job(945): 2016-09-09 20:18:36] converged
[job(945): 2016-09-09 20:18:36] [Tune] Result: C=153; sigma=0.00563 : acc.test.mean=-0.978
[job(945): 2016-09-09 20:18:36] Job terminated successfully
[job(chunk): 2016-09-09 20:18:37] Calculation finished!
