[job(chunk): 2016-09-10 01:10:48] Starting calculation of 1 jobs
[job(chunk): 2016-09-10 01:10:48] Setting working directory to '/naslx/projects/pr74ze/ri89coc2/svm_comparison'
[job(chunk): 2016-09-10 01:10:48] Memory measurement disabled
[job(1519): 2016-09-10 01:10:51] Starting job with job.id=1519
[job(1519): 2016-09-10 01:12:22] Generating problem instance for problem '1560' ...
[job(1519): 2016-09-10 01:12:22] Data '1560' file 'description.xml' found in cache.
[job(1519): 2016-09-10 01:12:22] Data '1560' file 'dataset.arff' found in cache.
[job(1519): 2016-09-10 01:12:22] Loading required package: readr
[job(1519): 2016-09-10 01:12:22] Applying algorithm 'spoc-svc.tuned' on problem '1560' ...
[job(1519): 2016-09-10 01:12:22] Data '1560' file 'description.xml' found in cache.
[job(1519): 2016-09-10 01:12:22] Data '1560' file 'dataset.arff' found in cache.
[job(1519): 2016-09-10 01:12:22] [Tune] Started tuning learner spoc-svc for parameter set:
[job(1519): 2016-09-10 01:12:22]          Type len Def    Constr Req Tunable Trafo
[job(1519): 2016-09-10 01:12:22] C     numeric   -   - -12 to 12   -    TRUE     Y
[job(1519): 2016-09-10 01:12:22] sigma numeric   -   - -12 to 12   -    TRUE     Y
[job(1519): 2016-09-10 01:12:22] With control class: TuneControlMBO
[job(1519): 2016-09-10 01:12:22] Imputation value: -0
[job(1519): 2016-09-10 01:12:22] [Tune-x] 1: C=74.9; sigma=2.27e+03
[job(1519): 2016-09-10 01:12:22] [Tune-y] 1: acc.test.mean=0.806; time: 0.0 min; memory: 113Mb use, 175Mb max
[job(1519): 2016-09-10 01:12:22] [Tune-x] 2: C=0.638; sigma=372
[job(1519): 2016-09-10 01:12:22] [Tune-y] 2: acc.test.mean=0.886; time: 0.0 min; memory: 114Mb use, 175Mb max
[job(1519): 2016-09-10 01:12:22] [Tune-x] 3: C=3.8; sigma=0.0348
[job(1519): 2016-09-10 01:12:22] [Tune-y] 3: acc.test.mean=0.991; time: 0.0 min; memory: 114Mb use, 175Mb max
[job(1519): 2016-09-10 01:12:22] [Tune-x] 4: C=0.00251; sigma=0.00156
[job(1519): 2016-09-10 01:12:22] [Tune-y] 4: acc.test.mean=0.778; time: 0.0 min; memory: 114Mb use, 175Mb max
[job(1519): 2016-09-10 01:12:22] [Tune-x] 5: C=10.1; sigma=6.05
[job(1519): 2016-09-10 01:12:22] [Tune-y] 5: acc.test.mean=0.987; time: 0.0 min; memory: 114Mb use, 175Mb max
[job(1519): 2016-09-10 01:12:22] [Tune-x] 6: C=0.00127; sigma=0.194
[job(1519): 2016-09-10 01:12:22] [Tune-y] 6: acc.test.mean=0.988; time: 0.0 min; memory: 114Mb use, 175Mb max
[job(1519): 2016-09-10 01:12:22] [Tune-x] 7: C=2.92e+03; sigma=0.00833
[job(1519): 2016-09-10 01:12:22] [Tune-y] 7: acc.test.mean=0.987; time: 0.0 min; memory: 114Mb use, 175Mb max
[job(1519): 2016-09-10 01:12:22] [Tune-x] 8: C=0.0176; sigma=14.4
[job(1519): 2016-09-10 01:12:22] [Tune-y] 8: acc.test.mean=0.989; time: 0.0 min; memory: 114Mb use, 175Mb max
[job(1519): 2016-09-10 01:12:22] 
[job(1519): 2016-09-10 01:12:22] optimisation start
[job(1519): 2016-09-10 01:12:22] ------------------
[job(1519): 2016-09-10 01:12:22] * estimation method   : MLE 
[job(1519): 2016-09-10 01:12:22] * optimisation method : BFGS 
[job(1519): 2016-09-10 01:12:22] * analytical gradient : used
[job(1519): 2016-09-10 01:12:22] * trend model : ~1
[job(1519): 2016-09-10 01:12:22] * covariance model : 
[job(1519): 2016-09-10 01:12:22]   - type :  matern5_2 
[job(1519): 2016-09-10 01:12:22]   - nugget : NO
[job(1519): 2016-09-10 01:12:22]   - parameters lower bounds :  1e-10 1e-10 
[job(1519): 2016-09-10 01:12:22]   - parameters upper bounds :  42.25502 40.95371 
[job(1519): 2016-09-10 01:12:22]   - best initial criterion value(s) :  10.44198 
[job(1519): 2016-09-10 01:12:22] 
[job(1519): 2016-09-10 01:12:22] N = 2, M = 5 machine precision = 2.22045e-16
[job(1519): 2016-09-10 01:12:22] At X0, 0 variables are exactly at the bounds
[job(1519): 2016-09-10 01:12:22] At iterate     0  f=      -10.442  |proj g|=     0.021696
[job(1519): 2016-09-10 01:12:22] At iterate     1  f =      -10.442  |proj g|=      0.020812
[job(1519): 2016-09-10 01:12:22] At iterate     2  f =      -10.448  |proj g|=     0.0012105
[job(1519): 2016-09-10 01:12:22] At iterate     3  f =      -10.448  |proj g|=     0.0012674
[job(1519): 2016-09-10 01:12:22] At iterate     4  f =      -10.448  |proj g|=      0.001506
[job(1519): 2016-09-10 01:12:22] At iterate     5  f =      -10.448  |proj g|=     0.0021831
[job(1519): 2016-09-10 01:12:22] At iterate     6  f =      -10.448  |proj g|=    0.00097127
[job(1519): 2016-09-10 01:12:22] At iterate     7  f =      -10.449  |proj g|=    0.00015159
[job(1519): 2016-09-10 01:12:22] At iterate     8  f =      -10.449  |proj g|=    1.0156e-05
[job(1519): 2016-09-10 01:12:22] At iterate     9  f =      -10.449  |proj g|=    3.1578e-07
[job(1519): 2016-09-10 01:12:22] 
[job(1519): 2016-09-10 01:12:22] iterations 9
[job(1519): 2016-09-10 01:12:22] function evaluations 10
[job(1519): 2016-09-10 01:12:22] segments explored during Cauchy searches 9
[job(1519): 2016-09-10 01:12:22] BFGS updates skipped 0
[job(1519): 2016-09-10 01:12:22] active bounds at final generalized Cauchy point 0
[job(1519): 2016-09-10 01:12:22] norm of the final projected gradient 3.15784e-07
[job(1519): 2016-09-10 01:12:22] final function value -10.4485
[job(1519): 2016-09-10 01:12:22] 
[job(1519): 2016-09-10 01:12:22] F = -10.4485
[job(1519): 2016-09-10 01:12:22] final  value -10.448506 
[job(1519): 2016-09-10 01:12:22] converged
[job(1519): 2016-09-10 01:12:22] [Tune-x] 9: C=4.1e+03; sigma=0.123
[job(1519): 2016-09-10 01:12:22] [Tune-y] 9: acc.test.mean=0.989; time: 0.0 min; memory: 117Mb use, 178Mb max
[job(1519): 2016-09-10 01:12:22] 
[job(1519): 2016-09-10 01:12:22] optimisation start
[job(1519): 2016-09-10 01:12:22] ------------------
[job(1519): 2016-09-10 01:12:22] * estimation method   : MLE 
[job(1519): 2016-09-10 01:12:22] * optimisation method : BFGS 
[job(1519): 2016-09-10 01:12:22] * analytical gradient : used
[job(1519): 2016-09-10 01:12:22] * trend model : ~1
[job(1519): 2016-09-10 01:12:22] * covariance model : 
[job(1519): 2016-09-10 01:12:22]   - type :  matern5_2 
[job(1519): 2016-09-10 01:12:22]   - nugget : NO
[job(1519): 2016-09-10 01:12:22]   - parameters lower bounds :  1e-10 1e-10 
[job(1519): 2016-09-10 01:12:22]   - parameters upper bounds :  43.23447 40.95371 
[job(1519): 2016-09-10 01:12:22]   - best initial criterion value(s) :  11.74047 
[job(1519): 2016-09-10 01:12:22] 
[job(1519): 2016-09-10 01:12:22] N = 2, M = 5 machine precision = 2.22045e-16
[job(1519): 2016-09-10 01:12:22] At X0, 0 variables are exactly at the bounds
[job(1519): 2016-09-10 01:12:22] At iterate     0  f=       -11.74  |proj g|=       0.1125
[job(1519): 2016-09-10 01:12:22] At iterate     1  f =      -11.754  |proj g|=       0.10912
[job(1519): 2016-09-10 01:12:22] At iterate     2  f =      -11.941  |proj g|=        0.0099
[job(1519): 2016-09-10 01:12:22] At iterate     3  f =      -11.942  |proj g|=    0.00065472
[job(1519): 2016-09-10 01:12:22] At iterate     4  f =      -11.942  |proj g|=    0.00014452
[job(1519): 2016-09-10 01:12:22] At iterate     5  f =      -11.942  |proj g|=     0.0001199
[job(1519): 2016-09-10 01:12:22] At iterate     6  f =      -11.942  |proj g|=    5.6417e-06
[job(1519): 2016-09-10 01:12:22] At iterate     7  f =      -11.942  |proj g|=     9.608e-08
[job(1519): 2016-09-10 01:12:22] 
[job(1519): 2016-09-10 01:12:22] iterations 7
[job(1519): 2016-09-10 01:12:22] function evaluations 8
[job(1519): 2016-09-10 01:12:22] segments explored during Cauchy searches 7
[job(1519): 2016-09-10 01:12:22] BFGS updates skipped 0
[job(1519): 2016-09-10 01:12:22] active bounds at final generalized Cauchy point 0
[job(1519): 2016-09-10 01:12:22] norm of the final projected gradient 9.60796e-08
[job(1519): 2016-09-10 01:12:22] final function value -11.9423
[job(1519): 2016-09-10 01:12:22] 
[job(1519): 2016-09-10 01:12:22] F = -11.9423
[job(1519): 2016-09-10 01:12:22] final  value -11.942349 
[job(1519): 2016-09-10 01:12:22] converged
[job(1519): 2016-09-10 01:12:22] [Tune-x] 10: C=0.188; sigma=0.818
[job(1519): 2016-09-10 01:12:22] [Tune-y] 10: acc.test.mean=0.987; time: 0.0 min; memory: 117Mb use, 178Mb max
[job(1519): 2016-09-10 01:12:22] 
[job(1519): 2016-09-10 01:12:22] optimisation start
[job(1519): 2016-09-10 01:12:22] ------------------
[job(1519): 2016-09-10 01:12:22] * estimation method   : MLE 
[job(1519): 2016-09-10 01:12:22] * optimisation method : BFGS 
[job(1519): 2016-09-10 01:12:22] * analytical gradient : used
[job(1519): 2016-09-10 01:12:22] * trend model : ~1
[job(1519): 2016-09-10 01:12:22] * covariance model : 
[job(1519): 2016-09-10 01:12:22]   - type :  matern5_2 
[job(1519): 2016-09-10 01:12:22]   - nugget : NO
[job(1519): 2016-09-10 01:12:22]   - parameters lower bounds :  1e-10 1e-10 
[job(1519): 2016-09-10 01:12:22]   - parameters upper bounds :  43.23447 40.95371 
[job(1519): 2016-09-10 01:12:22]   - best initial criterion value(s) :  13.29417 
[job(1519): 2016-09-10 01:12:22] 
[job(1519): 2016-09-10 01:12:22] N = 2, M = 5 machine precision = 2.22045e-16
[job(1519): 2016-09-10 01:12:22] At X0, 0 variables are exactly at the bounds
[job(1519): 2016-09-10 01:12:22] At iterate     0  f=      -13.294  |proj g|=      0.32253
[job(1519): 2016-09-10 01:12:22] At iterate     1  f =      -13.399  |proj g|=       0.32134
[job(1519): 2016-09-10 01:12:22] At iterate     2  f =      -13.892  |proj g|=       0.28205
[job(1519): 2016-09-10 01:12:22] At iterate     3  f =      -14.145  |proj g|=       0.22439
[job(1519): 2016-09-10 01:12:22] At iterate     4  f =      -14.401  |proj g|=      0.011356
[job(1519): 2016-09-10 01:12:22] At iterate     5  f =      -14.402  |proj g|=      0.004344
[job(1519): 2016-09-10 01:12:22] At iterate     6  f =      -14.404  |proj g|=     0.0076988
[job(1519): 2016-09-10 01:12:22] At iterate     7  f =      -14.408  |proj g|=     0.0075829
[job(1519): 2016-09-10 01:12:22] At iterate     8  f =      -14.408  |proj g|=    5.8349e-05
[job(1519): 2016-09-10 01:12:22] At iterate     9  f =      -14.408  |proj g|=    2.3823e-06
[job(1519): 2016-09-10 01:12:22] At iterate    10  f =      -14.408  |proj g|=    1.0947e-08
[job(1519): 2016-09-10 01:12:22] 
[job(1519): 2016-09-10 01:12:22] iterations 10
[job(1519): 2016-09-10 01:12:22] function evaluations 14
[job(1519): 2016-09-10 01:12:22] segments explored during Cauchy searches 12
[job(1519): 2016-09-10 01:12:22] BFGS updates skipped 0
[job(1519): 2016-09-10 01:12:22] active bounds at final generalized Cauchy point 0
[job(1519): 2016-09-10 01:12:22] norm of the final projected gradient 1.09466e-08
[job(1519): 2016-09-10 01:12:22] final function value -14.408
[job(1519): 2016-09-10 01:12:22] 
[job(1519): 2016-09-10 01:12:22] F = -14.408
[job(1519): 2016-09-10 01:12:22] final  value -14.408046 
[job(1519): 2016-09-10 01:12:22] converged
[job(1519): 2016-09-10 01:12:22] [Tune-x] 11: C=4.1e+03; sigma=0.0268
[job(1519): 2016-09-10 01:12:22] [Tune-y] 11: acc.test.mean=0.987; time: 0.0 min; memory: 117Mb use, 178Mb max
[job(1519): 2016-09-10 01:12:22] 
[job(1519): 2016-09-10 01:12:22] optimisation start
[job(1519): 2016-09-10 01:12:22] ------------------
[job(1519): 2016-09-10 01:12:22] * estimation method   : MLE 
[job(1519): 2016-09-10 01:12:22] * optimisation method : BFGS 
[job(1519): 2016-09-10 01:12:22] * analytical gradient : used
[job(1519): 2016-09-10 01:12:22] * trend model : ~1
[job(1519): 2016-09-10 01:12:22] * covariance model : 
[job(1519): 2016-09-10 01:12:22]   - type :  matern5_2 
[job(1519): 2016-09-10 01:12:22]   - nugget : NO
[job(1519): 2016-09-10 01:12:22]   - parameters lower bounds :  1e-10 1e-10 
[job(1519): 2016-09-10 01:12:22]   - parameters upper bounds :  43.23447 40.95371 
[job(1519): 2016-09-10 01:12:22]   - best initial criterion value(s) :  16.6083 
[job(1519): 2016-09-10 01:12:22] 
[job(1519): 2016-09-10 01:12:22] N = 2, M = 5 machine precision = 2.22045e-16
[job(1519): 2016-09-10 01:12:22] At X0, 0 variables are exactly at the bounds
[job(1519): 2016-09-10 01:12:22] At iterate     0  f=      -16.608  |proj g|=       0.0357
[job(1519): 2016-09-10 01:12:22] At iterate     1  f =       -16.61  |proj g|=      0.034398
[job(1519): 2016-09-10 01:12:22] At iterate     2  f =      -16.631  |proj g|=      0.014998
[job(1519): 2016-09-10 01:12:22] At iterate     3  f =      -16.639  |proj g|=       0.01879
[job(1519): 2016-09-10 01:12:22] At iterate     4  f =      -16.654  |proj g|=     0.0092178
[job(1519): 2016-09-10 01:12:22] At iterate     5  f =      -16.655  |proj g|=     0.0007812
[job(1519): 2016-09-10 01:12:22] At iterate     6  f =      -16.655  |proj g|=    1.8888e-05
[job(1519): 2016-09-10 01:12:22] At iterate     7  f =      -16.655  |proj g|=    4.5228e-07
[job(1519): 2016-09-10 01:12:22] 
[job(1519): 2016-09-10 01:12:22] iterations 7
[job(1519): 2016-09-10 01:12:22] function evaluations 8
[job(1519): 2016-09-10 01:12:22] segments explored during Cauchy searches 7
[job(1519): 2016-09-10 01:12:22] BFGS updates skipped 0
[job(1519): 2016-09-10 01:12:22] active bounds at final generalized Cauchy point 0
[job(1519): 2016-09-10 01:12:22] norm of the final projected gradient 4.52279e-07
[job(1519): 2016-09-10 01:12:22] final function value -16.6548
[job(1519): 2016-09-10 01:12:22] 
[job(1519): 2016-09-10 01:12:22] F = -16.6548
[job(1519): 2016-09-10 01:12:22] final  value -16.654825 
[job(1519): 2016-09-10 01:12:22] converged
[job(1519): 2016-09-10 01:12:22] [Tune-x] 12: C=0.000244; sigma=4.37
[job(1519): 2016-09-10 01:12:22] [Tune-y] 12: acc.test.mean=0.987; time: 0.0 min; memory: 117Mb use, 178Mb max
[job(1519): 2016-09-10 01:12:22] 
[job(1519): 2016-09-10 01:12:22] optimisation start
[job(1519): 2016-09-10 01:12:22] ------------------
[job(1519): 2016-09-10 01:12:22] * estimation method   : MLE 
[job(1519): 2016-09-10 01:12:22] * optimisation method : BFGS 
[job(1519): 2016-09-10 01:12:22] * analytical gradient : used
[job(1519): 2016-09-10 01:12:22] * trend model : ~1
[job(1519): 2016-09-10 01:12:22] * covariance model : 
[job(1519): 2016-09-10 01:12:22]   - type :  matern5_2 
[job(1519): 2016-09-10 01:12:22]   - nugget : NO
[job(1519): 2016-09-10 01:12:22]   - parameters lower bounds :  1e-10 1e-10 
[job(1519): 2016-09-10 01:12:22]   - parameters upper bounds :  47.99959 40.95371 
[job(1519): 2016-09-10 01:12:22]   - best initial criterion value(s) :  18.92564 
[job(1519): 2016-09-10 01:12:22] 
[job(1519): 2016-09-10 01:12:22] N = 2, M = 5 machine precision = 2.22045e-16
[job(1519): 2016-09-10 01:12:22] At X0, 0 variables are exactly at the bounds
[job(1519): 2016-09-10 01:12:22] At iterate     0  f=      -18.926  |proj g|=      0.27011
[job(1519): 2016-09-10 01:12:22] At iterate     1  f =      -18.997  |proj g|=       0.25072
[job(1519): 2016-09-10 01:12:22] At iterate     2  f =      -19.275  |proj g|=      0.023431
[job(1519): 2016-09-10 01:12:22] At iterate     3  f =       -19.28  |proj g|=      0.021605
[job(1519): 2016-09-10 01:12:22] At iterate     4  f =      -19.289  |proj g|=      0.029341
[job(1519): 2016-09-10 01:12:22] At iterate     5  f =      -19.308  |proj g|=      0.031217
[job(1519): 2016-09-10 01:12:22] At iterate     6  f =      -19.313  |proj g|=    0.00078523
[job(1519): 2016-09-10 01:12:22] At iterate     7  f =      -19.313  |proj g|=    0.00042674
[job(1519): 2016-09-10 01:12:22] At iterate     8  f =      -19.313  |proj g|=     6.492e-05
[job(1519): 2016-09-10 01:12:22] At iterate     9  f =      -19.313  |proj g|=    2.6895e-06
[job(1519): 2016-09-10 01:12:22] 
[job(1519): 2016-09-10 01:12:22] iterations 9
[job(1519): 2016-09-10 01:12:22] function evaluations 11
[job(1519): 2016-09-10 01:12:22] segments explored during Cauchy searches 9
[job(1519): 2016-09-10 01:12:22] BFGS updates skipped 0
[job(1519): 2016-09-10 01:12:22] active bounds at final generalized Cauchy point 0
[job(1519): 2016-09-10 01:12:22] norm of the final projected gradient 2.68953e-06
[job(1519): 2016-09-10 01:12:22] final function value -19.3133
[job(1519): 2016-09-10 01:12:22] 
[job(1519): 2016-09-10 01:12:22] F = -19.3133
[job(1519): 2016-09-10 01:12:22] final  value -19.313311 
[job(1519): 2016-09-10 01:12:22] converged
[job(1519): 2016-09-10 01:12:22] [Tune-x] 13: C=9.79; sigma=0.127
[job(1519): 2016-09-10 01:12:22] [Tune-y] 13: acc.test.mean=0.991; time: 0.0 min; memory: 117Mb use, 178Mb max
[job(1519): 2016-09-10 01:12:22] 
[job(1519): 2016-09-10 01:12:22] optimisation start
[job(1519): 2016-09-10 01:12:22] ------------------
[job(1519): 2016-09-10 01:12:22] * estimation method   : MLE 
[job(1519): 2016-09-10 01:12:22] * optimisation method : BFGS 
[job(1519): 2016-09-10 01:12:22] * analytical gradient : used
[job(1519): 2016-09-10 01:12:22] * trend model : ~1
[job(1519): 2016-09-10 01:12:22] * covariance model : 
[job(1519): 2016-09-10 01:12:22]   - type :  matern5_2 
[job(1519): 2016-09-10 01:12:22]   - nugget : NO
[job(1519): 2016-09-10 01:12:22]   - parameters lower bounds :  1e-10 1e-10 
[job(1519): 2016-09-10 01:12:22]   - parameters upper bounds :  47.99959 40.95371 
[job(1519): 2016-09-10 01:12:22]   - best initial criterion value(s) :  21.77206 
[job(1519): 2016-09-10 01:12:22] 
[job(1519): 2016-09-10 01:12:22] N = 2, M = 5 machine precision = 2.22045e-16
[job(1519): 2016-09-10 01:12:22] At X0, 0 variables are exactly at the bounds
[job(1519): 2016-09-10 01:12:22] At iterate     0  f=      -21.772  |proj g|=      0.19427
[job(1519): 2016-09-10 01:12:22] At iterate     1  f =      -21.807  |proj g|=        0.1685
[job(1519): 2016-09-10 01:12:22] At iterate     2  f =      -21.892  |proj g|=      0.052638
[job(1519): 2016-09-10 01:12:22] At iterate     3  f =      -21.899  |proj g|=      0.010702
[job(1519): 2016-09-10 01:12:22] At iterate     4  f =        -21.9  |proj g|=      0.010845
[job(1519): 2016-09-10 01:12:22] At iterate     5  f =      -21.903  |proj g|=      0.014532
[job(1519): 2016-09-10 01:12:22] At iterate     6  f =      -21.907  |proj g|=       0.02256
[job(1519): 2016-09-10 01:12:22] At iterate     7  f =      -21.912  |proj g|=      0.013453
[job(1519): 2016-09-10 01:12:22] At iterate     8  f =      -21.914  |proj g|=     0.0011228
[job(1519): 2016-09-10 01:12:22] At iterate     9  f =      -21.915  |proj g|=     0.0039918
[job(1519): 2016-09-10 01:12:22] At iterate    10  f =      -22.688  |proj g|=       0.34505
[job(1519): 2016-09-10 01:12:22] ys=-3.114e-01  -gs= 1.788e-02, BFGS update SKIPPED
[job(1519): 2016-09-10 01:12:22] At iterate    11  f =      -22.749  |proj g|=     0.0037721
[job(1519): 2016-09-10 01:12:22] At iterate    12  f =      -22.749  |proj g|=    0.00076771
[job(1519): 2016-09-10 01:12:22] At iterate    13  f =      -22.749  |proj g|=    2.3666e-06
[job(1519): 2016-09-10 01:12:22] At iterate    14  f =      -22.749  |proj g|=    1.4783e-09
[job(1519): 2016-09-10 01:12:22] 
[job(1519): 2016-09-10 01:12:22] iterations 14
[job(1519): 2016-09-10 01:12:22] function evaluations 18
[job(1519): 2016-09-10 01:12:22] segments explored during Cauchy searches 14
[job(1519): 2016-09-10 01:12:22] BFGS updates skipped 1
[job(1519): 2016-09-10 01:12:22] active bounds at final generalized Cauchy point 1
[job(1519): 2016-09-10 01:12:22] norm of the final projected gradient 1.47835e-09
[job(1519): 2016-09-10 01:12:22] final function value -22.7494
[job(1519): 2016-09-10 01:12:22] 
[job(1519): 2016-09-10 01:12:22] F = -22.7494
[job(1519): 2016-09-10 01:12:22] final  value -22.749418 
[job(1519): 2016-09-10 01:12:22] converged
[job(1519): 2016-09-10 01:12:22] [Tune-x] 14: C=4.09e+03; sigma=0.0127
[job(1519): 2016-09-10 01:12:22] [Tune-y] 14: acc.test.mean=0.986; time: 0.0 min; memory: 117Mb use, 178Mb max
[job(1519): 2016-09-10 01:12:22] 
[job(1519): 2016-09-10 01:12:22] optimisation start
[job(1519): 2016-09-10 01:12:22] ------------------
[job(1519): 2016-09-10 01:12:22] * estimation method   : MLE 
[job(1519): 2016-09-10 01:12:22] * optimisation method : BFGS 
[job(1519): 2016-09-10 01:12:22] * analytical gradient : used
[job(1519): 2016-09-10 01:12:22] * trend model : ~1
[job(1519): 2016-09-10 01:12:22] * covariance model : 
[job(1519): 2016-09-10 01:12:22]   - type :  matern5_2 
[job(1519): 2016-09-10 01:12:22]   - nugget : NO
[job(1519): 2016-09-10 01:12:22]   - parameters lower bounds :  1e-10 1e-10 
[job(1519): 2016-09-10 01:12:22]   - parameters upper bounds :  47.99959 40.95371 
[job(1519): 2016-09-10 01:12:22]   - best initial criterion value(s) :  25.68663 
[job(1519): 2016-09-10 01:12:22] 
[job(1519): 2016-09-10 01:12:22] N = 2, M = 5 machine precision = 2.22045e-16
[job(1519): 2016-09-10 01:12:22] At X0, 0 variables are exactly at the bounds
[job(1519): 2016-09-10 01:12:22] At iterate     0  f=      -25.687  |proj g|=      0.36992
[job(1519): 2016-09-10 01:12:22] At iterate     1  f =      -25.821  |proj g|=       0.35139
[job(1519): 2016-09-10 01:12:22] At iterate     2  f =      -26.611  |proj g|=      0.080676
[job(1519): 2016-09-10 01:12:22] At iterate     3  f =      -26.656  |proj g|=      0.041545
[job(1519): 2016-09-10 01:12:22] At iterate     4  f =      -26.672  |proj g|=       0.03585
[job(1519): 2016-09-10 01:12:22] At iterate     5  f =      -26.714  |proj g|=     0.0091735
[job(1519): 2016-09-10 01:12:22] At iterate     6  f =      -26.716  |proj g|=     0.0025073
[job(1519): 2016-09-10 01:12:22] At iterate     7  f =      -26.717  |proj g|=    5.2948e-05
[job(1519): 2016-09-10 01:12:22] At iterate     8  f =      -26.717  |proj g|=    2.9619e-06
[job(1519): 2016-09-10 01:12:22] At iterate     9  f =      -26.717  |proj g|=    2.1017e-06
[job(1519): 2016-09-10 01:12:22] 
[job(1519): 2016-09-10 01:12:22] iterations 9
[job(1519): 2016-09-10 01:12:22] function evaluations 12
[job(1519): 2016-09-10 01:12:22] segments explored during Cauchy searches 9
[job(1519): 2016-09-10 01:12:22] BFGS updates skipped 0
[job(1519): 2016-09-10 01:12:22] active bounds at final generalized Cauchy point 0
[job(1519): 2016-09-10 01:12:22] norm of the final projected gradient 2.10171e-06
[job(1519): 2016-09-10 01:12:22] final function value -26.7166
[job(1519): 2016-09-10 01:12:22] 
[job(1519): 2016-09-10 01:12:22] F = -26.7166
[job(1519): 2016-09-10 01:12:22] final  value -26.716578 
[job(1519): 2016-09-10 01:12:22] converged
[job(1519): 2016-09-10 01:12:22] [Tune-x] 15: C=108; sigma=0.0411
[job(1519): 2016-09-10 01:12:22] [Tune-y] 15: acc.test.mean=0.99; time: 0.0 min; memory: 117Mb use, 178Mb max
[job(1519): 2016-09-10 01:12:22] 
[job(1519): 2016-09-10 01:12:22] optimisation start
[job(1519): 2016-09-10 01:12:22] ------------------
[job(1519): 2016-09-10 01:12:22] * estimation method   : MLE 
[job(1519): 2016-09-10 01:12:22] * optimisation method : BFGS 
[job(1519): 2016-09-10 01:12:22] * analytical gradient : used
[job(1519): 2016-09-10 01:12:22] * trend model : ~1
[job(1519): 2016-09-10 01:12:22] * covariance model : 
[job(1519): 2016-09-10 01:12:22]   - type :  matern5_2 
[job(1519): 2016-09-10 01:12:22]   - nugget : NO
[job(1519): 2016-09-10 01:12:22]   - parameters lower bounds :  1e-10 1e-10 
[job(1519): 2016-09-10 01:12:22]   - parameters upper bounds :  47.99959 40.95371 
[job(1519): 2016-09-10 01:12:22]   - best initial criterion value(s) :  30.2787 
[job(1519): 2016-09-10 01:12:22] 
[job(1519): 2016-09-10 01:12:22] N = 2, M = 5 machine precision = 2.22045e-16
[job(1519): 2016-09-10 01:12:22] At X0, 0 variables are exactly at the bounds
[job(1519): 2016-09-10 01:12:22] At iterate     0  f=      -30.279  |proj g|=     0.051301
[job(1519): 2016-09-10 01:12:22] At iterate     1  f =      -30.283  |proj g|=      0.043945
[job(1519): 2016-09-10 01:12:22] At iterate     2  f =      -30.317  |proj g|=      0.037773
[job(1519): 2016-09-10 01:12:22] At iterate     3  f =      -30.337  |proj g|=      0.054815
[job(1519): 2016-09-10 01:12:22] At iterate     4  f =      -30.399  |proj g|=      0.052547
[job(1519): 2016-09-10 01:12:22] At iterate     5  f =      -30.419  |proj g|=     0.0089626
[job(1519): 2016-09-10 01:12:22] At iterate     6  f =      -30.421  |proj g|=      0.002146
[job(1519): 2016-09-10 01:12:22] At iterate     7  f =      -30.421  |proj g|=    5.8794e-05
[job(1519): 2016-09-10 01:12:22] At iterate     8  f =      -30.421  |proj g|=    2.7229e-05
[job(1519): 2016-09-10 01:12:22] At iterate     9  f =      -30.421  |proj g|=    3.3971e-06
[job(1519): 2016-09-10 01:12:22] 
[job(1519): 2016-09-10 01:12:22] iterations 9
[job(1519): 2016-09-10 01:12:22] function evaluations 11
[job(1519): 2016-09-10 01:12:22] segments explored during Cauchy searches 9
[job(1519): 2016-09-10 01:12:22] BFGS updates skipped 0
[job(1519): 2016-09-10 01:12:22] active bounds at final generalized Cauchy point 0
[job(1519): 2016-09-10 01:12:22] norm of the final projected gradient 3.39713e-06
[job(1519): 2016-09-10 01:12:22] final function value -30.4215
[job(1519): 2016-09-10 01:12:22] 
[job(1519): 2016-09-10 01:12:22] F = -30.4215
[job(1519): 2016-09-10 01:12:22] final  value -30.421467 
[job(1519): 2016-09-10 01:12:22] converged
[job(1519): 2016-09-10 01:12:22] [Tune-x] 16: C=0.612; sigma=0.0918
[job(1519): 2016-09-10 01:12:22] [Tune-y] 16: acc.test.mean=0.989; time: 0.0 min; memory: 117Mb use, 178Mb max
[job(1519): 2016-09-10 01:12:22] 
[job(1519): 2016-09-10 01:12:22] optimisation start
[job(1519): 2016-09-10 01:12:22] ------------------
[job(1519): 2016-09-10 01:12:22] * estimation method   : MLE 
[job(1519): 2016-09-10 01:12:22] * optimisation method : BFGS 
[job(1519): 2016-09-10 01:12:22] * analytical gradient : used
[job(1519): 2016-09-10 01:12:22] * trend model : ~1
[job(1519): 2016-09-10 01:12:22] * covariance model : 
[job(1519): 2016-09-10 01:12:22]   - type :  matern5_2 
[job(1519): 2016-09-10 01:12:22]   - nugget : NO
[job(1519): 2016-09-10 01:12:22]   - parameters lower bounds :  1e-10 1e-10 
[job(1519): 2016-09-10 01:12:22]   - parameters upper bounds :  47.99959 40.95371 
[job(1519): 2016-09-10 01:12:22]   - best initial criterion value(s) :  33.96348 
[job(1519): 2016-09-10 01:12:22] 
[job(1519): 2016-09-10 01:12:22] N = 2, M = 5 machine precision = 2.22045e-16
[job(1519): 2016-09-10 01:12:22] At X0, 0 variables are exactly at the bounds
[job(1519): 2016-09-10 01:12:22] At iterate     0  f=      -33.963  |proj g|=      0.15058
[job(1519): 2016-09-10 01:12:22] At iterate     1  f =      -33.986  |proj g|=       0.13568
[job(1519): 2016-09-10 01:12:22] At iterate     2  f =      -34.066  |proj g|=      0.051867
[job(1519): 2016-09-10 01:12:22] At iterate     3  f =      -34.074  |proj g|=       0.01304
[job(1519): 2016-09-10 01:12:22] At iterate     4  f =      -34.075  |proj g|=      0.011244
[job(1519): 2016-09-10 01:12:22] At iterate     5  f =      -34.079  |proj g|=      0.010848
[job(1519): 2016-09-10 01:12:22] At iterate     6  f =       -34.08  |proj g|=     0.0037039
[job(1519): 2016-09-10 01:12:22] At iterate     7  f =       -34.08  |proj g|=    0.00031876
[job(1519): 2016-09-10 01:12:22] At iterate     8  f =       -34.08  |proj g|=    1.8605e-06
[job(1519): 2016-09-10 01:12:22] At iterate     9  f =       -34.08  |proj g|=    7.4835e-08
[job(1519): 2016-09-10 01:12:22] 
[job(1519): 2016-09-10 01:12:22] iterations 9
[job(1519): 2016-09-10 01:12:22] function evaluations 10
[job(1519): 2016-09-10 01:12:22] segments explored during Cauchy searches 9
[job(1519): 2016-09-10 01:12:22] BFGS updates skipped 0
[job(1519): 2016-09-10 01:12:22] active bounds at final generalized Cauchy point 0
[job(1519): 2016-09-10 01:12:22] norm of the final projected gradient 7.48351e-08
[job(1519): 2016-09-10 01:12:22] final function value -34.0797
[job(1519): 2016-09-10 01:12:22] 
[job(1519): 2016-09-10 01:12:22] F = -34.0797
[job(1519): 2016-09-10 01:12:22] final  value -34.079721 
[job(1519): 2016-09-10 01:12:22] converged
[job(1519): 2016-09-10 01:12:22] [Tune-x] 17: C=0.00945; sigma=5.19
[job(1519): 2016-09-10 01:12:22] [Tune-y] 17: acc.test.mean=0.99; time: 0.0 min; memory: 117Mb use, 178Mb max
[job(1519): 2016-09-10 01:12:22] 
[job(1519): 2016-09-10 01:12:22] optimisation start
[job(1519): 2016-09-10 01:12:22] ------------------
[job(1519): 2016-09-10 01:12:22] * estimation method   : MLE 
[job(1519): 2016-09-10 01:12:22] * optimisation method : BFGS 
[job(1519): 2016-09-10 01:12:22] * analytical gradient : used
[job(1519): 2016-09-10 01:12:22] * trend model : ~1
[job(1519): 2016-09-10 01:12:22] * covariance model : 
[job(1519): 2016-09-10 01:12:22]   - type :  matern5_2 
[job(1519): 2016-09-10 01:12:22]   - nugget : NO
[job(1519): 2016-09-10 01:12:22]   - parameters lower bounds :  1e-10 1e-10 
[job(1519): 2016-09-10 01:12:22]   - parameters upper bounds :  47.99959 40.95371 
[job(1519): 2016-09-10 01:12:22]   - best initial criterion value(s) :  38.26161 
[job(1519): 2016-09-10 01:12:22] 
[job(1519): 2016-09-10 01:12:22] N = 2, M = 5 machine precision = 2.22045e-16
[job(1519): 2016-09-10 01:12:22] At X0, 0 variables are exactly at the bounds
[job(1519): 2016-09-10 01:12:22] At iterate     0  f=      -38.262  |proj g|=      0.15178
[job(1519): 2016-09-10 01:12:22] At iterate     1  f =      -38.283  |proj g|=       0.07127
[job(1519): 2016-09-10 01:12:22] At iterate     2  f =        -38.3  |proj g|=      0.057142
[job(1519): 2016-09-10 01:12:22] At iterate     3  f =      -38.315  |proj g|=      0.060489
[job(1519): 2016-09-10 01:12:22] At iterate     4  f =      -38.364  |proj g|=       0.16032
[job(1519): 2016-09-10 01:12:22] At iterate     5  f =      -38.485  |proj g|=       0.30582
[job(1519): 2016-09-10 01:12:22] At iterate     6  f =       -38.74  |proj g|=       0.43154
[job(1519): 2016-09-10 01:12:22] At iterate     7  f =      -38.886  |proj g|=       0.30091
[job(1519): 2016-09-10 01:12:22] At iterate     8  f =      -38.977  |proj g|=      0.062953
[job(1519): 2016-09-10 01:12:22] At iterate     9  f =       -38.98  |proj g|=      0.020553
[job(1519): 2016-09-10 01:12:22] At iterate    10  f =       -38.98  |proj g|=     0.0009752
[job(1519): 2016-09-10 01:12:22] At iterate    11  f =       -38.98  |proj g|=    1.4275e-05
[job(1519): 2016-09-10 01:12:22] At iterate    12  f =       -38.98  |proj g|=    1.0096e-08
[job(1519): 2016-09-10 01:12:22] 
[job(1519): 2016-09-10 01:12:22] iterations 12
[job(1519): 2016-09-10 01:12:22] function evaluations 15
[job(1519): 2016-09-10 01:12:22] segments explored during Cauchy searches 12
[job(1519): 2016-09-10 01:12:22] BFGS updates skipped 0
[job(1519): 2016-09-10 01:12:22] active bounds at final generalized Cauchy point 1
[job(1519): 2016-09-10 01:12:22] norm of the final projected gradient 1.00964e-08
[job(1519): 2016-09-10 01:12:22] final function value -38.9804
[job(1519): 2016-09-10 01:12:22] 
[job(1519): 2016-09-10 01:12:22] F = -38.9804
[job(1519): 2016-09-10 01:12:22] final  value -38.980364 
[job(1519): 2016-09-10 01:12:22] converged
[job(1519): 2016-09-10 01:12:22] [Tune-x] 18: C=43; sigma=0.255
[job(1519): 2016-09-10 01:12:22] [Tune-y] 18: acc.test.mean=0.988; time: 0.0 min; memory: 117Mb use, 178Mb max
[job(1519): 2016-09-10 01:12:22] 
[job(1519): 2016-09-10 01:12:22] optimisation start
[job(1519): 2016-09-10 01:12:22] ------------------
[job(1519): 2016-09-10 01:12:22] * estimation method   : MLE 
[job(1519): 2016-09-10 01:12:22] * optimisation method : BFGS 
[job(1519): 2016-09-10 01:12:22] * analytical gradient : used
[job(1519): 2016-09-10 01:12:22] * trend model : ~1
[job(1519): 2016-09-10 01:12:22] * covariance model : 
[job(1519): 2016-09-10 01:12:22]   - type :  matern5_2 
[job(1519): 2016-09-10 01:12:22]   - nugget : NO
[job(1519): 2016-09-10 01:12:22]   - parameters lower bounds :  1e-10 1e-10 
[job(1519): 2016-09-10 01:12:22]   - parameters upper bounds :  47.99959 40.95371 
[job(1519): 2016-09-10 01:12:22]   - best initial criterion value(s) :  42.07347 
[job(1519): 2016-09-10 01:12:22] 
[job(1519): 2016-09-10 01:12:22] N = 2, M = 5 machine precision = 2.22045e-16
[job(1519): 2016-09-10 01:12:22] At X0, 0 variables are exactly at the bounds
[job(1519): 2016-09-10 01:12:22] At iterate     0  f=      -42.073  |proj g|=     0.073604
[job(1519): 2016-09-10 01:12:22] At iterate     1  f =       -42.08  |proj g|=       0.07278
[job(1519): 2016-09-10 01:12:22] At iterate     2  f =      -42.292  |proj g|=      0.097144
[job(1519): 2016-09-10 01:12:22] At iterate     3  f =      -42.311  |proj g|=      0.039172
[job(1519): 2016-09-10 01:12:22] At iterate     4  f =      -42.324  |proj g|=     0.0044021
[job(1519): 2016-09-10 01:12:22] At iterate     5  f =      -42.324  |proj g|=     0.0014733
[job(1519): 2016-09-10 01:12:22] At iterate     6  f =      -42.324  |proj g|=    0.00013225
[job(1519): 2016-09-10 01:12:22] At iterate     7  f =      -42.324  |proj g|=    7.1064e-08
[job(1519): 2016-09-10 01:12:22] 
[job(1519): 2016-09-10 01:12:22] iterations 7
[job(1519): 2016-09-10 01:12:22] function evaluations 8
[job(1519): 2016-09-10 01:12:22] segments explored during Cauchy searches 7
[job(1519): 2016-09-10 01:12:22] BFGS updates skipped 0
[job(1519): 2016-09-10 01:12:22] active bounds at final generalized Cauchy point 0
[job(1519): 2016-09-10 01:12:22] norm of the final projected gradient 7.10644e-08
[job(1519): 2016-09-10 01:12:22] final function value -42.3245
[job(1519): 2016-09-10 01:12:22] 
[job(1519): 2016-09-10 01:12:22] F = -42.3245
[job(1519): 2016-09-10 01:12:22] final  value -42.324486 
[job(1519): 2016-09-10 01:12:22] converged
[job(1519): 2016-09-10 01:12:22] [Tune-x] 19: C=4.1e+03; sigma=0.924
[job(1519): 2016-09-10 01:12:22] [Tune-y] 19: acc.test.mean=0.985; time: 0.1 min; memory: 117Mb use, 178Mb max
[job(1519): 2016-09-10 01:12:22] 
[job(1519): 2016-09-10 01:12:22] optimisation start
[job(1519): 2016-09-10 01:12:22] ------------------
[job(1519): 2016-09-10 01:12:22] * estimation method   : MLE 
[job(1519): 2016-09-10 01:12:22] * optimisation method : BFGS 
[job(1519): 2016-09-10 01:12:22] * analytical gradient : used
[job(1519): 2016-09-10 01:12:22] * trend model : ~1
[job(1519): 2016-09-10 01:12:22] * covariance model : 
[job(1519): 2016-09-10 01:12:22]   - type :  matern5_2 
[job(1519): 2016-09-10 01:12:22]   - nugget : NO
[job(1519): 2016-09-10 01:12:22]   - parameters lower bounds :  1e-10 1e-10 
[job(1519): 2016-09-10 01:12:22]   - parameters upper bounds :  47.99962 40.95371 
[job(1519): 2016-09-10 01:12:22]   - best initial criterion value(s) :  45.18393 
[job(1519): 2016-09-10 01:12:22] 
[job(1519): 2016-09-10 01:12:22] N = 2, M = 5 machine precision = 2.22045e-16
[job(1519): 2016-09-10 01:12:22] At X0, 0 variables are exactly at the bounds
[job(1519): 2016-09-10 01:12:22] At iterate     0  f=      -45.184  |proj g|=      0.03551
[job(1519): 2016-09-10 01:12:22] At iterate     1  f =      -45.186  |proj g|=      0.030671
[job(1519): 2016-09-10 01:12:22] At iterate     2  f =      -45.202  |proj g|=       0.10006
[job(1519): 2016-09-10 01:12:22] At iterate     3  f =      -45.217  |proj g|=      0.049134
[job(1519): 2016-09-10 01:12:22] At iterate     4  f =      -45.525  |proj g|=       0.27803
[job(1519): 2016-09-10 01:12:22] At iterate     5  f =      -45.814  |proj g|=       0.32733
[job(1519): 2016-09-10 01:12:22] ys=-4.271e-02  -gs= 2.656e-01, BFGS update SKIPPED
[job(1519): 2016-09-10 01:12:22] At iterate     6  f =      -45.882  |proj g|=       0.23094
[job(1519): 2016-09-10 01:12:22] At iterate     7  f =      -45.927  |proj g|=        0.1043
[job(1519): 2016-09-10 01:12:22] At iterate     8  f =      -45.935  |proj g|=      0.018589
[job(1519): 2016-09-10 01:12:22] At iterate     9  f =      -45.935  |proj g|=      0.001208
[job(1519): 2016-09-10 01:12:22] At iterate    10  f =      -45.935  |proj g|=    1.5317e-05
[job(1519): 2016-09-10 01:12:22] At iterate    11  f =      -45.935  |proj g|=    1.2409e-08
[job(1519): 2016-09-10 01:12:22] 
[job(1519): 2016-09-10 01:12:22] iterations 11
[job(1519): 2016-09-10 01:12:22] function evaluations 13
[job(1519): 2016-09-10 01:12:22] segments explored during Cauchy searches 11
[job(1519): 2016-09-10 01:12:22] BFGS updates skipped 1
[job(1519): 2016-09-10 01:12:22] active bounds at final generalized Cauchy point 1
[job(1519): 2016-09-10 01:12:22] norm of the final projected gradient 1.24092e-08
[job(1519): 2016-09-10 01:12:22] final function value -45.9351
[job(1519): 2016-09-10 01:12:22] 
[job(1519): 2016-09-10 01:12:22] F = -45.9351
[job(1519): 2016-09-10 01:12:22] final  value -45.935140 
[job(1519): 2016-09-10 01:12:22] converged
[job(1519): 2016-09-10 01:12:22] [Tune-x] 20: C=4.34; sigma=0.146
[job(1519): 2016-09-10 01:12:22] [Tune-y] 20: acc.test.mean=0.99; time: 0.0 min; memory: 117Mb use, 178Mb max
[job(1519): 2016-09-10 01:12:22] 
[job(1519): 2016-09-10 01:12:22] optimisation start
[job(1519): 2016-09-10 01:12:22] ------------------
[job(1519): 2016-09-10 01:12:22] * estimation method   : MLE 
[job(1519): 2016-09-10 01:12:22] * optimisation method : BFGS 
[job(1519): 2016-09-10 01:12:22] * analytical gradient : used
[job(1519): 2016-09-10 01:12:22] * trend model : ~1
[job(1519): 2016-09-10 01:12:22] * covariance model : 
[job(1519): 2016-09-10 01:12:22]   - type :  matern5_2 
[job(1519): 2016-09-10 01:12:22]   - nugget : NO
[job(1519): 2016-09-10 01:12:22]   - parameters lower bounds :  1e-10 1e-10 
[job(1519): 2016-09-10 01:12:22]   - parameters upper bounds :  47.99962 40.95371 
[job(1519): 2016-09-10 01:12:22]   - best initial criterion value(s) :  49.66892 
[job(1519): 2016-09-10 01:12:22] 
[job(1519): 2016-09-10 01:12:22] N = 2, M = 5 machine precision = 2.22045e-16
[job(1519): 2016-09-10 01:12:22] At X0, 0 variables are exactly at the bounds
[job(1519): 2016-09-10 01:12:22] At iterate     0  f=      -49.669  |proj g|=      0.26276
[job(1519): 2016-09-10 01:12:22] At iterate     1  f =      -49.757  |proj g|=       0.24514
[job(1519): 2016-09-10 01:12:22] At iterate     2  f =      -50.319  |proj g|=      0.095387
[job(1519): 2016-09-10 01:12:22] At iterate     3  f =      -50.449  |proj g|=      0.081529
[job(1519): 2016-09-10 01:12:22] At iterate     4  f =      -50.482  |proj g|=     0.0068454
[job(1519): 2016-09-10 01:12:22] At iterate     5  f =      -50.483  |proj g|=     0.0012961
[job(1519): 2016-09-10 01:12:22] At iterate     6  f =      -50.483  |proj g|=    6.7533e-05
[job(1519): 2016-09-10 01:12:22] At iterate     7  f =      -50.483  |proj g|=    4.1511e-06
[job(1519): 2016-09-10 01:12:22] 
[job(1519): 2016-09-10 01:12:22] iterations 7
[job(1519): 2016-09-10 01:12:22] function evaluations 8
[job(1519): 2016-09-10 01:12:22] segments explored during Cauchy searches 7
[job(1519): 2016-09-10 01:12:22] BFGS updates skipped 0
[job(1519): 2016-09-10 01:12:22] active bounds at final generalized Cauchy point 0
[job(1519): 2016-09-10 01:12:22] norm of the final projected gradient 4.15112e-06
[job(1519): 2016-09-10 01:12:22] final function value -50.4835
[job(1519): 2016-09-10 01:12:22] 
[job(1519): 2016-09-10 01:12:22] F = -50.4835
[job(1519): 2016-09-10 01:12:22] final  value -50.483495 
[job(1519): 2016-09-10 01:12:22] converged
[job(1519): 2016-09-10 01:12:22] [Tune-x] 21: C=9.41; sigma=0.056
[job(1519): 2016-09-10 01:12:22] [Tune-y] 21: acc.test.mean=0.99; time: 0.0 min; memory: 117Mb use, 178Mb max
[job(1519): 2016-09-10 01:12:22] 
[job(1519): 2016-09-10 01:12:22] optimisation start
[job(1519): 2016-09-10 01:12:22] ------------------
[job(1519): 2016-09-10 01:12:22] * estimation method   : MLE 
[job(1519): 2016-09-10 01:12:22] * optimisation method : BFGS 
[job(1519): 2016-09-10 01:12:22] * analytical gradient : used
[job(1519): 2016-09-10 01:12:22] * trend model : ~1
[job(1519): 2016-09-10 01:12:22] * covariance model : 
[job(1519): 2016-09-10 01:12:22]   - type :  matern5_2 
[job(1519): 2016-09-10 01:12:22]   - nugget : NO
[job(1519): 2016-09-10 01:12:22]   - parameters lower bounds :  1e-10 1e-10 
[job(1519): 2016-09-10 01:12:22]   - parameters upper bounds :  47.99962 40.95371 
[job(1519): 2016-09-10 01:12:22]   - best initial criterion value(s) :  53.59683 
[job(1519): 2016-09-10 01:12:22] 
[job(1519): 2016-09-10 01:12:22] N = 2, M = 5 machine precision = 2.22045e-16
[job(1519): 2016-09-10 01:12:22] At X0, 0 variables are exactly at the bounds
[job(1519): 2016-09-10 01:12:22] At iterate     0  f=      -53.597  |proj g|=        2.924
[job(1519): 2016-09-10 01:12:22] At iterate     1  f =      -55.733  |proj g|=       0.47674
[job(1519): 2016-09-10 01:12:22] At iterate     2  f =       -55.89  |proj g|=       0.27366
[job(1519): 2016-09-10 01:12:22] At iterate     3  f =      -55.961  |proj g|=      0.086676
[job(1519): 2016-09-10 01:12:22] At iterate     4  f =      -55.972  |proj g|=       0.06899
[job(1519): 2016-09-10 01:12:22] At iterate     5  f =      -55.994  |proj g|=      0.065425
[job(1519): 2016-09-10 01:12:22] At iterate     6  f =      -56.065  |proj g|=       0.18598
[job(1519): 2016-09-10 01:12:22] At iterate     7  f =      -56.187  |proj g|=       0.29496
[job(1519): 2016-09-10 01:12:22] At iterate     8  f =      -56.367  |proj g|=       0.33749
[job(1519): 2016-09-10 01:12:22] At iterate     9  f =      -56.476  |proj g|=       0.16983
[job(1519): 2016-09-10 01:12:22] At iterate    10  f =      -56.501  |proj g|=      0.038151
[job(1519): 2016-09-10 01:12:22] At iterate    11  f =      -56.502  |proj g|=     0.0035728
[job(1519): 2016-09-10 01:12:22] At iterate    12  f =      -56.502  |proj g|=    6.8777e-05
[job(1519): 2016-09-10 01:12:22] At iterate    13  f =      -56.502  |proj g|=    1.2641e-07
[job(1519): 2016-09-10 01:12:22] 
[job(1519): 2016-09-10 01:12:22] iterations 13
[job(1519): 2016-09-10 01:12:22] function evaluations 14
[job(1519): 2016-09-10 01:12:22] segments explored during Cauchy searches 13
[job(1519): 2016-09-10 01:12:22] BFGS updates skipped 0
[job(1519): 2016-09-10 01:12:22] active bounds at final generalized Cauchy point 1
[job(1519): 2016-09-10 01:12:22] norm of the final projected gradient 1.26407e-07
[job(1519): 2016-09-10 01:12:22] final function value -56.5023
[job(1519): 2016-09-10 01:12:22] 
[job(1519): 2016-09-10 01:12:22] F = -56.5023
[job(1519): 2016-09-10 01:12:22] final  value -56.502291 
[job(1519): 2016-09-10 01:12:22] converged
[job(1519): 2016-09-10 01:12:22] [Tune-x] 22: C=18.7; sigma=0.03
[job(1519): 2016-09-10 01:12:22] [Tune-y] 22: acc.test.mean=0.989; time: 0.0 min; memory: 117Mb use, 178Mb max
[job(1519): 2016-09-10 01:12:22] 
[job(1519): 2016-09-10 01:12:22] optimisation start
[job(1519): 2016-09-10 01:12:22] ------------------
[job(1519): 2016-09-10 01:12:22] * estimation method   : MLE 
[job(1519): 2016-09-10 01:12:22] * optimisation method : BFGS 
[job(1519): 2016-09-10 01:12:22] * analytical gradient : used
[job(1519): 2016-09-10 01:12:22] * trend model : ~1
[job(1519): 2016-09-10 01:12:22] * covariance model : 
[job(1519): 2016-09-10 01:12:22]   - type :  matern5_2 
[job(1519): 2016-09-10 01:12:22]   - nugget : NO
[job(1519): 2016-09-10 01:12:22]   - parameters lower bounds :  1e-10 1e-10 
[job(1519): 2016-09-10 01:12:22]   - parameters upper bounds :  47.99962 40.95371 
[job(1519): 2016-09-10 01:12:22]   - best initial criterion value(s) :  59.22418 
[job(1519): 2016-09-10 01:12:22] 
[job(1519): 2016-09-10 01:12:22] N = 2, M = 5 machine precision = 2.22045e-16
[job(1519): 2016-09-10 01:12:22] At X0, 0 variables are exactly at the bounds
[job(1519): 2016-09-10 01:12:22] At iterate     0  f=      -59.224  |proj g|=       1.4124
[job(1519): 2016-09-10 01:12:22] At iterate     1  f =      -59.795  |proj g|=       0.38743
[job(1519): 2016-09-10 01:12:22] At iterate     2  f =      -59.878  |proj g|=       0.12668
[job(1519): 2016-09-10 01:12:22] At iterate     3  f =      -59.903  |proj g|=       0.10916
[job(1519): 2016-09-10 01:12:22] At iterate     4  f =      -59.925  |proj g|=       0.10843
[job(1519): 2016-09-10 01:12:22] At iterate     5  f =      -60.079  |proj g|=       0.38986
[job(1519): 2016-09-10 01:12:22] At iterate     6  f =      -60.293  |proj g|=       0.49643
[job(1519): 2016-09-10 01:12:22] At iterate     7  f =      -60.686  |proj g|=        0.2177
[job(1519): 2016-09-10 01:12:22] At iterate     8  f =      -60.842  |proj g|=     0.0072456
[job(1519): 2016-09-10 01:12:22] At iterate     9  f =      -60.842  |proj g|=     0.0057958
[job(1519): 2016-09-10 01:12:22] At iterate    10  f =      -60.842  |proj g|=    3.2036e-05
[job(1519): 2016-09-10 01:12:22] At iterate    11  f =      -60.842  |proj g|=    1.4085e-07
[job(1519): 2016-09-10 01:12:22] 
[job(1519): 2016-09-10 01:12:22] iterations 11
[job(1519): 2016-09-10 01:12:22] function evaluations 12
[job(1519): 2016-09-10 01:12:22] segments explored during Cauchy searches 11
[job(1519): 2016-09-10 01:12:22] BFGS updates skipped 0
[job(1519): 2016-09-10 01:12:22] active bounds at final generalized Cauchy point 1
[job(1519): 2016-09-10 01:12:22] norm of the final projected gradient 1.40853e-07
[job(1519): 2016-09-10 01:12:22] final function value -60.8423
[job(1519): 2016-09-10 01:12:22] 
[job(1519): 2016-09-10 01:12:22] F = -60.8423
[job(1519): 2016-09-10 01:12:22] final  value -60.842308 
[job(1519): 2016-09-10 01:12:22] converged
[job(1519): 2016-09-10 01:12:22] [Tune-x] 23: C=0.000244; sigma=0.0423
[job(1519): 2016-09-10 01:12:22] [Tune-y] 23: acc.test.mean=0.859; time: 0.0 min; memory: 117Mb use, 178Mb max
[job(1519): 2016-09-10 01:12:22] 
[job(1519): 2016-09-10 01:12:22] optimisation start
[job(1519): 2016-09-10 01:12:22] ------------------
[job(1519): 2016-09-10 01:12:22] * estimation method   : MLE 
[job(1519): 2016-09-10 01:12:22] * optimisation method : BFGS 
[job(1519): 2016-09-10 01:12:22] * analytical gradient : used
[job(1519): 2016-09-10 01:12:22] * trend model : ~1
[job(1519): 2016-09-10 01:12:22] * covariance model : 
[job(1519): 2016-09-10 01:12:22]   - type :  matern5_2 
[job(1519): 2016-09-10 01:12:22]   - nugget : NO
[job(1519): 2016-09-10 01:12:22]   - parameters lower bounds :  1e-10 1e-10 
[job(1519): 2016-09-10 01:12:22]   - parameters upper bounds :  47.99962 40.95371 
[job(1519): 2016-09-10 01:12:22]   - best initial criterion value(s) :  53.90886 
[job(1519): 2016-09-10 01:12:22] 
[job(1519): 2016-09-10 01:12:22] N = 2, M = 5 machine precision = 2.22045e-16
[job(1519): 2016-09-10 01:12:22] At X0, 0 variables are exactly at the bounds
[job(1519): 2016-09-10 01:12:22] At iterate     0  f=      -53.909  |proj g|=     0.043927
[job(1519): 2016-09-10 01:12:22] At iterate     1  f =       -53.91  |proj g|=      0.020332
[job(1519): 2016-09-10 01:12:22] At iterate     2  f =      -53.911  |proj g|=     0.0082697
[job(1519): 2016-09-10 01:12:22] At iterate     3  f =      -53.911  |proj g|=     0.0051625
[job(1519): 2016-09-10 01:12:22] At iterate     4  f =      -53.912  |proj g|=     0.0006568
[job(1519): 2016-09-10 01:12:22] At iterate     5  f =      -53.912  |proj g|=    2.9193e-05
[job(1519): 2016-09-10 01:12:22] At iterate     6  f =      -53.912  |proj g|=    8.6976e-07
[job(1519): 2016-09-10 01:12:22] 
[job(1519): 2016-09-10 01:12:22] iterations 6
[job(1519): 2016-09-10 01:12:22] function evaluations 7
[job(1519): 2016-09-10 01:12:22] segments explored during Cauchy searches 6
[job(1519): 2016-09-10 01:12:22] BFGS updates skipped 0
[job(1519): 2016-09-10 01:12:22] active bounds at final generalized Cauchy point 0
[job(1519): 2016-09-10 01:12:22] norm of the final projected gradient 8.69762e-07
[job(1519): 2016-09-10 01:12:22] final function value -53.9115
[job(1519): 2016-09-10 01:12:22] 
[job(1519): 2016-09-10 01:12:22] F = -53.9115
[job(1519): 2016-09-10 01:12:22] final  value -53.911510 
[job(1519): 2016-09-10 01:12:22] converged
[job(1519): 2016-09-10 01:12:22] [Tune-x] 24: C=0.0027; sigma=0.613
[job(1519): 2016-09-10 01:12:22] [Tune-y] 24: acc.test.mean=0.987; time: 0.0 min; memory: 117Mb use, 178Mb max
[job(1519): 2016-09-10 01:12:22] 
[job(1519): 2016-09-10 01:12:22] optimisation start
[job(1519): 2016-09-10 01:12:22] ------------------
[job(1519): 2016-09-10 01:12:22] * estimation method   : MLE 
[job(1519): 2016-09-10 01:12:22] * optimisation method : BFGS 
[job(1519): 2016-09-10 01:12:22] * analytical gradient : used
[job(1519): 2016-09-10 01:12:22] * trend model : ~1
[job(1519): 2016-09-10 01:12:22] * covariance model : 
[job(1519): 2016-09-10 01:12:22]   - type :  matern5_2 
[job(1519): 2016-09-10 01:12:22]   - nugget : NO
[job(1519): 2016-09-10 01:12:22]   - parameters lower bounds :  1e-10 1e-10 
[job(1519): 2016-09-10 01:12:22]   - parameters upper bounds :  47.99962 40.95371 
[job(1519): 2016-09-10 01:12:22]   - best initial criterion value(s) :  52.05191 
[job(1519): 2016-09-10 01:12:22] 
[job(1519): 2016-09-10 01:12:22] N = 2, M = 5 machine precision = 2.22045e-16
[job(1519): 2016-09-10 01:12:22] At X0, 0 variables are exactly at the bounds
[job(1519): 2016-09-10 01:12:22] At iterate     0  f=      -52.052  |proj g|=      0.45529
[job(1519): 2016-09-10 01:12:22] At iterate     1  f =      -52.316  |proj g|=       0.41801
[job(1519): 2016-09-10 01:12:22] At iterate     2  f =      -52.851  |proj g|=       0.69072
[job(1519): 2016-09-10 01:12:22] At iterate     3  f =      -53.692  |proj g|=        1.1454
[job(1519): 2016-09-10 01:12:22] At iterate     4  f =      -54.341  |proj g|=       0.92006
[job(1519): 2016-09-10 01:12:22] At iterate     5  f =      -54.646  |proj g|=       0.21111
[job(1519): 2016-09-10 01:12:22] At iterate     6  f =      -54.667  |proj g|=      0.021077
[job(1519): 2016-09-10 01:12:22] At iterate     7  f =      -54.669  |proj g|=     0.0023564
[job(1519): 2016-09-10 01:12:22] At iterate     8  f =      -54.669  |proj g|=    7.9737e-05
[job(1519): 2016-09-10 01:12:22] At iterate     9  f =      -54.669  |proj g|=    2.6755e-06
[job(1519): 2016-09-10 01:12:22] 
[job(1519): 2016-09-10 01:12:22] iterations 9
[job(1519): 2016-09-10 01:12:22] function evaluations 11
[job(1519): 2016-09-10 01:12:22] segments explored during Cauchy searches 9
[job(1519): 2016-09-10 01:12:22] BFGS updates skipped 0
[job(1519): 2016-09-10 01:12:22] active bounds at final generalized Cauchy point 0
[job(1519): 2016-09-10 01:12:22] norm of the final projected gradient 2.67548e-06
[job(1519): 2016-09-10 01:12:22] final function value -54.6687
[job(1519): 2016-09-10 01:12:22] 
[job(1519): 2016-09-10 01:12:22] F = -54.6687
[job(1519): 2016-09-10 01:12:22] final  value -54.668659 
[job(1519): 2016-09-10 01:12:22] converged
[job(1519): 2016-09-10 01:12:22] [Tune-x] 25: C=0.0138; sigma=0.241
[job(1519): 2016-09-10 01:12:22] [Tune-y] 25: acc.test.mean=0.989; time: 0.0 min; memory: 118Mb use, 178Mb max
[job(1519): 2016-09-10 01:12:22] 
[job(1519): 2016-09-10 01:12:22] optimisation start
[job(1519): 2016-09-10 01:12:22] ------------------
[job(1519): 2016-09-10 01:12:22] * estimation method   : MLE 
[job(1519): 2016-09-10 01:12:22] * optimisation method : BFGS 
[job(1519): 2016-09-10 01:12:22] * analytical gradient : used
[job(1519): 2016-09-10 01:12:22] * trend model : ~1
[job(1519): 2016-09-10 01:12:22] * covariance model : 
[job(1519): 2016-09-10 01:12:22]   - type :  matern5_2 
[job(1519): 2016-09-10 01:12:22]   - nugget : NO
[job(1519): 2016-09-10 01:12:22]   - parameters lower bounds :  1e-10 1e-10 
[job(1519): 2016-09-10 01:12:22]   - parameters upper bounds :  47.99962 40.95371 
[job(1519): 2016-09-10 01:12:22]   - best initial criterion value(s) :  55.26366 
[job(1519): 2016-09-10 01:12:22] 
[job(1519): 2016-09-10 01:12:22] N = 2, M = 5 machine precision = 2.22045e-16
[job(1519): 2016-09-10 01:12:22] At X0, 0 variables are exactly at the bounds
[job(1519): 2016-09-10 01:12:22] At iterate     0  f=      -55.264  |proj g|=       1.1448
[job(1519): 2016-09-10 01:12:22] At iterate     1  f =      -56.661  |proj g|=        1.0762
[job(1519): 2016-09-10 01:12:22] At iterate     2  f =      -57.907  |proj g|=       0.14976
[job(1519): 2016-09-10 01:12:22] At iterate     3  f =      -57.938  |proj g|=       0.16935
[job(1519): 2016-09-10 01:12:22] At iterate     4  f =       -57.97  |proj g|=       0.10719
[job(1519): 2016-09-10 01:12:22] At iterate     5  f =      -58.032  |proj g|=     0.0091271
[job(1519): 2016-09-10 01:12:22] At iterate     6  f =      -58.032  |proj g|=    0.00072916
[job(1519): 2016-09-10 01:12:22] At iterate     7  f =      -58.032  |proj g|=     3.984e-05
[job(1519): 2016-09-10 01:12:22] At iterate     8  f =      -58.032  |proj g|=    1.0361e-06
[job(1519): 2016-09-10 01:12:22] 
[job(1519): 2016-09-10 01:12:22] iterations 8
[job(1519): 2016-09-10 01:12:22] function evaluations 12
[job(1519): 2016-09-10 01:12:22] segments explored during Cauchy searches 9
[job(1519): 2016-09-10 01:12:22] BFGS updates skipped 0
[job(1519): 2016-09-10 01:12:22] active bounds at final generalized Cauchy point 0
[job(1519): 2016-09-10 01:12:22] norm of the final projected gradient 1.03614e-06
[job(1519): 2016-09-10 01:12:22] final function value -58.032
[job(1519): 2016-09-10 01:12:22] 
[job(1519): 2016-09-10 01:12:22] F = -58.032
[job(1519): 2016-09-10 01:12:22] final  value -58.032027 
[job(1519): 2016-09-10 01:12:22] converged
[job(1519): 2016-09-10 01:12:22] [Tune-x] 26: C=0.449; sigma=3.15
[job(1519): 2016-09-10 01:12:22] [Tune-y] 26: acc.test.mean=0.988; time: 0.0 min; memory: 118Mb use, 178Mb max
[job(1519): 2016-09-10 01:12:22] 
[job(1519): 2016-09-10 01:12:22] optimisation start
[job(1519): 2016-09-10 01:12:22] ------------------
[job(1519): 2016-09-10 01:12:22] * estimation method   : MLE 
[job(1519): 2016-09-10 01:12:22] * optimisation method : BFGS 
[job(1519): 2016-09-10 01:12:22] * analytical gradient : used
[job(1519): 2016-09-10 01:12:22] * trend model : ~1
[job(1519): 2016-09-10 01:12:22] * covariance model : 
[job(1519): 2016-09-10 01:12:22]   - type :  matern5_2 
[job(1519): 2016-09-10 01:12:22]   - nugget : NO
[job(1519): 2016-09-10 01:12:22]   - parameters lower bounds :  1e-10 1e-10 
[job(1519): 2016-09-10 01:12:22]   - parameters upper bounds :  47.99962 40.95371 
[job(1519): 2016-09-10 01:12:22]   - best initial criterion value(s) :  58.0783 
[job(1519): 2016-09-10 01:12:22] 
[job(1519): 2016-09-10 01:12:22] N = 2, M = 5 machine precision = 2.22045e-16
[job(1519): 2016-09-10 01:12:22] At X0, 0 variables are exactly at the bounds
[job(1519): 2016-09-10 01:12:22] At iterate     0  f=      -58.078  |proj g|=       1.6843
[job(1519): 2016-09-10 01:12:22] At iterate     1  f =       -58.72  |proj g|=       0.61212
[job(1519): 2016-09-10 01:12:22] At iterate     2  f =      -59.024  |proj g|=       0.47468
[job(1519): 2016-09-10 01:12:22] At iterate     3  f =      -59.607  |proj g|=       0.84061
[job(1519): 2016-09-10 01:12:22] At iterate     4  f =      -60.125  |proj g|=       0.65869
[job(1519): 2016-09-10 01:12:22] At iterate     5  f =       -61.35  |proj g|=       0.45762
[job(1519): 2016-09-10 01:12:22] At iterate     6  f =      -61.425  |proj g|=      0.019233
[job(1519): 2016-09-10 01:12:22] At iterate     7  f =      -61.426  |proj g|=     0.0056624
[job(1519): 2016-09-10 01:12:22] At iterate     8  f =      -61.426  |proj g|=     0.0010762
[job(1519): 2016-09-10 01:12:22] At iterate     9  f =      -61.426  |proj g|=    2.3706e-05
[job(1519): 2016-09-10 01:12:22] At iterate    10  f =      -61.426  |proj g|=     2.299e-07
[job(1519): 2016-09-10 01:12:22] 
[job(1519): 2016-09-10 01:12:22] iterations 10
[job(1519): 2016-09-10 01:12:22] function evaluations 12
[job(1519): 2016-09-10 01:12:22] segments explored during Cauchy searches 10
[job(1519): 2016-09-10 01:12:22] BFGS updates skipped 0
[job(1519): 2016-09-10 01:12:22] active bounds at final generalized Cauchy point 0
[job(1519): 2016-09-10 01:12:22] norm of the final projected gradient 2.29895e-07
[job(1519): 2016-09-10 01:12:22] final function value -61.4258
[job(1519): 2016-09-10 01:12:22] 
[job(1519): 2016-09-10 01:12:22] F = -61.4258
[job(1519): 2016-09-10 01:12:22] final  value -61.425752 
[job(1519): 2016-09-10 01:12:22] converged
[job(1519): 2016-09-10 01:12:22] [Tune-x] 27: C=97; sigma=1.17
[job(1519): 2016-09-10 01:12:22] [Tune-y] 27: acc.test.mean=0.988; time: 0.1 min; memory: 118Mb use, 178Mb max
[job(1519): 2016-09-10 01:12:22] 
[job(1519): 2016-09-10 01:12:22] optimisation start
[job(1519): 2016-09-10 01:12:22] ------------------
[job(1519): 2016-09-10 01:12:22] * estimation method   : MLE 
[job(1519): 2016-09-10 01:12:22] * optimisation method : BFGS 
[job(1519): 2016-09-10 01:12:22] * analytical gradient : used
[job(1519): 2016-09-10 01:12:22] * trend model : ~1
[job(1519): 2016-09-10 01:12:22] * covariance model : 
[job(1519): 2016-09-10 01:12:22]   - type :  matern5_2 
[job(1519): 2016-09-10 01:12:22]   - nugget : NO
[job(1519): 2016-09-10 01:12:22]   - parameters lower bounds :  1e-10 1e-10 
[job(1519): 2016-09-10 01:12:22]   - parameters upper bounds :  47.99962 40.95371 
[job(1519): 2016-09-10 01:12:22]   - best initial criterion value(s) :  59.55015 
[job(1519): 2016-09-10 01:12:22] 
[job(1519): 2016-09-10 01:12:22] N = 2, M = 5 machine precision = 2.22045e-16
[job(1519): 2016-09-10 01:12:22] At X0, 0 variables are exactly at the bounds
[job(1519): 2016-09-10 01:12:22] At iterate     0  f=       -59.55  |proj g|=      0.67307
[job(1519): 2016-09-10 01:12:22] At iterate     1  f =       -60.04  |proj g|=       0.69195
[job(1519): 2016-09-10 01:12:22] ys=-8.709e-03  -gs= 4.839e-01, BFGS update SKIPPED
[job(1519): 2016-09-10 01:12:22] At iterate     2  f =      -64.651  |proj g|=       0.12441
[job(1519): 2016-09-10 01:12:22] At iterate     3  f =      -64.718  |proj g|=      0.014472
[job(1519): 2016-09-10 01:12:22] At iterate     4  f =      -64.719  |proj g|=      0.020755
[job(1519): 2016-09-10 01:12:22] At iterate     5  f =      -64.719  |proj g|=    0.00017986
[job(1519): 2016-09-10 01:12:22] At iterate     6  f =      -64.719  |proj g|=    6.4484e-07
[job(1519): 2016-09-10 01:12:22] 
[job(1519): 2016-09-10 01:12:22] iterations 6
[job(1519): 2016-09-10 01:12:22] function evaluations 15
[job(1519): 2016-09-10 01:12:22] segments explored during Cauchy searches 6
[job(1519): 2016-09-10 01:12:22] BFGS updates skipped 1
[job(1519): 2016-09-10 01:12:22] active bounds at final generalized Cauchy point 0
[job(1519): 2016-09-10 01:12:22] norm of the final projected gradient 6.44836e-07
[job(1519): 2016-09-10 01:12:22] final function value -64.7194
[job(1519): 2016-09-10 01:12:22] 
[job(1519): 2016-09-10 01:12:22] F = -64.7194
[job(1519): 2016-09-10 01:12:22] final  value -64.719407 
[job(1519): 2016-09-10 01:12:22] converged
[job(1519): 2016-09-10 01:12:22] [Tune-x] 28: C=355; sigma=0.119
[job(1519): 2016-09-10 01:12:22] [Tune-y] 28: acc.test.mean=0.987; time: 0.0 min; memory: 118Mb use, 178Mb max
[job(1519): 2016-09-10 01:12:22] 
[job(1519): 2016-09-10 01:12:22] optimisation start
[job(1519): 2016-09-10 01:12:22] ------------------
[job(1519): 2016-09-10 01:12:22] * estimation method   : MLE 
[job(1519): 2016-09-10 01:12:22] * optimisation method : BFGS 
[job(1519): 2016-09-10 01:12:22] * analytical gradient : used
[job(1519): 2016-09-10 01:12:22] * trend model : ~1
[job(1519): 2016-09-10 01:12:22] * covariance model : 
[job(1519): 2016-09-10 01:12:22]   - type :  matern5_2 
[job(1519): 2016-09-10 01:12:22]   - nugget : NO
[job(1519): 2016-09-10 01:12:22]   - parameters lower bounds :  1e-10 1e-10 
[job(1519): 2016-09-10 01:12:22]   - parameters upper bounds :  47.99962 40.95371 
[job(1519): 2016-09-10 01:12:22]   - best initial criterion value(s) :  65.75795 
[job(1519): 2016-09-10 01:12:22] 
[job(1519): 2016-09-10 01:12:22] N = 2, M = 5 machine precision = 2.22045e-16
[job(1519): 2016-09-10 01:12:22] At X0, 0 variables are exactly at the bounds
[job(1519): 2016-09-10 01:12:22] At iterate     0  f=      -65.758  |proj g|=       2.9629
[job(1519): 2016-09-10 01:12:22] At iterate     1  f =      -67.446  |proj g|=       0.73597
[job(1519): 2016-09-10 01:12:22] At iterate     2  f =      -67.827  |proj g|=       0.54333
[job(1519): 2016-09-10 01:12:22] At iterate     3  f =      -68.109  |proj g|=       0.14291
[job(1519): 2016-09-10 01:12:22] At iterate     4  f =      -68.142  |proj g|=       0.11889
[job(1519): 2016-09-10 01:12:22] At iterate     5  f =      -68.192  |proj g|=      0.026313
[job(1519): 2016-09-10 01:12:22] At iterate     6  f =      -68.195  |proj g|=      0.003887
[job(1519): 2016-09-10 01:12:22] At iterate     7  f =      -68.195  |proj g|=    0.00021862
[job(1519): 2016-09-10 01:12:22] At iterate     8  f =      -68.195  |proj g|=    4.8165e-06
[job(1519): 2016-09-10 01:12:22] At iterate     9  f =      -68.195  |proj g|=    2.4237e-06
[job(1519): 2016-09-10 01:12:22] 
[job(1519): 2016-09-10 01:12:22] iterations 9
[job(1519): 2016-09-10 01:12:22] function evaluations 12
[job(1519): 2016-09-10 01:12:22] segments explored during Cauchy searches 9
[job(1519): 2016-09-10 01:12:22] BFGS updates skipped 0
[job(1519): 2016-09-10 01:12:22] active bounds at final generalized Cauchy point 0
[job(1519): 2016-09-10 01:12:22] norm of the final projected gradient 2.42366e-06
[job(1519): 2016-09-10 01:12:22] final function value -68.195
[job(1519): 2016-09-10 01:12:22] 
[job(1519): 2016-09-10 01:12:22] F = -68.195
[job(1519): 2016-09-10 01:12:22] final  value -68.194988 
[job(1519): 2016-09-10 01:12:22] converged
[job(1519): 2016-09-10 01:12:22] [Tune] Result: C=3.8; sigma=0.0348 : acc.test.mean=-0.991
[job(1519): 2016-09-10 01:12:22] Job terminated successfully
[job(chunk): 2016-09-10 01:12:22] Calculation finished!
