[job(chunk): 2016-09-09 20:04:51] Starting calculation of 1 jobs
[job(chunk): 2016-09-09 20:04:51] Setting working directory to '/naslx/projects/pr74ze/ri89coc2/svm_comparison'
[job(chunk): 2016-09-09 20:04:51] Memory measurement disabled
[job(86): 2016-09-09 20:04:55] Starting job with job.id=86
[job(86): 2016-09-09 20:06:06] Generating problem instance for problem '11' ...
[job(86): 2016-09-09 20:06:06] Downloading from 'http://www.openml.org/api/v1/data/11' to '/tmp/ri89coc2/Rtmp2xEJNT/cache/datasets/11/description.xml'.
[job(86): 2016-09-09 20:06:06] Downloading from 'http://www.openml.org/data/download/11/dataset_11_balance-scale.arff' to '/tmp/ri89coc2/Rtmp2xEJNT/cache/datasets/11/dataset.arff'
[job(86): 2016-09-09 20:06:06] Loading required package: readr
[job(86): 2016-09-09 20:06:06] Applying algorithm 'kbb-svc.tuned' on problem '11' ...
[job(86): 2016-09-09 20:06:06] Data '11' file 'description.xml' found in cache.
[job(86): 2016-09-09 20:06:06] Data '11' file 'dataset.arff' found in cache.
[job(86): 2016-09-09 20:06:06] [Tune] Started tuning learner kbb-svc for parameter set:
[job(86): 2016-09-09 20:06:06]          Type len Def    Constr Req Tunable Trafo
[job(86): 2016-09-09 20:06:06] C     numeric   -   - -12 to 12   -    TRUE     Y
[job(86): 2016-09-09 20:06:06] sigma numeric   -   - -12 to 12   -    TRUE     Y
[job(86): 2016-09-09 20:06:06] With control class: TuneControlMBO
[job(86): 2016-09-09 20:06:06] Imputation value: -0
[job(86): 2016-09-09 20:06:06] [Tune-x] 1: C=30.9; sigma=1.53
[job(86): 2016-09-09 20:06:06] [Tune-y] 1: acc.test.mean=0.773; time: 0.0 min; memory: 113Mb use, 145Mb max
[job(86): 2016-09-09 20:06:06] [Tune-x] 2: C=0.0043; sigma=0.0866
[job(86): 2016-09-09 20:06:06] [Tune-y] 2: acc.test.mean=0.881; time: 0.0 min; memory: 113Mb use, 145Mb max
[job(86): 2016-09-09 20:06:06] [Tune-x] 3: C=0.847; sigma=88.1
[job(86): 2016-09-09 20:06:06] [Tune-y] 3: acc.test.mean=0.462; time: 0.0 min; memory: 113Mb use, 145Mb max
[job(86): 2016-09-09 20:06:06] [Tune-x] 4: C=2.14; sigma=0.000275
[job(86): 2016-09-09 20:06:06] [Tune-y] 4: acc.test.mean=0.462; time: 0.0 min; memory: 113Mb use, 145Mb max
[job(86): 2016-09-09 20:06:06] [Tune-x] 5: C=78.1; sigma=25.6
[job(86): 2016-09-09 20:06:06] [Tune-y] 5: acc.test.mean=0.462; time: 0.0 min; memory: 113Mb use, 145Mb max
[job(86): 2016-09-09 20:06:06] [Tune-x] 6: C=0.0576; sigma=529
[job(86): 2016-09-09 20:06:06] [Tune-y] 6: acc.test.mean=0.462; time: 0.0 min; memory: 113Mb use, 145Mb max
[job(86): 2016-09-09 20:06:06] [Tune-x] 7: C=2.16e+03; sigma=0.00324
[job(86): 2016-09-09 20:06:06] [Tune-y] 7: acc.test.mean=0.947; time: 0.0 min; memory: 113Mb use, 149Mb max
[job(86): 2016-09-09 20:06:06] [Tune-x] 8: C=0.00131; sigma=0.954
[job(86): 2016-09-09 20:06:06] [Tune-y] 8: acc.test.mean=0.663; time: 0.0 min; memory: 113Mb use, 149Mb max
[job(86): 2016-09-09 20:06:06] 
[job(86): 2016-09-09 20:06:06] optimisation start
[job(86): 2016-09-09 20:06:06] ------------------
[job(86): 2016-09-09 20:06:06] * estimation method   : MLE 
[job(86): 2016-09-09 20:06:06] * optimisation method : BFGS 
[job(86): 2016-09-09 20:06:06] * analytical gradient : used
[job(86): 2016-09-09 20:06:06] * trend model : ~1
[job(86): 2016-09-09 20:06:06] * covariance model : 
[job(86): 2016-09-09 20:06:06]   - type :  matern5_2 
[job(86): 2016-09-09 20:06:06]   - nugget : NO
[job(86): 2016-09-09 20:06:06]   - parameters lower bounds :  1e-10 1e-10 
[job(86): 2016-09-09 20:06:06]   - parameters upper bounds :  41.30728 41.75255 
[job(86): 2016-09-09 20:06:06]   - best initial criterion value(s) :  2.575313 
[job(86): 2016-09-09 20:06:06] 
[job(86): 2016-09-09 20:06:06] N = 2, M = 5 machine precision = 2.22045e-16
[job(86): 2016-09-09 20:06:06] At X0, 0 variables are exactly at the bounds
[job(86): 2016-09-09 20:06:06] At iterate     0  f=      -2.5753  |proj g|=     0.082145
[job(86): 2016-09-09 20:06:06] At iterate     1  f =       -2.582  |proj g|=      0.081138
[job(86): 2016-09-09 20:06:06] At iterate     2  f =      -2.6623  |proj g|=      0.032404
[job(86): 2016-09-09 20:06:06] At iterate     3  f =      -2.6707  |proj g|=     0.0048134
[job(86): 2016-09-09 20:06:06] At iterate     4  f =      -2.6711  |proj g|=     0.0048027
[job(86): 2016-09-09 20:06:06] At iterate     5  f =      -2.6731  |proj g|=     0.0086875
[job(86): 2016-09-09 20:06:06] At iterate     6  f =      -2.6752  |proj g|=      0.010508
[job(86): 2016-09-09 20:06:06] At iterate     7  f =      -2.6766  |proj g|=      0.002736
[job(86): 2016-09-09 20:06:06] At iterate     8  f =      -2.6767  |proj g|=    0.00029284
[job(86): 2016-09-09 20:06:06] At iterate     9  f =      -2.6767  |proj g|=    2.0879e-05
[job(86): 2016-09-09 20:06:06] At iterate    10  f =      -2.6767  |proj g|=    4.9064e-07
[job(86): 2016-09-09 20:06:06] At iterate    11  f =      -2.6767  |proj g|=    3.4386e-07
[job(86): 2016-09-09 20:06:06] 
[job(86): 2016-09-09 20:06:06] iterations 11
[job(86): 2016-09-09 20:06:06] function evaluations 14
[job(86): 2016-09-09 20:06:06] segments explored during Cauchy searches 11
[job(86): 2016-09-09 20:06:06] BFGS updates skipped 0
[job(86): 2016-09-09 20:06:06] active bounds at final generalized Cauchy point 0
[job(86): 2016-09-09 20:06:06] norm of the final projected gradient 3.43855e-07
[job(86): 2016-09-09 20:06:06] final function value -2.67668
[job(86): 2016-09-09 20:06:06] 
[job(86): 2016-09-09 20:06:06] F = -2.67668
[job(86): 2016-09-09 20:06:06] final  value -2.676684 
[job(86): 2016-09-09 20:06:06] converged
[job(86): 2016-09-09 20:06:06] [Tune-x] 9: C=4.1e+03; sigma=0.0266
[job(86): 2016-09-09 20:06:06] [Tune-y] 9: acc.test.mean=0.993; time: 0.0 min; memory: 117Mb use, 165Mb max
[job(86): 2016-09-09 20:06:06] 
[job(86): 2016-09-09 20:06:06] optimisation start
[job(86): 2016-09-09 20:06:06] ------------------
[job(86): 2016-09-09 20:06:06] * estimation method   : MLE 
[job(86): 2016-09-09 20:06:06] * optimisation method : BFGS 
[job(86): 2016-09-09 20:06:06] * analytical gradient : used
[job(86): 2016-09-09 20:06:06] * trend model : ~1
[job(86): 2016-09-09 20:06:06] * covariance model : 
[job(86): 2016-09-09 20:06:06]   - type :  matern5_2 
[job(86): 2016-09-09 20:06:06]   - nugget : NO
[job(86): 2016-09-09 20:06:06]   - parameters lower bounds :  1e-10 1e-10 
[job(86): 2016-09-09 20:06:06]   - parameters upper bounds :  43.14762 41.75255 
[job(86): 2016-09-09 20:06:06]   - best initial criterion value(s) :  3.48945 
[job(86): 2016-09-09 20:06:06] 
[job(86): 2016-09-09 20:06:06] N = 2, M = 5 machine precision = 2.22045e-16
[job(86): 2016-09-09 20:06:06] At X0, 0 variables are exactly at the bounds
[job(86): 2016-09-09 20:06:06] At iterate     0  f=      -3.4894  |proj g|=       0.3179
[job(86): 2016-09-09 20:06:06] At iterate     1  f =      -3.5829  |proj g|=       0.26687
[job(86): 2016-09-09 20:06:06] At iterate     2  f =      -3.6925  |proj g|=       0.17353
[job(86): 2016-09-09 20:06:06] At iterate     3  f =      -3.7404  |proj g|=      0.024238
[job(86): 2016-09-09 20:06:06] At iterate     4  f =      -3.7418  |proj g|=      0.010718
[job(86): 2016-09-09 20:06:06] At iterate     5  f =      -3.7424  |proj g|=      0.010647
[job(86): 2016-09-09 20:06:06] At iterate     6  f =      -3.7456  |proj g|=       0.02774
[job(86): 2016-09-09 20:06:06] At iterate     7  f =      -3.7515  |proj g|=      0.052025
[job(86): 2016-09-09 20:06:06] At iterate     8  f =       -3.764  |proj g|=      0.078034
[job(86): 2016-09-09 20:06:06] At iterate     9  f =      -3.7781  |proj g|=      0.072572
[job(86): 2016-09-09 20:06:06] At iterate    10  f =      -3.7847  |proj g|=      0.043259
[job(86): 2016-09-09 20:06:06] At iterate    11  f =      -3.7881  |proj g|=     0.0019793
[job(86): 2016-09-09 20:06:06] At iterate    12  f =      -3.7881  |proj g|=    0.00010556
[job(86): 2016-09-09 20:06:06] At iterate    13  f =      -3.7881  |proj g|=    1.9418e-06
[job(86): 2016-09-09 20:06:06] At iterate    14  f =      -3.7881  |proj g|=    3.3861e-07
[job(86): 2016-09-09 20:06:06] 
[job(86): 2016-09-09 20:06:06] iterations 14
[job(86): 2016-09-09 20:06:06] function evaluations 15
[job(86): 2016-09-09 20:06:06] segments explored during Cauchy searches 14
[job(86): 2016-09-09 20:06:06] BFGS updates skipped 0
[job(86): 2016-09-09 20:06:06] active bounds at final generalized Cauchy point 0
[job(86): 2016-09-09 20:06:06] norm of the final projected gradient 3.3861e-07
[job(86): 2016-09-09 20:06:06] final function value -3.78814
[job(86): 2016-09-09 20:06:06] 
[job(86): 2016-09-09 20:06:06] F = -3.78814
[job(86): 2016-09-09 20:06:06] final  value -3.788140 
[job(86): 2016-09-09 20:06:06] converged
[job(86): 2016-09-09 20:06:06] [Tune-x] 10: C=1.66e+03; sigma=0.0113
[job(86): 2016-09-09 20:06:06] [Tune-y] 10: acc.test.mean=0.957; time: 0.0 min; memory: 117Mb use, 165Mb max
[job(86): 2016-09-09 20:06:06] 
[job(86): 2016-09-09 20:06:06] optimisation start
[job(86): 2016-09-09 20:06:06] ------------------
[job(86): 2016-09-09 20:06:06] * estimation method   : MLE 
[job(86): 2016-09-09 20:06:06] * optimisation method : BFGS 
[job(86): 2016-09-09 20:06:06] * analytical gradient : used
[job(86): 2016-09-09 20:06:06] * trend model : ~1
[job(86): 2016-09-09 20:06:06] * covariance model : 
[job(86): 2016-09-09 20:06:06]   - type :  matern5_2 
[job(86): 2016-09-09 20:06:06]   - nugget : NO
[job(86): 2016-09-09 20:06:06]   - parameters lower bounds :  1e-10 1e-10 
[job(86): 2016-09-09 20:06:06]   - parameters upper bounds :  43.14762 41.75255 
[job(86): 2016-09-09 20:06:06]   - best initial criterion value(s) :  5.331356 
[job(86): 2016-09-09 20:06:06] 
[job(86): 2016-09-09 20:06:06] N = 2, M = 5 machine precision = 2.22045e-16
[job(86): 2016-09-09 20:06:06] At X0, 0 variables are exactly at the bounds
[job(86): 2016-09-09 20:06:06] At iterate     0  f=      -5.3314  |proj g|=     0.084517
[job(86): 2016-09-09 20:06:06] At iterate     1  f =      -5.3375  |proj g|=      0.058836
[job(86): 2016-09-09 20:06:06] At iterate     2  f =      -5.3431  |proj g|=     0.0066838
[job(86): 2016-09-09 20:06:06] At iterate     3  f =      -5.3433  |proj g|=     0.0066251
[job(86): 2016-09-09 20:06:06] At iterate     4  f =      -5.3443  |proj g|=      0.012436
[job(86): 2016-09-09 20:06:06] At iterate     5  f =      -5.3462  |proj g|=       0.02641
[job(86): 2016-09-09 20:06:06] At iterate     6  f =        -5.35  |proj g|=      0.039151
[job(86): 2016-09-09 20:06:06] At iterate     7  f =      -5.3543  |proj g|=      0.034105
[job(86): 2016-09-09 20:06:06] At iterate     8  f =      -5.3565  |proj g|=     0.0013207
[job(86): 2016-09-09 20:06:06] At iterate     9  f =      -5.3565  |proj g|=    7.1448e-05
[job(86): 2016-09-09 20:06:06] At iterate    10  f =      -5.3565  |proj g|=      6.27e-06
[job(86): 2016-09-09 20:06:06] 
[job(86): 2016-09-09 20:06:06] iterations 10
[job(86): 2016-09-09 20:06:06] function evaluations 11
[job(86): 2016-09-09 20:06:06] segments explored during Cauchy searches 10
[job(86): 2016-09-09 20:06:06] BFGS updates skipped 0
[job(86): 2016-09-09 20:06:06] active bounds at final generalized Cauchy point 0
[job(86): 2016-09-09 20:06:06] norm of the final projected gradient 6.26998e-06
[job(86): 2016-09-09 20:06:06] final function value -5.35648
[job(86): 2016-09-09 20:06:06] 
[job(86): 2016-09-09 20:06:06] F = -5.35648
[job(86): 2016-09-09 20:06:06] final  value -5.356477 
[job(86): 2016-09-09 20:06:06] converged
[job(86): 2016-09-09 20:06:06] [Tune-x] 11: C=4.09e+03; sigma=0.0676
[job(86): 2016-09-09 20:06:06] [Tune-y] 11: acc.test.mean=0.975; time: 0.0 min; memory: 117Mb use, 165Mb max
[job(86): 2016-09-09 20:06:06] 
[job(86): 2016-09-09 20:06:06] optimisation start
[job(86): 2016-09-09 20:06:06] ------------------
[job(86): 2016-09-09 20:06:06] * estimation method   : MLE 
[job(86): 2016-09-09 20:06:06] * optimisation method : BFGS 
[job(86): 2016-09-09 20:06:06] * analytical gradient : used
[job(86): 2016-09-09 20:06:06] * trend model : ~1
[job(86): 2016-09-09 20:06:06] * covariance model : 
[job(86): 2016-09-09 20:06:06]   - type :  matern5_2 
[job(86): 2016-09-09 20:06:06]   - nugget : NO
[job(86): 2016-09-09 20:06:06]   - parameters lower bounds :  1e-10 1e-10 
[job(86): 2016-09-09 20:06:06]   - parameters upper bounds :  43.14762 41.75255 
[job(86): 2016-09-09 20:06:06]   - best initial criterion value(s) :  6.467137 
[job(86): 2016-09-09 20:06:06] 
[job(86): 2016-09-09 20:06:06] N = 2, M = 5 machine precision = 2.22045e-16
[job(86): 2016-09-09 20:06:06] At X0, 0 variables are exactly at the bounds
[job(86): 2016-09-09 20:06:06] At iterate     0  f=      -6.4671  |proj g|=      0.26253
[job(86): 2016-09-09 20:06:06] At iterate     1  f =      -6.5353  |proj g|=        0.2553
[job(86): 2016-09-09 20:06:06] At iterate     2  f =      -7.1604  |proj g|=        0.1536
[job(86): 2016-09-09 20:06:06] At iterate     3  f =      -7.2147  |proj g|=       0.06749
[job(86): 2016-09-09 20:06:06] At iterate     4  f =      -7.2541  |proj g|=      0.025386
[job(86): 2016-09-09 20:06:06] At iterate     5  f =      -7.2632  |proj g|=       0.01414
[job(86): 2016-09-09 20:06:06] At iterate     6  f =      -7.2673  |proj g|=     0.0083621
[job(86): 2016-09-09 20:06:06] At iterate     7  f =      -7.2678  |proj g|=    0.00090875
[job(86): 2016-09-09 20:06:06] At iterate     8  f =      -7.2678  |proj g|=    2.1932e-05
[job(86): 2016-09-09 20:06:06] At iterate     9  f =      -7.2678  |proj g|=    1.2329e-07
[job(86): 2016-09-09 20:06:06] 
[job(86): 2016-09-09 20:06:06] iterations 9
[job(86): 2016-09-09 20:06:06] function evaluations 12
[job(86): 2016-09-09 20:06:06] segments explored during Cauchy searches 9
[job(86): 2016-09-09 20:06:06] BFGS updates skipped 0
[job(86): 2016-09-09 20:06:06] active bounds at final generalized Cauchy point 0
[job(86): 2016-09-09 20:06:06] norm of the final projected gradient 1.23287e-07
[job(86): 2016-09-09 20:06:06] final function value -7.26779
[job(86): 2016-09-09 20:06:06] 
[job(86): 2016-09-09 20:06:06] F = -7.26779
[job(86): 2016-09-09 20:06:06] final  value -7.267791 
[job(86): 2016-09-09 20:06:06] converged
[job(86): 2016-09-09 20:06:06] [Tune-x] 12: C=4.1e+03; sigma=0.0224
[job(86): 2016-09-09 20:06:06] [Tune-y] 12: acc.test.mean=0.989; time: 0.0 min; memory: 117Mb use, 165Mb max
[job(86): 2016-09-09 20:06:06] 
[job(86): 2016-09-09 20:06:06] optimisation start
[job(86): 2016-09-09 20:06:06] ------------------
[job(86): 2016-09-09 20:06:06] * estimation method   : MLE 
[job(86): 2016-09-09 20:06:06] * optimisation method : BFGS 
[job(86): 2016-09-09 20:06:06] * analytical gradient : used
[job(86): 2016-09-09 20:06:06] * trend model : ~1
[job(86): 2016-09-09 20:06:06] * covariance model : 
[job(86): 2016-09-09 20:06:06]   - type :  matern5_2 
[job(86): 2016-09-09 20:06:06]   - nugget : NO
[job(86): 2016-09-09 20:06:06]   - parameters lower bounds :  1e-10 1e-10 
[job(86): 2016-09-09 20:06:06]   - parameters upper bounds :  43.14787 41.75255 
[job(86): 2016-09-09 20:06:06]   - best initial criterion value(s) :  11.64668 
[job(86): 2016-09-09 20:06:06] 
[job(86): 2016-09-09 20:06:06] N = 2, M = 5 machine precision = 2.22045e-16
[job(86): 2016-09-09 20:06:06] At X0, 0 variables are exactly at the bounds
[job(86): 2016-09-09 20:06:06] At iterate     0  f=      -11.647  |proj g|=      0.23677
[job(86): 2016-09-09 20:06:06] At iterate     1  f =      -11.696  |proj g|=       0.17717
[job(86): 2016-09-09 20:06:06] At iterate     2  f =      -11.743  |proj g|=      0.063919
[job(86): 2016-09-09 20:06:06] At iterate     3  f =      -11.748  |proj g|=      0.010173
[job(86): 2016-09-09 20:06:06] At iterate     4  f =      -11.748  |proj g|=     0.0051885
[job(86): 2016-09-09 20:06:06] At iterate     5  f =      -11.748  |proj g|=     0.0049959
[job(86): 2016-09-09 20:06:06] At iterate     6  f =      -11.749  |proj g|=      0.013005
[job(86): 2016-09-09 20:06:06] At iterate     7  f =       -11.75  |proj g|=      0.024634
[job(86): 2016-09-09 20:06:06] At iterate     8  f =      -11.752  |proj g|=      0.036791
[job(86): 2016-09-09 20:06:06] At iterate     9  f =      -11.754  |proj g|=       0.03183
[job(86): 2016-09-09 20:06:06] At iterate    10  f =      -11.755  |proj g|=     0.0019897
[job(86): 2016-09-09 20:06:06] At iterate    11  f =      -11.755  |proj g|=     4.673e-05
[job(86): 2016-09-09 20:06:06] At iterate    12  f =      -11.755  |proj g|=    1.4287e-05
[job(86): 2016-09-09 20:06:06] At iterate    13  f =      -11.755  |proj g|=    1.5188e-05
[job(86): 2016-09-09 20:06:06] 
[job(86): 2016-09-09 20:06:06] iterations 13
[job(86): 2016-09-09 20:06:06] function evaluations 14
[job(86): 2016-09-09 20:06:06] segments explored during Cauchy searches 13
[job(86): 2016-09-09 20:06:06] BFGS updates skipped 0
[job(86): 2016-09-09 20:06:06] active bounds at final generalized Cauchy point 0
[job(86): 2016-09-09 20:06:06] norm of the final projected gradient 1.51883e-05
[job(86): 2016-09-09 20:06:06] final function value -11.755
[job(86): 2016-09-09 20:06:06] 
[job(86): 2016-09-09 20:06:06] F = -11.755
[job(86): 2016-09-09 20:06:06] final  value -11.755016 
[job(86): 2016-09-09 20:06:06] converged
[job(86): 2016-09-09 20:06:06] [Tune-x] 13: C=4.09e+03; sigma=0.0326
[job(86): 2016-09-09 20:06:06] [Tune-y] 13: acc.test.mean=0.993; time: 0.0 min; memory: 117Mb use, 165Mb max
[job(86): 2016-09-09 20:06:06] 
[job(86): 2016-09-09 20:06:06] optimisation start
[job(86): 2016-09-09 20:06:06] ------------------
[job(86): 2016-09-09 20:06:06] * estimation method   : MLE 
[job(86): 2016-09-09 20:06:06] * optimisation method : BFGS 
[job(86): 2016-09-09 20:06:06] * analytical gradient : used
[job(86): 2016-09-09 20:06:06] * trend model : ~1
[job(86): 2016-09-09 20:06:06] * covariance model : 
[job(86): 2016-09-09 20:06:06]   - type :  matern5_2 
[job(86): 2016-09-09 20:06:06]   - nugget : NO
[job(86): 2016-09-09 20:06:06]   - parameters lower bounds :  1e-10 1e-10 
[job(86): 2016-09-09 20:06:06]   - parameters upper bounds :  43.14787 41.75255 
[job(86): 2016-09-09 20:06:06]   - best initial criterion value(s) :  16.6747 
[job(86): 2016-09-09 20:06:06] 
[job(86): 2016-09-09 20:06:06] N = 2, M = 5 machine precision = 2.22045e-16
[job(86): 2016-09-09 20:06:06] At X0, 0 variables are exactly at the bounds
[job(86): 2016-09-09 20:06:06] At iterate     0  f=      -16.675  |proj g|=      0.17404
[job(86): 2016-09-09 20:06:06] At iterate     1  f =      -16.694  |proj g|=       0.04583
[job(86): 2016-09-09 20:06:06] At iterate     2  f =      -16.697  |proj g|=      0.045286
[job(86): 2016-09-09 20:06:06] At iterate     3  f =      -16.707  |proj g|=      0.072068
[job(86): 2016-09-09 20:06:06] At iterate     4  f =      -16.727  |proj g|=       0.14088
[job(86): 2016-09-09 20:06:06] At iterate     5  f =      -16.767  |proj g|=       0.19972
[job(86): 2016-09-09 20:06:06] At iterate     6  f =      -16.824  |proj g|=       0.19473
[job(86): 2016-09-09 20:06:06] At iterate     7  f =      -16.865  |proj g|=      0.035102
[job(86): 2016-09-09 20:06:06] At iterate     8  f =      -16.887  |proj g|=     0.0053098
[job(86): 2016-09-09 20:06:06] At iterate     9  f =      -16.894  |proj g|=     0.0014428
[job(86): 2016-09-09 20:06:06] At iterate    10  f =      -16.894  |proj g|=    0.00023624
[job(86): 2016-09-09 20:06:06] At iterate    11  f =      -16.894  |proj g|=    1.6672e-05
[job(86): 2016-09-09 20:06:06] At iterate    12  f =      -16.894  |proj g|=    1.8138e-07
[job(86): 2016-09-09 20:06:06] At iterate    13  f =      -16.894  |proj g|=    1.4557e-07
[job(86): 2016-09-09 20:06:06] 
[job(86): 2016-09-09 20:06:06] iterations 13
[job(86): 2016-09-09 20:06:06] function evaluations 19
[job(86): 2016-09-09 20:06:06] segments explored during Cauchy searches 13
[job(86): 2016-09-09 20:06:06] BFGS updates skipped 0
[job(86): 2016-09-09 20:06:06] active bounds at final generalized Cauchy point 0
[job(86): 2016-09-09 20:06:06] norm of the final projected gradient 1.45569e-07
[job(86): 2016-09-09 20:06:06] final function value -16.8945
[job(86): 2016-09-09 20:06:06] 
[job(86): 2016-09-09 20:06:06] F = -16.8945
[job(86): 2016-09-09 20:06:06] final  value -16.894471 
[job(86): 2016-09-09 20:06:06] converged
[job(86): 2016-09-09 20:06:06] [Tune-x] 14: C=4.1e+03; sigma=0.0293
[job(86): 2016-09-09 20:06:06] [Tune-y] 14: acc.test.mean=0.984; time: 0.0 min; memory: 117Mb use, 165Mb max
[job(86): 2016-09-09 20:06:06] 
[job(86): 2016-09-09 20:06:06] optimisation start
[job(86): 2016-09-09 20:06:06] ------------------
[job(86): 2016-09-09 20:06:06] * estimation method   : MLE 
[job(86): 2016-09-09 20:06:06] * optimisation method : BFGS 
[job(86): 2016-09-09 20:06:06] * analytical gradient : used
[job(86): 2016-09-09 20:06:06] * trend model : ~1
[job(86): 2016-09-09 20:06:06] * covariance model : 
[job(86): 2016-09-09 20:06:06]   - type :  matern5_2 
[job(86): 2016-09-09 20:06:06]   - nugget : NO
[job(86): 2016-09-09 20:06:06]   - parameters lower bounds :  1e-10 1e-10 
[job(86): 2016-09-09 20:06:06]   - parameters upper bounds :  43.14787 41.75255 
[job(86): 2016-09-09 20:06:06]   - best initial criterion value(s) :  -7.569725 
[job(86): 2016-09-09 20:06:06] 
[job(86): 2016-09-09 20:06:06] N = 2, M = 5 machine precision = 2.22045e-16
[job(86): 2016-09-09 20:06:06] At X0, 0 variables are exactly at the bounds
[job(86): 2016-09-09 20:06:06] At iterate     0  f=       7.5697  |proj g|=       3.2609
[job(86): 2016-09-09 20:06:06] At iterate     1  f =      -1.0851  |proj g|=             0
[job(86): 2016-09-09 20:06:06] 
[job(86): 2016-09-09 20:06:06] iterations 1
[job(86): 2016-09-09 20:06:06] function evaluations 2
[job(86): 2016-09-09 20:06:06] segments explored during Cauchy searches 2
[job(86): 2016-09-09 20:06:06] BFGS updates skipped 0
[job(86): 2016-09-09 20:06:06] active bounds at final generalized Cauchy point 1
[job(86): 2016-09-09 20:06:06] norm of the final projected gradient 0
[job(86): 2016-09-09 20:06:06] final function value -1.08515
[job(86): 2016-09-09 20:06:06] 
[job(86): 2016-09-09 20:06:06] F = -1.08515
[job(86): 2016-09-09 20:06:06] final  value -1.085146 
[job(86): 2016-09-09 20:06:06] converged
[job(86): 2016-09-09 20:06:06] [Tune-x] 15: C=0.962; sigma=0.00294
[job(86): 2016-09-09 20:06:06] [Tune-y] 15: acc.test.mean=0.651; time: 0.0 min; memory: 117Mb use, 165Mb max
[job(86): 2016-09-09 20:06:06] 
[job(86): 2016-09-09 20:06:06] optimisation start
[job(86): 2016-09-09 20:06:06] ------------------
[job(86): 2016-09-09 20:06:06] * estimation method   : MLE 
[job(86): 2016-09-09 20:06:06] * optimisation method : BFGS 
[job(86): 2016-09-09 20:06:06] * analytical gradient : used
[job(86): 2016-09-09 20:06:06] * trend model : ~1
[job(86): 2016-09-09 20:06:06] * covariance model : 
[job(86): 2016-09-09 20:06:06]   - type :  matern5_2 
[job(86): 2016-09-09 20:06:06]   - nugget : NO
[job(86): 2016-09-09 20:06:06]   - parameters lower bounds :  1e-10 1e-10 
[job(86): 2016-09-09 20:06:06]   - parameters upper bounds :  43.14787 41.75255 
[job(86): 2016-09-09 20:06:06]   - best initial criterion value(s) :  -16.22339 
[job(86): 2016-09-09 20:06:06] 
[job(86): 2016-09-09 20:06:06] N = 2, M = 5 machine precision = 2.22045e-16
[job(86): 2016-09-09 20:06:06] At X0, 0 variables are exactly at the bounds
[job(86): 2016-09-09 20:06:06] At iterate     0  f=       16.223  |proj g|=       4.4163
[job(86): 2016-09-09 20:06:06] At iterate     1  f =      -8.9794  |proj g|=       0.44532
[job(86): 2016-09-09 20:06:06] At iterate     2  f =       -8.984  |proj g|=       0.10012
[job(86): 2016-09-09 20:06:06] At iterate     3  f =      -8.9889  |proj g|=       0.14419
[job(86): 2016-09-09 20:06:06] At iterate     4  f =      -9.0288  |proj g|=       0.84485
[job(86): 2016-09-09 20:06:06] At iterate     5  f =       -9.115  |proj g|=         1.786
[job(86): 2016-09-09 20:06:06] At iterate     6  f =      -9.3129  |proj g|=        3.1237
[job(86): 2016-09-09 20:06:06] At iterate     7  f =      -9.5965  |proj g|=        3.9519
[job(86): 2016-09-09 20:06:06] At iterate     8  f =      -9.8831  |proj g|=        2.4353
[job(86): 2016-09-09 20:06:06] At iterate     9  f =       -9.991  |proj g|=        0.1205
[job(86): 2016-09-09 20:06:06] At iterate    10  f =      -9.9913  |proj g|=     0.0031893
[job(86): 2016-09-09 20:06:06] At iterate    11  f =      -9.9913  |proj g|=    0.00021342
[job(86): 2016-09-09 20:06:06] At iterate    12  f =      -9.9913  |proj g|=    2.1156e-06
[job(86): 2016-09-09 20:06:06] 
[job(86): 2016-09-09 20:06:06] iterations 12
[job(86): 2016-09-09 20:06:06] function evaluations 18
[job(86): 2016-09-09 20:06:06] segments explored during Cauchy searches 12
[job(86): 2016-09-09 20:06:06] BFGS updates skipped 0
[job(86): 2016-09-09 20:06:06] active bounds at final generalized Cauchy point 0
[job(86): 2016-09-09 20:06:06] norm of the final projected gradient 2.11559e-06
[job(86): 2016-09-09 20:06:06] final function value -9.99131
[job(86): 2016-09-09 20:06:06] 
[job(86): 2016-09-09 20:06:06] F = -9.99131
[job(86): 2016-09-09 20:06:06] final  value -9.991309 
[job(86): 2016-09-09 20:06:06] converged
[job(86): 2016-09-09 20:06:06] [Tune-x] 16: C=2.88e+03; sigma=0.045
[job(86): 2016-09-09 20:06:06] [Tune-y] 16: acc.test.mean=0.98; time: 0.0 min; memory: 117Mb use, 165Mb max
[job(86): 2016-09-09 20:06:06] 
[job(86): 2016-09-09 20:06:06] optimisation start
[job(86): 2016-09-09 20:06:06] ------------------
[job(86): 2016-09-09 20:06:06] * estimation method   : MLE 
[job(86): 2016-09-09 20:06:06] * optimisation method : BFGS 
[job(86): 2016-09-09 20:06:06] * analytical gradient : used
[job(86): 2016-09-09 20:06:06] * trend model : ~1
[job(86): 2016-09-09 20:06:06] * covariance model : 
[job(86): 2016-09-09 20:06:06]   - type :  matern5_2 
[job(86): 2016-09-09 20:06:06]   - nugget : NO
[job(86): 2016-09-09 20:06:06]   - parameters lower bounds :  1e-10 1e-10 
[job(86): 2016-09-09 20:06:06]   - parameters upper bounds :  43.14787 41.75255 
[job(86): 2016-09-09 20:06:06]   - best initial criterion value(s) :  8.933418 
[job(86): 2016-09-09 20:06:06] 
[job(86): 2016-09-09 20:06:06] N = 2, M = 5 machine precision = 2.22045e-16
[job(86): 2016-09-09 20:06:06] At X0, 0 variables are exactly at the bounds
[job(86): 2016-09-09 20:06:06] At iterate     0  f=      -8.9334  |proj g|=       11.006
[job(86): 2016-09-09 20:06:06] At iterate     1  f =      -11.271  |proj g|=        1.0285
[job(86): 2016-09-09 20:06:06] At iterate     2  f =      -11.286  |proj g|=       0.19333
[job(86): 2016-09-09 20:06:06] At iterate     3  f =      -11.287  |proj g|=      0.048766
[job(86): 2016-09-09 20:06:06] At iterate     4  f =      -11.287  |proj g|=      0.056302
[job(86): 2016-09-09 20:06:06] At iterate     5  f =      -11.289  |proj g|=       0.22995
[job(86): 2016-09-09 20:06:06] At iterate     6  f =      -11.294  |proj g|=       0.50881
[job(86): 2016-09-09 20:06:06] At iterate     7  f =      -11.306  |proj g|=       0.90617
[job(86): 2016-09-09 20:06:06] At iterate     8  f =      -11.333  |proj g|=        1.0483
[job(86): 2016-09-09 20:06:06] At iterate     9  f =      -11.379  |proj g|=        1.0476
[job(86): 2016-09-09 20:06:06] At iterate    10  f =      -11.443  |proj g|=      0.082654
[job(86): 2016-09-09 20:06:06] At iterate    11  f =      -11.445  |proj g|=      0.078006
[job(86): 2016-09-09 20:06:06] At iterate    12  f =      -11.447  |proj g|=      0.089026
[job(86): 2016-09-09 20:06:06] At iterate    13  f =      -11.447  |proj g|=      0.034982
[job(86): 2016-09-09 20:06:06] At iterate    14  f =      -11.447  |proj g|=    0.00029239
[job(86): 2016-09-09 20:06:06] At iterate    15  f =      -11.447  |proj g|=     0.0017278
[job(86): 2016-09-09 20:06:06] At iterate    16  f =      -11.447  |proj g|=     7.768e-06
[job(86): 2016-09-09 20:06:06] At iterate    17  f =      -11.447  |proj g|=    2.9558e-06
[job(86): 2016-09-09 20:06:06] 
[job(86): 2016-09-09 20:06:06] iterations 17
[job(86): 2016-09-09 20:06:06] function evaluations 22
[job(86): 2016-09-09 20:06:06] segments explored during Cauchy searches 17
[job(86): 2016-09-09 20:06:06] BFGS updates skipped 0
[job(86): 2016-09-09 20:06:06] active bounds at final generalized Cauchy point 0
[job(86): 2016-09-09 20:06:06] norm of the final projected gradient 2.95582e-06
[job(86): 2016-09-09 20:06:06] final function value -11.4473
[job(86): 2016-09-09 20:06:06] 
[job(86): 2016-09-09 20:06:06] F = -11.4473
[job(86): 2016-09-09 20:06:06] final  value -11.447273 
[job(86): 2016-09-09 20:06:06] converged
[job(86): 2016-09-09 20:06:06] [Tune-x] 17: C=4.09e+03; sigma=0.0371
[job(86): 2016-09-09 20:06:06] [Tune-y] 17: acc.test.mean=0.986; time: 0.0 min; memory: 117Mb use, 165Mb max
[job(86): 2016-09-09 20:06:06] 
[job(86): 2016-09-09 20:06:06] optimisation start
[job(86): 2016-09-09 20:06:06] ------------------
[job(86): 2016-09-09 20:06:06] * estimation method   : MLE 
[job(86): 2016-09-09 20:06:06] * optimisation method : BFGS 
[job(86): 2016-09-09 20:06:06] * analytical gradient : used
[job(86): 2016-09-09 20:06:06] * trend model : ~1
[job(86): 2016-09-09 20:06:06] * covariance model : 
[job(86): 2016-09-09 20:06:06]   - type :  matern5_2 
[job(86): 2016-09-09 20:06:06]   - nugget : NO
[job(86): 2016-09-09 20:06:06]   - parameters lower bounds :  1e-10 1e-10 
[job(86): 2016-09-09 20:06:06]   - parameters upper bounds :  43.14787 41.75255 
[job(86): 2016-09-09 20:06:06]   - best initial criterion value(s) :  10.13637 
[job(86): 2016-09-09 20:06:06] 
[job(86): 2016-09-09 20:06:06] N = 2, M = 5 machine precision = 2.22045e-16
[job(86): 2016-09-09 20:06:06] At X0, 0 variables are exactly at the bounds
[job(86): 2016-09-09 20:06:06] At iterate     0  f=      -10.136  |proj g|=       1.3515
[job(86): 2016-09-09 20:06:06] At iterate     1  f =      -12.894  |proj g|=        1.1136
[job(86): 2016-09-09 20:06:06] At iterate     2  f =      -13.818  |proj g|=       0.12193
[job(86): 2016-09-09 20:06:06] At iterate     3  f =      -13.818  |proj g|=      0.018591
[job(86): 2016-09-09 20:06:06] At iterate     4  f =      -13.818  |proj g|=      0.011189
[job(86): 2016-09-09 20:06:06] At iterate     5  f =      -13.818  |proj g|=      0.011162
[job(86): 2016-09-09 20:06:06] At iterate     6  f =      -13.818  |proj g|=      0.031265
[job(86): 2016-09-09 20:06:06] At iterate     7  f =      -13.818  |proj g|=      0.062889
[job(86): 2016-09-09 20:06:06] At iterate     8  f =      -13.818  |proj g|=       0.11762
[job(86): 2016-09-09 20:06:06] At iterate     9  f =      -13.818  |proj g|=       0.19655
[job(86): 2016-09-09 20:06:06] At iterate    10  f =      -13.819  |proj g|=       0.30014
[job(86): 2016-09-09 20:06:06] At iterate    11  f =      -13.821  |proj g|=       0.38172
[job(86): 2016-09-09 20:06:06] At iterate    12  f =      -13.823  |proj g|=       0.28332
[job(86): 2016-09-09 20:06:06] At iterate    13  f =      -13.824  |proj g|=      0.024339
[job(86): 2016-09-09 20:06:06] At iterate    14  f =      -13.824  |proj g|=      0.001232
[job(86): 2016-09-09 20:06:06] At iterate    15  f =      -13.824  |proj g|=    3.9102e-05
[job(86): 2016-09-09 20:06:06] At iterate    16  f =      -13.824  |proj g|=    2.0809e-05
[job(86): 2016-09-09 20:06:06] 
[job(86): 2016-09-09 20:06:06] iterations 16
[job(86): 2016-09-09 20:06:06] function evaluations 19
[job(86): 2016-09-09 20:06:06] segments explored during Cauchy searches 17
[job(86): 2016-09-09 20:06:06] BFGS updates skipped 0
[job(86): 2016-09-09 20:06:06] active bounds at final generalized Cauchy point 0
[job(86): 2016-09-09 20:06:06] norm of the final projected gradient 2.08094e-05
[job(86): 2016-09-09 20:06:06] final function value -13.8238
[job(86): 2016-09-09 20:06:06] 
[job(86): 2016-09-09 20:06:06] F = -13.8238
[job(86): 2016-09-09 20:06:06] final  value -13.823802 
[job(86): 2016-09-09 20:06:06] converged
[job(86): 2016-09-09 20:06:06] [Tune-x] 18: C=1.74e+03; sigma=0.0248
[job(86): 2016-09-09 20:06:06] [Tune-y] 18: acc.test.mean=0.996; time: 0.0 min; memory: 117Mb use, 165Mb max
[job(86): 2016-09-09 20:06:06] 
[job(86): 2016-09-09 20:06:06] optimisation start
[job(86): 2016-09-09 20:06:06] ------------------
[job(86): 2016-09-09 20:06:06] * estimation method   : MLE 
[job(86): 2016-09-09 20:06:06] * optimisation method : BFGS 
[job(86): 2016-09-09 20:06:06] * analytical gradient : used
[job(86): 2016-09-09 20:06:06] * trend model : ~1
[job(86): 2016-09-09 20:06:06] * covariance model : 
[job(86): 2016-09-09 20:06:06]   - type :  matern5_2 
[job(86): 2016-09-09 20:06:06]   - nugget : NO
[job(86): 2016-09-09 20:06:06]   - parameters lower bounds :  1e-10 1e-10 
[job(86): 2016-09-09 20:06:06]   - parameters upper bounds :  43.14787 41.75255 
[job(86): 2016-09-09 20:06:06]   - best initial criterion value(s) :  7.766771 
[job(86): 2016-09-09 20:06:06] 
[job(86): 2016-09-09 20:06:06] N = 2, M = 5 machine precision = 2.22045e-16
[job(86): 2016-09-09 20:06:06] At X0, 0 variables are exactly at the bounds
[job(86): 2016-09-09 20:06:06] At iterate     0  f=      -7.7668  |proj g|=       1.6681
[job(86): 2016-09-09 20:06:06] At iterate     1  f =      -13.696  |proj g|=        1.2805
[job(86): 2016-09-09 20:06:06] At iterate     2  f =      -15.818  |proj g|=        1.0958
[job(86): 2016-09-09 20:06:06] At iterate     3  f =      -16.249  |proj g|=        6.2779
[job(86): 2016-09-09 20:06:06] At iterate     4  f =      -16.635  |proj g|=       0.35042
[job(86): 2016-09-09 20:06:06] At iterate     5  f =      -16.636  |proj g|=     0.0056405
[job(86): 2016-09-09 20:06:06] At iterate     6  f =      -16.636  |proj g|=     0.0056521
[job(86): 2016-09-09 20:06:06] At iterate     7  f =      -16.636  |proj g|=     0.0082067
[job(86): 2016-09-09 20:06:06] At iterate     8  f =      -16.636  |proj g|=      0.020481
[job(86): 2016-09-09 20:06:06] At iterate     9  f =      -16.636  |proj g|=       0.04097
[job(86): 2016-09-09 20:06:06] At iterate    10  f =      -16.636  |proj g|=      0.071994
[job(86): 2016-09-09 20:06:06] At iterate    11  f =      -16.636  |proj g|=        0.1162
[job(86): 2016-09-09 20:06:06] At iterate    12  f =      -16.636  |proj g|=       0.16433
[job(86): 2016-09-09 20:06:06] At iterate    13  f =      -16.637  |proj g|=       0.17507
[job(86): 2016-09-09 20:06:06] At iterate    14  f =      -16.637  |proj g|=      0.020532
[job(86): 2016-09-09 20:06:06] At iterate    15  f =      -16.637  |proj g|=    0.00046828
[job(86): 2016-09-09 20:06:06] At iterate    16  f =      -16.637  |proj g|=    1.1626e-06
[job(86): 2016-09-09 20:06:06] At iterate    17  f =      -16.637  |proj g|=    1.2036e-09
[job(86): 2016-09-09 20:06:06] 
[job(86): 2016-09-09 20:06:06] iterations 17
[job(86): 2016-09-09 20:06:06] function evaluations 21
[job(86): 2016-09-09 20:06:06] segments explored during Cauchy searches 19
[job(86): 2016-09-09 20:06:06] BFGS updates skipped 0
[job(86): 2016-09-09 20:06:06] active bounds at final generalized Cauchy point 0
[job(86): 2016-09-09 20:06:06] norm of the final projected gradient 1.20356e-09
[job(86): 2016-09-09 20:06:06] final function value -16.6372
[job(86): 2016-09-09 20:06:06] 
[job(86): 2016-09-09 20:06:06] F = -16.6372
[job(86): 2016-09-09 20:06:06] final  value -16.637190 
[job(86): 2016-09-09 20:06:06] converged
[job(86): 2016-09-09 20:06:06] [Tune-x] 19: C=3.66e+03; sigma=0.0248
[job(86): 2016-09-09 20:06:06] [Tune-y] 19: acc.test.mean=0.986; time: 0.0 min; memory: 117Mb use, 165Mb max
[job(86): 2016-09-09 20:06:06] 
[job(86): 2016-09-09 20:06:06] optimisation start
[job(86): 2016-09-09 20:06:06] ------------------
[job(86): 2016-09-09 20:06:06] * estimation method   : MLE 
[job(86): 2016-09-09 20:06:06] * optimisation method : BFGS 
[job(86): 2016-09-09 20:06:06] * analytical gradient : used
[job(86): 2016-09-09 20:06:06] * trend model : ~1
[job(86): 2016-09-09 20:06:06] * covariance model : 
[job(86): 2016-09-09 20:06:06]   - type :  matern5_2 
[job(86): 2016-09-09 20:06:06]   - nugget : NO
[job(86): 2016-09-09 20:06:06]   - parameters lower bounds :  1e-10 1e-10 
[job(86): 2016-09-09 20:06:06]   - parameters upper bounds :  43.14787 41.75255 
[job(86): 2016-09-09 20:06:06]   - best initial criterion value(s) :  4.910134 
[job(86): 2016-09-09 20:06:06] 
[job(86): 2016-09-09 20:06:06] N = 2, M = 5 machine precision = 2.22045e-16
[job(86): 2016-09-09 20:06:06] At X0, 0 variables are exactly at the bounds
[job(86): 2016-09-09 20:06:06] At iterate     0  f=      -4.9101  |proj g|=       1.4548
[job(86): 2016-09-09 20:06:06] At iterate     1  f =      -15.143  |proj g|=        13.695
[job(86): 2016-09-09 20:06:06] At iterate     2  f =      -16.557  |proj g|=      0.075334
[job(86): 2016-09-09 20:06:06] At iterate     3  f =      -16.558  |proj g|=      0.096625
[job(86): 2016-09-09 20:06:06] At iterate     4  f =      -16.559  |proj g|=        0.2876
[job(86): 2016-09-09 20:06:06] At iterate     5  f =      -16.565  |proj g|=       0.72549
[job(86): 2016-09-09 20:06:06] At iterate     6  f =      -16.578  |proj g|=       0.73314
[job(86): 2016-09-09 20:06:06] At iterate     7  f =      -16.613  |proj g|=       0.74435
[job(86): 2016-09-09 20:06:06] At iterate     8  f =       -16.69  |proj g|=       0.75549
[job(86): 2016-09-09 20:06:06] At iterate     9  f =      -16.823  |proj g|=       0.75469
[job(86): 2016-09-09 20:06:06] At iterate    10  f =      -16.977  |proj g|=       0.71913
[job(86): 2016-09-09 20:06:06] At iterate    11  f =      -17.026  |proj g|=      0.018097
[job(86): 2016-09-09 20:06:06] At iterate    12  f =      -17.026  |proj g|=     0.0031382
[job(86): 2016-09-09 20:06:06] At iterate    13  f =      -17.026  |proj g|=     0.0006153
[job(86): 2016-09-09 20:06:06] At iterate    14  f =      -17.026  |proj g|=    4.6884e-05
[job(86): 2016-09-09 20:06:06] 
[job(86): 2016-09-09 20:06:06] iterations 14
[job(86): 2016-09-09 20:06:06] function evaluations 19
[job(86): 2016-09-09 20:06:06] segments explored during Cauchy searches 15
[job(86): 2016-09-09 20:06:06] BFGS updates skipped 0
[job(86): 2016-09-09 20:06:06] active bounds at final generalized Cauchy point 0
[job(86): 2016-09-09 20:06:06] norm of the final projected gradient 4.68839e-05
[job(86): 2016-09-09 20:06:06] final function value -17.0257
[job(86): 2016-09-09 20:06:06] 
[job(86): 2016-09-09 20:06:06] F = -17.0257
[job(86): 2016-09-09 20:06:06] final  value -17.025721 
[job(86): 2016-09-09 20:06:06] converged
[job(86): 2016-09-09 20:06:06] [Tune-x] 20: C=352; sigma=0.0185
[job(86): 2016-09-09 20:06:06] [Tune-y] 20: acc.test.mean=0.95; time: 0.0 min; memory: 117Mb use, 165Mb max
[job(86): 2016-09-09 20:06:06] 
[job(86): 2016-09-09 20:06:06] optimisation start
[job(86): 2016-09-09 20:06:06] ------------------
[job(86): 2016-09-09 20:06:06] * estimation method   : MLE 
[job(86): 2016-09-09 20:06:06] * optimisation method : BFGS 
[job(86): 2016-09-09 20:06:06] * analytical gradient : used
[job(86): 2016-09-09 20:06:06] * trend model : ~1
[job(86): 2016-09-09 20:06:06] * covariance model : 
[job(86): 2016-09-09 20:06:06]   - type :  matern5_2 
[job(86): 2016-09-09 20:06:06]   - nugget : NO
[job(86): 2016-09-09 20:06:06]   - parameters lower bounds :  1e-10 1e-10 
[job(86): 2016-09-09 20:06:06]   - parameters upper bounds :  43.14787 41.75255 
[job(86): 2016-09-09 20:06:06]   - best initial criterion value(s) :  -10.96838 
[job(86): 2016-09-09 20:06:06] 
[job(86): 2016-09-09 20:06:06] N = 2, M = 5 machine precision = 2.22045e-16
[job(86): 2016-09-09 20:06:06] At X0, 0 variables are exactly at the bounds
[job(86): 2016-09-09 20:06:06] At iterate     0  f=       10.968  |proj g|=       3.1856
[job(86): 2016-09-09 20:06:06] At iterate     1  f =      -2.9194  |proj g|=             0
[job(86): 2016-09-09 20:06:06] 
[job(86): 2016-09-09 20:06:06] iterations 1
[job(86): 2016-09-09 20:06:06] function evaluations 2
[job(86): 2016-09-09 20:06:06] segments explored during Cauchy searches 2
[job(86): 2016-09-09 20:06:06] BFGS updates skipped 0
[job(86): 2016-09-09 20:06:06] active bounds at final generalized Cauchy point 1
[job(86): 2016-09-09 20:06:06] norm of the final projected gradient 0
[job(86): 2016-09-09 20:06:06] final function value -2.91942
[job(86): 2016-09-09 20:06:06] 
[job(86): 2016-09-09 20:06:06] F = -2.91942
[job(86): 2016-09-09 20:06:06] final  value -2.919421 
[job(86): 2016-09-09 20:06:06] converged
[job(86): 2016-09-09 20:06:06] [Tune-x] 21: C=84.4; sigma=5.34
[job(86): 2016-09-09 20:06:06] [Tune-y] 21: acc.test.mean=0.462; time: 0.0 min; memory: 117Mb use, 165Mb max
[job(86): 2016-09-09 20:06:06] 
[job(86): 2016-09-09 20:06:06] optimisation start
[job(86): 2016-09-09 20:06:06] ------------------
[job(86): 2016-09-09 20:06:06] * estimation method   : MLE 
[job(86): 2016-09-09 20:06:06] * optimisation method : BFGS 
[job(86): 2016-09-09 20:06:06] * analytical gradient : used
[job(86): 2016-09-09 20:06:06] * trend model : ~1
[job(86): 2016-09-09 20:06:06] * covariance model : 
[job(86): 2016-09-09 20:06:06]   - type :  matern5_2 
[job(86): 2016-09-09 20:06:06]   - nugget : NO
[job(86): 2016-09-09 20:06:06]   - parameters lower bounds :  1e-10 1e-10 
[job(86): 2016-09-09 20:06:06]   - parameters upper bounds :  43.14787 41.75255 
[job(86): 2016-09-09 20:06:06]   - best initial criterion value(s) :  16.7247 
[job(86): 2016-09-09 20:06:06] 
[job(86): 2016-09-09 20:06:06] N = 2, M = 5 machine precision = 2.22045e-16
[job(86): 2016-09-09 20:06:06] At X0, 0 variables are exactly at the bounds
[job(86): 2016-09-09 20:06:06] At iterate     0  f=      -16.725  |proj g|=       1.0342
[job(86): 2016-09-09 20:06:06] At iterate     1  f =      -17.162  |proj g|=       0.96081
[job(86): 2016-09-09 20:06:06] At iterate     2  f =      -17.367  |proj g|=       0.50623
[job(86): 2016-09-09 20:06:06] At iterate     3  f =      -17.406  |proj g|=       0.45826
[job(86): 2016-09-09 20:06:06] At iterate     4  f =      -17.475  |proj g|=      0.082779
[job(86): 2016-09-09 20:06:06] At iterate     5  f =      -17.476  |proj g|=      0.030853
[job(86): 2016-09-09 20:06:06] At iterate     6  f =      -17.476  |proj g|=     0.0027404
[job(86): 2016-09-09 20:06:06] At iterate     7  f =      -17.476  |proj g|=    0.00016211
[job(86): 2016-09-09 20:06:06] At iterate     8  f =      -17.476  |proj g|=    1.1122e-05
[job(86): 2016-09-09 20:06:06] 
[job(86): 2016-09-09 20:06:06] iterations 8
[job(86): 2016-09-09 20:06:06] function evaluations 11
[job(86): 2016-09-09 20:06:06] segments explored during Cauchy searches 9
[job(86): 2016-09-09 20:06:06] BFGS updates skipped 0
[job(86): 2016-09-09 20:06:06] active bounds at final generalized Cauchy point 0
[job(86): 2016-09-09 20:06:06] norm of the final projected gradient 1.11224e-05
[job(86): 2016-09-09 20:06:06] final function value -17.4761
[job(86): 2016-09-09 20:06:06] 
[job(86): 2016-09-09 20:06:06] F = -17.4761
[job(86): 2016-09-09 20:06:06] final  value -17.476085 
[job(86): 2016-09-09 20:06:06] converged
[job(86): 2016-09-09 20:06:06] [Tune-x] 22: C=1.13e+03; sigma=0.0338
[job(86): 2016-09-09 20:06:06] [Tune-y] 22: acc.test.mean=0.988; time: 0.0 min; memory: 117Mb use, 172Mb max
[job(86): 2016-09-09 20:06:06] 
[job(86): 2016-09-09 20:06:06] optimisation start
[job(86): 2016-09-09 20:06:06] ------------------
[job(86): 2016-09-09 20:06:06] * estimation method   : MLE 
[job(86): 2016-09-09 20:06:06] * optimisation method : BFGS 
[job(86): 2016-09-09 20:06:06] * analytical gradient : used
[job(86): 2016-09-09 20:06:06] * trend model : ~1
[job(86): 2016-09-09 20:06:06] * covariance model : 
[job(86): 2016-09-09 20:06:06]   - type :  matern5_2 
[job(86): 2016-09-09 20:06:06]   - nugget : NO
[job(86): 2016-09-09 20:06:06]   - parameters lower bounds :  1e-10 1e-10 
[job(86): 2016-09-09 20:06:06]   - parameters upper bounds :  43.14787 41.75255 
[job(86): 2016-09-09 20:06:06]   - best initial criterion value(s) :  20.02142 
[job(86): 2016-09-09 20:06:06] 
[job(86): 2016-09-09 20:06:06] N = 2, M = 5 machine precision = 2.22045e-16
[job(86): 2016-09-09 20:06:06] At X0, 0 variables are exactly at the bounds
[job(86): 2016-09-09 20:06:06] At iterate     0  f=      -20.021  |proj g|=       7.6374
[job(86): 2016-09-09 20:06:06] At iterate     1  f =      -20.276  |proj g|=       0.65367
[job(86): 2016-09-09 20:06:06] At iterate     2  f =      -20.283  |proj g|=      0.034546
[job(86): 2016-09-09 20:06:06] At iterate     3  f =      -20.283  |proj g|=       0.03461
[job(86): 2016-09-09 20:06:06] At iterate     4  f =      -20.283  |proj g|=      0.050089
[job(86): 2016-09-09 20:06:06] At iterate     5  f =      -20.283  |proj g|=        0.1239
[job(86): 2016-09-09 20:06:06] At iterate     6  f =      -20.283  |proj g|=       0.24526
[job(86): 2016-09-09 20:06:06] At iterate     7  f =      -20.284  |proj g|=       0.43279
[job(86): 2016-09-09 20:06:06] At iterate     8  f =      -20.286  |proj g|=       0.70887
[job(86): 2016-09-09 20:06:06] At iterate     9  f =       -20.29  |proj g|=        1.0464
[job(86): 2016-09-09 20:06:06] At iterate    10  f =      -20.298  |proj g|=        1.2572
[job(86): 2016-09-09 20:06:06] At iterate    11  f =      -20.311  |proj g|=       0.62795
[job(86): 2016-09-09 20:06:06] At iterate    12  f =      -20.313  |proj g|=      0.074833
[job(86): 2016-09-09 20:06:06] At iterate    13  f =      -20.313  |proj g|=     0.0052007
[job(86): 2016-09-09 20:06:06] At iterate    14  f =      -20.313  |proj g|=    4.0605e-05
[job(86): 2016-09-09 20:06:06] At iterate    15  f =      -20.313  |proj g|=    6.4771e-05
[job(86): 2016-09-09 20:06:06] 
[job(86): 2016-09-09 20:06:06] iterations 15
[job(86): 2016-09-09 20:06:06] function evaluations 18
[job(86): 2016-09-09 20:06:06] segments explored during Cauchy searches 15
[job(86): 2016-09-09 20:06:06] BFGS updates skipped 0
[job(86): 2016-09-09 20:06:06] active bounds at final generalized Cauchy point 0
[job(86): 2016-09-09 20:06:06] norm of the final projected gradient 6.47706e-05
[job(86): 2016-09-09 20:06:06] final function value -20.3129
[job(86): 2016-09-09 20:06:06] 
[job(86): 2016-09-09 20:06:06] F = -20.3129
[job(86): 2016-09-09 20:06:06] final  value -20.312925 
[job(86): 2016-09-09 20:06:06] converged
[job(86): 2016-09-09 20:06:06] [Tune-x] 23: C=536; sigma=0.0263
[job(86): 2016-09-09 20:06:06] [Tune-y] 23: acc.test.mean=0.966; time: 0.0 min; memory: 117Mb use, 172Mb max
[job(86): 2016-09-09 20:06:06] 
[job(86): 2016-09-09 20:06:06] optimisation start
[job(86): 2016-09-09 20:06:06] ------------------
[job(86): 2016-09-09 20:06:06] * estimation method   : MLE 
[job(86): 2016-09-09 20:06:06] * optimisation method : BFGS 
[job(86): 2016-09-09 20:06:06] * analytical gradient : used
[job(86): 2016-09-09 20:06:06] * trend model : ~1
[job(86): 2016-09-09 20:06:06] * covariance model : 
[job(86): 2016-09-09 20:06:06]   - type :  matern5_2 
[job(86): 2016-09-09 20:06:06]   - nugget : NO
[job(86): 2016-09-09 20:06:06]   - parameters lower bounds :  1e-10 1e-10 
[job(86): 2016-09-09 20:06:06]   - parameters upper bounds :  43.14787 41.75255 
[job(86): 2016-09-09 20:06:06]   - best initial criterion value(s) :  16.87489 
[job(86): 2016-09-09 20:06:06] 
[job(86): 2016-09-09 20:06:06] N = 2, M = 5 machine precision = 2.22045e-16
[job(86): 2016-09-09 20:06:06] At X0, 0 variables are exactly at the bounds
[job(86): 2016-09-09 20:06:06] At iterate     0  f=      -16.875  |proj g|=       1.5063
[job(86): 2016-09-09 20:06:06] At iterate     1  f =      -18.733  |proj g|=        1.2603
[job(86): 2016-09-09 20:06:06] At iterate     2  f =      -20.853  |proj g|=       0.79524
[job(86): 2016-09-09 20:06:06] At iterate     3  f =       -20.97  |proj g|=        0.6272
[job(86): 2016-09-09 20:06:06] At iterate     4  f =      -20.979  |proj g|=        0.3468
[job(86): 2016-09-09 20:06:06] At iterate     5  f =      -21.001  |proj g|=       0.66057
[job(86): 2016-09-09 20:06:06] At iterate     6  f =      -21.051  |proj g|=        3.2175
[job(86): 2016-09-09 20:06:06] At iterate     7  f =      -21.348  |proj g|=        6.0563
[job(86): 2016-09-09 20:06:06] At iterate     8  f =      -21.901  |proj g|=        2.9828
[job(86): 2016-09-09 20:06:06] At iterate     9  f =      -21.932  |proj g|=       0.67412
[job(86): 2016-09-09 20:06:06] At iterate    10  f =      -21.943  |proj g|=      0.012833
[job(86): 2016-09-09 20:06:06] At iterate    11  f =      -21.943  |proj g|=    0.00050394
[job(86): 2016-09-09 20:06:06] At iterate    12  f =      -21.943  |proj g|=    1.2525e-05
[job(86): 2016-09-09 20:06:06] 
[job(86): 2016-09-09 20:06:06] iterations 12
[job(86): 2016-09-09 20:06:06] function evaluations 17
[job(86): 2016-09-09 20:06:06] segments explored during Cauchy searches 13
[job(86): 2016-09-09 20:06:06] BFGS updates skipped 0
[job(86): 2016-09-09 20:06:06] active bounds at final generalized Cauchy point 0
[job(86): 2016-09-09 20:06:06] norm of the final projected gradient 1.25254e-05
[job(86): 2016-09-09 20:06:06] final function value -21.943
[job(86): 2016-09-09 20:06:06] 
[job(86): 2016-09-09 20:06:06] F = -21.943
[job(86): 2016-09-09 20:06:06] final  value -21.942952 
[job(86): 2016-09-09 20:06:06] converged
[job(86): 2016-09-09 20:06:06] [Tune-x] 24: C=1.95e+03; sigma=0.0198
[job(86): 2016-09-09 20:06:06] [Tune-y] 24: acc.test.mean=0.991; time: 0.0 min; memory: 117Mb use, 172Mb max
[job(86): 2016-09-09 20:06:06] 
[job(86): 2016-09-09 20:06:06] optimisation start
[job(86): 2016-09-09 20:06:06] ------------------
[job(86): 2016-09-09 20:06:06] * estimation method   : MLE 
[job(86): 2016-09-09 20:06:06] * optimisation method : BFGS 
[job(86): 2016-09-09 20:06:06] * analytical gradient : used
[job(86): 2016-09-09 20:06:06] * trend model : ~1
[job(86): 2016-09-09 20:06:06] * covariance model : 
[job(86): 2016-09-09 20:06:06]   - type :  matern5_2 
[job(86): 2016-09-09 20:06:06]   - nugget : NO
[job(86): 2016-09-09 20:06:06]   - parameters lower bounds :  1e-10 1e-10 
[job(86): 2016-09-09 20:06:06]   - parameters upper bounds :  43.14787 41.75255 
[job(86): 2016-09-09 20:06:06]   - best initial criterion value(s) :  19.95684 
[job(86): 2016-09-09 20:06:06] 
[job(86): 2016-09-09 20:06:06] N = 2, M = 5 machine precision = 2.22045e-16
[job(86): 2016-09-09 20:06:06] At X0, 0 variables are exactly at the bounds
[job(86): 2016-09-09 20:06:06] At iterate     0  f=      -19.957  |proj g|=       1.2791
[job(86): 2016-09-09 20:06:06] At iterate     1  f =      -22.064  |proj g|=        1.1216
[job(86): 2016-09-09 20:06:06] At iterate     2  f =       -23.06  |proj g|=        6.3671
[job(86): 2016-09-09 20:06:06] At iterate     3  f =       -23.52  |proj g|=       0.19637
[job(86): 2016-09-09 20:06:06] At iterate     4  f =      -23.521  |proj g|=       0.09096
[job(86): 2016-09-09 20:06:06] At iterate     5  f =      -23.521  |proj g|=      0.086804
[job(86): 2016-09-09 20:06:06] At iterate     6  f =      -23.524  |proj g|=       0.24753
[job(86): 2016-09-09 20:06:06] At iterate     7  f =      -23.525  |proj g|=       0.26169
[job(86): 2016-09-09 20:06:06] At iterate     8  f =      -23.526  |proj g|=     0.0086615
[job(86): 2016-09-09 20:06:06] At iterate     9  f =      -23.526  |proj g|=     0.0024839
[job(86): 2016-09-09 20:06:06] At iterate    10  f =      -23.526  |proj g|=    9.2663e-05
[job(86): 2016-09-09 20:06:06] At iterate    11  f =      -23.526  |proj g|=    4.2578e-07
[job(86): 2016-09-09 20:06:06] 
[job(86): 2016-09-09 20:06:06] iterations 11
[job(86): 2016-09-09 20:06:06] function evaluations 13
[job(86): 2016-09-09 20:06:06] segments explored during Cauchy searches 12
[job(86): 2016-09-09 20:06:06] BFGS updates skipped 0
[job(86): 2016-09-09 20:06:06] active bounds at final generalized Cauchy point 0
[job(86): 2016-09-09 20:06:06] norm of the final projected gradient 4.25777e-07
[job(86): 2016-09-09 20:06:06] final function value -23.5264
[job(86): 2016-09-09 20:06:06] 
[job(86): 2016-09-09 20:06:06] F = -23.5264
[job(86): 2016-09-09 20:06:06] final  value -23.526448 
[job(86): 2016-09-09 20:06:06] converged
[job(86): 2016-09-09 20:06:06] [Tune-x] 25: C=1.08e+03; sigma=0.0205
[job(86): 2016-09-09 20:06:06] [Tune-y] 25: acc.test.mean=0.975; time: 0.0 min; memory: 117Mb use, 172Mb max
[job(86): 2016-09-09 20:06:06] 
[job(86): 2016-09-09 20:06:06] optimisation start
[job(86): 2016-09-09 20:06:06] ------------------
[job(86): 2016-09-09 20:06:06] * estimation method   : MLE 
[job(86): 2016-09-09 20:06:06] * optimisation method : BFGS 
[job(86): 2016-09-09 20:06:06] * analytical gradient : used
[job(86): 2016-09-09 20:06:06] * trend model : ~1
[job(86): 2016-09-09 20:06:06] * covariance model : 
[job(86): 2016-09-09 20:06:06]   - type :  matern5_2 
[job(86): 2016-09-09 20:06:06]   - nugget : NO
[job(86): 2016-09-09 20:06:06]   - parameters lower bounds :  1e-10 1e-10 
[job(86): 2016-09-09 20:06:06]   - parameters upper bounds :  43.14787 41.75255 
[job(86): 2016-09-09 20:06:06]   - best initial criterion value(s) :  0.9117851 
[job(86): 2016-09-09 20:06:06] 
[job(86): 2016-09-09 20:06:06] N = 2, M = 5 machine precision = 2.22045e-16
[job(86): 2016-09-09 20:06:06] At X0, 0 variables are exactly at the bounds
[job(86): 2016-09-09 20:06:06] At iterate     0  f=     -0.91179  |proj g|=        1.967
[job(86): 2016-09-09 20:06:06] At iterate     1  f =      -3.5791  |proj g|=             0
[job(86): 2016-09-09 20:06:06] 
[job(86): 2016-09-09 20:06:06] iterations 1
[job(86): 2016-09-09 20:06:06] function evaluations 2
[job(86): 2016-09-09 20:06:06] segments explored during Cauchy searches 2
[job(86): 2016-09-09 20:06:06] BFGS updates skipped 0
[job(86): 2016-09-09 20:06:06] active bounds at final generalized Cauchy point 1
[job(86): 2016-09-09 20:06:06] norm of the final projected gradient 0
[job(86): 2016-09-09 20:06:06] final function value -3.57913
[job(86): 2016-09-09 20:06:06] 
[job(86): 2016-09-09 20:06:06] F = -3.57913
[job(86): 2016-09-09 20:06:06] final  value -3.579130 
[job(86): 2016-09-09 20:06:06] converged
[job(86): 2016-09-09 20:06:06] [Tune-x] 26: C=0.00814; sigma=17.7
[job(86): 2016-09-09 20:06:06] [Tune-y] 26: acc.test.mean=0.462; time: 0.0 min; memory: 117Mb use, 172Mb max
[job(86): 2016-09-09 20:06:06] 
[job(86): 2016-09-09 20:06:06] optimisation start
[job(86): 2016-09-09 20:06:06] ------------------
[job(86): 2016-09-09 20:06:06] * estimation method   : MLE 
[job(86): 2016-09-09 20:06:06] * optimisation method : BFGS 
[job(86): 2016-09-09 20:06:06] * analytical gradient : used
[job(86): 2016-09-09 20:06:06] * trend model : ~1
[job(86): 2016-09-09 20:06:06] * covariance model : 
[job(86): 2016-09-09 20:06:06]   - type :  matern5_2 
[job(86): 2016-09-09 20:06:06]   - nugget : NO
[job(86): 2016-09-09 20:06:06]   - parameters lower bounds :  1e-10 1e-10 
[job(86): 2016-09-09 20:06:06]   - parameters upper bounds :  43.14787 41.75255 
[job(86): 2016-09-09 20:06:06]   - best initial criterion value(s) :  7.856345 
[job(86): 2016-09-09 20:06:06] 
[job(86): 2016-09-09 20:06:06] N = 2, M = 5 machine precision = 2.22045e-16
[job(86): 2016-09-09 20:06:06] At X0, 0 variables are exactly at the bounds
[job(86): 2016-09-09 20:06:06] At iterate     0  f=      -7.8563  |proj g|=       20.827
[job(86): 2016-09-09 20:06:06] At iterate     1  f =      -14.209  |proj g|=        7.7041
[job(86): 2016-09-09 20:06:06] At iterate     2  f =      -18.279  |proj g|=        7.5876
[job(86): 2016-09-09 20:06:06] At iterate     3  f =       -19.75  |proj g|=        6.3377
[job(86): 2016-09-09 20:06:06] At iterate     4  f =      -24.103  |proj g|=        2.2294
[job(86): 2016-09-09 20:06:06] At iterate     5  f =      -24.972  |proj g|=       0.88428
[job(86): 2016-09-09 20:06:06] At iterate     6  f =      -25.229  |proj g|=       0.66599
[job(86): 2016-09-09 20:06:06] At iterate     7  f =      -25.364  |proj g|=       0.52776
[job(86): 2016-09-09 20:06:06] At iterate     8  f =      -25.373  |proj g|=       0.35066
[job(86): 2016-09-09 20:06:06] At iterate     9  f =      -25.901  |proj g|=        5.1087
[job(86): 2016-09-09 20:06:06] At iterate    10  f =      -26.136  |proj g|=        7.0156
[job(86): 2016-09-09 20:06:06] At iterate    11  f =      -26.343  |proj g|=      0.069341
[job(86): 2016-09-09 20:06:06] At iterate    12  f =      -26.343  |proj g|=      0.012072
[job(86): 2016-09-09 20:06:06] At iterate    13  f =      -26.343  |proj g|=     0.0015702
[job(86): 2016-09-09 20:06:06] At iterate    14  f =      -26.343  |proj g|=    7.7335e-05
[job(86): 2016-09-09 20:06:06] 
[job(86): 2016-09-09 20:06:06] iterations 14
[job(86): 2016-09-09 20:06:06] function evaluations 22
[job(86): 2016-09-09 20:06:06] segments explored during Cauchy searches 14
[job(86): 2016-09-09 20:06:06] BFGS updates skipped 0
[job(86): 2016-09-09 20:06:06] active bounds at final generalized Cauchy point 0
[job(86): 2016-09-09 20:06:06] norm of the final projected gradient 7.73352e-05
[job(86): 2016-09-09 20:06:06] final function value -26.3431
[job(86): 2016-09-09 20:06:06] 
[job(86): 2016-09-09 20:06:06] F = -26.3431
[job(86): 2016-09-09 20:06:06] final  value -26.343133 
[job(86): 2016-09-09 20:06:06] converged
[job(86): 2016-09-09 20:06:06] [Tune-x] 27: C=3.9e+03; sigma=0.0163
[job(86): 2016-09-09 20:06:06] [Tune-y] 27: acc.test.mean=0.995; time: 0.0 min; memory: 117Mb use, 172Mb max
[job(86): 2016-09-09 20:06:06] 
[job(86): 2016-09-09 20:06:06] optimisation start
[job(86): 2016-09-09 20:06:06] ------------------
[job(86): 2016-09-09 20:06:06] * estimation method   : MLE 
[job(86): 2016-09-09 20:06:06] * optimisation method : BFGS 
[job(86): 2016-09-09 20:06:06] * analytical gradient : used
[job(86): 2016-09-09 20:06:06] * trend model : ~1
[job(86): 2016-09-09 20:06:06] * covariance model : 
[job(86): 2016-09-09 20:06:06]   - type :  matern5_2 
[job(86): 2016-09-09 20:06:06]   - nugget : NO
[job(86): 2016-09-09 20:06:06]   - parameters lower bounds :  1e-10 1e-10 
[job(86): 2016-09-09 20:06:06]   - parameters upper bounds :  43.14787 41.75255 
[job(86): 2016-09-09 20:06:06]   - best initial criterion value(s) :  10.93925 
[job(86): 2016-09-09 20:06:06] 
[job(86): 2016-09-09 20:06:06] N = 2, M = 5 machine precision = 2.22045e-16
[job(86): 2016-09-09 20:06:06] At X0, 0 variables are exactly at the bounds
[job(86): 2016-09-09 20:06:06] At iterate     0  f=      -10.939  |proj g|=        1.118
[job(86): 2016-09-09 20:06:06] At iterate     1  f =      -15.187  |proj g|=        1.0749
[job(86): 2016-09-09 20:06:06] At iterate     2  f =      -17.582  |proj g|=        1.4355
[job(86): 2016-09-09 20:06:06] At iterate     3  f =      -19.707  |proj g|=        1.0474
[job(86): 2016-09-09 20:06:06] At iterate     4  f =      -24.368  |proj g|=        1.1522
[job(86): 2016-09-09 20:06:06] At iterate     5  f =      -25.958  |proj g|=        1.0182
[job(86): 2016-09-09 20:06:06] At iterate     6  f =      -28.212  |proj g|=        3.5088
[job(86): 2016-09-09 20:06:06] At iterate     7  f =      -28.303  |proj g|=       0.83911
[job(86): 2016-09-09 20:06:06] At iterate     8  f =      -28.306  |proj g|=       0.17814
[job(86): 2016-09-09 20:06:06] At iterate     9  f =      -28.306  |proj g|=     0.0010195
[job(86): 2016-09-09 20:06:06] At iterate    10  f =      -28.306  |proj g|=    0.00014902
[job(86): 2016-09-09 20:06:06] At iterate    11  f =      -28.306  |proj g|=    3.5854e-06
[job(86): 2016-09-09 20:06:06] 
[job(86): 2016-09-09 20:06:06] iterations 11
[job(86): 2016-09-09 20:06:06] function evaluations 19
[job(86): 2016-09-09 20:06:06] segments explored during Cauchy searches 12
[job(86): 2016-09-09 20:06:06] BFGS updates skipped 0
[job(86): 2016-09-09 20:06:06] active bounds at final generalized Cauchy point 0
[job(86): 2016-09-09 20:06:06] norm of the final projected gradient 3.58536e-06
[job(86): 2016-09-09 20:06:06] final function value -28.306
[job(86): 2016-09-09 20:06:06] 
[job(86): 2016-09-09 20:06:06] F = -28.306
[job(86): 2016-09-09 20:06:06] final  value -28.305956 
[job(86): 2016-09-09 20:06:06] converged
[job(86): 2016-09-09 20:06:06] [Tune-x] 28: C=1.86e+03; sigma=0.0269
[job(86): 2016-09-09 20:06:06] [Tune-y] 28: acc.test.mean=0.982; time: 0.0 min; memory: 117Mb use, 172Mb max
[job(86): 2016-09-09 20:06:06] 
[job(86): 2016-09-09 20:06:06] optimisation start
[job(86): 2016-09-09 20:06:06] ------------------
[job(86): 2016-09-09 20:06:06] * estimation method   : MLE 
[job(86): 2016-09-09 20:06:06] * optimisation method : BFGS 
[job(86): 2016-09-09 20:06:06] * analytical gradient : used
[job(86): 2016-09-09 20:06:06] * trend model : ~1
[job(86): 2016-09-09 20:06:06] * covariance model : 
[job(86): 2016-09-09 20:06:06]   - type :  matern5_2 
[job(86): 2016-09-09 20:06:06]   - nugget : NO
[job(86): 2016-09-09 20:06:06]   - parameters lower bounds :  1e-10 1e-10 
[job(86): 2016-09-09 20:06:06]   - parameters upper bounds :  43.14787 41.75255 
[job(86): 2016-09-09 20:06:06]   - best initial criterion value(s) :  23.49286 
[job(86): 2016-09-09 20:06:06] 
[job(86): 2016-09-09 20:06:06] N = 2, M = 5 machine precision = 2.22045e-16
[job(86): 2016-09-09 20:06:06] At X0, 0 variables are exactly at the bounds
[job(86): 2016-09-09 20:06:06] At iterate     0  f=      -23.493  |proj g|=       30.244
[job(86): 2016-09-09 20:06:06] At iterate     1  f =      -25.439  |proj g|=        0.4648
[job(86): 2016-09-09 20:06:06] At iterate     2  f =      -25.441  |proj g|=       0.26729
[job(86): 2016-09-09 20:06:06] At iterate     3  f =      -25.442  |proj g|=       0.25911
[job(86): 2016-09-09 20:06:06] At iterate     4  f =      -25.443  |proj g|=       0.46299
[job(86): 2016-09-09 20:06:06] At iterate     5  f =      -25.447  |proj g|=        1.0544
[job(86): 2016-09-09 20:06:06] At iterate     6  f =      -25.457  |proj g|=        2.0708
[job(86): 2016-09-09 20:06:06] At iterate     7  f =      -25.484  |proj g|=          3.88
[job(86): 2016-09-09 20:06:06] At iterate     8  f =       -25.56  |proj g|=        7.6064
[job(86): 2016-09-09 20:06:06] At iterate     9  f =      -25.665  |proj g|=        15.311
[job(86): 2016-09-09 20:06:06] At iterate    10  f =      -26.578  |proj g|=         10.04
[job(86): 2016-09-09 20:06:06] At iterate    11  f =      -29.008  |proj g|=        8.0498
[job(86): 2016-09-09 20:06:06] At iterate    12  f =      -29.656  |proj g|=       0.70772
[job(86): 2016-09-09 20:06:06] At iterate    13  f =      -29.728  |proj g|=       0.21497
[job(86): 2016-09-09 20:06:06] At iterate    14  f =      -29.729  |proj g|=      0.016599
[job(86): 2016-09-09 20:06:06] At iterate    15  f =      -29.729  |proj g|=    5.3722e-05
[job(86): 2016-09-09 20:06:06] At iterate    16  f =      -29.729  |proj g|=    2.5642e-07
[job(86): 2016-09-09 20:06:06] 
[job(86): 2016-09-09 20:06:06] iterations 16
[job(86): 2016-09-09 20:06:06] function evaluations 28
[job(86): 2016-09-09 20:06:06] segments explored during Cauchy searches 16
[job(86): 2016-09-09 20:06:06] BFGS updates skipped 0
[job(86): 2016-09-09 20:06:06] active bounds at final generalized Cauchy point 0
[job(86): 2016-09-09 20:06:06] norm of the final projected gradient 2.56416e-07
[job(86): 2016-09-09 20:06:06] final function value -29.7287
[job(86): 2016-09-09 20:06:06] 
[job(86): 2016-09-09 20:06:06] F = -29.7287
[job(86): 2016-09-09 20:06:06] final  value -29.728701 
[job(86): 2016-09-09 20:06:06] converged
[job(86): 2016-09-09 20:06:06] [Tune] Result: C=1.74e+03; sigma=0.0248 : acc.test.mean=-0.996
[job(86): 2016-09-09 20:06:06] Job terminated successfully
[job(chunk): 2016-09-09 20:06:07] Calculation finished!
