[job(chunk): 2016-09-09 20:17:58] Starting calculation of 1 jobs
[job(chunk): 2016-09-09 20:17:58] Setting working directory to '/naslx/projects/pr74ze/ri89coc2/svm_comparison'
[job(chunk): 2016-09-09 20:17:58] Memory measurement disabled
[job(990): 2016-09-09 20:18:01] Starting job with job.id=990
[job(990): 2016-09-09 20:18:51] Generating problem instance for problem '1465' ...
[job(990): 2016-09-09 20:18:51] Downloading from 'http://www.openml.org/api/v1/data/1465' to '/tmp/ri89coc2/Rtmp2xEJNT/cache/datasets/1465/description.xml'.
[job(990): 2016-09-09 20:18:51] Downloading from 'http://www.openml.org/data/download/1586226/phpydCnZg' to '/tmp/ri89coc2/Rtmp2xEJNT/cache/datasets/1465/dataset.arff'
[job(990): 2016-09-09 20:18:51] Loading required package: readr
[job(990): 2016-09-09 20:18:51] Applying algorithm 'kbb-svc.tuned' on problem '1465' ...
[job(990): 2016-09-09 20:18:51] Data '1465' file 'description.xml' found in cache.
[job(990): 2016-09-09 20:18:51] Data '1465' file 'dataset.arff' found in cache.
[job(990): 2016-09-09 20:18:51] [Tune] Started tuning learner kbb-svc for parameter set:
[job(990): 2016-09-09 20:18:51]          Type len Def    Constr Req Tunable Trafo
[job(990): 2016-09-09 20:18:51] C     numeric   -   - -12 to 12   -    TRUE     Y
[job(990): 2016-09-09 20:18:51] sigma numeric   -   - -12 to 12   -    TRUE     Y
[job(990): 2016-09-09 20:18:51] With control class: TuneControlMBO
[job(990): 2016-09-09 20:18:51] Imputation value: -0
[job(990): 2016-09-09 20:18:51] [Tune-x] 1: C=31.8; sigma=2.07e+03
[job(990): 2016-09-09 20:18:51] [Tune-y] 1: acc.test.mean=0.136; time: 0.0 min; memory: 113Mb use, 164Mb max
[job(990): 2016-09-09 20:18:51] [Tune-x] 2: C=0.002; sigma=0.106
[job(990): 2016-09-09 20:18:51] [Tune-y] 2: acc.test.mean=0.269; time: 0.0 min; memory: 113Mb use, 164Mb max
[job(990): 2016-09-09 20:18:51] [Tune-x] 3: C=0.0193; sigma=0.129
[job(990): 2016-09-09 20:18:51] [Tune-y] 3: acc.test.mean=0.188; time: 0.0 min; memory: 113Mb use, 164Mb max
[job(990): 2016-09-09 20:18:51] [Tune-x] 4: C=0.558; sigma=346
[job(990): 2016-09-09 20:18:51] [Tune-y] 4: acc.test.mean=0.156; time: 0.0 min; memory: 113Mb use, 164Mb max
[job(990): 2016-09-09 20:18:51] [Tune-x] 5: C=1.1; sigma=0.000607
[job(990): 2016-09-09 20:18:51] [Tune-y] 5: acc.test.mean=0.115; time: 0.0 min; memory: 113Mb use, 164Mb max
[job(990): 2016-09-09 20:18:51] [Tune-x] 6: C=394; sigma=27.1
[job(990): 2016-09-09 20:18:51] [Tune-y] 6: acc.test.mean=0.157; time: 0.0 min; memory: 113Mb use, 164Mb max
[job(990): 2016-09-09 20:18:51] [Tune-x] 7: C=4e+03; sigma=0.0117
[job(990): 2016-09-09 20:18:51] [Tune-y] 7: acc.test.mean=0.302; time: 0.0 min; memory: 113Mb use, 164Mb max
[job(990): 2016-09-09 20:18:51] [Tune-x] 8: C=0.00109; sigma=6.94
[job(990): 2016-09-09 20:18:51] [Tune-y] 8: acc.test.mean=0.145; time: 0.0 min; memory: 113Mb use, 164Mb max
[job(990): 2016-09-09 20:18:51] 
[job(990): 2016-09-09 20:18:51] optimisation start
[job(990): 2016-09-09 20:18:51] ------------------
[job(990): 2016-09-09 20:18:51] * estimation method   : MLE 
[job(990): 2016-09-09 20:18:51] * optimisation method : BFGS 
[job(990): 2016-09-09 20:18:51] * analytical gradient : used
[job(990): 2016-09-09 20:18:51] * trend model : ~1
[job(990): 2016-09-09 20:18:51] * covariance model : 
[job(990): 2016-09-09 20:18:51]   - type :  matern5_2 
[job(990): 2016-09-09 20:18:51]   - nugget : NO
[job(990): 2016-09-09 20:18:51]   - parameters lower bounds :  1e-10 1e-10 
[job(990): 2016-09-09 20:18:51]   - parameters upper bounds :  43.61569 43.40195 
[job(990): 2016-09-09 20:18:51]   - best initial criterion value(s) :  10.48981 
[job(990): 2016-09-09 20:18:51] 
[job(990): 2016-09-09 20:18:51] N = 2, M = 5 machine precision = 2.22045e-16
[job(990): 2016-09-09 20:18:51] At X0, 0 variables are exactly at the bounds
[job(990): 2016-09-09 20:18:51] At iterate     0  f=       -10.49  |proj g|=      0.18744
[job(990): 2016-09-09 20:18:51] At iterate     1  f =      -10.539  |proj g|=       0.17071
[job(990): 2016-09-09 20:18:51] At iterate     2  f =      -10.842  |proj g|=             0
[job(990): 2016-09-09 20:18:51] 
[job(990): 2016-09-09 20:18:51] iterations 2
[job(990): 2016-09-09 20:18:51] function evaluations 3
[job(990): 2016-09-09 20:18:51] segments explored during Cauchy searches 3
[job(990): 2016-09-09 20:18:51] BFGS updates skipped 0
[job(990): 2016-09-09 20:18:51] active bounds at final generalized Cauchy point 1
[job(990): 2016-09-09 20:18:51] norm of the final projected gradient 0
[job(990): 2016-09-09 20:18:51] final function value -10.8418
[job(990): 2016-09-09 20:18:51] 
[job(990): 2016-09-09 20:18:51] F = -10.8418
[job(990): 2016-09-09 20:18:51] final  value -10.841795 
[job(990): 2016-09-09 20:18:51] converged
[job(990): 2016-09-09 20:18:51] [Tune-x] 9: C=0.00877; sigma=0.0284
[job(990): 2016-09-09 20:18:51] [Tune-y] 9: acc.test.mean=0.125; time: 0.0 min; memory: 117Mb use, 170Mb max
[job(990): 2016-09-09 20:18:51] 
[job(990): 2016-09-09 20:18:51] optimisation start
[job(990): 2016-09-09 20:18:51] ------------------
[job(990): 2016-09-09 20:18:51] * estimation method   : MLE 
[job(990): 2016-09-09 20:18:51] * optimisation method : BFGS 
[job(990): 2016-09-09 20:18:51] * analytical gradient : used
[job(990): 2016-09-09 20:18:51] * trend model : ~1
[job(990): 2016-09-09 20:18:51] * covariance model : 
[job(990): 2016-09-09 20:18:51]   - type :  matern5_2 
[job(990): 2016-09-09 20:18:51]   - nugget : NO
[job(990): 2016-09-09 20:18:51]   - parameters lower bounds :  1e-10 1e-10 
[job(990): 2016-09-09 20:18:51]   - parameters upper bounds :  43.61569 43.40195 
[job(990): 2016-09-09 20:18:51]   - best initial criterion value(s) :  12.33671 
[job(990): 2016-09-09 20:18:51] 
[job(990): 2016-09-09 20:18:51] N = 2, M = 5 machine precision = 2.22045e-16
[job(990): 2016-09-09 20:18:51] At X0, 0 variables are exactly at the bounds
[job(990): 2016-09-09 20:18:51] At iterate     0  f=      -12.337  |proj g|=      0.19906
[job(990): 2016-09-09 20:18:51] At iterate     1  f =      -12.344  |proj g|=       0.07581
[job(990): 2016-09-09 20:18:51] At iterate     2  f =      -12.345  |proj g|=      0.044856
[job(990): 2016-09-09 20:18:51] At iterate     3  f =      -12.345  |proj g|=     0.0040566
[job(990): 2016-09-09 20:18:51] At iterate     4  f =      -12.345  |proj g|=    0.00017376
[job(990): 2016-09-09 20:18:51] At iterate     5  f =      -12.345  |proj g|=    1.4033e-06
[job(990): 2016-09-09 20:18:51] 
[job(990): 2016-09-09 20:18:51] iterations 5
[job(990): 2016-09-09 20:18:51] function evaluations 7
[job(990): 2016-09-09 20:18:51] segments explored during Cauchy searches 5
[job(990): 2016-09-09 20:18:51] BFGS updates skipped 0
[job(990): 2016-09-09 20:18:51] active bounds at final generalized Cauchy point 0
[job(990): 2016-09-09 20:18:51] norm of the final projected gradient 1.40332e-06
[job(990): 2016-09-09 20:18:51] final function value -12.3454
[job(990): 2016-09-09 20:18:51] 
[job(990): 2016-09-09 20:18:51] F = -12.3454
[job(990): 2016-09-09 20:18:51] final  value -12.345356 
[job(990): 2016-09-09 20:18:51] converged
[job(990): 2016-09-09 20:18:51] [Tune-x] 10: C=4.01e+03; sigma=0.0117
[job(990): 2016-09-09 20:18:51] [Tune-y] 10: acc.test.mean=0.261; time: 0.0 min; memory: 117Mb use, 177Mb max
[job(990): 2016-09-09 20:18:51] 
[job(990): 2016-09-09 20:18:51] optimisation start
[job(990): 2016-09-09 20:18:51] ------------------
[job(990): 2016-09-09 20:18:51] * estimation method   : MLE 
[job(990): 2016-09-09 20:18:51] * optimisation method : BFGS 
[job(990): 2016-09-09 20:18:51] * analytical gradient : used
[job(990): 2016-09-09 20:18:51] * trend model : ~1
[job(990): 2016-09-09 20:18:51] * covariance model : 
[job(990): 2016-09-09 20:18:51]   - type :  matern5_2 
[job(990): 2016-09-09 20:18:51]   - nugget : NO
[job(990): 2016-09-09 20:18:51]   - parameters lower bounds :  1e-10 1e-10 
[job(990): 2016-09-09 20:18:51]   - parameters upper bounds :  43.62359 43.40195 
[job(990): 2016-09-09 20:18:51]   - best initial criterion value(s) :  0.2359585 
[job(990): 2016-09-09 20:18:51] 
[job(990): 2016-09-09 20:18:51] N = 2, M = 5 machine precision = 2.22045e-16
[job(990): 2016-09-09 20:18:51] At X0, 0 variables are exactly at the bounds
[job(990): 2016-09-09 20:18:51] At iterate     0  f=     -0.23596  |proj g|=      0.12797
[job(990): 2016-09-09 20:18:51] At iterate     1  f =      -13.353  |proj g|=             0
[job(990): 2016-09-09 20:18:51] 
[job(990): 2016-09-09 20:18:51] iterations 1
[job(990): 2016-09-09 20:18:51] function evaluations 2
[job(990): 2016-09-09 20:18:51] segments explored during Cauchy searches 2
[job(990): 2016-09-09 20:18:51] BFGS updates skipped 0
[job(990): 2016-09-09 20:18:51] active bounds at final generalized Cauchy point 1
[job(990): 2016-09-09 20:18:51] norm of the final projected gradient 0
[job(990): 2016-09-09 20:18:51] final function value -13.3532
[job(990): 2016-09-09 20:18:51] 
[job(990): 2016-09-09 20:18:51] F = -13.3532
[job(990): 2016-09-09 20:18:51] final  value -13.353239 
[job(990): 2016-09-09 20:18:51] converged
[job(990): 2016-09-09 20:18:51] [Tune-x] 11: C=0.00194; sigma=0.00726
[job(990): 2016-09-09 20:18:51] [Tune-y] 11: acc.test.mean=0.241; time: 0.0 min; memory: 117Mb use, 177Mb max
[job(990): 2016-09-09 20:18:51] 
[job(990): 2016-09-09 20:18:51] optimisation start
[job(990): 2016-09-09 20:18:51] ------------------
[job(990): 2016-09-09 20:18:51] * estimation method   : MLE 
[job(990): 2016-09-09 20:18:51] * optimisation method : BFGS 
[job(990): 2016-09-09 20:18:51] * analytical gradient : used
[job(990): 2016-09-09 20:18:51] * trend model : ~1
[job(990): 2016-09-09 20:18:51] * covariance model : 
[job(990): 2016-09-09 20:18:51]   - type :  matern5_2 
[job(990): 2016-09-09 20:18:51]   - nugget : NO
[job(990): 2016-09-09 20:18:51]   - parameters lower bounds :  1e-10 1e-10 
[job(990): 2016-09-09 20:18:51]   - parameters upper bounds :  43.62359 43.40195 
[job(990): 2016-09-09 20:18:51]   - best initial criterion value(s) :  -17.00804 
[job(990): 2016-09-09 20:18:51] 
[job(990): 2016-09-09 20:18:51] N = 2, M = 5 machine precision = 2.22045e-16
[job(990): 2016-09-09 20:18:51] At X0, 0 variables are exactly at the bounds
[job(990): 2016-09-09 20:18:51] At iterate     0  f=       17.008  |proj g|=     0.099592
[job(990): 2016-09-09 20:18:51] At iterate     1  f =       -14.85  |proj g|=             0
[job(990): 2016-09-09 20:18:51] 
[job(990): 2016-09-09 20:18:51] iterations 1
[job(990): 2016-09-09 20:18:51] function evaluations 2
[job(990): 2016-09-09 20:18:51] segments explored during Cauchy searches 2
[job(990): 2016-09-09 20:18:51] BFGS updates skipped 0
[job(990): 2016-09-09 20:18:51] active bounds at final generalized Cauchy point 1
[job(990): 2016-09-09 20:18:51] norm of the final projected gradient 0
[job(990): 2016-09-09 20:18:51] final function value -14.8503
[job(990): 2016-09-09 20:18:51] 
[job(990): 2016-09-09 20:18:51] F = -14.8503
[job(990): 2016-09-09 20:18:51] final  value -14.850285 
[job(990): 2016-09-09 20:18:51] converged
[job(990): 2016-09-09 20:18:51] [Tune-x] 12: C=2.03; sigma=0.00336
[job(990): 2016-09-09 20:18:51] [Tune-y] 12: acc.test.mean=0.252; time: 0.0 min; memory: 117Mb use, 177Mb max
[job(990): 2016-09-09 20:18:51] 
[job(990): 2016-09-09 20:18:51] optimisation start
[job(990): 2016-09-09 20:18:51] ------------------
[job(990): 2016-09-09 20:18:51] * estimation method   : MLE 
[job(990): 2016-09-09 20:18:51] * optimisation method : BFGS 
[job(990): 2016-09-09 20:18:51] * analytical gradient : used
[job(990): 2016-09-09 20:18:51] * trend model : ~1
[job(990): 2016-09-09 20:18:51] * covariance model : 
[job(990): 2016-09-09 20:18:51]   - type :  matern5_2 
[job(990): 2016-09-09 20:18:51]   - nugget : NO
[job(990): 2016-09-09 20:18:51]   - parameters lower bounds :  1e-10 1e-10 
[job(990): 2016-09-09 20:18:51]   - parameters upper bounds :  43.62359 43.40195 
[job(990): 2016-09-09 20:18:51]   - best initial criterion value(s) :  -15.57772 
[job(990): 2016-09-09 20:18:51] 
[job(990): 2016-09-09 20:18:51] N = 2, M = 5 machine precision = 2.22045e-16
[job(990): 2016-09-09 20:18:51] At X0, 0 variables are exactly at the bounds
[job(990): 2016-09-09 20:18:51] At iterate     0  f=       15.578  |proj g|=      0.61211
[job(990): 2016-09-09 20:18:51] At iterate     1  f =      -16.265  |proj g|=             0
[job(990): 2016-09-09 20:18:51] 
[job(990): 2016-09-09 20:18:51] iterations 1
[job(990): 2016-09-09 20:18:51] function evaluations 2
[job(990): 2016-09-09 20:18:51] segments explored during Cauchy searches 2
[job(990): 2016-09-09 20:18:51] BFGS updates skipped 0
[job(990): 2016-09-09 20:18:51] active bounds at final generalized Cauchy point 1
[job(990): 2016-09-09 20:18:51] norm of the final projected gradient 0
[job(990): 2016-09-09 20:18:51] final function value -16.2651
[job(990): 2016-09-09 20:18:51] 
[job(990): 2016-09-09 20:18:51] F = -16.2651
[job(990): 2016-09-09 20:18:51] final  value -16.265105 
[job(990): 2016-09-09 20:18:51] converged
[job(990): 2016-09-09 20:18:51] [Tune-x] 13: C=3.47; sigma=16.7
[job(990): 2016-09-09 20:18:51] [Tune-y] 13: acc.test.mean=0.125; time: 0.0 min; memory: 117Mb use, 177Mb max
[job(990): 2016-09-09 20:18:51] 
[job(990): 2016-09-09 20:18:51] optimisation start
[job(990): 2016-09-09 20:18:51] ------------------
[job(990): 2016-09-09 20:18:51] * estimation method   : MLE 
[job(990): 2016-09-09 20:18:51] * optimisation method : BFGS 
[job(990): 2016-09-09 20:18:51] * analytical gradient : used
[job(990): 2016-09-09 20:18:51] * trend model : ~1
[job(990): 2016-09-09 20:18:51] * covariance model : 
[job(990): 2016-09-09 20:18:51]   - type :  matern5_2 
[job(990): 2016-09-09 20:18:51]   - nugget : NO
[job(990): 2016-09-09 20:18:51]   - parameters lower bounds :  1e-10 1e-10 
[job(990): 2016-09-09 20:18:51]   - parameters upper bounds :  43.62359 43.40195 
[job(990): 2016-09-09 20:18:51]   - best initial criterion value(s) :  -15.35068 
[job(990): 2016-09-09 20:18:51] 
[job(990): 2016-09-09 20:18:51] N = 2, M = 5 machine precision = 2.22045e-16
[job(990): 2016-09-09 20:18:51] At X0, 0 variables are exactly at the bounds
[job(990): 2016-09-09 20:18:51] At iterate     0  f=       15.351  |proj g|=     0.067978
[job(990): 2016-09-09 20:18:51] At iterate     1  f =      -17.536  |proj g|=             0
[job(990): 2016-09-09 20:18:51] 
[job(990): 2016-09-09 20:18:51] iterations 1
[job(990): 2016-09-09 20:18:51] function evaluations 2
[job(990): 2016-09-09 20:18:51] segments explored during Cauchy searches 2
[job(990): 2016-09-09 20:18:51] BFGS updates skipped 0
[job(990): 2016-09-09 20:18:51] active bounds at final generalized Cauchy point 1
[job(990): 2016-09-09 20:18:51] norm of the final projected gradient 0
[job(990): 2016-09-09 20:18:51] final function value -17.5357
[job(990): 2016-09-09 20:18:51] 
[job(990): 2016-09-09 20:18:51] F = -17.5357
[job(990): 2016-09-09 20:18:51] final  value -17.535697 
[job(990): 2016-09-09 20:18:51] converged
[job(990): 2016-09-09 20:18:51] [Tune-x] 14: C=0.000507; sigma=99.5
[job(990): 2016-09-09 20:18:51] [Tune-y] 14: acc.test.mean=0.124; time: 0.0 min; memory: 117Mb use, 177Mb max
[job(990): 2016-09-09 20:18:51] 
[job(990): 2016-09-09 20:18:51] optimisation start
[job(990): 2016-09-09 20:18:51] ------------------
[job(990): 2016-09-09 20:18:51] * estimation method   : MLE 
[job(990): 2016-09-09 20:18:51] * optimisation method : BFGS 
[job(990): 2016-09-09 20:18:51] * analytical gradient : used
[job(990): 2016-09-09 20:18:51] * trend model : ~1
[job(990): 2016-09-09 20:18:51] * covariance model : 
[job(990): 2016-09-09 20:18:51]   - type :  matern5_2 
[job(990): 2016-09-09 20:18:51]   - nugget : NO
[job(990): 2016-09-09 20:18:51]   - parameters lower bounds :  1e-10 1e-10 
[job(990): 2016-09-09 20:18:51]   - parameters upper bounds :  45.83029 43.40195 
[job(990): 2016-09-09 20:18:51]   - best initial criterion value(s) :  -3.741405 
[job(990): 2016-09-09 20:18:51] 
[job(990): 2016-09-09 20:18:51] N = 2, M = 5 machine precision = 2.22045e-16
[job(990): 2016-09-09 20:18:51] At X0, 0 variables are exactly at the bounds
[job(990): 2016-09-09 20:18:51] At iterate     0  f=       3.7414  |proj g|=      0.20997
[job(990): 2016-09-09 20:18:51] At iterate     1  f =      -18.865  |proj g|=             0
[job(990): 2016-09-09 20:18:51] 
[job(990): 2016-09-09 20:18:51] iterations 1
[job(990): 2016-09-09 20:18:51] function evaluations 2
[job(990): 2016-09-09 20:18:51] segments explored during Cauchy searches 2
[job(990): 2016-09-09 20:18:51] BFGS updates skipped 0
[job(990): 2016-09-09 20:18:51] active bounds at final generalized Cauchy point 1
[job(990): 2016-09-09 20:18:51] norm of the final projected gradient 0
[job(990): 2016-09-09 20:18:51] final function value -18.865
[job(990): 2016-09-09 20:18:51] 
[job(990): 2016-09-09 20:18:51] F = -18.865
[job(990): 2016-09-09 20:18:51] final  value -18.864961 
[job(990): 2016-09-09 20:18:51] converged
[job(990): 2016-09-09 20:18:51] [Tune-x] 15: C=215; sigma=1.41e+03
[job(990): 2016-09-09 20:18:51] [Tune-y] 15: acc.test.mean=0.157; time: 0.0 min; memory: 117Mb use, 177Mb max
[job(990): 2016-09-09 20:18:51] 
[job(990): 2016-09-09 20:18:51] optimisation start
[job(990): 2016-09-09 20:18:51] ------------------
[job(990): 2016-09-09 20:18:51] * estimation method   : MLE 
[job(990): 2016-09-09 20:18:51] * optimisation method : BFGS 
[job(990): 2016-09-09 20:18:51] * analytical gradient : used
[job(990): 2016-09-09 20:18:51] * trend model : ~1
[job(990): 2016-09-09 20:18:51] * covariance model : 
[job(990): 2016-09-09 20:18:51]   - type :  matern5_2 
[job(990): 2016-09-09 20:18:51]   - nugget : NO
[job(990): 2016-09-09 20:18:51]   - parameters lower bounds :  1e-10 1e-10 
[job(990): 2016-09-09 20:18:51]   - parameters upper bounds :  45.83029 43.40195 
[job(990): 2016-09-09 20:18:51]   - best initial criterion value(s) :  -36.75051 
[job(990): 2016-09-09 20:18:51] 
[job(990): 2016-09-09 20:18:51] N = 2, M = 5 machine precision = 2.22045e-16
[job(990): 2016-09-09 20:18:51] At X0, 0 variables are exactly at the bounds
[job(990): 2016-09-09 20:18:51] At iterate     0  f=       36.751  |proj g|=       2.9729
[job(990): 2016-09-09 20:18:51] At iterate     1  f =       10.854  |proj g|=       0.35036
[job(990): 2016-09-09 20:18:51] ys=-1.058e+02  -gs= 8.848e+00, BFGS update SKIPPED
[job(990): 2016-09-09 20:18:51] At iterate     2  f =      -20.631  |proj g|=             0
[job(990): 2016-09-09 20:18:51] 
[job(990): 2016-09-09 20:18:51] iterations 2
[job(990): 2016-09-09 20:18:51] function evaluations 3
[job(990): 2016-09-09 20:18:51] segments explored during Cauchy searches 3
[job(990): 2016-09-09 20:18:51] BFGS updates skipped 1
[job(990): 2016-09-09 20:18:51] active bounds at final generalized Cauchy point 1
[job(990): 2016-09-09 20:18:51] norm of the final projected gradient 0
[job(990): 2016-09-09 20:18:51] final function value -20.6314
[job(990): 2016-09-09 20:18:51] 
[job(990): 2016-09-09 20:18:51] F = -20.6314
[job(990): 2016-09-09 20:18:51] final  value -20.631377 
[job(990): 2016-09-09 20:18:51] converged
[job(990): 2016-09-09 20:18:51] [Tune-x] 16: C=0.00057; sigma=0.0118
[job(990): 2016-09-09 20:18:51] [Tune-y] 16: acc.test.mean=0.197; time: 0.0 min; memory: 117Mb use, 177Mb max
[job(990): 2016-09-09 20:18:51] 
[job(990): 2016-09-09 20:18:51] optimisation start
[job(990): 2016-09-09 20:18:51] ------------------
[job(990): 2016-09-09 20:18:51] * estimation method   : MLE 
[job(990): 2016-09-09 20:18:51] * optimisation method : BFGS 
[job(990): 2016-09-09 20:18:51] * analytical gradient : used
[job(990): 2016-09-09 20:18:51] * trend model : ~1
[job(990): 2016-09-09 20:18:51] * covariance model : 
[job(990): 2016-09-09 20:18:51]   - type :  matern5_2 
[job(990): 2016-09-09 20:18:51]   - nugget : NO
[job(990): 2016-09-09 20:18:51]   - parameters lower bounds :  1e-10 1e-10 
[job(990): 2016-09-09 20:18:51]   - parameters upper bounds :  45.83029 43.40195 
[job(990): 2016-09-09 20:18:51]   - best initial criterion value(s) :  -29.15391 
[job(990): 2016-09-09 20:18:51] 
[job(990): 2016-09-09 20:18:51] N = 2, M = 5 machine precision = 2.22045e-16
[job(990): 2016-09-09 20:18:51] At X0, 0 variables are exactly at the bounds
[job(990): 2016-09-09 20:18:51] At iterate     0  f=       29.154  |proj g|=        1.549
[job(990): 2016-09-09 20:18:51] At iterate     1  f =      -22.497  |proj g|=             0
[job(990): 2016-09-09 20:18:51] 
[job(990): 2016-09-09 20:18:51] iterations 1
[job(990): 2016-09-09 20:18:51] function evaluations 2
[job(990): 2016-09-09 20:18:51] segments explored during Cauchy searches 2
[job(990): 2016-09-09 20:18:51] BFGS updates skipped 0
[job(990): 2016-09-09 20:18:51] active bounds at final generalized Cauchy point 1
[job(990): 2016-09-09 20:18:51] norm of the final projected gradient 0
[job(990): 2016-09-09 20:18:51] final function value -22.4975
[job(990): 2016-09-09 20:18:51] 
[job(990): 2016-09-09 20:18:51] F = -22.4975
[job(990): 2016-09-09 20:18:51] final  value -22.497469 
[job(990): 2016-09-09 20:18:51] converged
[job(990): 2016-09-09 20:18:51] [Tune-x] 17: C=8.46; sigma=19
[job(990): 2016-09-09 20:18:51] [Tune-y] 17: acc.test.mean=0.104; time: 0.0 min; memory: 117Mb use, 177Mb max
[job(990): 2016-09-09 20:18:51] 
[job(990): 2016-09-09 20:18:51] optimisation start
[job(990): 2016-09-09 20:18:51] ------------------
[job(990): 2016-09-09 20:18:51] * estimation method   : MLE 
[job(990): 2016-09-09 20:18:51] * optimisation method : BFGS 
[job(990): 2016-09-09 20:18:51] * analytical gradient : used
[job(990): 2016-09-09 20:18:51] * trend model : ~1
[job(990): 2016-09-09 20:18:51] * covariance model : 
[job(990): 2016-09-09 20:18:51]   - type :  matern5_2 
[job(990): 2016-09-09 20:18:51]   - nugget : NO
[job(990): 2016-09-09 20:18:51]   - parameters lower bounds :  1e-10 1e-10 
[job(990): 2016-09-09 20:18:51]   - parameters upper bounds :  45.83029 43.40195 
[job(990): 2016-09-09 20:18:51]   - best initial criterion value(s) :  -44.64976 
[job(990): 2016-09-09 20:18:51] 
[job(990): 2016-09-09 20:18:51] N = 2, M = 5 machine precision = 2.22045e-16
[job(990): 2016-09-09 20:18:51] At X0, 0 variables are exactly at the bounds
[job(990): 2016-09-09 20:18:51] At iterate     0  f=        44.65  |proj g|=       1.7622
[job(990): 2016-09-09 20:18:51] At iterate     1  f =       40.207  |proj g|=        2.9312
[job(990): 2016-09-09 20:18:51] ys=-3.140e+00  -gs= 3.161e+00, BFGS update SKIPPED
[job(990): 2016-09-09 20:18:51] At iterate     2  f =       -23.54  |proj g|=             0
[job(990): 2016-09-09 20:18:51] 
[job(990): 2016-09-09 20:18:51] iterations 2
[job(990): 2016-09-09 20:18:51] function evaluations 3
[job(990): 2016-09-09 20:18:51] segments explored during Cauchy searches 3
[job(990): 2016-09-09 20:18:51] BFGS updates skipped 1
[job(990): 2016-09-09 20:18:51] active bounds at final generalized Cauchy point 1
[job(990): 2016-09-09 20:18:51] norm of the final projected gradient 0
[job(990): 2016-09-09 20:18:51] final function value -23.5403
[job(990): 2016-09-09 20:18:51] 
[job(990): 2016-09-09 20:18:51] F = -23.5403
[job(990): 2016-09-09 20:18:51] final  value -23.540312 
[job(990): 2016-09-09 20:18:51] converged
[job(990): 2016-09-09 20:18:51] [Tune-x] 18: C=0.00608; sigma=0.000331
[job(990): 2016-09-09 20:18:51] [Tune-y] 18: acc.test.mean=0.125; time: 0.0 min; memory: 117Mb use, 177Mb max
[job(990): 2016-09-09 20:18:51] 
[job(990): 2016-09-09 20:18:51] optimisation start
[job(990): 2016-09-09 20:18:51] ------------------
[job(990): 2016-09-09 20:18:51] * estimation method   : MLE 
[job(990): 2016-09-09 20:18:51] * optimisation method : BFGS 
[job(990): 2016-09-09 20:18:51] * analytical gradient : used
[job(990): 2016-09-09 20:18:51] * trend model : ~1
[job(990): 2016-09-09 20:18:51] * covariance model : 
[job(990): 2016-09-09 20:18:51]   - type :  matern5_2 
[job(990): 2016-09-09 20:18:51]   - nugget : NO
[job(990): 2016-09-09 20:18:51]   - parameters lower bounds :  1e-10 1e-10 
[job(990): 2016-09-09 20:18:51]   - parameters upper bounds :  45.83029 45.15428 
[job(990): 2016-09-09 20:18:51]   - best initial criterion value(s) :  25.82817 
[job(990): 2016-09-09 20:18:51] 
[job(990): 2016-09-09 20:18:51] N = 2, M = 5 machine precision = 2.22045e-16
[job(990): 2016-09-09 20:18:51] At X0, 0 variables are exactly at the bounds
[job(990): 2016-09-09 20:18:51] At iterate     0  f=      -25.828  |proj g|=       45.827
[job(990): 2016-09-09 20:18:51] At iterate     1  f =      -26.516  |proj g|=     0.0091062
[job(990): 2016-09-09 20:18:51] At iterate     2  f =      -26.551  |proj g|=     0.0083604
[job(990): 2016-09-09 20:18:51] At iterate     3  f =      -26.567  |proj g|=        7.4489
[job(990): 2016-09-09 20:18:51] At iterate     4  f =      -26.567  |proj g|=     0.0074488
[job(990): 2016-09-09 20:18:51] At iterate     5  f =      -26.567  |proj g|=     0.0074305
[job(990): 2016-09-09 20:18:51] At iterate     6  f =      -26.567  |proj g|=    3.4131e-05
[job(990): 2016-09-09 20:18:51] 
[job(990): 2016-09-09 20:18:51] iterations 6
[job(990): 2016-09-09 20:18:51] function evaluations 14
[job(990): 2016-09-09 20:18:51] segments explored during Cauchy searches 7
[job(990): 2016-09-09 20:18:51] BFGS updates skipped 0
[job(990): 2016-09-09 20:18:51] active bounds at final generalized Cauchy point 0
[job(990): 2016-09-09 20:18:51] norm of the final projected gradient 3.41312e-05
[job(990): 2016-09-09 20:18:51] final function value -26.5673
[job(990): 2016-09-09 20:18:51] 
[job(990): 2016-09-09 20:18:51] F = -26.5673
[job(990): 2016-09-09 20:18:51] final  value -26.567331 
[job(990): 2016-09-09 20:18:51] converged
[job(990): 2016-09-09 20:18:51] [Tune-x] 19: C=4e+03; sigma=0.739
[job(990): 2016-09-09 20:18:51] [Tune-y] 19: acc.test.mean=0.269; time: 0.0 min; memory: 117Mb use, 177Mb max
[job(990): 2016-09-09 20:18:51] 
[job(990): 2016-09-09 20:18:51] optimisation start
[job(990): 2016-09-09 20:18:51] ------------------
[job(990): 2016-09-09 20:18:51] * estimation method   : MLE 
[job(990): 2016-09-09 20:18:51] * optimisation method : BFGS 
[job(990): 2016-09-09 20:18:51] * analytical gradient : used
[job(990): 2016-09-09 20:18:51] * trend model : ~1
[job(990): 2016-09-09 20:18:51] * covariance model : 
[job(990): 2016-09-09 20:18:51]   - type :  matern5_2 
[job(990): 2016-09-09 20:18:51]   - nugget : NO
[job(990): 2016-09-09 20:18:51]   - parameters lower bounds :  1e-10 1e-10 
[job(990): 2016-09-09 20:18:51]   - parameters upper bounds :  45.83029 45.15428 
[job(990): 2016-09-09 20:18:51]   - best initial criterion value(s) :  -35.01065 
[job(990): 2016-09-09 20:18:51] 
[job(990): 2016-09-09 20:18:51] N = 2, M = 5 machine precision = 2.22045e-16
[job(990): 2016-09-09 20:18:51] At X0, 0 variables are exactly at the bounds
[job(990): 2016-09-09 20:18:51] At iterate     0  f=       35.011  |proj g|=       0.1514
[job(990): 2016-09-09 20:18:51] At iterate     1  f =      -25.821  |proj g|=             0
[job(990): 2016-09-09 20:18:51] 
[job(990): 2016-09-09 20:18:51] iterations 1
[job(990): 2016-09-09 20:18:51] function evaluations 2
[job(990): 2016-09-09 20:18:51] segments explored during Cauchy searches 2
[job(990): 2016-09-09 20:18:51] BFGS updates skipped 0
[job(990): 2016-09-09 20:18:51] active bounds at final generalized Cauchy point 1
[job(990): 2016-09-09 20:18:51] norm of the final projected gradient 0
[job(990): 2016-09-09 20:18:51] final function value -25.8214
[job(990): 2016-09-09 20:18:51] 
[job(990): 2016-09-09 20:18:51] F = -25.8214
[job(990): 2016-09-09 20:18:51] final  value -25.821397 
[job(990): 2016-09-09 20:18:51] converged
[job(990): 2016-09-09 20:18:51] [Tune-x] 20: C=2.47e+03; sigma=0.00121
[job(990): 2016-09-09 20:18:51] [Tune-y] 20: acc.test.mean=0.415; time: 0.0 min; memory: 117Mb use, 177Mb max
[job(990): 2016-09-09 20:18:51] 
[job(990): 2016-09-09 20:18:51] optimisation start
[job(990): 2016-09-09 20:18:51] ------------------
[job(990): 2016-09-09 20:18:51] * estimation method   : MLE 
[job(990): 2016-09-09 20:18:51] * optimisation method : BFGS 
[job(990): 2016-09-09 20:18:51] * analytical gradient : used
[job(990): 2016-09-09 20:18:51] * trend model : ~1
[job(990): 2016-09-09 20:18:51] * covariance model : 
[job(990): 2016-09-09 20:18:51]   - type :  matern5_2 
[job(990): 2016-09-09 20:18:51]   - nugget : NO
[job(990): 2016-09-09 20:18:51]   - parameters lower bounds :  1e-10 1e-10 
[job(990): 2016-09-09 20:18:51]   - parameters upper bounds :  45.83029 45.15428 
[job(990): 2016-09-09 20:18:51]   - best initial criterion value(s) :  -59.02177 
[job(990): 2016-09-09 20:18:51] 
[job(990): 2016-09-09 20:18:51] N = 2, M = 5 machine precision = 2.22045e-16
[job(990): 2016-09-09 20:18:51] At X0, 0 variables are exactly at the bounds
[job(990): 2016-09-09 20:18:51] At iterate     0  f=       59.022  |proj g|=      0.57524
[job(990): 2016-09-09 20:18:51] At iterate     1  f =       58.673  |proj g|=       0.52835
[job(990): 2016-09-09 20:18:51] At iterate     2  f =      -22.345  |proj g|=             0
[job(990): 2016-09-09 20:18:51] 
[job(990): 2016-09-09 20:18:51] iterations 2
[job(990): 2016-09-09 20:18:51] function evaluations 3
[job(990): 2016-09-09 20:18:51] segments explored during Cauchy searches 3
[job(990): 2016-09-09 20:18:51] BFGS updates skipped 0
[job(990): 2016-09-09 20:18:51] active bounds at final generalized Cauchy point 1
[job(990): 2016-09-09 20:18:51] norm of the final projected gradient 0
[job(990): 2016-09-09 20:18:51] final function value -22.3448
[job(990): 2016-09-09 20:18:51] 
[job(990): 2016-09-09 20:18:51] F = -22.3448
[job(990): 2016-09-09 20:18:51] final  value -22.344775 
[job(990): 2016-09-09 20:18:51] converged
[job(990): 2016-09-09 20:18:51] [Tune-x] 21: C=0.191; sigma=1.81e+03
[job(990): 2016-09-09 20:18:51] [Tune-y] 21: acc.test.mean=0.208; time: 0.0 min; memory: 117Mb use, 177Mb max
[job(990): 2016-09-09 20:18:51] 
[job(990): 2016-09-09 20:18:51] optimisation start
[job(990): 2016-09-09 20:18:51] ------------------
[job(990): 2016-09-09 20:18:51] * estimation method   : MLE 
[job(990): 2016-09-09 20:18:51] * optimisation method : BFGS 
[job(990): 2016-09-09 20:18:51] * analytical gradient : used
[job(990): 2016-09-09 20:18:51] * trend model : ~1
[job(990): 2016-09-09 20:18:51] * covariance model : 
[job(990): 2016-09-09 20:18:51]   - type :  matern5_2 
[job(990): 2016-09-09 20:18:51]   - nugget : NO
[job(990): 2016-09-09 20:18:51]   - parameters lower bounds :  1e-10 1e-10 
[job(990): 2016-09-09 20:18:51]   - parameters upper bounds :  45.83029 45.15428 
[job(990): 2016-09-09 20:18:51]   - best initial criterion value(s) :  -34.02404 
[job(990): 2016-09-09 20:18:51] 
[job(990): 2016-09-09 20:18:51] N = 2, M = 5 machine precision = 2.22045e-16
[job(990): 2016-09-09 20:18:51] At X0, 0 variables are exactly at the bounds
[job(990): 2016-09-09 20:18:51] At iterate     0  f=       34.024  |proj g|=      0.12105
[job(990): 2016-09-09 20:18:51] At iterate     1  f =      -23.956  |proj g|=             0
[job(990): 2016-09-09 20:18:51] 
[job(990): 2016-09-09 20:18:51] iterations 1
[job(990): 2016-09-09 20:18:51] function evaluations 2
[job(990): 2016-09-09 20:18:51] segments explored during Cauchy searches 2
[job(990): 2016-09-09 20:18:51] BFGS updates skipped 0
[job(990): 2016-09-09 20:18:51] active bounds at final generalized Cauchy point 1
[job(990): 2016-09-09 20:18:51] norm of the final projected gradient 0
[job(990): 2016-09-09 20:18:51] final function value -23.9557
[job(990): 2016-09-09 20:18:51] 
[job(990): 2016-09-09 20:18:51] F = -23.9557
[job(990): 2016-09-09 20:18:51] final  value -23.955742 
[job(990): 2016-09-09 20:18:51] converged
[job(990): 2016-09-09 20:18:51] [Tune-x] 22: C=0.0334; sigma=3.66e+03
[job(990): 2016-09-09 20:18:51] [Tune-y] 22: acc.test.mean=0.145; time: 0.0 min; memory: 117Mb use, 177Mb max
[job(990): 2016-09-09 20:18:51] 
[job(990): 2016-09-09 20:18:51] optimisation start
[job(990): 2016-09-09 20:18:51] ------------------
[job(990): 2016-09-09 20:18:51] * estimation method   : MLE 
[job(990): 2016-09-09 20:18:51] * optimisation method : BFGS 
[job(990): 2016-09-09 20:18:51] * analytical gradient : used
[job(990): 2016-09-09 20:18:51] * trend model : ~1
[job(990): 2016-09-09 20:18:51] * covariance model : 
[job(990): 2016-09-09 20:18:51]   - type :  matern5_2 
[job(990): 2016-09-09 20:18:51]   - nugget : NO
[job(990): 2016-09-09 20:18:51]   - parameters lower bounds :  1e-10 1e-10 
[job(990): 2016-09-09 20:18:51]   - parameters upper bounds :  45.83029 46.79741 
[job(990): 2016-09-09 20:18:51]   - best initial criterion value(s) :  6.413483 
[job(990): 2016-09-09 20:18:51] 
[job(990): 2016-09-09 20:18:51] N = 2, M = 5 machine precision = 2.22045e-16
[job(990): 2016-09-09 20:18:51] At X0, 0 variables are exactly at the bounds
[job(990): 2016-09-09 20:18:51] At iterate     0  f=      -6.4135  |proj g|=      0.12506
[job(990): 2016-09-09 20:18:51] At iterate     1  f =      -25.412  |proj g|=             0
[job(990): 2016-09-09 20:18:51] 
[job(990): 2016-09-09 20:18:51] iterations 1
[job(990): 2016-09-09 20:18:51] function evaluations 2
[job(990): 2016-09-09 20:18:51] segments explored during Cauchy searches 2
[job(990): 2016-09-09 20:18:51] BFGS updates skipped 0
[job(990): 2016-09-09 20:18:51] active bounds at final generalized Cauchy point 1
[job(990): 2016-09-09 20:18:51] norm of the final projected gradient 0
[job(990): 2016-09-09 20:18:51] final function value -25.4123
[job(990): 2016-09-09 20:18:51] 
[job(990): 2016-09-09 20:18:51] F = -25.4123
[job(990): 2016-09-09 20:18:51] final  value -25.412295 
[job(990): 2016-09-09 20:18:51] converged
[job(990): 2016-09-09 20:18:51] [Tune-x] 23: C=0.0373; sigma=0.0344
[job(990): 2016-09-09 20:18:51] [Tune-y] 23: acc.test.mean=0.219; time: 0.0 min; memory: 117Mb use, 185Mb max
[job(990): 2016-09-09 20:18:51] 
[job(990): 2016-09-09 20:18:51] optimisation start
[job(990): 2016-09-09 20:18:51] ------------------
[job(990): 2016-09-09 20:18:51] * estimation method   : MLE 
[job(990): 2016-09-09 20:18:51] * optimisation method : BFGS 
[job(990): 2016-09-09 20:18:51] * analytical gradient : used
[job(990): 2016-09-09 20:18:51] * trend model : ~1
[job(990): 2016-09-09 20:18:51] * covariance model : 
[job(990): 2016-09-09 20:18:51]   - type :  matern5_2 
[job(990): 2016-09-09 20:18:51]   - nugget : NO
[job(990): 2016-09-09 20:18:51]   - parameters lower bounds :  1e-10 1e-10 
[job(990): 2016-09-09 20:18:51]   - parameters upper bounds :  45.83029 46.79741 
[job(990): 2016-09-09 20:18:51]   - best initial criterion value(s) :  -22.88685 
[job(990): 2016-09-09 20:18:51] 
[job(990): 2016-09-09 20:18:51] N = 2, M = 5 machine precision = 2.22045e-16
[job(990): 2016-09-09 20:18:51] At X0, 0 variables are exactly at the bounds
[job(990): 2016-09-09 20:18:51] At iterate     0  f=       22.887  |proj g|=     0.064027
[job(990): 2016-09-09 20:18:51] At iterate     1  f =      -27.012  |proj g|=             0
[job(990): 2016-09-09 20:18:51] 
[job(990): 2016-09-09 20:18:51] iterations 1
[job(990): 2016-09-09 20:18:51] function evaluations 2
[job(990): 2016-09-09 20:18:51] segments explored during Cauchy searches 2
[job(990): 2016-09-09 20:18:51] BFGS updates skipped 0
[job(990): 2016-09-09 20:18:51] active bounds at final generalized Cauchy point 1
[job(990): 2016-09-09 20:18:51] norm of the final projected gradient 0
[job(990): 2016-09-09 20:18:51] final function value -27.0123
[job(990): 2016-09-09 20:18:51] 
[job(990): 2016-09-09 20:18:51] F = -27.0123
[job(990): 2016-09-09 20:18:51] final  value -27.012287 
[job(990): 2016-09-09 20:18:51] converged
[job(990): 2016-09-09 20:18:51] [Tune-x] 24: C=310; sigma=58.7
[job(990): 2016-09-09 20:18:51] [Tune-y] 24: acc.test.mean=0.125; time: 0.0 min; memory: 117Mb use, 185Mb max
[job(990): 2016-09-09 20:18:51] 
[job(990): 2016-09-09 20:18:51] optimisation start
[job(990): 2016-09-09 20:18:51] ------------------
[job(990): 2016-09-09 20:18:51] * estimation method   : MLE 
[job(990): 2016-09-09 20:18:51] * optimisation method : BFGS 
[job(990): 2016-09-09 20:18:51] * analytical gradient : used
[job(990): 2016-09-09 20:18:51] * trend model : ~1
[job(990): 2016-09-09 20:18:51] * covariance model : 
[job(990): 2016-09-09 20:18:51]   - type :  matern5_2 
[job(990): 2016-09-09 20:18:51]   - nugget : NO
[job(990): 2016-09-09 20:18:51]   - parameters lower bounds :  1e-10 1e-10 
[job(990): 2016-09-09 20:18:51]   - parameters upper bounds :  45.83029 46.79741 
[job(990): 2016-09-09 20:18:51]   - best initial criterion value(s) :  -68.95577 
[job(990): 2016-09-09 20:18:51] 
[job(990): 2016-09-09 20:18:51] N = 2, M = 5 machine precision = 2.22045e-16
[job(990): 2016-09-09 20:18:51] At X0, 0 variables are exactly at the bounds
[job(990): 2016-09-09 20:18:51] At iterate     0  f=       68.956  |proj g|=      0.52544
[job(990): 2016-09-09 20:18:51] At iterate     1  f =       68.699  |proj g|=       0.40692
[job(990): 2016-09-09 20:18:51] At iterate     2  f =       68.048  |proj g|=       0.20263
[job(990): 2016-09-09 20:18:51] At iterate     3  f =      -28.295  |proj g|=             0
[job(990): 2016-09-09 20:18:51] 
[job(990): 2016-09-09 20:18:51] iterations 3
[job(990): 2016-09-09 20:18:51] function evaluations 5
[job(990): 2016-09-09 20:18:51] segments explored during Cauchy searches 3
[job(990): 2016-09-09 20:18:51] BFGS updates skipped 0
[job(990): 2016-09-09 20:18:51] active bounds at final generalized Cauchy point 0
[job(990): 2016-09-09 20:18:51] norm of the final projected gradient 0
[job(990): 2016-09-09 20:18:51] final function value -28.2953
[job(990): 2016-09-09 20:18:51] 
[job(990): 2016-09-09 20:18:51] F = -28.2953
[job(990): 2016-09-09 20:18:51] final  value -28.295279 
[job(990): 2016-09-09 20:18:51] converged
[job(990): 2016-09-09 20:18:51] [Tune-x] 25: C=0.000467; sigma=0.0309
[job(990): 2016-09-09 20:18:51] [Tune-y] 25: acc.test.mean=0.197; time: 0.0 min; memory: 117Mb use, 185Mb max
[job(990): 2016-09-09 20:18:51] 
[job(990): 2016-09-09 20:18:51] optimisation start
[job(990): 2016-09-09 20:18:51] ------------------
[job(990): 2016-09-09 20:18:51] * estimation method   : MLE 
[job(990): 2016-09-09 20:18:51] * optimisation method : BFGS 
[job(990): 2016-09-09 20:18:51] * analytical gradient : used
[job(990): 2016-09-09 20:18:51] * trend model : ~1
[job(990): 2016-09-09 20:18:51] * covariance model : 
[job(990): 2016-09-09 20:18:51]   - type :  matern5_2 
[job(990): 2016-09-09 20:18:51]   - nugget : NO
[job(990): 2016-09-09 20:18:51]   - parameters lower bounds :  1e-10 1e-10 
[job(990): 2016-09-09 20:18:51]   - parameters upper bounds :  46.06766 46.79741 
[job(990): 2016-09-09 20:18:51]   - best initial criterion value(s) :  -66.51536 
[job(990): 2016-09-09 20:18:51] 
[job(990): 2016-09-09 20:18:51] N = 2, M = 5 machine precision = 2.22045e-16
[job(990): 2016-09-09 20:18:51] At X0, 0 variables are exactly at the bounds
[job(990): 2016-09-09 20:18:51] At iterate     0  f=       66.515  |proj g|=       0.9959
[job(990): 2016-09-09 20:18:51] At iterate     1  f =        65.47  |proj g|=        1.0713
[job(990): 2016-09-09 20:18:51] ys=-7.612e-02  -gs= 1.008e+00, BFGS update SKIPPED
[job(990): 2016-09-09 20:18:51] At iterate     2  f =       -29.98  |proj g|=             0
[job(990): 2016-09-09 20:18:51] 
[job(990): 2016-09-09 20:18:51] iterations 2
[job(990): 2016-09-09 20:18:51] function evaluations 5
[job(990): 2016-09-09 20:18:51] segments explored during Cauchy searches 2
[job(990): 2016-09-09 20:18:51] BFGS updates skipped 1
[job(990): 2016-09-09 20:18:51] active bounds at final generalized Cauchy point 0
[job(990): 2016-09-09 20:18:51] norm of the final projected gradient 0
[job(990): 2016-09-09 20:18:51] final function value -29.9797
[job(990): 2016-09-09 20:18:51] 
[job(990): 2016-09-09 20:18:51] F = -29.9797
[job(990): 2016-09-09 20:18:51] final  value -29.979711 
[job(990): 2016-09-09 20:18:51] converged
[job(990): 2016-09-09 20:18:51] [Tune-x] 26: C=0.00191; sigma=0.00114
[job(990): 2016-09-09 20:18:51] [Tune-y] 26: acc.test.mean=0.166; time: 0.0 min; memory: 117Mb use, 185Mb max
[job(990): 2016-09-09 20:18:51] 
[job(990): 2016-09-09 20:18:51] optimisation start
[job(990): 2016-09-09 20:18:51] ------------------
[job(990): 2016-09-09 20:18:51] * estimation method   : MLE 
[job(990): 2016-09-09 20:18:51] * optimisation method : BFGS 
[job(990): 2016-09-09 20:18:51] * analytical gradient : used
[job(990): 2016-09-09 20:18:51] * trend model : ~1
[job(990): 2016-09-09 20:18:51] * covariance model : 
[job(990): 2016-09-09 20:18:51]   - type :  matern5_2 
[job(990): 2016-09-09 20:18:51]   - nugget : NO
[job(990): 2016-09-09 20:18:51]   - parameters lower bounds :  1e-10 1e-10 
[job(990): 2016-09-09 20:18:51]   - parameters upper bounds :  46.06766 46.79741 
[job(990): 2016-09-09 20:18:51]   - best initial criterion value(s) :  -68.58038 
[job(990): 2016-09-09 20:18:51] 
[job(990): 2016-09-09 20:18:51] N = 2, M = 5 machine precision = 2.22045e-16
[job(990): 2016-09-09 20:18:51] At X0, 0 variables are exactly at the bounds
[job(990): 2016-09-09 20:18:51] At iterate     0  f=        68.58  |proj g|=      0.92021
[job(990): 2016-09-09 20:18:51] At iterate     1  f =       67.699  |proj g|=       0.97405
[job(990): 2016-09-09 20:18:51] ys=-4.975e-02  -gs= 8.564e-01, BFGS update SKIPPED
[job(990): 2016-09-09 20:18:51] At iterate     2  f =      -31.632  |proj g|=             0
[job(990): 2016-09-09 20:18:51] 
[job(990): 2016-09-09 20:18:51] iterations 2
[job(990): 2016-09-09 20:18:51] function evaluations 5
[job(990): 2016-09-09 20:18:51] segments explored during Cauchy searches 2
[job(990): 2016-09-09 20:18:51] BFGS updates skipped 1
[job(990): 2016-09-09 20:18:51] active bounds at final generalized Cauchy point 0
[job(990): 2016-09-09 20:18:51] norm of the final projected gradient 0
[job(990): 2016-09-09 20:18:51] final function value -31.6322
[job(990): 2016-09-09 20:18:51] 
[job(990): 2016-09-09 20:18:51] F = -31.6322
[job(990): 2016-09-09 20:18:51] final  value -31.632164 
[job(990): 2016-09-09 20:18:51] converged
[job(990): 2016-09-09 20:18:51] [Tune-x] 27: C=0.00488; sigma=0.000654
[job(990): 2016-09-09 20:18:51] [Tune-y] 27: acc.test.mean=0.156; time: 0.0 min; memory: 117Mb use, 185Mb max
[job(990): 2016-09-09 20:18:51] 
[job(990): 2016-09-09 20:18:51] optimisation start
[job(990): 2016-09-09 20:18:51] ------------------
[job(990): 2016-09-09 20:18:51] * estimation method   : MLE 
[job(990): 2016-09-09 20:18:51] * optimisation method : BFGS 
[job(990): 2016-09-09 20:18:51] * analytical gradient : used
[job(990): 2016-09-09 20:18:51] * trend model : ~1
[job(990): 2016-09-09 20:18:51] * covariance model : 
[job(990): 2016-09-09 20:18:51]   - type :  matern5_2 
[job(990): 2016-09-09 20:18:51]   - nugget : NO
[job(990): 2016-09-09 20:18:51]   - parameters lower bounds :  1e-10 1e-10 
[job(990): 2016-09-09 20:18:51]   - parameters upper bounds :  46.06766 46.79741 
[job(990): 2016-09-09 20:18:51]   - best initial criterion value(s) :  -13.21055 
[job(990): 2016-09-09 20:18:51] 
[job(990): 2016-09-09 20:18:51] N = 2, M = 5 machine precision = 2.22045e-16
[job(990): 2016-09-09 20:18:51] At X0, 0 variables are exactly at the bounds
[job(990): 2016-09-09 20:18:51] At iterate     0  f=       13.211  |proj g|=      0.37506
[job(990): 2016-09-09 20:18:51] At iterate     1  f =      -33.249  |proj g|=             0
[job(990): 2016-09-09 20:18:51] 
[job(990): 2016-09-09 20:18:51] iterations 1
[job(990): 2016-09-09 20:18:51] function evaluations 2
[job(990): 2016-09-09 20:18:51] segments explored during Cauchy searches 2
[job(990): 2016-09-09 20:18:51] BFGS updates skipped 0
[job(990): 2016-09-09 20:18:51] active bounds at final generalized Cauchy point 1
[job(990): 2016-09-09 20:18:51] norm of the final projected gradient 0
[job(990): 2016-09-09 20:18:51] final function value -33.2487
[job(990): 2016-09-09 20:18:51] 
[job(990): 2016-09-09 20:18:51] F = -33.2487
[job(990): 2016-09-09 20:18:51] final  value -33.248706 
[job(990): 2016-09-09 20:18:51] converged
[job(990): 2016-09-09 20:18:51] [Tune-x] 28: C=0.463; sigma=0.00703
[job(990): 2016-09-09 20:18:51] [Tune-y] 28: acc.test.mean=0.26; time: 0.0 min; memory: 117Mb use, 185Mb max
[job(990): 2016-09-09 20:18:51] 
[job(990): 2016-09-09 20:18:51] optimisation start
[job(990): 2016-09-09 20:18:51] ------------------
[job(990): 2016-09-09 20:18:51] * estimation method   : MLE 
[job(990): 2016-09-09 20:18:51] * optimisation method : BFGS 
[job(990): 2016-09-09 20:18:51] * analytical gradient : used
[job(990): 2016-09-09 20:18:51] * trend model : ~1
[job(990): 2016-09-09 20:18:51] * covariance model : 
[job(990): 2016-09-09 20:18:51]   - type :  matern5_2 
[job(990): 2016-09-09 20:18:51]   - nugget : NO
[job(990): 2016-09-09 20:18:51]   - parameters lower bounds :  1e-10 1e-10 
[job(990): 2016-09-09 20:18:51]   - parameters upper bounds :  46.06766 46.79741 
[job(990): 2016-09-09 20:18:51]   - best initial criterion value(s) :  -52.75703 
[job(990): 2016-09-09 20:18:51] 
[job(990): 2016-09-09 20:18:51] N = 2, M = 5 machine precision = 2.22045e-16
[job(990): 2016-09-09 20:18:51] At X0, 0 variables are exactly at the bounds
[job(990): 2016-09-09 20:18:51] At iterate     0  f=       52.757  |proj g|=       1.4711
[job(990): 2016-09-09 20:18:51] At iterate     1  f =      -34.481  |proj g|=             0
[job(990): 2016-09-09 20:18:51] 
[job(990): 2016-09-09 20:18:51] iterations 1
[job(990): 2016-09-09 20:18:51] function evaluations 2
[job(990): 2016-09-09 20:18:51] segments explored during Cauchy searches 2
[job(990): 2016-09-09 20:18:51] BFGS updates skipped 0
[job(990): 2016-09-09 20:18:51] active bounds at final generalized Cauchy point 1
[job(990): 2016-09-09 20:18:51] norm of the final projected gradient 0
[job(990): 2016-09-09 20:18:51] final function value -34.4814
[job(990): 2016-09-09 20:18:51] 
[job(990): 2016-09-09 20:18:51] F = -34.4814
[job(990): 2016-09-09 20:18:51] final  value -34.481370 
[job(990): 2016-09-09 20:18:51] converged
[job(990): 2016-09-09 20:18:51] [Tune] Result: C=2.47e+03; sigma=0.00121 : acc.test.mean=-0.415
[job(990): 2016-09-09 20:18:51] Job terminated successfully
[job(chunk): 2016-09-09 20:18:51] Calculation finished!
