[job(chunk): 2016-09-10 00:21:38] Starting calculation of 1 jobs
[job(chunk): 2016-09-10 00:21:38] Setting working directory to '/naslx/projects/pr74ze/ri89coc2/svm_comparison'
[job(chunk): 2016-09-10 00:21:38] Memory measurement disabled
[job(1009): 2016-09-10 00:21:41] Starting job with job.id=1009
[job(1009): 2016-09-10 00:24:36] Generating problem instance for problem '1466' ...
[job(1009): 2016-09-10 00:24:36] Data '1466' file 'description.xml' found in cache.
[job(1009): 2016-09-10 00:24:36] Data '1466' file 'dataset.arff' found in cache.
[job(1009): 2016-09-10 00:24:36] Loading required package: readr
[job(1009): 2016-09-10 00:24:36] Applying algorithm 'spoc-svc.tuned' on problem '1466' ...
[job(1009): 2016-09-10 00:24:36] Data '1466' file 'description.xml' found in cache.
[job(1009): 2016-09-10 00:24:36] Data '1466' file 'dataset.arff' found in cache.
[job(1009): 2016-09-10 00:24:36] [Tune] Started tuning learner spoc-svc for parameter set:
[job(1009): 2016-09-10 00:24:36]          Type len Def    Constr Req Tunable Trafo
[job(1009): 2016-09-10 00:24:36] C     numeric   -   - -12 to 12   -    TRUE     Y
[job(1009): 2016-09-10 00:24:36] sigma numeric   -   - -12 to 12   -    TRUE     Y
[job(1009): 2016-09-10 00:24:36] With control class: TuneControlMBO
[job(1009): 2016-09-10 00:24:36] Imputation value: -0
[job(1009): 2016-09-10 00:24:36] [Tune-x] 1: C=0.938; sigma=0.000602
[job(1009): 2016-09-10 00:24:36] [Tune-y] 1: acc.test.mean=0.999; time: 0.4 min; memory: 113Mb use, 152Mb max
[job(1009): 2016-09-10 00:24:36] [Tune-x] 2: C=135; sigma=1.69
[job(1009): 2016-09-10 00:24:36] [Tune-y] 2: acc.test.mean=0.997; time: 0.1 min; memory: 114Mb use, 159Mb max
[job(1009): 2016-09-10 00:24:36] [Tune-x] 3: C=0.0276; sigma=22.7
[job(1009): 2016-09-10 00:24:36] [Tune-y] 3: acc.test.mean=0.996; time: 0.1 min; memory: 114Mb use, 159Mb max
[job(1009): 2016-09-10 00:24:36] [Tune-x] 4: C=3.14; sigma=0.0277
[job(1009): 2016-09-10 00:24:36] [Tune-y] 4: acc.test.mean=0.998; time: 0.0 min; memory: 114Mb use, 159Mb max
[job(1009): 2016-09-10 00:24:36] [Tune-x] 5: C=8.14; sigma=276
[job(1009): 2016-09-10 00:24:36] [Tune-y] 5: acc.test.mean=0.585; time: 0.1 min; memory: 114Mb use, 159Mb max
[job(1009): 2016-09-10 00:24:36] [Tune-x] 6: C=0.000666; sigma=0.00444
[job(1009): 2016-09-10 00:24:36] [Tune-y] 6: acc.test.mean=   1; time: 0.0 min; memory: 114Mb use, 159Mb max
[job(1009): 2016-09-10 00:24:36] [Tune-x] 7: C=1.31e+03; sigma=0.879
[job(1009): 2016-09-10 00:24:36] [Tune-y] 7: acc.test.mean=0.995; time: 0.1 min; memory: 114Mb use, 159Mb max
[job(1009): 2016-09-10 00:24:36] [Tune-x] 8: C=0.00504; sigma=1.95e+03
[job(1009): 2016-09-10 00:24:36] [Tune-y] 8: acc.test.mean=0.271; time: 0.1 min; memory: 114Mb use, 159Mb max
[job(1009): 2016-09-10 00:24:36] 
[job(1009): 2016-09-10 00:24:36] optimisation start
[job(1009): 2016-09-10 00:24:36] ------------------
[job(1009): 2016-09-10 00:24:36] * estimation method   : MLE 
[job(1009): 2016-09-10 00:24:36] * optimisation method : BFGS 
[job(1009): 2016-09-10 00:24:36] * analytical gradient : used
[job(1009): 2016-09-10 00:24:36] * trend model : ~1
[job(1009): 2016-09-10 00:24:36] * covariance model : 
[job(1009): 2016-09-10 00:24:36]   - type :  matern5_2 
[job(1009): 2016-09-10 00:24:36]   - nugget : NO
[job(1009): 2016-09-10 00:24:36]   - parameters lower bounds :  1e-10 1e-10 
[job(1009): 2016-09-10 00:24:36]   - parameters upper bounds :  41.81244 43.25095 
[job(1009): 2016-09-10 00:24:36]   - best initial criterion value(s) :  2.412107 
[job(1009): 2016-09-10 00:24:36] 
[job(1009): 2016-09-10 00:24:36] N = 2, M = 5 machine precision = 2.22045e-16
[job(1009): 2016-09-10 00:24:36] At X0, 0 variables are exactly at the bounds
[job(1009): 2016-09-10 00:24:36] At iterate     0  f=      -2.4121  |proj g|=      0.26443
[job(1009): 2016-09-10 00:24:36] At iterate     1  f =      -2.4859  |proj g|=       0.26213
[job(1009): 2016-09-10 00:24:36] At iterate     2  f =      -3.1615  |proj g|=       0.13624
[job(1009): 2016-09-10 00:24:36] Nonpositive definiteness in Cholesky factorization in formk;
[job(1009): 2016-09-10 00:24:36]    refresh the lbfgs memory and restart the iteration.
[job(1009): 2016-09-10 00:24:36] At iterate     3  f =      -3.1817  |proj g|=       0.11914
[job(1009): 2016-09-10 00:24:36] At iterate     4  f =      -3.2498  |proj g|=       0.08471
[job(1009): 2016-09-10 00:24:36] At iterate     5  f =      -3.2693  |proj g|=      0.043344
[job(1009): 2016-09-10 00:24:36] At iterate     6  f =      -3.2982  |proj g|=      0.044009
[job(1009): 2016-09-10 00:24:36] At iterate     7  f =      -3.4392  |proj g|=      0.092155
[job(1009): 2016-09-10 00:24:36] At iterate     8  f =      -3.4539  |proj g|=      0.063771
[job(1009): 2016-09-10 00:24:36] At iterate     9  f =      -3.4654  |proj g|=      0.012675
[job(1009): 2016-09-10 00:24:36] At iterate    10  f =      -3.4657  |proj g|=     0.0012663
[job(1009): 2016-09-10 00:24:36] At iterate    11  f =      -3.4658  |proj g|=    2.1224e-05
[job(1009): 2016-09-10 00:24:36] At iterate    12  f =      -3.4658  |proj g|=    3.6661e-08
[job(1009): 2016-09-10 00:24:36] 
[job(1009): 2016-09-10 00:24:36] iterations 12
[job(1009): 2016-09-10 00:24:36] function evaluations 16
[job(1009): 2016-09-10 00:24:36] segments explored during Cauchy searches 14
[job(1009): 2016-09-10 00:24:36] BFGS updates skipped 0
[job(1009): 2016-09-10 00:24:36] active bounds at final generalized Cauchy point 1
[job(1009): 2016-09-10 00:24:36] norm of the final projected gradient 3.66611e-08
[job(1009): 2016-09-10 00:24:36] final function value -3.46575
[job(1009): 2016-09-10 00:24:36] 
[job(1009): 2016-09-10 00:24:36] F = -3.46575
[job(1009): 2016-09-10 00:24:36] final  value -3.465754 
[job(1009): 2016-09-10 00:24:36] converged
[job(1009): 2016-09-10 00:24:36] [Tune-x] 9: C=0.000527; sigma=7.33
[job(1009): 2016-09-10 00:24:36] [Tune-y] 9: acc.test.mean=0.995; time: 0.1 min; memory: 117Mb use, 188Mb max
[job(1009): 2016-09-10 00:24:36] 
[job(1009): 2016-09-10 00:24:36] optimisation start
[job(1009): 2016-09-10 00:24:36] ------------------
[job(1009): 2016-09-10 00:24:36] * estimation method   : MLE 
[job(1009): 2016-09-10 00:24:36] * optimisation method : BFGS 
[job(1009): 2016-09-10 00:24:36] * analytical gradient : used
[job(1009): 2016-09-10 00:24:36] * trend model : ~1
[job(1009): 2016-09-10 00:24:36] * covariance model : 
[job(1009): 2016-09-10 00:24:36]   - type :  matern5_2 
[job(1009): 2016-09-10 00:24:36]   - nugget : NO
[job(1009): 2016-09-10 00:24:36]   - parameters lower bounds :  1e-10 1e-10 
[job(1009): 2016-09-10 00:24:36]   - parameters upper bounds :  42.48626 43.25095 
[job(1009): 2016-09-10 00:24:36]   - best initial criterion value(s) :  2.363586 
[job(1009): 2016-09-10 00:24:36] 
[job(1009): 2016-09-10 00:24:36] N = 2, M = 5 machine precision = 2.22045e-16
[job(1009): 2016-09-10 00:24:36] At X0, 0 variables are exactly at the bounds
[job(1009): 2016-09-10 00:24:36] At iterate     0  f=      -2.3636  |proj g|=      0.28388
[job(1009): 2016-09-10 00:24:36] At iterate     1  f =      -2.4482  |proj g|=       0.29574
[job(1009): 2016-09-10 00:24:36] ys=-3.511e-03  -gs= 8.289e-02, BFGS update SKIPPED
[job(1009): 2016-09-10 00:24:36] At iterate     2  f =      -4.4038  |proj g|=      0.074409
[job(1009): 2016-09-10 00:24:36] At iterate     3  f =      -4.4345  |proj g|=      0.072824
[job(1009): 2016-09-10 00:24:36] At iterate     4  f =      -4.9728  |proj g|=      0.059076
[job(1009): 2016-09-10 00:24:36] At iterate     5  f =      -5.0612  |proj g|=      0.034566
[job(1009): 2016-09-10 00:24:36] At iterate     6  f =      -5.0631  |proj g|=    0.00024333
[job(1009): 2016-09-10 00:24:36] At iterate     7  f =      -5.0631  |proj g|=    5.2166e-06
[job(1009): 2016-09-10 00:24:36] At iterate     8  f =      -5.0631  |proj g|=    8.2545e-10
[job(1009): 2016-09-10 00:24:36] 
[job(1009): 2016-09-10 00:24:36] iterations 8
[job(1009): 2016-09-10 00:24:36] function evaluations 13
[job(1009): 2016-09-10 00:24:36] segments explored during Cauchy searches 8
[job(1009): 2016-09-10 00:24:36] BFGS updates skipped 1
[job(1009): 2016-09-10 00:24:36] active bounds at final generalized Cauchy point 1
[job(1009): 2016-09-10 00:24:36] norm of the final projected gradient 8.25449e-10
[job(1009): 2016-09-10 00:24:36] final function value -5.06308
[job(1009): 2016-09-10 00:24:36] 
[job(1009): 2016-09-10 00:24:36] F = -5.06308
[job(1009): 2016-09-10 00:24:36] final  value -5.063084 
[job(1009): 2016-09-10 00:24:36] converged
[job(1009): 2016-09-10 00:24:36] [Tune-x] 10: C=6.36; sigma=10.4
[job(1009): 2016-09-10 00:24:36] [Tune-y] 10: acc.test.mean=0.997; time: 0.1 min; memory: 117Mb use, 190Mb max
[job(1009): 2016-09-10 00:24:36] 
[job(1009): 2016-09-10 00:24:36] optimisation start
[job(1009): 2016-09-10 00:24:36] ------------------
[job(1009): 2016-09-10 00:24:36] * estimation method   : MLE 
[job(1009): 2016-09-10 00:24:36] * optimisation method : BFGS 
[job(1009): 2016-09-10 00:24:36] * analytical gradient : used
[job(1009): 2016-09-10 00:24:36] * trend model : ~1
[job(1009): 2016-09-10 00:24:36] * covariance model : 
[job(1009): 2016-09-10 00:24:36]   - type :  matern5_2 
[job(1009): 2016-09-10 00:24:36]   - nugget : NO
[job(1009): 2016-09-10 00:24:36]   - parameters lower bounds :  1e-10 1e-10 
[job(1009): 2016-09-10 00:24:36]   - parameters upper bounds :  42.48626 43.25095 
[job(1009): 2016-09-10 00:24:36]   - best initial criterion value(s) :  5.434219 
[job(1009): 2016-09-10 00:24:36] 
[job(1009): 2016-09-10 00:24:36] N = 2, M = 5 machine precision = 2.22045e-16
[job(1009): 2016-09-10 00:24:36] At X0, 0 variables are exactly at the bounds
[job(1009): 2016-09-10 00:24:36] At iterate     0  f=      -5.4342  |proj g|=      0.21245
[job(1009): 2016-09-10 00:24:36] At iterate     1  f =      -5.4907  |proj g|=       0.20856
[job(1009): 2016-09-10 00:24:36] At iterate     2  f =      -6.1449  |proj g|=      0.088863
[job(1009): 2016-09-10 00:24:36] At iterate     3  f =      -6.5742  |proj g|=       0.15967
[job(1009): 2016-09-10 00:24:36] At iterate     4  f =      -7.0648  |proj g|=       0.14744
[job(1009): 2016-09-10 00:24:36] At iterate     5  f =      -7.1205  |proj g|=      0.046276
[job(1009): 2016-09-10 00:24:36] At iterate     6  f =      -7.1249  |proj g|=      0.012831
[job(1009): 2016-09-10 00:24:36] At iterate     7  f =      -7.1253  |proj g|=    0.00075749
[job(1009): 2016-09-10 00:24:36] At iterate     8  f =      -7.1253  |proj g|=    1.1328e-05
[job(1009): 2016-09-10 00:24:36] At iterate     9  f =      -7.1253  |proj g|=    1.0244e-08
[job(1009): 2016-09-10 00:24:36] 
[job(1009): 2016-09-10 00:24:36] iterations 9
[job(1009): 2016-09-10 00:24:36] function evaluations 13
[job(1009): 2016-09-10 00:24:36] segments explored during Cauchy searches 10
[job(1009): 2016-09-10 00:24:36] BFGS updates skipped 0
[job(1009): 2016-09-10 00:24:36] active bounds at final generalized Cauchy point 1
[job(1009): 2016-09-10 00:24:36] norm of the final projected gradient 1.02442e-08
[job(1009): 2016-09-10 00:24:36] final function value -7.12528
[job(1009): 2016-09-10 00:24:36] 
[job(1009): 2016-09-10 00:24:36] F = -7.12528
[job(1009): 2016-09-10 00:24:36] final  value -7.125278 
[job(1009): 2016-09-10 00:24:36] converged
[job(1009): 2016-09-10 00:24:36] [Tune-x] 11: C=0.547; sigma=0.00262
[job(1009): 2016-09-10 00:24:36] [Tune-y] 11: acc.test.mean=0.999; time: 0.1 min; memory: 117Mb use, 190Mb max
[job(1009): 2016-09-10 00:24:36] 
[job(1009): 2016-09-10 00:24:36] optimisation start
[job(1009): 2016-09-10 00:24:36] ------------------
[job(1009): 2016-09-10 00:24:36] * estimation method   : MLE 
[job(1009): 2016-09-10 00:24:36] * optimisation method : BFGS 
[job(1009): 2016-09-10 00:24:36] * analytical gradient : used
[job(1009): 2016-09-10 00:24:36] * trend model : ~1
[job(1009): 2016-09-10 00:24:36] * covariance model : 
[job(1009): 2016-09-10 00:24:36]   - type :  matern5_2 
[job(1009): 2016-09-10 00:24:36]   - nugget : NO
[job(1009): 2016-09-10 00:24:36]   - parameters lower bounds :  1e-10 1e-10 
[job(1009): 2016-09-10 00:24:36]   - parameters upper bounds :  42.48626 43.25095 
[job(1009): 2016-09-10 00:24:36]   - best initial criterion value(s) :  7.953669 
[job(1009): 2016-09-10 00:24:36] 
[job(1009): 2016-09-10 00:24:36] N = 2, M = 5 machine precision = 2.22045e-16
[job(1009): 2016-09-10 00:24:36] At X0, 0 variables are exactly at the bounds
[job(1009): 2016-09-10 00:24:36] At iterate     0  f=      -7.9537  |proj g|=      0.10118
[job(1009): 2016-09-10 00:24:36] At iterate     1  f =      -7.9738  |proj g|=       0.10128
[job(1009): 2016-09-10 00:24:36] At iterate     2  f =      -8.3099  |proj g|=       0.10486
[job(1009): 2016-09-10 00:24:36] At iterate     3  f =      -8.5759  |proj g|=       0.22653
[job(1009): 2016-09-10 00:24:36] At iterate     4  f =      -9.2421  |proj g|=      0.061555
[job(1009): 2016-09-10 00:24:36] At iterate     5  f =      -9.2497  |proj g|=      0.015546
[job(1009): 2016-09-10 00:24:36] At iterate     6  f =      -9.2502  |proj g|=     0.0012443
[job(1009): 2016-09-10 00:24:36] At iterate     7  f =      -9.2502  |proj g|=    2.8521e-05
[job(1009): 2016-09-10 00:24:36] At iterate     8  f =      -9.2502  |proj g|=    5.4188e-08
[job(1009): 2016-09-10 00:24:36] 
[job(1009): 2016-09-10 00:24:36] iterations 8
[job(1009): 2016-09-10 00:24:36] function evaluations 10
[job(1009): 2016-09-10 00:24:36] segments explored during Cauchy searches 8
[job(1009): 2016-09-10 00:24:36] BFGS updates skipped 0
[job(1009): 2016-09-10 00:24:36] active bounds at final generalized Cauchy point 1
[job(1009): 2016-09-10 00:24:36] norm of the final projected gradient 5.41878e-08
[job(1009): 2016-09-10 00:24:36] final function value -9.25024
[job(1009): 2016-09-10 00:24:36] 
[job(1009): 2016-09-10 00:24:36] F = -9.25024
[job(1009): 2016-09-10 00:24:36] final  value -9.250239 
[job(1009): 2016-09-10 00:24:36] converged
[job(1009): 2016-09-10 00:24:36] [Tune-x] 12: C=0.0299; sigma=12.2
[job(1009): 2016-09-10 00:24:36] [Tune-y] 12: acc.test.mean=0.994; time: 0.1 min; memory: 117Mb use, 190Mb max
[job(1009): 2016-09-10 00:24:36] 
[job(1009): 2016-09-10 00:24:36] optimisation start
[job(1009): 2016-09-10 00:24:36] ------------------
[job(1009): 2016-09-10 00:24:36] * estimation method   : MLE 
[job(1009): 2016-09-10 00:24:36] * optimisation method : BFGS 
[job(1009): 2016-09-10 00:24:36] * analytical gradient : used
[job(1009): 2016-09-10 00:24:36] * trend model : ~1
[job(1009): 2016-09-10 00:24:36] * covariance model : 
[job(1009): 2016-09-10 00:24:36]   - type :  matern5_2 
[job(1009): 2016-09-10 00:24:36]   - nugget : NO
[job(1009): 2016-09-10 00:24:36]   - parameters lower bounds :  1e-10 1e-10 
[job(1009): 2016-09-10 00:24:36]   - parameters upper bounds :  42.48626 43.25095 
[job(1009): 2016-09-10 00:24:36]   - best initial criterion value(s) :  10.86489 
[job(1009): 2016-09-10 00:24:36] 
[job(1009): 2016-09-10 00:24:36] N = 2, M = 5 machine precision = 2.22045e-16
[job(1009): 2016-09-10 00:24:36] At X0, 0 variables are exactly at the bounds
[job(1009): 2016-09-10 00:24:36] At iterate     0  f=      -10.865  |proj g|=      0.22679
[job(1009): 2016-09-10 00:24:36] At iterate     1  f =      -10.923  |proj g|=       0.14383
[job(1009): 2016-09-10 00:24:36] At iterate     2  f =      -11.021  |proj g|=       0.12427
[job(1009): 2016-09-10 00:24:36] At iterate     3  f =      -11.288  |proj g|=       0.26174
[job(1009): 2016-09-10 00:24:36] At iterate     4  f =      -11.971  |proj g|=       0.15797
[job(1009): 2016-09-10 00:24:36] At iterate     5  f =      -11.992  |proj g|=      0.034956
[job(1009): 2016-09-10 00:24:36] At iterate     6  f =      -11.994  |proj g|=     0.0027042
[job(1009): 2016-09-10 00:24:36] At iterate     7  f =      -11.994  |proj g|=    5.3069e-05
[job(1009): 2016-09-10 00:24:36] At iterate     8  f =      -11.994  |proj g|=    8.3312e-08
[job(1009): 2016-09-10 00:24:36] 
[job(1009): 2016-09-10 00:24:36] iterations 8
[job(1009): 2016-09-10 00:24:36] function evaluations 10
[job(1009): 2016-09-10 00:24:36] segments explored during Cauchy searches 8
[job(1009): 2016-09-10 00:24:36] BFGS updates skipped 0
[job(1009): 2016-09-10 00:24:36] active bounds at final generalized Cauchy point 1
[job(1009): 2016-09-10 00:24:36] norm of the final projected gradient 8.33117e-08
[job(1009): 2016-09-10 00:24:36] final function value -11.9937
[job(1009): 2016-09-10 00:24:36] 
[job(1009): 2016-09-10 00:24:36] F = -11.9937
[job(1009): 2016-09-10 00:24:36] final  value -11.993715 
[job(1009): 2016-09-10 00:24:36] converged
[job(1009): 2016-09-10 00:24:36] [Tune-x] 13: C=3.05e+03; sigma=16
[job(1009): 2016-09-10 00:24:36] [Tune-y] 13: acc.test.mean=0.996; time: 0.1 min; memory: 117Mb use, 190Mb max
[job(1009): 2016-09-10 00:24:36] 
[job(1009): 2016-09-10 00:24:36] optimisation start
[job(1009): 2016-09-10 00:24:36] ------------------
[job(1009): 2016-09-10 00:24:36] * estimation method   : MLE 
[job(1009): 2016-09-10 00:24:36] * optimisation method : BFGS 
[job(1009): 2016-09-10 00:24:36] * analytical gradient : used
[job(1009): 2016-09-10 00:24:36] * trend model : ~1
[job(1009): 2016-09-10 00:24:36] * covariance model : 
[job(1009): 2016-09-10 00:24:36]   - type :  matern5_2 
[job(1009): 2016-09-10 00:24:36]   - nugget : NO
[job(1009): 2016-09-10 00:24:36]   - parameters lower bounds :  1e-10 1e-10 
[job(1009): 2016-09-10 00:24:36]   - parameters upper bounds :  44.9243 43.25095 
[job(1009): 2016-09-10 00:24:36]   - best initial criterion value(s) :  11.69224 
[job(1009): 2016-09-10 00:24:36] 
[job(1009): 2016-09-10 00:24:36] N = 2, M = 5 machine precision = 2.22045e-16
[job(1009): 2016-09-10 00:24:36] At X0, 0 variables are exactly at the bounds
[job(1009): 2016-09-10 00:24:36] At iterate     0  f=      -11.692  |proj g|=      0.51609
[job(1009): 2016-09-10 00:24:36] At iterate     1  f =      -11.976  |proj g|=       0.38679
[job(1009): 2016-09-10 00:24:36] At iterate     2  f =      -12.209  |proj g|=       0.67401
[job(1009): 2016-09-10 00:24:36] At iterate     3  f =      -12.462  |proj g|=       0.18729
[job(1009): 2016-09-10 00:24:36] At iterate     4  f =      -13.004  |proj g|=       0.16169
[job(1009): 2016-09-10 00:24:36] At iterate     5  f =      -14.697  |proj g|=       0.11396
[job(1009): 2016-09-10 00:24:36] At iterate     6  f =      -14.709  |proj g|=      0.039946
[job(1009): 2016-09-10 00:24:36] At iterate     7  f =       -14.71  |proj g|=     0.0030747
[job(1009): 2016-09-10 00:24:36] At iterate     8  f =       -14.71  |proj g|=    7.4023e-05
[job(1009): 2016-09-10 00:24:36] At iterate     9  f =       -14.71  |proj g|=    1.3224e-07
[job(1009): 2016-09-10 00:24:36] 
[job(1009): 2016-09-10 00:24:36] iterations 9
[job(1009): 2016-09-10 00:24:36] function evaluations 11
[job(1009): 2016-09-10 00:24:36] segments explored during Cauchy searches 9
[job(1009): 2016-09-10 00:24:36] BFGS updates skipped 0
[job(1009): 2016-09-10 00:24:36] active bounds at final generalized Cauchy point 1
[job(1009): 2016-09-10 00:24:36] norm of the final projected gradient 1.32243e-07
[job(1009): 2016-09-10 00:24:36] final function value -14.7102
[job(1009): 2016-09-10 00:24:36] 
[job(1009): 2016-09-10 00:24:36] F = -14.7102
[job(1009): 2016-09-10 00:24:36] final  value -14.710168 
[job(1009): 2016-09-10 00:24:36] converged
[job(1009): 2016-09-10 00:24:36] [Tune-x] 14: C=0.0212; sigma=0.00108
[job(1009): 2016-09-10 00:24:36] [Tune-y] 14: acc.test.mean=0.999; time: 0.1 min; memory: 117Mb use, 190Mb max
[job(1009): 2016-09-10 00:24:36] 
[job(1009): 2016-09-10 00:24:36] optimisation start
[job(1009): 2016-09-10 00:24:36] ------------------
[job(1009): 2016-09-10 00:24:36] * estimation method   : MLE 
[job(1009): 2016-09-10 00:24:36] * optimisation method : BFGS 
[job(1009): 2016-09-10 00:24:36] * analytical gradient : used
[job(1009): 2016-09-10 00:24:36] * trend model : ~1
[job(1009): 2016-09-10 00:24:36] * covariance model : 
[job(1009): 2016-09-10 00:24:36]   - type :  matern5_2 
[job(1009): 2016-09-10 00:24:36]   - nugget : NO
[job(1009): 2016-09-10 00:24:36]   - parameters lower bounds :  1e-10 1e-10 
[job(1009): 2016-09-10 00:24:36]   - parameters upper bounds :  44.9243 43.25095 
[job(1009): 2016-09-10 00:24:36]   - best initial criterion value(s) :  17.17489 
[job(1009): 2016-09-10 00:24:36] 
[job(1009): 2016-09-10 00:24:36] N = 2, M = 5 machine precision = 2.22045e-16
[job(1009): 2016-09-10 00:24:36] At X0, 0 variables are exactly at the bounds
[job(1009): 2016-09-10 00:24:36] At iterate     0  f=      -17.175  |proj g|=      0.18557
[job(1009): 2016-09-10 00:24:36] At iterate     1  f =      -17.215  |proj g|=       0.11565
[job(1009): 2016-09-10 00:24:36] At iterate     2  f =      -17.284  |proj g|=       0.11091
[job(1009): 2016-09-10 00:24:36] At iterate     3  f =      -17.344  |proj g|=       0.17768
[job(1009): 2016-09-10 00:24:36] At iterate     4  f =      -17.451  |proj g|=       0.13172
[job(1009): 2016-09-10 00:24:36] At iterate     5  f =      -17.466  |proj g|=      0.018716
[job(1009): 2016-09-10 00:24:36] At iterate     6  f =      -17.466  |proj g|=     0.0012653
[job(1009): 2016-09-10 00:24:36] At iterate     7  f =      -17.466  |proj g|=    1.3481e-05
[job(1009): 2016-09-10 00:24:36] At iterate     8  f =      -17.466  |proj g|=    9.8639e-09
[job(1009): 2016-09-10 00:24:36] 
[job(1009): 2016-09-10 00:24:36] iterations 8
[job(1009): 2016-09-10 00:24:36] function evaluations 9
[job(1009): 2016-09-10 00:24:36] segments explored during Cauchy searches 8
[job(1009): 2016-09-10 00:24:36] BFGS updates skipped 0
[job(1009): 2016-09-10 00:24:36] active bounds at final generalized Cauchy point 1
[job(1009): 2016-09-10 00:24:36] norm of the final projected gradient 9.86391e-09
[job(1009): 2016-09-10 00:24:36] final function value -17.466
[job(1009): 2016-09-10 00:24:36] 
[job(1009): 2016-09-10 00:24:36] F = -17.466
[job(1009): 2016-09-10 00:24:36] final  value -17.466015 
[job(1009): 2016-09-10 00:24:36] converged
[job(1009): 2016-09-10 00:24:36] [Tune-x] 15: C=0.000244; sigma=19.4
[job(1009): 2016-09-10 00:24:36] [Tune-y] 15: acc.test.mean=0.997; time: 0.1 min; memory: 117Mb use, 190Mb max
[job(1009): 2016-09-10 00:24:36] 
[job(1009): 2016-09-10 00:24:36] optimisation start
[job(1009): 2016-09-10 00:24:36] ------------------
[job(1009): 2016-09-10 00:24:36] * estimation method   : MLE 
[job(1009): 2016-09-10 00:24:36] * optimisation method : BFGS 
[job(1009): 2016-09-10 00:24:36] * analytical gradient : used
[job(1009): 2016-09-10 00:24:36] * trend model : ~1
[job(1009): 2016-09-10 00:24:36] * covariance model : 
[job(1009): 2016-09-10 00:24:36]   - type :  matern5_2 
[job(1009): 2016-09-10 00:24:36]   - nugget : NO
[job(1009): 2016-09-10 00:24:36]   - parameters lower bounds :  1e-10 1e-10 
[job(1009): 2016-09-10 00:24:36]   - parameters upper bounds :  47.14681 43.25095 
[job(1009): 2016-09-10 00:24:36]   - best initial criterion value(s) :  15.46093 
[job(1009): 2016-09-10 00:24:36] 
[job(1009): 2016-09-10 00:24:36] N = 2, M = 5 machine precision = 2.22045e-16
[job(1009): 2016-09-10 00:24:36] At X0, 0 variables are exactly at the bounds
[job(1009): 2016-09-10 00:24:36] At iterate     0  f=      -15.461  |proj g|=      0.99375
[job(1009): 2016-09-10 00:24:36] At iterate     1  f =      -16.494  |proj g|=        1.0092
[job(1009): 2016-09-10 00:24:36] ys=-1.818e-02  -gs= 1.019e+00, BFGS update SKIPPED
[job(1009): 2016-09-10 00:24:36] At iterate     2  f =      -18.819  |proj g|=       0.19906
[job(1009): 2016-09-10 00:24:36] At iterate     3  f =      -18.923  |proj g|=       0.31469
[job(1009): 2016-09-10 00:24:36] At iterate     4  f =       -20.08  |proj g|=       0.15007
[job(1009): 2016-09-10 00:24:36] At iterate     5  f =      -20.877  |proj g|=       0.16074
[job(1009): 2016-09-10 00:24:36] At iterate     6  f =      -20.894  |proj g|=      0.030192
[job(1009): 2016-09-10 00:24:36] At iterate     7  f =      -20.895  |proj g|=     0.0013362
[job(1009): 2016-09-10 00:24:36] At iterate     8  f =      -20.895  |proj g|=    1.0189e-05
[job(1009): 2016-09-10 00:24:36] At iterate     9  f =      -20.895  |proj g|=    3.3867e-09
[job(1009): 2016-09-10 00:24:36] 
[job(1009): 2016-09-10 00:24:36] iterations 9
[job(1009): 2016-09-10 00:24:36] function evaluations 13
[job(1009): 2016-09-10 00:24:36] segments explored during Cauchy searches 9
[job(1009): 2016-09-10 00:24:36] BFGS updates skipped 1
[job(1009): 2016-09-10 00:24:36] active bounds at final generalized Cauchy point 1
[job(1009): 2016-09-10 00:24:36] norm of the final projected gradient 3.38668e-09
[job(1009): 2016-09-10 00:24:36] final function value -20.8947
[job(1009): 2016-09-10 00:24:36] 
[job(1009): 2016-09-10 00:24:36] F = -20.8947
[job(1009): 2016-09-10 00:24:36] final  value -20.894659 
[job(1009): 2016-09-10 00:24:36] converged
[job(1009): 2016-09-10 00:24:36] [Tune-x] 16: C=0.000244; sigma=0.528
[job(1009): 2016-09-10 00:24:36] [Tune-y] 16: acc.test.mean=0.995; time: 0.1 min; memory: 117Mb use, 190Mb max
[job(1009): 2016-09-10 00:24:36] 
[job(1009): 2016-09-10 00:24:36] optimisation start
[job(1009): 2016-09-10 00:24:36] ------------------
[job(1009): 2016-09-10 00:24:36] * estimation method   : MLE 
[job(1009): 2016-09-10 00:24:36] * optimisation method : BFGS 
[job(1009): 2016-09-10 00:24:36] * analytical gradient : used
[job(1009): 2016-09-10 00:24:36] * trend model : ~1
[job(1009): 2016-09-10 00:24:36] * covariance model : 
[job(1009): 2016-09-10 00:24:36]   - type :  matern5_2 
[job(1009): 2016-09-10 00:24:36]   - nugget : NO
[job(1009): 2016-09-10 00:24:36]   - parameters lower bounds :  1e-10 1e-10 
[job(1009): 2016-09-10 00:24:36]   - parameters upper bounds :  47.14681 43.25095 
[job(1009): 2016-09-10 00:24:36]   - best initial criterion value(s) :  18.30916 
[job(1009): 2016-09-10 00:24:36] 
[job(1009): 2016-09-10 00:24:36] N = 2, M = 5 machine precision = 2.22045e-16
[job(1009): 2016-09-10 00:24:36] At X0, 0 variables are exactly at the bounds
[job(1009): 2016-09-10 00:24:36] At iterate     0  f=      -18.309  |proj g|=        1.033
[job(1009): 2016-09-10 00:24:36] At iterate     1  f =      -19.403  |proj g|=        1.0193
[job(1009): 2016-09-10 00:24:36] At iterate     2  f =      -21.504  |proj g|=       0.42279
[job(1009): 2016-09-10 00:24:36] At iterate     3  f =      -22.077  |proj g|=        0.3191
[job(1009): 2016-09-10 00:24:36] At iterate     4  f =       -22.62  |proj g|=      0.077306
[job(1009): 2016-09-10 00:24:36] At iterate     5  f =      -22.623  |proj g|=       0.01236
[job(1009): 2016-09-10 00:24:36] At iterate     6  f =      -22.623  |proj g|=    0.00023202
[job(1009): 2016-09-10 00:24:36] At iterate     7  f =      -22.623  |proj g|=    7.2503e-07
[job(1009): 2016-09-10 00:24:36] 
[job(1009): 2016-09-10 00:24:36] iterations 7
[job(1009): 2016-09-10 00:24:36] function evaluations 12
[job(1009): 2016-09-10 00:24:36] segments explored during Cauchy searches 8
[job(1009): 2016-09-10 00:24:36] BFGS updates skipped 0
[job(1009): 2016-09-10 00:24:36] active bounds at final generalized Cauchy point 1
[job(1009): 2016-09-10 00:24:36] norm of the final projected gradient 7.25027e-07
[job(1009): 2016-09-10 00:24:36] final function value -22.6235
[job(1009): 2016-09-10 00:24:36] 
[job(1009): 2016-09-10 00:24:36] F = -22.6235
[job(1009): 2016-09-10 00:24:36] final  value -22.623493 
[job(1009): 2016-09-10 00:24:36] converged
[job(1009): 2016-09-10 00:24:36] [Tune-x] 17: C=0.0123; sigma=0.00901
[job(1009): 2016-09-10 00:24:36] [Tune-y] 17: acc.test.mean=0.999; time: 0.1 min; memory: 117Mb use, 190Mb max
[job(1009): 2016-09-10 00:24:36] 
[job(1009): 2016-09-10 00:24:36] optimisation start
[job(1009): 2016-09-10 00:24:36] ------------------
[job(1009): 2016-09-10 00:24:36] * estimation method   : MLE 
[job(1009): 2016-09-10 00:24:36] * optimisation method : BFGS 
[job(1009): 2016-09-10 00:24:36] * analytical gradient : used
[job(1009): 2016-09-10 00:24:36] * trend model : ~1
[job(1009): 2016-09-10 00:24:36] * covariance model : 
[job(1009): 2016-09-10 00:24:36]   - type :  matern5_2 
[job(1009): 2016-09-10 00:24:36]   - nugget : NO
[job(1009): 2016-09-10 00:24:36]   - parameters lower bounds :  1e-10 1e-10 
[job(1009): 2016-09-10 00:24:36]   - parameters upper bounds :  47.14681 43.25095 
[job(1009): 2016-09-10 00:24:36]   - best initial criterion value(s) :  25.1707 
[job(1009): 2016-09-10 00:24:36] 
[job(1009): 2016-09-10 00:24:36] N = 2, M = 5 machine precision = 2.22045e-16
[job(1009): 2016-09-10 00:24:36] At X0, 0 variables are exactly at the bounds
[job(1009): 2016-09-10 00:24:36] At iterate     0  f=      -25.171  |proj g|=      0.64381
[job(1009): 2016-09-10 00:24:36] At iterate     1  f =      -25.399  |proj g|=       0.16439
[job(1009): 2016-09-10 00:24:36] At iterate     2  f =      -25.528  |proj g|=       0.20828
[job(1009): 2016-09-10 00:24:36] At iterate     3  f =      -25.758  |proj g|=        0.2931
[job(1009): 2016-09-10 00:24:36] At iterate     4  f =      -25.799  |proj g|=       0.15719
[job(1009): 2016-09-10 00:24:36] At iterate     5  f =      -25.814  |proj g|=      0.015088
[job(1009): 2016-09-10 00:24:36] At iterate     6  f =      -25.814  |proj g|=    0.00064857
[job(1009): 2016-09-10 00:24:36] At iterate     7  f =      -25.814  |proj g|=    2.4595e-06
[job(1009): 2016-09-10 00:24:36] At iterate     8  f =      -25.814  |proj g|=    4.0348e-10
[job(1009): 2016-09-10 00:24:36] 
[job(1009): 2016-09-10 00:24:36] iterations 8
[job(1009): 2016-09-10 00:24:36] function evaluations 10
[job(1009): 2016-09-10 00:24:36] segments explored during Cauchy searches 8
[job(1009): 2016-09-10 00:24:36] BFGS updates skipped 0
[job(1009): 2016-09-10 00:24:36] active bounds at final generalized Cauchy point 1
[job(1009): 2016-09-10 00:24:36] norm of the final projected gradient 4.03483e-10
[job(1009): 2016-09-10 00:24:36] final function value -25.8144
[job(1009): 2016-09-10 00:24:36] 
[job(1009): 2016-09-10 00:24:36] F = -25.8144
[job(1009): 2016-09-10 00:24:36] final  value -25.814443 
[job(1009): 2016-09-10 00:24:36] converged
[job(1009): 2016-09-10 00:24:36] [Tune-x] 18: C=19.2; sigma=18.4
[job(1009): 2016-09-10 00:24:36] [Tune-y] 18: acc.test.mean=0.995; time: 0.1 min; memory: 117Mb use, 190Mb max
[job(1009): 2016-09-10 00:24:36] 
[job(1009): 2016-09-10 00:24:36] optimisation start
[job(1009): 2016-09-10 00:24:36] ------------------
[job(1009): 2016-09-10 00:24:36] * estimation method   : MLE 
[job(1009): 2016-09-10 00:24:36] * optimisation method : BFGS 
[job(1009): 2016-09-10 00:24:36] * analytical gradient : used
[job(1009): 2016-09-10 00:24:36] * trend model : ~1
[job(1009): 2016-09-10 00:24:36] * covariance model : 
[job(1009): 2016-09-10 00:24:36]   - type :  matern5_2 
[job(1009): 2016-09-10 00:24:36]   - nugget : NO
[job(1009): 2016-09-10 00:24:36]   - parameters lower bounds :  1e-10 1e-10 
[job(1009): 2016-09-10 00:24:36]   - parameters upper bounds :  47.14681 43.25095 
[job(1009): 2016-09-10 00:24:36]   - best initial criterion value(s) :  25.20305 
[job(1009): 2016-09-10 00:24:36] 
[job(1009): 2016-09-10 00:24:36] N = 2, M = 5 machine precision = 2.22045e-16
[job(1009): 2016-09-10 00:24:36] At X0, 0 variables are exactly at the bounds
[job(1009): 2016-09-10 00:24:36] At iterate     0  f=      -25.203  |proj g|=       2.6983
[job(1009): 2016-09-10 00:24:36] At iterate     1  f =      -27.735  |proj g|=       0.31971
[job(1009): 2016-09-10 00:24:36] At iterate     2  f =      -27.839  |proj g|=       0.22033
[job(1009): 2016-09-10 00:24:36] At iterate     3  f =      -28.002  |proj g|=       0.21809
[job(1009): 2016-09-10 00:24:36] At iterate     4  f =      -28.162  |proj g|=       0.35971
[job(1009): 2016-09-10 00:24:36] At iterate     5  f =      -29.287  |proj g|=       0.83715
[job(1009): 2016-09-10 00:24:36] At iterate     6  f =       -29.52  |proj g|=       0.43397
[job(1009): 2016-09-10 00:24:36] At iterate     7  f =      -29.617  |proj g|=      0.068053
[job(1009): 2016-09-10 00:24:36] At iterate     8  f =       -29.62  |proj g|=     0.0075458
[job(1009): 2016-09-10 00:24:36] At iterate     9  f =       -29.62  |proj g|=    0.00016125
[job(1009): 2016-09-10 00:24:36] At iterate    10  f =       -29.62  |proj g|=    3.9653e-07
[job(1009): 2016-09-10 00:24:36] 
[job(1009): 2016-09-10 00:24:36] iterations 10
[job(1009): 2016-09-10 00:24:36] function evaluations 11
[job(1009): 2016-09-10 00:24:36] segments explored during Cauchy searches 10
[job(1009): 2016-09-10 00:24:36] BFGS updates skipped 0
[job(1009): 2016-09-10 00:24:36] active bounds at final generalized Cauchy point 1
[job(1009): 2016-09-10 00:24:36] norm of the final projected gradient 3.96529e-07
[job(1009): 2016-09-10 00:24:36] final function value -29.6197
[job(1009): 2016-09-10 00:24:36] 
[job(1009): 2016-09-10 00:24:36] F = -29.6197
[job(1009): 2016-09-10 00:24:36] final  value -29.619704 
[job(1009): 2016-09-10 00:24:36] converged
[job(1009): 2016-09-10 00:24:36] [Tune-x] 19: C=4.1e+03; sigma=4.76
[job(1009): 2016-09-10 00:24:36] [Tune-y] 19: acc.test.mean=0.996; time: 0.1 min; memory: 117Mb use, 190Mb max
[job(1009): 2016-09-10 00:24:36] 
[job(1009): 2016-09-10 00:24:36] optimisation start
[job(1009): 2016-09-10 00:24:36] ------------------
[job(1009): 2016-09-10 00:24:36] * estimation method   : MLE 
[job(1009): 2016-09-10 00:24:36] * optimisation method : BFGS 
[job(1009): 2016-09-10 00:24:36] * analytical gradient : used
[job(1009): 2016-09-10 00:24:36] * trend model : ~1
[job(1009): 2016-09-10 00:24:36] * covariance model : 
[job(1009): 2016-09-10 00:24:36]   - type :  matern5_2 
[job(1009): 2016-09-10 00:24:36]   - nugget : NO
[job(1009): 2016-09-10 00:24:36]   - parameters lower bounds :  1e-10 1e-10 
[job(1009): 2016-09-10 00:24:36]   - parameters upper bounds :  47.99924 43.25095 
[job(1009): 2016-09-10 00:24:36]   - best initial criterion value(s) :  29.54429 
[job(1009): 2016-09-10 00:24:36] 
[job(1009): 2016-09-10 00:24:36] N = 2, M = 5 machine precision = 2.22045e-16
[job(1009): 2016-09-10 00:24:36] At X0, 0 variables are exactly at the bounds
[job(1009): 2016-09-10 00:24:36] At iterate     0  f=      -29.544  |proj g|=      0.39473
[job(1009): 2016-09-10 00:24:36] At iterate     1  f =       -29.73  |proj g|=       0.26549
[job(1009): 2016-09-10 00:24:36] At iterate     2  f =      -29.994  |proj g|=       0.32717
[job(1009): 2016-09-10 00:24:36] At iterate     3  f =      -30.259  |proj g|=       0.46194
[job(1009): 2016-09-10 00:24:36] At iterate     4  f =       -32.58  |proj g|=       0.74314
[job(1009): 2016-09-10 00:24:36] At iterate     5  f =      -32.805  |proj g|=       0.18432
[job(1009): 2016-09-10 00:24:36] At iterate     6  f =      -32.822  |proj g|=      0.028865
[job(1009): 2016-09-10 00:24:36] At iterate     7  f =      -32.823  |proj g|=     0.0015053
[job(1009): 2016-09-10 00:24:36] At iterate     8  f =      -32.823  |proj g|=    1.3465e-05
[job(1009): 2016-09-10 00:24:36] At iterate     9  f =      -32.823  |proj g|=    6.3758e-09
[job(1009): 2016-09-10 00:24:36] 
[job(1009): 2016-09-10 00:24:36] iterations 9
[job(1009): 2016-09-10 00:24:36] function evaluations 10
[job(1009): 2016-09-10 00:24:36] segments explored during Cauchy searches 9
[job(1009): 2016-09-10 00:24:36] BFGS updates skipped 0
[job(1009): 2016-09-10 00:24:36] active bounds at final generalized Cauchy point 1
[job(1009): 2016-09-10 00:24:36] norm of the final projected gradient 6.37578e-09
[job(1009): 2016-09-10 00:24:36] final function value -32.8227
[job(1009): 2016-09-10 00:24:36] 
[job(1009): 2016-09-10 00:24:36] F = -32.8227
[job(1009): 2016-09-10 00:24:36] final  value -32.822654 
[job(1009): 2016-09-10 00:24:36] converged
[job(1009): 2016-09-10 00:24:36] [Tune-x] 20: C=1.85; sigma=0.865
[job(1009): 2016-09-10 00:24:36] [Tune-y] 20: acc.test.mean=0.997; time: 0.1 min; memory: 117Mb use, 190Mb max
[job(1009): 2016-09-10 00:24:36] 
[job(1009): 2016-09-10 00:24:36] optimisation start
[job(1009): 2016-09-10 00:24:36] ------------------
[job(1009): 2016-09-10 00:24:36] * estimation method   : MLE 
[job(1009): 2016-09-10 00:24:36] * optimisation method : BFGS 
[job(1009): 2016-09-10 00:24:36] * analytical gradient : used
[job(1009): 2016-09-10 00:24:36] * trend model : ~1
[job(1009): 2016-09-10 00:24:36] * covariance model : 
[job(1009): 2016-09-10 00:24:36]   - type :  matern5_2 
[job(1009): 2016-09-10 00:24:36]   - nugget : NO
[job(1009): 2016-09-10 00:24:36]   - parameters lower bounds :  1e-10 1e-10 
[job(1009): 2016-09-10 00:24:36]   - parameters upper bounds :  47.99924 43.25095 
[job(1009): 2016-09-10 00:24:36]   - best initial criterion value(s) :  33.42347 
[job(1009): 2016-09-10 00:24:36] 
[job(1009): 2016-09-10 00:24:36] N = 2, M = 5 machine precision = 2.22045e-16
[job(1009): 2016-09-10 00:24:36] At X0, 0 variables are exactly at the bounds
[job(1009): 2016-09-10 00:24:36] At iterate     0  f=      -33.423  |proj g|=       1.1173
[job(1009): 2016-09-10 00:24:36] At iterate     1  f =       -34.65  |proj g|=         1.005
[job(1009): 2016-09-10 00:24:36] At iterate     2  f =      -36.155  |proj g|=       0.19499
[job(1009): 2016-09-10 00:24:36] Nonpositive definiteness in Cholesky factorization in formk;
[job(1009): 2016-09-10 00:24:36]    refresh the lbfgs memory and restart the iteration.
[job(1009): 2016-09-10 00:24:36] At iterate     3  f =      -36.203  |proj g|=       0.19496
[job(1009): 2016-09-10 00:24:36] At iterate     4  f =      -36.383  |proj g|=       0.27572
[job(1009): 2016-09-10 00:24:36] At iterate     5  f =      -36.409  |proj g|=       0.15575
[job(1009): 2016-09-10 00:24:36] At iterate     6  f =      -36.422  |proj g|=      0.011627
[job(1009): 2016-09-10 00:24:36] At iterate     7  f =      -36.422  |proj g|=    0.00055495
[job(1009): 2016-09-10 00:24:36] At iterate     8  f =      -36.422  |proj g|=    2.1386e-06
[job(1009): 2016-09-10 00:24:36] At iterate     9  f =      -36.422  |proj g|=    3.9517e-10
[job(1009): 2016-09-10 00:24:36] 
[job(1009): 2016-09-10 00:24:36] iterations 9
[job(1009): 2016-09-10 00:24:36] function evaluations 13
[job(1009): 2016-09-10 00:24:36] segments explored during Cauchy searches 12
[job(1009): 2016-09-10 00:24:36] BFGS updates skipped 0
[job(1009): 2016-09-10 00:24:36] active bounds at final generalized Cauchy point 1
[job(1009): 2016-09-10 00:24:36] norm of the final projected gradient 3.95168e-10
[job(1009): 2016-09-10 00:24:36] final function value -36.4223
[job(1009): 2016-09-10 00:24:36] 
[job(1009): 2016-09-10 00:24:36] F = -36.4223
[job(1009): 2016-09-10 00:24:36] final  value -36.422349 
[job(1009): 2016-09-10 00:24:36] converged
[job(1009): 2016-09-10 00:24:36] [Tune-x] 21: C=0.00652; sigma=0.0043
[job(1009): 2016-09-10 00:24:36] [Tune-y] 21: acc.test.mean=0.999; time: 0.1 min; memory: 117Mb use, 190Mb max
[job(1009): 2016-09-10 00:24:36] 
[job(1009): 2016-09-10 00:24:36] optimisation start
[job(1009): 2016-09-10 00:24:36] ------------------
[job(1009): 2016-09-10 00:24:36] * estimation method   : MLE 
[job(1009): 2016-09-10 00:24:36] * optimisation method : BFGS 
[job(1009): 2016-09-10 00:24:36] * analytical gradient : used
[job(1009): 2016-09-10 00:24:36] * trend model : ~1
[job(1009): 2016-09-10 00:24:36] * covariance model : 
[job(1009): 2016-09-10 00:24:36]   - type :  matern5_2 
[job(1009): 2016-09-10 00:24:36]   - nugget : NO
[job(1009): 2016-09-10 00:24:36]   - parameters lower bounds :  1e-10 1e-10 
[job(1009): 2016-09-10 00:24:36]   - parameters upper bounds :  47.99924 43.25095 
[job(1009): 2016-09-10 00:24:36]   - best initial criterion value(s) :  36.91054 
[job(1009): 2016-09-10 00:24:36] 
[job(1009): 2016-09-10 00:24:36] N = 2, M = 5 machine precision = 2.22045e-16
[job(1009): 2016-09-10 00:24:36] At X0, 0 variables are exactly at the bounds
[job(1009): 2016-09-10 00:24:36] At iterate     0  f=      -36.911  |proj g|=       2.3774
[job(1009): 2016-09-10 00:24:36] At iterate     1  f =      -38.768  |proj g|=       0.35054
[job(1009): 2016-09-10 00:24:36] At iterate     2  f =      -38.896  |proj g|=       0.26416
[job(1009): 2016-09-10 00:24:36] At iterate     3  f =      -39.141  |proj g|=       0.31159
[job(1009): 2016-09-10 00:24:36] At iterate     4  f =      -39.378  |proj g|=        0.4624
[job(1009): 2016-09-10 00:24:36] At iterate     5  f =      -40.828  |proj g|=       0.63549
[job(1009): 2016-09-10 00:24:36] At iterate     6  f =      -40.988  |proj g|=       0.19874
[job(1009): 2016-09-10 00:24:36] At iterate     7  f =      -41.008  |proj g|=       0.02972
[job(1009): 2016-09-10 00:24:36] At iterate     8  f =      -41.008  |proj g|=     0.0017944
[job(1009): 2016-09-10 00:24:36] At iterate     9  f =      -41.008  |proj g|=    1.7871e-05
[job(1009): 2016-09-10 00:24:36] At iterate    10  f =      -41.008  |proj g|=    1.0912e-08
[job(1009): 2016-09-10 00:24:36] 
[job(1009): 2016-09-10 00:24:36] iterations 10
[job(1009): 2016-09-10 00:24:36] function evaluations 11
[job(1009): 2016-09-10 00:24:36] segments explored during Cauchy searches 10
[job(1009): 2016-09-10 00:24:36] BFGS updates skipped 0
[job(1009): 2016-09-10 00:24:36] active bounds at final generalized Cauchy point 1
[job(1009): 2016-09-10 00:24:36] norm of the final projected gradient 1.09121e-08
[job(1009): 2016-09-10 00:24:36] final function value -41.0085
[job(1009): 2016-09-10 00:24:36] 
[job(1009): 2016-09-10 00:24:36] F = -41.0085
[job(1009): 2016-09-10 00:24:36] final  value -41.008455 
[job(1009): 2016-09-10 00:24:36] converged
[job(1009): 2016-09-10 00:24:36] [Tune-x] 22: C=0.000244; sigma=0.0145
[job(1009): 2016-09-10 00:24:36] [Tune-y] 22: acc.test.mean=0.999; time: 0.0 min; memory: 117Mb use, 190Mb max
[job(1009): 2016-09-10 00:24:36] 
[job(1009): 2016-09-10 00:24:36] optimisation start
[job(1009): 2016-09-10 00:24:36] ------------------
[job(1009): 2016-09-10 00:24:36] * estimation method   : MLE 
[job(1009): 2016-09-10 00:24:36] * optimisation method : BFGS 
[job(1009): 2016-09-10 00:24:36] * analytical gradient : used
[job(1009): 2016-09-10 00:24:36] * trend model : ~1
[job(1009): 2016-09-10 00:24:36] * covariance model : 
[job(1009): 2016-09-10 00:24:36]   - type :  matern5_2 
[job(1009): 2016-09-10 00:24:36]   - nugget : NO
[job(1009): 2016-09-10 00:24:36]   - parameters lower bounds :  1e-10 1e-10 
[job(1009): 2016-09-10 00:24:36]   - parameters upper bounds :  47.99924 43.25095 
[job(1009): 2016-09-10 00:24:36]   - best initial criterion value(s) :  33.75373 
[job(1009): 2016-09-10 00:24:36] 
[job(1009): 2016-09-10 00:24:36] N = 2, M = 5 machine precision = 2.22045e-16
[job(1009): 2016-09-10 00:24:36] At X0, 0 variables are exactly at the bounds
[job(1009): 2016-09-10 00:24:36] At iterate     0  f=      -33.754  |proj g|=       1.0592
[job(1009): 2016-09-10 00:24:36] At iterate     1  f =      -35.124  |proj g|=        1.0136
[job(1009): 2016-09-10 00:24:36] At iterate     2  f =      -38.693  |proj g|=         1.516
[job(1009): 2016-09-10 00:24:36] At iterate     3  f =      -39.873  |proj g|=       0.47513
[job(1009): 2016-09-10 00:24:36] At iterate     4  f =       -41.08  |proj g|=       0.31287
[job(1009): 2016-09-10 00:24:36] At iterate     5  f =      -44.247  |proj g|=       0.71183
[job(1009): 2016-09-10 00:24:36] At iterate     6  f =      -44.472  |proj g|=      0.055107
[job(1009): 2016-09-10 00:24:36] At iterate     7  f =      -44.474  |proj g|=     0.0099116
[job(1009): 2016-09-10 00:24:36] At iterate     8  f =      -44.474  |proj g|=    0.00018814
[job(1009): 2016-09-10 00:24:36] At iterate     9  f =      -44.474  |proj g|=    6.6165e-07
[job(1009): 2016-09-10 00:24:36] 
[job(1009): 2016-09-10 00:24:36] iterations 9
[job(1009): 2016-09-10 00:24:36] function evaluations 12
[job(1009): 2016-09-10 00:24:36] segments explored during Cauchy searches 10
[job(1009): 2016-09-10 00:24:36] BFGS updates skipped 0
[job(1009): 2016-09-10 00:24:36] active bounds at final generalized Cauchy point 1
[job(1009): 2016-09-10 00:24:36] norm of the final projected gradient 6.61649e-07
[job(1009): 2016-09-10 00:24:36] final function value -44.4737
[job(1009): 2016-09-10 00:24:36] 
[job(1009): 2016-09-10 00:24:36] F = -44.4737
[job(1009): 2016-09-10 00:24:36] final  value -44.473676 
[job(1009): 2016-09-10 00:24:36] converged
[job(1009): 2016-09-10 00:24:36] [Tune-x] 23: C=3.07; sigma=0.000958
[job(1009): 2016-09-10 00:24:36] [Tune-y] 23: acc.test.mean=   1; time: 0.2 min; memory: 117Mb use, 190Mb max
[job(1009): 2016-09-10 00:24:36] 
[job(1009): 2016-09-10 00:24:36] optimisation start
[job(1009): 2016-09-10 00:24:36] ------------------
[job(1009): 2016-09-10 00:24:36] * estimation method   : MLE 
[job(1009): 2016-09-10 00:24:36] * optimisation method : BFGS 
[job(1009): 2016-09-10 00:24:36] * analytical gradient : used
[job(1009): 2016-09-10 00:24:36] * trend model : ~1
[job(1009): 2016-09-10 00:24:36] * covariance model : 
[job(1009): 2016-09-10 00:24:36]   - type :  matern5_2 
[job(1009): 2016-09-10 00:24:36]   - nugget : NO
[job(1009): 2016-09-10 00:24:36]   - parameters lower bounds :  1e-10 1e-10 
[job(1009): 2016-09-10 00:24:36]   - parameters upper bounds :  47.99924 43.25095 
[job(1009): 2016-09-10 00:24:36]   - best initial criterion value(s) :  43.01112 
[job(1009): 2016-09-10 00:24:36] 
[job(1009): 2016-09-10 00:24:36] N = 2, M = 5 machine precision = 2.22045e-16
[job(1009): 2016-09-10 00:24:36] At X0, 0 variables are exactly at the bounds
[job(1009): 2016-09-10 00:24:36] At iterate     0  f=      -43.011  |proj g|=      0.66776
[job(1009): 2016-09-10 00:24:36] At iterate     1  f =      -43.522  |proj g|=       0.38746
[job(1009): 2016-09-10 00:24:36] At iterate     2  f =      -44.152  |proj g|=       0.69933
[job(1009): 2016-09-10 00:24:36] At iterate     3  f =      -44.626  |proj g|=       0.43365
[job(1009): 2016-09-10 00:24:36] At iterate     4  f =      -48.275  |proj g|=        0.4546
[job(1009): 2016-09-10 00:24:36] At iterate     5  f =      -48.394  |proj g|=       0.26154
[job(1009): 2016-09-10 00:24:36] At iterate     6  f =      -48.437  |proj g|=      0.064968
[job(1009): 2016-09-10 00:24:36] At iterate     7  f =      -48.439  |proj g|=     0.0065361
[job(1009): 2016-09-10 00:24:36] At iterate     8  f =      -48.439  |proj g|=    0.00014132
[job(1009): 2016-09-10 00:24:36] At iterate     9  f =      -48.439  |proj g|=    3.1791e-07
[job(1009): 2016-09-10 00:24:36] 
[job(1009): 2016-09-10 00:24:36] iterations 9
[job(1009): 2016-09-10 00:24:36] function evaluations 10
[job(1009): 2016-09-10 00:24:36] segments explored during Cauchy searches 10
[job(1009): 2016-09-10 00:24:36] BFGS updates skipped 0
[job(1009): 2016-09-10 00:24:36] active bounds at final generalized Cauchy point 1
[job(1009): 2016-09-10 00:24:36] norm of the final projected gradient 3.17908e-07
[job(1009): 2016-09-10 00:24:36] final function value -48.4391
[job(1009): 2016-09-10 00:24:36] 
[job(1009): 2016-09-10 00:24:36] F = -48.4391
[job(1009): 2016-09-10 00:24:36] final  value -48.439061 
[job(1009): 2016-09-10 00:24:36] converged
[job(1009): 2016-09-10 00:24:36] [Tune-x] 24: C=0.000244; sigma=0.00668
[job(1009): 2016-09-10 00:24:36] [Tune-y] 24: acc.test.mean=0.999; time: 0.0 min; memory: 117Mb use, 190Mb max
[job(1009): 2016-09-10 00:24:36] 
[job(1009): 2016-09-10 00:24:36] optimisation start
[job(1009): 2016-09-10 00:24:36] ------------------
[job(1009): 2016-09-10 00:24:36] * estimation method   : MLE 
[job(1009): 2016-09-10 00:24:36] * optimisation method : BFGS 
[job(1009): 2016-09-10 00:24:36] * analytical gradient : used
[job(1009): 2016-09-10 00:24:36] * trend model : ~1
[job(1009): 2016-09-10 00:24:36] * covariance model : 
[job(1009): 2016-09-10 00:24:36]   - type :  matern5_2 
[job(1009): 2016-09-10 00:24:36]   - nugget : NO
[job(1009): 2016-09-10 00:24:36]   - parameters lower bounds :  1e-10 1e-10 
[job(1009): 2016-09-10 00:24:36]   - parameters upper bounds :  47.99924 43.25095 
[job(1009): 2016-09-10 00:24:36]   - best initial criterion value(s) :  41.80248 
[job(1009): 2016-09-10 00:24:36] 
[job(1009): 2016-09-10 00:24:36] N = 2, M = 5 machine precision = 2.22045e-16
[job(1009): 2016-09-10 00:24:36] At X0, 0 variables are exactly at the bounds
[job(1009): 2016-09-10 00:24:36] At iterate     0  f=      -41.802  |proj g|=       1.1727
[job(1009): 2016-09-10 00:24:36] At iterate     1  f =      -43.385  |proj g|=        1.1849
[job(1009): 2016-09-10 00:24:36] ys=-5.485e-03  -gs= 1.578e+00, BFGS update SKIPPED
[job(1009): 2016-09-10 00:24:36] At iterate     2  f =      -49.257  |proj g|=       0.37963
[job(1009): 2016-09-10 00:24:36] At iterate     3  f =      -49.862  |proj g|=       0.35291
[job(1009): 2016-09-10 00:24:36] At iterate     4  f =      -53.427  |proj g|=       0.33159
[job(1009): 2016-09-10 00:24:36] At iterate     5  f =        -53.5  |proj g|=     0.0047313
[job(1009): 2016-09-10 00:24:36] At iterate     6  f =        -53.5  |proj g|=     0.0006548
[job(1009): 2016-09-10 00:24:36] At iterate     7  f =        -53.5  |proj g|=     1.061e-06
[job(1009): 2016-09-10 00:24:36] At iterate     8  f =        -53.5  |proj g|=     1.061e-06
[job(1009): 2016-09-10 00:24:36] 
[job(1009): 2016-09-10 00:24:36] iterations 8
[job(1009): 2016-09-10 00:24:36] function evaluations 19
[job(1009): 2016-09-10 00:24:36] segments explored during Cauchy searches 8
[job(1009): 2016-09-10 00:24:36] BFGS updates skipped 1
[job(1009): 2016-09-10 00:24:36] active bounds at final generalized Cauchy point 1
[job(1009): 2016-09-10 00:24:36] norm of the final projected gradient 1.06098e-06
[job(1009): 2016-09-10 00:24:36] final function value -53.5003
[job(1009): 2016-09-10 00:24:36] 
[job(1009): 2016-09-10 00:24:36] F = -53.5003
[job(1009): 2016-09-10 00:24:36] final  value -53.500341 
[job(1009): 2016-09-10 00:24:36] converged
[job(1009): 2016-09-10 00:24:36] [Tune-x] 25: C=0.000244; sigma=0.00242
[job(1009): 2016-09-10 00:24:36] [Tune-y] 25: acc.test.mean=   1; time: 0.0 min; memory: 118Mb use, 190Mb max
[job(1009): 2016-09-10 00:24:36] 
[job(1009): 2016-09-10 00:24:36] optimisation start
[job(1009): 2016-09-10 00:24:36] ------------------
[job(1009): 2016-09-10 00:24:36] * estimation method   : MLE 
[job(1009): 2016-09-10 00:24:36] * optimisation method : BFGS 
[job(1009): 2016-09-10 00:24:36] * analytical gradient : used
[job(1009): 2016-09-10 00:24:36] * trend model : ~1
[job(1009): 2016-09-10 00:24:36] * covariance model : 
[job(1009): 2016-09-10 00:24:36]   - type :  matern5_2 
[job(1009): 2016-09-10 00:24:36]   - nugget : NO
[job(1009): 2016-09-10 00:24:36]   - parameters lower bounds :  1e-10 1e-10 
[job(1009): 2016-09-10 00:24:36]   - parameters upper bounds :  47.99924 43.25095 
[job(1009): 2016-09-10 00:24:36]   - best initial criterion value(s) :  49.40368 
[job(1009): 2016-09-10 00:24:36] 
[job(1009): 2016-09-10 00:24:36] N = 2, M = 5 machine precision = 2.22045e-16
[job(1009): 2016-09-10 00:24:36] At X0, 0 variables are exactly at the bounds
[job(1009): 2016-09-10 00:24:36] At iterate     0  f=      -49.404  |proj g|=      0.62939
[job(1009): 2016-09-10 00:24:36] At iterate     1  f =      -49.794  |proj g|=       0.60864
[job(1009): 2016-09-10 00:24:36] At iterate     2  f =      -52.265  |proj g|=        1.8976
[job(1009): 2016-09-10 00:24:36] At iterate     3  f =      -58.342  |proj g|=       0.17833
[job(1009): 2016-09-10 00:24:36] At iterate     4  f =      -58.357  |proj g|=      0.080567
[job(1009): 2016-09-10 00:24:36] At iterate     5  f =       -58.36  |proj g|=     0.0053073
[job(1009): 2016-09-10 00:24:36] At iterate     6  f =       -58.36  |proj g|=    0.00014339
[job(1009): 2016-09-10 00:24:36] At iterate     7  f =       -58.36  |proj g|=    2.4516e-07
[job(1009): 2016-09-10 00:24:36] 
[job(1009): 2016-09-10 00:24:36] iterations 7
[job(1009): 2016-09-10 00:24:36] function evaluations 9
[job(1009): 2016-09-10 00:24:36] segments explored during Cauchy searches 7
[job(1009): 2016-09-10 00:24:36] BFGS updates skipped 0
[job(1009): 2016-09-10 00:24:36] active bounds at final generalized Cauchy point 1
[job(1009): 2016-09-10 00:24:36] norm of the final projected gradient 2.45158e-07
[job(1009): 2016-09-10 00:24:36] final function value -58.3602
[job(1009): 2016-09-10 00:24:36] 
[job(1009): 2016-09-10 00:24:36] F = -58.3602
[job(1009): 2016-09-10 00:24:36] final  value -58.360193 
[job(1009): 2016-09-10 00:24:36] converged
[job(1009): 2016-09-10 00:24:36] [Tune-x] 26: C=10; sigma=0.0131
[job(1009): 2016-09-10 00:24:36] [Tune-y] 26: acc.test.mean=0.999; time: 0.0 min; memory: 118Mb use, 190Mb max
[job(1009): 2016-09-10 00:24:36] 
[job(1009): 2016-09-10 00:24:36] optimisation start
[job(1009): 2016-09-10 00:24:36] ------------------
[job(1009): 2016-09-10 00:24:36] * estimation method   : MLE 
[job(1009): 2016-09-10 00:24:36] * optimisation method : BFGS 
[job(1009): 2016-09-10 00:24:36] * analytical gradient : used
[job(1009): 2016-09-10 00:24:36] * trend model : ~1
[job(1009): 2016-09-10 00:24:36] * covariance model : 
[job(1009): 2016-09-10 00:24:36]   - type :  matern5_2 
[job(1009): 2016-09-10 00:24:36]   - nugget : NO
[job(1009): 2016-09-10 00:24:36]   - parameters lower bounds :  1e-10 1e-10 
[job(1009): 2016-09-10 00:24:36]   - parameters upper bounds :  47.99924 43.25095 
[job(1009): 2016-09-10 00:24:36]   - best initial criterion value(s) :  48.76132 
[job(1009): 2016-09-10 00:24:36] 
[job(1009): 2016-09-10 00:24:36] N = 2, M = 5 machine precision = 2.22045e-16
[job(1009): 2016-09-10 00:24:36] At X0, 0 variables are exactly at the bounds
[job(1009): 2016-09-10 00:24:36] At iterate     0  f=      -48.761  |proj g|=      0.98691
[job(1009): 2016-09-10 00:24:36] At iterate     1  f =      -49.835  |proj g|=        1.0256
[job(1009): 2016-09-10 00:24:36] ys=-3.656e-02  -gs= 1.056e+00, BFGS update SKIPPED
[job(1009): 2016-09-10 00:24:36] At iterate     2  f =      -60.446  |proj g|=       0.83669
[job(1009): 2016-09-10 00:24:36] At iterate     3  f =      -61.297  |proj g|=       0.29533
[job(1009): 2016-09-10 00:24:36] Nonpositive definiteness in Cholesky factorization in formk;
[job(1009): 2016-09-10 00:24:36]    refresh the lbfgs memory and restart the iteration.
[job(1009): 2016-09-10 00:24:36] At iterate     4  f =      -61.711  |proj g|=       0.28398
[job(1009): 2016-09-10 00:24:36] At iterate     5  f =      -62.114  |proj g|=       0.15751
[job(1009): 2016-09-10 00:24:36] At iterate     6  f =      -62.129  |proj g|=      0.015667
[job(1009): 2016-09-10 00:24:36] At iterate     7  f =      -62.129  |proj g|=     0.0008792
[job(1009): 2016-09-10 00:24:36] At iterate     8  f =      -62.129  |proj g|=    4.5282e-06
[job(1009): 2016-09-10 00:24:36] At iterate     9  f =      -62.129  |proj g|=    1.2997e-09
[job(1009): 2016-09-10 00:24:36] 
[job(1009): 2016-09-10 00:24:36] iterations 9
[job(1009): 2016-09-10 00:24:36] function evaluations 20
[job(1009): 2016-09-10 00:24:36] segments explored during Cauchy searches 11
[job(1009): 2016-09-10 00:24:36] BFGS updates skipped 1
[job(1009): 2016-09-10 00:24:36] active bounds at final generalized Cauchy point 1
[job(1009): 2016-09-10 00:24:36] norm of the final projected gradient 1.29966e-09
[job(1009): 2016-09-10 00:24:36] final function value -62.1287
[job(1009): 2016-09-10 00:24:36] 
[job(1009): 2016-09-10 00:24:36] F = -62.1287
[job(1009): 2016-09-10 00:24:36] final  value -62.128733 
[job(1009): 2016-09-10 00:24:36] converged
[job(1009): 2016-09-10 00:24:36] [Tune-x] 27: C=0.000601; sigma=0.00304
[job(1009): 2016-09-10 00:24:36] [Tune-y] 27: acc.test.mean=0.999; time: 0.0 min; memory: 118Mb use, 190Mb max
[job(1009): 2016-09-10 00:24:36] 
[job(1009): 2016-09-10 00:24:36] optimisation start
[job(1009): 2016-09-10 00:24:36] ------------------
[job(1009): 2016-09-10 00:24:36] * estimation method   : MLE 
[job(1009): 2016-09-10 00:24:36] * optimisation method : BFGS 
[job(1009): 2016-09-10 00:24:36] * analytical gradient : used
[job(1009): 2016-09-10 00:24:36] * trend model : ~1
[job(1009): 2016-09-10 00:24:36] * covariance model : 
[job(1009): 2016-09-10 00:24:36]   - type :  matern5_2 
[job(1009): 2016-09-10 00:24:36]   - nugget : NO
[job(1009): 2016-09-10 00:24:36]   - parameters lower bounds :  1e-10 1e-10 
[job(1009): 2016-09-10 00:24:36]   - parameters upper bounds :  47.99924 43.25095 
[job(1009): 2016-09-10 00:24:36]   - best initial criterion value(s) :  59.64058 
[job(1009): 2016-09-10 00:24:36] 
[job(1009): 2016-09-10 00:24:36] N = 2, M = 5 machine precision = 2.22045e-16
[job(1009): 2016-09-10 00:24:36] At X0, 0 variables are exactly at the bounds
[job(1009): 2016-09-10 00:24:36] At iterate     0  f=      -59.641  |proj g|=       5.7847
[job(1009): 2016-09-10 00:24:36] At iterate     1  f =      -63.935  |proj g|=         1.177
[job(1009): 2016-09-10 00:24:36] At iterate     2  f =      -65.066  |proj g|=         1.026
[job(1009): 2016-09-10 00:24:36] At iterate     3  f =      -66.532  |proj g|=       0.30981
[job(1009): 2016-09-10 00:24:36] At iterate     4  f =      -66.787  |proj g|=       0.75687
[job(1009): 2016-09-10 00:24:36] At iterate     5  f =       -67.14  |proj g|=       0.34719
[job(1009): 2016-09-10 00:24:36] At iterate     6  f =      -67.823  |proj g|=       0.18526
[job(1009): 2016-09-10 00:24:36] At iterate     7  f =      -67.837  |proj g|=      0.096759
[job(1009): 2016-09-10 00:24:36] At iterate     8  f =      -67.842  |proj g|=     0.0065375
[job(1009): 2016-09-10 00:24:36] At iterate     9  f =      -67.842  |proj g|=    0.00020924
[job(1009): 2016-09-10 00:24:36] At iterate    10  f =      -67.842  |proj g|=    4.3197e-07
[job(1009): 2016-09-10 00:24:36] 
[job(1009): 2016-09-10 00:24:36] iterations 10
[job(1009): 2016-09-10 00:24:36] function evaluations 12
[job(1009): 2016-09-10 00:24:36] segments explored during Cauchy searches 10
[job(1009): 2016-09-10 00:24:36] BFGS updates skipped 0
[job(1009): 2016-09-10 00:24:36] active bounds at final generalized Cauchy point 1
[job(1009): 2016-09-10 00:24:36] norm of the final projected gradient 4.31975e-07
[job(1009): 2016-09-10 00:24:36] final function value -67.8421
[job(1009): 2016-09-10 00:24:36] 
[job(1009): 2016-09-10 00:24:36] F = -67.8421
[job(1009): 2016-09-10 00:24:36] final  value -67.842059 
[job(1009): 2016-09-10 00:24:36] converged
[job(1009): 2016-09-10 00:24:36] [Tune-x] 28: C=0.000244; sigma=0.000829
[job(1009): 2016-09-10 00:24:36] [Tune-y] 28: acc.test.mean=0.91; time: 0.0 min; memory: 118Mb use, 190Mb max
[job(1009): 2016-09-10 00:24:36] 
[job(1009): 2016-09-10 00:24:36] optimisation start
[job(1009): 2016-09-10 00:24:36] ------------------
[job(1009): 2016-09-10 00:24:36] * estimation method   : MLE 
[job(1009): 2016-09-10 00:24:36] * optimisation method : BFGS 
[job(1009): 2016-09-10 00:24:36] * analytical gradient : used
[job(1009): 2016-09-10 00:24:36] * trend model : ~1
[job(1009): 2016-09-10 00:24:36] * covariance model : 
[job(1009): 2016-09-10 00:24:36]   - type :  matern5_2 
[job(1009): 2016-09-10 00:24:36]   - nugget : NO
[job(1009): 2016-09-10 00:24:36]   - parameters lower bounds :  1e-10 1e-10 
[job(1009): 2016-09-10 00:24:36]   - parameters upper bounds :  47.99947 43.25095 
[job(1009): 2016-09-10 00:24:36]   - best initial criterion value(s) :  48.38699 
[job(1009): 2016-09-10 00:24:36] 
[job(1009): 2016-09-10 00:24:36] N = 2, M = 5 machine precision = 2.22045e-16
[job(1009): 2016-09-10 00:24:36] At X0, 0 variables are exactly at the bounds
[job(1009): 2016-09-10 00:24:36] At iterate     0  f=      -48.387  |proj g|=       1.1938
[job(1009): 2016-09-10 00:24:36] At iterate     1  f =       -48.67  |proj g|=      0.097582
[job(1009): 2016-09-10 00:24:36] At iterate     2  f =       -48.75  |proj g|=      0.091032
[job(1009): 2016-09-10 00:24:36] At iterate     3  f =      -49.075  |proj g|=       0.49202
[job(1009): 2016-09-10 00:24:36] At iterate     4  f =      -49.136  |proj g|=      0.049005
[job(1009): 2016-09-10 00:24:36] At iterate     5  f =       -49.14  |proj g|=      0.018197
[job(1009): 2016-09-10 00:24:36] At iterate     6  f =       -49.14  |proj g|=     0.0020054
[job(1009): 2016-09-10 00:24:36] At iterate     7  f =       -49.14  |proj g|=    0.00018485
[job(1009): 2016-09-10 00:24:36] At iterate     8  f =       -49.14  |proj g|=    4.9406e-08
[job(1009): 2016-09-10 00:24:36] 
[job(1009): 2016-09-10 00:24:36] iterations 8
[job(1009): 2016-09-10 00:24:36] function evaluations 12
[job(1009): 2016-09-10 00:24:36] segments explored during Cauchy searches 8
[job(1009): 2016-09-10 00:24:36] BFGS updates skipped 0
[job(1009): 2016-09-10 00:24:36] active bounds at final generalized Cauchy point 0
[job(1009): 2016-09-10 00:24:36] norm of the final projected gradient 4.94056e-08
[job(1009): 2016-09-10 00:24:36] final function value -49.1404
[job(1009): 2016-09-10 00:24:36] 
[job(1009): 2016-09-10 00:24:36] F = -49.1404
[job(1009): 2016-09-10 00:24:36] final  value -49.140362 
[job(1009): 2016-09-10 00:24:36] converged
[job(1009): 2016-09-10 00:24:36] [Tune] Result: C=0.000244; sigma=0.00242 : acc.test.mean=  -1
[job(1009): 2016-09-10 00:24:36] Job terminated successfully
[job(chunk): 2016-09-10 00:24:38] Calculation finished!
