[job(chunk): 2016-09-10 00:26:11] Starting calculation of 1 jobs
[job(chunk): 2016-09-10 00:26:11] Setting working directory to '/naslx/projects/pr74ze/ri89coc2/svm_comparison'
[job(chunk): 2016-09-10 00:26:11] Memory measurement disabled
[job(1025): 2016-09-10 00:26:13] Starting job with job.id=1025
[job(1025): 2016-09-10 00:26:58] Generating problem instance for problem '1499' ...
[job(1025): 2016-09-10 00:26:58] Downloading from 'http://www.openml.org/api/v1/data/1499' to '/tmp/ri89coc2/Rtmp2xEJNT/cache/datasets/1499/description.xml'.
[job(1025): 2016-09-10 00:26:58] Downloading from 'http://www.openml.org/data/download/1592291/phpPrh7lv' to '/tmp/ri89coc2/Rtmp2xEJNT/cache/datasets/1499/dataset.arff'
[job(1025): 2016-09-10 00:26:58] Loading required package: readr
[job(1025): 2016-09-10 00:26:58] Applying algorithm 'C-svc.tuned' on problem '1499' ...
[job(1025): 2016-09-10 00:26:58] Data '1499' file 'description.xml' found in cache.
[job(1025): 2016-09-10 00:26:58] Data '1499' file 'dataset.arff' found in cache.
[job(1025): 2016-09-10 00:26:58] [Tune] Started tuning learner C-svc for parameter set:
[job(1025): 2016-09-10 00:26:58]          Type len Def    Constr Req Tunable Trafo
[job(1025): 2016-09-10 00:26:58] C     numeric   -   - -12 to 12   -    TRUE     Y
[job(1025): 2016-09-10 00:26:58] sigma numeric   -   - -12 to 12   -    TRUE     Y
[job(1025): 2016-09-10 00:26:58] With control class: TuneControlMBO
[job(1025): 2016-09-10 00:26:58] Imputation value: -0
[job(1025): 2016-09-10 00:26:58] [Tune-x] 1: C=0.657; sigma=0.346
[job(1025): 2016-09-10 00:26:58] [Tune-y] 1: acc.test.mean=0.916; time: 0.0 min; memory: 113Mb use, 144Mb max
[job(1025): 2016-09-10 00:26:58] [Tune-x] 2: C=0.076; sigma=8.35
[job(1025): 2016-09-10 00:26:58] [Tune-y] 2: acc.test.mean=0.286; time: 0.0 min; memory: 113Mb use, 144Mb max
[job(1025): 2016-09-10 00:26:58] [Tune-x] 3: C=1.83; sigma=1.79e+03
[job(1025): 2016-09-10 00:26:58] [Tune-y] 3: acc.test.mean=0.254; time: 0.0 min; memory: 113Mb use, 144Mb max
[job(1025): 2016-09-10 00:26:58] [Tune-x] 4: C=2.15e+03; sigma=0.0422
[job(1025): 2016-09-10 00:26:58] [Tune-y] 4: acc.test.mean=0.926; time: 0.0 min; memory: 113Mb use, 144Mb max
[job(1025): 2016-09-10 00:26:58] [Tune-x] 5: C=0.00434; sigma=4.64
[job(1025): 2016-09-10 00:26:58] [Tune-y] 5: acc.test.mean=0.333; time: 0.0 min; memory: 113Mb use, 144Mb max
[job(1025): 2016-09-10 00:26:58] [Tune-x] 6: C=9.37; sigma=0.00851
[job(1025): 2016-09-10 00:26:58] [Tune-y] 6: acc.test.mean=0.926; time: 0.0 min; memory: 113Mb use, 144Mb max
[job(1025): 2016-09-10 00:26:58] [Tune-x] 7: C=190; sigma=428
[job(1025): 2016-09-10 00:26:58] [Tune-y] 7: acc.test.mean=0.323; time: 0.0 min; memory: 113Mb use, 144Mb max
[job(1025): 2016-09-10 00:26:58] [Tune-x] 8: C=0.000982; sigma=0.000279
[job(1025): 2016-09-10 00:26:58] [Tune-y] 8: acc.test.mean=0.249; time: 0.0 min; memory: 113Mb use, 144Mb max
[job(1025): 2016-09-10 00:26:58] 
[job(1025): 2016-09-10 00:26:58] optimisation start
[job(1025): 2016-09-10 00:26:58] ------------------
[job(1025): 2016-09-10 00:26:58] * estimation method   : MLE 
[job(1025): 2016-09-10 00:26:58] * optimisation method : BFGS 
[job(1025): 2016-09-10 00:26:58] * analytical gradient : used
[job(1025): 2016-09-10 00:26:58] * trend model : ~1
[job(1025): 2016-09-10 00:26:58] * covariance model : 
[job(1025): 2016-09-10 00:26:58]   - type :  matern5_2 
[job(1025): 2016-09-10 00:26:58]   - nugget : NO
[job(1025): 2016-09-10 00:26:58]   - parameters lower bounds :  1e-10 1e-10 
[job(1025): 2016-09-10 00:26:58]   - parameters upper bounds :  42.12066 45.22797 
[job(1025): 2016-09-10 00:26:58]   - best initial criterion value(s) :  0.9772086 
[job(1025): 2016-09-10 00:26:58] 
[job(1025): 2016-09-10 00:26:58] N = 2, M = 5 machine precision = 2.22045e-16
[job(1025): 2016-09-10 00:26:58] At X0, 0 variables are exactly at the bounds
[job(1025): 2016-09-10 00:26:58] At iterate     0  f=     -0.97721  |proj g|=      0.25677
[job(1025): 2016-09-10 00:26:58] At iterate     1  f =      -1.0411  |proj g|=       0.23962
[job(1025): 2016-09-10 00:26:58] At iterate     2  f =      -1.3307  |proj g|=      0.046962
[job(1025): 2016-09-10 00:26:58] At iterate     3  f =      -1.3364  |proj g|=     0.0040809
[job(1025): 2016-09-10 00:26:58] At iterate     4  f =      -1.3364  |proj g|=    0.00095985
[job(1025): 2016-09-10 00:26:58] At iterate     5  f =      -1.3365  |proj g|=    0.00092499
[job(1025): 2016-09-10 00:26:58] At iterate     6  f =      -1.3366  |proj g|=     0.0048894
[job(1025): 2016-09-10 00:26:58] At iterate     7  f =       -1.337  |proj g|=     0.0088143
[job(1025): 2016-09-10 00:26:58] At iterate     8  f =      -1.3375  |proj g|=      0.010641
[job(1025): 2016-09-10 00:26:58] At iterate     9  f =      -1.3381  |proj g|=     0.0061314
[job(1025): 2016-09-10 00:26:58] At iterate    10  f =      -1.3383  |proj g|=    1.6563e-05
[job(1025): 2016-09-10 00:26:58] At iterate    11  f =      -1.3383  |proj g|=    0.00022098
[job(1025): 2016-09-10 00:26:58] At iterate    12  f =      -1.3383  |proj g|=    8.5919e-05
[job(1025): 2016-09-10 00:26:58] At iterate    13  f =      -1.3383  |proj g|=    8.2064e-08
[job(1025): 2016-09-10 00:26:58] At iterate    14  f =      -1.3383  |proj g|=    8.2258e-09
[job(1025): 2016-09-10 00:26:58] 
[job(1025): 2016-09-10 00:26:58] iterations 14
[job(1025): 2016-09-10 00:26:58] function evaluations 18
[job(1025): 2016-09-10 00:26:58] segments explored during Cauchy searches 14
[job(1025): 2016-09-10 00:26:58] BFGS updates skipped 0
[job(1025): 2016-09-10 00:26:58] active bounds at final generalized Cauchy point 0
[job(1025): 2016-09-10 00:26:58] norm of the final projected gradient 8.22576e-09
[job(1025): 2016-09-10 00:26:58] final function value -1.33826
[job(1025): 2016-09-10 00:26:58] 
[job(1025): 2016-09-10 00:26:58] F = -1.33826
[job(1025): 2016-09-10 00:26:58] final  value -1.338260 
[job(1025): 2016-09-10 00:26:58] converged
[job(1025): 2016-09-10 00:26:58] [Tune-x] 9: C=0.477; sigma=0.0986
[job(1025): 2016-09-10 00:26:58] [Tune-y] 9: acc.test.mean=0.91; time: 0.0 min; memory: 117Mb use, 151Mb max
[job(1025): 2016-09-10 00:26:58] 
[job(1025): 2016-09-10 00:26:58] optimisation start
[job(1025): 2016-09-10 00:26:58] ------------------
[job(1025): 2016-09-10 00:26:58] * estimation method   : MLE 
[job(1025): 2016-09-10 00:26:58] * optimisation method : BFGS 
[job(1025): 2016-09-10 00:26:58] * analytical gradient : used
[job(1025): 2016-09-10 00:26:58] * trend model : ~1
[job(1025): 2016-09-10 00:26:58] * covariance model : 
[job(1025): 2016-09-10 00:26:58]   - type :  matern5_2 
[job(1025): 2016-09-10 00:26:58]   - nugget : NO
[job(1025): 2016-09-10 00:26:58]   - parameters lower bounds :  1e-10 1e-10 
[job(1025): 2016-09-10 00:26:58]   - parameters upper bounds :  42.12066 45.22797 
[job(1025): 2016-09-10 00:26:58]   - best initial criterion value(s) :  1.606476 
[job(1025): 2016-09-10 00:26:58] 
[job(1025): 2016-09-10 00:26:58] N = 2, M = 5 machine precision = 2.22045e-16
[job(1025): 2016-09-10 00:26:58] At X0, 0 variables are exactly at the bounds
[job(1025): 2016-09-10 00:26:58] At iterate     0  f=      -1.6065  |proj g|=      0.44249
[job(1025): 2016-09-10 00:26:58] At iterate     1  f =      -1.7953  |proj g|=       0.41018
[job(1025): 2016-09-10 00:26:58] At iterate     2  f =      -2.1874  |proj g|=       0.30057
[job(1025): 2016-09-10 00:26:58] At iterate     3  f =      -2.4032  |proj g|=      0.082288
[job(1025): 2016-09-10 00:26:58] At iterate     4  f =      -2.4091  |proj g|=      0.083273
[job(1025): 2016-09-10 00:26:58] At iterate     5  f =      -2.4162  |proj g|=      0.020791
[job(1025): 2016-09-10 00:26:58] At iterate     6  f =      -2.4415  |proj g|=      0.029637
[job(1025): 2016-09-10 00:26:58] At iterate     7  f =      -2.5841  |proj g|=       0.16509
[job(1025): 2016-09-10 00:26:58] At iterate     8  f =      -2.6037  |proj g|=      0.045975
[job(1025): 2016-09-10 00:26:58] At iterate     9  f =      -2.6055  |proj g|=     0.0048425
[job(1025): 2016-09-10 00:26:58] At iterate    10  f =      -2.6055  |proj g|=    0.00017094
[job(1025): 2016-09-10 00:26:58] At iterate    11  f =      -2.6055  |proj g|=    6.7422e-07
[job(1025): 2016-09-10 00:26:58] At iterate    12  f =      -2.6055  |proj g|=    9.4478e-11
[job(1025): 2016-09-10 00:26:58] 
[job(1025): 2016-09-10 00:26:58] iterations 12
[job(1025): 2016-09-10 00:26:58] function evaluations 17
[job(1025): 2016-09-10 00:26:58] segments explored during Cauchy searches 12
[job(1025): 2016-09-10 00:26:58] BFGS updates skipped 0
[job(1025): 2016-09-10 00:26:58] active bounds at final generalized Cauchy point 1
[job(1025): 2016-09-10 00:26:58] norm of the final projected gradient 9.44784e-11
[job(1025): 2016-09-10 00:26:58] final function value -2.60555
[job(1025): 2016-09-10 00:26:58] 
[job(1025): 2016-09-10 00:26:58] F = -2.60555
[job(1025): 2016-09-10 00:26:58] final  value -2.605548 
[job(1025): 2016-09-10 00:26:58] converged
[job(1025): 2016-09-10 00:26:58] [Tune-x] 10: C=226; sigma=0.0154
[job(1025): 2016-09-10 00:26:58] [Tune-y] 10: acc.test.mean=0.92; time: 0.0 min; memory: 117Mb use, 158Mb max
[job(1025): 2016-09-10 00:26:58] 
[job(1025): 2016-09-10 00:26:58] optimisation start
[job(1025): 2016-09-10 00:26:58] ------------------
[job(1025): 2016-09-10 00:26:58] * estimation method   : MLE 
[job(1025): 2016-09-10 00:26:58] * optimisation method : BFGS 
[job(1025): 2016-09-10 00:26:58] * analytical gradient : used
[job(1025): 2016-09-10 00:26:58] * trend model : ~1
[job(1025): 2016-09-10 00:26:58] * covariance model : 
[job(1025): 2016-09-10 00:26:58]   - type :  matern5_2 
[job(1025): 2016-09-10 00:26:58]   - nugget : NO
[job(1025): 2016-09-10 00:26:58]   - parameters lower bounds :  1e-10 1e-10 
[job(1025): 2016-09-10 00:26:58]   - parameters upper bounds :  42.12066 45.22797 
[job(1025): 2016-09-10 00:26:58]   - best initial criterion value(s) :  -0.8907367 
[job(1025): 2016-09-10 00:26:58] 
[job(1025): 2016-09-10 00:26:58] N = 2, M = 5 machine precision = 2.22045e-16
[job(1025): 2016-09-10 00:26:58] At X0, 0 variables are exactly at the bounds
[job(1025): 2016-09-10 00:26:58] At iterate     0  f=      0.89074  |proj g|=      0.47329
[job(1025): 2016-09-10 00:26:58] At iterate     1  f =      0.66296  |proj g|=       0.48884
[job(1025): 2016-09-10 00:26:58] ys=-7.328e-03  -gs= 2.241e-01, BFGS update SKIPPED
[job(1025): 2016-09-10 00:26:58] At iterate     2  f =      -3.7917  |proj g|=       0.13824
[job(1025): 2016-09-10 00:26:58] At iterate     3  f =        -3.84  |proj g|=      0.061492
[job(1025): 2016-09-10 00:26:58] At iterate     4  f =      -3.9616  |proj g|=      0.052883
[job(1025): 2016-09-10 00:26:58] At iterate     5  f =      -4.3307  |proj g|=       0.20808
[job(1025): 2016-09-10 00:26:58] At iterate     6  f =      -4.5835  |proj g|=      0.023098
[job(1025): 2016-09-10 00:26:58] At iterate     7  f =      -4.6236  |proj g|=      0.006591
[job(1025): 2016-09-10 00:26:58] At iterate     8  f =      -4.6236  |proj g|=    0.00024205
[job(1025): 2016-09-10 00:26:58] At iterate     9  f =      -4.6236  |proj g|=     1.602e-06
[job(1025): 2016-09-10 00:26:58] At iterate    10  f =      -4.6236  |proj g|=    3.8589e-10
[job(1025): 2016-09-10 00:26:58] 
[job(1025): 2016-09-10 00:26:58] iterations 10
[job(1025): 2016-09-10 00:26:58] function evaluations 15
[job(1025): 2016-09-10 00:26:58] segments explored during Cauchy searches 10
[job(1025): 2016-09-10 00:26:58] BFGS updates skipped 1
[job(1025): 2016-09-10 00:26:58] active bounds at final generalized Cauchy point 1
[job(1025): 2016-09-10 00:26:58] norm of the final projected gradient 3.85886e-10
[job(1025): 2016-09-10 00:26:58] final function value -4.62364
[job(1025): 2016-09-10 00:26:58] 
[job(1025): 2016-09-10 00:26:58] F = -4.62364
[job(1025): 2016-09-10 00:26:58] final  value -4.623636 
[job(1025): 2016-09-10 00:26:58] converged
[job(1025): 2016-09-10 00:26:58] [Tune-x] 11: C=3.61e+03; sigma=0.218
[job(1025): 2016-09-10 00:26:58] [Tune-y] 11: acc.test.mean=0.936; time: 0.0 min; memory: 117Mb use, 158Mb max
[job(1025): 2016-09-10 00:26:58] 
[job(1025): 2016-09-10 00:26:58] optimisation start
[job(1025): 2016-09-10 00:26:58] ------------------
[job(1025): 2016-09-10 00:26:58] * estimation method   : MLE 
[job(1025): 2016-09-10 00:26:58] * optimisation method : BFGS 
[job(1025): 2016-09-10 00:26:58] * analytical gradient : used
[job(1025): 2016-09-10 00:26:58] * trend model : ~1
[job(1025): 2016-09-10 00:26:58] * covariance model : 
[job(1025): 2016-09-10 00:26:58]   - type :  matern5_2 
[job(1025): 2016-09-10 00:26:58]   - nugget : NO
[job(1025): 2016-09-10 00:26:58]   - parameters lower bounds :  1e-10 1e-10 
[job(1025): 2016-09-10 00:26:58]   - parameters upper bounds :  43.6215 45.22797 
[job(1025): 2016-09-10 00:26:58]   - best initial criterion value(s) :  5.384991 
[job(1025): 2016-09-10 00:26:58] 
[job(1025): 2016-09-10 00:26:58] N = 2, M = 5 machine precision = 2.22045e-16
[job(1025): 2016-09-10 00:26:58] At X0, 0 variables are exactly at the bounds
[job(1025): 2016-09-10 00:26:58] At iterate     0  f=       -5.385  |proj g|=      0.12361
[job(1025): 2016-09-10 00:26:58] At iterate     1  f =      -5.4008  |proj g|=      0.095902
[job(1025): 2016-09-10 00:26:58] At iterate     2  f =      -5.4443  |proj g|=      0.061282
[job(1025): 2016-09-10 00:26:58] At iterate     3  f =      -5.5305  |proj g|=      0.089323
[job(1025): 2016-09-10 00:26:58] At iterate     4  f =      -5.9869  |proj g|=       0.35211
[job(1025): 2016-09-10 00:26:58] At iterate     5  f =       -6.297  |proj g|=      0.064386
[job(1025): 2016-09-10 00:26:58] At iterate     6  f =      -6.3001  |proj g|=         0.011
[job(1025): 2016-09-10 00:26:58] At iterate     7  f =      -6.3002  |proj g|=    0.00046465
[job(1025): 2016-09-10 00:26:58] At iterate     8  f =      -6.3002  |proj g|=    3.1299e-06
[job(1025): 2016-09-10 00:26:58] At iterate     9  f =      -6.3002  |proj g|=    8.8065e-10
[job(1025): 2016-09-10 00:26:58] 
[job(1025): 2016-09-10 00:26:58] iterations 9
[job(1025): 2016-09-10 00:26:58] function evaluations 11
[job(1025): 2016-09-10 00:26:58] segments explored during Cauchy searches 9
[job(1025): 2016-09-10 00:26:58] BFGS updates skipped 0
[job(1025): 2016-09-10 00:26:58] active bounds at final generalized Cauchy point 1
[job(1025): 2016-09-10 00:26:58] norm of the final projected gradient 8.80652e-10
[job(1025): 2016-09-10 00:26:58] final function value -6.30022
[job(1025): 2016-09-10 00:26:58] 
[job(1025): 2016-09-10 00:26:58] F = -6.30022
[job(1025): 2016-09-10 00:26:58] final  value -6.300216 
[job(1025): 2016-09-10 00:26:58] converged
[job(1025): 2016-09-10 00:26:58] [Tune-x] 12: C=128; sigma=0.221
[job(1025): 2016-09-10 00:26:58] [Tune-y] 12: acc.test.mean=0.889; time: 0.0 min; memory: 117Mb use, 158Mb max
[job(1025): 2016-09-10 00:26:58] 
[job(1025): 2016-09-10 00:26:58] optimisation start
[job(1025): 2016-09-10 00:26:58] ------------------
[job(1025): 2016-09-10 00:26:58] * estimation method   : MLE 
[job(1025): 2016-09-10 00:26:58] * optimisation method : BFGS 
[job(1025): 2016-09-10 00:26:58] * analytical gradient : used
[job(1025): 2016-09-10 00:26:58] * trend model : ~1
[job(1025): 2016-09-10 00:26:58] * covariance model : 
[job(1025): 2016-09-10 00:26:58]   - type :  matern5_2 
[job(1025): 2016-09-10 00:26:58]   - nugget : NO
[job(1025): 2016-09-10 00:26:58]   - parameters lower bounds :  1e-10 1e-10 
[job(1025): 2016-09-10 00:26:58]   - parameters upper bounds :  43.6215 45.22797 
[job(1025): 2016-09-10 00:26:58]   - best initial criterion value(s) :  5.674776 
[job(1025): 2016-09-10 00:26:58] 
[job(1025): 2016-09-10 00:26:58] N = 2, M = 5 machine precision = 2.22045e-16
[job(1025): 2016-09-10 00:26:58] At X0, 0 variables are exactly at the bounds
[job(1025): 2016-09-10 00:26:58] At iterate     0  f=      -5.6748  |proj g|=      0.12079
[job(1025): 2016-09-10 00:26:58] At iterate     1  f =      -5.6909  |proj g|=      0.096633
[job(1025): 2016-09-10 00:26:58] At iterate     2  f =      -5.7337  |proj g|=      0.061501
[job(1025): 2016-09-10 00:26:58] At iterate     3  f =      -5.7478  |proj g|=      0.045584
[job(1025): 2016-09-10 00:26:58] At iterate     4  f =       -5.852  |proj g|=      0.031141
[job(1025): 2016-09-10 00:26:58] At iterate     5  f =      -5.8579  |proj g|=      0.012965
[job(1025): 2016-09-10 00:26:58] At iterate     6  f =      -5.8583  |proj g|=     0.0029892
[job(1025): 2016-09-10 00:26:58] At iterate     7  f =      -5.8583  |proj g|=    6.0714e-05
[job(1025): 2016-09-10 00:26:58] At iterate     8  f =      -5.8583  |proj g|=    5.7093e-07
[job(1025): 2016-09-10 00:26:58] 
[job(1025): 2016-09-10 00:26:58] iterations 8
[job(1025): 2016-09-10 00:26:58] function evaluations 9
[job(1025): 2016-09-10 00:26:58] segments explored during Cauchy searches 8
[job(1025): 2016-09-10 00:26:58] BFGS updates skipped 0
[job(1025): 2016-09-10 00:26:58] active bounds at final generalized Cauchy point 0
[job(1025): 2016-09-10 00:26:58] norm of the final projected gradient 5.70934e-07
[job(1025): 2016-09-10 00:26:58] final function value -5.8583
[job(1025): 2016-09-10 00:26:58] 
[job(1025): 2016-09-10 00:26:58] F = -5.8583
[job(1025): 2016-09-10 00:26:58] final  value -5.858301 
[job(1025): 2016-09-10 00:26:58] converged
[job(1025): 2016-09-10 00:26:58] [Tune-x] 13: C=4.09e+03; sigma=0.223
[job(1025): 2016-09-10 00:26:58] [Tune-y] 13: acc.test.mean=0.936; time: 0.0 min; memory: 117Mb use, 158Mb max
[job(1025): 2016-09-10 00:26:58] 
[job(1025): 2016-09-10 00:26:58] optimisation start
[job(1025): 2016-09-10 00:26:58] ------------------
[job(1025): 2016-09-10 00:26:58] * estimation method   : MLE 
[job(1025): 2016-09-10 00:26:58] * optimisation method : BFGS 
[job(1025): 2016-09-10 00:26:58] * analytical gradient : used
[job(1025): 2016-09-10 00:26:58] * trend model : ~1
[job(1025): 2016-09-10 00:26:58] * covariance model : 
[job(1025): 2016-09-10 00:26:58]   - type :  matern5_2 
[job(1025): 2016-09-10 00:26:58]   - nugget : NO
[job(1025): 2016-09-10 00:26:58]   - parameters lower bounds :  1e-10 1e-10 
[job(1025): 2016-09-10 00:26:58]   - parameters upper bounds :  43.98401 45.22797 
[job(1025): 2016-09-10 00:26:58]   - best initial criterion value(s) :  8.060886 
[job(1025): 2016-09-10 00:26:58] 
[job(1025): 2016-09-10 00:26:58] N = 2, M = 5 machine precision = 2.22045e-16
[job(1025): 2016-09-10 00:26:58] At X0, 0 variables are exactly at the bounds
[job(1025): 2016-09-10 00:26:58] At iterate     0  f=      -8.0609  |proj g|=      0.94189
[job(1025): 2016-09-10 00:26:58] At iterate     1  f =      -8.3672  |proj g|=       0.12556
[job(1025): 2016-09-10 00:26:58] At iterate     2  f =      -8.6719  |proj g|=       0.16828
[job(1025): 2016-09-10 00:26:58] At iterate     3  f =      -8.7895  |proj g|=        0.2502
[job(1025): 2016-09-10 00:26:58] At iterate     4  f =      -9.9621  |proj g|=       0.34488
[job(1025): 2016-09-10 00:26:58] At iterate     5  f =       -10.56  |proj g|=       0.26093
[job(1025): 2016-09-10 00:26:58] At iterate     6  f =      -10.656  |proj g|=       0.13114
[job(1025): 2016-09-10 00:26:58] At iterate     7  f =      -10.672  |proj g|=      0.085688
[job(1025): 2016-09-10 00:26:58] At iterate     8  f =      -10.685  |proj g|=     0.0096664
[job(1025): 2016-09-10 00:26:58] At iterate     9  f =      -10.685  |proj g|=    0.00033526
[job(1025): 2016-09-10 00:26:58] At iterate    10  f =      -10.685  |proj g|=    8.3028e-05
[job(1025): 2016-09-10 00:26:58] At iterate    11  f =      -10.685  |proj g|=    1.2879e-07
[job(1025): 2016-09-10 00:26:58] At iterate    12  f =      -10.685  |proj g|=    1.8631e-09
[job(1025): 2016-09-10 00:26:58] 
[job(1025): 2016-09-10 00:26:58] iterations 12
[job(1025): 2016-09-10 00:26:58] function evaluations 19
[job(1025): 2016-09-10 00:26:58] segments explored during Cauchy searches 12
[job(1025): 2016-09-10 00:26:58] BFGS updates skipped 0
[job(1025): 2016-09-10 00:26:58] active bounds at final generalized Cauchy point 0
[job(1025): 2016-09-10 00:26:58] norm of the final projected gradient 1.86312e-09
[job(1025): 2016-09-10 00:26:58] final function value -10.685
[job(1025): 2016-09-10 00:26:58] 
[job(1025): 2016-09-10 00:26:58] F = -10.685
[job(1025): 2016-09-10 00:26:58] final  value -10.684954 
[job(1025): 2016-09-10 00:26:58] converged
[job(1025): 2016-09-10 00:26:58] [Tune-x] 14: C=4.1e+03; sigma=0.129
[job(1025): 2016-09-10 00:26:58] [Tune-y] 14: acc.test.mean=0.931; time: 0.0 min; memory: 117Mb use, 158Mb max
[job(1025): 2016-09-10 00:26:58] 
[job(1025): 2016-09-10 00:26:58] optimisation start
[job(1025): 2016-09-10 00:26:58] ------------------
[job(1025): 2016-09-10 00:26:58] * estimation method   : MLE 
[job(1025): 2016-09-10 00:26:58] * optimisation method : BFGS 
[job(1025): 2016-09-10 00:26:58] * analytical gradient : used
[job(1025): 2016-09-10 00:26:58] * trend model : ~1
[job(1025): 2016-09-10 00:26:58] * covariance model : 
[job(1025): 2016-09-10 00:26:58]   - type :  matern5_2 
[job(1025): 2016-09-10 00:26:58]   - nugget : NO
[job(1025): 2016-09-10 00:26:58]   - parameters lower bounds :  1e-10 1e-10 
[job(1025): 2016-09-10 00:26:58]   - parameters upper bounds :  43.98456 45.22797 
[job(1025): 2016-09-10 00:26:58]   - best initial criterion value(s) :  11.42371 
[job(1025): 2016-09-10 00:26:58] 
[job(1025): 2016-09-10 00:26:58] N = 2, M = 5 machine precision = 2.22045e-16
[job(1025): 2016-09-10 00:26:58] At X0, 0 variables are exactly at the bounds
[job(1025): 2016-09-10 00:26:58] At iterate     0  f=      -11.424  |proj g|=      0.60696
[job(1025): 2016-09-10 00:26:58] At iterate     1  f =      -11.777  |proj g|=       0.55196
[job(1025): 2016-09-10 00:26:58] At iterate     2  f =      -13.199  |proj g|=       0.15442
[job(1025): 2016-09-10 00:26:58] At iterate     3  f =      -13.292  |proj g|=       0.33226
[job(1025): 2016-09-10 00:26:58] At iterate     4  f =      -13.441  |proj g|=      0.097095
[job(1025): 2016-09-10 00:26:58] At iterate     5  f =      -13.505  |proj g|=      0.061627
[job(1025): 2016-09-10 00:26:58] At iterate     6  f =      -13.544  |proj g|=      0.011168
[job(1025): 2016-09-10 00:26:58] At iterate     7  f =      -13.544  |proj g|=     0.0012862
[job(1025): 2016-09-10 00:26:58] At iterate     8  f =      -13.544  |proj g|=    1.6783e-05
[job(1025): 2016-09-10 00:26:58] At iterate     9  f =      -13.544  |proj g|=    9.9409e-08
[job(1025): 2016-09-10 00:26:58] 
[job(1025): 2016-09-10 00:26:58] iterations 9
[job(1025): 2016-09-10 00:26:58] function evaluations 11
[job(1025): 2016-09-10 00:26:58] segments explored during Cauchy searches 9
[job(1025): 2016-09-10 00:26:58] BFGS updates skipped 0
[job(1025): 2016-09-10 00:26:58] active bounds at final generalized Cauchy point 0
[job(1025): 2016-09-10 00:26:58] norm of the final projected gradient 9.94086e-08
[job(1025): 2016-09-10 00:26:58] final function value -13.544
[job(1025): 2016-09-10 00:26:58] 
[job(1025): 2016-09-10 00:26:58] F = -13.544
[job(1025): 2016-09-10 00:26:58] final  value -13.544043 
[job(1025): 2016-09-10 00:26:58] converged
[job(1025): 2016-09-10 00:26:58] [Tune-x] 15: C=4.09e+03; sigma=0.217
[job(1025): 2016-09-10 00:26:58] [Tune-y] 15: acc.test.mean=0.947; time: 0.0 min; memory: 117Mb use, 158Mb max
[job(1025): 2016-09-10 00:26:58] 
[job(1025): 2016-09-10 00:26:58] optimisation start
[job(1025): 2016-09-10 00:26:58] ------------------
[job(1025): 2016-09-10 00:26:58] * estimation method   : MLE 
[job(1025): 2016-09-10 00:26:58] * optimisation method : BFGS 
[job(1025): 2016-09-10 00:26:58] * analytical gradient : used
[job(1025): 2016-09-10 00:26:58] * trend model : ~1
[job(1025): 2016-09-10 00:26:58] * covariance model : 
[job(1025): 2016-09-10 00:26:58]   - type :  matern5_2 
[job(1025): 2016-09-10 00:26:58]   - nugget : NO
[job(1025): 2016-09-10 00:26:58]   - parameters lower bounds :  1e-10 1e-10 
[job(1025): 2016-09-10 00:26:58]   - parameters upper bounds :  43.98456 45.22797 
[job(1025): 2016-09-10 00:26:58]   - best initial criterion value(s) :  2.067736 
[job(1025): 2016-09-10 00:26:58] 
[job(1025): 2016-09-10 00:26:58] N = 2, M = 5 machine precision = 2.22045e-16
[job(1025): 2016-09-10 00:26:58] At X0, 0 variables are exactly at the bounds
[job(1025): 2016-09-10 00:26:58] At iterate     0  f=      -2.0677  |proj g|=       5.8545
[job(1025): 2016-09-10 00:26:58] At iterate     1  f =      -6.2061  |proj g|=        1.6353
[job(1025): 2016-09-10 00:26:58] At iterate     2  f =      -6.4918  |proj g|=       0.45136
[job(1025): 2016-09-10 00:26:58] At iterate     3  f =      -7.2934  |proj g|=        0.3177
[job(1025): 2016-09-10 00:26:58] At iterate     4  f =      -7.7796  |proj g|=       0.27722
[job(1025): 2016-09-10 00:26:58] At iterate     5  f =       -7.803  |proj g|=      0.047361
[job(1025): 2016-09-10 00:26:58] At iterate     6  f =      -7.8041  |proj g|=     0.0031873
[job(1025): 2016-09-10 00:26:58] At iterate     7  f =      -7.8041  |proj g|=     0.0014218
[job(1025): 2016-09-10 00:26:58] At iterate     8  f =      -7.8041  |proj g|=    4.8465e-05
[job(1025): 2016-09-10 00:26:58] At iterate     9  f =      -7.8041  |proj g|=    4.2696e-07
[job(1025): 2016-09-10 00:26:58] 
[job(1025): 2016-09-10 00:26:58] iterations 9
[job(1025): 2016-09-10 00:26:58] function evaluations 15
[job(1025): 2016-09-10 00:26:58] segments explored during Cauchy searches 9
[job(1025): 2016-09-10 00:26:58] BFGS updates skipped 0
[job(1025): 2016-09-10 00:26:58] active bounds at final generalized Cauchy point 0
[job(1025): 2016-09-10 00:26:58] norm of the final projected gradient 4.26963e-07
[job(1025): 2016-09-10 00:26:58] final function value -7.80405
[job(1025): 2016-09-10 00:26:58] 
[job(1025): 2016-09-10 00:26:58] F = -7.80405
[job(1025): 2016-09-10 00:26:58] final  value -7.804053 
[job(1025): 2016-09-10 00:26:58] converged
[job(1025): 2016-09-10 00:26:58] [Tune-x] 16: C=2.33; sigma=0.189
[job(1025): 2016-09-10 00:26:58] [Tune-y] 16: acc.test.mean=0.921; time: 0.0 min; memory: 117Mb use, 158Mb max
[job(1025): 2016-09-10 00:26:58] 
[job(1025): 2016-09-10 00:26:58] optimisation start
[job(1025): 2016-09-10 00:26:58] ------------------
[job(1025): 2016-09-10 00:26:58] * estimation method   : MLE 
[job(1025): 2016-09-10 00:26:58] * optimisation method : BFGS 
[job(1025): 2016-09-10 00:26:58] * analytical gradient : used
[job(1025): 2016-09-10 00:26:58] * trend model : ~1
[job(1025): 2016-09-10 00:26:58] * covariance model : 
[job(1025): 2016-09-10 00:26:58]   - type :  matern5_2 
[job(1025): 2016-09-10 00:26:58]   - nugget : NO
[job(1025): 2016-09-10 00:26:58]   - parameters lower bounds :  1e-10 1e-10 
[job(1025): 2016-09-10 00:26:58]   - parameters upper bounds :  43.98456 45.22797 
[job(1025): 2016-09-10 00:26:58]   - best initial criterion value(s) :  2.219865 
[job(1025): 2016-09-10 00:26:58] 
[job(1025): 2016-09-10 00:26:58] N = 2, M = 5 machine precision = 2.22045e-16
[job(1025): 2016-09-10 00:26:58] At X0, 0 variables are exactly at the bounds
[job(1025): 2016-09-10 00:26:58] At iterate     0  f=      -2.2199  |proj g|=       27.244
[job(1025): 2016-09-10 00:26:58] At iterate     1  f =       -3.083  |proj g|=        0.1742
[job(1025): 2016-09-10 00:26:58] At iterate     2  f =      -3.1897  |proj g|=        0.8062
[job(1025): 2016-09-10 00:26:58] At iterate     3  f =      -3.1905  |proj g|=      0.020031
[job(1025): 2016-09-10 00:26:58] At iterate     4  f =      -3.1905  |proj g|=      0.020033
[job(1025): 2016-09-10 00:26:58] At iterate     5  f =      -3.1905  |proj g|=      0.029723
[job(1025): 2016-09-10 00:26:58] At iterate     6  f =      -3.1905  |proj g|=      0.072819
[job(1025): 2016-09-10 00:26:58] At iterate     7  f =      -3.1905  |proj g|=       0.14514
[job(1025): 2016-09-10 00:26:58] At iterate     8  f =      -3.1906  |proj g|=       0.15255
[job(1025): 2016-09-10 00:26:58] At iterate     9  f =      -3.1908  |proj g|=       0.15299
[job(1025): 2016-09-10 00:26:58] At iterate    10  f =      -3.1912  |proj g|=        0.1537
[job(1025): 2016-09-10 00:26:58] At iterate    11  f =      -3.1925  |proj g|=       0.15486
[job(1025): 2016-09-10 00:26:58] At iterate    12  f =      -3.1958  |proj g|=       0.15672
[job(1025): 2016-09-10 00:26:58] At iterate    13  f =      -3.2044  |proj g|=       0.15955
[job(1025): 2016-09-10 00:26:58] At iterate    14  f =      -3.2253  |proj g|=       0.16321
[job(1025): 2016-09-10 00:26:58] At iterate    15  f =      -3.2692  |proj g|=       0.16593
[job(1025): 2016-09-10 00:26:58] At iterate    16  f =      -3.3269  |proj g|=       0.15888
[job(1025): 2016-09-10 00:26:58] At iterate    17  f =      -3.3323  |proj g|=       0.15429
[job(1025): 2016-09-10 00:26:58] At iterate    18  f =      -3.3324  |proj g|=     0.0013508
[job(1025): 2016-09-10 00:26:58] At iterate    19  f =      -3.3324  |proj g|=    8.8703e-07
[job(1025): 2016-09-10 00:26:58] 
[job(1025): 2016-09-10 00:26:58] iterations 19
[job(1025): 2016-09-10 00:26:58] function evaluations 24
[job(1025): 2016-09-10 00:26:58] segments explored during Cauchy searches 19
[job(1025): 2016-09-10 00:26:58] BFGS updates skipped 0
[job(1025): 2016-09-10 00:26:58] active bounds at final generalized Cauchy point 1
[job(1025): 2016-09-10 00:26:58] norm of the final projected gradient 8.87035e-07
[job(1025): 2016-09-10 00:26:58] final function value -3.33236
[job(1025): 2016-09-10 00:26:58] 
[job(1025): 2016-09-10 00:26:58] F = -3.33236
[job(1025): 2016-09-10 00:26:58] final  value -3.332364 
[job(1025): 2016-09-10 00:26:58] converged
[job(1025): 2016-09-10 00:26:58] [Tune-x] 17: C=4.1e+03; sigma=0.204
[job(1025): 2016-09-10 00:26:58] [Tune-y] 17: acc.test.mean=0.947; time: 0.0 min; memory: 117Mb use, 158Mb max
[job(1025): 2016-09-10 00:26:58] 
[job(1025): 2016-09-10 00:26:58] optimisation start
[job(1025): 2016-09-10 00:26:58] ------------------
[job(1025): 2016-09-10 00:26:58] * estimation method   : MLE 
[job(1025): 2016-09-10 00:26:58] * optimisation method : BFGS 
[job(1025): 2016-09-10 00:26:58] * analytical gradient : used
[job(1025): 2016-09-10 00:26:58] * trend model : ~1
[job(1025): 2016-09-10 00:26:58] * covariance model : 
[job(1025): 2016-09-10 00:26:58]   - type :  matern5_2 
[job(1025): 2016-09-10 00:26:58]   - nugget : NO
[job(1025): 2016-09-10 00:26:58]   - parameters lower bounds :  1e-10 1e-10 
[job(1025): 2016-09-10 00:26:58]   - parameters upper bounds :  43.98501 45.22797 
[job(1025): 2016-09-10 00:26:58]   - best initial criterion value(s) :  -10.36242 
[job(1025): 2016-09-10 00:26:58] 
[job(1025): 2016-09-10 00:26:58] N = 2, M = 5 machine precision = 2.22045e-16
[job(1025): 2016-09-10 00:26:58] At X0, 0 variables are exactly at the bounds
[job(1025): 2016-09-10 00:26:58] At iterate     0  f=       10.362  |proj g|=       2.5491
[job(1025): 2016-09-10 00:26:58] At iterate     1  f =       3.1323  |proj g|=             0
[job(1025): 2016-09-10 00:26:58] 
[job(1025): 2016-09-10 00:26:58] iterations 1
[job(1025): 2016-09-10 00:26:58] function evaluations 2
[job(1025): 2016-09-10 00:26:58] segments explored during Cauchy searches 2
[job(1025): 2016-09-10 00:26:58] BFGS updates skipped 0
[job(1025): 2016-09-10 00:26:58] active bounds at final generalized Cauchy point 1
[job(1025): 2016-09-10 00:26:58] norm of the final projected gradient 0
[job(1025): 2016-09-10 00:26:58] final function value 3.13227
[job(1025): 2016-09-10 00:26:58] 
[job(1025): 2016-09-10 00:26:58] F = 3.13227
[job(1025): 2016-09-10 00:26:58] final  value 3.132271 
[job(1025): 2016-09-10 00:26:58] converged
[job(1025): 2016-09-10 00:26:58] [Tune-x] 18: C=18.3; sigma=37.4
[job(1025): 2016-09-10 00:26:58] [Tune-y] 18: acc.test.mean=0.323; time: 0.0 min; memory: 117Mb use, 158Mb max
[job(1025): 2016-09-10 00:26:58] 
[job(1025): 2016-09-10 00:26:58] optimisation start
[job(1025): 2016-09-10 00:26:58] ------------------
[job(1025): 2016-09-10 00:26:58] * estimation method   : MLE 
[job(1025): 2016-09-10 00:26:58] * optimisation method : BFGS 
[job(1025): 2016-09-10 00:26:58] * analytical gradient : used
[job(1025): 2016-09-10 00:26:58] * trend model : ~1
[job(1025): 2016-09-10 00:26:58] * covariance model : 
[job(1025): 2016-09-10 00:26:58]   - type :  matern5_2 
[job(1025): 2016-09-10 00:26:58]   - nugget : NO
[job(1025): 2016-09-10 00:26:58]   - parameters lower bounds :  1e-10 1e-10 
[job(1025): 2016-09-10 00:26:58]   - parameters upper bounds :  43.98501 45.22797 
[job(1025): 2016-09-10 00:26:58]   - best initial criterion value(s) :  3.273558 
[job(1025): 2016-09-10 00:26:58] 
[job(1025): 2016-09-10 00:26:58] N = 2, M = 5 machine precision = 2.22045e-16
[job(1025): 2016-09-10 00:26:58] At X0, 0 variables are exactly at the bounds
[job(1025): 2016-09-10 00:26:58] At iterate     0  f=      -3.2736  |proj g|=       25.125
[job(1025): 2016-09-10 00:26:58] At iterate     1  f =      -3.7029  |proj g|=       0.14513
[job(1025): 2016-09-10 00:26:58] At iterate     2  f =      -3.7089  |proj g|=        0.2586
[job(1025): 2016-09-10 00:26:58] At iterate     3  f =       -3.709  |proj g|=      0.021722
[job(1025): 2016-09-10 00:26:58] At iterate     4  f =       -3.709  |proj g|=      0.021724
[job(1025): 2016-09-10 00:26:58] At iterate     5  f =       -3.709  |proj g|=       0.14144
[job(1025): 2016-09-10 00:26:58] At iterate     6  f =      -3.7091  |proj g|=       0.14164
[job(1025): 2016-09-10 00:26:58] At iterate     7  f =      -3.7093  |proj g|=       0.14199
[job(1025): 2016-09-10 00:26:58] At iterate     8  f =      -3.7098  |proj g|=       0.14254
[job(1025): 2016-09-10 00:26:58] At iterate     9  f =      -3.7112  |proj g|=       0.14344
[job(1025): 2016-09-10 00:26:58] At iterate    10  f =      -3.7147  |proj g|=       0.14484
[job(1025): 2016-09-10 00:26:58] At iterate    11  f =      -3.7239  |proj g|=       0.14697
[job(1025): 2016-09-10 00:26:58] At iterate    12  f =      -3.7464  |proj g|=       0.14977
[job(1025): 2016-09-10 00:26:58] At iterate    13  f =      -3.7944  |proj g|=       0.15199
[job(1025): 2016-09-10 00:26:58] At iterate    14  f =      -3.8576  |proj g|=       0.14743
[job(1025): 2016-09-10 00:26:58] At iterate    15  f =      -3.8667  |proj g|=        0.1432
[job(1025): 2016-09-10 00:26:58] At iterate    16  f =      -3.8668  |proj g|=     0.0034627
[job(1025): 2016-09-10 00:26:58] At iterate    17  f =      -3.8668  |proj g|=    3.3203e-06
[job(1025): 2016-09-10 00:26:58] 
[job(1025): 2016-09-10 00:26:58] iterations 17
[job(1025): 2016-09-10 00:26:58] function evaluations 23
[job(1025): 2016-09-10 00:26:58] segments explored during Cauchy searches 17
[job(1025): 2016-09-10 00:26:58] BFGS updates skipped 0
[job(1025): 2016-09-10 00:26:58] active bounds at final generalized Cauchy point 1
[job(1025): 2016-09-10 00:26:58] norm of the final projected gradient 3.32033e-06
[job(1025): 2016-09-10 00:26:58] final function value -3.86675
[job(1025): 2016-09-10 00:26:58] 
[job(1025): 2016-09-10 00:26:58] F = -3.86675
[job(1025): 2016-09-10 00:26:58] final  value -3.866754 
[job(1025): 2016-09-10 00:26:58] converged
[job(1025): 2016-09-10 00:26:58] [Tune-x] 19: C=4.08e+03; sigma=0.211
[job(1025): 2016-09-10 00:26:58] [Tune-y] 19: acc.test.mean=0.952; time: 0.0 min; memory: 117Mb use, 158Mb max
[job(1025): 2016-09-10 00:26:58] 
[job(1025): 2016-09-10 00:26:58] optimisation start
[job(1025): 2016-09-10 00:26:58] ------------------
[job(1025): 2016-09-10 00:26:58] * estimation method   : MLE 
[job(1025): 2016-09-10 00:26:58] * optimisation method : BFGS 
[job(1025): 2016-09-10 00:26:58] * analytical gradient : used
[job(1025): 2016-09-10 00:26:58] * trend model : ~1
[job(1025): 2016-09-10 00:26:58] * covariance model : 
[job(1025): 2016-09-10 00:26:58]   - type :  matern5_2 
[job(1025): 2016-09-10 00:26:58]   - nugget : NO
[job(1025): 2016-09-10 00:26:58]   - parameters lower bounds :  1e-10 1e-10 
[job(1025): 2016-09-10 00:26:58]   - parameters upper bounds :  43.98501 45.22797 
[job(1025): 2016-09-10 00:26:58]   - best initial criterion value(s) :  -9.031643 
[job(1025): 2016-09-10 00:26:58] 
[job(1025): 2016-09-10 00:26:58] N = 2, M = 5 machine precision = 2.22045e-16
[job(1025): 2016-09-10 00:26:58] At X0, 0 variables are exactly at the bounds
[job(1025): 2016-09-10 00:26:58] At iterate     0  f=       9.0316  |proj g|=        2.151
[job(1025): 2016-09-10 00:26:58] At iterate     1  f =       3.7751  |proj g|=             0
[job(1025): 2016-09-10 00:26:58] 
[job(1025): 2016-09-10 00:26:58] iterations 1
[job(1025): 2016-09-10 00:26:58] function evaluations 2
[job(1025): 2016-09-10 00:26:58] segments explored during Cauchy searches 2
[job(1025): 2016-09-10 00:26:58] BFGS updates skipped 0
[job(1025): 2016-09-10 00:26:58] active bounds at final generalized Cauchy point 1
[job(1025): 2016-09-10 00:26:58] norm of the final projected gradient 0
[job(1025): 2016-09-10 00:26:58] final function value 3.77506
[job(1025): 2016-09-10 00:26:58] 
[job(1025): 2016-09-10 00:26:58] F = 3.77506
[job(1025): 2016-09-10 00:26:58] final  value 3.775062 
[job(1025): 2016-09-10 00:26:58] converged
[job(1025): 2016-09-10 00:26:58] [Tune-x] 20: C=0.000822; sigma=0.00256
[job(1025): 2016-09-10 00:26:58] [Tune-y] 20: acc.test.mean=0.351; time: 0.0 min; memory: 117Mb use, 158Mb max
[job(1025): 2016-09-10 00:26:58] 
[job(1025): 2016-09-10 00:26:58] optimisation start
[job(1025): 2016-09-10 00:26:58] ------------------
[job(1025): 2016-09-10 00:26:58] * estimation method   : MLE 
[job(1025): 2016-09-10 00:26:58] * optimisation method : BFGS 
[job(1025): 2016-09-10 00:26:58] * analytical gradient : used
[job(1025): 2016-09-10 00:26:58] * trend model : ~1
[job(1025): 2016-09-10 00:26:58] * covariance model : 
[job(1025): 2016-09-10 00:26:58]   - type :  matern5_2 
[job(1025): 2016-09-10 00:26:58]   - nugget : NO
[job(1025): 2016-09-10 00:26:58]   - parameters lower bounds :  1e-10 1e-10 
[job(1025): 2016-09-10 00:26:58]   - parameters upper bounds :  44.49595 45.22797 
[job(1025): 2016-09-10 00:26:58]   - best initial criterion value(s) :  -27.8686 
[job(1025): 2016-09-10 00:26:58] 
[job(1025): 2016-09-10 00:26:58] N = 2, M = 5 machine precision = 2.22045e-16
[job(1025): 2016-09-10 00:26:58] At X0, 0 variables are exactly at the bounds
[job(1025): 2016-09-10 00:26:58] At iterate     0  f=       27.869  |proj g|=       3.1156
[job(1025): 2016-09-10 00:26:58] At iterate     1  f =       4.2449  |proj g|=             0
[job(1025): 2016-09-10 00:26:58] 
[job(1025): 2016-09-10 00:26:58] iterations 1
[job(1025): 2016-09-10 00:26:58] function evaluations 2
[job(1025): 2016-09-10 00:26:58] segments explored during Cauchy searches 2
[job(1025): 2016-09-10 00:26:58] BFGS updates skipped 0
[job(1025): 2016-09-10 00:26:58] active bounds at final generalized Cauchy point 1
[job(1025): 2016-09-10 00:26:58] norm of the final projected gradient 0
[job(1025): 2016-09-10 00:26:58] final function value 4.24493
[job(1025): 2016-09-10 00:26:58] 
[job(1025): 2016-09-10 00:26:58] F = 4.24493
[job(1025): 2016-09-10 00:26:58] final  value 4.244930 
[job(1025): 2016-09-10 00:26:58] converged
[job(1025): 2016-09-10 00:26:58] [Tune-x] 21: C=0.0107; sigma=70.2
[job(1025): 2016-09-10 00:26:58] [Tune-y] 21: acc.test.mean=0.249; time: 0.0 min; memory: 117Mb use, 158Mb max
[job(1025): 2016-09-10 00:26:58] 
[job(1025): 2016-09-10 00:26:58] optimisation start
[job(1025): 2016-09-10 00:26:58] ------------------
[job(1025): 2016-09-10 00:26:58] * estimation method   : MLE 
[job(1025): 2016-09-10 00:26:58] * optimisation method : BFGS 
[job(1025): 2016-09-10 00:26:58] * analytical gradient : used
[job(1025): 2016-09-10 00:26:58] * trend model : ~1
[job(1025): 2016-09-10 00:26:58] * covariance model : 
[job(1025): 2016-09-10 00:26:58]   - type :  matern5_2 
[job(1025): 2016-09-10 00:26:58]   - nugget : NO
[job(1025): 2016-09-10 00:26:58]   - parameters lower bounds :  1e-10 1e-10 
[job(1025): 2016-09-10 00:26:58]   - parameters upper bounds :  44.49595 45.22797 
[job(1025): 2016-09-10 00:26:58]   - best initial criterion value(s) :  -34.87684 
[job(1025): 2016-09-10 00:26:58] 
[job(1025): 2016-09-10 00:26:58] N = 2, M = 5 machine precision = 2.22045e-16
[job(1025): 2016-09-10 00:26:58] At X0, 0 variables are exactly at the bounds
[job(1025): 2016-09-10 00:26:58] At iterate     0  f=       34.877  |proj g|=       5.0166
[job(1025): 2016-09-10 00:26:58] At iterate     1  f =       5.0655  |proj g|=             0
[job(1025): 2016-09-10 00:26:58] 
[job(1025): 2016-09-10 00:26:58] iterations 1
[job(1025): 2016-09-10 00:26:58] function evaluations 2
[job(1025): 2016-09-10 00:26:58] segments explored during Cauchy searches 2
[job(1025): 2016-09-10 00:26:58] BFGS updates skipped 0
[job(1025): 2016-09-10 00:26:58] active bounds at final generalized Cauchy point 1
[job(1025): 2016-09-10 00:26:58] norm of the final projected gradient 0
[job(1025): 2016-09-10 00:26:58] final function value 5.06552
[job(1025): 2016-09-10 00:26:58] 
[job(1025): 2016-09-10 00:26:58] F = 5.06552
[job(1025): 2016-09-10 00:26:58] final  value 5.065517 
[job(1025): 2016-09-10 00:26:58] converged
[job(1025): 2016-09-10 00:26:58] [Tune-x] 22: C=1.83e+03; sigma=0.00222
[job(1025): 2016-09-10 00:26:58] [Tune-y] 22: acc.test.mean=0.941; time: 0.0 min; memory: 117Mb use, 166Mb max
[job(1025): 2016-09-10 00:26:58] 
[job(1025): 2016-09-10 00:26:58] optimisation start
[job(1025): 2016-09-10 00:26:58] ------------------
[job(1025): 2016-09-10 00:26:58] * estimation method   : MLE 
[job(1025): 2016-09-10 00:26:58] * optimisation method : BFGS 
[job(1025): 2016-09-10 00:26:58] * analytical gradient : used
[job(1025): 2016-09-10 00:26:58] * trend model : ~1
[job(1025): 2016-09-10 00:26:58] * covariance model : 
[job(1025): 2016-09-10 00:26:58]   - type :  matern5_2 
[job(1025): 2016-09-10 00:26:58]   - nugget : NO
[job(1025): 2016-09-10 00:26:58]   - parameters lower bounds :  1e-10 1e-10 
[job(1025): 2016-09-10 00:26:58]   - parameters upper bounds :  44.49595 45.22797 
[job(1025): 2016-09-10 00:26:58]   - best initial criterion value(s) :  8.394505 
[job(1025): 2016-09-10 00:26:58] 
[job(1025): 2016-09-10 00:26:58] N = 2, M = 5 machine precision = 2.22045e-16
[job(1025): 2016-09-10 00:26:58] At X0, 0 variables are exactly at the bounds
[job(1025): 2016-09-10 00:26:58] At iterate     0  f=      -8.3945  |proj g|=      0.86498
[job(1025): 2016-09-10 00:26:58] At iterate     1  f =       -9.635  |proj g|=       0.76751
[job(1025): 2016-09-10 00:26:58] At iterate     2  f =      -10.225  |proj g|=        1.2358
[job(1025): 2016-09-10 00:26:58] At iterate     3  f =      -10.237  |proj g|=       0.65048
[job(1025): 2016-09-10 00:26:58] At iterate     4  f =      -10.271  |proj g|=       0.65026
[job(1025): 2016-09-10 00:26:58] At iterate     5  f =      -10.349  |proj g|=       0.67883
[job(1025): 2016-09-10 00:26:58] At iterate     6  f =      -10.542  |proj g|=       0.71214
[job(1025): 2016-09-10 00:26:58] At iterate     7  f =      -10.937  |proj g|=       0.74783
[job(1025): 2016-09-10 00:26:58] At iterate     8  f =      -11.485  |proj g|=       0.75876
[job(1025): 2016-09-10 00:26:58] At iterate     9  f =      -11.812  |proj g|=       0.28216
[job(1025): 2016-09-10 00:26:58] At iterate    10  f =      -11.866  |proj g|=      0.016137
[job(1025): 2016-09-10 00:26:58] At iterate    11  f =      -11.866  |proj g|=     0.0019402
[job(1025): 2016-09-10 00:26:58] At iterate    12  f =      -11.866  |proj g|=    5.4717e-05
[job(1025): 2016-09-10 00:26:58] At iterate    13  f =      -11.866  |proj g|=    5.8552e-08
[job(1025): 2016-09-10 00:26:58] 
[job(1025): 2016-09-10 00:26:58] iterations 13
[job(1025): 2016-09-10 00:26:58] function evaluations 16
[job(1025): 2016-09-10 00:26:58] segments explored during Cauchy searches 14
[job(1025): 2016-09-10 00:26:58] BFGS updates skipped 0
[job(1025): 2016-09-10 00:26:58] active bounds at final generalized Cauchy point 0
[job(1025): 2016-09-10 00:26:58] norm of the final projected gradient 5.85518e-08
[job(1025): 2016-09-10 00:26:58] final function value -11.8663
[job(1025): 2016-09-10 00:26:58] 
[job(1025): 2016-09-10 00:26:58] F = -11.8663
[job(1025): 2016-09-10 00:26:58] final  value -11.866272 
[job(1025): 2016-09-10 00:26:58] converged
[job(1025): 2016-09-10 00:26:58] [Tune-x] 23: C=3.87; sigma=0.22
[job(1025): 2016-09-10 00:26:58] [Tune-y] 23: acc.test.mean=0.915; time: 0.0 min; memory: 117Mb use, 166Mb max
[job(1025): 2016-09-10 00:26:58] 
[job(1025): 2016-09-10 00:26:58] optimisation start
[job(1025): 2016-09-10 00:26:58] ------------------
[job(1025): 2016-09-10 00:26:58] * estimation method   : MLE 
[job(1025): 2016-09-10 00:26:58] * optimisation method : BFGS 
[job(1025): 2016-09-10 00:26:58] * analytical gradient : used
[job(1025): 2016-09-10 00:26:58] * trend model : ~1
[job(1025): 2016-09-10 00:26:58] * covariance model : 
[job(1025): 2016-09-10 00:26:58]   - type :  matern5_2 
[job(1025): 2016-09-10 00:26:58]   - nugget : NO
[job(1025): 2016-09-10 00:26:58]   - parameters lower bounds :  1e-10 1e-10 
[job(1025): 2016-09-10 00:26:58]   - parameters upper bounds :  44.49595 45.22797 
[job(1025): 2016-09-10 00:26:58]   - best initial criterion value(s) :  -13.78579 
[job(1025): 2016-09-10 00:26:58] 
[job(1025): 2016-09-10 00:26:58] N = 2, M = 5 machine precision = 2.22045e-16
[job(1025): 2016-09-10 00:26:58] At X0, 0 variables are exactly at the bounds
[job(1025): 2016-09-10 00:26:58] At iterate     0  f=       13.786  |proj g|=       2.2525
[job(1025): 2016-09-10 00:26:58] At iterate     1  f =       5.1027  |proj g|=             0
[job(1025): 2016-09-10 00:26:58] 
[job(1025): 2016-09-10 00:26:58] iterations 1
[job(1025): 2016-09-10 00:26:58] function evaluations 2
[job(1025): 2016-09-10 00:26:58] segments explored during Cauchy searches 2
[job(1025): 2016-09-10 00:26:58] BFGS updates skipped 0
[job(1025): 2016-09-10 00:26:58] active bounds at final generalized Cauchy point 1
[job(1025): 2016-09-10 00:26:58] norm of the final projected gradient 0
[job(1025): 2016-09-10 00:26:58] final function value 5.1027
[job(1025): 2016-09-10 00:26:58] 
[job(1025): 2016-09-10 00:26:58] F = 5.1027
[job(1025): 2016-09-10 00:26:58] final  value 5.102696 
[job(1025): 2016-09-10 00:26:58] converged
[job(1025): 2016-09-10 00:26:58] [Tune-x] 24: C=0.0351; sigma=13.2
[job(1025): 2016-09-10 00:26:58] [Tune-y] 24: acc.test.mean=0.334; time: 0.0 min; memory: 117Mb use, 166Mb max
[job(1025): 2016-09-10 00:26:58] 
[job(1025): 2016-09-10 00:26:58] optimisation start
[job(1025): 2016-09-10 00:26:58] ------------------
[job(1025): 2016-09-10 00:26:58] * estimation method   : MLE 
[job(1025): 2016-09-10 00:26:58] * optimisation method : BFGS 
[job(1025): 2016-09-10 00:26:58] * analytical gradient : used
[job(1025): 2016-09-10 00:26:58] * trend model : ~1
[job(1025): 2016-09-10 00:26:58] * covariance model : 
[job(1025): 2016-09-10 00:26:58]   - type :  matern5_2 
[job(1025): 2016-09-10 00:26:58]   - nugget : NO
[job(1025): 2016-09-10 00:26:58]   - parameters lower bounds :  1e-10 1e-10 
[job(1025): 2016-09-10 00:26:58]   - parameters upper bounds :  44.49595 45.22797 
[job(1025): 2016-09-10 00:26:58]   - best initial criterion value(s) :  5.261533 
[job(1025): 2016-09-10 00:26:58] 
[job(1025): 2016-09-10 00:26:58] N = 2, M = 5 machine precision = 2.22045e-16
[job(1025): 2016-09-10 00:26:58] At X0, 0 variables are exactly at the bounds
[job(1025): 2016-09-10 00:26:58] At iterate     0  f=      -5.2615  |proj g|=       6.8431
[job(1025): 2016-09-10 00:26:58] At iterate     1  f =      -5.8571  |proj g|=        1.1684
[job(1025): 2016-09-10 00:26:58] At iterate     2  f =      -5.8976  |proj g|=        1.1385
[job(1025): 2016-09-10 00:26:58] At iterate     3  f =      -6.0008  |proj g|=        1.0917
[job(1025): 2016-09-10 00:26:58] At iterate     4  f =      -6.3085  |proj g|=        0.9945
[job(1025): 2016-09-10 00:26:58] At iterate     5  f =      -7.0471  |proj g|=        1.0037
[job(1025): 2016-09-10 00:26:58] At iterate     6  f =      -8.8675  |proj g|=        1.0185
[job(1025): 2016-09-10 00:26:58] At iterate     7  f =      -11.914  |proj g|=       0.91003
[job(1025): 2016-09-10 00:26:58] At iterate     8  f =      -13.202  |proj g|=        4.0878
[job(1025): 2016-09-10 00:26:58] At iterate     9  f =      -13.772  |proj g|=      0.080298
[job(1025): 2016-09-10 00:26:58] At iterate    10  f =      -13.791  |proj g|=      0.090984
[job(1025): 2016-09-10 00:26:58] At iterate    11  f =      -13.791  |proj g|=    0.00084035
[job(1025): 2016-09-10 00:26:58] At iterate    12  f =      -13.791  |proj g|=    5.4541e-06
[job(1025): 2016-09-10 00:26:58] At iterate    13  f =      -13.791  |proj g|=    5.9158e-09
[job(1025): 2016-09-10 00:26:58] 
[job(1025): 2016-09-10 00:26:58] iterations 13
[job(1025): 2016-09-10 00:26:58] function evaluations 17
[job(1025): 2016-09-10 00:26:58] segments explored during Cauchy searches 13
[job(1025): 2016-09-10 00:26:58] BFGS updates skipped 0
[job(1025): 2016-09-10 00:26:58] active bounds at final generalized Cauchy point 0
[job(1025): 2016-09-10 00:26:58] norm of the final projected gradient 5.91577e-09
[job(1025): 2016-09-10 00:26:58] final function value -13.7908
[job(1025): 2016-09-10 00:26:58] 
[job(1025): 2016-09-10 00:26:58] F = -13.7908
[job(1025): 2016-09-10 00:26:58] final  value -13.790799 
[job(1025): 2016-09-10 00:26:58] converged
[job(1025): 2016-09-10 00:26:58] [Tune-x] 25: C=13.3; sigma=0.116
[job(1025): 2016-09-10 00:26:58] [Tune-y] 25: acc.test.mean=0.916; time: 0.0 min; memory: 117Mb use, 166Mb max
[job(1025): 2016-09-10 00:26:58] 
[job(1025): 2016-09-10 00:26:58] optimisation start
[job(1025): 2016-09-10 00:26:58] ------------------
[job(1025): 2016-09-10 00:26:58] * estimation method   : MLE 
[job(1025): 2016-09-10 00:26:58] * optimisation method : BFGS 
[job(1025): 2016-09-10 00:26:58] * analytical gradient : used
[job(1025): 2016-09-10 00:26:58] * trend model : ~1
[job(1025): 2016-09-10 00:26:58] * covariance model : 
[job(1025): 2016-09-10 00:26:58]   - type :  matern5_2 
[job(1025): 2016-09-10 00:26:58]   - nugget : NO
[job(1025): 2016-09-10 00:26:58]   - parameters lower bounds :  1e-10 1e-10 
[job(1025): 2016-09-10 00:26:58]   - parameters upper bounds :  44.49595 45.22797 
[job(1025): 2016-09-10 00:26:58]   - best initial criterion value(s) :  1.938195 
[job(1025): 2016-09-10 00:26:58] 
[job(1025): 2016-09-10 00:26:58] N = 2, M = 5 machine precision = 2.22045e-16
[job(1025): 2016-09-10 00:26:58] At X0, 0 variables are exactly at the bounds
[job(1025): 2016-09-10 00:26:58] At iterate     0  f=      -1.9382  |proj g|=       7.2713
[job(1025): 2016-09-10 00:26:58] At iterate     1  f =      -2.7123  |proj g|=        1.1505
[job(1025): 2016-09-10 00:26:58] At iterate     2  f =      -2.7562  |proj g|=        1.1191
[job(1025): 2016-09-10 00:26:58] At iterate     3  f =      -2.8861  |proj g|=        1.0637
[job(1025): 2016-09-10 00:26:58] At iterate     4  f =      -3.2445  |proj g|=        1.1059
[job(1025): 2016-09-10 00:26:58] At iterate     5  f =      -4.1489  |proj g|=         1.155
[job(1025): 2016-09-10 00:26:58] At iterate     6  f =      -6.4376  |proj g|=        1.1659
[job(1025): 2016-09-10 00:26:58] At iterate     7  f =      -10.731  |proj g|=        1.0123
[job(1025): 2016-09-10 00:26:58] At iterate     8  f =       -13.09  |proj g|=       0.76806
[job(1025): 2016-09-10 00:26:58] At iterate     9  f =        -14.7  |proj g|=        1.0221
[job(1025): 2016-09-10 00:26:58] At iterate    10  f =      -14.728  |proj g|=       0.02816
[job(1025): 2016-09-10 00:26:58] At iterate    11  f =      -14.728  |proj g|=       0.01109
[job(1025): 2016-09-10 00:26:58] At iterate    12  f =      -14.728  |proj g|=    0.00036262
[job(1025): 2016-09-10 00:26:58] At iterate    13  f =      -14.728  |proj g|=    6.2816e-06
[job(1025): 2016-09-10 00:26:58] 
[job(1025): 2016-09-10 00:26:58] iterations 13
[job(1025): 2016-09-10 00:26:58] function evaluations 16
[job(1025): 2016-09-10 00:26:58] segments explored during Cauchy searches 13
[job(1025): 2016-09-10 00:26:58] BFGS updates skipped 0
[job(1025): 2016-09-10 00:26:58] active bounds at final generalized Cauchy point 0
[job(1025): 2016-09-10 00:26:58] norm of the final projected gradient 6.28156e-06
[job(1025): 2016-09-10 00:26:58] final function value -14.728
[job(1025): 2016-09-10 00:26:58] 
[job(1025): 2016-09-10 00:26:58] F = -14.728
[job(1025): 2016-09-10 00:26:58] final  value -14.727973 
[job(1025): 2016-09-10 00:26:58] converged
[job(1025): 2016-09-10 00:26:58] [Tune-x] 26: C=4.09e+03; sigma=0.211
[job(1025): 2016-09-10 00:26:58] [Tune-y] 26: acc.test.mean=0.937; time: 0.0 min; memory: 117Mb use, 166Mb max
[job(1025): 2016-09-10 00:26:58] 
[job(1025): 2016-09-10 00:26:58] optimisation start
[job(1025): 2016-09-10 00:26:58] ------------------
[job(1025): 2016-09-10 00:26:58] * estimation method   : MLE 
[job(1025): 2016-09-10 00:26:58] * optimisation method : BFGS 
[job(1025): 2016-09-10 00:26:58] * analytical gradient : used
[job(1025): 2016-09-10 00:26:58] * trend model : ~1
[job(1025): 2016-09-10 00:26:58] * covariance model : 
[job(1025): 2016-09-10 00:26:58]   - type :  matern5_2 
[job(1025): 2016-09-10 00:26:58]   - nugget : NO
[job(1025): 2016-09-10 00:26:58]   - parameters lower bounds :  1e-10 1e-10 
[job(1025): 2016-09-10 00:26:58]   - parameters upper bounds :  44.49595 45.22797 
[job(1025): 2016-09-10 00:26:58]   - best initial criterion value(s) :  -119.1948 
[job(1025): 2016-09-10 00:26:58] 
[job(1025): 2016-09-10 00:26:58] N = 2, M = 5 machine precision = 2.22045e-16
[job(1025): 2016-09-10 00:26:58] At X0, 0 variables are exactly at the bounds
[job(1025): 2016-09-10 00:26:58] At iterate     0  f=       119.19  |proj g|=       1.5504
[job(1025): 2016-09-10 00:26:58] At iterate     1  f =       117.38  |proj g|=        1.0313
[job(1025): 2016-09-10 00:26:58] At iterate     2  f =       114.86  |proj g|=        2.6202
[job(1025): 2016-09-10 00:26:58] At iterate     3  f =        5.553  |proj g|=             0
[job(1025): 2016-09-10 00:26:58] 
[job(1025): 2016-09-10 00:26:58] iterations 3
[job(1025): 2016-09-10 00:26:58] function evaluations 4
[job(1025): 2016-09-10 00:26:58] segments explored during Cauchy searches 3
[job(1025): 2016-09-10 00:26:58] BFGS updates skipped 0
[job(1025): 2016-09-10 00:26:58] active bounds at final generalized Cauchy point 0
[job(1025): 2016-09-10 00:26:58] norm of the final projected gradient 0
[job(1025): 2016-09-10 00:26:58] final function value 5.55297
[job(1025): 2016-09-10 00:26:58] 
[job(1025): 2016-09-10 00:26:58] F = 5.55297
[job(1025): 2016-09-10 00:26:58] final  value 5.552968 
[job(1025): 2016-09-10 00:26:58] converged
[job(1025): 2016-09-10 00:26:58] [Tune-x] 27: C=0.0267; sigma=490
[job(1025): 2016-09-10 00:26:58] [Tune-y] 27: acc.test.mean=0.259; time: 0.0 min; memory: 117Mb use, 166Mb max
[job(1025): 2016-09-10 00:26:58] 
[job(1025): 2016-09-10 00:26:58] optimisation start
[job(1025): 2016-09-10 00:26:58] ------------------
[job(1025): 2016-09-10 00:26:58] * estimation method   : MLE 
[job(1025): 2016-09-10 00:26:58] * optimisation method : BFGS 
[job(1025): 2016-09-10 00:26:58] * analytical gradient : used
[job(1025): 2016-09-10 00:26:58] * trend model : ~1
[job(1025): 2016-09-10 00:26:58] * covariance model : 
[job(1025): 2016-09-10 00:26:58]   - type :  matern5_2 
[job(1025): 2016-09-10 00:26:58]   - nugget : NO
[job(1025): 2016-09-10 00:26:58]   - parameters lower bounds :  1e-10 1e-10 
[job(1025): 2016-09-10 00:26:58]   - parameters upper bounds :  44.49595 45.22797 
[job(1025): 2016-09-10 00:26:58]   - best initial criterion value(s) :  -127.1833 
[job(1025): 2016-09-10 00:26:58] 
[job(1025): 2016-09-10 00:26:58] N = 2, M = 5 machine precision = 2.22045e-16
[job(1025): 2016-09-10 00:26:58] At X0, 0 variables are exactly at the bounds
[job(1025): 2016-09-10 00:26:58] At iterate     0  f=       127.18  |proj g|=       2.5282
[job(1025): 2016-09-10 00:26:58] At iterate     1  f =        121.8  |proj g|=        1.9393
[job(1025): 2016-09-10 00:26:58] At iterate     2  f =       120.01  |proj g|=        1.1961
[job(1025): 2016-09-10 00:26:58] At iterate     3  f =        6.345  |proj g|=             0
[job(1025): 2016-09-10 00:26:58] 
[job(1025): 2016-09-10 00:26:58] iterations 3
[job(1025): 2016-09-10 00:26:58] function evaluations 4
[job(1025): 2016-09-10 00:26:58] segments explored during Cauchy searches 3
[job(1025): 2016-09-10 00:26:58] BFGS updates skipped 0
[job(1025): 2016-09-10 00:26:58] active bounds at final generalized Cauchy point 0
[job(1025): 2016-09-10 00:26:58] norm of the final projected gradient 0
[job(1025): 2016-09-10 00:26:58] final function value 6.34503
[job(1025): 2016-09-10 00:26:58] 
[job(1025): 2016-09-10 00:26:58] F = 6.34503
[job(1025): 2016-09-10 00:26:58] final  value 6.345027 
[job(1025): 2016-09-10 00:26:58] converged
[job(1025): 2016-09-10 00:26:58] [Tune-x] 28: C=0.0112; sigma=0.000433
[job(1025): 2016-09-10 00:26:58] [Tune-y] 28: acc.test.mean=0.381; time: 0.0 min; memory: 117Mb use, 166Mb max
[job(1025): 2016-09-10 00:26:58] 
[job(1025): 2016-09-10 00:26:58] optimisation start
[job(1025): 2016-09-10 00:26:58] ------------------
[job(1025): 2016-09-10 00:26:58] * estimation method   : MLE 
[job(1025): 2016-09-10 00:26:58] * optimisation method : BFGS 
[job(1025): 2016-09-10 00:26:58] * analytical gradient : used
[job(1025): 2016-09-10 00:26:58] * trend model : ~1
[job(1025): 2016-09-10 00:26:58] * covariance model : 
[job(1025): 2016-09-10 00:26:58]   - type :  matern5_2 
[job(1025): 2016-09-10 00:26:58]   - nugget : NO
[job(1025): 2016-09-10 00:26:58]   - parameters lower bounds :  1e-10 1e-10 
[job(1025): 2016-09-10 00:26:58]   - parameters upper bounds :  44.49595 45.22797 
[job(1025): 2016-09-10 00:26:58]   - best initial criterion value(s) :  -101.5775 
[job(1025): 2016-09-10 00:26:58] 
[job(1025): 2016-09-10 00:26:58] N = 2, M = 5 machine precision = 2.22045e-16
[job(1025): 2016-09-10 00:26:58] At X0, 0 variables are exactly at the bounds
[job(1025): 2016-09-10 00:26:58] At iterate     0  f=       101.58  |proj g|=      0.51525
[job(1025): 2016-09-10 00:26:58] At iterate     1  f =       6.5845  |proj g|=             0
[job(1025): 2016-09-10 00:26:58] 
[job(1025): 2016-09-10 00:26:58] iterations 1
[job(1025): 2016-09-10 00:26:58] function evaluations 2
[job(1025): 2016-09-10 00:26:58] segments explored during Cauchy searches 2
[job(1025): 2016-09-10 00:26:58] BFGS updates skipped 0
[job(1025): 2016-09-10 00:26:58] active bounds at final generalized Cauchy point 1
[job(1025): 2016-09-10 00:26:58] norm of the final projected gradient 0
[job(1025): 2016-09-10 00:26:58] final function value 6.58449
[job(1025): 2016-09-10 00:26:58] 
[job(1025): 2016-09-10 00:26:58] F = 6.58449
[job(1025): 2016-09-10 00:26:58] final  value 6.584492 
[job(1025): 2016-09-10 00:26:58] converged
[job(1025): 2016-09-10 00:26:58] [Tune] Result: C=4.08e+03; sigma=0.211 : acc.test.mean=-0.952
[job(1025): 2016-09-10 00:26:58] Job terminated successfully
[job(chunk): 2016-09-10 00:26:58] Calculation finished!
