[job(chunk): 2016-09-10 00:48:55] Starting calculation of 1 jobs
[job(chunk): 2016-09-10 00:48:55] Setting working directory to '/naslx/projects/pr74ze/ri89coc2/svm_comparison'
[job(chunk): 2016-09-10 00:48:55] Memory measurement disabled
[job(1329): 2016-09-10 00:48:57] Starting job with job.id=1329
[job(1329): 2016-09-10 00:49:58] Generating problem instance for problem '1552' ...
[job(1329): 2016-09-10 00:49:58] Downloading from 'http://www.openml.org/api/v1/data/1552' to '/tmp/ri89coc2/Rtmp2xEJNT/cache/datasets/1552/description.xml'.
[job(1329): 2016-09-10 00:49:58] Downloading from 'http://www.openml.org/data/download/1593748/phpmRPvKy' to '/tmp/ri89coc2/Rtmp2xEJNT/cache/datasets/1552/dataset.arff'
[job(1329): 2016-09-10 00:49:58] Loading required package: readr
[job(1329): 2016-09-10 00:49:58] Applying algorithm 'C-svc.tuned' on problem '1552' ...
[job(1329): 2016-09-10 00:49:58] Data '1552' file 'description.xml' found in cache.
[job(1329): 2016-09-10 00:49:58] Data '1552' file 'dataset.arff' found in cache.
[job(1329): 2016-09-10 00:49:58] [Tune] Started tuning learner C-svc for parameter set:
[job(1329): 2016-09-10 00:49:58]          Type len Def    Constr Req Tunable Trafo
[job(1329): 2016-09-10 00:49:58] C     numeric   -   - -12 to 12   -    TRUE     Y
[job(1329): 2016-09-10 00:49:58] sigma numeric   -   - -12 to 12   -    TRUE     Y
[job(1329): 2016-09-10 00:49:58] With control class: TuneControlMBO
[job(1329): 2016-09-10 00:49:58] Imputation value: -0
[job(1329): 2016-09-10 00:49:58] [Tune-x] 1: C=38.6; sigma=0.00482
[job(1329): 2016-09-10 00:49:58] [Tune-y] 1: acc.test.mean=0.343; time: 0.0 min; memory: 113Mb use, 156Mb max
[job(1329): 2016-09-10 00:49:58] [Tune-x] 2: C=0.0029; sigma=8.7
[job(1329): 2016-09-10 00:49:58] [Tune-y] 2: acc.test.mean=0.277; time: 0.0 min; memory: 113Mb use, 156Mb max
[job(1329): 2016-09-10 00:49:58] [Tune-x] 3: C=2.35; sigma=0.149
[job(1329): 2016-09-10 00:49:58] [Tune-y] 3: acc.test.mean=0.324; time: 0.0 min; memory: 113Mb use, 156Mb max
[job(1329): 2016-09-10 00:49:58] [Tune-x] 4: C=100; sigma=2.15
[job(1329): 2016-09-10 00:49:58] [Tune-y] 4: acc.test.mean=0.276; time: 0.0 min; memory: 113Mb use, 156Mb max
[job(1329): 2016-09-10 00:49:58] [Tune-x] 5: C=0.000573; sigma=0.1
[job(1329): 2016-09-10 00:49:58] [Tune-y] 5: acc.test.mean=0.277; time: 0.0 min; memory: 113Mb use, 156Mb max
[job(1329): 2016-09-10 00:49:58] [Tune-x] 6: C=0.0814; sigma=258
[job(1329): 2016-09-10 00:49:58] [Tune-y] 6: acc.test.mean=0.277; time: 0.0 min; memory: 113Mb use, 156Mb max
[job(1329): 2016-09-10 00:49:58] [Tune-x] 7: C=0.59; sigma=0.000778
[job(1329): 2016-09-10 00:49:58] [Tune-y] 7: acc.test.mean=0.277; time: 0.0 min; memory: 113Mb use, 156Mb max
[job(1329): 2016-09-10 00:49:58] [Tune-x] 8: C=3.88e+03; sigma=2.41e+03
[job(1329): 2016-09-10 00:49:58] [Tune-y] 8: acc.test.mean=0.277; time: 0.0 min; memory: 113Mb use, 156Mb max
[job(1329): 2016-09-10 00:49:58] 
[job(1329): 2016-09-10 00:49:58] optimisation start
[job(1329): 2016-09-10 00:49:58] ------------------
[job(1329): 2016-09-10 00:49:58] * estimation method   : MLE 
[job(1329): 2016-09-10 00:49:58] * optimisation method : BFGS 
[job(1329): 2016-09-10 00:49:58] * analytical gradient : used
[job(1329): 2016-09-10 00:49:58] * trend model : ~1
[job(1329): 2016-09-10 00:49:58] * covariance model : 
[job(1329): 2016-09-10 00:49:58]   - type :  matern5_2 
[job(1329): 2016-09-10 00:49:58]   - nugget : NO
[job(1329): 2016-09-10 00:49:58]   - parameters lower bounds :  1e-10 1e-10 
[job(1329): 2016-09-10 00:49:58]   - parameters upper bounds :  45.37973 43.12787 
[job(1329): 2016-09-10 00:49:58]   - best initial criterion value(s) :  16.67987 
[job(1329): 2016-09-10 00:49:58] 
[job(1329): 2016-09-10 00:49:58] N = 2, M = 5 machine precision = 2.22045e-16
[job(1329): 2016-09-10 00:49:58] At X0, 0 variables are exactly at the bounds
[job(1329): 2016-09-10 00:49:58] At iterate     0  f=       -16.68  |proj g|=      0.21462
[job(1329): 2016-09-10 00:49:58] At iterate     1  f =      -16.743  |proj g|=       0.26043
[job(1329): 2016-09-10 00:49:58] ys=-9.494e-03  -gs= 5.906e-02, BFGS update SKIPPED
[job(1329): 2016-09-10 00:49:58] At iterate     2  f =      -18.081  |proj g|=             0
[job(1329): 2016-09-10 00:49:58] 
[job(1329): 2016-09-10 00:49:58] iterations 2
[job(1329): 2016-09-10 00:49:58] function evaluations 5
[job(1329): 2016-09-10 00:49:58] segments explored during Cauchy searches 2
[job(1329): 2016-09-10 00:49:58] BFGS updates skipped 1
[job(1329): 2016-09-10 00:49:58] active bounds at final generalized Cauchy point 0
[job(1329): 2016-09-10 00:49:58] norm of the final projected gradient 0
[job(1329): 2016-09-10 00:49:58] final function value -18.0807
[job(1329): 2016-09-10 00:49:58] 
[job(1329): 2016-09-10 00:49:58] F = -18.0807
[job(1329): 2016-09-10 00:49:58] final  value -18.080725 
[job(1329): 2016-09-10 00:49:58] converged
[job(1329): 2016-09-10 00:49:58] [Tune-x] 9: C=9.34; sigma=1.97
[job(1329): 2016-09-10 00:49:58] [Tune-y] 9: acc.test.mean=0.277; time: 0.0 min; memory: 117Mb use, 156Mb max
[job(1329): 2016-09-10 00:49:58] 
[job(1329): 2016-09-10 00:49:58] optimisation start
[job(1329): 2016-09-10 00:49:58] ------------------
[job(1329): 2016-09-10 00:49:58] * estimation method   : MLE 
[job(1329): 2016-09-10 00:49:58] * optimisation method : BFGS 
[job(1329): 2016-09-10 00:49:58] * analytical gradient : used
[job(1329): 2016-09-10 00:49:58] * trend model : ~1
[job(1329): 2016-09-10 00:49:58] * covariance model : 
[job(1329): 2016-09-10 00:49:58]   - type :  matern5_2 
[job(1329): 2016-09-10 00:49:58]   - nugget : NO
[job(1329): 2016-09-10 00:49:58]   - parameters lower bounds :  1e-10 1e-10 
[job(1329): 2016-09-10 00:49:58]   - parameters upper bounds :  45.37973 43.12787 
[job(1329): 2016-09-10 00:49:58]   - best initial criterion value(s) :  20.73419 
[job(1329): 2016-09-10 00:49:58] 
[job(1329): 2016-09-10 00:49:58] N = 2, M = 5 machine precision = 2.22045e-16
[job(1329): 2016-09-10 00:49:58] At X0, 0 variables are exactly at the bounds
[job(1329): 2016-09-10 00:49:58] At iterate     0  f=      -20.734  |proj g|=     0.078259
[job(1329): 2016-09-10 00:49:58] At iterate     1  f =      -20.741  |proj g|=      0.060689
[job(1329): 2016-09-10 00:49:58] At iterate     2  f =      -20.884  |proj g|=      0.094483
[job(1329): 2016-09-10 00:49:58] At iterate     3  f =      -20.918  |proj g|=      0.074703
[job(1329): 2016-09-10 00:49:58] At iterate     4  f =      -20.948  |proj g|=       0.08733
[job(1329): 2016-09-10 00:49:58] At iterate     5  f =      -21.032  |proj g|=       0.11027
[job(1329): 2016-09-10 00:49:58] At iterate     6  f =      -21.037  |proj g|=       0.11113
[job(1329): 2016-09-10 00:49:58] At iterate     7  f =      -21.195  |proj g|=       0.56677
[job(1329): 2016-09-10 00:49:58] At iterate     8  f =      -21.334  |proj g|=       0.21414
[job(1329): 2016-09-10 00:49:58] At iterate     9  f =      -21.371  |proj g|=       0.18418
[job(1329): 2016-09-10 00:49:58] At iterate    10  f =      -21.403  |proj g|=       0.11473
[job(1329): 2016-09-10 00:49:58] At iterate    11  f =      -21.415  |proj g|=      0.063426
[job(1329): 2016-09-10 00:49:58] At iterate    12  f =      -21.434  |proj g|=      0.070478
[job(1329): 2016-09-10 00:49:58] At iterate    13  f =      -21.455  |proj g|=       0.18909
[job(1329): 2016-09-10 00:49:58] At iterate    14  f =      -21.477  |proj g|=     0.0096576
[job(1329): 2016-09-10 00:49:58] At iterate    15  f =      -21.487  |proj g|=     0.0043552
[job(1329): 2016-09-10 00:49:58] At iterate    16  f =      -21.494  |proj g|=      0.013083
[job(1329): 2016-09-10 00:49:58] At iterate    17  f =      -21.497  |proj g|=      0.054418
[job(1329): 2016-09-10 00:49:58] At iterate    18  f =        -21.5  |proj g|=      0.074347
[job(1329): 2016-09-10 00:49:58] At iterate    19  f =      -21.501  |proj g|=      0.034091
[job(1329): 2016-09-10 00:49:58] At iterate    20  f =      -21.502  |proj g|=     0.0033048
[job(1329): 2016-09-10 00:49:58] At iterate    21  f =      -21.502  |proj g|=    0.00016813
[job(1329): 2016-09-10 00:49:58] At iterate    22  f =      -21.502  |proj g|=    1.3779e-07
[job(1329): 2016-09-10 00:49:58] 
[job(1329): 2016-09-10 00:49:58] iterations 22
[job(1329): 2016-09-10 00:49:58] function evaluations 32
[job(1329): 2016-09-10 00:49:58] segments explored during Cauchy searches 22
[job(1329): 2016-09-10 00:49:58] BFGS updates skipped 0
[job(1329): 2016-09-10 00:49:58] active bounds at final generalized Cauchy point 1
[job(1329): 2016-09-10 00:49:58] norm of the final projected gradient 1.37788e-07
[job(1329): 2016-09-10 00:49:58] final function value -21.502
[job(1329): 2016-09-10 00:49:58] 
[job(1329): 2016-09-10 00:49:58] F = -21.502
[job(1329): 2016-09-10 00:49:58] final  value -21.501968 
[job(1329): 2016-09-10 00:49:58] converged
[job(1329): 2016-09-10 00:49:58] [Tune-x] 10: C=38.6; sigma=0.00482
[job(1329): 2016-09-10 00:49:58] [Tune-y] 10: acc.test.mean=0.365; time: 0.0 min; memory: 117Mb use, 156Mb max
[job(1329): 2016-09-10 00:49:58] 
[job(1329): 2016-09-10 00:49:58] optimisation start
[job(1329): 2016-09-10 00:49:58] ------------------
[job(1329): 2016-09-10 00:49:58] * estimation method   : MLE 
[job(1329): 2016-09-10 00:49:58] * optimisation method : BFGS 
[job(1329): 2016-09-10 00:49:58] * analytical gradient : used
[job(1329): 2016-09-10 00:49:58] * trend model : ~1
[job(1329): 2016-09-10 00:49:58] * covariance model : 
[job(1329): 2016-09-10 00:49:58]   - type :  matern5_2 
[job(1329): 2016-09-10 00:49:58]   - nugget : NO
[job(1329): 2016-09-10 00:49:58]   - parameters lower bounds :  1e-10 1e-10 
[job(1329): 2016-09-10 00:49:58]   - parameters upper bounds :  45.37973 43.12787 
[job(1329): 2016-09-10 00:49:58]   - best initial criterion value(s) :  -34.01733 
[job(1329): 2016-09-10 00:49:58] 
[job(1329): 2016-09-10 00:49:58] N = 2, M = 5 machine precision = 2.22045e-16
[job(1329): 2016-09-10 00:49:58] At X0, 0 variables are exactly at the bounds
[job(1329): 2016-09-10 00:49:58] At iterate     0  f=       34.017  |proj g|=      0.20458
[job(1329): 2016-09-10 00:49:58] At iterate     1  f =      -20.162  |proj g|=             0
[job(1329): 2016-09-10 00:49:58] 
[job(1329): 2016-09-10 00:49:58] iterations 1
[job(1329): 2016-09-10 00:49:58] function evaluations 2
[job(1329): 2016-09-10 00:49:58] segments explored during Cauchy searches 2
[job(1329): 2016-09-10 00:49:58] BFGS updates skipped 0
[job(1329): 2016-09-10 00:49:58] active bounds at final generalized Cauchy point 1
[job(1329): 2016-09-10 00:49:58] norm of the final projected gradient 0
[job(1329): 2016-09-10 00:49:58] final function value -20.1622
[job(1329): 2016-09-10 00:49:58] 
[job(1329): 2016-09-10 00:49:58] F = -20.1622
[job(1329): 2016-09-10 00:49:58] final  value -20.162194 
[job(1329): 2016-09-10 00:49:58] converged
[job(1329): 2016-09-10 00:49:58] [Tune-x] 11: C=57.3; sigma=577
[job(1329): 2016-09-10 00:49:58] [Tune-y] 11: acc.test.mean=0.277; time: 0.0 min; memory: 117Mb use, 163Mb max
[job(1329): 2016-09-10 00:49:58] 
[job(1329): 2016-09-10 00:49:58] optimisation start
[job(1329): 2016-09-10 00:49:58] ------------------
[job(1329): 2016-09-10 00:49:58] * estimation method   : MLE 
[job(1329): 2016-09-10 00:49:58] * optimisation method : BFGS 
[job(1329): 2016-09-10 00:49:58] * analytical gradient : used
[job(1329): 2016-09-10 00:49:58] * trend model : ~1
[job(1329): 2016-09-10 00:49:58] * covariance model : 
[job(1329): 2016-09-10 00:49:58]   - type :  matern5_2 
[job(1329): 2016-09-10 00:49:58]   - nugget : NO
[job(1329): 2016-09-10 00:49:58]   - parameters lower bounds :  1e-10 1e-10 
[job(1329): 2016-09-10 00:49:58]   - parameters upper bounds :  45.37973 43.12787 
[job(1329): 2016-09-10 00:49:58]   - best initial criterion value(s) :  -50.17704 
[job(1329): 2016-09-10 00:49:58] 
[job(1329): 2016-09-10 00:49:58] N = 2, M = 5 machine precision = 2.22045e-16
[job(1329): 2016-09-10 00:49:58] At X0, 0 variables are exactly at the bounds
[job(1329): 2016-09-10 00:49:58] At iterate     0  f=       50.177  |proj g|=      0.81734
[job(1329): 2016-09-10 00:49:58] At iterate     1  f =      -22.511  |proj g|=             0
[job(1329): 2016-09-10 00:49:58] 
[job(1329): 2016-09-10 00:49:58] iterations 1
[job(1329): 2016-09-10 00:49:58] function evaluations 2
[job(1329): 2016-09-10 00:49:58] segments explored during Cauchy searches 2
[job(1329): 2016-09-10 00:49:58] BFGS updates skipped 0
[job(1329): 2016-09-10 00:49:58] active bounds at final generalized Cauchy point 1
[job(1329): 2016-09-10 00:49:58] norm of the final projected gradient 0
[job(1329): 2016-09-10 00:49:58] final function value -22.5114
[job(1329): 2016-09-10 00:49:58] 
[job(1329): 2016-09-10 00:49:58] F = -22.5114
[job(1329): 2016-09-10 00:49:58] final  value -22.511381 
[job(1329): 2016-09-10 00:49:58] converged
[job(1329): 2016-09-10 00:49:58] [Tune-x] 12: C=2.23e+03; sigma=966
[job(1329): 2016-09-10 00:49:58] [Tune-y] 12: acc.test.mean=0.277; time: 0.0 min; memory: 117Mb use, 163Mb max
[job(1329): 2016-09-10 00:49:58] 
[job(1329): 2016-09-10 00:49:58] optimisation start
[job(1329): 2016-09-10 00:49:58] ------------------
[job(1329): 2016-09-10 00:49:58] * estimation method   : MLE 
[job(1329): 2016-09-10 00:49:58] * optimisation method : BFGS 
[job(1329): 2016-09-10 00:49:58] * analytical gradient : used
[job(1329): 2016-09-10 00:49:58] * trend model : ~1
[job(1329): 2016-09-10 00:49:58] * covariance model : 
[job(1329): 2016-09-10 00:49:58]   - type :  matern5_2 
[job(1329): 2016-09-10 00:49:58]   - nugget : NO
[job(1329): 2016-09-10 00:49:58]   - parameters lower bounds :  1e-10 1e-10 
[job(1329): 2016-09-10 00:49:58]   - parameters upper bounds :  45.37973 43.12787 
[job(1329): 2016-09-10 00:49:58]   - best initial criterion value(s) :  -50.88161 
[job(1329): 2016-09-10 00:49:58] 
[job(1329): 2016-09-10 00:49:58] N = 2, M = 5 machine precision = 2.22045e-16
[job(1329): 2016-09-10 00:49:58] At X0, 0 variables are exactly at the bounds
[job(1329): 2016-09-10 00:49:58] At iterate     0  f=       50.882  |proj g|=      0.50956
[job(1329): 2016-09-10 00:49:58] At iterate     1  f =      -24.911  |proj g|=             0
[job(1329): 2016-09-10 00:49:58] 
[job(1329): 2016-09-10 00:49:58] iterations 1
[job(1329): 2016-09-10 00:49:58] function evaluations 2
[job(1329): 2016-09-10 00:49:58] segments explored during Cauchy searches 2
[job(1329): 2016-09-10 00:49:58] BFGS updates skipped 0
[job(1329): 2016-09-10 00:49:58] active bounds at final generalized Cauchy point 1
[job(1329): 2016-09-10 00:49:58] norm of the final projected gradient 0
[job(1329): 2016-09-10 00:49:58] final function value -24.9115
[job(1329): 2016-09-10 00:49:58] 
[job(1329): 2016-09-10 00:49:58] F = -24.9115
[job(1329): 2016-09-10 00:49:58] final  value -24.911461 
[job(1329): 2016-09-10 00:49:58] converged
[job(1329): 2016-09-10 00:49:58] [Tune-x] 13: C=0.000731; sigma=3.99
[job(1329): 2016-09-10 00:49:58] [Tune-y] 13: acc.test.mean=0.277; time: 0.0 min; memory: 117Mb use, 163Mb max
[job(1329): 2016-09-10 00:49:58] 
[job(1329): 2016-09-10 00:49:58] optimisation start
[job(1329): 2016-09-10 00:49:58] ------------------
[job(1329): 2016-09-10 00:49:58] * estimation method   : MLE 
[job(1329): 2016-09-10 00:49:58] * optimisation method : BFGS 
[job(1329): 2016-09-10 00:49:58] * analytical gradient : used
[job(1329): 2016-09-10 00:49:58] * trend model : ~1
[job(1329): 2016-09-10 00:49:58] * covariance model : 
[job(1329): 2016-09-10 00:49:58]   - type :  matern5_2 
[job(1329): 2016-09-10 00:49:58]   - nugget : NO
[job(1329): 2016-09-10 00:49:58]   - parameters lower bounds :  1e-10 1e-10 
[job(1329): 2016-09-10 00:49:58]   - parameters upper bounds :  45.37973 43.12787 
[job(1329): 2016-09-10 00:49:58]   - best initial criterion value(s) :  -73.9658 
[job(1329): 2016-09-10 00:49:58] 
[job(1329): 2016-09-10 00:49:58] N = 2, M = 5 machine precision = 2.22045e-16
[job(1329): 2016-09-10 00:49:58] At X0, 0 variables are exactly at the bounds
[job(1329): 2016-09-10 00:49:58] At iterate     0  f=       73.966  |proj g|=       3.2616
[job(1329): 2016-09-10 00:49:58] At iterate     1  f =       43.789  |proj g|=       0.32697
[job(1329): 2016-09-10 00:49:58] ys=-1.114e+02  -gs= 1.066e+01, BFGS update SKIPPED
[job(1329): 2016-09-10 00:49:58] At iterate     2  f =      -27.357  |proj g|=             0
[job(1329): 2016-09-10 00:49:58] 
[job(1329): 2016-09-10 00:49:58] iterations 2
[job(1329): 2016-09-10 00:49:58] function evaluations 3
[job(1329): 2016-09-10 00:49:58] segments explored during Cauchy searches 3
[job(1329): 2016-09-10 00:49:58] BFGS updates skipped 1
[job(1329): 2016-09-10 00:49:58] active bounds at final generalized Cauchy point 1
[job(1329): 2016-09-10 00:49:58] norm of the final projected gradient 0
[job(1329): 2016-09-10 00:49:58] final function value -27.3572
[job(1329): 2016-09-10 00:49:58] 
[job(1329): 2016-09-10 00:49:58] F = -27.3572
[job(1329): 2016-09-10 00:49:58] final  value -27.357162 
[job(1329): 2016-09-10 00:49:58] converged
[job(1329): 2016-09-10 00:49:58] [Tune-x] 14: C=21.6; sigma=0.00107
[job(1329): 2016-09-10 00:49:58] [Tune-y] 14: acc.test.mean=0.303; time: 0.0 min; memory: 117Mb use, 163Mb max
[job(1329): 2016-09-10 00:49:58] 
[job(1329): 2016-09-10 00:49:58] optimisation start
[job(1329): 2016-09-10 00:49:58] ------------------
[job(1329): 2016-09-10 00:49:58] * estimation method   : MLE 
[job(1329): 2016-09-10 00:49:58] * optimisation method : BFGS 
[job(1329): 2016-09-10 00:49:58] * analytical gradient : used
[job(1329): 2016-09-10 00:49:58] * trend model : ~1
[job(1329): 2016-09-10 00:49:58] * covariance model : 
[job(1329): 2016-09-10 00:49:58]   - type :  matern5_2 
[job(1329): 2016-09-10 00:49:58]   - nugget : NO
[job(1329): 2016-09-10 00:49:58]   - parameters lower bounds :  1e-10 1e-10 
[job(1329): 2016-09-10 00:49:58]   - parameters upper bounds :  45.37973 43.12787 
[job(1329): 2016-09-10 00:49:58]   - best initial criterion value(s) :  -70.60154 
[job(1329): 2016-09-10 00:49:58] 
[job(1329): 2016-09-10 00:49:58] N = 2, M = 5 machine precision = 2.22045e-16
[job(1329): 2016-09-10 00:49:58] At X0, 0 variables are exactly at the bounds
[job(1329): 2016-09-10 00:49:58] At iterate     0  f=       70.602  |proj g|=        1.508
[job(1329): 2016-09-10 00:49:58] At iterate     1  f =      -29.914  |proj g|=             0
[job(1329): 2016-09-10 00:49:58] 
[job(1329): 2016-09-10 00:49:58] iterations 1
[job(1329): 2016-09-10 00:49:58] function evaluations 2
[job(1329): 2016-09-10 00:49:58] segments explored during Cauchy searches 2
[job(1329): 2016-09-10 00:49:58] BFGS updates skipped 0
[job(1329): 2016-09-10 00:49:58] active bounds at final generalized Cauchy point 1
[job(1329): 2016-09-10 00:49:58] norm of the final projected gradient 0
[job(1329): 2016-09-10 00:49:58] final function value -29.9136
[job(1329): 2016-09-10 00:49:58] 
[job(1329): 2016-09-10 00:49:58] F = -29.9136
[job(1329): 2016-09-10 00:49:58] final  value -29.913618 
[job(1329): 2016-09-10 00:49:58] converged
[job(1329): 2016-09-10 00:49:58] [Tune-x] 15: C=0.00152; sigma=0.000765
[job(1329): 2016-09-10 00:49:58] [Tune-y] 15: acc.test.mean=0.277; time: 0.0 min; memory: 117Mb use, 163Mb max
[job(1329): 2016-09-10 00:49:58] 
[job(1329): 2016-09-10 00:49:58] optimisation start
[job(1329): 2016-09-10 00:49:58] ------------------
[job(1329): 2016-09-10 00:49:58] * estimation method   : MLE 
[job(1329): 2016-09-10 00:49:58] * optimisation method : BFGS 
[job(1329): 2016-09-10 00:49:58] * analytical gradient : used
[job(1329): 2016-09-10 00:49:58] * trend model : ~1
[job(1329): 2016-09-10 00:49:58] * covariance model : 
[job(1329): 2016-09-10 00:49:58]   - type :  matern5_2 
[job(1329): 2016-09-10 00:49:58]   - nugget : NO
[job(1329): 2016-09-10 00:49:58]   - parameters lower bounds :  1e-10 1e-10 
[job(1329): 2016-09-10 00:49:58]   - parameters upper bounds :  45.37973 43.17701 
[job(1329): 2016-09-10 00:49:58]   - best initial criterion value(s) :  -12.65211 
[job(1329): 2016-09-10 00:49:58] 
[job(1329): 2016-09-10 00:49:58] N = 2, M = 5 machine precision = 2.22045e-16
[job(1329): 2016-09-10 00:49:58] At X0, 0 variables are exactly at the bounds
[job(1329): 2016-09-10 00:49:58] At iterate     0  f=       12.652  |proj g|=     0.012039
[job(1329): 2016-09-10 00:49:58] At iterate     1  f =      -32.408  |proj g|=             0
[job(1329): 2016-09-10 00:49:58] 
[job(1329): 2016-09-10 00:49:58] iterations 1
[job(1329): 2016-09-10 00:49:58] function evaluations 2
[job(1329): 2016-09-10 00:49:58] segments explored during Cauchy searches 2
[job(1329): 2016-09-10 00:49:58] BFGS updates skipped 0
[job(1329): 2016-09-10 00:49:58] active bounds at final generalized Cauchy point 1
[job(1329): 2016-09-10 00:49:58] norm of the final projected gradient 0
[job(1329): 2016-09-10 00:49:58] final function value -32.408
[job(1329): 2016-09-10 00:49:58] 
[job(1329): 2016-09-10 00:49:58] F = -32.408
[job(1329): 2016-09-10 00:49:58] final  value -32.407961 
[job(1329): 2016-09-10 00:49:58] converged
[job(1329): 2016-09-10 00:49:58] [Tune-x] 16: C=66.1; sigma=51.9
[job(1329): 2016-09-10 00:49:58] [Tune-y] 16: acc.test.mean=0.277; time: 0.0 min; memory: 117Mb use, 163Mb max
[job(1329): 2016-09-10 00:49:58] 
[job(1329): 2016-09-10 00:49:58] optimisation start
[job(1329): 2016-09-10 00:49:58] ------------------
[job(1329): 2016-09-10 00:49:58] * estimation method   : MLE 
[job(1329): 2016-09-10 00:49:58] * optimisation method : BFGS 
[job(1329): 2016-09-10 00:49:58] * analytical gradient : used
[job(1329): 2016-09-10 00:49:58] * trend model : ~1
[job(1329): 2016-09-10 00:49:58] * covariance model : 
[job(1329): 2016-09-10 00:49:58]   - type :  matern5_2 
[job(1329): 2016-09-10 00:49:58]   - nugget : NO
[job(1329): 2016-09-10 00:49:58]   - parameters lower bounds :  1e-10 1e-10 
[job(1329): 2016-09-10 00:49:58]   - parameters upper bounds :  45.37973 43.17701 
[job(1329): 2016-09-10 00:49:58]   - best initial criterion value(s) :  -65.88975 
[job(1329): 2016-09-10 00:49:58] 
[job(1329): 2016-09-10 00:49:58] N = 2, M = 5 machine precision = 2.22045e-16
[job(1329): 2016-09-10 00:49:58] At X0, 0 variables are exactly at the bounds
[job(1329): 2016-09-10 00:49:58] At iterate     0  f=        65.89  |proj g|=      0.70106
[job(1329): 2016-09-10 00:49:58] At iterate     1  f =      -34.939  |proj g|=             0
[job(1329): 2016-09-10 00:49:58] 
[job(1329): 2016-09-10 00:49:58] iterations 1
[job(1329): 2016-09-10 00:49:58] function evaluations 2
[job(1329): 2016-09-10 00:49:58] segments explored during Cauchy searches 2
[job(1329): 2016-09-10 00:49:58] BFGS updates skipped 0
[job(1329): 2016-09-10 00:49:58] active bounds at final generalized Cauchy point 1
[job(1329): 2016-09-10 00:49:58] norm of the final projected gradient 0
[job(1329): 2016-09-10 00:49:58] final function value -34.9386
[job(1329): 2016-09-10 00:49:58] 
[job(1329): 2016-09-10 00:49:58] F = -34.9386
[job(1329): 2016-09-10 00:49:58] final  value -34.938584 
[job(1329): 2016-09-10 00:49:58] converged
[job(1329): 2016-09-10 00:49:58] [Tune-x] 17: C=1.63e+03; sigma=7
[job(1329): 2016-09-10 00:49:58] [Tune-y] 17: acc.test.mean=0.277; time: 0.0 min; memory: 117Mb use, 163Mb max
[job(1329): 2016-09-10 00:49:58] 
[job(1329): 2016-09-10 00:49:58] optimisation start
[job(1329): 2016-09-10 00:49:58] ------------------
[job(1329): 2016-09-10 00:49:58] * estimation method   : MLE 
[job(1329): 2016-09-10 00:49:58] * optimisation method : BFGS 
[job(1329): 2016-09-10 00:49:58] * analytical gradient : used
[job(1329): 2016-09-10 00:49:58] * trend model : ~1
[job(1329): 2016-09-10 00:49:58] * covariance model : 
[job(1329): 2016-09-10 00:49:58]   - type :  matern5_2 
[job(1329): 2016-09-10 00:49:58]   - nugget : NO
[job(1329): 2016-09-10 00:49:58]   - parameters lower bounds :  1e-10 1e-10 
[job(1329): 2016-09-10 00:49:58]   - parameters upper bounds :  45.37973 43.17701 
[job(1329): 2016-09-10 00:49:58]   - best initial criterion value(s) :  -61.95113 
[job(1329): 2016-09-10 00:49:58] 
[job(1329): 2016-09-10 00:49:58] N = 2, M = 5 machine precision = 2.22045e-16
[job(1329): 2016-09-10 00:49:58] At X0, 0 variables are exactly at the bounds
[job(1329): 2016-09-10 00:49:58] At iterate     0  f=       61.951  |proj g|=      0.43805
[job(1329): 2016-09-10 00:49:58] At iterate     1  f =      -37.503  |proj g|=             0
[job(1329): 2016-09-10 00:49:58] 
[job(1329): 2016-09-10 00:49:58] iterations 1
[job(1329): 2016-09-10 00:49:58] function evaluations 2
[job(1329): 2016-09-10 00:49:58] segments explored during Cauchy searches 2
[job(1329): 2016-09-10 00:49:58] BFGS updates skipped 0
[job(1329): 2016-09-10 00:49:58] active bounds at final generalized Cauchy point 1
[job(1329): 2016-09-10 00:49:58] norm of the final projected gradient 0
[job(1329): 2016-09-10 00:49:58] final function value -37.5028
[job(1329): 2016-09-10 00:49:58] 
[job(1329): 2016-09-10 00:49:58] F = -37.5028
[job(1329): 2016-09-10 00:49:58] final  value -37.502796 
[job(1329): 2016-09-10 00:49:58] converged
[job(1329): 2016-09-10 00:49:58] [Tune-x] 18: C=0.0637; sigma=2.14
[job(1329): 2016-09-10 00:49:58] [Tune-y] 18: acc.test.mean=0.277; time: 0.0 min; memory: 117Mb use, 163Mb max
[job(1329): 2016-09-10 00:49:58] 
[job(1329): 2016-09-10 00:49:58] optimisation start
[job(1329): 2016-09-10 00:49:58] ------------------
[job(1329): 2016-09-10 00:49:58] * estimation method   : MLE 
[job(1329): 2016-09-10 00:49:58] * optimisation method : BFGS 
[job(1329): 2016-09-10 00:49:58] * analytical gradient : used
[job(1329): 2016-09-10 00:49:58] * trend model : ~1
[job(1329): 2016-09-10 00:49:58] * covariance model : 
[job(1329): 2016-09-10 00:49:58]   - type :  matern5_2 
[job(1329): 2016-09-10 00:49:58]   - nugget : NO
[job(1329): 2016-09-10 00:49:58]   - parameters lower bounds :  1e-10 1e-10 
[job(1329): 2016-09-10 00:49:58]   - parameters upper bounds :  45.37973 43.17701 
[job(1329): 2016-09-10 00:49:58]   - best initial criterion value(s) :  -97.87559 
[job(1329): 2016-09-10 00:49:58] 
[job(1329): 2016-09-10 00:49:58] N = 2, M = 5 machine precision = 2.22045e-16
[job(1329): 2016-09-10 00:49:58] At X0, 0 variables are exactly at the bounds
[job(1329): 2016-09-10 00:49:58] At iterate     0  f=       97.876  |proj g|=       2.1078
[job(1329): 2016-09-10 00:49:58] At iterate     1  f =      -40.098  |proj g|=             0
[job(1329): 2016-09-10 00:49:58] 
[job(1329): 2016-09-10 00:49:58] iterations 1
[job(1329): 2016-09-10 00:49:58] function evaluations 2
[job(1329): 2016-09-10 00:49:58] segments explored during Cauchy searches 2
[job(1329): 2016-09-10 00:49:58] BFGS updates skipped 0
[job(1329): 2016-09-10 00:49:58] active bounds at final generalized Cauchy point 1
[job(1329): 2016-09-10 00:49:58] norm of the final projected gradient 0
[job(1329): 2016-09-10 00:49:58] final function value -40.0983
[job(1329): 2016-09-10 00:49:58] 
[job(1329): 2016-09-10 00:49:58] F = -40.0983
[job(1329): 2016-09-10 00:49:58] final  value -40.098309 
[job(1329): 2016-09-10 00:49:58] converged
[job(1329): 2016-09-10 00:49:58] [Tune-x] 19: C=0.000844; sigma=398
[job(1329): 2016-09-10 00:49:58] [Tune-y] 19: acc.test.mean=0.277; time: 0.0 min; memory: 117Mb use, 163Mb max
[job(1329): 2016-09-10 00:49:58] 
[job(1329): 2016-09-10 00:49:58] optimisation start
[job(1329): 2016-09-10 00:49:58] ------------------
[job(1329): 2016-09-10 00:49:58] * estimation method   : MLE 
[job(1329): 2016-09-10 00:49:58] * optimisation method : BFGS 
[job(1329): 2016-09-10 00:49:58] * analytical gradient : used
[job(1329): 2016-09-10 00:49:58] * trend model : ~1
[job(1329): 2016-09-10 00:49:58] * covariance model : 
[job(1329): 2016-09-10 00:49:58]   - type :  matern5_2 
[job(1329): 2016-09-10 00:49:58]   - nugget : NO
[job(1329): 2016-09-10 00:49:58]   - parameters lower bounds :  1e-10 1e-10 
[job(1329): 2016-09-10 00:49:58]   - parameters upper bounds :  45.37973 43.17701 
[job(1329): 2016-09-10 00:49:58]   - best initial criterion value(s) :  -94.18889 
[job(1329): 2016-09-10 00:49:58] 
[job(1329): 2016-09-10 00:49:58] N = 2, M = 5 machine precision = 2.22045e-16
[job(1329): 2016-09-10 00:49:58] At X0, 0 variables are exactly at the bounds
[job(1329): 2016-09-10 00:49:58] At iterate     0  f=       94.189  |proj g|=       1.5307
[job(1329): 2016-09-10 00:49:58] At iterate     1  f =      -42.723  |proj g|=             0
[job(1329): 2016-09-10 00:49:58] 
[job(1329): 2016-09-10 00:49:58] iterations 1
[job(1329): 2016-09-10 00:49:58] function evaluations 2
[job(1329): 2016-09-10 00:49:58] segments explored during Cauchy searches 2
[job(1329): 2016-09-10 00:49:58] BFGS updates skipped 0
[job(1329): 2016-09-10 00:49:58] active bounds at final generalized Cauchy point 1
[job(1329): 2016-09-10 00:49:58] norm of the final projected gradient 0
[job(1329): 2016-09-10 00:49:58] final function value -42.7231
[job(1329): 2016-09-10 00:49:58] 
[job(1329): 2016-09-10 00:49:58] F = -42.7231
[job(1329): 2016-09-10 00:49:58] final  value -42.723146 
[job(1329): 2016-09-10 00:49:58] converged
[job(1329): 2016-09-10 00:49:58] [Tune-x] 20: C=0.00603; sigma=5.39
[job(1329): 2016-09-10 00:49:58] [Tune-y] 20: acc.test.mean=0.277; time: 0.0 min; memory: 117Mb use, 163Mb max
[job(1329): 2016-09-10 00:49:58] 
[job(1329): 2016-09-10 00:49:58] optimisation start
[job(1329): 2016-09-10 00:49:58] ------------------
[job(1329): 2016-09-10 00:49:58] * estimation method   : MLE 
[job(1329): 2016-09-10 00:49:58] * optimisation method : BFGS 
[job(1329): 2016-09-10 00:49:58] * analytical gradient : used
[job(1329): 2016-09-10 00:49:58] * trend model : ~1
[job(1329): 2016-09-10 00:49:58] * covariance model : 
[job(1329): 2016-09-10 00:49:58]   - type :  matern5_2 
[job(1329): 2016-09-10 00:49:58]   - nugget : NO
[job(1329): 2016-09-10 00:49:58]   - parameters lower bounds :  1e-10 1e-10 
[job(1329): 2016-09-10 00:49:58]   - parameters upper bounds :  45.37973 43.17701 
[job(1329): 2016-09-10 00:49:58]   - best initial criterion value(s) :  -48.39221 
[job(1329): 2016-09-10 00:49:58] 
[job(1329): 2016-09-10 00:49:58] N = 2, M = 5 machine precision = 2.22045e-16
[job(1329): 2016-09-10 00:49:58] At X0, 0 variables are exactly at the bounds
[job(1329): 2016-09-10 00:49:58] At iterate     0  f=       48.392  |proj g|=        0.122
[job(1329): 2016-09-10 00:49:58] At iterate     1  f =      -45.376  |proj g|=             0
[job(1329): 2016-09-10 00:49:58] 
[job(1329): 2016-09-10 00:49:58] iterations 1
[job(1329): 2016-09-10 00:49:58] function evaluations 2
[job(1329): 2016-09-10 00:49:58] segments explored during Cauchy searches 2
[job(1329): 2016-09-10 00:49:58] BFGS updates skipped 0
[job(1329): 2016-09-10 00:49:58] active bounds at final generalized Cauchy point 1
[job(1329): 2016-09-10 00:49:58] norm of the final projected gradient 0
[job(1329): 2016-09-10 00:49:58] final function value -45.3756
[job(1329): 2016-09-10 00:49:58] 
[job(1329): 2016-09-10 00:49:58] F = -45.3756
[job(1329): 2016-09-10 00:49:58] final  value -45.375583 
[job(1329): 2016-09-10 00:49:58] converged
[job(1329): 2016-09-10 00:49:58] [Tune-x] 21: C=0.774; sigma=4.47
[job(1329): 2016-09-10 00:49:58] [Tune-y] 21: acc.test.mean=0.277; time: 0.0 min; memory: 117Mb use, 171Mb max
[job(1329): 2016-09-10 00:49:58] 
[job(1329): 2016-09-10 00:49:58] optimisation start
[job(1329): 2016-09-10 00:49:58] ------------------
[job(1329): 2016-09-10 00:49:58] * estimation method   : MLE 
[job(1329): 2016-09-10 00:49:58] * optimisation method : BFGS 
[job(1329): 2016-09-10 00:49:58] * analytical gradient : used
[job(1329): 2016-09-10 00:49:58] * trend model : ~1
[job(1329): 2016-09-10 00:49:58] * covariance model : 
[job(1329): 2016-09-10 00:49:58]   - type :  matern5_2 
[job(1329): 2016-09-10 00:49:58]   - nugget : NO
[job(1329): 2016-09-10 00:49:58]   - parameters lower bounds :  1e-10 1e-10 
[job(1329): 2016-09-10 00:49:58]   - parameters upper bounds :  45.37973 43.17701 
[job(1329): 2016-09-10 00:49:58]   - best initial criterion value(s) :  -91.0966 
[job(1329): 2016-09-10 00:49:58] 
[job(1329): 2016-09-10 00:49:58] N = 2, M = 5 machine precision = 2.22045e-16
[job(1329): 2016-09-10 00:49:58] At X0, 0 variables are exactly at the bounds
[job(1329): 2016-09-10 00:49:58] At iterate     0  f=       91.097  |proj g|=      0.67741
[job(1329): 2016-09-10 00:49:58] At iterate     1  f =      -48.054  |proj g|=             0
[job(1329): 2016-09-10 00:49:58] 
[job(1329): 2016-09-10 00:49:58] iterations 1
[job(1329): 2016-09-10 00:49:58] function evaluations 2
[job(1329): 2016-09-10 00:49:58] segments explored during Cauchy searches 2
[job(1329): 2016-09-10 00:49:58] BFGS updates skipped 0
[job(1329): 2016-09-10 00:49:58] active bounds at final generalized Cauchy point 1
[job(1329): 2016-09-10 00:49:58] norm of the final projected gradient 0
[job(1329): 2016-09-10 00:49:58] final function value -48.0541
[job(1329): 2016-09-10 00:49:58] 
[job(1329): 2016-09-10 00:49:58] F = -48.0541
[job(1329): 2016-09-10 00:49:58] final  value -48.054095 
[job(1329): 2016-09-10 00:49:58] converged
[job(1329): 2016-09-10 00:49:58] [Tune-x] 22: C=27.5; sigma=1.46
[job(1329): 2016-09-10 00:49:58] [Tune-y] 22: acc.test.mean=0.279; time: 0.0 min; memory: 117Mb use, 171Mb max
[job(1329): 2016-09-10 00:49:58] 
[job(1329): 2016-09-10 00:49:58] optimisation start
[job(1329): 2016-09-10 00:49:58] ------------------
[job(1329): 2016-09-10 00:49:58] * estimation method   : MLE 
[job(1329): 2016-09-10 00:49:58] * optimisation method : BFGS 
[job(1329): 2016-09-10 00:49:58] * analytical gradient : used
[job(1329): 2016-09-10 00:49:58] * trend model : ~1
[job(1329): 2016-09-10 00:49:58] * covariance model : 
[job(1329): 2016-09-10 00:49:58]   - type :  matern5_2 
[job(1329): 2016-09-10 00:49:58]   - nugget : NO
[job(1329): 2016-09-10 00:49:58]   - parameters lower bounds :  1e-10 1e-10 
[job(1329): 2016-09-10 00:49:58]   - parameters upper bounds :  45.37973 43.17701 
[job(1329): 2016-09-10 00:49:58]   - best initial criterion value(s) :  -92.91929 
[job(1329): 2016-09-10 00:49:58] 
[job(1329): 2016-09-10 00:49:58] N = 2, M = 5 machine precision = 2.22045e-16
[job(1329): 2016-09-10 00:49:58] At X0, 0 variables are exactly at the bounds
[job(1329): 2016-09-10 00:49:58] At iterate     0  f=       92.919  |proj g|=        0.628
[job(1329): 2016-09-10 00:49:58] At iterate     1  f =       -50.79  |proj g|=             0
[job(1329): 2016-09-10 00:49:58] 
[job(1329): 2016-09-10 00:49:58] iterations 1
[job(1329): 2016-09-10 00:49:58] function evaluations 2
[job(1329): 2016-09-10 00:49:58] segments explored during Cauchy searches 2
[job(1329): 2016-09-10 00:49:58] BFGS updates skipped 0
[job(1329): 2016-09-10 00:49:58] active bounds at final generalized Cauchy point 1
[job(1329): 2016-09-10 00:49:58] norm of the final projected gradient 0
[job(1329): 2016-09-10 00:49:58] final function value -50.79
[job(1329): 2016-09-10 00:49:58] 
[job(1329): 2016-09-10 00:49:58] F = -50.79
[job(1329): 2016-09-10 00:49:58] final  value -50.789991 
[job(1329): 2016-09-10 00:49:58] converged
[job(1329): 2016-09-10 00:49:58] [Tune-x] 23: C=39.1; sigma=7.91
[job(1329): 2016-09-10 00:49:58] [Tune-y] 23: acc.test.mean=0.277; time: 0.0 min; memory: 117Mb use, 171Mb max
[job(1329): 2016-09-10 00:49:58] 
[job(1329): 2016-09-10 00:49:58] optimisation start
[job(1329): 2016-09-10 00:49:58] ------------------
[job(1329): 2016-09-10 00:49:58] * estimation method   : MLE 
[job(1329): 2016-09-10 00:49:58] * optimisation method : BFGS 
[job(1329): 2016-09-10 00:49:58] * analytical gradient : used
[job(1329): 2016-09-10 00:49:58] * trend model : ~1
[job(1329): 2016-09-10 00:49:58] * covariance model : 
[job(1329): 2016-09-10 00:49:58]   - type :  matern5_2 
[job(1329): 2016-09-10 00:49:58]   - nugget : NO
[job(1329): 2016-09-10 00:49:58]   - parameters lower bounds :  1e-10 1e-10 
[job(1329): 2016-09-10 00:49:58]   - parameters upper bounds :  45.37973 43.17701 
[job(1329): 2016-09-10 00:49:58]   - best initial criterion value(s) :  -85.82681 
[job(1329): 2016-09-10 00:49:58] 
[job(1329): 2016-09-10 00:49:58] N = 2, M = 5 machine precision = 2.22045e-16
[job(1329): 2016-09-10 00:49:58] At X0, 0 variables are exactly at the bounds
[job(1329): 2016-09-10 00:49:58] At iterate     0  f=       85.827  |proj g|=       0.5997
[job(1329): 2016-09-10 00:49:58] At iterate     1  f =      -53.516  |proj g|=             0
[job(1329): 2016-09-10 00:49:58] 
[job(1329): 2016-09-10 00:49:58] iterations 1
[job(1329): 2016-09-10 00:49:58] function evaluations 2
[job(1329): 2016-09-10 00:49:58] segments explored during Cauchy searches 2
[job(1329): 2016-09-10 00:49:58] BFGS updates skipped 0
[job(1329): 2016-09-10 00:49:58] active bounds at final generalized Cauchy point 1
[job(1329): 2016-09-10 00:49:58] norm of the final projected gradient 0
[job(1329): 2016-09-10 00:49:58] final function value -53.5163
[job(1329): 2016-09-10 00:49:58] 
[job(1329): 2016-09-10 00:49:58] F = -53.5163
[job(1329): 2016-09-10 00:49:58] final  value -53.516310 
[job(1329): 2016-09-10 00:49:58] converged
[job(1329): 2016-09-10 00:49:58] [Tune-x] 24: C=0.022; sigma=0.0215
[job(1329): 2016-09-10 00:49:58] [Tune-y] 24: acc.test.mean=0.277; time: 0.0 min; memory: 117Mb use, 171Mb max
[job(1329): 2016-09-10 00:49:58] 
[job(1329): 2016-09-10 00:49:58] optimisation start
[job(1329): 2016-09-10 00:49:58] ------------------
[job(1329): 2016-09-10 00:49:58] * estimation method   : MLE 
[job(1329): 2016-09-10 00:49:58] * optimisation method : BFGS 
[job(1329): 2016-09-10 00:49:58] * analytical gradient : used
[job(1329): 2016-09-10 00:49:58] * trend model : ~1
[job(1329): 2016-09-10 00:49:58] * covariance model : 
[job(1329): 2016-09-10 00:49:58]   - type :  matern5_2 
[job(1329): 2016-09-10 00:49:58]   - nugget : NO
[job(1329): 2016-09-10 00:49:58]   - parameters lower bounds :  1e-10 1e-10 
[job(1329): 2016-09-10 00:49:58]   - parameters upper bounds :  45.37973 43.17701 
[job(1329): 2016-09-10 00:49:58]   - best initial criterion value(s) :  -99.74221 
[job(1329): 2016-09-10 00:49:58] 
[job(1329): 2016-09-10 00:49:58] N = 2, M = 5 machine precision = 2.22045e-16
[job(1329): 2016-09-10 00:49:58] At X0, 0 variables are exactly at the bounds
[job(1329): 2016-09-10 00:49:58] At iterate     0  f=       99.742  |proj g|=      0.61414
[job(1329): 2016-09-10 00:49:58] At iterate     1  f =      -56.265  |proj g|=             0
[job(1329): 2016-09-10 00:49:58] 
[job(1329): 2016-09-10 00:49:58] iterations 1
[job(1329): 2016-09-10 00:49:58] function evaluations 2
[job(1329): 2016-09-10 00:49:58] segments explored during Cauchy searches 2
[job(1329): 2016-09-10 00:49:58] BFGS updates skipped 0
[job(1329): 2016-09-10 00:49:58] active bounds at final generalized Cauchy point 1
[job(1329): 2016-09-10 00:49:58] norm of the final projected gradient 0
[job(1329): 2016-09-10 00:49:58] final function value -56.2651
[job(1329): 2016-09-10 00:49:58] 
[job(1329): 2016-09-10 00:49:58] F = -56.2651
[job(1329): 2016-09-10 00:49:58] final  value -56.265066 
[job(1329): 2016-09-10 00:49:58] converged
[job(1329): 2016-09-10 00:49:58] [Tune-x] 25: C=592; sigma=0.403
[job(1329): 2016-09-10 00:49:58] [Tune-y] 25: acc.test.mean=0.307; time: 0.0 min; memory: 117Mb use, 171Mb max
[job(1329): 2016-09-10 00:49:58] 
[job(1329): 2016-09-10 00:49:58] optimisation start
[job(1329): 2016-09-10 00:49:58] ------------------
[job(1329): 2016-09-10 00:49:58] * estimation method   : MLE 
[job(1329): 2016-09-10 00:49:58] * optimisation method : BFGS 
[job(1329): 2016-09-10 00:49:58] * analytical gradient : used
[job(1329): 2016-09-10 00:49:58] * trend model : ~1
[job(1329): 2016-09-10 00:49:58] * covariance model : 
[job(1329): 2016-09-10 00:49:58]   - type :  matern5_2 
[job(1329): 2016-09-10 00:49:58]   - nugget : NO
[job(1329): 2016-09-10 00:49:58]   - parameters lower bounds :  1e-10 1e-10 
[job(1329): 2016-09-10 00:49:58]   - parameters upper bounds :  45.37973 43.17701 
[job(1329): 2016-09-10 00:49:58]   - best initial criterion value(s) :  -48.40581 
[job(1329): 2016-09-10 00:49:58] 
[job(1329): 2016-09-10 00:49:58] N = 2, M = 5 machine precision = 2.22045e-16
[job(1329): 2016-09-10 00:49:58] At X0, 0 variables are exactly at the bounds
[job(1329): 2016-09-10 00:49:58] At iterate     0  f=       48.406  |proj g|=      0.05667
[job(1329): 2016-09-10 00:49:58] At iterate     1  f =      -58.726  |proj g|=             0
[job(1329): 2016-09-10 00:49:58] 
[job(1329): 2016-09-10 00:49:58] iterations 1
[job(1329): 2016-09-10 00:49:58] function evaluations 2
[job(1329): 2016-09-10 00:49:58] segments explored during Cauchy searches 2
[job(1329): 2016-09-10 00:49:58] BFGS updates skipped 0
[job(1329): 2016-09-10 00:49:58] active bounds at final generalized Cauchy point 1
[job(1329): 2016-09-10 00:49:58] norm of the final projected gradient 0
[job(1329): 2016-09-10 00:49:58] final function value -58.7263
[job(1329): 2016-09-10 00:49:58] 
[job(1329): 2016-09-10 00:49:58] F = -58.7263
[job(1329): 2016-09-10 00:49:58] final  value -58.726266 
[job(1329): 2016-09-10 00:49:58] converged
[job(1329): 2016-09-10 00:49:58] [Tune-x] 26: C=1.44; sigma=144
[job(1329): 2016-09-10 00:49:58] [Tune-y] 26: acc.test.mean=0.277; time: 0.0 min; memory: 117Mb use, 171Mb max
[job(1329): 2016-09-10 00:49:58] 
[job(1329): 2016-09-10 00:49:58] optimisation start
[job(1329): 2016-09-10 00:49:58] ------------------
[job(1329): 2016-09-10 00:49:58] * estimation method   : MLE 
[job(1329): 2016-09-10 00:49:58] * optimisation method : BFGS 
[job(1329): 2016-09-10 00:49:58] * analytical gradient : used
[job(1329): 2016-09-10 00:49:58] * trend model : ~1
[job(1329): 2016-09-10 00:49:58] * covariance model : 
[job(1329): 2016-09-10 00:49:58]   - type :  matern5_2 
[job(1329): 2016-09-10 00:49:58]   - nugget : NO
[job(1329): 2016-09-10 00:49:58]   - parameters lower bounds :  1e-10 1e-10 
[job(1329): 2016-09-10 00:49:58]   - parameters upper bounds :  45.37973 43.17701 
[job(1329): 2016-09-10 00:49:58]   - best initial criterion value(s) :  -100.81 
[job(1329): 2016-09-10 00:49:58] 
[job(1329): 2016-09-10 00:49:58] N = 2, M = 5 machine precision = 2.22045e-16
[job(1329): 2016-09-10 00:49:58] At X0, 0 variables are exactly at the bounds
[job(1329): 2016-09-10 00:49:58] At iterate     0  f=       100.81  |proj g|=      0.56267
[job(1329): 2016-09-10 00:49:58] At iterate     1  f =      -61.485  |proj g|=             0
[job(1329): 2016-09-10 00:49:58] 
[job(1329): 2016-09-10 00:49:58] iterations 1
[job(1329): 2016-09-10 00:49:58] function evaluations 2
[job(1329): 2016-09-10 00:49:58] segments explored during Cauchy searches 2
[job(1329): 2016-09-10 00:49:58] BFGS updates skipped 0
[job(1329): 2016-09-10 00:49:58] active bounds at final generalized Cauchy point 1
[job(1329): 2016-09-10 00:49:58] norm of the final projected gradient 0
[job(1329): 2016-09-10 00:49:58] final function value -61.4845
[job(1329): 2016-09-10 00:49:58] 
[job(1329): 2016-09-10 00:49:58] F = -61.4845
[job(1329): 2016-09-10 00:49:58] final  value -61.484530 
[job(1329): 2016-09-10 00:49:58] converged
[job(1329): 2016-09-10 00:49:58] [Tune-x] 27: C=821; sigma=63.5
[job(1329): 2016-09-10 00:49:58] [Tune-y] 27: acc.test.mean=0.277; time: 0.0 min; memory: 117Mb use, 171Mb max
[job(1329): 2016-09-10 00:49:58] 
[job(1329): 2016-09-10 00:49:58] optimisation start
[job(1329): 2016-09-10 00:49:58] ------------------
[job(1329): 2016-09-10 00:49:58] * estimation method   : MLE 
[job(1329): 2016-09-10 00:49:58] * optimisation method : BFGS 
[job(1329): 2016-09-10 00:49:58] * analytical gradient : used
[job(1329): 2016-09-10 00:49:58] * trend model : ~1
[job(1329): 2016-09-10 00:49:58] * covariance model : 
[job(1329): 2016-09-10 00:49:58]   - type :  matern5_2 
[job(1329): 2016-09-10 00:49:58]   - nugget : NO
[job(1329): 2016-09-10 00:49:58]   - parameters lower bounds :  1e-10 1e-10 
[job(1329): 2016-09-10 00:49:58]   - parameters upper bounds :  45.37973 43.17701 
[job(1329): 2016-09-10 00:49:58]   - best initial criterion value(s) :  -93.84138 
[job(1329): 2016-09-10 00:49:58] 
[job(1329): 2016-09-10 00:49:58] N = 2, M = 5 machine precision = 2.22045e-16
[job(1329): 2016-09-10 00:49:58] At X0, 0 variables are exactly at the bounds
[job(1329): 2016-09-10 00:49:58] At iterate     0  f=       93.841  |proj g|=      0.38398
[job(1329): 2016-09-10 00:49:58] At iterate     1  f =      -64.263  |proj g|=             0
[job(1329): 2016-09-10 00:49:58] 
[job(1329): 2016-09-10 00:49:58] iterations 1
[job(1329): 2016-09-10 00:49:58] function evaluations 2
[job(1329): 2016-09-10 00:49:58] segments explored during Cauchy searches 2
[job(1329): 2016-09-10 00:49:58] BFGS updates skipped 0
[job(1329): 2016-09-10 00:49:58] active bounds at final generalized Cauchy point 1
[job(1329): 2016-09-10 00:49:58] norm of the final projected gradient 0
[job(1329): 2016-09-10 00:49:58] final function value -64.2627
[job(1329): 2016-09-10 00:49:58] 
[job(1329): 2016-09-10 00:49:58] F = -64.2627
[job(1329): 2016-09-10 00:49:58] final  value -64.262747 
[job(1329): 2016-09-10 00:49:58] converged
[job(1329): 2016-09-10 00:49:58] [Tune-x] 28: C=0.0125; sigma=33.5
[job(1329): 2016-09-10 00:49:58] [Tune-y] 28: acc.test.mean=0.277; time: 0.0 min; memory: 117Mb use, 171Mb max
[job(1329): 2016-09-10 00:49:58] 
[job(1329): 2016-09-10 00:49:58] optimisation start
[job(1329): 2016-09-10 00:49:58] ------------------
[job(1329): 2016-09-10 00:49:58] * estimation method   : MLE 
[job(1329): 2016-09-10 00:49:58] * optimisation method : BFGS 
[job(1329): 2016-09-10 00:49:58] * analytical gradient : used
[job(1329): 2016-09-10 00:49:58] * trend model : ~1
[job(1329): 2016-09-10 00:49:58] * covariance model : 
[job(1329): 2016-09-10 00:49:58]   - type :  matern5_2 
[job(1329): 2016-09-10 00:49:58]   - nugget : NO
[job(1329): 2016-09-10 00:49:58]   - parameters lower bounds :  1e-10 1e-10 
[job(1329): 2016-09-10 00:49:58]   - parameters upper bounds :  45.37973 43.17701 
[job(1329): 2016-09-10 00:49:58]   - best initial criterion value(s) :  -87.26483 
[job(1329): 2016-09-10 00:49:58] 
[job(1329): 2016-09-10 00:49:58] N = 2, M = 5 machine precision = 2.22045e-16
[job(1329): 2016-09-10 00:49:58] At X0, 0 variables are exactly at the bounds
[job(1329): 2016-09-10 00:49:58] At iterate     0  f=       87.265  |proj g|=      0.27509
[job(1329): 2016-09-10 00:49:58] At iterate     1  f =       -67.06  |proj g|=             0
[job(1329): 2016-09-10 00:49:58] 
[job(1329): 2016-09-10 00:49:58] iterations 1
[job(1329): 2016-09-10 00:49:58] function evaluations 2
[job(1329): 2016-09-10 00:49:58] segments explored during Cauchy searches 2
[job(1329): 2016-09-10 00:49:58] BFGS updates skipped 0
[job(1329): 2016-09-10 00:49:58] active bounds at final generalized Cauchy point 1
[job(1329): 2016-09-10 00:49:58] norm of the final projected gradient 0
[job(1329): 2016-09-10 00:49:58] final function value -67.0601
[job(1329): 2016-09-10 00:49:58] 
[job(1329): 2016-09-10 00:49:58] F = -67.0601
[job(1329): 2016-09-10 00:49:58] final  value -67.060116 
[job(1329): 2016-09-10 00:49:58] converged
[job(1329): 2016-09-10 00:49:58] [Tune] Result: C=38.6; sigma=0.00482 : acc.test.mean=-0.365
[job(1329): 2016-09-10 00:49:58] Job terminated successfully
[job(chunk): 2016-09-10 00:49:58] Calculation finished!
