[job(chunk): 2016-09-09 20:15:28] Starting calculation of 1 jobs
[job(chunk): 2016-09-09 20:15:28] Setting working directory to '/naslx/projects/pr74ze/ri89coc2/svm_comparison'
[job(chunk): 2016-09-09 20:15:28] Memory measurement disabled
[job(699): 2016-09-09 20:15:30] Starting job with job.id=699
[job(699): 2016-09-09 20:16:25] Generating problem instance for problem '377' ...
[job(699): 2016-09-09 20:16:25] Downloading from 'http://www.openml.org/api/v1/data/377' to '/tmp/ri89coc2/Rtmp2xEJNT/cache/datasets/377/description.xml'.
[job(699): 2016-09-09 20:16:25] Downloading from 'http://www.openml.org/data/download/52417/synthetic_control.arff' to '/tmp/ri89coc2/Rtmp2xEJNT/cache/datasets/377/dataset.arff'
[job(699): 2016-09-09 20:16:25] Loading required package: readr
[job(699): 2016-09-09 20:16:25] Applying algorithm 'C-svc.tuned' on problem '377' ...
[job(699): 2016-09-09 20:16:25] Data '377' file 'description.xml' found in cache.
[job(699): 2016-09-09 20:16:25] Data '377' file 'dataset.arff' found in cache.
[job(699): 2016-09-09 20:16:25] [Tune] Started tuning learner C-svc for parameter set:
[job(699): 2016-09-09 20:16:25]          Type len Def    Constr Req Tunable Trafo
[job(699): 2016-09-09 20:16:25] C     numeric   -   - -12 to 12   -    TRUE     Y
[job(699): 2016-09-09 20:16:25] sigma numeric   -   - -12 to 12   -    TRUE     Y
[job(699): 2016-09-09 20:16:25] With control class: TuneControlMBO
[job(699): 2016-09-09 20:16:25] Imputation value: -0
[job(699): 2016-09-09 20:16:25] [Tune-x] 1: C=2.87; sigma=0.236
[job(699): 2016-09-09 20:16:25] [Tune-y] 1: acc.test.mean=0.715; time: 0.0 min; memory: 113Mb use, 168Mb max
[job(699): 2016-09-09 20:16:25] [Tune-x] 2: C=0.00648; sigma=2.66e+03
[job(699): 2016-09-09 20:16:25] [Tune-y] 2: acc.test.mean=0.141; time: 0.0 min; memory: 113Mb use, 168Mb max
[job(699): 2016-09-09 20:16:25] [Tune-x] 3: C=52.5; sigma=0.0166
[job(699): 2016-09-09 20:16:25] [Tune-y] 3: acc.test.mean=0.993; time: 0.0 min; memory: 113Mb use, 168Mb max
[job(699): 2016-09-09 20:16:25] [Tune-x] 4: C=0.545; sigma=2.22
[job(699): 2016-09-09 20:16:25] [Tune-y] 4: acc.test.mean=0.131; time: 0.0 min; memory: 113Mb use, 168Mb max
[job(699): 2016-09-09 20:16:25] [Tune-x] 5: C=418; sigma=74.2
[job(699): 2016-09-09 20:16:25] [Tune-y] 5: acc.test.mean=0.135; time: 0.0 min; memory: 113Mb use, 174Mb max
[job(699): 2016-09-09 20:16:25] [Tune-x] 6: C=0.0214; sigma=0.00623
[job(699): 2016-09-09 20:16:25] [Tune-y] 6: acc.test.mean=0.231; time: 0.0 min; memory: 113Mb use, 174Mb max
[job(699): 2016-09-09 20:16:25] [Tune-x] 7: C=3.29e+03; sigma=0.00127
[job(699): 2016-09-09 20:16:25] [Tune-y] 7: acc.test.mean=0.989; time: 0.0 min; memory: 113Mb use, 174Mb max
[job(699): 2016-09-09 20:16:25] [Tune-x] 8: C=0.00157; sigma=24.2
[job(699): 2016-09-09 20:16:25] [Tune-y] 8: acc.test.mean=0.133; time: 0.0 min; memory: 113Mb use, 174Mb max
[job(699): 2016-09-09 20:16:25] 
[job(699): 2016-09-09 20:16:25] optimisation start
[job(699): 2016-09-09 20:16:25] ------------------
[job(699): 2016-09-09 20:16:25] * estimation method   : MLE 
[job(699): 2016-09-09 20:16:25] * optimisation method : BFGS 
[job(699): 2016-09-09 20:16:25] * analytical gradient : used
[job(699): 2016-09-09 20:16:25] * trend model : ~1
[job(699): 2016-09-09 20:16:25] * covariance model : 
[job(699): 2016-09-09 20:16:25]   - type :  matern5_2 
[job(699): 2016-09-09 20:16:25]   - nugget : NO
[job(699): 2016-09-09 20:16:25]   - parameters lower bounds :  1e-10 1e-10 
[job(699): 2016-09-09 20:16:25]   - parameters upper bounds :  41.99643 42.00063 
[job(699): 2016-09-09 20:16:25]   - best initial criterion value(s) :  -3.023027 
[job(699): 2016-09-09 20:16:25] 
[job(699): 2016-09-09 20:16:25] N = 2, M = 5 machine precision = 2.22045e-16
[job(699): 2016-09-09 20:16:25] At X0, 0 variables are exactly at the bounds
[job(699): 2016-09-09 20:16:25] At iterate     0  f=        3.023  |proj g|=      0.16184
[job(699): 2016-09-09 20:16:25] At iterate     1  f =       2.9821  |proj g|=       0.14482
[job(699): 2016-09-09 20:16:25] At iterate     2  f =       2.5983  |proj g|=       0.10955
[job(699): 2016-09-09 20:16:25] At iterate     3  f =       2.4659  |proj g|=        0.1345
[job(699): 2016-09-09 20:16:25] At iterate     4  f =       2.3518  |proj g|=       0.11864
[job(699): 2016-09-09 20:16:25] At iterate     5  f =       2.2513  |proj g|=      0.051509
[job(699): 2016-09-09 20:16:25] At iterate     6  f =       2.2298  |proj g|=      0.049024
[job(699): 2016-09-09 20:16:25] At iterate     7  f =       2.2181  |proj g|=     0.0070038
[job(699): 2016-09-09 20:16:25] At iterate     8  f =       2.2179  |proj g|=      0.001037
[job(699): 2016-09-09 20:16:25] At iterate     9  f =       2.2179  |proj g|=    2.5846e-05
[job(699): 2016-09-09 20:16:25] At iterate    10  f =       2.2179  |proj g|=    3.8189e-06
[job(699): 2016-09-09 20:16:25] At iterate    11  f =       2.2179  |proj g|=     2.403e-08
[job(699): 2016-09-09 20:16:25] 
[job(699): 2016-09-09 20:16:25] iterations 11
[job(699): 2016-09-09 20:16:25] function evaluations 13
[job(699): 2016-09-09 20:16:25] segments explored during Cauchy searches 11
[job(699): 2016-09-09 20:16:25] BFGS updates skipped 0
[job(699): 2016-09-09 20:16:25] active bounds at final generalized Cauchy point 0
[job(699): 2016-09-09 20:16:25] norm of the final projected gradient 2.40302e-08
[job(699): 2016-09-09 20:16:25] final function value 2.21791
[job(699): 2016-09-09 20:16:25] 
[job(699): 2016-09-09 20:16:25] F = 2.21791
[job(699): 2016-09-09 20:16:25] final  value 2.217913 
[job(699): 2016-09-09 20:16:25] converged
[job(699): 2016-09-09 20:16:25] [Tune-x] 9: C=691; sigma=0.00646
[job(699): 2016-09-09 20:16:25] [Tune-y] 9: acc.test.mean=0.994; time: 0.0 min; memory: 117Mb use, 174Mb max
[job(699): 2016-09-09 20:16:25] 
[job(699): 2016-09-09 20:16:25] optimisation start
[job(699): 2016-09-09 20:16:25] ------------------
[job(699): 2016-09-09 20:16:25] * estimation method   : MLE 
[job(699): 2016-09-09 20:16:25] * optimisation method : BFGS 
[job(699): 2016-09-09 20:16:25] * analytical gradient : used
[job(699): 2016-09-09 20:16:25] * trend model : ~1
[job(699): 2016-09-09 20:16:25] * covariance model : 
[job(699): 2016-09-09 20:16:25]   - type :  matern5_2 
[job(699): 2016-09-09 20:16:25]   - nugget : NO
[job(699): 2016-09-09 20:16:25]   - parameters lower bounds :  1e-10 1e-10 
[job(699): 2016-09-09 20:16:25]   - parameters upper bounds :  41.99643 42.00063 
[job(699): 2016-09-09 20:16:25]   - best initial criterion value(s) :  -1.448125 
[job(699): 2016-09-09 20:16:25] 
[job(699): 2016-09-09 20:16:25] N = 2, M = 5 machine precision = 2.22045e-16
[job(699): 2016-09-09 20:16:25] At X0, 0 variables are exactly at the bounds
[job(699): 2016-09-09 20:16:25] At iterate     0  f=       1.4481  |proj g|=      0.15692
[job(699): 2016-09-09 20:16:25] At iterate     1  f =       1.4231  |proj g|=       0.15547
[job(699): 2016-09-09 20:16:25] At iterate     2  f =       1.0383  |proj g|=       0.10226
[job(699): 2016-09-09 20:16:25] At iterate     3  f =       1.0021  |proj g|=         0.088
[job(699): 2016-09-09 20:16:25] At iterate     4  f =       0.8975  |proj g|=      0.075769
[job(699): 2016-09-09 20:16:25] At iterate     5  f =      0.87477  |proj g|=      0.051444
[job(699): 2016-09-09 20:16:25] At iterate     6  f =       0.8486  |proj g|=     0.0088246
[job(699): 2016-09-09 20:16:25] At iterate     7  f =      0.84777  |proj g|=    0.00097399
[job(699): 2016-09-09 20:16:25] At iterate     8  f =      0.84776  |proj g|=    3.6261e-05
[job(699): 2016-09-09 20:16:25] At iterate     9  f =      0.84776  |proj g|=    7.6505e-06
[job(699): 2016-09-09 20:16:25] At iterate    10  f =      0.84776  |proj g|=    1.5921e-07
[job(699): 2016-09-09 20:16:25] 
[job(699): 2016-09-09 20:16:25] iterations 10
[job(699): 2016-09-09 20:16:25] function evaluations 16
[job(699): 2016-09-09 20:16:25] segments explored during Cauchy searches 11
[job(699): 2016-09-09 20:16:25] BFGS updates skipped 0
[job(699): 2016-09-09 20:16:25] active bounds at final generalized Cauchy point 0
[job(699): 2016-09-09 20:16:25] norm of the final projected gradient 1.59207e-07
[job(699): 2016-09-09 20:16:25] final function value 0.847762
[job(699): 2016-09-09 20:16:25] 
[job(699): 2016-09-09 20:16:25] F = 0.847762
[job(699): 2016-09-09 20:16:25] final  value 0.847762 
[job(699): 2016-09-09 20:16:25] converged
[job(699): 2016-09-09 20:16:25] [Tune-x] 10: C=115; sigma=0.0268
[job(699): 2016-09-09 20:16:25] [Tune-y] 10: acc.test.mean=0.996; time: 0.0 min; memory: 117Mb use, 174Mb max
[job(699): 2016-09-09 20:16:25] 
[job(699): 2016-09-09 20:16:25] optimisation start
[job(699): 2016-09-09 20:16:25] ------------------
[job(699): 2016-09-09 20:16:25] * estimation method   : MLE 
[job(699): 2016-09-09 20:16:25] * optimisation method : BFGS 
[job(699): 2016-09-09 20:16:25] * analytical gradient : used
[job(699): 2016-09-09 20:16:25] * trend model : ~1
[job(699): 2016-09-09 20:16:25] * covariance model : 
[job(699): 2016-09-09 20:16:25]   - type :  matern5_2 
[job(699): 2016-09-09 20:16:25]   - nugget : NO
[job(699): 2016-09-09 20:16:25]   - parameters lower bounds :  1e-10 1e-10 
[job(699): 2016-09-09 20:16:25]   - parameters upper bounds :  41.99643 42.00063 
[job(699): 2016-09-09 20:16:25]   - best initial criterion value(s) :  0.7953579 
[job(699): 2016-09-09 20:16:25] 
[job(699): 2016-09-09 20:16:25] N = 2, M = 5 machine precision = 2.22045e-16
[job(699): 2016-09-09 20:16:25] At X0, 0 variables are exactly at the bounds
[job(699): 2016-09-09 20:16:25] At iterate     0  f=     -0.79536  |proj g|=      0.17397
[job(699): 2016-09-09 20:16:25] At iterate     1  f =     -0.82907  |proj g|=       0.16654
[job(699): 2016-09-09 20:16:25] At iterate     2  f =      -1.0427  |proj g|=      0.069077
[job(699): 2016-09-09 20:16:25] At iterate     3  f =      -1.0806  |proj g|=      0.059716
[job(699): 2016-09-09 20:16:25] At iterate     4  f =      -1.0938  |proj g|=      0.013269
[job(699): 2016-09-09 20:16:25] At iterate     5  f =      -1.0945  |proj g|=     0.0015316
[job(699): 2016-09-09 20:16:25] At iterate     6  f =      -1.0945  |proj g|=    3.4586e-05
[job(699): 2016-09-09 20:16:25] At iterate     7  f =      -1.0945  |proj g|=    3.0947e-06
[job(699): 2016-09-09 20:16:25] At iterate     8  f =      -1.0945  |proj g|=    5.4844e-09
[job(699): 2016-09-09 20:16:25] 
[job(699): 2016-09-09 20:16:25] iterations 8
[job(699): 2016-09-09 20:16:25] function evaluations 10
[job(699): 2016-09-09 20:16:25] segments explored during Cauchy searches 8
[job(699): 2016-09-09 20:16:25] BFGS updates skipped 0
[job(699): 2016-09-09 20:16:25] active bounds at final generalized Cauchy point 0
[job(699): 2016-09-09 20:16:25] norm of the final projected gradient 5.48436e-09
[job(699): 2016-09-09 20:16:25] final function value -1.09453
[job(699): 2016-09-09 20:16:25] 
[job(699): 2016-09-09 20:16:25] F = -1.09453
[job(699): 2016-09-09 20:16:25] final  value -1.094527 
[job(699): 2016-09-09 20:16:25] converged
[job(699): 2016-09-09 20:16:25] [Tune-x] 11: C=108; sigma=0.0186
[job(699): 2016-09-09 20:16:25] [Tune-y] 11: acc.test.mean=0.993; time: 0.0 min; memory: 117Mb use, 174Mb max
[job(699): 2016-09-09 20:16:25] 
[job(699): 2016-09-09 20:16:25] optimisation start
[job(699): 2016-09-09 20:16:25] ------------------
[job(699): 2016-09-09 20:16:25] * estimation method   : MLE 
[job(699): 2016-09-09 20:16:25] * optimisation method : BFGS 
[job(699): 2016-09-09 20:16:25] * analytical gradient : used
[job(699): 2016-09-09 20:16:25] * trend model : ~1
[job(699): 2016-09-09 20:16:25] * covariance model : 
[job(699): 2016-09-09 20:16:25]   - type :  matern5_2 
[job(699): 2016-09-09 20:16:25]   - nugget : NO
[job(699): 2016-09-09 20:16:25]   - parameters lower bounds :  1e-10 1e-10 
[job(699): 2016-09-09 20:16:25]   - parameters upper bounds :  41.99643 42.00063 
[job(699): 2016-09-09 20:16:25]   - best initial criterion value(s) :  4.088614 
[job(699): 2016-09-09 20:16:25] 
[job(699): 2016-09-09 20:16:25] N = 2, M = 5 machine precision = 2.22045e-16
[job(699): 2016-09-09 20:16:25] At X0, 0 variables are exactly at the bounds
[job(699): 2016-09-09 20:16:25] At iterate     0  f=      -4.0886  |proj g|=      0.26167
[job(699): 2016-09-09 20:16:25] At iterate     1  f =      -4.1597  |proj g|=       0.25539
[job(699): 2016-09-09 20:16:25] At iterate     2  f =      -4.7036  |proj g|=       0.15337
[job(699): 2016-09-09 20:16:25] At iterate     3  f =      -4.8056  |proj g|=      0.028652
[job(699): 2016-09-09 20:16:25] At iterate     4  f =      -4.8104  |proj g|=      0.011263
[job(699): 2016-09-09 20:16:25] At iterate     5  f =       -4.811  |proj g|=      0.000308
[job(699): 2016-09-09 20:16:25] At iterate     6  f =       -4.811  |proj g|=     5.201e-06
[job(699): 2016-09-09 20:16:25] At iterate     7  f =       -4.811  |proj g|=    2.9381e-07
[job(699): 2016-09-09 20:16:25] 
[job(699): 2016-09-09 20:16:25] iterations 7
[job(699): 2016-09-09 20:16:25] function evaluations 10
[job(699): 2016-09-09 20:16:25] segments explored during Cauchy searches 7
[job(699): 2016-09-09 20:16:25] BFGS updates skipped 0
[job(699): 2016-09-09 20:16:25] active bounds at final generalized Cauchy point 0
[job(699): 2016-09-09 20:16:25] norm of the final projected gradient 2.93808e-07
[job(699): 2016-09-09 20:16:25] final function value -4.81099
[job(699): 2016-09-09 20:16:25] 
[job(699): 2016-09-09 20:16:25] F = -4.81099
[job(699): 2016-09-09 20:16:25] final  value -4.810986 
[job(699): 2016-09-09 20:16:25] converged
[job(699): 2016-09-09 20:16:25] [Tune-x] 12: C=2.28e+03; sigma=0.004
[job(699): 2016-09-09 20:16:25] [Tune-y] 12: acc.test.mean=0.993; time: 0.0 min; memory: 117Mb use, 174Mb max
[job(699): 2016-09-09 20:16:25] 
[job(699): 2016-09-09 20:16:25] optimisation start
[job(699): 2016-09-09 20:16:25] ------------------
[job(699): 2016-09-09 20:16:25] * estimation method   : MLE 
[job(699): 2016-09-09 20:16:25] * optimisation method : BFGS 
[job(699): 2016-09-09 20:16:25] * analytical gradient : used
[job(699): 2016-09-09 20:16:25] * trend model : ~1
[job(699): 2016-09-09 20:16:25] * covariance model : 
[job(699): 2016-09-09 20:16:25]   - type :  matern5_2 
[job(699): 2016-09-09 20:16:25]   - nugget : NO
[job(699): 2016-09-09 20:16:25]   - parameters lower bounds :  1e-10 1e-10 
[job(699): 2016-09-09 20:16:25]   - parameters upper bounds :  41.99643 42.00063 
[job(699): 2016-09-09 20:16:25]   - best initial criterion value(s) :  6.579048 
[job(699): 2016-09-09 20:16:25] 
[job(699): 2016-09-09 20:16:25] N = 2, M = 5 machine precision = 2.22045e-16
[job(699): 2016-09-09 20:16:25] At X0, 0 variables are exactly at the bounds
[job(699): 2016-09-09 20:16:25] At iterate     0  f=       -6.579  |proj g|=      0.27648
[job(699): 2016-09-09 20:16:25] At iterate     1  f =      -6.7008  |proj g|=       0.26277
[job(699): 2016-09-09 20:16:25] At iterate     2  f =      -7.2132  |proj g|=       0.21122
[job(699): 2016-09-09 20:16:25] At iterate     3  f =      -7.2945  |proj g|=      0.085328
[job(699): 2016-09-09 20:16:25] At iterate     4  f =      -7.3256  |proj g|=      0.023938
[job(699): 2016-09-09 20:16:25] At iterate     5  f =      -7.3278  |proj g|=     0.0040386
[job(699): 2016-09-09 20:16:25] At iterate     6  f =      -7.3279  |proj g|=    0.00016184
[job(699): 2016-09-09 20:16:25] At iterate     7  f =      -7.3279  |proj g|=    4.5991e-06
[job(699): 2016-09-09 20:16:25] At iterate     8  f =      -7.3279  |proj g|=    7.0299e-07
[job(699): 2016-09-09 20:16:25] 
[job(699): 2016-09-09 20:16:25] iterations 8
[job(699): 2016-09-09 20:16:25] function evaluations 9
[job(699): 2016-09-09 20:16:25] segments explored during Cauchy searches 8
[job(699): 2016-09-09 20:16:25] BFGS updates skipped 0
[job(699): 2016-09-09 20:16:25] active bounds at final generalized Cauchy point 0
[job(699): 2016-09-09 20:16:25] norm of the final projected gradient 7.02987e-07
[job(699): 2016-09-09 20:16:25] final function value -7.32788
[job(699): 2016-09-09 20:16:25] 
[job(699): 2016-09-09 20:16:25] F = -7.32788
[job(699): 2016-09-09 20:16:25] final  value -7.327878 
[job(699): 2016-09-09 20:16:25] converged
[job(699): 2016-09-09 20:16:25] [Tune-x] 13: C=48.8; sigma=0.0362
[job(699): 2016-09-09 20:16:25] [Tune-y] 13: acc.test.mean=0.993; time: 0.0 min; memory: 117Mb use, 174Mb max
[job(699): 2016-09-09 20:16:25] 
[job(699): 2016-09-09 20:16:25] optimisation start
[job(699): 2016-09-09 20:16:25] ------------------
[job(699): 2016-09-09 20:16:25] * estimation method   : MLE 
[job(699): 2016-09-09 20:16:25] * optimisation method : BFGS 
[job(699): 2016-09-09 20:16:25] * analytical gradient : used
[job(699): 2016-09-09 20:16:25] * trend model : ~1
[job(699): 2016-09-09 20:16:25] * covariance model : 
[job(699): 2016-09-09 20:16:25]   - type :  matern5_2 
[job(699): 2016-09-09 20:16:25]   - nugget : NO
[job(699): 2016-09-09 20:16:25]   - parameters lower bounds :  1e-10 1e-10 
[job(699): 2016-09-09 20:16:25]   - parameters upper bounds :  41.99643 42.00063 
[job(699): 2016-09-09 20:16:25]   - best initial criterion value(s) :  8.333397 
[job(699): 2016-09-09 20:16:25] 
[job(699): 2016-09-09 20:16:25] N = 2, M = 5 machine precision = 2.22045e-16
[job(699): 2016-09-09 20:16:25] At X0, 0 variables are exactly at the bounds
[job(699): 2016-09-09 20:16:25] At iterate     0  f=      -8.3334  |proj g|=      0.24765
[job(699): 2016-09-09 20:16:25] At iterate     1  f =      -8.4487  |proj g|=       0.24558
[job(699): 2016-09-09 20:16:25] At iterate     2  f =      -10.147  |proj g|=       0.19743
[job(699): 2016-09-09 20:16:25] Nonpositive definiteness in Cholesky factorization in formk;
[job(699): 2016-09-09 20:16:25]    refresh the lbfgs memory and restart the iteration.
[job(699): 2016-09-09 20:16:25] At iterate     3  f =      -10.372  |proj g|=       0.14728
[job(699): 2016-09-09 20:16:25] At iterate     4  f =       -10.47  |proj g|=       0.14701
[job(699): 2016-09-09 20:16:25] At iterate     5  f =      -10.548  |proj g|=      0.034306
[job(699): 2016-09-09 20:16:25] At iterate     6  f =      -10.554  |proj g|=     0.0054781
[job(699): 2016-09-09 20:16:25] At iterate     7  f =      -10.554  |proj g|=    0.00023973
[job(699): 2016-09-09 20:16:25] At iterate     8  f =      -10.554  |proj g|=    1.6934e-05
[job(699): 2016-09-09 20:16:25] At iterate     9  f =      -10.554  |proj g|=    2.4578e-06
[job(699): 2016-09-09 20:16:25] 
[job(699): 2016-09-09 20:16:25] iterations 9
[job(699): 2016-09-09 20:16:25] function evaluations 14
[job(699): 2016-09-09 20:16:25] segments explored during Cauchy searches 12
[job(699): 2016-09-09 20:16:25] BFGS updates skipped 0
[job(699): 2016-09-09 20:16:25] active bounds at final generalized Cauchy point 0
[job(699): 2016-09-09 20:16:25] norm of the final projected gradient 2.45781e-06
[job(699): 2016-09-09 20:16:25] final function value -10.5541
[job(699): 2016-09-09 20:16:25] 
[job(699): 2016-09-09 20:16:25] F = -10.5541
[job(699): 2016-09-09 20:16:25] final  value -10.554077 
[job(699): 2016-09-09 20:16:25] converged
[job(699): 2016-09-09 20:16:25] [Tune-x] 14: C=1.23e+03; sigma=0.0404
[job(699): 2016-09-09 20:16:25] [Tune-y] 14: acc.test.mean=0.993; time: 0.0 min; memory: 117Mb use, 174Mb max
[job(699): 2016-09-09 20:16:25] 
[job(699): 2016-09-09 20:16:25] optimisation start
[job(699): 2016-09-09 20:16:25] ------------------
[job(699): 2016-09-09 20:16:25] * estimation method   : MLE 
[job(699): 2016-09-09 20:16:25] * optimisation method : BFGS 
[job(699): 2016-09-09 20:16:25] * analytical gradient : used
[job(699): 2016-09-09 20:16:25] * trend model : ~1
[job(699): 2016-09-09 20:16:25] * covariance model : 
[job(699): 2016-09-09 20:16:25]   - type :  matern5_2 
[job(699): 2016-09-09 20:16:25]   - nugget : NO
[job(699): 2016-09-09 20:16:25]   - parameters lower bounds :  1e-10 1e-10 
[job(699): 2016-09-09 20:16:25]   - parameters upper bounds :  41.99643 42.00063 
[job(699): 2016-09-09 20:16:25]   - best initial criterion value(s) :  12.65104 
[job(699): 2016-09-09 20:16:25] 
[job(699): 2016-09-09 20:16:25] N = 2, M = 5 machine precision = 2.22045e-16
[job(699): 2016-09-09 20:16:25] At X0, 0 variables are exactly at the bounds
[job(699): 2016-09-09 20:16:25] At iterate     0  f=      -12.651  |proj g|=     0.071598
[job(699): 2016-09-09 20:16:25] At iterate     1  f =      -12.657  |proj g|=      0.063701
[job(699): 2016-09-09 20:16:25] At iterate     2  f =      -12.677  |proj g|=      0.010594
[job(699): 2016-09-09 20:16:25] At iterate     3  f =      -12.677  |proj g|=     0.0027698
[job(699): 2016-09-09 20:16:25] At iterate     4  f =      -12.677  |proj g|=    0.00027904
[job(699): 2016-09-09 20:16:25] At iterate     5  f =      -12.677  |proj g|=    3.6027e-06
[job(699): 2016-09-09 20:16:25] At iterate     6  f =      -12.677  |proj g|=    1.2256e-07
[job(699): 2016-09-09 20:16:25] 
[job(699): 2016-09-09 20:16:25] iterations 6
[job(699): 2016-09-09 20:16:25] function evaluations 7
[job(699): 2016-09-09 20:16:25] segments explored during Cauchy searches 6
[job(699): 2016-09-09 20:16:25] BFGS updates skipped 0
[job(699): 2016-09-09 20:16:25] active bounds at final generalized Cauchy point 0
[job(699): 2016-09-09 20:16:25] norm of the final projected gradient 1.22565e-07
[job(699): 2016-09-09 20:16:25] final function value -12.677
[job(699): 2016-09-09 20:16:25] 
[job(699): 2016-09-09 20:16:25] F = -12.677
[job(699): 2016-09-09 20:16:25] final  value -12.676966 
[job(699): 2016-09-09 20:16:25] converged
[job(699): 2016-09-09 20:16:25] [Tune-x] 15: C=448; sigma=0.0316
[job(699): 2016-09-09 20:16:25] [Tune-y] 15: acc.test.mean=0.994; time: 0.0 min; memory: 117Mb use, 174Mb max
[job(699): 2016-09-09 20:16:25] 
[job(699): 2016-09-09 20:16:25] optimisation start
[job(699): 2016-09-09 20:16:25] ------------------
[job(699): 2016-09-09 20:16:25] * estimation method   : MLE 
[job(699): 2016-09-09 20:16:25] * optimisation method : BFGS 
[job(699): 2016-09-09 20:16:25] * analytical gradient : used
[job(699): 2016-09-09 20:16:25] * trend model : ~1
[job(699): 2016-09-09 20:16:25] * covariance model : 
[job(699): 2016-09-09 20:16:25]   - type :  matern5_2 
[job(699): 2016-09-09 20:16:25]   - nugget : NO
[job(699): 2016-09-09 20:16:25]   - parameters lower bounds :  1e-10 1e-10 
[job(699): 2016-09-09 20:16:25]   - parameters upper bounds :  41.99643 42.00063 
[job(699): 2016-09-09 20:16:25]   - best initial criterion value(s) :  14.73086 
[job(699): 2016-09-09 20:16:25] 
[job(699): 2016-09-09 20:16:25] N = 2, M = 5 machine precision = 2.22045e-16
[job(699): 2016-09-09 20:16:25] At X0, 0 variables are exactly at the bounds
[job(699): 2016-09-09 20:16:25] At iterate     0  f=      -14.731  |proj g|=      0.59274
[job(699): 2016-09-09 20:16:25] At iterate     1  f =      -15.082  |proj g|=       0.56525
[job(699): 2016-09-09 20:16:25] At iterate     2  f =      -16.323  |proj g|=       0.10976
[job(699): 2016-09-09 20:16:25] At iterate     3  f =      -16.388  |proj g|=      0.096602
[job(699): 2016-09-09 20:16:25] At iterate     4  f =      -16.422  |proj g|=      0.011133
[job(699): 2016-09-09 20:16:25] At iterate     5  f =      -16.423  |proj g|=     0.0015661
[job(699): 2016-09-09 20:16:25] At iterate     6  f =      -16.423  |proj g|=    1.7155e-05
[job(699): 2016-09-09 20:16:25] At iterate     7  f =      -16.423  |proj g|=    7.9813e-07
[job(699): 2016-09-09 20:16:25] 
[job(699): 2016-09-09 20:16:25] iterations 7
[job(699): 2016-09-09 20:16:25] function evaluations 11
[job(699): 2016-09-09 20:16:25] segments explored during Cauchy searches 8
[job(699): 2016-09-09 20:16:25] BFGS updates skipped 0
[job(699): 2016-09-09 20:16:25] active bounds at final generalized Cauchy point 0
[job(699): 2016-09-09 20:16:25] norm of the final projected gradient 7.98127e-07
[job(699): 2016-09-09 20:16:25] final function value -16.4228
[job(699): 2016-09-09 20:16:25] 
[job(699): 2016-09-09 20:16:25] F = -16.4228
[job(699): 2016-09-09 20:16:25] final  value -16.422840 
[job(699): 2016-09-09 20:16:25] converged
[job(699): 2016-09-09 20:16:25] [Tune-x] 16: C=68.7; sigma=0.00232
[job(699): 2016-09-09 20:16:25] [Tune-y] 16: acc.test.mean=0.985; time: 0.0 min; memory: 117Mb use, 174Mb max
[job(699): 2016-09-09 20:16:25] 
[job(699): 2016-09-09 20:16:25] optimisation start
[job(699): 2016-09-09 20:16:25] ------------------
[job(699): 2016-09-09 20:16:25] * estimation method   : MLE 
[job(699): 2016-09-09 20:16:25] * optimisation method : BFGS 
[job(699): 2016-09-09 20:16:25] * analytical gradient : used
[job(699): 2016-09-09 20:16:25] * trend model : ~1
[job(699): 2016-09-09 20:16:25] * covariance model : 
[job(699): 2016-09-09 20:16:25]   - type :  matern5_2 
[job(699): 2016-09-09 20:16:25]   - nugget : NO
[job(699): 2016-09-09 20:16:25]   - parameters lower bounds :  1e-10 1e-10 
[job(699): 2016-09-09 20:16:25]   - parameters upper bounds :  41.99643 42.00063 
[job(699): 2016-09-09 20:16:25]   - best initial criterion value(s) :  18.06436 
[job(699): 2016-09-09 20:16:25] 
[job(699): 2016-09-09 20:16:25] N = 2, M = 5 machine precision = 2.22045e-16
[job(699): 2016-09-09 20:16:25] At X0, 0 variables are exactly at the bounds
[job(699): 2016-09-09 20:16:25] At iterate     0  f=      -18.064  |proj g|=       0.2712
[job(699): 2016-09-09 20:16:25] At iterate     1  f =      -18.125  |proj g|=       0.14088
[job(699): 2016-09-09 20:16:25] At iterate     2  f =      -18.157  |proj g|=       0.04037
[job(699): 2016-09-09 20:16:25] At iterate     3  f =      -18.162  |proj g|=      0.028729
[job(699): 2016-09-09 20:16:25] At iterate     4  f =      -18.166  |proj g|=      0.015458
[job(699): 2016-09-09 20:16:25] At iterate     5  f =      -18.167  |proj g|=    0.00043946
[job(699): 2016-09-09 20:16:25] At iterate     6  f =      -18.167  |proj g|=    8.0777e-05
[job(699): 2016-09-09 20:16:25] At iterate     7  f =      -18.167  |proj g|=    5.0292e-07
[job(699): 2016-09-09 20:16:25] 
[job(699): 2016-09-09 20:16:25] iterations 7
[job(699): 2016-09-09 20:16:25] function evaluations 8
[job(699): 2016-09-09 20:16:25] segments explored during Cauchy searches 7
[job(699): 2016-09-09 20:16:25] BFGS updates skipped 0
[job(699): 2016-09-09 20:16:25] active bounds at final generalized Cauchy point 0
[job(699): 2016-09-09 20:16:25] norm of the final projected gradient 5.02922e-07
[job(699): 2016-09-09 20:16:25] final function value -18.1671
[job(699): 2016-09-09 20:16:25] 
[job(699): 2016-09-09 20:16:25] F = -18.1671
[job(699): 2016-09-09 20:16:25] final  value -18.167111 
[job(699): 2016-09-09 20:16:25] converged
[job(699): 2016-09-09 20:16:25] [Tune-x] 17: C=942; sigma=0.00282
[job(699): 2016-09-09 20:16:25] [Tune-y] 17: acc.test.mean=0.991; time: 0.0 min; memory: 117Mb use, 174Mb max
[job(699): 2016-09-09 20:16:25] 
[job(699): 2016-09-09 20:16:25] optimisation start
[job(699): 2016-09-09 20:16:25] ------------------
[job(699): 2016-09-09 20:16:25] * estimation method   : MLE 
[job(699): 2016-09-09 20:16:25] * optimisation method : BFGS 
[job(699): 2016-09-09 20:16:25] * analytical gradient : used
[job(699): 2016-09-09 20:16:25] * trend model : ~1
[job(699): 2016-09-09 20:16:25] * covariance model : 
[job(699): 2016-09-09 20:16:25]   - type :  matern5_2 
[job(699): 2016-09-09 20:16:25]   - nugget : NO
[job(699): 2016-09-09 20:16:25]   - parameters lower bounds :  1e-10 1e-10 
[job(699): 2016-09-09 20:16:25]   - parameters upper bounds :  41.99643 42.00063 
[job(699): 2016-09-09 20:16:25]   - best initial criterion value(s) :  15.74044 
[job(699): 2016-09-09 20:16:25] 
[job(699): 2016-09-09 20:16:25] N = 2, M = 5 machine precision = 2.22045e-16
[job(699): 2016-09-09 20:16:25] At X0, 0 variables are exactly at the bounds
[job(699): 2016-09-09 20:16:25] At iterate     0  f=       -15.74  |proj g|=      0.29187
[job(699): 2016-09-09 20:16:25] At iterate     1  f =      -15.842  |proj g|=       0.28118
[job(699): 2016-09-09 20:16:25] At iterate     2  f =       -16.96  |proj g|=       0.32321
[job(699): 2016-09-09 20:16:25] At iterate     3  f =      -18.383  |proj g|=        0.6327
[job(699): 2016-09-09 20:16:25] At iterate     4  f =      -20.192  |proj g|=       0.40251
[job(699): 2016-09-09 20:16:25] At iterate     5  f =      -20.266  |proj g|=       0.32154
[job(699): 2016-09-09 20:16:25] At iterate     6  f =      -21.275  |proj g|=       0.32984
[job(699): 2016-09-09 20:16:25] At iterate     7  f =      -21.373  |proj g|=      0.083234
[job(699): 2016-09-09 20:16:25] At iterate     8  f =      -21.411  |proj g|=     0.0037259
[job(699): 2016-09-09 20:16:25] At iterate     9  f =      -21.411  |proj g|=    0.00028682
[job(699): 2016-09-09 20:16:25] At iterate    10  f =      -21.411  |proj g|=    4.4528e-05
[job(699): 2016-09-09 20:16:25] At iterate    11  f =      -21.411  |proj g|=    3.8808e-06
[job(699): 2016-09-09 20:16:25] 
[job(699): 2016-09-09 20:16:25] iterations 11
[job(699): 2016-09-09 20:16:25] function evaluations 18
[job(699): 2016-09-09 20:16:25] segments explored during Cauchy searches 11
[job(699): 2016-09-09 20:16:25] BFGS updates skipped 0
[job(699): 2016-09-09 20:16:25] active bounds at final generalized Cauchy point 0
[job(699): 2016-09-09 20:16:25] norm of the final projected gradient 3.88084e-06
[job(699): 2016-09-09 20:16:25] final function value -21.4115
[job(699): 2016-09-09 20:16:25] 
[job(699): 2016-09-09 20:16:25] F = -21.4115
[job(699): 2016-09-09 20:16:25] final  value -21.411463 
[job(699): 2016-09-09 20:16:25] converged
[job(699): 2016-09-09 20:16:25] [Tune-x] 18: C=61.3; sigma=0.00631
[job(699): 2016-09-09 20:16:25] [Tune-y] 18: acc.test.mean=0.991; time: 0.0 min; memory: 117Mb use, 174Mb max
[job(699): 2016-09-09 20:16:25] 
[job(699): 2016-09-09 20:16:25] optimisation start
[job(699): 2016-09-09 20:16:25] ------------------
[job(699): 2016-09-09 20:16:25] * estimation method   : MLE 
[job(699): 2016-09-09 20:16:25] * optimisation method : BFGS 
[job(699): 2016-09-09 20:16:25] * analytical gradient : used
[job(699): 2016-09-09 20:16:25] * trend model : ~1
[job(699): 2016-09-09 20:16:25] * covariance model : 
[job(699): 2016-09-09 20:16:25]   - type :  matern5_2 
[job(699): 2016-09-09 20:16:25]   - nugget : NO
[job(699): 2016-09-09 20:16:25]   - parameters lower bounds :  1e-10 1e-10 
[job(699): 2016-09-09 20:16:25]   - parameters upper bounds :  41.99643 42.00063 
[job(699): 2016-09-09 20:16:25]   - best initial criterion value(s) :  24.22971 
[job(699): 2016-09-09 20:16:25] 
[job(699): 2016-09-09 20:16:25] N = 2, M = 5 machine precision = 2.22045e-16
[job(699): 2016-09-09 20:16:25] At X0, 0 variables are exactly at the bounds
[job(699): 2016-09-09 20:16:25] At iterate     0  f=       -24.23  |proj g|=      0.25427
[job(699): 2016-09-09 20:16:25] At iterate     1  f =      -24.286  |proj g|=       0.19128
[job(699): 2016-09-09 20:16:25] At iterate     2  f =      -24.402  |proj g|=      0.077323
[job(699): 2016-09-09 20:16:25] At iterate     3  f =      -24.617  |proj g|=      0.055376
[job(699): 2016-09-09 20:16:25] At iterate     4  f =      -24.636  |proj g|=      0.047474
[job(699): 2016-09-09 20:16:25] At iterate     5  f =      -24.651  |proj g|=      0.048827
[job(699): 2016-09-09 20:16:25] At iterate     6  f =      -24.654  |proj g|=     0.0050426
[job(699): 2016-09-09 20:16:25] At iterate     7  f =      -24.654  |proj g|=    0.00029745
[job(699): 2016-09-09 20:16:25] At iterate     8  f =      -24.654  |proj g|=     8.269e-06
[job(699): 2016-09-09 20:16:25] At iterate     9  f =      -24.654  |proj g|=    2.6804e-07
[job(699): 2016-09-09 20:16:25] 
[job(699): 2016-09-09 20:16:25] iterations 9
[job(699): 2016-09-09 20:16:25] function evaluations 13
[job(699): 2016-09-09 20:16:25] segments explored during Cauchy searches 9
[job(699): 2016-09-09 20:16:25] BFGS updates skipped 0
[job(699): 2016-09-09 20:16:25] active bounds at final generalized Cauchy point 0
[job(699): 2016-09-09 20:16:25] norm of the final projected gradient 2.68038e-07
[job(699): 2016-09-09 20:16:25] final function value -24.654
[job(699): 2016-09-09 20:16:25] 
[job(699): 2016-09-09 20:16:25] F = -24.654
[job(699): 2016-09-09 20:16:25] final  value -24.653952 
[job(699): 2016-09-09 20:16:25] converged
[job(699): 2016-09-09 20:16:25] [Tune-x] 19: C=68.4; sigma=0.0269
[job(699): 2016-09-09 20:16:25] [Tune-y] 19: acc.test.mean=0.993; time: 0.0 min; memory: 117Mb use, 174Mb max
[job(699): 2016-09-09 20:16:25] 
[job(699): 2016-09-09 20:16:25] optimisation start
[job(699): 2016-09-09 20:16:25] ------------------
[job(699): 2016-09-09 20:16:25] * estimation method   : MLE 
[job(699): 2016-09-09 20:16:25] * optimisation method : BFGS 
[job(699): 2016-09-09 20:16:25] * analytical gradient : used
[job(699): 2016-09-09 20:16:25] * trend model : ~1
[job(699): 2016-09-09 20:16:25] * covariance model : 
[job(699): 2016-09-09 20:16:25]   - type :  matern5_2 
[job(699): 2016-09-09 20:16:25]   - nugget : NO
[job(699): 2016-09-09 20:16:25]   - parameters lower bounds :  1e-10 1e-10 
[job(699): 2016-09-09 20:16:25]   - parameters upper bounds :  41.99643 42.00063 
[job(699): 2016-09-09 20:16:25]   - best initial criterion value(s) :  24.27836 
[job(699): 2016-09-09 20:16:25] 
[job(699): 2016-09-09 20:16:25] N = 2, M = 5 machine precision = 2.22045e-16
[job(699): 2016-09-09 20:16:25] At X0, 0 variables are exactly at the bounds
[job(699): 2016-09-09 20:16:25] At iterate     0  f=      -24.278  |proj g|=      0.74223
[job(699): 2016-09-09 20:16:25] At iterate     1  f =      -24.842  |proj g|=        0.7241
[job(699): 2016-09-09 20:16:25] At iterate     2  f =      -27.577  |proj g|=       0.37634
[job(699): 2016-09-09 20:16:25] At iterate     3  f =      -28.267  |proj g|=       0.27185
[job(699): 2016-09-09 20:16:25] At iterate     4  f =       -28.63  |proj g|=       0.29646
[job(699): 2016-09-09 20:16:25] At iterate     5  f =       -28.76  |proj g|=      0.034223
[job(699): 2016-09-09 20:16:25] At iterate     6  f =      -28.765  |proj g|=      0.017196
[job(699): 2016-09-09 20:16:25] At iterate     7  f =      -28.766  |proj g|=    0.00071749
[job(699): 2016-09-09 20:16:25] At iterate     8  f =      -28.766  |proj g|=    1.6214e-05
[job(699): 2016-09-09 20:16:25] At iterate     9  f =      -28.766  |proj g|=    1.3438e-07
[job(699): 2016-09-09 20:16:25] 
[job(699): 2016-09-09 20:16:25] iterations 9
[job(699): 2016-09-09 20:16:25] function evaluations 14
[job(699): 2016-09-09 20:16:25] segments explored during Cauchy searches 10
[job(699): 2016-09-09 20:16:25] BFGS updates skipped 0
[job(699): 2016-09-09 20:16:25] active bounds at final generalized Cauchy point 0
[job(699): 2016-09-09 20:16:25] norm of the final projected gradient 1.34377e-07
[job(699): 2016-09-09 20:16:25] final function value -28.7661
[job(699): 2016-09-09 20:16:25] 
[job(699): 2016-09-09 20:16:25] F = -28.7661
[job(699): 2016-09-09 20:16:25] final  value -28.766066 
[job(699): 2016-09-09 20:16:25] converged
[job(699): 2016-09-09 20:16:25] [Tune-x] 20: C=10.5; sigma=0.000597
[job(699): 2016-09-09 20:16:25] [Tune-y] 20: acc.test.mean=0.983; time: 0.0 min; memory: 117Mb use, 174Mb max
[job(699): 2016-09-09 20:16:25] 
[job(699): 2016-09-09 20:16:25] optimisation start
[job(699): 2016-09-09 20:16:25] ------------------
[job(699): 2016-09-09 20:16:25] * estimation method   : MLE 
[job(699): 2016-09-09 20:16:25] * optimisation method : BFGS 
[job(699): 2016-09-09 20:16:25] * analytical gradient : used
[job(699): 2016-09-09 20:16:25] * trend model : ~1
[job(699): 2016-09-09 20:16:25] * covariance model : 
[job(699): 2016-09-09 20:16:25]   - type :  matern5_2 
[job(699): 2016-09-09 20:16:25]   - nugget : NO
[job(699): 2016-09-09 20:16:25]   - parameters lower bounds :  1e-10 1e-10 
[job(699): 2016-09-09 20:16:25]   - parameters upper bounds :  41.99643 44.17774 
[job(699): 2016-09-09 20:16:25]   - best initial criterion value(s) :  25.62008 
[job(699): 2016-09-09 20:16:25] 
[job(699): 2016-09-09 20:16:25] N = 2, M = 5 machine precision = 2.22045e-16
[job(699): 2016-09-09 20:16:25] At X0, 0 variables are exactly at the bounds
[job(699): 2016-09-09 20:16:25] At iterate     0  f=       -25.62  |proj g|=       2.6548
[job(699): 2016-09-09 20:16:25] At iterate     1  f =       -29.89  |proj g|=       0.62133
[job(699): 2016-09-09 20:16:25] At iterate     2  f =      -30.206  |proj g|=       0.15308
[job(699): 2016-09-09 20:16:25] At iterate     3  f =       -30.23  |proj g|=      0.019934
[job(699): 2016-09-09 20:16:25] At iterate     4  f =      -30.231  |proj g|=     0.0051743
[job(699): 2016-09-09 20:16:25] At iterate     5  f =      -30.231  |proj g|=     0.0023737
[job(699): 2016-09-09 20:16:25] At iterate     6  f =      -30.231  |proj g|=    0.00017127
[job(699): 2016-09-09 20:16:25] At iterate     7  f =      -30.231  |proj g|=    3.5768e-06
[job(699): 2016-09-09 20:16:25] 
[job(699): 2016-09-09 20:16:25] iterations 7
[job(699): 2016-09-09 20:16:25] function evaluations 8
[job(699): 2016-09-09 20:16:25] segments explored during Cauchy searches 7
[job(699): 2016-09-09 20:16:25] BFGS updates skipped 0
[job(699): 2016-09-09 20:16:25] active bounds at final generalized Cauchy point 0
[job(699): 2016-09-09 20:16:25] norm of the final projected gradient 3.57682e-06
[job(699): 2016-09-09 20:16:25] final function value -30.2312
[job(699): 2016-09-09 20:16:25] 
[job(699): 2016-09-09 20:16:25] F = -30.2312
[job(699): 2016-09-09 20:16:25] final  value -30.231179 
[job(699): 2016-09-09 20:16:25] converged
[job(699): 2016-09-09 20:16:25] [Tune-x] 21: C=18.2; sigma=0.0038
[job(699): 2016-09-09 20:16:25] [Tune-y] 21: acc.test.mean=0.993; time: 0.0 min; memory: 117Mb use, 182Mb max
[job(699): 2016-09-09 20:16:25] 
[job(699): 2016-09-09 20:16:25] optimisation start
[job(699): 2016-09-09 20:16:25] ------------------
[job(699): 2016-09-09 20:16:25] * estimation method   : MLE 
[job(699): 2016-09-09 20:16:25] * optimisation method : BFGS 
[job(699): 2016-09-09 20:16:25] * analytical gradient : used
[job(699): 2016-09-09 20:16:25] * trend model : ~1
[job(699): 2016-09-09 20:16:25] * covariance model : 
[job(699): 2016-09-09 20:16:25]   - type :  matern5_2 
[job(699): 2016-09-09 20:16:25]   - nugget : NO
[job(699): 2016-09-09 20:16:25]   - parameters lower bounds :  1e-10 1e-10 
[job(699): 2016-09-09 20:16:25]   - parameters upper bounds :  41.99643 44.17774 
[job(699): 2016-09-09 20:16:25]   - best initial criterion value(s) :  29.1032 
[job(699): 2016-09-09 20:16:25] 
[job(699): 2016-09-09 20:16:25] N = 2, M = 5 machine precision = 2.22045e-16
[job(699): 2016-09-09 20:16:25] At X0, 0 variables are exactly at the bounds
[job(699): 2016-09-09 20:16:25] At iterate     0  f=      -29.103  |proj g|=      0.77705
[job(699): 2016-09-09 20:16:25] At iterate     1  f =      -29.751  |proj g|=       0.73926
[job(699): 2016-09-09 20:16:25] At iterate     2  f =       -31.76  |proj g|=       0.33924
[job(699): 2016-09-09 20:16:25] At iterate     3  f =      -32.528  |proj g|=        0.2164
[job(699): 2016-09-09 20:16:25] At iterate     4  f =      -32.737  |proj g|=        0.3862
[job(699): 2016-09-09 20:16:25] At iterate     5  f =      -32.882  |proj g|=      0.046627
[job(699): 2016-09-09 20:16:25] At iterate     6  f =      -32.893  |proj g|=     0.0027394
[job(699): 2016-09-09 20:16:25] At iterate     7  f =      -32.893  |proj g|=    0.00021908
[job(699): 2016-09-09 20:16:25] At iterate     8  f =      -32.893  |proj g|=    2.4248e-05
[job(699): 2016-09-09 20:16:25] At iterate     9  f =      -32.893  |proj g|=    6.9097e-07
[job(699): 2016-09-09 20:16:25] 
[job(699): 2016-09-09 20:16:25] iterations 9
[job(699): 2016-09-09 20:16:25] function evaluations 14
[job(699): 2016-09-09 20:16:25] segments explored during Cauchy searches 10
[job(699): 2016-09-09 20:16:25] BFGS updates skipped 0
[job(699): 2016-09-09 20:16:25] active bounds at final generalized Cauchy point 0
[job(699): 2016-09-09 20:16:25] norm of the final projected gradient 6.90967e-07
[job(699): 2016-09-09 20:16:25] final function value -32.8934
[job(699): 2016-09-09 20:16:25] 
[job(699): 2016-09-09 20:16:25] F = -32.8934
[job(699): 2016-09-09 20:16:25] final  value -32.893356 
[job(699): 2016-09-09 20:16:25] converged
[job(699): 2016-09-09 20:16:25] [Tune-x] 22: C=29.5; sigma=0.000431
[job(699): 2016-09-09 20:16:25] [Tune-y] 22: acc.test.mean=0.985; time: 0.0 min; memory: 117Mb use, 182Mb max
[job(699): 2016-09-09 20:16:25] 
[job(699): 2016-09-09 20:16:25] optimisation start
[job(699): 2016-09-09 20:16:25] ------------------
[job(699): 2016-09-09 20:16:25] * estimation method   : MLE 
[job(699): 2016-09-09 20:16:25] * optimisation method : BFGS 
[job(699): 2016-09-09 20:16:25] * analytical gradient : used
[job(699): 2016-09-09 20:16:25] * trend model : ~1
[job(699): 2016-09-09 20:16:25] * covariance model : 
[job(699): 2016-09-09 20:16:25]   - type :  matern5_2 
[job(699): 2016-09-09 20:16:25]   - nugget : NO
[job(699): 2016-09-09 20:16:25]   - parameters lower bounds :  1e-10 1e-10 
[job(699): 2016-09-09 20:16:25]   - parameters upper bounds :  41.99643 45.11716 
[job(699): 2016-09-09 20:16:25]   - best initial criterion value(s) :  34.79169 
[job(699): 2016-09-09 20:16:25] 
[job(699): 2016-09-09 20:16:25] N = 2, M = 5 machine precision = 2.22045e-16
[job(699): 2016-09-09 20:16:25] At X0, 0 variables are exactly at the bounds
[job(699): 2016-09-09 20:16:25] At iterate     0  f=      -34.792  |proj g|=      0.89635
[job(699): 2016-09-09 20:16:25] At iterate     1  f =      -35.309  |proj g|=       0.26888
[job(699): 2016-09-09 20:16:25] At iterate     2  f =      -35.372  |proj g|=      0.053352
[job(699): 2016-09-09 20:16:25] At iterate     3  f =      -35.375  |proj g|=      0.004271
[job(699): 2016-09-09 20:16:25] At iterate     4  f =      -35.375  |proj g|=     0.0027067
[job(699): 2016-09-09 20:16:25] At iterate     5  f =      -35.375  |proj g|=     0.0018239
[job(699): 2016-09-09 20:16:25] At iterate     6  f =      -35.375  |proj g|=     0.0012794
[job(699): 2016-09-09 20:16:25] At iterate     7  f =      -35.375  |proj g|=    5.2067e-06
[job(699): 2016-09-09 20:16:25] At iterate     8  f =      -35.375  |proj g|=    5.1998e-06
[job(699): 2016-09-09 20:16:25] 
[job(699): 2016-09-09 20:16:25] iterations 8
[job(699): 2016-09-09 20:16:25] function evaluations 13
[job(699): 2016-09-09 20:16:25] segments explored during Cauchy searches 8
[job(699): 2016-09-09 20:16:25] BFGS updates skipped 0
[job(699): 2016-09-09 20:16:25] active bounds at final generalized Cauchy point 0
[job(699): 2016-09-09 20:16:25] norm of the final projected gradient 5.19982e-06
[job(699): 2016-09-09 20:16:25] final function value -35.3749
[job(699): 2016-09-09 20:16:25] 
[job(699): 2016-09-09 20:16:25] F = -35.3749
[job(699): 2016-09-09 20:16:25] final  value -35.374856 
[job(699): 2016-09-09 20:16:25] converged
[job(699): 2016-09-09 20:16:25] [Tune-x] 23: C=172; sigma=0.0393
[job(699): 2016-09-09 20:16:25] [Tune-y] 23: acc.test.mean=0.991; time: 0.0 min; memory: 117Mb use, 182Mb max
[job(699): 2016-09-09 20:16:25] 
[job(699): 2016-09-09 20:16:25] optimisation start
[job(699): 2016-09-09 20:16:25] ------------------
[job(699): 2016-09-09 20:16:25] * estimation method   : MLE 
[job(699): 2016-09-09 20:16:25] * optimisation method : BFGS 
[job(699): 2016-09-09 20:16:25] * analytical gradient : used
[job(699): 2016-09-09 20:16:25] * trend model : ~1
[job(699): 2016-09-09 20:16:25] * covariance model : 
[job(699): 2016-09-09 20:16:25]   - type :  matern5_2 
[job(699): 2016-09-09 20:16:25]   - nugget : NO
[job(699): 2016-09-09 20:16:25]   - parameters lower bounds :  1e-10 1e-10 
[job(699): 2016-09-09 20:16:25]   - parameters upper bounds :  41.99643 45.11716 
[job(699): 2016-09-09 20:16:25]   - best initial criterion value(s) :  35.15085 
[job(699): 2016-09-09 20:16:25] 
[job(699): 2016-09-09 20:16:25] N = 2, M = 5 machine precision = 2.22045e-16
[job(699): 2016-09-09 20:16:25] At X0, 0 variables are exactly at the bounds
[job(699): 2016-09-09 20:16:25] At iterate     0  f=      -35.151  |proj g|=      0.62152
[job(699): 2016-09-09 20:16:25] At iterate     1  f =      -35.422  |proj g|=       0.23788
[job(699): 2016-09-09 20:16:25] At iterate     2  f =      -35.489  |proj g|=       0.21293
[job(699): 2016-09-09 20:16:25] At iterate     3  f =      -35.855  |proj g|=       0.03103
[job(699): 2016-09-09 20:16:25] At iterate     4  f =      -35.856  |proj g|=      0.003833
[job(699): 2016-09-09 20:16:25] At iterate     5  f =      -35.856  |proj g|=     0.0012852
[job(699): 2016-09-09 20:16:25] At iterate     6  f =      -35.856  |proj g|=    6.5057e-05
[job(699): 2016-09-09 20:16:25] At iterate     7  f =      -35.856  |proj g|=     9.195e-07
[job(699): 2016-09-09 20:16:25] 
[job(699): 2016-09-09 20:16:25] iterations 7
[job(699): 2016-09-09 20:16:25] function evaluations 8
[job(699): 2016-09-09 20:16:25] segments explored during Cauchy searches 7
[job(699): 2016-09-09 20:16:25] BFGS updates skipped 0
[job(699): 2016-09-09 20:16:25] active bounds at final generalized Cauchy point 0
[job(699): 2016-09-09 20:16:25] norm of the final projected gradient 9.19505e-07
[job(699): 2016-09-09 20:16:25] final function value -35.8559
[job(699): 2016-09-09 20:16:25] 
[job(699): 2016-09-09 20:16:25] F = -35.8559
[job(699): 2016-09-09 20:16:25] final  value -35.855904 
[job(699): 2016-09-09 20:16:25] converged
[job(699): 2016-09-09 20:16:25] [Tune-x] 24: C=824; sigma=0.0245
[job(699): 2016-09-09 20:16:25] [Tune-y] 24: acc.test.mean=0.993; time: 0.0 min; memory: 117Mb use, 182Mb max
[job(699): 2016-09-09 20:16:25] 
[job(699): 2016-09-09 20:16:25] optimisation start
[job(699): 2016-09-09 20:16:25] ------------------
[job(699): 2016-09-09 20:16:25] * estimation method   : MLE 
[job(699): 2016-09-09 20:16:25] * optimisation method : BFGS 
[job(699): 2016-09-09 20:16:25] * analytical gradient : used
[job(699): 2016-09-09 20:16:25] * trend model : ~1
[job(699): 2016-09-09 20:16:25] * covariance model : 
[job(699): 2016-09-09 20:16:25]   - type :  matern5_2 
[job(699): 2016-09-09 20:16:25]   - nugget : NO
[job(699): 2016-09-09 20:16:25]   - parameters lower bounds :  1e-10 1e-10 
[job(699): 2016-09-09 20:16:25]   - parameters upper bounds :  41.99643 45.11716 
[job(699): 2016-09-09 20:16:25]   - best initial criterion value(s) :  38.5199 
[job(699): 2016-09-09 20:16:25] 
[job(699): 2016-09-09 20:16:25] N = 2, M = 5 machine precision = 2.22045e-16
[job(699): 2016-09-09 20:16:25] At X0, 0 variables are exactly at the bounds
[job(699): 2016-09-09 20:16:25] At iterate     0  f=       -38.52  |proj g|=      0.42382
[job(699): 2016-09-09 20:16:25] At iterate     1  f =      -38.661  |proj g|=       0.21628
[job(699): 2016-09-09 20:16:25] At iterate     2  f =      -38.718  |proj g|=      0.024394
[job(699): 2016-09-09 20:16:25] At iterate     3  f =       -38.72  |proj g|=     0.0032822
[job(699): 2016-09-09 20:16:25] At iterate     4  f =       -38.72  |proj g|=    0.00037993
[job(699): 2016-09-09 20:16:25] At iterate     5  f =       -38.72  |proj g|=    7.2618e-05
[job(699): 2016-09-09 20:16:25] At iterate     6  f =       -38.72  |proj g|=    5.9938e-07
[job(699): 2016-09-09 20:16:25] 
[job(699): 2016-09-09 20:16:25] iterations 6
[job(699): 2016-09-09 20:16:25] function evaluations 7
[job(699): 2016-09-09 20:16:25] segments explored during Cauchy searches 6
[job(699): 2016-09-09 20:16:25] BFGS updates skipped 0
[job(699): 2016-09-09 20:16:25] active bounds at final generalized Cauchy point 0
[job(699): 2016-09-09 20:16:25] norm of the final projected gradient 5.99382e-07
[job(699): 2016-09-09 20:16:25] final function value -38.7197
[job(699): 2016-09-09 20:16:25] 
[job(699): 2016-09-09 20:16:25] F = -38.7197
[job(699): 2016-09-09 20:16:25] final  value -38.719656 
[job(699): 2016-09-09 20:16:25] converged
[job(699): 2016-09-09 20:16:25] [Tune-x] 25: C=21.5; sigma=0.0258
[job(699): 2016-09-09 20:16:25] [Tune-y] 25: acc.test.mean=0.994; time: 0.0 min; memory: 117Mb use, 182Mb max
[job(699): 2016-09-09 20:16:25] 
[job(699): 2016-09-09 20:16:25] optimisation start
[job(699): 2016-09-09 20:16:25] ------------------
[job(699): 2016-09-09 20:16:25] * estimation method   : MLE 
[job(699): 2016-09-09 20:16:25] * optimisation method : BFGS 
[job(699): 2016-09-09 20:16:25] * analytical gradient : used
[job(699): 2016-09-09 20:16:25] * trend model : ~1
[job(699): 2016-09-09 20:16:25] * covariance model : 
[job(699): 2016-09-09 20:16:25]   - type :  matern5_2 
[job(699): 2016-09-09 20:16:25]   - nugget : NO
[job(699): 2016-09-09 20:16:25]   - parameters lower bounds :  1e-10 1e-10 
[job(699): 2016-09-09 20:16:25]   - parameters upper bounds :  41.99643 45.11716 
[job(699): 2016-09-09 20:16:25]   - best initial criterion value(s) :  38.01617 
[job(699): 2016-09-09 20:16:25] 
[job(699): 2016-09-09 20:16:25] N = 2, M = 5 machine precision = 2.22045e-16
[job(699): 2016-09-09 20:16:25] At X0, 0 variables are exactly at the bounds
[job(699): 2016-09-09 20:16:25] At iterate     0  f=      -38.016  |proj g|=        0.652
[job(699): 2016-09-09 20:16:25] At iterate     1  f =      -38.492  |proj g|=       0.65463
[job(699): 2016-09-09 20:16:25] At iterate     2  f =      -40.992  |proj g|=       0.52721
[job(699): 2016-09-09 20:16:25] At iterate     3  f =      -41.931  |proj g|=       0.43867
[job(699): 2016-09-09 20:16:25] At iterate     4  f =      -42.036  |proj g|=       0.15979
[job(699): 2016-09-09 20:16:25] At iterate     5  f =       -42.08  |proj g|=      0.036713
[job(699): 2016-09-09 20:16:25] At iterate     6  f =      -42.083  |proj g|=     0.0036772
[job(699): 2016-09-09 20:16:25] At iterate     7  f =      -42.083  |proj g|=    0.00032008
[job(699): 2016-09-09 20:16:25] At iterate     8  f =      -42.083  |proj g|=    1.2312e-06
[job(699): 2016-09-09 20:16:25] 
[job(699): 2016-09-09 20:16:25] iterations 8
[job(699): 2016-09-09 20:16:25] function evaluations 15
[job(699): 2016-09-09 20:16:25] segments explored during Cauchy searches 9
[job(699): 2016-09-09 20:16:25] BFGS updates skipped 0
[job(699): 2016-09-09 20:16:25] active bounds at final generalized Cauchy point 0
[job(699): 2016-09-09 20:16:25] norm of the final projected gradient 1.2312e-06
[job(699): 2016-09-09 20:16:25] final function value -42.0826
[job(699): 2016-09-09 20:16:25] 
[job(699): 2016-09-09 20:16:25] F = -42.0826
[job(699): 2016-09-09 20:16:25] final  value -42.082638 
[job(699): 2016-09-09 20:16:25] converged
[job(699): 2016-09-09 20:16:25] [Tune-x] 26: C=4.09e+03; sigma=0.037
[job(699): 2016-09-09 20:16:25] [Tune-y] 26: acc.test.mean=0.993; time: 0.0 min; memory: 117Mb use, 182Mb max
[job(699): 2016-09-09 20:16:25] 
[job(699): 2016-09-09 20:16:25] optimisation start
[job(699): 2016-09-09 20:16:25] ------------------
[job(699): 2016-09-09 20:16:25] * estimation method   : MLE 
[job(699): 2016-09-09 20:16:25] * optimisation method : BFGS 
[job(699): 2016-09-09 20:16:25] * analytical gradient : used
[job(699): 2016-09-09 20:16:25] * trend model : ~1
[job(699): 2016-09-09 20:16:25] * covariance model : 
[job(699): 2016-09-09 20:16:25]   - type :  matern5_2 
[job(699): 2016-09-09 20:16:25]   - nugget : NO
[job(699): 2016-09-09 20:16:25]   - parameters lower bounds :  1e-10 1e-10 
[job(699): 2016-09-09 20:16:25]   - parameters upper bounds :  42.62367 45.11716 
[job(699): 2016-09-09 20:16:25]   - best initial criterion value(s) :  44.21601 
[job(699): 2016-09-09 20:16:25] 
[job(699): 2016-09-09 20:16:25] N = 2, M = 5 machine precision = 2.22045e-16
[job(699): 2016-09-09 20:16:25] At X0, 0 variables are exactly at the bounds
[job(699): 2016-09-09 20:16:25] At iterate     0  f=      -44.216  |proj g|=      0.44937
[job(699): 2016-09-09 20:16:25] At iterate     1  f =       -44.37  |proj g|=       0.13293
[job(699): 2016-09-09 20:16:25] At iterate     2  f =      -44.404  |proj g|=       0.05442
[job(699): 2016-09-09 20:16:25] At iterate     3  f =      -44.409  |proj g|=       0.02567
[job(699): 2016-09-09 20:16:25] At iterate     4  f =       -44.41  |proj g|=    0.00066421
[job(699): 2016-09-09 20:16:25] At iterate     5  f =       -44.41  |proj g|=    2.1082e-05
[job(699): 2016-09-09 20:16:25] At iterate     6  f =       -44.41  |proj g|=    2.4785e-07
[job(699): 2016-09-09 20:16:25] 
[job(699): 2016-09-09 20:16:25] iterations 6
[job(699): 2016-09-09 20:16:25] function evaluations 7
[job(699): 2016-09-09 20:16:25] segments explored during Cauchy searches 6
[job(699): 2016-09-09 20:16:25] BFGS updates skipped 0
[job(699): 2016-09-09 20:16:25] active bounds at final generalized Cauchy point 0
[job(699): 2016-09-09 20:16:25] norm of the final projected gradient 2.47853e-07
[job(699): 2016-09-09 20:16:25] final function value -44.4104
[job(699): 2016-09-09 20:16:25] 
[job(699): 2016-09-09 20:16:25] F = -44.4104
[job(699): 2016-09-09 20:16:25] final  value -44.410444 
[job(699): 2016-09-09 20:16:25] converged
[job(699): 2016-09-09 20:16:25] [Tune-x] 27: C=33.6; sigma=0.0248
[job(699): 2016-09-09 20:16:25] [Tune-y] 27: acc.test.mean=0.993; time: 0.0 min; memory: 117Mb use, 182Mb max
[job(699): 2016-09-09 20:16:25] 
[job(699): 2016-09-09 20:16:25] optimisation start
[job(699): 2016-09-09 20:16:25] ------------------
[job(699): 2016-09-09 20:16:25] * estimation method   : MLE 
[job(699): 2016-09-09 20:16:25] * optimisation method : BFGS 
[job(699): 2016-09-09 20:16:25] * analytical gradient : used
[job(699): 2016-09-09 20:16:25] * trend model : ~1
[job(699): 2016-09-09 20:16:25] * covariance model : 
[job(699): 2016-09-09 20:16:25]   - type :  matern5_2 
[job(699): 2016-09-09 20:16:25]   - nugget : NO
[job(699): 2016-09-09 20:16:25]   - parameters lower bounds :  1e-10 1e-10 
[job(699): 2016-09-09 20:16:25]   - parameters upper bounds :  42.62367 45.11716 
[job(699): 2016-09-09 20:16:25]   - best initial criterion value(s) :  46.18872 
[job(699): 2016-09-09 20:16:25] 
[job(699): 2016-09-09 20:16:25] N = 2, M = 5 machine precision = 2.22045e-16
[job(699): 2016-09-09 20:16:25] At X0, 0 variables are exactly at the bounds
[job(699): 2016-09-09 20:16:25] At iterate     0  f=      -46.189  |proj g|=       1.2899
[job(699): 2016-09-09 20:16:25] At iterate     1  f =      -46.849  |proj g|=       0.37409
[job(699): 2016-09-09 20:16:25] At iterate     2  f =      -46.957  |proj g|=       0.26437
[job(699): 2016-09-09 20:16:25] At iterate     3  f =      -47.111  |proj g|=       0.22545
[job(699): 2016-09-09 20:16:25] At iterate     4  f =       -47.18  |proj g|=       0.15296
[job(699): 2016-09-09 20:16:25] At iterate     5  f =      -47.192  |proj g|=      0.019623
[job(699): 2016-09-09 20:16:25] At iterate     6  f =      -47.192  |proj g|=     0.0002568
[job(699): 2016-09-09 20:16:25] At iterate     7  f =      -47.192  |proj g|=    2.4189e-05
[job(699): 2016-09-09 20:16:25] At iterate     8  f =      -47.192  |proj g|=    3.1969e-06
[job(699): 2016-09-09 20:16:25] 
[job(699): 2016-09-09 20:16:25] iterations 8
[job(699): 2016-09-09 20:16:25] function evaluations 9
[job(699): 2016-09-09 20:16:25] segments explored during Cauchy searches 8
[job(699): 2016-09-09 20:16:25] BFGS updates skipped 0
[job(699): 2016-09-09 20:16:25] active bounds at final generalized Cauchy point 0
[job(699): 2016-09-09 20:16:25] norm of the final projected gradient 3.19687e-06
[job(699): 2016-09-09 20:16:25] final function value -47.1922
[job(699): 2016-09-09 20:16:25] 
[job(699): 2016-09-09 20:16:25] F = -47.1922
[job(699): 2016-09-09 20:16:25] final  value -47.192198 
[job(699): 2016-09-09 20:16:25] converged
[job(699): 2016-09-09 20:16:25] [Tune-x] 28: C=117; sigma=0.0343
[job(699): 2016-09-09 20:16:25] [Tune-y] 28: acc.test.mean=0.994; time: 0.0 min; memory: 117Mb use, 182Mb max
[job(699): 2016-09-09 20:16:25] 
[job(699): 2016-09-09 20:16:25] optimisation start
[job(699): 2016-09-09 20:16:25] ------------------
[job(699): 2016-09-09 20:16:25] * estimation method   : MLE 
[job(699): 2016-09-09 20:16:25] * optimisation method : BFGS 
[job(699): 2016-09-09 20:16:25] * analytical gradient : used
[job(699): 2016-09-09 20:16:25] * trend model : ~1
[job(699): 2016-09-09 20:16:25] * covariance model : 
[job(699): 2016-09-09 20:16:25]   - type :  matern5_2 
[job(699): 2016-09-09 20:16:25]   - nugget : NO
[job(699): 2016-09-09 20:16:25]   - parameters lower bounds :  1e-10 1e-10 
[job(699): 2016-09-09 20:16:25]   - parameters upper bounds :  42.62367 45.11716 
[job(699): 2016-09-09 20:16:25]   - best initial criterion value(s) :  50.2022 
[job(699): 2016-09-09 20:16:25] 
[job(699): 2016-09-09 20:16:25] N = 2, M = 5 machine precision = 2.22045e-16
[job(699): 2016-09-09 20:16:25] At X0, 0 variables are exactly at the bounds
[job(699): 2016-09-09 20:16:25] At iterate     0  f=      -50.202  |proj g|=      0.99301
[job(699): 2016-09-09 20:16:25] At iterate     1  f =      -50.313  |proj g|=       0.70332
[job(699): 2016-09-09 20:16:25] At iterate     2  f =      -50.494  |proj g|=       0.17807
[job(699): 2016-09-09 20:16:25] At iterate     3  f =      -50.514  |proj g|=      0.094207
[job(699): 2016-09-09 20:16:25] At iterate     4  f =      -50.524  |proj g|=      0.053461
[job(699): 2016-09-09 20:16:25] At iterate     5  f =      -50.526  |proj g|=     0.0021269
[job(699): 2016-09-09 20:16:25] At iterate     6  f =      -50.526  |proj g|=    4.3667e-05
[job(699): 2016-09-09 20:16:25] At iterate     7  f =      -50.526  |proj g|=    2.8846e-07
[job(699): 2016-09-09 20:16:25] 
[job(699): 2016-09-09 20:16:25] iterations 7
[job(699): 2016-09-09 20:16:25] function evaluations 8
[job(699): 2016-09-09 20:16:25] segments explored during Cauchy searches 7
[job(699): 2016-09-09 20:16:25] BFGS updates skipped 0
[job(699): 2016-09-09 20:16:25] active bounds at final generalized Cauchy point 0
[job(699): 2016-09-09 20:16:25] norm of the final projected gradient 2.88464e-07
[job(699): 2016-09-09 20:16:25] final function value -50.526
[job(699): 2016-09-09 20:16:25] 
[job(699): 2016-09-09 20:16:25] F = -50.526
[job(699): 2016-09-09 20:16:25] final  value -50.526042 
[job(699): 2016-09-09 20:16:25] converged
[job(699): 2016-09-09 20:16:25] [Tune] Result: C=115; sigma=0.0268 : acc.test.mean=-0.996
[job(699): 2016-09-09 20:16:25] Job terminated successfully
[job(chunk): 2016-09-09 20:16:25] Calculation finished!
