[job(chunk): 2016-09-09 20:17:48] Starting calculation of 1 jobs
[job(chunk): 2016-09-09 20:17:48] Setting working directory to '/naslx/projects/pr74ze/ri89coc2/svm_comparison'
[job(chunk): 2016-09-09 20:17:48] Memory measurement disabled
[job(958): 2016-09-09 20:17:52] Starting job with job.id=958
[job(958): 2016-09-09 20:18:54] Generating problem instance for problem '1413' ...
[job(958): 2016-09-09 20:18:54] Downloading from 'http://www.openml.org/api/v1/data/1413' to '/tmp/ri89coc2/Rtmp2xEJNT/cache/datasets/1413/description.xml'.
[job(958): 2016-09-09 20:18:54] Downloading from 'http://www.openml.org/data/download/976045/iris.arff' to '/tmp/ri89coc2/Rtmp2xEJNT/cache/datasets/1413/dataset.arff'
[job(958): 2016-09-09 20:18:54] Loading required package: readr
[job(958): 2016-09-09 20:18:54] Applying algorithm 'kbb-svc.tuned' on problem '1413' ...
[job(958): 2016-09-09 20:18:54] Data '1413' file 'description.xml' found in cache.
[job(958): 2016-09-09 20:18:54] Data '1413' file 'dataset.arff' found in cache.
[job(958): 2016-09-09 20:18:54] [Tune] Started tuning learner kbb-svc for parameter set:
[job(958): 2016-09-09 20:18:54]          Type len Def    Constr Req Tunable Trafo
[job(958): 2016-09-09 20:18:54] C     numeric   -   - -12 to 12   -    TRUE     Y
[job(958): 2016-09-09 20:18:54] sigma numeric   -   - -12 to 12   -    TRUE     Y
[job(958): 2016-09-09 20:18:54] With control class: TuneControlMBO
[job(958): 2016-09-09 20:18:54] Imputation value: -0
[job(958): 2016-09-09 20:18:54] [Tune-x] 1: C=4.84; sigma=0.701
[job(958): 2016-09-09 20:18:54] [Tune-y] 1: acc.test.mean=0.948; time: 0.0 min; memory: 113Mb use, 143Mb max
[job(958): 2016-09-09 20:18:54] [Tune-x] 2: C=90.8; sigma=760
[job(958): 2016-09-09 20:18:54] [Tune-y] 2: acc.test.mean=0.356; time: 0.0 min; memory: 113Mb use, 143Mb max
[job(958): 2016-09-09 20:18:54] [Tune-x] 3: C=0.00026; sigma=4.57
[job(958): 2016-09-09 20:18:54] [Tune-y] 3: acc.test.mean=0.585; time: 0.0 min; memory: 113Mb use, 143Mb max
[job(958): 2016-09-09 20:18:54] [Tune-x] 4: C=0.668; sigma=0.0848
[job(958): 2016-09-09 20:18:54] [Tune-y] 4: acc.test.mean=0.948; time: 0.0 min; memory: 113Mb use, 143Mb max
[job(958): 2016-09-09 20:18:54] [Tune-x] 5: C=0.0223; sigma=0.00128
[job(958): 2016-09-09 20:18:54] [Tune-y] 5: acc.test.mean=0.222; time: 0.0 min; memory: 113Mb use, 143Mb max
[job(958): 2016-09-09 20:18:54] [Tune-x] 6: C=1.08e+03; sigma=62.1
[job(958): 2016-09-09 20:18:54] [Tune-y] 6: acc.test.mean=0.385; time: 0.0 min; memory: 113Mb use, 143Mb max
[job(958): 2016-09-09 20:18:54] [Tune-x] 7: C=0.00242; sigma=125
[job(958): 2016-09-09 20:18:54] [Tune-y] 7: acc.test.mean=0.319; time: 0.0 min; memory: 113Mb use, 143Mb max
[job(958): 2016-09-09 20:18:54] [Tune-x] 8: C=10.7; sigma=0.00368
[job(958): 2016-09-09 20:18:54] [Tune-y] 8: acc.test.mean=0.926; time: 0.0 min; memory: 113Mb use, 143Mb max
[job(958): 2016-09-09 20:18:54] 
[job(958): 2016-09-09 20:18:54] optimisation start
[job(958): 2016-09-09 20:18:54] ------------------
[job(958): 2016-09-09 20:18:54] * estimation method   : MLE 
[job(958): 2016-09-09 20:18:54] * optimisation method : BFGS 
[job(958): 2016-09-09 20:18:54] * analytical gradient : used
[job(958): 2016-09-09 20:18:54] * trend model : ~1
[job(958): 2016-09-09 20:18:54] * covariance model : 
[job(958): 2016-09-09 20:18:54]   - type :  matern5_2 
[job(958): 2016-09-09 20:18:54]   - nugget : NO
[job(958): 2016-09-09 20:18:54]   - parameters lower bounds :  1e-10 1e-10 
[job(958): 2016-09-09 20:18:54]   - parameters upper bounds :  43.95915 38.35712 
[job(958): 2016-09-09 20:18:54]   - best initial criterion value(s) :  0.6017877 
[job(958): 2016-09-09 20:18:54] 
[job(958): 2016-09-09 20:18:54] N = 2, M = 5 machine precision = 2.22045e-16
[job(958): 2016-09-09 20:18:54] At X0, 0 variables are exactly at the bounds
[job(958): 2016-09-09 20:18:54] At iterate     0  f=     -0.60179  |proj g|=     0.069793
[job(958): 2016-09-09 20:18:54] At iterate     1  f =     -0.60612  |proj g|=      0.042166
[job(958): 2016-09-09 20:18:54] At iterate     2  f =     -0.61044  |proj g|=      0.021388
[job(958): 2016-09-09 20:18:54] At iterate     3  f =     -0.61219  |proj g|=      0.021274
[job(958): 2016-09-09 20:18:54] At iterate     4  f =     -0.62285  |proj g|=      0.059133
[job(958): 2016-09-09 20:18:54] At iterate     5  f =        -0.64  |proj g|=      0.094259
[job(958): 2016-09-09 20:18:54] At iterate     6  f =     -0.67083  |proj g|=       0.11229
[job(958): 2016-09-09 20:18:54] At iterate     7  f =     -0.70573  |proj g|=      0.073001
[job(958): 2016-09-09 20:18:54] At iterate     8  f =     -0.71967  |proj g|=      0.018139
[job(958): 2016-09-09 20:18:54] At iterate     9  f =     -0.72097  |proj g|=     0.0010961
[job(958): 2016-09-09 20:18:54] At iterate    10  f =     -0.72106  |proj g|=    4.8192e-05
[job(958): 2016-09-09 20:18:54] At iterate    11  f =     -0.72106  |proj g|=    0.00045855
[job(958): 2016-09-09 20:18:54] At iterate    12  f =     -0.72106  |proj g|=    3.5329e-06
[job(958): 2016-09-09 20:18:54] At iterate    13  f =     -0.72106  |proj g|=    3.7476e-09
[job(958): 2016-09-09 20:18:54] 
[job(958): 2016-09-09 20:18:54] iterations 13
[job(958): 2016-09-09 20:18:54] function evaluations 15
[job(958): 2016-09-09 20:18:54] segments explored during Cauchy searches 13
[job(958): 2016-09-09 20:18:54] BFGS updates skipped 0
[job(958): 2016-09-09 20:18:54] active bounds at final generalized Cauchy point 0
[job(958): 2016-09-09 20:18:54] norm of the final projected gradient 3.74761e-09
[job(958): 2016-09-09 20:18:54] final function value -0.721057
[job(958): 2016-09-09 20:18:54] 
[job(958): 2016-09-09 20:18:54] F = -0.721057
[job(958): 2016-09-09 20:18:54] final  value -0.721057 
[job(958): 2016-09-09 20:18:54] converged
[job(958): 2016-09-09 20:18:54] [Tune-x] 9: C=2.32; sigma=0.000838
[job(958): 2016-09-09 20:18:54] [Tune-y] 9: acc.test.mean=0.333; time: 0.0 min; memory: 117Mb use, 151Mb max
[job(958): 2016-09-09 20:18:54] 
[job(958): 2016-09-09 20:18:54] optimisation start
[job(958): 2016-09-09 20:18:54] ------------------
[job(958): 2016-09-09 20:18:54] * estimation method   : MLE 
[job(958): 2016-09-09 20:18:54] * optimisation method : BFGS 
[job(958): 2016-09-09 20:18:54] * analytical gradient : used
[job(958): 2016-09-09 20:18:54] * trend model : ~1
[job(958): 2016-09-09 20:18:54] * covariance model : 
[job(958): 2016-09-09 20:18:54]   - type :  matern5_2 
[job(958): 2016-09-09 20:18:54]   - nugget : NO
[job(958): 2016-09-09 20:18:54]   - parameters lower bounds :  1e-10 1e-10 
[job(958): 2016-09-09 20:18:54]   - parameters upper bounds :  43.95915 39.57854 
[job(958): 2016-09-09 20:18:54]   - best initial criterion value(s) :  -1.046552 
[job(958): 2016-09-09 20:18:54] 
[job(958): 2016-09-09 20:18:54] N = 2, M = 5 machine precision = 2.22045e-16
[job(958): 2016-09-09 20:18:54] At X0, 0 variables are exactly at the bounds
[job(958): 2016-09-09 20:18:54] At iterate     0  f=       1.0466  |proj g|=      0.25408
[job(958): 2016-09-09 20:18:54] At iterate     1  f =      0.99222  |proj g|=       0.13482
[job(958): 2016-09-09 20:18:54] At iterate     2  f =      0.98433  |proj g|=      0.013261
[job(958): 2016-09-09 20:18:54] At iterate     3  f =      0.98412  |proj g|=      0.013212
[job(958): 2016-09-09 20:18:54] At iterate     4  f =      0.98386  |proj g|=      0.015019
[job(958): 2016-09-09 20:18:54] At iterate     5  f =      0.98188  |proj g|=      0.060804
[job(958): 2016-09-09 20:18:54] At iterate     6  f =      0.97819  |proj g|=        0.1129
[job(958): 2016-09-09 20:18:54] At iterate     7  f =      0.96739  |proj g|=       0.20277
[job(958): 2016-09-09 20:18:54] At iterate     8  f =      0.94241  |proj g|=        0.2865
[job(958): 2016-09-09 20:18:54] At iterate     9  f =       0.8876  |proj g|=       0.23418
[job(958): 2016-09-09 20:18:54] At iterate    10  f =      0.84354  |proj g|=      0.049572
[job(958): 2016-09-09 20:18:54] At iterate    11  f =      0.84028  |proj g|=      0.035858
[job(958): 2016-09-09 20:18:54] At iterate    12  f =      0.84005  |proj g|=     0.0011392
[job(958): 2016-09-09 20:18:54] At iterate    13  f =      0.84005  |proj g|=    7.9551e-06
[job(958): 2016-09-09 20:18:54] At iterate    14  f =      0.84005  |proj g|=    1.7496e-09
[job(958): 2016-09-09 20:18:54] 
[job(958): 2016-09-09 20:18:54] iterations 14
[job(958): 2016-09-09 20:18:54] function evaluations 16
[job(958): 2016-09-09 20:18:54] segments explored during Cauchy searches 14
[job(958): 2016-09-09 20:18:54] BFGS updates skipped 0
[job(958): 2016-09-09 20:18:54] active bounds at final generalized Cauchy point 1
[job(958): 2016-09-09 20:18:54] norm of the final projected gradient 1.74956e-09
[job(958): 2016-09-09 20:18:54] final function value 0.840048
[job(958): 2016-09-09 20:18:54] 
[job(958): 2016-09-09 20:18:54] F = 0.840048
[job(958): 2016-09-09 20:18:54] final  value 0.840048 
[job(958): 2016-09-09 20:18:54] converged
[job(958): 2016-09-09 20:18:54] [Tune-x] 10: C=4.87; sigma=0.694
[job(958): 2016-09-09 20:18:54] [Tune-y] 10: acc.test.mean=0.948; time: 0.0 min; memory: 117Mb use, 158Mb max
[job(958): 2016-09-09 20:18:54] 
[job(958): 2016-09-09 20:18:54] optimisation start
[job(958): 2016-09-09 20:18:54] ------------------
[job(958): 2016-09-09 20:18:54] * estimation method   : MLE 
[job(958): 2016-09-09 20:18:54] * optimisation method : BFGS 
[job(958): 2016-09-09 20:18:54] * analytical gradient : used
[job(958): 2016-09-09 20:18:54] * trend model : ~1
[job(958): 2016-09-09 20:18:54] * covariance model : 
[job(958): 2016-09-09 20:18:54]   - type :  matern5_2 
[job(958): 2016-09-09 20:18:54]   - nugget : NO
[job(958): 2016-09-09 20:18:54]   - parameters lower bounds :  1e-10 1e-10 
[job(958): 2016-09-09 20:18:54]   - parameters upper bounds :  43.95915 39.57854 
[job(958): 2016-09-09 20:18:54]   - best initial criterion value(s) :  3.667266 
[job(958): 2016-09-09 20:18:54] 
[job(958): 2016-09-09 20:18:54] N = 2, M = 5 machine precision = 2.22045e-16
[job(958): 2016-09-09 20:18:54] At X0, 0 variables are exactly at the bounds
[job(958): 2016-09-09 20:18:54] At iterate     0  f=      -3.6673  |proj g|=      0.12185
[job(958): 2016-09-09 20:18:54] At iterate     1  f =      -3.6805  |proj g|=      0.098841
[job(958): 2016-09-09 20:18:54] At iterate     2  f =      -4.1168  |proj g|=      0.042276
[job(958): 2016-09-09 20:18:54] At iterate     3  f =      -4.1355  |proj g|=      0.083062
[job(958): 2016-09-09 20:18:54] At iterate     4  f =      -4.3312  |proj g|=      0.053636
[job(958): 2016-09-09 20:18:54] At iterate     5  f =       -4.343  |proj g|=     0.0091538
[job(958): 2016-09-09 20:18:54] At iterate     6  f =      -4.3432  |proj g|=       0.00152
[job(958): 2016-09-09 20:18:54] At iterate     7  f =      -4.3432  |proj g|=    5.2834e-05
[job(958): 2016-09-09 20:18:54] At iterate     8  f =      -4.3432  |proj g|=    4.8032e-06
[job(958): 2016-09-09 20:18:54] 
[job(958): 2016-09-09 20:18:54] iterations 8
[job(958): 2016-09-09 20:18:54] function evaluations 13
[job(958): 2016-09-09 20:18:54] segments explored during Cauchy searches 8
[job(958): 2016-09-09 20:18:54] BFGS updates skipped 0
[job(958): 2016-09-09 20:18:54] active bounds at final generalized Cauchy point 0
[job(958): 2016-09-09 20:18:54] norm of the final projected gradient 4.80321e-06
[job(958): 2016-09-09 20:18:54] final function value -4.34319
[job(958): 2016-09-09 20:18:54] 
[job(958): 2016-09-09 20:18:54] F = -4.34319
[job(958): 2016-09-09 20:18:54] final  value -4.343188 
[job(958): 2016-09-09 20:18:54] converged
[job(958): 2016-09-09 20:18:54] [Tune-x] 11: C=51.9; sigma=0.0105
[job(958): 2016-09-09 20:18:54] [Tune-y] 11: acc.test.mean=0.963; time: 0.0 min; memory: 117Mb use, 158Mb max
[job(958): 2016-09-09 20:18:54] 
[job(958): 2016-09-09 20:18:54] optimisation start
[job(958): 2016-09-09 20:18:54] ------------------
[job(958): 2016-09-09 20:18:54] * estimation method   : MLE 
[job(958): 2016-09-09 20:18:54] * optimisation method : BFGS 
[job(958): 2016-09-09 20:18:54] * analytical gradient : used
[job(958): 2016-09-09 20:18:54] * trend model : ~1
[job(958): 2016-09-09 20:18:54] * covariance model : 
[job(958): 2016-09-09 20:18:54]   - type :  matern5_2 
[job(958): 2016-09-09 20:18:54]   - nugget : NO
[job(958): 2016-09-09 20:18:54]   - parameters lower bounds :  1e-10 1e-10 
[job(958): 2016-09-09 20:18:54]   - parameters upper bounds :  43.95915 39.57854 
[job(958): 2016-09-09 20:18:54]   - best initial criterion value(s) :  3.861218 
[job(958): 2016-09-09 20:18:54] 
[job(958): 2016-09-09 20:18:54] N = 2, M = 5 machine precision = 2.22045e-16
[job(958): 2016-09-09 20:18:54] At X0, 0 variables are exactly at the bounds
[job(958): 2016-09-09 20:18:54] At iterate     0  f=      -3.8612  |proj g|=      0.69193
[job(958): 2016-09-09 20:18:54] At iterate     1  f =      -4.3033  |proj g|=       0.48709
[job(958): 2016-09-09 20:18:54] At iterate     2  f =      -4.7502  |proj g|=       0.15893
[job(958): 2016-09-09 20:18:54] At iterate     3  f =      -4.8405  |proj g|=       0.08678
[job(958): 2016-09-09 20:18:54] At iterate     4  f =      -4.9075  |proj g|=      0.092536
[job(958): 2016-09-09 20:18:54] At iterate     5  f =      -4.9634  |proj g|=        0.2424
[job(958): 2016-09-09 20:18:54] At iterate     6  f =      -5.0344  |proj g|=       0.11004
[job(958): 2016-09-09 20:18:54] At iterate     7  f =      -5.0935  |proj g|=      0.049991
[job(958): 2016-09-09 20:18:54] At iterate     8  f =      -5.0983  |proj g|=     0.0021354
[job(958): 2016-09-09 20:18:54] At iterate     9  f =      -5.0984  |proj g|=     0.0023859
[job(958): 2016-09-09 20:18:54] At iterate    10  f =      -5.0984  |proj g|=    0.00018554
[job(958): 2016-09-09 20:18:54] At iterate    11  f =      -5.0984  |proj g|=    1.9062e-06
[job(958): 2016-09-09 20:18:54] At iterate    12  f =      -5.0984  |proj g|=    5.8795e-09
[job(958): 2016-09-09 20:18:54] 
[job(958): 2016-09-09 20:18:54] iterations 12
[job(958): 2016-09-09 20:18:54] function evaluations 14
[job(958): 2016-09-09 20:18:54] segments explored during Cauchy searches 12
[job(958): 2016-09-09 20:18:54] BFGS updates skipped 0
[job(958): 2016-09-09 20:18:54] active bounds at final generalized Cauchy point 0
[job(958): 2016-09-09 20:18:54] norm of the final projected gradient 5.87946e-09
[job(958): 2016-09-09 20:18:54] final function value -5.09842
[job(958): 2016-09-09 20:18:54] 
[job(958): 2016-09-09 20:18:54] F = -5.09842
[job(958): 2016-09-09 20:18:54] final  value -5.098423 
[job(958): 2016-09-09 20:18:54] converged
[job(958): 2016-09-09 20:18:54] [Tune-x] 12: C=22.2; sigma=0.00657
[job(958): 2016-09-09 20:18:54] [Tune-y] 12: acc.test.mean=0.956; time: 0.0 min; memory: 117Mb use, 158Mb max
[job(958): 2016-09-09 20:18:54] 
[job(958): 2016-09-09 20:18:54] optimisation start
[job(958): 2016-09-09 20:18:54] ------------------
[job(958): 2016-09-09 20:18:54] * estimation method   : MLE 
[job(958): 2016-09-09 20:18:54] * optimisation method : BFGS 
[job(958): 2016-09-09 20:18:54] * analytical gradient : used
[job(958): 2016-09-09 20:18:54] * trend model : ~1
[job(958): 2016-09-09 20:18:54] * covariance model : 
[job(958): 2016-09-09 20:18:54]   - type :  matern5_2 
[job(958): 2016-09-09 20:18:54]   - nugget : NO
[job(958): 2016-09-09 20:18:54]   - parameters lower bounds :  1e-10 1e-10 
[job(958): 2016-09-09 20:18:54]   - parameters upper bounds :  43.95915 39.57854 
[job(958): 2016-09-09 20:18:54]   - best initial criterion value(s) :  4.266092 
[job(958): 2016-09-09 20:18:54] 
[job(958): 2016-09-09 20:18:54] N = 2, M = 5 machine precision = 2.22045e-16
[job(958): 2016-09-09 20:18:54] At X0, 0 variables are exactly at the bounds
[job(958): 2016-09-09 20:18:54] At iterate     0  f=      -4.2661  |proj g|=      0.31013
[job(958): 2016-09-09 20:18:54] At iterate     1  f =      -4.3977  |proj g|=       0.28964
[job(958): 2016-09-09 20:18:54] At iterate     2  f =      -5.1638  |proj g|=       0.38816
[job(958): 2016-09-09 20:18:54] At iterate     3  f =      -6.2711  |proj g|=       0.19263
[job(958): 2016-09-09 20:18:54] At iterate     4  f =      -6.2781  |proj g|=       0.19701
[job(958): 2016-09-09 20:18:54] At iterate     5  f =      -6.3257  |proj g|=       0.21138
[job(958): 2016-09-09 20:18:54] At iterate     6  f =      -6.3614  |proj g|=        0.2219
[job(958): 2016-09-09 20:18:54] At iterate     7  f =      -6.6873  |proj g|=        0.4079
[job(958): 2016-09-09 20:18:54] At iterate     8  f =      -6.8626  |proj g|=       0.12309
[job(958): 2016-09-09 20:18:54] At iterate     9  f =      -6.9055  |proj g|=      0.023903
[job(958): 2016-09-09 20:18:54] At iterate    10  f =      -6.9088  |proj g|=     0.0034774
[job(958): 2016-09-09 20:18:54] At iterate    11  f =      -6.9089  |proj g|=    0.00015342
[job(958): 2016-09-09 20:18:54] At iterate    12  f =      -6.9089  |proj g|=    1.1375e-05
[job(958): 2016-09-09 20:18:54] At iterate    13  f =      -6.9089  |proj g|=    7.5399e-07
[job(958): 2016-09-09 20:18:54] 
[job(958): 2016-09-09 20:18:54] iterations 13
[job(958): 2016-09-09 20:18:54] function evaluations 20
[job(958): 2016-09-09 20:18:54] segments explored during Cauchy searches 13
[job(958): 2016-09-09 20:18:54] BFGS updates skipped 0
[job(958): 2016-09-09 20:18:54] active bounds at final generalized Cauchy point 0
[job(958): 2016-09-09 20:18:54] norm of the final projected gradient 7.53986e-07
[job(958): 2016-09-09 20:18:54] final function value -6.90887
[job(958): 2016-09-09 20:18:54] 
[job(958): 2016-09-09 20:18:54] F = -6.90887
[job(958): 2016-09-09 20:18:54] final  value -6.908868 
[job(958): 2016-09-09 20:18:54] converged
[job(958): 2016-09-09 20:18:54] [Tune-x] 13: C=103; sigma=0.00454
[job(958): 2016-09-09 20:18:54] [Tune-y] 13: acc.test.mean=0.978; time: 0.0 min; memory: 117Mb use, 158Mb max
[job(958): 2016-09-09 20:18:54] 
[job(958): 2016-09-09 20:18:54] optimisation start
[job(958): 2016-09-09 20:18:54] ------------------
[job(958): 2016-09-09 20:18:54] * estimation method   : MLE 
[job(958): 2016-09-09 20:18:54] * optimisation method : BFGS 
[job(958): 2016-09-09 20:18:54] * analytical gradient : used
[job(958): 2016-09-09 20:18:54] * trend model : ~1
[job(958): 2016-09-09 20:18:54] * covariance model : 
[job(958): 2016-09-09 20:18:54]   - type :  matern5_2 
[job(958): 2016-09-09 20:18:54]   - nugget : NO
[job(958): 2016-09-09 20:18:54]   - parameters lower bounds :  1e-10 1e-10 
[job(958): 2016-09-09 20:18:54]   - parameters upper bounds :  43.95915 39.57854 
[job(958): 2016-09-09 20:18:54]   - best initial criterion value(s) :  5.538162 
[job(958): 2016-09-09 20:18:54] 
[job(958): 2016-09-09 20:18:54] N = 2, M = 5 machine precision = 2.22045e-16
[job(958): 2016-09-09 20:18:54] At X0, 0 variables are exactly at the bounds
[job(958): 2016-09-09 20:18:54] At iterate     0  f=      -5.5382  |proj g|=      0.80869
[job(958): 2016-09-09 20:18:54] At iterate     1  f =      -6.1231  |proj g|=       0.62703
[job(958): 2016-09-09 20:18:54] At iterate     2  f =      -7.1625  |proj g|=       0.30766
[job(958): 2016-09-09 20:18:54] At iterate     3  f =      -7.7354  |proj g|=      0.063694
[job(958): 2016-09-09 20:18:54] At iterate     4  f =      -7.7365  |proj g|=      0.014413
[job(958): 2016-09-09 20:18:54] At iterate     5  f =      -7.7389  |proj g|=      0.041393
[job(958): 2016-09-09 20:18:54] At iterate     6  f =      -7.7593  |proj g|=       0.23445
[job(958): 2016-09-09 20:18:54] At iterate     7  f =      -7.8502  |proj g|=        1.0507
[job(958): 2016-09-09 20:18:54] At iterate     8  f =       -7.877  |proj g|=        1.3311
[job(958): 2016-09-09 20:18:54] At iterate     9  f =      -7.9616  |proj g|=        1.4881
[job(958): 2016-09-09 20:18:54] At iterate    10  f =      -8.2076  |proj g|=        1.0546
[job(958): 2016-09-09 20:18:54] At iterate    11  f =      -8.6819  |proj g|=       0.18892
[job(958): 2016-09-09 20:18:54] At iterate    12  f =       -8.698  |proj g|=      0.031306
[job(958): 2016-09-09 20:18:54] At iterate    13  f =      -8.6994  |proj g|=      0.006045
[job(958): 2016-09-09 20:18:54] At iterate    14  f =      -8.6994  |proj g|=     0.0006553
[job(958): 2016-09-09 20:18:54] At iterate    15  f =      -8.6994  |proj g|=    1.0458e-06
[job(958): 2016-09-09 20:18:54] At iterate    16  f =      -8.6994  |proj g|=    4.8549e-08
[job(958): 2016-09-09 20:18:54] 
[job(958): 2016-09-09 20:18:54] iterations 16
[job(958): 2016-09-09 20:18:54] function evaluations 27
[job(958): 2016-09-09 20:18:54] segments explored during Cauchy searches 17
[job(958): 2016-09-09 20:18:54] BFGS updates skipped 0
[job(958): 2016-09-09 20:18:54] active bounds at final generalized Cauchy point 0
[job(958): 2016-09-09 20:18:54] norm of the final projected gradient 4.85494e-08
[job(958): 2016-09-09 20:18:54] final function value -8.69938
[job(958): 2016-09-09 20:18:54] 
[job(958): 2016-09-09 20:18:54] F = -8.69938
[job(958): 2016-09-09 20:18:54] final  value -8.699384 
[job(958): 2016-09-09 20:18:54] converged
[job(958): 2016-09-09 20:18:54] [Tune-x] 14: C=162; sigma=0.00448
[job(958): 2016-09-09 20:18:54] [Tune-y] 14: acc.test.mean=0.978; time: 0.0 min; memory: 117Mb use, 158Mb max
[job(958): 2016-09-09 20:18:54] 
[job(958): 2016-09-09 20:18:54] optimisation start
[job(958): 2016-09-09 20:18:54] ------------------
[job(958): 2016-09-09 20:18:54] * estimation method   : MLE 
[job(958): 2016-09-09 20:18:54] * optimisation method : BFGS 
[job(958): 2016-09-09 20:18:54] * analytical gradient : used
[job(958): 2016-09-09 20:18:54] * trend model : ~1
[job(958): 2016-09-09 20:18:54] * covariance model : 
[job(958): 2016-09-09 20:18:54]   - type :  matern5_2 
[job(958): 2016-09-09 20:18:54]   - nugget : NO
[job(958): 2016-09-09 20:18:54]   - parameters lower bounds :  1e-10 1e-10 
[job(958): 2016-09-09 20:18:54]   - parameters upper bounds :  43.95915 39.57854 
[job(958): 2016-09-09 20:18:54]   - best initial criterion value(s) :  12.6715 
[job(958): 2016-09-09 20:18:54] 
[job(958): 2016-09-09 20:18:54] N = 2, M = 5 machine precision = 2.22045e-16
[job(958): 2016-09-09 20:18:54] At X0, 0 variables are exactly at the bounds
[job(958): 2016-09-09 20:18:54] At iterate     0  f=      -12.671  |proj g|=       0.2661
[job(958): 2016-09-09 20:18:54] At iterate     1  f =      -12.714  |proj g|=       0.16813
[job(958): 2016-09-09 20:18:54] At iterate     2  f =      -12.738  |proj g|=       0.15258
[job(958): 2016-09-09 20:18:54] At iterate     3  f =      -12.913  |proj g|=       0.19695
[job(958): 2016-09-09 20:18:54] At iterate     4  f =      -13.024  |proj g|=       0.20357
[job(958): 2016-09-09 20:18:54] At iterate     5  f =      -13.061  |proj g|=     0.0063799
[job(958): 2016-09-09 20:18:54] At iterate     6  f =      -13.062  |proj g|=     0.0035121
[job(958): 2016-09-09 20:18:54] At iterate     7  f =      -13.062  |proj g|=    0.00044642
[job(958): 2016-09-09 20:18:54] At iterate     8  f =      -13.062  |proj g|=    4.0941e-06
[job(958): 2016-09-09 20:18:54] At iterate     9  f =      -13.062  |proj g|=     3.301e-09
[job(958): 2016-09-09 20:18:54] 
[job(958): 2016-09-09 20:18:54] iterations 9
[job(958): 2016-09-09 20:18:54] function evaluations 10
[job(958): 2016-09-09 20:18:54] segments explored during Cauchy searches 9
[job(958): 2016-09-09 20:18:54] BFGS updates skipped 0
[job(958): 2016-09-09 20:18:54] active bounds at final generalized Cauchy point 0
[job(958): 2016-09-09 20:18:54] norm of the final projected gradient 3.30102e-09
[job(958): 2016-09-09 20:18:54] final function value -13.0616
[job(958): 2016-09-09 20:18:54] 
[job(958): 2016-09-09 20:18:54] F = -13.0616
[job(958): 2016-09-09 20:18:54] final  value -13.061614 
[job(958): 2016-09-09 20:18:54] converged
[job(958): 2016-09-09 20:18:54] [Tune-x] 15: C=128; sigma=0.00458
[job(958): 2016-09-09 20:18:54] [Tune-y] 15: acc.test.mean=0.963; time: 0.0 min; memory: 117Mb use, 158Mb max
[job(958): 2016-09-09 20:18:54] 
[job(958): 2016-09-09 20:18:54] optimisation start
[job(958): 2016-09-09 20:18:54] ------------------
[job(958): 2016-09-09 20:18:54] * estimation method   : MLE 
[job(958): 2016-09-09 20:18:54] * optimisation method : BFGS 
[job(958): 2016-09-09 20:18:54] * analytical gradient : used
[job(958): 2016-09-09 20:18:54] * trend model : ~1
[job(958): 2016-09-09 20:18:54] * covariance model : 
[job(958): 2016-09-09 20:18:54]   - type :  matern5_2 
[job(958): 2016-09-09 20:18:54]   - nugget : NO
[job(958): 2016-09-09 20:18:54]   - parameters lower bounds :  1e-10 1e-10 
[job(958): 2016-09-09 20:18:54]   - parameters upper bounds :  43.95915 39.57854 
[job(958): 2016-09-09 20:18:54]   - best initial criterion value(s) :  7.210289 
[job(958): 2016-09-09 20:18:54] 
[job(958): 2016-09-09 20:18:54] N = 2, M = 5 machine precision = 2.22045e-16
[job(958): 2016-09-09 20:18:54] At X0, 0 variables are exactly at the bounds
[job(958): 2016-09-09 20:18:54] At iterate     0  f=      -7.2103  |proj g|=       1.5248
[job(958): 2016-09-09 20:18:54] At iterate     1  f =      -8.0436  |proj g|=       0.43155
[job(958): 2016-09-09 20:18:54] At iterate     2  f =       -8.118  |proj g|=       0.31831
[job(958): 2016-09-09 20:18:54] At iterate     3  f =      -8.1582  |proj g|=       0.23562
[job(958): 2016-09-09 20:18:54] At iterate     4  f =      -8.3274  |proj g|=        0.2803
[job(958): 2016-09-09 20:18:54] At iterate     5  f =      -8.7611  |proj g|=       0.86444
[job(958): 2016-09-09 20:18:54] At iterate     6  f =      -9.0645  |proj g|=        1.1213
[job(958): 2016-09-09 20:18:54] At iterate     7  f =      -9.2064  |proj g|=         1.007
[job(958): 2016-09-09 20:18:54] At iterate     8  f =      -9.4075  |proj g|=       0.11335
[job(958): 2016-09-09 20:18:54] At iterate     9  f =      -9.4134  |proj g|=      0.023771
[job(958): 2016-09-09 20:18:54] At iterate    10  f =      -9.4145  |proj g|=     0.0019081
[job(958): 2016-09-09 20:18:54] At iterate    11  f =      -9.4145  |proj g|=    9.6293e-05
[job(958): 2016-09-09 20:18:54] At iterate    12  f =      -9.4145  |proj g|=    6.6682e-06
[job(958): 2016-09-09 20:18:54] 
[job(958): 2016-09-09 20:18:54] iterations 12
[job(958): 2016-09-09 20:18:54] function evaluations 16
[job(958): 2016-09-09 20:18:54] segments explored during Cauchy searches 12
[job(958): 2016-09-09 20:18:54] BFGS updates skipped 0
[job(958): 2016-09-09 20:18:54] active bounds at final generalized Cauchy point 0
[job(958): 2016-09-09 20:18:54] norm of the final projected gradient 6.66822e-06
[job(958): 2016-09-09 20:18:54] final function value -9.41452
[job(958): 2016-09-09 20:18:54] 
[job(958): 2016-09-09 20:18:54] F = -9.41452
[job(958): 2016-09-09 20:18:54] final  value -9.414518 
[job(958): 2016-09-09 20:18:54] converged
[job(958): 2016-09-09 20:18:54] [Tune-x] 16: C=301; sigma=0.00272
[job(958): 2016-09-09 20:18:54] [Tune-y] 16: acc.test.mean=0.948; time: 0.0 min; memory: 117Mb use, 158Mb max
[job(958): 2016-09-09 20:18:54] 
[job(958): 2016-09-09 20:18:54] optimisation start
[job(958): 2016-09-09 20:18:54] ------------------
[job(958): 2016-09-09 20:18:54] * estimation method   : MLE 
[job(958): 2016-09-09 20:18:54] * optimisation method : BFGS 
[job(958): 2016-09-09 20:18:54] * analytical gradient : used
[job(958): 2016-09-09 20:18:54] * trend model : ~1
[job(958): 2016-09-09 20:18:54] * covariance model : 
[job(958): 2016-09-09 20:18:54]   - type :  matern5_2 
[job(958): 2016-09-09 20:18:54]   - nugget : NO
[job(958): 2016-09-09 20:18:54]   - parameters lower bounds :  1e-10 1e-10 
[job(958): 2016-09-09 20:18:54]   - parameters upper bounds :  43.95915 39.57854 
[job(958): 2016-09-09 20:18:54]   - best initial criterion value(s) :  4.040082 
[job(958): 2016-09-09 20:18:54] 
[job(958): 2016-09-09 20:18:54] N = 2, M = 5 machine precision = 2.22045e-16
[job(958): 2016-09-09 20:18:54] At X0, 0 variables are exactly at the bounds
[job(958): 2016-09-09 20:18:54] At iterate     0  f=      -4.0401  |proj g|=       1.6542
[job(958): 2016-09-09 20:18:54] At iterate     1  f =      -4.5195  |proj g|=        1.2101
[job(958): 2016-09-09 20:18:54] At iterate     2  f =      -4.9559  |proj g|=       0.19694
[job(958): 2016-09-09 20:18:54] At iterate     3  f =      -5.3456  |proj g|=       0.60575
[job(958): 2016-09-09 20:18:54] At iterate     4  f =      -6.8438  |proj g|=        3.1173
[job(958): 2016-09-09 20:18:54] At iterate     5  f =      -8.3077  |proj g|=        4.5452
[job(958): 2016-09-09 20:18:54] At iterate     6  f =      -9.8908  |proj g|=        2.4634
[job(958): 2016-09-09 20:18:54] At iterate     7  f =      -10.435  |proj g|=       0.13345
[job(958): 2016-09-09 20:18:54] At iterate     8  f =      -10.514  |proj g|=      0.046938
[job(958): 2016-09-09 20:18:54] At iterate     9  f =      -10.516  |proj g|=      0.016113
[job(958): 2016-09-09 20:18:54] At iterate    10  f =      -10.517  |proj g|=     0.0012046
[job(958): 2016-09-09 20:18:54] At iterate    11  f =      -10.517  |proj g|=    4.2875e-05
[job(958): 2016-09-09 20:18:54] At iterate    12  f =      -10.517  |proj g|=    3.1421e-06
[job(958): 2016-09-09 20:18:54] 
[job(958): 2016-09-09 20:18:54] iterations 12
[job(958): 2016-09-09 20:18:54] function evaluations 20
[job(958): 2016-09-09 20:18:54] segments explored during Cauchy searches 12
[job(958): 2016-09-09 20:18:54] BFGS updates skipped 0
[job(958): 2016-09-09 20:18:54] active bounds at final generalized Cauchy point 0
[job(958): 2016-09-09 20:18:54] norm of the final projected gradient 3.14207e-06
[job(958): 2016-09-09 20:18:54] final function value -10.5173
[job(958): 2016-09-09 20:18:54] 
[job(958): 2016-09-09 20:18:54] F = -10.5173
[job(958): 2016-09-09 20:18:54] final  value -10.517254 
[job(958): 2016-09-09 20:18:54] converged
[job(958): 2016-09-09 20:18:54] [Tune-x] 17: C=59.8; sigma=0.00325
[job(958): 2016-09-09 20:18:54] [Tune-y] 17: acc.test.mean=0.963; time: 0.0 min; memory: 117Mb use, 158Mb max
[job(958): 2016-09-09 20:18:54] 
[job(958): 2016-09-09 20:18:54] optimisation start
[job(958): 2016-09-09 20:18:54] ------------------
[job(958): 2016-09-09 20:18:54] * estimation method   : MLE 
[job(958): 2016-09-09 20:18:54] * optimisation method : BFGS 
[job(958): 2016-09-09 20:18:54] * analytical gradient : used
[job(958): 2016-09-09 20:18:54] * trend model : ~1
[job(958): 2016-09-09 20:18:54] * covariance model : 
[job(958): 2016-09-09 20:18:54]   - type :  matern5_2 
[job(958): 2016-09-09 20:18:54]   - nugget : NO
[job(958): 2016-09-09 20:18:54]   - parameters lower bounds :  1e-10 1e-10 
[job(958): 2016-09-09 20:18:54]   - parameters upper bounds :  43.95915 39.57854 
[job(958): 2016-09-09 20:18:54]   - best initial criterion value(s) :  4.848581 
[job(958): 2016-09-09 20:18:54] 
[job(958): 2016-09-09 20:18:54] N = 2, M = 5 machine precision = 2.22045e-16
[job(958): 2016-09-09 20:18:54] At X0, 0 variables are exactly at the bounds
[job(958): 2016-09-09 20:18:54] At iterate     0  f=      -4.8486  |proj g|=       2.1811
[job(958): 2016-09-09 20:18:54] At iterate     1  f =      -6.0804  |proj g|=       0.90667
[job(958): 2016-09-09 20:18:54] At iterate     2  f =      -6.4784  |proj g|=       0.28786
[job(958): 2016-09-09 20:18:54] At iterate     3  f =      -6.5838  |proj g|=       0.34153
[job(958): 2016-09-09 20:18:54] At iterate     4  f =      -8.1215  |proj g|=        1.5579
[job(958): 2016-09-09 20:18:54] At iterate     5  f =      -9.2269  |proj g|=        2.4804
[job(958): 2016-09-09 20:18:54] At iterate     6  f =      -11.416  |proj g|=        2.2884
[job(958): 2016-09-09 20:18:54] At iterate     7  f =      -11.879  |proj g|=       0.86686
[job(958): 2016-09-09 20:18:54] At iterate     8  f =      -11.945  |proj g|=       0.10827
[job(958): 2016-09-09 20:18:54] At iterate     9  f =      -11.948  |proj g|=      0.011609
[job(958): 2016-09-09 20:18:54] At iterate    10  f =      -11.948  |proj g|=    0.00089368
[job(958): 2016-09-09 20:18:54] At iterate    11  f =      -11.948  |proj g|=    1.9823e-06
[job(958): 2016-09-09 20:18:54] At iterate    12  f =      -11.948  |proj g|=    9.5973e-09
[job(958): 2016-09-09 20:18:54] 
[job(958): 2016-09-09 20:18:54] iterations 12
[job(958): 2016-09-09 20:18:54] function evaluations 20
[job(958): 2016-09-09 20:18:54] segments explored during Cauchy searches 12
[job(958): 2016-09-09 20:18:54] BFGS updates skipped 0
[job(958): 2016-09-09 20:18:54] active bounds at final generalized Cauchy point 0
[job(958): 2016-09-09 20:18:54] norm of the final projected gradient 9.59729e-09
[job(958): 2016-09-09 20:18:54] final function value -11.9477
[job(958): 2016-09-09 20:18:54] 
[job(958): 2016-09-09 20:18:54] F = -11.9477
[job(958): 2016-09-09 20:18:54] final  value -11.947750 
[job(958): 2016-09-09 20:18:54] converged
[job(958): 2016-09-09 20:18:54] [Tune-x] 18: C=212; sigma=0.00601
[job(958): 2016-09-09 20:18:54] [Tune-y] 18: acc.test.mean=0.948; time: 0.0 min; memory: 117Mb use, 158Mb max
[job(958): 2016-09-09 20:18:54] 
[job(958): 2016-09-09 20:18:54] optimisation start
[job(958): 2016-09-09 20:18:54] ------------------
[job(958): 2016-09-09 20:18:54] * estimation method   : MLE 
[job(958): 2016-09-09 20:18:54] * optimisation method : BFGS 
[job(958): 2016-09-09 20:18:54] * analytical gradient : used
[job(958): 2016-09-09 20:18:54] * trend model : ~1
[job(958): 2016-09-09 20:18:54] * covariance model : 
[job(958): 2016-09-09 20:18:54]   - type :  matern5_2 
[job(958): 2016-09-09 20:18:54]   - nugget : NO
[job(958): 2016-09-09 20:18:54]   - parameters lower bounds :  1e-10 1e-10 
[job(958): 2016-09-09 20:18:54]   - parameters upper bounds :  43.95915 39.57854 
[job(958): 2016-09-09 20:18:54]   - best initial criterion value(s) :  9.017574 
[job(958): 2016-09-09 20:18:54] 
[job(958): 2016-09-09 20:18:54] N = 2, M = 5 machine precision = 2.22045e-16
[job(958): 2016-09-09 20:18:54] At X0, 0 variables are exactly at the bounds
[job(958): 2016-09-09 20:18:54] At iterate     0  f=      -9.0176  |proj g|=       6.7804
[job(958): 2016-09-09 20:18:54] At iterate     1  f =      -11.076  |proj g|=        2.4985
[job(958): 2016-09-09 20:18:54] At iterate     2  f =      -11.898  |proj g|=       0.77004
[job(958): 2016-09-09 20:18:54] At iterate     3  f =      -11.962  |proj g|=       0.26581
[job(958): 2016-09-09 20:18:54] At iterate     4  f =      -11.977  |proj g|=       0.26533
[job(958): 2016-09-09 20:18:54] At iterate     5  f =      -12.078  |proj g|=       0.48602
[job(958): 2016-09-09 20:18:54] At iterate     6  f =      -12.282  |proj g|=        1.2063
[job(958): 2016-09-09 20:18:54] At iterate     7  f =      -12.735  |proj g|=        2.2488
[job(958): 2016-09-09 20:18:54] At iterate     8  f =      -13.021  |proj g|=        2.1114
[job(958): 2016-09-09 20:18:54] At iterate     9  f =      -13.415  |proj g|=       0.22157
[job(958): 2016-09-09 20:18:54] At iterate    10  f =      -13.418  |proj g|=      0.083122
[job(958): 2016-09-09 20:18:54] At iterate    11  f =       -13.42  |proj g|=     0.0034961
[job(958): 2016-09-09 20:18:54] At iterate    12  f =       -13.42  |proj g|=     0.0017071
[job(958): 2016-09-09 20:18:54] At iterate    13  f =       -13.42  |proj g|=    9.9058e-05
[job(958): 2016-09-09 20:18:54] At iterate    14  f =       -13.42  |proj g|=    1.3544e-07
[job(958): 2016-09-09 20:18:54] 
[job(958): 2016-09-09 20:18:54] iterations 14
[job(958): 2016-09-09 20:18:54] function evaluations 16
[job(958): 2016-09-09 20:18:54] segments explored during Cauchy searches 14
[job(958): 2016-09-09 20:18:54] BFGS updates skipped 0
[job(958): 2016-09-09 20:18:54] active bounds at final generalized Cauchy point 0
[job(958): 2016-09-09 20:18:54] norm of the final projected gradient 1.3544e-07
[job(958): 2016-09-09 20:18:54] final function value -13.4195
[job(958): 2016-09-09 20:18:54] 
[job(958): 2016-09-09 20:18:54] F = -13.4195
[job(958): 2016-09-09 20:18:54] final  value -13.419514 
[job(958): 2016-09-09 20:18:54] converged
[job(958): 2016-09-09 20:18:54] [Tune-x] 19: C=192; sigma=0.00177
[job(958): 2016-09-09 20:18:54] [Tune-y] 19: acc.test.mean=0.97; time: 0.0 min; memory: 117Mb use, 158Mb max
[job(958): 2016-09-09 20:18:54] 
[job(958): 2016-09-09 20:18:54] optimisation start
[job(958): 2016-09-09 20:18:54] ------------------
[job(958): 2016-09-09 20:18:54] * estimation method   : MLE 
[job(958): 2016-09-09 20:18:54] * optimisation method : BFGS 
[job(958): 2016-09-09 20:18:54] * analytical gradient : used
[job(958): 2016-09-09 20:18:54] * trend model : ~1
[job(958): 2016-09-09 20:18:54] * covariance model : 
[job(958): 2016-09-09 20:18:54]   - type :  matern5_2 
[job(958): 2016-09-09 20:18:54]   - nugget : NO
[job(958): 2016-09-09 20:18:54]   - parameters lower bounds :  1e-10 1e-10 
[job(958): 2016-09-09 20:18:54]   - parameters upper bounds :  43.95915 39.57854 
[job(958): 2016-09-09 20:18:54]   - best initial criterion value(s) :  11.80565 
[job(958): 2016-09-09 20:18:54] 
[job(958): 2016-09-09 20:18:54] N = 2, M = 5 machine precision = 2.22045e-16
[job(958): 2016-09-09 20:18:54] At X0, 0 variables are exactly at the bounds
[job(958): 2016-09-09 20:18:54] At iterate     0  f=      -11.806  |proj g|=       2.5875
[job(958): 2016-09-09 20:18:54] At iterate     1  f =      -14.519  |proj g|=        3.3227
[job(958): 2016-09-09 20:18:54] At iterate     2  f =      -15.221  |proj g|=      0.022048
[job(958): 2016-09-09 20:18:54] At iterate     3  f =      -15.221  |proj g|=      0.010064
[job(958): 2016-09-09 20:18:54] At iterate     4  f =      -15.221  |proj g|=    0.00092815
[job(958): 2016-09-09 20:18:54] At iterate     5  f =      -15.221  |proj g|=    5.6514e-05
[job(958): 2016-09-09 20:18:54] At iterate     6  f =      -15.221  |proj g|=    2.4878e-06
[job(958): 2016-09-09 20:18:54] 
[job(958): 2016-09-09 20:18:54] iterations 6
[job(958): 2016-09-09 20:18:54] function evaluations 8
[job(958): 2016-09-09 20:18:54] segments explored during Cauchy searches 6
[job(958): 2016-09-09 20:18:54] BFGS updates skipped 0
[job(958): 2016-09-09 20:18:54] active bounds at final generalized Cauchy point 0
[job(958): 2016-09-09 20:18:54] norm of the final projected gradient 2.48777e-06
[job(958): 2016-09-09 20:18:54] final function value -15.2211
[job(958): 2016-09-09 20:18:54] 
[job(958): 2016-09-09 20:18:54] F = -15.2211
[job(958): 2016-09-09 20:18:54] final  value -15.221083 
[job(958): 2016-09-09 20:18:54] converged
[job(958): 2016-09-09 20:18:54] [Tune-x] 20: C=77.7; sigma=0.00479
[job(958): 2016-09-09 20:18:54] [Tune-y] 20: acc.test.mean=0.97; time: 0.0 min; memory: 117Mb use, 158Mb max
[job(958): 2016-09-09 20:18:54] 
[job(958): 2016-09-09 20:18:54] optimisation start
[job(958): 2016-09-09 20:18:54] ------------------
[job(958): 2016-09-09 20:18:54] * estimation method   : MLE 
[job(958): 2016-09-09 20:18:54] * optimisation method : BFGS 
[job(958): 2016-09-09 20:18:54] * analytical gradient : used
[job(958): 2016-09-09 20:18:54] * trend model : ~1
[job(958): 2016-09-09 20:18:54] * covariance model : 
[job(958): 2016-09-09 20:18:54]   - type :  matern5_2 
[job(958): 2016-09-09 20:18:54]   - nugget : NO
[job(958): 2016-09-09 20:18:54]   - parameters lower bounds :  1e-10 1e-10 
[job(958): 2016-09-09 20:18:54]   - parameters upper bounds :  43.95915 39.57854 
[job(958): 2016-09-09 20:18:54]   - best initial criterion value(s) :  14.99965 
[job(958): 2016-09-09 20:18:54] 
[job(958): 2016-09-09 20:18:54] N = 2, M = 5 machine precision = 2.22045e-16
[job(958): 2016-09-09 20:18:54] At X0, 0 variables are exactly at the bounds
[job(958): 2016-09-09 20:18:54] At iterate     0  f=          -15  |proj g|=       4.3756
[job(958): 2016-09-09 20:18:54] At iterate     1  f =      -15.554  |proj g|=         1.914
[job(958): 2016-09-09 20:18:54] At iterate     2  f =      -15.841  |proj g|=       0.19045
[job(958): 2016-09-09 20:18:54] At iterate     3  f =      -15.846  |proj g|=       0.19222
[job(958): 2016-09-09 20:18:54] At iterate     4  f =      -15.855  |proj g|=       0.20981
[job(958): 2016-09-09 20:18:54] At iterate     5  f =      -15.887  |proj g|=       0.64049
[job(958): 2016-09-09 20:18:54] At iterate     6  f =      -15.957  |proj g|=        1.2382
[job(958): 2016-09-09 20:18:54] At iterate     7  f =      -16.123  |proj g|=         2.141
[job(958): 2016-09-09 20:18:54] At iterate     8  f =       -16.41  |proj g|=        2.9694
[job(958): 2016-09-09 20:18:54] At iterate     9  f =      -16.753  |proj g|=        2.6127
[job(958): 2016-09-09 20:18:54] At iterate    10  f =      -17.075  |proj g|=       0.15152
[job(958): 2016-09-09 20:18:54] At iterate    11  f =      -17.124  |proj g|=      0.036986
[job(958): 2016-09-09 20:18:54] At iterate    12  f =      -17.129  |proj g|=      0.043214
[job(958): 2016-09-09 20:18:54] At iterate    13  f =      -17.129  |proj g|=     0.0094907
[job(958): 2016-09-09 20:18:54] At iterate    14  f =      -17.129  |proj g|=    0.00033739
[job(958): 2016-09-09 20:18:54] At iterate    15  f =      -17.129  |proj g|=    4.1571e-06
[job(958): 2016-09-09 20:18:54] 
[job(958): 2016-09-09 20:18:54] iterations 15
[job(958): 2016-09-09 20:18:54] function evaluations 19
[job(958): 2016-09-09 20:18:54] segments explored during Cauchy searches 15
[job(958): 2016-09-09 20:18:54] BFGS updates skipped 0
[job(958): 2016-09-09 20:18:54] active bounds at final generalized Cauchy point 0
[job(958): 2016-09-09 20:18:54] norm of the final projected gradient 4.15705e-06
[job(958): 2016-09-09 20:18:54] final function value -17.1294
[job(958): 2016-09-09 20:18:54] 
[job(958): 2016-09-09 20:18:54] F = -17.1294
[job(958): 2016-09-09 20:18:54] final  value -17.129428 
[job(958): 2016-09-09 20:18:54] converged
[job(958): 2016-09-09 20:18:54] [Tune-x] 21: C=181; sigma=0.00306
[job(958): 2016-09-09 20:18:54] [Tune-y] 21: acc.test.mean=0.97; time: 0.0 min; memory: 117Mb use, 158Mb max
[job(958): 2016-09-09 20:18:54] 
[job(958): 2016-09-09 20:18:54] optimisation start
[job(958): 2016-09-09 20:18:54] ------------------
[job(958): 2016-09-09 20:18:54] * estimation method   : MLE 
[job(958): 2016-09-09 20:18:54] * optimisation method : BFGS 
[job(958): 2016-09-09 20:18:54] * analytical gradient : used
[job(958): 2016-09-09 20:18:54] * trend model : ~1
[job(958): 2016-09-09 20:18:54] * covariance model : 
[job(958): 2016-09-09 20:18:54]   - type :  matern5_2 
[job(958): 2016-09-09 20:18:54]   - nugget : NO
[job(958): 2016-09-09 20:18:54]   - parameters lower bounds :  1e-10 1e-10 
[job(958): 2016-09-09 20:18:54]   - parameters upper bounds :  43.95915 39.57854 
[job(958): 2016-09-09 20:18:54]   - best initial criterion value(s) :  7.342606 
[job(958): 2016-09-09 20:18:54] 
[job(958): 2016-09-09 20:18:54] N = 2, M = 5 machine precision = 2.22045e-16
[job(958): 2016-09-09 20:18:54] At X0, 0 variables are exactly at the bounds
[job(958): 2016-09-09 20:18:54] At iterate     0  f=      -7.3426  |proj g|=        20.89
[job(958): 2016-09-09 20:18:54] At iterate     1  f =      -14.723  |proj g|=        2.2999
[job(958): 2016-09-09 20:18:54] At iterate     2  f =      -16.284  |proj g|=        1.9451
[job(958): 2016-09-09 20:18:54] At iterate     3  f =      -17.116  |proj g|=        0.2151
[job(958): 2016-09-09 20:18:54] At iterate     4  f =      -17.124  |proj g|=       0.20168
[job(958): 2016-09-09 20:18:54] At iterate     5  f =      -17.132  |proj g|=       0.20195
[job(958): 2016-09-09 20:18:54] At iterate     6  f =      -17.218  |proj g|=       0.99991
[job(958): 2016-09-09 20:18:54] At iterate     7  f =       -17.37  |proj g|=        1.9209
[job(958): 2016-09-09 20:18:54] At iterate     8  f =      -17.833  |proj g|=        3.8517
[job(958): 2016-09-09 20:18:54] At iterate     9  f =      -18.576  |proj g|=        5.9022
[job(958): 2016-09-09 20:18:54] At iterate    10  f =       -19.29  |proj g|=        3.5606
[job(958): 2016-09-09 20:18:54] At iterate    11  f =      -19.537  |proj g|=       0.64796
[job(958): 2016-09-09 20:18:54] At iterate    12  f =      -19.633  |proj g|=       0.53492
[job(958): 2016-09-09 20:18:54] At iterate    13  f =      -19.676  |proj g|=       0.14221
[job(958): 2016-09-09 20:18:54] At iterate    14  f =      -19.684  |proj g|=      0.021085
[job(958): 2016-09-09 20:18:54] At iterate    15  f =      -19.684  |proj g|=    0.00080434
[job(958): 2016-09-09 20:18:54] At iterate    16  f =      -19.684  |proj g|=     0.0012497
[job(958): 2016-09-09 20:18:54] At iterate    17  f =      -19.684  |proj g|=     7.927e-05
[job(958): 2016-09-09 20:18:54] At iterate    18  f =      -19.684  |proj g|=    1.6652e-07
[job(958): 2016-09-09 20:18:54] 
[job(958): 2016-09-09 20:18:54] iterations 18
[job(958): 2016-09-09 20:18:54] function evaluations 23
[job(958): 2016-09-09 20:18:54] segments explored during Cauchy searches 18
[job(958): 2016-09-09 20:18:54] BFGS updates skipped 0
[job(958): 2016-09-09 20:18:54] active bounds at final generalized Cauchy point 0
[job(958): 2016-09-09 20:18:54] norm of the final projected gradient 1.66521e-07
[job(958): 2016-09-09 20:18:54] final function value -19.6841
[job(958): 2016-09-09 20:18:54] 
[job(958): 2016-09-09 20:18:54] F = -19.6841
[job(958): 2016-09-09 20:18:54] final  value -19.684064 
[job(958): 2016-09-09 20:18:54] converged
[job(958): 2016-09-09 20:18:54] [Tune-x] 22: C=297; sigma=0.000283
[job(958): 2016-09-09 20:18:54] [Tune-y] 22: acc.test.mean=0.963; time: 0.0 min; memory: 117Mb use, 166Mb max
[job(958): 2016-09-09 20:18:54] 
[job(958): 2016-09-09 20:18:54] optimisation start
[job(958): 2016-09-09 20:18:54] ------------------
[job(958): 2016-09-09 20:18:54] * estimation method   : MLE 
[job(958): 2016-09-09 20:18:54] * optimisation method : BFGS 
[job(958): 2016-09-09 20:18:54] * analytical gradient : used
[job(958): 2016-09-09 20:18:54] * trend model : ~1
[job(958): 2016-09-09 20:18:54] * covariance model : 
[job(958): 2016-09-09 20:18:54]   - type :  matern5_2 
[job(958): 2016-09-09 20:18:54]   - nugget : NO
[job(958): 2016-09-09 20:18:54]   - parameters lower bounds :  1e-10 1e-10 
[job(958): 2016-09-09 20:18:54]   - parameters upper bounds :  43.95915 42.71034 
[job(958): 2016-09-09 20:18:54]   - best initial criterion value(s) :  17.25691 
[job(958): 2016-09-09 20:18:54] 
[job(958): 2016-09-09 20:18:54] N = 2, M = 5 machine precision = 2.22045e-16
[job(958): 2016-09-09 20:18:54] At X0, 0 variables are exactly at the bounds
[job(958): 2016-09-09 20:18:54] At iterate     0  f=      -17.257  |proj g|=       8.4351
[job(958): 2016-09-09 20:18:54] At iterate     1  f =      -19.094  |proj g|=       0.30766
[job(958): 2016-09-09 20:18:54] At iterate     2  f =        -19.1  |proj g|=       0.17894
[job(958): 2016-09-09 20:18:54] At iterate     3  f =      -19.106  |proj g|=       0.17997
[job(958): 2016-09-09 20:18:54] At iterate     4  f =      -19.114  |proj g|=       0.28633
[job(958): 2016-09-09 20:18:54] At iterate     5  f =      -19.145  |proj g|=       0.71748
[job(958): 2016-09-09 20:18:54] At iterate     6  f =      -19.217  |proj g|=        1.3533
[job(958): 2016-09-09 20:18:54] At iterate     7  f =      -19.412  |proj g|=        2.5068
[job(958): 2016-09-09 20:18:54] At iterate     8  f =      -19.885  |proj g|=        4.3368
[job(958): 2016-09-09 20:18:54] At iterate     9  f =      -20.569  |proj g|=        5.8327
[job(958): 2016-09-09 20:18:54] At iterate    10  f =       -21.27  |proj g|=        2.1318
[job(958): 2016-09-09 20:18:54] At iterate    11  f =      -21.418  |proj g|=       0.39186
[job(958): 2016-09-09 20:18:54] At iterate    12  f =      -21.427  |proj g|=       0.29731
[job(958): 2016-09-09 20:18:54] At iterate    13  f =      -21.435  |proj g|=     0.0086352
[job(958): 2016-09-09 20:18:54] At iterate    14  f =      -21.435  |proj g|=     0.0064118
[job(958): 2016-09-09 20:18:54] At iterate    15  f =      -21.435  |proj g|=    0.00048879
[job(958): 2016-09-09 20:18:54] At iterate    16  f =      -21.435  |proj g|=    1.8118e-05
[job(958): 2016-09-09 20:18:54] 
[job(958): 2016-09-09 20:18:54] iterations 16
[job(958): 2016-09-09 20:18:54] function evaluations 19
[job(958): 2016-09-09 20:18:54] segments explored during Cauchy searches 16
[job(958): 2016-09-09 20:18:54] BFGS updates skipped 0
[job(958): 2016-09-09 20:18:54] active bounds at final generalized Cauchy point 0
[job(958): 2016-09-09 20:18:54] norm of the final projected gradient 1.81177e-05
[job(958): 2016-09-09 20:18:54] final function value -21.4354
[job(958): 2016-09-09 20:18:54] 
[job(958): 2016-09-09 20:18:54] F = -21.4354
[job(958): 2016-09-09 20:18:54] final  value -21.435381 
[job(958): 2016-09-09 20:18:54] converged
[job(958): 2016-09-09 20:18:54] [Tune-x] 23: C=162; sigma=0.000711
[job(958): 2016-09-09 20:18:54] [Tune-y] 23: acc.test.mean=0.948; time: 0.0 min; memory: 117Mb use, 166Mb max
[job(958): 2016-09-09 20:18:54] 
[job(958): 2016-09-09 20:18:54] optimisation start
[job(958): 2016-09-09 20:18:54] ------------------
[job(958): 2016-09-09 20:18:54] * estimation method   : MLE 
[job(958): 2016-09-09 20:18:54] * optimisation method : BFGS 
[job(958): 2016-09-09 20:18:54] * analytical gradient : used
[job(958): 2016-09-09 20:18:54] * trend model : ~1
[job(958): 2016-09-09 20:18:54] * covariance model : 
[job(958): 2016-09-09 20:18:54]   - type :  matern5_2 
[job(958): 2016-09-09 20:18:54]   - nugget : NO
[job(958): 2016-09-09 20:18:54]   - parameters lower bounds :  1e-10 1e-10 
[job(958): 2016-09-09 20:18:54]   - parameters upper bounds :  43.95915 42.71034 
[job(958): 2016-09-09 20:18:54]   - best initial criterion value(s) :  13.02687 
[job(958): 2016-09-09 20:18:54] 
[job(958): 2016-09-09 20:18:54] N = 2, M = 5 machine precision = 2.22045e-16
[job(958): 2016-09-09 20:18:54] At X0, 0 variables are exactly at the bounds
[job(958): 2016-09-09 20:18:54] At iterate     0  f=      -13.027  |proj g|=       2.8886
[job(958): 2016-09-09 20:18:54] At iterate     1  f =      -20.951  |proj g|=        2.6862
[job(958): 2016-09-09 20:18:54] At iterate     2  f =      -21.165  |proj g|=       0.46539
[job(958): 2016-09-09 20:18:54] At iterate     3  f =      -21.426  |proj g|=       0.95123
[job(958): 2016-09-09 20:18:54] At iterate     4  f =       -22.63  |proj g|=        1.5613
[job(958): 2016-09-09 20:18:54] At iterate     5  f =      -23.067  |proj g|=        1.5518
[job(958): 2016-09-09 20:18:54] At iterate     6  f =        -23.2  |proj g|=       0.96047
[job(958): 2016-09-09 20:18:54] At iterate     7  f =      -23.225  |proj g|=       0.41338
[job(958): 2016-09-09 20:18:54] At iterate     8  f =      -23.231  |proj g|=     0.0042143
[job(958): 2016-09-09 20:18:54] At iterate     9  f =      -23.231  |proj g|=    0.00016076
[job(958): 2016-09-09 20:18:54] At iterate    10  f =      -23.231  |proj g|=    6.1218e-05
[job(958): 2016-09-09 20:18:54] 
[job(958): 2016-09-09 20:18:54] iterations 10
[job(958): 2016-09-09 20:18:54] function evaluations 18
[job(958): 2016-09-09 20:18:54] segments explored during Cauchy searches 11
[job(958): 2016-09-09 20:18:54] BFGS updates skipped 0
[job(958): 2016-09-09 20:18:54] active bounds at final generalized Cauchy point 0
[job(958): 2016-09-09 20:18:54] norm of the final projected gradient 6.12178e-05
[job(958): 2016-09-09 20:18:54] final function value -23.2305
[job(958): 2016-09-09 20:18:54] 
[job(958): 2016-09-09 20:18:54] F = -23.2305
[job(958): 2016-09-09 20:18:54] final  value -23.230520 
[job(958): 2016-09-09 20:18:54] converged
[job(958): 2016-09-09 20:18:54] [Tune-x] 24: C=97.3; sigma=0.0106
[job(958): 2016-09-09 20:18:54] [Tune-y] 24: acc.test.mean=0.956; time: 0.0 min; memory: 117Mb use, 166Mb max
[job(958): 2016-09-09 20:18:54] 
[job(958): 2016-09-09 20:18:54] optimisation start
[job(958): 2016-09-09 20:18:54] ------------------
[job(958): 2016-09-09 20:18:54] * estimation method   : MLE 
[job(958): 2016-09-09 20:18:54] * optimisation method : BFGS 
[job(958): 2016-09-09 20:18:54] * analytical gradient : used
[job(958): 2016-09-09 20:18:54] * trend model : ~1
[job(958): 2016-09-09 20:18:54] * covariance model : 
[job(958): 2016-09-09 20:18:54]   - type :  matern5_2 
[job(958): 2016-09-09 20:18:54]   - nugget : NO
[job(958): 2016-09-09 20:18:54]   - parameters lower bounds :  1e-10 1e-10 
[job(958): 2016-09-09 20:18:54]   - parameters upper bounds :  43.95915 42.71034 
[job(958): 2016-09-09 20:18:54]   - best initial criterion value(s) :  22.68297 
[job(958): 2016-09-09 20:18:54] 
[job(958): 2016-09-09 20:18:54] N = 2, M = 5 machine precision = 2.22045e-16
[job(958): 2016-09-09 20:18:54] At X0, 0 variables are exactly at the bounds
[job(958): 2016-09-09 20:18:54] At iterate     0  f=      -22.683  |proj g|=       2.0077
[job(958): 2016-09-09 20:18:54] At iterate     1  f =      -23.606  |proj g|=        1.8594
[job(958): 2016-09-09 20:18:54] At iterate     2  f =      -24.392  |proj g|=        3.1279
[job(958): 2016-09-09 20:18:54] At iterate     3  f =      -24.632  |proj g|=        0.5412
[job(958): 2016-09-09 20:18:54] At iterate     4  f =      -24.651  |proj g|=       0.52933
[job(958): 2016-09-09 20:18:54] At iterate     5  f =      -24.771  |proj g|=          0.96
[job(958): 2016-09-09 20:18:54] At iterate     6  f =      -24.887  |proj g|=        1.0632
[job(958): 2016-09-09 20:18:54] At iterate     7  f =      -24.986  |proj g|=       0.13074
[job(958): 2016-09-09 20:18:54] At iterate     8  f =      -24.992  |proj g|=       0.13161
[job(958): 2016-09-09 20:18:54] At iterate     9  f =      -24.993  |proj g|=       0.21551
[job(958): 2016-09-09 20:18:54] At iterate    10  f =      -24.994  |proj g|=      0.011264
[job(958): 2016-09-09 20:18:54] At iterate    11  f =      -24.994  |proj g|=    0.00052054
[job(958): 2016-09-09 20:18:54] At iterate    12  f =      -24.994  |proj g|=    0.00014933
[job(958): 2016-09-09 20:18:54] At iterate    13  f =      -24.994  |proj g|=     2.174e-05
[job(958): 2016-09-09 20:18:54] 
[job(958): 2016-09-09 20:18:54] iterations 13
[job(958): 2016-09-09 20:18:54] function evaluations 16
[job(958): 2016-09-09 20:18:54] segments explored during Cauchy searches 14
[job(958): 2016-09-09 20:18:54] BFGS updates skipped 0
[job(958): 2016-09-09 20:18:54] active bounds at final generalized Cauchy point 0
[job(958): 2016-09-09 20:18:54] norm of the final projected gradient 2.17398e-05
[job(958): 2016-09-09 20:18:54] final function value -24.9942
[job(958): 2016-09-09 20:18:54] 
[job(958): 2016-09-09 20:18:54] F = -24.9942
[job(958): 2016-09-09 20:18:54] final  value -24.994172 
[job(958): 2016-09-09 20:18:54] converged
[job(958): 2016-09-09 20:18:54] [Tune-x] 25: C=283; sigma=0.000808
[job(958): 2016-09-09 20:18:54] [Tune-y] 25: acc.test.mean=0.956; time: 0.0 min; memory: 117Mb use, 166Mb max
[job(958): 2016-09-09 20:18:54] 
[job(958): 2016-09-09 20:18:54] optimisation start
[job(958): 2016-09-09 20:18:54] ------------------
[job(958): 2016-09-09 20:18:54] * estimation method   : MLE 
[job(958): 2016-09-09 20:18:54] * optimisation method : BFGS 
[job(958): 2016-09-09 20:18:54] * analytical gradient : used
[job(958): 2016-09-09 20:18:54] * trend model : ~1
[job(958): 2016-09-09 20:18:54] * covariance model : 
[job(958): 2016-09-09 20:18:54]   - type :  matern5_2 
[job(958): 2016-09-09 20:18:54]   - nugget : NO
[job(958): 2016-09-09 20:18:54]   - parameters lower bounds :  1e-10 1e-10 
[job(958): 2016-09-09 20:18:54]   - parameters upper bounds :  43.95915 42.71034 
[job(958): 2016-09-09 20:18:54]   - best initial criterion value(s) :  21.64714 
[job(958): 2016-09-09 20:18:54] 
[job(958): 2016-09-09 20:18:54] N = 2, M = 5 machine precision = 2.22045e-16
[job(958): 2016-09-09 20:18:54] At X0, 0 variables are exactly at the bounds
[job(958): 2016-09-09 20:18:54] At iterate     0  f=      -21.647  |proj g|=       2.3874
[job(958): 2016-09-09 20:18:54] At iterate     1  f =      -23.816  |proj g|=        2.1347
[job(958): 2016-09-09 20:18:54] At iterate     2  f =      -26.678  |proj g|=        1.0044
[job(958): 2016-09-09 20:18:54] At iterate     3  f =      -26.714  |proj g|=       0.44123
[job(958): 2016-09-09 20:18:54] At iterate     4  f =      -26.723  |proj g|=       0.29253
[job(958): 2016-09-09 20:18:54] At iterate     5  f =      -26.737  |proj g|=       0.25246
[job(958): 2016-09-09 20:18:54] At iterate     6  f =      -26.766  |proj g|=       0.51347
[job(958): 2016-09-09 20:18:54] At iterate     7  f =      -26.795  |proj g|=       0.54601
[job(958): 2016-09-09 20:18:54] At iterate     8  f =      -26.817  |proj g|=      0.025575
[job(958): 2016-09-09 20:18:54] At iterate     9  f =      -26.818  |proj g|=     0.0094684
[job(958): 2016-09-09 20:18:54] At iterate    10  f =      -26.818  |proj g|=     0.0088394
[job(958): 2016-09-09 20:18:54] At iterate    11  f =      -26.818  |proj g|=     0.0074459
[job(958): 2016-09-09 20:18:54] At iterate    12  f =      -26.818  |proj g|=    7.4044e-06
[job(958): 2016-09-09 20:18:54] At iterate    13  f =      -26.818  |proj g|=    9.7864e-08
[job(958): 2016-09-09 20:18:54] 
[job(958): 2016-09-09 20:18:54] iterations 13
[job(958): 2016-09-09 20:18:54] function evaluations 16
[job(958): 2016-09-09 20:18:54] segments explored during Cauchy searches 14
[job(958): 2016-09-09 20:18:54] BFGS updates skipped 0
[job(958): 2016-09-09 20:18:54] active bounds at final generalized Cauchy point 0
[job(958): 2016-09-09 20:18:54] norm of the final projected gradient 9.78642e-08
[job(958): 2016-09-09 20:18:54] final function value -26.8182
[job(958): 2016-09-09 20:18:54] 
[job(958): 2016-09-09 20:18:54] F = -26.8182
[job(958): 2016-09-09 20:18:54] final  value -26.818169 
[job(958): 2016-09-09 20:18:54] converged
[job(958): 2016-09-09 20:18:54] [Tune-x] 26: C=94.5; sigma=0.00408
[job(958): 2016-09-09 20:18:54] [Tune-y] 26: acc.test.mean=0.97; time: 0.0 min; memory: 117Mb use, 166Mb max
[job(958): 2016-09-09 20:18:54] 
[job(958): 2016-09-09 20:18:54] optimisation start
[job(958): 2016-09-09 20:18:54] ------------------
[job(958): 2016-09-09 20:18:54] * estimation method   : MLE 
[job(958): 2016-09-09 20:18:54] * optimisation method : BFGS 
[job(958): 2016-09-09 20:18:54] * analytical gradient : used
[job(958): 2016-09-09 20:18:54] * trend model : ~1
[job(958): 2016-09-09 20:18:54] * covariance model : 
[job(958): 2016-09-09 20:18:54]   - type :  matern5_2 
[job(958): 2016-09-09 20:18:54]   - nugget : NO
[job(958): 2016-09-09 20:18:54]   - parameters lower bounds :  1e-10 1e-10 
[job(958): 2016-09-09 20:18:54]   - parameters upper bounds :  43.95915 42.71034 
[job(958): 2016-09-09 20:18:54]   - best initial criterion value(s) :  20.40459 
[job(958): 2016-09-09 20:18:54] 
[job(958): 2016-09-09 20:18:54] N = 2, M = 5 machine precision = 2.22045e-16
[job(958): 2016-09-09 20:18:54] At X0, 0 variables are exactly at the bounds
[job(958): 2016-09-09 20:18:54] At iterate     0  f=      -20.405  |proj g|=       1.0568
[job(958): 2016-09-09 20:18:54] At iterate     1  f =      -20.508  |proj g|=        1.0267
[job(958): 2016-09-09 20:18:54] At iterate     2  f =      -20.633  |proj g|=        1.0733
[job(958): 2016-09-09 20:18:54] At iterate     3  f =      -20.646  |proj g|=       0.36405
[job(958): 2016-09-09 20:18:54] At iterate     4  f =      -20.728  |proj g|=       0.75926
[job(958): 2016-09-09 20:18:54] At iterate     5  f =      -21.412  |proj g|=        1.0509
[job(958): 2016-09-09 20:18:54] At iterate     6  f =      -26.637  |proj g|=        1.5321
[job(958): 2016-09-09 20:18:54] At iterate     7  f =      -28.821  |proj g|=        1.5895
[job(958): 2016-09-09 20:18:54] At iterate     8  f =      -28.824  |proj g|=        1.5858
[job(958): 2016-09-09 20:18:54] At iterate     9  f =      -28.951  |proj g|=        1.1812
[job(958): 2016-09-09 20:18:54] At iterate    10  f =      -29.002  |proj g|=      0.043412
[job(958): 2016-09-09 20:18:54] At iterate    11  f =      -29.004  |proj g|=      0.016133
[job(958): 2016-09-09 20:18:54] At iterate    12  f =      -29.004  |proj g|=     0.0035018
[job(958): 2016-09-09 20:18:54] At iterate    13  f =      -29.004  |proj g|=    0.00031174
[job(958): 2016-09-09 20:18:54] At iterate    14  f =      -29.004  |proj g|=     3.597e-06
[job(958): 2016-09-09 20:18:54] 
[job(958): 2016-09-09 20:18:54] iterations 14
[job(958): 2016-09-09 20:18:54] function evaluations 25
[job(958): 2016-09-09 20:18:54] segments explored during Cauchy searches 15
[job(958): 2016-09-09 20:18:54] BFGS updates skipped 0
[job(958): 2016-09-09 20:18:54] active bounds at final generalized Cauchy point 0
[job(958): 2016-09-09 20:18:54] norm of the final projected gradient 3.59702e-06
[job(958): 2016-09-09 20:18:54] final function value -29.0043
[job(958): 2016-09-09 20:18:54] 
[job(958): 2016-09-09 20:18:54] F = -29.0043
[job(958): 2016-09-09 20:18:54] final  value -29.004328 
[job(958): 2016-09-09 20:18:54] converged
[job(958): 2016-09-09 20:18:54] [Tune-x] 27: C=54; sigma=0.00582
[job(958): 2016-09-09 20:18:54] [Tune-y] 27: acc.test.mean=0.963; time: 0.0 min; memory: 117Mb use, 166Mb max
[job(958): 2016-09-09 20:18:54] 
[job(958): 2016-09-09 20:18:54] optimisation start
[job(958): 2016-09-09 20:18:54] ------------------
[job(958): 2016-09-09 20:18:54] * estimation method   : MLE 
[job(958): 2016-09-09 20:18:54] * optimisation method : BFGS 
[job(958): 2016-09-09 20:18:54] * analytical gradient : used
[job(958): 2016-09-09 20:18:54] * trend model : ~1
[job(958): 2016-09-09 20:18:54] * covariance model : 
[job(958): 2016-09-09 20:18:54]   - type :  matern5_2 
[job(958): 2016-09-09 20:18:54]   - nugget : NO
[job(958): 2016-09-09 20:18:54]   - parameters lower bounds :  1e-10 1e-10 
[job(958): 2016-09-09 20:18:54]   - parameters upper bounds :  43.95915 42.71034 
[job(958): 2016-09-09 20:18:54]   - best initial criterion value(s) :  15.56353 
[job(958): 2016-09-09 20:18:54] 
[job(958): 2016-09-09 20:18:54] N = 2, M = 5 machine precision = 2.22045e-16
[job(958): 2016-09-09 20:18:54] At X0, 0 variables are exactly at the bounds
[job(958): 2016-09-09 20:18:54] At iterate     0  f=      -15.564  |proj g|=        2.773
[job(958): 2016-09-09 20:18:54] At iterate     1  f =      -25.223  |proj g|=        1.1178
[job(958): 2016-09-09 20:18:54] At iterate     2  f =      -25.239  |proj g|=       0.37475
[job(958): 2016-09-09 20:18:54] At iterate     3  f =      -25.785  |proj g|=        1.5904
[job(958): 2016-09-09 20:18:54] At iterate     4  f =      -29.108  |proj g|=         13.58
[job(958): 2016-09-09 20:18:54] At iterate     5  f =      -30.196  |proj g|=        14.971
[job(958): 2016-09-09 20:18:54] At iterate     6  f =       -31.97  |proj g|=        9.9073
[job(958): 2016-09-09 20:18:54] At iterate     7  f =      -33.042  |proj g|=      0.065986
[job(958): 2016-09-09 20:18:54] At iterate     8  f =      -33.069  |proj g|=        0.1884
[job(958): 2016-09-09 20:18:54] At iterate     9  f =       -33.07  |proj g|=      0.020485
[job(958): 2016-09-09 20:18:54] At iterate    10  f =       -33.07  |proj g|=    0.00019909
[job(958): 2016-09-09 20:18:54] At iterate    11  f =       -33.07  |proj g|=    7.7169e-07
[job(958): 2016-09-09 20:18:54] 
[job(958): 2016-09-09 20:18:54] iterations 11
[job(958): 2016-09-09 20:18:54] function evaluations 23
[job(958): 2016-09-09 20:18:54] segments explored during Cauchy searches 12
[job(958): 2016-09-09 20:18:54] BFGS updates skipped 0
[job(958): 2016-09-09 20:18:54] active bounds at final generalized Cauchy point 0
[job(958): 2016-09-09 20:18:54] norm of the final projected gradient 7.71691e-07
[job(958): 2016-09-09 20:18:54] final function value -33.0695
[job(958): 2016-09-09 20:18:54] 
[job(958): 2016-09-09 20:18:54] F = -33.0695
[job(958): 2016-09-09 20:18:54] final  value -33.069533 
[job(958): 2016-09-09 20:18:54] converged
[job(958): 2016-09-09 20:18:54] [Tune-x] 28: C=361; sigma=0.000244
[job(958): 2016-09-09 20:18:54] [Tune-y] 28: acc.test.mean=0.948; time: 0.0 min; memory: 117Mb use, 166Mb max
[job(958): 2016-09-09 20:18:54] 
[job(958): 2016-09-09 20:18:54] optimisation start
[job(958): 2016-09-09 20:18:54] ------------------
[job(958): 2016-09-09 20:18:54] * estimation method   : MLE 
[job(958): 2016-09-09 20:18:54] * optimisation method : BFGS 
[job(958): 2016-09-09 20:18:54] * analytical gradient : used
[job(958): 2016-09-09 20:18:54] * trend model : ~1
[job(958): 2016-09-09 20:18:54] * covariance model : 
[job(958): 2016-09-09 20:18:54]   - type :  matern5_2 
[job(958): 2016-09-09 20:18:54]   - nugget : NO
[job(958): 2016-09-09 20:18:54]   - parameters lower bounds :  1e-10 1e-10 
[job(958): 2016-09-09 20:18:54]   - parameters upper bounds :  43.95915 43.13528 
[job(958): 2016-09-09 20:18:54]   - best initial criterion value(s) :  9.709472 
[job(958): 2016-09-09 20:18:54] 
[job(958): 2016-09-09 20:18:54] N = 2, M = 5 machine precision = 2.22045e-16
[job(958): 2016-09-09 20:18:54] At X0, 0 variables are exactly at the bounds
[job(958): 2016-09-09 20:18:54] At iterate     0  f=      -9.7095  |proj g|=       43.004
[job(958): 2016-09-09 20:18:54] At iterate     1  f =      -16.347  |proj g|=       0.95884
[job(958): 2016-09-09 20:18:54] At iterate     2  f =      -17.465  |proj g|=       0.44578
[job(958): 2016-09-09 20:18:54] At iterate     3  f =      -17.762  |proj g|=       0.39053
[job(958): 2016-09-09 20:18:54] At iterate     4  f =      -17.763  |proj g|=       0.13545
[job(958): 2016-09-09 20:18:54] At iterate     5  f =      -17.763  |proj g|=       0.10456
[job(958): 2016-09-09 20:18:54] At iterate     6  f =      -17.763  |proj g|=       0.10634
[job(958): 2016-09-09 20:18:54] At iterate     7  f =      -17.764  |proj g|=       0.29726
[job(958): 2016-09-09 20:18:54] At iterate     8  f =      -17.765  |proj g|=       0.39126
[job(958): 2016-09-09 20:18:54] At iterate     9  f =      -17.768  |proj g|=       0.39511
[job(958): 2016-09-09 20:18:54] At iterate    10  f =      -17.778  |proj g|=       0.40413
[job(958): 2016-09-09 20:18:54] At iterate    11  f =      -19.425  |proj g|=        2.1365
[job(958): 2016-09-09 20:18:54] At iterate    12  f =      -19.426  |proj g|=        2.1554
[job(958): 2016-09-09 20:18:54] At iterate    13  f =      -19.451  |proj g|=      0.005716
[job(958): 2016-09-09 20:18:54] At iterate    14  f =      -19.451  |proj g|=    0.00057477
[job(958): 2016-09-09 20:18:54] At iterate    15  f =      -19.451  |proj g|=    2.5079e-06
[job(958): 2016-09-09 20:18:54] 
[job(958): 2016-09-09 20:18:54] iterations 15
[job(958): 2016-09-09 20:18:54] function evaluations 28
[job(958): 2016-09-09 20:18:54] segments explored during Cauchy searches 16
[job(958): 2016-09-09 20:18:54] BFGS updates skipped 0
[job(958): 2016-09-09 20:18:54] active bounds at final generalized Cauchy point 0
[job(958): 2016-09-09 20:18:54] norm of the final projected gradient 2.50793e-06
[job(958): 2016-09-09 20:18:54] final function value -19.4506
[job(958): 2016-09-09 20:18:54] 
[job(958): 2016-09-09 20:18:54] F = -19.4506
[job(958): 2016-09-09 20:18:54] final  value -19.450647 
[job(958): 2016-09-09 20:18:54] converged
[job(958): 2016-09-09 20:18:54] [Tune] Result: C=103; sigma=0.00454 : acc.test.mean=-0.978
[job(958): 2016-09-09 20:18:54] Job terminated successfully
[job(chunk): 2016-09-09 20:18:55] Calculation finished!
