[job(chunk): 2016-09-10 00:21:52] Starting calculation of 1 jobs
[job(chunk): 2016-09-10 00:21:52] Setting working directory to '/naslx/projects/pr74ze/ri89coc2/svm_comparison'
[job(chunk): 2016-09-10 00:21:52] Memory measurement disabled
[job(1011): 2016-09-10 00:21:55] Starting job with job.id=1011
[job(1011): 2016-09-10 00:24:26] Generating problem instance for problem '1466' ...
[job(1011): 2016-09-10 00:24:26] Data '1466' file 'description.xml' found in cache.
[job(1011): 2016-09-10 00:24:26] Data '1466' file 'dataset.arff' found in cache.
[job(1011): 2016-09-10 00:24:26] Loading required package: readr
[job(1011): 2016-09-10 00:24:26] Applying algorithm 'kbb-svc.tuned' on problem '1466' ...
[job(1011): 2016-09-10 00:24:26] Data '1466' file 'description.xml' found in cache.
[job(1011): 2016-09-10 00:24:26] Data '1466' file 'dataset.arff' found in cache.
[job(1011): 2016-09-10 00:24:26] [Tune] Started tuning learner kbb-svc for parameter set:
[job(1011): 2016-09-10 00:24:26]          Type len Def    Constr Req Tunable Trafo
[job(1011): 2016-09-10 00:24:26] C     numeric   -   - -12 to 12   -    TRUE     Y
[job(1011): 2016-09-10 00:24:26] sigma numeric   -   - -12 to 12   -    TRUE     Y
[job(1011): 2016-09-10 00:24:26] With control class: TuneControlMBO
[job(1011): 2016-09-10 00:24:26] Imputation value: -0
[job(1011): 2016-09-10 00:24:26] [Tune-x] 1: C=0.0138; sigma=0.195
[job(1011): 2016-09-10 00:24:26] [Tune-y] 1: acc.test.mean=0.392; time: 0.1 min; memory: 113Mb use, 152Mb max
[job(1011): 2016-09-10 00:24:26] [Tune-x] 2: C=0.168; sigma=59.1
[job(1011): 2016-09-10 00:24:26] [Tune-y] 2: acc.test.mean=0.279; time: 0.1 min; memory: 114Mb use, 152Mb max
[job(1011): 2016-09-10 00:24:26] [Tune-x] 3: C=1.29; sigma=2.18e+03
[job(1011): 2016-09-10 00:24:26] [Tune-y] 3: acc.test.mean=0.282; time: 0.3 min; memory: 114Mb use, 152Mb max
[job(1011): 2016-09-10 00:24:26] [Tune-x] 4: C=19.7; sigma=0.0595
[job(1011): 2016-09-10 00:24:26] [Tune-y] 4: acc.test.mean=0.996; time: 0.1 min; memory: 114Mb use, 152Mb max
[job(1011): 2016-09-10 00:24:26] [Tune-x] 5: C=435; sigma=6.49
[job(1011): 2016-09-10 00:24:26] [Tune-y] 5: acc.test.mean=0.354; time: 0.3 min; memory: 114Mb use, 152Mb max
[job(1011): 2016-09-10 00:24:26] [Tune-x] 6: C=0.000411; sigma=0.0111
[job(1011): 2016-09-10 00:24:26] [Tune-y] 6: acc.test.mean=0.278; time: 0.1 min; memory: 114Mb use, 152Mb max
[job(1011): 2016-09-10 00:24:26] [Tune-x] 7: C=0.102; sigma=101
[job(1011): 2016-09-10 00:24:26] [Tune-y] 7: acc.test.mean=0.278; time: 0.1 min; memory: 114Mb use, 152Mb max
[job(1011): 2016-09-10 00:24:26] [Tune-x] 8: C=3.58e+03; sigma=0.000349
[job(1011): 2016-09-10 00:24:26] [Tune-y] 8: acc.test.mean=   1; time: 0.1 min; memory: 114Mb use, 152Mb max
[job(1011): 2016-09-10 00:24:26] 
[job(1011): 2016-09-10 00:24:26] optimisation start
[job(1011): 2016-09-10 00:24:26] ------------------
[job(1011): 2016-09-10 00:24:26] * estimation method   : MLE 
[job(1011): 2016-09-10 00:24:26] * optimisation method : BFGS 
[job(1011): 2016-09-10 00:24:26] * analytical gradient : used
[job(1011): 2016-09-10 00:24:26] * trend model : ~1
[job(1011): 2016-09-10 00:24:26] * covariance model : 
[job(1011): 2016-09-10 00:24:26]   - type :  matern5_2 
[job(1011): 2016-09-10 00:24:26]   - nugget : NO
[job(1011): 2016-09-10 00:24:26]   - parameters lower bounds :  1e-10 1e-10 
[job(1011): 2016-09-10 00:24:26]   - parameters upper bounds :  46.11069 45.15187 
[job(1011): 2016-09-10 00:24:26]   - best initial criterion value(s) :  0.02475422 
[job(1011): 2016-09-10 00:24:26] 
[job(1011): 2016-09-10 00:24:26] N = 2, M = 5 machine precision = 2.22045e-16
[job(1011): 2016-09-10 00:24:26] At X0, 0 variables are exactly at the bounds
[job(1011): 2016-09-10 00:24:26] At iterate     0  f=    -0.024754  |proj g|=        0.165
[job(1011): 2016-09-10 00:24:26] At iterate     1  f =    -0.057986  |proj g|=       0.16521
[job(1011): 2016-09-10 00:24:26] At iterate     2  f =      -1.2854  |proj g|=       0.13552
[job(1011): 2016-09-10 00:24:26] At iterate     3  f =      -1.3917  |proj g|=       0.01362
[job(1011): 2016-09-10 00:24:26] At iterate     4  f =      -1.3939  |proj g|=     0.0076075
[job(1011): 2016-09-10 00:24:26] At iterate     5  f =      -1.3949  |proj g|=    0.00031931
[job(1011): 2016-09-10 00:24:26] At iterate     6  f =      -1.3949  |proj g|=    7.5007e-06
[job(1011): 2016-09-10 00:24:26] At iterate     7  f =      -1.3949  |proj g|=    5.0283e-07
[job(1011): 2016-09-10 00:24:26] 
[job(1011): 2016-09-10 00:24:26] iterations 7
[job(1011): 2016-09-10 00:24:26] function evaluations 11
[job(1011): 2016-09-10 00:24:26] segments explored during Cauchy searches 8
[job(1011): 2016-09-10 00:24:26] BFGS updates skipped 0
[job(1011): 2016-09-10 00:24:26] active bounds at final generalized Cauchy point 0
[job(1011): 2016-09-10 00:24:26] norm of the final projected gradient 5.02827e-07
[job(1011): 2016-09-10 00:24:26] final function value -1.39491
[job(1011): 2016-09-10 00:24:26] 
[job(1011): 2016-09-10 00:24:26] F = -1.39491
[job(1011): 2016-09-10 00:24:26] final  value -1.394909 
[job(1011): 2016-09-10 00:24:26] converged
[job(1011): 2016-09-10 00:24:26] [Tune-x] 9: C=86; sigma=0.00407
[job(1011): 2016-09-10 00:24:26] [Tune-y] 9: acc.test.mean=   1; time: 0.0 min; memory: 117Mb use, 156Mb max
[job(1011): 2016-09-10 00:24:26] 
[job(1011): 2016-09-10 00:24:26] optimisation start
[job(1011): 2016-09-10 00:24:26] ------------------
[job(1011): 2016-09-10 00:24:26] * estimation method   : MLE 
[job(1011): 2016-09-10 00:24:26] * optimisation method : BFGS 
[job(1011): 2016-09-10 00:24:26] * analytical gradient : used
[job(1011): 2016-09-10 00:24:26] * trend model : ~1
[job(1011): 2016-09-10 00:24:26] * covariance model : 
[job(1011): 2016-09-10 00:24:26]   - type :  matern5_2 
[job(1011): 2016-09-10 00:24:26]   - nugget : NO
[job(1011): 2016-09-10 00:24:26]   - parameters lower bounds :  1e-10 1e-10 
[job(1011): 2016-09-10 00:24:26]   - parameters upper bounds :  46.11069 45.15187 
[job(1011): 2016-09-10 00:24:26]   - best initial criterion value(s) :  1.589088 
[job(1011): 2016-09-10 00:24:26] 
[job(1011): 2016-09-10 00:24:26] N = 2, M = 5 machine precision = 2.22045e-16
[job(1011): 2016-09-10 00:24:26] At X0, 0 variables are exactly at the bounds
[job(1011): 2016-09-10 00:24:26] At iterate     0  f=      -1.5891  |proj g|=      0.14358
[job(1011): 2016-09-10 00:24:26] At iterate     1  f =      -1.6197  |proj g|=       0.11788
[job(1011): 2016-09-10 00:24:26] At iterate     2  f =      -1.8241  |proj g|=      0.091795
[job(1011): 2016-09-10 00:24:26] At iterate     3  f =      -1.9664  |proj g|=       0.10014
[job(1011): 2016-09-10 00:24:26] At iterate     4  f =       -2.068  |proj g|=      0.097102
[job(1011): 2016-09-10 00:24:26] At iterate     5  f =      -2.1138  |proj g|=      0.032659
[job(1011): 2016-09-10 00:24:26] At iterate     6  f =      -2.1185  |proj g|=     0.0072697
[job(1011): 2016-09-10 00:24:26] At iterate     7  f =      -2.1188  |proj g|=     0.0002717
[job(1011): 2016-09-10 00:24:26] At iterate     8  f =      -2.1188  |proj g|=    7.8209e-06
[job(1011): 2016-09-10 00:24:26] At iterate     9  f =      -2.1188  |proj g|=    1.4274e-06
[job(1011): 2016-09-10 00:24:26] 
[job(1011): 2016-09-10 00:24:26] iterations 9
[job(1011): 2016-09-10 00:24:26] function evaluations 10
[job(1011): 2016-09-10 00:24:26] segments explored during Cauchy searches 9
[job(1011): 2016-09-10 00:24:26] BFGS updates skipped 0
[job(1011): 2016-09-10 00:24:26] active bounds at final generalized Cauchy point 0
[job(1011): 2016-09-10 00:24:26] norm of the final projected gradient 1.42742e-06
[job(1011): 2016-09-10 00:24:26] final function value -2.11876
[job(1011): 2016-09-10 00:24:26] 
[job(1011): 2016-09-10 00:24:26] F = -2.11876
[job(1011): 2016-09-10 00:24:26] final  value -2.118765 
[job(1011): 2016-09-10 00:24:26] converged
[job(1011): 2016-09-10 00:24:26] [Tune-x] 10: C=67.5; sigma=0.0208
[job(1011): 2016-09-10 00:24:26] [Tune-y] 10: acc.test.mean=0.999; time: 0.0 min; memory: 117Mb use, 156Mb max
[job(1011): 2016-09-10 00:24:26] 
[job(1011): 2016-09-10 00:24:26] optimisation start
[job(1011): 2016-09-10 00:24:26] ------------------
[job(1011): 2016-09-10 00:24:26] * estimation method   : MLE 
[job(1011): 2016-09-10 00:24:26] * optimisation method : BFGS 
[job(1011): 2016-09-10 00:24:26] * analytical gradient : used
[job(1011): 2016-09-10 00:24:26] * trend model : ~1
[job(1011): 2016-09-10 00:24:26] * covariance model : 
[job(1011): 2016-09-10 00:24:26]   - type :  matern5_2 
[job(1011): 2016-09-10 00:24:26]   - nugget : NO
[job(1011): 2016-09-10 00:24:26]   - parameters lower bounds :  1e-10 1e-10 
[job(1011): 2016-09-10 00:24:26]   - parameters upper bounds :  46.11069 45.15187 
[job(1011): 2016-09-10 00:24:26]   - best initial criterion value(s) :  2.803251 
[job(1011): 2016-09-10 00:24:26] 
[job(1011): 2016-09-10 00:24:26] N = 2, M = 5 machine precision = 2.22045e-16
[job(1011): 2016-09-10 00:24:26] At X0, 0 variables are exactly at the bounds
[job(1011): 2016-09-10 00:24:26] At iterate     0  f=      -2.8033  |proj g|=      0.24171
[job(1011): 2016-09-10 00:24:26] At iterate     1  f =      -2.8939  |proj g|=       0.23948
[job(1011): 2016-09-10 00:24:26] At iterate     2  f =      -3.4426  |proj g|=       0.21372
[job(1011): 2016-09-10 00:24:26] At iterate     3  f =      -4.0552  |proj g|=       0.11348
[job(1011): 2016-09-10 00:24:26] At iterate     4  f =      -4.2752  |proj g|=       0.01725
[job(1011): 2016-09-10 00:24:26] At iterate     5  f =      -4.2786  |proj g|=     0.0047186
[job(1011): 2016-09-10 00:24:26] At iterate     6  f =      -4.2787  |proj g|=    0.00050708
[job(1011): 2016-09-10 00:24:26] At iterate     7  f =      -4.2787  |proj g|=    0.00022503
[job(1011): 2016-09-10 00:24:26] At iterate     8  f =      -4.2787  |proj g|=    4.7196e-07
[job(1011): 2016-09-10 00:24:26] At iterate     9  f =      -4.2787  |proj g|=    2.2073e-09
[job(1011): 2016-09-10 00:24:26] 
[job(1011): 2016-09-10 00:24:26] iterations 9
[job(1011): 2016-09-10 00:24:26] function evaluations 13
[job(1011): 2016-09-10 00:24:26] segments explored during Cauchy searches 10
[job(1011): 2016-09-10 00:24:26] BFGS updates skipped 0
[job(1011): 2016-09-10 00:24:26] active bounds at final generalized Cauchy point 0
[job(1011): 2016-09-10 00:24:26] norm of the final projected gradient 2.2073e-09
[job(1011): 2016-09-10 00:24:26] final function value -4.27873
[job(1011): 2016-09-10 00:24:26] 
[job(1011): 2016-09-10 00:24:26] F = -4.27873
[job(1011): 2016-09-10 00:24:26] final  value -4.278731 
[job(1011): 2016-09-10 00:24:26] converged
[job(1011): 2016-09-10 00:24:26] [Tune-x] 11: C=19.4; sigma=0.0152
[job(1011): 2016-09-10 00:24:26] [Tune-y] 11: acc.test.mean=0.998; time: 0.0 min; memory: 117Mb use, 157Mb max
[job(1011): 2016-09-10 00:24:26] 
[job(1011): 2016-09-10 00:24:26] optimisation start
[job(1011): 2016-09-10 00:24:26] ------------------
[job(1011): 2016-09-10 00:24:26] * estimation method   : MLE 
[job(1011): 2016-09-10 00:24:26] * optimisation method : BFGS 
[job(1011): 2016-09-10 00:24:26] * analytical gradient : used
[job(1011): 2016-09-10 00:24:26] * trend model : ~1
[job(1011): 2016-09-10 00:24:26] * covariance model : 
[job(1011): 2016-09-10 00:24:26]   - type :  matern5_2 
[job(1011): 2016-09-10 00:24:26]   - nugget : NO
[job(1011): 2016-09-10 00:24:26]   - parameters lower bounds :  1e-10 1e-10 
[job(1011): 2016-09-10 00:24:26]   - parameters upper bounds :  46.11069 45.15187 
[job(1011): 2016-09-10 00:24:26]   - best initial criterion value(s) :  5.534746 
[job(1011): 2016-09-10 00:24:26] 
[job(1011): 2016-09-10 00:24:26] N = 2, M = 5 machine precision = 2.22045e-16
[job(1011): 2016-09-10 00:24:26] At X0, 0 variables are exactly at the bounds
[job(1011): 2016-09-10 00:24:26] At iterate     0  f=      -5.5347  |proj g|=      0.29076
[job(1011): 2016-09-10 00:24:26] At iterate     1  f =      -5.6263  |proj g|=       0.29055
[job(1011): 2016-09-10 00:24:26] ys=-4.068e-04  -gs= 9.130e-02, BFGS update SKIPPED
[job(1011): 2016-09-10 00:24:26] At iterate     2  f =      -6.0727  |proj g|=       0.25569
[job(1011): 2016-09-10 00:24:26] At iterate     3  f =      -6.2615  |proj g|=       0.21875
[job(1011): 2016-09-10 00:24:26] At iterate     4  f =       -6.515  |proj g|=      0.012446
[job(1011): 2016-09-10 00:24:26] At iterate     5  f =      -6.5155  |proj g|=     0.0041178
[job(1011): 2016-09-10 00:24:26] At iterate     6  f =      -6.5155  |proj g|=    0.00017175
[job(1011): 2016-09-10 00:24:26] At iterate     7  f =      -6.5155  |proj g|=    4.5936e-05
[job(1011): 2016-09-10 00:24:26] At iterate     8  f =      -6.5155  |proj g|=     1.455e-08
[job(1011): 2016-09-10 00:24:26] At iterate     9  f =      -6.5155  |proj g|=    2.9701e-11
[job(1011): 2016-09-10 00:24:26] 
[job(1011): 2016-09-10 00:24:26] iterations 9
[job(1011): 2016-09-10 00:24:26] function evaluations 13
[job(1011): 2016-09-10 00:24:26] segments explored during Cauchy searches 10
[job(1011): 2016-09-10 00:24:26] BFGS updates skipped 1
[job(1011): 2016-09-10 00:24:26] active bounds at final generalized Cauchy point 0
[job(1011): 2016-09-10 00:24:26] norm of the final projected gradient 2.97006e-11
[job(1011): 2016-09-10 00:24:26] final function value -6.51552
[job(1011): 2016-09-10 00:24:26] 
[job(1011): 2016-09-10 00:24:26] F = -6.51552
[job(1011): 2016-09-10 00:24:26] final  value -6.515520 
[job(1011): 2016-09-10 00:24:26] converged
[job(1011): 2016-09-10 00:24:26] [Tune-x] 12: C=630; sigma=0.000508
[job(1011): 2016-09-10 00:24:26] [Tune-y] 12: acc.test.mean=   1; time: 0.1 min; memory: 117Mb use, 157Mb max
[job(1011): 2016-09-10 00:24:26] 
[job(1011): 2016-09-10 00:24:26] optimisation start
[job(1011): 2016-09-10 00:24:26] ------------------
[job(1011): 2016-09-10 00:24:26] * estimation method   : MLE 
[job(1011): 2016-09-10 00:24:26] * optimisation method : BFGS 
[job(1011): 2016-09-10 00:24:26] * analytical gradient : used
[job(1011): 2016-09-10 00:24:26] * trend model : ~1
[job(1011): 2016-09-10 00:24:26] * covariance model : 
[job(1011): 2016-09-10 00:24:26]   - type :  matern5_2 
[job(1011): 2016-09-10 00:24:26]   - nugget : NO
[job(1011): 2016-09-10 00:24:26]   - parameters lower bounds :  1e-10 1e-10 
[job(1011): 2016-09-10 00:24:26]   - parameters upper bounds :  46.11069 45.15187 
[job(1011): 2016-09-10 00:24:26]   - best initial criterion value(s) :  7.900355 
[job(1011): 2016-09-10 00:24:26] 
[job(1011): 2016-09-10 00:24:26] N = 2, M = 5 machine precision = 2.22045e-16
[job(1011): 2016-09-10 00:24:26] At X0, 0 variables are exactly at the bounds
[job(1011): 2016-09-10 00:24:26] At iterate     0  f=      -7.9004  |proj g|=      0.67378
[job(1011): 2016-09-10 00:24:26] At iterate     1  f =      -8.2932  |proj g|=        0.4891
[job(1011): 2016-09-10 00:24:26] At iterate     2  f =       -8.796  |proj g|=      0.095497
[job(1011): 2016-09-10 00:24:26] At iterate     3  f =       -8.824  |proj g|=      0.021499
[job(1011): 2016-09-10 00:24:26] At iterate     4  f =       -8.828  |proj g|=      0.010485
[job(1011): 2016-09-10 00:24:26] At iterate     5  f =      -8.8287  |proj g|=     0.0025661
[job(1011): 2016-09-10 00:24:26] At iterate     6  f =      -8.8288  |proj g|=     3.719e-05
[job(1011): 2016-09-10 00:24:26] At iterate     7  f =      -8.8288  |proj g|=    5.1023e-07
[job(1011): 2016-09-10 00:24:26] 
[job(1011): 2016-09-10 00:24:26] iterations 7
[job(1011): 2016-09-10 00:24:26] function evaluations 8
[job(1011): 2016-09-10 00:24:26] segments explored during Cauchy searches 7
[job(1011): 2016-09-10 00:24:26] BFGS updates skipped 0
[job(1011): 2016-09-10 00:24:26] active bounds at final generalized Cauchy point 0
[job(1011): 2016-09-10 00:24:26] norm of the final projected gradient 5.10235e-07
[job(1011): 2016-09-10 00:24:26] final function value -8.82876
[job(1011): 2016-09-10 00:24:26] 
[job(1011): 2016-09-10 00:24:26] F = -8.82876
[job(1011): 2016-09-10 00:24:26] final  value -8.828760 
[job(1011): 2016-09-10 00:24:26] converged
[job(1011): 2016-09-10 00:24:26] [Tune-x] 13: C=29.9; sigma=0.0276
[job(1011): 2016-09-10 00:24:26] [Tune-y] 13: acc.test.mean=0.999; time: 0.0 min; memory: 117Mb use, 157Mb max
[job(1011): 2016-09-10 00:24:26] 
[job(1011): 2016-09-10 00:24:26] optimisation start
[job(1011): 2016-09-10 00:24:26] ------------------
[job(1011): 2016-09-10 00:24:26] * estimation method   : MLE 
[job(1011): 2016-09-10 00:24:26] * optimisation method : BFGS 
[job(1011): 2016-09-10 00:24:26] * analytical gradient : used
[job(1011): 2016-09-10 00:24:26] * trend model : ~1
[job(1011): 2016-09-10 00:24:26] * covariance model : 
[job(1011): 2016-09-10 00:24:26]   - type :  matern5_2 
[job(1011): 2016-09-10 00:24:26]   - nugget : NO
[job(1011): 2016-09-10 00:24:26]   - parameters lower bounds :  1e-10 1e-10 
[job(1011): 2016-09-10 00:24:26]   - parameters upper bounds :  46.11069 45.15187 
[job(1011): 2016-09-10 00:24:26]   - best initial criterion value(s) :  10.88273 
[job(1011): 2016-09-10 00:24:26] 
[job(1011): 2016-09-10 00:24:26] N = 2, M = 5 machine precision = 2.22045e-16
[job(1011): 2016-09-10 00:24:26] At X0, 0 variables are exactly at the bounds
[job(1011): 2016-09-10 00:24:26] At iterate     0  f=      -10.883  |proj g|=      0.36652
[job(1011): 2016-09-10 00:24:26] At iterate     1  f =      -11.116  |proj g|=       0.33929
[job(1011): 2016-09-10 00:24:26] At iterate     2  f =      -12.154  |proj g|=       0.12218
[job(1011): 2016-09-10 00:24:26] At iterate     3  f =      -12.232  |proj g|=       0.04762
[job(1011): 2016-09-10 00:24:26] At iterate     4  f =       -12.25  |proj g|=      0.012252
[job(1011): 2016-09-10 00:24:26] At iterate     5  f =      -12.251  |proj g|=     0.0062108
[job(1011): 2016-09-10 00:24:26] At iterate     6  f =      -12.251  |proj g|=     2.035e-05
[job(1011): 2016-09-10 00:24:26] At iterate     7  f =      -12.251  |proj g|=    8.4326e-07
[job(1011): 2016-09-10 00:24:26] 
[job(1011): 2016-09-10 00:24:26] iterations 7
[job(1011): 2016-09-10 00:24:26] function evaluations 11
[job(1011): 2016-09-10 00:24:26] segments explored during Cauchy searches 7
[job(1011): 2016-09-10 00:24:26] BFGS updates skipped 0
[job(1011): 2016-09-10 00:24:26] active bounds at final generalized Cauchy point 0
[job(1011): 2016-09-10 00:24:26] norm of the final projected gradient 8.4326e-07
[job(1011): 2016-09-10 00:24:26] final function value -12.2508
[job(1011): 2016-09-10 00:24:26] 
[job(1011): 2016-09-10 00:24:26] F = -12.2508
[job(1011): 2016-09-10 00:24:26] final  value -12.250825 
[job(1011): 2016-09-10 00:24:26] converged
[job(1011): 2016-09-10 00:24:26] [Tune-x] 14: C=1.31e+03; sigma=0.00129
[job(1011): 2016-09-10 00:24:26] [Tune-y] 14: acc.test.mean=   1; time: 0.0 min; memory: 117Mb use, 157Mb max
[job(1011): 2016-09-10 00:24:26] 
[job(1011): 2016-09-10 00:24:26] optimisation start
[job(1011): 2016-09-10 00:24:26] ------------------
[job(1011): 2016-09-10 00:24:26] * estimation method   : MLE 
[job(1011): 2016-09-10 00:24:26] * optimisation method : BFGS 
[job(1011): 2016-09-10 00:24:26] * analytical gradient : used
[job(1011): 2016-09-10 00:24:26] * trend model : ~1
[job(1011): 2016-09-10 00:24:26] * covariance model : 
[job(1011): 2016-09-10 00:24:26]   - type :  matern5_2 
[job(1011): 2016-09-10 00:24:26]   - nugget : NO
[job(1011): 2016-09-10 00:24:26]   - parameters lower bounds :  1e-10 1e-10 
[job(1011): 2016-09-10 00:24:26]   - parameters upper bounds :  46.11069 45.15187 
[job(1011): 2016-09-10 00:24:26]   - best initial criterion value(s) :  14.05347 
[job(1011): 2016-09-10 00:24:26] 
[job(1011): 2016-09-10 00:24:26] N = 2, M = 5 machine precision = 2.22045e-16
[job(1011): 2016-09-10 00:24:26] At X0, 0 variables are exactly at the bounds
[job(1011): 2016-09-10 00:24:26] At iterate     0  f=      -14.053  |proj g|=      0.30785
[job(1011): 2016-09-10 00:24:26] At iterate     1  f =      -14.163  |proj g|=       0.27927
[job(1011): 2016-09-10 00:24:26] At iterate     2  f =      -14.622  |proj g|=       0.11733
[job(1011): 2016-09-10 00:24:26] At iterate     3  f =      -14.652  |proj g|=      0.038329
[job(1011): 2016-09-10 00:24:26] At iterate     4  f =      -14.656  |proj g|=     0.0037626
[job(1011): 2016-09-10 00:24:26] At iterate     5  f =      -14.656  |proj g|=    0.00015934
[job(1011): 2016-09-10 00:24:26] At iterate     6  f =      -14.656  |proj g|=    2.2136e-05
[job(1011): 2016-09-10 00:24:26] At iterate     7  f =      -14.656  |proj g|=    8.1129e-09
[job(1011): 2016-09-10 00:24:26] 
[job(1011): 2016-09-10 00:24:26] iterations 7
[job(1011): 2016-09-10 00:24:26] function evaluations 8
[job(1011): 2016-09-10 00:24:26] segments explored during Cauchy searches 7
[job(1011): 2016-09-10 00:24:26] BFGS updates skipped 0
[job(1011): 2016-09-10 00:24:26] active bounds at final generalized Cauchy point 0
[job(1011): 2016-09-10 00:24:26] norm of the final projected gradient 8.11292e-09
[job(1011): 2016-09-10 00:24:26] final function value -14.6559
[job(1011): 2016-09-10 00:24:26] 
[job(1011): 2016-09-10 00:24:26] F = -14.6559
[job(1011): 2016-09-10 00:24:26] final  value -14.655872 
[job(1011): 2016-09-10 00:24:26] converged
[job(1011): 2016-09-10 00:24:26] [Tune-x] 15: C=80.9; sigma=0.00857
[job(1011): 2016-09-10 00:24:26] [Tune-y] 15: acc.test.mean=0.999; time: 0.0 min; memory: 117Mb use, 157Mb max
[job(1011): 2016-09-10 00:24:26] 
[job(1011): 2016-09-10 00:24:26] optimisation start
[job(1011): 2016-09-10 00:24:26] ------------------
[job(1011): 2016-09-10 00:24:26] * estimation method   : MLE 
[job(1011): 2016-09-10 00:24:26] * optimisation method : BFGS 
[job(1011): 2016-09-10 00:24:26] * analytical gradient : used
[job(1011): 2016-09-10 00:24:26] * trend model : ~1
[job(1011): 2016-09-10 00:24:26] * covariance model : 
[job(1011): 2016-09-10 00:24:26]   - type :  matern5_2 
[job(1011): 2016-09-10 00:24:26]   - nugget : NO
[job(1011): 2016-09-10 00:24:26]   - parameters lower bounds :  1e-10 1e-10 
[job(1011): 2016-09-10 00:24:26]   - parameters upper bounds :  46.11069 45.15187 
[job(1011): 2016-09-10 00:24:26]   - best initial criterion value(s) :  16.50152 
[job(1011): 2016-09-10 00:24:26] 
[job(1011): 2016-09-10 00:24:26] N = 2, M = 5 machine precision = 2.22045e-16
[job(1011): 2016-09-10 00:24:26] At X0, 0 variables are exactly at the bounds
[job(1011): 2016-09-10 00:24:26] At iterate     0  f=      -16.502  |proj g|=      0.41138
[job(1011): 2016-09-10 00:24:26] At iterate     1  f =      -16.672  |proj g|=        0.4069
[job(1011): 2016-09-10 00:24:26] At iterate     2  f =       -18.34  |proj g|=       0.23511
[job(1011): 2016-09-10 00:24:26] At iterate     3  f =      -18.724  |proj g|=      0.073423
[job(1011): 2016-09-10 00:24:26] At iterate     4  f =      -18.777  |proj g|=      0.041293
[job(1011): 2016-09-10 00:24:26] At iterate     5  f =      -18.781  |proj g|=     0.0089813
[job(1011): 2016-09-10 00:24:26] At iterate     6  f =      -18.781  |proj g|=    0.00028298
[job(1011): 2016-09-10 00:24:26] At iterate     7  f =      -18.781  |proj g|=      1.07e-05
[job(1011): 2016-09-10 00:24:26] At iterate     8  f =      -18.781  |proj g|=    5.6059e-07
[job(1011): 2016-09-10 00:24:26] 
[job(1011): 2016-09-10 00:24:26] iterations 8
[job(1011): 2016-09-10 00:24:26] function evaluations 13
[job(1011): 2016-09-10 00:24:26] segments explored during Cauchy searches 9
[job(1011): 2016-09-10 00:24:26] BFGS updates skipped 0
[job(1011): 2016-09-10 00:24:26] active bounds at final generalized Cauchy point 0
[job(1011): 2016-09-10 00:24:26] norm of the final projected gradient 5.60589e-07
[job(1011): 2016-09-10 00:24:26] final function value -18.781
[job(1011): 2016-09-10 00:24:26] 
[job(1011): 2016-09-10 00:24:26] F = -18.781
[job(1011): 2016-09-10 00:24:26] final  value -18.781030 
[job(1011): 2016-09-10 00:24:26] converged
[job(1011): 2016-09-10 00:24:26] [Tune-x] 16: C=1.67e+03; sigma=0.00063
[job(1011): 2016-09-10 00:24:26] [Tune-y] 16: acc.test.mean=0.805; time: 0.1 min; memory: 117Mb use, 157Mb max
[job(1011): 2016-09-10 00:24:26] 
[job(1011): 2016-09-10 00:24:26] optimisation start
[job(1011): 2016-09-10 00:24:26] ------------------
[job(1011): 2016-09-10 00:24:26] * estimation method   : MLE 
[job(1011): 2016-09-10 00:24:26] * optimisation method : BFGS 
[job(1011): 2016-09-10 00:24:26] * analytical gradient : used
[job(1011): 2016-09-10 00:24:26] * trend model : ~1
[job(1011): 2016-09-10 00:24:26] * covariance model : 
[job(1011): 2016-09-10 00:24:26]   - type :  matern5_2 
[job(1011): 2016-09-10 00:24:26]   - nugget : NO
[job(1011): 2016-09-10 00:24:26]   - parameters lower bounds :  1e-10 1e-10 
[job(1011): 2016-09-10 00:24:26]   - parameters upper bounds :  46.11069 45.15187 
[job(1011): 2016-09-10 00:24:26]   - best initial criterion value(s) :  3.965804 
[job(1011): 2016-09-10 00:24:26] 
[job(1011): 2016-09-10 00:24:26] N = 2, M = 5 machine precision = 2.22045e-16
[job(1011): 2016-09-10 00:24:26] At X0, 0 variables are exactly at the bounds
[job(1011): 2016-09-10 00:24:26] At iterate     0  f=      -3.9658  |proj g|=        0.245
[job(1011): 2016-09-10 00:24:26] At iterate     1  f =      -3.9688  |proj g|=      0.013811
[job(1011): 2016-09-10 00:24:26] At iterate     2  f =      -3.9689  |proj g|=      0.013759
[job(1011): 2016-09-10 00:24:26] At iterate     3  f =      -3.9689  |proj g|=       0.01971
[job(1011): 2016-09-10 00:24:26] At iterate     4  f =      -3.9691  |proj g|=      0.049262
[job(1011): 2016-09-10 00:24:26] At iterate     5  f =      -3.9696  |proj g|=      0.097966
[job(1011): 2016-09-10 00:24:26] At iterate     6  f =      -3.9709  |proj g|=        0.1779
[job(1011): 2016-09-10 00:24:26] At iterate     7  f =      -3.9743  |proj g|=        0.3133
[job(1011): 2016-09-10 00:24:26] At iterate     8  f =       -3.984  |proj g|=       0.55745
[job(1011): 2016-09-10 00:24:26] At iterate     9  f =       -4.014  |proj g|=        1.0762
[job(1011): 2016-09-10 00:24:26] At iterate    10  f =      -4.0575  |proj g|=        1.5889
[job(1011): 2016-09-10 00:24:26] At iterate    11  f =      -4.0946  |proj g|=        1.8557
[job(1011): 2016-09-10 00:24:26] At iterate    12  f =      -4.1583  |proj g|=        1.3208
[job(1011): 2016-09-10 00:24:26] At iterate    13  f =      -4.2181  |proj g|=         0.299
[job(1011): 2016-09-10 00:24:26] At iterate    14  f =      -4.2245  |proj g|=      0.025517
[job(1011): 2016-09-10 00:24:26] At iterate    15  f =      -4.2245  |proj g|=     0.0013148
[job(1011): 2016-09-10 00:24:26] At iterate    16  f =      -4.2245  |proj g|=    2.4303e-05
[job(1011): 2016-09-10 00:24:26] At iterate    17  f =      -4.2245  |proj g|=    8.0926e-07
[job(1011): 2016-09-10 00:24:26] 
[job(1011): 2016-09-10 00:24:26] iterations 17
[job(1011): 2016-09-10 00:24:26] function evaluations 21
[job(1011): 2016-09-10 00:24:26] segments explored during Cauchy searches 17
[job(1011): 2016-09-10 00:24:26] BFGS updates skipped 0
[job(1011): 2016-09-10 00:24:26] active bounds at final generalized Cauchy point 0
[job(1011): 2016-09-10 00:24:26] norm of the final projected gradient 8.09262e-07
[job(1011): 2016-09-10 00:24:26] final function value -4.22452
[job(1011): 2016-09-10 00:24:26] 
[job(1011): 2016-09-10 00:24:26] F = -4.22452
[job(1011): 2016-09-10 00:24:26] final  value -4.224517 
[job(1011): 2016-09-10 00:24:26] converged
[job(1011): 2016-09-10 00:24:26] [Tune-x] 17: C=918; sigma=0.000244
[job(1011): 2016-09-10 00:24:26] [Tune-y] 17: acc.test.mean=   1; time: 0.1 min; memory: 117Mb use, 157Mb max
[job(1011): 2016-09-10 00:24:26] 
[job(1011): 2016-09-10 00:24:26] optimisation start
[job(1011): 2016-09-10 00:24:26] ------------------
[job(1011): 2016-09-10 00:24:26] * estimation method   : MLE 
[job(1011): 2016-09-10 00:24:26] * optimisation method : BFGS 
[job(1011): 2016-09-10 00:24:26] * analytical gradient : used
[job(1011): 2016-09-10 00:24:26] * trend model : ~1
[job(1011): 2016-09-10 00:24:26] * covariance model : 
[job(1011): 2016-09-10 00:24:26]   - type :  matern5_2 
[job(1011): 2016-09-10 00:24:26]   - nugget : NO
[job(1011): 2016-09-10 00:24:26]   - parameters lower bounds :  1e-10 1e-10 
[job(1011): 2016-09-10 00:24:26]   - parameters upper bounds :  46.11069 46.17969 
[job(1011): 2016-09-10 00:24:26]   - best initial criterion value(s) :  -0.4852009 
[job(1011): 2016-09-10 00:24:26] 
[job(1011): 2016-09-10 00:24:26] N = 2, M = 5 machine precision = 2.22045e-16
[job(1011): 2016-09-10 00:24:26] At X0, 0 variables are exactly at the bounds
[job(1011): 2016-09-10 00:24:26] At iterate     0  f=       0.4852  |proj g|=       1.3933
[job(1011): 2016-09-10 00:24:26] At iterate     1  f =      -2.9807  |proj g|=        1.7459
[job(1011): 2016-09-10 00:24:26] At iterate     2  f =      -3.1938  |proj g|=         1.638
[job(1011): 2016-09-10 00:24:26] At iterate     3  f =      -3.6794  |proj g|=       0.82336
[job(1011): 2016-09-10 00:24:26] At iterate     4  f =      -3.7687  |proj g|=        2.2269
[job(1011): 2016-09-10 00:24:26] At iterate     5  f =      -4.0508  |proj g|=       0.55244
[job(1011): 2016-09-10 00:24:26] At iterate     6  f =      -4.3602  |proj g|=       0.44007
[job(1011): 2016-09-10 00:24:26] At iterate     7  f =      -4.8128  |proj g|=       0.93461
[job(1011): 2016-09-10 00:24:26] At iterate     8  f =      -5.0286  |proj g|=       0.51089
[job(1011): 2016-09-10 00:24:26] At iterate     9  f =       -5.079  |proj g|=       0.11806
[job(1011): 2016-09-10 00:24:26] At iterate    10  f =      -5.0834  |proj g|=      0.011419
[job(1011): 2016-09-10 00:24:26] At iterate    11  f =      -5.0836  |proj g|=     0.0097988
[job(1011): 2016-09-10 00:24:26] At iterate    12  f =      -5.0836  |proj g|=    3.0571e-05
[job(1011): 2016-09-10 00:24:26] At iterate    13  f =      -5.0836  |proj g|=    9.3125e-08
[job(1011): 2016-09-10 00:24:26] 
[job(1011): 2016-09-10 00:24:26] iterations 13
[job(1011): 2016-09-10 00:24:26] function evaluations 17
[job(1011): 2016-09-10 00:24:26] segments explored during Cauchy searches 13
[job(1011): 2016-09-10 00:24:26] BFGS updates skipped 0
[job(1011): 2016-09-10 00:24:26] active bounds at final generalized Cauchy point 0
[job(1011): 2016-09-10 00:24:26] norm of the final projected gradient 9.31249e-08
[job(1011): 2016-09-10 00:24:26] final function value -5.08359
[job(1011): 2016-09-10 00:24:26] 
[job(1011): 2016-09-10 00:24:26] F = -5.08359
[job(1011): 2016-09-10 00:24:26] final  value -5.083595 
[job(1011): 2016-09-10 00:24:26] converged
[job(1011): 2016-09-10 00:24:26] [Tune-x] 18: C=979; sigma=0.0046
[job(1011): 2016-09-10 00:24:26] [Tune-y] 18: acc.test.mean=   1; time: 0.0 min; memory: 117Mb use, 157Mb max
[job(1011): 2016-09-10 00:24:26] 
[job(1011): 2016-09-10 00:24:26] optimisation start
[job(1011): 2016-09-10 00:24:26] ------------------
[job(1011): 2016-09-10 00:24:26] * estimation method   : MLE 
[job(1011): 2016-09-10 00:24:26] * optimisation method : BFGS 
[job(1011): 2016-09-10 00:24:26] * analytical gradient : used
[job(1011): 2016-09-10 00:24:26] * trend model : ~1
[job(1011): 2016-09-10 00:24:26] * covariance model : 
[job(1011): 2016-09-10 00:24:26]   - type :  matern5_2 
[job(1011): 2016-09-10 00:24:26]   - nugget : NO
[job(1011): 2016-09-10 00:24:26]   - parameters lower bounds :  1e-10 1e-10 
[job(1011): 2016-09-10 00:24:26]   - parameters upper bounds :  46.11069 46.17969 
[job(1011): 2016-09-10 00:24:26]   - best initial criterion value(s) :  5.902634 
[job(1011): 2016-09-10 00:24:26] 
[job(1011): 2016-09-10 00:24:26] N = 2, M = 5 machine precision = 2.22045e-16
[job(1011): 2016-09-10 00:24:26] At X0, 0 variables are exactly at the bounds
[job(1011): 2016-09-10 00:24:26] At iterate     0  f=      -5.9026  |proj g|=       0.9322
[job(1011): 2016-09-10 00:24:26] At iterate     1  f =      -5.9269  |proj g|=       0.23511
[job(1011): 2016-09-10 00:24:26] At iterate     2  f =      -5.9287  |proj g|=       0.05791
[job(1011): 2016-09-10 00:24:26] At iterate     3  f =      -5.9324  |proj g|=         0.157
[job(1011): 2016-09-10 00:24:26] At iterate     4  f =      -5.9483  |proj g|=       0.46078
[job(1011): 2016-09-10 00:24:26] At iterate     5  f =      -5.9802  |proj g|=       0.75791
[job(1011): 2016-09-10 00:24:26] At iterate     6  f =      -6.0164  |proj g|=       0.68756
[job(1011): 2016-09-10 00:24:26] At iterate     7  f =      -6.0393  |proj g|=        0.2505
[job(1011): 2016-09-10 00:24:26] At iterate     8  f =      -6.0417  |proj g|=      0.033071
[job(1011): 2016-09-10 00:24:26] At iterate     9  f =      -6.0418  |proj g|=     0.0034302
[job(1011): 2016-09-10 00:24:26] At iterate    10  f =      -6.0418  |proj g|=    0.00039576
[job(1011): 2016-09-10 00:24:26] At iterate    11  f =      -6.0418  |proj g|=    2.8154e-05
[job(1011): 2016-09-10 00:24:26] At iterate    12  f =      -6.0418  |proj g|=    3.5112e-05
[job(1011): 2016-09-10 00:24:26] 
[job(1011): 2016-09-10 00:24:26] iterations 12
[job(1011): 2016-09-10 00:24:26] function evaluations 16
[job(1011): 2016-09-10 00:24:26] segments explored during Cauchy searches 12
[job(1011): 2016-09-10 00:24:26] BFGS updates skipped 0
[job(1011): 2016-09-10 00:24:26] active bounds at final generalized Cauchy point 0
[job(1011): 2016-09-10 00:24:26] norm of the final projected gradient 3.51121e-05
[job(1011): 2016-09-10 00:24:26] final function value -6.04178
[job(1011): 2016-09-10 00:24:26] 
[job(1011): 2016-09-10 00:24:26] F = -6.04178
[job(1011): 2016-09-10 00:24:26] final  value -6.041782 
[job(1011): 2016-09-10 00:24:26] converged
[job(1011): 2016-09-10 00:24:26] [Tune-x] 19: C=1.15e+03; sigma=0.00187
[job(1011): 2016-09-10 00:24:26] [Tune-y] 19: acc.test.mean=   1; time: 0.0 min; memory: 117Mb use, 165Mb max
[job(1011): 2016-09-10 00:24:26] 
[job(1011): 2016-09-10 00:24:26] optimisation start
[job(1011): 2016-09-10 00:24:26] ------------------
[job(1011): 2016-09-10 00:24:26] * estimation method   : MLE 
[job(1011): 2016-09-10 00:24:26] * optimisation method : BFGS 
[job(1011): 2016-09-10 00:24:26] * analytical gradient : used
[job(1011): 2016-09-10 00:24:26] * trend model : ~1
[job(1011): 2016-09-10 00:24:26] * covariance model : 
[job(1011): 2016-09-10 00:24:26]   - type :  matern5_2 
[job(1011): 2016-09-10 00:24:26]   - nugget : NO
[job(1011): 2016-09-10 00:24:26]   - parameters lower bounds :  1e-10 1e-10 
[job(1011): 2016-09-10 00:24:26]   - parameters upper bounds :  46.11069 46.17969 
[job(1011): 2016-09-10 00:24:26]   - best initial criterion value(s) :  -0.00268515 
[job(1011): 2016-09-10 00:24:26] 
[job(1011): 2016-09-10 00:24:26] N = 2, M = 5 machine precision = 2.22045e-16
[job(1011): 2016-09-10 00:24:26] At X0, 0 variables are exactly at the bounds
[job(1011): 2016-09-10 00:24:26] At iterate     0  f=    0.0026851  |proj g|=       1.7935
[job(1011): 2016-09-10 00:24:26] At iterate     1  f =      -7.8351  |proj g|=        4.1983
[job(1011): 2016-09-10 00:24:26] At iterate     2  f =      -8.0583  |proj g|=      0.011943
[job(1011): 2016-09-10 00:24:26] At iterate     3  f =      -8.0583  |proj g|=      0.011969
[job(1011): 2016-09-10 00:24:26] At iterate     4  f =      -8.0585  |proj g|=      0.061522
[job(1011): 2016-09-10 00:24:26] At iterate     5  f =      -8.0587  |proj g|=       0.12827
[job(1011): 2016-09-10 00:24:26] At iterate     6  f =      -8.0596  |proj g|=       0.24923
[job(1011): 2016-09-10 00:24:26] At iterate     7  f =      -8.0618  |proj g|=       0.43962
[job(1011): 2016-09-10 00:24:26] At iterate     8  f =      -8.0675  |proj g|=       0.76007
[job(1011): 2016-09-10 00:24:26] At iterate     9  f =      -8.0819  |proj g|=        1.2959
[job(1011): 2016-09-10 00:24:26] At iterate    10  f =      -8.1143  |proj g|=        2.1523
[job(1011): 2016-09-10 00:24:26] At iterate    11  f =      -8.1557  |proj g|=        1.9086
[job(1011): 2016-09-10 00:24:26] At iterate    12  f =      -8.2005  |proj g|=      0.079887
[job(1011): 2016-09-10 00:24:26] At iterate    13  f =      -8.2005  |proj g|=     0.0039805
[job(1011): 2016-09-10 00:24:26] At iterate    14  f =      -8.2005  |proj g|=    9.3828e-06
[job(1011): 2016-09-10 00:24:26] At iterate    15  f =      -8.2005  |proj g|=    1.0962e-09
[job(1011): 2016-09-10 00:24:26] 
[job(1011): 2016-09-10 00:24:26] iterations 15
[job(1011): 2016-09-10 00:24:26] function evaluations 20
[job(1011): 2016-09-10 00:24:26] segments explored during Cauchy searches 16
[job(1011): 2016-09-10 00:24:26] BFGS updates skipped 0
[job(1011): 2016-09-10 00:24:26] active bounds at final generalized Cauchy point 1
[job(1011): 2016-09-10 00:24:26] norm of the final projected gradient 1.09624e-09
[job(1011): 2016-09-10 00:24:26] final function value -8.20054
[job(1011): 2016-09-10 00:24:26] 
[job(1011): 2016-09-10 00:24:26] F = -8.20054
[job(1011): 2016-09-10 00:24:26] final  value -8.200536 
[job(1011): 2016-09-10 00:24:26] converged
[job(1011): 2016-09-10 00:24:26] [Tune-x] 20: C=723; sigma=0.000245
[job(1011): 2016-09-10 00:24:26] [Tune-y] 20: acc.test.mean=   1; time: 0.1 min; memory: 117Mb use, 165Mb max
[job(1011): 2016-09-10 00:24:26] 
[job(1011): 2016-09-10 00:24:26] optimisation start
[job(1011): 2016-09-10 00:24:26] ------------------
[job(1011): 2016-09-10 00:24:26] * estimation method   : MLE 
[job(1011): 2016-09-10 00:24:26] * optimisation method : BFGS 
[job(1011): 2016-09-10 00:24:26] * analytical gradient : used
[job(1011): 2016-09-10 00:24:26] * trend model : ~1
[job(1011): 2016-09-10 00:24:26] * covariance model : 
[job(1011): 2016-09-10 00:24:26]   - type :  matern5_2 
[job(1011): 2016-09-10 00:24:26]   - nugget : NO
[job(1011): 2016-09-10 00:24:26]   - parameters lower bounds :  1e-10 1e-10 
[job(1011): 2016-09-10 00:24:26]   - parameters upper bounds :  46.11069 46.17969 
[job(1011): 2016-09-10 00:24:26]   - best initial criterion value(s) :  1.273089 
[job(1011): 2016-09-10 00:24:26] 
[job(1011): 2016-09-10 00:24:26] N = 2, M = 5 machine precision = 2.22045e-16
[job(1011): 2016-09-10 00:24:26] At X0, 0 variables are exactly at the bounds
[job(1011): 2016-09-10 00:24:26] At iterate     0  f=      -1.2731  |proj g|=       9.1491
[job(1011): 2016-09-10 00:24:26] At iterate     1  f =      -5.2416  |proj g|=       0.77094
[job(1011): 2016-09-10 00:24:26] At iterate     2  f =      -5.2644  |proj g|=       0.17766
[job(1011): 2016-09-10 00:24:26] At iterate     3  f =      -5.2748  |proj g|=       0.17824
[job(1011): 2016-09-10 00:24:26] At iterate     4  f =      -5.3354  |proj g|=       0.72734
[job(1011): 2016-09-10 00:24:26] At iterate     5  f =      -5.5254  |proj g|=        1.3118
[job(1011): 2016-09-10 00:24:26] At iterate     6  f =        -6.74  |proj g|=        1.6727
[job(1011): 2016-09-10 00:24:26] At iterate     7  f =      -6.8368  |proj g|=        1.7134
[job(1011): 2016-09-10 00:24:26] At iterate     8  f =       -7.284  |proj g|=        1.6103
[job(1011): 2016-09-10 00:24:26] At iterate     9  f =      -7.5829  |proj g|=        1.0203
[job(1011): 2016-09-10 00:24:26] At iterate    10  f =      -7.6189  |proj g|=      0.098465
[job(1011): 2016-09-10 00:24:26] At iterate    11  f =      -7.6192  |proj g|=     0.0017937
[job(1011): 2016-09-10 00:24:26] At iterate    12  f =      -7.6192  |proj g|=    0.00064284
[job(1011): 2016-09-10 00:24:26] At iterate    13  f =      -7.6192  |proj g|=    5.3442e-06
[job(1011): 2016-09-10 00:24:26] At iterate    14  f =      -7.6192  |proj g|=    9.3479e-10
[job(1011): 2016-09-10 00:24:26] 
[job(1011): 2016-09-10 00:24:26] iterations 14
[job(1011): 2016-09-10 00:24:26] function evaluations 25
[job(1011): 2016-09-10 00:24:26] segments explored during Cauchy searches 14
[job(1011): 2016-09-10 00:24:26] BFGS updates skipped 0
[job(1011): 2016-09-10 00:24:26] active bounds at final generalized Cauchy point 0
[job(1011): 2016-09-10 00:24:26] norm of the final projected gradient 9.34786e-10
[job(1011): 2016-09-10 00:24:26] final function value -7.61924
[job(1011): 2016-09-10 00:24:26] 
[job(1011): 2016-09-10 00:24:26] F = -7.61924
[job(1011): 2016-09-10 00:24:26] final  value -7.619242 
[job(1011): 2016-09-10 00:24:26] converged
[job(1011): 2016-09-10 00:24:26] [Tune-x] 21: C=191; sigma=0.000395
[job(1011): 2016-09-10 00:24:26] [Tune-y] 21: acc.test.mean=   1; time: 0.1 min; memory: 117Mb use, 165Mb max
[job(1011): 2016-09-10 00:24:26] 
[job(1011): 2016-09-10 00:24:26] optimisation start
[job(1011): 2016-09-10 00:24:26] ------------------
[job(1011): 2016-09-10 00:24:26] * estimation method   : MLE 
[job(1011): 2016-09-10 00:24:26] * optimisation method : BFGS 
[job(1011): 2016-09-10 00:24:26] * analytical gradient : used
[job(1011): 2016-09-10 00:24:26] * trend model : ~1
[job(1011): 2016-09-10 00:24:26] * covariance model : 
[job(1011): 2016-09-10 00:24:26]   - type :  matern5_2 
[job(1011): 2016-09-10 00:24:26]   - nugget : NO
[job(1011): 2016-09-10 00:24:26]   - parameters lower bounds :  1e-10 1e-10 
[job(1011): 2016-09-10 00:24:26]   - parameters upper bounds :  46.11069 46.17969 
[job(1011): 2016-09-10 00:24:26]   - best initial criterion value(s) :  6.57538 
[job(1011): 2016-09-10 00:24:26] 
[job(1011): 2016-09-10 00:24:26] N = 2, M = 5 machine precision = 2.22045e-16
[job(1011): 2016-09-10 00:24:26] At X0, 0 variables are exactly at the bounds
[job(1011): 2016-09-10 00:24:26] At iterate     0  f=      -6.5754  |proj g|=       1.3604
[job(1011): 2016-09-10 00:24:26] At iterate     1  f =      -7.9976  |proj g|=        1.1965
[job(1011): 2016-09-10 00:24:26] At iterate     2  f =      -9.2577  |proj g|=       0.92417
[job(1011): 2016-09-10 00:24:26] At iterate     3  f =      -9.2901  |proj g|=       0.37315
[job(1011): 2016-09-10 00:24:26] At iterate     4  f =      -9.2926  |proj g|=      0.050332
[job(1011): 2016-09-10 00:24:26] At iterate     5  f =      -9.2942  |proj g|=       0.11409
[job(1011): 2016-09-10 00:24:26] At iterate     6  f =      -9.3029  |proj g|=       0.44853
[job(1011): 2016-09-10 00:24:26] At iterate     7  f =      -9.3291  |proj g|=        1.0912
[job(1011): 2016-09-10 00:24:26] At iterate     8  f =      -9.3966  |proj g|=        2.1581
[job(1011): 2016-09-10 00:24:26] At iterate     9  f =      -9.4906  |proj g|=        3.2237
[job(1011): 2016-09-10 00:24:26] At iterate    10  f =      -9.5731  |proj g|=         1.954
[job(1011): 2016-09-10 00:24:26] At iterate    11  f =      -9.6194  |proj g|=       0.30045
[job(1011): 2016-09-10 00:24:26] At iterate    12  f =      -9.6252  |proj g|=      0.010158
[job(1011): 2016-09-10 00:24:26] At iterate    13  f =      -9.6256  |proj g|=      0.026773
[job(1011): 2016-09-10 00:24:26] At iterate    14  f =      -9.6256  |proj g|=    0.00024062
[job(1011): 2016-09-10 00:24:26] At iterate    15  f =      -9.6256  |proj g|=    4.5368e-06
[job(1011): 2016-09-10 00:24:26] 
[job(1011): 2016-09-10 00:24:26] iterations 15
[job(1011): 2016-09-10 00:24:26] function evaluations 21
[job(1011): 2016-09-10 00:24:26] segments explored during Cauchy searches 16
[job(1011): 2016-09-10 00:24:26] BFGS updates skipped 0
[job(1011): 2016-09-10 00:24:26] active bounds at final generalized Cauchy point 0
[job(1011): 2016-09-10 00:24:26] norm of the final projected gradient 4.53678e-06
[job(1011): 2016-09-10 00:24:26] final function value -9.62563
[job(1011): 2016-09-10 00:24:26] 
[job(1011): 2016-09-10 00:24:26] F = -9.62563
[job(1011): 2016-09-10 00:24:26] final  value -9.625629 
[job(1011): 2016-09-10 00:24:26] converged
[job(1011): 2016-09-10 00:24:26] [Tune-x] 22: C=4.1e+03; sigma=0.000495
[job(1011): 2016-09-10 00:24:26] [Tune-y] 22: acc.test.mean=   1; time: 0.1 min; memory: 117Mb use, 165Mb max
[job(1011): 2016-09-10 00:24:26] 
[job(1011): 2016-09-10 00:24:26] optimisation start
[job(1011): 2016-09-10 00:24:26] ------------------
[job(1011): 2016-09-10 00:24:26] * estimation method   : MLE 
[job(1011): 2016-09-10 00:24:26] * optimisation method : BFGS 
[job(1011): 2016-09-10 00:24:26] * analytical gradient : used
[job(1011): 2016-09-10 00:24:26] * trend model : ~1
[job(1011): 2016-09-10 00:24:26] * covariance model : 
[job(1011): 2016-09-10 00:24:26]   - type :  matern5_2 
[job(1011): 2016-09-10 00:24:26]   - nugget : NO
[job(1011): 2016-09-10 00:24:26]   - parameters lower bounds :  1e-10 1e-10 
[job(1011): 2016-09-10 00:24:26]   - parameters upper bounds :  46.49674 46.17969 
[job(1011): 2016-09-10 00:24:26]   - best initial criterion value(s) :  3.500718 
[job(1011): 2016-09-10 00:24:26] 
[job(1011): 2016-09-10 00:24:26] N = 2, M = 5 machine precision = 2.22045e-16
[job(1011): 2016-09-10 00:24:26] At X0, 0 variables are exactly at the bounds
[job(1011): 2016-09-10 00:24:26] At iterate     0  f=      -3.5007  |proj g|=       1.5837
[job(1011): 2016-09-10 00:24:26] At iterate     1  f =      -10.045  |proj g|=        5.0247
[job(1011): 2016-09-10 00:24:26] At iterate     2  f =      -10.274  |proj g|=      0.023858
[job(1011): 2016-09-10 00:24:26] At iterate     3  f =      -10.274  |proj g|=     0.0029278
[job(1011): 2016-09-10 00:24:26] At iterate     4  f =      -10.274  |proj g|=     0.0027065
[job(1011): 2016-09-10 00:24:26] At iterate     5  f =      -10.274  |proj g|=     0.0027002
[job(1011): 2016-09-10 00:24:26] At iterate     6  f =      -10.274  |proj g|=     0.0082178
[job(1011): 2016-09-10 00:24:26] At iterate     7  f =      -10.274  |proj g|=      0.016023
[job(1011): 2016-09-10 00:24:26] At iterate     8  f =      -10.274  |proj g|=       0.02946
[job(1011): 2016-09-10 00:24:26] At iterate     9  f =      -10.274  |proj g|=      0.050924
[job(1011): 2016-09-10 00:24:26] At iterate    10  f =      -10.274  |proj g|=      0.086852
[job(1011): 2016-09-10 00:24:26] At iterate    11  f =      -10.275  |proj g|=       0.14929
[job(1011): 2016-09-10 00:24:26] At iterate    12  f =      -10.275  |proj g|=       0.27026
[job(1011): 2016-09-10 00:24:26] At iterate    13  f =      -10.277  |proj g|=       0.57508
[job(1011): 2016-09-10 00:24:26] At iterate    14  f =      -10.315  |proj g|=        6.0476
[job(1011): 2016-09-10 00:24:26] At iterate    15  f =      -10.318  |proj g|=        6.9707
[job(1011): 2016-09-10 00:24:26] At iterate    16  f =      -10.403  |proj g|=        7.9102
[job(1011): 2016-09-10 00:24:26] At iterate    17  f =      -10.577  |proj g|=        7.7536
[job(1011): 2016-09-10 00:24:26] At iterate    18  f =      -11.145  |proj g|=        1.4146
[job(1011): 2016-09-10 00:24:26] At iterate    19  f =      -11.219  |proj g|=       0.66161
[job(1011): 2016-09-10 00:24:26] At iterate    20  f =      -11.225  |proj g|=     0.0066973
[job(1011): 2016-09-10 00:24:26] At iterate    21  f =      -11.225  |proj g|=     0.0035913
[job(1011): 2016-09-10 00:24:26] At iterate    22  f =      -11.225  |proj g|=     1.275e-05
[job(1011): 2016-09-10 00:24:26] At iterate    23  f =      -11.225  |proj g|=    1.4626e-08
[job(1011): 2016-09-10 00:24:26] 
[job(1011): 2016-09-10 00:24:26] iterations 23
[job(1011): 2016-09-10 00:24:26] function evaluations 38
[job(1011): 2016-09-10 00:24:26] segments explored during Cauchy searches 24
[job(1011): 2016-09-10 00:24:26] BFGS updates skipped 0
[job(1011): 2016-09-10 00:24:26] active bounds at final generalized Cauchy point 0
[job(1011): 2016-09-10 00:24:26] norm of the final projected gradient 1.46261e-08
[job(1011): 2016-09-10 00:24:26] final function value -11.2246
[job(1011): 2016-09-10 00:24:26] 
[job(1011): 2016-09-10 00:24:26] F = -11.2246
[job(1011): 2016-09-10 00:24:26] final  value -11.224619 
[job(1011): 2016-09-10 00:24:26] converged
[job(1011): 2016-09-10 00:24:26] [Tune-x] 23: C=162; sigma=0.000245
[job(1011): 2016-09-10 00:24:26] [Tune-y] 23: acc.test.mean=   1; time: 0.1 min; memory: 118Mb use, 165Mb max
[job(1011): 2016-09-10 00:24:26] 
[job(1011): 2016-09-10 00:24:26] optimisation start
[job(1011): 2016-09-10 00:24:26] ------------------
[job(1011): 2016-09-10 00:24:26] * estimation method   : MLE 
[job(1011): 2016-09-10 00:24:26] * optimisation method : BFGS 
[job(1011): 2016-09-10 00:24:26] * analytical gradient : used
[job(1011): 2016-09-10 00:24:26] * trend model : ~1
[job(1011): 2016-09-10 00:24:26] * covariance model : 
[job(1011): 2016-09-10 00:24:26]   - type :  matern5_2 
[job(1011): 2016-09-10 00:24:26]   - nugget : NO
[job(1011): 2016-09-10 00:24:26]   - parameters lower bounds :  1e-10 1e-10 
[job(1011): 2016-09-10 00:24:26]   - parameters upper bounds :  46.49674 46.17969 
[job(1011): 2016-09-10 00:24:26]   - best initial criterion value(s) :  -6.124957 
[job(1011): 2016-09-10 00:24:26] 
[job(1011): 2016-09-10 00:24:26] N = 2, M = 5 machine precision = 2.22045e-16
[job(1011): 2016-09-10 00:24:26] At X0, 0 variables are exactly at the bounds
[job(1011): 2016-09-10 00:24:26] At iterate     0  f=        6.125  |proj g|=       2.7685
[job(1011): 2016-09-10 00:24:26] At iterate     1  f =       5.0258  |proj g|=             0
[job(1011): 2016-09-10 00:24:26] 
[job(1011): 2016-09-10 00:24:26] iterations 1
[job(1011): 2016-09-10 00:24:26] function evaluations 2
[job(1011): 2016-09-10 00:24:26] segments explored during Cauchy searches 2
[job(1011): 2016-09-10 00:24:26] BFGS updates skipped 0
[job(1011): 2016-09-10 00:24:26] active bounds at final generalized Cauchy point 1
[job(1011): 2016-09-10 00:24:26] norm of the final projected gradient 0
[job(1011): 2016-09-10 00:24:26] final function value 5.0258
[job(1011): 2016-09-10 00:24:26] 
[job(1011): 2016-09-10 00:24:26] F = 5.0258
[job(1011): 2016-09-10 00:24:26] final  value 5.025796 
[job(1011): 2016-09-10 00:24:26] converged
[job(1011): 2016-09-10 00:24:26] [Tune-x] 24: C=0.105; sigma=120
[job(1011): 2016-09-10 00:24:26] [Tune-y] 24: acc.test.mean=0.278; time: 0.1 min; memory: 118Mb use, 165Mb max
[job(1011): 2016-09-10 00:24:26] 
[job(1011): 2016-09-10 00:24:26] optimisation start
[job(1011): 2016-09-10 00:24:26] ------------------
[job(1011): 2016-09-10 00:24:26] * estimation method   : MLE 
[job(1011): 2016-09-10 00:24:26] * optimisation method : BFGS 
[job(1011): 2016-09-10 00:24:26] * analytical gradient : used
[job(1011): 2016-09-10 00:24:26] * trend model : ~1
[job(1011): 2016-09-10 00:24:26] * covariance model : 
[job(1011): 2016-09-10 00:24:26]   - type :  matern5_2 
[job(1011): 2016-09-10 00:24:26]   - nugget : NO
[job(1011): 2016-09-10 00:24:26]   - parameters lower bounds :  1e-10 1e-10 
[job(1011): 2016-09-10 00:24:26]   - parameters upper bounds :  46.49674 46.17969 
[job(1011): 2016-09-10 00:24:26]   - best initial criterion value(s) :  8.269695 
[job(1011): 2016-09-10 00:24:26] 
[job(1011): 2016-09-10 00:24:26] N = 2, M = 5 machine precision = 2.22045e-16
[job(1011): 2016-09-10 00:24:26] At X0, 0 variables are exactly at the bounds
[job(1011): 2016-09-10 00:24:26] At iterate     0  f=      -8.2697  |proj g|=        15.74
[job(1011): 2016-09-10 00:24:26] At iterate     1  f =      -12.859  |proj g|=        1.2702
[job(1011): 2016-09-10 00:24:26] At iterate     2  f =      -13.704  |proj g|=       0.88318
[job(1011): 2016-09-10 00:24:26] At iterate     3  f =      -13.715  |proj g|=       0.13171
[job(1011): 2016-09-10 00:24:26] At iterate     4  f =      -13.715  |proj g|=      0.089419
[job(1011): 2016-09-10 00:24:26] At iterate     5  f =      -13.715  |proj g|=      0.089652
[job(1011): 2016-09-10 00:24:26] At iterate     6  f =      -13.717  |proj g|=       0.24204
[job(1011): 2016-09-10 00:24:26] At iterate     7  f =      -13.721  |proj g|=       0.49031
[job(1011): 2016-09-10 00:24:26] At iterate     8  f =      -13.731  |proj g|=       0.90487
[job(1011): 2016-09-10 00:24:26] At iterate     9  f =      -13.756  |proj g|=        1.4837
[job(1011): 2016-09-10 00:24:26] At iterate    10  f =      -13.808  |proj g|=        2.1209
[job(1011): 2016-09-10 00:24:26] At iterate    11  f =      -13.887  |proj g|=        2.1539
[job(1011): 2016-09-10 00:24:26] At iterate    12  f =      -13.945  |proj g|=       0.40318
[job(1011): 2016-09-10 00:24:26] At iterate    13  f =      -13.956  |proj g|=      0.015094
[job(1011): 2016-09-10 00:24:26] At iterate    14  f =      -13.956  |proj g|=     0.0018371
[job(1011): 2016-09-10 00:24:26] At iterate    15  f =      -13.956  |proj g|=    2.9367e-05
[job(1011): 2016-09-10 00:24:26] At iterate    16  f =      -13.956  |proj g|=    1.8591e-06
[job(1011): 2016-09-10 00:24:26] 
[job(1011): 2016-09-10 00:24:26] iterations 16
[job(1011): 2016-09-10 00:24:26] function evaluations 20
[job(1011): 2016-09-10 00:24:26] segments explored during Cauchy searches 16
[job(1011): 2016-09-10 00:24:26] BFGS updates skipped 0
[job(1011): 2016-09-10 00:24:26] active bounds at final generalized Cauchy point 0
[job(1011): 2016-09-10 00:24:26] norm of the final projected gradient 1.85911e-06
[job(1011): 2016-09-10 00:24:26] final function value -13.9561
[job(1011): 2016-09-10 00:24:26] 
[job(1011): 2016-09-10 00:24:26] F = -13.9561
[job(1011): 2016-09-10 00:24:26] final  value -13.956149 
[job(1011): 2016-09-10 00:24:26] converged
[job(1011): 2016-09-10 00:24:26] [Tune-x] 25: C=917; sigma=0.0138
[job(1011): 2016-09-10 00:24:26] [Tune-y] 25: acc.test.mean=0.998; time: 0.0 min; memory: 118Mb use, 165Mb max
[job(1011): 2016-09-10 00:24:26] 
[job(1011): 2016-09-10 00:24:26] optimisation start
[job(1011): 2016-09-10 00:24:26] ------------------
[job(1011): 2016-09-10 00:24:26] * estimation method   : MLE 
[job(1011): 2016-09-10 00:24:26] * optimisation method : BFGS 
[job(1011): 2016-09-10 00:24:26] * analytical gradient : used
[job(1011): 2016-09-10 00:24:26] * trend model : ~1
[job(1011): 2016-09-10 00:24:26] * covariance model : 
[job(1011): 2016-09-10 00:24:26]   - type :  matern5_2 
[job(1011): 2016-09-10 00:24:26]   - nugget : NO
[job(1011): 2016-09-10 00:24:26]   - parameters lower bounds :  1e-10 1e-10 
[job(1011): 2016-09-10 00:24:26]   - parameters upper bounds :  46.49674 46.17969 
[job(1011): 2016-09-10 00:24:26]   - best initial criterion value(s) :  2.391483 
[job(1011): 2016-09-10 00:24:26] 
[job(1011): 2016-09-10 00:24:26] N = 2, M = 5 machine precision = 2.22045e-16
[job(1011): 2016-09-10 00:24:26] At X0, 0 variables are exactly at the bounds
[job(1011): 2016-09-10 00:24:26] At iterate     0  f=      -2.3915  |proj g|=       2.2601
[job(1011): 2016-09-10 00:24:26] At iterate     1  f =      -13.778  |proj g|=        4.0715
[job(1011): 2016-09-10 00:24:26] At iterate     2  f =        -14.1  |proj g|=       0.19884
[job(1011): 2016-09-10 00:24:26] At iterate     3  f =       -14.13  |proj g|=       0.31869
[job(1011): 2016-09-10 00:24:26] At iterate     4  f =      -14.432  |proj g|=        1.1376
[job(1011): 2016-09-10 00:24:26] At iterate     5  f =      -14.734  |proj g|=        1.1474
[job(1011): 2016-09-10 00:24:26] At iterate     6  f =      -15.073  |proj g|=        1.0724
[job(1011): 2016-09-10 00:24:26] At iterate     7  f =      -15.132  |proj g|=       0.09081
[job(1011): 2016-09-10 00:24:26] At iterate     8  f =      -15.132  |proj g|=     0.0053016
[job(1011): 2016-09-10 00:24:26] At iterate     9  f =      -15.132  |proj g|=     0.0014653
[job(1011): 2016-09-10 00:24:26] At iterate    10  f =      -15.132  |proj g|=    9.1391e-06
[job(1011): 2016-09-10 00:24:26] At iterate    11  f =      -15.132  |proj g|=    8.7017e-08
[job(1011): 2016-09-10 00:24:26] 
[job(1011): 2016-09-10 00:24:26] iterations 11
[job(1011): 2016-09-10 00:24:26] function evaluations 17
[job(1011): 2016-09-10 00:24:26] segments explored during Cauchy searches 12
[job(1011): 2016-09-10 00:24:26] BFGS updates skipped 0
[job(1011): 2016-09-10 00:24:26] active bounds at final generalized Cauchy point 0
[job(1011): 2016-09-10 00:24:26] norm of the final projected gradient 8.70174e-08
[job(1011): 2016-09-10 00:24:26] final function value -15.1323
[job(1011): 2016-09-10 00:24:26] 
[job(1011): 2016-09-10 00:24:26] F = -15.1323
[job(1011): 2016-09-10 00:24:26] final  value -15.132337 
[job(1011): 2016-09-10 00:24:26] converged
[job(1011): 2016-09-10 00:24:26] [Tune-x] 26: C=185; sigma=0.0015
[job(1011): 2016-09-10 00:24:26] [Tune-y] 26: acc.test.mean=   1; time: 0.0 min; memory: 118Mb use, 165Mb max
[job(1011): 2016-09-10 00:24:26] 
[job(1011): 2016-09-10 00:24:26] optimisation start
[job(1011): 2016-09-10 00:24:26] ------------------
[job(1011): 2016-09-10 00:24:26] * estimation method   : MLE 
[job(1011): 2016-09-10 00:24:26] * optimisation method : BFGS 
[job(1011): 2016-09-10 00:24:26] * analytical gradient : used
[job(1011): 2016-09-10 00:24:26] * trend model : ~1
[job(1011): 2016-09-10 00:24:26] * covariance model : 
[job(1011): 2016-09-10 00:24:26]   - type :  matern5_2 
[job(1011): 2016-09-10 00:24:26]   - nugget : NO
[job(1011): 2016-09-10 00:24:26]   - parameters lower bounds :  1e-10 1e-10 
[job(1011): 2016-09-10 00:24:26]   - parameters upper bounds :  46.49674 46.17969 
[job(1011): 2016-09-10 00:24:26]   - best initial criterion value(s) :  14.92049 
[job(1011): 2016-09-10 00:24:26] 
[job(1011): 2016-09-10 00:24:26] N = 2, M = 5 machine precision = 2.22045e-16
[job(1011): 2016-09-10 00:24:26] At X0, 0 variables are exactly at the bounds
[job(1011): 2016-09-10 00:24:26] At iterate     0  f=       -14.92  |proj g|=       1.2749
[job(1011): 2016-09-10 00:24:26] At iterate     1  f =      -15.353  |proj g|=         1.202
[job(1011): 2016-09-10 00:24:26] At iterate     2  f =      -15.795  |proj g|=       0.74863
[job(1011): 2016-09-10 00:24:26] At iterate     3  f =      -15.805  |proj g|=        0.1941
[job(1011): 2016-09-10 00:24:26] At iterate     4  f =      -15.831  |proj g|=        0.4577
[job(1011): 2016-09-10 00:24:26] At iterate     5  f =       -15.97  |proj g|=        1.0876
[job(1011): 2016-09-10 00:24:26] At iterate     6  f =      -16.223  |proj g|=        1.1302
[job(1011): 2016-09-10 00:24:26] At iterate     7  f =      -16.537  |proj g|=        1.1195
[job(1011): 2016-09-10 00:24:26] At iterate     8  f =      -16.766  |proj g|=        1.0394
[job(1011): 2016-09-10 00:24:26] At iterate     9  f =      -16.792  |proj g|=      0.098237
[job(1011): 2016-09-10 00:24:26] At iterate    10  f =      -16.792  |proj g|=    0.00011182
[job(1011): 2016-09-10 00:24:26] At iterate    11  f =      -16.792  |proj g|=      0.000193
[job(1011): 2016-09-10 00:24:26] At iterate    12  f =      -16.792  |proj g|=    0.00021899
[job(1011): 2016-09-10 00:24:26] 
[job(1011): 2016-09-10 00:24:26] iterations 12
[job(1011): 2016-09-10 00:24:26] function evaluations 16
[job(1011): 2016-09-10 00:24:26] segments explored during Cauchy searches 13
[job(1011): 2016-09-10 00:24:26] BFGS updates skipped 0
[job(1011): 2016-09-10 00:24:26] active bounds at final generalized Cauchy point 0
[job(1011): 2016-09-10 00:24:26] norm of the final projected gradient 0.000218993
[job(1011): 2016-09-10 00:24:26] final function value -16.7923
[job(1011): 2016-09-10 00:24:26] 
[job(1011): 2016-09-10 00:24:26] F = -16.7923
[job(1011): 2016-09-10 00:24:26] final  value -16.792324 
[job(1011): 2016-09-10 00:24:26] converged
[job(1011): 2016-09-10 00:24:26] [Tune-x] 27: C=964; sigma=0.000451
[job(1011): 2016-09-10 00:24:26] [Tune-y] 27: acc.test.mean=   1; time: 0.1 min; memory: 118Mb use, 165Mb max
[job(1011): 2016-09-10 00:24:26] 
[job(1011): 2016-09-10 00:24:26] optimisation start
[job(1011): 2016-09-10 00:24:26] ------------------
[job(1011): 2016-09-10 00:24:26] * estimation method   : MLE 
[job(1011): 2016-09-10 00:24:26] * optimisation method : BFGS 
[job(1011): 2016-09-10 00:24:26] * analytical gradient : used
[job(1011): 2016-09-10 00:24:26] * trend model : ~1
[job(1011): 2016-09-10 00:24:26] * covariance model : 
[job(1011): 2016-09-10 00:24:26]   - type :  matern5_2 
[job(1011): 2016-09-10 00:24:26]   - nugget : NO
[job(1011): 2016-09-10 00:24:26]   - parameters lower bounds :  1e-10 1e-10 
[job(1011): 2016-09-10 00:24:26]   - parameters upper bounds :  46.49674 46.17969 
[job(1011): 2016-09-10 00:24:26]   - best initial criterion value(s) :  17.7575 
[job(1011): 2016-09-10 00:24:26] 
[job(1011): 2016-09-10 00:24:26] N = 2, M = 5 machine precision = 2.22045e-16
[job(1011): 2016-09-10 00:24:26] At X0, 0 variables are exactly at the bounds
[job(1011): 2016-09-10 00:24:26] At iterate     0  f=      -17.757  |proj g|=       1.6725
[job(1011): 2016-09-10 00:24:26] At iterate     1  f =      -24.983  |proj g|=        7.1219
[job(1011): 2016-09-10 00:24:26] At iterate     2  f =      -25.422  |proj g|=      0.011812
[job(1011): 2016-09-10 00:24:26] At iterate     3  f =      -25.422  |proj g|=      0.010243
[job(1011): 2016-09-10 00:24:26] At iterate     4  f =      -25.422  |proj g|=      0.010176
[job(1011): 2016-09-10 00:24:26] At iterate     5  f =      -25.422  |proj g|=      0.025433
[job(1011): 2016-09-10 00:24:26] At iterate     6  f =      -25.422  |proj g|=      0.052363
[job(1011): 2016-09-10 00:24:26] At iterate     7  f =      -25.422  |proj g|=      0.096117
[job(1011): 2016-09-10 00:24:26] At iterate     8  f =      -25.422  |proj g|=       0.16812
[job(1011): 2016-09-10 00:24:26] At iterate     9  f =      -25.423  |proj g|=       0.28965
[job(1011): 2016-09-10 00:24:26] At iterate    10  f =      -25.424  |proj g|=       0.51079
[job(1011): 2016-09-10 00:24:26] At iterate    11  f =       -25.43  |proj g|=       0.97932
[job(1011): 2016-09-10 00:24:26] At iterate    12  f =      -25.444  |proj g|=        2.1696
[job(1011): 2016-09-10 00:24:26] At iterate    13  f =      -25.459  |proj g|=        2.3342
[job(1011): 2016-09-10 00:24:26] At iterate    14  f =      -25.489  |proj g|=       0.74932
[job(1011): 2016-09-10 00:24:26] At iterate    15  f =      -25.514  |proj g|=       0.38204
[job(1011): 2016-09-10 00:24:26] At iterate    16  f =      -25.519  |proj g|=      0.024893
[job(1011): 2016-09-10 00:24:26] At iterate    17  f =       -25.52  |proj g|=      0.010207
[job(1011): 2016-09-10 00:24:26] At iterate    18  f =       -25.52  |proj g|=     0.0064019
[job(1011): 2016-09-10 00:24:26] At iterate    19  f =       -25.52  |proj g|=    0.00029481
[job(1011): 2016-09-10 00:24:26] At iterate    20  f =       -25.52  |proj g|=    5.7495e-07
[job(1011): 2016-09-10 00:24:26] 
[job(1011): 2016-09-10 00:24:26] iterations 20
[job(1011): 2016-09-10 00:24:26] function evaluations 25
[job(1011): 2016-09-10 00:24:26] segments explored during Cauchy searches 21
[job(1011): 2016-09-10 00:24:26] BFGS updates skipped 0
[job(1011): 2016-09-10 00:24:26] active bounds at final generalized Cauchy point 0
[job(1011): 2016-09-10 00:24:26] norm of the final projected gradient 5.74947e-07
[job(1011): 2016-09-10 00:24:26] final function value -25.5198
[job(1011): 2016-09-10 00:24:26] 
[job(1011): 2016-09-10 00:24:26] F = -25.5198
[job(1011): 2016-09-10 00:24:26] final  value -25.519761 
[job(1011): 2016-09-10 00:24:26] converged
[job(1011): 2016-09-10 00:24:26] [Tune-x] 28: C=23.4; sigma=0.00829
[job(1011): 2016-09-10 00:24:26] [Tune-y] 28: acc.test.mean=0.998; time: 0.0 min; memory: 118Mb use, 165Mb max
[job(1011): 2016-09-10 00:24:26] 
[job(1011): 2016-09-10 00:24:26] optimisation start
[job(1011): 2016-09-10 00:24:26] ------------------
[job(1011): 2016-09-10 00:24:26] * estimation method   : MLE 
[job(1011): 2016-09-10 00:24:26] * optimisation method : BFGS 
[job(1011): 2016-09-10 00:24:26] * analytical gradient : used
[job(1011): 2016-09-10 00:24:26] * trend model : ~1
[job(1011): 2016-09-10 00:24:26] * covariance model : 
[job(1011): 2016-09-10 00:24:26]   - type :  matern5_2 
[job(1011): 2016-09-10 00:24:26]   - nugget : NO
[job(1011): 2016-09-10 00:24:26]   - parameters lower bounds :  1e-10 1e-10 
[job(1011): 2016-09-10 00:24:26]   - parameters upper bounds :  46.49674 46.17969 
[job(1011): 2016-09-10 00:24:26]   - best initial criterion value(s) :  11.91921 
[job(1011): 2016-09-10 00:24:26] 
[job(1011): 2016-09-10 00:24:26] N = 2, M = 5 machine precision = 2.22045e-16
[job(1011): 2016-09-10 00:24:26] At X0, 0 variables are exactly at the bounds
[job(1011): 2016-09-10 00:24:26] At iterate     0  f=      -11.919  |proj g|=       1.6542
[job(1011): 2016-09-10 00:24:26] At iterate     1  f =      -19.308  |proj g|=         10.71
[job(1011): 2016-09-10 00:24:26] At iterate     2  f =       -19.75  |proj g|=        1.0845
[job(1011): 2016-09-10 00:24:26] At iterate     3  f =      -20.395  |proj g|=       0.70646
[job(1011): 2016-09-10 00:24:26] At iterate     4  f =        -20.4  |proj g|=       0.07786
[job(1011): 2016-09-10 00:24:26] At iterate     5  f =        -20.4  |proj g|=    0.00046283
[job(1011): 2016-09-10 00:24:26] At iterate     6  f =        -20.4  |proj g|=    0.00020389
[job(1011): 2016-09-10 00:24:26] 
[job(1011): 2016-09-10 00:24:26] iterations 6
[job(1011): 2016-09-10 00:24:26] function evaluations 9
[job(1011): 2016-09-10 00:24:26] segments explored during Cauchy searches 7
[job(1011): 2016-09-10 00:24:26] BFGS updates skipped 0
[job(1011): 2016-09-10 00:24:26] active bounds at final generalized Cauchy point 0
[job(1011): 2016-09-10 00:24:26] norm of the final projected gradient 0.000203886
[job(1011): 2016-09-10 00:24:26] final function value -20.3999
[job(1011): 2016-09-10 00:24:26] 
[job(1011): 2016-09-10 00:24:26] F = -20.3999
[job(1011): 2016-09-10 00:24:26] final  value -20.399948 
[job(1011): 2016-09-10 00:24:26] converged
[job(1011): 2016-09-10 00:24:26] [Tune] Result: C=185; sigma=0.0015 : acc.test.mean=  -1
[job(1011): 2016-09-10 00:24:26] Job terminated successfully
[job(chunk): 2016-09-10 00:24:26] Calculation finished!
