[job(chunk): 2016-09-10 00:27:57] Starting calculation of 1 jobs
[job(chunk): 2016-09-10 00:27:57] Setting working directory to '/naslx/projects/pr74ze/ri89coc2/svm_comparison'
[job(chunk): 2016-09-10 00:27:57] Memory measurement disabled
[job(1045): 2016-09-10 00:28:00] Starting job with job.id=1045
[job(1045): 2016-09-10 00:28:44] Generating problem instance for problem '1499' ...
[job(1045): 2016-09-10 00:28:44] Downloading from 'http://www.openml.org/api/v1/data/1499' to '/tmp/ri89coc2/Rtmp2xEJNT/cache/datasets/1499/description.xml'.
[job(1045): 2016-09-10 00:28:44] Downloading from 'http://www.openml.org/data/download/1592291/phpPrh7lv' to '/tmp/ri89coc2/Rtmp2xEJNT/cache/datasets/1499/dataset.arff'
[job(1045): 2016-09-10 00:28:44] Loading required package: readr
[job(1045): 2016-09-10 00:28:44] Applying algorithm 'kbb-svc.tuned' on problem '1499' ...
[job(1045): 2016-09-10 00:28:44] Data '1499' file 'description.xml' found in cache.
[job(1045): 2016-09-10 00:28:44] Data '1499' file 'dataset.arff' found in cache.
[job(1045): 2016-09-10 00:28:44] [Tune] Started tuning learner kbb-svc for parameter set:
[job(1045): 2016-09-10 00:28:44]          Type len Def    Constr Req Tunable Trafo
[job(1045): 2016-09-10 00:28:44] C     numeric   -   - -12 to 12   -    TRUE     Y
[job(1045): 2016-09-10 00:28:44] sigma numeric   -   - -12 to 12   -    TRUE     Y
[job(1045): 2016-09-10 00:28:44] With control class: TuneControlMBO
[job(1045): 2016-09-10 00:28:44] Imputation value: -0
[job(1045): 2016-09-10 00:28:44] [Tune-x] 1: C=341; sigma=31.3
[job(1045): 2016-09-10 00:28:44] [Tune-y] 1: acc.test.mean=0.328; time: 0.0 min; memory: 113Mb use, 147Mb max
[job(1045): 2016-09-10 00:28:44] [Tune-x] 2: C=0.0463; sigma=0.0195
[job(1045): 2016-09-10 00:28:44] [Tune-y] 2: acc.test.mean=0.777; time: 0.0 min; memory: 113Mb use, 147Mb max
[job(1045): 2016-09-10 00:28:44] [Tune-x] 3: C=38.3; sigma=0.0107
[job(1045): 2016-09-10 00:28:44] [Tune-y] 3: acc.test.mean=0.653; time: 0.0 min; memory: 113Mb use, 147Mb max
[job(1045): 2016-09-10 00:28:44] [Tune-x] 4: C=0.129; sigma=0.125
[job(1045): 2016-09-10 00:28:44] [Tune-y] 4: acc.test.mean=0.894; time: 0.0 min; memory: 113Mb use, 147Mb max
[job(1045): 2016-09-10 00:28:44] [Tune-x] 5: C=0.00148; sigma=887
[job(1045): 2016-09-10 00:28:44] [Tune-y] 5: acc.test.mean=0.301; time: 0.0 min; memory: 113Mb use, 147Mb max
[job(1045): 2016-09-10 00:28:44] [Tune-x] 6: C=1.67e+03; sigma=3.43
[job(1045): 2016-09-10 00:28:44] [Tune-y] 6: acc.test.mean=0.709; time: 0.0 min; memory: 113Mb use, 147Mb max
[job(1045): 2016-09-10 00:28:44] [Tune-x] 7: C=0.0112; sigma=0.000579
[job(1045): 2016-09-10 00:28:44] [Tune-y] 7: acc.test.mean=0.233; time: 0.0 min; memory: 113Mb use, 147Mb max
[job(1045): 2016-09-10 00:28:44] [Tune-x] 8: C=3.09; sigma=308
[job(1045): 2016-09-10 00:28:44] [Tune-y] 8: acc.test.mean=0.327; time: 0.0 min; memory: 113Mb use, 147Mb max
[job(1045): 2016-09-10 00:28:44] 
[job(1045): 2016-09-10 00:28:44] optimisation start
[job(1045): 2016-09-10 00:28:44] ------------------
[job(1045): 2016-09-10 00:28:44] * estimation method   : MLE 
[job(1045): 2016-09-10 00:28:44] * optimisation method : BFGS 
[job(1045): 2016-09-10 00:28:44] * analytical gradient : used
[job(1045): 2016-09-10 00:28:44] * trend model : ~1
[job(1045): 2016-09-10 00:28:44] * covariance model : 
[job(1045): 2016-09-10 00:28:44]   - type :  matern5_2 
[job(1045): 2016-09-10 00:28:44]   - nugget : NO
[job(1045): 2016-09-10 00:28:44]   - parameters lower bounds :  1e-10 1e-10 
[job(1045): 2016-09-10 00:28:44]   - parameters upper bounds :  40.20819 41.09246 
[job(1045): 2016-09-10 00:28:44]   - best initial criterion value(s) :  1.305704 
[job(1045): 2016-09-10 00:28:44] 
[job(1045): 2016-09-10 00:28:44] N = 2, M = 5 machine precision = 2.22045e-16
[job(1045): 2016-09-10 00:28:44] At X0, 0 variables are exactly at the bounds
[job(1045): 2016-09-10 00:28:44] At iterate     0  f=      -1.3057  |proj g|=      0.60915
[job(1045): 2016-09-10 00:28:44] At iterate     1  f =      -1.6679  |proj g|=       0.56262
[job(1045): 2016-09-10 00:28:44] At iterate     2  f =      -2.2074  |proj g|=       0.39079
[job(1045): 2016-09-10 00:28:44] At iterate     3  f =      -2.4959  |proj g|=      0.047424
[job(1045): 2016-09-10 00:28:44] At iterate     4  f =      -2.5043  |proj g|=       0.04619
[job(1045): 2016-09-10 00:28:44] At iterate     5  f =      -2.5597  |proj g|=       0.12377
[job(1045): 2016-09-10 00:28:44] At iterate     6  f =      -2.6824  |proj g|=       0.23776
[job(1045): 2016-09-10 00:28:44] At iterate     7  f =      -2.8927  |proj g|=       0.24281
[job(1045): 2016-09-10 00:28:44] At iterate     8  f =      -2.9518  |proj g|=      0.053858
[job(1045): 2016-09-10 00:28:44] At iterate     9  f =      -2.9553  |proj g|=     0.0050656
[job(1045): 2016-09-10 00:28:44] At iterate    10  f =      -2.9554  |proj g|=    0.00013335
[job(1045): 2016-09-10 00:28:44] At iterate    11  f =      -2.9554  |proj g|=    3.1232e-07
[job(1045): 2016-09-10 00:28:44] At iterate    12  f =      -2.9554  |proj g|=    1.9157e-11
[job(1045): 2016-09-10 00:28:44] 
[job(1045): 2016-09-10 00:28:44] iterations 12
[job(1045): 2016-09-10 00:28:44] function evaluations 15
[job(1045): 2016-09-10 00:28:44] segments explored during Cauchy searches 13
[job(1045): 2016-09-10 00:28:44] BFGS updates skipped 0
[job(1045): 2016-09-10 00:28:44] active bounds at final generalized Cauchy point 1
[job(1045): 2016-09-10 00:28:44] norm of the final projected gradient 1.91573e-11
[job(1045): 2016-09-10 00:28:44] final function value -2.95537
[job(1045): 2016-09-10 00:28:44] 
[job(1045): 2016-09-10 00:28:44] F = -2.95537
[job(1045): 2016-09-10 00:28:44] final  value -2.955367 
[job(1045): 2016-09-10 00:28:44] converged
[job(1045): 2016-09-10 00:28:44] [Tune-x] 9: C=0.139; sigma=0.14
[job(1045): 2016-09-10 00:28:44] [Tune-y] 9: acc.test.mean= 0.9; time: 0.0 min; memory: 117Mb use, 153Mb max
[job(1045): 2016-09-10 00:28:44] 
[job(1045): 2016-09-10 00:28:44] optimisation start
[job(1045): 2016-09-10 00:28:44] ------------------
[job(1045): 2016-09-10 00:28:44] * estimation method   : MLE 
[job(1045): 2016-09-10 00:28:44] * optimisation method : BFGS 
[job(1045): 2016-09-10 00:28:44] * analytical gradient : used
[job(1045): 2016-09-10 00:28:44] * trend model : ~1
[job(1045): 2016-09-10 00:28:44] * covariance model : 
[job(1045): 2016-09-10 00:28:44]   - type :  matern5_2 
[job(1045): 2016-09-10 00:28:44]   - nugget : NO
[job(1045): 2016-09-10 00:28:44]   - parameters lower bounds :  1e-10 1e-10 
[job(1045): 2016-09-10 00:28:44]   - parameters upper bounds :  40.20819 41.09246 
[job(1045): 2016-09-10 00:28:44]   - best initial criterion value(s) :  6.38436 
[job(1045): 2016-09-10 00:28:44] 
[job(1045): 2016-09-10 00:28:44] N = 2, M = 5 machine precision = 2.22045e-16
[job(1045): 2016-09-10 00:28:44] At X0, 0 variables are exactly at the bounds
[job(1045): 2016-09-10 00:28:44] At iterate     0  f=      -6.3844  |proj g|=      0.11168
[job(1045): 2016-09-10 00:28:44] At iterate     1  f =       -6.396  |proj g|=      0.061154
[job(1045): 2016-09-10 00:28:44] At iterate     2  f =      -6.4091  |proj g|=       0.04686
[job(1045): 2016-09-10 00:28:44] At iterate     3  f =       -6.419  |proj g|=      0.048396
[job(1045): 2016-09-10 00:28:44] At iterate     4  f =      -6.4584  |proj g|=       0.13044
[job(1045): 2016-09-10 00:28:44] At iterate     5  f =      -6.5312  |proj g|=       0.21064
[job(1045): 2016-09-10 00:28:44] At iterate     6  f =      -6.6642  |proj g|=       0.26171
[job(1045): 2016-09-10 00:28:44] At iterate     7  f =      -6.7301  |proj g|=       0.16627
[job(1045): 2016-09-10 00:28:44] At iterate     8  f =      -6.7667  |proj g|=      0.037167
[job(1045): 2016-09-10 00:28:44] At iterate     9  f =      -6.7683  |proj g|=     0.0037327
[job(1045): 2016-09-10 00:28:44] At iterate    10  f =      -6.7683  |proj g|=    7.1372e-05
[job(1045): 2016-09-10 00:28:44] At iterate    11  f =      -6.7683  |proj g|=    1.4163e-07
[job(1045): 2016-09-10 00:28:44] 
[job(1045): 2016-09-10 00:28:44] iterations 11
[job(1045): 2016-09-10 00:28:44] function evaluations 12
[job(1045): 2016-09-10 00:28:44] segments explored during Cauchy searches 11
[job(1045): 2016-09-10 00:28:44] BFGS updates skipped 0
[job(1045): 2016-09-10 00:28:44] active bounds at final generalized Cauchy point 1
[job(1045): 2016-09-10 00:28:44] norm of the final projected gradient 1.41629e-07
[job(1045): 2016-09-10 00:28:44] final function value -6.76833
[job(1045): 2016-09-10 00:28:44] 
[job(1045): 2016-09-10 00:28:44] F = -6.76833
[job(1045): 2016-09-10 00:28:44] final  value -6.768331 
[job(1045): 2016-09-10 00:28:44] converged
[job(1045): 2016-09-10 00:28:44] [Tune-x] 10: C=0.188; sigma=0.339
[job(1045): 2016-09-10 00:28:44] [Tune-y] 10: acc.test.mean=0.894; time: 0.0 min; memory: 117Mb use, 160Mb max
[job(1045): 2016-09-10 00:28:44] 
[job(1045): 2016-09-10 00:28:44] optimisation start
[job(1045): 2016-09-10 00:28:44] ------------------
[job(1045): 2016-09-10 00:28:44] * estimation method   : MLE 
[job(1045): 2016-09-10 00:28:44] * optimisation method : BFGS 
[job(1045): 2016-09-10 00:28:44] * analytical gradient : used
[job(1045): 2016-09-10 00:28:44] * trend model : ~1
[job(1045): 2016-09-10 00:28:44] * covariance model : 
[job(1045): 2016-09-10 00:28:44]   - type :  matern5_2 
[job(1045): 2016-09-10 00:28:44]   - nugget : NO
[job(1045): 2016-09-10 00:28:44]   - parameters lower bounds :  1e-10 1e-10 
[job(1045): 2016-09-10 00:28:44]   - parameters upper bounds :  40.20819 41.09246 
[job(1045): 2016-09-10 00:28:44]   - best initial criterion value(s) :  6.839027 
[job(1045): 2016-09-10 00:28:44] 
[job(1045): 2016-09-10 00:28:44] N = 2, M = 5 machine precision = 2.22045e-16
[job(1045): 2016-09-10 00:28:44] At X0, 0 variables are exactly at the bounds
[job(1045): 2016-09-10 00:28:44] At iterate     0  f=       -6.839  |proj g|=      0.32091
[job(1045): 2016-09-10 00:28:44] At iterate     1  f =      -6.9309  |proj g|=       0.14588
[job(1045): 2016-09-10 00:28:44] At iterate     2  f =      -7.0043  |proj g|=       0.14142
[job(1045): 2016-09-10 00:28:44] At iterate     3  f =      -7.0991  |proj g|=       0.16733
[job(1045): 2016-09-10 00:28:44] At iterate     4  f =      -7.3288  |proj g|=       0.33638
[job(1045): 2016-09-10 00:28:44] At iterate     5  f =       -7.733  |proj g|=       0.45345
[job(1045): 2016-09-10 00:28:44] At iterate     6  f =      -8.3701  |proj g|=       0.41485
[job(1045): 2016-09-10 00:28:44] At iterate     7  f =      -8.7356  |proj g|=      0.032956
[job(1045): 2016-09-10 00:28:44] At iterate     8  f =      -8.8603  |proj g|=       0.19501
[job(1045): 2016-09-10 00:28:44] At iterate     9  f =      -8.8861  |proj g|=      0.022959
[job(1045): 2016-09-10 00:28:44] At iterate    10  f =      -8.8865  |proj g|=     0.0019019
[job(1045): 2016-09-10 00:28:44] At iterate    11  f =      -8.8865  |proj g|=    2.1612e-05
[job(1045): 2016-09-10 00:28:44] At iterate    12  f =      -8.8865  |proj g|=    2.0753e-08
[job(1045): 2016-09-10 00:28:44] 
[job(1045): 2016-09-10 00:28:44] iterations 12
[job(1045): 2016-09-10 00:28:44] function evaluations 14
[job(1045): 2016-09-10 00:28:44] segments explored during Cauchy searches 12
[job(1045): 2016-09-10 00:28:44] BFGS updates skipped 0
[job(1045): 2016-09-10 00:28:44] active bounds at final generalized Cauchy point 1
[job(1045): 2016-09-10 00:28:44] norm of the final projected gradient 2.0753e-08
[job(1045): 2016-09-10 00:28:44] final function value -8.88647
[job(1045): 2016-09-10 00:28:44] 
[job(1045): 2016-09-10 00:28:44] F = -8.88647
[job(1045): 2016-09-10 00:28:44] final  value -8.886468 
[job(1045): 2016-09-10 00:28:44] converged
[job(1045): 2016-09-10 00:28:44] [Tune-x] 11: C=0.538; sigma=0.208
[job(1045): 2016-09-10 00:28:44] [Tune-y] 11: acc.test.mean=0.91; time: 0.0 min; memory: 117Mb use, 160Mb max
[job(1045): 2016-09-10 00:28:44] 
[job(1045): 2016-09-10 00:28:44] optimisation start
[job(1045): 2016-09-10 00:28:44] ------------------
[job(1045): 2016-09-10 00:28:44] * estimation method   : MLE 
[job(1045): 2016-09-10 00:28:44] * optimisation method : BFGS 
[job(1045): 2016-09-10 00:28:44] * analytical gradient : used
[job(1045): 2016-09-10 00:28:44] * trend model : ~1
[job(1045): 2016-09-10 00:28:44] * covariance model : 
[job(1045): 2016-09-10 00:28:44]   - type :  matern5_2 
[job(1045): 2016-09-10 00:28:44]   - nugget : NO
[job(1045): 2016-09-10 00:28:44]   - parameters lower bounds :  1e-10 1e-10 
[job(1045): 2016-09-10 00:28:44]   - parameters upper bounds :  40.20819 41.09246 
[job(1045): 2016-09-10 00:28:44]   - best initial criterion value(s) :  11.61721 
[job(1045): 2016-09-10 00:28:44] 
[job(1045): 2016-09-10 00:28:44] N = 2, M = 5 machine precision = 2.22045e-16
[job(1045): 2016-09-10 00:28:44] At X0, 0 variables are exactly at the bounds
[job(1045): 2016-09-10 00:28:44] At iterate     0  f=      -11.617  |proj g|=     0.086992
[job(1045): 2016-09-10 00:28:44] At iterate     1  f =      -11.626  |proj g|=      0.086114
[job(1045): 2016-09-10 00:28:44] At iterate     2  f =      -11.692  |proj g|=       0.16457
[job(1045): 2016-09-10 00:28:44] At iterate     3  f =      -11.794  |proj g|=       0.31615
[job(1045): 2016-09-10 00:28:44] At iterate     4  f =      -12.093  |proj g|=        0.4891
[job(1045): 2016-09-10 00:28:44] At iterate     5  f =      -12.376  |proj g|=       0.30062
[job(1045): 2016-09-10 00:28:44] At iterate     6  f =      -12.428  |proj g|=      0.083659
[job(1045): 2016-09-10 00:28:44] At iterate     7  f =      -12.433  |proj g|=      0.009237
[job(1045): 2016-09-10 00:28:44] At iterate     8  f =      -12.433  |proj g|=    0.00033614
[job(1045): 2016-09-10 00:28:44] At iterate     9  f =      -12.433  |proj g|=    1.4258e-06
[job(1045): 2016-09-10 00:28:44] At iterate    10  f =      -12.433  |proj g|=     2.206e-10
[job(1045): 2016-09-10 00:28:44] 
[job(1045): 2016-09-10 00:28:44] iterations 10
[job(1045): 2016-09-10 00:28:44] function evaluations 11
[job(1045): 2016-09-10 00:28:44] segments explored during Cauchy searches 10
[job(1045): 2016-09-10 00:28:44] BFGS updates skipped 0
[job(1045): 2016-09-10 00:28:44] active bounds at final generalized Cauchy point 1
[job(1045): 2016-09-10 00:28:44] norm of the final projected gradient 2.20604e-10
[job(1045): 2016-09-10 00:28:44] final function value -12.4333
[job(1045): 2016-09-10 00:28:44] 
[job(1045): 2016-09-10 00:28:44] F = -12.4333
[job(1045): 2016-09-10 00:28:44] final  value -12.433308 
[job(1045): 2016-09-10 00:28:44] converged
[job(1045): 2016-09-10 00:28:44] [Tune-x] 12: C=1.59; sigma=0.213
[job(1045): 2016-09-10 00:28:44] [Tune-y] 12: acc.test.mean=0.825; time: 0.0 min; memory: 117Mb use, 160Mb max
[job(1045): 2016-09-10 00:28:44] 
[job(1045): 2016-09-10 00:28:44] optimisation start
[job(1045): 2016-09-10 00:28:44] ------------------
[job(1045): 2016-09-10 00:28:44] * estimation method   : MLE 
[job(1045): 2016-09-10 00:28:44] * optimisation method : BFGS 
[job(1045): 2016-09-10 00:28:44] * analytical gradient : used
[job(1045): 2016-09-10 00:28:44] * trend model : ~1
[job(1045): 2016-09-10 00:28:44] * covariance model : 
[job(1045): 2016-09-10 00:28:44]   - type :  matern5_2 
[job(1045): 2016-09-10 00:28:44]   - nugget : NO
[job(1045): 2016-09-10 00:28:44]   - parameters lower bounds :  1e-10 1e-10 
[job(1045): 2016-09-10 00:28:44]   - parameters upper bounds :  40.20819 41.09246 
[job(1045): 2016-09-10 00:28:44]   - best initial criterion value(s) :  8.85045 
[job(1045): 2016-09-10 00:28:44] 
[job(1045): 2016-09-10 00:28:44] N = 2, M = 5 machine precision = 2.22045e-16
[job(1045): 2016-09-10 00:28:44] At X0, 0 variables are exactly at the bounds
[job(1045): 2016-09-10 00:28:44] At iterate     0  f=      -8.8505  |proj g|=      0.37536
[job(1045): 2016-09-10 00:28:44] At iterate     1  f =      -9.0494  |proj g|=       0.30888
[job(1045): 2016-09-10 00:28:44] At iterate     2  f =      -9.4905  |proj g|=       0.12017
[job(1045): 2016-09-10 00:28:44] At iterate     3  f =      -9.5092  |proj g|=      0.052114
[job(1045): 2016-09-10 00:28:44] At iterate     4  f =      -9.5145  |proj g|=      0.010474
[job(1045): 2016-09-10 00:28:44] At iterate     5  f =      -9.5149  |proj g|=     0.0056856
[job(1045): 2016-09-10 00:28:44] At iterate     6  f =      -9.5149  |proj g|=    0.00044858
[job(1045): 2016-09-10 00:28:44] At iterate     7  f =      -9.5149  |proj g|=    1.3194e-06
[job(1045): 2016-09-10 00:28:44] At iterate     8  f =      -9.5149  |proj g|=    7.8815e-09
[job(1045): 2016-09-10 00:28:44] 
[job(1045): 2016-09-10 00:28:44] iterations 8
[job(1045): 2016-09-10 00:28:44] function evaluations 10
[job(1045): 2016-09-10 00:28:44] segments explored during Cauchy searches 8
[job(1045): 2016-09-10 00:28:44] BFGS updates skipped 0
[job(1045): 2016-09-10 00:28:44] active bounds at final generalized Cauchy point 0
[job(1045): 2016-09-10 00:28:44] norm of the final projected gradient 7.88152e-09
[job(1045): 2016-09-10 00:28:44] final function value -9.51493
[job(1045): 2016-09-10 00:28:44] 
[job(1045): 2016-09-10 00:28:44] F = -9.51493
[job(1045): 2016-09-10 00:28:44] final  value -9.514926 
[job(1045): 2016-09-10 00:28:44] converged
[job(1045): 2016-09-10 00:28:44] [Tune-x] 13: C=0.315; sigma=0.165
[job(1045): 2016-09-10 00:28:44] [Tune-y] 13: acc.test.mean=0.905; time: 0.0 min; memory: 117Mb use, 160Mb max
[job(1045): 2016-09-10 00:28:44] 
[job(1045): 2016-09-10 00:28:44] optimisation start
[job(1045): 2016-09-10 00:28:44] ------------------
[job(1045): 2016-09-10 00:28:44] * estimation method   : MLE 
[job(1045): 2016-09-10 00:28:44] * optimisation method : BFGS 
[job(1045): 2016-09-10 00:28:44] * analytical gradient : used
[job(1045): 2016-09-10 00:28:44] * trend model : ~1
[job(1045): 2016-09-10 00:28:44] * covariance model : 
[job(1045): 2016-09-10 00:28:44]   - type :  matern5_2 
[job(1045): 2016-09-10 00:28:44]   - nugget : NO
[job(1045): 2016-09-10 00:28:44]   - parameters lower bounds :  1e-10 1e-10 
[job(1045): 2016-09-10 00:28:44]   - parameters upper bounds :  40.20819 41.09246 
[job(1045): 2016-09-10 00:28:44]   - best initial criterion value(s) :  7.365886 
[job(1045): 2016-09-10 00:28:44] 
[job(1045): 2016-09-10 00:28:44] N = 2, M = 5 machine precision = 2.22045e-16
[job(1045): 2016-09-10 00:28:44] At X0, 0 variables are exactly at the bounds
[job(1045): 2016-09-10 00:28:44] At iterate     0  f=      -7.3659  |proj g|=      0.60904
[job(1045): 2016-09-10 00:28:44] At iterate     1  f =      -7.5986  |proj g|=      0.096842
[job(1045): 2016-09-10 00:28:44] At iterate     2  f =      -7.6127  |proj g|=      0.079212
[job(1045): 2016-09-10 00:28:44] At iterate     3  f =      -7.6248  |proj g|=        0.0778
[job(1045): 2016-09-10 00:28:44] At iterate     4  f =      -7.7195  |proj g|=       0.30778
[job(1045): 2016-09-10 00:28:44] At iterate     5  f =      -7.8954  |proj g|=       0.58751
[job(1045): 2016-09-10 00:28:44] At iterate     6  f =      -11.125  |proj g|=        0.4589
[job(1045): 2016-09-10 00:28:44] ys=-4.275e+00  -gs= 1.200e+00, BFGS update SKIPPED
[job(1045): 2016-09-10 00:28:44] At iterate     7  f =      -11.234  |proj g|=       0.48544
[job(1045): 2016-09-10 00:28:44] At iterate     8  f =      -11.341  |proj g|=       0.32467
[job(1045): 2016-09-10 00:28:44] At iterate     9  f =      -11.428  |proj g|=     0.0065683
[job(1045): 2016-09-10 00:28:44] At iterate    10  f =      -11.428  |proj g|=    0.00024074
[job(1045): 2016-09-10 00:28:44] At iterate    11  f =      -11.428  |proj g|=    4.9585e-07
[job(1045): 2016-09-10 00:28:44] At iterate    12  f =      -11.428  |proj g|=    2.3174e-09
[job(1045): 2016-09-10 00:28:44] 
[job(1045): 2016-09-10 00:28:44] iterations 12
[job(1045): 2016-09-10 00:28:44] function evaluations 25
[job(1045): 2016-09-10 00:28:44] segments explored during Cauchy searches 12
[job(1045): 2016-09-10 00:28:44] BFGS updates skipped 1
[job(1045): 2016-09-10 00:28:44] active bounds at final generalized Cauchy point 0
[job(1045): 2016-09-10 00:28:44] norm of the final projected gradient 2.3174e-09
[job(1045): 2016-09-10 00:28:44] final function value -11.4282
[job(1045): 2016-09-10 00:28:44] 
[job(1045): 2016-09-10 00:28:44] F = -11.4282
[job(1045): 2016-09-10 00:28:44] final  value -11.428168 
[job(1045): 2016-09-10 00:28:44] converged
[job(1045): 2016-09-10 00:28:44] [Tune-x] 14: C=0.417; sigma=0.237
[job(1045): 2016-09-10 00:28:44] [Tune-y] 14: acc.test.mean=0.921; time: 0.0 min; memory: 117Mb use, 160Mb max
[job(1045): 2016-09-10 00:28:44] 
[job(1045): 2016-09-10 00:28:44] optimisation start
[job(1045): 2016-09-10 00:28:44] ------------------
[job(1045): 2016-09-10 00:28:44] * estimation method   : MLE 
[job(1045): 2016-09-10 00:28:44] * optimisation method : BFGS 
[job(1045): 2016-09-10 00:28:44] * analytical gradient : used
[job(1045): 2016-09-10 00:28:44] * trend model : ~1
[job(1045): 2016-09-10 00:28:44] * covariance model : 
[job(1045): 2016-09-10 00:28:44]   - type :  matern5_2 
[job(1045): 2016-09-10 00:28:44]   - nugget : NO
[job(1045): 2016-09-10 00:28:44]   - parameters lower bounds :  1e-10 1e-10 
[job(1045): 2016-09-10 00:28:44]   - parameters upper bounds :  40.20819 41.09246 
[job(1045): 2016-09-10 00:28:44]   - best initial criterion value(s) :  4.002881 
[job(1045): 2016-09-10 00:28:44] 
[job(1045): 2016-09-10 00:28:44] N = 2, M = 5 machine precision = 2.22045e-16
[job(1045): 2016-09-10 00:28:44] At X0, 0 variables are exactly at the bounds
[job(1045): 2016-09-10 00:28:44] At iterate     0  f=      -4.0029  |proj g|=       8.9369
[job(1045): 2016-09-10 00:28:44] At iterate     1  f =      -8.7842  |proj g|=       0.81023
[job(1045): 2016-09-10 00:28:44] At iterate     2  f =      -14.916  |proj g|=       0.54167
[job(1045): 2016-09-10 00:28:44] At iterate     3  f =      -15.087  |proj g|=       0.45567
[job(1045): 2016-09-10 00:28:44] At iterate     4  f =      -15.311  |proj g|=        0.1581
[job(1045): 2016-09-10 00:28:44] At iterate     5  f =      -15.336  |proj g|=      0.046324
[job(1045): 2016-09-10 00:28:44] At iterate     6  f =      -15.337  |proj g|=      0.021143
[job(1045): 2016-09-10 00:28:44] At iterate     7  f =      -15.338  |proj g|=     0.0004182
[job(1045): 2016-09-10 00:28:44] At iterate     8  f =      -15.338  |proj g|=    3.7336e-06
[job(1045): 2016-09-10 00:28:44] At iterate     9  f =      -15.338  |proj g|=    6.1891e-08
[job(1045): 2016-09-10 00:28:44] 
[job(1045): 2016-09-10 00:28:44] iterations 9
[job(1045): 2016-09-10 00:28:44] function evaluations 18
[job(1045): 2016-09-10 00:28:44] segments explored during Cauchy searches 10
[job(1045): 2016-09-10 00:28:44] BFGS updates skipped 0
[job(1045): 2016-09-10 00:28:44] active bounds at final generalized Cauchy point 0
[job(1045): 2016-09-10 00:28:44] norm of the final projected gradient 6.18906e-08
[job(1045): 2016-09-10 00:28:44] final function value -15.3377
[job(1045): 2016-09-10 00:28:44] 
[job(1045): 2016-09-10 00:28:44] F = -15.3377
[job(1045): 2016-09-10 00:28:44] final  value -15.337677 
[job(1045): 2016-09-10 00:28:44] converged
[job(1045): 2016-09-10 00:28:44] [Tune-x] 15: C=0.377; sigma=0.251
[job(1045): 2016-09-10 00:28:44] [Tune-y] 15: acc.test.mean= 0.9; time: 0.0 min; memory: 117Mb use, 160Mb max
[job(1045): 2016-09-10 00:28:44] 
[job(1045): 2016-09-10 00:28:44] optimisation start
[job(1045): 2016-09-10 00:28:44] ------------------
[job(1045): 2016-09-10 00:28:44] * estimation method   : MLE 
[job(1045): 2016-09-10 00:28:44] * optimisation method : BFGS 
[job(1045): 2016-09-10 00:28:44] * analytical gradient : used
[job(1045): 2016-09-10 00:28:44] * trend model : ~1
[job(1045): 2016-09-10 00:28:44] * covariance model : 
[job(1045): 2016-09-10 00:28:44]   - type :  matern5_2 
[job(1045): 2016-09-10 00:28:44]   - nugget : NO
[job(1045): 2016-09-10 00:28:44]   - parameters lower bounds :  1e-10 1e-10 
[job(1045): 2016-09-10 00:28:44]   - parameters upper bounds :  40.20819 41.09246 
[job(1045): 2016-09-10 00:28:44]   - best initial criterion value(s) :  0.1953755 
[job(1045): 2016-09-10 00:28:44] 
[job(1045): 2016-09-10 00:28:44] N = 2, M = 5 machine precision = 2.22045e-16
[job(1045): 2016-09-10 00:28:44] At X0, 0 variables are exactly at the bounds
[job(1045): 2016-09-10 00:28:44] At iterate     0  f=     -0.19538  |proj g|=       7.8655
[job(1045): 2016-09-10 00:28:44] At iterate     1  f =       -4.481  |proj g|=        0.6436
[job(1045): 2016-09-10 00:28:44] At iterate     2  f =      -4.4862  |proj g|=       0.57313
[job(1045): 2016-09-10 00:28:44] At iterate     3  f =      -4.4938  |proj g|=         0.217
[job(1045): 2016-09-10 00:28:44] At iterate     4  f =      -4.4969  |proj g|=       0.21574
[job(1045): 2016-09-10 00:28:44] At iterate     5  f =      -4.5261  |proj g|=       0.69872
[job(1045): 2016-09-10 00:28:44] At iterate     6  f =      -4.5821  |proj g|=        1.1811
[job(1045): 2016-09-10 00:28:44] At iterate     7  f =      -4.7494  |proj g|=        1.2243
[job(1045): 2016-09-10 00:28:44] At iterate     8  f =      -5.1656  |proj g|=         1.275
[job(1045): 2016-09-10 00:28:44] At iterate     9  f =      -6.2157  |proj g|=        1.3135
[job(1045): 2016-09-10 00:28:44] At iterate    10  f =        -8.58  |proj g|=        1.4296
[job(1045): 2016-09-10 00:28:44] At iterate    11  f =      -8.5874  |proj g|=        1.2509
[job(1045): 2016-09-10 00:28:44] At iterate    12  f =      -9.0188  |proj g|=        1.4642
[job(1045): 2016-09-10 00:28:44] At iterate    13  f =      -9.3154  |proj g|=        2.6724
[job(1045): 2016-09-10 00:28:44] At iterate    14  f =      -9.8819  |proj g|=        1.9315
[job(1045): 2016-09-10 00:28:44] At iterate    15  f =      -10.665  |proj g|=        0.3232
[job(1045): 2016-09-10 00:28:44] At iterate    16  f =      -10.856  |proj g|=       0.16385
[job(1045): 2016-09-10 00:28:44] At iterate    17  f =      -10.945  |proj g|=      0.064566
[job(1045): 2016-09-10 00:28:44] At iterate    18  f =      -10.967  |proj g|=      0.021035
[job(1045): 2016-09-10 00:28:44] At iterate    19  f =      -10.968  |proj g|=        0.1096
[job(1045): 2016-09-10 00:28:44] At iterate    20  f =       -10.97  |proj g|=      0.016414
[job(1045): 2016-09-10 00:28:44] At iterate    21  f =      -10.971  |proj g|=    0.00024764
[job(1045): 2016-09-10 00:28:44] At iterate    22  f =      -10.971  |proj g|=    1.6192e-05
[job(1045): 2016-09-10 00:28:44] At iterate    23  f =      -10.971  |proj g|=    3.5912e-07
[job(1045): 2016-09-10 00:28:44] 
[job(1045): 2016-09-10 00:28:44] iterations 23
[job(1045): 2016-09-10 00:28:44] function evaluations 37
[job(1045): 2016-09-10 00:28:44] segments explored during Cauchy searches 23
[job(1045): 2016-09-10 00:28:44] BFGS updates skipped 0
[job(1045): 2016-09-10 00:28:44] active bounds at final generalized Cauchy point 0
[job(1045): 2016-09-10 00:28:44] norm of the final projected gradient 3.59123e-07
[job(1045): 2016-09-10 00:28:44] final function value -10.9705
[job(1045): 2016-09-10 00:28:44] 
[job(1045): 2016-09-10 00:28:44] F = -10.9705
[job(1045): 2016-09-10 00:28:44] final  value -10.970507 
[job(1045): 2016-09-10 00:28:44] converged
[job(1045): 2016-09-10 00:28:44] [Tune-x] 16: C=0.44; sigma=0.0573
[job(1045): 2016-09-10 00:28:44] [Tune-y] 16: acc.test.mean=0.888; time: 0.0 min; memory: 117Mb use, 160Mb max
[job(1045): 2016-09-10 00:28:44] 
[job(1045): 2016-09-10 00:28:44] optimisation start
[job(1045): 2016-09-10 00:28:44] ------------------
[job(1045): 2016-09-10 00:28:44] * estimation method   : MLE 
[job(1045): 2016-09-10 00:28:44] * optimisation method : BFGS 
[job(1045): 2016-09-10 00:28:44] * analytical gradient : used
[job(1045): 2016-09-10 00:28:44] * trend model : ~1
[job(1045): 2016-09-10 00:28:44] * covariance model : 
[job(1045): 2016-09-10 00:28:44]   - type :  matern5_2 
[job(1045): 2016-09-10 00:28:44]   - nugget : NO
[job(1045): 2016-09-10 00:28:44]   - parameters lower bounds :  1e-10 1e-10 
[job(1045): 2016-09-10 00:28:44]   - parameters upper bounds :  40.20819 41.09246 
[job(1045): 2016-09-10 00:28:44]   - best initial criterion value(s) :  8.675103 
[job(1045): 2016-09-10 00:28:44] 
[job(1045): 2016-09-10 00:28:44] N = 2, M = 5 machine precision = 2.22045e-16
[job(1045): 2016-09-10 00:28:44] At X0, 0 variables are exactly at the bounds
[job(1045): 2016-09-10 00:28:44] At iterate     0  f=      -8.6751  |proj g|=       1.9712
[job(1045): 2016-09-10 00:28:44] At iterate     1  f =      -10.184  |proj g|=        1.7088
[job(1045): 2016-09-10 00:28:44] At iterate     2  f =      -11.632  |proj g|=       0.82784
[job(1045): 2016-09-10 00:28:44] At iterate     3  f =      -11.661  |proj g|=       0.51386
[job(1045): 2016-09-10 00:28:44] At iterate     4  f =       -11.67  |proj g|=       0.22868
[job(1045): 2016-09-10 00:28:44] At iterate     5  f =      -11.677  |proj g|=        0.2361
[job(1045): 2016-09-10 00:28:44] At iterate     6  f =      -11.722  |proj g|=       0.63586
[job(1045): 2016-09-10 00:28:44] At iterate     7  f =       -11.81  |proj g|=        1.3595
[job(1045): 2016-09-10 00:28:44] At iterate     8  f =      -11.926  |proj g|=        1.4701
[job(1045): 2016-09-10 00:28:44] At iterate     9  f =      -12.033  |proj g|=         1.433
[job(1045): 2016-09-10 00:28:44] At iterate    10  f =      -12.139  |proj g|=       0.32258
[job(1045): 2016-09-10 00:28:44] At iterate    11  f =      -12.141  |proj g|=       0.05911
[job(1045): 2016-09-10 00:28:44] At iterate    12  f =      -12.143  |proj g|=      0.037126
[job(1045): 2016-09-10 00:28:44] At iterate    13  f =      -12.143  |proj g|=      0.014599
[job(1045): 2016-09-10 00:28:44] At iterate    14  f =      -12.143  |proj g|=     0.0002705
[job(1045): 2016-09-10 00:28:44] At iterate    15  f =      -12.143  |proj g|=    1.4509e-06
[job(1045): 2016-09-10 00:28:44] 
[job(1045): 2016-09-10 00:28:44] iterations 15
[job(1045): 2016-09-10 00:28:44] function evaluations 18
[job(1045): 2016-09-10 00:28:44] segments explored during Cauchy searches 16
[job(1045): 2016-09-10 00:28:44] BFGS updates skipped 0
[job(1045): 2016-09-10 00:28:44] active bounds at final generalized Cauchy point 0
[job(1045): 2016-09-10 00:28:44] norm of the final projected gradient 1.45091e-06
[job(1045): 2016-09-10 00:28:44] final function value -12.1431
[job(1045): 2016-09-10 00:28:44] 
[job(1045): 2016-09-10 00:28:44] F = -12.1431
[job(1045): 2016-09-10 00:28:44] final  value -12.143085 
[job(1045): 2016-09-10 00:28:44] converged
[job(1045): 2016-09-10 00:28:44] [Tune-x] 17: C=0.445; sigma=0.153
[job(1045): 2016-09-10 00:28:44] [Tune-y] 17: acc.test.mean=0.863; time: 0.0 min; memory: 117Mb use, 160Mb max
[job(1045): 2016-09-10 00:28:44] 
[job(1045): 2016-09-10 00:28:44] optimisation start
[job(1045): 2016-09-10 00:28:44] ------------------
[job(1045): 2016-09-10 00:28:44] * estimation method   : MLE 
[job(1045): 2016-09-10 00:28:44] * optimisation method : BFGS 
[job(1045): 2016-09-10 00:28:44] * analytical gradient : used
[job(1045): 2016-09-10 00:28:44] * trend model : ~1
[job(1045): 2016-09-10 00:28:44] * covariance model : 
[job(1045): 2016-09-10 00:28:44]   - type :  matern5_2 
[job(1045): 2016-09-10 00:28:44]   - nugget : NO
[job(1045): 2016-09-10 00:28:44]   - parameters lower bounds :  1e-10 1e-10 
[job(1045): 2016-09-10 00:28:44]   - parameters upper bounds :  40.20819 41.09246 
[job(1045): 2016-09-10 00:28:44]   - best initial criterion value(s) :  5.425275 
[job(1045): 2016-09-10 00:28:44] 
[job(1045): 2016-09-10 00:28:44] N = 2, M = 5 machine precision = 2.22045e-16
[job(1045): 2016-09-10 00:28:44] At X0, 0 variables are exactly at the bounds
[job(1045): 2016-09-10 00:28:44] At iterate     0  f=      -5.4253  |proj g|=       12.954
[job(1045): 2016-09-10 00:28:44] At iterate     1  f =      -8.0722  |proj g|=        1.2965
[job(1045): 2016-09-10 00:28:44] At iterate     2  f =      -8.5028  |proj g|=       0.68165
[job(1045): 2016-09-10 00:28:44] At iterate     3  f =      -8.5144  |proj g|=       0.25229
[job(1045): 2016-09-10 00:28:44] At iterate     4  f =      -8.5675  |proj g|=        0.4145
[job(1045): 2016-09-10 00:28:44] At iterate     5  f =      -8.9983  |proj g|=         1.185
[job(1045): 2016-09-10 00:28:44] At iterate     6  f =      -9.9765  |proj g|=        1.2479
[job(1045): 2016-09-10 00:28:44] At iterate     7  f =      -11.214  |proj g|=         1.214
[job(1045): 2016-09-10 00:28:44] At iterate     8  f =      -12.637  |proj g|=        1.0557
[job(1045): 2016-09-10 00:28:44] At iterate     9  f =      -13.601  |proj g|=       0.71748
[job(1045): 2016-09-10 00:28:44] At iterate    10  f =      -13.624  |proj g|=       0.10856
[job(1045): 2016-09-10 00:28:44] At iterate    11  f =      -13.624  |proj g|=      0.023472
[job(1045): 2016-09-10 00:28:44] At iterate    12  f =      -13.624  |proj g|=    9.0435e-05
[job(1045): 2016-09-10 00:28:44] At iterate    13  f =      -13.624  |proj g|=    1.5876e-05
[job(1045): 2016-09-10 00:28:44] 
[job(1045): 2016-09-10 00:28:44] iterations 13
[job(1045): 2016-09-10 00:28:44] function evaluations 20
[job(1045): 2016-09-10 00:28:44] segments explored during Cauchy searches 13
[job(1045): 2016-09-10 00:28:44] BFGS updates skipped 0
[job(1045): 2016-09-10 00:28:44] active bounds at final generalized Cauchy point 0
[job(1045): 2016-09-10 00:28:44] norm of the final projected gradient 1.58764e-05
[job(1045): 2016-09-10 00:28:44] final function value -13.6239
[job(1045): 2016-09-10 00:28:44] 
[job(1045): 2016-09-10 00:28:44] F = -13.6239
[job(1045): 2016-09-10 00:28:44] final  value -13.623922 
[job(1045): 2016-09-10 00:28:44] converged
[job(1045): 2016-09-10 00:28:44] [Tune-x] 18: C=0.0377; sigma=0.217
[job(1045): 2016-09-10 00:28:44] [Tune-y] 18: acc.test.mean=0.92; time: 0.0 min; memory: 117Mb use, 160Mb max
[job(1045): 2016-09-10 00:28:44] 
[job(1045): 2016-09-10 00:28:44] optimisation start
[job(1045): 2016-09-10 00:28:44] ------------------
[job(1045): 2016-09-10 00:28:44] * estimation method   : MLE 
[job(1045): 2016-09-10 00:28:44] * optimisation method : BFGS 
[job(1045): 2016-09-10 00:28:44] * analytical gradient : used
[job(1045): 2016-09-10 00:28:44] * trend model : ~1
[job(1045): 2016-09-10 00:28:44] * covariance model : 
[job(1045): 2016-09-10 00:28:44]   - type :  matern5_2 
[job(1045): 2016-09-10 00:28:44]   - nugget : NO
[job(1045): 2016-09-10 00:28:44]   - parameters lower bounds :  1e-10 1e-10 
[job(1045): 2016-09-10 00:28:44]   - parameters upper bounds :  40.20819 41.09246 
[job(1045): 2016-09-10 00:28:44]   - best initial criterion value(s) :  -4.655618 
[job(1045): 2016-09-10 00:28:44] 
[job(1045): 2016-09-10 00:28:44] N = 2, M = 5 machine precision = 2.22045e-16
[job(1045): 2016-09-10 00:28:44] At X0, 0 variables are exactly at the bounds
[job(1045): 2016-09-10 00:28:44] At iterate     0  f=       4.6556  |proj g|=      0.89148
[job(1045): 2016-09-10 00:28:44] At iterate     1  f =     0.065395  |proj g|=             0
[job(1045): 2016-09-10 00:28:44] 
[job(1045): 2016-09-10 00:28:44] iterations 1
[job(1045): 2016-09-10 00:28:44] function evaluations 2
[job(1045): 2016-09-10 00:28:44] segments explored during Cauchy searches 2
[job(1045): 2016-09-10 00:28:44] BFGS updates skipped 0
[job(1045): 2016-09-10 00:28:44] active bounds at final generalized Cauchy point 1
[job(1045): 2016-09-10 00:28:44] norm of the final projected gradient 0
[job(1045): 2016-09-10 00:28:44] final function value 0.0653948
[job(1045): 2016-09-10 00:28:44] 
[job(1045): 2016-09-10 00:28:44] F = 0.0653948
[job(1045): 2016-09-10 00:28:44] final  value 0.065395 
[job(1045): 2016-09-10 00:28:44] converged
[job(1045): 2016-09-10 00:28:44] [Tune-x] 19: C=1.31; sigma=0.027
[job(1045): 2016-09-10 00:28:44] [Tune-y] 19: acc.test.mean=0.868; time: 0.0 min; memory: 117Mb use, 160Mb max
[job(1045): 2016-09-10 00:28:44] 
[job(1045): 2016-09-10 00:28:44] optimisation start
[job(1045): 2016-09-10 00:28:44] ------------------
[job(1045): 2016-09-10 00:28:44] * estimation method   : MLE 
[job(1045): 2016-09-10 00:28:44] * optimisation method : BFGS 
[job(1045): 2016-09-10 00:28:44] * analytical gradient : used
[job(1045): 2016-09-10 00:28:44] * trend model : ~1
[job(1045): 2016-09-10 00:28:44] * covariance model : 
[job(1045): 2016-09-10 00:28:44]   - type :  matern5_2 
[job(1045): 2016-09-10 00:28:44]   - nugget : NO
[job(1045): 2016-09-10 00:28:44]   - parameters lower bounds :  1e-10 1e-10 
[job(1045): 2016-09-10 00:28:44]   - parameters upper bounds :  40.20819 41.09246 
[job(1045): 2016-09-10 00:28:44]   - best initial criterion value(s) :  13.66634 
[job(1045): 2016-09-10 00:28:44] 
[job(1045): 2016-09-10 00:28:44] N = 2, M = 5 machine precision = 2.22045e-16
[job(1045): 2016-09-10 00:28:44] At X0, 0 variables are exactly at the bounds
[job(1045): 2016-09-10 00:28:44] At iterate     0  f=      -13.666  |proj g|=      0.95159
[job(1045): 2016-09-10 00:28:44] At iterate     1  f =      -13.693  |proj g|=       0.69227
[job(1045): 2016-09-10 00:28:44] At iterate     2  f =      -13.724  |proj g|=        0.7176
[job(1045): 2016-09-10 00:28:44] At iterate     3  f =       -13.76  |proj g|=        1.2514
[job(1045): 2016-09-10 00:28:44] At iterate     4  f =      -13.895  |proj g|=        3.0081
[job(1045): 2016-09-10 00:28:44] At iterate     5  f =       -14.15  |proj g|=        4.9737
[job(1045): 2016-09-10 00:28:44] At iterate     6  f =      -14.602  |proj g|=        6.4765
[job(1045): 2016-09-10 00:28:44] At iterate     7  f =      -15.122  |proj g|=        4.5169
[job(1045): 2016-09-10 00:28:44] At iterate     8  f =      -15.329  |proj g|=       0.31054
[job(1045): 2016-09-10 00:28:44] At iterate     9  f =       -15.33  |proj g|=     0.0089779
[job(1045): 2016-09-10 00:28:44] At iterate    10  f =       -15.33  |proj g|=     2.471e-05
[job(1045): 2016-09-10 00:28:44] At iterate    11  f =       -15.33  |proj g|=    1.4273e-07
[job(1045): 2016-09-10 00:28:44] 
[job(1045): 2016-09-10 00:28:44] iterations 11
[job(1045): 2016-09-10 00:28:44] function evaluations 13
[job(1045): 2016-09-10 00:28:44] segments explored during Cauchy searches 12
[job(1045): 2016-09-10 00:28:44] BFGS updates skipped 0
[job(1045): 2016-09-10 00:28:44] active bounds at final generalized Cauchy point 0
[job(1045): 2016-09-10 00:28:44] norm of the final projected gradient 1.42732e-07
[job(1045): 2016-09-10 00:28:44] final function value -15.3301
[job(1045): 2016-09-10 00:28:44] 
[job(1045): 2016-09-10 00:28:44] F = -15.3301
[job(1045): 2016-09-10 00:28:44] final  value -15.330142 
[job(1045): 2016-09-10 00:28:44] converged
[job(1045): 2016-09-10 00:28:44] [Tune-x] 20: C=0.151; sigma=0.216
[job(1045): 2016-09-10 00:28:44] [Tune-y] 20: acc.test.mean=0.905; time: 0.0 min; memory: 117Mb use, 160Mb max
[job(1045): 2016-09-10 00:28:44] 
[job(1045): 2016-09-10 00:28:44] optimisation start
[job(1045): 2016-09-10 00:28:44] ------------------
[job(1045): 2016-09-10 00:28:44] * estimation method   : MLE 
[job(1045): 2016-09-10 00:28:44] * optimisation method : BFGS 
[job(1045): 2016-09-10 00:28:44] * analytical gradient : used
[job(1045): 2016-09-10 00:28:44] * trend model : ~1
[job(1045): 2016-09-10 00:28:44] * covariance model : 
[job(1045): 2016-09-10 00:28:44]   - type :  matern5_2 
[job(1045): 2016-09-10 00:28:44]   - nugget : NO
[job(1045): 2016-09-10 00:28:44]   - parameters lower bounds :  1e-10 1e-10 
[job(1045): 2016-09-10 00:28:44]   - parameters upper bounds :  40.20819 41.09246 
[job(1045): 2016-09-10 00:28:44]   - best initial criterion value(s) :  4.48373 
[job(1045): 2016-09-10 00:28:44] 
[job(1045): 2016-09-10 00:28:44] N = 2, M = 5 machine precision = 2.22045e-16
[job(1045): 2016-09-10 00:28:44] At X0, 0 variables are exactly at the bounds
[job(1045): 2016-09-10 00:28:44] At iterate     0  f=      -4.4837  |proj g|=       1.6665
[job(1045): 2016-09-10 00:28:44] At iterate     1  f =      -8.4635  |proj g|=        1.2759
[job(1045): 2016-09-10 00:28:44] At iterate     2  f =       -9.664  |proj g|=        5.0456
[job(1045): 2016-09-10 00:28:44] At iterate     3  f =      -10.251  |proj g|=        1.7294
[job(1045): 2016-09-10 00:28:44] At iterate     4  f =      -10.462  |proj g|=        1.6081
[job(1045): 2016-09-10 00:28:44] At iterate     5  f =      -11.096  |proj g|=         1.382
[job(1045): 2016-09-10 00:28:44] At iterate     6  f =      -13.154  |proj g|=        1.0175
[job(1045): 2016-09-10 00:28:44] At iterate     7  f =      -14.635  |proj g|=       0.87164
[job(1045): 2016-09-10 00:28:44] At iterate     8  f =       -14.81  |proj g|=       0.85112
[job(1045): 2016-09-10 00:28:44] At iterate     9  f =      -14.871  |proj g|=       0.89723
[job(1045): 2016-09-10 00:28:44] At iterate    10  f =      -14.881  |proj g|=      0.058555
[job(1045): 2016-09-10 00:28:44] At iterate    11  f =      -14.881  |proj g|=     0.0022965
[job(1045): 2016-09-10 00:28:44] At iterate    12  f =      -14.881  |proj g|=    7.9764e-05
[job(1045): 2016-09-10 00:28:44] At iterate    13  f =      -14.881  |proj g|=    1.0915e-06
[job(1045): 2016-09-10 00:28:44] 
[job(1045): 2016-09-10 00:28:44] iterations 13
[job(1045): 2016-09-10 00:28:44] function evaluations 16
[job(1045): 2016-09-10 00:28:44] segments explored during Cauchy searches 14
[job(1045): 2016-09-10 00:28:44] BFGS updates skipped 0
[job(1045): 2016-09-10 00:28:44] active bounds at final generalized Cauchy point 0
[job(1045): 2016-09-10 00:28:44] norm of the final projected gradient 1.09153e-06
[job(1045): 2016-09-10 00:28:44] final function value -14.8807
[job(1045): 2016-09-10 00:28:44] 
[job(1045): 2016-09-10 00:28:44] F = -14.8807
[job(1045): 2016-09-10 00:28:44] final  value -14.880722 
[job(1045): 2016-09-10 00:28:44] converged
[job(1045): 2016-09-10 00:28:44] [Tune-x] 21: C=0.0255; sigma=0.169
[job(1045): 2016-09-10 00:28:44] [Tune-y] 21: acc.test.mean=0.894; time: 0.0 min; memory: 117Mb use, 160Mb max
[job(1045): 2016-09-10 00:28:44] 
[job(1045): 2016-09-10 00:28:44] optimisation start
[job(1045): 2016-09-10 00:28:44] ------------------
[job(1045): 2016-09-10 00:28:44] * estimation method   : MLE 
[job(1045): 2016-09-10 00:28:44] * optimisation method : BFGS 
[job(1045): 2016-09-10 00:28:44] * analytical gradient : used
[job(1045): 2016-09-10 00:28:44] * trend model : ~1
[job(1045): 2016-09-10 00:28:44] * covariance model : 
[job(1045): 2016-09-10 00:28:44]   - type :  matern5_2 
[job(1045): 2016-09-10 00:28:44]   - nugget : NO
[job(1045): 2016-09-10 00:28:44]   - parameters lower bounds :  1e-10 1e-10 
[job(1045): 2016-09-10 00:28:44]   - parameters upper bounds :  40.20819 41.09246 
[job(1045): 2016-09-10 00:28:44]   - best initial criterion value(s) :  10.76515 
[job(1045): 2016-09-10 00:28:44] 
[job(1045): 2016-09-10 00:28:44] N = 2, M = 5 machine precision = 2.22045e-16
[job(1045): 2016-09-10 00:28:44] At X0, 0 variables are exactly at the bounds
[job(1045): 2016-09-10 00:28:44] At iterate     0  f=      -10.765  |proj g|=      0.39296
[job(1045): 2016-09-10 00:28:44] At iterate     1  f =      -11.161  |proj g|=       0.32504
[job(1045): 2016-09-10 00:28:44] At iterate     2  f =      -11.176  |proj g|=      0.088017
[job(1045): 2016-09-10 00:28:44] At iterate     3  f =      -11.176  |proj g|=      0.071807
[job(1045): 2016-09-10 00:28:44] At iterate     4  f =      -11.177  |proj g|=       0.23966
[job(1045): 2016-09-10 00:28:44] At iterate     5  f =      -11.179  |proj g|=        0.6187
[job(1045): 2016-09-10 00:28:44] At iterate     6  f =      -11.183  |proj g|=        1.4322
[job(1045): 2016-09-10 00:28:44] At iterate     7  f =      -11.193  |proj g|=          2.81
[job(1045): 2016-09-10 00:28:44] At iterate     8  f =      -11.212  |proj g|=        4.3366
[job(1045): 2016-09-10 00:28:44] At iterate     9  f =      -11.262  |proj g|=        6.2017
[job(1045): 2016-09-10 00:28:44] At iterate    10  f =      -11.349  |proj g|=        4.5802
[job(1045): 2016-09-10 00:28:44] At iterate    11  f =      -11.394  |proj g|=       0.29455
[job(1045): 2016-09-10 00:28:44] At iterate    12  f =      -11.394  |proj g|=      0.026594
[job(1045): 2016-09-10 00:28:44] At iterate    13  f =      -11.394  |proj g|=    0.00031564
[job(1045): 2016-09-10 00:28:44] At iterate    14  f =      -11.394  |proj g|=    1.9975e-06
[job(1045): 2016-09-10 00:28:44] 
[job(1045): 2016-09-10 00:28:44] iterations 14
[job(1045): 2016-09-10 00:28:44] function evaluations 19
[job(1045): 2016-09-10 00:28:44] segments explored during Cauchy searches 15
[job(1045): 2016-09-10 00:28:44] BFGS updates skipped 0
[job(1045): 2016-09-10 00:28:44] active bounds at final generalized Cauchy point 0
[job(1045): 2016-09-10 00:28:44] norm of the final projected gradient 1.99748e-06
[job(1045): 2016-09-10 00:28:44] final function value -11.3942
[job(1045): 2016-09-10 00:28:44] 
[job(1045): 2016-09-10 00:28:44] F = -11.3942
[job(1045): 2016-09-10 00:28:44] final  value -11.394233 
[job(1045): 2016-09-10 00:28:44] converged
[job(1045): 2016-09-10 00:28:44] [Tune-x] 22: C=0.101; sigma=0.192
[job(1045): 2016-09-10 00:28:44] [Tune-y] 22: acc.test.mean=0.899; time: 0.0 min; memory: 117Mb use, 167Mb max
[job(1045): 2016-09-10 00:28:44] 
[job(1045): 2016-09-10 00:28:44] optimisation start
[job(1045): 2016-09-10 00:28:44] ------------------
[job(1045): 2016-09-10 00:28:44] * estimation method   : MLE 
[job(1045): 2016-09-10 00:28:44] * optimisation method : BFGS 
[job(1045): 2016-09-10 00:28:44] * analytical gradient : used
[job(1045): 2016-09-10 00:28:44] * trend model : ~1
[job(1045): 2016-09-10 00:28:44] * covariance model : 
[job(1045): 2016-09-10 00:28:44]   - type :  matern5_2 
[job(1045): 2016-09-10 00:28:44]   - nugget : NO
[job(1045): 2016-09-10 00:28:44]   - parameters lower bounds :  1e-10 1e-10 
[job(1045): 2016-09-10 00:28:44]   - parameters upper bounds :  40.20819 41.09246 
[job(1045): 2016-09-10 00:28:44]   - best initial criterion value(s) :  10.91521 
[job(1045): 2016-09-10 00:28:44] 
[job(1045): 2016-09-10 00:28:44] N = 2, M = 5 machine precision = 2.22045e-16
[job(1045): 2016-09-10 00:28:44] At X0, 0 variables are exactly at the bounds
[job(1045): 2016-09-10 00:28:44] At iterate     0  f=      -10.915  |proj g|=       2.6739
[job(1045): 2016-09-10 00:28:44] At iterate     1  f =      -10.935  |proj g|=      0.031864
[job(1045): 2016-09-10 00:28:44] At iterate     2  f =      -10.935  |proj g|=      0.001436
[job(1045): 2016-09-10 00:28:44] At iterate     3  f =      -10.935  |proj g|=     0.0067212
[job(1045): 2016-09-10 00:28:44] At iterate     4  f =      -10.935  |proj g|=      0.025946
[job(1045): 2016-09-10 00:28:44] At iterate     5  f =      -10.935  |proj g|=      0.059661
[job(1045): 2016-09-10 00:28:44] At iterate     6  f =      -10.935  |proj g|=       0.10739
[job(1045): 2016-09-10 00:28:44] At iterate     7  f =      -10.935  |proj g|=       0.16764
[job(1045): 2016-09-10 00:28:44] At iterate     8  f =      -10.936  |proj g|=       0.20762
[job(1045): 2016-09-10 00:28:44] At iterate     9  f =      -10.936  |proj g|=        0.1364
[job(1045): 2016-09-10 00:28:44] At iterate    10  f =      -10.936  |proj g|=      0.020489
[job(1045): 2016-09-10 00:28:44] At iterate    11  f =      -10.936  |proj g|=     0.0011533
[job(1045): 2016-09-10 00:28:44] At iterate    12  f =      -10.936  |proj g|=    3.1408e-05
[job(1045): 2016-09-10 00:28:44] 
[job(1045): 2016-09-10 00:28:44] iterations 12
[job(1045): 2016-09-10 00:28:44] function evaluations 18
[job(1045): 2016-09-10 00:28:44] segments explored during Cauchy searches 12
[job(1045): 2016-09-10 00:28:44] BFGS updates skipped 0
[job(1045): 2016-09-10 00:28:44] active bounds at final generalized Cauchy point 0
[job(1045): 2016-09-10 00:28:44] norm of the final projected gradient 3.14078e-05
[job(1045): 2016-09-10 00:28:44] final function value -10.9358
[job(1045): 2016-09-10 00:28:44] 
[job(1045): 2016-09-10 00:28:44] F = -10.9358
[job(1045): 2016-09-10 00:28:44] final  value -10.935804 
[job(1045): 2016-09-10 00:28:44] converged
[job(1045): 2016-09-10 00:28:44] [Tune-x] 23: C=0.407; sigma=0.000244
[job(1045): 2016-09-10 00:28:44] [Tune-y] 23: acc.test.mean=0.307; time: 0.0 min; memory: 117Mb use, 167Mb max
[job(1045): 2016-09-10 00:28:44] 
[job(1045): 2016-09-10 00:28:44] optimisation start
[job(1045): 2016-09-10 00:28:44] ------------------
[job(1045): 2016-09-10 00:28:44] * estimation method   : MLE 
[job(1045): 2016-09-10 00:28:44] * optimisation method : BFGS 
[job(1045): 2016-09-10 00:28:44] * analytical gradient : used
[job(1045): 2016-09-10 00:28:44] * trend model : ~1
[job(1045): 2016-09-10 00:28:44] * covariance model : 
[job(1045): 2016-09-10 00:28:44]   - type :  matern5_2 
[job(1045): 2016-09-10 00:28:44]   - nugget : NO
[job(1045): 2016-09-10 00:28:44]   - parameters lower bounds :  1e-10 1e-10 
[job(1045): 2016-09-10 00:28:44]   - parameters upper bounds :  40.20819 43.58483 
[job(1045): 2016-09-10 00:28:44]   - best initial criterion value(s) :  -7.852824 
[job(1045): 2016-09-10 00:28:44] 
[job(1045): 2016-09-10 00:28:44] N = 2, M = 5 machine precision = 2.22045e-16
[job(1045): 2016-09-10 00:28:44] At X0, 0 variables are exactly at the bounds
[job(1045): 2016-09-10 00:28:44] At iterate     0  f=       7.8528  |proj g|=         1.31
[job(1045): 2016-09-10 00:28:44] At iterate     1  f =        -9.46  |proj g|=       0.40821
[job(1045): 2016-09-10 00:28:44] At iterate     2  f =      -9.4635  |proj g|=       0.40984
[job(1045): 2016-09-10 00:28:44] At iterate     3  f =      -9.6777  |proj g|=          5.09
[job(1045): 2016-09-10 00:28:44] At iterate     4  f =      -10.327  |proj g|=        13.709
[job(1045): 2016-09-10 00:28:44] At iterate     5  f =      -10.811  |proj g|=        11.869
[job(1045): 2016-09-10 00:28:44] At iterate     6  f =      -11.006  |proj g|=         3.583
[job(1045): 2016-09-10 00:28:44] At iterate     7  f =      -11.025  |proj g|=       0.56125
[job(1045): 2016-09-10 00:28:44] At iterate     8  f =      -11.027  |proj g|=      0.067027
[job(1045): 2016-09-10 00:28:44] At iterate     9  f =      -11.027  |proj g|=      0.044933
[job(1045): 2016-09-10 00:28:44] At iterate    10  f =      -11.027  |proj g|=     0.0015891
[job(1045): 2016-09-10 00:28:44] At iterate    11  f =      -11.027  |proj g|=    0.00012309
[job(1045): 2016-09-10 00:28:44] At iterate    12  f =      -11.027  |proj g|=    2.0422e-06
[job(1045): 2016-09-10 00:28:44] 
[job(1045): 2016-09-10 00:28:44] iterations 12
[job(1045): 2016-09-10 00:28:44] function evaluations 16
[job(1045): 2016-09-10 00:28:44] segments explored during Cauchy searches 13
[job(1045): 2016-09-10 00:28:44] BFGS updates skipped 0
[job(1045): 2016-09-10 00:28:44] active bounds at final generalized Cauchy point 0
[job(1045): 2016-09-10 00:28:44] norm of the final projected gradient 2.04221e-06
[job(1045): 2016-09-10 00:28:44] final function value -11.0271
[job(1045): 2016-09-10 00:28:44] 
[job(1045): 2016-09-10 00:28:44] F = -11.0271
[job(1045): 2016-09-10 00:28:44] final  value -11.027144 
[job(1045): 2016-09-10 00:28:44] converged
[job(1045): 2016-09-10 00:28:44] [Tune-x] 24: C=0.0315; sigma=0.238
[job(1045): 2016-09-10 00:28:44] [Tune-y] 24: acc.test.mean=0.915; time: 0.0 min; memory: 117Mb use, 167Mb max
[job(1045): 2016-09-10 00:28:44] 
[job(1045): 2016-09-10 00:28:44] optimisation start
[job(1045): 2016-09-10 00:28:44] ------------------
[job(1045): 2016-09-10 00:28:44] * estimation method   : MLE 
[job(1045): 2016-09-10 00:28:44] * optimisation method : BFGS 
[job(1045): 2016-09-10 00:28:44] * analytical gradient : used
[job(1045): 2016-09-10 00:28:44] * trend model : ~1
[job(1045): 2016-09-10 00:28:44] * covariance model : 
[job(1045): 2016-09-10 00:28:44]   - type :  matern5_2 
[job(1045): 2016-09-10 00:28:44]   - nugget : NO
[job(1045): 2016-09-10 00:28:44]   - parameters lower bounds :  1e-10 1e-10 
[job(1045): 2016-09-10 00:28:44]   - parameters upper bounds :  40.20819 43.58483 
[job(1045): 2016-09-10 00:28:44]   - best initial criterion value(s) :  0.6422684 
[job(1045): 2016-09-10 00:28:44] 
[job(1045): 2016-09-10 00:28:44] N = 2, M = 5 machine precision = 2.22045e-16
[job(1045): 2016-09-10 00:28:44] At X0, 0 variables are exactly at the bounds
[job(1045): 2016-09-10 00:28:44] At iterate     0  f=     -0.64227  |proj g|=       16.125
[job(1045): 2016-09-10 00:28:44] At iterate     1  f =      -3.1137  |proj g|=        2.7853
[job(1045): 2016-09-10 00:28:44] At iterate     2  f =      -8.8887  |proj g|=         0.817
[job(1045): 2016-09-10 00:28:44] At iterate     3  f =      -9.0017  |proj g|=       0.69443
[job(1045): 2016-09-10 00:28:44] At iterate     4  f =      -9.2721  |proj g|=        1.2928
[job(1045): 2016-09-10 00:28:44] At iterate     5  f =      -11.744  |proj g|=        16.005
[job(1045): 2016-09-10 00:28:44] At iterate     6  f =      -11.797  |proj g|=        15.906
[job(1045): 2016-09-10 00:28:44] At iterate     7  f =      -15.389  |proj g|=        8.1499
[job(1045): 2016-09-10 00:28:44] At iterate     8  f =      -16.762  |proj g|=       0.81718
[job(1045): 2016-09-10 00:28:44] At iterate     9  f =       -17.07  |proj g|=        1.0841
[job(1045): 2016-09-10 00:28:44] At iterate    10  f =       -17.48  |proj g|=        3.0059
[job(1045): 2016-09-10 00:28:44] At iterate    11  f =      -17.547  |proj g|=        3.3548
[job(1045): 2016-09-10 00:28:44] At iterate    12  f =      -18.074  |proj g|=        2.8222
[job(1045): 2016-09-10 00:28:44] At iterate    13  f =      -19.974  |proj g|=        2.1663
[job(1045): 2016-09-10 00:28:44] At iterate    14  f =      -20.374  |proj g|=        2.0838
[job(1045): 2016-09-10 00:28:44] At iterate    15  f =      -21.791  |proj g|=        2.2751
[job(1045): 2016-09-10 00:28:44] At iterate    16  f =      -22.239  |proj g|=       0.88502
[job(1045): 2016-09-10 00:28:44] At iterate    17  f =      -22.272  |proj g|=       0.30484
[job(1045): 2016-09-10 00:28:44] At iterate    18  f =      -22.274  |proj g|=      0.011032
[job(1045): 2016-09-10 00:28:44] At iterate    19  f =      -22.274  |proj g|=    7.1503e-05
[job(1045): 2016-09-10 00:28:44] At iterate    20  f =      -22.274  |proj g|=    4.1353e-07
[job(1045): 2016-09-10 00:28:44] 
[job(1045): 2016-09-10 00:28:44] iterations 20
[job(1045): 2016-09-10 00:28:44] function evaluations 44
[job(1045): 2016-09-10 00:28:44] segments explored during Cauchy searches 20
[job(1045): 2016-09-10 00:28:44] BFGS updates skipped 0
[job(1045): 2016-09-10 00:28:44] active bounds at final generalized Cauchy point 0
[job(1045): 2016-09-10 00:28:44] norm of the final projected gradient 4.1353e-07
[job(1045): 2016-09-10 00:28:44] final function value -22.2736
[job(1045): 2016-09-10 00:28:44] 
[job(1045): 2016-09-10 00:28:44] F = -22.2736
[job(1045): 2016-09-10 00:28:44] final  value -22.273624 
[job(1045): 2016-09-10 00:28:44] converged
[job(1045): 2016-09-10 00:28:44] [Tune-x] 25: C=0.0432; sigma=0.391
[job(1045): 2016-09-10 00:28:44] [Tune-y] 25: acc.test.mean=0.916; time: 0.0 min; memory: 117Mb use, 167Mb max
[job(1045): 2016-09-10 00:28:44] 
[job(1045): 2016-09-10 00:28:44] optimisation start
[job(1045): 2016-09-10 00:28:44] ------------------
[job(1045): 2016-09-10 00:28:44] * estimation method   : MLE 
[job(1045): 2016-09-10 00:28:44] * optimisation method : BFGS 
[job(1045): 2016-09-10 00:28:44] * analytical gradient : used
[job(1045): 2016-09-10 00:28:44] * trend model : ~1
[job(1045): 2016-09-10 00:28:44] * covariance model : 
[job(1045): 2016-09-10 00:28:44]   - type :  matern5_2 
[job(1045): 2016-09-10 00:28:44]   - nugget : NO
[job(1045): 2016-09-10 00:28:44]   - parameters lower bounds :  1e-10 1e-10 
[job(1045): 2016-09-10 00:28:44]   - parameters upper bounds :  40.20819 43.58483 
[job(1045): 2016-09-10 00:28:44]   - best initial criterion value(s) :  -5.657773 
[job(1045): 2016-09-10 00:28:44] 
[job(1045): 2016-09-10 00:28:44] N = 2, M = 5 machine precision = 2.22045e-16
[job(1045): 2016-09-10 00:28:44] At X0, 0 variables are exactly at the bounds
[job(1045): 2016-09-10 00:28:44] At iterate     0  f=       5.6578  |proj g|=       1.9403
[job(1045): 2016-09-10 00:28:44] At iterate     1  f =     -0.55548  |proj g|=             0
[job(1045): 2016-09-10 00:28:44] 
[job(1045): 2016-09-10 00:28:44] iterations 1
[job(1045): 2016-09-10 00:28:44] function evaluations 2
[job(1045): 2016-09-10 00:28:44] segments explored during Cauchy searches 2
[job(1045): 2016-09-10 00:28:44] BFGS updates skipped 0
[job(1045): 2016-09-10 00:28:44] active bounds at final generalized Cauchy point 1
[job(1045): 2016-09-10 00:28:44] norm of the final projected gradient 0
[job(1045): 2016-09-10 00:28:44] final function value -0.555479
[job(1045): 2016-09-10 00:28:44] 
[job(1045): 2016-09-10 00:28:44] F = -0.555479
[job(1045): 2016-09-10 00:28:44] final  value -0.555479 
[job(1045): 2016-09-10 00:28:44] converged
[job(1045): 2016-09-10 00:28:44] [Tune-x] 26: C=0.0428; sigma=0.683
[job(1045): 2016-09-10 00:28:44] [Tune-y] 26: acc.test.mean=0.905; time: 0.0 min; memory: 117Mb use, 167Mb max
[job(1045): 2016-09-10 00:28:44] 
[job(1045): 2016-09-10 00:28:44] optimisation start
[job(1045): 2016-09-10 00:28:44] ------------------
[job(1045): 2016-09-10 00:28:44] * estimation method   : MLE 
[job(1045): 2016-09-10 00:28:44] * optimisation method : BFGS 
[job(1045): 2016-09-10 00:28:44] * analytical gradient : used
[job(1045): 2016-09-10 00:28:44] * trend model : ~1
[job(1045): 2016-09-10 00:28:44] * covariance model : 
[job(1045): 2016-09-10 00:28:44]   - type :  matern5_2 
[job(1045): 2016-09-10 00:28:44]   - nugget : NO
[job(1045): 2016-09-10 00:28:44]   - parameters lower bounds :  1e-10 1e-10 
[job(1045): 2016-09-10 00:28:44]   - parameters upper bounds :  40.20819 43.58483 
[job(1045): 2016-09-10 00:28:44]   - best initial criterion value(s) :  -9.785798 
[job(1045): 2016-09-10 00:28:44] 
[job(1045): 2016-09-10 00:28:44] N = 2, M = 5 machine precision = 2.22045e-16
[job(1045): 2016-09-10 00:28:44] At X0, 0 variables are exactly at the bounds
[job(1045): 2016-09-10 00:28:44] At iterate     0  f=       9.7858  |proj g|=       3.3754
[job(1045): 2016-09-10 00:28:44] At iterate     1  f =     -0.88636  |proj g|=             0
[job(1045): 2016-09-10 00:28:44] 
[job(1045): 2016-09-10 00:28:44] iterations 1
[job(1045): 2016-09-10 00:28:44] function evaluations 2
[job(1045): 2016-09-10 00:28:44] segments explored during Cauchy searches 2
[job(1045): 2016-09-10 00:28:44] BFGS updates skipped 0
[job(1045): 2016-09-10 00:28:44] active bounds at final generalized Cauchy point 1
[job(1045): 2016-09-10 00:28:44] norm of the final projected gradient 0
[job(1045): 2016-09-10 00:28:44] final function value -0.886355
[job(1045): 2016-09-10 00:28:44] 
[job(1045): 2016-09-10 00:28:44] F = -0.886355
[job(1045): 2016-09-10 00:28:44] final  value -0.886355 
[job(1045): 2016-09-10 00:28:44] converged
[job(1045): 2016-09-10 00:28:44] [Tune-x] 27: C=0.000355; sigma=0.000524
[job(1045): 2016-09-10 00:28:44] [Tune-y] 27: acc.test.mean=0.291; time: 0.0 min; memory: 117Mb use, 167Mb max
[job(1045): 2016-09-10 00:28:44] 
[job(1045): 2016-09-10 00:28:44] optimisation start
[job(1045): 2016-09-10 00:28:44] ------------------
[job(1045): 2016-09-10 00:28:44] * estimation method   : MLE 
[job(1045): 2016-09-10 00:28:44] * optimisation method : BFGS 
[job(1045): 2016-09-10 00:28:44] * analytical gradient : used
[job(1045): 2016-09-10 00:28:44] * trend model : ~1
[job(1045): 2016-09-10 00:28:44] * covariance model : 
[job(1045): 2016-09-10 00:28:44]   - type :  matern5_2 
[job(1045): 2016-09-10 00:28:44]   - nugget : NO
[job(1045): 2016-09-10 00:28:44]   - parameters lower bounds :  1e-10 1e-10 
[job(1045): 2016-09-10 00:28:44]   - parameters upper bounds :  44.33408 43.58483 
[job(1045): 2016-09-10 00:28:44]   - best initial criterion value(s) :  8.669151 
[job(1045): 2016-09-10 00:28:44] 
[job(1045): 2016-09-10 00:28:44] N = 2, M = 5 machine precision = 2.22045e-16
[job(1045): 2016-09-10 00:28:44] At X0, 0 variables are exactly at the bounds
[job(1045): 2016-09-10 00:28:44] At iterate     0  f=      -8.6692  |proj g|=       2.0208
[job(1045): 2016-09-10 00:28:44] At iterate     1  f =      -22.473  |proj g|=        7.4981
[job(1045): 2016-09-10 00:28:44] At iterate     2  f =      -23.283  |proj g|=        1.7379
[job(1045): 2016-09-10 00:28:44] At iterate     3  f =       -23.82  |proj g|=        1.3513
[job(1045): 2016-09-10 00:28:44] At iterate     4  f =      -24.744  |proj g|=         2.338
[job(1045): 2016-09-10 00:28:44] At iterate     5  f =      -24.793  |proj g|=      0.050244
[job(1045): 2016-09-10 00:28:44] At iterate     6  f =      -24.794  |proj g|=      0.015627
[job(1045): 2016-09-10 00:28:44] At iterate     7  f =      -24.794  |proj g|=    0.00029766
[job(1045): 2016-09-10 00:28:44] At iterate     8  f =      -24.794  |proj g|=     1.243e-05
[job(1045): 2016-09-10 00:28:44] 
[job(1045): 2016-09-10 00:28:44] iterations 8
[job(1045): 2016-09-10 00:28:44] function evaluations 13
[job(1045): 2016-09-10 00:28:44] segments explored during Cauchy searches 9
[job(1045): 2016-09-10 00:28:44] BFGS updates skipped 0
[job(1045): 2016-09-10 00:28:44] active bounds at final generalized Cauchy point 0
[job(1045): 2016-09-10 00:28:44] norm of the final projected gradient 1.24299e-05
[job(1045): 2016-09-10 00:28:44] final function value -24.7935
[job(1045): 2016-09-10 00:28:44] 
[job(1045): 2016-09-10 00:28:44] F = -24.7935
[job(1045): 2016-09-10 00:28:44] final  value -24.793521 
[job(1045): 2016-09-10 00:28:44] converged
[job(1045): 2016-09-10 00:28:44] [Tune-x] 28: C=0.242; sigma=0.467
[job(1045): 2016-09-10 00:28:44] [Tune-y] 28: acc.test.mean=0.915; time: 0.0 min; memory: 117Mb use, 167Mb max
[job(1045): 2016-09-10 00:28:44] 
[job(1045): 2016-09-10 00:28:44] optimisation start
[job(1045): 2016-09-10 00:28:44] ------------------
[job(1045): 2016-09-10 00:28:44] * estimation method   : MLE 
[job(1045): 2016-09-10 00:28:44] * optimisation method : BFGS 
[job(1045): 2016-09-10 00:28:44] * analytical gradient : used
[job(1045): 2016-09-10 00:28:44] * trend model : ~1
[job(1045): 2016-09-10 00:28:44] * covariance model : 
[job(1045): 2016-09-10 00:28:44]   - type :  matern5_2 
[job(1045): 2016-09-10 00:28:44]   - nugget : NO
[job(1045): 2016-09-10 00:28:44]   - parameters lower bounds :  1e-10 1e-10 
[job(1045): 2016-09-10 00:28:44]   - parameters upper bounds :  44.33408 43.58483 
[job(1045): 2016-09-10 00:28:44]   - best initial criterion value(s) :  -16.99977 
[job(1045): 2016-09-10 00:28:44] 
[job(1045): 2016-09-10 00:28:44] N = 2, M = 5 machine precision = 2.22045e-16
[job(1045): 2016-09-10 00:28:44] At X0, 0 variables are exactly at the bounds
[job(1045): 2016-09-10 00:28:44] At iterate     0  f=           17  |proj g|=       3.5307
[job(1045): 2016-09-10 00:28:44] At iterate     1  f =      -21.581  |proj g|=        1.2804
[job(1045): 2016-09-10 00:28:44] ys=-4.746e+01  -gs= 1.812e+01, BFGS update SKIPPED
[job(1045): 2016-09-10 00:28:44] At iterate     2  f =      -24.099  |proj g|=        1.1301
[job(1045): 2016-09-10 00:28:44] At iterate     3  f =      -26.162  |proj g|=       0.68526
[job(1045): 2016-09-10 00:28:44] At iterate     4  f =      -26.167  |proj g|=       0.31265
[job(1045): 2016-09-10 00:28:44] At iterate     5  f =      -26.175  |proj g|=       0.27839
[job(1045): 2016-09-10 00:28:44] At iterate     6  f =      -26.211  |proj g|=       0.18914
[job(1045): 2016-09-10 00:28:44] At iterate     7  f =      -26.211  |proj g|=      0.010334
[job(1045): 2016-09-10 00:28:44] At iterate     8  f =      -26.211  |proj g|=    0.00044635
[job(1045): 2016-09-10 00:28:44] At iterate     9  f =      -26.211  |proj g|=    4.9533e-06
[job(1045): 2016-09-10 00:28:44] 
[job(1045): 2016-09-10 00:28:44] iterations 9
[job(1045): 2016-09-10 00:28:44] function evaluations 13
[job(1045): 2016-09-10 00:28:44] segments explored during Cauchy searches 10
[job(1045): 2016-09-10 00:28:44] BFGS updates skipped 1
[job(1045): 2016-09-10 00:28:44] active bounds at final generalized Cauchy point 0
[job(1045): 2016-09-10 00:28:44] norm of the final projected gradient 4.95329e-06
[job(1045): 2016-09-10 00:28:44] final function value -26.211
[job(1045): 2016-09-10 00:28:44] 
[job(1045): 2016-09-10 00:28:44] F = -26.211
[job(1045): 2016-09-10 00:28:44] final  value -26.210995 
[job(1045): 2016-09-10 00:28:44] converged
[job(1045): 2016-09-10 00:28:44] [Tune] Result: C=0.417; sigma=0.237 : acc.test.mean=-0.921
[job(1045): 2016-09-10 00:28:44] Job terminated successfully
[job(chunk): 2016-09-10 00:28:44] Calculation finished!
