[job(chunk): 2016-09-09 20:17:36] Starting calculation of 1 jobs
[job(chunk): 2016-09-09 20:17:36] Setting working directory to '/naslx/projects/pr74ze/ri89coc2/svm_comparison'
[job(chunk): 2016-09-09 20:17:36] Memory measurement disabled
[job(922): 2016-09-09 20:17:39] Starting job with job.id=922
[job(922): 2016-09-09 20:18:26] Generating problem instance for problem '1115' ...
[job(922): 2016-09-09 20:18:26] Data '1115' file 'description.xml' found in cache.
[job(922): 2016-09-09 20:18:26] Downloading from 'http://www.openml.org/data/download/53998/teachingAssistant.arff' to '/tmp/ri89coc2/Rtmp2xEJNT/cache/datasets/1115/dataset.arff'
[job(922): 2016-09-09 20:18:26] Loading required package: readr
[job(922): 2016-09-09 20:18:26] Applying algorithm 'kbb-svc.tuned' on problem '1115' ...
[job(922): 2016-09-09 20:18:26] Data '1115' file 'description.xml' found in cache.
[job(922): 2016-09-09 20:18:26] Data '1115' file 'dataset.arff' found in cache.
[job(922): 2016-09-09 20:18:26] [Tune] Started tuning learner kbb-svc for parameter set:
[job(922): 2016-09-09 20:18:26]          Type len Def    Constr Req Tunable Trafo
[job(922): 2016-09-09 20:18:26] C     numeric   -   - -12 to 12   -    TRUE     Y
[job(922): 2016-09-09 20:18:26] sigma numeric   -   - -12 to 12   -    TRUE     Y
[job(922): 2016-09-09 20:18:26] With control class: TuneControlMBO
[job(922): 2016-09-09 20:18:26] Imputation value: -0
[job(922): 2016-09-09 20:18:26] [Tune-x] 1: C=753; sigma=0.732
[job(922): 2016-09-09 20:18:26] [Tune-y] 1: acc.test.mean=0.573; time: 0.0 min; memory: 112Mb use, 155Mb max
[job(922): 2016-09-09 20:18:26] [Tune-x] 2: C=0.0248; sigma=0.0181
[job(922): 2016-09-09 20:18:26] [Tune-y] 2: acc.test.mean=0.294; time: 0.0 min; memory: 112Mb use, 155Mb max
[job(922): 2016-09-09 20:18:26] [Tune-x] 3: C=0.135; sigma=3.56e+03
[job(922): 2016-09-09 20:18:26] [Tune-y] 3: acc.test.mean=0.36; time: 0.0 min; memory: 112Mb use, 155Mb max
[job(922): 2016-09-09 20:18:26] [Tune-x] 4: C=72.1; sigma=5.98
[job(922): 2016-09-09 20:18:26] [Tune-y] 4: acc.test.mean=0.383; time: 0.0 min; memory: 112Mb use, 155Mb max
[job(922): 2016-09-09 20:18:26] [Tune-x] 5: C=0.00357; sigma=10.8
[job(922): 2016-09-09 20:18:26] [Tune-y] 5: acc.test.mean=0.294; time: 0.0 min; memory: 112Mb use, 155Mb max
[job(922): 2016-09-09 20:18:26] [Tune-x] 6: C=23.1; sigma=0.00298
[job(922): 2016-09-09 20:18:26] [Tune-y] 6: acc.test.mean=0.449; time: 0.0 min; memory: 112Mb use, 155Mb max
[job(922): 2016-09-09 20:18:26] [Tune-x] 7: C=0.000561; sigma=0.000662
[job(922): 2016-09-09 20:18:26] [Tune-y] 7: acc.test.mean=0.36; time: 0.0 min; memory: 112Mb use, 155Mb max
[job(922): 2016-09-09 20:18:26] [Tune-x] 8: C=1.96; sigma=86.9
[job(922): 2016-09-09 20:18:26] [Tune-y] 8: acc.test.mean=0.39; time: 0.0 min; memory: 112Mb use, 155Mb max
[job(922): 2016-09-09 20:18:26] 
[job(922): 2016-09-09 20:18:26] optimisation start
[job(922): 2016-09-09 20:18:26] ------------------
[job(922): 2016-09-09 20:18:26] * estimation method   : MLE 
[job(922): 2016-09-09 20:18:26] * optimisation method : BFGS 
[job(922): 2016-09-09 20:18:26] * analytical gradient : used
[job(922): 2016-09-09 20:18:26] * trend model : ~1
[job(922): 2016-09-09 20:18:26] * covariance model : 
[job(922): 2016-09-09 20:18:26]   - type :  matern5_2 
[job(922): 2016-09-09 20:18:26]   - nugget : NO
[job(922): 2016-09-09 20:18:26]   - parameters lower bounds :  1e-10 1e-10 
[job(922): 2016-09-09 20:18:26]   - parameters upper bounds :  40.71068 44.72066 
[job(922): 2016-09-09 20:18:26]   - best initial criterion value(s) :  8.646758 
[job(922): 2016-09-09 20:18:26] 
[job(922): 2016-09-09 20:18:26] N = 2, M = 5 machine precision = 2.22045e-16
[job(922): 2016-09-09 20:18:26] At X0, 0 variables are exactly at the bounds
[job(922): 2016-09-09 20:18:26] At iterate     0  f=      -8.6468  |proj g|=       0.3254
[job(922): 2016-09-09 20:18:26] At iterate     1  f =      -8.7223  |proj g|=       0.12744
[job(922): 2016-09-09 20:18:26] At iterate     2  f =      -8.7341  |proj g|=      0.013401
[job(922): 2016-09-09 20:18:26] At iterate     3  f =      -8.7343  |proj g|=     0.0014209
[job(922): 2016-09-09 20:18:26] At iterate     4  f =      -8.7343  |proj g|=     0.0014226
[job(922): 2016-09-09 20:18:26] At iterate     5  f =      -8.7343  |proj g|=     0.0035638
[job(922): 2016-09-09 20:18:26] At iterate     6  f =      -8.7344  |proj g|=     0.0075906
[job(922): 2016-09-09 20:18:26] At iterate     7  f =      -8.7345  |proj g|=      0.014907
[job(922): 2016-09-09 20:18:26] At iterate     8  f =       -8.735  |proj g|=      0.025568
[job(922): 2016-09-09 20:18:26] At iterate     9  f =      -8.7359  |proj g|=      0.040695
[job(922): 2016-09-09 20:18:26] At iterate    10  f =      -8.7381  |proj g|=      0.056995
[job(922): 2016-09-09 20:18:26] At iterate    11  f =      -8.7422  |proj g|=      0.056234
[job(922): 2016-09-09 20:18:26] At iterate    12  f =      -8.7443  |proj g|=     0.0056455
[job(922): 2016-09-09 20:18:26] At iterate    13  f =      -8.7443  |proj g|=    5.7439e-05
[job(922): 2016-09-09 20:18:26] At iterate    14  f =      -8.7443  |proj g|=    7.5479e-08
[job(922): 2016-09-09 20:18:26] 
[job(922): 2016-09-09 20:18:26] iterations 14
[job(922): 2016-09-09 20:18:26] function evaluations 16
[job(922): 2016-09-09 20:18:26] segments explored during Cauchy searches 14
[job(922): 2016-09-09 20:18:26] BFGS updates skipped 0
[job(922): 2016-09-09 20:18:26] active bounds at final generalized Cauchy point 1
[job(922): 2016-09-09 20:18:26] norm of the final projected gradient 7.54791e-08
[job(922): 2016-09-09 20:18:26] final function value -8.74434
[job(922): 2016-09-09 20:18:26] 
[job(922): 2016-09-09 20:18:26] F = -8.74434
[job(922): 2016-09-09 20:18:26] final  value -8.744336 
[job(922): 2016-09-09 20:18:26] converged
[job(922): 2016-09-09 20:18:26] [Tune-x] 9: C=830; sigma=0.466
[job(922): 2016-09-09 20:18:26] [Tune-y] 9: acc.test.mean=0.596; time: 0.0 min; memory: 116Mb use, 158Mb max
[job(922): 2016-09-09 20:18:26] 
[job(922): 2016-09-09 20:18:26] optimisation start
[job(922): 2016-09-09 20:18:26] ------------------
[job(922): 2016-09-09 20:18:26] * estimation method   : MLE 
[job(922): 2016-09-09 20:18:26] * optimisation method : BFGS 
[job(922): 2016-09-09 20:18:26] * analytical gradient : used
[job(922): 2016-09-09 20:18:26] * trend model : ~1
[job(922): 2016-09-09 20:18:26] * covariance model : 
[job(922): 2016-09-09 20:18:26]   - type :  matern5_2 
[job(922): 2016-09-09 20:18:26]   - nugget : NO
[job(922): 2016-09-09 20:18:26]   - parameters lower bounds :  1e-10 1e-10 
[job(922): 2016-09-09 20:18:26]   - parameters upper bounds :  40.99398 44.72066 
[job(922): 2016-09-09 20:18:26]   - best initial criterion value(s) :  10.68327 
[job(922): 2016-09-09 20:18:26] 
[job(922): 2016-09-09 20:18:26] N = 2, M = 5 machine precision = 2.22045e-16
[job(922): 2016-09-09 20:18:26] At X0, 0 variables are exactly at the bounds
[job(922): 2016-09-09 20:18:26] At iterate     0  f=      -10.683  |proj g|=      0.10004
[job(922): 2016-09-09 20:18:26] At iterate     1  f =      -10.693  |proj g|=      0.091265
[job(922): 2016-09-09 20:18:26] At iterate     2  f =      -10.746  |proj g|=      0.010683
[job(922): 2016-09-09 20:18:26] At iterate     3  f =      -10.747  |proj g|=      0.002428
[job(922): 2016-09-09 20:18:26] At iterate     4  f =      -10.747  |proj g|=    5.6277e-05
[job(922): 2016-09-09 20:18:26] At iterate     5  f =      -10.747  |proj g|=    8.6935e-07
[job(922): 2016-09-09 20:18:26] At iterate     6  f =      -10.747  |proj g|=    1.4727e-09
[job(922): 2016-09-09 20:18:26] 
[job(922): 2016-09-09 20:18:26] iterations 6
[job(922): 2016-09-09 20:18:26] function evaluations 7
[job(922): 2016-09-09 20:18:26] segments explored during Cauchy searches 6
[job(922): 2016-09-09 20:18:26] BFGS updates skipped 0
[job(922): 2016-09-09 20:18:26] active bounds at final generalized Cauchy point 0
[job(922): 2016-09-09 20:18:26] norm of the final projected gradient 1.47266e-09
[job(922): 2016-09-09 20:18:26] final function value -10.7474
[job(922): 2016-09-09 20:18:26] 
[job(922): 2016-09-09 20:18:26] F = -10.7474
[job(922): 2016-09-09 20:18:26] final  value -10.747375 
[job(922): 2016-09-09 20:18:26] converged
[job(922): 2016-09-09 20:18:26] [Tune-x] 10: C=1.25e+03; sigma=0.16
[job(922): 2016-09-09 20:18:26] [Tune-y] 10: acc.test.mean=0.462; time: 0.0 min; memory: 116Mb use, 164Mb max
[job(922): 2016-09-09 20:18:26] 
[job(922): 2016-09-09 20:18:26] optimisation start
[job(922): 2016-09-09 20:18:26] ------------------
[job(922): 2016-09-09 20:18:26] * estimation method   : MLE 
[job(922): 2016-09-09 20:18:26] * optimisation method : BFGS 
[job(922): 2016-09-09 20:18:26] * analytical gradient : used
[job(922): 2016-09-09 20:18:26] * trend model : ~1
[job(922): 2016-09-09 20:18:26] * covariance model : 
[job(922): 2016-09-09 20:18:26]   - type :  matern5_2 
[job(922): 2016-09-09 20:18:26]   - nugget : NO
[job(922): 2016-09-09 20:18:26]   - parameters lower bounds :  1e-10 1e-10 
[job(922): 2016-09-09 20:18:26]   - parameters upper bounds :  42.17153 44.72066 
[job(922): 2016-09-09 20:18:26]   - best initial criterion value(s) :  11.54481 
[job(922): 2016-09-09 20:18:26] 
[job(922): 2016-09-09 20:18:26] N = 2, M = 5 machine precision = 2.22045e-16
[job(922): 2016-09-09 20:18:26] At X0, 0 variables are exactly at the bounds
[job(922): 2016-09-09 20:18:26] At iterate     0  f=      -11.545  |proj g|=      0.21647
[job(922): 2016-09-09 20:18:26] At iterate     1  f =      -11.555  |proj g|=      0.008867
[job(922): 2016-09-09 20:18:26] At iterate     2  f =      -11.555  |proj g|=     0.0088481
[job(922): 2016-09-09 20:18:26] At iterate     3  f =      -11.557  |proj g|=       0.06246
[job(922): 2016-09-09 20:18:26] At iterate     4  f =      -11.562  |proj g|=       0.13406
[job(922): 2016-09-09 20:18:26] At iterate     5  f =      -11.576  |proj g|=       0.27101
[job(922): 2016-09-09 20:18:26] At iterate     6  f =      -11.628  |proj g|=       0.72263
[job(922): 2016-09-09 20:18:26] At iterate     7  f =      -11.638  |proj g|=       0.73007
[job(922): 2016-09-09 20:18:26] At iterate     8  f =       -11.88  |proj g|=       0.10715
[job(922): 2016-09-09 20:18:26] At iterate     9  f =      -11.884  |proj g|=        0.1508
[job(922): 2016-09-09 20:18:26] At iterate    10  f =      -11.912  |proj g|=        0.2156
[job(922): 2016-09-09 20:18:26] At iterate    11  f =      -11.945  |proj g|=      0.095561
[job(922): 2016-09-09 20:18:26] At iterate    12  f =      -11.962  |proj g|=       0.23215
[job(922): 2016-09-09 20:18:26] At iterate    13  f =      -11.971  |proj g|=       0.59741
[job(922): 2016-09-09 20:18:26] At iterate    14  f =       -11.99  |proj g|=       0.41114
[job(922): 2016-09-09 20:18:26] At iterate    15  f =      -11.993  |proj g|=      0.018535
[job(922): 2016-09-09 20:18:26] At iterate    16  f =      -11.996  |proj g|=      0.021933
[job(922): 2016-09-09 20:18:26] At iterate    17  f =      -12.002  |proj g|=        0.1654
[job(922): 2016-09-09 20:18:26] At iterate    18  f =      -12.005  |proj g|=      0.087464
[job(922): 2016-09-09 20:18:26] At iterate    19  f =      -12.007  |proj g|=      0.068347
[job(922): 2016-09-09 20:18:26] At iterate    20  f =      -12.009  |proj g|=      0.035141
[job(922): 2016-09-09 20:18:26] At iterate    21  f =       -12.01  |proj g|=       0.12222
[job(922): 2016-09-09 20:18:26] At iterate    22  f =      -12.011  |proj g|=       0.10011
[job(922): 2016-09-09 20:18:26] At iterate    23  f =      -12.012  |proj g|=     0.0088145
[job(922): 2016-09-09 20:18:26] At iterate    24  f =      -12.012  |proj g|=      0.048545
[job(922): 2016-09-09 20:18:26] At iterate    25  f =      -12.012  |proj g|=      0.049325
[job(922): 2016-09-09 20:18:26] At iterate    26  f =      -12.013  |proj g|=      0.021891
[job(922): 2016-09-09 20:18:26] At iterate    27  f =      -12.013  |proj g|=     0.0040901
[job(922): 2016-09-09 20:18:26] At iterate    28  f =      -12.013  |proj g|=     0.0081296
[job(922): 2016-09-09 20:18:26] At iterate    29  f =      -12.013  |proj g|=     1.875e-06
[job(922): 2016-09-09 20:18:26] At iterate    30  f =      -12.013  |proj g|=    7.8019e-11
[job(922): 2016-09-09 20:18:26] 
[job(922): 2016-09-09 20:18:26] iterations 30
[job(922): 2016-09-09 20:18:26] function evaluations 48
[job(922): 2016-09-09 20:18:26] segments explored during Cauchy searches 30
[job(922): 2016-09-09 20:18:26] BFGS updates skipped 0
[job(922): 2016-09-09 20:18:26] active bounds at final generalized Cauchy point 1
[job(922): 2016-09-09 20:18:26] norm of the final projected gradient 7.80194e-11
[job(922): 2016-09-09 20:18:26] final function value -12.0129
[job(922): 2016-09-09 20:18:26] 
[job(922): 2016-09-09 20:18:26] F = -12.0129
[job(922): 2016-09-09 20:18:26] final  value -12.012852 
[job(922): 2016-09-09 20:18:26] converged
[job(922): 2016-09-09 20:18:26] [Tune-x] 11: C=850; sigma=0.399
[job(922): 2016-09-09 20:18:26] [Tune-y] 11: acc.test.mean=0.566; time: 0.0 min; memory: 116Mb use, 164Mb max
[job(922): 2016-09-09 20:18:26] 
[job(922): 2016-09-09 20:18:26] optimisation start
[job(922): 2016-09-09 20:18:26] ------------------
[job(922): 2016-09-09 20:18:26] * estimation method   : MLE 
[job(922): 2016-09-09 20:18:26] * optimisation method : BFGS 
[job(922): 2016-09-09 20:18:26] * analytical gradient : used
[job(922): 2016-09-09 20:18:26] * trend model : ~1
[job(922): 2016-09-09 20:18:26] * covariance model : 
[job(922): 2016-09-09 20:18:26]   - type :  matern5_2 
[job(922): 2016-09-09 20:18:26]   - nugget : NO
[job(922): 2016-09-09 20:18:26]   - parameters lower bounds :  1e-10 1e-10 
[job(922): 2016-09-09 20:18:26]   - parameters upper bounds :  42.17153 44.72066 
[job(922): 2016-09-09 20:18:26]   - best initial criterion value(s) :  -9.75985 
[job(922): 2016-09-09 20:18:26] 
[job(922): 2016-09-09 20:18:26] N = 2, M = 5 machine precision = 2.22045e-16
[job(922): 2016-09-09 20:18:26] At X0, 0 variables are exactly at the bounds
[job(922): 2016-09-09 20:18:26] At iterate     0  f=       9.7599  |proj g|=       2.2505
[job(922): 2016-09-09 20:18:26] At iterate     1  f =       3.4411  |proj g|=        3.5026
[job(922): 2016-09-09 20:18:26] ys=-2.817e+00  -gs= 5.069e+00, BFGS update SKIPPED
[job(922): 2016-09-09 20:18:26] At iterate     2  f =      -13.634  |proj g|=        1.1967
[job(922): 2016-09-09 20:18:26] At iterate     3  f =      -13.758  |proj g|=       0.97433
[job(922): 2016-09-09 20:18:26] At iterate     4  f =      -13.798  |proj g|=      0.044603
[job(922): 2016-09-09 20:18:26] At iterate     5  f =      -13.798  |proj g|=     0.0021633
[job(922): 2016-09-09 20:18:26] At iterate     6  f =      -13.798  |proj g|=     0.0021619
[job(922): 2016-09-09 20:18:26] At iterate     7  f =      -13.798  |proj g|=      0.011521
[job(922): 2016-09-09 20:18:26] At iterate     8  f =      -13.798  |proj g|=      0.025579
[job(922): 2016-09-09 20:18:26] At iterate     9  f =      -13.798  |proj g|=      0.049655
[job(922): 2016-09-09 20:18:26] At iterate    10  f =      -13.798  |proj g|=      0.088413
[job(922): 2016-09-09 20:18:26] At iterate    11  f =      -13.799  |proj g|=       0.15404
[job(922): 2016-09-09 20:18:26] At iterate    12  f =      -13.801  |proj g|=         0.271
[job(922): 2016-09-09 20:18:26] At iterate    13  f =      -13.807  |proj g|=       0.51881
[job(922): 2016-09-09 20:18:26] At iterate    14  f =      -13.813  |proj g|=       0.77609
[job(922): 2016-09-09 20:18:26] At iterate    15  f =      -13.823  |proj g|=       0.79641
[job(922): 2016-09-09 20:18:26] At iterate    16  f =      -13.854  |proj g|=       0.19856
[job(922): 2016-09-09 20:18:26] At iterate    17  f =      -13.855  |proj g|=        0.1031
[job(922): 2016-09-09 20:18:26] At iterate    18  f =      -13.856  |proj g|=      0.011148
[job(922): 2016-09-09 20:18:26] At iterate    19  f =      -13.856  |proj g|=     0.0005398
[job(922): 2016-09-09 20:18:26] At iterate    20  f =      -13.856  |proj g|=    0.00015242
[job(922): 2016-09-09 20:18:26] At iterate    21  f =      -13.856  |proj g|=    7.6222e-06
[job(922): 2016-09-09 20:18:26] 
[job(922): 2016-09-09 20:18:26] iterations 21
[job(922): 2016-09-09 20:18:26] function evaluations 27
[job(922): 2016-09-09 20:18:26] segments explored during Cauchy searches 22
[job(922): 2016-09-09 20:18:26] BFGS updates skipped 1
[job(922): 2016-09-09 20:18:26] active bounds at final generalized Cauchy point 0
[job(922): 2016-09-09 20:18:26] norm of the final projected gradient 7.62218e-06
[job(922): 2016-09-09 20:18:26] final function value -13.8556
[job(922): 2016-09-09 20:18:26] 
[job(922): 2016-09-09 20:18:26] F = -13.8556
[job(922): 2016-09-09 20:18:26] final  value -13.855608 
[job(922): 2016-09-09 20:18:26] converged
[job(922): 2016-09-09 20:18:26] [Tune-x] 12: C=827; sigma=0.541
[job(922): 2016-09-09 20:18:26] [Tune-y] 12: acc.test.mean=0.485; time: 0.0 min; memory: 116Mb use, 164Mb max
[job(922): 2016-09-09 20:18:26] 
[job(922): 2016-09-09 20:18:26] optimisation start
[job(922): 2016-09-09 20:18:26] ------------------
[job(922): 2016-09-09 20:18:26] * estimation method   : MLE 
[job(922): 2016-09-09 20:18:26] * optimisation method : BFGS 
[job(922): 2016-09-09 20:18:26] * analytical gradient : used
[job(922): 2016-09-09 20:18:26] * trend model : ~1
[job(922): 2016-09-09 20:18:26] * covariance model : 
[job(922): 2016-09-09 20:18:26]   - type :  matern5_2 
[job(922): 2016-09-09 20:18:26]   - nugget : NO
[job(922): 2016-09-09 20:18:26]   - parameters lower bounds :  1e-10 1e-10 
[job(922): 2016-09-09 20:18:26]   - parameters upper bounds :  42.17153 44.72066 
[job(922): 2016-09-09 20:18:26]   - best initial criterion value(s) :  10.90687 
[job(922): 2016-09-09 20:18:26] 
[job(922): 2016-09-09 20:18:26] N = 2, M = 5 machine precision = 2.22045e-16
[job(922): 2016-09-09 20:18:26] At X0, 0 variables are exactly at the bounds
[job(922): 2016-09-09 20:18:26] At iterate     0  f=      -10.907  |proj g|=       10.012
[job(922): 2016-09-09 20:18:26] At iterate     1  f =      -11.953  |proj g|=       0.29633
[job(922): 2016-09-09 20:18:26] At iterate     2  f =      -11.982  |proj g|=        1.6964
[job(922): 2016-09-09 20:18:26] At iterate     3  f =      -11.995  |proj g|=      0.033602
[job(922): 2016-09-09 20:18:26] At iterate     4  f =      -11.995  |proj g|=    0.00051922
[job(922): 2016-09-09 20:18:26] At iterate     5  f =      -11.995  |proj g|=    0.00037008
[job(922): 2016-09-09 20:18:26] 
[job(922): 2016-09-09 20:18:26] iterations 5
[job(922): 2016-09-09 20:18:26] function evaluations 8
[job(922): 2016-09-09 20:18:26] segments explored during Cauchy searches 5
[job(922): 2016-09-09 20:18:26] BFGS updates skipped 0
[job(922): 2016-09-09 20:18:26] active bounds at final generalized Cauchy point 0
[job(922): 2016-09-09 20:18:26] norm of the final projected gradient 0.000370078
[job(922): 2016-09-09 20:18:26] final function value -11.9951
[job(922): 2016-09-09 20:18:26] 
[job(922): 2016-09-09 20:18:26] F = -11.9951
[job(922): 2016-09-09 20:18:26] final  value -11.995138 
[job(922): 2016-09-09 20:18:26] converged
[job(922): 2016-09-09 20:18:26] [Tune-x] 13: C=816; sigma=0.446
[job(922): 2016-09-09 20:18:26] [Tune-y] 13: acc.test.mean=0.523; time: 0.0 min; memory: 116Mb use, 164Mb max
[job(922): 2016-09-09 20:18:26] 
[job(922): 2016-09-09 20:18:26] optimisation start
[job(922): 2016-09-09 20:18:26] ------------------
[job(922): 2016-09-09 20:18:26] * estimation method   : MLE 
[job(922): 2016-09-09 20:18:26] * optimisation method : BFGS 
[job(922): 2016-09-09 20:18:26] * analytical gradient : used
[job(922): 2016-09-09 20:18:26] * trend model : ~1
[job(922): 2016-09-09 20:18:26] * covariance model : 
[job(922): 2016-09-09 20:18:26]   - type :  matern5_2 
[job(922): 2016-09-09 20:18:26]   - nugget : NO
[job(922): 2016-09-09 20:18:26]   - parameters lower bounds :  1e-10 1e-10 
[job(922): 2016-09-09 20:18:26]   - parameters upper bounds :  42.17153 44.72066 
[job(922): 2016-09-09 20:18:26]   - best initial criterion value(s) :  1.671126 
[job(922): 2016-09-09 20:18:26] 
[job(922): 2016-09-09 20:18:26] N = 2, M = 5 machine precision = 2.22045e-16
[job(922): 2016-09-09 20:18:26] At X0, 0 variables are exactly at the bounds
[job(922): 2016-09-09 20:18:26] At iterate     0  f=      -1.6711  |proj g|=      0.37739
[job(922): 2016-09-09 20:18:26] At iterate     1  f =      -11.562  |proj g|=             0
[job(922): 2016-09-09 20:18:26] 
[job(922): 2016-09-09 20:18:26] iterations 1
[job(922): 2016-09-09 20:18:26] function evaluations 2
[job(922): 2016-09-09 20:18:26] segments explored during Cauchy searches 2
[job(922): 2016-09-09 20:18:26] BFGS updates skipped 0
[job(922): 2016-09-09 20:18:26] active bounds at final generalized Cauchy point 1
[job(922): 2016-09-09 20:18:26] norm of the final projected gradient 0
[job(922): 2016-09-09 20:18:26] final function value -11.5619
[job(922): 2016-09-09 20:18:26] 
[job(922): 2016-09-09 20:18:26] F = -11.5619
[job(922): 2016-09-09 20:18:26] final  value -11.561894 
[job(922): 2016-09-09 20:18:26] converged
[job(922): 2016-09-09 20:18:26] [Tune-x] 14: C=294; sigma=0.553
[job(922): 2016-09-09 20:18:26] [Tune-y] 14: acc.test.mean=0.412; time: 0.0 min; memory: 116Mb use, 164Mb max
[job(922): 2016-09-09 20:18:26] 
[job(922): 2016-09-09 20:18:26] optimisation start
[job(922): 2016-09-09 20:18:26] ------------------
[job(922): 2016-09-09 20:18:26] * estimation method   : MLE 
[job(922): 2016-09-09 20:18:26] * optimisation method : BFGS 
[job(922): 2016-09-09 20:18:26] * analytical gradient : used
[job(922): 2016-09-09 20:18:26] * trend model : ~1
[job(922): 2016-09-09 20:18:26] * covariance model : 
[job(922): 2016-09-09 20:18:26]   - type :  matern5_2 
[job(922): 2016-09-09 20:18:26]   - nugget : NO
[job(922): 2016-09-09 20:18:26]   - parameters lower bounds :  1e-10 1e-10 
[job(922): 2016-09-09 20:18:26]   - parameters upper bounds :  42.17153 44.72066 
[job(922): 2016-09-09 20:18:26]   - best initial criterion value(s) :  -30.61553 
[job(922): 2016-09-09 20:18:26] 
[job(922): 2016-09-09 20:18:26] N = 2, M = 5 machine precision = 2.22045e-16
[job(922): 2016-09-09 20:18:26] At X0, 0 variables are exactly at the bounds
[job(922): 2016-09-09 20:18:26] At iterate     0  f=       30.616  |proj g|=       1.6403
[job(922): 2016-09-09 20:18:26] At iterate     1  f =      -12.928  |proj g|=             0
[job(922): 2016-09-09 20:18:26] 
[job(922): 2016-09-09 20:18:26] iterations 1
[job(922): 2016-09-09 20:18:26] function evaluations 2
[job(922): 2016-09-09 20:18:26] segments explored during Cauchy searches 2
[job(922): 2016-09-09 20:18:26] BFGS updates skipped 0
[job(922): 2016-09-09 20:18:26] active bounds at final generalized Cauchy point 1
[job(922): 2016-09-09 20:18:26] norm of the final projected gradient 0
[job(922): 2016-09-09 20:18:26] final function value -12.9278
[job(922): 2016-09-09 20:18:26] 
[job(922): 2016-09-09 20:18:26] F = -12.9278
[job(922): 2016-09-09 20:18:26] final  value -12.927801 
[job(922): 2016-09-09 20:18:26] converged
[job(922): 2016-09-09 20:18:26] [Tune-x] 15: C=0.024; sigma=0.0493
[job(922): 2016-09-09 20:18:26] [Tune-y] 15: acc.test.mean=0.317; time: 0.0 min; memory: 116Mb use, 164Mb max
[job(922): 2016-09-09 20:18:26] 
[job(922): 2016-09-09 20:18:26] optimisation start
[job(922): 2016-09-09 20:18:26] ------------------
[job(922): 2016-09-09 20:18:26] * estimation method   : MLE 
[job(922): 2016-09-09 20:18:26] * optimisation method : BFGS 
[job(922): 2016-09-09 20:18:26] * analytical gradient : used
[job(922): 2016-09-09 20:18:26] * trend model : ~1
[job(922): 2016-09-09 20:18:26] * covariance model : 
[job(922): 2016-09-09 20:18:26]   - type :  matern5_2 
[job(922): 2016-09-09 20:18:26]   - nugget : NO
[job(922): 2016-09-09 20:18:26]   - parameters lower bounds :  1e-10 1e-10 
[job(922): 2016-09-09 20:18:26]   - parameters upper bounds :  42.17153 44.72066 
[job(922): 2016-09-09 20:18:26]   - best initial criterion value(s) :  -4.089404 
[job(922): 2016-09-09 20:18:26] 
[job(922): 2016-09-09 20:18:26] N = 2, M = 5 machine precision = 2.22045e-16
[job(922): 2016-09-09 20:18:26] At X0, 0 variables are exactly at the bounds
[job(922): 2016-09-09 20:18:26] At iterate     0  f=       4.0894  |proj g|=      0.54363
[job(922): 2016-09-09 20:18:26] At iterate     1  f =      -13.605  |proj g|=             0
[job(922): 2016-09-09 20:18:26] 
[job(922): 2016-09-09 20:18:26] iterations 1
[job(922): 2016-09-09 20:18:26] function evaluations 2
[job(922): 2016-09-09 20:18:26] segments explored during Cauchy searches 2
[job(922): 2016-09-09 20:18:26] BFGS updates skipped 0
[job(922): 2016-09-09 20:18:26] active bounds at final generalized Cauchy point 1
[job(922): 2016-09-09 20:18:26] norm of the final projected gradient 0
[job(922): 2016-09-09 20:18:26] final function value -13.6051
[job(922): 2016-09-09 20:18:26] 
[job(922): 2016-09-09 20:18:26] F = -13.6051
[job(922): 2016-09-09 20:18:26] final  value -13.605129 
[job(922): 2016-09-09 20:18:26] converged
[job(922): 2016-09-09 20:18:26] [Tune-x] 16: C=199; sigma=1.47
[job(922): 2016-09-09 20:18:26] [Tune-y] 16: acc.test.mean=0.447; time: 0.0 min; memory: 116Mb use, 164Mb max
[job(922): 2016-09-09 20:18:26] 
[job(922): 2016-09-09 20:18:26] optimisation start
[job(922): 2016-09-09 20:18:26] ------------------
[job(922): 2016-09-09 20:18:26] * estimation method   : MLE 
[job(922): 2016-09-09 20:18:26] * optimisation method : BFGS 
[job(922): 2016-09-09 20:18:26] * analytical gradient : used
[job(922): 2016-09-09 20:18:26] * trend model : ~1
[job(922): 2016-09-09 20:18:26] * covariance model : 
[job(922): 2016-09-09 20:18:26]   - type :  matern5_2 
[job(922): 2016-09-09 20:18:26]   - nugget : NO
[job(922): 2016-09-09 20:18:26]   - parameters lower bounds :  1e-10 1e-10 
[job(922): 2016-09-09 20:18:26]   - parameters upper bounds :  42.17153 44.72066 
[job(922): 2016-09-09 20:18:26]   - best initial criterion value(s) :  -39.57516 
[job(922): 2016-09-09 20:18:26] 
[job(922): 2016-09-09 20:18:26] N = 2, M = 5 machine precision = 2.22045e-16
[job(922): 2016-09-09 20:18:26] At X0, 0 variables are exactly at the bounds
[job(922): 2016-09-09 20:18:26] At iterate     0  f=       39.575  |proj g|=       3.0048
[job(922): 2016-09-09 20:18:26] At iterate     1  f =      -15.015  |proj g|=             0
[job(922): 2016-09-09 20:18:26] 
[job(922): 2016-09-09 20:18:26] iterations 1
[job(922): 2016-09-09 20:18:26] function evaluations 2
[job(922): 2016-09-09 20:18:26] segments explored during Cauchy searches 2
[job(922): 2016-09-09 20:18:26] BFGS updates skipped 0
[job(922): 2016-09-09 20:18:26] active bounds at final generalized Cauchy point 1
[job(922): 2016-09-09 20:18:26] norm of the final projected gradient 0
[job(922): 2016-09-09 20:18:26] final function value -15.0148
[job(922): 2016-09-09 20:18:26] 
[job(922): 2016-09-09 20:18:26] F = -15.0148
[job(922): 2016-09-09 20:18:26] final  value -15.014754 
[job(922): 2016-09-09 20:18:26] converged
[job(922): 2016-09-09 20:18:26] [Tune-x] 17: C=0.00321; sigma=1.44
[job(922): 2016-09-09 20:18:26] [Tune-y] 17: acc.test.mean=0.301; time: 0.0 min; memory: 116Mb use, 164Mb max
[job(922): 2016-09-09 20:18:26] 
[job(922): 2016-09-09 20:18:26] optimisation start
[job(922): 2016-09-09 20:18:26] ------------------
[job(922): 2016-09-09 20:18:26] * estimation method   : MLE 
[job(922): 2016-09-09 20:18:26] * optimisation method : BFGS 
[job(922): 2016-09-09 20:18:26] * analytical gradient : used
[job(922): 2016-09-09 20:18:26] * trend model : ~1
[job(922): 2016-09-09 20:18:26] * covariance model : 
[job(922): 2016-09-09 20:18:26]   - type :  matern5_2 
[job(922): 2016-09-09 20:18:26]   - nugget : NO
[job(922): 2016-09-09 20:18:26]   - parameters lower bounds :  1e-10 1e-10 
[job(922): 2016-09-09 20:18:26]   - parameters upper bounds :  42.17153 44.72066 
[job(922): 2016-09-09 20:18:26]   - best initial criterion value(s) :  -26.02824 
[job(922): 2016-09-09 20:18:26] 
[job(922): 2016-09-09 20:18:26] N = 2, M = 5 machine precision = 2.22045e-16
[job(922): 2016-09-09 20:18:26] At X0, 0 variables are exactly at the bounds
[job(922): 2016-09-09 20:18:26] At iterate     0  f=       26.028  |proj g|=       2.0566
[job(922): 2016-09-09 20:18:26] At iterate     1  f =      -15.566  |proj g|=             0
[job(922): 2016-09-09 20:18:26] 
[job(922): 2016-09-09 20:18:26] iterations 1
[job(922): 2016-09-09 20:18:26] function evaluations 2
[job(922): 2016-09-09 20:18:26] segments explored during Cauchy searches 2
[job(922): 2016-09-09 20:18:26] BFGS updates skipped 0
[job(922): 2016-09-09 20:18:26] active bounds at final generalized Cauchy point 2
[job(922): 2016-09-09 20:18:26] norm of the final projected gradient 0
[job(922): 2016-09-09 20:18:26] final function value -15.5665
[job(922): 2016-09-09 20:18:26] 
[job(922): 2016-09-09 20:18:26] F = -15.5665
[job(922): 2016-09-09 20:18:26] final  value -15.566456 
[job(922): 2016-09-09 20:18:26] converged
[job(922): 2016-09-09 20:18:26] [Tune-x] 18: C=0.264; sigma=340
[job(922): 2016-09-09 20:18:26] [Tune-y] 18: acc.test.mean=0.36; time: 0.0 min; memory: 116Mb use, 164Mb max
[job(922): 2016-09-09 20:18:26] 
[job(922): 2016-09-09 20:18:26] optimisation start
[job(922): 2016-09-09 20:18:26] ------------------
[job(922): 2016-09-09 20:18:26] * estimation method   : MLE 
[job(922): 2016-09-09 20:18:26] * optimisation method : BFGS 
[job(922): 2016-09-09 20:18:26] * analytical gradient : used
[job(922): 2016-09-09 20:18:26] * trend model : ~1
[job(922): 2016-09-09 20:18:26] * covariance model : 
[job(922): 2016-09-09 20:18:26]   - type :  matern5_2 
[job(922): 2016-09-09 20:18:26]   - nugget : NO
[job(922): 2016-09-09 20:18:26]   - parameters lower bounds :  1e-10 1e-10 
[job(922): 2016-09-09 20:18:26]   - parameters upper bounds :  42.17153 44.72066 
[job(922): 2016-09-09 20:18:26]   - best initial criterion value(s) :  -23.26425 
[job(922): 2016-09-09 20:18:26] 
[job(922): 2016-09-09 20:18:26] N = 2, M = 5 machine precision = 2.22045e-16
[job(922): 2016-09-09 20:18:26] At X0, 0 variables are exactly at the bounds
[job(922): 2016-09-09 20:18:26] At iterate     0  f=       23.264  |proj g|=       0.7811
[job(922): 2016-09-09 20:18:26] At iterate     1  f =       -16.78  |proj g|=             0
[job(922): 2016-09-09 20:18:26] 
[job(922): 2016-09-09 20:18:26] iterations 1
[job(922): 2016-09-09 20:18:26] function evaluations 2
[job(922): 2016-09-09 20:18:26] segments explored during Cauchy searches 2
[job(922): 2016-09-09 20:18:26] BFGS updates skipped 0
[job(922): 2016-09-09 20:18:26] active bounds at final generalized Cauchy point 1
[job(922): 2016-09-09 20:18:26] norm of the final projected gradient 0
[job(922): 2016-09-09 20:18:26] final function value -16.7795
[job(922): 2016-09-09 20:18:26] 
[job(922): 2016-09-09 20:18:26] F = -16.7795
[job(922): 2016-09-09 20:18:26] final  value -16.779531 
[job(922): 2016-09-09 20:18:26] converged
[job(922): 2016-09-09 20:18:26] [Tune-x] 19: C=58.7; sigma=201
[job(922): 2016-09-09 20:18:26] [Tune-y] 19: acc.test.mean=0.361; time: 0.0 min; memory: 116Mb use, 164Mb max
[job(922): 2016-09-09 20:18:26] 
[job(922): 2016-09-09 20:18:26] optimisation start
[job(922): 2016-09-09 20:18:26] ------------------
[job(922): 2016-09-09 20:18:26] * estimation method   : MLE 
[job(922): 2016-09-09 20:18:26] * optimisation method : BFGS 
[job(922): 2016-09-09 20:18:26] * analytical gradient : used
[job(922): 2016-09-09 20:18:26] * trend model : ~1
[job(922): 2016-09-09 20:18:26] * covariance model : 
[job(922): 2016-09-09 20:18:26]   - type :  matern5_2 
[job(922): 2016-09-09 20:18:26]   - nugget : NO
[job(922): 2016-09-09 20:18:26]   - parameters lower bounds :  1e-10 1e-10 
[job(922): 2016-09-09 20:18:26]   - parameters upper bounds :  42.17153 44.72066 
[job(922): 2016-09-09 20:18:26]   - best initial criterion value(s) :  -66.16782 
[job(922): 2016-09-09 20:18:26] 
[job(922): 2016-09-09 20:18:26] N = 2, M = 5 machine precision = 2.22045e-16
[job(922): 2016-09-09 20:18:26] At X0, 0 variables are exactly at the bounds
[job(922): 2016-09-09 20:18:26] At iterate     0  f=       66.168  |proj g|=       1.5368
[job(922): 2016-09-09 20:18:26] At iterate     1  f =       62.453  |proj g|=        2.8503
[job(922): 2016-09-09 20:18:26] ys=-2.121e+00  -gs= 3.090e+00, BFGS update SKIPPED
[job(922): 2016-09-09 20:18:26] At iterate     2  f =      -18.028  |proj g|=    4.3582e-16
[job(922): 2016-09-09 20:18:26] Bad direction in the line search;
[job(922): 2016-09-09 20:18:26]    refresh the lbfgs memory and restart the iteration.
[job(922): 2016-09-09 20:18:26] Derivative >= 0, backtracking line search impossible.final  value -18.028425 
[job(922): 2016-09-09 20:18:26] stopped after 2 iterations
[job(922): 2016-09-09 20:18:26] [Tune-x] 20: C=0.0193; sigma=1.41
[job(922): 2016-09-09 20:18:26] [Tune-y] 20: acc.test.mean=0.324; time: 0.0 min; memory: 116Mb use, 164Mb max
[job(922): 2016-09-09 20:18:26] 
[job(922): 2016-09-09 20:18:26] optimisation start
[job(922): 2016-09-09 20:18:26] ------------------
[job(922): 2016-09-09 20:18:26] * estimation method   : MLE 
[job(922): 2016-09-09 20:18:26] * optimisation method : BFGS 
[job(922): 2016-09-09 20:18:26] * analytical gradient : used
[job(922): 2016-09-09 20:18:26] * trend model : ~1
[job(922): 2016-09-09 20:18:26] * covariance model : 
[job(922): 2016-09-09 20:18:26]   - type :  matern5_2 
[job(922): 2016-09-09 20:18:26]   - nugget : NO
[job(922): 2016-09-09 20:18:26]   - parameters lower bounds :  1e-10 1e-10 
[job(922): 2016-09-09 20:18:26]   - parameters upper bounds :  42.17153 44.72066 
[job(922): 2016-09-09 20:18:26]   - best initial criterion value(s) :  -31.48224 
[job(922): 2016-09-09 20:18:26] 
[job(922): 2016-09-09 20:18:26] N = 2, M = 5 machine precision = 2.22045e-16
[job(922): 2016-09-09 20:18:26] At X0, 0 variables are exactly at the bounds
[job(922): 2016-09-09 20:18:26] At iterate     0  f=       31.482  |proj g|=       1.2318
[job(922): 2016-09-09 20:18:26] At iterate     1  f =      -19.005  |proj g|=             0
[job(922): 2016-09-09 20:18:26] 
[job(922): 2016-09-09 20:18:26] iterations 1
[job(922): 2016-09-09 20:18:26] function evaluations 2
[job(922): 2016-09-09 20:18:26] segments explored during Cauchy searches 2
[job(922): 2016-09-09 20:18:26] BFGS updates skipped 0
[job(922): 2016-09-09 20:18:26] active bounds at final generalized Cauchy point 1
[job(922): 2016-09-09 20:18:26] norm of the final projected gradient 0
[job(922): 2016-09-09 20:18:26] final function value -19.0048
[job(922): 2016-09-09 20:18:26] 
[job(922): 2016-09-09 20:18:26] F = -19.0048
[job(922): 2016-09-09 20:18:26] final  value -19.004803 
[job(922): 2016-09-09 20:18:26] converged
[job(922): 2016-09-09 20:18:26] [Tune-x] 21: C=0.143; sigma=0.000512
[job(922): 2016-09-09 20:18:26] [Tune-y] 21: acc.test.mean=0.361; time: 0.0 min; memory: 116Mb use, 164Mb max
[job(922): 2016-09-09 20:18:26] 
[job(922): 2016-09-09 20:18:26] optimisation start
[job(922): 2016-09-09 20:18:26] ------------------
[job(922): 2016-09-09 20:18:26] * estimation method   : MLE 
[job(922): 2016-09-09 20:18:26] * optimisation method : BFGS 
[job(922): 2016-09-09 20:18:26] * analytical gradient : used
[job(922): 2016-09-09 20:18:26] * trend model : ~1
[job(922): 2016-09-09 20:18:26] * covariance model : 
[job(922): 2016-09-09 20:18:26]   - type :  matern5_2 
[job(922): 2016-09-09 20:18:26]   - nugget : NO
[job(922): 2016-09-09 20:18:26]   - parameters lower bounds :  1e-10 1e-10 
[job(922): 2016-09-09 20:18:26]   - parameters upper bounds :  42.17153 45.46268 
[job(922): 2016-09-09 20:18:26]   - best initial criterion value(s) :  7.023537 
[job(922): 2016-09-09 20:18:26] 
[job(922): 2016-09-09 20:18:26] N = 2, M = 5 machine precision = 2.22045e-16
[job(922): 2016-09-09 20:18:26] At X0, 0 variables are exactly at the bounds
[job(922): 2016-09-09 20:18:26] At iterate     0  f=      -7.0235  |proj g|=      0.39945
[job(922): 2016-09-09 20:18:26] At iterate     1  f =      -20.312  |proj g|=             0
[job(922): 2016-09-09 20:18:26] 
[job(922): 2016-09-09 20:18:26] iterations 1
[job(922): 2016-09-09 20:18:26] function evaluations 2
[job(922): 2016-09-09 20:18:26] segments explored during Cauchy searches 2
[job(922): 2016-09-09 20:18:26] BFGS updates skipped 0
[job(922): 2016-09-09 20:18:26] active bounds at final generalized Cauchy point 1
[job(922): 2016-09-09 20:18:26] norm of the final projected gradient 0
[job(922): 2016-09-09 20:18:26] final function value -20.3125
[job(922): 2016-09-09 20:18:26] 
[job(922): 2016-09-09 20:18:26] F = -20.3125
[job(922): 2016-09-09 20:18:26] final  value -20.312466 
[job(922): 2016-09-09 20:18:26] converged
[job(922): 2016-09-09 20:18:26] [Tune-x] 22: C=796; sigma=0.00172
[job(922): 2016-09-09 20:18:26] [Tune-y] 22: acc.test.mean=0.441; time: 0.0 min; memory: 116Mb use, 164Mb max
[job(922): 2016-09-09 20:18:26] 
[job(922): 2016-09-09 20:18:26] optimisation start
[job(922): 2016-09-09 20:18:26] ------------------
[job(922): 2016-09-09 20:18:26] * estimation method   : MLE 
[job(922): 2016-09-09 20:18:26] * optimisation method : BFGS 
[job(922): 2016-09-09 20:18:26] * analytical gradient : used
[job(922): 2016-09-09 20:18:26] * trend model : ~1
[job(922): 2016-09-09 20:18:26] * covariance model : 
[job(922): 2016-09-09 20:18:26]   - type :  matern5_2 
[job(922): 2016-09-09 20:18:26]   - nugget : NO
[job(922): 2016-09-09 20:18:26]   - parameters lower bounds :  1e-10 1e-10 
[job(922): 2016-09-09 20:18:26]   - parameters upper bounds :  42.17153 45.46268 
[job(922): 2016-09-09 20:18:26]   - best initial criterion value(s) :  -25.57763 
[job(922): 2016-09-09 20:18:26] 
[job(922): 2016-09-09 20:18:26] N = 2, M = 5 machine precision = 2.22045e-16
[job(922): 2016-09-09 20:18:26] At X0, 0 variables are exactly at the bounds
[job(922): 2016-09-09 20:18:26] At iterate     0  f=       25.578  |proj g|=      0.94605
[job(922): 2016-09-09 20:18:26] At iterate     1  f =      -21.736  |proj g|=             0
[job(922): 2016-09-09 20:18:26] 
[job(922): 2016-09-09 20:18:26] iterations 1
[job(922): 2016-09-09 20:18:26] function evaluations 2
[job(922): 2016-09-09 20:18:26] segments explored during Cauchy searches 2
[job(922): 2016-09-09 20:18:26] BFGS updates skipped 0
[job(922): 2016-09-09 20:18:26] active bounds at final generalized Cauchy point 1
[job(922): 2016-09-09 20:18:26] norm of the final projected gradient 0
[job(922): 2016-09-09 20:18:26] final function value -21.7361
[job(922): 2016-09-09 20:18:26] 
[job(922): 2016-09-09 20:18:26] F = -21.7361
[job(922): 2016-09-09 20:18:26] final  value -21.736065 
[job(922): 2016-09-09 20:18:26] converged
[job(922): 2016-09-09 20:18:26] [Tune-x] 23: C=0.0106; sigma=189
[job(922): 2016-09-09 20:18:26] [Tune-y] 23: acc.test.mean=0.36; time: 0.0 min; memory: 116Mb use, 172Mb max
[job(922): 2016-09-09 20:18:26] 
[job(922): 2016-09-09 20:18:26] optimisation start
[job(922): 2016-09-09 20:18:26] ------------------
[job(922): 2016-09-09 20:18:26] * estimation method   : MLE 
[job(922): 2016-09-09 20:18:26] * optimisation method : BFGS 
[job(922): 2016-09-09 20:18:26] * analytical gradient : used
[job(922): 2016-09-09 20:18:26] * trend model : ~1
[job(922): 2016-09-09 20:18:26] * covariance model : 
[job(922): 2016-09-09 20:18:26]   - type :  matern5_2 
[job(922): 2016-09-09 20:18:26]   - nugget : NO
[job(922): 2016-09-09 20:18:26]   - parameters lower bounds :  1e-10 1e-10 
[job(922): 2016-09-09 20:18:26]   - parameters upper bounds :  42.17153 45.46268 
[job(922): 2016-09-09 20:18:26]   - best initial criterion value(s) :  -33.00949 
[job(922): 2016-09-09 20:18:26] 
[job(922): 2016-09-09 20:18:26] N = 2, M = 5 machine precision = 2.22045e-16
[job(922): 2016-09-09 20:18:26] At X0, 0 variables are exactly at the bounds
[job(922): 2016-09-09 20:18:26] At iterate     0  f=       33.009  |proj g|=       1.1321
[job(922): 2016-09-09 20:18:26] At iterate     1  f =      -23.072  |proj g|=             0
[job(922): 2016-09-09 20:18:26] 
[job(922): 2016-09-09 20:18:26] iterations 1
[job(922): 2016-09-09 20:18:26] function evaluations 2
[job(922): 2016-09-09 20:18:26] segments explored during Cauchy searches 2
[job(922): 2016-09-09 20:18:26] BFGS updates skipped 0
[job(922): 2016-09-09 20:18:26] active bounds at final generalized Cauchy point 1
[job(922): 2016-09-09 20:18:26] norm of the final projected gradient 0
[job(922): 2016-09-09 20:18:26] final function value -23.0718
[job(922): 2016-09-09 20:18:26] 
[job(922): 2016-09-09 20:18:26] F = -23.0718
[job(922): 2016-09-09 20:18:26] final  value -23.071797 
[job(922): 2016-09-09 20:18:26] converged
[job(922): 2016-09-09 20:18:26] [Tune-x] 24: C=0.0043; sigma=0.00036
[job(922): 2016-09-09 20:18:26] [Tune-y] 24: acc.test.mean=0.272; time: 0.0 min; memory: 116Mb use, 172Mb max
[job(922): 2016-09-09 20:18:26] 
[job(922): 2016-09-09 20:18:26] optimisation start
[job(922): 2016-09-09 20:18:26] ------------------
[job(922): 2016-09-09 20:18:26] * estimation method   : MLE 
[job(922): 2016-09-09 20:18:26] * optimisation method : BFGS 
[job(922): 2016-09-09 20:18:26] * analytical gradient : used
[job(922): 2016-09-09 20:18:26] * trend model : ~1
[job(922): 2016-09-09 20:18:26] * covariance model : 
[job(922): 2016-09-09 20:18:26]   - type :  matern5_2 
[job(922): 2016-09-09 20:18:26]   - nugget : NO
[job(922): 2016-09-09 20:18:26]   - parameters lower bounds :  1e-10 1e-10 
[job(922): 2016-09-09 20:18:26]   - parameters upper bounds :  42.17153 46.47779 
[job(922): 2016-09-09 20:18:26]   - best initial criterion value(s) :  -84.3467 
[job(922): 2016-09-09 20:18:26] 
[job(922): 2016-09-09 20:18:26] N = 2, M = 5 machine precision = 2.22045e-16
[job(922): 2016-09-09 20:18:26] At X0, 0 variables are exactly at the bounds
[job(922): 2016-09-09 20:18:26] At iterate     0  f=       84.347  |proj g|=       4.9108
[job(922): 2016-09-09 20:18:26] At iterate     1  f =       40.686  |proj g|=        1.1946
[job(922): 2016-09-09 20:18:26] ys=-1.545e+02  -gs= 2.412e+01, BFGS update SKIPPED
[job(922): 2016-09-09 20:18:26] At iterate     2  f =      -23.441  |proj g|=             0
[job(922): 2016-09-09 20:18:26] 
[job(922): 2016-09-09 20:18:26] iterations 2
[job(922): 2016-09-09 20:18:26] function evaluations 3
[job(922): 2016-09-09 20:18:26] segments explored during Cauchy searches 3
[job(922): 2016-09-09 20:18:26] BFGS updates skipped 1
[job(922): 2016-09-09 20:18:26] active bounds at final generalized Cauchy point 1
[job(922): 2016-09-09 20:18:26] norm of the final projected gradient 0
[job(922): 2016-09-09 20:18:26] final function value -23.4408
[job(922): 2016-09-09 20:18:26] 
[job(922): 2016-09-09 20:18:26] F = -23.4408
[job(922): 2016-09-09 20:18:26] final  value -23.440803 
[job(922): 2016-09-09 20:18:26] converged
[job(922): 2016-09-09 20:18:26] [Tune-x] 25: C=455; sigma=1.26
[job(922): 2016-09-09 20:18:26] [Tune-y] 25: acc.test.mean=0.506; time: 0.0 min; memory: 116Mb use, 172Mb max
[job(922): 2016-09-09 20:18:26] 
[job(922): 2016-09-09 20:18:26] optimisation start
[job(922): 2016-09-09 20:18:26] ------------------
[job(922): 2016-09-09 20:18:26] * estimation method   : MLE 
[job(922): 2016-09-09 20:18:26] * optimisation method : BFGS 
[job(922): 2016-09-09 20:18:26] * analytical gradient : used
[job(922): 2016-09-09 20:18:26] * trend model : ~1
[job(922): 2016-09-09 20:18:26] * covariance model : 
[job(922): 2016-09-09 20:18:26]   - type :  matern5_2 
[job(922): 2016-09-09 20:18:26]   - nugget : NO
[job(922): 2016-09-09 20:18:26]   - parameters lower bounds :  1e-10 1e-10 
[job(922): 2016-09-09 20:18:26]   - parameters upper bounds :  42.17153 46.47779 
[job(922): 2016-09-09 20:18:26]   - best initial criterion value(s) :  -40.07996 
[job(922): 2016-09-09 20:18:26] 
[job(922): 2016-09-09 20:18:26] N = 2, M = 5 machine precision = 2.22045e-16
[job(922): 2016-09-09 20:18:26] At X0, 0 variables are exactly at the bounds
[job(922): 2016-09-09 20:18:26] At iterate     0  f=        40.08  |proj g|=       2.8663
[job(922): 2016-09-09 20:18:26] At iterate     1  f =      -24.313  |proj g|=             0
[job(922): 2016-09-09 20:18:26] 
[job(922): 2016-09-09 20:18:26] iterations 1
[job(922): 2016-09-09 20:18:26] function evaluations 2
[job(922): 2016-09-09 20:18:26] segments explored during Cauchy searches 2
[job(922): 2016-09-09 20:18:26] BFGS updates skipped 0
[job(922): 2016-09-09 20:18:26] active bounds at final generalized Cauchy point 2
[job(922): 2016-09-09 20:18:26] norm of the final projected gradient 0
[job(922): 2016-09-09 20:18:26] final function value -24.3127
[job(922): 2016-09-09 20:18:26] 
[job(922): 2016-09-09 20:18:26] F = -24.3127
[job(922): 2016-09-09 20:18:26] final  value -24.312682 
[job(922): 2016-09-09 20:18:26] converged
[job(922): 2016-09-09 20:18:26] [Tune-x] 26: C=20.2; sigma=312
[job(922): 2016-09-09 20:18:26] [Tune-y] 26: acc.test.mean=0.36; time: 0.0 min; memory: 116Mb use, 172Mb max
[job(922): 2016-09-09 20:18:26] 
[job(922): 2016-09-09 20:18:26] optimisation start
[job(922): 2016-09-09 20:18:26] ------------------
[job(922): 2016-09-09 20:18:26] * estimation method   : MLE 
[job(922): 2016-09-09 20:18:26] * optimisation method : BFGS 
[job(922): 2016-09-09 20:18:26] * analytical gradient : used
[job(922): 2016-09-09 20:18:26] * trend model : ~1
[job(922): 2016-09-09 20:18:26] * covariance model : 
[job(922): 2016-09-09 20:18:26]   - type :  matern5_2 
[job(922): 2016-09-09 20:18:26]   - nugget : NO
[job(922): 2016-09-09 20:18:26]   - parameters lower bounds :  1e-10 1e-10 
[job(922): 2016-09-09 20:18:26]   - parameters upper bounds :  42.17153 46.47779 
[job(922): 2016-09-09 20:18:26]   - best initial criterion value(s) :  -21.06162 
[job(922): 2016-09-09 20:18:26] 
[job(922): 2016-09-09 20:18:26] N = 2, M = 5 machine precision = 2.22045e-16
[job(922): 2016-09-09 20:18:26] At X0, 0 variables are exactly at the bounds
[job(922): 2016-09-09 20:18:26] At iterate     0  f=       21.062  |proj g|=      0.78449
[job(922): 2016-09-09 20:18:26] At iterate     1  f =      -25.658  |proj g|=             0
[job(922): 2016-09-09 20:18:26] 
[job(922): 2016-09-09 20:18:26] iterations 1
[job(922): 2016-09-09 20:18:26] function evaluations 2
[job(922): 2016-09-09 20:18:26] segments explored during Cauchy searches 2
[job(922): 2016-09-09 20:18:26] BFGS updates skipped 0
[job(922): 2016-09-09 20:18:26] active bounds at final generalized Cauchy point 1
[job(922): 2016-09-09 20:18:26] norm of the final projected gradient 0
[job(922): 2016-09-09 20:18:26] final function value -25.6578
[job(922): 2016-09-09 20:18:26] 
[job(922): 2016-09-09 20:18:26] F = -25.6578
[job(922): 2016-09-09 20:18:26] final  value -25.657755 
[job(922): 2016-09-09 20:18:26] converged
[job(922): 2016-09-09 20:18:26] [Tune-x] 27: C=0.41; sigma=0.0156
[job(922): 2016-09-09 20:18:26] [Tune-y] 27: acc.test.mean=0.353; time: 0.0 min; memory: 116Mb use, 172Mb max
[job(922): 2016-09-09 20:18:26] 
[job(922): 2016-09-09 20:18:26] optimisation start
[job(922): 2016-09-09 20:18:26] ------------------
[job(922): 2016-09-09 20:18:26] * estimation method   : MLE 
[job(922): 2016-09-09 20:18:26] * optimisation method : BFGS 
[job(922): 2016-09-09 20:18:26] * analytical gradient : used
[job(922): 2016-09-09 20:18:26] * trend model : ~1
[job(922): 2016-09-09 20:18:26] * covariance model : 
[job(922): 2016-09-09 20:18:26]   - type :  matern5_2 
[job(922): 2016-09-09 20:18:26]   - nugget : NO
[job(922): 2016-09-09 20:18:26]   - parameters lower bounds :  1e-10 1e-10 
[job(922): 2016-09-09 20:18:26]   - parameters upper bounds :  42.17153 46.47779 
[job(922): 2016-09-09 20:18:26]   - best initial criterion value(s) :  28.05665 
[job(922): 2016-09-09 20:18:26] 
[job(922): 2016-09-09 20:18:26] N = 2, M = 5 machine precision = 2.22045e-16
[job(922): 2016-09-09 20:18:26] At X0, 0 variables are exactly at the bounds
[job(922): 2016-09-09 20:18:26] At iterate     0  f=      -28.057  |proj g|=        41.85
[job(922): 2016-09-09 20:18:26] At iterate     1  f =      -29.444  |proj g|=        8.6147
[job(922): 2016-09-09 20:18:26] At iterate     2  f =      -29.522  |proj g|=      0.044665
[job(922): 2016-09-09 20:18:26] At iterate     3  f =      -29.523  |proj g|=       0.22591
[job(922): 2016-09-09 20:18:26] At iterate     4  f =      -29.525  |proj g|=       0.83833
[job(922): 2016-09-09 20:18:26] At iterate     5  f =      -29.531  |proj g|=        2.0905
[job(922): 2016-09-09 20:18:26] At iterate     6  f =      -29.544  |proj g|=        3.7132
[job(922): 2016-09-09 20:18:26] At iterate     7  f =      -29.573  |proj g|=        5.6429
[job(922): 2016-09-09 20:18:26] At iterate     8  f =      -29.618  |proj g|=        6.7022
[job(922): 2016-09-09 20:18:26] At iterate     9  f =      -29.682  |proj g|=        3.9544
[job(922): 2016-09-09 20:18:26] At iterate    10  f =      -29.699  |proj g|=        0.1239
[job(922): 2016-09-09 20:18:26] At iterate    11  f =      -29.699  |proj g|=      0.035493
[job(922): 2016-09-09 20:18:26] At iterate    12  f =      -29.699  |proj g|=       0.10065
[job(922): 2016-09-09 20:18:26] At iterate    13  f =      -29.699  |proj g|=      0.022731
[job(922): 2016-09-09 20:18:26] At iterate    14  f =      -29.699  |proj g|=    1.3484e-05
[job(922): 2016-09-09 20:18:26] At iterate    15  f =      -29.699  |proj g|=    6.3912e-08
[job(922): 2016-09-09 20:18:26] 
[job(922): 2016-09-09 20:18:26] iterations 15
[job(922): 2016-09-09 20:18:26] function evaluations 23
[job(922): 2016-09-09 20:18:26] segments explored during Cauchy searches 15
[job(922): 2016-09-09 20:18:26] BFGS updates skipped 0
[job(922): 2016-09-09 20:18:26] active bounds at final generalized Cauchy point 0
[job(922): 2016-09-09 20:18:26] norm of the final projected gradient 6.39119e-08
[job(922): 2016-09-09 20:18:26] final function value -29.6991
[job(922): 2016-09-09 20:18:26] 
[job(922): 2016-09-09 20:18:26] F = -29.6991
[job(922): 2016-09-09 20:18:26] final  value -29.699141 
[job(922): 2016-09-09 20:18:26] converged
[job(922): 2016-09-09 20:18:26] [Tune-x] 28: C=1.11e+03; sigma=0.479
[job(922): 2016-09-09 20:18:26] [Tune-y] 28: acc.test.mean=0.405; time: 0.0 min; memory: 116Mb use, 172Mb max
[job(922): 2016-09-09 20:18:26] 
[job(922): 2016-09-09 20:18:26] optimisation start
[job(922): 2016-09-09 20:18:26] ------------------
[job(922): 2016-09-09 20:18:26] * estimation method   : MLE 
[job(922): 2016-09-09 20:18:26] * optimisation method : BFGS 
[job(922): 2016-09-09 20:18:26] * analytical gradient : used
[job(922): 2016-09-09 20:18:26] * trend model : ~1
[job(922): 2016-09-09 20:18:26] * covariance model : 
[job(922): 2016-09-09 20:18:26]   - type :  matern5_2 
[job(922): 2016-09-09 20:18:26]   - nugget : NO
[job(922): 2016-09-09 20:18:26]   - parameters lower bounds :  1e-10 1e-10 
[job(922): 2016-09-09 20:18:26]   - parameters upper bounds :  42.17153 46.47779 
[job(922): 2016-09-09 20:18:26]   - best initial criterion value(s) :  -36.40333 
[job(922): 2016-09-09 20:18:26] 
[job(922): 2016-09-09 20:18:26] N = 2, M = 5 machine precision = 2.22045e-16
[job(922): 2016-09-09 20:18:26] At X0, 0 variables are exactly at the bounds
[job(922): 2016-09-09 20:18:26] At iterate     0  f=       36.403  |proj g|=       1.8368
[job(922): 2016-09-09 20:18:26] At iterate     1  f =      -28.489  |proj g|=             0
[job(922): 2016-09-09 20:18:26] 
[job(922): 2016-09-09 20:18:26] iterations 1
[job(922): 2016-09-09 20:18:26] function evaluations 2
[job(922): 2016-09-09 20:18:26] segments explored during Cauchy searches 2
[job(922): 2016-09-09 20:18:26] BFGS updates skipped 0
[job(922): 2016-09-09 20:18:26] active bounds at final generalized Cauchy point 2
[job(922): 2016-09-09 20:18:26] norm of the final projected gradient 0
[job(922): 2016-09-09 20:18:26] final function value -28.4885
[job(922): 2016-09-09 20:18:26] 
[job(922): 2016-09-09 20:18:26] F = -28.4885
[job(922): 2016-09-09 20:18:26] final  value -28.488541 
[job(922): 2016-09-09 20:18:26] converged
[job(922): 2016-09-09 20:18:26] [Tune] Result: C=830; sigma=0.466 : acc.test.mean=-0.596
[job(922): 2016-09-09 20:18:26] Job terminated successfully
[job(chunk): 2016-09-09 20:18:27] Calculation finished!
