[job(chunk): 2016-09-10 00:48:38] Starting calculation of 1 jobs
[job(chunk): 2016-09-10 00:48:38] Setting working directory to '/naslx/projects/pr74ze/ri89coc2/svm_comparison'
[job(chunk): 2016-09-10 00:48:38] Memory measurement disabled
[job(1323): 2016-09-10 00:48:40] Starting job with job.id=1323
[job(1323): 2016-09-10 00:49:44] Generating problem instance for problem '1552' ...
[job(1323): 2016-09-10 00:49:44] Downloading from 'http://www.openml.org/api/v1/data/1552' to '/tmp/ri89coc2/Rtmp2xEJNT/cache/datasets/1552/description.xml'.
[job(1323): 2016-09-10 00:49:44] Downloading from 'http://www.openml.org/data/download/1593748/phpmRPvKy' to '/tmp/ri89coc2/Rtmp2xEJNT/cache/datasets/1552/dataset.arff'
[job(1323): 2016-09-10 00:49:44] Loading required package: readr
[job(1323): 2016-09-10 00:49:44] Applying algorithm 'C-svc.tuned' on problem '1552' ...
[job(1323): 2016-09-10 00:49:44] Data '1552' file 'description.xml' found in cache.
[job(1323): 2016-09-10 00:49:44] Data '1552' file 'dataset.arff' found in cache.
[job(1323): 2016-09-10 00:49:44] [Tune] Started tuning learner C-svc for parameter set:
[job(1323): 2016-09-10 00:49:44]          Type len Def    Constr Req Tunable Trafo
[job(1323): 2016-09-10 00:49:44] C     numeric   -   - -12 to 12   -    TRUE     Y
[job(1323): 2016-09-10 00:49:44] sigma numeric   -   - -12 to 12   -    TRUE     Y
[job(1323): 2016-09-10 00:49:44] With control class: TuneControlMBO
[job(1323): 2016-09-10 00:49:44] Imputation value: -0
[job(1323): 2016-09-10 00:49:44] [Tune-x] 1: C=4.84; sigma=0.687
[job(1323): 2016-09-10 00:49:44] [Tune-y] 1: acc.test.mean=0.292; time: 0.0 min; memory: 113Mb use, 156Mb max
[job(1323): 2016-09-10 00:49:44] [Tune-x] 2: C=34.5; sigma=0.0204
[job(1323): 2016-09-10 00:49:44] [Tune-y] 2: acc.test.mean=0.353; time: 0.0 min; memory: 113Mb use, 156Mb max
[job(1323): 2016-09-10 00:49:44] [Tune-x] 3: C=0.0448; sigma=45.5
[job(1323): 2016-09-10 00:49:44] [Tune-y] 3: acc.test.mean=0.28; time: 0.0 min; memory: 113Mb use, 156Mb max
[job(1323): 2016-09-10 00:49:44] [Tune-x] 4: C=0.701; sigma=2.27
[job(1323): 2016-09-10 00:49:44] [Tune-y] 4: acc.test.mean=0.28; time: 0.0 min; memory: 113Mb use, 156Mb max
[job(1323): 2016-09-10 00:49:44] [Tune-x] 5: C=0.00182; sigma=106
[job(1323): 2016-09-10 00:49:44] [Tune-y] 5: acc.test.mean=0.28; time: 0.0 min; memory: 113Mb use, 156Mb max
[job(1323): 2016-09-10 00:49:44] [Tune-x] 6: C=112; sigma=0.00216
[job(1323): 2016-09-10 00:49:44] [Tune-y] 6: acc.test.mean=0.361; time: 0.0 min; memory: 113Mb use, 156Mb max
[job(1323): 2016-09-10 00:49:44] [Tune-x] 7: C=0.00282; sigma=0.000991
[job(1323): 2016-09-10 00:49:44] [Tune-y] 7: acc.test.mean=0.28; time: 0.0 min; memory: 113Mb use, 156Mb max
[job(1323): 2016-09-10 00:49:44] [Tune-x] 8: C=680; sigma=1.31e+03
[job(1323): 2016-09-10 00:49:44] [Tune-y] 8: acc.test.mean=0.28; time: 0.0 min; memory: 113Mb use, 156Mb max
[job(1323): 2016-09-10 00:49:44] 
[job(1323): 2016-09-10 00:49:44] optimisation start
[job(1323): 2016-09-10 00:49:44] ------------------
[job(1323): 2016-09-10 00:49:44] * estimation method   : MLE 
[job(1323): 2016-09-10 00:49:44] * optimisation method : BFGS 
[job(1323): 2016-09-10 00:49:44] * analytical gradient : used
[job(1323): 2016-09-10 00:49:44] * trend model : ~1
[job(1323): 2016-09-10 00:49:44] * covariance model : 
[job(1323): 2016-09-10 00:49:44]   - type :  matern5_2 
[job(1323): 2016-09-10 00:49:44]   - nugget : NO
[job(1323): 2016-09-10 00:49:44]   - parameters lower bounds :  1e-10 1e-10 
[job(1323): 2016-09-10 00:49:44]   - parameters upper bounds :  37.01919 40.67266 
[job(1323): 2016-09-10 00:49:44]   - best initial criterion value(s) :  19.36859 
[job(1323): 2016-09-10 00:49:44] 
[job(1323): 2016-09-10 00:49:44] N = 2, M = 5 machine precision = 2.22045e-16
[job(1323): 2016-09-10 00:49:44] At X0, 0 variables are exactly at the bounds
[job(1323): 2016-09-10 00:49:44] At iterate     0  f=      -19.369  |proj g|=      0.23855
[job(1323): 2016-09-10 00:49:44] At iterate     1  f =      -19.422  |proj g|=        0.2033
[job(1323): 2016-09-10 00:49:44] At iterate     2  f =      -19.552  |proj g|=      0.046369
[job(1323): 2016-09-10 00:49:44] At iterate     3  f =      -19.564  |proj g|=       0.03714
[job(1323): 2016-09-10 00:49:44] At iterate     4  f =      -19.581  |proj g|=      0.027422
[job(1323): 2016-09-10 00:49:44] At iterate     5  f =      -19.607  |proj g|=       0.04176
[job(1323): 2016-09-10 00:49:44] At iterate     6  f =      -19.613  |proj g|=      0.011298
[job(1323): 2016-09-10 00:49:44] At iterate     7  f =      -19.613  |proj g|=    0.00016639
[job(1323): 2016-09-10 00:49:44] At iterate     8  f =      -19.613  |proj g|=    4.1171e-06
[job(1323): 2016-09-10 00:49:44] At iterate     9  f =      -19.613  |proj g|=    3.4579e-07
[job(1323): 2016-09-10 00:49:44] 
[job(1323): 2016-09-10 00:49:44] iterations 9
[job(1323): 2016-09-10 00:49:44] function evaluations 10
[job(1323): 2016-09-10 00:49:44] segments explored during Cauchy searches 9
[job(1323): 2016-09-10 00:49:44] BFGS updates skipped 0
[job(1323): 2016-09-10 00:49:44] active bounds at final generalized Cauchy point 0
[job(1323): 2016-09-10 00:49:44] norm of the final projected gradient 3.45793e-07
[job(1323): 2016-09-10 00:49:44] final function value -19.6131
[job(1323): 2016-09-10 00:49:44] 
[job(1323): 2016-09-10 00:49:44] F = -19.6131
[job(1323): 2016-09-10 00:49:44] final  value -19.613058 
[job(1323): 2016-09-10 00:49:44] converged
[job(1323): 2016-09-10 00:49:44] [Tune-x] 9: C=205; sigma=0.00519
[job(1323): 2016-09-10 00:49:44] [Tune-y] 9: acc.test.mean=0.354; time: 0.0 min; memory: 117Mb use, 163Mb max
[job(1323): 2016-09-10 00:49:44] 
[job(1323): 2016-09-10 00:49:44] optimisation start
[job(1323): 2016-09-10 00:49:44] ------------------
[job(1323): 2016-09-10 00:49:44] * estimation method   : MLE 
[job(1323): 2016-09-10 00:49:44] * optimisation method : BFGS 
[job(1323): 2016-09-10 00:49:44] * analytical gradient : used
[job(1323): 2016-09-10 00:49:44] * trend model : ~1
[job(1323): 2016-09-10 00:49:44] * covariance model : 
[job(1323): 2016-09-10 00:49:44]   - type :  matern5_2 
[job(1323): 2016-09-10 00:49:44]   - nugget : NO
[job(1323): 2016-09-10 00:49:44]   - parameters lower bounds :  1e-10 1e-10 
[job(1323): 2016-09-10 00:49:44]   - parameters upper bounds :  37.01919 40.67266 
[job(1323): 2016-09-10 00:49:44]   - best initial criterion value(s) :  22.86074 
[job(1323): 2016-09-10 00:49:44] 
[job(1323): 2016-09-10 00:49:44] N = 2, M = 5 machine precision = 2.22045e-16
[job(1323): 2016-09-10 00:49:44] At X0, 0 variables are exactly at the bounds
[job(1323): 2016-09-10 00:49:44] At iterate     0  f=      -22.861  |proj g|=     0.098104
[job(1323): 2016-09-10 00:49:44] At iterate     1  f =       -22.87  |proj g|=      0.091346
[job(1323): 2016-09-10 00:49:44] At iterate     2  f =      -22.917  |proj g|=       0.05162
[job(1323): 2016-09-10 00:49:44] At iterate     3  f =      -22.927  |proj g|=       0.01267
[job(1323): 2016-09-10 00:49:44] At iterate     4  f =      -22.928  |proj g|=     0.0027349
[job(1323): 2016-09-10 00:49:44] At iterate     5  f =      -22.928  |proj g|=    0.00067012
[job(1323): 2016-09-10 00:49:44] At iterate     6  f =      -22.928  |proj g|=     7.775e-05
[job(1323): 2016-09-10 00:49:44] At iterate     7  f =      -22.928  |proj g|=    5.5662e-07
[job(1323): 2016-09-10 00:49:44] 
[job(1323): 2016-09-10 00:49:44] iterations 7
[job(1323): 2016-09-10 00:49:44] function evaluations 8
[job(1323): 2016-09-10 00:49:44] segments explored during Cauchy searches 7
[job(1323): 2016-09-10 00:49:44] BFGS updates skipped 0
[job(1323): 2016-09-10 00:49:44] active bounds at final generalized Cauchy point 0
[job(1323): 2016-09-10 00:49:44] norm of the final projected gradient 5.56625e-07
[job(1323): 2016-09-10 00:49:44] final function value -22.9278
[job(1323): 2016-09-10 00:49:44] 
[job(1323): 2016-09-10 00:49:44] F = -22.9278
[job(1323): 2016-09-10 00:49:44] final  value -22.927772 
[job(1323): 2016-09-10 00:49:44] converged
[job(1323): 2016-09-10 00:49:44] [Tune-x] 10: C=38.4; sigma=0.00202
[job(1323): 2016-09-10 00:49:44] [Tune-y] 10: acc.test.mean=0.344; time: 0.0 min; memory: 117Mb use, 163Mb max
[job(1323): 2016-09-10 00:49:44] 
[job(1323): 2016-09-10 00:49:44] optimisation start
[job(1323): 2016-09-10 00:49:44] ------------------
[job(1323): 2016-09-10 00:49:44] * estimation method   : MLE 
[job(1323): 2016-09-10 00:49:44] * optimisation method : BFGS 
[job(1323): 2016-09-10 00:49:44] * analytical gradient : used
[job(1323): 2016-09-10 00:49:44] * trend model : ~1
[job(1323): 2016-09-10 00:49:44] * covariance model : 
[job(1323): 2016-09-10 00:49:44]   - type :  matern5_2 
[job(1323): 2016-09-10 00:49:44]   - nugget : NO
[job(1323): 2016-09-10 00:49:44]   - parameters lower bounds :  1e-10 1e-10 
[job(1323): 2016-09-10 00:49:44]   - parameters upper bounds :  37.01919 40.67266 
[job(1323): 2016-09-10 00:49:44]   - best initial criterion value(s) :  23.77792 
[job(1323): 2016-09-10 00:49:44] 
[job(1323): 2016-09-10 00:49:44] N = 2, M = 5 machine precision = 2.22045e-16
[job(1323): 2016-09-10 00:49:44] At X0, 0 variables are exactly at the bounds
[job(1323): 2016-09-10 00:49:44] At iterate     0  f=      -23.778  |proj g|=       1.1049
[job(1323): 2016-09-10 00:49:44] At iterate     1  f =      -24.616  |proj g|=       0.24991
[job(1323): 2016-09-10 00:49:44] At iterate     2  f =      -24.634  |proj g|=       0.18448
[job(1323): 2016-09-10 00:49:44] At iterate     3  f =      -24.647  |proj g|=      0.056122
[job(1323): 2016-09-10 00:49:44] At iterate     4  f =      -24.659  |proj g|=        0.0549
[job(1323): 2016-09-10 00:49:44] At iterate     5  f =      -24.682  |proj g|=      0.075967
[job(1323): 2016-09-10 00:49:44] At iterate     6  f =       -24.69  |proj g|=     0.0038981
[job(1323): 2016-09-10 00:49:44] At iterate     7  f =       -24.69  |proj g|=     0.0015052
[job(1323): 2016-09-10 00:49:44] At iterate     8  f =       -24.69  |proj g|=    0.00042316
[job(1323): 2016-09-10 00:49:44] At iterate     9  f =       -24.69  |proj g|=     6.835e-06
[job(1323): 2016-09-10 00:49:44] At iterate    10  f =       -24.69  |proj g|=    1.6235e-08
[job(1323): 2016-09-10 00:49:44] 
[job(1323): 2016-09-10 00:49:44] iterations 10
[job(1323): 2016-09-10 00:49:44] function evaluations 12
[job(1323): 2016-09-10 00:49:44] segments explored during Cauchy searches 10
[job(1323): 2016-09-10 00:49:44] BFGS updates skipped 0
[job(1323): 2016-09-10 00:49:44] active bounds at final generalized Cauchy point 0
[job(1323): 2016-09-10 00:49:44] norm of the final projected gradient 1.62351e-08
[job(1323): 2016-09-10 00:49:44] final function value -24.6898
[job(1323): 2016-09-10 00:49:44] 
[job(1323): 2016-09-10 00:49:44] F = -24.6898
[job(1323): 2016-09-10 00:49:44] final  value -24.689806 
[job(1323): 2016-09-10 00:49:44] converged
[job(1323): 2016-09-10 00:49:44] [Tune-x] 11: C=89; sigma=0.0156
[job(1323): 2016-09-10 00:49:44] [Tune-y] 11: acc.test.mean=0.375; time: 0.0 min; memory: 117Mb use, 163Mb max
[job(1323): 2016-09-10 00:49:44] 
[job(1323): 2016-09-10 00:49:44] optimisation start
[job(1323): 2016-09-10 00:49:44] ------------------
[job(1323): 2016-09-10 00:49:44] * estimation method   : MLE 
[job(1323): 2016-09-10 00:49:44] * optimisation method : BFGS 
[job(1323): 2016-09-10 00:49:44] * analytical gradient : used
[job(1323): 2016-09-10 00:49:44] * trend model : ~1
[job(1323): 2016-09-10 00:49:44] * covariance model : 
[job(1323): 2016-09-10 00:49:44]   - type :  matern5_2 
[job(1323): 2016-09-10 00:49:44]   - nugget : NO
[job(1323): 2016-09-10 00:49:44]   - parameters lower bounds :  1e-10 1e-10 
[job(1323): 2016-09-10 00:49:44]   - parameters upper bounds :  37.01919 40.67266 
[job(1323): 2016-09-10 00:49:44]   - best initial criterion value(s) :  26.70109 
[job(1323): 2016-09-10 00:49:44] 
[job(1323): 2016-09-10 00:49:44] N = 2, M = 5 machine precision = 2.22045e-16
[job(1323): 2016-09-10 00:49:44] At X0, 0 variables are exactly at the bounds
[job(1323): 2016-09-10 00:49:44] At iterate     0  f=      -26.701  |proj g|=       1.5442
[job(1323): 2016-09-10 00:49:44] At iterate     1  f =      -27.069  |proj g|=        1.4944
[job(1323): 2016-09-10 00:49:44] At iterate     2  f =      -27.545  |proj g|=       0.22883
[job(1323): 2016-09-10 00:49:44] At iterate     3  f =      -27.575  |proj g|=       0.20933
[job(1323): 2016-09-10 00:49:44] At iterate     4  f =      -27.633  |proj g|=       0.22239
[job(1323): 2016-09-10 00:49:44] At iterate     5  f =       -27.73  |proj g|=       0.36692
[job(1323): 2016-09-10 00:49:44] At iterate     6  f =      -27.841  |proj g|=        0.2506
[job(1323): 2016-09-10 00:49:44] At iterate     7  f =      -27.871  |proj g|=      0.063835
[job(1323): 2016-09-10 00:49:44] At iterate     8  f =      -27.873  |proj g|=     0.0098983
[job(1323): 2016-09-10 00:49:44] At iterate     9  f =      -27.873  |proj g|=     0.0013248
[job(1323): 2016-09-10 00:49:44] At iterate    10  f =      -27.873  |proj g|=    3.8841e-05
[job(1323): 2016-09-10 00:49:44] At iterate    11  f =      -27.873  |proj g|=    1.7861e-05
[job(1323): 2016-09-10 00:49:44] 
[job(1323): 2016-09-10 00:49:44] iterations 11
[job(1323): 2016-09-10 00:49:44] function evaluations 12
[job(1323): 2016-09-10 00:49:44] segments explored during Cauchy searches 11
[job(1323): 2016-09-10 00:49:44] BFGS updates skipped 0
[job(1323): 2016-09-10 00:49:44] active bounds at final generalized Cauchy point 0
[job(1323): 2016-09-10 00:49:44] norm of the final projected gradient 1.78614e-05
[job(1323): 2016-09-10 00:49:44] final function value -27.873
[job(1323): 2016-09-10 00:49:44] 
[job(1323): 2016-09-10 00:49:44] F = -27.873
[job(1323): 2016-09-10 00:49:44] final  value -27.873019 
[job(1323): 2016-09-10 00:49:44] converged
[job(1323): 2016-09-10 00:49:44] [Tune-x] 12: C=90.6; sigma=0.0392
[job(1323): 2016-09-10 00:49:44] [Tune-y] 12: acc.test.mean=0.335; time: 0.0 min; memory: 117Mb use, 163Mb max
[job(1323): 2016-09-10 00:49:44] 
[job(1323): 2016-09-10 00:49:44] optimisation start
[job(1323): 2016-09-10 00:49:44] ------------------
[job(1323): 2016-09-10 00:49:44] * estimation method   : MLE 
[job(1323): 2016-09-10 00:49:44] * optimisation method : BFGS 
[job(1323): 2016-09-10 00:49:44] * analytical gradient : used
[job(1323): 2016-09-10 00:49:44] * trend model : ~1
[job(1323): 2016-09-10 00:49:44] * covariance model : 
[job(1323): 2016-09-10 00:49:44]   - type :  matern5_2 
[job(1323): 2016-09-10 00:49:44]   - nugget : NO
[job(1323): 2016-09-10 00:49:44]   - parameters lower bounds :  1e-10 1e-10 
[job(1323): 2016-09-10 00:49:44]   - parameters upper bounds :  37.01919 40.67266 
[job(1323): 2016-09-10 00:49:44]   - best initial criterion value(s) :  23.61903 
[job(1323): 2016-09-10 00:49:44] 
[job(1323): 2016-09-10 00:49:44] N = 2, M = 5 machine precision = 2.22045e-16
[job(1323): 2016-09-10 00:49:44] At X0, 0 variables are exactly at the bounds
[job(1323): 2016-09-10 00:49:44] At iterate     0  f=      -23.619  |proj g|=       1.2589
[job(1323): 2016-09-10 00:49:44] At iterate     1  f =      -24.294  |proj g|=       0.99856
[job(1323): 2016-09-10 00:49:44] At iterate     2  f =      -24.552  |proj g|=       0.12181
[job(1323): 2016-09-10 00:49:44] At iterate     3  f =      -24.553  |proj g|=      0.029443
[job(1323): 2016-09-10 00:49:44] At iterate     4  f =      -24.554  |proj g|=       0.05379
[job(1323): 2016-09-10 00:49:44] At iterate     5  f =       -24.57  |proj g|=       0.33672
[job(1323): 2016-09-10 00:49:44] At iterate     6  f =      -24.628  |proj g|=        1.0097
[job(1323): 2016-09-10 00:49:44] At iterate     7  f =      -24.902  |proj g|=        3.5222
[job(1323): 2016-09-10 00:49:44] At iterate     8  f =      -25.065  |proj g|=        3.3731
[job(1323): 2016-09-10 00:49:44] At iterate     9  f =      -26.802  |proj g|=        1.4546
[job(1323): 2016-09-10 00:49:44] At iterate    10  f =      -27.293  |proj g|=        1.1236
[job(1323): 2016-09-10 00:49:44] At iterate    11  f =       -27.58  |proj g|=        0.1861
[job(1323): 2016-09-10 00:49:44] At iterate    12  f =       -27.64  |proj g|=       0.12931
[job(1323): 2016-09-10 00:49:44] At iterate    13  f =      -27.648  |proj g|=      0.077914
[job(1323): 2016-09-10 00:49:44] At iterate    14  f =      -27.651  |proj g|=     0.0038664
[job(1323): 2016-09-10 00:49:44] At iterate    15  f =      -27.651  |proj g|=    0.00039035
[job(1323): 2016-09-10 00:49:44] At iterate    16  f =      -27.651  |proj g|=    6.3457e-05
[job(1323): 2016-09-10 00:49:44] At iterate    17  f =      -27.651  |proj g|=    1.9827e-06
[job(1323): 2016-09-10 00:49:44] 
[job(1323): 2016-09-10 00:49:44] iterations 17
[job(1323): 2016-09-10 00:49:44] function evaluations 31
[job(1323): 2016-09-10 00:49:44] segments explored during Cauchy searches 18
[job(1323): 2016-09-10 00:49:44] BFGS updates skipped 0
[job(1323): 2016-09-10 00:49:44] active bounds at final generalized Cauchy point 0
[job(1323): 2016-09-10 00:49:44] norm of the final projected gradient 1.98274e-06
[job(1323): 2016-09-10 00:49:44] final function value -27.6507
[job(1323): 2016-09-10 00:49:44] 
[job(1323): 2016-09-10 00:49:44] F = -27.6507
[job(1323): 2016-09-10 00:49:44] final  value -27.650742 
[job(1323): 2016-09-10 00:49:44] converged
[job(1323): 2016-09-10 00:49:44] [Tune-x] 13: C=81.9; sigma=0.0104
[job(1323): 2016-09-10 00:49:44] [Tune-y] 13: acc.test.mean=0.366; time: 0.0 min; memory: 117Mb use, 163Mb max
[job(1323): 2016-09-10 00:49:44] 
[job(1323): 2016-09-10 00:49:44] optimisation start
[job(1323): 2016-09-10 00:49:44] ------------------
[job(1323): 2016-09-10 00:49:44] * estimation method   : MLE 
[job(1323): 2016-09-10 00:49:44] * optimisation method : BFGS 
[job(1323): 2016-09-10 00:49:44] * analytical gradient : used
[job(1323): 2016-09-10 00:49:44] * trend model : ~1
[job(1323): 2016-09-10 00:49:44] * covariance model : 
[job(1323): 2016-09-10 00:49:44]   - type :  matern5_2 
[job(1323): 2016-09-10 00:49:44]   - nugget : NO
[job(1323): 2016-09-10 00:49:44]   - parameters lower bounds :  1e-10 1e-10 
[job(1323): 2016-09-10 00:49:44]   - parameters upper bounds :  37.01919 40.67266 
[job(1323): 2016-09-10 00:49:44]   - best initial criterion value(s) :  24.03962 
[job(1323): 2016-09-10 00:49:44] 
[job(1323): 2016-09-10 00:49:44] N = 2, M = 5 machine precision = 2.22045e-16
[job(1323): 2016-09-10 00:49:44] At X0, 0 variables are exactly at the bounds
[job(1323): 2016-09-10 00:49:44] At iterate     0  f=       -24.04  |proj g|=      0.44446
[job(1323): 2016-09-10 00:49:44] At iterate     1  f =       -24.14  |proj g|=       0.16202
[job(1323): 2016-09-10 00:49:44] At iterate     2  f =      -24.165  |proj g|=       0.15721
[job(1323): 2016-09-10 00:49:44] At iterate     3  f =      -24.297  |proj g|=       0.24311
[job(1323): 2016-09-10 00:49:44] At iterate     4  f =      -27.757  |proj g|=       0.44791
[job(1323): 2016-09-10 00:49:44] At iterate     5  f =       -27.77  |proj g|=       0.10384
[job(1323): 2016-09-10 00:49:44] At iterate     6  f =      -30.596  |proj g|=        2.1049
[job(1323): 2016-09-10 00:49:44] At iterate     7  f =      -30.603  |proj g|=        2.0938
[job(1323): 2016-09-10 00:49:44] At iterate     8  f =      -31.028  |proj g|=      0.061268
[job(1323): 2016-09-10 00:49:44] At iterate     9  f =      -31.031  |proj g|=      0.021842
[job(1323): 2016-09-10 00:49:44] At iterate    10  f =      -31.031  |proj g|=    0.00062418
[job(1323): 2016-09-10 00:49:44] At iterate    11  f =      -31.031  |proj g|=      5.51e-05
[job(1323): 2016-09-10 00:49:44] At iterate    12  f =      -31.031  |proj g|=    3.3819e-06
[job(1323): 2016-09-10 00:49:44] 
[job(1323): 2016-09-10 00:49:44] iterations 12
[job(1323): 2016-09-10 00:49:44] function evaluations 25
[job(1323): 2016-09-10 00:49:44] segments explored during Cauchy searches 12
[job(1323): 2016-09-10 00:49:44] BFGS updates skipped 0
[job(1323): 2016-09-10 00:49:44] active bounds at final generalized Cauchy point 0
[job(1323): 2016-09-10 00:49:44] norm of the final projected gradient 3.38192e-06
[job(1323): 2016-09-10 00:49:44] final function value -31.031
[job(1323): 2016-09-10 00:49:44] 
[job(1323): 2016-09-10 00:49:44] F = -31.031
[job(1323): 2016-09-10 00:49:44] final  value -31.030951 
[job(1323): 2016-09-10 00:49:44] converged
[job(1323): 2016-09-10 00:49:44] [Tune-x] 14: C=145; sigma=0.0154
[job(1323): 2016-09-10 00:49:44] [Tune-y] 14: acc.test.mean=0.332; time: 0.0 min; memory: 117Mb use, 163Mb max
[job(1323): 2016-09-10 00:49:44] 
[job(1323): 2016-09-10 00:49:44] optimisation start
[job(1323): 2016-09-10 00:49:44] ------------------
[job(1323): 2016-09-10 00:49:44] * estimation method   : MLE 
[job(1323): 2016-09-10 00:49:44] * optimisation method : BFGS 
[job(1323): 2016-09-10 00:49:44] * analytical gradient : used
[job(1323): 2016-09-10 00:49:44] * trend model : ~1
[job(1323): 2016-09-10 00:49:44] * covariance model : 
[job(1323): 2016-09-10 00:49:44]   - type :  matern5_2 
[job(1323): 2016-09-10 00:49:44]   - nugget : NO
[job(1323): 2016-09-10 00:49:44]   - parameters lower bounds :  1e-10 1e-10 
[job(1323): 2016-09-10 00:49:44]   - parameters upper bounds :  37.01919 40.67266 
[job(1323): 2016-09-10 00:49:44]   - best initial criterion value(s) :  15.53516 
[job(1323): 2016-09-10 00:49:44] 
[job(1323): 2016-09-10 00:49:44] N = 2, M = 5 machine precision = 2.22045e-16
[job(1323): 2016-09-10 00:49:44] At X0, 0 variables are exactly at the bounds
[job(1323): 2016-09-10 00:49:44] At iterate     0  f=      -15.535  |proj g|=       2.6474
[job(1323): 2016-09-10 00:49:44] At iterate     1  f =       -28.81  |proj g|=        3.7211
[job(1323): 2016-09-10 00:49:44] At iterate     2  f =      -29.041  |proj g|=       0.90269
[job(1323): 2016-09-10 00:49:44] At iterate     3  f =      -29.205  |proj g|=       0.45761
[job(1323): 2016-09-10 00:49:44] At iterate     4  f =      -29.293  |proj g|=        0.9312
[job(1323): 2016-09-10 00:49:44] At iterate     5  f =      -29.362  |proj g|=         1.521
[job(1323): 2016-09-10 00:49:44] At iterate     6  f =      -29.423  |proj g|=        1.7799
[job(1323): 2016-09-10 00:49:44] At iterate     7  f =      -29.538  |proj g|=        1.5133
[job(1323): 2016-09-10 00:49:44] At iterate     8  f =      -29.774  |proj g|=       0.44886
[job(1323): 2016-09-10 00:49:44] At iterate     9  f =      -29.796  |proj g|=       0.15716
[job(1323): 2016-09-10 00:49:44] At iterate    10  f =        -29.8  |proj g|=      0.022847
[job(1323): 2016-09-10 00:49:44] At iterate    11  f =        -29.8  |proj g|=     0.0038884
[job(1323): 2016-09-10 00:49:44] At iterate    12  f =        -29.8  |proj g|=    1.4546e-05
[job(1323): 2016-09-10 00:49:44] At iterate    13  f =        -29.8  |proj g|=    4.3231e-07
[job(1323): 2016-09-10 00:49:44] 
[job(1323): 2016-09-10 00:49:44] iterations 13
[job(1323): 2016-09-10 00:49:44] function evaluations 17
[job(1323): 2016-09-10 00:49:44] segments explored during Cauchy searches 13
[job(1323): 2016-09-10 00:49:44] BFGS updates skipped 0
[job(1323): 2016-09-10 00:49:44] active bounds at final generalized Cauchy point 0
[job(1323): 2016-09-10 00:49:44] norm of the final projected gradient 4.32305e-07
[job(1323): 2016-09-10 00:49:44] final function value -29.7997
[job(1323): 2016-09-10 00:49:44] 
[job(1323): 2016-09-10 00:49:44] F = -29.7997
[job(1323): 2016-09-10 00:49:44] final  value -29.799654 
[job(1323): 2016-09-10 00:49:44] converged
[job(1323): 2016-09-10 00:49:44] [Tune-x] 15: C=72.4; sigma=0.0167
[job(1323): 2016-09-10 00:49:44] [Tune-y] 15: acc.test.mean=0.372; time: 0.0 min; memory: 117Mb use, 163Mb max
[job(1323): 2016-09-10 00:49:44] 
[job(1323): 2016-09-10 00:49:44] optimisation start
[job(1323): 2016-09-10 00:49:44] ------------------
[job(1323): 2016-09-10 00:49:44] * estimation method   : MLE 
[job(1323): 2016-09-10 00:49:44] * optimisation method : BFGS 
[job(1323): 2016-09-10 00:49:44] * analytical gradient : used
[job(1323): 2016-09-10 00:49:44] * trend model : ~1
[job(1323): 2016-09-10 00:49:44] * covariance model : 
[job(1323): 2016-09-10 00:49:44]   - type :  matern5_2 
[job(1323): 2016-09-10 00:49:44]   - nugget : NO
[job(1323): 2016-09-10 00:49:44]   - parameters lower bounds :  1e-10 1e-10 
[job(1323): 2016-09-10 00:49:44]   - parameters upper bounds :  37.01919 40.67266 
[job(1323): 2016-09-10 00:49:44]   - best initial criterion value(s) :  22.6419 
[job(1323): 2016-09-10 00:49:44] 
[job(1323): 2016-09-10 00:49:44] N = 2, M = 5 machine precision = 2.22045e-16
[job(1323): 2016-09-10 00:49:44] At X0, 0 variables are exactly at the bounds
[job(1323): 2016-09-10 00:49:44] At iterate     0  f=      -22.642  |proj g|=       2.8526
[job(1323): 2016-09-10 00:49:44] At iterate     1  f =      -28.002  |proj g|=             0
[job(1323): 2016-09-10 00:49:44] 
[job(1323): 2016-09-10 00:49:44] iterations 1
[job(1323): 2016-09-10 00:49:44] function evaluations 2
[job(1323): 2016-09-10 00:49:44] segments explored during Cauchy searches 2
[job(1323): 2016-09-10 00:49:44] BFGS updates skipped 0
[job(1323): 2016-09-10 00:49:44] active bounds at final generalized Cauchy point 1
[job(1323): 2016-09-10 00:49:44] norm of the final projected gradient 0
[job(1323): 2016-09-10 00:49:44] final function value -28.0019
[job(1323): 2016-09-10 00:49:44] 
[job(1323): 2016-09-10 00:49:44] F = -28.0019
[job(1323): 2016-09-10 00:49:44] final  value -28.001893 
[job(1323): 2016-09-10 00:49:44] converged
[job(1323): 2016-09-10 00:49:44] [Tune-x] 16: C=1.16e+03; sigma=0.00263
[job(1323): 2016-09-10 00:49:44] [Tune-y] 16: acc.test.mean=0.366; time: 0.0 min; memory: 117Mb use, 163Mb max
[job(1323): 2016-09-10 00:49:44] 
[job(1323): 2016-09-10 00:49:44] optimisation start
[job(1323): 2016-09-10 00:49:44] ------------------
[job(1323): 2016-09-10 00:49:44] * estimation method   : MLE 
[job(1323): 2016-09-10 00:49:44] * optimisation method : BFGS 
[job(1323): 2016-09-10 00:49:44] * analytical gradient : used
[job(1323): 2016-09-10 00:49:44] * trend model : ~1
[job(1323): 2016-09-10 00:49:44] * covariance model : 
[job(1323): 2016-09-10 00:49:44]   - type :  matern5_2 
[job(1323): 2016-09-10 00:49:44]   - nugget : NO
[job(1323): 2016-09-10 00:49:44]   - parameters lower bounds :  1e-10 1e-10 
[job(1323): 2016-09-10 00:49:44]   - parameters upper bounds :  38.57044 40.67266 
[job(1323): 2016-09-10 00:49:44]   - best initial criterion value(s) :  14.2631 
[job(1323): 2016-09-10 00:49:44] 
[job(1323): 2016-09-10 00:49:44] N = 2, M = 5 machine precision = 2.22045e-16
[job(1323): 2016-09-10 00:49:44] At X0, 0 variables are exactly at the bounds
[job(1323): 2016-09-10 00:49:44] At iterate     0  f=      -14.263  |proj g|=       1.5838
[job(1323): 2016-09-10 00:49:44] At iterate     1  f =      -29.828  |proj g|=             0
[job(1323): 2016-09-10 00:49:44] 
[job(1323): 2016-09-10 00:49:44] iterations 1
[job(1323): 2016-09-10 00:49:44] function evaluations 2
[job(1323): 2016-09-10 00:49:44] segments explored during Cauchy searches 2
[job(1323): 2016-09-10 00:49:44] BFGS updates skipped 0
[job(1323): 2016-09-10 00:49:44] active bounds at final generalized Cauchy point 1
[job(1323): 2016-09-10 00:49:44] norm of the final projected gradient 0
[job(1323): 2016-09-10 00:49:44] final function value -29.8276
[job(1323): 2016-09-10 00:49:44] 
[job(1323): 2016-09-10 00:49:44] F = -29.8276
[job(1323): 2016-09-10 00:49:44] final  value -29.827555 
[job(1323): 2016-09-10 00:49:44] converged
[job(1323): 2016-09-10 00:49:44] [Tune-x] 17: C=2.4e+03; sigma=17.1
[job(1323): 2016-09-10 00:49:44] [Tune-y] 17: acc.test.mean=0.28; time: 0.0 min; memory: 117Mb use, 163Mb max
[job(1323): 2016-09-10 00:49:44] 
[job(1323): 2016-09-10 00:49:44] optimisation start
[job(1323): 2016-09-10 00:49:44] ------------------
[job(1323): 2016-09-10 00:49:44] * estimation method   : MLE 
[job(1323): 2016-09-10 00:49:44] * optimisation method : BFGS 
[job(1323): 2016-09-10 00:49:44] * analytical gradient : used
[job(1323): 2016-09-10 00:49:44] * trend model : ~1
[job(1323): 2016-09-10 00:49:44] * covariance model : 
[job(1323): 2016-09-10 00:49:44]   - type :  matern5_2 
[job(1323): 2016-09-10 00:49:44]   - nugget : NO
[job(1323): 2016-09-10 00:49:44]   - parameters lower bounds :  1e-10 1e-10 
[job(1323): 2016-09-10 00:49:44]   - parameters upper bounds :  40.66437 40.67266 
[job(1323): 2016-09-10 00:49:44]   - best initial criterion value(s) :  19.42767 
[job(1323): 2016-09-10 00:49:44] 
[job(1323): 2016-09-10 00:49:44] N = 2, M = 5 machine precision = 2.22045e-16
[job(1323): 2016-09-10 00:49:44] At X0, 0 variables are exactly at the bounds
[job(1323): 2016-09-10 00:49:44] At iterate     0  f=      -19.428  |proj g|=      0.13376
[job(1323): 2016-09-10 00:49:44] At iterate     1  f =       -31.42  |proj g|=             0
[job(1323): 2016-09-10 00:49:44] 
[job(1323): 2016-09-10 00:49:44] iterations 1
[job(1323): 2016-09-10 00:49:44] function evaluations 2
[job(1323): 2016-09-10 00:49:44] segments explored during Cauchy searches 2
[job(1323): 2016-09-10 00:49:44] BFGS updates skipped 0
[job(1323): 2016-09-10 00:49:44] active bounds at final generalized Cauchy point 1
[job(1323): 2016-09-10 00:49:44] norm of the final projected gradient 0
[job(1323): 2016-09-10 00:49:44] final function value -31.4201
[job(1323): 2016-09-10 00:49:44] 
[job(1323): 2016-09-10 00:49:44] F = -31.4201
[job(1323): 2016-09-10 00:49:44] final  value -31.420103 
[job(1323): 2016-09-10 00:49:44] converged
[job(1323): 2016-09-10 00:49:44] [Tune-x] 18: C=259; sigma=97.4
[job(1323): 2016-09-10 00:49:44] [Tune-y] 18: acc.test.mean=0.28; time: 0.0 min; memory: 117Mb use, 163Mb max
[job(1323): 2016-09-10 00:49:44] 
[job(1323): 2016-09-10 00:49:44] optimisation start
[job(1323): 2016-09-10 00:49:44] ------------------
[job(1323): 2016-09-10 00:49:44] * estimation method   : MLE 
[job(1323): 2016-09-10 00:49:44] * optimisation method : BFGS 
[job(1323): 2016-09-10 00:49:44] * analytical gradient : used
[job(1323): 2016-09-10 00:49:44] * trend model : ~1
[job(1323): 2016-09-10 00:49:44] * covariance model : 
[job(1323): 2016-09-10 00:49:44]   - type :  matern5_2 
[job(1323): 2016-09-10 00:49:44]   - nugget : NO
[job(1323): 2016-09-10 00:49:44]   - parameters lower bounds :  1e-10 1e-10 
[job(1323): 2016-09-10 00:49:44]   - parameters upper bounds :  40.66437 40.67266 
[job(1323): 2016-09-10 00:49:44]   - best initial criterion value(s) :  19.1592 
[job(1323): 2016-09-10 00:49:44] 
[job(1323): 2016-09-10 00:49:44] N = 2, M = 5 machine precision = 2.22045e-16
[job(1323): 2016-09-10 00:49:44] At X0, 0 variables are exactly at the bounds
[job(1323): 2016-09-10 00:49:44] At iterate     0  f=      -19.159  |proj g|=       3.0176
[job(1323): 2016-09-10 00:49:44] At iterate     1  f =      -33.102  |proj g|=             0
[job(1323): 2016-09-10 00:49:44] 
[job(1323): 2016-09-10 00:49:44] iterations 1
[job(1323): 2016-09-10 00:49:44] function evaluations 2
[job(1323): 2016-09-10 00:49:44] segments explored during Cauchy searches 2
[job(1323): 2016-09-10 00:49:44] BFGS updates skipped 0
[job(1323): 2016-09-10 00:49:44] active bounds at final generalized Cauchy point 1
[job(1323): 2016-09-10 00:49:44] norm of the final projected gradient 0
[job(1323): 2016-09-10 00:49:44] final function value -33.1018
[job(1323): 2016-09-10 00:49:44] 
[job(1323): 2016-09-10 00:49:44] F = -33.1018
[job(1323): 2016-09-10 00:49:44] final  value -33.101761 
[job(1323): 2016-09-10 00:49:44] converged
[job(1323): 2016-09-10 00:49:44] [Tune-x] 19: C=89.7; sigma=3.45e+03
[job(1323): 2016-09-10 00:49:44] [Tune-y] 19: acc.test.mean=0.28; time: 0.0 min; memory: 117Mb use, 163Mb max
[job(1323): 2016-09-10 00:49:44] 
[job(1323): 2016-09-10 00:49:44] optimisation start
[job(1323): 2016-09-10 00:49:44] ------------------
[job(1323): 2016-09-10 00:49:44] * estimation method   : MLE 
[job(1323): 2016-09-10 00:49:44] * optimisation method : BFGS 
[job(1323): 2016-09-10 00:49:44] * analytical gradient : used
[job(1323): 2016-09-10 00:49:44] * trend model : ~1
[job(1323): 2016-09-10 00:49:44] * covariance model : 
[job(1323): 2016-09-10 00:49:44]   - type :  matern5_2 
[job(1323): 2016-09-10 00:49:44]   - nugget : NO
[job(1323): 2016-09-10 00:49:44]   - parameters lower bounds :  1e-10 1e-10 
[job(1323): 2016-09-10 00:49:44]   - parameters upper bounds :  40.66437 43.46051 
[job(1323): 2016-09-10 00:49:44]   - best initial criterion value(s) :  27.68752 
[job(1323): 2016-09-10 00:49:44] 
[job(1323): 2016-09-10 00:49:44] N = 2, M = 5 machine precision = 2.22045e-16
[job(1323): 2016-09-10 00:49:44] At X0, 0 variables are exactly at the bounds
[job(1323): 2016-09-10 00:49:44] At iterate     0  f=      -27.688  |proj g|=        5.172
[job(1323): 2016-09-10 00:49:44] At iterate     1  f =      -29.448  |proj g|=        2.2079
[job(1323): 2016-09-10 00:49:44] At iterate     2  f =      -29.851  |proj g|=        2.0769
[job(1323): 2016-09-10 00:49:44] At iterate     3  f =      -34.854  |proj g|=             0
[job(1323): 2016-09-10 00:49:44] 
[job(1323): 2016-09-10 00:49:44] iterations 3
[job(1323): 2016-09-10 00:49:44] function evaluations 8
[job(1323): 2016-09-10 00:49:44] segments explored during Cauchy searches 3
[job(1323): 2016-09-10 00:49:44] BFGS updates skipped 0
[job(1323): 2016-09-10 00:49:44] active bounds at final generalized Cauchy point 0
[job(1323): 2016-09-10 00:49:44] norm of the final projected gradient 0
[job(1323): 2016-09-10 00:49:44] final function value -34.8543
[job(1323): 2016-09-10 00:49:44] 
[job(1323): 2016-09-10 00:49:44] F = -34.8543
[job(1323): 2016-09-10 00:49:44] final  value -34.854302 
[job(1323): 2016-09-10 00:49:44] converged
[job(1323): 2016-09-10 00:49:44] [Tune-x] 20: C=211; sigma=95.6
[job(1323): 2016-09-10 00:49:44] [Tune-y] 20: acc.test.mean=0.28; time: 0.0 min; memory: 117Mb use, 163Mb max
[job(1323): 2016-09-10 00:49:44] 
[job(1323): 2016-09-10 00:49:44] optimisation start
[job(1323): 2016-09-10 00:49:44] ------------------
[job(1323): 2016-09-10 00:49:44] * estimation method   : MLE 
[job(1323): 2016-09-10 00:49:44] * optimisation method : BFGS 
[job(1323): 2016-09-10 00:49:44] * analytical gradient : used
[job(1323): 2016-09-10 00:49:44] * trend model : ~1
[job(1323): 2016-09-10 00:49:44] * covariance model : 
[job(1323): 2016-09-10 00:49:44]   - type :  matern5_2 
[job(1323): 2016-09-10 00:49:44]   - nugget : NO
[job(1323): 2016-09-10 00:49:44]   - parameters lower bounds :  1e-10 1e-10 
[job(1323): 2016-09-10 00:49:44]   - parameters upper bounds :  40.66437 43.46051 
[job(1323): 2016-09-10 00:49:44]   - best initial criterion value(s) :  21.35131 
[job(1323): 2016-09-10 00:49:44] 
[job(1323): 2016-09-10 00:49:44] N = 2, M = 5 machine precision = 2.22045e-16
[job(1323): 2016-09-10 00:49:44] At X0, 0 variables are exactly at the bounds
[job(1323): 2016-09-10 00:49:44] At iterate     0  f=      -21.351  |proj g|=       1.5108
[job(1323): 2016-09-10 00:49:44] At iterate     1  f =      -36.665  |proj g|=             0
[job(1323): 2016-09-10 00:49:44] 
[job(1323): 2016-09-10 00:49:44] iterations 1
[job(1323): 2016-09-10 00:49:44] function evaluations 2
[job(1323): 2016-09-10 00:49:44] segments explored during Cauchy searches 2
[job(1323): 2016-09-10 00:49:44] BFGS updates skipped 0
[job(1323): 2016-09-10 00:49:44] active bounds at final generalized Cauchy point 1
[job(1323): 2016-09-10 00:49:44] norm of the final projected gradient 0
[job(1323): 2016-09-10 00:49:44] final function value -36.6654
[job(1323): 2016-09-10 00:49:44] 
[job(1323): 2016-09-10 00:49:44] F = -36.6654
[job(1323): 2016-09-10 00:49:44] final  value -36.665393 
[job(1323): 2016-09-10 00:49:44] converged
[job(1323): 2016-09-10 00:49:44] [Tune-x] 21: C=2.73; sigma=0.00807
[job(1323): 2016-09-10 00:49:44] [Tune-y] 21: acc.test.mean=0.354; time: 0.0 min; memory: 117Mb use, 171Mb max
[job(1323): 2016-09-10 00:49:44] 
[job(1323): 2016-09-10 00:49:44] optimisation start
[job(1323): 2016-09-10 00:49:44] ------------------
[job(1323): 2016-09-10 00:49:44] * estimation method   : MLE 
[job(1323): 2016-09-10 00:49:44] * optimisation method : BFGS 
[job(1323): 2016-09-10 00:49:44] * analytical gradient : used
[job(1323): 2016-09-10 00:49:44] * trend model : ~1
[job(1323): 2016-09-10 00:49:44] * covariance model : 
[job(1323): 2016-09-10 00:49:44]   - type :  matern5_2 
[job(1323): 2016-09-10 00:49:44]   - nugget : NO
[job(1323): 2016-09-10 00:49:44]   - parameters lower bounds :  1e-10 1e-10 
[job(1323): 2016-09-10 00:49:44]   - parameters upper bounds :  40.66437 43.46051 
[job(1323): 2016-09-10 00:49:44]   - best initial criterion value(s) :  -5.240099 
[job(1323): 2016-09-10 00:49:44] 
[job(1323): 2016-09-10 00:49:44] N = 2, M = 5 machine precision = 2.22045e-16
[job(1323): 2016-09-10 00:49:44] At X0, 0 variables are exactly at the bounds
[job(1323): 2016-09-10 00:49:44] At iterate     0  f=       5.2401  |proj g|=       4.4157
[job(1323): 2016-09-10 00:49:44] At iterate     1  f =      -18.877  |proj g|=         1.156
[job(1323): 2016-09-10 00:49:44] At iterate     2  f =      -38.605  |proj g|=             0
[job(1323): 2016-09-10 00:49:44] 
[job(1323): 2016-09-10 00:49:44] iterations 2
[job(1323): 2016-09-10 00:49:44] function evaluations 5
[job(1323): 2016-09-10 00:49:44] segments explored during Cauchy searches 3
[job(1323): 2016-09-10 00:49:44] BFGS updates skipped 0
[job(1323): 2016-09-10 00:49:44] active bounds at final generalized Cauchy point 1
[job(1323): 2016-09-10 00:49:44] norm of the final projected gradient 0
[job(1323): 2016-09-10 00:49:44] final function value -38.605
[job(1323): 2016-09-10 00:49:44] 
[job(1323): 2016-09-10 00:49:44] F = -38.605
[job(1323): 2016-09-10 00:49:44] final  value -38.604970 
[job(1323): 2016-09-10 00:49:44] converged
[job(1323): 2016-09-10 00:49:44] [Tune-x] 22: C=1.91e+03; sigma=0.373
[job(1323): 2016-09-10 00:49:44] [Tune-y] 22: acc.test.mean=0.309; time: 0.0 min; memory: 117Mb use, 171Mb max
[job(1323): 2016-09-10 00:49:44] 
[job(1323): 2016-09-10 00:49:44] optimisation start
[job(1323): 2016-09-10 00:49:44] ------------------
[job(1323): 2016-09-10 00:49:44] * estimation method   : MLE 
[job(1323): 2016-09-10 00:49:44] * optimisation method : BFGS 
[job(1323): 2016-09-10 00:49:44] * analytical gradient : used
[job(1323): 2016-09-10 00:49:44] * trend model : ~1
[job(1323): 2016-09-10 00:49:44] * covariance model : 
[job(1323): 2016-09-10 00:49:44]   - type :  matern5_2 
[job(1323): 2016-09-10 00:49:44]   - nugget : NO
[job(1323): 2016-09-10 00:49:44]   - parameters lower bounds :  1e-10 1e-10 
[job(1323): 2016-09-10 00:49:44]   - parameters upper bounds :  40.66437 43.46051 
[job(1323): 2016-09-10 00:49:44]   - best initial criterion value(s) :  39.47846 
[job(1323): 2016-09-10 00:49:44] 
[job(1323): 2016-09-10 00:49:44] N = 2, M = 5 machine precision = 2.22045e-16
[job(1323): 2016-09-10 00:49:44] At X0, 0 variables are exactly at the bounds
[job(1323): 2016-09-10 00:49:44] At iterate     0  f=      -39.478  |proj g|=       2.4362
[job(1323): 2016-09-10 00:49:44] At iterate     1  f =      -40.915  |proj g|=             0
[job(1323): 2016-09-10 00:49:44] 
[job(1323): 2016-09-10 00:49:44] iterations 1
[job(1323): 2016-09-10 00:49:44] function evaluations 2
[job(1323): 2016-09-10 00:49:44] segments explored during Cauchy searches 2
[job(1323): 2016-09-10 00:49:44] BFGS updates skipped 0
[job(1323): 2016-09-10 00:49:44] active bounds at final generalized Cauchy point 1
[job(1323): 2016-09-10 00:49:44] norm of the final projected gradient 0
[job(1323): 2016-09-10 00:49:44] final function value -40.9149
[job(1323): 2016-09-10 00:49:44] 
[job(1323): 2016-09-10 00:49:44] F = -40.9149
[job(1323): 2016-09-10 00:49:44] final  value -40.914867 
[job(1323): 2016-09-10 00:49:44] converged
[job(1323): 2016-09-10 00:49:44] [Tune-x] 23: C=0.07; sigma=0.00428
[job(1323): 2016-09-10 00:49:44] [Tune-y] 23: acc.test.mean=0.28; time: 0.0 min; memory: 117Mb use, 171Mb max
[job(1323): 2016-09-10 00:49:44] 
[job(1323): 2016-09-10 00:49:44] optimisation start
[job(1323): 2016-09-10 00:49:44] ------------------
[job(1323): 2016-09-10 00:49:44] * estimation method   : MLE 
[job(1323): 2016-09-10 00:49:44] * optimisation method : BFGS 
[job(1323): 2016-09-10 00:49:44] * analytical gradient : used
[job(1323): 2016-09-10 00:49:44] * trend model : ~1
[job(1323): 2016-09-10 00:49:44] * covariance model : 
[job(1323): 2016-09-10 00:49:44]   - type :  matern5_2 
[job(1323): 2016-09-10 00:49:44]   - nugget : NO
[job(1323): 2016-09-10 00:49:44]   - parameters lower bounds :  1e-10 1e-10 
[job(1323): 2016-09-10 00:49:44]   - parameters upper bounds :  40.66437 43.46051 
[job(1323): 2016-09-10 00:49:44]   - best initial criterion value(s) :  18.9376 
[job(1323): 2016-09-10 00:49:44] 
[job(1323): 2016-09-10 00:49:44] N = 2, M = 5 machine precision = 2.22045e-16
[job(1323): 2016-09-10 00:49:44] At X0, 0 variables are exactly at the bounds
[job(1323): 2016-09-10 00:49:44] At iterate     0  f=      -18.938  |proj g|=       1.4914
[job(1323): 2016-09-10 00:49:44] At iterate     1  f =      -42.743  |proj g|=             0
[job(1323): 2016-09-10 00:49:44] 
[job(1323): 2016-09-10 00:49:44] iterations 1
[job(1323): 2016-09-10 00:49:44] function evaluations 2
[job(1323): 2016-09-10 00:49:44] segments explored during Cauchy searches 2
[job(1323): 2016-09-10 00:49:44] BFGS updates skipped 0
[job(1323): 2016-09-10 00:49:44] active bounds at final generalized Cauchy point 1
[job(1323): 2016-09-10 00:49:44] norm of the final projected gradient 0
[job(1323): 2016-09-10 00:49:44] final function value -42.7433
[job(1323): 2016-09-10 00:49:44] 
[job(1323): 2016-09-10 00:49:44] F = -42.7433
[job(1323): 2016-09-10 00:49:44] final  value -42.743268 
[job(1323): 2016-09-10 00:49:44] converged
[job(1323): 2016-09-10 00:49:44] [Tune-x] 24: C=0.000347; sigma=476
[job(1323): 2016-09-10 00:49:44] [Tune-y] 24: acc.test.mean=0.28; time: 0.0 min; memory: 117Mb use, 171Mb max
[job(1323): 2016-09-10 00:49:44] 
[job(1323): 2016-09-10 00:49:44] optimisation start
[job(1323): 2016-09-10 00:49:44] ------------------
[job(1323): 2016-09-10 00:49:44] * estimation method   : MLE 
[job(1323): 2016-09-10 00:49:44] * optimisation method : BFGS 
[job(1323): 2016-09-10 00:49:44] * analytical gradient : used
[job(1323): 2016-09-10 00:49:44] * trend model : ~1
[job(1323): 2016-09-10 00:49:44] * covariance model : 
[job(1323): 2016-09-10 00:49:44]   - type :  matern5_2 
[job(1323): 2016-09-10 00:49:44]   - nugget : NO
[job(1323): 2016-09-10 00:49:44]   - parameters lower bounds :  1e-10 1e-10 
[job(1323): 2016-09-10 00:49:44]   - parameters upper bounds :  45.44465 43.46051 
[job(1323): 2016-09-10 00:49:44]   - best initial criterion value(s) :  40.15568 
[job(1323): 2016-09-10 00:49:44] 
[job(1323): 2016-09-10 00:49:44] N = 2, M = 5 machine precision = 2.22045e-16
[job(1323): 2016-09-10 00:49:44] At X0, 0 variables are exactly at the bounds
[job(1323): 2016-09-10 00:49:44] At iterate     0  f=      -40.156  |proj g|=       3.1722
[job(1323): 2016-09-10 00:49:44] At iterate     1  f =      -44.616  |proj g|=             0
[job(1323): 2016-09-10 00:49:44] 
[job(1323): 2016-09-10 00:49:44] iterations 1
[job(1323): 2016-09-10 00:49:44] function evaluations 2
[job(1323): 2016-09-10 00:49:44] segments explored during Cauchy searches 2
[job(1323): 2016-09-10 00:49:44] BFGS updates skipped 0
[job(1323): 2016-09-10 00:49:44] active bounds at final generalized Cauchy point 2
[job(1323): 2016-09-10 00:49:44] norm of the final projected gradient 0
[job(1323): 2016-09-10 00:49:44] final function value -44.6159
[job(1323): 2016-09-10 00:49:44] 
[job(1323): 2016-09-10 00:49:44] F = -44.6159
[job(1323): 2016-09-10 00:49:44] final  value -44.615881 
[job(1323): 2016-09-10 00:49:44] converged
[job(1323): 2016-09-10 00:49:44] [Tune-x] 25: C=0.000755; sigma=0.00266
[job(1323): 2016-09-10 00:49:44] [Tune-y] 25: acc.test.mean=0.28; time: 0.0 min; memory: 117Mb use, 171Mb max
[job(1323): 2016-09-10 00:49:44] 
[job(1323): 2016-09-10 00:49:44] optimisation start
[job(1323): 2016-09-10 00:49:44] ------------------
[job(1323): 2016-09-10 00:49:44] * estimation method   : MLE 
[job(1323): 2016-09-10 00:49:44] * optimisation method : BFGS 
[job(1323): 2016-09-10 00:49:44] * analytical gradient : used
[job(1323): 2016-09-10 00:49:44] * trend model : ~1
[job(1323): 2016-09-10 00:49:44] * covariance model : 
[job(1323): 2016-09-10 00:49:44]   - type :  matern5_2 
[job(1323): 2016-09-10 00:49:44]   - nugget : NO
[job(1323): 2016-09-10 00:49:44]   - parameters lower bounds :  1e-10 1e-10 
[job(1323): 2016-09-10 00:49:44]   - parameters upper bounds :  45.44465 43.46051 
[job(1323): 2016-09-10 00:49:44]   - best initial criterion value(s) :  32.45192 
[job(1323): 2016-09-10 00:49:44] 
[job(1323): 2016-09-10 00:49:44] N = 2, M = 5 machine precision = 2.22045e-16
[job(1323): 2016-09-10 00:49:44] At X0, 0 variables are exactly at the bounds
[job(1323): 2016-09-10 00:49:44] At iterate     0  f=      -32.452  |proj g|=       3.2348
[job(1323): 2016-09-10 00:49:44] At iterate     1  f =      -46.528  |proj g|=             0
[job(1323): 2016-09-10 00:49:44] 
[job(1323): 2016-09-10 00:49:44] iterations 1
[job(1323): 2016-09-10 00:49:44] function evaluations 2
[job(1323): 2016-09-10 00:49:44] segments explored during Cauchy searches 2
[job(1323): 2016-09-10 00:49:44] BFGS updates skipped 0
[job(1323): 2016-09-10 00:49:44] active bounds at final generalized Cauchy point 1
[job(1323): 2016-09-10 00:49:44] norm of the final projected gradient 0
[job(1323): 2016-09-10 00:49:44] final function value -46.5275
[job(1323): 2016-09-10 00:49:44] 
[job(1323): 2016-09-10 00:49:44] F = -46.5275
[job(1323): 2016-09-10 00:49:44] final  value -46.527524 
[job(1323): 2016-09-10 00:49:44] converged
[job(1323): 2016-09-10 00:49:44] [Tune-x] 26: C=2.3; sigma=0.0455
[job(1323): 2016-09-10 00:49:44] [Tune-y] 26: acc.test.mean=0.362; time: 0.0 min; memory: 117Mb use, 171Mb max
[job(1323): 2016-09-10 00:49:44] 
[job(1323): 2016-09-10 00:49:44] optimisation start
[job(1323): 2016-09-10 00:49:44] ------------------
[job(1323): 2016-09-10 00:49:44] * estimation method   : MLE 
[job(1323): 2016-09-10 00:49:44] * optimisation method : BFGS 
[job(1323): 2016-09-10 00:49:44] * analytical gradient : used
[job(1323): 2016-09-10 00:49:44] * trend model : ~1
[job(1323): 2016-09-10 00:49:44] * covariance model : 
[job(1323): 2016-09-10 00:49:44]   - type :  matern5_2 
[job(1323): 2016-09-10 00:49:44]   - nugget : NO
[job(1323): 2016-09-10 00:49:44]   - parameters lower bounds :  1e-10 1e-10 
[job(1323): 2016-09-10 00:49:44]   - parameters upper bounds :  45.44465 43.46051 
[job(1323): 2016-09-10 00:49:44]   - best initial criterion value(s) :  51.18336 
[job(1323): 2016-09-10 00:49:44] 
[job(1323): 2016-09-10 00:49:44] N = 2, M = 5 machine precision = 2.22045e-16
[job(1323): 2016-09-10 00:49:44] At X0, 0 variables are exactly at the bounds
[job(1323): 2016-09-10 00:49:44] At iterate     0  f=      -51.183  |proj g|=       9.7952
[job(1323): 2016-09-10 00:49:44] At iterate     1  f =      -51.944  |proj g|=        2.6321
[job(1323): 2016-09-10 00:49:44] At iterate     2  f =      -54.431  |proj g|=        2.5911
[job(1323): 2016-09-10 00:49:44] At iterate     3  f =      -56.416  |proj g|=        1.0073
[job(1323): 2016-09-10 00:49:44] At iterate     4  f =      -56.547  |proj g|=       0.63267
[job(1323): 2016-09-10 00:49:44] At iterate     5  f =      -56.588  |proj g|=      0.043684
[job(1323): 2016-09-10 00:49:44] At iterate     6  f =      -56.588  |proj g|=     0.0053654
[job(1323): 2016-09-10 00:49:44] At iterate     7  f =      -56.588  |proj g|=    0.00016999
[job(1323): 2016-09-10 00:49:44] At iterate     8  f =      -56.588  |proj g|=    5.0862e-06
[job(1323): 2016-09-10 00:49:44] 
[job(1323): 2016-09-10 00:49:44] iterations 8
[job(1323): 2016-09-10 00:49:44] function evaluations 10
[job(1323): 2016-09-10 00:49:44] segments explored during Cauchy searches 8
[job(1323): 2016-09-10 00:49:44] BFGS updates skipped 0
[job(1323): 2016-09-10 00:49:44] active bounds at final generalized Cauchy point 0
[job(1323): 2016-09-10 00:49:44] norm of the final projected gradient 5.08616e-06
[job(1323): 2016-09-10 00:49:44] final function value -56.5876
[job(1323): 2016-09-10 00:49:44] 
[job(1323): 2016-09-10 00:49:44] F = -56.5876
[job(1323): 2016-09-10 00:49:44] final  value -56.587650 
[job(1323): 2016-09-10 00:49:44] converged
[job(1323): 2016-09-10 00:49:44] [Tune-x] 27: C=85.2; sigma=0.0159
[job(1323): 2016-09-10 00:49:44] [Tune-y] 27: acc.test.mean=0.357; time: 0.0 min; memory: 117Mb use, 171Mb max
[job(1323): 2016-09-10 00:49:44] 
[job(1323): 2016-09-10 00:49:44] optimisation start
[job(1323): 2016-09-10 00:49:44] ------------------
[job(1323): 2016-09-10 00:49:44] * estimation method   : MLE 
[job(1323): 2016-09-10 00:49:44] * optimisation method : BFGS 
[job(1323): 2016-09-10 00:49:44] * analytical gradient : used
[job(1323): 2016-09-10 00:49:44] * trend model : ~1
[job(1323): 2016-09-10 00:49:44] * covariance model : 
[job(1323): 2016-09-10 00:49:44]   - type :  matern5_2 
[job(1323): 2016-09-10 00:49:44]   - nugget : NO
[job(1323): 2016-09-10 00:49:44]   - parameters lower bounds :  1e-10 1e-10 
[job(1323): 2016-09-10 00:49:44]   - parameters upper bounds :  45.44465 43.46051 
[job(1323): 2016-09-10 00:49:44]   - best initial criterion value(s) :  31.45014 
[job(1323): 2016-09-10 00:49:44] 
[job(1323): 2016-09-10 00:49:44] N = 2, M = 5 machine precision = 2.22045e-16
[job(1323): 2016-09-10 00:49:44] At X0, 0 variables are exactly at the bounds
[job(1323): 2016-09-10 00:49:44] At iterate     0  f=       -31.45  |proj g|=       1.9405
[job(1323): 2016-09-10 00:49:44] At iterate     1  f =      -49.962  |proj g|=             0
[job(1323): 2016-09-10 00:49:44] 
[job(1323): 2016-09-10 00:49:44] iterations 1
[job(1323): 2016-09-10 00:49:44] function evaluations 2
[job(1323): 2016-09-10 00:49:44] segments explored during Cauchy searches 2
[job(1323): 2016-09-10 00:49:44] BFGS updates skipped 0
[job(1323): 2016-09-10 00:49:44] active bounds at final generalized Cauchy point 1
[job(1323): 2016-09-10 00:49:44] norm of the final projected gradient 0
[job(1323): 2016-09-10 00:49:44] final function value -49.9623
[job(1323): 2016-09-10 00:49:44] 
[job(1323): 2016-09-10 00:49:44] F = -49.9623
[job(1323): 2016-09-10 00:49:44] final  value -49.962303 
[job(1323): 2016-09-10 00:49:44] converged
[job(1323): 2016-09-10 00:49:44] [Tune-x] 28: C=682; sigma=0.0171
[job(1323): 2016-09-10 00:49:44] [Tune-y] 28: acc.test.mean=0.325; time: 0.0 min; memory: 117Mb use, 171Mb max
[job(1323): 2016-09-10 00:49:44] 
[job(1323): 2016-09-10 00:49:44] optimisation start
[job(1323): 2016-09-10 00:49:44] ------------------
[job(1323): 2016-09-10 00:49:44] * estimation method   : MLE 
[job(1323): 2016-09-10 00:49:44] * optimisation method : BFGS 
[job(1323): 2016-09-10 00:49:44] * analytical gradient : used
[job(1323): 2016-09-10 00:49:44] * trend model : ~1
[job(1323): 2016-09-10 00:49:44] * covariance model : 
[job(1323): 2016-09-10 00:49:44]   - type :  matern5_2 
[job(1323): 2016-09-10 00:49:44]   - nugget : NO
[job(1323): 2016-09-10 00:49:44]   - parameters lower bounds :  1e-10 1e-10 
[job(1323): 2016-09-10 00:49:44]   - parameters upper bounds :  45.44465 43.46051 
[job(1323): 2016-09-10 00:49:44]   - best initial criterion value(s) :  47.3787 
[job(1323): 2016-09-10 00:49:44] 
[job(1323): 2016-09-10 00:49:44] N = 2, M = 5 machine precision = 2.22045e-16
[job(1323): 2016-09-10 00:49:44] At X0, 0 variables are exactly at the bounds
[job(1323): 2016-09-10 00:49:44] At iterate     0  f=      -47.379  |proj g|=       1.3103
[job(1323): 2016-09-10 00:49:44] At iterate     1  f =      -52.304  |proj g|=             0
[job(1323): 2016-09-10 00:49:44] 
[job(1323): 2016-09-10 00:49:44] iterations 1
[job(1323): 2016-09-10 00:49:44] function evaluations 2
[job(1323): 2016-09-10 00:49:44] segments explored during Cauchy searches 2
[job(1323): 2016-09-10 00:49:44] BFGS updates skipped 0
[job(1323): 2016-09-10 00:49:44] active bounds at final generalized Cauchy point 1
[job(1323): 2016-09-10 00:49:44] norm of the final projected gradient 0
[job(1323): 2016-09-10 00:49:44] final function value -52.3039
[job(1323): 2016-09-10 00:49:44] 
[job(1323): 2016-09-10 00:49:44] F = -52.3039
[job(1323): 2016-09-10 00:49:44] final  value -52.303893 
[job(1323): 2016-09-10 00:49:44] converged
[job(1323): 2016-09-10 00:49:44] [Tune] Result: C=89; sigma=0.0156 : acc.test.mean=-0.375
[job(1323): 2016-09-10 00:49:44] Job terminated successfully
[job(chunk): 2016-09-10 00:49:47] Calculation finished!
