[job(chunk): 2016-09-10 01:31:27] Starting calculation of 1 jobs
[job(chunk): 2016-09-10 01:31:27] Setting working directory to '/naslx/projects/pr74ze/ri89coc2/svm_comparison'
[job(chunk): 2016-09-10 01:31:27] Memory measurement disabled
[job(1776): 2016-09-10 01:31:29] Starting job with job.id=1776
[job(1776): 2016-09-10 01:32:19] Generating problem instance for problem '40496' ...
[job(1776): 2016-09-10 01:32:19] Downloading from 'http://www.openml.org/api/v1/data/40496' to '/tmp/ri89coc2/Rtmp2xEJNT/cache/datasets/40496/description.xml'.
[job(1776): 2016-09-10 01:32:19] Downloading from 'http://www.openml.org/data/download/4535757/phpSj3fWL' to '/tmp/ri89coc2/Rtmp2xEJNT/cache/datasets/40496/dataset.arff'
[job(1776): 2016-09-10 01:32:19] Loading required package: readr
[job(1776): 2016-09-10 01:32:19] Applying algorithm 'C-svc.tuned' on problem '40496' ...
[job(1776): 2016-09-10 01:32:19] Data '40496' file 'description.xml' found in cache.
[job(1776): 2016-09-10 01:32:19] Data '40496' file 'dataset.arff' found in cache.
[job(1776): 2016-09-10 01:32:19] [Tune] Started tuning learner C-svc for parameter set:
[job(1776): 2016-09-10 01:32:19]          Type len Def    Constr Req Tunable Trafo
[job(1776): 2016-09-10 01:32:19] C     numeric   -   - -12 to 12   -    TRUE     Y
[job(1776): 2016-09-10 01:32:19] sigma numeric   -   - -12 to 12   -    TRUE     Y
[job(1776): 2016-09-10 01:32:19] With control class: TuneControlMBO
[job(1776): 2016-09-10 01:32:19] Imputation value: -0
[job(1776): 2016-09-10 01:32:19] [Tune-x] 1: C=33.8; sigma=143
[job(1776): 2016-09-10 01:32:19] [Tune-y] 1: acc.test.mean=0.673; time: 0.0 min; memory: 113Mb use, 156Mb max
[job(1776): 2016-09-10 01:32:19] [Tune-x] 2: C=0.272; sigma=0.143
[job(1776): 2016-09-10 01:32:19] [Tune-y] 2: acc.test.mean=0.711; time: 0.0 min; memory: 113Mb use, 156Mb max
[job(1776): 2016-09-10 01:32:19] [Tune-x] 3: C=0.00535; sigma=0.12
[job(1776): 2016-09-10 01:32:19] [Tune-y] 3: acc.test.mean=0.0911; time: 0.0 min; memory: 113Mb use, 156Mb max
[job(1776): 2016-09-10 01:32:19] [Tune-x] 4: C=74.3; sigma=14.2
[job(1776): 2016-09-10 01:32:19] [Tune-y] 4: acc.test.mean=0.678; time: 0.0 min; memory: 113Mb use, 156Mb max
[job(1776): 2016-09-10 01:32:19] [Tune-x] 5: C=0.000342; sigma=2.99
[job(1776): 2016-09-10 01:32:19] [Tune-y] 5: acc.test.mean=0.124; time: 0.0 min; memory: 113Mb use, 156Mb max
[job(1776): 2016-09-10 01:32:19] [Tune-x] 6: C=0.124; sigma=0.000501
[job(1776): 2016-09-10 01:32:19] [Tune-y] 6: acc.test.mean=0.102; time: 0.0 min; memory: 113Mb use, 156Mb max
[job(1776): 2016-09-10 01:32:19] [Tune-x] 7: C=4.01; sigma=815
[job(1776): 2016-09-10 01:32:19] [Tune-y] 7: acc.test.mean=0.662; time: 0.0 min; memory: 113Mb use, 156Mb max
[job(1776): 2016-09-10 01:32:19] [Tune-x] 8: C=3.37e+03; sigma=0.00484
[job(1776): 2016-09-10 01:32:19] [Tune-y] 8: acc.test.mean= 0.7; time: 0.0 min; memory: 113Mb use, 161Mb max
[job(1776): 2016-09-10 01:32:19] 
[job(1776): 2016-09-10 01:32:19] optimisation start
[job(1776): 2016-09-10 01:32:19] ------------------
[job(1776): 2016-09-10 01:32:19] * estimation method   : MLE 
[job(1776): 2016-09-10 01:32:19] * optimisation method : BFGS 
[job(1776): 2016-09-10 01:32:19] * analytical gradient : used
[job(1776): 2016-09-10 01:32:19] * trend model : ~1
[job(1776): 2016-09-10 01:32:19] * covariance model : 
[job(1776): 2016-09-10 01:32:19]   - type :  matern5_2 
[job(1776): 2016-09-10 01:32:19]   - nugget : NO
[job(1776): 2016-09-10 01:32:19]   - parameters lower bounds :  1e-10 1e-10 
[job(1776): 2016-09-10 01:32:19]   - parameters upper bounds :  46.46322 41.26826 
[job(1776): 2016-09-10 01:32:19]   - best initial criterion value(s) :  -1.189956 
[job(1776): 2016-09-10 01:32:19] 
[job(1776): 2016-09-10 01:32:19] N = 2, M = 5 machine precision = 2.22045e-16
[job(1776): 2016-09-10 01:32:19] At X0, 0 variables are exactly at the bounds
[job(1776): 2016-09-10 01:32:19] At iterate     0  f=         1.19  |proj g|=   3.2013e-31
[job(1776): 2016-09-10 01:32:19] Derivative >= 0, backtracking line search impossible.final  value 1.189956 
[job(1776): 2016-09-10 01:32:19] stopped after 0 iterations
[job(1776): 2016-09-10 01:32:19] [Tune-x] 9: C=0.272; sigma=0.122
[job(1776): 2016-09-10 01:32:19] [Tune-y] 9: acc.test.mean=0.724; time: 0.0 min; memory: 117Mb use, 175Mb max
[job(1776): 2016-09-10 01:32:19] 
[job(1776): 2016-09-10 01:32:19] optimisation start
[job(1776): 2016-09-10 01:32:19] ------------------
[job(1776): 2016-09-10 01:32:19] * estimation method   : MLE 
[job(1776): 2016-09-10 01:32:19] * optimisation method : BFGS 
[job(1776): 2016-09-10 01:32:19] * analytical gradient : used
[job(1776): 2016-09-10 01:32:19] * trend model : ~1
[job(1776): 2016-09-10 01:32:19] * covariance model : 
[job(1776): 2016-09-10 01:32:19]   - type :  matern5_2 
[job(1776): 2016-09-10 01:32:19]   - nugget : NO
[job(1776): 2016-09-10 01:32:19]   - parameters lower bounds :  1e-10 1e-10 
[job(1776): 2016-09-10 01:32:19]   - parameters upper bounds :  46.46322 41.26826 
[job(1776): 2016-09-10 01:32:19]   - best initial criterion value(s) :  -2.440827 
[job(1776): 2016-09-10 01:32:19] 
[job(1776): 2016-09-10 01:32:19] N = 2, M = 5 machine precision = 2.22045e-16
[job(1776): 2016-09-10 01:32:19] At X0, 0 variables are exactly at the bounds
[job(1776): 2016-09-10 01:32:19] At iterate     0  f=       2.4408  |proj g|=       0.3296
[job(1776): 2016-09-10 01:32:19] At iterate     1  f =       2.3317  |proj g|=       0.32841
[job(1776): 2016-09-10 01:32:19] At iterate     2  f =       1.2082  |proj g|=             0
[job(1776): 2016-09-10 01:32:19] 
[job(1776): 2016-09-10 01:32:19] iterations 2
[job(1776): 2016-09-10 01:32:19] function evaluations 3
[job(1776): 2016-09-10 01:32:19] segments explored during Cauchy searches 3
[job(1776): 2016-09-10 01:32:19] BFGS updates skipped 0
[job(1776): 2016-09-10 01:32:19] active bounds at final generalized Cauchy point 1
[job(1776): 2016-09-10 01:32:19] norm of the final projected gradient 0
[job(1776): 2016-09-10 01:32:19] final function value 1.20822
[job(1776): 2016-09-10 01:32:19] 
[job(1776): 2016-09-10 01:32:19] F = 1.20822
[job(1776): 2016-09-10 01:32:19] final  value 1.208219 
[job(1776): 2016-09-10 01:32:19] converged
[job(1776): 2016-09-10 01:32:19] [Tune-x] 10: C=17.2; sigma=0.159
[job(1776): 2016-09-10 01:32:19] [Tune-y] 10: acc.test.mean=0.702; time: 0.0 min; memory: 117Mb use, 182Mb max
[job(1776): 2016-09-10 01:32:19] 
[job(1776): 2016-09-10 01:32:19] optimisation start
[job(1776): 2016-09-10 01:32:19] ------------------
[job(1776): 2016-09-10 01:32:19] * estimation method   : MLE 
[job(1776): 2016-09-10 01:32:19] * optimisation method : BFGS 
[job(1776): 2016-09-10 01:32:19] * analytical gradient : used
[job(1776): 2016-09-10 01:32:19] * trend model : ~1
[job(1776): 2016-09-10 01:32:19] * covariance model : 
[job(1776): 2016-09-10 01:32:19]   - type :  matern5_2 
[job(1776): 2016-09-10 01:32:19]   - nugget : NO
[job(1776): 2016-09-10 01:32:19]   - parameters lower bounds :  1e-10 1e-10 
[job(1776): 2016-09-10 01:32:19]   - parameters upper bounds :  46.46322 41.26826 
[job(1776): 2016-09-10 01:32:19]   - best initial criterion value(s) :  0.7563732 
[job(1776): 2016-09-10 01:32:19] 
[job(1776): 2016-09-10 01:32:19] N = 2, M = 5 machine precision = 2.22045e-16
[job(1776): 2016-09-10 01:32:19] At X0, 0 variables are exactly at the bounds
[job(1776): 2016-09-10 01:32:19] At iterate     0  f=     -0.75637  |proj g|=      0.76733
[job(1776): 2016-09-10 01:32:19] At iterate     1  f =      -1.2378  |proj g|=       0.50413
[job(1776): 2016-09-10 01:32:19] At iterate     2  f =      -1.9164  |proj g|=       0.28278
[job(1776): 2016-09-10 01:32:19] At iterate     3  f =      -2.2706  |proj g|=       0.25001
[job(1776): 2016-09-10 01:32:19] At iterate     4  f =      -2.3951  |proj g|=      0.098596
[job(1776): 2016-09-10 01:32:19] At iterate     5  f =      -2.4246  |proj g|=       0.01497
[job(1776): 2016-09-10 01:32:19] At iterate     6  f =      -2.4251  |proj g|=    0.00089025
[job(1776): 2016-09-10 01:32:19] At iterate     7  f =      -2.4251  |proj g|=     6.916e-05
[job(1776): 2016-09-10 01:32:19] At iterate     8  f =      -2.4251  |proj g|=    8.5651e-06
[job(1776): 2016-09-10 01:32:19] At iterate     9  f =      -2.4251  |proj g|=    1.1095e-07
[job(1776): 2016-09-10 01:32:19] 
[job(1776): 2016-09-10 01:32:19] iterations 9
[job(1776): 2016-09-10 01:32:19] function evaluations 10
[job(1776): 2016-09-10 01:32:19] segments explored during Cauchy searches 9
[job(1776): 2016-09-10 01:32:19] BFGS updates skipped 0
[job(1776): 2016-09-10 01:32:19] active bounds at final generalized Cauchy point 0
[job(1776): 2016-09-10 01:32:19] norm of the final projected gradient 1.10954e-07
[job(1776): 2016-09-10 01:32:19] final function value -2.42507
[job(1776): 2016-09-10 01:32:19] 
[job(1776): 2016-09-10 01:32:19] F = -2.42507
[job(1776): 2016-09-10 01:32:19] final  value -2.425067 
[job(1776): 2016-09-10 01:32:19] converged
[job(1776): 2016-09-10 01:32:19] [Tune-x] 11: C=0.933; sigma=0.0607
[job(1776): 2016-09-10 01:32:19] [Tune-y] 11: acc.test.mean=0.707; time: 0.0 min; memory: 117Mb use, 182Mb max
[job(1776): 2016-09-10 01:32:19] 
[job(1776): 2016-09-10 01:32:19] optimisation start
[job(1776): 2016-09-10 01:32:19] ------------------
[job(1776): 2016-09-10 01:32:19] * estimation method   : MLE 
[job(1776): 2016-09-10 01:32:19] * optimisation method : BFGS 
[job(1776): 2016-09-10 01:32:19] * analytical gradient : used
[job(1776): 2016-09-10 01:32:19] * trend model : ~1
[job(1776): 2016-09-10 01:32:19] * covariance model : 
[job(1776): 2016-09-10 01:32:19]   - type :  matern5_2 
[job(1776): 2016-09-10 01:32:19]   - nugget : NO
[job(1776): 2016-09-10 01:32:19]   - parameters lower bounds :  1e-10 1e-10 
[job(1776): 2016-09-10 01:32:19]   - parameters upper bounds :  46.46322 41.26826 
[job(1776): 2016-09-10 01:32:19]   - best initial criterion value(s) :  1.930052 
[job(1776): 2016-09-10 01:32:19] 
[job(1776): 2016-09-10 01:32:19] N = 2, M = 5 machine precision = 2.22045e-16
[job(1776): 2016-09-10 01:32:19] At X0, 0 variables are exactly at the bounds
[job(1776): 2016-09-10 01:32:19] At iterate     0  f=      -1.9301  |proj g|=      0.52469
[job(1776): 2016-09-10 01:32:19] At iterate     1  f =      -2.3516  |proj g|=       0.51623
[job(1776): 2016-09-10 01:32:19] At iterate     2  f =      -2.8743  |proj g|=       0.41742
[job(1776): 2016-09-10 01:32:19] At iterate     3  f =      -3.2868  |proj g|=       0.03005
[job(1776): 2016-09-10 01:32:19] At iterate     4  f =      -3.2888  |proj g|=      0.011256
[job(1776): 2016-09-10 01:32:19] At iterate     5  f =       -3.289  |proj g|=     0.0020723
[job(1776): 2016-09-10 01:32:19] At iterate     6  f =       -3.289  |proj g|=    0.00097221
[job(1776): 2016-09-10 01:32:19] At iterate     7  f =       -3.289  |proj g|=    5.2743e-07
[job(1776): 2016-09-10 01:32:19] At iterate     8  f =       -3.289  |proj g|=    2.1014e-09
[job(1776): 2016-09-10 01:32:19] 
[job(1776): 2016-09-10 01:32:19] iterations 8
[job(1776): 2016-09-10 01:32:19] function evaluations 11
[job(1776): 2016-09-10 01:32:19] segments explored during Cauchy searches 8
[job(1776): 2016-09-10 01:32:19] BFGS updates skipped 0
[job(1776): 2016-09-10 01:32:19] active bounds at final generalized Cauchy point 0
[job(1776): 2016-09-10 01:32:19] norm of the final projected gradient 2.10139e-09
[job(1776): 2016-09-10 01:32:19] final function value -3.28903
[job(1776): 2016-09-10 01:32:19] 
[job(1776): 2016-09-10 01:32:19] F = -3.28903
[job(1776): 2016-09-10 01:32:19] final  value -3.289028 
[job(1776): 2016-09-10 01:32:19] converged
[job(1776): 2016-09-10 01:32:19] [Tune-x] 12: C=0.332; sigma=0.0683
[job(1776): 2016-09-10 01:32:19] [Tune-y] 12: acc.test.mean=0.72; time: 0.0 min; memory: 117Mb use, 182Mb max
[job(1776): 2016-09-10 01:32:19] 
[job(1776): 2016-09-10 01:32:19] optimisation start
[job(1776): 2016-09-10 01:32:19] ------------------
[job(1776): 2016-09-10 01:32:19] * estimation method   : MLE 
[job(1776): 2016-09-10 01:32:19] * optimisation method : BFGS 
[job(1776): 2016-09-10 01:32:19] * analytical gradient : used
[job(1776): 2016-09-10 01:32:19] * trend model : ~1
[job(1776): 2016-09-10 01:32:19] * covariance model : 
[job(1776): 2016-09-10 01:32:19]   - type :  matern5_2 
[job(1776): 2016-09-10 01:32:19]   - nugget : NO
[job(1776): 2016-09-10 01:32:19]   - parameters lower bounds :  1e-10 1e-10 
[job(1776): 2016-09-10 01:32:19]   - parameters upper bounds :  46.46322 41.26826 
[job(1776): 2016-09-10 01:32:19]   - best initial criterion value(s) :  0.3522496 
[job(1776): 2016-09-10 01:32:19] 
[job(1776): 2016-09-10 01:32:19] N = 2, M = 5 machine precision = 2.22045e-16
[job(1776): 2016-09-10 01:32:19] At X0, 0 variables are exactly at the bounds
[job(1776): 2016-09-10 01:32:19] At iterate     0  f=     -0.35225  |proj g|=       1.4732
[job(1776): 2016-09-10 01:32:19] At iterate     1  f =      -1.7556  |proj g|=       0.21957
[job(1776): 2016-09-10 01:32:19] At iterate     2  f =       -1.775  |proj g|=       0.31949
[job(1776): 2016-09-10 01:32:19] At iterate     3  f =      -2.5547  |proj g|=        0.9672
[job(1776): 2016-09-10 01:32:19] At iterate     4  f =      -2.7996  |proj g|=        1.2017
[job(1776): 2016-09-10 01:32:19] At iterate     5  f =      -3.0709  |proj g|=        1.2192
[job(1776): 2016-09-10 01:32:19] At iterate     6  f =       -3.559  |proj g|=        1.0355
[job(1776): 2016-09-10 01:32:19] At iterate     7  f =       -5.423  |proj g|=       0.17621
[job(1776): 2016-09-10 01:32:19] At iterate     8  f =      -5.4721  |proj g|=       0.23679
[job(1776): 2016-09-10 01:32:19] At iterate     9  f =      -5.4971  |proj g|=      0.071718
[job(1776): 2016-09-10 01:32:19] At iterate    10  f =      -5.5035  |proj g|=     0.0027789
[job(1776): 2016-09-10 01:32:19] At iterate    11  f =      -5.5035  |proj g|=    0.00010145
[job(1776): 2016-09-10 01:32:19] At iterate    12  f =      -5.5035  |proj g|=    1.6612e-06
[job(1776): 2016-09-10 01:32:19] 
[job(1776): 2016-09-10 01:32:19] iterations 12
[job(1776): 2016-09-10 01:32:19] function evaluations 19
[job(1776): 2016-09-10 01:32:19] segments explored during Cauchy searches 13
[job(1776): 2016-09-10 01:32:19] BFGS updates skipped 0
[job(1776): 2016-09-10 01:32:19] active bounds at final generalized Cauchy point 0
[job(1776): 2016-09-10 01:32:19] norm of the final projected gradient 1.66121e-06
[job(1776): 2016-09-10 01:32:19] final function value -5.50351
[job(1776): 2016-09-10 01:32:19] 
[job(1776): 2016-09-10 01:32:19] F = -5.50351
[job(1776): 2016-09-10 01:32:19] final  value -5.503511 
[job(1776): 2016-09-10 01:32:19] converged
[job(1776): 2016-09-10 01:32:19] [Tune-x] 13: C=0.54; sigma=0.102
[job(1776): 2016-09-10 01:32:19] [Tune-y] 13: acc.test.mean=0.707; time: 0.0 min; memory: 117Mb use, 182Mb max
[job(1776): 2016-09-10 01:32:19] 
[job(1776): 2016-09-10 01:32:19] optimisation start
[job(1776): 2016-09-10 01:32:19] ------------------
[job(1776): 2016-09-10 01:32:19] * estimation method   : MLE 
[job(1776): 2016-09-10 01:32:19] * optimisation method : BFGS 
[job(1776): 2016-09-10 01:32:19] * analytical gradient : used
[job(1776): 2016-09-10 01:32:19] * trend model : ~1
[job(1776): 2016-09-10 01:32:19] * covariance model : 
[job(1776): 2016-09-10 01:32:19]   - type :  matern5_2 
[job(1776): 2016-09-10 01:32:19]   - nugget : NO
[job(1776): 2016-09-10 01:32:19]   - parameters lower bounds :  1e-10 1e-10 
[job(1776): 2016-09-10 01:32:19]   - parameters upper bounds :  46.46322 41.26826 
[job(1776): 2016-09-10 01:32:19]   - best initial criterion value(s) :  5.230133 
[job(1776): 2016-09-10 01:32:19] 
[job(1776): 2016-09-10 01:32:19] N = 2, M = 5 machine precision = 2.22045e-16
[job(1776): 2016-09-10 01:32:19] At X0, 0 variables are exactly at the bounds
[job(1776): 2016-09-10 01:32:19] At iterate     0  f=      -5.2301  |proj g|=       1.9148
[job(1776): 2016-09-10 01:32:19] At iterate     1  f =      -7.3999  |proj g|=       0.31467
[job(1776): 2016-09-10 01:32:19] At iterate     2  f =      -7.5159  |proj g|=      0.074237
[job(1776): 2016-09-10 01:32:19] At iterate     3  f =      -7.5207  |proj g|=     0.0032929
[job(1776): 2016-09-10 01:32:19] At iterate     4  f =      -7.5207  |proj g|=    1.5157e-05
[job(1776): 2016-09-10 01:32:19] At iterate     5  f =      -7.5207  |proj g|=    2.9138e-07
[job(1776): 2016-09-10 01:32:19] 
[job(1776): 2016-09-10 01:32:19] iterations 5
[job(1776): 2016-09-10 01:32:19] function evaluations 6
[job(1776): 2016-09-10 01:32:19] segments explored during Cauchy searches 5
[job(1776): 2016-09-10 01:32:19] BFGS updates skipped 0
[job(1776): 2016-09-10 01:32:19] active bounds at final generalized Cauchy point 0
[job(1776): 2016-09-10 01:32:19] norm of the final projected gradient 2.91375e-07
[job(1776): 2016-09-10 01:32:19] final function value -7.52067
[job(1776): 2016-09-10 01:32:19] 
[job(1776): 2016-09-10 01:32:19] F = -7.52067
[job(1776): 2016-09-10 01:32:19] final  value -7.520670 
[job(1776): 2016-09-10 01:32:19] converged
[job(1776): 2016-09-10 01:32:19] [Tune-x] 14: C=0.211; sigma=0.0919
[job(1776): 2016-09-10 01:32:19] [Tune-y] 14: acc.test.mean=0.724; time: 0.0 min; memory: 117Mb use, 182Mb max
[job(1776): 2016-09-10 01:32:19] 
[job(1776): 2016-09-10 01:32:19] optimisation start
[job(1776): 2016-09-10 01:32:19] ------------------
[job(1776): 2016-09-10 01:32:19] * estimation method   : MLE 
[job(1776): 2016-09-10 01:32:19] * optimisation method : BFGS 
[job(1776): 2016-09-10 01:32:19] * analytical gradient : used
[job(1776): 2016-09-10 01:32:19] * trend model : ~1
[job(1776): 2016-09-10 01:32:19] * covariance model : 
[job(1776): 2016-09-10 01:32:19]   - type :  matern5_2 
[job(1776): 2016-09-10 01:32:19]   - nugget : NO
[job(1776): 2016-09-10 01:32:19]   - parameters lower bounds :  1e-10 1e-10 
[job(1776): 2016-09-10 01:32:19]   - parameters upper bounds :  46.46322 41.26826 
[job(1776): 2016-09-10 01:32:19]   - best initial criterion value(s) :  7.207943 
[job(1776): 2016-09-10 01:32:19] 
[job(1776): 2016-09-10 01:32:19] N = 2, M = 5 machine precision = 2.22045e-16
[job(1776): 2016-09-10 01:32:19] At X0, 0 variables are exactly at the bounds
[job(1776): 2016-09-10 01:32:19] At iterate     0  f=      -7.2079  |proj g|=      0.96786
[job(1776): 2016-09-10 01:32:19] At iterate     1  f =      -8.4693  |proj g|=       0.95141
[job(1776): 2016-09-10 01:32:19] At iterate     2  f =      -9.1849  |proj g|=       0.86231
[job(1776): 2016-09-10 01:32:19] At iterate     3  f =      -9.5934  |proj g|=       0.75558
[job(1776): 2016-09-10 01:32:19] At iterate     4  f =      -10.336  |proj g|=       0.11393
[job(1776): 2016-09-10 01:32:19] At iterate     5  f =      -10.346  |proj g|=      0.041268
[job(1776): 2016-09-10 01:32:19] At iterate     6  f =      -10.347  |proj g|=     0.0028837
[job(1776): 2016-09-10 01:32:19] At iterate     7  f =      -10.347  |proj g|=    0.00080373
[job(1776): 2016-09-10 01:32:19] At iterate     8  f =      -10.347  |proj g|=    3.2725e-05
[job(1776): 2016-09-10 01:32:19] At iterate     9  f =      -10.347  |proj g|=    9.1079e-07
[job(1776): 2016-09-10 01:32:19] 
[job(1776): 2016-09-10 01:32:19] iterations 9
[job(1776): 2016-09-10 01:32:19] function evaluations 13
[job(1776): 2016-09-10 01:32:19] segments explored during Cauchy searches 10
[job(1776): 2016-09-10 01:32:19] BFGS updates skipped 0
[job(1776): 2016-09-10 01:32:19] active bounds at final generalized Cauchy point 0
[job(1776): 2016-09-10 01:32:19] norm of the final projected gradient 9.10794e-07
[job(1776): 2016-09-10 01:32:19] final function value -10.3475
[job(1776): 2016-09-10 01:32:19] 
[job(1776): 2016-09-10 01:32:19] F = -10.3475
[job(1776): 2016-09-10 01:32:19] final  value -10.347481 
[job(1776): 2016-09-10 01:32:19] converged
[job(1776): 2016-09-10 01:32:19] [Tune-x] 15: C=6.66; sigma=0.0572
[job(1776): 2016-09-10 01:32:19] [Tune-y] 15: acc.test.mean=0.704; time: 0.0 min; memory: 117Mb use, 185Mb max
[job(1776): 2016-09-10 01:32:19] 
[job(1776): 2016-09-10 01:32:19] optimisation start
[job(1776): 2016-09-10 01:32:19] ------------------
[job(1776): 2016-09-10 01:32:19] * estimation method   : MLE 
[job(1776): 2016-09-10 01:32:19] * optimisation method : BFGS 
[job(1776): 2016-09-10 01:32:19] * analytical gradient : used
[job(1776): 2016-09-10 01:32:19] * trend model : ~1
[job(1776): 2016-09-10 01:32:19] * covariance model : 
[job(1776): 2016-09-10 01:32:19]   - type :  matern5_2 
[job(1776): 2016-09-10 01:32:19]   - nugget : NO
[job(1776): 2016-09-10 01:32:19]   - parameters lower bounds :  1e-10 1e-10 
[job(1776): 2016-09-10 01:32:19]   - parameters upper bounds :  46.46322 41.26826 
[job(1776): 2016-09-10 01:32:19]   - best initial criterion value(s) :  7.346787 
[job(1776): 2016-09-10 01:32:19] 
[job(1776): 2016-09-10 01:32:19] N = 2, M = 5 machine precision = 2.22045e-16
[job(1776): 2016-09-10 01:32:19] At X0, 0 variables are exactly at the bounds
[job(1776): 2016-09-10 01:32:19] At iterate     0  f=      -7.3468  |proj g|=       1.8331
[job(1776): 2016-09-10 01:32:19] At iterate     1  f =      -10.878  |proj g|=        1.0325
[job(1776): 2016-09-10 01:32:19] At iterate     2  f =      -11.708  |proj g|=       0.25099
[job(1776): 2016-09-10 01:32:19] At iterate     3  f =       -11.75  |proj g|=       0.10735
[job(1776): 2016-09-10 01:32:19] At iterate     4  f =      -11.758  |proj g|=     0.0083953
[job(1776): 2016-09-10 01:32:19] At iterate     5  f =      -11.758  |proj g|=    0.00022381
[job(1776): 2016-09-10 01:32:19] At iterate     6  f =      -11.758  |proj g|=     1.339e-05
[job(1776): 2016-09-10 01:32:19] At iterate     7  f =      -11.758  |proj g|=     6.851e-08
[job(1776): 2016-09-10 01:32:19] 
[job(1776): 2016-09-10 01:32:19] iterations 7
[job(1776): 2016-09-10 01:32:19] function evaluations 9
[job(1776): 2016-09-10 01:32:19] segments explored during Cauchy searches 7
[job(1776): 2016-09-10 01:32:19] BFGS updates skipped 0
[job(1776): 2016-09-10 01:32:19] active bounds at final generalized Cauchy point 0
[job(1776): 2016-09-10 01:32:19] norm of the final projected gradient 6.85101e-08
[job(1776): 2016-09-10 01:32:19] final function value -11.7583
[job(1776): 2016-09-10 01:32:19] 
[job(1776): 2016-09-10 01:32:19] F = -11.7583
[job(1776): 2016-09-10 01:32:19] final  value -11.758319 
[job(1776): 2016-09-10 01:32:19] converged
[job(1776): 2016-09-10 01:32:19] [Tune-x] 16: C=0.274; sigma=0.0968
[job(1776): 2016-09-10 01:32:19] [Tune-y] 16: acc.test.mean=0.724; time: 0.0 min; memory: 117Mb use, 185Mb max
[job(1776): 2016-09-10 01:32:19] 
[job(1776): 2016-09-10 01:32:19] optimisation start
[job(1776): 2016-09-10 01:32:19] ------------------
[job(1776): 2016-09-10 01:32:19] * estimation method   : MLE 
[job(1776): 2016-09-10 01:32:19] * optimisation method : BFGS 
[job(1776): 2016-09-10 01:32:19] * analytical gradient : used
[job(1776): 2016-09-10 01:32:19] * trend model : ~1
[job(1776): 2016-09-10 01:32:19] * covariance model : 
[job(1776): 2016-09-10 01:32:19]   - type :  matern5_2 
[job(1776): 2016-09-10 01:32:19]   - nugget : NO
[job(1776): 2016-09-10 01:32:19]   - parameters lower bounds :  1e-10 1e-10 
[job(1776): 2016-09-10 01:32:19]   - parameters upper bounds :  46.46322 41.26826 
[job(1776): 2016-09-10 01:32:19]   - best initial criterion value(s) :  9.858135 
[job(1776): 2016-09-10 01:32:19] 
[job(1776): 2016-09-10 01:32:19] N = 2, M = 5 machine precision = 2.22045e-16
[job(1776): 2016-09-10 01:32:19] At X0, 0 variables are exactly at the bounds
[job(1776): 2016-09-10 01:32:19] At iterate     0  f=      -9.8581  |proj g|=       3.0832
[job(1776): 2016-09-10 01:32:19] At iterate     1  f =       -11.69  |proj g|=         2.553
[job(1776): 2016-09-10 01:32:19] At iterate     2  f =      -13.533  |proj g|=       0.67026
[job(1776): 2016-09-10 01:32:19] At iterate     3  f =      -13.831  |proj g|=        0.7048
[job(1776): 2016-09-10 01:32:19] At iterate     4  f =      -14.499  |proj g|=        1.4999
[job(1776): 2016-09-10 01:32:19] At iterate     5  f =      -14.809  |proj g|=       0.16301
[job(1776): 2016-09-10 01:32:19] At iterate     6  f =      -14.836  |proj g|=      0.012626
[job(1776): 2016-09-10 01:32:19] At iterate     7  f =      -14.837  |proj g|=     0.0006573
[job(1776): 2016-09-10 01:32:19] At iterate     8  f =      -14.837  |proj g|=    4.2744e-06
[job(1776): 2016-09-10 01:32:19] At iterate     9  f =      -14.837  |proj g|=     1.267e-06
[job(1776): 2016-09-10 01:32:19] 
[job(1776): 2016-09-10 01:32:19] iterations 9
[job(1776): 2016-09-10 01:32:19] function evaluations 10
[job(1776): 2016-09-10 01:32:19] segments explored during Cauchy searches 9
[job(1776): 2016-09-10 01:32:19] BFGS updates skipped 0
[job(1776): 2016-09-10 01:32:19] active bounds at final generalized Cauchy point 0
[job(1776): 2016-09-10 01:32:19] norm of the final projected gradient 1.26701e-06
[job(1776): 2016-09-10 01:32:19] final function value -14.8367
[job(1776): 2016-09-10 01:32:19] 
[job(1776): 2016-09-10 01:32:19] F = -14.8367
[job(1776): 2016-09-10 01:32:19] final  value -14.836655 
[job(1776): 2016-09-10 01:32:19] converged
[job(1776): 2016-09-10 01:32:19] [Tune-x] 17: C=0.223; sigma=0.112
[job(1776): 2016-09-10 01:32:19] [Tune-y] 17: acc.test.mean=0.731; time: 0.0 min; memory: 117Mb use, 185Mb max
[job(1776): 2016-09-10 01:32:19] 
[job(1776): 2016-09-10 01:32:19] optimisation start
[job(1776): 2016-09-10 01:32:19] ------------------
[job(1776): 2016-09-10 01:32:19] * estimation method   : MLE 
[job(1776): 2016-09-10 01:32:19] * optimisation method : BFGS 
[job(1776): 2016-09-10 01:32:19] * analytical gradient : used
[job(1776): 2016-09-10 01:32:19] * trend model : ~1
[job(1776): 2016-09-10 01:32:19] * covariance model : 
[job(1776): 2016-09-10 01:32:19]   - type :  matern5_2 
[job(1776): 2016-09-10 01:32:19]   - nugget : NO
[job(1776): 2016-09-10 01:32:19]   - parameters lower bounds :  1e-10 1e-10 
[job(1776): 2016-09-10 01:32:19]   - parameters upper bounds :  46.46322 41.26826 
[job(1776): 2016-09-10 01:32:19]   - best initial criterion value(s) :  6.806265 
[job(1776): 2016-09-10 01:32:19] 
[job(1776): 2016-09-10 01:32:19] N = 2, M = 5 machine precision = 2.22045e-16
[job(1776): 2016-09-10 01:32:19] At X0, 0 variables are exactly at the bounds
[job(1776): 2016-09-10 01:32:19] At iterate     0  f=      -6.8063  |proj g|=      0.41169
[job(1776): 2016-09-10 01:32:19] At iterate     1  f =      -7.1124  |proj g|=       0.43582
[job(1776): 2016-09-10 01:32:19] At iterate     2  f =      -8.9031  |proj g|=         2.115
[job(1776): 2016-09-10 01:32:19] At iterate     3  f =       -10.94  |proj g|=        1.1059
[job(1776): 2016-09-10 01:32:19] At iterate     4  f =      -18.112  |proj g|=        1.5385
[job(1776): 2016-09-10 01:32:19] At iterate     5  f =      -18.874  |proj g|=        1.3932
[job(1776): 2016-09-10 01:32:19] At iterate     6  f =        -19.2  |proj g|=       0.08135
[job(1776): 2016-09-10 01:32:19] At iterate     7  f =      -19.204  |proj g|=       0.03901
[job(1776): 2016-09-10 01:32:19] At iterate     8  f =      -19.205  |proj g|=     0.0013296
[job(1776): 2016-09-10 01:32:19] At iterate     9  f =      -19.205  |proj g|=    8.1432e-05
[job(1776): 2016-09-10 01:32:19] At iterate    10  f =      -19.205  |proj g|=    2.5377e-06
[job(1776): 2016-09-10 01:32:19] 
[job(1776): 2016-09-10 01:32:19] iterations 10
[job(1776): 2016-09-10 01:32:19] function evaluations 19
[job(1776): 2016-09-10 01:32:19] segments explored during Cauchy searches 10
[job(1776): 2016-09-10 01:32:19] BFGS updates skipped 0
[job(1776): 2016-09-10 01:32:19] active bounds at final generalized Cauchy point 0
[job(1776): 2016-09-10 01:32:19] norm of the final projected gradient 2.5377e-06
[job(1776): 2016-09-10 01:32:19] final function value -19.2053
[job(1776): 2016-09-10 01:32:19] 
[job(1776): 2016-09-10 01:32:19] F = -19.2053
[job(1776): 2016-09-10 01:32:19] final  value -19.205300 
[job(1776): 2016-09-10 01:32:19] converged
[job(1776): 2016-09-10 01:32:19] [Tune-x] 18: C=0.195; sigma=0.116
[job(1776): 2016-09-10 01:32:19] [Tune-y] 18: acc.test.mean=0.727; time: 0.0 min; memory: 117Mb use, 185Mb max
[job(1776): 2016-09-10 01:32:19] 
[job(1776): 2016-09-10 01:32:19] optimisation start
[job(1776): 2016-09-10 01:32:19] ------------------
[job(1776): 2016-09-10 01:32:19] * estimation method   : MLE 
[job(1776): 2016-09-10 01:32:19] * optimisation method : BFGS 
[job(1776): 2016-09-10 01:32:19] * analytical gradient : used
[job(1776): 2016-09-10 01:32:19] * trend model : ~1
[job(1776): 2016-09-10 01:32:19] * covariance model : 
[job(1776): 2016-09-10 01:32:19]   - type :  matern5_2 
[job(1776): 2016-09-10 01:32:19]   - nugget : NO
[job(1776): 2016-09-10 01:32:19]   - parameters lower bounds :  1e-10 1e-10 
[job(1776): 2016-09-10 01:32:19]   - parameters upper bounds :  46.46322 41.26826 
[job(1776): 2016-09-10 01:32:19]   - best initial criterion value(s) :  18.17584 
[job(1776): 2016-09-10 01:32:19] 
[job(1776): 2016-09-10 01:32:19] N = 2, M = 5 machine precision = 2.22045e-16
[job(1776): 2016-09-10 01:32:19] At X0, 0 variables are exactly at the bounds
[job(1776): 2016-09-10 01:32:19] At iterate     0  f=      -18.176  |proj g|=       4.4456
[job(1776): 2016-09-10 01:32:19] At iterate     1  f =      -18.761  |proj g|=        2.4863
[job(1776): 2016-09-10 01:32:19] At iterate     2  f =      -19.529  |proj g|=        1.0294
[job(1776): 2016-09-10 01:32:19] At iterate     3  f =      -19.778  |proj g|=       0.77962
[job(1776): 2016-09-10 01:32:19] At iterate     4  f =      -20.591  |proj g|=        0.5185
[job(1776): 2016-09-10 01:32:19] At iterate     5  f =      -21.117  |proj g|=        2.1808
[job(1776): 2016-09-10 01:32:19] At iterate     6  f =      -21.569  |proj g|=        1.0964
[job(1776): 2016-09-10 01:32:19] At iterate     7  f =      -21.839  |proj g|=       0.64579
[job(1776): 2016-09-10 01:32:19] At iterate     8  f =      -21.893  |proj g|=       0.18533
[job(1776): 2016-09-10 01:32:19] At iterate     9  f =      -21.902  |proj g|=       0.10121
[job(1776): 2016-09-10 01:32:19] At iterate    10  f =      -21.905  |proj g|=     0.0084854
[job(1776): 2016-09-10 01:32:19] At iterate    11  f =      -21.905  |proj g|=    0.00041179
[job(1776): 2016-09-10 01:32:19] At iterate    12  f =      -21.905  |proj g|=    5.8537e-07
[job(1776): 2016-09-10 01:32:19] 
[job(1776): 2016-09-10 01:32:19] iterations 12
[job(1776): 2016-09-10 01:32:19] function evaluations 16
[job(1776): 2016-09-10 01:32:19] segments explored during Cauchy searches 12
[job(1776): 2016-09-10 01:32:19] BFGS updates skipped 0
[job(1776): 2016-09-10 01:32:19] active bounds at final generalized Cauchy point 0
[job(1776): 2016-09-10 01:32:19] norm of the final projected gradient 5.85371e-07
[job(1776): 2016-09-10 01:32:19] final function value -21.9046
[job(1776): 2016-09-10 01:32:19] 
[job(1776): 2016-09-10 01:32:19] F = -21.9046
[job(1776): 2016-09-10 01:32:19] final  value -21.904586 
[job(1776): 2016-09-10 01:32:19] converged
[job(1776): 2016-09-10 01:32:19] [Tune-x] 19: C=0.227; sigma=0.112
[job(1776): 2016-09-10 01:32:19] [Tune-y] 19: acc.test.mean=0.713; time: 0.0 min; memory: 117Mb use, 185Mb max
[job(1776): 2016-09-10 01:32:19] 
[job(1776): 2016-09-10 01:32:19] optimisation start
[job(1776): 2016-09-10 01:32:19] ------------------
[job(1776): 2016-09-10 01:32:19] * estimation method   : MLE 
[job(1776): 2016-09-10 01:32:19] * optimisation method : BFGS 
[job(1776): 2016-09-10 01:32:19] * analytical gradient : used
[job(1776): 2016-09-10 01:32:19] * trend model : ~1
[job(1776): 2016-09-10 01:32:19] * covariance model : 
[job(1776): 2016-09-10 01:32:19]   - type :  matern5_2 
[job(1776): 2016-09-10 01:32:19]   - nugget : NO
[job(1776): 2016-09-10 01:32:19]   - parameters lower bounds :  1e-10 1e-10 
[job(1776): 2016-09-10 01:32:19]   - parameters upper bounds :  46.46322 41.26826 
[job(1776): 2016-09-10 01:32:19]   - best initial criterion value(s) :  -26.97458 
[job(1776): 2016-09-10 01:32:19] 
[job(1776): 2016-09-10 01:32:19] N = 2, M = 5 machine precision = 2.22045e-16
[job(1776): 2016-09-10 01:32:19] At X0, 0 variables are exactly at the bounds
[job(1776): 2016-09-10 01:32:19] At iterate     0  f=       26.975  |proj g|=      0.37181
[job(1776): 2016-09-10 01:32:19] At iterate     1  f =      -1.8159  |proj g|=             0
[job(1776): 2016-09-10 01:32:19] 
[job(1776): 2016-09-10 01:32:19] iterations 1
[job(1776): 2016-09-10 01:32:19] function evaluations 2
[job(1776): 2016-09-10 01:32:19] segments explored during Cauchy searches 2
[job(1776): 2016-09-10 01:32:19] BFGS updates skipped 0
[job(1776): 2016-09-10 01:32:19] active bounds at final generalized Cauchy point 1
[job(1776): 2016-09-10 01:32:19] norm of the final projected gradient 0
[job(1776): 2016-09-10 01:32:19] final function value -1.81587
[job(1776): 2016-09-10 01:32:19] 
[job(1776): 2016-09-10 01:32:19] F = -1.81587
[job(1776): 2016-09-10 01:32:19] final  value -1.815871 
[job(1776): 2016-09-10 01:32:19] converged
[job(1776): 2016-09-10 01:32:19] [Tune-x] 20: C=0.00548; sigma=0.00188
[job(1776): 2016-09-10 01:32:19] [Tune-y] 20: acc.test.mean=0.124; time: 0.0 min; memory: 117Mb use, 185Mb max
[job(1776): 2016-09-10 01:32:19] 
[job(1776): 2016-09-10 01:32:19] optimisation start
[job(1776): 2016-09-10 01:32:19] ------------------
[job(1776): 2016-09-10 01:32:19] * estimation method   : MLE 
[job(1776): 2016-09-10 01:32:19] * optimisation method : BFGS 
[job(1776): 2016-09-10 01:32:19] * analytical gradient : used
[job(1776): 2016-09-10 01:32:19] * trend model : ~1
[job(1776): 2016-09-10 01:32:19] * covariance model : 
[job(1776): 2016-09-10 01:32:19]   - type :  matern5_2 
[job(1776): 2016-09-10 01:32:19]   - nugget : NO
[job(1776): 2016-09-10 01:32:19]   - parameters lower bounds :  1e-10 1e-10 
[job(1776): 2016-09-10 01:32:19]   - parameters upper bounds :  46.46322 41.26826 
[job(1776): 2016-09-10 01:32:19]   - best initial criterion value(s) :  10.318 
[job(1776): 2016-09-10 01:32:19] 
[job(1776): 2016-09-10 01:32:19] N = 2, M = 5 machine precision = 2.22045e-16
[job(1776): 2016-09-10 01:32:19] At X0, 0 variables are exactly at the bounds
[job(1776): 2016-09-10 01:32:19] At iterate     0  f=      -10.318  |proj g|=       8.5669
[job(1776): 2016-09-10 01:32:19] At iterate     1  f =      -10.684  |proj g|=       0.94105
[job(1776): 2016-09-10 01:32:19] At iterate     2  f =      -10.697  |proj g|=       0.91838
[job(1776): 2016-09-10 01:32:19] At iterate     3  f =      -10.712  |proj g|=       0.88137
[job(1776): 2016-09-10 01:32:19] At iterate     4  f =      -10.776  |proj g|=       0.66735
[job(1776): 2016-09-10 01:32:19] At iterate     5  f =      -10.847  |proj g|=       0.41538
[job(1776): 2016-09-10 01:32:19] At iterate     6  f =      -10.903  |proj g|=       0.39992
[job(1776): 2016-09-10 01:32:19] At iterate     7  f =      -10.906  |proj g|=       0.13626
[job(1776): 2016-09-10 01:32:19] At iterate     8  f =      -10.906  |proj g|=     0.0044435
[job(1776): 2016-09-10 01:32:19] At iterate     9  f =      -10.906  |proj g|=    0.00017127
[job(1776): 2016-09-10 01:32:19] At iterate    10  f =      -10.906  |proj g|=     0.0001514
[job(1776): 2016-09-10 01:32:19] 
[job(1776): 2016-09-10 01:32:19] iterations 10
[job(1776): 2016-09-10 01:32:19] function evaluations 13
[job(1776): 2016-09-10 01:32:19] segments explored during Cauchy searches 10
[job(1776): 2016-09-10 01:32:19] BFGS updates skipped 0
[job(1776): 2016-09-10 01:32:19] active bounds at final generalized Cauchy point 0
[job(1776): 2016-09-10 01:32:19] norm of the final projected gradient 0.000151397
[job(1776): 2016-09-10 01:32:19] final function value -10.9062
[job(1776): 2016-09-10 01:32:19] 
[job(1776): 2016-09-10 01:32:19] F = -10.9062
[job(1776): 2016-09-10 01:32:19] final  value -10.906187 
[job(1776): 2016-09-10 01:32:19] converged
[job(1776): 2016-09-10 01:32:19] [Tune-x] 21: C=0.209; sigma=0.151
[job(1776): 2016-09-10 01:32:19] [Tune-y] 21: acc.test.mean=0.687; time: 0.0 min; memory: 117Mb use, 185Mb max
[job(1776): 2016-09-10 01:32:19] 
[job(1776): 2016-09-10 01:32:19] optimisation start
[job(1776): 2016-09-10 01:32:19] ------------------
[job(1776): 2016-09-10 01:32:19] * estimation method   : MLE 
[job(1776): 2016-09-10 01:32:19] * optimisation method : BFGS 
[job(1776): 2016-09-10 01:32:19] * analytical gradient : used
[job(1776): 2016-09-10 01:32:19] * trend model : ~1
[job(1776): 2016-09-10 01:32:19] * covariance model : 
[job(1776): 2016-09-10 01:32:19]   - type :  matern5_2 
[job(1776): 2016-09-10 01:32:19]   - nugget : NO
[job(1776): 2016-09-10 01:32:19]   - parameters lower bounds :  1e-10 1e-10 
[job(1776): 2016-09-10 01:32:19]   - parameters upper bounds :  46.46322 41.26826 
[job(1776): 2016-09-10 01:32:19]   - best initial criterion value(s) :  -15.86428 
[job(1776): 2016-09-10 01:32:19] 
[job(1776): 2016-09-10 01:32:19] N = 2, M = 5 machine precision = 2.22045e-16
[job(1776): 2016-09-10 01:32:19] At X0, 0 variables are exactly at the bounds
[job(1776): 2016-09-10 01:32:19] At iterate     0  f=       15.864  |proj g|=      0.31053
[job(1776): 2016-09-10 01:32:19] At iterate     1  f =     -0.66572  |proj g|=             0
[job(1776): 2016-09-10 01:32:19] 
[job(1776): 2016-09-10 01:32:19] iterations 1
[job(1776): 2016-09-10 01:32:19] function evaluations 2
[job(1776): 2016-09-10 01:32:19] segments explored during Cauchy searches 2
[job(1776): 2016-09-10 01:32:19] BFGS updates skipped 0
[job(1776): 2016-09-10 01:32:19] active bounds at final generalized Cauchy point 1
[job(1776): 2016-09-10 01:32:19] norm of the final projected gradient 0
[job(1776): 2016-09-10 01:32:19] final function value -0.665717
[job(1776): 2016-09-10 01:32:19] 
[job(1776): 2016-09-10 01:32:19] F = -0.665717
[job(1776): 2016-09-10 01:32:19] final  value -0.665717 
[job(1776): 2016-09-10 01:32:19] converged
[job(1776): 2016-09-10 01:32:19] [Tune-x] 22: C=0.0619; sigma=0.0287
[job(1776): 2016-09-10 01:32:19] [Tune-y] 22: acc.test.mean=0.298; time: 0.0 min; memory: 117Mb use, 185Mb max
[job(1776): 2016-09-10 01:32:19] 
[job(1776): 2016-09-10 01:32:19] optimisation start
[job(1776): 2016-09-10 01:32:19] ------------------
[job(1776): 2016-09-10 01:32:19] * estimation method   : MLE 
[job(1776): 2016-09-10 01:32:19] * optimisation method : BFGS 
[job(1776): 2016-09-10 01:32:19] * analytical gradient : used
[job(1776): 2016-09-10 01:32:19] * trend model : ~1
[job(1776): 2016-09-10 01:32:19] * covariance model : 
[job(1776): 2016-09-10 01:32:19]   - type :  matern5_2 
[job(1776): 2016-09-10 01:32:19]   - nugget : NO
[job(1776): 2016-09-10 01:32:19]   - parameters lower bounds :  1e-10 1e-10 
[job(1776): 2016-09-10 01:32:19]   - parameters upper bounds :  46.46322 41.26826 
[job(1776): 2016-09-10 01:32:19]   - best initial criterion value(s) :  -50.37871 
[job(1776): 2016-09-10 01:32:19] 
[job(1776): 2016-09-10 01:32:19] N = 2, M = 5 machine precision = 2.22045e-16
[job(1776): 2016-09-10 01:32:19] At X0, 0 variables are exactly at the bounds
[job(1776): 2016-09-10 01:32:19] At iterate     0  f=       50.379  |proj g|=       3.4325
[job(1776): 2016-09-10 01:32:19] At iterate     1  f =     -0.44704  |proj g|=             0
[job(1776): 2016-09-10 01:32:19] 
[job(1776): 2016-09-10 01:32:19] iterations 1
[job(1776): 2016-09-10 01:32:19] function evaluations 2
[job(1776): 2016-09-10 01:32:19] segments explored during Cauchy searches 2
[job(1776): 2016-09-10 01:32:19] BFGS updates skipped 0
[job(1776): 2016-09-10 01:32:19] active bounds at final generalized Cauchy point 1
[job(1776): 2016-09-10 01:32:19] norm of the final projected gradient 0
[job(1776): 2016-09-10 01:32:19] final function value -0.44704
[job(1776): 2016-09-10 01:32:19] 
[job(1776): 2016-09-10 01:32:19] F = -0.44704
[job(1776): 2016-09-10 01:32:19] final  value -0.447040 
[job(1776): 2016-09-10 01:32:19] converged
[job(1776): 2016-09-10 01:32:19] [Tune-x] 23: C=0.00243; sigma=35.5
[job(1776): 2016-09-10 01:32:19] [Tune-y] 23: acc.test.mean=0.136; time: 0.0 min; memory: 117Mb use, 192Mb max
[job(1776): 2016-09-10 01:32:19] 
[job(1776): 2016-09-10 01:32:19] optimisation start
[job(1776): 2016-09-10 01:32:19] ------------------
[job(1776): 2016-09-10 01:32:19] * estimation method   : MLE 
[job(1776): 2016-09-10 01:32:19] * optimisation method : BFGS 
[job(1776): 2016-09-10 01:32:19] * analytical gradient : used
[job(1776): 2016-09-10 01:32:19] * trend model : ~1
[job(1776): 2016-09-10 01:32:19] * covariance model : 
[job(1776): 2016-09-10 01:32:19]   - type :  matern5_2 
[job(1776): 2016-09-10 01:32:19]   - nugget : NO
[job(1776): 2016-09-10 01:32:19]   - parameters lower bounds :  1e-10 1e-10 
[job(1776): 2016-09-10 01:32:19]   - parameters upper bounds :  46.46322 41.26826 
[job(1776): 2016-09-10 01:32:19]   - best initial criterion value(s) :  0.6050978 
[job(1776): 2016-09-10 01:32:19] 
[job(1776): 2016-09-10 01:32:19] N = 2, M = 5 machine precision = 2.22045e-16
[job(1776): 2016-09-10 01:32:19] At X0, 0 variables are exactly at the bounds
[job(1776): 2016-09-10 01:32:19] At iterate     0  f=      -0.6051  |proj g|=      0.43225
[job(1776): 2016-09-10 01:32:19] At iterate     1  f =      -8.6691  |proj g|=       0.29914
[job(1776): 2016-09-10 01:32:19] At iterate     2  f =      -10.247  |proj g|=       0.26941
[job(1776): 2016-09-10 01:32:19] At iterate     3  f =      -10.247  |proj g|=       0.26992
[job(1776): 2016-09-10 01:32:19] At iterate     4  f =      -10.248  |proj g|=       0.45045
[job(1776): 2016-09-10 01:32:19] At iterate     5  f =       -10.25  |proj g|=        1.0469
[job(1776): 2016-09-10 01:32:19] At iterate     6  f =      -10.254  |proj g|=        2.0986
[job(1776): 2016-09-10 01:32:19] At iterate     7  f =      -10.266  |proj g|=        3.7094
[job(1776): 2016-09-10 01:32:19] At iterate     8  f =      -10.296  |proj g|=        6.2385
[job(1776): 2016-09-10 01:32:19] At iterate     9  f =      -10.371  |proj g|=        9.9141
[job(1776): 2016-09-10 01:32:19] At iterate    10  f =      -10.545  |proj g|=         14.57
[job(1776): 2016-09-10 01:32:19] At iterate    11  f =      -10.835  |proj g|=        17.709
[job(1776): 2016-09-10 01:32:19] At iterate    12  f =      -11.243  |proj g|=        9.2916
[job(1776): 2016-09-10 01:32:19] At iterate    13  f =      -11.324  |proj g|=       0.20937
[job(1776): 2016-09-10 01:32:19] At iterate    14  f =      -11.334  |proj g|=        0.1219
[job(1776): 2016-09-10 01:32:19] At iterate    15  f =      -11.334  |proj g|=     0.0016353
[job(1776): 2016-09-10 01:32:19] At iterate    16  f =      -11.334  |proj g|=    0.00030827
[job(1776): 2016-09-10 01:32:19] 
[job(1776): 2016-09-10 01:32:19] iterations 16
[job(1776): 2016-09-10 01:32:19] function evaluations 19
[job(1776): 2016-09-10 01:32:19] segments explored during Cauchy searches 17
[job(1776): 2016-09-10 01:32:19] BFGS updates skipped 0
[job(1776): 2016-09-10 01:32:19] active bounds at final generalized Cauchy point 0
[job(1776): 2016-09-10 01:32:19] norm of the final projected gradient 0.000308274
[job(1776): 2016-09-10 01:32:19] final function value -11.3337
[job(1776): 2016-09-10 01:32:19] 
[job(1776): 2016-09-10 01:32:19] F = -11.3337
[job(1776): 2016-09-10 01:32:19] final  value -11.333676 
[job(1776): 2016-09-10 01:32:19] converged
[job(1776): 2016-09-10 01:32:19] [Tune-x] 24: C=0.26; sigma=0.0114
[job(1776): 2016-09-10 01:32:19] [Tune-y] 24: acc.test.mean=0.487; time: 0.0 min; memory: 117Mb use, 192Mb max
[job(1776): 2016-09-10 01:32:19] 
[job(1776): 2016-09-10 01:32:19] optimisation start
[job(1776): 2016-09-10 01:32:19] ------------------
[job(1776): 2016-09-10 01:32:19] * estimation method   : MLE 
[job(1776): 2016-09-10 01:32:19] * optimisation method : BFGS 
[job(1776): 2016-09-10 01:32:19] * analytical gradient : used
[job(1776): 2016-09-10 01:32:19] * trend model : ~1
[job(1776): 2016-09-10 01:32:19] * covariance model : 
[job(1776): 2016-09-10 01:32:19]   - type :  matern5_2 
[job(1776): 2016-09-10 01:32:19]   - nugget : NO
[job(1776): 2016-09-10 01:32:19]   - parameters lower bounds :  1e-10 1e-10 
[job(1776): 2016-09-10 01:32:19]   - parameters upper bounds :  46.46322 41.26826 
[job(1776): 2016-09-10 01:32:19]   - best initial criterion value(s) :  -52.03337 
[job(1776): 2016-09-10 01:32:19] 
[job(1776): 2016-09-10 01:32:19] N = 2, M = 5 machine precision = 2.22045e-16
[job(1776): 2016-09-10 01:32:19] At X0, 0 variables are exactly at the bounds
[job(1776): 2016-09-10 01:32:19] At iterate     0  f=       52.033  |proj g|=       2.3343
[job(1776): 2016-09-10 01:32:19] At iterate     1  f =       0.2091  |proj g|=             0
[job(1776): 2016-09-10 01:32:19] 
[job(1776): 2016-09-10 01:32:19] iterations 1
[job(1776): 2016-09-10 01:32:19] function evaluations 2
[job(1776): 2016-09-10 01:32:19] segments explored during Cauchy searches 2
[job(1776): 2016-09-10 01:32:19] BFGS updates skipped 0
[job(1776): 2016-09-10 01:32:19] active bounds at final generalized Cauchy point 1
[job(1776): 2016-09-10 01:32:19] norm of the final projected gradient 0
[job(1776): 2016-09-10 01:32:19] final function value 0.2091
[job(1776): 2016-09-10 01:32:19] 
[job(1776): 2016-09-10 01:32:19] F = 0.2091
[job(1776): 2016-09-10 01:32:19] final  value 0.209100 
[job(1776): 2016-09-10 01:32:19] converged
[job(1776): 2016-09-10 01:32:19] [Tune-x] 25: C=21.7; sigma=0.0219
[job(1776): 2016-09-10 01:32:19] [Tune-y] 25: acc.test.mean=0.72; time: 0.0 min; memory: 117Mb use, 215Mb max
[job(1776): 2016-09-10 01:32:19] 
[job(1776): 2016-09-10 01:32:19] optimisation start
[job(1776): 2016-09-10 01:32:19] ------------------
[job(1776): 2016-09-10 01:32:19] * estimation method   : MLE 
[job(1776): 2016-09-10 01:32:19] * optimisation method : BFGS 
[job(1776): 2016-09-10 01:32:19] * analytical gradient : used
[job(1776): 2016-09-10 01:32:19] * trend model : ~1
[job(1776): 2016-09-10 01:32:19] * covariance model : 
[job(1776): 2016-09-10 01:32:19]   - type :  matern5_2 
[job(1776): 2016-09-10 01:32:19]   - nugget : NO
[job(1776): 2016-09-10 01:32:19]   - parameters lower bounds :  1e-10 1e-10 
[job(1776): 2016-09-10 01:32:19]   - parameters upper bounds :  46.46322 41.26826 
[job(1776): 2016-09-10 01:32:19]   - best initial criterion value(s) :  -30.88284 
[job(1776): 2016-09-10 01:32:19] 
[job(1776): 2016-09-10 01:32:19] N = 2, M = 5 machine precision = 2.22045e-16
[job(1776): 2016-09-10 01:32:19] At X0, 0 variables are exactly at the bounds
[job(1776): 2016-09-10 01:32:19] At iterate     0  f=       30.883  |proj g|=      0.81488
[job(1776): 2016-09-10 01:32:19] At iterate     1  f =    -0.070308  |proj g|=             0
[job(1776): 2016-09-10 01:32:19] 
[job(1776): 2016-09-10 01:32:19] iterations 1
[job(1776): 2016-09-10 01:32:19] function evaluations 2
[job(1776): 2016-09-10 01:32:19] segments explored during Cauchy searches 2
[job(1776): 2016-09-10 01:32:19] BFGS updates skipped 0
[job(1776): 2016-09-10 01:32:19] active bounds at final generalized Cauchy point 1
[job(1776): 2016-09-10 01:32:19] norm of the final projected gradient 0
[job(1776): 2016-09-10 01:32:19] final function value -0.0703085
[job(1776): 2016-09-10 01:32:19] 
[job(1776): 2016-09-10 01:32:19] F = -0.0703085
[job(1776): 2016-09-10 01:32:19] final  value -0.070308 
[job(1776): 2016-09-10 01:32:19] converged
[job(1776): 2016-09-10 01:32:19] [Tune-x] 26: C=25.9; sigma=17.8
[job(1776): 2016-09-10 01:32:19] [Tune-y] 26: acc.test.mean=0.649; time: 0.0 min; memory: 117Mb use, 215Mb max
[job(1776): 2016-09-10 01:32:19] 
[job(1776): 2016-09-10 01:32:19] optimisation start
[job(1776): 2016-09-10 01:32:19] ------------------
[job(1776): 2016-09-10 01:32:19] * estimation method   : MLE 
[job(1776): 2016-09-10 01:32:19] * optimisation method : BFGS 
[job(1776): 2016-09-10 01:32:19] * analytical gradient : used
[job(1776): 2016-09-10 01:32:19] * trend model : ~1
[job(1776): 2016-09-10 01:32:19] * covariance model : 
[job(1776): 2016-09-10 01:32:19]   - type :  matern5_2 
[job(1776): 2016-09-10 01:32:19]   - nugget : NO
[job(1776): 2016-09-10 01:32:19]   - parameters lower bounds :  1e-10 1e-10 
[job(1776): 2016-09-10 01:32:19]   - parameters upper bounds :  46.46322 41.26826 
[job(1776): 2016-09-10 01:32:19]   - best initial criterion value(s) :  -39.15566 
[job(1776): 2016-09-10 01:32:19] 
[job(1776): 2016-09-10 01:32:19] N = 2, M = 5 machine precision = 2.22045e-16
[job(1776): 2016-09-10 01:32:19] At X0, 0 variables are exactly at the bounds
[job(1776): 2016-09-10 01:32:19] At iterate     0  f=       39.156  |proj g|=       1.6958
[job(1776): 2016-09-10 01:32:19] At iterate     1  f =     -0.51995  |proj g|=             0
[job(1776): 2016-09-10 01:32:19] 
[job(1776): 2016-09-10 01:32:19] iterations 1
[job(1776): 2016-09-10 01:32:19] function evaluations 2
[job(1776): 2016-09-10 01:32:19] segments explored during Cauchy searches 2
[job(1776): 2016-09-10 01:32:19] BFGS updates skipped 0
[job(1776): 2016-09-10 01:32:19] active bounds at final generalized Cauchy point 1
[job(1776): 2016-09-10 01:32:19] norm of the final projected gradient 0
[job(1776): 2016-09-10 01:32:19] final function value -0.519955
[job(1776): 2016-09-10 01:32:19] 
[job(1776): 2016-09-10 01:32:19] F = -0.519955
[job(1776): 2016-09-10 01:32:19] final  value -0.519955 
[job(1776): 2016-09-10 01:32:19] converged
[job(1776): 2016-09-10 01:32:19] [Tune-x] 27: C=0.00252; sigma=1.04
[job(1776): 2016-09-10 01:32:19] [Tune-y] 27: acc.test.mean=0.124; time: 0.0 min; memory: 117Mb use, 215Mb max
[job(1776): 2016-09-10 01:32:19] 
[job(1776): 2016-09-10 01:32:19] optimisation start
[job(1776): 2016-09-10 01:32:19] ------------------
[job(1776): 2016-09-10 01:32:19] * estimation method   : MLE 
[job(1776): 2016-09-10 01:32:19] * optimisation method : BFGS 
[job(1776): 2016-09-10 01:32:19] * analytical gradient : used
[job(1776): 2016-09-10 01:32:19] * trend model : ~1
[job(1776): 2016-09-10 01:32:19] * covariance model : 
[job(1776): 2016-09-10 01:32:19]   - type :  matern5_2 
[job(1776): 2016-09-10 01:32:19]   - nugget : NO
[job(1776): 2016-09-10 01:32:19]   - parameters lower bounds :  1e-10 1e-10 
[job(1776): 2016-09-10 01:32:19]   - parameters upper bounds :  46.46322 41.26826 
[job(1776): 2016-09-10 01:32:19]   - best initial criterion value(s) :  -3.5755 
[job(1776): 2016-09-10 01:32:19] 
[job(1776): 2016-09-10 01:32:19] N = 2, M = 5 machine precision = 2.22045e-16
[job(1776): 2016-09-10 01:32:19] At X0, 0 variables are exactly at the bounds
[job(1776): 2016-09-10 01:32:19] At iterate     0  f=       3.5755  |proj g|=       46.403
[job(1776): 2016-09-10 01:32:19] At iterate     1  f =       2.3533  |proj g|=        11.958
[job(1776): 2016-09-10 01:32:19] At iterate     2  f =       2.3205  |proj g|=       0.40136
[job(1776): 2016-09-10 01:32:19] At iterate     3  f =       2.3187  |proj g|=       0.40453
[job(1776): 2016-09-10 01:32:19] At iterate     4  f =       2.3127  |proj g|=        1.7314
[job(1776): 2016-09-10 01:32:19] At iterate     5  f =       2.2698  |proj g|=        8.3044
[job(1776): 2016-09-10 01:32:19] At iterate     6  f =       2.1597  |proj g|=         18.64
[job(1776): 2016-09-10 01:32:19] At iterate     7  f =       1.8693  |proj g|=        35.364
[job(1776): 2016-09-10 01:32:19] At iterate     8  f =       1.1227  |proj g|=        46.404
[job(1776): 2016-09-10 01:32:19] At iterate     9  f =     -0.47177  |proj g|=        46.435
[job(1776): 2016-09-10 01:32:19] At iterate    10  f =      -2.1379  |proj g|=        46.447
[job(1776): 2016-09-10 01:32:19] At iterate    11  f =      -8.5147  |proj g|=        20.436
[job(1776): 2016-09-10 01:32:19] At iterate    12  f =      -8.6452  |proj g|=       0.17536
[job(1776): 2016-09-10 01:32:19] At iterate    13  f =       -9.224  |proj g|=        28.656
[job(1776): 2016-09-10 01:32:19] At iterate    14  f =      -9.2654  |proj g|=        30.978
[job(1776): 2016-09-10 01:32:19] At iterate    15  f =      -9.7164  |proj g|=        29.829
[job(1776): 2016-09-10 01:32:19] At iterate    16  f =      -11.107  |proj g|=       0.48273
[job(1776): 2016-09-10 01:32:19] At iterate    17  f =      -11.521  |proj g|=       0.30799
[job(1776): 2016-09-10 01:32:19] At iterate    18  f =      -11.661  |proj g|=        0.2723
[job(1776): 2016-09-10 01:32:19] At iterate    19  f =      -11.674  |proj g|=        2.0784
[job(1776): 2016-09-10 01:32:19] At iterate    20  f =      -11.683  |proj g|=       0.25739
[job(1776): 2016-09-10 01:32:19] At iterate    21  f =      -11.684  |proj g|=     0.0067718
[job(1776): 2016-09-10 01:32:19] At iterate    22  f =      -11.684  |proj g|=       0.02606
[job(1776): 2016-09-10 01:32:19] At iterate    23  f =      -11.684  |proj g|=     0.0019453
[job(1776): 2016-09-10 01:32:19] At iterate    24  f =      -11.684  |proj g|=     1.203e-05
[job(1776): 2016-09-10 01:32:19] At iterate    25  f =      -11.684  |proj g|=     2.703e-08
[job(1776): 2016-09-10 01:32:19] 
[job(1776): 2016-09-10 01:32:19] iterations 25
[job(1776): 2016-09-10 01:32:19] function evaluations 42
[job(1776): 2016-09-10 01:32:19] segments explored during Cauchy searches 26
[job(1776): 2016-09-10 01:32:19] BFGS updates skipped 0
[job(1776): 2016-09-10 01:32:19] active bounds at final generalized Cauchy point 0
[job(1776): 2016-09-10 01:32:19] norm of the final projected gradient 2.70299e-08
[job(1776): 2016-09-10 01:32:19] final function value -11.684
[job(1776): 2016-09-10 01:32:19] 
[job(1776): 2016-09-10 01:32:19] F = -11.684
[job(1776): 2016-09-10 01:32:19] final  value -11.683955 
[job(1776): 2016-09-10 01:32:19] converged
[job(1776): 2016-09-10 01:32:19] [Tune-x] 28: C=0.187; sigma=0.0843
[job(1776): 2016-09-10 01:32:19] [Tune-y] 28: acc.test.mean=0.724; time: 0.0 min; memory: 117Mb use, 215Mb max
[job(1776): 2016-09-10 01:32:19] 
[job(1776): 2016-09-10 01:32:19] optimisation start
[job(1776): 2016-09-10 01:32:19] ------------------
[job(1776): 2016-09-10 01:32:19] * estimation method   : MLE 
[job(1776): 2016-09-10 01:32:19] * optimisation method : BFGS 
[job(1776): 2016-09-10 01:32:19] * analytical gradient : used
[job(1776): 2016-09-10 01:32:19] * trend model : ~1
[job(1776): 2016-09-10 01:32:19] * covariance model : 
[job(1776): 2016-09-10 01:32:19]   - type :  matern5_2 
[job(1776): 2016-09-10 01:32:19]   - nugget : NO
[job(1776): 2016-09-10 01:32:19]   - parameters lower bounds :  1e-10 1e-10 
[job(1776): 2016-09-10 01:32:19]   - parameters upper bounds :  46.46322 41.26826 
[job(1776): 2016-09-10 01:32:19]   - best initial criterion value(s) :  -62.72397 
[job(1776): 2016-09-10 01:32:19] 
[job(1776): 2016-09-10 01:32:19] N = 2, M = 5 machine precision = 2.22045e-16
[job(1776): 2016-09-10 01:32:19] At X0, 0 variables are exactly at the bounds
[job(1776): 2016-09-10 01:32:19] At iterate     0  f=       62.724  |proj g|=       1.1919
[job(1776): 2016-09-10 01:32:19] At iterate     1  f =      0.34286  |proj g|=             0
[job(1776): 2016-09-10 01:32:19] 
[job(1776): 2016-09-10 01:32:19] iterations 1
[job(1776): 2016-09-10 01:32:19] function evaluations 2
[job(1776): 2016-09-10 01:32:19] segments explored during Cauchy searches 2
[job(1776): 2016-09-10 01:32:19] BFGS updates skipped 0
[job(1776): 2016-09-10 01:32:19] active bounds at final generalized Cauchy point 1
[job(1776): 2016-09-10 01:32:19] norm of the final projected gradient 0
[job(1776): 2016-09-10 01:32:19] final function value 0.342863
[job(1776): 2016-09-10 01:32:19] 
[job(1776): 2016-09-10 01:32:19] F = 0.342863
[job(1776): 2016-09-10 01:32:19] final  value 0.342863 
[job(1776): 2016-09-10 01:32:19] converged
[job(1776): 2016-09-10 01:32:19] [Tune] Result: C=0.223; sigma=0.112 : acc.test.mean=-0.731
[job(1776): 2016-09-10 01:32:19] Job terminated successfully
[job(chunk): 2016-09-10 01:32:20] Calculation finished!
