[job(chunk): 2016-09-09 20:09:14] Starting calculation of 1 jobs
[job(chunk): 2016-09-09 20:09:14] Setting working directory to '/naslx/projects/pr74ze/ri89coc2/svm_comparison'
[job(chunk): 2016-09-09 20:09:14] Memory measurement disabled
[job(255): 2016-09-09 20:09:17] Starting job with job.id=255
[job(255): 2016-09-09 20:36:13] Generating problem instance for problem '23' ...
[job(255): 2016-09-09 20:36:13] Data '23' file 'description.xml' found in cache.
[job(255): 2016-09-09 20:36:13] Data '23' file 'dataset.arff' found in cache.
[job(255): 2016-09-09 20:36:13] Loading required package: readr
[job(255): 2016-09-09 20:36:13] Applying algorithm 'spoc-svc.tuned' on problem '23' ...
[job(255): 2016-09-09 20:36:13] Data '23' file 'description.xml' found in cache.
[job(255): 2016-09-09 20:36:13] Data '23' file 'dataset.arff' found in cache.
[job(255): 2016-09-09 20:36:13] [Tune] Started tuning learner spoc-svc for parameter set:
[job(255): 2016-09-09 20:36:13]          Type len Def    Constr Req Tunable Trafo
[job(255): 2016-09-09 20:36:13] C     numeric   -   - -12 to 12   -    TRUE     Y
[job(255): 2016-09-09 20:36:13] sigma numeric   -   - -12 to 12   -    TRUE     Y
[job(255): 2016-09-09 20:36:13] With control class: TuneControlMBO
[job(255): 2016-09-09 20:36:13] Imputation value: -0
[job(255): 2016-09-09 20:36:13] [Tune-x] 1: C=36.6; sigma=0.00373
[job(255): 2016-09-09 20:36:13] [Tune-y] 1: acc.test.mean=0.452; time: 0.4 min; memory: 112Mb use, 154Mb max
[job(255): 2016-09-09 20:36:13] [Tune-x] 2: C=0.0114; sigma=124
[job(255): 2016-09-09 20:36:13] [Tune-y] 2: acc.test.mean=0.403; time: 0.0 min; memory: 113Mb use, 160Mb max
[job(255): 2016-09-09 20:36:13] [Tune-x] 3: C=264; sigma=0.647
[job(255): 2016-09-09 20:36:13] [Tune-y] 3: acc.test.mean=0.44; time: 0.4 min; memory: 113Mb use, 160Mb max
[job(255): 2016-09-09 20:36:13] [Tune-x] 4: C=0.126; sigma=3.47
[job(255): 2016-09-09 20:36:13] [Tune-y] 4: acc.test.mean=0.434; time: 0.0 min; memory: 113Mb use, 160Mb max
[job(255): 2016-09-09 20:36:13] [Tune-x] 5: C=1.46; sigma=813
[job(255): 2016-09-09 20:36:13] [Tune-y] 5: acc.test.mean=0.446; time: 0.0 min; memory: 113Mb use, 160Mb max
[job(255): 2016-09-09 20:36:13] [Tune-x] 6: C=0.0296; sigma=0.000426
[job(255): 2016-09-09 20:36:13] [Tune-y] 6: acc.test.mean=0.38; time: 0.0 min; memory: 113Mb use, 160Mb max
[job(255): 2016-09-09 20:36:13] [Tune-x] 7: C=603; sigma=0.0351
[job(255): 2016-09-09 20:36:13] [Tune-y] 7: acc.test.mean=0.352; time: 4.8 min; memory: 113Mb use, 160Mb max
[job(255): 2016-09-09 20:36:13] [Tune-x] 8: C=0.000335; sigma=27.6
[job(255): 2016-09-09 20:36:13] [Tune-y] 8: acc.test.mean=0.408; time: 0.0 min; memory: 113Mb use, 160Mb max
[job(255): 2016-09-09 20:36:13] 
[job(255): 2016-09-09 20:36:13] optimisation start
[job(255): 2016-09-09 20:36:13] ------------------
[job(255): 2016-09-09 20:36:13] * estimation method   : MLE 
[job(255): 2016-09-09 20:36:13] * optimisation method : BFGS 
[job(255): 2016-09-09 20:36:13] * analytical gradient : used
[job(255): 2016-09-09 20:36:13] * trend model : ~1
[job(255): 2016-09-09 20:36:13] * covariance model : 
[job(255): 2016-09-09 20:36:13]   - type :  matern5_2 
[job(255): 2016-09-09 20:36:13]   - nugget : NO
[job(255): 2016-09-09 20:36:13]   - parameters lower bounds :  1e-10 1e-10 
[job(255): 2016-09-09 20:36:13]   - parameters upper bounds :  41.5549 41.72495 
[job(255): 2016-09-09 20:36:13]   - best initial criterion value(s) :  15.72693 
[job(255): 2016-09-09 20:36:13] 
[job(255): 2016-09-09 20:36:13] N = 2, M = 5 machine precision = 2.22045e-16
[job(255): 2016-09-09 20:36:13] At X0, 0 variables are exactly at the bounds
[job(255): 2016-09-09 20:36:13] At iterate     0  f=      -15.727  |proj g|=      0.58935
[job(255): 2016-09-09 20:36:13] At iterate     1  f =      -15.925  |proj g|=             0
[job(255): 2016-09-09 20:36:13] 
[job(255): 2016-09-09 20:36:13] iterations 1
[job(255): 2016-09-09 20:36:13] function evaluations 2
[job(255): 2016-09-09 20:36:13] segments explored during Cauchy searches 2
[job(255): 2016-09-09 20:36:13] BFGS updates skipped 0
[job(255): 2016-09-09 20:36:13] active bounds at final generalized Cauchy point 1
[job(255): 2016-09-09 20:36:13] norm of the final projected gradient 0
[job(255): 2016-09-09 20:36:13] final function value -15.9246
[job(255): 2016-09-09 20:36:13] 
[job(255): 2016-09-09 20:36:13] F = -15.9246
[job(255): 2016-09-09 20:36:13] final  value -15.924606 
[job(255): 2016-09-09 20:36:13] converged
[job(255): 2016-09-09 20:36:13] [Tune-x] 9: C=1.73e+03; sigma=21.3
[job(255): 2016-09-09 20:36:13] [Tune-y] 9: acc.test.mean=0.413; time: 0.2 min; memory: 116Mb use, 160Mb max
[job(255): 2016-09-09 20:36:13] 
[job(255): 2016-09-09 20:36:13] optimisation start
[job(255): 2016-09-09 20:36:13] ------------------
[job(255): 2016-09-09 20:36:13] * estimation method   : MLE 
[job(255): 2016-09-09 20:36:13] * optimisation method : BFGS 
[job(255): 2016-09-09 20:36:13] * analytical gradient : used
[job(255): 2016-09-09 20:36:13] * trend model : ~1
[job(255): 2016-09-09 20:36:13] * covariance model : 
[job(255): 2016-09-09 20:36:13]   - type :  matern5_2 
[job(255): 2016-09-09 20:36:13]   - nugget : NO
[job(255): 2016-09-09 20:36:13]   - parameters lower bounds :  1e-10 1e-10 
[job(255): 2016-09-09 20:36:13]   - parameters upper bounds :  44.59988 41.72495 
[job(255): 2016-09-09 20:36:13]   - best initial criterion value(s) :  18.54499 
[job(255): 2016-09-09 20:36:13] 
[job(255): 2016-09-09 20:36:13] N = 2, M = 5 machine precision = 2.22045e-16
[job(255): 2016-09-09 20:36:13] At X0, 0 variables are exactly at the bounds
[job(255): 2016-09-09 20:36:13] At iterate     0  f=      -18.545  |proj g|=      0.52634
[job(255): 2016-09-09 20:36:13] At iterate     1  f =      -18.606  |proj g|=       0.22968
[job(255): 2016-09-09 20:36:13] At iterate     2  f =      -18.629  |proj g|=      0.050448
[job(255): 2016-09-09 20:36:13] At iterate     3  f =       -18.63  |proj g|=      0.011907
[job(255): 2016-09-09 20:36:13] At iterate     4  f =       -18.63  |proj g|=      0.011814
[job(255): 2016-09-09 20:36:13] At iterate     5  f =      -18.631  |proj g|=      0.013508
[job(255): 2016-09-09 20:36:13] At iterate     6  f =      -18.632  |proj g|=      0.039715
[job(255): 2016-09-09 20:36:13] At iterate     7  f =      -18.635  |proj g|=       0.08086
[job(255): 2016-09-09 20:36:13] At iterate     8  f =      -18.641  |proj g|=       0.14461
[job(255): 2016-09-09 20:36:13] At iterate     9  f =      -18.658  |proj g|=        0.2406
[job(255): 2016-09-09 20:36:13] At iterate    10  f =      -18.697  |proj g|=       0.37494
[job(255): 2016-09-09 20:36:13] At iterate    11  f =      -18.748  |proj g|=       0.35332
[job(255): 2016-09-09 20:36:13] At iterate    12  f =      -18.787  |proj g|=      0.067386
[job(255): 2016-09-09 20:36:13] At iterate    13  f =      -18.788  |proj g|=     0.0065947
[job(255): 2016-09-09 20:36:13] At iterate    14  f =      -18.788  |proj g|=     5.827e-05
[job(255): 2016-09-09 20:36:13] At iterate    15  f =      -18.788  |proj g|=    5.8253e-08
[job(255): 2016-09-09 20:36:13] 
[job(255): 2016-09-09 20:36:13] iterations 15
[job(255): 2016-09-09 20:36:13] function evaluations 16
[job(255): 2016-09-09 20:36:13] segments explored during Cauchy searches 15
[job(255): 2016-09-09 20:36:13] BFGS updates skipped 0
[job(255): 2016-09-09 20:36:13] active bounds at final generalized Cauchy point 1
[job(255): 2016-09-09 20:36:13] norm of the final projected gradient 5.82531e-08
[job(255): 2016-09-09 20:36:13] final function value -18.7882
[job(255): 2016-09-09 20:36:13] 
[job(255): 2016-09-09 20:36:13] F = -18.7882
[job(255): 2016-09-09 20:36:13] final  value -18.788153 
[job(255): 2016-09-09 20:36:13] converged
[job(255): 2016-09-09 20:36:13] [Tune-x] 10: C=38.3; sigma=0.00371
[job(255): 2016-09-09 20:36:13] [Tune-y] 10: acc.test.mean=0.427; time: 0.4 min; memory: 116Mb use, 160Mb max
[job(255): 2016-09-09 20:36:13] 
[job(255): 2016-09-09 20:36:13] optimisation start
[job(255): 2016-09-09 20:36:13] ------------------
[job(255): 2016-09-09 20:36:13] * estimation method   : MLE 
[job(255): 2016-09-09 20:36:13] * optimisation method : BFGS 
[job(255): 2016-09-09 20:36:13] * analytical gradient : used
[job(255): 2016-09-09 20:36:13] * trend model : ~1
[job(255): 2016-09-09 20:36:13] * covariance model : 
[job(255): 2016-09-09 20:36:13]   - type :  matern5_2 
[job(255): 2016-09-09 20:36:13]   - nugget : NO
[job(255): 2016-09-09 20:36:13]   - parameters lower bounds :  1e-10 1e-10 
[job(255): 2016-09-09 20:36:13]   - parameters upper bounds :  44.59988 41.72495 
[job(255): 2016-09-09 20:36:13]   - best initial criterion value(s) :  2.057682 
[job(255): 2016-09-09 20:36:13] 
[job(255): 2016-09-09 20:36:13] N = 2, M = 5 machine precision = 2.22045e-16
[job(255): 2016-09-09 20:36:13] At X0, 0 variables are exactly at the bounds
[job(255): 2016-09-09 20:36:13] At iterate     0  f=      -2.0577  |proj g|=       2.7828
[job(255): 2016-09-09 20:36:13] At iterate     1  f =      -20.939  |proj g|=             0
[job(255): 2016-09-09 20:36:13] 
[job(255): 2016-09-09 20:36:13] iterations 1
[job(255): 2016-09-09 20:36:13] function evaluations 2
[job(255): 2016-09-09 20:36:13] segments explored during Cauchy searches 2
[job(255): 2016-09-09 20:36:13] BFGS updates skipped 0
[job(255): 2016-09-09 20:36:13] active bounds at final generalized Cauchy point 1
[job(255): 2016-09-09 20:36:13] norm of the final projected gradient 0
[job(255): 2016-09-09 20:36:13] final function value -20.9393
[job(255): 2016-09-09 20:36:13] 
[job(255): 2016-09-09 20:36:13] F = -20.9393
[job(255): 2016-09-09 20:36:13] final  value -20.939342 
[job(255): 2016-09-09 20:36:13] converged
[job(255): 2016-09-09 20:36:13] [Tune-x] 11: C=25.9; sigma=0.0287
[job(255): 2016-09-09 20:36:13] [Tune-y] 11: acc.test.mean=0.475; time: 0.2 min; memory: 116Mb use, 160Mb max
[job(255): 2016-09-09 20:36:13] 
[job(255): 2016-09-09 20:36:13] optimisation start
[job(255): 2016-09-09 20:36:13] ------------------
[job(255): 2016-09-09 20:36:13] * estimation method   : MLE 
[job(255): 2016-09-09 20:36:13] * optimisation method : BFGS 
[job(255): 2016-09-09 20:36:13] * analytical gradient : used
[job(255): 2016-09-09 20:36:13] * trend model : ~1
[job(255): 2016-09-09 20:36:13] * covariance model : 
[job(255): 2016-09-09 20:36:13]   - type :  matern5_2 
[job(255): 2016-09-09 20:36:13]   - nugget : NO
[job(255): 2016-09-09 20:36:13]   - parameters lower bounds :  1e-10 1e-10 
[job(255): 2016-09-09 20:36:13]   - parameters upper bounds :  44.59988 41.72495 
[job(255): 2016-09-09 20:36:13]   - best initial criterion value(s) :  5.084217 
[job(255): 2016-09-09 20:36:13] 
[job(255): 2016-09-09 20:36:13] N = 2, M = 5 machine precision = 2.22045e-16
[job(255): 2016-09-09 20:36:13] At X0, 0 variables are exactly at the bounds
[job(255): 2016-09-09 20:36:13] At iterate     0  f=      -5.0842  |proj g|=       1.4947
[job(255): 2016-09-09 20:36:13] At iterate     1  f =      -21.848  |proj g|=             0
[job(255): 2016-09-09 20:36:13] 
[job(255): 2016-09-09 20:36:13] iterations 1
[job(255): 2016-09-09 20:36:13] function evaluations 2
[job(255): 2016-09-09 20:36:13] segments explored during Cauchy searches 2
[job(255): 2016-09-09 20:36:13] BFGS updates skipped 0
[job(255): 2016-09-09 20:36:13] active bounds at final generalized Cauchy point 1
[job(255): 2016-09-09 20:36:13] norm of the final projected gradient 0
[job(255): 2016-09-09 20:36:13] final function value -21.8483
[job(255): 2016-09-09 20:36:13] 
[job(255): 2016-09-09 20:36:13] F = -21.8483
[job(255): 2016-09-09 20:36:13] final  value -21.848304 
[job(255): 2016-09-09 20:36:13] converged
[job(255): 2016-09-09 20:36:13] [Tune-x] 12: C=5.34; sigma=0.0717
[job(255): 2016-09-09 20:36:13] [Tune-y] 12: acc.test.mean=0.526; time: 0.1 min; memory: 116Mb use, 160Mb max
[job(255): 2016-09-09 20:36:13] 
[job(255): 2016-09-09 20:36:13] optimisation start
[job(255): 2016-09-09 20:36:13] ------------------
[job(255): 2016-09-09 20:36:13] * estimation method   : MLE 
[job(255): 2016-09-09 20:36:13] * optimisation method : BFGS 
[job(255): 2016-09-09 20:36:13] * analytical gradient : used
[job(255): 2016-09-09 20:36:13] * trend model : ~1
[job(255): 2016-09-09 20:36:13] * covariance model : 
[job(255): 2016-09-09 20:36:13]   - type :  matern5_2 
[job(255): 2016-09-09 20:36:13]   - nugget : NO
[job(255): 2016-09-09 20:36:13]   - parameters lower bounds :  1e-10 1e-10 
[job(255): 2016-09-09 20:36:13]   - parameters upper bounds :  44.59988 41.72495 
[job(255): 2016-09-09 20:36:13]   - best initial criterion value(s) :  11.36462 
[job(255): 2016-09-09 20:36:13] 
[job(255): 2016-09-09 20:36:13] N = 2, M = 5 machine precision = 2.22045e-16
[job(255): 2016-09-09 20:36:13] At X0, 0 variables are exactly at the bounds
[job(255): 2016-09-09 20:36:13] At iterate     0  f=      -11.365  |proj g|=      0.99675
[job(255): 2016-09-09 20:36:13] At iterate     1  f =       -20.69  |proj g|=             0
[job(255): 2016-09-09 20:36:13] 
[job(255): 2016-09-09 20:36:13] iterations 1
[job(255): 2016-09-09 20:36:13] function evaluations 2
[job(255): 2016-09-09 20:36:13] segments explored during Cauchy searches 2
[job(255): 2016-09-09 20:36:13] BFGS updates skipped 0
[job(255): 2016-09-09 20:36:13] active bounds at final generalized Cauchy point 1
[job(255): 2016-09-09 20:36:13] norm of the final projected gradient 0
[job(255): 2016-09-09 20:36:13] final function value -20.6903
[job(255): 2016-09-09 20:36:13] 
[job(255): 2016-09-09 20:36:13] F = -20.6903
[job(255): 2016-09-09 20:36:13] final  value -20.690254 
[job(255): 2016-09-09 20:36:13] converged
[job(255): 2016-09-09 20:36:13] [Tune-x] 13: C=0.493; sigma=0.000331
[job(255): 2016-09-09 20:36:13] [Tune-y] 13: acc.test.mean=0.386; time: 0.0 min; memory: 116Mb use, 160Mb max
[job(255): 2016-09-09 20:36:13] 
[job(255): 2016-09-09 20:36:13] optimisation start
[job(255): 2016-09-09 20:36:13] ------------------
[job(255): 2016-09-09 20:36:13] * estimation method   : MLE 
[job(255): 2016-09-09 20:36:13] * optimisation method : BFGS 
[job(255): 2016-09-09 20:36:13] * analytical gradient : used
[job(255): 2016-09-09 20:36:13] * trend model : ~1
[job(255): 2016-09-09 20:36:13] * covariance model : 
[job(255): 2016-09-09 20:36:13]   - type :  matern5_2 
[job(255): 2016-09-09 20:36:13]   - nugget : NO
[job(255): 2016-09-09 20:36:13]   - parameters lower bounds :  1e-10 1e-10 
[job(255): 2016-09-09 20:36:13]   - parameters upper bounds :  44.59988 42.45845 
[job(255): 2016-09-09 20:36:13]   - best initial criterion value(s) :  19.80323 
[job(255): 2016-09-09 20:36:13] 
[job(255): 2016-09-09 20:36:13] N = 2, M = 5 machine precision = 2.22045e-16
[job(255): 2016-09-09 20:36:13] At X0, 0 variables are exactly at the bounds
[job(255): 2016-09-09 20:36:13] At iterate     0  f=      -19.803  |proj g|=      0.52414
[job(255): 2016-09-09 20:36:13] At iterate     1  f =      -22.445  |proj g|=             0
[job(255): 2016-09-09 20:36:13] 
[job(255): 2016-09-09 20:36:13] iterations 1
[job(255): 2016-09-09 20:36:13] function evaluations 2
[job(255): 2016-09-09 20:36:13] segments explored during Cauchy searches 2
[job(255): 2016-09-09 20:36:13] BFGS updates skipped 0
[job(255): 2016-09-09 20:36:13] active bounds at final generalized Cauchy point 1
[job(255): 2016-09-09 20:36:13] norm of the final projected gradient 0
[job(255): 2016-09-09 20:36:13] final function value -22.4451
[job(255): 2016-09-09 20:36:13] 
[job(255): 2016-09-09 20:36:13] F = -22.4451
[job(255): 2016-09-09 20:36:13] final  value -22.445061 
[job(255): 2016-09-09 20:36:13] converged
[job(255): 2016-09-09 20:36:13] [Tune-x] 14: C=0.149; sigma=170
[job(255): 2016-09-09 20:36:13] [Tune-y] 14: acc.test.mean=0.422; time: 0.0 min; memory: 116Mb use, 160Mb max
[job(255): 2016-09-09 20:36:13] 
[job(255): 2016-09-09 20:36:13] optimisation start
[job(255): 2016-09-09 20:36:13] ------------------
[job(255): 2016-09-09 20:36:13] * estimation method   : MLE 
[job(255): 2016-09-09 20:36:13] * optimisation method : BFGS 
[job(255): 2016-09-09 20:36:13] * analytical gradient : used
[job(255): 2016-09-09 20:36:13] * trend model : ~1
[job(255): 2016-09-09 20:36:13] * covariance model : 
[job(255): 2016-09-09 20:36:13]   - type :  matern5_2 
[job(255): 2016-09-09 20:36:13]   - nugget : NO
[job(255): 2016-09-09 20:36:13]   - parameters lower bounds :  1e-10 1e-10 
[job(255): 2016-09-09 20:36:13]   - parameters upper bounds :  44.59988 42.45845 
[job(255): 2016-09-09 20:36:13]   - best initial criterion value(s) :  24.80111 
[job(255): 2016-09-09 20:36:13] 
[job(255): 2016-09-09 20:36:13] N = 2, M = 5 machine precision = 2.22045e-16
[job(255): 2016-09-09 20:36:13] At X0, 0 variables are exactly at the bounds
[job(255): 2016-09-09 20:36:13] At iterate     0  f=      -24.801  |proj g|=      0.21494
[job(255): 2016-09-09 20:36:13] At iterate     1  f =      -24.863  |proj g|=       0.16982
[job(255): 2016-09-09 20:36:13] At iterate     2  f =      -24.883  |proj g|=       0.44651
[job(255): 2016-09-09 20:36:13] At iterate     3  f =      -24.885  |proj g|=       0.13431
[job(255): 2016-09-09 20:36:13] At iterate     4  f =      -24.885  |proj g|=      0.019725
[job(255): 2016-09-09 20:36:13] At iterate     5  f =      -24.885  |proj g|=     0.0010751
[job(255): 2016-09-09 20:36:13] At iterate     6  f =      -24.885  |proj g|=     2.653e-05
[job(255): 2016-09-09 20:36:13] 
[job(255): 2016-09-09 20:36:13] iterations 6
[job(255): 2016-09-09 20:36:13] function evaluations 8
[job(255): 2016-09-09 20:36:13] segments explored during Cauchy searches 7
[job(255): 2016-09-09 20:36:13] BFGS updates skipped 0
[job(255): 2016-09-09 20:36:13] active bounds at final generalized Cauchy point 0
[job(255): 2016-09-09 20:36:13] norm of the final projected gradient 2.65296e-05
[job(255): 2016-09-09 20:36:13] final function value -24.8852
[job(255): 2016-09-09 20:36:13] 
[job(255): 2016-09-09 20:36:13] F = -24.8852
[job(255): 2016-09-09 20:36:13] final  value -24.885159 
[job(255): 2016-09-09 20:36:13] converged
[job(255): 2016-09-09 20:36:13] [Tune-x] 15: C=5.34; sigma=0.0698
[job(255): 2016-09-09 20:36:13] [Tune-y] 15: acc.test.mean=0.428; time: 0.1 min; memory: 116Mb use, 160Mb max
[job(255): 2016-09-09 20:36:13] 
[job(255): 2016-09-09 20:36:13] optimisation start
[job(255): 2016-09-09 20:36:13] ------------------
[job(255): 2016-09-09 20:36:13] * estimation method   : MLE 
[job(255): 2016-09-09 20:36:13] * optimisation method : BFGS 
[job(255): 2016-09-09 20:36:13] * analytical gradient : used
[job(255): 2016-09-09 20:36:13] * trend model : ~1
[job(255): 2016-09-09 20:36:13] * covariance model : 
[job(255): 2016-09-09 20:36:13]   - type :  matern5_2 
[job(255): 2016-09-09 20:36:13]   - nugget : NO
[job(255): 2016-09-09 20:36:13]   - parameters lower bounds :  1e-10 1e-10 
[job(255): 2016-09-09 20:36:13]   - parameters upper bounds :  44.59988 42.45845 
[job(255): 2016-09-09 20:36:13]   - best initial criterion value(s) :  17.48911 
[job(255): 2016-09-09 20:36:13] 
[job(255): 2016-09-09 20:36:13] N = 2, M = 5 machine precision = 2.22045e-16
[job(255): 2016-09-09 20:36:13] At X0, 0 variables are exactly at the bounds
[job(255): 2016-09-09 20:36:13] At iterate     0  f=      -17.489  |proj g|=      0.10369
[job(255): 2016-09-09 20:36:13] At iterate     1  f =      -26.965  |proj g|=             0
[job(255): 2016-09-09 20:36:13] 
[job(255): 2016-09-09 20:36:13] iterations 1
[job(255): 2016-09-09 20:36:13] function evaluations 2
[job(255): 2016-09-09 20:36:13] segments explored during Cauchy searches 2
[job(255): 2016-09-09 20:36:13] BFGS updates skipped 0
[job(255): 2016-09-09 20:36:13] active bounds at final generalized Cauchy point 1
[job(255): 2016-09-09 20:36:13] norm of the final projected gradient 0
[job(255): 2016-09-09 20:36:13] final function value -26.9651
[job(255): 2016-09-09 20:36:13] 
[job(255): 2016-09-09 20:36:13] F = -26.9651
[job(255): 2016-09-09 20:36:13] final  value -26.965118 
[job(255): 2016-09-09 20:36:13] converged
[job(255): 2016-09-09 20:36:13] [Tune-x] 16: C=2.06e+03; sigma=0.00537
[job(255): 2016-09-09 20:36:13] [Tune-y] 16: acc.test.mean=0.401; time: 19.4 min; memory: 116Mb use, 160Mb max
[job(255): 2016-09-09 20:36:13] 
[job(255): 2016-09-09 20:36:13] optimisation start
[job(255): 2016-09-09 20:36:13] ------------------
[job(255): 2016-09-09 20:36:13] * estimation method   : MLE 
[job(255): 2016-09-09 20:36:13] * optimisation method : BFGS 
[job(255): 2016-09-09 20:36:13] * analytical gradient : used
[job(255): 2016-09-09 20:36:13] * trend model : ~1
[job(255): 2016-09-09 20:36:13] * covariance model : 
[job(255): 2016-09-09 20:36:13]   - type :  matern5_2 
[job(255): 2016-09-09 20:36:13]   - nugget : NO
[job(255): 2016-09-09 20:36:13]   - parameters lower bounds :  1e-10 1e-10 
[job(255): 2016-09-09 20:36:13]   - parameters upper bounds :  45.1028 42.45845 
[job(255): 2016-09-09 20:36:13]   - best initial criterion value(s) :  2.529063 
[job(255): 2016-09-09 20:36:13] 
[job(255): 2016-09-09 20:36:13] N = 2, M = 5 machine precision = 2.22045e-16
[job(255): 2016-09-09 20:36:13] At X0, 0 variables are exactly at the bounds
[job(255): 2016-09-09 20:36:13] At iterate     0  f=      -2.5291  |proj g|=      0.36986
[job(255): 2016-09-09 20:36:13] At iterate     1  f =      -29.078  |proj g|=             0
[job(255): 2016-09-09 20:36:13] 
[job(255): 2016-09-09 20:36:13] iterations 1
[job(255): 2016-09-09 20:36:13] function evaluations 2
[job(255): 2016-09-09 20:36:13] segments explored during Cauchy searches 2
[job(255): 2016-09-09 20:36:13] BFGS updates skipped 0
[job(255): 2016-09-09 20:36:13] active bounds at final generalized Cauchy point 1
[job(255): 2016-09-09 20:36:13] norm of the final projected gradient 0
[job(255): 2016-09-09 20:36:13] final function value -29.0783
[job(255): 2016-09-09 20:36:13] 
[job(255): 2016-09-09 20:36:13] F = -29.0783
[job(255): 2016-09-09 20:36:13] final  value -29.078338 
[job(255): 2016-09-09 20:36:13] converged
[job(255): 2016-09-09 20:36:13] [Tune-x] 17: C=102; sigma=92.4
[job(255): 2016-09-09 20:36:13] [Tune-y] 17: acc.test.mean=0.417; time: 0.0 min; memory: 116Mb use, 160Mb max
[job(255): 2016-09-09 20:36:13] 
[job(255): 2016-09-09 20:36:13] optimisation start
[job(255): 2016-09-09 20:36:13] ------------------
[job(255): 2016-09-09 20:36:13] * estimation method   : MLE 
[job(255): 2016-09-09 20:36:13] * optimisation method : BFGS 
[job(255): 2016-09-09 20:36:13] * analytical gradient : used
[job(255): 2016-09-09 20:36:13] * trend model : ~1
[job(255): 2016-09-09 20:36:13] * covariance model : 
[job(255): 2016-09-09 20:36:13]   - type :  matern5_2 
[job(255): 2016-09-09 20:36:13]   - nugget : NO
[job(255): 2016-09-09 20:36:13]   - parameters lower bounds :  1e-10 1e-10 
[job(255): 2016-09-09 20:36:13]   - parameters upper bounds :  45.1028 42.45845 
[job(255): 2016-09-09 20:36:13]   - best initial criterion value(s) :  31.51799 
[job(255): 2016-09-09 20:36:13] 
[job(255): 2016-09-09 20:36:13] N = 2, M = 5 machine precision = 2.22045e-16
[job(255): 2016-09-09 20:36:13] At X0, 0 variables are exactly at the bounds
[job(255): 2016-09-09 20:36:13] At iterate     0  f=      -31.518  |proj g|=     0.016525
[job(255): 2016-09-09 20:36:13] At iterate     1  f =      -31.553  |proj g|=      0.013286
[job(255): 2016-09-09 20:36:13] At iterate     2  f =      -31.553  |proj g|=      0.013192
[job(255): 2016-09-09 20:36:13] At iterate     3  f =      -31.553  |proj g|=    0.00031888
[job(255): 2016-09-09 20:36:13] At iterate     4  f =      -31.553  |proj g|=     1.686e-07
[job(255): 2016-09-09 20:36:13] 
[job(255): 2016-09-09 20:36:13] iterations 4
[job(255): 2016-09-09 20:36:13] function evaluations 6
[job(255): 2016-09-09 20:36:13] segments explored during Cauchy searches 5
[job(255): 2016-09-09 20:36:13] BFGS updates skipped 0
[job(255): 2016-09-09 20:36:13] active bounds at final generalized Cauchy point 0
[job(255): 2016-09-09 20:36:13] norm of the final projected gradient 1.68599e-07
[job(255): 2016-09-09 20:36:13] final function value -31.5528
[job(255): 2016-09-09 20:36:13] 
[job(255): 2016-09-09 20:36:13] F = -31.5528
[job(255): 2016-09-09 20:36:13] final  value -31.552846 
[job(255): 2016-09-09 20:36:13] converged
[job(255): 2016-09-09 20:36:13] [Tune-x] 18: C=5.92; sigma=0.0717
[job(255): 2016-09-09 20:36:13] [Tune-y] 18: acc.test.mean=0.385; time: 0.1 min; memory: 116Mb use, 160Mb max
[job(255): 2016-09-09 20:36:13] 
[job(255): 2016-09-09 20:36:13] optimisation start
[job(255): 2016-09-09 20:36:13] ------------------
[job(255): 2016-09-09 20:36:13] * estimation method   : MLE 
[job(255): 2016-09-09 20:36:13] * optimisation method : BFGS 
[job(255): 2016-09-09 20:36:13] * analytical gradient : used
[job(255): 2016-09-09 20:36:13] * trend model : ~1
[job(255): 2016-09-09 20:36:13] * covariance model : 
[job(255): 2016-09-09 20:36:13]   - type :  matern5_2 
[job(255): 2016-09-09 20:36:13]   - nugget : NO
[job(255): 2016-09-09 20:36:13]   - parameters lower bounds :  1e-10 1e-10 
[job(255): 2016-09-09 20:36:13]   - parameters upper bounds :  45.1028 42.45845 
[job(255): 2016-09-09 20:36:13]   - best initial criterion value(s) :  -37.88273 
[job(255): 2016-09-09 20:36:13] 
[job(255): 2016-09-09 20:36:13] N = 2, M = 5 machine precision = 2.22045e-16
[job(255): 2016-09-09 20:36:13] At X0, 0 variables are exactly at the bounds
[job(255): 2016-09-09 20:36:13] At iterate     0  f=       37.883  |proj g|=       4.0277
[job(255): 2016-09-09 20:36:13] At iterate     1  f =      -33.251  |proj g|=             0
[job(255): 2016-09-09 20:36:13] 
[job(255): 2016-09-09 20:36:13] iterations 1
[job(255): 2016-09-09 20:36:13] function evaluations 2
[job(255): 2016-09-09 20:36:13] segments explored during Cauchy searches 2
[job(255): 2016-09-09 20:36:13] BFGS updates skipped 0
[job(255): 2016-09-09 20:36:13] active bounds at final generalized Cauchy point 1
[job(255): 2016-09-09 20:36:13] norm of the final projected gradient 0
[job(255): 2016-09-09 20:36:13] final function value -33.2511
[job(255): 2016-09-09 20:36:13] 
[job(255): 2016-09-09 20:36:13] F = -33.2511
[job(255): 2016-09-09 20:36:13] final  value -33.251073 
[job(255): 2016-09-09 20:36:13] converged
[job(255): 2016-09-09 20:36:13] [Tune-x] 19: C=0.0167; sigma=0.134
[job(255): 2016-09-09 20:36:13] [Tune-y] 19: acc.test.mean=0.515; time: 0.0 min; memory: 116Mb use, 160Mb max
[job(255): 2016-09-09 20:36:13] 
[job(255): 2016-09-09 20:36:13] optimisation start
[job(255): 2016-09-09 20:36:13] ------------------
[job(255): 2016-09-09 20:36:13] * estimation method   : MLE 
[job(255): 2016-09-09 20:36:13] * optimisation method : BFGS 
[job(255): 2016-09-09 20:36:13] * analytical gradient : used
[job(255): 2016-09-09 20:36:13] * trend model : ~1
[job(255): 2016-09-09 20:36:13] * covariance model : 
[job(255): 2016-09-09 20:36:13]   - type :  matern5_2 
[job(255): 2016-09-09 20:36:13]   - nugget : NO
[job(255): 2016-09-09 20:36:13]   - parameters lower bounds :  1e-10 1e-10 
[job(255): 2016-09-09 20:36:13]   - parameters upper bounds :  45.1028 42.45845 
[job(255): 2016-09-09 20:36:13]   - best initial criterion value(s) :  -40.01503 
[job(255): 2016-09-09 20:36:13] 
[job(255): 2016-09-09 20:36:13] N = 2, M = 5 machine precision = 2.22045e-16
[job(255): 2016-09-09 20:36:13] At X0, 0 variables are exactly at the bounds
[job(255): 2016-09-09 20:36:13] At iterate     0  f=       40.015  |proj g|=       2.9319
[job(255): 2016-09-09 20:36:13] At iterate     1  f =       29.688  |proj g|=         1.285
[job(255): 2016-09-09 20:36:13] At iterate     2  f =       29.024  |proj g|=        1.3428
[job(255): 2016-09-09 20:36:13] At iterate     3  f =      -33.019  |proj g|=             0
[job(255): 2016-09-09 20:36:13] 
[job(255): 2016-09-09 20:36:13] iterations 3
[job(255): 2016-09-09 20:36:13] function evaluations 7
[job(255): 2016-09-09 20:36:13] segments explored during Cauchy searches 3
[job(255): 2016-09-09 20:36:13] BFGS updates skipped 0
[job(255): 2016-09-09 20:36:13] active bounds at final generalized Cauchy point 0
[job(255): 2016-09-09 20:36:13] norm of the final projected gradient 0
[job(255): 2016-09-09 20:36:13] final function value -33.0189
[job(255): 2016-09-09 20:36:13] 
[job(255): 2016-09-09 20:36:13] F = -33.0189
[job(255): 2016-09-09 20:36:13] final  value -33.018932 
[job(255): 2016-09-09 20:36:13] converged
[job(255): 2016-09-09 20:36:13] [Tune-x] 20: C=0.00131; sigma=0.00125
[job(255): 2016-09-09 20:36:13] [Tune-y] 20: acc.test.mean=0.398; time: 0.0 min; memory: 116Mb use, 160Mb max
[job(255): 2016-09-09 20:36:13] 
[job(255): 2016-09-09 20:36:13] optimisation start
[job(255): 2016-09-09 20:36:13] ------------------
[job(255): 2016-09-09 20:36:13] * estimation method   : MLE 
[job(255): 2016-09-09 20:36:13] * optimisation method : BFGS 
[job(255): 2016-09-09 20:36:13] * analytical gradient : used
[job(255): 2016-09-09 20:36:13] * trend model : ~1
[job(255): 2016-09-09 20:36:13] * covariance model : 
[job(255): 2016-09-09 20:36:13]   - type :  matern5_2 
[job(255): 2016-09-09 20:36:13]   - nugget : NO
[job(255): 2016-09-09 20:36:13]   - parameters lower bounds :  1e-10 1e-10 
[job(255): 2016-09-09 20:36:13]   - parameters upper bounds :  45.1028 42.45845 
[job(255): 2016-09-09 20:36:13]   - best initial criterion value(s) :  -40.67177 
[job(255): 2016-09-09 20:36:13] 
[job(255): 2016-09-09 20:36:13] N = 2, M = 5 machine precision = 2.22045e-16
[job(255): 2016-09-09 20:36:13] At X0, 0 variables are exactly at the bounds
[job(255): 2016-09-09 20:36:13] At iterate     0  f=       40.672  |proj g|=       2.2029
[job(255): 2016-09-09 20:36:13] At iterate     1  f =        33.68  |proj g|=        3.5881
[job(255): 2016-09-09 20:36:13] At iterate     2  f =      -35.036  |proj g|=             0
[job(255): 2016-09-09 20:36:13] 
[job(255): 2016-09-09 20:36:13] iterations 2
[job(255): 2016-09-09 20:36:13] function evaluations 3
[job(255): 2016-09-09 20:36:13] segments explored during Cauchy searches 2
[job(255): 2016-09-09 20:36:13] BFGS updates skipped 0
[job(255): 2016-09-09 20:36:13] active bounds at final generalized Cauchy point 0
[job(255): 2016-09-09 20:36:13] norm of the final projected gradient 0
[job(255): 2016-09-09 20:36:13] final function value -35.0357
[job(255): 2016-09-09 20:36:13] 
[job(255): 2016-09-09 20:36:13] F = -35.0357
[job(255): 2016-09-09 20:36:13] final  value -35.035652 
[job(255): 2016-09-09 20:36:13] converged
[job(255): 2016-09-09 20:36:13] [Tune-x] 21: C=0.000852; sigma=114
[job(255): 2016-09-09 20:36:13] [Tune-y] 21: acc.test.mean=0.407; time: 0.0 min; memory: 116Mb use, 168Mb max
[job(255): 2016-09-09 20:36:13] 
[job(255): 2016-09-09 20:36:13] optimisation start
[job(255): 2016-09-09 20:36:13] ------------------
[job(255): 2016-09-09 20:36:13] * estimation method   : MLE 
[job(255): 2016-09-09 20:36:13] * optimisation method : BFGS 
[job(255): 2016-09-09 20:36:13] * analytical gradient : used
[job(255): 2016-09-09 20:36:13] * trend model : ~1
[job(255): 2016-09-09 20:36:13] * covariance model : 
[job(255): 2016-09-09 20:36:13]   - type :  matern5_2 
[job(255): 2016-09-09 20:36:13]   - nugget : NO
[job(255): 2016-09-09 20:36:13]   - parameters lower bounds :  1e-10 1e-10 
[job(255): 2016-09-09 20:36:13]   - parameters upper bounds :  45.1028 42.45845 
[job(255): 2016-09-09 20:36:13]   - best initial criterion value(s) :  -21.43422 
[job(255): 2016-09-09 20:36:13] 
[job(255): 2016-09-09 20:36:13] N = 2, M = 5 machine precision = 2.22045e-16
[job(255): 2016-09-09 20:36:13] At X0, 0 variables are exactly at the bounds
[job(255): 2016-09-09 20:36:13] At iterate     0  f=       21.434  |proj g|=       2.4559
[job(255): 2016-09-09 20:36:13] At iterate     1  f =      -37.206  |proj g|=             0
[job(255): 2016-09-09 20:36:13] 
[job(255): 2016-09-09 20:36:13] iterations 1
[job(255): 2016-09-09 20:36:13] function evaluations 2
[job(255): 2016-09-09 20:36:13] segments explored during Cauchy searches 2
[job(255): 2016-09-09 20:36:13] BFGS updates skipped 0
[job(255): 2016-09-09 20:36:13] active bounds at final generalized Cauchy point 1
[job(255): 2016-09-09 20:36:13] norm of the final projected gradient 0
[job(255): 2016-09-09 20:36:13] final function value -37.2063
[job(255): 2016-09-09 20:36:13] 
[job(255): 2016-09-09 20:36:13] F = -37.2063
[job(255): 2016-09-09 20:36:13] final  value -37.206254 
[job(255): 2016-09-09 20:36:13] converged
[job(255): 2016-09-09 20:36:13] [Tune-x] 22: C=20.4; sigma=567
[job(255): 2016-09-09 20:36:13] [Tune-y] 22: acc.test.mean=0.429; time: 0.0 min; memory: 116Mb use, 168Mb max
[job(255): 2016-09-09 20:36:13] 
[job(255): 2016-09-09 20:36:13] optimisation start
[job(255): 2016-09-09 20:36:13] ------------------
[job(255): 2016-09-09 20:36:13] * estimation method   : MLE 
[job(255): 2016-09-09 20:36:13] * optimisation method : BFGS 
[job(255): 2016-09-09 20:36:13] * analytical gradient : used
[job(255): 2016-09-09 20:36:13] * trend model : ~1
[job(255): 2016-09-09 20:36:13] * covariance model : 
[job(255): 2016-09-09 20:36:13]   - type :  matern5_2 
[job(255): 2016-09-09 20:36:13]   - nugget : NO
[job(255): 2016-09-09 20:36:13]   - parameters lower bounds :  1e-10 1e-10 
[job(255): 2016-09-09 20:36:13]   - parameters upper bounds :  45.1028 42.45845 
[job(255): 2016-09-09 20:36:13]   - best initial criterion value(s) :  -59.12288 
[job(255): 2016-09-09 20:36:13] 
[job(255): 2016-09-09 20:36:13] N = 2, M = 5 machine precision = 2.22045e-16
[job(255): 2016-09-09 20:36:13] At X0, 0 variables are exactly at the bounds
[job(255): 2016-09-09 20:36:13] At iterate     0  f=       59.123  |proj g|=       2.0219
[job(255): 2016-09-09 20:36:13] At iterate     1  f =      -39.483  |proj g|=             0
[job(255): 2016-09-09 20:36:13] 
[job(255): 2016-09-09 20:36:13] iterations 1
[job(255): 2016-09-09 20:36:13] function evaluations 2
[job(255): 2016-09-09 20:36:13] segments explored during Cauchy searches 2
[job(255): 2016-09-09 20:36:13] BFGS updates skipped 0
[job(255): 2016-09-09 20:36:13] active bounds at final generalized Cauchy point 1
[job(255): 2016-09-09 20:36:13] norm of the final projected gradient 0
[job(255): 2016-09-09 20:36:13] final function value -39.4835
[job(255): 2016-09-09 20:36:13] 
[job(255): 2016-09-09 20:36:13] F = -39.4835
[job(255): 2016-09-09 20:36:13] final  value -39.483474 
[job(255): 2016-09-09 20:36:13] converged
[job(255): 2016-09-09 20:36:13] [Tune-x] 23: C=0.000792; sigma=0.0842
[job(255): 2016-09-09 20:36:13] [Tune-y] 23: acc.test.mean=0.507; time: 0.0 min; memory: 116Mb use, 168Mb max
[job(255): 2016-09-09 20:36:13] 
[job(255): 2016-09-09 20:36:13] optimisation start
[job(255): 2016-09-09 20:36:13] ------------------
[job(255): 2016-09-09 20:36:13] * estimation method   : MLE 
[job(255): 2016-09-09 20:36:13] * optimisation method : BFGS 
[job(255): 2016-09-09 20:36:13] * analytical gradient : used
[job(255): 2016-09-09 20:36:13] * trend model : ~1
[job(255): 2016-09-09 20:36:13] * covariance model : 
[job(255): 2016-09-09 20:36:13]   - type :  matern5_2 
[job(255): 2016-09-09 20:36:13]   - nugget : NO
[job(255): 2016-09-09 20:36:13]   - parameters lower bounds :  1e-10 1e-10 
[job(255): 2016-09-09 20:36:13]   - parameters upper bounds :  45.1028 42.45845 
[job(255): 2016-09-09 20:36:13]   - best initial criterion value(s) :  -32.88874 
[job(255): 2016-09-09 20:36:13] 
[job(255): 2016-09-09 20:36:13] N = 2, M = 5 machine precision = 2.22045e-16
[job(255): 2016-09-09 20:36:13] At X0, 0 variables are exactly at the bounds
[job(255): 2016-09-09 20:36:13] At iterate     0  f=       32.889  |proj g|=       2.0429
[job(255): 2016-09-09 20:36:13] At iterate     1  f =      -39.875  |proj g|=             0
[job(255): 2016-09-09 20:36:13] 
[job(255): 2016-09-09 20:36:13] iterations 1
[job(255): 2016-09-09 20:36:13] function evaluations 2
[job(255): 2016-09-09 20:36:13] segments explored during Cauchy searches 2
[job(255): 2016-09-09 20:36:13] BFGS updates skipped 0
[job(255): 2016-09-09 20:36:13] active bounds at final generalized Cauchy point 1
[job(255): 2016-09-09 20:36:13] norm of the final projected gradient 0
[job(255): 2016-09-09 20:36:13] final function value -39.8752
[job(255): 2016-09-09 20:36:13] 
[job(255): 2016-09-09 20:36:13] F = -39.8752
[job(255): 2016-09-09 20:36:13] final  value -39.875203 
[job(255): 2016-09-09 20:36:13] converged
[job(255): 2016-09-09 20:36:13] [Tune-x] 24: C=0.267; sigma=0.0026
[job(255): 2016-09-09 20:36:13] [Tune-y] 24: acc.test.mean=0.427; time: 0.0 min; memory: 116Mb use, 168Mb max
[job(255): 2016-09-09 20:36:13] 
[job(255): 2016-09-09 20:36:13] optimisation start
[job(255): 2016-09-09 20:36:13] ------------------
[job(255): 2016-09-09 20:36:13] * estimation method   : MLE 
[job(255): 2016-09-09 20:36:13] * optimisation method : BFGS 
[job(255): 2016-09-09 20:36:13] * analytical gradient : used
[job(255): 2016-09-09 20:36:13] * trend model : ~1
[job(255): 2016-09-09 20:36:13] * covariance model : 
[job(255): 2016-09-09 20:36:13]   - type :  matern5_2 
[job(255): 2016-09-09 20:36:13]   - nugget : NO
[job(255): 2016-09-09 20:36:13]   - parameters lower bounds :  1e-10 1e-10 
[job(255): 2016-09-09 20:36:13]   - parameters upper bounds :  45.1028 42.45845 
[job(255): 2016-09-09 20:36:13]   - best initial criterion value(s) :  -50.96504 
[job(255): 2016-09-09 20:36:13] 
[job(255): 2016-09-09 20:36:13] N = 2, M = 5 machine precision = 2.22045e-16
[job(255): 2016-09-09 20:36:13] At X0, 0 variables are exactly at the bounds
[job(255): 2016-09-09 20:36:13] At iterate     0  f=       50.965  |proj g|=       4.1481
[job(255): 2016-09-09 20:36:13] At iterate     1  f =      -42.119  |proj g|=             0
[job(255): 2016-09-09 20:36:13] 
[job(255): 2016-09-09 20:36:13] iterations 1
[job(255): 2016-09-09 20:36:13] function evaluations 2
[job(255): 2016-09-09 20:36:13] segments explored during Cauchy searches 2
[job(255): 2016-09-09 20:36:13] BFGS updates skipped 0
[job(255): 2016-09-09 20:36:13] active bounds at final generalized Cauchy point 1
[job(255): 2016-09-09 20:36:13] norm of the final projected gradient 0
[job(255): 2016-09-09 20:36:13] final function value -42.1191
[job(255): 2016-09-09 20:36:13] 
[job(255): 2016-09-09 20:36:13] F = -42.1191
[job(255): 2016-09-09 20:36:13] final  value -42.119104 
[job(255): 2016-09-09 20:36:13] converged
[job(255): 2016-09-09 20:36:13] [Tune-x] 25: C=0.145; sigma=2.18e+03
[job(255): 2016-09-09 20:36:13] [Tune-y] 25: acc.test.mean=0.452; time: 0.0 min; memory: 116Mb use, 168Mb max
[job(255): 2016-09-09 20:36:13] 
[job(255): 2016-09-09 20:36:13] optimisation start
[job(255): 2016-09-09 20:36:13] ------------------
[job(255): 2016-09-09 20:36:13] * estimation method   : MLE 
[job(255): 2016-09-09 20:36:13] * optimisation method : BFGS 
[job(255): 2016-09-09 20:36:13] * analytical gradient : used
[job(255): 2016-09-09 20:36:13] * trend model : ~1
[job(255): 2016-09-09 20:36:13] * covariance model : 
[job(255): 2016-09-09 20:36:13]   - type :  matern5_2 
[job(255): 2016-09-09 20:36:13]   - nugget : NO
[job(255): 2016-09-09 20:36:13]   - parameters lower bounds :  1e-10 1e-10 
[job(255): 2016-09-09 20:36:13]   - parameters upper bounds :  45.1028 45.30845 
[job(255): 2016-09-09 20:36:13]   - best initial criterion value(s) :  -32.58151 
[job(255): 2016-09-09 20:36:13] 
[job(255): 2016-09-09 20:36:13] N = 2, M = 5 machine precision = 2.22045e-16
[job(255): 2016-09-09 20:36:13] At X0, 0 variables are exactly at the bounds
[job(255): 2016-09-09 20:36:13] At iterate     0  f=       32.582  |proj g|=        27.48
[job(255): 2016-09-09 20:36:13] At iterate     1  f =       27.978  |proj g|=        2.8366
[job(255): 2016-09-09 20:36:13] At iterate     2  f =       26.916  |proj g|=         3.119
[job(255): 2016-09-09 20:36:13] At iterate     3  f =       25.453  |proj g|=        5.0459
[job(255): 2016-09-09 20:36:13] At iterate     4  f =      -44.218  |proj g|=             0
[job(255): 2016-09-09 20:36:13] 
[job(255): 2016-09-09 20:36:13] iterations 4
[job(255): 2016-09-09 20:36:13] function evaluations 9
[job(255): 2016-09-09 20:36:13] segments explored during Cauchy searches 4
[job(255): 2016-09-09 20:36:13] BFGS updates skipped 0
[job(255): 2016-09-09 20:36:13] active bounds at final generalized Cauchy point 0
[job(255): 2016-09-09 20:36:13] norm of the final projected gradient 0
[job(255): 2016-09-09 20:36:13] final function value -44.2178
[job(255): 2016-09-09 20:36:13] 
[job(255): 2016-09-09 20:36:13] F = -44.2178
[job(255): 2016-09-09 20:36:13] final  value -44.217779 
[job(255): 2016-09-09 20:36:13] converged
[job(255): 2016-09-09 20:36:13] [Tune-x] 26: C=7.16; sigma=937
[job(255): 2016-09-09 20:36:13] [Tune-y] 26: acc.test.mean=0.459; time: 0.0 min; memory: 116Mb use, 168Mb max
[job(255): 2016-09-09 20:36:13] 
[job(255): 2016-09-09 20:36:13] optimisation start
[job(255): 2016-09-09 20:36:13] ------------------
[job(255): 2016-09-09 20:36:13] * estimation method   : MLE 
[job(255): 2016-09-09 20:36:13] * optimisation method : BFGS 
[job(255): 2016-09-09 20:36:13] * analytical gradient : used
[job(255): 2016-09-09 20:36:13] * trend model : ~1
[job(255): 2016-09-09 20:36:13] * covariance model : 
[job(255): 2016-09-09 20:36:13]   - type :  matern5_2 
[job(255): 2016-09-09 20:36:13]   - nugget : NO
[job(255): 2016-09-09 20:36:13]   - parameters lower bounds :  1e-10 1e-10 
[job(255): 2016-09-09 20:36:13]   - parameters upper bounds :  45.1028 45.30845 
[job(255): 2016-09-09 20:36:13]   - best initial criterion value(s) :  -62.86688 
[job(255): 2016-09-09 20:36:13] 
[job(255): 2016-09-09 20:36:13] N = 2, M = 5 machine precision = 2.22045e-16
[job(255): 2016-09-09 20:36:13] At X0, 0 variables are exactly at the bounds
[job(255): 2016-09-09 20:36:13] At iterate     0  f=       62.867  |proj g|=       3.0794
[job(255): 2016-09-09 20:36:13] At iterate     1  f =       62.841  |proj g|=       0.84201
[job(255): 2016-09-09 20:36:13] At iterate     2  f =       62.788  |proj g|=       0.84746
[job(255): 2016-09-09 20:36:13] At iterate     3  f =       62.772  |proj g|=       0.85051
[job(255): 2016-09-09 20:36:13] At iterate     4  f =       62.713  |proj g|=        1.6473
[job(255): 2016-09-09 20:36:13] At iterate     5  f =       62.554  |proj g|=         4.209
[job(255): 2016-09-09 20:36:13] At iterate     6  f =       62.102  |proj g|=        9.0691
[job(255): 2016-09-09 20:36:13] At iterate     7  f =       60.775  |proj g|=        18.748
[job(255): 2016-09-09 20:36:13] At iterate     8  f =      -46.234  |proj g|=             0
[job(255): 2016-09-09 20:36:13] 
[job(255): 2016-09-09 20:36:13] iterations 8
[job(255): 2016-09-09 20:36:13] function evaluations 11
[job(255): 2016-09-09 20:36:13] segments explored during Cauchy searches 8
[job(255): 2016-09-09 20:36:13] BFGS updates skipped 0
[job(255): 2016-09-09 20:36:13] active bounds at final generalized Cauchy point 0
[job(255): 2016-09-09 20:36:13] norm of the final projected gradient 0
[job(255): 2016-09-09 20:36:13] final function value -46.2336
[job(255): 2016-09-09 20:36:13] 
[job(255): 2016-09-09 20:36:13] F = -46.2336
[job(255): 2016-09-09 20:36:13] final  value -46.233581 
[job(255): 2016-09-09 20:36:13] converged
[job(255): 2016-09-09 20:36:13] [Tune-x] 27: C=0.000778; sigma=0.00281
[job(255): 2016-09-09 20:36:13] [Tune-y] 27: acc.test.mean=0.446; time: 0.0 min; memory: 116Mb use, 168Mb max
[job(255): 2016-09-09 20:36:13] 
[job(255): 2016-09-09 20:36:13] optimisation start
[job(255): 2016-09-09 20:36:13] ------------------
[job(255): 2016-09-09 20:36:13] * estimation method   : MLE 
[job(255): 2016-09-09 20:36:13] * optimisation method : BFGS 
[job(255): 2016-09-09 20:36:13] * analytical gradient : used
[job(255): 2016-09-09 20:36:13] * trend model : ~1
[job(255): 2016-09-09 20:36:13] * covariance model : 
[job(255): 2016-09-09 20:36:13]   - type :  matern5_2 
[job(255): 2016-09-09 20:36:13]   - nugget : NO
[job(255): 2016-09-09 20:36:13]   - parameters lower bounds :  1e-10 1e-10 
[job(255): 2016-09-09 20:36:13]   - parameters upper bounds :  45.1028 45.30845 
[job(255): 2016-09-09 20:36:13]   - best initial criterion value(s) :  -31.96902 
[job(255): 2016-09-09 20:36:13] 
[job(255): 2016-09-09 20:36:13] N = 2, M = 5 machine precision = 2.22045e-16
[job(255): 2016-09-09 20:36:13] At X0, 0 variables are exactly at the bounds
[job(255): 2016-09-09 20:36:13] At iterate     0  f=       31.969  |proj g|=        2.654
[job(255): 2016-09-09 20:36:13] At iterate     1  f =      -48.444  |proj g|=             0
[job(255): 2016-09-09 20:36:13] 
[job(255): 2016-09-09 20:36:13] iterations 1
[job(255): 2016-09-09 20:36:13] function evaluations 2
[job(255): 2016-09-09 20:36:13] segments explored during Cauchy searches 2
[job(255): 2016-09-09 20:36:13] BFGS updates skipped 0
[job(255): 2016-09-09 20:36:13] active bounds at final generalized Cauchy point 1
[job(255): 2016-09-09 20:36:13] norm of the final projected gradient 0
[job(255): 2016-09-09 20:36:13] final function value -48.4437
[job(255): 2016-09-09 20:36:13] 
[job(255): 2016-09-09 20:36:13] F = -48.4437
[job(255): 2016-09-09 20:36:13] final  value -48.443708 
[job(255): 2016-09-09 20:36:13] converged
[job(255): 2016-09-09 20:36:13] [Tune-x] 28: C=0.337; sigma=0.576
[job(255): 2016-09-09 20:36:13] [Tune-y] 28: acc.test.mean=0.528; time: 0.0 min; memory: 117Mb use, 168Mb max
[job(255): 2016-09-09 20:36:13] 
[job(255): 2016-09-09 20:36:13] optimisation start
[job(255): 2016-09-09 20:36:13] ------------------
[job(255): 2016-09-09 20:36:13] * estimation method   : MLE 
[job(255): 2016-09-09 20:36:13] * optimisation method : BFGS 
[job(255): 2016-09-09 20:36:13] * analytical gradient : used
[job(255): 2016-09-09 20:36:13] * trend model : ~1
[job(255): 2016-09-09 20:36:13] * covariance model : 
[job(255): 2016-09-09 20:36:13]   - type :  matern5_2 
[job(255): 2016-09-09 20:36:13]   - nugget : NO
[job(255): 2016-09-09 20:36:13]   - parameters lower bounds :  1e-10 1e-10 
[job(255): 2016-09-09 20:36:13]   - parameters upper bounds :  45.1028 45.30845 
[job(255): 2016-09-09 20:36:13]   - best initial criterion value(s) :  -17.51166 
[job(255): 2016-09-09 20:36:13] 
[job(255): 2016-09-09 20:36:13] N = 2, M = 5 machine precision = 2.22045e-16
[job(255): 2016-09-09 20:36:13] At X0, 0 variables are exactly at the bounds
[job(255): 2016-09-09 20:36:13] At iterate     0  f=       17.512  |proj g|=       1.6964
[job(255): 2016-09-09 20:36:13] At iterate     1  f =      -48.109  |proj g|=             0
[job(255): 2016-09-09 20:36:13] 
[job(255): 2016-09-09 20:36:13] iterations 1
[job(255): 2016-09-09 20:36:13] function evaluations 2
[job(255): 2016-09-09 20:36:13] segments explored during Cauchy searches 2
[job(255): 2016-09-09 20:36:13] BFGS updates skipped 0
[job(255): 2016-09-09 20:36:13] active bounds at final generalized Cauchy point 2
[job(255): 2016-09-09 20:36:13] norm of the final projected gradient 0
[job(255): 2016-09-09 20:36:13] final function value -48.1092
[job(255): 2016-09-09 20:36:13] 
[job(255): 2016-09-09 20:36:13] F = -48.1092
[job(255): 2016-09-09 20:36:13] final  value -48.109154 
[job(255): 2016-09-09 20:36:13] converged
[job(255): 2016-09-09 20:36:13] [Tune] Result: C=0.337; sigma=0.576 : acc.test.mean=-0.528
[job(255): 2016-09-09 20:36:13] Job terminated successfully
[job(chunk): 2016-09-09 20:36:13] Calculation finished!
