[job(chunk): 2016-09-09 20:05:20] Starting calculation of 1 jobs
[job(chunk): 2016-09-09 20:05:20] Setting working directory to '/naslx/projects/pr74ze/ri89coc2/svm_comparison'
[job(chunk): 2016-09-09 20:05:20] Memory measurement disabled
[job(107): 2016-09-09 20:05:22] Starting job with job.id=107
[job(107): 2016-09-09 20:08:57] Generating problem instance for problem '14' ...
[job(107): 2016-09-09 20:08:57] Downloading from 'http://www.openml.org/api/v1/data/14' to '/tmp/ri89coc2/Rtmp2xEJNT/cache/datasets/14/description.xml'.
[job(107): 2016-09-09 20:08:57] Downloading from 'http://www.openml.org/data/download/14/dataset_14_mfeat-fourier.arff' to '/tmp/ri89coc2/Rtmp2xEJNT/cache/datasets/14/dataset.arff'
[job(107): 2016-09-09 20:08:57] Loading required package: readr
[job(107): 2016-09-09 20:08:57] Applying algorithm 'spoc-svc.tuned' on problem '14' ...
[job(107): 2016-09-09 20:08:57] Data '14' file 'description.xml' found in cache.
[job(107): 2016-09-09 20:08:57] Data '14' file 'dataset.arff' found in cache.
[job(107): 2016-09-09 20:08:57] [Tune] Started tuning learner spoc-svc for parameter set:
[job(107): 2016-09-09 20:08:57]          Type len Def    Constr Req Tunable Trafo
[job(107): 2016-09-09 20:08:57] C     numeric   -   - -12 to 12   -    TRUE     Y
[job(107): 2016-09-09 20:08:57] sigma numeric   -   - -12 to 12   -    TRUE     Y
[job(107): 2016-09-09 20:08:57] With control class: TuneControlMBO
[job(107): 2016-09-09 20:08:57] Imputation value: -0
[job(107): 2016-09-09 20:08:57] [Tune-x] 1: C=21.5; sigma=593
[job(107): 2016-09-09 20:08:57] [Tune-y] 1: acc.test.mean=0.105; time: 0.1 min; memory: 116Mb use, 194Mb max
[job(107): 2016-09-09 20:08:57] [Tune-x] 2: C=0.0214; sigma=0.0195
[job(107): 2016-09-09 20:08:57] [Tune-y] 2: acc.test.mean=0.781; time: 0.1 min; memory: 116Mb use, 194Mb max
[job(107): 2016-09-09 20:08:57] [Tune-x] 3: C=0.278; sigma=4.14
[job(107): 2016-09-09 20:08:57] [Tune-y] 3: acc.test.mean=0.787; time: 0.1 min; memory: 116Mb use, 194Mb max
[job(107): 2016-09-09 20:08:57] [Tune-x] 4: C=395; sigma=0.163
[job(107): 2016-09-09 20:08:57] [Tune-y] 4: acc.test.mean=0.811; time: 0.1 min; memory: 116Mb use, 194Mb max
[job(107): 2016-09-09 20:08:57] [Tune-x] 5: C=3.85; sigma=0.006
[job(107): 2016-09-09 20:08:57] [Tune-y] 5: acc.test.mean=0.831; time: 0.1 min; memory: 116Mb use, 194Mb max
[job(107): 2016-09-09 20:08:57] [Tune-x] 6: C=0.000377; sigma=43.9
[job(107): 2016-09-09 20:08:57] [Tune-y] 6: acc.test.mean=0.171; time: 0.1 min; memory: 116Mb use, 194Mb max
[job(107): 2016-09-09 20:08:57] [Tune-x] 7: C=2.21e+03; sigma=72.1
[job(107): 2016-09-09 20:08:57] [Tune-y] 7: acc.test.mean=0.112; time: 0.1 min; memory: 116Mb use, 194Mb max
[job(107): 2016-09-09 20:08:57] [Tune-x] 8: C=0.00478; sigma=0.000825
[job(107): 2016-09-09 20:08:57] [Tune-y] 8: acc.test.mean=0.746; time: 0.1 min; memory: 116Mb use, 194Mb max
[job(107): 2016-09-09 20:08:57] 
[job(107): 2016-09-09 20:08:57] optimisation start
[job(107): 2016-09-09 20:08:57] ------------------
[job(107): 2016-09-09 20:08:57] * estimation method   : MLE 
[job(107): 2016-09-09 20:08:57] * optimisation method : BFGS 
[job(107): 2016-09-09 20:08:57] * analytical gradient : used
[job(107): 2016-09-09 20:08:57] * trend model : ~1
[job(107): 2016-09-09 20:08:57] * covariance model : 
[job(107): 2016-09-09 20:08:57]   - type :  matern5_2 
[job(107): 2016-09-09 20:08:57]   - nugget : NO
[job(107): 2016-09-09 20:08:57]   - parameters lower bounds :  1e-10 1e-10 
[job(107): 2016-09-09 20:08:57]   - parameters upper bounds :  44.96093 38.91097 
[job(107): 2016-09-09 20:08:57]   - best initial criterion value(s) :  0.008969121 
[job(107): 2016-09-09 20:08:57] 
[job(107): 2016-09-09 20:08:57] N = 2, M = 5 machine precision = 2.22045e-16
[job(107): 2016-09-09 20:08:57] At X0, 0 variables are exactly at the bounds
[job(107): 2016-09-09 20:08:57] At iterate     0  f=   -0.0089691  |proj g|=      0.49207
[job(107): 2016-09-09 20:08:57] At iterate     1  f =     -0.25256  |proj g|=       0.48709
[job(107): 2016-09-09 20:08:57] At iterate     2  f =     -0.56921  |proj g|=       0.40095
[job(107): 2016-09-09 20:08:57] At iterate     3  f =     -0.83738  |proj g|=      0.078488
[job(107): 2016-09-09 20:08:57] At iterate     4  f =     -0.86349  |proj g|=      0.083291
[job(107): 2016-09-09 20:08:57] At iterate     5  f =      -1.3062  |proj g|=      0.040486
[job(107): 2016-09-09 20:08:57] At iterate     6  f =      -1.4712  |proj g|=      0.037208
[job(107): 2016-09-09 20:08:57] At iterate     7  f =      -1.4724  |proj g|=    0.00043541
[job(107): 2016-09-09 20:08:57] At iterate     8  f =      -1.4724  |proj g|=    4.2404e-06
[job(107): 2016-09-09 20:08:57] At iterate     9  f =      -1.4724  |proj g|=    4.6384e-10
[job(107): 2016-09-09 20:08:57] 
[job(107): 2016-09-09 20:08:57] iterations 9
[job(107): 2016-09-09 20:08:57] function evaluations 14
[job(107): 2016-09-09 20:08:57] segments explored during Cauchy searches 10
[job(107): 2016-09-09 20:08:57] BFGS updates skipped 0
[job(107): 2016-09-09 20:08:57] active bounds at final generalized Cauchy point 1
[job(107): 2016-09-09 20:08:57] norm of the final projected gradient 4.63839e-10
[job(107): 2016-09-09 20:08:57] final function value -1.47244
[job(107): 2016-09-09 20:08:57] 
[job(107): 2016-09-09 20:08:57] F = -1.47244
[job(107): 2016-09-09 20:08:57] final  value -1.472439 
[job(107): 2016-09-09 20:08:57] converged
[job(107): 2016-09-09 20:08:57] [Tune-x] 9: C=2.52; sigma=1.15
[job(107): 2016-09-09 20:08:57] [Tune-y] 9: acc.test.mean=0.787; time: 0.1 min; memory: 119Mb use, 194Mb max
[job(107): 2016-09-09 20:08:57] 
[job(107): 2016-09-09 20:08:57] optimisation start
[job(107): 2016-09-09 20:08:57] ------------------
[job(107): 2016-09-09 20:08:57] * estimation method   : MLE 
[job(107): 2016-09-09 20:08:57] * optimisation method : BFGS 
[job(107): 2016-09-09 20:08:57] * analytical gradient : used
[job(107): 2016-09-09 20:08:57] * trend model : ~1
[job(107): 2016-09-09 20:08:57] * covariance model : 
[job(107): 2016-09-09 20:08:57]   - type :  matern5_2 
[job(107): 2016-09-09 20:08:57]   - nugget : NO
[job(107): 2016-09-09 20:08:57]   - parameters lower bounds :  1e-10 1e-10 
[job(107): 2016-09-09 20:08:57]   - parameters upper bounds :  44.96093 38.91097 
[job(107): 2016-09-09 20:08:57]   - best initial criterion value(s) :  1.589573 
[job(107): 2016-09-09 20:08:57] 
[job(107): 2016-09-09 20:08:57] N = 2, M = 5 machine precision = 2.22045e-16
[job(107): 2016-09-09 20:08:57] At X0, 0 variables are exactly at the bounds
[job(107): 2016-09-09 20:08:57] At iterate     0  f=      -1.5896  |proj g|=       0.1686
[job(107): 2016-09-09 20:08:57] At iterate     1  f =      -1.6094  |proj g|=      0.060427
[job(107): 2016-09-09 20:08:57] At iterate     2  f =      -1.6156  |proj g|=       0.06043
[job(107): 2016-09-09 20:08:57] At iterate     3  f =      -1.6345  |proj g|=       0.10407
[job(107): 2016-09-09 20:08:57] At iterate     4  f =      -1.6766  |proj g|=       0.21576
[job(107): 2016-09-09 20:08:57] At iterate     5  f =      -1.7745  |proj g|=       0.36131
[job(107): 2016-09-09 20:08:57] At iterate     6  f =      -1.9705  |proj g|=       0.49366
[job(107): 2016-09-09 20:08:57] At iterate     7  f =      -2.2342  |proj g|=       0.43097
[job(107): 2016-09-09 20:08:57] At iterate     8  f =      -2.3585  |proj g|=      0.031693
[job(107): 2016-09-09 20:08:57] At iterate     9  f =       -2.359  |proj g|=     0.0043693
[job(107): 2016-09-09 20:08:57] At iterate    10  f =       -2.359  |proj g|=    3.1834e-05
[job(107): 2016-09-09 20:08:57] At iterate    11  f =       -2.359  |proj g|=    3.1297e-08
[job(107): 2016-09-09 20:08:57] 
[job(107): 2016-09-09 20:08:57] iterations 11
[job(107): 2016-09-09 20:08:57] function evaluations 12
[job(107): 2016-09-09 20:08:57] segments explored during Cauchy searches 11
[job(107): 2016-09-09 20:08:57] BFGS updates skipped 0
[job(107): 2016-09-09 20:08:57] active bounds at final generalized Cauchy point 1
[job(107): 2016-09-09 20:08:57] norm of the final projected gradient 3.12965e-08
[job(107): 2016-09-09 20:08:57] final function value -2.35903
[job(107): 2016-09-09 20:08:57] 
[job(107): 2016-09-09 20:08:57] F = -2.35903
[job(107): 2016-09-09 20:08:57] final  value -2.359026 
[job(107): 2016-09-09 20:08:57] converged
[job(107): 2016-09-09 20:08:57] [Tune-x] 10: C=359; sigma=0.00552
[job(107): 2016-09-09 20:08:57] [Tune-y] 10: acc.test.mean=0.823; time: 0.2 min; memory: 119Mb use, 194Mb max
[job(107): 2016-09-09 20:08:57] 
[job(107): 2016-09-09 20:08:57] optimisation start
[job(107): 2016-09-09 20:08:57] ------------------
[job(107): 2016-09-09 20:08:57] * estimation method   : MLE 
[job(107): 2016-09-09 20:08:57] * optimisation method : BFGS 
[job(107): 2016-09-09 20:08:57] * analytical gradient : used
[job(107): 2016-09-09 20:08:57] * trend model : ~1
[job(107): 2016-09-09 20:08:57] * covariance model : 
[job(107): 2016-09-09 20:08:57]   - type :  matern5_2 
[job(107): 2016-09-09 20:08:57]   - nugget : NO
[job(107): 2016-09-09 20:08:57]   - parameters lower bounds :  1e-10 1e-10 
[job(107): 2016-09-09 20:08:57]   - parameters upper bounds :  44.96093 38.91097 
[job(107): 2016-09-09 20:08:57]   - best initial criterion value(s) :  4.385052 
[job(107): 2016-09-09 20:08:57] 
[job(107): 2016-09-09 20:08:57] N = 2, M = 5 machine precision = 2.22045e-16
[job(107): 2016-09-09 20:08:57] At X0, 0 variables are exactly at the bounds
[job(107): 2016-09-09 20:08:57] At iterate     0  f=      -4.3851  |proj g|=      0.17334
[job(107): 2016-09-09 20:08:57] At iterate     1  f =       -4.402  |proj g|=      0.052233
[job(107): 2016-09-09 20:08:57] At iterate     2  f =      -4.4157  |proj g|=       0.05175
[job(107): 2016-09-09 20:08:57] At iterate     3  f =      -4.5555  |proj g|=       0.29261
[job(107): 2016-09-09 20:08:57] At iterate     4  f =       -4.582  |proj g|=       0.19262
[job(107): 2016-09-09 20:08:57] At iterate     5  f =       -4.601  |proj g|=      0.014912
[job(107): 2016-09-09 20:08:57] At iterate     6  f =      -4.6011  |proj g|=    0.00061373
[job(107): 2016-09-09 20:08:57] At iterate     7  f =      -4.6011  |proj g|=    1.7144e-06
[job(107): 2016-09-09 20:08:57] At iterate     8  f =      -4.6011  |proj g|=    1.9904e-10
[job(107): 2016-09-09 20:08:57] 
[job(107): 2016-09-09 20:08:57] iterations 8
[job(107): 2016-09-09 20:08:57] function evaluations 10
[job(107): 2016-09-09 20:08:57] segments explored during Cauchy searches 8
[job(107): 2016-09-09 20:08:57] BFGS updates skipped 0
[job(107): 2016-09-09 20:08:57] active bounds at final generalized Cauchy point 1
[job(107): 2016-09-09 20:08:57] norm of the final projected gradient 1.99037e-10
[job(107): 2016-09-09 20:08:57] final function value -4.6011
[job(107): 2016-09-09 20:08:57] 
[job(107): 2016-09-09 20:08:57] F = -4.6011
[job(107): 2016-09-09 20:08:57] final  value -4.601099 
[job(107): 2016-09-09 20:08:57] converged
[job(107): 2016-09-09 20:08:57] [Tune-x] 11: C=1.41; sigma=0.00506
[job(107): 2016-09-09 20:08:57] [Tune-y] 11: acc.test.mean=0.827; time: 0.1 min; memory: 119Mb use, 194Mb max
[job(107): 2016-09-09 20:08:57] 
[job(107): 2016-09-09 20:08:57] optimisation start
[job(107): 2016-09-09 20:08:57] ------------------
[job(107): 2016-09-09 20:08:57] * estimation method   : MLE 
[job(107): 2016-09-09 20:08:57] * optimisation method : BFGS 
[job(107): 2016-09-09 20:08:57] * analytical gradient : used
[job(107): 2016-09-09 20:08:57] * trend model : ~1
[job(107): 2016-09-09 20:08:57] * covariance model : 
[job(107): 2016-09-09 20:08:57]   - type :  matern5_2 
[job(107): 2016-09-09 20:08:57]   - nugget : NO
[job(107): 2016-09-09 20:08:57]   - parameters lower bounds :  1e-10 1e-10 
[job(107): 2016-09-09 20:08:57]   - parameters upper bounds :  44.96093 38.91097 
[job(107): 2016-09-09 20:08:57]   - best initial criterion value(s) :  7.157361 
[job(107): 2016-09-09 20:08:57] 
[job(107): 2016-09-09 20:08:57] N = 2, M = 5 machine precision = 2.22045e-16
[job(107): 2016-09-09 20:08:57] At X0, 0 variables are exactly at the bounds
[job(107): 2016-09-09 20:08:57] At iterate     0  f=      -7.1574  |proj g|=       1.3267
[job(107): 2016-09-09 20:08:57] At iterate     1  f =      -7.7646  |proj g|=       0.27937
[job(107): 2016-09-09 20:08:57] At iterate     2  f =      -7.8063  |proj g|=      0.064607
[job(107): 2016-09-09 20:08:57] At iterate     3  f =      -7.8118  |proj g|=      0.051728
[job(107): 2016-09-09 20:08:57] At iterate     4  f =      -7.8166  |proj g|=      0.051496
[job(107): 2016-09-09 20:08:57] At iterate     5  f =      -7.8466  |proj g|=       0.18121
[job(107): 2016-09-09 20:08:57] At iterate     6  f =      -7.9037  |proj g|=       0.33041
[job(107): 2016-09-09 20:08:57] At iterate     7  f =      -7.9414  |proj g|=       0.24822
[job(107): 2016-09-09 20:08:57] At iterate     8  f =      -7.9684  |proj g|=      0.025881
[job(107): 2016-09-09 20:08:57] At iterate     9  f =      -7.9687  |proj g|=      0.001466
[job(107): 2016-09-09 20:08:57] At iterate    10  f =      -7.9687  |proj g|=    9.8208e-06
[job(107): 2016-09-09 20:08:57] At iterate    11  f =      -7.9687  |proj g|=    3.7792e-09
[job(107): 2016-09-09 20:08:57] 
[job(107): 2016-09-09 20:08:57] iterations 11
[job(107): 2016-09-09 20:08:57] function evaluations 12
[job(107): 2016-09-09 20:08:57] segments explored during Cauchy searches 11
[job(107): 2016-09-09 20:08:57] BFGS updates skipped 0
[job(107): 2016-09-09 20:08:57] active bounds at final generalized Cauchy point 1
[job(107): 2016-09-09 20:08:57] norm of the final projected gradient 3.77921e-09
[job(107): 2016-09-09 20:08:57] final function value -7.96875
[job(107): 2016-09-09 20:08:57] 
[job(107): 2016-09-09 20:08:57] F = -7.96875
[job(107): 2016-09-09 20:08:57] final  value -7.968745 
[job(107): 2016-09-09 20:08:57] converged
[job(107): 2016-09-09 20:08:57] [Tune-x] 12: C=13.1; sigma=0.00741
[job(107): 2016-09-09 20:08:57] [Tune-y] 12: acc.test.mean=0.829; time: 0.1 min; memory: 119Mb use, 194Mb max
[job(107): 2016-09-09 20:08:57] 
[job(107): 2016-09-09 20:08:57] optimisation start
[job(107): 2016-09-09 20:08:57] ------------------
[job(107): 2016-09-09 20:08:57] * estimation method   : MLE 
[job(107): 2016-09-09 20:08:57] * optimisation method : BFGS 
[job(107): 2016-09-09 20:08:57] * analytical gradient : used
[job(107): 2016-09-09 20:08:57] * trend model : ~1
[job(107): 2016-09-09 20:08:57] * covariance model : 
[job(107): 2016-09-09 20:08:57]   - type :  matern5_2 
[job(107): 2016-09-09 20:08:57]   - nugget : NO
[job(107): 2016-09-09 20:08:57]   - parameters lower bounds :  1e-10 1e-10 
[job(107): 2016-09-09 20:08:57]   - parameters upper bounds :  44.96093 38.91097 
[job(107): 2016-09-09 20:08:57]   - best initial criterion value(s) :  11.99167 
[job(107): 2016-09-09 20:08:57] 
[job(107): 2016-09-09 20:08:57] N = 2, M = 5 machine precision = 2.22045e-16
[job(107): 2016-09-09 20:08:57] At X0, 0 variables are exactly at the bounds
[job(107): 2016-09-09 20:08:57] At iterate     0  f=      -11.992  |proj g|=      0.26233
[job(107): 2016-09-09 20:08:57] At iterate     1  f =       -12.02  |proj g|=      0.081592
[job(107): 2016-09-09 20:08:57] At iterate     2  f =      -12.025  |proj g|=      0.058511
[job(107): 2016-09-09 20:08:57] At iterate     3  f =       -12.03  |proj g|=      0.058232
[job(107): 2016-09-09 20:08:57] At iterate     4  f =      -12.055  |proj g|=       0.16808
[job(107): 2016-09-09 20:08:57] At iterate     5  f =      -12.088  |proj g|=       0.22118
[job(107): 2016-09-09 20:08:57] At iterate     6  f =      -12.099  |proj g|=       0.14483
[job(107): 2016-09-09 20:08:57] At iterate     7  f =      -12.107  |proj g|=     0.0091906
[job(107): 2016-09-09 20:08:57] At iterate     8  f =      -12.107  |proj g|=    0.00033552
[job(107): 2016-09-09 20:08:57] At iterate     9  f =      -12.107  |proj g|=    7.1927e-07
[job(107): 2016-09-09 20:08:57] At iterate    10  f =      -12.107  |proj g|=    7.1918e-07
[job(107): 2016-09-09 20:08:57] 
[job(107): 2016-09-09 20:08:57] iterations 10
[job(107): 2016-09-09 20:08:57] function evaluations 16
[job(107): 2016-09-09 20:08:57] segments explored during Cauchy searches 10
[job(107): 2016-09-09 20:08:57] BFGS updates skipped 0
[job(107): 2016-09-09 20:08:57] active bounds at final generalized Cauchy point 1
[job(107): 2016-09-09 20:08:57] norm of the final projected gradient 7.19178e-07
[job(107): 2016-09-09 20:08:57] final function value -12.1072
[job(107): 2016-09-09 20:08:57] 
[job(107): 2016-09-09 20:08:57] F = -12.1072
[job(107): 2016-09-09 20:08:57] final  value -12.107233 
[job(107): 2016-09-09 20:08:57] converged
[job(107): 2016-09-09 20:08:57] [Tune-x] 13: C=5.64; sigma=0.00636
[job(107): 2016-09-09 20:08:57] [Tune-y] 13: acc.test.mean=0.835; time: 0.1 min; memory: 119Mb use, 194Mb max
[job(107): 2016-09-09 20:08:57] 
[job(107): 2016-09-09 20:08:57] optimisation start
[job(107): 2016-09-09 20:08:57] ------------------
[job(107): 2016-09-09 20:08:57] * estimation method   : MLE 
[job(107): 2016-09-09 20:08:57] * optimisation method : BFGS 
[job(107): 2016-09-09 20:08:57] * analytical gradient : used
[job(107): 2016-09-09 20:08:57] * trend model : ~1
[job(107): 2016-09-09 20:08:57] * covariance model : 
[job(107): 2016-09-09 20:08:57]   - type :  matern5_2 
[job(107): 2016-09-09 20:08:57]   - nugget : NO
[job(107): 2016-09-09 20:08:57]   - parameters lower bounds :  1e-10 1e-10 
[job(107): 2016-09-09 20:08:57]   - parameters upper bounds :  44.96093 38.91097 
[job(107): 2016-09-09 20:08:57]   - best initial criterion value(s) :  9.597515 
[job(107): 2016-09-09 20:08:57] 
[job(107): 2016-09-09 20:08:57] N = 2, M = 5 machine precision = 2.22045e-16
[job(107): 2016-09-09 20:08:57] At X0, 0 variables are exactly at the bounds
[job(107): 2016-09-09 20:08:57] At iterate     0  f=      -9.5975  |proj g|=      0.22393
[job(107): 2016-09-09 20:08:57] At iterate     1  f =      -9.6679  |proj g|=       0.16198
[job(107): 2016-09-09 20:08:57] At iterate     2  f =      -9.8263  |proj g|=       0.07418
[job(107): 2016-09-09 20:08:57] At iterate     3  f =      -9.8689  |proj g|=      0.077971
[job(107): 2016-09-09 20:08:57] At iterate     4  f =      -9.9611  |proj g|=      0.063253
[job(107): 2016-09-09 20:08:57] At iterate     5  f =      -9.9701  |proj g|=     0.0045291
[job(107): 2016-09-09 20:08:57] At iterate     6  f =      -9.9705  |proj g|=    0.00038533
[job(107): 2016-09-09 20:08:57] At iterate     7  f =      -9.9705  |proj g|=    5.6794e-06
[job(107): 2016-09-09 20:08:57] At iterate     8  f =      -9.9705  |proj g|=    2.8098e-07
[job(107): 2016-09-09 20:08:57] 
[job(107): 2016-09-09 20:08:57] iterations 8
[job(107): 2016-09-09 20:08:57] function evaluations 9
[job(107): 2016-09-09 20:08:57] segments explored during Cauchy searches 8
[job(107): 2016-09-09 20:08:57] BFGS updates skipped 0
[job(107): 2016-09-09 20:08:57] active bounds at final generalized Cauchy point 0
[job(107): 2016-09-09 20:08:57] norm of the final projected gradient 2.80978e-07
[job(107): 2016-09-09 20:08:57] final function value -9.97055
[job(107): 2016-09-09 20:08:57] 
[job(107): 2016-09-09 20:08:57] F = -9.97055
[job(107): 2016-09-09 20:08:57] final  value -9.970547 
[job(107): 2016-09-09 20:08:57] converged
[job(107): 2016-09-09 20:08:57] [Tune-x] 14: C=0.302; sigma=0.222
[job(107): 2016-09-09 20:08:57] [Tune-y] 14: acc.test.mean=0.799; time: 0.1 min; memory: 119Mb use, 194Mb max
[job(107): 2016-09-09 20:08:57] 
[job(107): 2016-09-09 20:08:57] optimisation start
[job(107): 2016-09-09 20:08:57] ------------------
[job(107): 2016-09-09 20:08:57] * estimation method   : MLE 
[job(107): 2016-09-09 20:08:57] * optimisation method : BFGS 
[job(107): 2016-09-09 20:08:57] * analytical gradient : used
[job(107): 2016-09-09 20:08:57] * trend model : ~1
[job(107): 2016-09-09 20:08:57] * covariance model : 
[job(107): 2016-09-09 20:08:57]   - type :  matern5_2 
[job(107): 2016-09-09 20:08:57]   - nugget : NO
[job(107): 2016-09-09 20:08:57]   - parameters lower bounds :  1e-10 1e-10 
[job(107): 2016-09-09 20:08:57]   - parameters upper bounds :  44.96093 38.91097 
[job(107): 2016-09-09 20:08:57]   - best initial criterion value(s) :  10.34203 
[job(107): 2016-09-09 20:08:57] 
[job(107): 2016-09-09 20:08:57] N = 2, M = 5 machine precision = 2.22045e-16
[job(107): 2016-09-09 20:08:57] At X0, 0 variables are exactly at the bounds
[job(107): 2016-09-09 20:08:57] At iterate     0  f=      -10.342  |proj g|=      0.15886
[job(107): 2016-09-09 20:08:57] At iterate     1  f =      -10.377  |proj g|=        0.1592
[job(107): 2016-09-09 20:08:57] At iterate     2  f =      -11.241  |proj g|=       0.05691
[job(107): 2016-09-09 20:08:57] At iterate     3  f =      -11.272  |proj g|=      0.017341
[job(107): 2016-09-09 20:08:57] At iterate     4  f =      -11.272  |proj g|=    0.00033874
[job(107): 2016-09-09 20:08:57] At iterate     5  f =      -11.272  |proj g|=    3.0698e-05
[job(107): 2016-09-09 20:08:57] At iterate     6  f =      -11.272  |proj g|=    2.5381e-08
[job(107): 2016-09-09 20:08:57] 
[job(107): 2016-09-09 20:08:57] iterations 6
[job(107): 2016-09-09 20:08:57] function evaluations 11
[job(107): 2016-09-09 20:08:57] segments explored during Cauchy searches 7
[job(107): 2016-09-09 20:08:57] BFGS updates skipped 0
[job(107): 2016-09-09 20:08:57] active bounds at final generalized Cauchy point 0
[job(107): 2016-09-09 20:08:57] norm of the final projected gradient 2.5381e-08
[job(107): 2016-09-09 20:08:57] final function value -11.2725
[job(107): 2016-09-09 20:08:57] 
[job(107): 2016-09-09 20:08:57] F = -11.2725
[job(107): 2016-09-09 20:08:57] final  value -11.272465 
[job(107): 2016-09-09 20:08:57] converged
[job(107): 2016-09-09 20:08:57] [Tune-x] 15: C=6.89; sigma=0.00293
[job(107): 2016-09-09 20:08:57] [Tune-y] 15: acc.test.mean=0.834; time: 0.2 min; memory: 119Mb use, 194Mb max
[job(107): 2016-09-09 20:08:57] 
[job(107): 2016-09-09 20:08:57] optimisation start
[job(107): 2016-09-09 20:08:57] ------------------
[job(107): 2016-09-09 20:08:57] * estimation method   : MLE 
[job(107): 2016-09-09 20:08:57] * optimisation method : BFGS 
[job(107): 2016-09-09 20:08:57] * analytical gradient : used
[job(107): 2016-09-09 20:08:57] * trend model : ~1
[job(107): 2016-09-09 20:08:57] * covariance model : 
[job(107): 2016-09-09 20:08:57]   - type :  matern5_2 
[job(107): 2016-09-09 20:08:57]   - nugget : NO
[job(107): 2016-09-09 20:08:57]   - parameters lower bounds :  1e-10 1e-10 
[job(107): 2016-09-09 20:08:57]   - parameters upper bounds :  44.96093 38.91097 
[job(107): 2016-09-09 20:08:57]   - best initial criterion value(s) :  13.73061 
[job(107): 2016-09-09 20:08:57] 
[job(107): 2016-09-09 20:08:57] N = 2, M = 5 machine precision = 2.22045e-16
[job(107): 2016-09-09 20:08:57] At X0, 0 variables are exactly at the bounds
[job(107): 2016-09-09 20:08:57] At iterate     0  f=      -13.731  |proj g|=      0.11287
[job(107): 2016-09-09 20:08:57] At iterate     1  f =      -13.743  |proj g|=      0.084633
[job(107): 2016-09-09 20:08:57] At iterate     2  f =      -13.769  |proj g|=      0.035072
[job(107): 2016-09-09 20:08:57] At iterate     3  f =      -13.775  |proj g|=      0.023571
[job(107): 2016-09-09 20:08:57] At iterate     4  f =       -13.78  |proj g|=     0.0020938
[job(107): 2016-09-09 20:08:57] At iterate     5  f =       -13.78  |proj g|=    0.00031055
[job(107): 2016-09-09 20:08:57] At iterate     6  f =       -13.78  |proj g|=    2.9386e-06
[job(107): 2016-09-09 20:08:57] At iterate     7  f =       -13.78  |proj g|=    6.0131e-08
[job(107): 2016-09-09 20:08:57] 
[job(107): 2016-09-09 20:08:57] iterations 7
[job(107): 2016-09-09 20:08:57] function evaluations 8
[job(107): 2016-09-09 20:08:57] segments explored during Cauchy searches 7
[job(107): 2016-09-09 20:08:57] BFGS updates skipped 0
[job(107): 2016-09-09 20:08:57] active bounds at final generalized Cauchy point 0
[job(107): 2016-09-09 20:08:57] norm of the final projected gradient 6.01315e-08
[job(107): 2016-09-09 20:08:57] final function value -13.7796
[job(107): 2016-09-09 20:08:57] 
[job(107): 2016-09-09 20:08:57] F = -13.7796
[job(107): 2016-09-09 20:08:57] final  value -13.779625 
[job(107): 2016-09-09 20:08:57] converged
[job(107): 2016-09-09 20:08:57] [Tune-x] 16: C=0.146; sigma=0.00272
[job(107): 2016-09-09 20:08:57] [Tune-y] 16: acc.test.mean=0.766; time: 0.1 min; memory: 119Mb use, 194Mb max
[job(107): 2016-09-09 20:08:57] 
[job(107): 2016-09-09 20:08:57] optimisation start
[job(107): 2016-09-09 20:08:57] ------------------
[job(107): 2016-09-09 20:08:57] * estimation method   : MLE 
[job(107): 2016-09-09 20:08:57] * optimisation method : BFGS 
[job(107): 2016-09-09 20:08:57] * analytical gradient : used
[job(107): 2016-09-09 20:08:57] * trend model : ~1
[job(107): 2016-09-09 20:08:57] * covariance model : 
[job(107): 2016-09-09 20:08:57]   - type :  matern5_2 
[job(107): 2016-09-09 20:08:57]   - nugget : NO
[job(107): 2016-09-09 20:08:57]   - parameters lower bounds :  1e-10 1e-10 
[job(107): 2016-09-09 20:08:57]   - parameters upper bounds :  44.96093 38.91097 
[job(107): 2016-09-09 20:08:57]   - best initial criterion value(s) :  13.82822 
[job(107): 2016-09-09 20:08:57] 
[job(107): 2016-09-09 20:08:57] N = 2, M = 5 machine precision = 2.22045e-16
[job(107): 2016-09-09 20:08:57] At X0, 0 variables are exactly at the bounds
[job(107): 2016-09-09 20:08:57] At iterate     0  f=      -13.828  |proj g|=      0.54276
[job(107): 2016-09-09 20:08:57] At iterate     1  f =      -14.101  |proj g|=       0.44007
[job(107): 2016-09-09 20:08:57] At iterate     2  f =      -14.478  |proj g|=       0.17545
[job(107): 2016-09-09 20:08:57] At iterate     3  f =      -14.527  |proj g|=      0.030785
[job(107): 2016-09-09 20:08:57] At iterate     4  f =      -14.529  |proj g|=      0.018563
[job(107): 2016-09-09 20:08:57] At iterate     5  f =      -14.531  |proj g|=      0.014299
[job(107): 2016-09-09 20:08:57] At iterate     6  f =      -14.533  |proj g|=     0.0095313
[job(107): 2016-09-09 20:08:57] At iterate     7  f =      -14.533  |proj g|=    0.00010474
[job(107): 2016-09-09 20:08:57] At iterate     8  f =      -14.533  |proj g|=    5.0856e-06
[job(107): 2016-09-09 20:08:57] At iterate     9  f =      -14.533  |proj g|=    3.0946e-08
[job(107): 2016-09-09 20:08:57] 
[job(107): 2016-09-09 20:08:57] iterations 9
[job(107): 2016-09-09 20:08:57] function evaluations 10
[job(107): 2016-09-09 20:08:57] segments explored during Cauchy searches 9
[job(107): 2016-09-09 20:08:57] BFGS updates skipped 0
[job(107): 2016-09-09 20:08:57] active bounds at final generalized Cauchy point 0
[job(107): 2016-09-09 20:08:57] norm of the final projected gradient 3.0946e-08
[job(107): 2016-09-09 20:08:57] final function value -14.5332
[job(107): 2016-09-09 20:08:57] 
[job(107): 2016-09-09 20:08:57] F = -14.5332
[job(107): 2016-09-09 20:08:57] final  value -14.533191 
[job(107): 2016-09-09 20:08:57] converged
[job(107): 2016-09-09 20:08:57] [Tune-x] 17: C=537; sigma=0.0313
[job(107): 2016-09-09 20:08:57] [Tune-y] 17: acc.test.mean=0.837; time: 0.1 min; memory: 119Mb use, 194Mb max
[job(107): 2016-09-09 20:08:57] 
[job(107): 2016-09-09 20:08:57] optimisation start
[job(107): 2016-09-09 20:08:57] ------------------
[job(107): 2016-09-09 20:08:57] * estimation method   : MLE 
[job(107): 2016-09-09 20:08:57] * optimisation method : BFGS 
[job(107): 2016-09-09 20:08:57] * analytical gradient : used
[job(107): 2016-09-09 20:08:57] * trend model : ~1
[job(107): 2016-09-09 20:08:57] * covariance model : 
[job(107): 2016-09-09 20:08:57]   - type :  matern5_2 
[job(107): 2016-09-09 20:08:57]   - nugget : NO
[job(107): 2016-09-09 20:08:57]   - parameters lower bounds :  1e-10 1e-10 
[job(107): 2016-09-09 20:08:57]   - parameters upper bounds :  44.96093 38.91097 
[job(107): 2016-09-09 20:08:57]   - best initial criterion value(s) :  15.87432 
[job(107): 2016-09-09 20:08:57] 
[job(107): 2016-09-09 20:08:57] N = 2, M = 5 machine precision = 2.22045e-16
[job(107): 2016-09-09 20:08:57] At X0, 0 variables are exactly at the bounds
[job(107): 2016-09-09 20:08:57] At iterate     0  f=      -15.874  |proj g|=      0.38269
[job(107): 2016-09-09 20:08:57] At iterate     1  f =      -16.016  |proj g|=        0.3414
[job(107): 2016-09-09 20:08:57] At iterate     2  f =      -16.482  |proj g|=       0.36002
[job(107): 2016-09-09 20:08:57] At iterate     3  f =      -16.714  |proj g|=       0.13245
[job(107): 2016-09-09 20:08:57] At iterate     4  f =      -16.837  |proj g|=       0.12114
[job(107): 2016-09-09 20:08:57] At iterate     5  f =      -17.137  |proj g|=      0.031581
[job(107): 2016-09-09 20:08:57] At iterate     6  f =      -17.144  |proj g|=      0.017828
[job(107): 2016-09-09 20:08:57] At iterate     7  f =      -17.147  |proj g|=     0.0029739
[job(107): 2016-09-09 20:08:57] At iterate     8  f =      -17.147  |proj g|=    0.00030234
[job(107): 2016-09-09 20:08:57] At iterate     9  f =      -17.147  |proj g|=    0.00021371
[job(107): 2016-09-09 20:08:57] At iterate    10  f =      -17.147  |proj g|=     3.875e-08
[job(107): 2016-09-09 20:08:57] At iterate    11  f =      -17.147  |proj g|=    3.8731e-08
[job(107): 2016-09-09 20:08:57] 
[job(107): 2016-09-09 20:08:57] iterations 11
[job(107): 2016-09-09 20:08:57] function evaluations 30
[job(107): 2016-09-09 20:08:57] segments explored during Cauchy searches 11
[job(107): 2016-09-09 20:08:57] BFGS updates skipped 0
[job(107): 2016-09-09 20:08:57] active bounds at final generalized Cauchy point 0
[job(107): 2016-09-09 20:08:57] norm of the final projected gradient 3.87308e-08
[job(107): 2016-09-09 20:08:57] final function value -17.147
[job(107): 2016-09-09 20:08:57] 
[job(107): 2016-09-09 20:08:57] F = -17.147
[job(107): 2016-09-09 20:08:57] l(0) > u(0).  No feasible solutionfinal  value -17.147049 
[job(107): 2016-09-09 20:08:57] converged
[job(107): 2016-09-09 20:08:57] [Tune-x] 18: C=447; sigma=0.0299
[job(107): 2016-09-09 20:08:57] [Tune-y] 18: acc.test.mean=0.837; time: 0.1 min; memory: 119Mb use, 194Mb max
[job(107): 2016-09-09 20:08:57] 
[job(107): 2016-09-09 20:08:57] optimisation start
[job(107): 2016-09-09 20:08:57] ------------------
[job(107): 2016-09-09 20:08:57] * estimation method   : MLE 
[job(107): 2016-09-09 20:08:57] * optimisation method : BFGS 
[job(107): 2016-09-09 20:08:57] * analytical gradient : used
[job(107): 2016-09-09 20:08:57] * trend model : ~1
[job(107): 2016-09-09 20:08:57] * covariance model : 
[job(107): 2016-09-09 20:08:57]   - type :  matern5_2 
[job(107): 2016-09-09 20:08:57]   - nugget : NO
[job(107): 2016-09-09 20:08:57]   - parameters lower bounds :  1e-10 1e-10 
[job(107): 2016-09-09 20:08:57]   - parameters upper bounds :  44.96093 38.91097 
[job(107): 2016-09-09 20:08:57]   - best initial criterion value(s) :  20.20686 
[job(107): 2016-09-09 20:08:57] 
[job(107): 2016-09-09 20:08:57] N = 2, M = 5 machine precision = 2.22045e-16
[job(107): 2016-09-09 20:08:57] At X0, 0 variables are exactly at the bounds
[job(107): 2016-09-09 20:08:57] At iterate     0  f=      -20.207  |proj g|=      0.51892
[job(107): 2016-09-09 20:08:57] At iterate     1  f =      -20.626  |proj g|=        0.4227
[job(107): 2016-09-09 20:08:57] At iterate     2  f =      -21.227  |proj g|=       0.15204
[job(107): 2016-09-09 20:08:57] At iterate     3  f =      -21.359  |proj g|=      0.085598
[job(107): 2016-09-09 20:08:57] At iterate     4  f =      -21.423  |proj g|=      0.020949
[job(107): 2016-09-09 20:08:57] At iterate     5  f =      -21.429  |proj g|=     0.0045096
[job(107): 2016-09-09 20:08:57] At iterate     6  f =       -21.43  |proj g|=     0.0003519
[job(107): 2016-09-09 20:08:57] At iterate     7  f =       -21.43  |proj g|=    1.0256e-05
[job(107): 2016-09-09 20:08:57] At iterate     8  f =       -21.43  |proj g|=    7.9788e-06
[job(107): 2016-09-09 20:08:57] 
[job(107): 2016-09-09 20:08:57] iterations 8
[job(107): 2016-09-09 20:08:57] function evaluations 10
[job(107): 2016-09-09 20:08:57] segments explored during Cauchy searches 8
[job(107): 2016-09-09 20:08:57] BFGS updates skipped 0
[job(107): 2016-09-09 20:08:57] active bounds at final generalized Cauchy point 0
[job(107): 2016-09-09 20:08:57] norm of the final projected gradient 7.97881e-06
[job(107): 2016-09-09 20:08:57] final function value -21.4295
[job(107): 2016-09-09 20:08:57] 
[job(107): 2016-09-09 20:08:57] F = -21.4295
[job(107): 2016-09-09 20:08:57] final  value -21.429530 
[job(107): 2016-09-09 20:08:57] converged
[job(107): 2016-09-09 20:08:57] [Tune-x] 19: C=492; sigma=0.0294
[job(107): 2016-09-09 20:08:57] [Tune-y] 19: acc.test.mean=0.833; time: 0.1 min; memory: 119Mb use, 194Mb max
[job(107): 2016-09-09 20:08:57] 
[job(107): 2016-09-09 20:08:57] optimisation start
[job(107): 2016-09-09 20:08:57] ------------------
[job(107): 2016-09-09 20:08:57] * estimation method   : MLE 
[job(107): 2016-09-09 20:08:57] * optimisation method : BFGS 
[job(107): 2016-09-09 20:08:57] * analytical gradient : used
[job(107): 2016-09-09 20:08:57] * trend model : ~1
[job(107): 2016-09-09 20:08:57] * covariance model : 
[job(107): 2016-09-09 20:08:57]   - type :  matern5_2 
[job(107): 2016-09-09 20:08:57]   - nugget : NO
[job(107): 2016-09-09 20:08:57]   - parameters lower bounds :  1e-10 1e-10 
[job(107): 2016-09-09 20:08:57]   - parameters upper bounds :  44.96093 38.91097 
[job(107): 2016-09-09 20:08:57]   - best initial criterion value(s) :  20.60149 
[job(107): 2016-09-09 20:08:57] 
[job(107): 2016-09-09 20:08:57] N = 2, M = 5 machine precision = 2.22045e-16
[job(107): 2016-09-09 20:08:57] At X0, 0 variables are exactly at the bounds
[job(107): 2016-09-09 20:08:57] At iterate     0  f=      -20.601  |proj g|=         2.23
[job(107): 2016-09-09 20:08:57] At iterate     1  f =      -22.252  |proj g|=          1.01
[job(107): 2016-09-09 20:08:57] At iterate     2  f =      -22.758  |proj g|=       0.35648
[job(107): 2016-09-09 20:08:57] At iterate     3  f =      -22.901  |proj g|=       0.15187
[job(107): 2016-09-09 20:08:57] At iterate     4  f =      -22.931  |proj g|=      0.044707
[job(107): 2016-09-09 20:08:57] At iterate     5  f =      -22.934  |proj g|=     0.0027695
[job(107): 2016-09-09 20:08:57] At iterate     6  f =      -22.934  |proj g|=    0.00011858
[job(107): 2016-09-09 20:08:57] At iterate     7  f =      -22.934  |proj g|=    8.5242e-06
[job(107): 2016-09-09 20:08:57] 
[job(107): 2016-09-09 20:08:57] iterations 7
[job(107): 2016-09-09 20:08:57] function evaluations 8
[job(107): 2016-09-09 20:08:57] segments explored during Cauchy searches 7
[job(107): 2016-09-09 20:08:57] BFGS updates skipped 0
[job(107): 2016-09-09 20:08:57] active bounds at final generalized Cauchy point 0
[job(107): 2016-09-09 20:08:57] norm of the final projected gradient 8.52424e-06
[job(107): 2016-09-09 20:08:57] final function value -22.9337
[job(107): 2016-09-09 20:08:57] 
[job(107): 2016-09-09 20:08:57] F = -22.9337
[job(107): 2016-09-09 20:08:57] final  value -22.933691 
[job(107): 2016-09-09 20:08:57] converged
[job(107): 2016-09-09 20:08:57] [Tune-x] 20: C=111; sigma=0.0598
[job(107): 2016-09-09 20:08:57] [Tune-y] 20: acc.test.mean=0.831; time: 0.1 min; memory: 119Mb use, 194Mb max
[job(107): 2016-09-09 20:08:57] 
[job(107): 2016-09-09 20:08:57] optimisation start
[job(107): 2016-09-09 20:08:57] ------------------
[job(107): 2016-09-09 20:08:57] * estimation method   : MLE 
[job(107): 2016-09-09 20:08:57] * optimisation method : BFGS 
[job(107): 2016-09-09 20:08:57] * analytical gradient : used
[job(107): 2016-09-09 20:08:57] * trend model : ~1
[job(107): 2016-09-09 20:08:57] * covariance model : 
[job(107): 2016-09-09 20:08:57]   - type :  matern5_2 
[job(107): 2016-09-09 20:08:57]   - nugget : NO
[job(107): 2016-09-09 20:08:57]   - parameters lower bounds :  1e-10 1e-10 
[job(107): 2016-09-09 20:08:57]   - parameters upper bounds :  44.96093 38.91097 
[job(107): 2016-09-09 20:08:57]   - best initial criterion value(s) :  23.23512 
[job(107): 2016-09-09 20:08:57] 
[job(107): 2016-09-09 20:08:57] N = 2, M = 5 machine precision = 2.22045e-16
[job(107): 2016-09-09 20:08:57] At X0, 0 variables are exactly at the bounds
[job(107): 2016-09-09 20:08:57] At iterate     0  f=      -23.235  |proj g|=       2.6567
[job(107): 2016-09-09 20:08:57] At iterate     1  f =      -23.519  |proj g|=       0.41293
[job(107): 2016-09-09 20:08:57] At iterate     2  f =      -23.527  |proj g|=      0.071054
[job(107): 2016-09-09 20:08:57] At iterate     3  f =      -23.527  |proj g|=      0.071023
[job(107): 2016-09-09 20:08:57] At iterate     4  f =      -23.533  |proj g|=       0.21608
[job(107): 2016-09-09 20:08:57] At iterate     5  f =      -23.543  |proj g|=       0.43943
[job(107): 2016-09-09 20:08:57] At iterate     6  f =      -23.573  |proj g|=       0.82256
[job(107): 2016-09-09 20:08:57] At iterate     7  f =      -23.631  |proj g|=        1.2317
[job(107): 2016-09-09 20:08:57] At iterate     8  f =      -23.719  |proj g|=        1.2825
[job(107): 2016-09-09 20:08:57] At iterate     9  f =      -23.783  |proj g|=      0.010509
[job(107): 2016-09-09 20:08:57] At iterate    10  f =      -23.786  |proj g|=     0.0055959
[job(107): 2016-09-09 20:08:57] At iterate    11  f =      -23.787  |proj g|=    6.8409e-05
[job(107): 2016-09-09 20:08:57] At iterate    12  f =      -23.787  |proj g|=    2.9113e-06
[job(107): 2016-09-09 20:08:57] At iterate    13  f =      -23.787  |proj g|=     3.466e-07
[job(107): 2016-09-09 20:08:57] 
[job(107): 2016-09-09 20:08:57] iterations 13
[job(107): 2016-09-09 20:08:57] function evaluations 16
[job(107): 2016-09-09 20:08:57] segments explored during Cauchy searches 13
[job(107): 2016-09-09 20:08:57] BFGS updates skipped 0
[job(107): 2016-09-09 20:08:57] active bounds at final generalized Cauchy point 0
[job(107): 2016-09-09 20:08:57] norm of the final projected gradient 3.46602e-07
[job(107): 2016-09-09 20:08:57] final function value -23.7867
[job(107): 2016-09-09 20:08:57] 
[job(107): 2016-09-09 20:08:57] F = -23.7867
[job(107): 2016-09-09 20:08:57] final  value -23.786656 
[job(107): 2016-09-09 20:08:57] converged
[job(107): 2016-09-09 20:08:57] [Tune-x] 21: C=1.78; sigma=0.0351
[job(107): 2016-09-09 20:08:57] [Tune-y] 21: acc.test.mean=0.832; time: 0.1 min; memory: 119Mb use, 194Mb max
[job(107): 2016-09-09 20:08:57] 
[job(107): 2016-09-09 20:08:57] optimisation start
[job(107): 2016-09-09 20:08:57] ------------------
[job(107): 2016-09-09 20:08:57] * estimation method   : MLE 
[job(107): 2016-09-09 20:08:57] * optimisation method : BFGS 
[job(107): 2016-09-09 20:08:57] * analytical gradient : used
[job(107): 2016-09-09 20:08:57] * trend model : ~1
[job(107): 2016-09-09 20:08:57] * covariance model : 
[job(107): 2016-09-09 20:08:57]   - type :  matern5_2 
[job(107): 2016-09-09 20:08:57]   - nugget : NO
[job(107): 2016-09-09 20:08:57]   - parameters lower bounds :  1e-10 1e-10 
[job(107): 2016-09-09 20:08:57]   - parameters upper bounds :  44.96093 38.91097 
[job(107): 2016-09-09 20:08:57]   - best initial criterion value(s) :  23.53567 
[job(107): 2016-09-09 20:08:57] 
[job(107): 2016-09-09 20:08:57] N = 2, M = 5 machine precision = 2.22045e-16
[job(107): 2016-09-09 20:08:57] At X0, 0 variables are exactly at the bounds
[job(107): 2016-09-09 20:08:57] At iterate     0  f=      -23.536  |proj g|=       2.8914
[job(107): 2016-09-09 20:08:57] At iterate     1  f =        -23.9  |proj g|=       0.91504
[job(107): 2016-09-09 20:08:57] At iterate     2  f =      -23.941  |proj g|=       0.18211
[job(107): 2016-09-09 20:08:57] At iterate     3  f =      -23.956  |proj g|=       0.18092
[job(107): 2016-09-09 20:08:57] At iterate     4  f =      -24.126  |proj g|=         1.168
[job(107): 2016-09-09 20:08:57] At iterate     5  f =      -24.325  |proj g|=        1.7552
[job(107): 2016-09-09 20:08:57] At iterate     6  f =      -24.535  |proj g|=        1.2886
[job(107): 2016-09-09 20:08:57] At iterate     7  f =      -24.595  |proj g|=       0.30906
[job(107): 2016-09-09 20:08:57] At iterate     8  f =      -24.599  |proj g|=       0.01393
[job(107): 2016-09-09 20:08:57] At iterate     9  f =      -24.599  |proj g|=    0.00024568
[job(107): 2016-09-09 20:08:57] At iterate    10  f =      -24.599  |proj g|=    1.1398e-06
[job(107): 2016-09-09 20:08:57] 
[job(107): 2016-09-09 20:08:57] iterations 10
[job(107): 2016-09-09 20:08:57] function evaluations 13
[job(107): 2016-09-09 20:08:57] segments explored during Cauchy searches 10
[job(107): 2016-09-09 20:08:57] BFGS updates skipped 0
[job(107): 2016-09-09 20:08:57] active bounds at final generalized Cauchy point 0
[job(107): 2016-09-09 20:08:57] norm of the final projected gradient 1.13983e-06
[job(107): 2016-09-09 20:08:57] final function value -24.5986
[job(107): 2016-09-09 20:08:57] 
[job(107): 2016-09-09 20:08:57] F = -24.5986
[job(107): 2016-09-09 20:08:57] final  value -24.598617 
[job(107): 2016-09-09 20:08:57] converged
[job(107): 2016-09-09 20:08:57] [Tune-x] 22: C=41.2; sigma=0.0326
[job(107): 2016-09-09 20:08:57] [Tune-y] 22: acc.test.mean=0.834; time: 0.1 min; memory: 119Mb use, 194Mb max
[job(107): 2016-09-09 20:08:57] 
[job(107): 2016-09-09 20:08:57] optimisation start
[job(107): 2016-09-09 20:08:57] ------------------
[job(107): 2016-09-09 20:08:57] * estimation method   : MLE 
[job(107): 2016-09-09 20:08:57] * optimisation method : BFGS 
[job(107): 2016-09-09 20:08:57] * analytical gradient : used
[job(107): 2016-09-09 20:08:57] * trend model : ~1
[job(107): 2016-09-09 20:08:57] * covariance model : 
[job(107): 2016-09-09 20:08:57]   - type :  matern5_2 
[job(107): 2016-09-09 20:08:57]   - nugget : NO
[job(107): 2016-09-09 20:08:57]   - parameters lower bounds :  1e-10 1e-10 
[job(107): 2016-09-09 20:08:57]   - parameters upper bounds :  44.96093 38.91097 
[job(107): 2016-09-09 20:08:57]   - best initial criterion value(s) :  23.78612 
[job(107): 2016-09-09 20:08:57] 
[job(107): 2016-09-09 20:08:57] N = 2, M = 5 machine precision = 2.22045e-16
[job(107): 2016-09-09 20:08:57] At X0, 0 variables are exactly at the bounds
[job(107): 2016-09-09 20:08:57] At iterate     0  f=      -23.786  |proj g|=       5.0169
[job(107): 2016-09-09 20:08:57] At iterate     1  f =      -27.805  |proj g|=       0.39839
[job(107): 2016-09-09 20:08:57] At iterate     2  f =      -27.873  |proj g|=       0.34658
[job(107): 2016-09-09 20:08:57] At iterate     3  f =      -28.037  |proj g|=       0.24043
[job(107): 2016-09-09 20:08:57] At iterate     4  f =      -28.059  |proj g|=       0.12439
[job(107): 2016-09-09 20:08:57] At iterate     5  f =      -28.064  |proj g|=     0.0036439
[job(107): 2016-09-09 20:08:57] At iterate     6  f =      -28.064  |proj g|=    0.00018704
[job(107): 2016-09-09 20:08:57] At iterate     7  f =      -28.064  |proj g|=    7.3798e-06
[job(107): 2016-09-09 20:08:57] 
[job(107): 2016-09-09 20:08:57] iterations 7
[job(107): 2016-09-09 20:08:57] function evaluations 9
[job(107): 2016-09-09 20:08:57] segments explored during Cauchy searches 7
[job(107): 2016-09-09 20:08:57] BFGS updates skipped 0
[job(107): 2016-09-09 20:08:57] active bounds at final generalized Cauchy point 0
[job(107): 2016-09-09 20:08:57] norm of the final projected gradient 7.37981e-06
[job(107): 2016-09-09 20:08:57] final function value -28.0639
[job(107): 2016-09-09 20:08:57] 
[job(107): 2016-09-09 20:08:57] F = -28.0639
[job(107): 2016-09-09 20:08:57] final  value -28.063947 
[job(107): 2016-09-09 20:08:57] converged
[job(107): 2016-09-09 20:08:57] [Tune-x] 23: C=304; sigma=0.0428
[job(107): 2016-09-09 20:08:57] [Tune-y] 23: acc.test.mean=0.829; time: 0.1 min; memory: 119Mb use, 194Mb max
[job(107): 2016-09-09 20:08:57] 
[job(107): 2016-09-09 20:08:57] optimisation start
[job(107): 2016-09-09 20:08:57] ------------------
[job(107): 2016-09-09 20:08:57] * estimation method   : MLE 
[job(107): 2016-09-09 20:08:57] * optimisation method : BFGS 
[job(107): 2016-09-09 20:08:57] * analytical gradient : used
[job(107): 2016-09-09 20:08:57] * trend model : ~1
[job(107): 2016-09-09 20:08:57] * covariance model : 
[job(107): 2016-09-09 20:08:57]   - type :  matern5_2 
[job(107): 2016-09-09 20:08:57]   - nugget : NO
[job(107): 2016-09-09 20:08:57]   - parameters lower bounds :  1e-10 1e-10 
[job(107): 2016-09-09 20:08:57]   - parameters upper bounds :  44.96093 38.91097 
[job(107): 2016-09-09 20:08:57]   - best initial criterion value(s) :  22.60358 
[job(107): 2016-09-09 20:08:57] 
[job(107): 2016-09-09 20:08:57] N = 2, M = 5 machine precision = 2.22045e-16
[job(107): 2016-09-09 20:08:57] At X0, 0 variables are exactly at the bounds
[job(107): 2016-09-09 20:08:57] At iterate     0  f=      -22.604  |proj g|=       1.1215
[job(107): 2016-09-09 20:08:57] At iterate     1  f =      -22.865  |proj g|=        1.0732
[job(107): 2016-09-09 20:08:57] At iterate     2  f =      -23.354  |proj g|=       0.46065
[job(107): 2016-09-09 20:08:57] At iterate     3  f =      -23.357  |proj g|=       0.20561
[job(107): 2016-09-09 20:08:57] At iterate     4  f =      -23.357  |proj g|=       0.11475
[job(107): 2016-09-09 20:08:57] At iterate     5  f =      -23.358  |proj g|=       0.11395
[job(107): 2016-09-09 20:08:57] At iterate     6  f =      -23.361  |proj g|=       0.31498
[job(107): 2016-09-09 20:08:57] At iterate     7  f =      -23.368  |proj g|=       0.65717
[job(107): 2016-09-09 20:08:57] At iterate     8  f =      -23.386  |proj g|=       0.92884
[job(107): 2016-09-09 20:08:57] At iterate     9  f =      -23.433  |proj g|=       0.94483
[job(107): 2016-09-09 20:08:57] At iterate    10  f =      -23.568  |proj g|=       0.96505
[job(107): 2016-09-09 20:08:57] At iterate    11  f =      -23.986  |proj g|=       0.98651
[job(107): 2016-09-09 20:08:57] At iterate    12  f =      -24.604  |proj g|=       0.96625
[job(107): 2016-09-09 20:08:57] At iterate    13  f =      -25.023  |proj g|=       0.85765
[job(107): 2016-09-09 20:08:57] At iterate    14  f =       -25.03  |proj g|=       0.15051
[job(107): 2016-09-09 20:08:57] At iterate    15  f =       -25.03  |proj g|=     0.0023759
[job(107): 2016-09-09 20:08:57] At iterate    16  f =       -25.03  |proj g|=    5.6958e-06
[job(107): 2016-09-09 20:08:57] 
[job(107): 2016-09-09 20:08:57] iterations 16
[job(107): 2016-09-09 20:08:57] function evaluations 20
[job(107): 2016-09-09 20:08:57] segments explored during Cauchy searches 17
[job(107): 2016-09-09 20:08:57] BFGS updates skipped 0
[job(107): 2016-09-09 20:08:57] active bounds at final generalized Cauchy point 1
[job(107): 2016-09-09 20:08:57] norm of the final projected gradient 5.69583e-06
[job(107): 2016-09-09 20:08:57] final function value -25.0304
[job(107): 2016-09-09 20:08:57] 
[job(107): 2016-09-09 20:08:57] F = -25.0304
[job(107): 2016-09-09 20:08:57] final  value -25.030392 
[job(107): 2016-09-09 20:08:57] converged
[job(107): 2016-09-09 20:08:57] [Tune-x] 24: C=4.09e+03; sigma=0.00342
[job(107): 2016-09-09 20:08:57] [Tune-y] 24: acc.test.mean=0.819; time: 0.3 min; memory: 119Mb use, 194Mb max
[job(107): 2016-09-09 20:08:57] 
[job(107): 2016-09-09 20:08:57] optimisation start
[job(107): 2016-09-09 20:08:57] ------------------
[job(107): 2016-09-09 20:08:57] * estimation method   : MLE 
[job(107): 2016-09-09 20:08:57] * optimisation method : BFGS 
[job(107): 2016-09-09 20:08:57] * analytical gradient : used
[job(107): 2016-09-09 20:08:57] * trend model : ~1
[job(107): 2016-09-09 20:08:57] * covariance model : 
[job(107): 2016-09-09 20:08:57]   - type :  matern5_2 
[job(107): 2016-09-09 20:08:57]   - nugget : NO
[job(107): 2016-09-09 20:08:57]   - parameters lower bounds :  1e-10 1e-10 
[job(107): 2016-09-09 20:08:57]   - parameters upper bounds :  46.74494 38.91097 
[job(107): 2016-09-09 20:08:57]   - best initial criterion value(s) :  12.86711 
[job(107): 2016-09-09 20:08:57] 
[job(107): 2016-09-09 20:08:57] N = 2, M = 5 machine precision = 2.22045e-16
[job(107): 2016-09-09 20:08:57] At X0, 0 variables are exactly at the bounds
[job(107): 2016-09-09 20:08:57] At iterate     0  f=      -12.867  |proj g|=       3.0516
[job(107): 2016-09-09 20:08:57] At iterate     1  f =      -21.755  |proj g|=        1.6519
[job(107): 2016-09-09 20:08:57] At iterate     2  f =      -24.775  |proj g|=        0.2081
[job(107): 2016-09-09 20:08:57] At iterate     3  f =      -24.777  |proj g|=       0.15948
[job(107): 2016-09-09 20:08:57] At iterate     4  f =       -25.15  |proj g|=        3.2711
[job(107): 2016-09-09 20:08:57] At iterate     5  f =      -25.395  |proj g|=        1.0758
[job(107): 2016-09-09 20:08:57] At iterate     6  f =      -25.449  |proj g|=      0.029976
[job(107): 2016-09-09 20:08:57] At iterate     7  f =      -25.457  |proj g|=      0.042731
[job(107): 2016-09-09 20:08:57] At iterate     8  f =      -25.459  |proj g|=      0.013246
[job(107): 2016-09-09 20:08:57] At iterate     9  f =      -25.459  |proj g|=      0.001433
[job(107): 2016-09-09 20:08:57] At iterate    10  f =      -25.459  |proj g|=       0.01643
[job(107): 2016-09-09 20:08:57] At iterate    11  f =      -25.459  |proj g|=     0.0013925
[job(107): 2016-09-09 20:08:57] At iterate    12  f =      -25.459  |proj g|=    1.0451e-06
[job(107): 2016-09-09 20:08:57] Bad direction in the line search;
[job(107): 2016-09-09 20:08:57]    refresh the lbfgs memory and restart the iteration.
[job(107): 2016-09-09 20:08:57] Line search cannot locate an adequate point after 20 function
[job(107): 2016-09-09 20:08:57] and gradient evaluations
[job(107): 2016-09-09 20:08:57] final  value -25.459178 
[job(107): 2016-09-09 20:08:57] stopped after 12 iterations
[job(107): 2016-09-09 20:08:57] [Tune-x] 25: C=0.00053; sigma=0.0305
[job(107): 2016-09-09 20:08:57] [Tune-y] 25: acc.test.mean=0.782; time: 0.1 min; memory: 119Mb use, 194Mb max
[job(107): 2016-09-09 20:08:57] 
[job(107): 2016-09-09 20:08:57] optimisation start
[job(107): 2016-09-09 20:08:57] ------------------
[job(107): 2016-09-09 20:08:57] * estimation method   : MLE 
[job(107): 2016-09-09 20:08:57] * optimisation method : BFGS 
[job(107): 2016-09-09 20:08:57] * analytical gradient : used
[job(107): 2016-09-09 20:08:57] * trend model : ~1
[job(107): 2016-09-09 20:08:57] * covariance model : 
[job(107): 2016-09-09 20:08:57]   - type :  matern5_2 
[job(107): 2016-09-09 20:08:57]   - nugget : NO
[job(107): 2016-09-09 20:08:57]   - parameters lower bounds :  1e-10 1e-10 
[job(107): 2016-09-09 20:08:57]   - parameters upper bounds :  46.74494 38.91097 
[job(107): 2016-09-09 20:08:57]   - best initial criterion value(s) :  27.93093 
[job(107): 2016-09-09 20:08:57] 
[job(107): 2016-09-09 20:08:57] N = 2, M = 5 machine precision = 2.22045e-16
[job(107): 2016-09-09 20:08:57] At X0, 0 variables are exactly at the bounds
[job(107): 2016-09-09 20:08:57] At iterate     0  f=      -27.931  |proj g|=       2.3775
[job(107): 2016-09-09 20:08:57] At iterate     1  f =      -28.382  |proj g|=        2.2523
[job(107): 2016-09-09 20:08:57] At iterate     2  f =      -28.916  |proj g|=       0.57707
[job(107): 2016-09-09 20:08:57] At iterate     3  f =      -28.943  |proj g|=       0.36973
[job(107): 2016-09-09 20:08:57] At iterate     4  f =      -28.968  |proj g|=       0.34457
[job(107): 2016-09-09 20:08:57] At iterate     5  f =      -29.077  |proj g|=       0.80209
[job(107): 2016-09-09 20:08:57] At iterate     6  f =      -29.195  |proj g|=             1
[job(107): 2016-09-09 20:08:57] At iterate     7  f =       -29.32  |proj g|=       0.55184
[job(107): 2016-09-09 20:08:57] At iterate     8  f =      -29.345  |proj g|=      0.012504
[job(107): 2016-09-09 20:08:57] At iterate     9  f =      -29.345  |proj g|=      0.011243
[job(107): 2016-09-09 20:08:57] At iterate    10  f =      -29.345  |proj g|=     0.0012533
[job(107): 2016-09-09 20:08:57] At iterate    11  f =      -29.345  |proj g|=    1.1739e-06
[job(107): 2016-09-09 20:08:57] At iterate    12  f =      -29.345  |proj g|=    5.4432e-09
[job(107): 2016-09-09 20:08:57] 
[job(107): 2016-09-09 20:08:57] iterations 12
[job(107): 2016-09-09 20:08:57] function evaluations 15
[job(107): 2016-09-09 20:08:57] segments explored during Cauchy searches 13
[job(107): 2016-09-09 20:08:57] BFGS updates skipped 0
[job(107): 2016-09-09 20:08:57] active bounds at final generalized Cauchy point 0
[job(107): 2016-09-09 20:08:57] norm of the final projected gradient 5.44318e-09
[job(107): 2016-09-09 20:08:57] final function value -29.3449
[job(107): 2016-09-09 20:08:57] 
[job(107): 2016-09-09 20:08:57] F = -29.3449
[job(107): 2016-09-09 20:08:57] final  value -29.344867 
[job(107): 2016-09-09 20:08:57] converged
[job(107): 2016-09-09 20:08:57] [Tune-x] 26: C=39.5; sigma=0.00391
[job(107): 2016-09-09 20:08:57] [Tune-y] 26: acc.test.mean=0.824; time: 0.2 min; memory: 119Mb use, 194Mb max
[job(107): 2016-09-09 20:08:57] 
[job(107): 2016-09-09 20:08:57] optimisation start
[job(107): 2016-09-09 20:08:57] ------------------
[job(107): 2016-09-09 20:08:57] * estimation method   : MLE 
[job(107): 2016-09-09 20:08:57] * optimisation method : BFGS 
[job(107): 2016-09-09 20:08:57] * analytical gradient : used
[job(107): 2016-09-09 20:08:57] * trend model : ~1
[job(107): 2016-09-09 20:08:57] * covariance model : 
[job(107): 2016-09-09 20:08:57]   - type :  matern5_2 
[job(107): 2016-09-09 20:08:57]   - nugget : NO
[job(107): 2016-09-09 20:08:57]   - parameters lower bounds :  1e-10 1e-10 
[job(107): 2016-09-09 20:08:57]   - parameters upper bounds :  46.74494 38.91097 
[job(107): 2016-09-09 20:08:57]   - best initial criterion value(s) :  28.85321 
[job(107): 2016-09-09 20:08:57] 
[job(107): 2016-09-09 20:08:57] N = 2, M = 5 machine precision = 2.22045e-16
[job(107): 2016-09-09 20:08:57] At X0, 0 variables are exactly at the bounds
[job(107): 2016-09-09 20:08:57] At iterate     0  f=      -28.853  |proj g|=       2.2274
[job(107): 2016-09-09 20:08:57] At iterate     1  f =      -28.889  |proj g|=     0.0012967
[job(107): 2016-09-09 20:08:57] At iterate     2  f =      -28.889  |proj g|=     0.0012915
[job(107): 2016-09-09 20:08:57] At iterate     3  f =      -28.889  |proj g|=     0.0064749
[job(107): 2016-09-09 20:08:57] At iterate     4  f =      -28.889  |proj g|=       0.01406
[job(107): 2016-09-09 20:08:57] At iterate     5  f =      -28.889  |proj g|=      0.026702
[job(107): 2016-09-09 20:08:57] At iterate     6  f =      -28.889  |proj g|=      0.045155
[job(107): 2016-09-09 20:08:57] At iterate     7  f =      -28.889  |proj g|=      0.069166
[job(107): 2016-09-09 20:08:57] At iterate     8  f =      -28.889  |proj g|=      0.087853
[job(107): 2016-09-09 20:08:57] At iterate     9  f =       -28.89  |proj g|=      0.065575
[job(107): 2016-09-09 20:08:57] At iterate    10  f =       -28.89  |proj g|=     0.0054248
[job(107): 2016-09-09 20:08:57] At iterate    11  f =       -28.89  |proj g|=    0.00027674
[job(107): 2016-09-09 20:08:57] At iterate    12  f =       -28.89  |proj g|=    7.9976e-06
[job(107): 2016-09-09 20:08:57] 
[job(107): 2016-09-09 20:08:57] iterations 12
[job(107): 2016-09-09 20:08:57] function evaluations 16
[job(107): 2016-09-09 20:08:57] segments explored during Cauchy searches 12
[job(107): 2016-09-09 20:08:57] BFGS updates skipped 0
[job(107): 2016-09-09 20:08:57] active bounds at final generalized Cauchy point 0
[job(107): 2016-09-09 20:08:57] norm of the final projected gradient 7.9976e-06
[job(107): 2016-09-09 20:08:57] final function value -28.8896
[job(107): 2016-09-09 20:08:57] 
[job(107): 2016-09-09 20:08:57] F = -28.8896
[job(107): 2016-09-09 20:08:57] final  value -28.889621 
[job(107): 2016-09-09 20:08:57] converged
[job(107): 2016-09-09 20:08:57] [Tune-x] 27: C=0.117; sigma=0.0498
[job(107): 2016-09-09 20:08:57] [Tune-y] 27: acc.test.mean=0.812; time: 0.1 min; memory: 119Mb use, 194Mb max
[job(107): 2016-09-09 20:08:57] 
[job(107): 2016-09-09 20:08:57] optimisation start
[job(107): 2016-09-09 20:08:57] ------------------
[job(107): 2016-09-09 20:08:57] * estimation method   : MLE 
[job(107): 2016-09-09 20:08:57] * optimisation method : BFGS 
[job(107): 2016-09-09 20:08:57] * analytical gradient : used
[job(107): 2016-09-09 20:08:57] * trend model : ~1
[job(107): 2016-09-09 20:08:57] * covariance model : 
[job(107): 2016-09-09 20:08:57]   - type :  matern5_2 
[job(107): 2016-09-09 20:08:57]   - nugget : NO
[job(107): 2016-09-09 20:08:57]   - parameters lower bounds :  1e-10 1e-10 
[job(107): 2016-09-09 20:08:57]   - parameters upper bounds :  46.74494 38.91097 
[job(107): 2016-09-09 20:08:57]   - best initial criterion value(s) :  27.77669 
[job(107): 2016-09-09 20:08:57] 
[job(107): 2016-09-09 20:08:57] N = 2, M = 5 machine precision = 2.22045e-16
[job(107): 2016-09-09 20:08:57] At X0, 0 variables are exactly at the bounds
[job(107): 2016-09-09 20:08:57] At iterate     0  f=      -27.777  |proj g|=       2.9626
[job(107): 2016-09-09 20:08:57] At iterate     1  f =      -29.615  |proj g|=        2.6724
[job(107): 2016-09-09 20:08:57] At iterate     2  f =      -31.931  |proj g|=         1.321
[job(107): 2016-09-09 20:08:57] At iterate     3  f =      -32.033  |proj g|=       0.37374
[job(107): 2016-09-09 20:08:57] At iterate     4  f =      -32.045  |proj g|=       0.20897
[job(107): 2016-09-09 20:08:57] At iterate     5  f =      -32.052  |proj g|=       0.19595
[job(107): 2016-09-09 20:08:57] At iterate     6  f =      -32.104  |proj g|=       0.53728
[job(107): 2016-09-09 20:08:57] At iterate     7  f =      -32.164  |proj g|=       0.72933
[job(107): 2016-09-09 20:08:57] At iterate     8  f =       -32.25  |proj g|=       0.42192
[job(107): 2016-09-09 20:08:57] At iterate     9  f =      -32.257  |proj g|=      0.053471
[job(107): 2016-09-09 20:08:57] At iterate    10  f =      -32.259  |proj g|=      0.048359
[job(107): 2016-09-09 20:08:57] At iterate    11  f =      -32.259  |proj g|=     0.0089767
[job(107): 2016-09-09 20:08:57] At iterate    12  f =      -32.259  |proj g|=    2.0889e-05
[job(107): 2016-09-09 20:08:57] At iterate    13  f =      -32.259  |proj g|=    2.0887e-05
[job(107): 2016-09-09 20:08:57] 
[job(107): 2016-09-09 20:08:57] iterations 13
[job(107): 2016-09-09 20:08:57] function evaluations 24
[job(107): 2016-09-09 20:08:57] segments explored during Cauchy searches 14
[job(107): 2016-09-09 20:08:57] BFGS updates skipped 0
[job(107): 2016-09-09 20:08:57] active bounds at final generalized Cauchy point 0
[job(107): 2016-09-09 20:08:57] norm of the final projected gradient 2.08872e-05
[job(107): 2016-09-09 20:08:57] final function value -32.2592
[job(107): 2016-09-09 20:08:57] 
[job(107): 2016-09-09 20:08:57] F = -32.2592
[job(107): 2016-09-09 20:08:57] final  value -32.259165 
[job(107): 2016-09-09 20:08:57] converged
[job(107): 2016-09-09 20:08:57] [Tune-x] 28: C=202; sigma=0.0329
[job(107): 2016-09-09 20:08:57] [Tune-y] 28: acc.test.mean=0.833; time: 0.1 min; memory: 119Mb use, 194Mb max
[job(107): 2016-09-09 20:08:57] 
[job(107): 2016-09-09 20:08:57] optimisation start
[job(107): 2016-09-09 20:08:57] ------------------
[job(107): 2016-09-09 20:08:57] * estimation method   : MLE 
[job(107): 2016-09-09 20:08:57] * optimisation method : BFGS 
[job(107): 2016-09-09 20:08:57] * analytical gradient : used
[job(107): 2016-09-09 20:08:57] * trend model : ~1
[job(107): 2016-09-09 20:08:57] * covariance model : 
[job(107): 2016-09-09 20:08:57]   - type :  matern5_2 
[job(107): 2016-09-09 20:08:57]   - nugget : NO
[job(107): 2016-09-09 20:08:57]   - parameters lower bounds :  1e-10 1e-10 
[job(107): 2016-09-09 20:08:57]   - parameters upper bounds :  46.74494 38.91097 
[job(107): 2016-09-09 20:08:57]   - best initial criterion value(s) :  31.7141 
[job(107): 2016-09-09 20:08:57] 
[job(107): 2016-09-09 20:08:57] N = 2, M = 5 machine precision = 2.22045e-16
[job(107): 2016-09-09 20:08:57] At X0, 0 variables are exactly at the bounds
[job(107): 2016-09-09 20:08:57] At iterate     0  f=      -31.714  |proj g|=       28.189
[job(107): 2016-09-09 20:08:57] At iterate     1  f =       -33.68  |proj g|=        1.0596
[job(107): 2016-09-09 20:08:57] At iterate     2  f =      -35.215  |proj g|=       0.89847
[job(107): 2016-09-09 20:08:57] At iterate     3  f =      -35.503  |proj g|=       0.72251
[job(107): 2016-09-09 20:08:57] At iterate     4  f =      -35.507  |proj g|=       0.11754
[job(107): 2016-09-09 20:08:57] At iterate     5  f =      -35.507  |proj g|=       0.04904
[job(107): 2016-09-09 20:08:57] At iterate     6  f =      -35.507  |proj g|=      0.048966
[job(107): 2016-09-09 20:08:57] At iterate     7  f =      -35.507  |proj g|=       0.16255
[job(107): 2016-09-09 20:08:57] At iterate     8  f =      -35.508  |proj g|=       0.32605
[job(107): 2016-09-09 20:08:57] At iterate     9  f =      -35.511  |proj g|=       0.62723
[job(107): 2016-09-09 20:08:57] At iterate    10  f =      -35.517  |proj g|=       0.81992
[job(107): 2016-09-09 20:08:57] At iterate    11  f =      -35.532  |proj g|=       0.82652
[job(107): 2016-09-09 20:08:57] At iterate    12  f =      -35.567  |proj g|=       0.83207
[job(107): 2016-09-09 20:08:57] At iterate    13  f =      -35.638  |proj g|=       0.82824
[job(107): 2016-09-09 20:08:57] At iterate    14  f =      -35.746  |proj g|=        0.3219
[job(107): 2016-09-09 20:08:57] At iterate    15  f =      -35.747  |proj g|=      0.023064
[job(107): 2016-09-09 20:08:57] At iterate    16  f =      -35.747  |proj g|=    0.00012698
[job(107): 2016-09-09 20:08:57] At iterate    17  f =      -35.747  |proj g|=    5.0169e-08
[job(107): 2016-09-09 20:08:57] 
[job(107): 2016-09-09 20:08:57] iterations 17
[job(107): 2016-09-09 20:08:57] function evaluations 22
[job(107): 2016-09-09 20:08:57] segments explored during Cauchy searches 17
[job(107): 2016-09-09 20:08:57] BFGS updates skipped 0
[job(107): 2016-09-09 20:08:57] active bounds at final generalized Cauchy point 1
[job(107): 2016-09-09 20:08:57] norm of the final projected gradient 5.01689e-08
[job(107): 2016-09-09 20:08:57] final function value -35.7466
[job(107): 2016-09-09 20:08:57] 
[job(107): 2016-09-09 20:08:57] F = -35.7466
[job(107): 2016-09-09 20:08:57] final  value -35.746630 
[job(107): 2016-09-09 20:08:57] converged
[job(107): 2016-09-09 20:08:57] [Tune] Result: C=447; sigma=0.0299 : acc.test.mean=-0.837
[job(107): 2016-09-09 20:08:57] Job terminated successfully
[job(chunk): 2016-09-09 20:08:58] Calculation finished!
