[job(chunk): 2016-09-10 01:31:08] Starting calculation of 1 jobs
[job(chunk): 2016-09-10 01:31:08] Setting working directory to '/naslx/projects/pr74ze/ri89coc2/svm_comparison'
[job(chunk): 2016-09-10 01:31:08] Memory measurement disabled
[job(1773): 2016-09-10 01:31:11] Starting job with job.id=1773
[job(1773): 2016-09-10 01:32:02] Generating problem instance for problem '40496' ...
[job(1773): 2016-09-10 01:32:02] Downloading from 'http://www.openml.org/api/v1/data/40496' to '/tmp/ri89coc2/Rtmp2xEJNT/cache/datasets/40496/description.xml'.
[job(1773): 2016-09-10 01:32:02] Downloading from 'http://www.openml.org/data/download/4535757/phpSj3fWL' to '/tmp/ri89coc2/Rtmp2xEJNT/cache/datasets/40496/dataset.arff'
[job(1773): 2016-09-10 01:32:02] Loading required package: readr
[job(1773): 2016-09-10 01:32:02] Applying algorithm 'C-svc.tuned' on problem '40496' ...
[job(1773): 2016-09-10 01:32:02] Data '40496' file 'description.xml' found in cache.
[job(1773): 2016-09-10 01:32:02] Data '40496' file 'dataset.arff' found in cache.
[job(1773): 2016-09-10 01:32:02] [Tune] Started tuning learner C-svc for parameter set:
[job(1773): 2016-09-10 01:32:02]          Type len Def    Constr Req Tunable Trafo
[job(1773): 2016-09-10 01:32:02] C     numeric   -   - -12 to 12   -    TRUE     Y
[job(1773): 2016-09-10 01:32:02] sigma numeric   -   - -12 to 12   -    TRUE     Y
[job(1773): 2016-09-10 01:32:02] With control class: TuneControlMBO
[job(1773): 2016-09-10 01:32:02] Imputation value: -0
[job(1773): 2016-09-10 01:32:02] [Tune-x] 1: C=11.2; sigma=0.000578
[job(1773): 2016-09-10 01:32:02] [Tune-y] 1: acc.test.mean=0.738; time: 0.0 min; memory: 113Mb use, 151Mb max
[job(1773): 2016-09-10 01:32:02] [Tune-x] 2: C=0.877; sigma=0.131
[job(1773): 2016-09-10 01:32:02] [Tune-y] 2: acc.test.mean=0.718; time: 0.0 min; memory: 113Mb use, 157Mb max
[job(1773): 2016-09-10 01:32:02] [Tune-x] 3: C=243; sigma=5.73
[job(1773): 2016-09-10 01:32:02] [Tune-y] 3: acc.test.mean=0.678; time: 0.0 min; memory: 113Mb use, 157Mb max
[job(1773): 2016-09-10 01:32:02] [Tune-x] 4: C=0.0949; sigma=397
[job(1773): 2016-09-10 01:32:02] [Tune-y] 4: acc.test.mean=0.58; time: 0.0 min; memory: 113Mb use, 157Mb max
[job(1773): 2016-09-10 01:32:02] [Tune-x] 5: C=2.29; sigma=0.056
[job(1773): 2016-09-10 01:32:02] [Tune-y] 5: acc.test.mean=0.729; time: 0.0 min; memory: 113Mb use, 158Mb max
[job(1773): 2016-09-10 01:32:02] [Tune-x] 6: C=0.000962; sigma=1.63e+03
[job(1773): 2016-09-10 01:32:02] [Tune-y] 6: acc.test.mean=0.12; time: 0.0 min; memory: 113Mb use, 158Mb max
[job(1773): 2016-09-10 01:32:02] [Tune-x] 7: C=1.61e+03; sigma=38.1
[job(1773): 2016-09-10 01:32:02] [Tune-y] 7: acc.test.mean=0.696; time: 0.0 min; memory: 113Mb use, 158Mb max
[job(1773): 2016-09-10 01:32:02] [Tune-x] 8: C=0.00704; sigma=0.0061
[job(1773): 2016-09-10 01:32:02] [Tune-y] 8: acc.test.mean=0.107; time: 0.0 min; memory: 113Mb use, 158Mb max
[job(1773): 2016-09-10 01:32:02] 
[job(1773): 2016-09-10 01:32:02] optimisation start
[job(1773): 2016-09-10 01:32:02] ------------------
[job(1773): 2016-09-10 01:32:02] * estimation method   : MLE 
[job(1773): 2016-09-10 01:32:02] * optimisation method : BFGS 
[job(1773): 2016-09-10 01:32:02] * analytical gradient : used
[job(1773): 2016-09-10 01:32:02] * trend model : ~1
[job(1773): 2016-09-10 01:32:02] * covariance model : 
[job(1773): 2016-09-10 01:32:02]   - type :  matern5_2 
[job(1773): 2016-09-10 01:32:02]   - nugget : NO
[job(1773): 2016-09-10 01:32:02]   - parameters lower bounds :  1e-10 1e-10 
[job(1773): 2016-09-10 01:32:02]   - parameters upper bounds :  41.34483 42.85088 
[job(1773): 2016-09-10 01:32:02]   - best initial criterion value(s) :  4.42877 
[job(1773): 2016-09-10 01:32:02] 
[job(1773): 2016-09-10 01:32:02] N = 2, M = 5 machine precision = 2.22045e-16
[job(1773): 2016-09-10 01:32:02] At X0, 0 variables are exactly at the bounds
[job(1773): 2016-09-10 01:32:02] At iterate     0  f=      -4.4288  |proj g|=     0.075974
[job(1773): 2016-09-10 01:32:02] At iterate     1  f =      -4.4374  |proj g|=      0.068423
[job(1773): 2016-09-10 01:32:02] At iterate     2  f =      -4.5271  |proj g|=      0.058453
[job(1773): 2016-09-10 01:32:02] At iterate     3  f =      -4.7138  |proj g|=       0.10343
[job(1773): 2016-09-10 01:32:02] At iterate     4  f =      -4.9196  |proj g|=     0.0068734
[job(1773): 2016-09-10 01:32:02] At iterate     5  f =      -4.9198  |proj g|=     0.0019028
[job(1773): 2016-09-10 01:32:02] At iterate     6  f =      -4.9198  |proj g|=     2.192e-05
[job(1773): 2016-09-10 01:32:02] At iterate     7  f =      -4.9198  |proj g|=    7.0842e-08
[job(1773): 2016-09-10 01:32:02] 
[job(1773): 2016-09-10 01:32:02] iterations 7
[job(1773): 2016-09-10 01:32:02] function evaluations 9
[job(1773): 2016-09-10 01:32:02] segments explored during Cauchy searches 7
[job(1773): 2016-09-10 01:32:02] BFGS updates skipped 0
[job(1773): 2016-09-10 01:32:02] active bounds at final generalized Cauchy point 1
[job(1773): 2016-09-10 01:32:02] norm of the final projected gradient 7.08425e-08
[job(1773): 2016-09-10 01:32:02] final function value -4.91978
[job(1773): 2016-09-10 01:32:02] 
[job(1773): 2016-09-10 01:32:02] F = -4.91978
[job(1773): 2016-09-10 01:32:02] final  value -4.919777 
[job(1773): 2016-09-10 01:32:02] converged
[job(1773): 2016-09-10 01:32:02] [Tune-x] 9: C=1.06; sigma=2.05e+03
[job(1773): 2016-09-10 01:32:02] [Tune-y] 9: acc.test.mean=0.673; time: 0.0 min; memory: 117Mb use, 180Mb max
[job(1773): 2016-09-10 01:32:02] 
[job(1773): 2016-09-10 01:32:02] optimisation start
[job(1773): 2016-09-10 01:32:02] ------------------
[job(1773): 2016-09-10 01:32:02] * estimation method   : MLE 
[job(1773): 2016-09-10 01:32:02] * optimisation method : BFGS 
[job(1773): 2016-09-10 01:32:02] * analytical gradient : used
[job(1773): 2016-09-10 01:32:02] * trend model : ~1
[job(1773): 2016-09-10 01:32:02] * covariance model : 
[job(1773): 2016-09-10 01:32:02]   - type :  matern5_2 
[job(1773): 2016-09-10 01:32:02]   - nugget : NO
[job(1773): 2016-09-10 01:32:02]   - parameters lower bounds :  1e-10 1e-10 
[job(1773): 2016-09-10 01:32:02]   - parameters upper bounds :  41.34483 43.51649 
[job(1773): 2016-09-10 01:32:02]   - best initial criterion value(s) :  6.096049 
[job(1773): 2016-09-10 01:32:02] 
[job(1773): 2016-09-10 01:32:02] N = 2, M = 5 machine precision = 2.22045e-16
[job(1773): 2016-09-10 01:32:02] At X0, 0 variables are exactly at the bounds
[job(1773): 2016-09-10 01:32:02] At iterate     0  f=       -6.096  |proj g|=      0.17015
[job(1773): 2016-09-10 01:32:02] At iterate     1  f =      -6.1232  |proj g|=       0.14341
[job(1773): 2016-09-10 01:32:02] At iterate     2  f =      -6.2056  |proj g|=      0.030181
[job(1773): 2016-09-10 01:32:02] At iterate     3  f =      -6.2153  |proj g|=       0.01982
[job(1773): 2016-09-10 01:32:02] At iterate     4  f =      -6.2228  |proj g|=      0.018684
[job(1773): 2016-09-10 01:32:02] At iterate     5  f =      -6.2376  |proj g|=      0.033236
[job(1773): 2016-09-10 01:32:02] At iterate     6  f =      -6.2512  |proj g|=      0.028855
[job(1773): 2016-09-10 01:32:02] At iterate     7  f =      -6.2566  |proj g|=     0.0011297
[job(1773): 2016-09-10 01:32:02] At iterate     8  f =      -6.2566  |proj g|=    7.1018e-05
[job(1773): 2016-09-10 01:32:02] At iterate     9  f =      -6.2566  |proj g|=    1.6918e-07
[job(1773): 2016-09-10 01:32:02] At iterate    10  f =      -6.2566  |proj g|=    2.5319e-11
[job(1773): 2016-09-10 01:32:02] 
[job(1773): 2016-09-10 01:32:02] iterations 10
[job(1773): 2016-09-10 01:32:02] function evaluations 11
[job(1773): 2016-09-10 01:32:02] segments explored during Cauchy searches 10
[job(1773): 2016-09-10 01:32:02] BFGS updates skipped 0
[job(1773): 2016-09-10 01:32:02] active bounds at final generalized Cauchy point 1
[job(1773): 2016-09-10 01:32:02] norm of the final projected gradient 2.53187e-11
[job(1773): 2016-09-10 01:32:02] final function value -6.25663
[job(1773): 2016-09-10 01:32:02] 
[job(1773): 2016-09-10 01:32:02] F = -6.25663
[job(1773): 2016-09-10 01:32:02] final  value -6.256626 
[job(1773): 2016-09-10 01:32:02] converged
[job(1773): 2016-09-10 01:32:02] [Tune-x] 10: C=5.36; sigma=0.000244
[job(1773): 2016-09-10 01:32:02] [Tune-y] 10: acc.test.mean=0.167; time: 0.0 min; memory: 117Mb use, 180Mb max
[job(1773): 2016-09-10 01:32:02] 
[job(1773): 2016-09-10 01:32:02] optimisation start
[job(1773): 2016-09-10 01:32:02] ------------------
[job(1773): 2016-09-10 01:32:02] * estimation method   : MLE 
[job(1773): 2016-09-10 01:32:02] * optimisation method : BFGS 
[job(1773): 2016-09-10 01:32:02] * analytical gradient : used
[job(1773): 2016-09-10 01:32:02] * trend model : ~1
[job(1773): 2016-09-10 01:32:02] * covariance model : 
[job(1773): 2016-09-10 01:32:02]   - type :  matern5_2 
[job(1773): 2016-09-10 01:32:02]   - nugget : NO
[job(1773): 2016-09-10 01:32:02]   - parameters lower bounds :  1e-10 1e-10 
[job(1773): 2016-09-10 01:32:02]   - parameters upper bounds :  41.34483 46.00523 
[job(1773): 2016-09-10 01:32:02]   - best initial criterion value(s) :  -2.17714 
[job(1773): 2016-09-10 01:32:02] 
[job(1773): 2016-09-10 01:32:02] N = 2, M = 5 machine precision = 2.22045e-16
[job(1773): 2016-09-10 01:32:02] At X0, 0 variables are exactly at the bounds
[job(1773): 2016-09-10 01:32:02] At iterate     0  f=       2.1771  |proj g|=       1.2373
[job(1773): 2016-09-10 01:32:02] At iterate     1  f =      0.66428  |proj g|=             0
[job(1773): 2016-09-10 01:32:02] 
[job(1773): 2016-09-10 01:32:02] iterations 1
[job(1773): 2016-09-10 01:32:02] function evaluations 2
[job(1773): 2016-09-10 01:32:02] segments explored during Cauchy searches 2
[job(1773): 2016-09-10 01:32:02] BFGS updates skipped 0
[job(1773): 2016-09-10 01:32:02] active bounds at final generalized Cauchy point 1
[job(1773): 2016-09-10 01:32:02] norm of the final projected gradient 0
[job(1773): 2016-09-10 01:32:02] final function value 0.664282
[job(1773): 2016-09-10 01:32:02] 
[job(1773): 2016-09-10 01:32:02] F = 0.664282
[job(1773): 2016-09-10 01:32:02] final  value 0.664282 
[job(1773): 2016-09-10 01:32:02] converged
[job(1773): 2016-09-10 01:32:02] [Tune-x] 11: C=1.75; sigma=0.000902
[job(1773): 2016-09-10 01:32:02] [Tune-y] 11: acc.test.mean=0.202; time: 0.0 min; memory: 117Mb use, 180Mb max
[job(1773): 2016-09-10 01:32:02] 
[job(1773): 2016-09-10 01:32:02] optimisation start
[job(1773): 2016-09-10 01:32:02] ------------------
[job(1773): 2016-09-10 01:32:02] * estimation method   : MLE 
[job(1773): 2016-09-10 01:32:02] * optimisation method : BFGS 
[job(1773): 2016-09-10 01:32:02] * analytical gradient : used
[job(1773): 2016-09-10 01:32:02] * trend model : ~1
[job(1773): 2016-09-10 01:32:02] * covariance model : 
[job(1773): 2016-09-10 01:32:02]   - type :  matern5_2 
[job(1773): 2016-09-10 01:32:02]   - nugget : NO
[job(1773): 2016-09-10 01:32:02]   - parameters lower bounds :  1e-10 1e-10 
[job(1773): 2016-09-10 01:32:02]   - parameters upper bounds :  41.34483 46.00523 
[job(1773): 2016-09-10 01:32:02]   - best initial criterion value(s) :  -0.9723836 
[job(1773): 2016-09-10 01:32:02] 
[job(1773): 2016-09-10 01:32:02] N = 2, M = 5 machine precision = 2.22045e-16
[job(1773): 2016-09-10 01:32:02] At X0, 0 variables are exactly at the bounds
[job(1773): 2016-09-10 01:32:02] At iterate     0  f=      0.97238  |proj g|=      0.25909
[job(1773): 2016-09-10 01:32:02] At iterate     1  f =      0.91591  |proj g|=             0
[job(1773): 2016-09-10 01:32:02] 
[job(1773): 2016-09-10 01:32:02] iterations 1
[job(1773): 2016-09-10 01:32:02] function evaluations 2
[job(1773): 2016-09-10 01:32:02] segments explored during Cauchy searches 2
[job(1773): 2016-09-10 01:32:02] BFGS updates skipped 0
[job(1773): 2016-09-10 01:32:02] active bounds at final generalized Cauchy point 1
[job(1773): 2016-09-10 01:32:02] norm of the final projected gradient 0
[job(1773): 2016-09-10 01:32:02] final function value 0.915914
[job(1773): 2016-09-10 01:32:02] 
[job(1773): 2016-09-10 01:32:02] F = 0.915914
[job(1773): 2016-09-10 01:32:02] final  value 0.915914 
[job(1773): 2016-09-10 01:32:02] converged
[job(1773): 2016-09-10 01:32:02] [Tune-x] 12: C=0.0119; sigma=0.000298
[job(1773): 2016-09-10 01:32:02] [Tune-y] 12: acc.test.mean=0.0889; time: 0.0 min; memory: 117Mb use, 180Mb max
[job(1773): 2016-09-10 01:32:02] 
[job(1773): 2016-09-10 01:32:02] optimisation start
[job(1773): 2016-09-10 01:32:02] ------------------
[job(1773): 2016-09-10 01:32:02] * estimation method   : MLE 
[job(1773): 2016-09-10 01:32:02] * optimisation method : BFGS 
[job(1773): 2016-09-10 01:32:02] * analytical gradient : used
[job(1773): 2016-09-10 01:32:02] * trend model : ~1
[job(1773): 2016-09-10 01:32:02] * covariance model : 
[job(1773): 2016-09-10 01:32:02]   - type :  matern5_2 
[job(1773): 2016-09-10 01:32:02]   - nugget : NO
[job(1773): 2016-09-10 01:32:02]   - parameters lower bounds :  1e-10 1e-10 
[job(1773): 2016-09-10 01:32:02]   - parameters upper bounds :  41.34483 46.00523 
[job(1773): 2016-09-10 01:32:02]   - best initial criterion value(s) :  -2.589228 
[job(1773): 2016-09-10 01:32:02] 
[job(1773): 2016-09-10 01:32:02] N = 2, M = 5 machine precision = 2.22045e-16
[job(1773): 2016-09-10 01:32:02] At X0, 0 variables are exactly at the bounds
[job(1773): 2016-09-10 01:32:02] At iterate     0  f=       2.5892  |proj g|=       0.4737
[job(1773): 2016-09-10 01:32:02] At iterate     1  f =       1.5477  |proj g|=             0
[job(1773): 2016-09-10 01:32:02] 
[job(1773): 2016-09-10 01:32:02] iterations 1
[job(1773): 2016-09-10 01:32:02] function evaluations 2
[job(1773): 2016-09-10 01:32:02] segments explored during Cauchy searches 2
[job(1773): 2016-09-10 01:32:02] BFGS updates skipped 0
[job(1773): 2016-09-10 01:32:02] active bounds at final generalized Cauchy point 1
[job(1773): 2016-09-10 01:32:02] norm of the final projected gradient 0
[job(1773): 2016-09-10 01:32:02] final function value 1.54766
[job(1773): 2016-09-10 01:32:02] 
[job(1773): 2016-09-10 01:32:02] F = 1.54766
[job(1773): 2016-09-10 01:32:02] final  value 1.547656 
[job(1773): 2016-09-10 01:32:02] converged
[job(1773): 2016-09-10 01:32:02] [Tune-x] 13: C=0.0108; sigma=13.7
[job(1773): 2016-09-10 01:32:02] [Tune-y] 13: acc.test.mean=0.0978; time: 0.0 min; memory: 117Mb use, 180Mb max
[job(1773): 2016-09-10 01:32:02] 
[job(1773): 2016-09-10 01:32:02] optimisation start
[job(1773): 2016-09-10 01:32:02] ------------------
[job(1773): 2016-09-10 01:32:02] * estimation method   : MLE 
[job(1773): 2016-09-10 01:32:02] * optimisation method : BFGS 
[job(1773): 2016-09-10 01:32:02] * analytical gradient : used
[job(1773): 2016-09-10 01:32:02] * trend model : ~1
[job(1773): 2016-09-10 01:32:02] * covariance model : 
[job(1773): 2016-09-10 01:32:02]   - type :  matern5_2 
[job(1773): 2016-09-10 01:32:02]   - nugget : NO
[job(1773): 2016-09-10 01:32:02]   - parameters lower bounds :  1e-10 1e-10 
[job(1773): 2016-09-10 01:32:02]   - parameters upper bounds :  41.34483 46.00523 
[job(1773): 2016-09-10 01:32:02]   - best initial criterion value(s) :  -4.322983 
[job(1773): 2016-09-10 01:32:02] 
[job(1773): 2016-09-10 01:32:02] N = 2, M = 5 machine precision = 2.22045e-16
[job(1773): 2016-09-10 01:32:02] At X0, 0 variables are exactly at the bounds
[job(1773): 2016-09-10 01:32:02] At iterate     0  f=        4.323  |proj g|=      0.69485
[job(1773): 2016-09-10 01:32:02] At iterate     1  f =       3.7855  |proj g|=         0.801
[job(1773): 2016-09-10 01:32:02] ys=-6.400e-02  -gs= 5.093e-01, BFGS update SKIPPED
[job(1773): 2016-09-10 01:32:02] At iterate     2  f =       1.9605  |proj g|=             0
[job(1773): 2016-09-10 01:32:02] 
[job(1773): 2016-09-10 01:32:02] iterations 2
[job(1773): 2016-09-10 01:32:02] function evaluations 4
[job(1773): 2016-09-10 01:32:02] segments explored during Cauchy searches 2
[job(1773): 2016-09-10 01:32:02] BFGS updates skipped 1
[job(1773): 2016-09-10 01:32:02] active bounds at final generalized Cauchy point 0
[job(1773): 2016-09-10 01:32:02] norm of the final projected gradient 0
[job(1773): 2016-09-10 01:32:02] final function value 1.96049
[job(1773): 2016-09-10 01:32:02] 
[job(1773): 2016-09-10 01:32:02] F = 1.96049
[job(1773): 2016-09-10 01:32:02] final  value 1.960490 
[job(1773): 2016-09-10 01:32:02] converged
[job(1773): 2016-09-10 01:32:02] [Tune-x] 14: C=0.000265; sigma=853
[job(1773): 2016-09-10 01:32:02] [Tune-y] 14: acc.test.mean=0.116; time: 0.0 min; memory: 117Mb use, 180Mb max
[job(1773): 2016-09-10 01:32:02] 
[job(1773): 2016-09-10 01:32:02] optimisation start
[job(1773): 2016-09-10 01:32:02] ------------------
[job(1773): 2016-09-10 01:32:02] * estimation method   : MLE 
[job(1773): 2016-09-10 01:32:02] * optimisation method : BFGS 
[job(1773): 2016-09-10 01:32:02] * analytical gradient : used
[job(1773): 2016-09-10 01:32:02] * trend model : ~1
[job(1773): 2016-09-10 01:32:02] * covariance model : 
[job(1773): 2016-09-10 01:32:02]   - type :  matern5_2 
[job(1773): 2016-09-10 01:32:02]   - nugget : NO
[job(1773): 2016-09-10 01:32:02]   - parameters lower bounds :  1e-10 1e-10 
[job(1773): 2016-09-10 01:32:02]   - parameters upper bounds :  45.06383 46.00523 
[job(1773): 2016-09-10 01:32:02]   - best initial criterion value(s) :  -1.316959 
[job(1773): 2016-09-10 01:32:02] 
[job(1773): 2016-09-10 01:32:02] N = 2, M = 5 machine precision = 2.22045e-16
[job(1773): 2016-09-10 01:32:02] At X0, 0 variables are exactly at the bounds
[job(1773): 2016-09-10 01:32:02] At iterate     0  f=        1.317  |proj g|=      0.36585
[job(1773): 2016-09-10 01:32:02] At iterate     1  f =        1.243  |proj g|=       0.32451
[job(1773): 2016-09-10 01:32:02] At iterate     2  f =       1.2243  |proj g|=      0.024366
[job(1773): 2016-09-10 01:32:02] At iterate     3  f =       1.2243  |proj g|=      0.018315
[job(1773): 2016-09-10 01:32:02] At iterate     4  f =       1.2242  |proj g|=      0.018335
[job(1773): 2016-09-10 01:32:02] At iterate     5  f =       1.2242  |proj g|=      0.050886
[job(1773): 2016-09-10 01:32:02] At iterate     6  f =        1.224  |proj g|=       0.10307
[job(1773): 2016-09-10 01:32:02] At iterate     7  f =       1.2235  |proj g|=       0.19251
[job(1773): 2016-09-10 01:32:02] At iterate     8  f =       1.2222  |proj g|=       0.30118
[job(1773): 2016-09-10 01:32:02] At iterate     9  f =       1.2188  |proj g|=       0.30832
[job(1773): 2016-09-10 01:32:02] At iterate    10  f =       1.2102  |proj g|=       0.31948
[job(1773): 2016-09-10 01:32:02] At iterate    11  f =       1.1891  |proj g|=       0.33528
[job(1773): 2016-09-10 01:32:02] At iterate    12  f =       1.1411  |proj g|=       0.35233
[job(1773): 2016-09-10 01:32:02] At iterate    13  f =       1.0555  |proj g|=       0.34953
[job(1773): 2016-09-10 01:32:02] At iterate    14  f =       1.0247  |proj g|=      0.084698
[job(1773): 2016-09-10 01:32:02] At iterate    15  f =       1.0246  |proj g|=    5.7562e-05
[job(1773): 2016-09-10 01:32:02] At iterate    16  f =       1.0246  |proj g|=     1.935e-08
[job(1773): 2016-09-10 01:32:02] 
[job(1773): 2016-09-10 01:32:02] iterations 16
[job(1773): 2016-09-10 01:32:02] function evaluations 18
[job(1773): 2016-09-10 01:32:02] segments explored during Cauchy searches 17
[job(1773): 2016-09-10 01:32:02] BFGS updates skipped 0
[job(1773): 2016-09-10 01:32:02] active bounds at final generalized Cauchy point 1
[job(1773): 2016-09-10 01:32:02] norm of the final projected gradient 1.93501e-08
[job(1773): 2016-09-10 01:32:02] final function value 1.02458
[job(1773): 2016-09-10 01:32:02] 
[job(1773): 2016-09-10 01:32:02] F = 1.02458
[job(1773): 2016-09-10 01:32:02] final  value 1.024577 
[job(1773): 2016-09-10 01:32:02] converged
[job(1773): 2016-09-10 01:32:02] [Tune-x] 15: C=2.4; sigma=0.251
[job(1773): 2016-09-10 01:32:02] [Tune-y] 15: acc.test.mean=0.691; time: 0.0 min; memory: 117Mb use, 182Mb max
[job(1773): 2016-09-10 01:32:02] 
[job(1773): 2016-09-10 01:32:02] optimisation start
[job(1773): 2016-09-10 01:32:02] ------------------
[job(1773): 2016-09-10 01:32:02] * estimation method   : MLE 
[job(1773): 2016-09-10 01:32:02] * optimisation method : BFGS 
[job(1773): 2016-09-10 01:32:02] * analytical gradient : used
[job(1773): 2016-09-10 01:32:02] * trend model : ~1
[job(1773): 2016-09-10 01:32:02] * covariance model : 
[job(1773): 2016-09-10 01:32:02]   - type :  matern5_2 
[job(1773): 2016-09-10 01:32:02]   - nugget : NO
[job(1773): 2016-09-10 01:32:02]   - parameters lower bounds :  1e-10 1e-10 
[job(1773): 2016-09-10 01:32:02]   - parameters upper bounds :  45.06383 46.00523 
[job(1773): 2016-09-10 01:32:02]   - best initial criterion value(s) :  -2.054456 
[job(1773): 2016-09-10 01:32:02] 
[job(1773): 2016-09-10 01:32:02] N = 2, M = 5 machine precision = 2.22045e-16
[job(1773): 2016-09-10 01:32:02] At X0, 0 variables are exactly at the bounds
[job(1773): 2016-09-10 01:32:02] At iterate     0  f=       2.0545  |proj g|=      0.53884
[job(1773): 2016-09-10 01:32:02] At iterate     1  f =       1.8173  |proj g|=       0.36346
[job(1773): 2016-09-10 01:32:02] At iterate     2  f =       1.4875  |proj g|=       0.24745
[job(1773): 2016-09-10 01:32:02] At iterate     3  f =       1.3027  |proj g|=       0.41235
[job(1773): 2016-09-10 01:32:02] At iterate     4  f =       1.0286  |proj g|=       0.19329
[job(1773): 2016-09-10 01:32:02] At iterate     5  f =       1.0136  |proj g|=      0.035228
[job(1773): 2016-09-10 01:32:02] At iterate     6  f =       1.0106  |proj g|=      0.019128
[job(1773): 2016-09-10 01:32:02] At iterate     7  f =       1.0095  |proj g|=    0.00047178
[job(1773): 2016-09-10 01:32:02] At iterate     8  f =       1.0095  |proj g|=    9.9455e-06
[job(1773): 2016-09-10 01:32:02] At iterate     9  f =       1.0095  |proj g|=    1.0095e-07
[job(1773): 2016-09-10 01:32:02] 
[job(1773): 2016-09-10 01:32:02] iterations 9
[job(1773): 2016-09-10 01:32:02] function evaluations 13
[job(1773): 2016-09-10 01:32:02] segments explored during Cauchy searches 9
[job(1773): 2016-09-10 01:32:02] BFGS updates skipped 0
[job(1773): 2016-09-10 01:32:02] active bounds at final generalized Cauchy point 0
[job(1773): 2016-09-10 01:32:02] norm of the final projected gradient 1.0095e-07
[job(1773): 2016-09-10 01:32:02] final function value 1.0095
[job(1773): 2016-09-10 01:32:02] 
[job(1773): 2016-09-10 01:32:02] F = 1.0095
[job(1773): 2016-09-10 01:32:02] final  value 1.009500 
[job(1773): 2016-09-10 01:32:02] converged
[job(1773): 2016-09-10 01:32:02] [Tune-x] 16: C=15.2; sigma=0.00126
[job(1773): 2016-09-10 01:32:02] [Tune-y] 16: acc.test.mean=0.731; time: 0.0 min; memory: 117Mb use, 182Mb max
[job(1773): 2016-09-10 01:32:02] 
[job(1773): 2016-09-10 01:32:02] optimisation start
[job(1773): 2016-09-10 01:32:02] ------------------
[job(1773): 2016-09-10 01:32:02] * estimation method   : MLE 
[job(1773): 2016-09-10 01:32:02] * optimisation method : BFGS 
[job(1773): 2016-09-10 01:32:02] * analytical gradient : used
[job(1773): 2016-09-10 01:32:02] * trend model : ~1
[job(1773): 2016-09-10 01:32:02] * covariance model : 
[job(1773): 2016-09-10 01:32:02]   - type :  matern5_2 
[job(1773): 2016-09-10 01:32:02]   - nugget : NO
[job(1773): 2016-09-10 01:32:02]   - parameters lower bounds :  1e-10 1e-10 
[job(1773): 2016-09-10 01:32:02]   - parameters upper bounds :  45.06383 46.00523 
[job(1773): 2016-09-10 01:32:02]   - best initial criterion value(s) :  -11.23194 
[job(1773): 2016-09-10 01:32:02] 
[job(1773): 2016-09-10 01:32:02] N = 2, M = 5 machine precision = 2.22045e-16
[job(1773): 2016-09-10 01:32:02] At X0, 0 variables are exactly at the bounds
[job(1773): 2016-09-10 01:32:02] At iterate     0  f=       11.232  |proj g|=       1.4066
[job(1773): 2016-09-10 01:32:02] At iterate     1  f =       2.5152  |proj g|=             0
[job(1773): 2016-09-10 01:32:02] 
[job(1773): 2016-09-10 01:32:02] iterations 1
[job(1773): 2016-09-10 01:32:02] function evaluations 2
[job(1773): 2016-09-10 01:32:02] segments explored during Cauchy searches 2
[job(1773): 2016-09-10 01:32:02] BFGS updates skipped 0
[job(1773): 2016-09-10 01:32:02] active bounds at final generalized Cauchy point 1
[job(1773): 2016-09-10 01:32:02] norm of the final projected gradient 0
[job(1773): 2016-09-10 01:32:02] final function value 2.51519
[job(1773): 2016-09-10 01:32:02] 
[job(1773): 2016-09-10 01:32:02] F = 2.51519
[job(1773): 2016-09-10 01:32:02] final  value 2.515190 
[job(1773): 2016-09-10 01:32:02] converged
[job(1773): 2016-09-10 01:32:02] [Tune-x] 17: C=4.33; sigma=0.0061
[job(1773): 2016-09-10 01:32:02] [Tune-y] 17: acc.test.mean=0.74; time: 0.0 min; memory: 117Mb use, 182Mb max
[job(1773): 2016-09-10 01:32:02] 
[job(1773): 2016-09-10 01:32:02] optimisation start
[job(1773): 2016-09-10 01:32:02] ------------------
[job(1773): 2016-09-10 01:32:02] * estimation method   : MLE 
[job(1773): 2016-09-10 01:32:02] * optimisation method : BFGS 
[job(1773): 2016-09-10 01:32:02] * analytical gradient : used
[job(1773): 2016-09-10 01:32:02] * trend model : ~1
[job(1773): 2016-09-10 01:32:02] * covariance model : 
[job(1773): 2016-09-10 01:32:02]   - type :  matern5_2 
[job(1773): 2016-09-10 01:32:02]   - nugget : NO
[job(1773): 2016-09-10 01:32:02]   - parameters lower bounds :  1e-10 1e-10 
[job(1773): 2016-09-10 01:32:02]   - parameters upper bounds :  45.06383 46.00523 
[job(1773): 2016-09-10 01:32:02]   - best initial criterion value(s) :  -3.476288 
[job(1773): 2016-09-10 01:32:02] 
[job(1773): 2016-09-10 01:32:02] N = 2, M = 5 machine precision = 2.22045e-16
[job(1773): 2016-09-10 01:32:02] At X0, 0 variables are exactly at the bounds
[job(1773): 2016-09-10 01:32:02] At iterate     0  f=       3.4763  |proj g|=      0.57073
[job(1773): 2016-09-10 01:32:02] At iterate     1  f =       2.6807  |proj g|=             0
[job(1773): 2016-09-10 01:32:02] 
[job(1773): 2016-09-10 01:32:02] iterations 1
[job(1773): 2016-09-10 01:32:02] function evaluations 2
[job(1773): 2016-09-10 01:32:02] segments explored during Cauchy searches 2
[job(1773): 2016-09-10 01:32:02] BFGS updates skipped 0
[job(1773): 2016-09-10 01:32:02] active bounds at final generalized Cauchy point 1
[job(1773): 2016-09-10 01:32:02] norm of the final projected gradient 0
[job(1773): 2016-09-10 01:32:02] final function value 2.68074
[job(1773): 2016-09-10 01:32:02] 
[job(1773): 2016-09-10 01:32:02] F = 2.68074
[job(1773): 2016-09-10 01:32:02] final  value 2.680744 
[job(1773): 2016-09-10 01:32:02] converged
[job(1773): 2016-09-10 01:32:02] [Tune-x] 18: C=85; sigma=0.13
[job(1773): 2016-09-10 01:32:02] [Tune-y] 18: acc.test.mean=0.72; time: 0.0 min; memory: 117Mb use, 183Mb max
[job(1773): 2016-09-10 01:32:02] 
[job(1773): 2016-09-10 01:32:02] optimisation start
[job(1773): 2016-09-10 01:32:02] ------------------
[job(1773): 2016-09-10 01:32:02] * estimation method   : MLE 
[job(1773): 2016-09-10 01:32:02] * optimisation method : BFGS 
[job(1773): 2016-09-10 01:32:02] * analytical gradient : used
[job(1773): 2016-09-10 01:32:02] * trend model : ~1
[job(1773): 2016-09-10 01:32:02] * covariance model : 
[job(1773): 2016-09-10 01:32:02]   - type :  matern5_2 
[job(1773): 2016-09-10 01:32:02]   - nugget : NO
[job(1773): 2016-09-10 01:32:02]   - parameters lower bounds :  1e-10 1e-10 
[job(1773): 2016-09-10 01:32:02]   - parameters upper bounds :  45.06383 46.00523 
[job(1773): 2016-09-10 01:32:02]   - best initial criterion value(s) :  -1.013963 
[job(1773): 2016-09-10 01:32:02] 
[job(1773): 2016-09-10 01:32:02] N = 2, M = 5 machine precision = 2.22045e-16
[job(1773): 2016-09-10 01:32:02] At X0, 0 variables are exactly at the bounds
[job(1773): 2016-09-10 01:32:02] At iterate     0  f=        1.014  |proj g|=      0.25128
[job(1773): 2016-09-10 01:32:02] At iterate     1  f =      0.99968  |proj g|=       0.24148
[job(1773): 2016-09-10 01:32:02] At iterate     2  f =      0.99117  |proj g|=      0.030679
[job(1773): 2016-09-10 01:32:02] At iterate     3  f =      0.99116  |proj g|=      0.030688
[job(1773): 2016-09-10 01:32:02] At iterate     4  f =        0.991  |proj g|=      0.077708
[job(1773): 2016-09-10 01:32:02] At iterate     5  f =      0.99071  |proj g|=       0.17244
[job(1773): 2016-09-10 01:32:02] At iterate     6  f =      0.98984  |proj g|=       0.23105
[job(1773): 2016-09-10 01:32:02] At iterate     7  f =      0.98769  |proj g|=        0.2348
[job(1773): 2016-09-10 01:32:02] At iterate     8  f =      0.98214  |proj g|=       0.24078
[job(1773): 2016-09-10 01:32:02] At iterate     9  f =      0.96852  |proj g|=       0.24944
[job(1773): 2016-09-10 01:32:02] At iterate    10  f =      0.93569  |proj g|=       0.26034
[job(1773): 2016-09-10 01:32:02] At iterate    11  f =      0.86071  |proj g|=       0.26894
[job(1773): 2016-09-10 01:32:02] At iterate    12  f =      0.70309  |proj g|=       0.25912
[job(1773): 2016-09-10 01:32:02] At iterate    13  f =      0.62961  |proj g|=       0.17428
[job(1773): 2016-09-10 01:32:02] At iterate    14  f =      0.62945  |proj g|=      0.045938
[job(1773): 2016-09-10 01:32:02] At iterate    15  f =      0.62944  |proj g|=    3.2856e-05
[job(1773): 2016-09-10 01:32:02] At iterate    16  f =      0.62944  |proj g|=    6.0609e-09
[job(1773): 2016-09-10 01:32:02] 
[job(1773): 2016-09-10 01:32:02] iterations 16
[job(1773): 2016-09-10 01:32:02] function evaluations 18
[job(1773): 2016-09-10 01:32:02] segments explored during Cauchy searches 17
[job(1773): 2016-09-10 01:32:02] BFGS updates skipped 0
[job(1773): 2016-09-10 01:32:02] active bounds at final generalized Cauchy point 1
[job(1773): 2016-09-10 01:32:02] norm of the final projected gradient 6.06092e-09
[job(1773): 2016-09-10 01:32:02] final function value 0.629437
[job(1773): 2016-09-10 01:32:02] 
[job(1773): 2016-09-10 01:32:02] F = 0.629437
[job(1773): 2016-09-10 01:32:02] final  value 0.629437 
[job(1773): 2016-09-10 01:32:02] converged
[job(1773): 2016-09-10 01:32:02] [Tune-x] 19: C=4.15; sigma=0.0225
[job(1773): 2016-09-10 01:32:02] [Tune-y] 19: acc.test.mean=0.729; time: 0.0 min; memory: 117Mb use, 184Mb max
[job(1773): 2016-09-10 01:32:02] 
[job(1773): 2016-09-10 01:32:02] optimisation start
[job(1773): 2016-09-10 01:32:02] ------------------
[job(1773): 2016-09-10 01:32:02] * estimation method   : MLE 
[job(1773): 2016-09-10 01:32:02] * optimisation method : BFGS 
[job(1773): 2016-09-10 01:32:02] * analytical gradient : used
[job(1773): 2016-09-10 01:32:02] * trend model : ~1
[job(1773): 2016-09-10 01:32:02] * covariance model : 
[job(1773): 2016-09-10 01:32:02]   - type :  matern5_2 
[job(1773): 2016-09-10 01:32:02]   - nugget : NO
[job(1773): 2016-09-10 01:32:02]   - parameters lower bounds :  1e-10 1e-10 
[job(1773): 2016-09-10 01:32:02]   - parameters upper bounds :  45.06383 46.00523 
[job(1773): 2016-09-10 01:32:02]   - best initial criterion value(s) :  -2.319593 
[job(1773): 2016-09-10 01:32:02] 
[job(1773): 2016-09-10 01:32:02] N = 2, M = 5 machine precision = 2.22045e-16
[job(1773): 2016-09-10 01:32:02] At X0, 0 variables are exactly at the bounds
[job(1773): 2016-09-10 01:32:02] At iterate     0  f=       2.3196  |proj g|=      0.51317
[job(1773): 2016-09-10 01:32:02] At iterate     1  f =       0.5293  |proj g|=       0.36177
[job(1773): 2016-09-10 01:32:02] At iterate     2  f =      0.12696  |proj g|=        0.3098
[job(1773): 2016-09-10 01:32:02] At iterate     3  f =    -0.057533  |proj g|=        2.3678
[job(1773): 2016-09-10 01:32:02] At iterate     4  f =    -0.085358  |proj g|=       0.22855
[job(1773): 2016-09-10 01:32:02] At iterate     5  f =    -0.085682  |proj g|=      0.068657
[job(1773): 2016-09-10 01:32:02] At iterate     6  f =    -0.085756  |proj g|=      0.068669
[job(1773): 2016-09-10 01:32:02] At iterate     7  f =    -0.086443  |proj g|=       0.22501
[job(1773): 2016-09-10 01:32:02] At iterate     8  f =    -0.087725  |proj g|=       0.45343
[job(1773): 2016-09-10 01:32:02] At iterate     9  f =    -0.091558  |proj g|=       0.88141
[job(1773): 2016-09-10 01:32:02] At iterate    10  f =     -0.10079  |proj g|=        1.5196
[job(1773): 2016-09-10 01:32:02] At iterate    11  f =     -0.12394  |proj g|=        2.4951
[job(1773): 2016-09-10 01:32:02] At iterate    12  f =     -0.17851  |proj g|=         3.742
[job(1773): 2016-09-10 01:32:02] At iterate    13  f =     -0.30734  |proj g|=        4.7252
[job(1773): 2016-09-10 01:32:02] At iterate    14  f =     -0.58375  |proj g|=        2.9639
[job(1773): 2016-09-10 01:32:02] At iterate    15  f =     -0.76531  |proj g|=       0.24826
[job(1773): 2016-09-10 01:32:02] At iterate    16  f =     -0.83226  |proj g|=       0.25631
[job(1773): 2016-09-10 01:32:02] At iterate    17  f =     -0.83896  |proj g|=        0.1834
[job(1773): 2016-09-10 01:32:02] At iterate    18  f =     -0.83908  |proj g|=    0.00022945
[job(1773): 2016-09-10 01:32:02] At iterate    19  f =     -0.83908  |proj g|=    3.3072e-08
[job(1773): 2016-09-10 01:32:02] 
[job(1773): 2016-09-10 01:32:02] iterations 19
[job(1773): 2016-09-10 01:32:02] function evaluations 22
[job(1773): 2016-09-10 01:32:02] segments explored during Cauchy searches 20
[job(1773): 2016-09-10 01:32:02] BFGS updates skipped 0
[job(1773): 2016-09-10 01:32:02] active bounds at final generalized Cauchy point 1
[job(1773): 2016-09-10 01:32:02] norm of the final projected gradient 3.30724e-08
[job(1773): 2016-09-10 01:32:02] final function value -0.839076
[job(1773): 2016-09-10 01:32:02] 
[job(1773): 2016-09-10 01:32:02] F = -0.839076
[job(1773): 2016-09-10 01:32:02] final  value -0.839076 
[job(1773): 2016-09-10 01:32:02] converged
[job(1773): 2016-09-10 01:32:02] [Tune-x] 20: C=11.6; sigma=0.000679
[job(1773): 2016-09-10 01:32:02] [Tune-y] 20: acc.test.mean=0.722; time: 0.0 min; memory: 117Mb use, 184Mb max
[job(1773): 2016-09-10 01:32:02] 
[job(1773): 2016-09-10 01:32:02] optimisation start
[job(1773): 2016-09-10 01:32:02] ------------------
[job(1773): 2016-09-10 01:32:02] * estimation method   : MLE 
[job(1773): 2016-09-10 01:32:02] * optimisation method : BFGS 
[job(1773): 2016-09-10 01:32:02] * analytical gradient : used
[job(1773): 2016-09-10 01:32:02] * trend model : ~1
[job(1773): 2016-09-10 01:32:02] * covariance model : 
[job(1773): 2016-09-10 01:32:02]   - type :  matern5_2 
[job(1773): 2016-09-10 01:32:02]   - nugget : NO
[job(1773): 2016-09-10 01:32:02]   - parameters lower bounds :  1e-10 1e-10 
[job(1773): 2016-09-10 01:32:02]   - parameters upper bounds :  45.06383 46.00523 
[job(1773): 2016-09-10 01:32:02]   - best initial criterion value(s) :  -2.415514 
[job(1773): 2016-09-10 01:32:02] 
[job(1773): 2016-09-10 01:32:02] N = 2, M = 5 machine precision = 2.22045e-16
[job(1773): 2016-09-10 01:32:02] At X0, 0 variables are exactly at the bounds
[job(1773): 2016-09-10 01:32:02] At iterate     0  f=       2.4155  |proj g|=      0.93145
[job(1773): 2016-09-10 01:32:02] At iterate     1  f =      0.18712  |proj g|=       0.64432
[job(1773): 2016-09-10 01:32:02] At iterate     2  f =     -0.47167  |proj g|=        0.5437
[job(1773): 2016-09-10 01:32:02] At iterate     3  f =     -0.81283  |proj g|=       0.48262
[job(1773): 2016-09-10 01:32:02] At iterate     4  f =      -1.3229  |proj g|=       0.33135
[job(1773): 2016-09-10 01:32:02] At iterate     5  f =      -1.3294  |proj g|=       0.70958
[job(1773): 2016-09-10 01:32:02] At iterate     6  f =      -1.3347  |proj g|=       0.08551
[job(1773): 2016-09-10 01:32:02] At iterate     7  f =      -1.3401  |proj g|=       0.17653
[job(1773): 2016-09-10 01:32:02] At iterate     8  f =      -1.3821  |proj g|=        2.2664
[job(1773): 2016-09-10 01:32:02] At iterate     9  f =      -1.5899  |proj g|=        3.1389
[job(1773): 2016-09-10 01:32:02] At iterate    10  f =      -2.0749  |proj g|=       0.28157
[job(1773): 2016-09-10 01:32:02] At iterate    11  f =      -2.2911  |proj g|=         3.959
[job(1773): 2016-09-10 01:32:02] At iterate    12  f =      -2.4213  |proj g|=        1.4891
[job(1773): 2016-09-10 01:32:02] At iterate    13  f =      -2.5333  |proj g|=       0.26712
[job(1773): 2016-09-10 01:32:02] At iterate    14  f =      -2.5338  |proj g|=      0.085515
[job(1773): 2016-09-10 01:32:02] At iterate    15  f =      -2.5338  |proj g|=    0.00014311
[job(1773): 2016-09-10 01:32:02] At iterate    16  f =      -2.5338  |proj g|=    4.7722e-08
[job(1773): 2016-09-10 01:32:02] 
[job(1773): 2016-09-10 01:32:02] iterations 16
[job(1773): 2016-09-10 01:32:02] function evaluations 24
[job(1773): 2016-09-10 01:32:02] segments explored during Cauchy searches 19
[job(1773): 2016-09-10 01:32:02] BFGS updates skipped 0
[job(1773): 2016-09-10 01:32:02] active bounds at final generalized Cauchy point 1
[job(1773): 2016-09-10 01:32:02] norm of the final projected gradient 4.77215e-08
[job(1773): 2016-09-10 01:32:02] final function value -2.53384
[job(1773): 2016-09-10 01:32:02] 
[job(1773): 2016-09-10 01:32:02] F = -2.53384
[job(1773): 2016-09-10 01:32:02] final  value -2.533837 
[job(1773): 2016-09-10 01:32:02] converged
[job(1773): 2016-09-10 01:32:02] [Tune-x] 21: C=4.28; sigma=0.00466
[job(1773): 2016-09-10 01:32:02] [Tune-y] 21: acc.test.mean=0.724; time: 0.0 min; memory: 117Mb use, 184Mb max
[job(1773): 2016-09-10 01:32:02] 
[job(1773): 2016-09-10 01:32:02] optimisation start
[job(1773): 2016-09-10 01:32:02] ------------------
[job(1773): 2016-09-10 01:32:02] * estimation method   : MLE 
[job(1773): 2016-09-10 01:32:02] * optimisation method : BFGS 
[job(1773): 2016-09-10 01:32:02] * analytical gradient : used
[job(1773): 2016-09-10 01:32:02] * trend model : ~1
[job(1773): 2016-09-10 01:32:02] * covariance model : 
[job(1773): 2016-09-10 01:32:02]   - type :  matern5_2 
[job(1773): 2016-09-10 01:32:02]   - nugget : NO
[job(1773): 2016-09-10 01:32:02]   - parameters lower bounds :  1e-10 1e-10 
[job(1773): 2016-09-10 01:32:02]   - parameters upper bounds :  45.06383 46.00523 
[job(1773): 2016-09-10 01:32:02]   - best initial criterion value(s) :  -11.79571 
[job(1773): 2016-09-10 01:32:02] 
[job(1773): 2016-09-10 01:32:02] N = 2, M = 5 machine precision = 2.22045e-16
[job(1773): 2016-09-10 01:32:02] At X0, 0 variables are exactly at the bounds
[job(1773): 2016-09-10 01:32:02] At iterate     0  f=       11.796  |proj g|=       2.2126
[job(1773): 2016-09-10 01:32:02] At iterate     1  f =       2.2106  |proj g|=          2.14
[job(1773): 2016-09-10 01:32:02] ys=-2.880e+00  -gs= 7.989e+00, BFGS update SKIPPED
[job(1773): 2016-09-10 01:32:02] At iterate     2  f =      -3.9897  |proj g|=       0.55334
[job(1773): 2016-09-10 01:32:02] At iterate     3  f =      -4.0224  |proj g|=       0.36315
[job(1773): 2016-09-10 01:32:02] At iterate     4  f =      -4.1066  |proj g|=       0.27991
[job(1773): 2016-09-10 01:32:02] At iterate     5  f =       -4.181  |proj g|=      0.038123
[job(1773): 2016-09-10 01:32:02] At iterate     6  f =      -4.1816  |proj g|=      0.021644
[job(1773): 2016-09-10 01:32:02] At iterate     7  f =      -4.1816  |proj g|=       0.00403
[job(1773): 2016-09-10 01:32:02] At iterate     8  f =      -4.1816  |proj g|=    2.7714e-07
[job(1773): 2016-09-10 01:32:02] At iterate     9  f =      -4.1816  |proj g|=    2.2762e-09
[job(1773): 2016-09-10 01:32:02] 
[job(1773): 2016-09-10 01:32:02] iterations 9
[job(1773): 2016-09-10 01:32:02] function evaluations 13
[job(1773): 2016-09-10 01:32:02] segments explored during Cauchy searches 10
[job(1773): 2016-09-10 01:32:02] BFGS updates skipped 1
[job(1773): 2016-09-10 01:32:02] active bounds at final generalized Cauchy point 0
[job(1773): 2016-09-10 01:32:02] norm of the final projected gradient 2.27618e-09
[job(1773): 2016-09-10 01:32:02] final function value -4.18161
[job(1773): 2016-09-10 01:32:02] 
[job(1773): 2016-09-10 01:32:02] F = -4.18161
[job(1773): 2016-09-10 01:32:02] final  value -4.181612 
[job(1773): 2016-09-10 01:32:02] converged
[job(1773): 2016-09-10 01:32:02] [Tune-x] 22: C=3.88; sigma=0.00956
[job(1773): 2016-09-10 01:32:02] [Tune-y] 22: acc.test.mean=0.736; time: 0.0 min; memory: 117Mb use, 208Mb max
[job(1773): 2016-09-10 01:32:02] 
[job(1773): 2016-09-10 01:32:02] optimisation start
[job(1773): 2016-09-10 01:32:02] ------------------
[job(1773): 2016-09-10 01:32:02] * estimation method   : MLE 
[job(1773): 2016-09-10 01:32:02] * optimisation method : BFGS 
[job(1773): 2016-09-10 01:32:02] * analytical gradient : used
[job(1773): 2016-09-10 01:32:02] * trend model : ~1
[job(1773): 2016-09-10 01:32:02] * covariance model : 
[job(1773): 2016-09-10 01:32:02]   - type :  matern5_2 
[job(1773): 2016-09-10 01:32:02]   - nugget : NO
[job(1773): 2016-09-10 01:32:02]   - parameters lower bounds :  1e-10 1e-10 
[job(1773): 2016-09-10 01:32:02]   - parameters upper bounds :  45.06383 46.00523 
[job(1773): 2016-09-10 01:32:02]   - best initial criterion value(s) :  1.27065 
[job(1773): 2016-09-10 01:32:02] 
[job(1773): 2016-09-10 01:32:02] N = 2, M = 5 machine precision = 2.22045e-16
[job(1773): 2016-09-10 01:32:02] At X0, 0 variables are exactly at the bounds
[job(1773): 2016-09-10 01:32:02] At iterate     0  f=      -1.2706  |proj g|=       3.1662
[job(1773): 2016-09-10 01:32:02] At iterate     1  f =      -3.1122  |proj g|=        2.3106
[job(1773): 2016-09-10 01:32:02] At iterate     2  f =      -3.8818  |proj g|=       0.44844
[job(1773): 2016-09-10 01:32:02] At iterate     3  f =      -3.9382  |proj g|=       0.43769
[job(1773): 2016-09-10 01:32:02] At iterate     4  f =      -4.1929  |proj g|=        0.8277
[job(1773): 2016-09-10 01:32:02] At iterate     5  f =      -4.4093  |proj g|=       0.99672
[job(1773): 2016-09-10 01:32:02] At iterate     6  f =      -4.7361  |proj g|=        1.4572
[job(1773): 2016-09-10 01:32:02] At iterate     7  f =      -4.8705  |proj g|=        1.3088
[job(1773): 2016-09-10 01:32:02] At iterate     8  f =      -5.2461  |proj g|=        1.0674
[job(1773): 2016-09-10 01:32:02] At iterate     9  f =      -5.5703  |proj g|=       0.38176
[job(1773): 2016-09-10 01:32:02] At iterate    10  f =      -5.6113  |proj g|=       0.48881
[job(1773): 2016-09-10 01:32:02] At iterate    11  f =      -5.7086  |proj g|=       0.68566
[job(1773): 2016-09-10 01:32:02] At iterate    12  f =      -5.9516  |proj g|=       0.16424
[job(1773): 2016-09-10 01:32:02] At iterate    13  f =      -5.9782  |proj g|=        0.1385
[job(1773): 2016-09-10 01:32:02] At iterate    14  f =      -5.9796  |proj g|=       0.14083
[job(1773): 2016-09-10 01:32:02] At iterate    15  f =      -5.9801  |proj g|=      0.031443
[job(1773): 2016-09-10 01:32:02] At iterate    16  f =      -5.9802  |proj g|=    0.00041479
[job(1773): 2016-09-10 01:32:02] At iterate    17  f =      -5.9802  |proj g|=    0.00027928
[job(1773): 2016-09-10 01:32:02] At iterate    18  f =      -5.9802  |proj g|=    1.2751e-05
[job(1773): 2016-09-10 01:32:02] 
[job(1773): 2016-09-10 01:32:02] iterations 18
[job(1773): 2016-09-10 01:32:02] function evaluations 26
[job(1773): 2016-09-10 01:32:02] segments explored during Cauchy searches 19
[job(1773): 2016-09-10 01:32:02] BFGS updates skipped 0
[job(1773): 2016-09-10 01:32:02] active bounds at final generalized Cauchy point 0
[job(1773): 2016-09-10 01:32:02] norm of the final projected gradient 1.27507e-05
[job(1773): 2016-09-10 01:32:02] final function value -5.9802
[job(1773): 2016-09-10 01:32:02] 
[job(1773): 2016-09-10 01:32:02] F = -5.9802
[job(1773): 2016-09-10 01:32:02] final  value -5.980201 
[job(1773): 2016-09-10 01:32:02] converged
[job(1773): 2016-09-10 01:32:02] [Tune-x] 23: C=10.5; sigma=0.000403
[job(1773): 2016-09-10 01:32:02] [Tune-y] 23: acc.test.mean=0.587; time: 0.0 min; memory: 117Mb use, 208Mb max
[job(1773): 2016-09-10 01:32:02] 
[job(1773): 2016-09-10 01:32:02] optimisation start
[job(1773): 2016-09-10 01:32:02] ------------------
[job(1773): 2016-09-10 01:32:02] * estimation method   : MLE 
[job(1773): 2016-09-10 01:32:02] * optimisation method : BFGS 
[job(1773): 2016-09-10 01:32:02] * analytical gradient : used
[job(1773): 2016-09-10 01:32:02] * trend model : ~1
[job(1773): 2016-09-10 01:32:02] * covariance model : 
[job(1773): 2016-09-10 01:32:02]   - type :  matern5_2 
[job(1773): 2016-09-10 01:32:02]   - nugget : NO
[job(1773): 2016-09-10 01:32:02]   - parameters lower bounds :  1e-10 1e-10 
[job(1773): 2016-09-10 01:32:02]   - parameters upper bounds :  45.06383 46.00523 
[job(1773): 2016-09-10 01:32:02]   - best initial criterion value(s) :  -6.086111 
[job(1773): 2016-09-10 01:32:02] 
[job(1773): 2016-09-10 01:32:02] N = 2, M = 5 machine precision = 2.22045e-16
[job(1773): 2016-09-10 01:32:02] At X0, 0 variables are exactly at the bounds
[job(1773): 2016-09-10 01:32:02] At iterate     0  f=       6.0861  |proj g|=       3.4559
[job(1773): 2016-09-10 01:32:02] At iterate     1  f =       2.2393  |proj g|=             0
[job(1773): 2016-09-10 01:32:02] 
[job(1773): 2016-09-10 01:32:02] iterations 1
[job(1773): 2016-09-10 01:32:02] function evaluations 2
[job(1773): 2016-09-10 01:32:02] segments explored during Cauchy searches 2
[job(1773): 2016-09-10 01:32:02] BFGS updates skipped 0
[job(1773): 2016-09-10 01:32:02] active bounds at final generalized Cauchy point 1
[job(1773): 2016-09-10 01:32:02] norm of the final projected gradient 0
[job(1773): 2016-09-10 01:32:02] final function value 2.23929
[job(1773): 2016-09-10 01:32:02] 
[job(1773): 2016-09-10 01:32:02] F = 2.23929
[job(1773): 2016-09-10 01:32:02] final  value 2.239289 
[job(1773): 2016-09-10 01:32:02] converged
[job(1773): 2016-09-10 01:32:02] [Tune-x] 24: C=0.143; sigma=11.8
[job(1773): 2016-09-10 01:32:02] [Tune-y] 24: acc.test.mean=0.569; time: 0.0 min; memory: 117Mb use, 208Mb max
[job(1773): 2016-09-10 01:32:02] 
[job(1773): 2016-09-10 01:32:02] optimisation start
[job(1773): 2016-09-10 01:32:02] ------------------
[job(1773): 2016-09-10 01:32:02] * estimation method   : MLE 
[job(1773): 2016-09-10 01:32:02] * optimisation method : BFGS 
[job(1773): 2016-09-10 01:32:02] * analytical gradient : used
[job(1773): 2016-09-10 01:32:02] * trend model : ~1
[job(1773): 2016-09-10 01:32:02] * covariance model : 
[job(1773): 2016-09-10 01:32:02]   - type :  matern5_2 
[job(1773): 2016-09-10 01:32:02]   - nugget : NO
[job(1773): 2016-09-10 01:32:02]   - parameters lower bounds :  1e-10 1e-10 
[job(1773): 2016-09-10 01:32:02]   - parameters upper bounds :  45.06383 46.00523 
[job(1773): 2016-09-10 01:32:02]   - best initial criterion value(s) :  -2.466197 
[job(1773): 2016-09-10 01:32:02] 
[job(1773): 2016-09-10 01:32:02] N = 2, M = 5 machine precision = 2.22045e-16
[job(1773): 2016-09-10 01:32:02] At X0, 0 variables are exactly at the bounds
[job(1773): 2016-09-10 01:32:02] At iterate     0  f=       2.4662  |proj g|=       5.5685
[job(1773): 2016-09-10 01:32:02] At iterate     1  f =      -1.9215  |proj g|=       0.91728
[job(1773): 2016-09-10 01:32:02] At iterate     2  f =      -2.0338  |proj g|=        1.5125
[job(1773): 2016-09-10 01:32:02] At iterate     3  f =      -2.2079  |proj g|=       0.87268
[job(1773): 2016-09-10 01:32:02] At iterate     4  f =      -3.2902  |proj g|=        2.2706
[job(1773): 2016-09-10 01:32:02] At iterate     5  f =      -4.4008  |proj g|=        4.3487
[job(1773): 2016-09-10 01:32:02] At iterate     6  f =      -5.0645  |proj g|=        2.5628
[job(1773): 2016-09-10 01:32:02] At iterate     7  f =      -5.2853  |proj g|=       0.83482
[job(1773): 2016-09-10 01:32:02] At iterate     8  f =      -5.3131  |proj g|=      0.016735
[job(1773): 2016-09-10 01:32:02] At iterate     9  f =      -5.3132  |proj g|=     0.0018632
[job(1773): 2016-09-10 01:32:02] At iterate    10  f =      -5.3132  |proj g|=    7.1012e-05
[job(1773): 2016-09-10 01:32:02] At iterate    11  f =      -5.3132  |proj g|=    4.7897e-06
[job(1773): 2016-09-10 01:32:02] 
[job(1773): 2016-09-10 01:32:02] iterations 11
[job(1773): 2016-09-10 01:32:02] function evaluations 13
[job(1773): 2016-09-10 01:32:02] segments explored during Cauchy searches 11
[job(1773): 2016-09-10 01:32:02] BFGS updates skipped 0
[job(1773): 2016-09-10 01:32:02] active bounds at final generalized Cauchy point 0
[job(1773): 2016-09-10 01:32:02] norm of the final projected gradient 4.78968e-06
[job(1773): 2016-09-10 01:32:02] final function value -5.31316
[job(1773): 2016-09-10 01:32:02] 
[job(1773): 2016-09-10 01:32:02] F = -5.31316
[job(1773): 2016-09-10 01:32:02] final  value -5.313164 
[job(1773): 2016-09-10 01:32:02] converged
[job(1773): 2016-09-10 01:32:02] [Tune-x] 25: C=23.8; sigma=0.000576
[job(1773): 2016-09-10 01:32:02] [Tune-y] 25: acc.test.mean=0.713; time: 0.0 min; memory: 117Mb use, 208Mb max
[job(1773): 2016-09-10 01:32:02] 
[job(1773): 2016-09-10 01:32:02] optimisation start
[job(1773): 2016-09-10 01:32:02] ------------------
[job(1773): 2016-09-10 01:32:02] * estimation method   : MLE 
[job(1773): 2016-09-10 01:32:02] * optimisation method : BFGS 
[job(1773): 2016-09-10 01:32:02] * analytical gradient : used
[job(1773): 2016-09-10 01:32:02] * trend model : ~1
[job(1773): 2016-09-10 01:32:02] * covariance model : 
[job(1773): 2016-09-10 01:32:02]   - type :  matern5_2 
[job(1773): 2016-09-10 01:32:02]   - nugget : NO
[job(1773): 2016-09-10 01:32:02]   - parameters lower bounds :  1e-10 1e-10 
[job(1773): 2016-09-10 01:32:02]   - parameters upper bounds :  45.06383 46.00523 
[job(1773): 2016-09-10 01:32:02]   - best initial criterion value(s) :  -9.197761 
[job(1773): 2016-09-10 01:32:02] 
[job(1773): 2016-09-10 01:32:02] N = 2, M = 5 machine precision = 2.22045e-16
[job(1773): 2016-09-10 01:32:02] At X0, 0 variables are exactly at the bounds
[job(1773): 2016-09-10 01:32:02] At iterate     0  f=       9.1978  |proj g|=      0.96639
[job(1773): 2016-09-10 01:32:02] At iterate     1  f =       1.6562  |proj g|=             0
[job(1773): 2016-09-10 01:32:02] 
[job(1773): 2016-09-10 01:32:02] iterations 1
[job(1773): 2016-09-10 01:32:02] function evaluations 2
[job(1773): 2016-09-10 01:32:02] segments explored during Cauchy searches 2
[job(1773): 2016-09-10 01:32:02] BFGS updates skipped 0
[job(1773): 2016-09-10 01:32:02] active bounds at final generalized Cauchy point 1
[job(1773): 2016-09-10 01:32:02] norm of the final projected gradient 0
[job(1773): 2016-09-10 01:32:02] final function value 1.65618
[job(1773): 2016-09-10 01:32:02] 
[job(1773): 2016-09-10 01:32:02] F = 1.65618
[job(1773): 2016-09-10 01:32:02] final  value 1.656178 
[job(1773): 2016-09-10 01:32:02] converged
[job(1773): 2016-09-10 01:32:02] [Tune-x] 26: C=5.76; sigma=0.598
[job(1773): 2016-09-10 01:32:02] [Tune-y] 26: acc.test.mean= 0.7; time: 0.0 min; memory: 117Mb use, 208Mb max
[job(1773): 2016-09-10 01:32:02] 
[job(1773): 2016-09-10 01:32:02] optimisation start
[job(1773): 2016-09-10 01:32:02] ------------------
[job(1773): 2016-09-10 01:32:02] * estimation method   : MLE 
[job(1773): 2016-09-10 01:32:02] * optimisation method : BFGS 
[job(1773): 2016-09-10 01:32:02] * analytical gradient : used
[job(1773): 2016-09-10 01:32:02] * trend model : ~1
[job(1773): 2016-09-10 01:32:02] * covariance model : 
[job(1773): 2016-09-10 01:32:02]   - type :  matern5_2 
[job(1773): 2016-09-10 01:32:02]   - nugget : NO
[job(1773): 2016-09-10 01:32:02]   - parameters lower bounds :  1e-10 1e-10 
[job(1773): 2016-09-10 01:32:02]   - parameters upper bounds :  45.06383 46.00523 
[job(1773): 2016-09-10 01:32:02]   - best initial criterion value(s) :  -1.441589 
[job(1773): 2016-09-10 01:32:02] 
[job(1773): 2016-09-10 01:32:02] N = 2, M = 5 machine precision = 2.22045e-16
[job(1773): 2016-09-10 01:32:02] At X0, 0 variables are exactly at the bounds
[job(1773): 2016-09-10 01:32:02] At iterate     0  f=       1.4416  |proj g|=       2.7489
[job(1773): 2016-09-10 01:32:02] At iterate     1  f =        1.415  |proj g|=             0
[job(1773): 2016-09-10 01:32:02] 
[job(1773): 2016-09-10 01:32:02] iterations 1
[job(1773): 2016-09-10 01:32:02] function evaluations 2
[job(1773): 2016-09-10 01:32:02] segments explored during Cauchy searches 2
[job(1773): 2016-09-10 01:32:02] BFGS updates skipped 0
[job(1773): 2016-09-10 01:32:02] active bounds at final generalized Cauchy point 1
[job(1773): 2016-09-10 01:32:02] norm of the final projected gradient 0
[job(1773): 2016-09-10 01:32:02] final function value 1.415
[job(1773): 2016-09-10 01:32:02] 
[job(1773): 2016-09-10 01:32:02] F = 1.415
[job(1773): 2016-09-10 01:32:02] final  value 1.414999 
[job(1773): 2016-09-10 01:32:02] converged
[job(1773): 2016-09-10 01:32:02] [Tune-x] 27: C=974; sigma=0.00056
[job(1773): 2016-09-10 01:32:02] [Tune-y] 27: acc.test.mean=0.738; time: 0.0 min; memory: 117Mb use, 215Mb max
[job(1773): 2016-09-10 01:32:02] 
[job(1773): 2016-09-10 01:32:02] optimisation start
[job(1773): 2016-09-10 01:32:02] ------------------
[job(1773): 2016-09-10 01:32:02] * estimation method   : MLE 
[job(1773): 2016-09-10 01:32:02] * optimisation method : BFGS 
[job(1773): 2016-09-10 01:32:02] * analytical gradient : used
[job(1773): 2016-09-10 01:32:02] * trend model : ~1
[job(1773): 2016-09-10 01:32:02] * covariance model : 
[job(1773): 2016-09-10 01:32:02]   - type :  matern5_2 
[job(1773): 2016-09-10 01:32:02]   - nugget : NO
[job(1773): 2016-09-10 01:32:02]   - parameters lower bounds :  1e-10 1e-10 
[job(1773): 2016-09-10 01:32:02]   - parameters upper bounds :  45.06383 46.00523 
[job(1773): 2016-09-10 01:32:02]   - best initial criterion value(s) :  -12.32292 
[job(1773): 2016-09-10 01:32:02] 
[job(1773): 2016-09-10 01:32:02] N = 2, M = 5 machine precision = 2.22045e-16
[job(1773): 2016-09-10 01:32:02] At X0, 0 variables are exactly at the bounds
[job(1773): 2016-09-10 01:32:02] At iterate     0  f=       12.323  |proj g|=      0.60785
[job(1773): 2016-09-10 01:32:02] At iterate     1  f =       1.2527  |proj g|=             0
[job(1773): 2016-09-10 01:32:02] 
[job(1773): 2016-09-10 01:32:02] iterations 1
[job(1773): 2016-09-10 01:32:02] function evaluations 2
[job(1773): 2016-09-10 01:32:02] segments explored during Cauchy searches 2
[job(1773): 2016-09-10 01:32:02] BFGS updates skipped 0
[job(1773): 2016-09-10 01:32:02] active bounds at final generalized Cauchy point 1
[job(1773): 2016-09-10 01:32:02] norm of the final projected gradient 0
[job(1773): 2016-09-10 01:32:02] final function value 1.25271
[job(1773): 2016-09-10 01:32:02] 
[job(1773): 2016-09-10 01:32:02] F = 1.25271
[job(1773): 2016-09-10 01:32:02] final  value 1.252706 
[job(1773): 2016-09-10 01:32:02] converged
[job(1773): 2016-09-10 01:32:02] [Tune-x] 28: C=1.17e+03; sigma=0.945
[job(1773): 2016-09-10 01:32:02] [Tune-y] 28: acc.test.mean=0.673; time: 0.0 min; memory: 117Mb use, 215Mb max
[job(1773): 2016-09-10 01:32:02] 
[job(1773): 2016-09-10 01:32:02] optimisation start
[job(1773): 2016-09-10 01:32:02] ------------------
[job(1773): 2016-09-10 01:32:02] * estimation method   : MLE 
[job(1773): 2016-09-10 01:32:02] * optimisation method : BFGS 
[job(1773): 2016-09-10 01:32:02] * analytical gradient : used
[job(1773): 2016-09-10 01:32:02] * trend model : ~1
[job(1773): 2016-09-10 01:32:02] * covariance model : 
[job(1773): 2016-09-10 01:32:02]   - type :  matern5_2 
[job(1773): 2016-09-10 01:32:02]   - nugget : NO
[job(1773): 2016-09-10 01:32:02]   - parameters lower bounds :  1e-10 1e-10 
[job(1773): 2016-09-10 01:32:02]   - parameters upper bounds :  45.06383 46.00523 
[job(1773): 2016-09-10 01:32:02]   - best initial criterion value(s) :  -0.8226167 
[job(1773): 2016-09-10 01:32:02] 
[job(1773): 2016-09-10 01:32:02] N = 2, M = 5 machine precision = 2.22045e-16
[job(1773): 2016-09-10 01:32:02] At X0, 0 variables are exactly at the bounds
[job(1773): 2016-09-10 01:32:02] At iterate     0  f=      0.82262  |proj g|=      0.41969
[job(1773): 2016-09-10 01:32:02] At iterate     1  f =      0.20576  |proj g|=        4.3126
[job(1773): 2016-09-10 01:32:02] ys=-6.893e-01  -gs= 2.020e-01, BFGS update SKIPPED
[job(1773): 2016-09-10 01:32:02] At iterate     2  f =      -5.3704  |proj g|=         2.225
[job(1773): 2016-09-10 01:32:02] At iterate     3  f =      -5.6345  |proj g|=        1.6588
[job(1773): 2016-09-10 01:32:02] At iterate     4  f =      -6.8156  |proj g|=       0.54214
[job(1773): 2016-09-10 01:32:02] At iterate     5  f =      -6.8406  |proj g|=       0.12264
[job(1773): 2016-09-10 01:32:02] At iterate     6  f =      -6.8438  |proj g|=     0.0066297
[job(1773): 2016-09-10 01:32:02] At iterate     7  f =      -6.8438  |proj g|=     0.0010791
[job(1773): 2016-09-10 01:32:02] At iterate     8  f =      -6.8438  |proj g|=      3.82e-05
[job(1773): 2016-09-10 01:32:02] At iterate     9  f =      -6.8438  |proj g|=    6.5142e-07
[job(1773): 2016-09-10 01:32:02] 
[job(1773): 2016-09-10 01:32:02] iterations 9
[job(1773): 2016-09-10 01:32:02] function evaluations 12
[job(1773): 2016-09-10 01:32:02] segments explored during Cauchy searches 9
[job(1773): 2016-09-10 01:32:02] BFGS updates skipped 1
[job(1773): 2016-09-10 01:32:02] active bounds at final generalized Cauchy point 0
[job(1773): 2016-09-10 01:32:02] norm of the final projected gradient 6.51423e-07
[job(1773): 2016-09-10 01:32:02] final function value -6.84378
[job(1773): 2016-09-10 01:32:02] 
[job(1773): 2016-09-10 01:32:02] F = -6.84378
[job(1773): 2016-09-10 01:32:02] final  value -6.843780 
[job(1773): 2016-09-10 01:32:02] converged
[job(1773): 2016-09-10 01:32:02] [Tune] Result: C=4.33; sigma=0.0061 : acc.test.mean=-0.74
[job(1773): 2016-09-10 01:32:02] Job terminated successfully
[job(chunk): 2016-09-10 01:32:02] Calculation finished!
