[job(chunk): 2016-09-09 20:16:32] Starting calculation of 1 jobs
[job(chunk): 2016-09-09 20:16:32] Setting working directory to '/naslx/projects/pr74ze/ri89coc2/svm_comparison'
[job(chunk): 2016-09-09 20:16:32] Memory measurement disabled
[job(801): 2016-09-09 20:16:35] Starting job with job.id=801
[job(801): 2016-09-09 20:17:35] Generating problem instance for problem '475' ...
[job(801): 2016-09-09 20:17:35] Downloading from 'http://www.openml.org/api/v1/data/475' to '/tmp/ri89coc2/Rtmp2xEJNT/cache/datasets/475/description.xml'.
[job(801): 2016-09-09 20:17:35] Downloading from 'http://www.openml.org/data/download/52587/analcatdata_germangss.arff' to '/tmp/ri89coc2/Rtmp2xEJNT/cache/datasets/475/dataset.arff'
[job(801): 2016-09-09 20:17:35] Loading required package: readr
[job(801): 2016-09-09 20:17:35] Applying algorithm 'kbb-svc.tuned' on problem '475' ...
[job(801): 2016-09-09 20:17:35] Data '475' file 'description.xml' found in cache.
[job(801): 2016-09-09 20:17:35] Data '475' file 'dataset.arff' found in cache.
[job(801): 2016-09-09 20:17:35] [Tune] Started tuning learner kbb-svc for parameter set:
[job(801): 2016-09-09 20:17:35]          Type len Def    Constr Req Tunable Trafo
[job(801): 2016-09-09 20:17:35] C     numeric   -   - -12 to 12   -    TRUE     Y
[job(801): 2016-09-09 20:17:35] sigma numeric   -   - -12 to 12   -    TRUE     Y
[job(801): 2016-09-09 20:17:35] With control class: TuneControlMBO
[job(801): 2016-09-09 20:17:35] Imputation value: -0
[job(801): 2016-09-09 20:17:35] [Tune-x] 1: C=71.3; sigma=50.4
[job(801): 2016-09-09 20:17:35] [Tune-y] 1: acc.test.mean=0.106; time: 0.0 min; memory: 113Mb use, 145Mb max
[job(801): 2016-09-09 20:17:35] [Tune-x] 2: C=1.15; sigma=572
[job(801): 2016-09-09 20:17:35] [Tune-y] 2: acc.test.mean=0.136; time: 0.0 min; memory: 113Mb use, 145Mb max
[job(801): 2016-09-09 20:17:35] [Tune-x] 3: C=0.00151; sigma=4.14
[job(801): 2016-09-09 20:17:35] [Tune-y] 3: acc.test.mean=0.183; time: 0.0 min; memory: 113Mb use, 145Mb max
[job(801): 2016-09-09 20:17:35] [Tune-x] 4: C=0.698; sigma=0.000617
[job(801): 2016-09-09 20:17:35] [Tune-y] 4: acc.test.mean=0.236; time: 0.0 min; memory: 113Mb use, 145Mb max
[job(801): 2016-09-09 20:17:35] [Tune-x] 5: C=2.19e+03; sigma=0.0065
[job(801): 2016-09-09 20:17:35] [Tune-y] 5: acc.test.mean=0.289; time: 0.0 min; memory: 113Mb use, 147Mb max
[job(801): 2016-09-09 20:17:35] [Tune-x] 6: C=0.0104; sigma=0.103
[job(801): 2016-09-09 20:17:35] [Tune-y] 6: acc.test.mean=0.272; time: 0.0 min; memory: 113Mb use, 147Mb max
[job(801): 2016-09-09 20:17:35] [Tune-x] 7: C=0.0527; sigma=175
[job(801): 2016-09-09 20:17:35] [Tune-y] 7: acc.test.mean=0.172; time: 0.0 min; memory: 113Mb use, 147Mb max
[job(801): 2016-09-09 20:17:35] [Tune-x] 8: C=54; sigma=0.199
[job(801): 2016-09-09 20:17:35] [Tune-y] 8: acc.test.mean=0.225; time: 0.0 min; memory: 113Mb use, 147Mb max
[job(801): 2016-09-09 20:17:35] 
[job(801): 2016-09-09 20:17:35] optimisation start
[job(801): 2016-09-09 20:17:35] ------------------
[job(801): 2016-09-09 20:17:35] * estimation method   : MLE 
[job(801): 2016-09-09 20:17:35] * optimisation method : BFGS 
[job(801): 2016-09-09 20:17:35] * analytical gradient : used
[job(801): 2016-09-09 20:17:35] * trend model : ~1
[job(801): 2016-09-09 20:17:35] * covariance model : 
[job(801): 2016-09-09 20:17:35]   - type :  matern5_2 
[job(801): 2016-09-09 20:17:35]   - nugget : NO
[job(801): 2016-09-09 20:17:35]   - parameters lower bounds :  1e-10 1e-10 
[job(801): 2016-09-09 20:17:35]   - parameters upper bounds :  40.92374 39.64692 
[job(801): 2016-09-09 20:17:35]   - best initial criterion value(s) :  12.36162 
[job(801): 2016-09-09 20:17:35] 
[job(801): 2016-09-09 20:17:35] N = 2, M = 5 machine precision = 2.22045e-16
[job(801): 2016-09-09 20:17:35] At X0, 0 variables are exactly at the bounds
[job(801): 2016-09-09 20:17:35] At iterate     0  f=      -12.362  |proj g|=      0.34652
[job(801): 2016-09-09 20:17:35] At iterate     1  f =      -12.475  |proj g|=       0.30758
[job(801): 2016-09-09 20:17:35] At iterate     2  f =      -12.777  |proj g|=      0.070846
[job(801): 2016-09-09 20:17:35] At iterate     3  f =      -12.799  |proj g|=      0.013821
[job(801): 2016-09-09 20:17:35] At iterate     4  f =      -12.801  |proj g|=     0.0075989
[job(801): 2016-09-09 20:17:35] At iterate     5  f =      -12.801  |proj g|=     0.0068751
[job(801): 2016-09-09 20:17:35] At iterate     6  f =      -12.805  |proj g|=     0.0065039
[job(801): 2016-09-09 20:17:35] At iterate     7  f =      -12.805  |proj g|=    0.00021362
[job(801): 2016-09-09 20:17:35] At iterate     8  f =      -12.805  |proj g|=    7.9197e-05
[job(801): 2016-09-09 20:17:35] At iterate     9  f =      -12.805  |proj g|=    3.0497e-06
[job(801): 2016-09-09 20:17:35] At iterate    10  f =      -12.805  |proj g|=     1.806e-07
[job(801): 2016-09-09 20:17:35] 
[job(801): 2016-09-09 20:17:35] iterations 10
[job(801): 2016-09-09 20:17:35] function evaluations 11
[job(801): 2016-09-09 20:17:35] segments explored during Cauchy searches 10
[job(801): 2016-09-09 20:17:35] BFGS updates skipped 0
[job(801): 2016-09-09 20:17:35] active bounds at final generalized Cauchy point 0
[job(801): 2016-09-09 20:17:35] norm of the final projected gradient 1.80597e-07
[job(801): 2016-09-09 20:17:35] final function value -12.8049
[job(801): 2016-09-09 20:17:35] 
[job(801): 2016-09-09 20:17:35] F = -12.8049
[job(801): 2016-09-09 20:17:35] final  value -12.804935 
[job(801): 2016-09-09 20:17:35] converged
[job(801): 2016-09-09 20:17:35] [Tune-x] 9: C=1.97e+03; sigma=0.0068
[job(801): 2016-09-09 20:17:35] [Tune-y] 9: acc.test.mean=0.275; time: 0.0 min; memory: 117Mb use, 165Mb max
[job(801): 2016-09-09 20:17:35] 
[job(801): 2016-09-09 20:17:35] optimisation start
[job(801): 2016-09-09 20:17:35] ------------------
[job(801): 2016-09-09 20:17:35] * estimation method   : MLE 
[job(801): 2016-09-09 20:17:35] * optimisation method : BFGS 
[job(801): 2016-09-09 20:17:35] * analytical gradient : used
[job(801): 2016-09-09 20:17:35] * trend model : ~1
[job(801): 2016-09-09 20:17:35] * covariance model : 
[job(801): 2016-09-09 20:17:35]   - type :  matern5_2 
[job(801): 2016-09-09 20:17:35]   - nugget : NO
[job(801): 2016-09-09 20:17:35]   - parameters lower bounds :  1e-10 1e-10 
[job(801): 2016-09-09 20:17:35]   - parameters upper bounds :  40.92374 39.64692 
[job(801): 2016-09-09 20:17:35]   - best initial criterion value(s) :  12.28427 
[job(801): 2016-09-09 20:17:35] 
[job(801): 2016-09-09 20:17:35] N = 2, M = 5 machine precision = 2.22045e-16
[job(801): 2016-09-09 20:17:35] At X0, 0 variables are exactly at the bounds
[job(801): 2016-09-09 20:17:35] At iterate     0  f=      -12.284  |proj g|=      0.85534
[job(801): 2016-09-09 20:17:35] At iterate     1  f =      -13.108  |proj g|=       0.62162
[job(801): 2016-09-09 20:17:35] ys=-1.489e-01  -gs= 7.576e-01, BFGS update SKIPPED
[job(801): 2016-09-09 20:17:35] At iterate     2  f =      -13.326  |proj g|=       0.69673
[job(801): 2016-09-09 20:17:35] At iterate     3  f =      -13.341  |proj g|=      0.020212
[job(801): 2016-09-09 20:17:35] At iterate     4  f =      -13.342  |proj g|=      0.020098
[job(801): 2016-09-09 20:17:35] At iterate     5  f =      -13.342  |proj g|=      0.043745
[job(801): 2016-09-09 20:17:35] At iterate     6  f =      -13.342  |proj g|=      0.085756
[job(801): 2016-09-09 20:17:35] At iterate     7  f =      -13.343  |proj g|=       0.17954
[job(801): 2016-09-09 20:17:35] At iterate     8  f =      -13.347  |proj g|=        0.3371
[job(801): 2016-09-09 20:17:35] At iterate     9  f =      -13.358  |proj g|=       0.69455
[job(801): 2016-09-09 20:17:35] At iterate    10  f =      -13.408  |proj g|=        1.9589
[job(801): 2016-09-09 20:17:35] At iterate    11  f =      -13.463  |proj g|=        3.0139
[job(801): 2016-09-09 20:17:35] At iterate    12  f =      -13.511  |proj g|=         3.035
[job(801): 2016-09-09 20:17:35] At iterate    13  f =      -13.674  |proj g|=        2.2686
[job(801): 2016-09-09 20:17:35] At iterate    14  f =      -13.991  |proj g|=       0.69802
[job(801): 2016-09-09 20:17:35] At iterate    15  f =      -14.109  |proj g|=       0.37247
[job(801): 2016-09-09 20:17:35] At iterate    16  f =      -14.132  |proj g|=       0.13379
[job(801): 2016-09-09 20:17:35] At iterate    17  f =      -14.136  |proj g|=      0.025078
[job(801): 2016-09-09 20:17:35] At iterate    18  f =      -14.136  |proj g|=      0.002084
[job(801): 2016-09-09 20:17:35] At iterate    19  f =      -14.136  |proj g|=     0.0025336
[job(801): 2016-09-09 20:17:35] At iterate    20  f =      -14.136  |proj g|=    0.00068875
[job(801): 2016-09-09 20:17:35] At iterate    21  f =      -14.136  |proj g|=     0.0028872
[job(801): 2016-09-09 20:17:35] At iterate    22  f =      -14.136  |proj g|=      0.002516
[job(801): 2016-09-09 20:17:35] At iterate    23  f =      -14.136  |proj g|=    0.00036336
[job(801): 2016-09-09 20:17:35] At iterate    24  f =      -14.136  |proj g|=    0.00038261
[job(801): 2016-09-09 20:17:35] At iterate    25  f =      -14.136  |proj g|=     0.0002237
[job(801): 2016-09-09 20:17:35] At iterate    26  f =      -14.136  |proj g|=    1.1876e-06
[job(801): 2016-09-09 20:17:35] 
[job(801): 2016-09-09 20:17:35] iterations 26
[job(801): 2016-09-09 20:17:35] function evaluations 36
[job(801): 2016-09-09 20:17:35] segments explored during Cauchy searches 27
[job(801): 2016-09-09 20:17:35] BFGS updates skipped 1
[job(801): 2016-09-09 20:17:35] active bounds at final generalized Cauchy point 0
[job(801): 2016-09-09 20:17:35] norm of the final projected gradient 1.18756e-06
[job(801): 2016-09-09 20:17:35] final function value -14.1359
[job(801): 2016-09-09 20:17:35] 
[job(801): 2016-09-09 20:17:35] F = -14.1359
[job(801): 2016-09-09 20:17:35] final  value -14.135892 
[job(801): 2016-09-09 20:17:35] converged
[job(801): 2016-09-09 20:17:35] [Tune-x] 10: C=2.57e+03; sigma=0.006
[job(801): 2016-09-09 20:17:35] [Tune-y] 10: acc.test.mean=0.272; time: 0.0 min; memory: 117Mb use, 165Mb max
[job(801): 2016-09-09 20:17:35] 
[job(801): 2016-09-09 20:17:35] optimisation start
[job(801): 2016-09-09 20:17:35] ------------------
[job(801): 2016-09-09 20:17:35] * estimation method   : MLE 
[job(801): 2016-09-09 20:17:35] * optimisation method : BFGS 
[job(801): 2016-09-09 20:17:35] * analytical gradient : used
[job(801): 2016-09-09 20:17:35] * trend model : ~1
[job(801): 2016-09-09 20:17:35] * covariance model : 
[job(801): 2016-09-09 20:17:35]   - type :  matern5_2 
[job(801): 2016-09-09 20:17:35]   - nugget : NO
[job(801): 2016-09-09 20:17:35]   - parameters lower bounds :  1e-10 1e-10 
[job(801): 2016-09-09 20:17:35]   - parameters upper bounds :  41.39425 39.64692 
[job(801): 2016-09-09 20:17:35]   - best initial criterion value(s) :  13.8646 
[job(801): 2016-09-09 20:17:35] 
[job(801): 2016-09-09 20:17:35] N = 2, M = 5 machine precision = 2.22045e-16
[job(801): 2016-09-09 20:17:35] At X0, 0 variables are exactly at the bounds
[job(801): 2016-09-09 20:17:35] At iterate     0  f=      -13.865  |proj g|=       5.4264
[job(801): 2016-09-09 20:17:35] At iterate     1  f =      -15.512  |proj g|=       0.44726
[job(801): 2016-09-09 20:17:35] At iterate     2  f =       -15.56  |proj g|=       0.56777
[job(801): 2016-09-09 20:17:35] At iterate     3  f =      -15.566  |proj g|=      0.065384
[job(801): 2016-09-09 20:17:35] At iterate     4  f =      -15.566  |proj g|=      0.007487
[job(801): 2016-09-09 20:17:35] At iterate     5  f =      -15.566  |proj g|=     0.0074801
[job(801): 2016-09-09 20:17:35] At iterate     6  f =      -15.566  |proj g|=       0.01829
[job(801): 2016-09-09 20:17:35] At iterate     7  f =      -15.566  |proj g|=      0.039157
[job(801): 2016-09-09 20:17:35] At iterate     8  f =      -15.566  |proj g|=      0.077794
[job(801): 2016-09-09 20:17:35] At iterate     9  f =      -15.566  |proj g|=       0.13828
[job(801): 2016-09-09 20:17:35] At iterate    10  f =      -15.567  |proj g|=       0.24141
[job(801): 2016-09-09 20:17:35] At iterate    11  f =      -15.569  |proj g|=        0.4219
[job(801): 2016-09-09 20:17:35] At iterate    12  f =      -15.576  |proj g|=       0.79373
[job(801): 2016-09-09 20:17:35] At iterate    13  f =       -15.71  |proj g|=        6.8828
[job(801): 2016-09-09 20:17:35] At iterate    14  f =      -15.761  |proj g|=        6.9407
[job(801): 2016-09-09 20:17:35] At iterate    15  f =      -16.762  |proj g|=       0.28553
[job(801): 2016-09-09 20:17:35] At iterate    16  f =      -16.765  |proj g|=      0.028294
[job(801): 2016-09-09 20:17:35] At iterate    17  f =      -16.766  |proj g|=       0.16209
[job(801): 2016-09-09 20:17:35] At iterate    18  f =      -16.766  |proj g|=       0.24716
[job(801): 2016-09-09 20:17:35] At iterate    19  f =      -16.767  |proj g|=       0.21252
[job(801): 2016-09-09 20:17:35] At iterate    20  f =       -16.77  |proj g|=      0.016802
[job(801): 2016-09-09 20:17:35] At iterate    21  f =      -16.771  |proj g|=       0.15042
[job(801): 2016-09-09 20:17:35] At iterate    22  f =      -16.772  |proj g|=       0.15374
[job(801): 2016-09-09 20:17:35] At iterate    23  f =      -16.774  |proj g|=      0.044547
[job(801): 2016-09-09 20:17:35] At iterate    24  f =      -16.774  |proj g|=      0.035981
[job(801): 2016-09-09 20:17:35] At iterate    25  f =      -16.774  |proj g|=      0.057006
[job(801): 2016-09-09 20:17:35] At iterate    26  f =      -16.774  |proj g|=       0.04197
[job(801): 2016-09-09 20:17:35] At iterate    27  f =      -16.775  |proj g|=     0.0089526
[job(801): 2016-09-09 20:17:35] At iterate    28  f =      -16.775  |proj g|=      0.027285
[job(801): 2016-09-09 20:17:35] At iterate    29  f =      -16.775  |proj g|=     0.0026999
[job(801): 2016-09-09 20:17:35] At iterate    30  f =      -16.775  |proj g|=    0.00033777
[job(801): 2016-09-09 20:17:35] At iterate    31  f =      -16.775  |proj g|=    0.00019224
[job(801): 2016-09-09 20:17:35] At iterate    32  f =      -16.775  |proj g|=    7.8559e-05
[job(801): 2016-09-09 20:17:35] 
[job(801): 2016-09-09 20:17:35] iterations 32
[job(801): 2016-09-09 20:17:35] function evaluations 59
[job(801): 2016-09-09 20:17:35] segments explored during Cauchy searches 32
[job(801): 2016-09-09 20:17:35] BFGS updates skipped 0
[job(801): 2016-09-09 20:17:35] active bounds at final generalized Cauchy point 0
[job(801): 2016-09-09 20:17:35] norm of the final projected gradient 7.85589e-05
[job(801): 2016-09-09 20:17:35] final function value -16.7747
[job(801): 2016-09-09 20:17:35] 
[job(801): 2016-09-09 20:17:35] F = -16.7747
[job(801): 2016-09-09 20:17:35] final  value -16.774689 
[job(801): 2016-09-09 20:17:35] converged
[job(801): 2016-09-09 20:17:35] [Tune-x] 11: C=2.26e+03; sigma=0.00645
[job(801): 2016-09-09 20:17:35] [Tune-y] 11: acc.test.mean=0.258; time: 0.0 min; memory: 117Mb use, 165Mb max
[job(801): 2016-09-09 20:17:35] 
[job(801): 2016-09-09 20:17:35] optimisation start
[job(801): 2016-09-09 20:17:35] ------------------
[job(801): 2016-09-09 20:17:35] * estimation method   : MLE 
[job(801): 2016-09-09 20:17:35] * optimisation method : BFGS 
[job(801): 2016-09-09 20:17:35] * analytical gradient : used
[job(801): 2016-09-09 20:17:35] * trend model : ~1
[job(801): 2016-09-09 20:17:35] * covariance model : 
[job(801): 2016-09-09 20:17:35]   - type :  matern5_2 
[job(801): 2016-09-09 20:17:35]   - nugget : NO
[job(801): 2016-09-09 20:17:35]   - parameters lower bounds :  1e-10 1e-10 
[job(801): 2016-09-09 20:17:35]   - parameters upper bounds :  41.39425 39.64692 
[job(801): 2016-09-09 20:17:35]   - best initial criterion value(s) :  16.50573 
[job(801): 2016-09-09 20:17:35] 
[job(801): 2016-09-09 20:17:35] N = 2, M = 5 machine precision = 2.22045e-16
[job(801): 2016-09-09 20:17:35] At X0, 0 variables are exactly at the bounds
[job(801): 2016-09-09 20:17:35] At iterate     0  f=      -16.506  |proj g|=      0.15742
[job(801): 2016-09-09 20:17:35] At iterate     1  f =      -16.668  |proj g|=       0.13316
[job(801): 2016-09-09 20:17:35] At iterate     2  f =      -16.673  |proj g|=       0.10746
[job(801): 2016-09-09 20:17:35] At iterate     3  f =      -16.673  |proj g|=     0.0019044
[job(801): 2016-09-09 20:17:35] At iterate     4  f =      -16.673  |proj g|=    9.4536e-05
[job(801): 2016-09-09 20:17:35] 
[job(801): 2016-09-09 20:17:35] iterations 4
[job(801): 2016-09-09 20:17:35] function evaluations 6
[job(801): 2016-09-09 20:17:35] segments explored during Cauchy searches 5
[job(801): 2016-09-09 20:17:35] BFGS updates skipped 0
[job(801): 2016-09-09 20:17:35] active bounds at final generalized Cauchy point 0
[job(801): 2016-09-09 20:17:35] norm of the final projected gradient 9.45364e-05
[job(801): 2016-09-09 20:17:35] final function value -16.6732
[job(801): 2016-09-09 20:17:35] 
[job(801): 2016-09-09 20:17:35] F = -16.6732
[job(801): 2016-09-09 20:17:35] final  value -16.673247 
[job(801): 2016-09-09 20:17:35] converged
[job(801): 2016-09-09 20:17:35] [Tune-x] 12: C=2.11e+03; sigma=0.00639
[job(801): 2016-09-09 20:17:35] [Tune-y] 12: acc.test.mean=0.225; time: 0.0 min; memory: 117Mb use, 165Mb max
[job(801): 2016-09-09 20:17:35] 
[job(801): 2016-09-09 20:17:35] optimisation start
[job(801): 2016-09-09 20:17:35] ------------------
[job(801): 2016-09-09 20:17:35] * estimation method   : MLE 
[job(801): 2016-09-09 20:17:35] * optimisation method : BFGS 
[job(801): 2016-09-09 20:17:35] * analytical gradient : used
[job(801): 2016-09-09 20:17:35] * trend model : ~1
[job(801): 2016-09-09 20:17:35] * covariance model : 
[job(801): 2016-09-09 20:17:35]   - type :  matern5_2 
[job(801): 2016-09-09 20:17:35]   - nugget : NO
[job(801): 2016-09-09 20:17:35]   - parameters lower bounds :  1e-10 1e-10 
[job(801): 2016-09-09 20:17:35]   - parameters upper bounds :  41.39425 39.64692 
[job(801): 2016-09-09 20:17:35]   - best initial criterion value(s) :  -25.81725 
[job(801): 2016-09-09 20:17:35] 
[job(801): 2016-09-09 20:17:35] N = 2, M = 5 machine precision = 2.22045e-16
[job(801): 2016-09-09 20:17:35] At X0, 0 variables are exactly at the bounds
[job(801): 2016-09-09 20:17:35] At iterate     0  f=       25.817  |proj g|=       1.0659
[job(801): 2016-09-09 20:17:35] At iterate     1  f =      -17.385  |proj g|=             0
[job(801): 2016-09-09 20:17:35] 
[job(801): 2016-09-09 20:17:35] iterations 1
[job(801): 2016-09-09 20:17:35] function evaluations 2
[job(801): 2016-09-09 20:17:35] segments explored during Cauchy searches 2
[job(801): 2016-09-09 20:17:35] BFGS updates skipped 0
[job(801): 2016-09-09 20:17:35] active bounds at final generalized Cauchy point 1
[job(801): 2016-09-09 20:17:35] norm of the final projected gradient 0
[job(801): 2016-09-09 20:17:35] final function value -17.3847
[job(801): 2016-09-09 20:17:35] 
[job(801): 2016-09-09 20:17:35] F = -17.3847
[job(801): 2016-09-09 20:17:35] final  value -17.384730 
[job(801): 2016-09-09 20:17:35] converged
[job(801): 2016-09-09 20:17:35] [Tune-x] 13: C=0.0155; sigma=0.00273
[job(801): 2016-09-09 20:17:35] [Tune-y] 13: acc.test.mean=0.222; time: 0.0 min; memory: 117Mb use, 165Mb max
[job(801): 2016-09-09 20:17:35] 
[job(801): 2016-09-09 20:17:35] optimisation start
[job(801): 2016-09-09 20:17:35] ------------------
[job(801): 2016-09-09 20:17:35] * estimation method   : MLE 
[job(801): 2016-09-09 20:17:35] * optimisation method : BFGS 
[job(801): 2016-09-09 20:17:35] * analytical gradient : used
[job(801): 2016-09-09 20:17:35] * trend model : ~1
[job(801): 2016-09-09 20:17:35] * covariance model : 
[job(801): 2016-09-09 20:17:35]   - type :  matern5_2 
[job(801): 2016-09-09 20:17:35]   - nugget : NO
[job(801): 2016-09-09 20:17:35]   - parameters lower bounds :  1e-10 1e-10 
[job(801): 2016-09-09 20:17:35]   - parameters upper bounds :  41.39425 39.64692 
[job(801): 2016-09-09 20:17:35]   - best initial criterion value(s) :  21.02659 
[job(801): 2016-09-09 20:17:35] 
[job(801): 2016-09-09 20:17:35] N = 2, M = 5 machine precision = 2.22045e-16
[job(801): 2016-09-09 20:17:35] At X0, 0 variables are exactly at the bounds
[job(801): 2016-09-09 20:17:35] At iterate     0  f=      -21.027  |proj g|=       39.615
[job(801): 2016-09-09 20:17:35] At iterate     1  f =      -21.287  |proj g|=        2.3737
[job(801): 2016-09-09 20:17:35] At iterate     2  f =      -21.288  |proj g|=       0.04403
[job(801): 2016-09-09 20:17:35] At iterate     3  f =      -21.288  |proj g|=     0.0026786
[job(801): 2016-09-09 20:17:35] At iterate     4  f =      -21.288  |proj g|=    9.2756e-06
[job(801): 2016-09-09 20:17:35] 
[job(801): 2016-09-09 20:17:35] iterations 4
[job(801): 2016-09-09 20:17:35] function evaluations 10
[job(801): 2016-09-09 20:17:35] segments explored during Cauchy searches 5
[job(801): 2016-09-09 20:17:35] BFGS updates skipped 0
[job(801): 2016-09-09 20:17:35] active bounds at final generalized Cauchy point 0
[job(801): 2016-09-09 20:17:35] norm of the final projected gradient 9.27563e-06
[job(801): 2016-09-09 20:17:35] final function value -21.2878
[job(801): 2016-09-09 20:17:35] 
[job(801): 2016-09-09 20:17:35] F = -21.2878
[job(801): 2016-09-09 20:17:35] final  value -21.287798 
[job(801): 2016-09-09 20:17:35] converged
[job(801): 2016-09-09 20:17:35] [Tune-x] 14: C=1.36e+03; sigma=0.0066
[job(801): 2016-09-09 20:17:35] [Tune-y] 14: acc.test.mean=0.261; time: 0.0 min; memory: 117Mb use, 165Mb max
[job(801): 2016-09-09 20:17:35] 
[job(801): 2016-09-09 20:17:35] optimisation start
[job(801): 2016-09-09 20:17:35] ------------------
[job(801): 2016-09-09 20:17:35] * estimation method   : MLE 
[job(801): 2016-09-09 20:17:35] * optimisation method : BFGS 
[job(801): 2016-09-09 20:17:35] * analytical gradient : used
[job(801): 2016-09-09 20:17:35] * trend model : ~1
[job(801): 2016-09-09 20:17:35] * covariance model : 
[job(801): 2016-09-09 20:17:35]   - type :  matern5_2 
[job(801): 2016-09-09 20:17:35]   - nugget : NO
[job(801): 2016-09-09 20:17:35]   - parameters lower bounds :  1e-10 1e-10 
[job(801): 2016-09-09 20:17:35]   - parameters upper bounds :  41.39425 39.64692 
[job(801): 2016-09-09 20:17:35]   - best initial criterion value(s) :  -33.59955 
[job(801): 2016-09-09 20:17:35] 
[job(801): 2016-09-09 20:17:35] N = 2, M = 5 machine precision = 2.22045e-16
[job(801): 2016-09-09 20:17:35] At X0, 0 variables are exactly at the bounds
[job(801): 2016-09-09 20:17:35] At iterate     0  f=         33.6  |proj g|=       1.2486
[job(801): 2016-09-09 20:17:35] At iterate     1  f =      -21.095  |proj g|=             0
[job(801): 2016-09-09 20:17:35] 
[job(801): 2016-09-09 20:17:35] iterations 1
[job(801): 2016-09-09 20:17:35] function evaluations 2
[job(801): 2016-09-09 20:17:35] segments explored during Cauchy searches 2
[job(801): 2016-09-09 20:17:35] BFGS updates skipped 0
[job(801): 2016-09-09 20:17:35] active bounds at final generalized Cauchy point 1
[job(801): 2016-09-09 20:17:35] norm of the final projected gradient 0
[job(801): 2016-09-09 20:17:35] final function value -21.0954
[job(801): 2016-09-09 20:17:35] 
[job(801): 2016-09-09 20:17:35] F = -21.0954
[job(801): 2016-09-09 20:17:35] final  value -21.095399 
[job(801): 2016-09-09 20:17:35] converged
[job(801): 2016-09-09 20:17:35] [Tune-x] 15: C=1.52; sigma=0.0465
[job(801): 2016-09-09 20:17:35] [Tune-y] 15: acc.test.mean=0.233; time: 0.0 min; memory: 117Mb use, 165Mb max
[job(801): 2016-09-09 20:17:35] 
[job(801): 2016-09-09 20:17:35] optimisation start
[job(801): 2016-09-09 20:17:35] ------------------
[job(801): 2016-09-09 20:17:35] * estimation method   : MLE 
[job(801): 2016-09-09 20:17:35] * optimisation method : BFGS 
[job(801): 2016-09-09 20:17:35] * analytical gradient : used
[job(801): 2016-09-09 20:17:35] * trend model : ~1
[job(801): 2016-09-09 20:17:35] * covariance model : 
[job(801): 2016-09-09 20:17:35]   - type :  matern5_2 
[job(801): 2016-09-09 20:17:35]   - nugget : NO
[job(801): 2016-09-09 20:17:35]   - parameters lower bounds :  1e-10 1e-10 
[job(801): 2016-09-09 20:17:35]   - parameters upper bounds :  41.39425 39.64692 
[job(801): 2016-09-09 20:17:35]   - best initial criterion value(s) :  -29.15096 
[job(801): 2016-09-09 20:17:35] 
[job(801): 2016-09-09 20:17:35] N = 2, M = 5 machine precision = 2.22045e-16
[job(801): 2016-09-09 20:17:35] At X0, 0 variables are exactly at the bounds
[job(801): 2016-09-09 20:17:35] At iterate     0  f=       29.151  |proj g|=      0.83173
[job(801): 2016-09-09 20:17:35] At iterate     1  f =      -23.104  |proj g|=             0
[job(801): 2016-09-09 20:17:35] 
[job(801): 2016-09-09 20:17:35] iterations 1
[job(801): 2016-09-09 20:17:35] function evaluations 2
[job(801): 2016-09-09 20:17:35] segments explored during Cauchy searches 2
[job(801): 2016-09-09 20:17:35] BFGS updates skipped 0
[job(801): 2016-09-09 20:17:35] active bounds at final generalized Cauchy point 1
[job(801): 2016-09-09 20:17:35] norm of the final projected gradient 0
[job(801): 2016-09-09 20:17:35] final function value -23.1039
[job(801): 2016-09-09 20:17:35] 
[job(801): 2016-09-09 20:17:35] F = -23.1039
[job(801): 2016-09-09 20:17:35] final  value -23.103905 
[job(801): 2016-09-09 20:17:35] converged
[job(801): 2016-09-09 20:17:35] [Tune-x] 16: C=0.391; sigma=0.000253
[job(801): 2016-09-09 20:17:35] [Tune-y] 16: acc.test.mean=0.214; time: 0.0 min; memory: 117Mb use, 165Mb max
[job(801): 2016-09-09 20:17:35] 
[job(801): 2016-09-09 20:17:35] optimisation start
[job(801): 2016-09-09 20:17:35] ------------------
[job(801): 2016-09-09 20:17:35] * estimation method   : MLE 
[job(801): 2016-09-09 20:17:35] * optimisation method : BFGS 
[job(801): 2016-09-09 20:17:35] * analytical gradient : used
[job(801): 2016-09-09 20:17:35] * trend model : ~1
[job(801): 2016-09-09 20:17:35] * covariance model : 
[job(801): 2016-09-09 20:17:35]   - type :  matern5_2 
[job(801): 2016-09-09 20:17:35]   - nugget : NO
[job(801): 2016-09-09 20:17:35]   - parameters lower bounds :  1e-10 1e-10 
[job(801): 2016-09-09 20:17:35]   - parameters upper bounds :  41.39425 42.21244 
[job(801): 2016-09-09 20:17:35]   - best initial criterion value(s) :  -43.43123 
[job(801): 2016-09-09 20:17:35] 
[job(801): 2016-09-09 20:17:35] N = 2, M = 5 machine precision = 2.22045e-16
[job(801): 2016-09-09 20:17:35] At X0, 0 variables are exactly at the bounds
[job(801): 2016-09-09 20:17:35] At iterate     0  f=       43.431  |proj g|=       2.1655
[job(801): 2016-09-09 20:17:35] At iterate     1  f =       -25.14  |proj g|=             0
[job(801): 2016-09-09 20:17:35] 
[job(801): 2016-09-09 20:17:35] iterations 1
[job(801): 2016-09-09 20:17:35] function evaluations 2
[job(801): 2016-09-09 20:17:35] segments explored during Cauchy searches 2
[job(801): 2016-09-09 20:17:35] BFGS updates skipped 0
[job(801): 2016-09-09 20:17:35] active bounds at final generalized Cauchy point 1
[job(801): 2016-09-09 20:17:35] norm of the final projected gradient 0
[job(801): 2016-09-09 20:17:35] final function value -25.1398
[job(801): 2016-09-09 20:17:35] 
[job(801): 2016-09-09 20:17:35] F = -25.1398
[job(801): 2016-09-09 20:17:35] final  value -25.139786 
[job(801): 2016-09-09 20:17:35] converged
[job(801): 2016-09-09 20:17:35] [Tune-x] 17: C=31.3; sigma=24.1
[job(801): 2016-09-09 20:17:35] [Tune-y] 17: acc.test.mean=0.208; time: 0.0 min; memory: 117Mb use, 165Mb max
[job(801): 2016-09-09 20:17:35] 
[job(801): 2016-09-09 20:17:35] optimisation start
[job(801): 2016-09-09 20:17:35] ------------------
[job(801): 2016-09-09 20:17:35] * estimation method   : MLE 
[job(801): 2016-09-09 20:17:35] * optimisation method : BFGS 
[job(801): 2016-09-09 20:17:35] * analytical gradient : used
[job(801): 2016-09-09 20:17:35] * trend model : ~1
[job(801): 2016-09-09 20:17:35] * covariance model : 
[job(801): 2016-09-09 20:17:35]   - type :  matern5_2 
[job(801): 2016-09-09 20:17:35]   - nugget : NO
[job(801): 2016-09-09 20:17:35]   - parameters lower bounds :  1e-10 1e-10 
[job(801): 2016-09-09 20:17:35]   - parameters upper bounds :  41.39425 42.21244 
[job(801): 2016-09-09 20:17:35]   - best initial criterion value(s) :  -48.36209 
[job(801): 2016-09-09 20:17:35] 
[job(801): 2016-09-09 20:17:35] N = 2, M = 5 machine precision = 2.22045e-16
[job(801): 2016-09-09 20:17:35] At X0, 0 variables are exactly at the bounds
[job(801): 2016-09-09 20:17:35] At iterate     0  f=       48.362  |proj g|=         2.65
[job(801): 2016-09-09 20:17:35] At iterate     1  f =      -27.179  |proj g|=             0
[job(801): 2016-09-09 20:17:35] 
[job(801): 2016-09-09 20:17:35] iterations 1
[job(801): 2016-09-09 20:17:35] function evaluations 2
[job(801): 2016-09-09 20:17:35] segments explored during Cauchy searches 2
[job(801): 2016-09-09 20:17:35] BFGS updates skipped 0
[job(801): 2016-09-09 20:17:35] active bounds at final generalized Cauchy point 1
[job(801): 2016-09-09 20:17:35] norm of the final projected gradient 0
[job(801): 2016-09-09 20:17:35] final function value -27.1792
[job(801): 2016-09-09 20:17:35] 
[job(801): 2016-09-09 20:17:35] F = -27.1792
[job(801): 2016-09-09 20:17:35] final  value -27.179241 
[job(801): 2016-09-09 20:17:35] converged
[job(801): 2016-09-09 20:17:35] [Tune-x] 18: C=0.00466; sigma=0.000815
[job(801): 2016-09-09 20:17:35] [Tune-y] 18: acc.test.mean=0.181; time: 0.0 min; memory: 117Mb use, 165Mb max
[job(801): 2016-09-09 20:17:35] 
[job(801): 2016-09-09 20:17:35] optimisation start
[job(801): 2016-09-09 20:17:35] ------------------
[job(801): 2016-09-09 20:17:35] * estimation method   : MLE 
[job(801): 2016-09-09 20:17:35] * optimisation method : BFGS 
[job(801): 2016-09-09 20:17:35] * analytical gradient : used
[job(801): 2016-09-09 20:17:35] * trend model : ~1
[job(801): 2016-09-09 20:17:35] * covariance model : 
[job(801): 2016-09-09 20:17:35]   - type :  matern5_2 
[job(801): 2016-09-09 20:17:35]   - nugget : NO
[job(801): 2016-09-09 20:17:35]   - parameters lower bounds :  1e-10 1e-10 
[job(801): 2016-09-09 20:17:35]   - parameters upper bounds :  41.39425 42.21244 
[job(801): 2016-09-09 20:17:35]   - best initial criterion value(s) :  -14.05632 
[job(801): 2016-09-09 20:17:35] 
[job(801): 2016-09-09 20:17:35] N = 2, M = 5 machine precision = 2.22045e-16
[job(801): 2016-09-09 20:17:35] At X0, 0 variables are exactly at the bounds
[job(801): 2016-09-09 20:17:35] At iterate     0  f=       14.056  |proj g|=      0.23643
[job(801): 2016-09-09 20:17:35] At iterate     1  f =      -28.926  |proj g|=             0
[job(801): 2016-09-09 20:17:35] 
[job(801): 2016-09-09 20:17:35] iterations 1
[job(801): 2016-09-09 20:17:35] function evaluations 2
[job(801): 2016-09-09 20:17:35] segments explored during Cauchy searches 2
[job(801): 2016-09-09 20:17:35] BFGS updates skipped 0
[job(801): 2016-09-09 20:17:35] active bounds at final generalized Cauchy point 1
[job(801): 2016-09-09 20:17:35] norm of the final projected gradient 0
[job(801): 2016-09-09 20:17:35] final function value -28.9257
[job(801): 2016-09-09 20:17:35] 
[job(801): 2016-09-09 20:17:35] F = -28.9257
[job(801): 2016-09-09 20:17:35] final  value -28.925718 
[job(801): 2016-09-09 20:17:35] converged
[job(801): 2016-09-09 20:17:35] [Tune-x] 19: C=60.6; sigma=320
[job(801): 2016-09-09 20:17:35] [Tune-y] 19: acc.test.mean=0.208; time: 0.0 min; memory: 117Mb use, 165Mb max
[job(801): 2016-09-09 20:17:35] 
[job(801): 2016-09-09 20:17:35] optimisation start
[job(801): 2016-09-09 20:17:35] ------------------
[job(801): 2016-09-09 20:17:35] * estimation method   : MLE 
[job(801): 2016-09-09 20:17:35] * optimisation method : BFGS 
[job(801): 2016-09-09 20:17:35] * analytical gradient : used
[job(801): 2016-09-09 20:17:35] * trend model : ~1
[job(801): 2016-09-09 20:17:35] * covariance model : 
[job(801): 2016-09-09 20:17:35]   - type :  matern5_2 
[job(801): 2016-09-09 20:17:35]   - nugget : NO
[job(801): 2016-09-09 20:17:35]   - parameters lower bounds :  1e-10 1e-10 
[job(801): 2016-09-09 20:17:35]   - parameters upper bounds :  41.39425 42.21244 
[job(801): 2016-09-09 20:17:35]   - best initial criterion value(s) :  31.31022 
[job(801): 2016-09-09 20:17:35] 
[job(801): 2016-09-09 20:17:35] N = 2, M = 5 machine precision = 2.22045e-16
[job(801): 2016-09-09 20:17:35] At X0, 0 variables are exactly at the bounds
[job(801): 2016-09-09 20:17:35] At iterate     0  f=       -31.31  |proj g|=       42.206
[job(801): 2016-09-09 20:17:35] At iterate     1  f =      -32.984  |proj g|=        33.895
[job(801): 2016-09-09 20:17:35] At iterate     2  f =       -33.02  |proj g|=        1.0824
[job(801): 2016-09-09 20:17:35] At iterate     3  f =       -33.02  |proj g|=      0.024911
[job(801): 2016-09-09 20:17:35] At iterate     4  f =       -33.02  |proj g|=    0.00024258
[job(801): 2016-09-09 20:17:35] At iterate     5  f =       -33.02  |proj g|=    0.00029719
[job(801): 2016-09-09 20:17:35] 
[job(801): 2016-09-09 20:17:35] iterations 5
[job(801): 2016-09-09 20:17:35] function evaluations 14
[job(801): 2016-09-09 20:17:35] segments explored during Cauchy searches 6
[job(801): 2016-09-09 20:17:35] BFGS updates skipped 0
[job(801): 2016-09-09 20:17:35] active bounds at final generalized Cauchy point 0
[job(801): 2016-09-09 20:17:35] norm of the final projected gradient 0.000297186
[job(801): 2016-09-09 20:17:35] final function value -33.0204
[job(801): 2016-09-09 20:17:35] 
[job(801): 2016-09-09 20:17:35] F = -33.0204
[job(801): 2016-09-09 20:17:35] final  value -33.020412 
[job(801): 2016-09-09 20:17:35] converged
[job(801): 2016-09-09 20:17:35] [Tune-x] 20: C=2.49e+03; sigma=0.00652
[job(801): 2016-09-09 20:17:35] [Tune-y] 20: acc.test.mean=0.261; time: 0.0 min; memory: 117Mb use, 165Mb max
[job(801): 2016-09-09 20:17:35] 
[job(801): 2016-09-09 20:17:35] optimisation start
[job(801): 2016-09-09 20:17:35] ------------------
[job(801): 2016-09-09 20:17:35] * estimation method   : MLE 
[job(801): 2016-09-09 20:17:35] * optimisation method : BFGS 
[job(801): 2016-09-09 20:17:35] * analytical gradient : used
[job(801): 2016-09-09 20:17:35] * trend model : ~1
[job(801): 2016-09-09 20:17:35] * covariance model : 
[job(801): 2016-09-09 20:17:35]   - type :  matern5_2 
[job(801): 2016-09-09 20:17:35]   - nugget : NO
[job(801): 2016-09-09 20:17:35]   - parameters lower bounds :  1e-10 1e-10 
[job(801): 2016-09-09 20:17:35]   - parameters upper bounds :  41.39425 42.21244 
[job(801): 2016-09-09 20:17:35]   - best initial criterion value(s) :  -47.48763 
[job(801): 2016-09-09 20:17:35] 
[job(801): 2016-09-09 20:17:35] N = 2, M = 5 machine precision = 2.22045e-16
[job(801): 2016-09-09 20:17:35] At X0, 0 variables are exactly at the bounds
[job(801): 2016-09-09 20:17:35] At iterate     0  f=       47.488  |proj g|=       1.6767
[job(801): 2016-09-09 20:17:35] At iterate     1  f =      -32.787  |proj g|=             0
[job(801): 2016-09-09 20:17:35] 
[job(801): 2016-09-09 20:17:35] iterations 1
[job(801): 2016-09-09 20:17:35] function evaluations 2
[job(801): 2016-09-09 20:17:35] segments explored during Cauchy searches 2
[job(801): 2016-09-09 20:17:35] BFGS updates skipped 0
[job(801): 2016-09-09 20:17:35] active bounds at final generalized Cauchy point 1
[job(801): 2016-09-09 20:17:35] norm of the final projected gradient 0
[job(801): 2016-09-09 20:17:35] final function value -32.7872
[job(801): 2016-09-09 20:17:35] 
[job(801): 2016-09-09 20:17:35] F = -32.7872
[job(801): 2016-09-09 20:17:35] final  value -32.787239 
[job(801): 2016-09-09 20:17:35] converged
[job(801): 2016-09-09 20:17:35] [Tune-x] 21: C=139; sigma=0.0504
[job(801): 2016-09-09 20:17:35] [Tune-y] 21: acc.test.mean=0.228; time: 0.0 min; memory: 117Mb use, 165Mb max
[job(801): 2016-09-09 20:17:35] 
[job(801): 2016-09-09 20:17:35] optimisation start
[job(801): 2016-09-09 20:17:35] ------------------
[job(801): 2016-09-09 20:17:35] * estimation method   : MLE 
[job(801): 2016-09-09 20:17:35] * optimisation method : BFGS 
[job(801): 2016-09-09 20:17:35] * analytical gradient : used
[job(801): 2016-09-09 20:17:35] * trend model : ~1
[job(801): 2016-09-09 20:17:35] * covariance model : 
[job(801): 2016-09-09 20:17:35]   - type :  matern5_2 
[job(801): 2016-09-09 20:17:35]   - nugget : NO
[job(801): 2016-09-09 20:17:35]   - parameters lower bounds :  1e-10 1e-10 
[job(801): 2016-09-09 20:17:35]   - parameters upper bounds :  41.39425 42.21244 
[job(801): 2016-09-09 20:17:35]   - best initial criterion value(s) :  1.690565 
[job(801): 2016-09-09 20:17:35] 
[job(801): 2016-09-09 20:17:35] N = 2, M = 5 machine precision = 2.22045e-16
[job(801): 2016-09-09 20:17:35] At X0, 0 variables are exactly at the bounds
[job(801): 2016-09-09 20:17:35] At iterate     0  f=      -1.6906  |proj g|=      0.27785
[job(801): 2016-09-09 20:17:35] At iterate     1  f =      -34.931  |proj g|=             0
[job(801): 2016-09-09 20:17:35] 
[job(801): 2016-09-09 20:17:35] iterations 1
[job(801): 2016-09-09 20:17:35] function evaluations 2
[job(801): 2016-09-09 20:17:35] segments explored during Cauchy searches 2
[job(801): 2016-09-09 20:17:35] BFGS updates skipped 0
[job(801): 2016-09-09 20:17:35] active bounds at final generalized Cauchy point 1
[job(801): 2016-09-09 20:17:35] norm of the final projected gradient 0
[job(801): 2016-09-09 20:17:35] final function value -34.9312
[job(801): 2016-09-09 20:17:35] 
[job(801): 2016-09-09 20:17:35] F = -34.9312
[job(801): 2016-09-09 20:17:35] final  value -34.931187 
[job(801): 2016-09-09 20:17:35] converged
[job(801): 2016-09-09 20:17:35] [Tune-x] 22: C=0.000671; sigma=2.04e+03
[job(801): 2016-09-09 20:17:35] [Tune-y] 22: acc.test.mean= 0.2; time: 0.0 min; memory: 117Mb use, 174Mb max
[job(801): 2016-09-09 20:17:35] 
[job(801): 2016-09-09 20:17:35] optimisation start
[job(801): 2016-09-09 20:17:35] ------------------
[job(801): 2016-09-09 20:17:35] * estimation method   : MLE 
[job(801): 2016-09-09 20:17:35] * optimisation method : BFGS 
[job(801): 2016-09-09 20:17:35] * analytical gradient : used
[job(801): 2016-09-09 20:17:35] * trend model : ~1
[job(801): 2016-09-09 20:17:35] * covariance model : 
[job(801): 2016-09-09 20:17:35]   - type :  matern5_2 
[job(801): 2016-09-09 20:17:35]   - nugget : NO
[job(801): 2016-09-09 20:17:35]   - parameters lower bounds :  1e-10 1e-10 
[job(801): 2016-09-09 20:17:35]   - parameters upper bounds :  43.74269 45.88383 
[job(801): 2016-09-09 20:17:35]   - best initial criterion value(s) :  17.85627 
[job(801): 2016-09-09 20:17:35] 
[job(801): 2016-09-09 20:17:35] N = 2, M = 5 machine precision = 2.22045e-16
[job(801): 2016-09-09 20:17:35] At X0, 0 variables are exactly at the bounds
[job(801): 2016-09-09 20:17:35] At iterate     0  f=      -17.856  |proj g|=      0.18275
[job(801): 2016-09-09 20:17:35] At iterate     1  f =      -36.989  |proj g|=             0
[job(801): 2016-09-09 20:17:35] 
[job(801): 2016-09-09 20:17:35] iterations 1
[job(801): 2016-09-09 20:17:35] function evaluations 2
[job(801): 2016-09-09 20:17:35] segments explored during Cauchy searches 2
[job(801): 2016-09-09 20:17:35] BFGS updates skipped 0
[job(801): 2016-09-09 20:17:35] active bounds at final generalized Cauchy point 1
[job(801): 2016-09-09 20:17:35] norm of the final projected gradient 0
[job(801): 2016-09-09 20:17:35] final function value -36.9895
[job(801): 2016-09-09 20:17:35] 
[job(801): 2016-09-09 20:17:35] F = -36.9895
[job(801): 2016-09-09 20:17:35] final  value -36.989479 
[job(801): 2016-09-09 20:17:35] converged
[job(801): 2016-09-09 20:17:35] [Tune-x] 23: C=0.54; sigma=0.000661
[job(801): 2016-09-09 20:17:35] [Tune-y] 23: acc.test.mean=0.192; time: 0.0 min; memory: 117Mb use, 174Mb max
[job(801): 2016-09-09 20:17:35] 
[job(801): 2016-09-09 20:17:35] optimisation start
[job(801): 2016-09-09 20:17:35] ------------------
[job(801): 2016-09-09 20:17:35] * estimation method   : MLE 
[job(801): 2016-09-09 20:17:35] * optimisation method : BFGS 
[job(801): 2016-09-09 20:17:35] * analytical gradient : used
[job(801): 2016-09-09 20:17:35] * trend model : ~1
[job(801): 2016-09-09 20:17:35] * covariance model : 
[job(801): 2016-09-09 20:17:35]   - type :  matern5_2 
[job(801): 2016-09-09 20:17:35]   - nugget : NO
[job(801): 2016-09-09 20:17:35]   - parameters lower bounds :  1e-10 1e-10 
[job(801): 2016-09-09 20:17:35]   - parameters upper bounds :  43.74269 45.88383 
[job(801): 2016-09-09 20:17:35]   - best initial criterion value(s) :  -28.69212 
[job(801): 2016-09-09 20:17:35] 
[job(801): 2016-09-09 20:17:35] N = 2, M = 5 machine precision = 2.22045e-16
[job(801): 2016-09-09 20:17:35] At X0, 0 variables are exactly at the bounds
[job(801): 2016-09-09 20:17:35] At iterate     0  f=       28.692  |proj g|=      0.58294
[job(801): 2016-09-09 20:17:35] At iterate     1  f =      -38.969  |proj g|=             0
[job(801): 2016-09-09 20:17:35] 
[job(801): 2016-09-09 20:17:35] iterations 1
[job(801): 2016-09-09 20:17:35] function evaluations 2
[job(801): 2016-09-09 20:17:35] segments explored during Cauchy searches 2
[job(801): 2016-09-09 20:17:35] BFGS updates skipped 0
[job(801): 2016-09-09 20:17:35] active bounds at final generalized Cauchy point 1
[job(801): 2016-09-09 20:17:35] norm of the final projected gradient 0
[job(801): 2016-09-09 20:17:35] final function value -38.9688
[job(801): 2016-09-09 20:17:35] 
[job(801): 2016-09-09 20:17:35] F = -38.9688
[job(801): 2016-09-09 20:17:35] final  value -38.968814 
[job(801): 2016-09-09 20:17:35] converged
[job(801): 2016-09-09 20:17:35] [Tune-x] 24: C=0.00317; sigma=0.106
[job(801): 2016-09-09 20:17:35] [Tune-y] 24: acc.test.mean=0.236; time: 0.0 min; memory: 117Mb use, 174Mb max
[job(801): 2016-09-09 20:17:35] 
[job(801): 2016-09-09 20:17:35] optimisation start
[job(801): 2016-09-09 20:17:35] ------------------
[job(801): 2016-09-09 20:17:35] * estimation method   : MLE 
[job(801): 2016-09-09 20:17:35] * optimisation method : BFGS 
[job(801): 2016-09-09 20:17:35] * analytical gradient : used
[job(801): 2016-09-09 20:17:35] * trend model : ~1
[job(801): 2016-09-09 20:17:35] * covariance model : 
[job(801): 2016-09-09 20:17:35]   - type :  matern5_2 
[job(801): 2016-09-09 20:17:35]   - nugget : NO
[job(801): 2016-09-09 20:17:35]   - parameters lower bounds :  1e-10 1e-10 
[job(801): 2016-09-09 20:17:35]   - parameters upper bounds :  43.74269 45.88383 
[job(801): 2016-09-09 20:17:35]   - best initial criterion value(s) :  -0.7074977 
[job(801): 2016-09-09 20:17:35] 
[job(801): 2016-09-09 20:17:35] N = 2, M = 5 machine precision = 2.22045e-16
[job(801): 2016-09-09 20:17:35] At X0, 0 variables are exactly at the bounds
[job(801): 2016-09-09 20:17:35] At iterate     0  f=       0.7075  |proj g|=      0.66904
[job(801): 2016-09-09 20:17:35] At iterate     1  f =      -41.108  |proj g|=             0
[job(801): 2016-09-09 20:17:35] 
[job(801): 2016-09-09 20:17:35] iterations 1
[job(801): 2016-09-09 20:17:35] function evaluations 2
[job(801): 2016-09-09 20:17:35] segments explored during Cauchy searches 2
[job(801): 2016-09-09 20:17:35] BFGS updates skipped 0
[job(801): 2016-09-09 20:17:35] active bounds at final generalized Cauchy point 1
[job(801): 2016-09-09 20:17:35] norm of the final projected gradient 0
[job(801): 2016-09-09 20:17:35] final function value -41.1077
[job(801): 2016-09-09 20:17:35] 
[job(801): 2016-09-09 20:17:35] F = -41.1077
[job(801): 2016-09-09 20:17:35] final  value -41.107749 
[job(801): 2016-09-09 20:17:35] converged
[job(801): 2016-09-09 20:17:35] [Tune-x] 25: C=0.000698; sigma=1.84
[job(801): 2016-09-09 20:17:35] [Tune-y] 25: acc.test.mean=0.208; time: 0.0 min; memory: 117Mb use, 174Mb max
[job(801): 2016-09-09 20:17:35] 
[job(801): 2016-09-09 20:17:35] optimisation start
[job(801): 2016-09-09 20:17:35] ------------------
[job(801): 2016-09-09 20:17:35] * estimation method   : MLE 
[job(801): 2016-09-09 20:17:35] * optimisation method : BFGS 
[job(801): 2016-09-09 20:17:35] * analytical gradient : used
[job(801): 2016-09-09 20:17:35] * trend model : ~1
[job(801): 2016-09-09 20:17:35] * covariance model : 
[job(801): 2016-09-09 20:17:35]   - type :  matern5_2 
[job(801): 2016-09-09 20:17:35]   - nugget : NO
[job(801): 2016-09-09 20:17:35]   - parameters lower bounds :  1e-10 1e-10 
[job(801): 2016-09-09 20:17:35]   - parameters upper bounds :  43.74269 45.88383 
[job(801): 2016-09-09 20:17:35]   - best initial criterion value(s) :  -50.19873 
[job(801): 2016-09-09 20:17:35] 
[job(801): 2016-09-09 20:17:35] N = 2, M = 5 machine precision = 2.22045e-16
[job(801): 2016-09-09 20:17:35] At X0, 0 variables are exactly at the bounds
[job(801): 2016-09-09 20:17:35] At iterate     0  f=       50.199  |proj g|=       1.6372
[job(801): 2016-09-09 20:17:35] At iterate     1  f =      -43.291  |proj g|=             0
[job(801): 2016-09-09 20:17:35] 
[job(801): 2016-09-09 20:17:35] iterations 1
[job(801): 2016-09-09 20:17:35] function evaluations 2
[job(801): 2016-09-09 20:17:35] segments explored during Cauchy searches 2
[job(801): 2016-09-09 20:17:35] BFGS updates skipped 0
[job(801): 2016-09-09 20:17:35] active bounds at final generalized Cauchy point 2
[job(801): 2016-09-09 20:17:35] norm of the final projected gradient 0
[job(801): 2016-09-09 20:17:35] final function value -43.2914
[job(801): 2016-09-09 20:17:35] 
[job(801): 2016-09-09 20:17:35] F = -43.2914
[job(801): 2016-09-09 20:17:35] final  value -43.291394 
[job(801): 2016-09-09 20:17:35] converged
[job(801): 2016-09-09 20:17:35] [Tune-x] 26: C=558; sigma=0.0119
[job(801): 2016-09-09 20:17:35] [Tune-y] 26: acc.test.mean=0.25; time: 0.0 min; memory: 117Mb use, 174Mb max
[job(801): 2016-09-09 20:17:35] 
[job(801): 2016-09-09 20:17:35] optimisation start
[job(801): 2016-09-09 20:17:35] ------------------
[job(801): 2016-09-09 20:17:35] * estimation method   : MLE 
[job(801): 2016-09-09 20:17:35] * optimisation method : BFGS 
[job(801): 2016-09-09 20:17:35] * analytical gradient : used
[job(801): 2016-09-09 20:17:35] * trend model : ~1
[job(801): 2016-09-09 20:17:35] * covariance model : 
[job(801): 2016-09-09 20:17:35]   - type :  matern5_2 
[job(801): 2016-09-09 20:17:35]   - nugget : NO
[job(801): 2016-09-09 20:17:35]   - parameters lower bounds :  1e-10 1e-10 
[job(801): 2016-09-09 20:17:35]   - parameters upper bounds :  43.74269 45.88383 
[job(801): 2016-09-09 20:17:35]   - best initial criterion value(s) :  -54.56873 
[job(801): 2016-09-09 20:17:35] 
[job(801): 2016-09-09 20:17:35] N = 2, M = 5 machine precision = 2.22045e-16
[job(801): 2016-09-09 20:17:35] At X0, 0 variables are exactly at the bounds
[job(801): 2016-09-09 20:17:35] At iterate     0  f=       54.569  |proj g|=      0.40917
[job(801): 2016-09-09 20:17:35] At iterate     1  f =      -45.292  |proj g|=             0
[job(801): 2016-09-09 20:17:35] 
[job(801): 2016-09-09 20:17:35] iterations 1
[job(801): 2016-09-09 20:17:35] function evaluations 2
[job(801): 2016-09-09 20:17:35] segments explored during Cauchy searches 2
[job(801): 2016-09-09 20:17:35] BFGS updates skipped 0
[job(801): 2016-09-09 20:17:35] active bounds at final generalized Cauchy point 1
[job(801): 2016-09-09 20:17:35] norm of the final projected gradient 0
[job(801): 2016-09-09 20:17:35] final function value -45.2916
[job(801): 2016-09-09 20:17:35] 
[job(801): 2016-09-09 20:17:35] F = -45.2916
[job(801): 2016-09-09 20:17:35] final  value -45.291637 
[job(801): 2016-09-09 20:17:35] converged
[job(801): 2016-09-09 20:17:35] [Tune-x] 27: C=1.18e+03; sigma=191
[job(801): 2016-09-09 20:17:35] [Tune-y] 27: acc.test.mean=0.128; time: 0.0 min; memory: 117Mb use, 174Mb max
[job(801): 2016-09-09 20:17:35] 
[job(801): 2016-09-09 20:17:35] optimisation start
[job(801): 2016-09-09 20:17:35] ------------------
[job(801): 2016-09-09 20:17:35] * estimation method   : MLE 
[job(801): 2016-09-09 20:17:35] * optimisation method : BFGS 
[job(801): 2016-09-09 20:17:35] * analytical gradient : used
[job(801): 2016-09-09 20:17:35] * trend model : ~1
[job(801): 2016-09-09 20:17:35] * covariance model : 
[job(801): 2016-09-09 20:17:35]   - type :  matern5_2 
[job(801): 2016-09-09 20:17:35]   - nugget : NO
[job(801): 2016-09-09 20:17:35]   - parameters lower bounds :  1e-10 1e-10 
[job(801): 2016-09-09 20:17:35]   - parameters upper bounds :  43.74269 45.88383 
[job(801): 2016-09-09 20:17:35]   - best initial criterion value(s) :  -59.45533 
[job(801): 2016-09-09 20:17:35] 
[job(801): 2016-09-09 20:17:35] N = 2, M = 5 machine precision = 2.22045e-16
[job(801): 2016-09-09 20:17:35] At X0, 0 variables are exactly at the bounds
[job(801): 2016-09-09 20:17:35] At iterate     0  f=       59.455  |proj g|=       1.1143
[job(801): 2016-09-09 20:17:35] At iterate     1  f =      -45.307  |proj g|=             0
[job(801): 2016-09-09 20:17:35] 
[job(801): 2016-09-09 20:17:35] iterations 1
[job(801): 2016-09-09 20:17:35] function evaluations 2
[job(801): 2016-09-09 20:17:35] segments explored during Cauchy searches 2
[job(801): 2016-09-09 20:17:35] BFGS updates skipped 0
[job(801): 2016-09-09 20:17:35] active bounds at final generalized Cauchy point 1
[job(801): 2016-09-09 20:17:35] norm of the final projected gradient 0
[job(801): 2016-09-09 20:17:35] final function value -45.3069
[job(801): 2016-09-09 20:17:35] 
[job(801): 2016-09-09 20:17:35] F = -45.3069
[job(801): 2016-09-09 20:17:35] final  value -45.306907 
[job(801): 2016-09-09 20:17:35] converged
[job(801): 2016-09-09 20:17:35] [Tune-x] 28: C=33.9; sigma=34.2
[job(801): 2016-09-09 20:17:35] [Tune-y] 28: acc.test.mean=0.0694; time: 0.0 min; memory: 117Mb use, 174Mb max
[job(801): 2016-09-09 20:17:35] 
[job(801): 2016-09-09 20:17:35] optimisation start
[job(801): 2016-09-09 20:17:35] ------------------
[job(801): 2016-09-09 20:17:35] * estimation method   : MLE 
[job(801): 2016-09-09 20:17:35] * optimisation method : BFGS 
[job(801): 2016-09-09 20:17:35] * analytical gradient : used
[job(801): 2016-09-09 20:17:35] * trend model : ~1
[job(801): 2016-09-09 20:17:35] * covariance model : 
[job(801): 2016-09-09 20:17:35]   - type :  matern5_2 
[job(801): 2016-09-09 20:17:35]   - nugget : NO
[job(801): 2016-09-09 20:17:35]   - parameters lower bounds :  1e-10 1e-10 
[job(801): 2016-09-09 20:17:35]   - parameters upper bounds :  43.74269 45.88383 
[job(801): 2016-09-09 20:17:35]   - best initial criterion value(s) :  -101.8724 
[job(801): 2016-09-09 20:17:35] 
[job(801): 2016-09-09 20:17:35] N = 2, M = 5 machine precision = 2.22045e-16
[job(801): 2016-09-09 20:17:35] At X0, 0 variables are exactly at the bounds
[job(801): 2016-09-09 20:17:35] At iterate     0  f=       101.87  |proj g|=       4.0765
[job(801): 2016-09-09 20:17:35] At iterate     1  f =        66.62  |proj g|=        1.4108
[job(801): 2016-09-09 20:17:35] ys=-5.786e+01  -gs= 1.662e+01, BFGS update SKIPPED
[job(801): 2016-09-09 20:17:35] At iterate     2  f =      -42.935  |proj g|=             0
[job(801): 2016-09-09 20:17:35] 
[job(801): 2016-09-09 20:17:35] iterations 2
[job(801): 2016-09-09 20:17:35] function evaluations 3
[job(801): 2016-09-09 20:17:35] segments explored during Cauchy searches 3
[job(801): 2016-09-09 20:17:35] BFGS updates skipped 1
[job(801): 2016-09-09 20:17:35] active bounds at final generalized Cauchy point 1
[job(801): 2016-09-09 20:17:35] norm of the final projected gradient 0
[job(801): 2016-09-09 20:17:35] final function value -42.9345
[job(801): 2016-09-09 20:17:35] 
[job(801): 2016-09-09 20:17:35] F = -42.9345
[job(801): 2016-09-09 20:17:35] final  value -42.934509 
[job(801): 2016-09-09 20:17:35] converged
[job(801): 2016-09-09 20:17:35] [Tune] Result: C=2.19e+03; sigma=0.0065 : acc.test.mean=-0.289
[job(801): 2016-09-09 20:17:35] Job terminated successfully
[job(chunk): 2016-09-09 20:17:35] Calculation finished!
