[job(chunk): 2016-09-09 20:08:58] Starting calculation of 1 jobs
[job(chunk): 2016-09-09 20:08:58] Setting working directory to '/naslx/projects/pr74ze/ri89coc2/svm_comparison'
[job(chunk): 2016-09-09 20:08:58] Memory measurement disabled
[job(245): 2016-09-09 20:09:01] Starting job with job.id=245
[job(245): 2016-09-09 20:10:08] Generating problem instance for problem '23' ...
[job(245): 2016-09-09 20:10:08] Downloading from 'http://www.openml.org/api/v1/data/23' to '/tmp/ri89coc2/Rtmp2xEJNT/cache/datasets/23/description.xml'.
[job(245): 2016-09-09 20:10:08] Downloading from 'http://www.openml.org/data/download/23/dataset_23_cmc.arff' to '/tmp/ri89coc2/Rtmp2xEJNT/cache/datasets/23/dataset.arff'
[job(245): 2016-09-09 20:10:08] Loading required package: readr
[job(245): 2016-09-09 20:10:08] Applying algorithm 'C-svc.tuned' on problem '23' ...
[job(245): 2016-09-09 20:10:08] Data '23' file 'description.xml' found in cache.
[job(245): 2016-09-09 20:10:08] Data '23' file 'dataset.arff' found in cache.
[job(245): 2016-09-09 20:10:08] [Tune] Started tuning learner C-svc for parameter set:
[job(245): 2016-09-09 20:10:08]          Type len Def    Constr Req Tunable Trafo
[job(245): 2016-09-09 20:10:08] C     numeric   -   - -12 to 12   -    TRUE     Y
[job(245): 2016-09-09 20:10:08] sigma numeric   -   - -12 to 12   -    TRUE     Y
[job(245): 2016-09-09 20:10:08] With control class: TuneControlMBO
[job(245): 2016-09-09 20:10:08] Imputation value: -0
[job(245): 2016-09-09 20:10:08] [Tune-x] 1: C=0.169; sigma=1.41e+03
[job(245): 2016-09-09 20:10:08] [Tune-y] 1: acc.test.mean=0.425; time: 0.0 min; memory: 113Mb use, 158Mb max
[job(245): 2016-09-09 20:10:08] [Tune-x] 2: C=0.0126; sigma=35.9
[job(245): 2016-09-09 20:10:08] [Tune-y] 2: acc.test.mean=0.425; time: 0.0 min; memory: 113Mb use, 165Mb max
[job(245): 2016-09-09 20:10:08] [Tune-x] 3: C=186; sigma=0.169
[job(245): 2016-09-09 20:10:08] [Tune-y] 3: acc.test.mean=0.488; time: 0.0 min; memory: 113Mb use, 165Mb max
[job(245): 2016-09-09 20:10:08] [Tune-x] 4: C=1.85; sigma=0.0412
[job(245): 2016-09-09 20:10:08] [Tune-y] 4: acc.test.mean=0.541; time: 0.0 min; memory: 113Mb use, 165Mb max
[job(245): 2016-09-09 20:10:08] [Tune-x] 5: C=0.0003; sigma=0.00199
[job(245): 2016-09-09 20:10:08] [Tune-y] 5: acc.test.mean=0.425; time: 0.0 min; memory: 113Mb use, 165Mb max
[job(245): 2016-09-09 20:10:08] [Tune-x] 6: C=28.6; sigma=0.000313
[job(245): 2016-09-09 20:10:08] [Tune-y] 6: acc.test.mean=0.49; time: 0.0 min; memory: 113Mb use, 165Mb max
[job(245): 2016-09-09 20:10:08] [Tune-x] 7: C=1.91e+03; sigma=467
[job(245): 2016-09-09 20:10:08] [Tune-y] 7: acc.test.mean=0.437; time: 0.0 min; memory: 113Mb use, 165Mb max
[job(245): 2016-09-09 20:10:08] [Tune-x] 8: C=0.0317; sigma=6.57
[job(245): 2016-09-09 20:10:08] [Tune-y] 8: acc.test.mean=0.425; time: 0.0 min; memory: 113Mb use, 165Mb max
[job(245): 2016-09-09 20:10:08] 
[job(245): 2016-09-09 20:10:08] optimisation start
[job(245): 2016-09-09 20:10:08] ------------------
[job(245): 2016-09-09 20:10:08] * estimation method   : MLE 
[job(245): 2016-09-09 20:10:08] * optimisation method : BFGS 
[job(245): 2016-09-09 20:10:08] * analytical gradient : used
[job(245): 2016-09-09 20:10:08] * trend model : ~1
[job(245): 2016-09-09 20:10:08] * covariance model : 
[job(245): 2016-09-09 20:10:08]   - type :  matern5_2 
[job(245): 2016-09-09 20:10:08]   - nugget : NO
[job(245): 2016-09-09 20:10:08]   - parameters lower bounds :  1e-10 1e-10 
[job(245): 2016-09-09 20:10:08]   - parameters upper bounds :  45.20994 44.20354 
[job(245): 2016-09-09 20:10:08]   - best initial criterion value(s) :  15.56538 
[job(245): 2016-09-09 20:10:08] 
[job(245): 2016-09-09 20:10:08] N = 2, M = 5 machine precision = 2.22045e-16
[job(245): 2016-09-09 20:10:08] At X0, 0 variables are exactly at the bounds
[job(245): 2016-09-09 20:10:08] At iterate     0  f=      -15.565  |proj g|=      0.21334
[job(245): 2016-09-09 20:10:08] At iterate     1  f =      -15.613  |proj g|=       0.19582
[job(245): 2016-09-09 20:10:08] At iterate     2  f =      -15.783  |proj g|=      0.059244
[job(245): 2016-09-09 20:10:08] At iterate     3  f =      -15.794  |proj g|=      0.050401
[job(245): 2016-09-09 20:10:08] At iterate     4  f =        -15.8  |proj g|=       0.02085
[job(245): 2016-09-09 20:10:08] At iterate     5  f =      -15.802  |proj g|=      0.017621
[job(245): 2016-09-09 20:10:08] At iterate     6  f =      -15.811  |proj g|=      0.003509
[job(245): 2016-09-09 20:10:08] At iterate     7  f =      -15.812  |proj g|=     0.0016745
[job(245): 2016-09-09 20:10:08] At iterate     8  f =      -15.812  |proj g|=    4.7515e-05
[job(245): 2016-09-09 20:10:08] At iterate     9  f =      -15.812  |proj g|=    4.7428e-07
[job(245): 2016-09-09 20:10:08] At iterate    10  f =      -15.812  |proj g|=    1.0144e-06
[job(245): 2016-09-09 20:10:08] 
[job(245): 2016-09-09 20:10:08] iterations 10
[job(245): 2016-09-09 20:10:08] function evaluations 12
[job(245): 2016-09-09 20:10:08] segments explored during Cauchy searches 10
[job(245): 2016-09-09 20:10:08] BFGS updates skipped 0
[job(245): 2016-09-09 20:10:08] active bounds at final generalized Cauchy point 0
[job(245): 2016-09-09 20:10:08] norm of the final projected gradient 1.01443e-06
[job(245): 2016-09-09 20:10:08] final function value -15.8121
[job(245): 2016-09-09 20:10:08] 
[job(245): 2016-09-09 20:10:08] F = -15.8121
[job(245): 2016-09-09 20:10:08] final  value -15.812052 
[job(245): 2016-09-09 20:10:08] converged
[job(245): 2016-09-09 20:10:08] [Tune-x] 9: C=2.61; sigma=0.0302
[job(245): 2016-09-09 20:10:08] [Tune-y] 9: acc.test.mean=0.545; time: 0.0 min; memory: 117Mb use, 165Mb max
[job(245): 2016-09-09 20:10:08] 
[job(245): 2016-09-09 20:10:08] optimisation start
[job(245): 2016-09-09 20:10:08] ------------------
[job(245): 2016-09-09 20:10:08] * estimation method   : MLE 
[job(245): 2016-09-09 20:10:08] * optimisation method : BFGS 
[job(245): 2016-09-09 20:10:08] * analytical gradient : used
[job(245): 2016-09-09 20:10:08] * trend model : ~1
[job(245): 2016-09-09 20:10:08] * covariance model : 
[job(245): 2016-09-09 20:10:08]   - type :  matern5_2 
[job(245): 2016-09-09 20:10:08]   - nugget : NO
[job(245): 2016-09-09 20:10:08]   - parameters lower bounds :  1e-10 1e-10 
[job(245): 2016-09-09 20:10:08]   - parameters upper bounds :  45.20994 44.20354 
[job(245): 2016-09-09 20:10:08]   - best initial criterion value(s) :  19.38691 
[job(245): 2016-09-09 20:10:08] 
[job(245): 2016-09-09 20:10:08] N = 2, M = 5 machine precision = 2.22045e-16
[job(245): 2016-09-09 20:10:08] At X0, 0 variables are exactly at the bounds
[job(245): 2016-09-09 20:10:08] At iterate     0  f=      -19.387  |proj g|=      0.35699
[job(245): 2016-09-09 20:10:08] At iterate     1  f =      -19.511  |proj g|=       0.30083
[job(245): 2016-09-09 20:10:08] At iterate     2  f =      -19.712  |proj g|=       0.22501
[job(245): 2016-09-09 20:10:08] At iterate     3  f =      -19.777  |proj g|=      0.057463
[job(245): 2016-09-09 20:10:08] At iterate     4  f =       -19.79  |proj g|=       0.05462
[job(245): 2016-09-09 20:10:08] At iterate     5  f =      -19.846  |proj g|=       0.11002
[job(245): 2016-09-09 20:10:08] At iterate     6  f =      -19.933  |proj g|=       0.21341
[job(245): 2016-09-09 20:10:08] At iterate     7  f =      -19.992  |proj g|=       0.22312
[job(245): 2016-09-09 20:10:08] At iterate     8  f =      -20.064  |proj g|=       0.11681
[job(245): 2016-09-09 20:10:08] At iterate     9  f =      -20.093  |proj g|=      0.011505
[job(245): 2016-09-09 20:10:08] At iterate    10  f =      -20.095  |proj g|=     0.0026758
[job(245): 2016-09-09 20:10:08] At iterate    11  f =      -20.095  |proj g|=    0.00072397
[job(245): 2016-09-09 20:10:08] At iterate    12  f =      -20.095  |proj g|=    8.4887e-05
[job(245): 2016-09-09 20:10:08] At iterate    13  f =      -20.095  |proj g|=    1.3009e-06
[job(245): 2016-09-09 20:10:08] 
[job(245): 2016-09-09 20:10:08] iterations 13
[job(245): 2016-09-09 20:10:08] function evaluations 15
[job(245): 2016-09-09 20:10:08] segments explored during Cauchy searches 13
[job(245): 2016-09-09 20:10:08] BFGS updates skipped 0
[job(245): 2016-09-09 20:10:08] active bounds at final generalized Cauchy point 0
[job(245): 2016-09-09 20:10:08] norm of the final projected gradient 1.30091e-06
[job(245): 2016-09-09 20:10:08] final function value -20.0954
[job(245): 2016-09-09 20:10:08] 
[job(245): 2016-09-09 20:10:08] F = -20.0954
[job(245): 2016-09-09 20:10:08] final  value -20.095356 
[job(245): 2016-09-09 20:10:08] converged
[job(245): 2016-09-09 20:10:08] [Tune-x] 10: C=3.91; sigma=0.023
[job(245): 2016-09-09 20:10:08] [Tune-y] 10: acc.test.mean=0.547; time: 0.0 min; memory: 117Mb use, 165Mb max
[job(245): 2016-09-09 20:10:08] 
[job(245): 2016-09-09 20:10:08] optimisation start
[job(245): 2016-09-09 20:10:08] ------------------
[job(245): 2016-09-09 20:10:08] * estimation method   : MLE 
[job(245): 2016-09-09 20:10:08] * optimisation method : BFGS 
[job(245): 2016-09-09 20:10:08] * analytical gradient : used
[job(245): 2016-09-09 20:10:08] * trend model : ~1
[job(245): 2016-09-09 20:10:08] * covariance model : 
[job(245): 2016-09-09 20:10:08]   - type :  matern5_2 
[job(245): 2016-09-09 20:10:08]   - nugget : NO
[job(245): 2016-09-09 20:10:08]   - parameters lower bounds :  1e-10 1e-10 
[job(245): 2016-09-09 20:10:08]   - parameters upper bounds :  45.20994 44.20354 
[job(245): 2016-09-09 20:10:08]   - best initial criterion value(s) :  24.12975 
[job(245): 2016-09-09 20:10:08] 
[job(245): 2016-09-09 20:10:08] N = 2, M = 5 machine precision = 2.22045e-16
[job(245): 2016-09-09 20:10:08] At X0, 0 variables are exactly at the bounds
[job(245): 2016-09-09 20:10:08] At iterate     0  f=       -24.13  |proj g|=      0.41521
[job(245): 2016-09-09 20:10:08] At iterate     1  f =      -24.312  |proj g|=       0.39284
[job(245): 2016-09-09 20:10:08] At iterate     2  f =      -25.016  |proj g|=       0.11217
[job(245): 2016-09-09 20:10:08] At iterate     3  f =       -25.12  |proj g|=       0.14948
[job(245): 2016-09-09 20:10:08] At iterate     4  f =      -25.289  |proj g|=        0.1923
[job(245): 2016-09-09 20:10:08] At iterate     5  f =      -25.562  |proj g|=       0.19862
[job(245): 2016-09-09 20:10:08] At iterate     6  f =      -25.691  |proj g|=       0.17943
[job(245): 2016-09-09 20:10:08] At iterate     7  f =      -25.763  |proj g|=      0.070345
[job(245): 2016-09-09 20:10:08] At iterate     8  f =      -25.775  |proj g|=      0.023818
[job(245): 2016-09-09 20:10:08] At iterate     9  f =      -25.779  |proj g|=     0.0020122
[job(245): 2016-09-09 20:10:08] At iterate    10  f =       -25.78  |proj g|=    0.00026638
[job(245): 2016-09-09 20:10:08] At iterate    11  f =       -25.78  |proj g|=    1.0426e-05
[job(245): 2016-09-09 20:10:08] At iterate    12  f =       -25.78  |proj g|=    3.4804e-08
[job(245): 2016-09-09 20:10:08] 
[job(245): 2016-09-09 20:10:08] iterations 12
[job(245): 2016-09-09 20:10:08] function evaluations 18
[job(245): 2016-09-09 20:10:08] segments explored during Cauchy searches 12
[job(245): 2016-09-09 20:10:08] BFGS updates skipped 0
[job(245): 2016-09-09 20:10:08] active bounds at final generalized Cauchy point 0
[job(245): 2016-09-09 20:10:08] norm of the final projected gradient 3.48044e-08
[job(245): 2016-09-09 20:10:08] final function value -25.7795
[job(245): 2016-09-09 20:10:08] 
[job(245): 2016-09-09 20:10:08] F = -25.7795
[job(245): 2016-09-09 20:10:08] final  value -25.779514 
[job(245): 2016-09-09 20:10:08] converged
[job(245): 2016-09-09 20:10:08] [Tune-x] 11: C=4.03; sigma=0.0176
[job(245): 2016-09-09 20:10:08] [Tune-y] 11: acc.test.mean=0.535; time: 0.0 min; memory: 117Mb use, 165Mb max
[job(245): 2016-09-09 20:10:08] 
[job(245): 2016-09-09 20:10:08] optimisation start
[job(245): 2016-09-09 20:10:08] ------------------
[job(245): 2016-09-09 20:10:08] * estimation method   : MLE 
[job(245): 2016-09-09 20:10:08] * optimisation method : BFGS 
[job(245): 2016-09-09 20:10:08] * analytical gradient : used
[job(245): 2016-09-09 20:10:08] * trend model : ~1
[job(245): 2016-09-09 20:10:08] * covariance model : 
[job(245): 2016-09-09 20:10:08]   - type :  matern5_2 
[job(245): 2016-09-09 20:10:08]   - nugget : NO
[job(245): 2016-09-09 20:10:08]   - parameters lower bounds :  1e-10 1e-10 
[job(245): 2016-09-09 20:10:08]   - parameters upper bounds :  45.20994 44.20354 
[job(245): 2016-09-09 20:10:08]   - best initial criterion value(s) :  23.22627 
[job(245): 2016-09-09 20:10:08] 
[job(245): 2016-09-09 20:10:08] N = 2, M = 5 machine precision = 2.22045e-16
[job(245): 2016-09-09 20:10:08] At X0, 0 variables are exactly at the bounds
[job(245): 2016-09-09 20:10:08] At iterate     0  f=      -23.226  |proj g|=       2.2965
[job(245): 2016-09-09 20:10:08] At iterate     1  f =      -24.028  |proj g|=        2.0141
[job(245): 2016-09-09 20:10:08] At iterate     2  f =      -24.572  |proj g|=      0.096669
[job(245): 2016-09-09 20:10:08] At iterate     3  f =      -24.572  |proj g|=       0.02607
[job(245): 2016-09-09 20:10:08] At iterate     4  f =      -24.572  |proj g|=     0.0031738
[job(245): 2016-09-09 20:10:08] At iterate     5  f =      -24.572  |proj g|=     0.0054266
[job(245): 2016-09-09 20:10:08] At iterate     6  f =      -24.573  |proj g|=      0.039177
[job(245): 2016-09-09 20:10:08] At iterate     7  f =      -24.573  |proj g|=      0.081478
[job(245): 2016-09-09 20:10:08] At iterate     8  f =      -24.575  |proj g|=       0.14472
[job(245): 2016-09-09 20:10:08] At iterate     9  f =      -24.578  |proj g|=        0.2107
[job(245): 2016-09-09 20:10:08] At iterate    10  f =      -24.585  |proj g|=       0.23836
[job(245): 2016-09-09 20:10:08] At iterate    11  f =      -24.597  |proj g|=     0.0057707
[job(245): 2016-09-09 20:10:08] At iterate    12  f =        -24.6  |proj g|=      0.055178
[job(245): 2016-09-09 20:10:08] At iterate    13  f =      -24.601  |proj g|=      0.014641
[job(245): 2016-09-09 20:10:08] At iterate    14  f =      -24.601  |proj g|=     0.0010629
[job(245): 2016-09-09 20:10:08] At iterate    15  f =      -24.601  |proj g|=    7.1286e-07
[job(245): 2016-09-09 20:10:08] At iterate    16  f =      -24.601  |proj g|=     3.499e-11
[job(245): 2016-09-09 20:10:08] 
[job(245): 2016-09-09 20:10:08] iterations 16
[job(245): 2016-09-09 20:10:08] function evaluations 21
[job(245): 2016-09-09 20:10:08] segments explored during Cauchy searches 17
[job(245): 2016-09-09 20:10:08] BFGS updates skipped 0
[job(245): 2016-09-09 20:10:08] active bounds at final generalized Cauchy point 1
[job(245): 2016-09-09 20:10:08] norm of the final projected gradient 3.49902e-11
[job(245): 2016-09-09 20:10:08] final function value -24.6012
[job(245): 2016-09-09 20:10:08] 
[job(245): 2016-09-09 20:10:08] F = -24.6012
[job(245): 2016-09-09 20:10:08] final  value -24.601213 
[job(245): 2016-09-09 20:10:08] converged
[job(245): 2016-09-09 20:10:08] [Tune-x] 12: C=17.1; sigma=0.0247
[job(245): 2016-09-09 20:10:08] [Tune-y] 12: acc.test.mean=0.526; time: 0.0 min; memory: 117Mb use, 165Mb max
[job(245): 2016-09-09 20:10:08] 
[job(245): 2016-09-09 20:10:08] optimisation start
[job(245): 2016-09-09 20:10:08] ------------------
[job(245): 2016-09-09 20:10:08] * estimation method   : MLE 
[job(245): 2016-09-09 20:10:08] * optimisation method : BFGS 
[job(245): 2016-09-09 20:10:08] * analytical gradient : used
[job(245): 2016-09-09 20:10:08] * trend model : ~1
[job(245): 2016-09-09 20:10:08] * covariance model : 
[job(245): 2016-09-09 20:10:08]   - type :  matern5_2 
[job(245): 2016-09-09 20:10:08]   - nugget : NO
[job(245): 2016-09-09 20:10:08]   - parameters lower bounds :  1e-10 1e-10 
[job(245): 2016-09-09 20:10:08]   - parameters upper bounds :  45.20994 44.20354 
[job(245): 2016-09-09 20:10:08]   - best initial criterion value(s) :  26.17316 
[job(245): 2016-09-09 20:10:08] 
[job(245): 2016-09-09 20:10:08] N = 2, M = 5 machine precision = 2.22045e-16
[job(245): 2016-09-09 20:10:08] At X0, 0 variables are exactly at the bounds
[job(245): 2016-09-09 20:10:08] At iterate     0  f=      -26.173  |proj g|=      0.82046
[job(245): 2016-09-09 20:10:08] At iterate     1  f =      -26.213  |proj g|=       0.18611
[job(245): 2016-09-09 20:10:08] At iterate     2  f =      -26.217  |proj g|=       0.18547
[job(245): 2016-09-09 20:10:08] At iterate     3  f =      -26.269  |proj g|=       0.55916
[job(245): 2016-09-09 20:10:08] At iterate     4  f =      -26.359  |proj g|=       0.98395
[job(245): 2016-09-09 20:10:08] At iterate     5  f =       -26.76  |proj g|=       0.16814
[job(245): 2016-09-09 20:10:08] At iterate     6  f =      -26.772  |proj g|=       0.36513
[job(245): 2016-09-09 20:10:08] At iterate     7  f =      -26.779  |proj g|=       0.44771
[job(245): 2016-09-09 20:10:08] At iterate     8  f =      -26.796  |proj g|=       0.51132
[job(245): 2016-09-09 20:10:08] At iterate     9  f =      -26.838  |proj g|=       0.41611
[job(245): 2016-09-09 20:10:08] At iterate    10  f =      -26.914  |proj g|=       0.10719
[job(245): 2016-09-09 20:10:08] At iterate    11  f =       -26.92  |proj g|=      0.061047
[job(245): 2016-09-09 20:10:08] At iterate    12  f =       -26.92  |proj g|=      0.038489
[job(245): 2016-09-09 20:10:08] At iterate    13  f =      -26.921  |proj g|=    0.00036252
[job(245): 2016-09-09 20:10:08] At iterate    14  f =      -26.921  |proj g|=    4.1643e-06
[job(245): 2016-09-09 20:10:08] At iterate    15  f =      -26.921  |proj g|=    1.8519e-08
[job(245): 2016-09-09 20:10:08] 
[job(245): 2016-09-09 20:10:08] iterations 15
[job(245): 2016-09-09 20:10:08] function evaluations 25
[job(245): 2016-09-09 20:10:08] segments explored during Cauchy searches 15
[job(245): 2016-09-09 20:10:08] BFGS updates skipped 0
[job(245): 2016-09-09 20:10:08] active bounds at final generalized Cauchy point 0
[job(245): 2016-09-09 20:10:08] norm of the final projected gradient 1.85191e-08
[job(245): 2016-09-09 20:10:08] final function value -26.9209
[job(245): 2016-09-09 20:10:08] 
[job(245): 2016-09-09 20:10:08] F = -26.9209
[job(245): 2016-09-09 20:10:08] final  value -26.920881 
[job(245): 2016-09-09 20:10:08] converged
[job(245): 2016-09-09 20:10:08] [Tune-x] 13: C=5.15; sigma=0.0406
[job(245): 2016-09-09 20:10:08] [Tune-y] 13: acc.test.mean=0.548; time: 0.0 min; memory: 117Mb use, 165Mb max
[job(245): 2016-09-09 20:10:08] 
[job(245): 2016-09-09 20:10:08] optimisation start
[job(245): 2016-09-09 20:10:08] ------------------
[job(245): 2016-09-09 20:10:08] * estimation method   : MLE 
[job(245): 2016-09-09 20:10:08] * optimisation method : BFGS 
[job(245): 2016-09-09 20:10:08] * analytical gradient : used
[job(245): 2016-09-09 20:10:08] * trend model : ~1
[job(245): 2016-09-09 20:10:08] * covariance model : 
[job(245): 2016-09-09 20:10:08]   - type :  matern5_2 
[job(245): 2016-09-09 20:10:08]   - nugget : NO
[job(245): 2016-09-09 20:10:08]   - parameters lower bounds :  1e-10 1e-10 
[job(245): 2016-09-09 20:10:08]   - parameters upper bounds :  45.20994 44.20354 
[job(245): 2016-09-09 20:10:08]   - best initial criterion value(s) :  23.07955 
[job(245): 2016-09-09 20:10:08] 
[job(245): 2016-09-09 20:10:08] N = 2, M = 5 machine precision = 2.22045e-16
[job(245): 2016-09-09 20:10:08] At X0, 0 variables are exactly at the bounds
[job(245): 2016-09-09 20:10:08] At iterate     0  f=       -23.08  |proj g|=       6.4315
[job(245): 2016-09-09 20:10:08] At iterate     1  f =       -24.69  |proj g|=        3.2531
[job(245): 2016-09-09 20:10:08] At iterate     2  f =      -28.152  |proj g|=        2.0263
[job(245): 2016-09-09 20:10:08] At iterate     3  f =      -28.936  |proj g|=       0.70372
[job(245): 2016-09-09 20:10:08] At iterate     4  f =      -29.441  |proj g|=        0.6049
[job(245): 2016-09-09 20:10:08] At iterate     5  f =      -30.117  |proj g|=       0.55738
[job(245): 2016-09-09 20:10:08] At iterate     6  f =      -30.252  |proj g|=       0.25034
[job(245): 2016-09-09 20:10:08] At iterate     7  f =      -30.324  |proj g|=      0.077657
[job(245): 2016-09-09 20:10:08] At iterate     8  f =      -30.331  |proj g|=      0.016117
[job(245): 2016-09-09 20:10:08] At iterate     9  f =      -30.332  |proj g|=       0.01257
[job(245): 2016-09-09 20:10:08] At iterate    10  f =      -30.332  |proj g|=     0.0015226
[job(245): 2016-09-09 20:10:08] At iterate    11  f =      -30.332  |proj g|=    1.8003e-05
[job(245): 2016-09-09 20:10:08] At iterate    12  f =      -30.332  |proj g|=    1.8632e-08
[job(245): 2016-09-09 20:10:08] 
[job(245): 2016-09-09 20:10:08] iterations 12
[job(245): 2016-09-09 20:10:08] function evaluations 18
[job(245): 2016-09-09 20:10:08] segments explored during Cauchy searches 12
[job(245): 2016-09-09 20:10:08] BFGS updates skipped 0
[job(245): 2016-09-09 20:10:08] active bounds at final generalized Cauchy point 0
[job(245): 2016-09-09 20:10:08] norm of the final projected gradient 1.86325e-08
[job(245): 2016-09-09 20:10:08] final function value -30.3317
[job(245): 2016-09-09 20:10:08] 
[job(245): 2016-09-09 20:10:08] F = -30.3317
[job(245): 2016-09-09 20:10:08] final  value -30.331667 
[job(245): 2016-09-09 20:10:08] converged
[job(245): 2016-09-09 20:10:08] [Tune-x] 14: C=4.67; sigma=0.0278
[job(245): 2016-09-09 20:10:08] [Tune-y] 14: acc.test.mean=0.54; time: 0.0 min; memory: 117Mb use, 165Mb max
[job(245): 2016-09-09 20:10:08] 
[job(245): 2016-09-09 20:10:08] optimisation start
[job(245): 2016-09-09 20:10:08] ------------------
[job(245): 2016-09-09 20:10:08] * estimation method   : MLE 
[job(245): 2016-09-09 20:10:08] * optimisation method : BFGS 
[job(245): 2016-09-09 20:10:08] * analytical gradient : used
[job(245): 2016-09-09 20:10:08] * trend model : ~1
[job(245): 2016-09-09 20:10:08] * covariance model : 
[job(245): 2016-09-09 20:10:08]   - type :  matern5_2 
[job(245): 2016-09-09 20:10:08]   - nugget : NO
[job(245): 2016-09-09 20:10:08]   - parameters lower bounds :  1e-10 1e-10 
[job(245): 2016-09-09 20:10:08]   - parameters upper bounds :  45.20994 44.20354 
[job(245): 2016-09-09 20:10:08]   - best initial criterion value(s) :  24.62638 
[job(245): 2016-09-09 20:10:08] 
[job(245): 2016-09-09 20:10:08] N = 2, M = 5 machine precision = 2.22045e-16
[job(245): 2016-09-09 20:10:08] At X0, 0 variables are exactly at the bounds
[job(245): 2016-09-09 20:10:08] At iterate     0  f=      -24.626  |proj g|=       1.7074
[job(245): 2016-09-09 20:10:08] At iterate     1  f =       -24.89  |proj g|=       0.55878
[job(245): 2016-09-09 20:10:08] At iterate     2  f =      -24.937  |proj g|=       0.58036
[job(245): 2016-09-09 20:10:08] At iterate     3  f =      -25.164  |proj g|=        1.2482
[job(245): 2016-09-09 20:10:08] At iterate     4  f =      -25.694  |proj g|=        2.8432
[job(245): 2016-09-09 20:10:08] At iterate     5  f =      -26.576  |proj g|=        6.1779
[job(245): 2016-09-09 20:10:08] At iterate     6  f =      -27.557  |proj g|=        4.9644
[job(245): 2016-09-09 20:10:08] At iterate     7  f =      -28.981  |proj g|=        1.4286
[job(245): 2016-09-09 20:10:08] At iterate     8  f =       -29.53  |proj g|=        1.1397
[job(245): 2016-09-09 20:10:08] At iterate     9  f =      -29.634  |proj g|=       0.18723
[job(245): 2016-09-09 20:10:08] At iterate    10  f =      -29.638  |proj g|=       0.05669
[job(245): 2016-09-09 20:10:08] At iterate    11  f =      -29.638  |proj g|=      0.001543
[job(245): 2016-09-09 20:10:08] At iterate    12  f =      -29.638  |proj g|=    2.5724e-06
[job(245): 2016-09-09 20:10:08] At iterate    13  f =      -29.638  |proj g|=    5.5372e-07
[job(245): 2016-09-09 20:10:08] 
[job(245): 2016-09-09 20:10:08] iterations 13
[job(245): 2016-09-09 20:10:08] function evaluations 16
[job(245): 2016-09-09 20:10:08] segments explored during Cauchy searches 14
[job(245): 2016-09-09 20:10:08] BFGS updates skipped 0
[job(245): 2016-09-09 20:10:08] active bounds at final generalized Cauchy point 0
[job(245): 2016-09-09 20:10:08] norm of the final projected gradient 5.53719e-07
[job(245): 2016-09-09 20:10:08] final function value -29.6379
[job(245): 2016-09-09 20:10:08] 
[job(245): 2016-09-09 20:10:08] F = -29.6379
[job(245): 2016-09-09 20:10:08] final  value -29.637862 
[job(245): 2016-09-09 20:10:08] converged
[job(245): 2016-09-09 20:10:08] [Tune-x] 15: C=3.7; sigma=0.0714
[job(245): 2016-09-09 20:10:08] [Tune-y] 15: acc.test.mean=0.536; time: 0.0 min; memory: 117Mb use, 165Mb max
[job(245): 2016-09-09 20:10:08] 
[job(245): 2016-09-09 20:10:08] optimisation start
[job(245): 2016-09-09 20:10:08] ------------------
[job(245): 2016-09-09 20:10:08] * estimation method   : MLE 
[job(245): 2016-09-09 20:10:08] * optimisation method : BFGS 
[job(245): 2016-09-09 20:10:08] * analytical gradient : used
[job(245): 2016-09-09 20:10:08] * trend model : ~1
[job(245): 2016-09-09 20:10:08] * covariance model : 
[job(245): 2016-09-09 20:10:08]   - type :  matern5_2 
[job(245): 2016-09-09 20:10:08]   - nugget : NO
[job(245): 2016-09-09 20:10:08]   - parameters lower bounds :  1e-10 1e-10 
[job(245): 2016-09-09 20:10:08]   - parameters upper bounds :  45.20994 44.20354 
[job(245): 2016-09-09 20:10:08]   - best initial criterion value(s) :  25.45475 
[job(245): 2016-09-09 20:10:08] 
[job(245): 2016-09-09 20:10:08] N = 2, M = 5 machine precision = 2.22045e-16
[job(245): 2016-09-09 20:10:08] At X0, 0 variables are exactly at the bounds
[job(245): 2016-09-09 20:10:08] At iterate     0  f=      -25.455  |proj g|=      0.24978
[job(245): 2016-09-09 20:10:08] At iterate     1  f =      -26.495  |proj g|=       0.19668
[job(245): 2016-09-09 20:10:08] At iterate     2  f =      -26.571  |proj g|=       0.29817
[job(245): 2016-09-09 20:10:08] At iterate     3  f =      -26.572  |proj g|=      0.010214
[job(245): 2016-09-09 20:10:08] At iterate     4  f =      -26.572  |proj g|=     0.0013328
[job(245): 2016-09-09 20:10:08] At iterate     5  f =      -26.572  |proj g|=     0.0032692
[job(245): 2016-09-09 20:10:08] At iterate     6  f =      -26.572  |proj g|=      0.011456
[job(245): 2016-09-09 20:10:08] At iterate     7  f =      -26.572  |proj g|=      0.027521
[job(245): 2016-09-09 20:10:08] At iterate     8  f =      -26.572  |proj g|=      0.051804
[job(245): 2016-09-09 20:10:08] At iterate     9  f =      -26.572  |proj g|=      0.092292
[job(245): 2016-09-09 20:10:08] At iterate    10  f =      -26.572  |proj g|=       0.15765
[job(245): 2016-09-09 20:10:08] At iterate    11  f =      -26.572  |proj g|=       0.17841
[job(245): 2016-09-09 20:10:08] At iterate    12  f =      -26.572  |proj g|=       0.17893
[job(245): 2016-09-09 20:10:08] At iterate    13  f =      -26.572  |proj g|=       0.18005
[job(245): 2016-09-09 20:10:08] At iterate    14  f =      -26.806  |proj g|=        8.3118
[job(245): 2016-09-09 20:10:08] ys=-5.791e-01  -gs= 1.125e-02, BFGS update SKIPPED
[job(245): 2016-09-09 20:10:08] At iterate    15  f =      -26.827  |proj g|=        10.418
[job(245): 2016-09-09 20:10:08] At iterate    16  f =      -26.942  |proj g|=        12.404
[job(245): 2016-09-09 20:10:08] At iterate    17  f =      -27.131  |proj g|=        12.764
[job(245): 2016-09-09 20:10:08] At iterate    18  f =      -28.243  |proj g|=        10.205
[job(245): 2016-09-09 20:10:08] At iterate    19  f =      -30.573  |proj g|=         1.444
[job(245): 2016-09-09 20:10:08] At iterate    20  f =      -31.434  |proj g|=       0.85063
[job(245): 2016-09-09 20:10:08] At iterate    21  f =      -31.527  |proj g|=       0.73575
[job(245): 2016-09-09 20:10:08] At iterate    22  f =      -31.554  |proj g|=       0.19577
[job(245): 2016-09-09 20:10:08] At iterate    23  f =       -31.56  |proj g|=      0.091383
[job(245): 2016-09-09 20:10:08] At iterate    24  f =      -31.662  |proj g|=        1.6941
[job(245): 2016-09-09 20:10:08] At iterate    25  f =      -31.662  |proj g|=         1.702
[job(245): 2016-09-09 20:10:08] At iterate    26  f =      -31.925  |proj g|=        2.3322
[job(245): 2016-09-09 20:10:08] At iterate    27  f =      -32.527  |proj g|=        3.4041
[job(245): 2016-09-09 20:10:08] At iterate    28  f =      -33.559  |proj g|=       0.86147
[job(245): 2016-09-09 20:10:08] At iterate    29  f =      -33.715  |proj g|=       0.42123
[job(245): 2016-09-09 20:10:08] At iterate    30  f =      -33.785  |proj g|=       0.14432
[job(245): 2016-09-09 20:10:08] At iterate    31  f =      -33.803  |proj g|=      0.059691
[job(245): 2016-09-09 20:10:08] At iterate    32  f =      -33.808  |proj g|=      0.019016
[job(245): 2016-09-09 20:10:08] At iterate    33  f =      -33.809  |proj g|=      0.010465
[job(245): 2016-09-09 20:10:08] At iterate    34  f =      -33.809  |proj g|=     0.0034275
[job(245): 2016-09-09 20:10:08] At iterate    35  f =      -33.809  |proj g|=    0.00055049
[job(245): 2016-09-09 20:10:08] At iterate    36  f =      -33.809  |proj g|=     3.102e-05
[job(245): 2016-09-09 20:10:08] At iterate    37  f =      -33.809  |proj g|=    3.1596e-07
[job(245): 2016-09-09 20:10:08] 
[job(245): 2016-09-09 20:10:08] iterations 37
[job(245): 2016-09-09 20:10:08] function evaluations 61
[job(245): 2016-09-09 20:10:08] segments explored during Cauchy searches 38
[job(245): 2016-09-09 20:10:08] BFGS updates skipped 1
[job(245): 2016-09-09 20:10:08] active bounds at final generalized Cauchy point 0
[job(245): 2016-09-09 20:10:08] norm of the final projected gradient 3.15958e-07
[job(245): 2016-09-09 20:10:08] final function value -33.8092
[job(245): 2016-09-09 20:10:08] 
[job(245): 2016-09-09 20:10:08] F = -33.8092
[job(245): 2016-09-09 20:10:08] final  value -33.809215 
[job(245): 2016-09-09 20:10:08] converged
[job(245): 2016-09-09 20:10:08] [Tune-x] 16: C=1.43; sigma=0.0223
[job(245): 2016-09-09 20:10:08] [Tune-y] 16: acc.test.mean=0.541; time: 0.0 min; memory: 117Mb use, 165Mb max
[job(245): 2016-09-09 20:10:08] 
[job(245): 2016-09-09 20:10:08] optimisation start
[job(245): 2016-09-09 20:10:08] ------------------
[job(245): 2016-09-09 20:10:08] * estimation method   : MLE 
[job(245): 2016-09-09 20:10:08] * optimisation method : BFGS 
[job(245): 2016-09-09 20:10:08] * analytical gradient : used
[job(245): 2016-09-09 20:10:08] * trend model : ~1
[job(245): 2016-09-09 20:10:08] * covariance model : 
[job(245): 2016-09-09 20:10:08]   - type :  matern5_2 
[job(245): 2016-09-09 20:10:08]   - nugget : NO
[job(245): 2016-09-09 20:10:08]   - parameters lower bounds :  1e-10 1e-10 
[job(245): 2016-09-09 20:10:08]   - parameters upper bounds :  45.20994 44.20354 
[job(245): 2016-09-09 20:10:08]   - best initial criterion value(s) :  31.07328 
[job(245): 2016-09-09 20:10:08] 
[job(245): 2016-09-09 20:10:08] N = 2, M = 5 machine precision = 2.22045e-16
[job(245): 2016-09-09 20:10:08] At X0, 0 variables are exactly at the bounds
[job(245): 2016-09-09 20:10:08] At iterate     0  f=      -31.073  |proj g|=       9.9774
[job(245): 2016-09-09 20:10:08] At iterate     1  f =      -34.889  |proj g|=        1.8732
[job(245): 2016-09-09 20:10:08] At iterate     2  f =      -35.732  |proj g|=        3.8996
[job(245): 2016-09-09 20:10:08] At iterate     3  f =       -36.44  |proj g|=        1.5733
[job(245): 2016-09-09 20:10:08] At iterate     4  f =      -36.822  |proj g|=       0.13058
[job(245): 2016-09-09 20:10:08] At iterate     5  f =      -36.823  |proj g|=      0.030603
[job(245): 2016-09-09 20:10:08] At iterate     6  f =      -36.823  |proj g|=    0.00079028
[job(245): 2016-09-09 20:10:08] At iterate     7  f =      -36.823  |proj g|=     1.462e-05
[job(245): 2016-09-09 20:10:08] At iterate     8  f =      -36.823  |proj g|=    2.2348e-06
[job(245): 2016-09-09 20:10:08] 
[job(245): 2016-09-09 20:10:08] iterations 8
[job(245): 2016-09-09 20:10:08] function evaluations 12
[job(245): 2016-09-09 20:10:08] segments explored during Cauchy searches 8
[job(245): 2016-09-09 20:10:08] BFGS updates skipped 0
[job(245): 2016-09-09 20:10:08] active bounds at final generalized Cauchy point 0
[job(245): 2016-09-09 20:10:08] norm of the final projected gradient 2.23482e-06
[job(245): 2016-09-09 20:10:08] final function value -36.8232
[job(245): 2016-09-09 20:10:08] 
[job(245): 2016-09-09 20:10:08] F = -36.8232
[job(245): 2016-09-09 20:10:08] final  value -36.823209 
[job(245): 2016-09-09 20:10:08] converged
[job(245): 2016-09-09 20:10:08] [Tune-x] 17: C=2.68; sigma=0.0229
[job(245): 2016-09-09 20:10:08] [Tune-y] 17: acc.test.mean=0.536; time: 0.0 min; memory: 117Mb use, 165Mb max
[job(245): 2016-09-09 20:10:08] 
[job(245): 2016-09-09 20:10:08] optimisation start
[job(245): 2016-09-09 20:10:08] ------------------
[job(245): 2016-09-09 20:10:08] * estimation method   : MLE 
[job(245): 2016-09-09 20:10:08] * optimisation method : BFGS 
[job(245): 2016-09-09 20:10:08] * analytical gradient : used
[job(245): 2016-09-09 20:10:08] * trend model : ~1
[job(245): 2016-09-09 20:10:08] * covariance model : 
[job(245): 2016-09-09 20:10:08]   - type :  matern5_2 
[job(245): 2016-09-09 20:10:08]   - nugget : NO
[job(245): 2016-09-09 20:10:08]   - parameters lower bounds :  1e-10 1e-10 
[job(245): 2016-09-09 20:10:08]   - parameters upper bounds :  45.20994 44.20354 
[job(245): 2016-09-09 20:10:08]   - best initial criterion value(s) :  8.416115 
[job(245): 2016-09-09 20:10:08] 
[job(245): 2016-09-09 20:10:08] N = 2, M = 5 machine precision = 2.22045e-16
[job(245): 2016-09-09 20:10:08] At X0, 0 variables are exactly at the bounds
[job(245): 2016-09-09 20:10:08] At iterate     0  f=      -8.4161  |proj g|=       3.2375
[job(245): 2016-09-09 20:10:08] At iterate     1  f =      -26.793  |proj g|=             0
[job(245): 2016-09-09 20:10:08] 
[job(245): 2016-09-09 20:10:08] iterations 1
[job(245): 2016-09-09 20:10:08] function evaluations 2
[job(245): 2016-09-09 20:10:08] segments explored during Cauchy searches 2
[job(245): 2016-09-09 20:10:08] BFGS updates skipped 0
[job(245): 2016-09-09 20:10:08] active bounds at final generalized Cauchy point 1
[job(245): 2016-09-09 20:10:08] norm of the final projected gradient 0
[job(245): 2016-09-09 20:10:08] final function value -26.793
[job(245): 2016-09-09 20:10:08] 
[job(245): 2016-09-09 20:10:08] F = -26.793
[job(245): 2016-09-09 20:10:08] final  value -26.792974 
[job(245): 2016-09-09 20:10:08] converged
[job(245): 2016-09-09 20:10:08] [Tune-x] 18: C=242; sigma=0.000743
[job(245): 2016-09-09 20:10:08] [Tune-y] 18: acc.test.mean=0.522; time: 0.0 min; memory: 117Mb use, 165Mb max
[job(245): 2016-09-09 20:10:08] 
[job(245): 2016-09-09 20:10:08] optimisation start
[job(245): 2016-09-09 20:10:08] ------------------
[job(245): 2016-09-09 20:10:08] * estimation method   : MLE 
[job(245): 2016-09-09 20:10:08] * optimisation method : BFGS 
[job(245): 2016-09-09 20:10:08] * analytical gradient : used
[job(245): 2016-09-09 20:10:08] * trend model : ~1
[job(245): 2016-09-09 20:10:08] * covariance model : 
[job(245): 2016-09-09 20:10:08]   - type :  matern5_2 
[job(245): 2016-09-09 20:10:08]   - nugget : NO
[job(245): 2016-09-09 20:10:08]   - parameters lower bounds :  1e-10 1e-10 
[job(245): 2016-09-09 20:10:08]   - parameters upper bounds :  45.20994 44.20354 
[job(245): 2016-09-09 20:10:08]   - best initial criterion value(s) :  6.83602 
[job(245): 2016-09-09 20:10:08] 
[job(245): 2016-09-09 20:10:08] N = 2, M = 5 machine precision = 2.22045e-16
[job(245): 2016-09-09 20:10:08] At X0, 0 variables are exactly at the bounds
[job(245): 2016-09-09 20:10:08] At iterate     0  f=       -6.836  |proj g|=       1.6515
[job(245): 2016-09-09 20:10:08] At iterate     1  f =      -28.794  |proj g|=             0
[job(245): 2016-09-09 20:10:08] 
[job(245): 2016-09-09 20:10:08] iterations 1
[job(245): 2016-09-09 20:10:08] function evaluations 2
[job(245): 2016-09-09 20:10:08] segments explored during Cauchy searches 2
[job(245): 2016-09-09 20:10:08] BFGS updates skipped 0
[job(245): 2016-09-09 20:10:08] active bounds at final generalized Cauchy point 1
[job(245): 2016-09-09 20:10:08] norm of the final projected gradient 0
[job(245): 2016-09-09 20:10:08] final function value -28.7942
[job(245): 2016-09-09 20:10:08] 
[job(245): 2016-09-09 20:10:08] F = -28.7942
[job(245): 2016-09-09 20:10:08] final  value -28.794188 
[job(245): 2016-09-09 20:10:08] converged
[job(245): 2016-09-09 20:10:08] [Tune-x] 19: C=0.00379; sigma=0.00141
[job(245): 2016-09-09 20:10:08] [Tune-y] 19: acc.test.mean=0.425; time: 0.0 min; memory: 117Mb use, 165Mb max
[job(245): 2016-09-09 20:10:08] 
[job(245): 2016-09-09 20:10:08] optimisation start
[job(245): 2016-09-09 20:10:08] ------------------
[job(245): 2016-09-09 20:10:08] * estimation method   : MLE 
[job(245): 2016-09-09 20:10:08] * optimisation method : BFGS 
[job(245): 2016-09-09 20:10:08] * analytical gradient : used
[job(245): 2016-09-09 20:10:08] * trend model : ~1
[job(245): 2016-09-09 20:10:08] * covariance model : 
[job(245): 2016-09-09 20:10:08]   - type :  matern5_2 
[job(245): 2016-09-09 20:10:08]   - nugget : NO
[job(245): 2016-09-09 20:10:08]   - parameters lower bounds :  1e-10 1e-10 
[job(245): 2016-09-09 20:10:08]   - parameters upper bounds :  45.20994 44.20354 
[job(245): 2016-09-09 20:10:08]   - best initial criterion value(s) :  13.79748 
[job(245): 2016-09-09 20:10:08] 
[job(245): 2016-09-09 20:10:08] N = 2, M = 5 machine precision = 2.22045e-16
[job(245): 2016-09-09 20:10:08] At X0, 0 variables are exactly at the bounds
[job(245): 2016-09-09 20:10:08] At iterate     0  f=      -13.797  |proj g|=      0.63661
[job(245): 2016-09-09 20:10:08] At iterate     1  f =      -29.756  |proj g|=             0
[job(245): 2016-09-09 20:10:08] 
[job(245): 2016-09-09 20:10:08] iterations 1
[job(245): 2016-09-09 20:10:08] function evaluations 2
[job(245): 2016-09-09 20:10:08] segments explored during Cauchy searches 2
[job(245): 2016-09-09 20:10:08] BFGS updates skipped 0
[job(245): 2016-09-09 20:10:08] active bounds at final generalized Cauchy point 1
[job(245): 2016-09-09 20:10:08] norm of the final projected gradient 0
[job(245): 2016-09-09 20:10:08] final function value -29.7557
[job(245): 2016-09-09 20:10:08] 
[job(245): 2016-09-09 20:10:08] F = -29.7557
[job(245): 2016-09-09 20:10:08] final  value -29.755669 
[job(245): 2016-09-09 20:10:08] converged
[job(245): 2016-09-09 20:10:08] [Tune-x] 20: C=0.00345; sigma=24.5
[job(245): 2016-09-09 20:10:08] [Tune-y] 20: acc.test.mean=0.425; time: 0.0 min; memory: 117Mb use, 165Mb max
[job(245): 2016-09-09 20:10:08] 
[job(245): 2016-09-09 20:10:08] optimisation start
[job(245): 2016-09-09 20:10:08] ------------------
[job(245): 2016-09-09 20:10:08] * estimation method   : MLE 
[job(245): 2016-09-09 20:10:08] * optimisation method : BFGS 
[job(245): 2016-09-09 20:10:08] * analytical gradient : used
[job(245): 2016-09-09 20:10:08] * trend model : ~1
[job(245): 2016-09-09 20:10:08] * covariance model : 
[job(245): 2016-09-09 20:10:08]   - type :  matern5_2 
[job(245): 2016-09-09 20:10:08]   - nugget : NO
[job(245): 2016-09-09 20:10:08]   - parameters lower bounds :  1e-10 1e-10 
[job(245): 2016-09-09 20:10:08]   - parameters upper bounds :  45.20994 44.20354 
[job(245): 2016-09-09 20:10:08]   - best initial criterion value(s) :  10.66238 
[job(245): 2016-09-09 20:10:08] 
[job(245): 2016-09-09 20:10:08] N = 2, M = 5 machine precision = 2.22045e-16
[job(245): 2016-09-09 20:10:08] At X0, 0 variables are exactly at the bounds
[job(245): 2016-09-09 20:10:08] At iterate     0  f=      -10.662  |proj g|=       2.2457
[job(245): 2016-09-09 20:10:08] At iterate     1  f =      -30.856  |proj g|=             0
[job(245): 2016-09-09 20:10:08] 
[job(245): 2016-09-09 20:10:08] iterations 1
[job(245): 2016-09-09 20:10:08] function evaluations 2
[job(245): 2016-09-09 20:10:08] segments explored during Cauchy searches 2
[job(245): 2016-09-09 20:10:08] BFGS updates skipped 0
[job(245): 2016-09-09 20:10:08] active bounds at final generalized Cauchy point 1
[job(245): 2016-09-09 20:10:08] norm of the final projected gradient 0
[job(245): 2016-09-09 20:10:08] final function value -30.8561
[job(245): 2016-09-09 20:10:08] 
[job(245): 2016-09-09 20:10:08] F = -30.8561
[job(245): 2016-09-09 20:10:08] final  value -30.856114 
[job(245): 2016-09-09 20:10:08] converged
[job(245): 2016-09-09 20:10:08] [Tune-x] 21: C=3.81e+03; sigma=0.0975
[job(245): 2016-09-09 20:10:08] [Tune-y] 21: acc.test.mean=0.471; time: 0.1 min; memory: 117Mb use, 165Mb max
[job(245): 2016-09-09 20:10:08] 
[job(245): 2016-09-09 20:10:08] optimisation start
[job(245): 2016-09-09 20:10:08] ------------------
[job(245): 2016-09-09 20:10:08] * estimation method   : MLE 
[job(245): 2016-09-09 20:10:08] * optimisation method : BFGS 
[job(245): 2016-09-09 20:10:08] * analytical gradient : used
[job(245): 2016-09-09 20:10:08] * trend model : ~1
[job(245): 2016-09-09 20:10:08] * covariance model : 
[job(245): 2016-09-09 20:10:08]   - type :  matern5_2 
[job(245): 2016-09-09 20:10:08]   - nugget : NO
[job(245): 2016-09-09 20:10:08]   - parameters lower bounds :  1e-10 1e-10 
[job(245): 2016-09-09 20:10:08]   - parameters upper bounds :  47.19816 44.20354 
[job(245): 2016-09-09 20:10:08]   - best initial criterion value(s) :  13.01578 
[job(245): 2016-09-09 20:10:08] 
[job(245): 2016-09-09 20:10:08] N = 2, M = 5 machine precision = 2.22045e-16
[job(245): 2016-09-09 20:10:08] At X0, 0 variables are exactly at the bounds
[job(245): 2016-09-09 20:10:08] At iterate     0  f=      -13.016  |proj g|=      0.79215
[job(245): 2016-09-09 20:10:08] At iterate     1  f =      -32.808  |proj g|=             0
[job(245): 2016-09-09 20:10:08] 
[job(245): 2016-09-09 20:10:08] iterations 1
[job(245): 2016-09-09 20:10:08] function evaluations 2
[job(245): 2016-09-09 20:10:08] segments explored during Cauchy searches 2
[job(245): 2016-09-09 20:10:08] BFGS updates skipped 0
[job(245): 2016-09-09 20:10:08] active bounds at final generalized Cauchy point 1
[job(245): 2016-09-09 20:10:08] norm of the final projected gradient 0
[job(245): 2016-09-09 20:10:08] final function value -32.8076
[job(245): 2016-09-09 20:10:08] 
[job(245): 2016-09-09 20:10:08] F = -32.8076
[job(245): 2016-09-09 20:10:08] final  value -32.807551 
[job(245): 2016-09-09 20:10:08] converged
[job(245): 2016-09-09 20:10:08] [Tune-x] 22: C=0.145; sigma=1.05
[job(245): 2016-09-09 20:10:08] [Tune-y] 22: acc.test.mean=0.44; time: 0.0 min; memory: 117Mb use, 165Mb max
[job(245): 2016-09-09 20:10:08] 
[job(245): 2016-09-09 20:10:08] optimisation start
[job(245): 2016-09-09 20:10:08] ------------------
[job(245): 2016-09-09 20:10:08] * estimation method   : MLE 
[job(245): 2016-09-09 20:10:08] * optimisation method : BFGS 
[job(245): 2016-09-09 20:10:08] * analytical gradient : used
[job(245): 2016-09-09 20:10:08] * trend model : ~1
[job(245): 2016-09-09 20:10:08] * covariance model : 
[job(245): 2016-09-09 20:10:08]   - type :  matern5_2 
[job(245): 2016-09-09 20:10:08]   - nugget : NO
[job(245): 2016-09-09 20:10:08]   - parameters lower bounds :  1e-10 1e-10 
[job(245): 2016-09-09 20:10:08]   - parameters upper bounds :  47.19816 44.20354 
[job(245): 2016-09-09 20:10:08]   - best initial criterion value(s) :  17.8124 
[job(245): 2016-09-09 20:10:08] 
[job(245): 2016-09-09 20:10:08] N = 2, M = 5 machine precision = 2.22045e-16
[job(245): 2016-09-09 20:10:08] At X0, 0 variables are exactly at the bounds
[job(245): 2016-09-09 20:10:08] At iterate     0  f=      -17.812  |proj g|=       2.7829
[job(245): 2016-09-09 20:10:08] At iterate     1  f =      -34.356  |proj g|=             0
[job(245): 2016-09-09 20:10:08] 
[job(245): 2016-09-09 20:10:08] iterations 1
[job(245): 2016-09-09 20:10:08] function evaluations 2
[job(245): 2016-09-09 20:10:08] segments explored during Cauchy searches 2
[job(245): 2016-09-09 20:10:08] BFGS updates skipped 0
[job(245): 2016-09-09 20:10:08] active bounds at final generalized Cauchy point 1
[job(245): 2016-09-09 20:10:08] norm of the final projected gradient 0
[job(245): 2016-09-09 20:10:08] final function value -34.3556
[job(245): 2016-09-09 20:10:08] 
[job(245): 2016-09-09 20:10:08] F = -34.3556
[job(245): 2016-09-09 20:10:08] final  value -34.355649 
[job(245): 2016-09-09 20:10:08] converged
[job(245): 2016-09-09 20:10:08] [Tune-x] 23: C=1.67; sigma=358
[job(245): 2016-09-09 20:10:08] [Tune-y] 23: acc.test.mean=0.443; time: 0.0 min; memory: 117Mb use, 172Mb max
[job(245): 2016-09-09 20:10:08] 
[job(245): 2016-09-09 20:10:08] optimisation start
[job(245): 2016-09-09 20:10:08] ------------------
[job(245): 2016-09-09 20:10:08] * estimation method   : MLE 
[job(245): 2016-09-09 20:10:08] * optimisation method : BFGS 
[job(245): 2016-09-09 20:10:08] * analytical gradient : used
[job(245): 2016-09-09 20:10:08] * trend model : ~1
[job(245): 2016-09-09 20:10:08] * covariance model : 
[job(245): 2016-09-09 20:10:08]   - type :  matern5_2 
[job(245): 2016-09-09 20:10:08]   - nugget : NO
[job(245): 2016-09-09 20:10:08]   - parameters lower bounds :  1e-10 1e-10 
[job(245): 2016-09-09 20:10:08]   - parameters upper bounds :  47.19816 44.20354 
[job(245): 2016-09-09 20:10:08]   - best initial criterion value(s) :  5.78729 
[job(245): 2016-09-09 20:10:08] 
[job(245): 2016-09-09 20:10:08] N = 2, M = 5 machine precision = 2.22045e-16
[job(245): 2016-09-09 20:10:08] At X0, 0 variables are exactly at the bounds
[job(245): 2016-09-09 20:10:08] At iterate     0  f=      -5.7873  |proj g|=       4.0421
[job(245): 2016-09-09 20:10:08] At iterate     1  f =      -26.073  |proj g|=        2.3275
[job(245): 2016-09-09 20:10:08] ys=-2.369e+01  -gs= 1.648e+01, BFGS update SKIPPED
[job(245): 2016-09-09 20:10:08] At iterate     2  f =      -36.003  |proj g|=             0
[job(245): 2016-09-09 20:10:08] 
[job(245): 2016-09-09 20:10:08] iterations 2
[job(245): 2016-09-09 20:10:08] function evaluations 3
[job(245): 2016-09-09 20:10:08] segments explored during Cauchy searches 3
[job(245): 2016-09-09 20:10:08] BFGS updates skipped 1
[job(245): 2016-09-09 20:10:08] active bounds at final generalized Cauchy point 1
[job(245): 2016-09-09 20:10:08] norm of the final projected gradient 0
[job(245): 2016-09-09 20:10:08] final function value -36.0034
[job(245): 2016-09-09 20:10:08] 
[job(245): 2016-09-09 20:10:08] F = -36.0034
[job(245): 2016-09-09 20:10:08] final  value -36.003359 
[job(245): 2016-09-09 20:10:08] converged
[job(245): 2016-09-09 20:10:08] [Tune-x] 24: C=2.28e+03; sigma=164
[job(245): 2016-09-09 20:10:08] [Tune-y] 24: acc.test.mean=0.437; time: 0.0 min; memory: 117Mb use, 172Mb max
[job(245): 2016-09-09 20:10:08] 
[job(245): 2016-09-09 20:10:08] optimisation start
[job(245): 2016-09-09 20:10:08] ------------------
[job(245): 2016-09-09 20:10:08] * estimation method   : MLE 
[job(245): 2016-09-09 20:10:08] * optimisation method : BFGS 
[job(245): 2016-09-09 20:10:08] * analytical gradient : used
[job(245): 2016-09-09 20:10:08] * trend model : ~1
[job(245): 2016-09-09 20:10:08] * covariance model : 
[job(245): 2016-09-09 20:10:08]   - type :  matern5_2 
[job(245): 2016-09-09 20:10:08]   - nugget : NO
[job(245): 2016-09-09 20:10:08]   - parameters lower bounds :  1e-10 1e-10 
[job(245): 2016-09-09 20:10:08]   - parameters upper bounds :  47.19816 44.20354 
[job(245): 2016-09-09 20:10:08]   - best initial criterion value(s) :  43.61682 
[job(245): 2016-09-09 20:10:08] 
[job(245): 2016-09-09 20:10:08] N = 2, M = 5 machine precision = 2.22045e-16
[job(245): 2016-09-09 20:10:08] At X0, 0 variables are exactly at the bounds
[job(245): 2016-09-09 20:10:08] At iterate     0  f=      -43.617  |proj g|=       3.6157
[job(245): 2016-09-09 20:10:08] At iterate     1  f =       -49.17  |proj g|=         2.776
[job(245): 2016-09-09 20:10:08] At iterate     2  f =      -50.846  |proj g|=        1.0255
[job(245): 2016-09-09 20:10:08] At iterate     3  f =      -50.909  |proj g|=       0.82054
[job(245): 2016-09-09 20:10:08] At iterate     4  f =      -50.925  |proj g|=       0.13078
[job(245): 2016-09-09 20:10:08] At iterate     5  f =      -50.926  |proj g|=     0.0011561
[job(245): 2016-09-09 20:10:08] At iterate     6  f =      -50.926  |proj g|=     0.0001458
[job(245): 2016-09-09 20:10:08] At iterate     7  f =      -50.926  |proj g|=    1.5542e-08
[job(245): 2016-09-09 20:10:08] 
[job(245): 2016-09-09 20:10:08] iterations 7
[job(245): 2016-09-09 20:10:08] function evaluations 10
[job(245): 2016-09-09 20:10:08] segments explored during Cauchy searches 8
[job(245): 2016-09-09 20:10:08] BFGS updates skipped 0
[job(245): 2016-09-09 20:10:08] active bounds at final generalized Cauchy point 0
[job(245): 2016-09-09 20:10:08] norm of the final projected gradient 1.55416e-08
[job(245): 2016-09-09 20:10:08] final function value -50.9256
[job(245): 2016-09-09 20:10:08] 
[job(245): 2016-09-09 20:10:08] F = -50.9256
[job(245): 2016-09-09 20:10:08] final  value -50.925552 
[job(245): 2016-09-09 20:10:08] converged
[job(245): 2016-09-09 20:10:08] [Tune-x] 25: C=3.63; sigma=0.038
[job(245): 2016-09-09 20:10:08] [Tune-y] 25: acc.test.mean=0.544; time: 0.0 min; memory: 117Mb use, 172Mb max
[job(245): 2016-09-09 20:10:08] 
[job(245): 2016-09-09 20:10:08] optimisation start
[job(245): 2016-09-09 20:10:08] ------------------
[job(245): 2016-09-09 20:10:08] * estimation method   : MLE 
[job(245): 2016-09-09 20:10:08] * optimisation method : BFGS 
[job(245): 2016-09-09 20:10:08] * analytical gradient : used
[job(245): 2016-09-09 20:10:08] * trend model : ~1
[job(245): 2016-09-09 20:10:08] * covariance model : 
[job(245): 2016-09-09 20:10:08]   - type :  matern5_2 
[job(245): 2016-09-09 20:10:08]   - nugget : NO
[job(245): 2016-09-09 20:10:08]   - parameters lower bounds :  1e-10 1e-10 
[job(245): 2016-09-09 20:10:08]   - parameters upper bounds :  47.19816 44.20354 
[job(245): 2016-09-09 20:10:08]   - best initial criterion value(s) :  -8.762875 
[job(245): 2016-09-09 20:10:08] 
[job(245): 2016-09-09 20:10:08] N = 2, M = 5 machine precision = 2.22045e-16
[job(245): 2016-09-09 20:10:08] At X0, 0 variables are exactly at the bounds
[job(245): 2016-09-09 20:10:08] At iterate     0  f=       8.7629  |proj g|=       3.4307
[job(245): 2016-09-09 20:10:08] At iterate     1  f =      -39.029  |proj g|=             0
[job(245): 2016-09-09 20:10:08] 
[job(245): 2016-09-09 20:10:08] iterations 1
[job(245): 2016-09-09 20:10:08] function evaluations 2
[job(245): 2016-09-09 20:10:08] segments explored during Cauchy searches 2
[job(245): 2016-09-09 20:10:08] BFGS updates skipped 0
[job(245): 2016-09-09 20:10:08] active bounds at final generalized Cauchy point 1
[job(245): 2016-09-09 20:10:08] norm of the final projected gradient 0
[job(245): 2016-09-09 20:10:08] final function value -39.0289
[job(245): 2016-09-09 20:10:08] 
[job(245): 2016-09-09 20:10:08] F = -39.0289
[job(245): 2016-09-09 20:10:08] final  value -39.028884 
[job(245): 2016-09-09 20:10:08] converged
[job(245): 2016-09-09 20:10:08] [Tune-x] 26: C=0.000582; sigma=2.02e+03
[job(245): 2016-09-09 20:10:08] [Tune-y] 26: acc.test.mean=0.425; time: 0.0 min; memory: 117Mb use, 172Mb max
[job(245): 2016-09-09 20:10:08] 
[job(245): 2016-09-09 20:10:08] optimisation start
[job(245): 2016-09-09 20:10:08] ------------------
[job(245): 2016-09-09 20:10:08] * estimation method   : MLE 
[job(245): 2016-09-09 20:10:08] * optimisation method : BFGS 
[job(245): 2016-09-09 20:10:08] * analytical gradient : used
[job(245): 2016-09-09 20:10:08] * trend model : ~1
[job(245): 2016-09-09 20:10:08] * covariance model : 
[job(245): 2016-09-09 20:10:08]   - type :  matern5_2 
[job(245): 2016-09-09 20:10:08]   - nugget : NO
[job(245): 2016-09-09 20:10:08]   - parameters lower bounds :  1e-10 1e-10 
[job(245): 2016-09-09 20:10:08]   - parameters upper bounds :  47.19816 45.24757 
[job(245): 2016-09-09 20:10:08]   - best initial criterion value(s) :  43.59744 
[job(245): 2016-09-09 20:10:08] 
[job(245): 2016-09-09 20:10:08] N = 2, M = 5 machine precision = 2.22045e-16
[job(245): 2016-09-09 20:10:08] At X0, 0 variables are exactly at the bounds
[job(245): 2016-09-09 20:10:08] At iterate     0  f=      -43.597  |proj g|=       3.3538
[job(245): 2016-09-09 20:10:08] At iterate     1  f =      -48.257  |proj g|=        2.9673
[job(245): 2016-09-09 20:10:08] At iterate     2  f =      -51.442  |proj g|=        5.9754
[job(245): 2016-09-09 20:10:08] At iterate     3  f =      -52.526  |proj g|=        7.4795
[job(245): 2016-09-09 20:10:08] At iterate     4  f =      -53.323  |proj g|=         4.582
[job(245): 2016-09-09 20:10:08] At iterate     5  f =      -53.333  |proj g|=        1.4574
[job(245): 2016-09-09 20:10:08] At iterate     6  f =      -53.642  |proj g|=       0.64616
[job(245): 2016-09-09 20:10:08] At iterate     7  f =      -53.686  |proj g|=        1.3139
[job(245): 2016-09-09 20:10:08] At iterate     8  f =      -53.717  |proj g|=       0.83914
[job(245): 2016-09-09 20:10:08] At iterate     9  f =      -53.741  |proj g|=       0.17095
[job(245): 2016-09-09 20:10:08] At iterate    10  f =      -53.745  |proj g|=        0.1681
[job(245): 2016-09-09 20:10:08] At iterate    11  f =      -53.746  |proj g|=      0.026428
[job(245): 2016-09-09 20:10:08] At iterate    12  f =      -53.746  |proj g|=     0.0016813
[job(245): 2016-09-09 20:10:08] At iterate    13  f =      -53.746  |proj g|=    0.00039805
[job(245): 2016-09-09 20:10:08] At iterate    14  f =      -53.746  |proj g|=    4.9329e-06
[job(245): 2016-09-09 20:10:08] 
[job(245): 2016-09-09 20:10:08] iterations 14
[job(245): 2016-09-09 20:10:08] function evaluations 17
[job(245): 2016-09-09 20:10:08] segments explored during Cauchy searches 15
[job(245): 2016-09-09 20:10:08] BFGS updates skipped 0
[job(245): 2016-09-09 20:10:08] active bounds at final generalized Cauchy point 0
[job(245): 2016-09-09 20:10:08] norm of the final projected gradient 4.93292e-06
[job(245): 2016-09-09 20:10:08] final function value -53.7459
[job(245): 2016-09-09 20:10:08] 
[job(245): 2016-09-09 20:10:08] F = -53.7459
[job(245): 2016-09-09 20:10:08] final  value -53.745925 
[job(245): 2016-09-09 20:10:08] converged
[job(245): 2016-09-09 20:10:08] [Tune-x] 27: C=5.72; sigma=0.0551
[job(245): 2016-09-09 20:10:08] [Tune-y] 27: acc.test.mean=0.527; time: 0.0 min; memory: 117Mb use, 172Mb max
[job(245): 2016-09-09 20:10:08] 
[job(245): 2016-09-09 20:10:08] optimisation start
[job(245): 2016-09-09 20:10:08] ------------------
[job(245): 2016-09-09 20:10:08] * estimation method   : MLE 
[job(245): 2016-09-09 20:10:08] * optimisation method : BFGS 
[job(245): 2016-09-09 20:10:08] * analytical gradient : used
[job(245): 2016-09-09 20:10:08] * trend model : ~1
[job(245): 2016-09-09 20:10:08] * covariance model : 
[job(245): 2016-09-09 20:10:08]   - type :  matern5_2 
[job(245): 2016-09-09 20:10:08]   - nugget : NO
[job(245): 2016-09-09 20:10:08]   - parameters lower bounds :  1e-10 1e-10 
[job(245): 2016-09-09 20:10:08]   - parameters upper bounds :  47.19816 45.24757 
[job(245): 2016-09-09 20:10:08]   - best initial criterion value(s) :  24.27945 
[job(245): 2016-09-09 20:10:08] 
[job(245): 2016-09-09 20:10:08] N = 2, M = 5 machine precision = 2.22045e-16
[job(245): 2016-09-09 20:10:08] At X0, 0 variables are exactly at the bounds
[job(245): 2016-09-09 20:10:08] At iterate     0  f=      -24.279  |proj g|=       5.7375
[job(245): 2016-09-09 20:10:08] At iterate     1  f =      -24.373  |proj g|=        1.7167
[job(245): 2016-09-09 20:10:08] At iterate     2  f =      -24.382  |proj g|=       0.48875
[job(245): 2016-09-09 20:10:08] At iterate     3  f =      -24.383  |proj g|=       0.48969
[job(245): 2016-09-09 20:10:08] At iterate     4  f =      -24.403  |proj g|=        1.3387
[job(245): 2016-09-09 20:10:08] At iterate     5  f =      -24.442  |proj g|=        3.0638
[job(245): 2016-09-09 20:10:08] At iterate     6  f =      -24.558  |proj g|=        5.9456
[job(245): 2016-09-09 20:10:08] At iterate     7  f =      -24.879  |proj g|=        8.7523
[job(245): 2016-09-09 20:10:08] At iterate     8  f =       -42.09  |proj g|=             0
[job(245): 2016-09-09 20:10:08] 
[job(245): 2016-09-09 20:10:08] iterations 8
[job(245): 2016-09-09 20:10:08] function evaluations 12
[job(245): 2016-09-09 20:10:08] segments explored during Cauchy searches 8
[job(245): 2016-09-09 20:10:08] BFGS updates skipped 0
[job(245): 2016-09-09 20:10:08] active bounds at final generalized Cauchy point 0
[job(245): 2016-09-09 20:10:08] norm of the final projected gradient 0
[job(245): 2016-09-09 20:10:08] final function value -42.0903
[job(245): 2016-09-09 20:10:08] 
[job(245): 2016-09-09 20:10:08] F = -42.0903
[job(245): 2016-09-09 20:10:08] final  value -42.090314 
[job(245): 2016-09-09 20:10:08] converged
[job(245): 2016-09-09 20:10:08] [Tune-x] 28: C=0.0164; sigma=0.0754
[job(245): 2016-09-09 20:10:08] [Tune-y] 28: acc.test.mean=0.425; time: 0.0 min; memory: 117Mb use, 172Mb max
[job(245): 2016-09-09 20:10:08] 
[job(245): 2016-09-09 20:10:08] optimisation start
[job(245): 2016-09-09 20:10:08] ------------------
[job(245): 2016-09-09 20:10:08] * estimation method   : MLE 
[job(245): 2016-09-09 20:10:08] * optimisation method : BFGS 
[job(245): 2016-09-09 20:10:08] * analytical gradient : used
[job(245): 2016-09-09 20:10:08] * trend model : ~1
[job(245): 2016-09-09 20:10:08] * covariance model : 
[job(245): 2016-09-09 20:10:08]   - type :  matern5_2 
[job(245): 2016-09-09 20:10:08]   - nugget : NO
[job(245): 2016-09-09 20:10:08]   - parameters lower bounds :  1e-10 1e-10 
[job(245): 2016-09-09 20:10:08]   - parameters upper bounds :  47.19816 45.24757 
[job(245): 2016-09-09 20:10:08]   - best initial criterion value(s) :  52.44085 
[job(245): 2016-09-09 20:10:08] 
[job(245): 2016-09-09 20:10:08] N = 2, M = 5 machine precision = 2.22045e-16
[job(245): 2016-09-09 20:10:08] At X0, 0 variables are exactly at the bounds
[job(245): 2016-09-09 20:10:08] At iterate     0  f=      -52.441  |proj g|=       27.296
[job(245): 2016-09-09 20:10:08] At iterate     1  f =      -56.552  |proj g|=        1.4534
[job(245): 2016-09-09 20:10:08] At iterate     2  f =      -57.061  |proj g|=       0.63535
[job(245): 2016-09-09 20:10:08] At iterate     3  f =      -57.093  |proj g|=       0.39272
[job(245): 2016-09-09 20:10:08] At iterate     4  f =      -57.095  |proj g|=       0.33654
[job(245): 2016-09-09 20:10:08] At iterate     5  f =      -57.109  |proj g|=       0.59357
[job(245): 2016-09-09 20:10:08] At iterate     6  f =      -57.432  |proj g|=        1.9365
[job(245): 2016-09-09 20:10:08] At iterate     7  f =       -57.44  |proj g|=       0.40702
[job(245): 2016-09-09 20:10:08] At iterate     8  f =      -57.459  |proj g|=       0.21107
[job(245): 2016-09-09 20:10:08] At iterate     9  f =      -57.467  |proj g|=       0.19064
[job(245): 2016-09-09 20:10:08] At iterate    10  f =      -57.467  |proj g|=     0.0075979
[job(245): 2016-09-09 20:10:08] At iterate    11  f =      -57.467  |proj g|=    0.00013717
[job(245): 2016-09-09 20:10:08] At iterate    12  f =      -57.467  |proj g|=    1.4454e-06
[job(245): 2016-09-09 20:10:08] 
[job(245): 2016-09-09 20:10:08] iterations 12
[job(245): 2016-09-09 20:10:08] function evaluations 19
[job(245): 2016-09-09 20:10:08] segments explored during Cauchy searches 12
[job(245): 2016-09-09 20:10:08] BFGS updates skipped 0
[job(245): 2016-09-09 20:10:08] active bounds at final generalized Cauchy point 0
[job(245): 2016-09-09 20:10:08] norm of the final projected gradient 1.44539e-06
[job(245): 2016-09-09 20:10:08] final function value -57.4672
[job(245): 2016-09-09 20:10:08] 
[job(245): 2016-09-09 20:10:08] F = -57.4672
[job(245): 2016-09-09 20:10:08] final  value -57.467188 
[job(245): 2016-09-09 20:10:08] converged
[job(245): 2016-09-09 20:10:08] [Tune] Result: C=5.15; sigma=0.0406 : acc.test.mean=-0.548
[job(245): 2016-09-09 20:10:08] Job terminated successfully
[job(chunk): 2016-09-09 20:10:09] Calculation finished!
