[job(chunk): 2016-09-10 00:19:11] Starting calculation of 1 jobs
[job(chunk): 2016-09-10 00:19:11] Setting working directory to '/naslx/projects/pr74ze/ri89coc2/svm_comparison'
[job(chunk): 2016-09-10 00:19:11] Memory measurement disabled
[job(1007): 2016-09-10 00:19:14] Starting job with job.id=1007
[job(1007): 2016-09-10 00:23:09] Generating problem instance for problem '1466' ...
[job(1007): 2016-09-10 00:23:09] Data '1466' file 'description.xml' found in cache.
[job(1007): 2016-09-10 00:23:09] Data '1466' file 'dataset.arff' found in cache.
[job(1007): 2016-09-10 00:23:09] Loading required package: readr
[job(1007): 2016-09-10 00:23:09] Applying algorithm 'spoc-svc.tuned' on problem '1466' ...
[job(1007): 2016-09-10 00:23:09] Data '1466' file 'description.xml' found in cache.
[job(1007): 2016-09-10 00:23:09] Data '1466' file 'dataset.arff' found in cache.
[job(1007): 2016-09-10 00:23:09] [Tune] Started tuning learner spoc-svc for parameter set:
[job(1007): 2016-09-10 00:23:09]          Type len Def    Constr Req Tunable Trafo
[job(1007): 2016-09-10 00:23:09] C     numeric   -   - -12 to 12   -    TRUE     Y
[job(1007): 2016-09-10 00:23:09] sigma numeric   -   - -12 to 12   -    TRUE     Y
[job(1007): 2016-09-10 00:23:09] With control class: TuneControlMBO
[job(1007): 2016-09-10 00:23:09] Imputation value: -0
[job(1007): 2016-09-10 00:23:09] [Tune-x] 1: C=2.11; sigma=3.13
[job(1007): 2016-09-10 00:23:09] [Tune-y] 1: acc.test.mean=0.995; time: 0.1 min; memory: 113Mb use, 159Mb max
[job(1007): 2016-09-10 00:23:09] [Tune-x] 2: C=0.00257; sigma=621
[job(1007): 2016-09-10 00:23:09] [Tune-y] 2: acc.test.mean=0.424; time: 0.1 min; memory: 114Mb use, 159Mb max
[job(1007): 2016-09-10 00:23:09] [Tune-x] 3: C=25.9; sigma=0.112
[job(1007): 2016-09-10 00:23:09] [Tune-y] 3: acc.test.mean=0.996; time: 0.0 min; memory: 114Mb use, 159Mb max
[job(1007): 2016-09-10 00:23:09] [Tune-x] 4: C=0.0346; sigma=0.801
[job(1007): 2016-09-10 00:23:09] [Tune-y] 4: acc.test.mean=0.994; time: 0.1 min; memory: 114Mb use, 159Mb max
[job(1007): 2016-09-10 00:23:09] [Tune-x] 5: C=248; sigma=0.00041
[job(1007): 2016-09-10 00:23:09] [Tune-y] 5: acc.test.mean=   1; time: 0.3 min; memory: 114Mb use, 159Mb max
[job(1007): 2016-09-10 00:23:09] [Tune-x] 6: C=0.453; sigma=447
[job(1007): 2016-09-10 00:23:09] [Tune-y] 6: acc.test.mean=0.486; time: 0.1 min; memory: 114Mb use, 159Mb max
[job(1007): 2016-09-10 00:23:09] [Tune-x] 7: C=1.75e+03; sigma=33.1
[job(1007): 2016-09-10 00:23:09] [Tune-y] 7: acc.test.mean=0.985; time: 0.1 min; memory: 114Mb use, 159Mb max
[job(1007): 2016-09-10 00:23:09] [Tune-x] 8: C=0.000579; sigma=0.00247
[job(1007): 2016-09-10 00:23:09] [Tune-y] 8: acc.test.mean=   1; time: 0.0 min; memory: 114Mb use, 159Mb max
[job(1007): 2016-09-10 00:23:09] 
[job(1007): 2016-09-10 00:23:09] optimisation start
[job(1007): 2016-09-10 00:23:09] ------------------
[job(1007): 2016-09-10 00:23:09] * estimation method   : MLE 
[job(1007): 2016-09-10 00:23:09] * optimisation method : BFGS 
[job(1007): 2016-09-10 00:23:09] * analytical gradient : used
[job(1007): 2016-09-10 00:23:09] * trend model : ~1
[job(1007): 2016-09-10 00:23:09] * covariance model : 
[job(1007): 2016-09-10 00:23:09]   - type :  matern5_2 
[job(1007): 2016-09-10 00:23:09]   - nugget : NO
[job(1007): 2016-09-10 00:23:09]   - parameters lower bounds :  1e-10 1e-10 
[job(1007): 2016-09-10 00:23:09]   - parameters upper bounds :  43.05504 41.05804 
[job(1007): 2016-09-10 00:23:09]   - best initial criterion value(s) :  3.006723 
[job(1007): 2016-09-10 00:23:09] 
[job(1007): 2016-09-10 00:23:09] N = 2, M = 5 machine precision = 2.22045e-16
[job(1007): 2016-09-10 00:23:09] At X0, 0 variables are exactly at the bounds
[job(1007): 2016-09-10 00:23:09] At iterate     0  f=      -3.0067  |proj g|=      0.21104
[job(1007): 2016-09-10 00:23:09] At iterate     1  f =      -3.0512  |proj g|=       0.20652
[job(1007): 2016-09-10 00:23:09] At iterate     2  f =      -3.6775  |proj g|=       0.14689
[job(1007): 2016-09-10 00:23:09] At iterate     3  f =      -4.4384  |proj g|=      0.021588
[job(1007): 2016-09-10 00:23:09] At iterate     4  f =      -4.4414  |proj g|=      0.062419
[job(1007): 2016-09-10 00:23:09] At iterate     5  f =      -4.4765  |proj g|=      0.035529
[job(1007): 2016-09-10 00:23:09] At iterate     6  f =      -4.5527  |proj g|=      0.065587
[job(1007): 2016-09-10 00:23:09] At iterate     7  f =      -4.5604  |proj g|=      0.018009
[job(1007): 2016-09-10 00:23:09] At iterate     8  f =      -4.5611  |proj g|=     0.0010284
[job(1007): 2016-09-10 00:23:09] At iterate     9  f =      -4.5611  |proj g|=     1.915e-05
[job(1007): 2016-09-10 00:23:09] At iterate    10  f =      -4.5611  |proj g|=    2.1423e-08
[job(1007): 2016-09-10 00:23:09] 
[job(1007): 2016-09-10 00:23:09] iterations 10
[job(1007): 2016-09-10 00:23:09] function evaluations 14
[job(1007): 2016-09-10 00:23:09] segments explored during Cauchy searches 10
[job(1007): 2016-09-10 00:23:09] BFGS updates skipped 0
[job(1007): 2016-09-10 00:23:09] active bounds at final generalized Cauchy point 1
[job(1007): 2016-09-10 00:23:09] norm of the final projected gradient 2.14232e-08
[job(1007): 2016-09-10 00:23:09] final function value -4.56111
[job(1007): 2016-09-10 00:23:09] 
[job(1007): 2016-09-10 00:23:09] F = -4.56111
[job(1007): 2016-09-10 00:23:09] final  value -4.561112 
[job(1007): 2016-09-10 00:23:09] converged
[job(1007): 2016-09-10 00:23:09] [Tune-x] 9: C=4.09e+03; sigma=9.97
[job(1007): 2016-09-10 00:23:09] [Tune-y] 9: acc.test.mean=0.995; time: 0.1 min; memory: 117Mb use, 188Mb max
[job(1007): 2016-09-10 00:23:09] 
[job(1007): 2016-09-10 00:23:09] optimisation start
[job(1007): 2016-09-10 00:23:09] ------------------
[job(1007): 2016-09-10 00:23:09] * estimation method   : MLE 
[job(1007): 2016-09-10 00:23:09] * optimisation method : BFGS 
[job(1007): 2016-09-10 00:23:09] * analytical gradient : used
[job(1007): 2016-09-10 00:23:09] * trend model : ~1
[job(1007): 2016-09-10 00:23:09] * covariance model : 
[job(1007): 2016-09-10 00:23:09]   - type :  matern5_2 
[job(1007): 2016-09-10 00:23:09]   - nugget : NO
[job(1007): 2016-09-10 00:23:09]   - parameters lower bounds :  1e-10 1e-10 
[job(1007): 2016-09-10 00:23:09]   - parameters upper bounds :  45.5088 41.05804 
[job(1007): 2016-09-10 00:23:09]   - best initial criterion value(s) :  5.193199 
[job(1007): 2016-09-10 00:23:09] 
[job(1007): 2016-09-10 00:23:09] N = 2, M = 5 machine precision = 2.22045e-16
[job(1007): 2016-09-10 00:23:09] At X0, 0 variables are exactly at the bounds
[job(1007): 2016-09-10 00:23:09] At iterate     0  f=      -5.1932  |proj g|=      0.38859
[job(1007): 2016-09-10 00:23:09] At iterate     1  f =      -5.3365  |proj g|=       0.34199
[job(1007): 2016-09-10 00:23:09] At iterate     2  f =      -5.6056  |proj g|=      0.051685
[job(1007): 2016-09-10 00:23:09] At iterate     3  f =      -5.6204  |proj g|=      0.065785
[job(1007): 2016-09-10 00:23:09] At iterate     4  f =      -5.8602  |proj g|=      0.074734
[job(1007): 2016-09-10 00:23:09] At iterate     5  f =      -6.3129  |proj g|=      0.036045
[job(1007): 2016-09-10 00:23:09] At iterate     6  f =       -6.314  |proj g|=    0.00048652
[job(1007): 2016-09-10 00:23:09] At iterate     7  f =       -6.314  |proj g|=    5.8302e-06
[job(1007): 2016-09-10 00:23:09] At iterate     8  f =       -6.314  |proj g|=     9.852e-10
[job(1007): 2016-09-10 00:23:09] 
[job(1007): 2016-09-10 00:23:09] iterations 8
[job(1007): 2016-09-10 00:23:09] function evaluations 12
[job(1007): 2016-09-10 00:23:09] segments explored during Cauchy searches 8
[job(1007): 2016-09-10 00:23:09] BFGS updates skipped 0
[job(1007): 2016-09-10 00:23:09] active bounds at final generalized Cauchy point 1
[job(1007): 2016-09-10 00:23:09] norm of the final projected gradient 9.852e-10
[job(1007): 2016-09-10 00:23:09] final function value -6.31402
[job(1007): 2016-09-10 00:23:09] 
[job(1007): 2016-09-10 00:23:09] F = -6.31402
[job(1007): 2016-09-10 00:23:09] final  value -6.314017 
[job(1007): 2016-09-10 00:23:09] converged
[job(1007): 2016-09-10 00:23:09] [Tune-x] 10: C=4.89; sigma=0.00132
[job(1007): 2016-09-10 00:23:09] [Tune-y] 10: acc.test.mean=   1; time: 0.1 min; memory: 117Mb use, 190Mb max
[job(1007): 2016-09-10 00:23:09] 
[job(1007): 2016-09-10 00:23:09] optimisation start
[job(1007): 2016-09-10 00:23:09] ------------------
[job(1007): 2016-09-10 00:23:09] * estimation method   : MLE 
[job(1007): 2016-09-10 00:23:09] * optimisation method : BFGS 
[job(1007): 2016-09-10 00:23:09] * analytical gradient : used
[job(1007): 2016-09-10 00:23:09] * trend model : ~1
[job(1007): 2016-09-10 00:23:09] * covariance model : 
[job(1007): 2016-09-10 00:23:09]   - type :  matern5_2 
[job(1007): 2016-09-10 00:23:09]   - nugget : NO
[job(1007): 2016-09-10 00:23:09]   - parameters lower bounds :  1e-10 1e-10 
[job(1007): 2016-09-10 00:23:09]   - parameters upper bounds :  45.5088 41.05804 
[job(1007): 2016-09-10 00:23:09]   - best initial criterion value(s) :  6.964249 
[job(1007): 2016-09-10 00:23:09] 
[job(1007): 2016-09-10 00:23:09] N = 2, M = 5 machine precision = 2.22045e-16
[job(1007): 2016-09-10 00:23:09] At X0, 0 variables are exactly at the bounds
[job(1007): 2016-09-10 00:23:09] At iterate     0  f=      -6.9642  |proj g|=       0.7194
[job(1007): 2016-09-10 00:23:09] At iterate     1  f =      -7.4695  |proj g|=       0.67266
[job(1007): 2016-09-10 00:23:09] At iterate     2  f =      -7.8287  |proj g|=       0.59275
[job(1007): 2016-09-10 00:23:09] At iterate     3  f =      -8.3596  |proj g|=       0.16404
[job(1007): 2016-09-10 00:23:09] At iterate     4  f =      -8.3766  |proj g|=       0.14431
[job(1007): 2016-09-10 00:23:09] At iterate     5  f =      -8.3912  |proj g|=      0.034707
[job(1007): 2016-09-10 00:23:09] At iterate     6  f =      -8.4476  |proj g|=      0.035683
[job(1007): 2016-09-10 00:23:09] At iterate     7  f =      -8.4485  |proj g|=      0.012701
[job(1007): 2016-09-10 00:23:09] At iterate     8  f =      -8.4486  |proj g|=    0.00019446
[job(1007): 2016-09-10 00:23:09] At iterate     9  f =      -8.4486  |proj g|=    1.0216e-06
[job(1007): 2016-09-10 00:23:09] At iterate    10  f =      -8.4486  |proj g|=    8.1112e-11
[job(1007): 2016-09-10 00:23:09] 
[job(1007): 2016-09-10 00:23:09] iterations 10
[job(1007): 2016-09-10 00:23:09] function evaluations 16
[job(1007): 2016-09-10 00:23:09] segments explored during Cauchy searches 11
[job(1007): 2016-09-10 00:23:09] BFGS updates skipped 0
[job(1007): 2016-09-10 00:23:09] active bounds at final generalized Cauchy point 1
[job(1007): 2016-09-10 00:23:09] norm of the final projected gradient 8.11118e-11
[job(1007): 2016-09-10 00:23:09] final function value -8.44863
[job(1007): 2016-09-10 00:23:09] 
[job(1007): 2016-09-10 00:23:09] F = -8.44863
[job(1007): 2016-09-10 00:23:09] final  value -8.448632 
[job(1007): 2016-09-10 00:23:09] converged
[job(1007): 2016-09-10 00:23:09] [Tune-x] 11: C=0.315; sigma=0.000594
[job(1007): 2016-09-10 00:23:09] [Tune-y] 11: acc.test.mean=   1; time: 0.2 min; memory: 117Mb use, 190Mb max
[job(1007): 2016-09-10 00:23:09] 
[job(1007): 2016-09-10 00:23:09] optimisation start
[job(1007): 2016-09-10 00:23:09] ------------------
[job(1007): 2016-09-10 00:23:09] * estimation method   : MLE 
[job(1007): 2016-09-10 00:23:09] * optimisation method : BFGS 
[job(1007): 2016-09-10 00:23:09] * analytical gradient : used
[job(1007): 2016-09-10 00:23:09] * trend model : ~1
[job(1007): 2016-09-10 00:23:09] * covariance model : 
[job(1007): 2016-09-10 00:23:09]   - type :  matern5_2 
[job(1007): 2016-09-10 00:23:09]   - nugget : NO
[job(1007): 2016-09-10 00:23:09]   - parameters lower bounds :  1e-10 1e-10 
[job(1007): 2016-09-10 00:23:09]   - parameters upper bounds :  45.5088 41.05804 
[job(1007): 2016-09-10 00:23:09]   - best initial criterion value(s) :  7.876801 
[job(1007): 2016-09-10 00:23:09] 
[job(1007): 2016-09-10 00:23:09] N = 2, M = 5 machine precision = 2.22045e-16
[job(1007): 2016-09-10 00:23:09] At X0, 0 variables are exactly at the bounds
[job(1007): 2016-09-10 00:23:09] At iterate     0  f=      -7.8768  |proj g|=      0.71188
[job(1007): 2016-09-10 00:23:09] At iterate     1  f =      -8.3955  |proj g|=       0.73885
[job(1007): 2016-09-10 00:23:09] ys=-1.951e-02  -gs= 5.078e-01, BFGS update SKIPPED
[job(1007): 2016-09-10 00:23:09] At iterate     2  f =      -10.379  |proj g|=       0.11168
[job(1007): 2016-09-10 00:23:09] At iterate     3  f =      -10.394  |proj g|=      0.060667
[job(1007): 2016-09-10 00:23:09] At iterate     4  f =      -10.598  |proj g|=      0.054229
[job(1007): 2016-09-10 00:23:09] At iterate     5  f =      -10.817  |proj g|=       0.11042
[job(1007): 2016-09-10 00:23:09] At iterate     6  f =      -10.825  |proj g|=     0.0043236
[job(1007): 2016-09-10 00:23:09] At iterate     7  f =      -10.825  |proj g|=    0.00016075
[job(1007): 2016-09-10 00:23:09] At iterate     8  f =      -10.825  |proj g|=    2.5799e-07
[job(1007): 2016-09-10 00:23:09] 
[job(1007): 2016-09-10 00:23:09] iterations 8
[job(1007): 2016-09-10 00:23:09] function evaluations 13
[job(1007): 2016-09-10 00:23:09] segments explored during Cauchy searches 8
[job(1007): 2016-09-10 00:23:09] BFGS updates skipped 1
[job(1007): 2016-09-10 00:23:09] active bounds at final generalized Cauchy point 1
[job(1007): 2016-09-10 00:23:09] norm of the final projected gradient 2.57995e-07
[job(1007): 2016-09-10 00:23:09] final function value -10.8253
[job(1007): 2016-09-10 00:23:09] 
[job(1007): 2016-09-10 00:23:09] F = -10.8253
[job(1007): 2016-09-10 00:23:09] final  value -10.825295 
[job(1007): 2016-09-10 00:23:09] converged
[job(1007): 2016-09-10 00:23:09] [Tune-x] 12: C=4.1e+03; sigma=18.6
[job(1007): 2016-09-10 00:23:09] [Tune-y] 12: acc.test.mean=0.995; time: 0.1 min; memory: 117Mb use, 190Mb max
[job(1007): 2016-09-10 00:23:09] 
[job(1007): 2016-09-10 00:23:09] optimisation start
[job(1007): 2016-09-10 00:23:09] ------------------
[job(1007): 2016-09-10 00:23:09] * estimation method   : MLE 
[job(1007): 2016-09-10 00:23:09] * optimisation method : BFGS 
[job(1007): 2016-09-10 00:23:09] * analytical gradient : used
[job(1007): 2016-09-10 00:23:09] * trend model : ~1
[job(1007): 2016-09-10 00:23:09] * covariance model : 
[job(1007): 2016-09-10 00:23:09]   - type :  matern5_2 
[job(1007): 2016-09-10 00:23:09]   - nugget : NO
[job(1007): 2016-09-10 00:23:09]   - parameters lower bounds :  1e-10 1e-10 
[job(1007): 2016-09-10 00:23:09]   - parameters upper bounds :  45.50915 41.05804 
[job(1007): 2016-09-10 00:23:09]   - best initial criterion value(s) :  13.21587 
[job(1007): 2016-09-10 00:23:09] 
[job(1007): 2016-09-10 00:23:09] N = 2, M = 5 machine precision = 2.22045e-16
[job(1007): 2016-09-10 00:23:09] At X0, 0 variables are exactly at the bounds
[job(1007): 2016-09-10 00:23:09] At iterate     0  f=      -13.216  |proj g|=       1.3161
[job(1007): 2016-09-10 00:23:09] At iterate     1  f =       -14.01  |proj g|=      0.055937
[job(1007): 2016-09-10 00:23:09] At iterate     2  f =      -14.024  |proj g|=       0.05513
[job(1007): 2016-09-10 00:23:09] At iterate     3  f =      -14.064  |proj g|=       0.17407
[job(1007): 2016-09-10 00:23:09] At iterate     4  f =      -14.164  |proj g|=        0.3692
[job(1007): 2016-09-10 00:23:09] At iterate     5  f =      -14.208  |proj g|=       0.24802
[job(1007): 2016-09-10 00:23:09] At iterate     6  f =      -14.242  |proj g|=      0.022522
[job(1007): 2016-09-10 00:23:09] At iterate     7  f =      -14.242  |proj g|=     0.0017098
[job(1007): 2016-09-10 00:23:09] At iterate     8  f =      -14.242  |proj g|=    1.4083e-05
[job(1007): 2016-09-10 00:23:09] At iterate     9  f =      -14.242  |proj g|=    8.9637e-09
[job(1007): 2016-09-10 00:23:09] 
[job(1007): 2016-09-10 00:23:09] iterations 9
[job(1007): 2016-09-10 00:23:09] function evaluations 11
[job(1007): 2016-09-10 00:23:09] segments explored during Cauchy searches 9
[job(1007): 2016-09-10 00:23:09] BFGS updates skipped 0
[job(1007): 2016-09-10 00:23:09] active bounds at final generalized Cauchy point 1
[job(1007): 2016-09-10 00:23:09] norm of the final projected gradient 8.96369e-09
[job(1007): 2016-09-10 00:23:09] final function value -14.2425
[job(1007): 2016-09-10 00:23:09] 
[job(1007): 2016-09-10 00:23:09] F = -14.2425
[job(1007): 2016-09-10 00:23:09] final  value -14.242499 
[job(1007): 2016-09-10 00:23:09] converged
[job(1007): 2016-09-10 00:23:09] [Tune-x] 13: C=0.0209; sigma=0.0034
[job(1007): 2016-09-10 00:23:09] [Tune-y] 13: acc.test.mean=   1; time: 0.1 min; memory: 117Mb use, 190Mb max
[job(1007): 2016-09-10 00:23:09] 
[job(1007): 2016-09-10 00:23:09] optimisation start
[job(1007): 2016-09-10 00:23:09] ------------------
[job(1007): 2016-09-10 00:23:09] * estimation method   : MLE 
[job(1007): 2016-09-10 00:23:09] * optimisation method : BFGS 
[job(1007): 2016-09-10 00:23:09] * analytical gradient : used
[job(1007): 2016-09-10 00:23:09] * trend model : ~1
[job(1007): 2016-09-10 00:23:09] * covariance model : 
[job(1007): 2016-09-10 00:23:09]   - type :  matern5_2 
[job(1007): 2016-09-10 00:23:09]   - nugget : NO
[job(1007): 2016-09-10 00:23:09]   - parameters lower bounds :  1e-10 1e-10 
[job(1007): 2016-09-10 00:23:09]   - parameters upper bounds :  45.50915 41.05804 
[job(1007): 2016-09-10 00:23:09]   - best initial criterion value(s) :  15.81584 
[job(1007): 2016-09-10 00:23:09] 
[job(1007): 2016-09-10 00:23:09] N = 2, M = 5 machine precision = 2.22045e-16
[job(1007): 2016-09-10 00:23:09] At X0, 0 variables are exactly at the bounds
[job(1007): 2016-09-10 00:23:09] At iterate     0  f=      -15.816  |proj g|=      0.15663
[job(1007): 2016-09-10 00:23:09] At iterate     1  f =      -15.842  |proj g|=      0.087121
[job(1007): 2016-09-10 00:23:09] At iterate     2  f =      -15.882  |proj g|=      0.091141
[job(1007): 2016-09-10 00:23:09] At iterate     3  f =      -15.913  |proj g|=       0.13265
[job(1007): 2016-09-10 00:23:09] At iterate     4  f =      -16.226  |proj g|=       0.67806
[job(1007): 2016-09-10 00:23:09] At iterate     5  f =       -16.61  |proj g|=       0.67559
[job(1007): 2016-09-10 00:23:09] At iterate     6  f =      -17.104  |proj g|=      0.076657
[job(1007): 2016-09-10 00:23:09] At iterate     7  f =      -17.107  |proj g|=      0.014442
[job(1007): 2016-09-10 00:23:09] At iterate     8  f =      -17.107  |proj g|=    0.00045735
[job(1007): 2016-09-10 00:23:09] At iterate     9  f =      -17.107  |proj g|=    2.5666e-06
[job(1007): 2016-09-10 00:23:09] At iterate    10  f =      -17.107  |proj g|=    4.5112e-10
[job(1007): 2016-09-10 00:23:09] 
[job(1007): 2016-09-10 00:23:09] iterations 10
[job(1007): 2016-09-10 00:23:09] function evaluations 11
[job(1007): 2016-09-10 00:23:09] segments explored during Cauchy searches 10
[job(1007): 2016-09-10 00:23:09] BFGS updates skipped 0
[job(1007): 2016-09-10 00:23:09] active bounds at final generalized Cauchy point 1
[job(1007): 2016-09-10 00:23:09] norm of the final projected gradient 4.51115e-10
[job(1007): 2016-09-10 00:23:09] final function value -17.1073
[job(1007): 2016-09-10 00:23:09] 
[job(1007): 2016-09-10 00:23:09] F = -17.1073
[job(1007): 2016-09-10 00:23:09] final  value -17.107328 
[job(1007): 2016-09-10 00:23:09] converged
[job(1007): 2016-09-10 00:23:09] [Tune-x] 14: C=13.3; sigma=0.000616
[job(1007): 2016-09-10 00:23:09] [Tune-y] 14: acc.test.mean=   1; time: 0.2 min; memory: 117Mb use, 190Mb max
[job(1007): 2016-09-10 00:23:09] 
[job(1007): 2016-09-10 00:23:09] optimisation start
[job(1007): 2016-09-10 00:23:09] ------------------
[job(1007): 2016-09-10 00:23:09] * estimation method   : MLE 
[job(1007): 2016-09-10 00:23:09] * optimisation method : BFGS 
[job(1007): 2016-09-10 00:23:09] * analytical gradient : used
[job(1007): 2016-09-10 00:23:09] * trend model : ~1
[job(1007): 2016-09-10 00:23:09] * covariance model : 
[job(1007): 2016-09-10 00:23:09]   - type :  matern5_2 
[job(1007): 2016-09-10 00:23:09]   - nugget : NO
[job(1007): 2016-09-10 00:23:09]   - parameters lower bounds :  1e-10 1e-10 
[job(1007): 2016-09-10 00:23:09]   - parameters upper bounds :  45.50915 41.05804 
[job(1007): 2016-09-10 00:23:09]   - best initial criterion value(s) :  18.91936 
[job(1007): 2016-09-10 00:23:09] 
[job(1007): 2016-09-10 00:23:09] N = 2, M = 5 machine precision = 2.22045e-16
[job(1007): 2016-09-10 00:23:09] At X0, 0 variables are exactly at the bounds
[job(1007): 2016-09-10 00:23:09] At iterate     0  f=      -18.919  |proj g|=       0.2174
[job(1007): 2016-09-10 00:23:09] At iterate     1  f =      -18.981  |proj g|=       0.15205
[job(1007): 2016-09-10 00:23:09] At iterate     2  f =      -19.104  |proj g|=       0.12567
[job(1007): 2016-09-10 00:23:09] At iterate     3  f =      -19.229  |proj g|=       0.17277
[job(1007): 2016-09-10 00:23:09] At iterate     4  f =       -19.59  |proj g|=       0.37584
[job(1007): 2016-09-10 00:23:09] At iterate     5  f =      -21.188  |proj g|=       0.48585
[job(1007): 2016-09-10 00:23:09] At iterate     6  f =      -21.361  |proj g|=       0.22336
[job(1007): 2016-09-10 00:23:09] At iterate     7  f =      -21.392  |proj g|=      0.088476
[job(1007): 2016-09-10 00:23:09] At iterate     8  f =      -21.396  |proj g|=     0.0089695
[job(1007): 2016-09-10 00:23:09] At iterate     9  f =      -21.396  |proj g|=     0.0003032
[job(1007): 2016-09-10 00:23:09] At iterate    10  f =      -21.396  |proj g|=     1.107e-06
[job(1007): 2016-09-10 00:23:09] At iterate    11  f =      -21.396  |proj g|=    1.3569e-10
[job(1007): 2016-09-10 00:23:09] 
[job(1007): 2016-09-10 00:23:09] iterations 11
[job(1007): 2016-09-10 00:23:09] function evaluations 12
[job(1007): 2016-09-10 00:23:09] segments explored during Cauchy searches 11
[job(1007): 2016-09-10 00:23:09] BFGS updates skipped 0
[job(1007): 2016-09-10 00:23:09] active bounds at final generalized Cauchy point 1
[job(1007): 2016-09-10 00:23:09] norm of the final projected gradient 1.35687e-10
[job(1007): 2016-09-10 00:23:09] final function value -21.3963
[job(1007): 2016-09-10 00:23:09] 
[job(1007): 2016-09-10 00:23:09] F = -21.3963
[job(1007): 2016-09-10 00:23:09] final  value -21.396315 
[job(1007): 2016-09-10 00:23:09] converged
[job(1007): 2016-09-10 00:23:09] [Tune-x] 15: C=0.0296; sigma=0.00182
[job(1007): 2016-09-10 00:23:09] [Tune-y] 15: acc.test.mean=   1; time: 0.1 min; memory: 117Mb use, 190Mb max
[job(1007): 2016-09-10 00:23:09] 
[job(1007): 2016-09-10 00:23:09] optimisation start
[job(1007): 2016-09-10 00:23:09] ------------------
[job(1007): 2016-09-10 00:23:09] * estimation method   : MLE 
[job(1007): 2016-09-10 00:23:09] * optimisation method : BFGS 
[job(1007): 2016-09-10 00:23:09] * analytical gradient : used
[job(1007): 2016-09-10 00:23:09] * trend model : ~1
[job(1007): 2016-09-10 00:23:09] * covariance model : 
[job(1007): 2016-09-10 00:23:09]   - type :  matern5_2 
[job(1007): 2016-09-10 00:23:09]   - nugget : NO
[job(1007): 2016-09-10 00:23:09]   - parameters lower bounds :  1e-10 1e-10 
[job(1007): 2016-09-10 00:23:09]   - parameters upper bounds :  45.50915 41.05804 
[job(1007): 2016-09-10 00:23:09]   - best initial criterion value(s) :  22.67653 
[job(1007): 2016-09-10 00:23:09] 
[job(1007): 2016-09-10 00:23:09] N = 2, M = 5 machine precision = 2.22045e-16
[job(1007): 2016-09-10 00:23:09] At X0, 0 variables are exactly at the bounds
[job(1007): 2016-09-10 00:23:09] At iterate     0  f=      -22.677  |proj g|=      0.82679
[job(1007): 2016-09-10 00:23:09] At iterate     1  f =      -23.114  |proj g|=       0.19976
[job(1007): 2016-09-10 00:23:09] At iterate     2  f =      -23.198  |proj g|=       0.15707
[job(1007): 2016-09-10 00:23:09] At iterate     3  f =      -23.295  |proj g|=       0.14032
[job(1007): 2016-09-10 00:23:09] At iterate     4  f =      -23.458  |proj g|=       0.25972
[job(1007): 2016-09-10 00:23:09] At iterate     5  f =      -23.891  |proj g|=       0.49463
[job(1007): 2016-09-10 00:23:09] At iterate     6  f =      -25.206  |proj g|=       0.69979
[job(1007): 2016-09-10 00:23:09] At iterate     7  f =       -25.49  |proj g|=       0.54996
[job(1007): 2016-09-10 00:23:09] At iterate     8  f =      -25.761  |proj g|=       0.03664
[job(1007): 2016-09-10 00:23:09] At iterate     9  f =      -25.762  |proj g|=      0.014576
[job(1007): 2016-09-10 00:23:09] At iterate    10  f =      -25.762  |proj g|=    0.00021979
[job(1007): 2016-09-10 00:23:09] At iterate    11  f =      -25.762  |proj g|=    1.2842e-06
[job(1007): 2016-09-10 00:23:09] 
[job(1007): 2016-09-10 00:23:09] iterations 11
[job(1007): 2016-09-10 00:23:09] function evaluations 13
[job(1007): 2016-09-10 00:23:09] segments explored during Cauchy searches 11
[job(1007): 2016-09-10 00:23:09] BFGS updates skipped 0
[job(1007): 2016-09-10 00:23:09] active bounds at final generalized Cauchy point 1
[job(1007): 2016-09-10 00:23:09] norm of the final projected gradient 1.28423e-06
[job(1007): 2016-09-10 00:23:09] final function value -25.762
[job(1007): 2016-09-10 00:23:09] 
[job(1007): 2016-09-10 00:23:09] F = -25.762
[job(1007): 2016-09-10 00:23:09] final  value -25.761953 
[job(1007): 2016-09-10 00:23:09] converged
[job(1007): 2016-09-10 00:23:09] [Tune-x] 16: C=5.15; sigma=0.000383
[job(1007): 2016-09-10 00:23:09] [Tune-y] 16: acc.test.mean=0.853; time: 0.4 min; memory: 117Mb use, 190Mb max
[job(1007): 2016-09-10 00:23:09] 
[job(1007): 2016-09-10 00:23:09] optimisation start
[job(1007): 2016-09-10 00:23:09] ------------------
[job(1007): 2016-09-10 00:23:09] * estimation method   : MLE 
[job(1007): 2016-09-10 00:23:09] * optimisation method : BFGS 
[job(1007): 2016-09-10 00:23:09] * analytical gradient : used
[job(1007): 2016-09-10 00:23:09] * trend model : ~1
[job(1007): 2016-09-10 00:23:09] * covariance model : 
[job(1007): 2016-09-10 00:23:09]   - type :  matern5_2 
[job(1007): 2016-09-10 00:23:09]   - nugget : NO
[job(1007): 2016-09-10 00:23:09]   - parameters lower bounds :  1e-10 1e-10 
[job(1007): 2016-09-10 00:23:09]   - parameters upper bounds :  45.50915 41.25295 
[job(1007): 2016-09-10 00:23:09]   - best initial criterion value(s) :  11.28348 
[job(1007): 2016-09-10 00:23:09] 
[job(1007): 2016-09-10 00:23:09] N = 2, M = 5 machine precision = 2.22045e-16
[job(1007): 2016-09-10 00:23:09] At X0, 0 variables are exactly at the bounds
[job(1007): 2016-09-10 00:23:09] At iterate     0  f=      -11.283  |proj g|=       1.3913
[job(1007): 2016-09-10 00:23:09] At iterate     1  f =      -11.526  |proj g|=        1.1567
[job(1007): 2016-09-10 00:23:09] At iterate     2  f =      -11.884  |proj g|=       0.17348
[job(1007): 2016-09-10 00:23:09] At iterate     3  f =      -11.955  |proj g|=       0.16716
[job(1007): 2016-09-10 00:23:09] At iterate     4  f =      -12.122  |proj g|=       0.43397
[job(1007): 2016-09-10 00:23:09] At iterate     5  f =      -12.205  |proj g|=       0.21676
[job(1007): 2016-09-10 00:23:09] At iterate     6  f =      -12.215  |proj g|=     0.0045916
[job(1007): 2016-09-10 00:23:09] At iterate     7  f =      -12.215  |proj g|=    3.8436e-05
[job(1007): 2016-09-10 00:23:09] At iterate     8  f =      -12.215  |proj g|=    2.1975e-06
[job(1007): 2016-09-10 00:23:09] 
[job(1007): 2016-09-10 00:23:09] iterations 8
[job(1007): 2016-09-10 00:23:09] function evaluations 10
[job(1007): 2016-09-10 00:23:09] segments explored during Cauchy searches 8
[job(1007): 2016-09-10 00:23:09] BFGS updates skipped 0
[job(1007): 2016-09-10 00:23:09] active bounds at final generalized Cauchy point 0
[job(1007): 2016-09-10 00:23:09] norm of the final projected gradient 2.19752e-06
[job(1007): 2016-09-10 00:23:09] final function value -12.2152
[job(1007): 2016-09-10 00:23:09] 
[job(1007): 2016-09-10 00:23:09] F = -12.2152
[job(1007): 2016-09-10 00:23:09] final  value -12.215155 
[job(1007): 2016-09-10 00:23:09] converged
[job(1007): 2016-09-10 00:23:09] [Tune-x] 17: C=4.09e+03; sigma=0.000729
[job(1007): 2016-09-10 00:23:09] [Tune-y] 17: acc.test.mean=0.851; time: 0.2 min; memory: 117Mb use, 190Mb max
[job(1007): 2016-09-10 00:23:09] 
[job(1007): 2016-09-10 00:23:09] optimisation start
[job(1007): 2016-09-10 00:23:09] ------------------
[job(1007): 2016-09-10 00:23:09] * estimation method   : MLE 
[job(1007): 2016-09-10 00:23:09] * optimisation method : BFGS 
[job(1007): 2016-09-10 00:23:09] * analytical gradient : used
[job(1007): 2016-09-10 00:23:09] * trend model : ~1
[job(1007): 2016-09-10 00:23:09] * covariance model : 
[job(1007): 2016-09-10 00:23:09]   - type :  matern5_2 
[job(1007): 2016-09-10 00:23:09]   - nugget : NO
[job(1007): 2016-09-10 00:23:09]   - parameters lower bounds :  1e-10 1e-10 
[job(1007): 2016-09-10 00:23:09]   - parameters upper bounds :  45.50915 41.25295 
[job(1007): 2016-09-10 00:23:09]   - best initial criterion value(s) :  8.269177 
[job(1007): 2016-09-10 00:23:09] 
[job(1007): 2016-09-10 00:23:09] N = 2, M = 5 machine precision = 2.22045e-16
[job(1007): 2016-09-10 00:23:09] At X0, 0 variables are exactly at the bounds
[job(1007): 2016-09-10 00:23:09] At iterate     0  f=      -8.2692  |proj g|=       2.9426
[job(1007): 2016-09-10 00:23:09] At iterate     1  f =      -8.4467  |proj g|=      0.034953
[job(1007): 2016-09-10 00:23:09] At iterate     2  f =      -8.4468  |proj g|=      0.035105
[job(1007): 2016-09-10 00:23:09] At iterate     3  f =      -8.4469  |proj g|=      0.037255
[job(1007): 2016-09-10 00:23:09] At iterate     4  f =      -8.4474  |proj g|=       0.10989
[job(1007): 2016-09-10 00:23:09] At iterate     5  f =      -8.4484  |proj g|=       0.21928
[job(1007): 2016-09-10 00:23:09] At iterate     6  f =      -8.4512  |proj g|=       0.40319
[job(1007): 2016-09-10 00:23:09] At iterate     7  f =      -8.4584  |proj g|=        0.5461
[job(1007): 2016-09-10 00:23:09] At iterate     8  f =      -8.4778  |proj g|=       0.56944
[job(1007): 2016-09-10 00:23:09] At iterate     9  f =      -8.5328  |proj g|=        0.6132
[job(1007): 2016-09-10 00:23:09] At iterate    10  f =      -9.8802  |proj g|=        1.0602
[job(1007): 2016-09-10 00:23:09] At iterate    11  f =      -9.8806  |proj g|=             1
[job(1007): 2016-09-10 00:23:09] At iterate    12  f =      -10.107  |proj g|=        1.2354
[job(1007): 2016-09-10 00:23:09] At iterate    13  f =      -10.307  |proj g|=        1.4315
[job(1007): 2016-09-10 00:23:09] At iterate    14  f =      -10.654  |proj g|=        0.8587
[job(1007): 2016-09-10 00:23:09] At iterate    15  f =      -11.035  |proj g|=       0.21248
[job(1007): 2016-09-10 00:23:09] At iterate    16  f =      -11.159  |proj g|=       0.17899
[job(1007): 2016-09-10 00:23:09] At iterate    17  f =       -11.25  |proj g|=       0.36903
[job(1007): 2016-09-10 00:23:09] At iterate    18  f =      -11.289  |proj g|=       0.37187
[job(1007): 2016-09-10 00:23:09] At iterate    19  f =      -11.389  |proj g|=       0.25486
[job(1007): 2016-09-10 00:23:09] At iterate    20  f =      -11.513  |proj g|=      0.054833
[job(1007): 2016-09-10 00:23:09] At iterate    21  f =      -11.515  |proj g|=      0.023161
[job(1007): 2016-09-10 00:23:09] At iterate    22  f =      -11.516  |proj g|=    0.00087103
[job(1007): 2016-09-10 00:23:09] At iterate    23  f =      -11.516  |proj g|=    2.2335e-05
[job(1007): 2016-09-10 00:23:09] At iterate    24  f =      -11.516  |proj g|=    7.0955e-07
[job(1007): 2016-09-10 00:23:09] 
[job(1007): 2016-09-10 00:23:09] iterations 24
[job(1007): 2016-09-10 00:23:09] function evaluations 39
[job(1007): 2016-09-10 00:23:09] segments explored during Cauchy searches 24
[job(1007): 2016-09-10 00:23:09] BFGS updates skipped 0
[job(1007): 2016-09-10 00:23:09] active bounds at final generalized Cauchy point 0
[job(1007): 2016-09-10 00:23:09] norm of the final projected gradient 7.09551e-07
[job(1007): 2016-09-10 00:23:09] final function value -11.5157
[job(1007): 2016-09-10 00:23:09] 
[job(1007): 2016-09-10 00:23:09] F = -11.5157
[job(1007): 2016-09-10 00:23:09] final  value -11.515721 
[job(1007): 2016-09-10 00:23:09] converged
[job(1007): 2016-09-10 00:23:09] [Tune-x] 18: C=41.3; sigma=0.00233
[job(1007): 2016-09-10 00:23:09] [Tune-y] 18: acc.test.mean=   1; time: 0.1 min; memory: 117Mb use, 190Mb max
[job(1007): 2016-09-10 00:23:09] 
[job(1007): 2016-09-10 00:23:09] optimisation start
[job(1007): 2016-09-10 00:23:09] ------------------
[job(1007): 2016-09-10 00:23:09] * estimation method   : MLE 
[job(1007): 2016-09-10 00:23:09] * optimisation method : BFGS 
[job(1007): 2016-09-10 00:23:09] * analytical gradient : used
[job(1007): 2016-09-10 00:23:09] * trend model : ~1
[job(1007): 2016-09-10 00:23:09] * covariance model : 
[job(1007): 2016-09-10 00:23:09]   - type :  matern5_2 
[job(1007): 2016-09-10 00:23:09]   - nugget : NO
[job(1007): 2016-09-10 00:23:09]   - parameters lower bounds :  1e-10 1e-10 
[job(1007): 2016-09-10 00:23:09]   - parameters upper bounds :  45.50915 41.25295 
[job(1007): 2016-09-10 00:23:09]   - best initial criterion value(s) :  9.290901 
[job(1007): 2016-09-10 00:23:09] 
[job(1007): 2016-09-10 00:23:09] N = 2, M = 5 machine precision = 2.22045e-16
[job(1007): 2016-09-10 00:23:09] At X0, 0 variables are exactly at the bounds
[job(1007): 2016-09-10 00:23:09] At iterate     0  f=      -9.2909  |proj g|=      0.84671
[job(1007): 2016-09-10 00:23:09] At iterate     1  f =      -10.078  |proj g|=       0.49155
[job(1007): 2016-09-10 00:23:09] At iterate     2  f =      -11.022  |proj g|=       0.54449
[job(1007): 2016-09-10 00:23:09] At iterate     3  f =      -12.288  |proj g|=        0.3417
[job(1007): 2016-09-10 00:23:09] At iterate     4  f =      -12.321  |proj g|=       0.29223
[job(1007): 2016-09-10 00:23:09] At iterate     5  f =      -12.406  |proj g|=       0.19904
[job(1007): 2016-09-10 00:23:09] At iterate     6  f =      -12.481  |proj g|=      0.075053
[job(1007): 2016-09-10 00:23:09] At iterate     7  f =      -12.483  |proj g|=      0.011308
[job(1007): 2016-09-10 00:23:09] At iterate     8  f =      -12.483  |proj g|=     0.0001783
[job(1007): 2016-09-10 00:23:09] At iterate     9  f =      -12.483  |proj g|=    2.1899e-06
[job(1007): 2016-09-10 00:23:09] At iterate    10  f =      -12.483  |proj g|=    2.4007e-08
[job(1007): 2016-09-10 00:23:09] 
[job(1007): 2016-09-10 00:23:09] iterations 10
[job(1007): 2016-09-10 00:23:09] function evaluations 14
[job(1007): 2016-09-10 00:23:09] segments explored during Cauchy searches 10
[job(1007): 2016-09-10 00:23:09] BFGS updates skipped 0
[job(1007): 2016-09-10 00:23:09] active bounds at final generalized Cauchy point 0
[job(1007): 2016-09-10 00:23:09] norm of the final projected gradient 2.40066e-08
[job(1007): 2016-09-10 00:23:09] final function value -12.483
[job(1007): 2016-09-10 00:23:09] 
[job(1007): 2016-09-10 00:23:09] F = -12.483
[job(1007): 2016-09-10 00:23:09] final  value -12.483016 
[job(1007): 2016-09-10 00:23:09] converged
[job(1007): 2016-09-10 00:23:09] [Tune-x] 19: C=65.7; sigma=0.000848
[job(1007): 2016-09-10 00:23:09] [Tune-y] 19: acc.test.mean=   1; time: 0.1 min; memory: 117Mb use, 190Mb max
[job(1007): 2016-09-10 00:23:09] 
[job(1007): 2016-09-10 00:23:09] optimisation start
[job(1007): 2016-09-10 00:23:09] ------------------
[job(1007): 2016-09-10 00:23:09] * estimation method   : MLE 
[job(1007): 2016-09-10 00:23:09] * optimisation method : BFGS 
[job(1007): 2016-09-10 00:23:09] * analytical gradient : used
[job(1007): 2016-09-10 00:23:09] * trend model : ~1
[job(1007): 2016-09-10 00:23:09] * covariance model : 
[job(1007): 2016-09-10 00:23:09]   - type :  matern5_2 
[job(1007): 2016-09-10 00:23:09]   - nugget : NO
[job(1007): 2016-09-10 00:23:09]   - parameters lower bounds :  1e-10 1e-10 
[job(1007): 2016-09-10 00:23:09]   - parameters upper bounds :  45.50915 41.25295 
[job(1007): 2016-09-10 00:23:09]   - best initial criterion value(s) :  13.63116 
[job(1007): 2016-09-10 00:23:09] 
[job(1007): 2016-09-10 00:23:09] N = 2, M = 5 machine precision = 2.22045e-16
[job(1007): 2016-09-10 00:23:09] At X0, 0 variables are exactly at the bounds
[job(1007): 2016-09-10 00:23:09] At iterate     0  f=      -13.631  |proj g|=      0.47505
[job(1007): 2016-09-10 00:23:09] At iterate     1  f =      -13.739  |proj g|=      0.031422
[job(1007): 2016-09-10 00:23:09] At iterate     2  f =       -13.74  |proj g|=      0.018303
[job(1007): 2016-09-10 00:23:09] At iterate     3  f =      -13.741  |proj g|=     0.0065261
[job(1007): 2016-09-10 00:23:09] At iterate     4  f =      -13.741  |proj g|=    0.00011848
[job(1007): 2016-09-10 00:23:09] At iterate     5  f =      -13.741  |proj g|=    2.1587e-06
[job(1007): 2016-09-10 00:23:09] 
[job(1007): 2016-09-10 00:23:09] iterations 5
[job(1007): 2016-09-10 00:23:09] function evaluations 6
[job(1007): 2016-09-10 00:23:09] segments explored during Cauchy searches 5
[job(1007): 2016-09-10 00:23:09] BFGS updates skipped 0
[job(1007): 2016-09-10 00:23:09] active bounds at final generalized Cauchy point 0
[job(1007): 2016-09-10 00:23:09] norm of the final projected gradient 2.15874e-06
[job(1007): 2016-09-10 00:23:09] final function value -13.7406
[job(1007): 2016-09-10 00:23:09] 
[job(1007): 2016-09-10 00:23:09] F = -13.7406
[job(1007): 2016-09-10 00:23:09] final  value -13.740598 
[job(1007): 2016-09-10 00:23:09] converged
[job(1007): 2016-09-10 00:23:09] [Tune-x] 20: C=0.307; sigma=0.00365
[job(1007): 2016-09-10 00:23:09] [Tune-y] 20: acc.test.mean=0.999; time: 0.1 min; memory: 117Mb use, 190Mb max
[job(1007): 2016-09-10 00:23:09] 
[job(1007): 2016-09-10 00:23:09] optimisation start
[job(1007): 2016-09-10 00:23:09] ------------------
[job(1007): 2016-09-10 00:23:09] * estimation method   : MLE 
[job(1007): 2016-09-10 00:23:09] * optimisation method : BFGS 
[job(1007): 2016-09-10 00:23:09] * analytical gradient : used
[job(1007): 2016-09-10 00:23:09] * trend model : ~1
[job(1007): 2016-09-10 00:23:09] * covariance model : 
[job(1007): 2016-09-10 00:23:09]   - type :  matern5_2 
[job(1007): 2016-09-10 00:23:09]   - nugget : NO
[job(1007): 2016-09-10 00:23:09]   - parameters lower bounds :  1e-10 1e-10 
[job(1007): 2016-09-10 00:23:09]   - parameters upper bounds :  45.50915 41.25295 
[job(1007): 2016-09-10 00:23:09]   - best initial criterion value(s) :  11.65931 
[job(1007): 2016-09-10 00:23:09] 
[job(1007): 2016-09-10 00:23:09] N = 2, M = 5 machine precision = 2.22045e-16
[job(1007): 2016-09-10 00:23:09] At X0, 0 variables are exactly at the bounds
[job(1007): 2016-09-10 00:23:09] At iterate     0  f=      -11.659  |proj g|=       1.8858
[job(1007): 2016-09-10 00:23:09] At iterate     1  f =        -13.2  |proj g|=       0.67629
[job(1007): 2016-09-10 00:23:09] At iterate     2  f =      -14.869  |proj g|=       0.25716
[job(1007): 2016-09-10 00:23:09] At iterate     3  f =      -14.892  |proj g|=       0.10344
[job(1007): 2016-09-10 00:23:09] At iterate     4  f =      -14.893  |proj g|=      0.088816
[job(1007): 2016-09-10 00:23:09] At iterate     5  f =      -14.901  |proj g|=     0.0022334
[job(1007): 2016-09-10 00:23:09] At iterate     6  f =      -14.901  |proj g|=    6.6688e-05
[job(1007): 2016-09-10 00:23:09] At iterate     7  f =      -14.901  |proj g|=    1.5539e-06
[job(1007): 2016-09-10 00:23:09] 
[job(1007): 2016-09-10 00:23:09] iterations 7
[job(1007): 2016-09-10 00:23:09] function evaluations 9
[job(1007): 2016-09-10 00:23:09] segments explored during Cauchy searches 7
[job(1007): 2016-09-10 00:23:09] BFGS updates skipped 0
[job(1007): 2016-09-10 00:23:09] active bounds at final generalized Cauchy point 0
[job(1007): 2016-09-10 00:23:09] norm of the final projected gradient 1.55393e-06
[job(1007): 2016-09-10 00:23:09] final function value -14.901
[job(1007): 2016-09-10 00:23:09] 
[job(1007): 2016-09-10 00:23:09] F = -14.901
[job(1007): 2016-09-10 00:23:09] final  value -14.901047 
[job(1007): 2016-09-10 00:23:09] converged
[job(1007): 2016-09-10 00:23:09] [Tune-x] 21: C=14.8; sigma=0.00168
[job(1007): 2016-09-10 00:23:09] [Tune-y] 21: acc.test.mean=0.862; time: 0.1 min; memory: 117Mb use, 190Mb max
[job(1007): 2016-09-10 00:23:09] 
[job(1007): 2016-09-10 00:23:09] optimisation start
[job(1007): 2016-09-10 00:23:09] ------------------
[job(1007): 2016-09-10 00:23:09] * estimation method   : MLE 
[job(1007): 2016-09-10 00:23:09] * optimisation method : BFGS 
[job(1007): 2016-09-10 00:23:09] * analytical gradient : used
[job(1007): 2016-09-10 00:23:09] * trend model : ~1
[job(1007): 2016-09-10 00:23:09] * covariance model : 
[job(1007): 2016-09-10 00:23:09]   - type :  matern5_2 
[job(1007): 2016-09-10 00:23:09]   - nugget : NO
[job(1007): 2016-09-10 00:23:09]   - parameters lower bounds :  1e-10 1e-10 
[job(1007): 2016-09-10 00:23:09]   - parameters upper bounds :  45.50915 41.25295 
[job(1007): 2016-09-10 00:23:09]   - best initial criterion value(s) :  9.989778 
[job(1007): 2016-09-10 00:23:09] 
[job(1007): 2016-09-10 00:23:09] N = 2, M = 5 machine precision = 2.22045e-16
[job(1007): 2016-09-10 00:23:09] At X0, 0 variables are exactly at the bounds
[job(1007): 2016-09-10 00:23:09] At iterate     0  f=      -9.9898  |proj g|=      0.40011
[job(1007): 2016-09-10 00:23:09] At iterate     1  f =      -11.026  |proj g|=       0.31366
[job(1007): 2016-09-10 00:23:09] At iterate     2  f =      -11.453  |proj g|=       0.27077
[job(1007): 2016-09-10 00:23:09] At iterate     3  f =      -11.999  |proj g|=       0.17472
[job(1007): 2016-09-10 00:23:09] At iterate     4  f =       -12.01  |proj g|=       0.60455
[job(1007): 2016-09-10 00:23:09] At iterate     5  f =      -12.011  |proj g|=      0.081629
[job(1007): 2016-09-10 00:23:09] At iterate     6  f =      -12.016  |proj g|=        0.3374
[job(1007): 2016-09-10 00:23:09] At iterate     7  f =      -12.048  |proj g|=        1.5641
[job(1007): 2016-09-10 00:23:09] At iterate     8  f =      -12.103  |proj g|=        2.7369
[job(1007): 2016-09-10 00:23:09] At iterate     9  f =      -12.179  |proj g|=        2.9087
[job(1007): 2016-09-10 00:23:09] At iterate    10  f =      -12.227  |proj g|=        1.4337
[job(1007): 2016-09-10 00:23:09] At iterate    11  f =      -12.235  |proj g|=       0.25459
[job(1007): 2016-09-10 00:23:09] At iterate    12  f =      -12.236  |proj g|=      0.013715
[job(1007): 2016-09-10 00:23:09] At iterate    13  f =      -12.236  |proj g|=    0.00026752
[job(1007): 2016-09-10 00:23:09] At iterate    14  f =      -12.236  |proj g|=     0.0003099
[job(1007): 2016-09-10 00:23:09] 
[job(1007): 2016-09-10 00:23:09] iterations 14
[job(1007): 2016-09-10 00:23:09] function evaluations 21
[job(1007): 2016-09-10 00:23:09] segments explored during Cauchy searches 16
[job(1007): 2016-09-10 00:23:09] BFGS updates skipped 0
[job(1007): 2016-09-10 00:23:09] active bounds at final generalized Cauchy point 0
[job(1007): 2016-09-10 00:23:09] norm of the final projected gradient 0.000309902
[job(1007): 2016-09-10 00:23:09] final function value -12.2356
[job(1007): 2016-09-10 00:23:09] 
[job(1007): 2016-09-10 00:23:09] F = -12.2356
[job(1007): 2016-09-10 00:23:09] final  value -12.235567 
[job(1007): 2016-09-10 00:23:09] converged
[job(1007): 2016-09-10 00:23:09] [Tune-x] 22: C=4.67; sigma=0.00765
[job(1007): 2016-09-10 00:23:09] [Tune-y] 22: acc.test.mean=0.998; time: 0.0 min; memory: 117Mb use, 190Mb max
[job(1007): 2016-09-10 00:23:09] 
[job(1007): 2016-09-10 00:23:09] optimisation start
[job(1007): 2016-09-10 00:23:09] ------------------
[job(1007): 2016-09-10 00:23:09] * estimation method   : MLE 
[job(1007): 2016-09-10 00:23:09] * optimisation method : BFGS 
[job(1007): 2016-09-10 00:23:09] * analytical gradient : used
[job(1007): 2016-09-10 00:23:09] * trend model : ~1
[job(1007): 2016-09-10 00:23:09] * covariance model : 
[job(1007): 2016-09-10 00:23:09]   - type :  matern5_2 
[job(1007): 2016-09-10 00:23:09]   - nugget : NO
[job(1007): 2016-09-10 00:23:09]   - parameters lower bounds :  1e-10 1e-10 
[job(1007): 2016-09-10 00:23:09]   - parameters upper bounds :  45.50915 41.25295 
[job(1007): 2016-09-10 00:23:09]   - best initial criterion value(s) :  -2.141996 
[job(1007): 2016-09-10 00:23:09] 
[job(1007): 2016-09-10 00:23:09] N = 2, M = 5 machine precision = 2.22045e-16
[job(1007): 2016-09-10 00:23:09] At X0, 0 variables are exactly at the bounds
[job(1007): 2016-09-10 00:23:09] At iterate     0  f=        2.142  |proj g|=       2.4541
[job(1007): 2016-09-10 00:23:09] At iterate     1  f =      -9.4079  |proj g|=             0
[job(1007): 2016-09-10 00:23:09] 
[job(1007): 2016-09-10 00:23:09] iterations 1
[job(1007): 2016-09-10 00:23:09] function evaluations 2
[job(1007): 2016-09-10 00:23:09] segments explored during Cauchy searches 2
[job(1007): 2016-09-10 00:23:09] BFGS updates skipped 0
[job(1007): 2016-09-10 00:23:09] active bounds at final generalized Cauchy point 1
[job(1007): 2016-09-10 00:23:09] norm of the final projected gradient 0
[job(1007): 2016-09-10 00:23:09] final function value -9.40795
[job(1007): 2016-09-10 00:23:09] 
[job(1007): 2016-09-10 00:23:09] F = -9.40795
[job(1007): 2016-09-10 00:23:09] final  value -9.407950 
[job(1007): 2016-09-10 00:23:09] converged
[job(1007): 2016-09-10 00:23:09] [Tune-x] 23: C=19.9; sigma=0.174
[job(1007): 2016-09-10 00:23:09] [Tune-y] 23: acc.test.mean=0.997; time: 0.1 min; memory: 117Mb use, 190Mb max
[job(1007): 2016-09-10 00:23:09] 
[job(1007): 2016-09-10 00:23:09] optimisation start
[job(1007): 2016-09-10 00:23:09] ------------------
[job(1007): 2016-09-10 00:23:09] * estimation method   : MLE 
[job(1007): 2016-09-10 00:23:09] * optimisation method : BFGS 
[job(1007): 2016-09-10 00:23:09] * analytical gradient : used
[job(1007): 2016-09-10 00:23:09] * trend model : ~1
[job(1007): 2016-09-10 00:23:09] * covariance model : 
[job(1007): 2016-09-10 00:23:09]   - type :  matern5_2 
[job(1007): 2016-09-10 00:23:09]   - nugget : NO
[job(1007): 2016-09-10 00:23:09]   - parameters lower bounds :  1e-10 1e-10 
[job(1007): 2016-09-10 00:23:09]   - parameters upper bounds :  45.50915 41.25295 
[job(1007): 2016-09-10 00:23:09]   - best initial criterion value(s) :  -10.38847 
[job(1007): 2016-09-10 00:23:09] 
[job(1007): 2016-09-10 00:23:09] N = 2, M = 5 machine precision = 2.22045e-16
[job(1007): 2016-09-10 00:23:09] At X0, 0 variables are exactly at the bounds
[job(1007): 2016-09-10 00:23:09] At iterate     0  f=       10.388  |proj g|=       2.5025
[job(1007): 2016-09-10 00:23:09] At iterate     1  f =      -10.254  |proj g|=             0
[job(1007): 2016-09-10 00:23:09] 
[job(1007): 2016-09-10 00:23:09] iterations 1
[job(1007): 2016-09-10 00:23:09] function evaluations 2
[job(1007): 2016-09-10 00:23:09] segments explored during Cauchy searches 2
[job(1007): 2016-09-10 00:23:09] BFGS updates skipped 0
[job(1007): 2016-09-10 00:23:09] active bounds at final generalized Cauchy point 1
[job(1007): 2016-09-10 00:23:09] norm of the final projected gradient 0
[job(1007): 2016-09-10 00:23:09] final function value -10.254
[job(1007): 2016-09-10 00:23:09] 
[job(1007): 2016-09-10 00:23:09] F = -10.254
[job(1007): 2016-09-10 00:23:09] final  value -10.254002 
[job(1007): 2016-09-10 00:23:09] converged
[job(1007): 2016-09-10 00:23:09] [Tune-x] 24: C=533; sigma=3.09e+03
[job(1007): 2016-09-10 00:23:09] [Tune-y] 24: acc.test.mean=0.226; time: 0.1 min; memory: 117Mb use, 190Mb max
[job(1007): 2016-09-10 00:23:09] 
[job(1007): 2016-09-10 00:23:09] optimisation start
[job(1007): 2016-09-10 00:23:09] ------------------
[job(1007): 2016-09-10 00:23:09] * estimation method   : MLE 
[job(1007): 2016-09-10 00:23:09] * optimisation method : BFGS 
[job(1007): 2016-09-10 00:23:09] * analytical gradient : used
[job(1007): 2016-09-10 00:23:09] * trend model : ~1
[job(1007): 2016-09-10 00:23:09] * covariance model : 
[job(1007): 2016-09-10 00:23:09]   - type :  matern5_2 
[job(1007): 2016-09-10 00:23:09]   - nugget : NO
[job(1007): 2016-09-10 00:23:09]   - parameters lower bounds :  1e-10 1e-10 
[job(1007): 2016-09-10 00:23:09]   - parameters upper bounds :  45.50915 45.88178 
[job(1007): 2016-09-10 00:23:09]   - best initial criterion value(s) :  7.312774 
[job(1007): 2016-09-10 00:23:09] 
[job(1007): 2016-09-10 00:23:09] N = 2, M = 5 machine precision = 2.22045e-16
[job(1007): 2016-09-10 00:23:09] At X0, 0 variables are exactly at the bounds
[job(1007): 2016-09-10 00:23:09] At iterate     0  f=      -7.3128  |proj g|=       1.2891
[job(1007): 2016-09-10 00:23:09] At iterate     1  f =      -8.6886  |proj g|=        1.0461
[job(1007): 2016-09-10 00:23:09] At iterate     2  f =      -9.2373  |proj g|=       0.15755
[job(1007): 2016-09-10 00:23:09] At iterate     3  f =      -9.2394  |proj g|=       0.15921
[job(1007): 2016-09-10 00:23:09] At iterate     4  f =      -9.2574  |proj g|=       0.34908
[job(1007): 2016-09-10 00:23:09] At iterate     5  f =      -9.2857  |proj g|=       0.74245
[job(1007): 2016-09-10 00:23:09] At iterate     6  f =      -9.3734  |proj g|=       0.90557
[job(1007): 2016-09-10 00:23:09] At iterate     7  f =      -9.5467  |proj g|=       0.99062
[job(1007): 2016-09-10 00:23:09] At iterate     8  f =      -9.9288  |proj g|=        1.0707
[job(1007): 2016-09-10 00:23:09] At iterate     9  f =       -10.42  |proj g|=        1.0292
[job(1007): 2016-09-10 00:23:09] At iterate    10  f =      -10.616  |proj g|=      0.069588
[job(1007): 2016-09-10 00:23:09] At iterate    11  f =      -10.616  |proj g|=     0.0028041
[job(1007): 2016-09-10 00:23:09] At iterate    12  f =      -10.616  |proj g|=    0.00082608
[job(1007): 2016-09-10 00:23:09] At iterate    13  f =      -10.616  |proj g|=     0.0006999
[job(1007): 2016-09-10 00:23:09] 
[job(1007): 2016-09-10 00:23:09] iterations 13
[job(1007): 2016-09-10 00:23:09] function evaluations 15
[job(1007): 2016-09-10 00:23:09] segments explored during Cauchy searches 14
[job(1007): 2016-09-10 00:23:09] BFGS updates skipped 0
[job(1007): 2016-09-10 00:23:09] active bounds at final generalized Cauchy point 0
[job(1007): 2016-09-10 00:23:09] norm of the final projected gradient 0.000699901
[job(1007): 2016-09-10 00:23:09] final function value -10.6159
[job(1007): 2016-09-10 00:23:09] 
[job(1007): 2016-09-10 00:23:09] F = -10.6159
[job(1007): 2016-09-10 00:23:09] final  value -10.615892 
[job(1007): 2016-09-10 00:23:09] converged
[job(1007): 2016-09-10 00:23:09] [Tune-x] 25: C=0.0255; sigma=0.00103
[job(1007): 2016-09-10 00:23:09] [Tune-y] 25: acc.test.mean=   1; time: 0.1 min; memory: 118Mb use, 190Mb max
[job(1007): 2016-09-10 00:23:09] 
[job(1007): 2016-09-10 00:23:09] optimisation start
[job(1007): 2016-09-10 00:23:09] ------------------
[job(1007): 2016-09-10 00:23:09] * estimation method   : MLE 
[job(1007): 2016-09-10 00:23:09] * optimisation method : BFGS 
[job(1007): 2016-09-10 00:23:09] * analytical gradient : used
[job(1007): 2016-09-10 00:23:09] * trend model : ~1
[job(1007): 2016-09-10 00:23:09] * covariance model : 
[job(1007): 2016-09-10 00:23:09]   - type :  matern5_2 
[job(1007): 2016-09-10 00:23:09]   - nugget : NO
[job(1007): 2016-09-10 00:23:09]   - parameters lower bounds :  1e-10 1e-10 
[job(1007): 2016-09-10 00:23:09]   - parameters upper bounds :  45.50915 45.88178 
[job(1007): 2016-09-10 00:23:09]   - best initial criterion value(s) :  8.648825 
[job(1007): 2016-09-10 00:23:09] 
[job(1007): 2016-09-10 00:23:09] N = 2, M = 5 machine precision = 2.22045e-16
[job(1007): 2016-09-10 00:23:09] At X0, 0 variables are exactly at the bounds
[job(1007): 2016-09-10 00:23:09] At iterate     0  f=      -8.6488  |proj g|=       1.0628
[job(1007): 2016-09-10 00:23:09] At iterate     1  f =      -8.7847  |proj g|=       0.17953
[job(1007): 2016-09-10 00:23:09] At iterate     2  f =      -8.7947  |proj g|=        0.2049
[job(1007): 2016-09-10 00:23:09] At iterate     3  f =      -8.8469  |proj g|=       0.57604
[job(1007): 2016-09-10 00:23:09] At iterate     4  f =      -8.8867  |proj g|=       0.49114
[job(1007): 2016-09-10 00:23:09] At iterate     5  f =      -9.0051  |proj g|=       0.26039
[job(1007): 2016-09-10 00:23:09] At iterate     6  f =      -10.007  |proj g|=        2.0579
[job(1007): 2016-09-10 00:23:09] At iterate     7  f =      -10.031  |proj g|=        2.7674
[job(1007): 2016-09-10 00:23:09] At iterate     8  f =      -10.566  |proj g|=        1.0806
[job(1007): 2016-09-10 00:23:09] At iterate     9  f =       -10.76  |proj g|=       0.12169
[job(1007): 2016-09-10 00:23:09] At iterate    10  f =      -10.776  |proj g|=      0.082289
[job(1007): 2016-09-10 00:23:09] At iterate    11  f =      -10.777  |proj g|=      0.012465
[job(1007): 2016-09-10 00:23:09] At iterate    12  f =      -10.777  |proj g|=    0.00086095
[job(1007): 2016-09-10 00:23:09] At iterate    13  f =      -10.777  |proj g|=     1.272e-06
[job(1007): 2016-09-10 00:23:09] 
[job(1007): 2016-09-10 00:23:09] iterations 13
[job(1007): 2016-09-10 00:23:09] function evaluations 18
[job(1007): 2016-09-10 00:23:09] segments explored during Cauchy searches 13
[job(1007): 2016-09-10 00:23:09] BFGS updates skipped 0
[job(1007): 2016-09-10 00:23:09] active bounds at final generalized Cauchy point 0
[job(1007): 2016-09-10 00:23:09] norm of the final projected gradient 1.27201e-06
[job(1007): 2016-09-10 00:23:09] final function value -10.7768
[job(1007): 2016-09-10 00:23:09] 
[job(1007): 2016-09-10 00:23:09] F = -10.7768
[job(1007): 2016-09-10 00:23:09] final  value -10.776760 
[job(1007): 2016-09-10 00:23:09] converged
[job(1007): 2016-09-10 00:23:09] [Tune-x] 26: C=0.213; sigma=0.00259
[job(1007): 2016-09-10 00:23:09] [Tune-y] 26: acc.test.mean=0.999; time: 0.1 min; memory: 118Mb use, 190Mb max
[job(1007): 2016-09-10 00:23:09] 
[job(1007): 2016-09-10 00:23:09] optimisation start
[job(1007): 2016-09-10 00:23:09] ------------------
[job(1007): 2016-09-10 00:23:09] * estimation method   : MLE 
[job(1007): 2016-09-10 00:23:09] * optimisation method : BFGS 
[job(1007): 2016-09-10 00:23:09] * analytical gradient : used
[job(1007): 2016-09-10 00:23:09] * trend model : ~1
[job(1007): 2016-09-10 00:23:09] * covariance model : 
[job(1007): 2016-09-10 00:23:09]   - type :  matern5_2 
[job(1007): 2016-09-10 00:23:09]   - nugget : NO
[job(1007): 2016-09-10 00:23:09]   - parameters lower bounds :  1e-10 1e-10 
[job(1007): 2016-09-10 00:23:09]   - parameters upper bounds :  45.50915 45.88178 
[job(1007): 2016-09-10 00:23:09]   - best initial criterion value(s) :  10.78493 
[job(1007): 2016-09-10 00:23:09] 
[job(1007): 2016-09-10 00:23:09] N = 2, M = 5 machine precision = 2.22045e-16
[job(1007): 2016-09-10 00:23:09] At X0, 0 variables are exactly at the bounds
[job(1007): 2016-09-10 00:23:09] At iterate     0  f=      -10.785  |proj g|=       1.1219
[job(1007): 2016-09-10 00:23:09] At iterate     1  f =      -10.901  |proj g|=       0.10214
[job(1007): 2016-09-10 00:23:09] At iterate     2  f =       -10.91  |proj g|=      0.080781
[job(1007): 2016-09-10 00:23:09] At iterate     3  f =      -10.932  |proj g|=      0.056858
[job(1007): 2016-09-10 00:23:09] At iterate     4  f =      -11.347  |proj g|=        1.5604
[job(1007): 2016-09-10 00:23:09] At iterate     5  f =      -11.347  |proj g|=        1.6133
[job(1007): 2016-09-10 00:23:09] At iterate     6  f =      -11.566  |proj g|=        1.4209
[job(1007): 2016-09-10 00:23:09] At iterate     7  f =      -11.974  |proj g|=      0.072637
[job(1007): 2016-09-10 00:23:09] At iterate     8  f =      -12.034  |proj g|=       0.31655
[job(1007): 2016-09-10 00:23:09] At iterate     9  f =      -12.056  |proj g|=      0.098298
[job(1007): 2016-09-10 00:23:09] At iterate    10  f =       -12.06  |proj g|=      0.074056
[job(1007): 2016-09-10 00:23:09] At iterate    11  f =      -12.061  |proj g|=       0.03001
[job(1007): 2016-09-10 00:23:09] At iterate    12  f =      -12.061  |proj g|=     0.0010089
[job(1007): 2016-09-10 00:23:09] At iterate    13  f =      -12.061  |proj g|=    2.0114e-05
[job(1007): 2016-09-10 00:23:09] 
[job(1007): 2016-09-10 00:23:09] iterations 13
[job(1007): 2016-09-10 00:23:09] function evaluations 21
[job(1007): 2016-09-10 00:23:09] segments explored during Cauchy searches 13
[job(1007): 2016-09-10 00:23:09] BFGS updates skipped 0
[job(1007): 2016-09-10 00:23:09] active bounds at final generalized Cauchy point 0
[job(1007): 2016-09-10 00:23:09] norm of the final projected gradient 2.01141e-05
[job(1007): 2016-09-10 00:23:09] final function value -12.0607
[job(1007): 2016-09-10 00:23:09] 
[job(1007): 2016-09-10 00:23:09] F = -12.0607
[job(1007): 2016-09-10 00:23:09] final  value -12.060689 
[job(1007): 2016-09-10 00:23:09] converged
[job(1007): 2016-09-10 00:23:09] [Tune-x] 27: C=323; sigma=0.00302
[job(1007): 2016-09-10 00:23:09] [Tune-y] 27: acc.test.mean=0.999; time: 0.1 min; memory: 118Mb use, 190Mb max
[job(1007): 2016-09-10 00:23:09] 
[job(1007): 2016-09-10 00:23:09] optimisation start
[job(1007): 2016-09-10 00:23:09] ------------------
[job(1007): 2016-09-10 00:23:09] * estimation method   : MLE 
[job(1007): 2016-09-10 00:23:09] * optimisation method : BFGS 
[job(1007): 2016-09-10 00:23:09] * analytical gradient : used
[job(1007): 2016-09-10 00:23:09] * trend model : ~1
[job(1007): 2016-09-10 00:23:09] * covariance model : 
[job(1007): 2016-09-10 00:23:09]   - type :  matern5_2 
[job(1007): 2016-09-10 00:23:09]   - nugget : NO
[job(1007): 2016-09-10 00:23:09]   - parameters lower bounds :  1e-10 1e-10 
[job(1007): 2016-09-10 00:23:09]   - parameters upper bounds :  45.50915 45.88178 
[job(1007): 2016-09-10 00:23:09]   - best initial criterion value(s) :  5.595778 
[job(1007): 2016-09-10 00:23:09] 
[job(1007): 2016-09-10 00:23:09] N = 2, M = 5 machine precision = 2.22045e-16
[job(1007): 2016-09-10 00:23:09] At X0, 0 variables are exactly at the bounds
[job(1007): 2016-09-10 00:23:09] At iterate     0  f=      -5.5958  |proj g|=       2.0449
[job(1007): 2016-09-10 00:23:09] At iterate     1  f =      -8.6122  |proj g|=         1.453
[job(1007): 2016-09-10 00:23:09] At iterate     2  f =      -9.3419  |proj g|=        1.1601
[job(1007): 2016-09-10 00:23:09] At iterate     3  f =      -9.9999  |proj g|=        2.0771
[job(1007): 2016-09-10 00:23:09] At iterate     4  f =      -10.215  |proj g|=       0.98194
[job(1007): 2016-09-10 00:23:09] At iterate     5  f =       -10.62  |proj g|=        0.6419
[job(1007): 2016-09-10 00:23:09] At iterate     6  f =      -11.512  |proj g|=       0.32142
[job(1007): 2016-09-10 00:23:09] At iterate     7  f =      -11.551  |proj g|=       0.17319
[job(1007): 2016-09-10 00:23:09] At iterate     8  f =      -11.571  |proj g|=      0.034942
[job(1007): 2016-09-10 00:23:09] At iterate     9  f =      -11.572  |proj g|=      0.017504
[job(1007): 2016-09-10 00:23:09] At iterate    10  f =      -11.572  |proj g|=     0.0038979
[job(1007): 2016-09-10 00:23:09] At iterate    11  f =      -11.572  |proj g|=    1.5194e-05
[job(1007): 2016-09-10 00:23:09] At iterate    12  f =      -11.572  |proj g|=    1.6629e-07
[job(1007): 2016-09-10 00:23:09] 
[job(1007): 2016-09-10 00:23:09] iterations 12
[job(1007): 2016-09-10 00:23:09] function evaluations 15
[job(1007): 2016-09-10 00:23:09] segments explored during Cauchy searches 14
[job(1007): 2016-09-10 00:23:09] BFGS updates skipped 0
[job(1007): 2016-09-10 00:23:09] active bounds at final generalized Cauchy point 0
[job(1007): 2016-09-10 00:23:09] norm of the final projected gradient 1.66292e-07
[job(1007): 2016-09-10 00:23:09] final function value -11.5717
[job(1007): 2016-09-10 00:23:09] 
[job(1007): 2016-09-10 00:23:09] F = -11.5717
[job(1007): 2016-09-10 00:23:09] final  value -11.571699 
[job(1007): 2016-09-10 00:23:09] converged
[job(1007): 2016-09-10 00:23:09] [Tune-x] 28: C=28.8; sigma=0.000353
[job(1007): 2016-09-10 00:23:09] [Tune-y] 28: acc.test.mean=0.853; time: 0.3 min; memory: 118Mb use, 190Mb max
[job(1007): 2016-09-10 00:23:09] 
[job(1007): 2016-09-10 00:23:09] optimisation start
[job(1007): 2016-09-10 00:23:09] ------------------
[job(1007): 2016-09-10 00:23:09] * estimation method   : MLE 
[job(1007): 2016-09-10 00:23:09] * optimisation method : BFGS 
[job(1007): 2016-09-10 00:23:09] * analytical gradient : used
[job(1007): 2016-09-10 00:23:09] * trend model : ~1
[job(1007): 2016-09-10 00:23:09] * covariance model : 
[job(1007): 2016-09-10 00:23:09]   - type :  matern5_2 
[job(1007): 2016-09-10 00:23:09]   - nugget : NO
[job(1007): 2016-09-10 00:23:09]   - parameters lower bounds :  1e-10 1e-10 
[job(1007): 2016-09-10 00:23:09]   - parameters upper bounds :  45.50915 46.12307 
[job(1007): 2016-09-10 00:23:09]   - best initial criterion value(s) :  12.66038 
[job(1007): 2016-09-10 00:23:09] 
[job(1007): 2016-09-10 00:23:09] N = 2, M = 5 machine precision = 2.22045e-16
[job(1007): 2016-09-10 00:23:09] At X0, 0 variables are exactly at the bounds
[job(1007): 2016-09-10 00:23:09] At iterate     0  f=       -12.66  |proj g|=      0.71903
[job(1007): 2016-09-10 00:23:09] At iterate     1  f =      -12.799  |proj g|=        1.6143
[job(1007): 2016-09-10 00:23:09] At iterate     2  f =       -13.03  |proj g|=       0.52596
[job(1007): 2016-09-10 00:23:09] At iterate     3  f =       -13.12  |proj g|=        0.1559
[job(1007): 2016-09-10 00:23:09] At iterate     4  f =      -13.629  |proj g|=        2.1745
[job(1007): 2016-09-10 00:23:09] At iterate     5  f =        -13.7  |proj g|=        3.3706
[job(1007): 2016-09-10 00:23:09] At iterate     6  f =       -14.86  |proj g|=       0.19674
[job(1007): 2016-09-10 00:23:09] At iterate     7  f =      -15.194  |proj g|=        2.0974
[job(1007): 2016-09-10 00:23:09] At iterate     8  f =      -15.355  |proj g|=       0.36627
[job(1007): 2016-09-10 00:23:09] At iterate     9  f =      -15.367  |proj g|=       0.17533
[job(1007): 2016-09-10 00:23:09] At iterate    10  f =      -15.367  |proj g|=     0.0048433
[job(1007): 2016-09-10 00:23:09] At iterate    11  f =      -15.367  |proj g|=    7.6396e-05
[job(1007): 2016-09-10 00:23:09] At iterate    12  f =      -15.367  |proj g|=    1.7187e-06
[job(1007): 2016-09-10 00:23:09] 
[job(1007): 2016-09-10 00:23:09] iterations 12
[job(1007): 2016-09-10 00:23:09] function evaluations 17
[job(1007): 2016-09-10 00:23:09] segments explored during Cauchy searches 12
[job(1007): 2016-09-10 00:23:09] BFGS updates skipped 0
[job(1007): 2016-09-10 00:23:09] active bounds at final generalized Cauchy point 0
[job(1007): 2016-09-10 00:23:09] norm of the final projected gradient 1.71868e-06
[job(1007): 2016-09-10 00:23:09] final function value -15.3671
[job(1007): 2016-09-10 00:23:09] 
[job(1007): 2016-09-10 00:23:09] F = -15.3671
[job(1007): 2016-09-10 00:23:09] final  value -15.367116 
[job(1007): 2016-09-10 00:23:09] converged
[job(1007): 2016-09-10 00:23:09] [Tune] Result: C=248; sigma=0.00041 : acc.test.mean=  -1
[job(1007): 2016-09-10 00:23:09] Job terminated successfully
[job(chunk): 2016-09-10 00:23:09] Calculation finished!
