[job(chunk): 2016-09-09 20:14:40] Starting calculation of 1 jobs
[job(chunk): 2016-09-09 20:14:40] Setting working directory to '/naslx/projects/pr74ze/ri89coc2/svm_comparison'
[job(chunk): 2016-09-09 20:14:40] Memory measurement disabled
[job(628): 2016-09-09 20:14:43] Starting job with job.id=628
[job(628): 2016-09-09 20:15:33] Generating problem instance for problem '285' ...
[job(628): 2016-09-09 20:15:33] Downloading from 'http://www.openml.org/api/v1/data/285' to '/tmp/ri89coc2/Rtmp2xEJNT/cache/datasets/285/description.xml'.
[job(628): 2016-09-09 20:15:33] Downloading from 'http://www.openml.org/data/download/49810/flags.arff' to '/tmp/ri89coc2/Rtmp2xEJNT/cache/datasets/285/dataset.arff'
[job(628): 2016-09-09 20:15:33] Loading required package: readr
[job(628): 2016-09-09 20:15:33] Applying algorithm 'kbb-svc.tuned' on problem '285' ...
[job(628): 2016-09-09 20:15:33] Data '285' file 'description.xml' found in cache.
[job(628): 2016-09-09 20:15:33] Data '285' file 'dataset.arff' found in cache.
[job(628): 2016-09-09 20:15:33] [Tune] Started tuning learner kbb-svc for parameter set:
[job(628): 2016-09-09 20:15:33]          Type len Def    Constr Req Tunable Trafo
[job(628): 2016-09-09 20:15:33] C     numeric   -   - -12 to 12   -    TRUE     Y
[job(628): 2016-09-09 20:15:33] sigma numeric   -   - -12 to 12   -    TRUE     Y
[job(628): 2016-09-09 20:15:33] With control class: TuneControlMBO
[job(628): 2016-09-09 20:15:33] Imputation value: -0
[job(628): 2016-09-09 20:15:33] [Tune-x] 1: C=4.22; sigma=0.00049
[job(628): 2016-09-09 20:15:33] [Tune-y] 1: acc.test.mean=0.207; time: 0.0 min; memory: 113Mb use, 148Mb max
[job(628): 2016-09-09 20:15:33] [Tune-x] 2: C=13.8; sigma=28
[job(628): 2016-09-09 20:15:33] [Tune-y] 2: acc.test.mean=0.218; time: 0.0 min; memory: 113Mb use, 149Mb max
[job(628): 2016-09-09 20:15:33] [Tune-x] 3: C=0.0147; sigma=0.975
[job(628): 2016-09-09 20:15:33] [Tune-y] 3: acc.test.mean=0.311; time: 0.0 min; memory: 113Mb use, 149Mb max
[job(628): 2016-09-09 20:15:33] [Tune-x] 4: C=0.12; sigma=0.0367
[job(628): 2016-09-09 20:15:33] [Tune-y] 4: acc.test.mean=0.368; time: 0.0 min; memory: 113Mb use, 150Mb max
[job(628): 2016-09-09 20:15:33] [Tune-x] 5: C=0.745; sigma=83.3
[job(628): 2016-09-09 20:15:33] [Tune-y] 5: acc.test.mean=0.218; time: 0.0 min; memory: 113Mb use, 150Mb max
[job(628): 2016-09-09 20:15:33] [Tune-x] 6: C=188; sigma=0.00752
[job(628): 2016-09-09 20:15:33] [Tune-y] 6: acc.test.mean=0.581; time: 0.0 min; memory: 113Mb use, 151Mb max
[job(628): 2016-09-09 20:15:33] [Tune-x] 7: C=1.12e+03; sigma=1.35e+03
[job(628): 2016-09-09 20:15:33] [Tune-y] 7: acc.test.mean=0.207; time: 0.0 min; memory: 113Mb use, 151Mb max
[job(628): 2016-09-09 20:15:33] [Tune-x] 8: C=0.000668; sigma=3.18
[job(628): 2016-09-09 20:15:33] [Tune-y] 8: acc.test.mean=0.299; time: 0.0 min; memory: 113Mb use, 151Mb max
[job(628): 2016-09-09 20:15:33] 
[job(628): 2016-09-09 20:15:33] optimisation start
[job(628): 2016-09-09 20:15:33] ------------------
[job(628): 2016-09-09 20:15:33] * estimation method   : MLE 
[job(628): 2016-09-09 20:15:33] * optimisation method : BFGS 
[job(628): 2016-09-09 20:15:33] * analytical gradient : used
[job(628): 2016-09-09 20:15:33] * trend model : ~1
[job(628): 2016-09-09 20:15:33] * covariance model : 
[job(628): 2016-09-09 20:15:33]   - type :  matern5_2 
[job(628): 2016-09-09 20:15:33]   - nugget : NO
[job(628): 2016-09-09 20:15:33]   - parameters lower bounds :  1e-10 1e-10 
[job(628): 2016-09-09 20:15:33]   - parameters upper bounds :  41.34101 42.79179 
[job(628): 2016-09-09 20:15:33]   - best initial criterion value(s) :  6.240775 
[job(628): 2016-09-09 20:15:33] 
[job(628): 2016-09-09 20:15:33] N = 2, M = 5 machine precision = 2.22045e-16
[job(628): 2016-09-09 20:15:33] At X0, 0 variables are exactly at the bounds
[job(628): 2016-09-09 20:15:33] At iterate     0  f=      -6.2408  |proj g|=     0.080732
[job(628): 2016-09-09 20:15:33] At iterate     1  f =      -6.2443  |proj g|=     0.0052441
[job(628): 2016-09-09 20:15:33] At iterate     2  f =      -6.2443  |proj g|=    0.00012753
[job(628): 2016-09-09 20:15:33] At iterate     3  f =      -6.2443  |proj g|=     7.552e-05
[job(628): 2016-09-09 20:15:33] At iterate     4  f =      -6.2443  |proj g|=     7.543e-05
[job(628): 2016-09-09 20:15:33] 
[job(628): 2016-09-09 20:15:33] iterations 4
[job(628): 2016-09-09 20:15:33] function evaluations 5
[job(628): 2016-09-09 20:15:33] segments explored during Cauchy searches 4
[job(628): 2016-09-09 20:15:33] BFGS updates skipped 0
[job(628): 2016-09-09 20:15:33] active bounds at final generalized Cauchy point 0
[job(628): 2016-09-09 20:15:33] norm of the final projected gradient 7.54303e-05
[job(628): 2016-09-09 20:15:33] final function value -6.24428
[job(628): 2016-09-09 20:15:33] 
[job(628): 2016-09-09 20:15:33] F = -6.24428
[job(628): 2016-09-09 20:15:33] final  value -6.244284 
[job(628): 2016-09-09 20:15:33] converged
[job(628): 2016-09-09 20:15:33] [Tune-x] 9: C=340; sigma=0.00753
[job(628): 2016-09-09 20:15:33] [Tune-y] 9: acc.test.mean=0.586; time: 0.0 min; memory: 117Mb use, 168Mb max
[job(628): 2016-09-09 20:15:33] 
[job(628): 2016-09-09 20:15:33] optimisation start
[job(628): 2016-09-09 20:15:33] ------------------
[job(628): 2016-09-09 20:15:33] * estimation method   : MLE 
[job(628): 2016-09-09 20:15:33] * optimisation method : BFGS 
[job(628): 2016-09-09 20:15:33] * analytical gradient : used
[job(628): 2016-09-09 20:15:33] * trend model : ~1
[job(628): 2016-09-09 20:15:33] * covariance model : 
[job(628): 2016-09-09 20:15:33]   - type :  matern5_2 
[job(628): 2016-09-09 20:15:33]   - nugget : NO
[job(628): 2016-09-09 20:15:33]   - parameters lower bounds :  1e-10 1e-10 
[job(628): 2016-09-09 20:15:33]   - parameters upper bounds :  41.34101 42.79179 
[job(628): 2016-09-09 20:15:33]   - best initial criterion value(s) :  10.15811 
[job(628): 2016-09-09 20:15:33] 
[job(628): 2016-09-09 20:15:33] N = 2, M = 5 machine precision = 2.22045e-16
[job(628): 2016-09-09 20:15:33] At X0, 0 variables are exactly at the bounds
[job(628): 2016-09-09 20:15:33] At iterate     0  f=      -10.158  |proj g|=       0.1452
[job(628): 2016-09-09 20:15:33] At iterate     1  f =      -10.173  |proj g|=      0.053304
[job(628): 2016-09-09 20:15:33] At iterate     2  f =      -10.175  |proj g|=      0.006035
[job(628): 2016-09-09 20:15:33] At iterate     3  f =      -10.175  |proj g|=     0.0086848
[job(628): 2016-09-09 20:15:33] At iterate     4  f =      -10.176  |proj g|=      0.017639
[job(628): 2016-09-09 20:15:33] At iterate     5  f =      -10.178  |proj g|=      0.034385
[job(628): 2016-09-09 20:15:33] At iterate     6  f =       -10.18  |proj g|=      0.031994
[job(628): 2016-09-09 20:15:33] At iterate     7  f =      -10.181  |proj g|=      0.007076
[job(628): 2016-09-09 20:15:33] At iterate     8  f =      -10.181  |proj g|=    0.00073735
[job(628): 2016-09-09 20:15:33] At iterate     9  f =      -10.181  |proj g|=    2.1692e-05
[job(628): 2016-09-09 20:15:33] At iterate    10  f =      -10.181  |proj g|=    2.1987e-06
[job(628): 2016-09-09 20:15:33] At iterate    11  f =      -10.181  |proj g|=    4.2949e-07
[job(628): 2016-09-09 20:15:33] 
[job(628): 2016-09-09 20:15:33] iterations 11
[job(628): 2016-09-09 20:15:33] function evaluations 14
[job(628): 2016-09-09 20:15:33] segments explored during Cauchy searches 11
[job(628): 2016-09-09 20:15:33] BFGS updates skipped 0
[job(628): 2016-09-09 20:15:33] active bounds at final generalized Cauchy point 0
[job(628): 2016-09-09 20:15:33] norm of the final projected gradient 4.29486e-07
[job(628): 2016-09-09 20:15:33] final function value -10.1813
[job(628): 2016-09-09 20:15:33] 
[job(628): 2016-09-09 20:15:33] F = -10.1813
[job(628): 2016-09-09 20:15:33] final  value -10.181343 
[job(628): 2016-09-09 20:15:33] converged
[job(628): 2016-09-09 20:15:33] [Tune-x] 10: C=4.09e+03; sigma=0.00776
[job(628): 2016-09-09 20:15:33] [Tune-y] 10: acc.test.mean=0.332; time: 0.0 min; memory: 117Mb use, 168Mb max
[job(628): 2016-09-09 20:15:33] 
[job(628): 2016-09-09 20:15:33] optimisation start
[job(628): 2016-09-09 20:15:33] ------------------
[job(628): 2016-09-09 20:15:33] * estimation method   : MLE 
[job(628): 2016-09-09 20:15:33] * optimisation method : BFGS 
[job(628): 2016-09-09 20:15:33] * analytical gradient : used
[job(628): 2016-09-09 20:15:33] * trend model : ~1
[job(628): 2016-09-09 20:15:33] * covariance model : 
[job(628): 2016-09-09 20:15:33]   - type :  matern5_2 
[job(628): 2016-09-09 20:15:33]   - nugget : NO
[job(628): 2016-09-09 20:15:33]   - parameters lower bounds :  1e-10 1e-10 
[job(628): 2016-09-09 20:15:33]   - parameters upper bounds :  45.09425 42.79179 
[job(628): 2016-09-09 20:15:33]   - best initial criterion value(s) :  6.482484 
[job(628): 2016-09-09 20:15:33] 
[job(628): 2016-09-09 20:15:33] N = 2, M = 5 machine precision = 2.22045e-16
[job(628): 2016-09-09 20:15:33] At X0, 0 variables are exactly at the bounds
[job(628): 2016-09-09 20:15:33] At iterate     0  f=      -6.4825  |proj g|=      0.75483
[job(628): 2016-09-09 20:15:33] At iterate     1  f =      -7.0472  |proj g|=       0.72787
[job(628): 2016-09-09 20:15:33] At iterate     2  f =      -7.7763  |proj g|=       0.57614
[job(628): 2016-09-09 20:15:33] At iterate     3  f =      -8.0683  |proj g|=       0.42152
[job(628): 2016-09-09 20:15:33] At iterate     4  f =      -8.2801  |proj g|=       0.34295
[job(628): 2016-09-09 20:15:33] At iterate     5  f =      -8.3781  |proj g|=      0.074116
[job(628): 2016-09-09 20:15:33] At iterate     6  f =      -8.8648  |proj g|=       0.29244
[job(628): 2016-09-09 20:15:33] At iterate     7  f =      -8.9411  |proj g|=       0.14904
[job(628): 2016-09-09 20:15:33] At iterate     8  f =      -8.9647  |proj g|=      0.022303
[job(628): 2016-09-09 20:15:33] At iterate     9  f =      -8.9655  |proj g|=      0.014279
[job(628): 2016-09-09 20:15:33] At iterate    10  f =      -8.9657  |proj g|=    0.00043467
[job(628): 2016-09-09 20:15:33] At iterate    11  f =      -8.9657  |proj g|=    1.8468e-05
[job(628): 2016-09-09 20:15:33] At iterate    12  f =      -8.9657  |proj g|=    7.4503e-08
[job(628): 2016-09-09 20:15:33] 
[job(628): 2016-09-09 20:15:33] iterations 12
[job(628): 2016-09-09 20:15:33] function evaluations 20
[job(628): 2016-09-09 20:15:33] segments explored during Cauchy searches 13
[job(628): 2016-09-09 20:15:33] BFGS updates skipped 0
[job(628): 2016-09-09 20:15:33] active bounds at final generalized Cauchy point 0
[job(628): 2016-09-09 20:15:33] norm of the final projected gradient 7.45027e-08
[job(628): 2016-09-09 20:15:33] final function value -8.96571
[job(628): 2016-09-09 20:15:33] 
[job(628): 2016-09-09 20:15:33] F = -8.96571
[job(628): 2016-09-09 20:15:33] final  value -8.965714 
[job(628): 2016-09-09 20:15:33] converged
[job(628): 2016-09-09 20:15:33] [Tune-x] 11: C=273; sigma=0.00758
[job(628): 2016-09-09 20:15:33] [Tune-y] 11: acc.test.mean=0.557; time: 0.0 min; memory: 117Mb use, 168Mb max
[job(628): 2016-09-09 20:15:33] 
[job(628): 2016-09-09 20:15:33] optimisation start
[job(628): 2016-09-09 20:15:33] ------------------
[job(628): 2016-09-09 20:15:33] * estimation method   : MLE 
[job(628): 2016-09-09 20:15:33] * optimisation method : BFGS 
[job(628): 2016-09-09 20:15:33] * analytical gradient : used
[job(628): 2016-09-09 20:15:33] * trend model : ~1
[job(628): 2016-09-09 20:15:33] * covariance model : 
[job(628): 2016-09-09 20:15:33]   - type :  matern5_2 
[job(628): 2016-09-09 20:15:33]   - nugget : NO
[job(628): 2016-09-09 20:15:33]   - parameters lower bounds :  1e-10 1e-10 
[job(628): 2016-09-09 20:15:33]   - parameters upper bounds :  45.09425 42.79179 
[job(628): 2016-09-09 20:15:33]   - best initial criterion value(s) :  -2.255086 
[job(628): 2016-09-09 20:15:33] 
[job(628): 2016-09-09 20:15:33] N = 2, M = 5 machine precision = 2.22045e-16
[job(628): 2016-09-09 20:15:33] At X0, 0 variables are exactly at the bounds
[job(628): 2016-09-09 20:15:33] At iterate     0  f=       2.2551  |proj g|=       2.7438
[job(628): 2016-09-09 20:15:33] At iterate     1  f =      -6.5555  |proj g|=        1.5634
[job(628): 2016-09-09 20:15:33] ys=-3.784e+00  -gs= 7.528e+00, BFGS update SKIPPED
[job(628): 2016-09-09 20:15:33] At iterate     2  f =      -8.0189  |proj g|=        1.1602
[job(628): 2016-09-09 20:15:33] At iterate     3  f =      -8.5409  |proj g|=       0.19974
[job(628): 2016-09-09 20:15:33] At iterate     4  f =      -8.5428  |proj g|=      0.047254
[job(628): 2016-09-09 20:15:33] At iterate     5  f =      -8.5429  |proj g|=     0.0019195
[job(628): 2016-09-09 20:15:33] At iterate     6  f =      -8.5429  |proj g|=     0.0019175
[job(628): 2016-09-09 20:15:33] At iterate     7  f =      -8.5429  |proj g|=     0.0098528
[job(628): 2016-09-09 20:15:33] At iterate     8  f =      -8.5429  |proj g|=      0.021959
[job(628): 2016-09-09 20:15:33] At iterate     9  f =       -8.543  |proj g|=      0.042678
[job(628): 2016-09-09 20:15:33] At iterate    10  f =      -8.5433  |proj g|=      0.076357
[job(628): 2016-09-09 20:15:33] At iterate    11  f =      -8.5439  |proj g|=       0.13457
[job(628): 2016-09-09 20:15:33] At iterate    12  f =      -8.5458  |proj g|=       0.24472
[job(628): 2016-09-09 20:15:33] At iterate    13  f =      -8.5527  |proj g|=       0.53613
[job(628): 2016-09-09 20:15:33] At iterate    14  f =      -8.5967  |proj g|=        1.7489
[job(628): 2016-09-09 20:15:33] At iterate    15  f =      -8.6015  |proj g|=        1.8149
[job(628): 2016-09-09 20:15:33] At iterate    16  f =      -8.7886  |proj g|=       0.86506
[job(628): 2016-09-09 20:15:33] At iterate    17  f =      -8.8344  |proj g|=       0.49766
[job(628): 2016-09-09 20:15:33] At iterate    18  f =      -9.4442  |proj g|=        2.1209
[job(628): 2016-09-09 20:15:33] ys=-6.256e+00  -gs= 4.404e-02, BFGS update SKIPPED
[job(628): 2016-09-09 20:15:33] At iterate    19  f =      -9.6903  |proj g|=        23.268
[job(628): 2016-09-09 20:15:33] At iterate    20  f =      -11.561  |proj g|=       0.15058
[job(628): 2016-09-09 20:15:33] At iterate    21  f =      -11.915  |proj g|=        10.335
[job(628): 2016-09-09 20:15:33] At iterate    22  f =      -11.973  |proj g|=       0.10398
[job(628): 2016-09-09 20:15:33] At iterate    23  f =      -12.036  |proj g|=      0.096411
[job(628): 2016-09-09 20:15:33] At iterate    24  f =      -12.184  |proj g|=        9.3662
[job(628): 2016-09-09 20:15:33] At iterate    25  f =      -12.335  |proj g|=        26.674
[job(628): 2016-09-09 20:15:33] At iterate    26  f =      -12.658  |proj g|=      0.034316
[job(628): 2016-09-09 20:15:33] At iterate    27  f =      -12.801  |proj g|=       0.33956
[job(628): 2016-09-09 20:15:33] At iterate    28  f =      -12.887  |proj g|=        3.0603
[job(628): 2016-09-09 20:15:33] At iterate    29  f =      -12.936  |proj g|=      0.028995
[job(628): 2016-09-09 20:15:33] At iterate    30  f =      -12.965  |proj g|=        8.6374
[job(628): 2016-09-09 20:15:33] At iterate    31  f =      -12.976  |proj g|=      0.028474
[job(628): 2016-09-09 20:15:33] At iterate    32  f =      -12.977  |proj g|=      0.028097
[job(628): 2016-09-09 20:15:33] At iterate    33  f =      -12.977  |proj g|=     0.0045953
[job(628): 2016-09-09 20:15:33] At iterate    34  f =      -12.977  |proj g|=    4.2887e-06
[job(628): 2016-09-09 20:15:33] 
[job(628): 2016-09-09 20:15:33] iterations 34
[job(628): 2016-09-09 20:15:33] function evaluations 66
[job(628): 2016-09-09 20:15:33] segments explored during Cauchy searches 36
[job(628): 2016-09-09 20:15:33] BFGS updates skipped 2
[job(628): 2016-09-09 20:15:33] active bounds at final generalized Cauchy point 1
[job(628): 2016-09-09 20:15:33] norm of the final projected gradient 4.28866e-06
[job(628): 2016-09-09 20:15:33] final function value -12.977
[job(628): 2016-09-09 20:15:33] 
[job(628): 2016-09-09 20:15:33] F = -12.977
[job(628): 2016-09-09 20:15:33] final  value -12.976977 
[job(628): 2016-09-09 20:15:33] converged
[job(628): 2016-09-09 20:15:33] [Tune-x] 12: C=4.01e+03; sigma=0.00754
[job(628): 2016-09-09 20:15:33] [Tune-y] 12: acc.test.mean=0.361; time: 0.0 min; memory: 117Mb use, 168Mb max
[job(628): 2016-09-09 20:15:33] 
[job(628): 2016-09-09 20:15:33] optimisation start
[job(628): 2016-09-09 20:15:33] ------------------
[job(628): 2016-09-09 20:15:33] * estimation method   : MLE 
[job(628): 2016-09-09 20:15:33] * optimisation method : BFGS 
[job(628): 2016-09-09 20:15:33] * analytical gradient : used
[job(628): 2016-09-09 20:15:33] * trend model : ~1
[job(628): 2016-09-09 20:15:33] * covariance model : 
[job(628): 2016-09-09 20:15:33]   - type :  matern5_2 
[job(628): 2016-09-09 20:15:33]   - nugget : NO
[job(628): 2016-09-09 20:15:33]   - parameters lower bounds :  1e-10 1e-10 
[job(628): 2016-09-09 20:15:33]   - parameters upper bounds :  45.09425 42.79179 
[job(628): 2016-09-09 20:15:33]   - best initial criterion value(s) :  -7.169147 
[job(628): 2016-09-09 20:15:33] 
[job(628): 2016-09-09 20:15:33] N = 2, M = 5 machine precision = 2.22045e-16
[job(628): 2016-09-09 20:15:33] At X0, 0 variables are exactly at the bounds
[job(628): 2016-09-09 20:15:33] At iterate     0  f=       7.1691  |proj g|=       1.7542
[job(628): 2016-09-09 20:15:33] At iterate     1  f =       3.8084  |proj g|=        1.9998
[job(628): 2016-09-09 20:15:33] ys=-4.296e-01  -gs= 3.078e+00, BFGS update SKIPPED
[job(628): 2016-09-09 20:15:33] At iterate     2  f =      -6.6439  |proj g|=             0
[job(628): 2016-09-09 20:15:33] 
[job(628): 2016-09-09 20:15:33] iterations 2
[job(628): 2016-09-09 20:15:33] function evaluations 4
[job(628): 2016-09-09 20:15:33] segments explored during Cauchy searches 2
[job(628): 2016-09-09 20:15:33] BFGS updates skipped 1
[job(628): 2016-09-09 20:15:33] active bounds at final generalized Cauchy point 0
[job(628): 2016-09-09 20:15:33] norm of the final projected gradient 0
[job(628): 2016-09-09 20:15:33] final function value -6.64387
[job(628): 2016-09-09 20:15:33] 
[job(628): 2016-09-09 20:15:33] F = -6.64387
[job(628): 2016-09-09 20:15:33] final  value -6.643867 
[job(628): 2016-09-09 20:15:33] converged
[job(628): 2016-09-09 20:15:33] [Tune-x] 13: C=2.25; sigma=0.00664
[job(628): 2016-09-09 20:15:33] [Tune-y] 13: acc.test.mean=0.536; time: 0.0 min; memory: 117Mb use, 168Mb max
[job(628): 2016-09-09 20:15:33] 
[job(628): 2016-09-09 20:15:33] optimisation start
[job(628): 2016-09-09 20:15:33] ------------------
[job(628): 2016-09-09 20:15:33] * estimation method   : MLE 
[job(628): 2016-09-09 20:15:33] * optimisation method : BFGS 
[job(628): 2016-09-09 20:15:33] * analytical gradient : used
[job(628): 2016-09-09 20:15:33] * trend model : ~1
[job(628): 2016-09-09 20:15:33] * covariance model : 
[job(628): 2016-09-09 20:15:33]   - type :  matern5_2 
[job(628): 2016-09-09 20:15:33]   - nugget : NO
[job(628): 2016-09-09 20:15:33]   - parameters lower bounds :  1e-10 1e-10 
[job(628): 2016-09-09 20:15:33]   - parameters upper bounds :  45.09425 42.79179 
[job(628): 2016-09-09 20:15:33]   - best initial criterion value(s) :  -2.862079 
[job(628): 2016-09-09 20:15:33] 
[job(628): 2016-09-09 20:15:33] N = 2, M = 5 machine precision = 2.22045e-16
[job(628): 2016-09-09 20:15:33] At X0, 0 variables are exactly at the bounds
[job(628): 2016-09-09 20:15:33] At iterate     0  f=       2.8621  |proj g|=      0.91788
[job(628): 2016-09-09 20:15:33] At iterate     1  f =      -6.9133  |proj g|=             0
[job(628): 2016-09-09 20:15:33] 
[job(628): 2016-09-09 20:15:33] iterations 1
[job(628): 2016-09-09 20:15:33] function evaluations 2
[job(628): 2016-09-09 20:15:33] segments explored during Cauchy searches 2
[job(628): 2016-09-09 20:15:33] BFGS updates skipped 0
[job(628): 2016-09-09 20:15:33] active bounds at final generalized Cauchy point 1
[job(628): 2016-09-09 20:15:33] norm of the final projected gradient 0
[job(628): 2016-09-09 20:15:33] final function value -6.91326
[job(628): 2016-09-09 20:15:33] 
[job(628): 2016-09-09 20:15:33] F = -6.91326
[job(628): 2016-09-09 20:15:33] final  value -6.913264 
[job(628): 2016-09-09 20:15:33] converged
[job(628): 2016-09-09 20:15:33] [Tune-x] 14: C=14.7; sigma=0.888
[job(628): 2016-09-09 20:15:33] [Tune-y] 14: acc.test.mean=0.217; time: 0.0 min; memory: 117Mb use, 168Mb max
[job(628): 2016-09-09 20:15:33] 
[job(628): 2016-09-09 20:15:33] optimisation start
[job(628): 2016-09-09 20:15:33] ------------------
[job(628): 2016-09-09 20:15:33] * estimation method   : MLE 
[job(628): 2016-09-09 20:15:33] * optimisation method : BFGS 
[job(628): 2016-09-09 20:15:33] * analytical gradient : used
[job(628): 2016-09-09 20:15:33] * trend model : ~1
[job(628): 2016-09-09 20:15:33] * covariance model : 
[job(628): 2016-09-09 20:15:33]   - type :  matern5_2 
[job(628): 2016-09-09 20:15:33]   - nugget : NO
[job(628): 2016-09-09 20:15:33]   - parameters lower bounds :  1e-10 1e-10 
[job(628): 2016-09-09 20:15:33]   - parameters upper bounds :  45.09425 42.79179 
[job(628): 2016-09-09 20:15:33]   - best initial criterion value(s) :  10.3114 
[job(628): 2016-09-09 20:15:33] 
[job(628): 2016-09-09 20:15:33] N = 2, M = 5 machine precision = 2.22045e-16
[job(628): 2016-09-09 20:15:33] At X0, 0 variables are exactly at the bounds
[job(628): 2016-09-09 20:15:33] At iterate     0  f=      -10.311  |proj g|=      0.36976
[job(628): 2016-09-09 20:15:33] At iterate     1  f =      -10.367  |proj g|=       0.34895
[job(628): 2016-09-09 20:15:33] At iterate     2  f =       -10.41  |proj g|=       0.40306
[job(628): 2016-09-09 20:15:33] At iterate     3  f =      -10.411  |proj g|=      0.033997
[job(628): 2016-09-09 20:15:33] At iterate     4  f =      -10.411  |proj g|=      0.033949
[job(628): 2016-09-09 20:15:33] At iterate     5  f =      -10.411  |proj g|=      0.037322
[job(628): 2016-09-09 20:15:33] At iterate     6  f =      -10.411  |proj g|=       0.10472
[job(628): 2016-09-09 20:15:33] At iterate     7  f =      -10.412  |proj g|=       0.20887
[job(628): 2016-09-09 20:15:33] At iterate     8  f =      -10.413  |proj g|=       0.38014
[job(628): 2016-09-09 20:15:33] At iterate     9  f =      -10.415  |proj g|=       0.65155
[job(628): 2016-09-09 20:15:33] At iterate    10  f =      -10.422  |proj g|=         1.072
[job(628): 2016-09-09 20:15:33] At iterate    11  f =      -10.439  |proj g|=        1.6691
[job(628): 2016-09-09 20:15:33] At iterate    12  f =       -10.48  |proj g|=        2.3077
[job(628): 2016-09-09 20:15:33] At iterate    13  f =      -10.571  |proj g|=        2.3461
[job(628): 2016-09-09 20:15:33] At iterate    14  f =      -10.618  |proj g|=       0.12826
[job(628): 2016-09-09 20:15:33] At iterate    15  f =      -10.701  |proj g|=       0.12536
[job(628): 2016-09-09 20:15:33] At iterate    16  f =      -10.744  |proj g|=        0.1445
[job(628): 2016-09-09 20:15:33] At iterate    17  f =      -10.749  |proj g|=       0.02208
[job(628): 2016-09-09 20:15:33] At iterate    18  f =      -10.749  |proj g|=     0.0022553
[job(628): 2016-09-09 20:15:33] At iterate    19  f =      -10.749  |proj g|=    1.8223e-06
[job(628): 2016-09-09 20:15:33] At iterate    20  f =      -10.749  |proj g|=    1.5038e-10
[job(628): 2016-09-09 20:15:33] 
[job(628): 2016-09-09 20:15:33] iterations 20
[job(628): 2016-09-09 20:15:33] function evaluations 24
[job(628): 2016-09-09 20:15:33] segments explored during Cauchy searches 21
[job(628): 2016-09-09 20:15:33] BFGS updates skipped 0
[job(628): 2016-09-09 20:15:33] active bounds at final generalized Cauchy point 1
[job(628): 2016-09-09 20:15:33] norm of the final projected gradient 1.5038e-10
[job(628): 2016-09-09 20:15:33] final function value -10.7487
[job(628): 2016-09-09 20:15:33] 
[job(628): 2016-09-09 20:15:33] F = -10.7487
[job(628): 2016-09-09 20:15:33] final  value -10.748662 
[job(628): 2016-09-09 20:15:33] converged
[job(628): 2016-09-09 20:15:33] [Tune-x] 15: C=326; sigma=0.00829
[job(628): 2016-09-09 20:15:33] [Tune-y] 15: acc.test.mean=0.41; time: 0.0 min; memory: 117Mb use, 172Mb max
[job(628): 2016-09-09 20:15:33] 
[job(628): 2016-09-09 20:15:33] optimisation start
[job(628): 2016-09-09 20:15:33] ------------------
[job(628): 2016-09-09 20:15:33] * estimation method   : MLE 
[job(628): 2016-09-09 20:15:33] * optimisation method : BFGS 
[job(628): 2016-09-09 20:15:33] * analytical gradient : used
[job(628): 2016-09-09 20:15:33] * trend model : ~1
[job(628): 2016-09-09 20:15:33] * covariance model : 
[job(628): 2016-09-09 20:15:33]   - type :  matern5_2 
[job(628): 2016-09-09 20:15:33]   - nugget : NO
[job(628): 2016-09-09 20:15:33]   - parameters lower bounds :  1e-10 1e-10 
[job(628): 2016-09-09 20:15:33]   - parameters upper bounds :  45.09425 42.79179 
[job(628): 2016-09-09 20:15:33]   - best initial criterion value(s) :  4.509957 
[job(628): 2016-09-09 20:15:33] 
[job(628): 2016-09-09 20:15:33] N = 2, M = 5 machine precision = 2.22045e-16
[job(628): 2016-09-09 20:15:33] At X0, 0 variables are exactly at the bounds
[job(628): 2016-09-09 20:15:33] At iterate     0  f=        -4.51  |proj g|=      0.25739
[job(628): 2016-09-09 20:15:33] At iterate     1  f =      -8.4055  |proj g|=             0
[job(628): 2016-09-09 20:15:33] 
[job(628): 2016-09-09 20:15:33] iterations 1
[job(628): 2016-09-09 20:15:33] function evaluations 2
[job(628): 2016-09-09 20:15:33] segments explored during Cauchy searches 2
[job(628): 2016-09-09 20:15:33] BFGS updates skipped 0
[job(628): 2016-09-09 20:15:33] active bounds at final generalized Cauchy point 1
[job(628): 2016-09-09 20:15:33] norm of the final projected gradient 0
[job(628): 2016-09-09 20:15:33] final function value -8.40552
[job(628): 2016-09-09 20:15:33] 
[job(628): 2016-09-09 20:15:33] F = -8.40552
[job(628): 2016-09-09 20:15:33] final  value -8.405523 
[job(628): 2016-09-09 20:15:33] converged
[job(628): 2016-09-09 20:15:33] [Tune-x] 16: C=0.201; sigma=270
[job(628): 2016-09-09 20:15:33] [Tune-y] 16: acc.test.mean=0.299; time: 0.0 min; memory: 117Mb use, 172Mb max
[job(628): 2016-09-09 20:15:33] 
[job(628): 2016-09-09 20:15:33] optimisation start
[job(628): 2016-09-09 20:15:33] ------------------
[job(628): 2016-09-09 20:15:33] * estimation method   : MLE 
[job(628): 2016-09-09 20:15:33] * optimisation method : BFGS 
[job(628): 2016-09-09 20:15:33] * analytical gradient : used
[job(628): 2016-09-09 20:15:33] * trend model : ~1
[job(628): 2016-09-09 20:15:33] * covariance model : 
[job(628): 2016-09-09 20:15:33]   - type :  matern5_2 
[job(628): 2016-09-09 20:15:33]   - nugget : NO
[job(628): 2016-09-09 20:15:33]   - parameters lower bounds :  1e-10 1e-10 
[job(628): 2016-09-09 20:15:33]   - parameters upper bounds :  45.09425 42.79179 
[job(628): 2016-09-09 20:15:33]   - best initial criterion value(s) :  -16.30242 
[job(628): 2016-09-09 20:15:33] 
[job(628): 2016-09-09 20:15:33] N = 2, M = 5 machine precision = 2.22045e-16
[job(628): 2016-09-09 20:15:33] At X0, 0 variables are exactly at the bounds
[job(628): 2016-09-09 20:15:33] At iterate     0  f=       16.302  |proj g|=       1.8192
[job(628): 2016-09-09 20:15:33] At iterate     1  f =       7.4456  |proj g|=        1.0053
[job(628): 2016-09-09 20:15:33] ys=-1.372e+01  -gs= 4.525e+00, BFGS update SKIPPED
[job(628): 2016-09-09 20:15:33] At iterate     2  f =      -9.3852  |proj g|=             0
[job(628): 2016-09-09 20:15:33] 
[job(628): 2016-09-09 20:15:33] iterations 2
[job(628): 2016-09-09 20:15:33] function evaluations 3
[job(628): 2016-09-09 20:15:33] segments explored during Cauchy searches 3
[job(628): 2016-09-09 20:15:33] BFGS updates skipped 1
[job(628): 2016-09-09 20:15:33] active bounds at final generalized Cauchy point 1
[job(628): 2016-09-09 20:15:33] norm of the final projected gradient 0
[job(628): 2016-09-09 20:15:33] final function value -9.38516
[job(628): 2016-09-09 20:15:33] 
[job(628): 2016-09-09 20:15:33] F = -9.38516
[job(628): 2016-09-09 20:15:33] final  value -9.385158 
[job(628): 2016-09-09 20:15:33] converged
[job(628): 2016-09-09 20:15:33] [Tune-x] 17: C=0.18; sigma=623
[job(628): 2016-09-09 20:15:33] [Tune-y] 17: acc.test.mean=0.298; time: 0.0 min; memory: 117Mb use, 172Mb max
[job(628): 2016-09-09 20:15:33] 
[job(628): 2016-09-09 20:15:33] optimisation start
[job(628): 2016-09-09 20:15:33] ------------------
[job(628): 2016-09-09 20:15:33] * estimation method   : MLE 
[job(628): 2016-09-09 20:15:33] * optimisation method : BFGS 
[job(628): 2016-09-09 20:15:33] * analytical gradient : used
[job(628): 2016-09-09 20:15:33] * trend model : ~1
[job(628): 2016-09-09 20:15:33] * covariance model : 
[job(628): 2016-09-09 20:15:33]   - type :  matern5_2 
[job(628): 2016-09-09 20:15:33]   - nugget : NO
[job(628): 2016-09-09 20:15:33]   - parameters lower bounds :  1e-10 1e-10 
[job(628): 2016-09-09 20:15:33]   - parameters upper bounds :  45.09425 42.79179 
[job(628): 2016-09-09 20:15:33]   - best initial criterion value(s) :  3.106982 
[job(628): 2016-09-09 20:15:33] 
[job(628): 2016-09-09 20:15:33] N = 2, M = 5 machine precision = 2.22045e-16
[job(628): 2016-09-09 20:15:33] At X0, 0 variables are exactly at the bounds
[job(628): 2016-09-09 20:15:33] At iterate     0  f=       -3.107  |proj g|=      0.32661
[job(628): 2016-09-09 20:15:33] At iterate     1  f =      -10.393  |proj g|=             0
[job(628): 2016-09-09 20:15:33] 
[job(628): 2016-09-09 20:15:33] iterations 1
[job(628): 2016-09-09 20:15:33] function evaluations 2
[job(628): 2016-09-09 20:15:33] segments explored during Cauchy searches 2
[job(628): 2016-09-09 20:15:33] BFGS updates skipped 0
[job(628): 2016-09-09 20:15:33] active bounds at final generalized Cauchy point 1
[job(628): 2016-09-09 20:15:33] norm of the final projected gradient 0
[job(628): 2016-09-09 20:15:33] final function value -10.3934
[job(628): 2016-09-09 20:15:33] 
[job(628): 2016-09-09 20:15:33] F = -10.3934
[job(628): 2016-09-09 20:15:33] final  value -10.393376 
[job(628): 2016-09-09 20:15:33] converged
[job(628): 2016-09-09 20:15:33] [Tune-x] 18: C=0.116; sigma=0.000262
[job(628): 2016-09-09 20:15:33] [Tune-y] 18: acc.test.mean=0.264; time: 0.0 min; memory: 117Mb use, 172Mb max
[job(628): 2016-09-09 20:15:33] 
[job(628): 2016-09-09 20:15:33] optimisation start
[job(628): 2016-09-09 20:15:33] ------------------
[job(628): 2016-09-09 20:15:33] * estimation method   : MLE 
[job(628): 2016-09-09 20:15:33] * optimisation method : BFGS 
[job(628): 2016-09-09 20:15:33] * analytical gradient : used
[job(628): 2016-09-09 20:15:33] * trend model : ~1
[job(628): 2016-09-09 20:15:33] * covariance model : 
[job(628): 2016-09-09 20:15:33]   - type :  matern5_2 
[job(628): 2016-09-09 20:15:33]   - nugget : NO
[job(628): 2016-09-09 20:15:33]   - parameters lower bounds :  1e-10 1e-10 
[job(628): 2016-09-09 20:15:33]   - parameters upper bounds :  45.09425 44.59259 
[job(628): 2016-09-09 20:15:33]   - best initial criterion value(s) :  -23.98363 
[job(628): 2016-09-09 20:15:33] 
[job(628): 2016-09-09 20:15:33] N = 2, M = 5 machine precision = 2.22045e-16
[job(628): 2016-09-09 20:15:33] At X0, 0 variables are exactly at the bounds
[job(628): 2016-09-09 20:15:33] At iterate     0  f=       23.984  |proj g|=       1.3574
[job(628): 2016-09-09 20:15:33] At iterate     1  f =      -11.292  |proj g|=             0
[job(628): 2016-09-09 20:15:33] 
[job(628): 2016-09-09 20:15:33] iterations 1
[job(628): 2016-09-09 20:15:33] function evaluations 2
[job(628): 2016-09-09 20:15:33] segments explored during Cauchy searches 2
[job(628): 2016-09-09 20:15:33] BFGS updates skipped 0
[job(628): 2016-09-09 20:15:33] active bounds at final generalized Cauchy point 1
[job(628): 2016-09-09 20:15:33] norm of the final projected gradient 0
[job(628): 2016-09-09 20:15:33] final function value -11.2918
[job(628): 2016-09-09 20:15:33] 
[job(628): 2016-09-09 20:15:33] F = -11.2918
[job(628): 2016-09-09 20:15:33] final  value -11.291829 
[job(628): 2016-09-09 20:15:33] converged
[job(628): 2016-09-09 20:15:33] [Tune-x] 19: C=0.000592; sigma=871
[job(628): 2016-09-09 20:15:33] [Tune-y] 19: acc.test.mean=0.299; time: 0.0 min; memory: 117Mb use, 172Mb max
[job(628): 2016-09-09 20:15:33] 
[job(628): 2016-09-09 20:15:33] optimisation start
[job(628): 2016-09-09 20:15:33] ------------------
[job(628): 2016-09-09 20:15:33] * estimation method   : MLE 
[job(628): 2016-09-09 20:15:33] * optimisation method : BFGS 
[job(628): 2016-09-09 20:15:33] * analytical gradient : used
[job(628): 2016-09-09 20:15:33] * trend model : ~1
[job(628): 2016-09-09 20:15:33] * covariance model : 
[job(628): 2016-09-09 20:15:33]   - type :  matern5_2 
[job(628): 2016-09-09 20:15:33]   - nugget : NO
[job(628): 2016-09-09 20:15:33]   - parameters lower bounds :  1e-10 1e-10 
[job(628): 2016-09-09 20:15:33]   - parameters upper bounds :  45.44557 44.59259 
[job(628): 2016-09-09 20:15:33]   - best initial criterion value(s) :  -11.14534 
[job(628): 2016-09-09 20:15:33] 
[job(628): 2016-09-09 20:15:33] N = 2, M = 5 machine precision = 2.22045e-16
[job(628): 2016-09-09 20:15:33] At X0, 0 variables are exactly at the bounds
[job(628): 2016-09-09 20:15:33] At iterate     0  f=       11.145  |proj g|=       3.2147
[job(628): 2016-09-09 20:15:33] At iterate     1  f =      -12.361  |proj g|=             0
[job(628): 2016-09-09 20:15:33] 
[job(628): 2016-09-09 20:15:33] iterations 1
[job(628): 2016-09-09 20:15:33] function evaluations 2
[job(628): 2016-09-09 20:15:33] segments explored during Cauchy searches 2
[job(628): 2016-09-09 20:15:33] BFGS updates skipped 0
[job(628): 2016-09-09 20:15:33] active bounds at final generalized Cauchy point 2
[job(628): 2016-09-09 20:15:33] norm of the final projected gradient 0
[job(628): 2016-09-09 20:15:33] final function value -12.3611
[job(628): 2016-09-09 20:15:33] 
[job(628): 2016-09-09 20:15:33] F = -12.3611
[job(628): 2016-09-09 20:15:33] final  value -12.361106 
[job(628): 2016-09-09 20:15:33] converged
[job(628): 2016-09-09 20:15:33] [Tune-x] 20: C=12.8; sigma=585
[job(628): 2016-09-09 20:15:33] [Tune-y] 20: acc.test.mean=0.19; time: 0.0 min; memory: 117Mb use, 172Mb max
[job(628): 2016-09-09 20:15:33] 
[job(628): 2016-09-09 20:15:33] optimisation start
[job(628): 2016-09-09 20:15:33] ------------------
[job(628): 2016-09-09 20:15:33] * estimation method   : MLE 
[job(628): 2016-09-09 20:15:33] * optimisation method : BFGS 
[job(628): 2016-09-09 20:15:33] * analytical gradient : used
[job(628): 2016-09-09 20:15:33] * trend model : ~1
[job(628): 2016-09-09 20:15:33] * covariance model : 
[job(628): 2016-09-09 20:15:33]   - type :  matern5_2 
[job(628): 2016-09-09 20:15:33]   - nugget : NO
[job(628): 2016-09-09 20:15:33]   - parameters lower bounds :  1e-10 1e-10 
[job(628): 2016-09-09 20:15:33]   - parameters upper bounds :  45.44557 44.59259 
[job(628): 2016-09-09 20:15:33]   - best initial criterion value(s) :  10.5406 
[job(628): 2016-09-09 20:15:33] 
[job(628): 2016-09-09 20:15:33] N = 2, M = 5 machine precision = 2.22045e-16
[job(628): 2016-09-09 20:15:33] At X0, 0 variables are exactly at the bounds
[job(628): 2016-09-09 20:15:33] At iterate     0  f=      -10.541  |proj g|=      0.22138
[job(628): 2016-09-09 20:15:33] At iterate     1  f =      -12.789  |proj g|=             0
[job(628): 2016-09-09 20:15:33] 
[job(628): 2016-09-09 20:15:33] iterations 1
[job(628): 2016-09-09 20:15:33] function evaluations 2
[job(628): 2016-09-09 20:15:33] segments explored during Cauchy searches 2
[job(628): 2016-09-09 20:15:33] BFGS updates skipped 0
[job(628): 2016-09-09 20:15:33] active bounds at final generalized Cauchy point 1
[job(628): 2016-09-09 20:15:33] norm of the final projected gradient 0
[job(628): 2016-09-09 20:15:33] final function value -12.7887
[job(628): 2016-09-09 20:15:33] 
[job(628): 2016-09-09 20:15:33] F = -12.7887
[job(628): 2016-09-09 20:15:33] final  value -12.788730 
[job(628): 2016-09-09 20:15:33] converged
[job(628): 2016-09-09 20:15:33] [Tune-x] 21: C=3.74e+03; sigma=3.33e+03
[job(628): 2016-09-09 20:15:33] [Tune-y] 21: acc.test.mean=0.207; time: 0.0 min; memory: 117Mb use, 172Mb max
[job(628): 2016-09-09 20:15:33] 
[job(628): 2016-09-09 20:15:33] optimisation start
[job(628): 2016-09-09 20:15:33] ------------------
[job(628): 2016-09-09 20:15:33] * estimation method   : MLE 
[job(628): 2016-09-09 20:15:33] * optimisation method : BFGS 
[job(628): 2016-09-09 20:15:33] * analytical gradient : used
[job(628): 2016-09-09 20:15:33] * trend model : ~1
[job(628): 2016-09-09 20:15:33] * covariance model : 
[job(628): 2016-09-09 20:15:33]   - type :  matern5_2 
[job(628): 2016-09-09 20:15:33]   - nugget : NO
[job(628): 2016-09-09 20:15:33]   - parameters lower bounds :  1e-10 1e-10 
[job(628): 2016-09-09 20:15:33]   - parameters upper bounds :  45.44557 47.19362 
[job(628): 2016-09-09 20:15:33]   - best initial criterion value(s) :  6.282676 
[job(628): 2016-09-09 20:15:33] 
[job(628): 2016-09-09 20:15:33] N = 2, M = 5 machine precision = 2.22045e-16
[job(628): 2016-09-09 20:15:33] At X0, 0 variables are exactly at the bounds
[job(628): 2016-09-09 20:15:33] At iterate     0  f=      -6.2827  |proj g|=      0.28642
[job(628): 2016-09-09 20:15:33] At iterate     1  f =      -13.427  |proj g|=             0
[job(628): 2016-09-09 20:15:33] 
[job(628): 2016-09-09 20:15:33] iterations 1
[job(628): 2016-09-09 20:15:33] function evaluations 2
[job(628): 2016-09-09 20:15:33] segments explored during Cauchy searches 2
[job(628): 2016-09-09 20:15:33] BFGS updates skipped 0
[job(628): 2016-09-09 20:15:33] active bounds at final generalized Cauchy point 1
[job(628): 2016-09-09 20:15:33] norm of the final projected gradient 0
[job(628): 2016-09-09 20:15:33] final function value -13.4274
[job(628): 2016-09-09 20:15:33] 
[job(628): 2016-09-09 20:15:33] F = -13.4274
[job(628): 2016-09-09 20:15:33] final  value -13.427450 
[job(628): 2016-09-09 20:15:33] converged
[job(628): 2016-09-09 20:15:33] [Tune-x] 22: C=87.2; sigma=272
[job(628): 2016-09-09 20:15:33] [Tune-y] 22: acc.test.mean=0.183; time: 0.0 min; memory: 117Mb use, 186Mb max
[job(628): 2016-09-09 20:15:33] 
[job(628): 2016-09-09 20:15:33] optimisation start
[job(628): 2016-09-09 20:15:33] ------------------
[job(628): 2016-09-09 20:15:33] * estimation method   : MLE 
[job(628): 2016-09-09 20:15:33] * optimisation method : BFGS 
[job(628): 2016-09-09 20:15:33] * analytical gradient : used
[job(628): 2016-09-09 20:15:33] * trend model : ~1
[job(628): 2016-09-09 20:15:33] * covariance model : 
[job(628): 2016-09-09 20:15:33]   - type :  matern5_2 
[job(628): 2016-09-09 20:15:33]   - nugget : NO
[job(628): 2016-09-09 20:15:33]   - parameters lower bounds :  1e-10 1e-10 
[job(628): 2016-09-09 20:15:33]   - parameters upper bounds :  45.44557 47.19362 
[job(628): 2016-09-09 20:15:33]   - best initial criterion value(s) :  3.5652 
[job(628): 2016-09-09 20:15:33] 
[job(628): 2016-09-09 20:15:33] N = 2, M = 5 machine precision = 2.22045e-16
[job(628): 2016-09-09 20:15:33] At X0, 0 variables are exactly at the bounds
[job(628): 2016-09-09 20:15:33] At iterate     0  f=      -3.5652  |proj g|=       2.0728
[job(628): 2016-09-09 20:15:33] At iterate     1  f =      -13.923  |proj g|=             0
[job(628): 2016-09-09 20:15:33] 
[job(628): 2016-09-09 20:15:33] iterations 1
[job(628): 2016-09-09 20:15:33] function evaluations 2
[job(628): 2016-09-09 20:15:33] segments explored during Cauchy searches 2
[job(628): 2016-09-09 20:15:33] BFGS updates skipped 0
[job(628): 2016-09-09 20:15:33] active bounds at final generalized Cauchy point 1
[job(628): 2016-09-09 20:15:33] norm of the final projected gradient 0
[job(628): 2016-09-09 20:15:33] final function value -13.9232
[job(628): 2016-09-09 20:15:33] 
[job(628): 2016-09-09 20:15:33] F = -13.9232
[job(628): 2016-09-09 20:15:33] final  value -13.923152 
[job(628): 2016-09-09 20:15:33] converged
[job(628): 2016-09-09 20:15:33] [Tune-x] 23: C=2.27e+03; sigma=194
[job(628): 2016-09-09 20:15:33] [Tune-y] 23: acc.test.mean=0.207; time: 0.0 min; memory: 117Mb use, 186Mb max
[job(628): 2016-09-09 20:15:33] 
[job(628): 2016-09-09 20:15:33] optimisation start
[job(628): 2016-09-09 20:15:33] ------------------
[job(628): 2016-09-09 20:15:33] * estimation method   : MLE 
[job(628): 2016-09-09 20:15:33] * optimisation method : BFGS 
[job(628): 2016-09-09 20:15:33] * analytical gradient : used
[job(628): 2016-09-09 20:15:33] * trend model : ~1
[job(628): 2016-09-09 20:15:33] * covariance model : 
[job(628): 2016-09-09 20:15:33]   - type :  matern5_2 
[job(628): 2016-09-09 20:15:33]   - nugget : NO
[job(628): 2016-09-09 20:15:33]   - parameters lower bounds :  1e-10 1e-10 
[job(628): 2016-09-09 20:15:33]   - parameters upper bounds :  45.44557 47.19362 
[job(628): 2016-09-09 20:15:33]   - best initial criterion value(s) :  -18.3589 
[job(628): 2016-09-09 20:15:33] 
[job(628): 2016-09-09 20:15:33] N = 2, M = 5 machine precision = 2.22045e-16
[job(628): 2016-09-09 20:15:33] At X0, 0 variables are exactly at the bounds
[job(628): 2016-09-09 20:15:33] At iterate     0  f=       18.359  |proj g|=       3.8152
[job(628): 2016-09-09 20:15:33] At iterate     1  f =      -12.825  |proj g|=        3.2631
[job(628): 2016-09-09 20:15:33] ys=-1.808e+01  -gs= 1.744e+01, BFGS update SKIPPED
[job(628): 2016-09-09 20:15:33] At iterate     2  f =      -14.652  |proj g|=             0
[job(628): 2016-09-09 20:15:33] 
[job(628): 2016-09-09 20:15:33] iterations 2
[job(628): 2016-09-09 20:15:33] function evaluations 3
[job(628): 2016-09-09 20:15:33] segments explored during Cauchy searches 3
[job(628): 2016-09-09 20:15:33] BFGS updates skipped 1
[job(628): 2016-09-09 20:15:33] active bounds at final generalized Cauchy point 1
[job(628): 2016-09-09 20:15:33] norm of the final projected gradient 0
[job(628): 2016-09-09 20:15:33] final function value -14.6525
[job(628): 2016-09-09 20:15:33] 
[job(628): 2016-09-09 20:15:33] F = -14.6525
[job(628): 2016-09-09 20:15:33] final  value -14.652477 
[job(628): 2016-09-09 20:15:33] converged
[job(628): 2016-09-09 20:15:33] [Tune-x] 24: C=805; sigma=3.91
[job(628): 2016-09-09 20:15:33] [Tune-y] 24: acc.test.mean=0.218; time: 0.0 min; memory: 117Mb use, 186Mb max
[job(628): 2016-09-09 20:15:33] 
[job(628): 2016-09-09 20:15:33] optimisation start
[job(628): 2016-09-09 20:15:33] ------------------
[job(628): 2016-09-09 20:15:33] * estimation method   : MLE 
[job(628): 2016-09-09 20:15:33] * optimisation method : BFGS 
[job(628): 2016-09-09 20:15:33] * analytical gradient : used
[job(628): 2016-09-09 20:15:33] * trend model : ~1
[job(628): 2016-09-09 20:15:33] * covariance model : 
[job(628): 2016-09-09 20:15:33]   - type :  matern5_2 
[job(628): 2016-09-09 20:15:33]   - nugget : NO
[job(628): 2016-09-09 20:15:33]   - parameters lower bounds :  1e-10 1e-10 
[job(628): 2016-09-09 20:15:33]   - parameters upper bounds :  45.44557 47.19362 
[job(628): 2016-09-09 20:15:33]   - best initial criterion value(s) :  7.510223 
[job(628): 2016-09-09 20:15:33] 
[job(628): 2016-09-09 20:15:33] N = 2, M = 5 machine precision = 2.22045e-16
[job(628): 2016-09-09 20:15:33] At X0, 0 variables are exactly at the bounds
[job(628): 2016-09-09 20:15:33] At iterate     0  f=      -7.5102  |proj g|=      0.32078
[job(628): 2016-09-09 20:15:33] At iterate     1  f =       -15.49  |proj g|=             0
[job(628): 2016-09-09 20:15:33] 
[job(628): 2016-09-09 20:15:33] iterations 1
[job(628): 2016-09-09 20:15:33] function evaluations 2
[job(628): 2016-09-09 20:15:33] segments explored during Cauchy searches 2
[job(628): 2016-09-09 20:15:33] BFGS updates skipped 0
[job(628): 2016-09-09 20:15:33] active bounds at final generalized Cauchy point 1
[job(628): 2016-09-09 20:15:33] norm of the final projected gradient 0
[job(628): 2016-09-09 20:15:33] final function value -15.4895
[job(628): 2016-09-09 20:15:33] 
[job(628): 2016-09-09 20:15:33] F = -15.4895
[job(628): 2016-09-09 20:15:33] final  value -15.489526 
[job(628): 2016-09-09 20:15:33] converged
[job(628): 2016-09-09 20:15:33] [Tune-x] 25: C=0.000818; sigma=0.00047
[job(628): 2016-09-09 20:15:33] [Tune-y] 25: acc.test.mean=0.298; time: 0.0 min; memory: 117Mb use, 186Mb max
[job(628): 2016-09-09 20:15:33] 
[job(628): 2016-09-09 20:15:33] optimisation start
[job(628): 2016-09-09 20:15:33] ------------------
[job(628): 2016-09-09 20:15:33] * estimation method   : MLE 
[job(628): 2016-09-09 20:15:33] * optimisation method : BFGS 
[job(628): 2016-09-09 20:15:33] * analytical gradient : used
[job(628): 2016-09-09 20:15:33] * trend model : ~1
[job(628): 2016-09-09 20:15:33] * covariance model : 
[job(628): 2016-09-09 20:15:33]   - type :  matern5_2 
[job(628): 2016-09-09 20:15:33]   - nugget : NO
[job(628): 2016-09-09 20:15:33]   - parameters lower bounds :  1e-10 1e-10 
[job(628): 2016-09-09 20:15:33]   - parameters upper bounds :  45.44557 47.19362 
[job(628): 2016-09-09 20:15:33]   - best initial criterion value(s) :  -38.75634 
[job(628): 2016-09-09 20:15:33] 
[job(628): 2016-09-09 20:15:33] N = 2, M = 5 machine precision = 2.22045e-16
[job(628): 2016-09-09 20:15:33] At X0, 0 variables are exactly at the bounds
[job(628): 2016-09-09 20:15:33] At iterate     0  f=       38.756  |proj g|=       1.2796
[job(628): 2016-09-09 20:15:33] At iterate     1  f =        36.56  |proj g|=        1.4419
[job(628): 2016-09-09 20:15:33] ys=-2.554e-01  -gs= 2.073e+00, BFGS update SKIPPED
[job(628): 2016-09-09 20:15:33] At iterate     2  f =      -16.636  |proj g|=             0
[job(628): 2016-09-09 20:15:33] 
[job(628): 2016-09-09 20:15:33] iterations 2
[job(628): 2016-09-09 20:15:33] function evaluations 5
[job(628): 2016-09-09 20:15:33] segments explored during Cauchy searches 2
[job(628): 2016-09-09 20:15:33] BFGS updates skipped 1
[job(628): 2016-09-09 20:15:33] active bounds at final generalized Cauchy point 0
[job(628): 2016-09-09 20:15:33] norm of the final projected gradient 0
[job(628): 2016-09-09 20:15:33] final function value -16.6359
[job(628): 2016-09-09 20:15:33] 
[job(628): 2016-09-09 20:15:33] F = -16.6359
[job(628): 2016-09-09 20:15:33] final  value -16.635905 
[job(628): 2016-09-09 20:15:33] converged
[job(628): 2016-09-09 20:15:33] [Tune-x] 26: C=15.8; sigma=0.0612
[job(628): 2016-09-09 20:15:33] [Tune-y] 26: acc.test.mean=0.563; time: 0.0 min; memory: 117Mb use, 188Mb max
[job(628): 2016-09-09 20:15:33] 
[job(628): 2016-09-09 20:15:33] optimisation start
[job(628): 2016-09-09 20:15:33] ------------------
[job(628): 2016-09-09 20:15:33] * estimation method   : MLE 
[job(628): 2016-09-09 20:15:33] * optimisation method : BFGS 
[job(628): 2016-09-09 20:15:33] * analytical gradient : used
[job(628): 2016-09-09 20:15:33] * trend model : ~1
[job(628): 2016-09-09 20:15:33] * covariance model : 
[job(628): 2016-09-09 20:15:33]   - type :  matern5_2 
[job(628): 2016-09-09 20:15:33]   - nugget : NO
[job(628): 2016-09-09 20:15:33]   - parameters lower bounds :  1e-10 1e-10 
[job(628): 2016-09-09 20:15:33]   - parameters upper bounds :  45.44557 47.19362 
[job(628): 2016-09-09 20:15:33]   - best initial criterion value(s) :  13.43714 
[job(628): 2016-09-09 20:15:33] 
[job(628): 2016-09-09 20:15:33] N = 2, M = 5 machine precision = 2.22045e-16
[job(628): 2016-09-09 20:15:33] At X0, 0 variables are exactly at the bounds
[job(628): 2016-09-09 20:15:33] At iterate     0  f=      -13.437  |proj g|=      0.15536
[job(628): 2016-09-09 20:15:33] At iterate     1  f =      -15.967  |proj g|=             0
[job(628): 2016-09-09 20:15:33] 
[job(628): 2016-09-09 20:15:33] iterations 1
[job(628): 2016-09-09 20:15:33] function evaluations 2
[job(628): 2016-09-09 20:15:33] segments explored during Cauchy searches 2
[job(628): 2016-09-09 20:15:33] BFGS updates skipped 0
[job(628): 2016-09-09 20:15:33] active bounds at final generalized Cauchy point 1
[job(628): 2016-09-09 20:15:33] norm of the final projected gradient 0
[job(628): 2016-09-09 20:15:33] final function value -15.9673
[job(628): 2016-09-09 20:15:33] 
[job(628): 2016-09-09 20:15:33] F = -15.9673
[job(628): 2016-09-09 20:15:33] final  value -15.967312 
[job(628): 2016-09-09 20:15:33] converged
[job(628): 2016-09-09 20:15:33] [Tune-x] 27: C=3.72; sigma=0.0143
[job(628): 2016-09-09 20:15:33] [Tune-y] 27: acc.test.mean=0.455; time: 0.0 min; memory: 117Mb use, 188Mb max
[job(628): 2016-09-09 20:15:33] 
[job(628): 2016-09-09 20:15:33] optimisation start
[job(628): 2016-09-09 20:15:33] ------------------
[job(628): 2016-09-09 20:15:33] * estimation method   : MLE 
[job(628): 2016-09-09 20:15:33] * optimisation method : BFGS 
[job(628): 2016-09-09 20:15:33] * analytical gradient : used
[job(628): 2016-09-09 20:15:33] * trend model : ~1
[job(628): 2016-09-09 20:15:33] * covariance model : 
[job(628): 2016-09-09 20:15:33]   - type :  matern5_2 
[job(628): 2016-09-09 20:15:33]   - nugget : NO
[job(628): 2016-09-09 20:15:33]   - parameters lower bounds :  1e-10 1e-10 
[job(628): 2016-09-09 20:15:33]   - parameters upper bounds :  45.44557 47.19362 
[job(628): 2016-09-09 20:15:33]   - best initial criterion value(s) :  -7.119686 
[job(628): 2016-09-09 20:15:33] 
[job(628): 2016-09-09 20:15:33] N = 2, M = 5 machine precision = 2.22045e-16
[job(628): 2016-09-09 20:15:33] At X0, 0 variables are exactly at the bounds
[job(628): 2016-09-09 20:15:33] At iterate     0  f=       7.1197  |proj g|=      0.53085
[job(628): 2016-09-09 20:15:33] At iterate     1  f =      -16.601  |proj g|=             0
[job(628): 2016-09-09 20:15:33] 
[job(628): 2016-09-09 20:15:33] iterations 1
[job(628): 2016-09-09 20:15:33] function evaluations 2
[job(628): 2016-09-09 20:15:33] segments explored during Cauchy searches 2
[job(628): 2016-09-09 20:15:33] BFGS updates skipped 0
[job(628): 2016-09-09 20:15:33] active bounds at final generalized Cauchy point 1
[job(628): 2016-09-09 20:15:33] norm of the final projected gradient 0
[job(628): 2016-09-09 20:15:33] final function value -16.6007
[job(628): 2016-09-09 20:15:33] 
[job(628): 2016-09-09 20:15:33] F = -16.6007
[job(628): 2016-09-09 20:15:33] final  value -16.600656 
[job(628): 2016-09-09 20:15:33] converged
[job(628): 2016-09-09 20:15:33] [Tune-x] 28: C=38.5; sigma=879
[job(628): 2016-09-09 20:15:33] [Tune-y] 28: acc.test.mean=0.206; time: 0.0 min; memory: 117Mb use, 188Mb max
[job(628): 2016-09-09 20:15:33] 
[job(628): 2016-09-09 20:15:33] optimisation start
[job(628): 2016-09-09 20:15:33] ------------------
[job(628): 2016-09-09 20:15:33] * estimation method   : MLE 
[job(628): 2016-09-09 20:15:33] * optimisation method : BFGS 
[job(628): 2016-09-09 20:15:33] * analytical gradient : used
[job(628): 2016-09-09 20:15:33] * trend model : ~1
[job(628): 2016-09-09 20:15:33] * covariance model : 
[job(628): 2016-09-09 20:15:33]   - type :  matern5_2 
[job(628): 2016-09-09 20:15:33]   - nugget : NO
[job(628): 2016-09-09 20:15:33]   - parameters lower bounds :  1e-10 1e-10 
[job(628): 2016-09-09 20:15:33]   - parameters upper bounds :  45.44557 47.19362 
[job(628): 2016-09-09 20:15:33]   - best initial criterion value(s) :  -24.10792 
[job(628): 2016-09-09 20:15:33] 
[job(628): 2016-09-09 20:15:33] N = 2, M = 5 machine precision = 2.22045e-16
[job(628): 2016-09-09 20:15:33] At X0, 0 variables are exactly at the bounds
[job(628): 2016-09-09 20:15:33] At iterate     0  f=       24.108  |proj g|=       3.2862
[job(628): 2016-09-09 20:15:33] At iterate     1  f =       9.3252  |proj g|=        3.1479
[job(628): 2016-09-09 20:15:33] ys=-9.555e+00  -gs= 1.085e+01, BFGS update SKIPPED
[job(628): 2016-09-09 20:15:33] At iterate     2  f =      -17.289  |proj g|=             0
[job(628): 2016-09-09 20:15:33] 
[job(628): 2016-09-09 20:15:33] iterations 2
[job(628): 2016-09-09 20:15:33] function evaluations 3
[job(628): 2016-09-09 20:15:33] segments explored during Cauchy searches 3
[job(628): 2016-09-09 20:15:33] BFGS updates skipped 1
[job(628): 2016-09-09 20:15:33] active bounds at final generalized Cauchy point 1
[job(628): 2016-09-09 20:15:33] norm of the final projected gradient 0
[job(628): 2016-09-09 20:15:33] final function value -17.289
[job(628): 2016-09-09 20:15:33] 
[job(628): 2016-09-09 20:15:33] F = -17.289
[job(628): 2016-09-09 20:15:33] final  value -17.289034 
[job(628): 2016-09-09 20:15:33] converged
[job(628): 2016-09-09 20:15:33] [Tune] Result: C=340; sigma=0.00753 : acc.test.mean=-0.586
[job(628): 2016-09-09 20:15:33] Job terminated successfully
[job(chunk): 2016-09-09 20:15:34] Calculation finished!
