[job(chunk): 2016-09-10 00:34:21] Starting calculation of 1 jobs
[job(chunk): 2016-09-10 00:34:21] Setting working directory to '/naslx/projects/pr74ze/ri89coc2/svm_comparison'
[job(chunk): 2016-09-10 00:34:21] Memory measurement disabled
[job(1142): 2016-09-10 00:34:23] Starting job with job.id=1142
[job(1142): 2016-09-10 00:35:09] Generating problem instance for problem '1513' ...
[job(1142): 2016-09-10 00:35:09] Downloading from 'http://www.openml.org/api/v1/data/1513' to '/tmp/ri89coc2/Rtmp2xEJNT/cache/datasets/1513/description.xml'.
[job(1142): 2016-09-10 00:35:09] Downloading from 'http://www.openml.org/data/download/1593705/php65iCJh' to '/tmp/ri89coc2/Rtmp2xEJNT/cache/datasets/1513/dataset.arff'
[job(1142): 2016-09-10 00:35:09] Loading required package: readr
[job(1142): 2016-09-10 00:35:09] Applying algorithm 'C-svc.tuned' on problem '1513' ...
[job(1142): 2016-09-10 00:35:09] Data '1513' file 'description.xml' found in cache.
[job(1142): 2016-09-10 00:35:09] Data '1513' file 'dataset.arff' found in cache.
[job(1142): 2016-09-10 00:35:09] [Tune] Started tuning learner C-svc for parameter set:
[job(1142): 2016-09-10 00:35:09]          Type len Def    Constr Req Tunable Trafo
[job(1142): 2016-09-10 00:35:09] C     numeric   -   - -12 to 12   -    TRUE     Y
[job(1142): 2016-09-10 00:35:09] sigma numeric   -   - -12 to 12   -    TRUE     Y
[job(1142): 2016-09-10 00:35:09] With control class: TuneControlMBO
[job(1142): 2016-09-10 00:35:09] Imputation value: -0
[job(1142): 2016-09-10 00:35:09] [Tune-x] 1: C=0.0832; sigma=0.000276
[job(1142): 2016-09-10 00:35:09] [Tune-y] 1: acc.test.mean=0.396; time: 0.0 min; memory: 113Mb use, 157Mb max
[job(1142): 2016-09-10 00:35:09] [Tune-x] 2: C=1.38; sigma=1
[job(1142): 2016-09-10 00:35:09] [Tune-y] 2: acc.test.mean=0.433; time: 0.0 min; memory: 113Mb use, 157Mb max
[job(1142): 2016-09-10 00:35:09] [Tune-x] 3: C=0.00335; sigma=129
[job(1142): 2016-09-10 00:35:09] [Tune-y] 3: acc.test.mean=0.395; time: 0.0 min; memory: 113Mb use, 157Mb max
[job(1142): 2016-09-10 00:35:09] [Tune-x] 4: C=23.2; sigma=0.0091
[job(1142): 2016-09-10 00:35:09] Warning in .local(x, ...) : Variable(s) `' constant. Cannot scale data.
[job(1142): 2016-09-10 00:35:09] [Tune-y] 4: acc.test.mean=0.298; time: 0.0 min; memory: 113Mb use, 157Mb max
[job(1142): 2016-09-10 00:35:09] [Tune-x] 5: C=0.647; sigma=28.8
[job(1142): 2016-09-10 00:35:09] [Tune-y] 5: acc.test.mean=0.397; time: 0.0 min; memory: 113Mb use, 157Mb max
[job(1142): 2016-09-10 00:35:09] [Tune-x] 6: C=2.25e+03; sigma=913
[job(1142): 2016-09-10 00:35:09] [Tune-y] 6: acc.test.mean=0.395; time: 0.0 min; memory: 113Mb use, 157Mb max
[job(1142): 2016-09-10 00:35:09] [Tune-x] 7: C=141; sigma=0.387
[job(1142): 2016-09-10 00:35:09] [Tune-y] 7: acc.test.mean=0.414; time: 0.0 min; memory: 113Mb use, 157Mb max
[job(1142): 2016-09-10 00:35:09] [Tune-x] 8: C=0.000462; sigma=0.062
[job(1142): 2016-09-10 00:35:09] [Tune-y] 8: acc.test.mean=0.397; time: 0.0 min; memory: 113Mb use, 157Mb max
[job(1142): 2016-09-10 00:35:09] 
[job(1142): 2016-09-10 00:35:09] optimisation start
[job(1142): 2016-09-10 00:35:09] ------------------
[job(1142): 2016-09-10 00:35:09] * estimation method   : MLE 
[job(1142): 2016-09-10 00:35:09] * optimisation method : BFGS 
[job(1142): 2016-09-10 00:35:09] * analytical gradient : used
[job(1142): 2016-09-10 00:35:09] * trend model : ~1
[job(1142): 2016-09-10 00:35:09] * covariance model : 
[job(1142): 2016-09-10 00:35:09]   - type :  matern5_2 
[job(1142): 2016-09-10 00:35:09]   - nugget : NO
[job(1142): 2016-09-10 00:35:09]   - parameters lower bounds :  1e-10 1e-10 
[job(1142): 2016-09-10 00:35:09]   - parameters upper bounds :  44.43531 43.31161 
[job(1142): 2016-09-10 00:35:09]   - best initial criterion value(s) :  15.36342 
[job(1142): 2016-09-10 00:35:09] 
[job(1142): 2016-09-10 00:35:09] N = 2, M = 5 machine precision = 2.22045e-16
[job(1142): 2016-09-10 00:35:09] At X0, 0 variables are exactly at the bounds
[job(1142): 2016-09-10 00:35:09] At iterate     0  f=      -15.363  |proj g|=       0.1125
[job(1142): 2016-09-10 00:35:09] At iterate     1  f =      -15.374  |proj g|=        0.0744
[job(1142): 2016-09-10 00:35:09] At iterate     2  f =      -15.382  |proj g|=     0.0040034
[job(1142): 2016-09-10 00:35:09] At iterate     3  f =      -15.383  |proj g|=     0.0039472
[job(1142): 2016-09-10 00:35:09] At iterate     4  f =      -15.383  |proj g|=     0.0055507
[job(1142): 2016-09-10 00:35:09] At iterate     5  f =      -15.383  |proj g|=      0.012262
[job(1142): 2016-09-10 00:35:09] At iterate     6  f =      -15.384  |proj g|=       0.01975
[job(1142): 2016-09-10 00:35:09] At iterate     7  f =      -15.385  |proj g|=       0.02184
[job(1142): 2016-09-10 00:35:09] At iterate     8  f =      -15.387  |proj g|=    0.00039896
[job(1142): 2016-09-10 00:35:09] At iterate     9  f =      -15.387  |proj g|=    0.00031893
[job(1142): 2016-09-10 00:35:09] At iterate    10  f =      -15.387  |proj g|=    7.4729e-06
[job(1142): 2016-09-10 00:35:09] At iterate    11  f =      -15.387  |proj g|=    1.6538e-07
[job(1142): 2016-09-10 00:35:09] 
[job(1142): 2016-09-10 00:35:09] iterations 11
[job(1142): 2016-09-10 00:35:09] function evaluations 12
[job(1142): 2016-09-10 00:35:09] segments explored during Cauchy searches 11
[job(1142): 2016-09-10 00:35:09] BFGS updates skipped 0
[job(1142): 2016-09-10 00:35:09] active bounds at final generalized Cauchy point 0
[job(1142): 2016-09-10 00:35:09] norm of the final projected gradient 1.65378e-07
[job(1142): 2016-09-10 00:35:09] final function value -15.387
[job(1142): 2016-09-10 00:35:09] 
[job(1142): 2016-09-10 00:35:09] F = -15.387
[job(1142): 2016-09-10 00:35:09] final  value -15.386961 
[job(1142): 2016-09-10 00:35:09] converged
[job(1142): 2016-09-10 00:35:09] [Tune-x] 9: C=0.457; sigma=1.04
[job(1142): 2016-09-10 00:35:09] [Tune-y] 9: acc.test.mean=0.397; time: 0.0 min; memory: 117Mb use, 164Mb max
[job(1142): 2016-09-10 00:35:09] 
[job(1142): 2016-09-10 00:35:09] optimisation start
[job(1142): 2016-09-10 00:35:09] ------------------
[job(1142): 2016-09-10 00:35:09] * estimation method   : MLE 
[job(1142): 2016-09-10 00:35:09] * optimisation method : BFGS 
[job(1142): 2016-09-10 00:35:09] * analytical gradient : used
[job(1142): 2016-09-10 00:35:09] * trend model : ~1
[job(1142): 2016-09-10 00:35:09] * covariance model : 
[job(1142): 2016-09-10 00:35:09]   - type :  matern5_2 
[job(1142): 2016-09-10 00:35:09]   - nugget : NO
[job(1142): 2016-09-10 00:35:09]   - parameters lower bounds :  1e-10 1e-10 
[job(1142): 2016-09-10 00:35:09]   - parameters upper bounds :  44.43531 43.31161 
[job(1142): 2016-09-10 00:35:09]   - best initial criterion value(s) :  17.69107 
[job(1142): 2016-09-10 00:35:09] 
[job(1142): 2016-09-10 00:35:09] N = 2, M = 5 machine precision = 2.22045e-16
[job(1142): 2016-09-10 00:35:09] At X0, 0 variables are exactly at the bounds
[job(1142): 2016-09-10 00:35:09] At iterate     0  f=      -17.691  |proj g|=      0.75861
[job(1142): 2016-09-10 00:35:09] At iterate     1  f =      -17.798  |proj g|=      0.044844
[job(1142): 2016-09-10 00:35:09] At iterate     2  f =      -17.799  |proj g|=    0.00075913
[job(1142): 2016-09-10 00:35:09] At iterate     3  f =      -17.799  |proj g|=    0.00075913
[job(1142): 2016-09-10 00:35:09] At iterate     4  f =      -17.799  |proj g|=     0.0022504
[job(1142): 2016-09-10 00:35:09] At iterate     5  f =      -17.799  |proj g|=     0.0047588
[job(1142): 2016-09-10 00:35:09] At iterate     6  f =      -17.799  |proj g|=     0.0095132
[job(1142): 2016-09-10 00:35:09] At iterate     7  f =      -17.799  |proj g|=      0.016693
[job(1142): 2016-09-10 00:35:09] At iterate     8  f =      -17.799  |proj g|=      0.028252
[job(1142): 2016-09-10 00:35:09] At iterate     9  f =      -17.799  |proj g|=      0.045446
[job(1142): 2016-09-10 00:35:09] At iterate    10  f =        -17.8  |proj g|=      0.068755
[job(1142): 2016-09-10 00:35:09] At iterate    11  f =        -17.8  |proj g|=      0.050973
[job(1142): 2016-09-10 00:35:09] At iterate    12  f =      -17.801  |proj g|=    0.00019378
[job(1142): 2016-09-10 00:35:09] At iterate    13  f =      -17.801  |proj g|=    6.0938e-07
[job(1142): 2016-09-10 00:35:09] 
[job(1142): 2016-09-10 00:35:09] iterations 13
[job(1142): 2016-09-10 00:35:09] function evaluations 15
[job(1142): 2016-09-10 00:35:09] segments explored during Cauchy searches 13
[job(1142): 2016-09-10 00:35:09] BFGS updates skipped 0
[job(1142): 2016-09-10 00:35:09] active bounds at final generalized Cauchy point 1
[job(1142): 2016-09-10 00:35:09] norm of the final projected gradient 6.09385e-07
[job(1142): 2016-09-10 00:35:09] final function value -17.8007
[job(1142): 2016-09-10 00:35:09] 
[job(1142): 2016-09-10 00:35:09] F = -17.8007
[job(1142): 2016-09-10 00:35:09] final  value -17.800736 
[job(1142): 2016-09-10 00:35:09] converged
[job(1142): 2016-09-10 00:35:09] [Tune-x] 10: C=1.51; sigma=0.315
[job(1142): 2016-09-10 00:35:09] [Tune-y] 10: acc.test.mean=0.379; time: 0.0 min; memory: 117Mb use, 170Mb max
[job(1142): 2016-09-10 00:35:09] 
[job(1142): 2016-09-10 00:35:09] optimisation start
[job(1142): 2016-09-10 00:35:09] ------------------
[job(1142): 2016-09-10 00:35:09] * estimation method   : MLE 
[job(1142): 2016-09-10 00:35:09] * optimisation method : BFGS 
[job(1142): 2016-09-10 00:35:09] * analytical gradient : used
[job(1142): 2016-09-10 00:35:09] * trend model : ~1
[job(1142): 2016-09-10 00:35:09] * covariance model : 
[job(1142): 2016-09-10 00:35:09]   - type :  matern5_2 
[job(1142): 2016-09-10 00:35:09]   - nugget : NO
[job(1142): 2016-09-10 00:35:09]   - parameters lower bounds :  1e-10 1e-10 
[job(1142): 2016-09-10 00:35:09]   - parameters upper bounds :  44.43531 43.31161 
[job(1142): 2016-09-10 00:35:09]   - best initial criterion value(s) :  11.29225 
[job(1142): 2016-09-10 00:35:09] 
[job(1142): 2016-09-10 00:35:09] N = 2, M = 5 machine precision = 2.22045e-16
[job(1142): 2016-09-10 00:35:09] At X0, 0 variables are exactly at the bounds
[job(1142): 2016-09-10 00:35:09] At iterate     0  f=      -11.292  |proj g|=       1.0367
[job(1142): 2016-09-10 00:35:09] At iterate     1  f =      -19.728  |proj g|=             0
[job(1142): 2016-09-10 00:35:09] 
[job(1142): 2016-09-10 00:35:09] iterations 1
[job(1142): 2016-09-10 00:35:09] function evaluations 2
[job(1142): 2016-09-10 00:35:09] segments explored during Cauchy searches 2
[job(1142): 2016-09-10 00:35:09] BFGS updates skipped 0
[job(1142): 2016-09-10 00:35:09] active bounds at final generalized Cauchy point 1
[job(1142): 2016-09-10 00:35:09] norm of the final projected gradient 0
[job(1142): 2016-09-10 00:35:09] final function value -19.7278
[job(1142): 2016-09-10 00:35:09] 
[job(1142): 2016-09-10 00:35:09] F = -19.7278
[job(1142): 2016-09-10 00:35:09] final  value -19.727818 
[job(1142): 2016-09-10 00:35:09] converged
[job(1142): 2016-09-10 00:35:09] [Tune-x] 11: C=0.00455; sigma=2.6
[job(1142): 2016-09-10 00:35:09] [Tune-y] 11: acc.test.mean=0.396; time: 0.0 min; memory: 117Mb use, 170Mb max
[job(1142): 2016-09-10 00:35:09] 
[job(1142): 2016-09-10 00:35:09] optimisation start
[job(1142): 2016-09-10 00:35:09] ------------------
[job(1142): 2016-09-10 00:35:09] * estimation method   : MLE 
[job(1142): 2016-09-10 00:35:09] * optimisation method : BFGS 
[job(1142): 2016-09-10 00:35:09] * analytical gradient : used
[job(1142): 2016-09-10 00:35:09] * trend model : ~1
[job(1142): 2016-09-10 00:35:09] * covariance model : 
[job(1142): 2016-09-10 00:35:09]   - type :  matern5_2 
[job(1142): 2016-09-10 00:35:09]   - nugget : NO
[job(1142): 2016-09-10 00:35:09]   - parameters lower bounds :  1e-10 1e-10 
[job(1142): 2016-09-10 00:35:09]   - parameters upper bounds :  44.43531 43.31161 
[job(1142): 2016-09-10 00:35:09]   - best initial criterion value(s) :  22.23255 
[job(1142): 2016-09-10 00:35:09] 
[job(1142): 2016-09-10 00:35:09] N = 2, M = 5 machine precision = 2.22045e-16
[job(1142): 2016-09-10 00:35:09] At X0, 0 variables are exactly at the bounds
[job(1142): 2016-09-10 00:35:09] At iterate     0  f=      -22.233  |proj g|=     0.094322
[job(1142): 2016-09-10 00:35:09] At iterate     1  f =      -22.243  |proj g|=      0.086666
[job(1142): 2016-09-10 00:35:09] At iterate     2  f =      -22.261  |proj g|=      0.013774
[job(1142): 2016-09-10 00:35:09] At iterate     3  f =      -22.261  |proj g|=     0.0073743
[job(1142): 2016-09-10 00:35:09] At iterate     4  f =      -22.261  |proj g|=     0.0028201
[job(1142): 2016-09-10 00:35:09] At iterate     5  f =      -22.261  |proj g|=     0.0013758
[job(1142): 2016-09-10 00:35:09] At iterate     6  f =      -22.261  |proj g|=    0.00059569
[job(1142): 2016-09-10 00:35:09] At iterate     7  f =      -22.261  |proj g|=    0.00040766
[job(1142): 2016-09-10 00:35:09] At iterate     8  f =      -22.261  |proj g|=    0.00081168
[job(1142): 2016-09-10 00:35:09] At iterate     9  f =      -22.261  |proj g|=    0.00065535
[job(1142): 2016-09-10 00:35:09] At iterate    10  f =      -22.261  |proj g|=    0.00087547
[job(1142): 2016-09-10 00:35:09] At iterate    11  f =      -22.261  |proj g|=    0.00039422
[job(1142): 2016-09-10 00:35:09] At iterate    12  f =      -22.261  |proj g|=    0.00066973
[job(1142): 2016-09-10 00:35:09] At iterate    13  f =      -22.261  |proj g|=    0.00067203
[job(1142): 2016-09-10 00:35:09] At iterate    14  f =      -22.261  |proj g|=    0.00060393
[job(1142): 2016-09-10 00:35:09] At iterate    15  f =      -22.261  |proj g|=    0.00011129
[job(1142): 2016-09-10 00:35:09] At iterate    16  f =      -22.261  |proj g|=    0.00085406
[job(1142): 2016-09-10 00:35:09] At iterate    17  f =      -22.261  |proj g|=    0.00042229
[job(1142): 2016-09-10 00:35:09] At iterate    18  f =      -22.261  |proj g|=       0.00011
[job(1142): 2016-09-10 00:35:09] At iterate    19  f =      -22.261  |proj g|=    0.00060103
[job(1142): 2016-09-10 00:35:09] At iterate    20  f =      -22.261  |proj g|=    0.00093234
[job(1142): 2016-09-10 00:35:09] At iterate    21  f =      -22.261  |proj g|=    0.00064193
[job(1142): 2016-09-10 00:35:09] At iterate    22  f =      -22.261  |proj g|=    0.00017997
[job(1142): 2016-09-10 00:35:09] At iterate    23  f =      -22.261  |proj g|=    0.00076041
[job(1142): 2016-09-10 00:35:09] At iterate    24  f =      -22.261  |proj g|=     0.0013811
[job(1142): 2016-09-10 00:35:09] At iterate    25  f =      -22.261  |proj g|=    0.00018248
[job(1142): 2016-09-10 00:35:09] At iterate    26  f =      -22.261  |proj g|=    0.00018034
[job(1142): 2016-09-10 00:35:09] At iterate    27  f =      -22.261  |proj g|=    0.00084732
[job(1142): 2016-09-10 00:35:09] At iterate    28  f =      -22.261  |proj g|=      0.001084
[job(1142): 2016-09-10 00:35:09] At iterate    29  f =      -22.261  |proj g|=    0.00066844
[job(1142): 2016-09-10 00:35:09] At iterate    30  f =      -22.261  |proj g|=    0.00060789
[job(1142): 2016-09-10 00:35:09] At iterate    31  f =      -22.261  |proj g|=     0.0013593
[job(1142): 2016-09-10 00:35:09] At iterate    32  f =      -22.261  |proj g|=    0.00061465
[job(1142): 2016-09-10 00:35:09] At iterate    33  f =      -22.261  |proj g|=    0.00098449
[job(1142): 2016-09-10 00:35:09] 
[job(1142): 2016-09-10 00:35:09] iterations 33
[job(1142): 2016-09-10 00:35:09] function evaluations 49
[job(1142): 2016-09-10 00:35:09] segments explored during Cauchy searches 33
[job(1142): 2016-09-10 00:35:09] BFGS updates skipped 0
[job(1142): 2016-09-10 00:35:09] active bounds at final generalized Cauchy point 0
[job(1142): 2016-09-10 00:35:09] norm of the final projected gradient 0.000984492
[job(1142): 2016-09-10 00:35:09] final function value -22.2612
[job(1142): 2016-09-10 00:35:09] 
[job(1142): 2016-09-10 00:35:09] F = -22.2612
[job(1142): 2016-09-10 00:35:09] final  value -22.261153 
[job(1142): 2016-09-10 00:35:09] converged
[job(1142): 2016-09-10 00:35:09] [Tune-x] 12: C=1.44; sigma=1
[job(1142): 2016-09-10 00:35:09] [Tune-y] 12: acc.test.mean=0.432; time: 0.0 min; memory: 117Mb use, 170Mb max
[job(1142): 2016-09-10 00:35:09] 
[job(1142): 2016-09-10 00:35:09] optimisation start
[job(1142): 2016-09-10 00:35:09] ------------------
[job(1142): 2016-09-10 00:35:09] * estimation method   : MLE 
[job(1142): 2016-09-10 00:35:09] * optimisation method : BFGS 
[job(1142): 2016-09-10 00:35:09] * analytical gradient : used
[job(1142): 2016-09-10 00:35:09] * trend model : ~1
[job(1142): 2016-09-10 00:35:09] * covariance model : 
[job(1142): 2016-09-10 00:35:09]   - type :  matern5_2 
[job(1142): 2016-09-10 00:35:09]   - nugget : NO
[job(1142): 2016-09-10 00:35:09]   - parameters lower bounds :  1e-10 1e-10 
[job(1142): 2016-09-10 00:35:09]   - parameters upper bounds :  44.43531 43.31161 
[job(1142): 2016-09-10 00:35:09]   - best initial criterion value(s) :  10.33097 
[job(1142): 2016-09-10 00:35:09] 
[job(1142): 2016-09-10 00:35:09] N = 2, M = 5 machine precision = 2.22045e-16
[job(1142): 2016-09-10 00:35:09] At X0, 0 variables are exactly at the bounds
[job(1142): 2016-09-10 00:35:09] At iterate     0  f=      -10.331  |proj g|=      0.81242
[job(1142): 2016-09-10 00:35:09] At iterate     1  f =      -11.273  |proj g|=       0.64901
[job(1142): 2016-09-10 00:35:09] At iterate     2  f =      -23.989  |proj g|=             0
[job(1142): 2016-09-10 00:35:09] 
[job(1142): 2016-09-10 00:35:09] iterations 2
[job(1142): 2016-09-10 00:35:09] function evaluations 3
[job(1142): 2016-09-10 00:35:09] segments explored during Cauchy searches 3
[job(1142): 2016-09-10 00:35:09] BFGS updates skipped 0
[job(1142): 2016-09-10 00:35:09] active bounds at final generalized Cauchy point 1
[job(1142): 2016-09-10 00:35:09] norm of the final projected gradient 0
[job(1142): 2016-09-10 00:35:09] final function value -23.9889
[job(1142): 2016-09-10 00:35:09] 
[job(1142): 2016-09-10 00:35:09] F = -23.9889
[job(1142): 2016-09-10 00:35:09] final  value -23.988885 
[job(1142): 2016-09-10 00:35:09] converged
[job(1142): 2016-09-10 00:35:09] [Tune-x] 13: C=61.5; sigma=0.0223
[job(1142): 2016-09-10 00:35:09] [Tune-y] 13: acc.test.mean=0.325; time: 0.0 min; memory: 117Mb use, 170Mb max
[job(1142): 2016-09-10 00:35:09] 
[job(1142): 2016-09-10 00:35:09] optimisation start
[job(1142): 2016-09-10 00:35:09] ------------------
[job(1142): 2016-09-10 00:35:09] * estimation method   : MLE 
[job(1142): 2016-09-10 00:35:09] * optimisation method : BFGS 
[job(1142): 2016-09-10 00:35:09] * analytical gradient : used
[job(1142): 2016-09-10 00:35:09] * trend model : ~1
[job(1142): 2016-09-10 00:35:09] * covariance model : 
[job(1142): 2016-09-10 00:35:09]   - type :  matern5_2 
[job(1142): 2016-09-10 00:35:09]   - nugget : NO
[job(1142): 2016-09-10 00:35:09]   - parameters lower bounds :  1e-10 1e-10 
[job(1142): 2016-09-10 00:35:09]   - parameters upper bounds :  44.43531 43.31161 
[job(1142): 2016-09-10 00:35:09]   - best initial criterion value(s) :  9.740301 
[job(1142): 2016-09-10 00:35:09] 
[job(1142): 2016-09-10 00:35:09] N = 2, M = 5 machine precision = 2.22045e-16
[job(1142): 2016-09-10 00:35:09] At X0, 0 variables are exactly at the bounds
[job(1142): 2016-09-10 00:35:09] At iterate     0  f=      -9.7403  |proj g|=      0.69333
[job(1142): 2016-09-10 00:35:09] At iterate     1  f =      -10.441  |proj g|=       0.62685
[job(1142): 2016-09-10 00:35:09] At iterate     2  f =      -24.576  |proj g|=             0
[job(1142): 2016-09-10 00:35:09] 
[job(1142): 2016-09-10 00:35:09] iterations 2
[job(1142): 2016-09-10 00:35:09] function evaluations 3
[job(1142): 2016-09-10 00:35:09] segments explored during Cauchy searches 3
[job(1142): 2016-09-10 00:35:09] BFGS updates skipped 0
[job(1142): 2016-09-10 00:35:09] active bounds at final generalized Cauchy point 1
[job(1142): 2016-09-10 00:35:09] norm of the final projected gradient 0
[job(1142): 2016-09-10 00:35:09] final function value -24.5761
[job(1142): 2016-09-10 00:35:09] 
[job(1142): 2016-09-10 00:35:09] F = -24.5761
[job(1142): 2016-09-10 00:35:09] final  value -24.576070 
[job(1142): 2016-09-10 00:35:09] converged
[job(1142): 2016-09-10 00:35:09] [Tune-x] 14: C=14.5; sigma=510
[job(1142): 2016-09-10 00:35:09] [Tune-y] 14: acc.test.mean=0.396; time: 0.0 min; memory: 117Mb use, 170Mb max
[job(1142): 2016-09-10 00:35:09] 
[job(1142): 2016-09-10 00:35:09] optimisation start
[job(1142): 2016-09-10 00:35:09] ------------------
[job(1142): 2016-09-10 00:35:09] * estimation method   : MLE 
[job(1142): 2016-09-10 00:35:09] * optimisation method : BFGS 
[job(1142): 2016-09-10 00:35:09] * analytical gradient : used
[job(1142): 2016-09-10 00:35:09] * trend model : ~1
[job(1142): 2016-09-10 00:35:09] * covariance model : 
[job(1142): 2016-09-10 00:35:09]   - type :  matern5_2 
[job(1142): 2016-09-10 00:35:09]   - nugget : NO
[job(1142): 2016-09-10 00:35:09]   - parameters lower bounds :  1e-10 1e-10 
[job(1142): 2016-09-10 00:35:09]   - parameters upper bounds :  44.43531 43.31161 
[job(1142): 2016-09-10 00:35:09]   - best initial criterion value(s) :  14.62477 
[job(1142): 2016-09-10 00:35:09] 
[job(1142): 2016-09-10 00:35:09] N = 2, M = 5 machine precision = 2.22045e-16
[job(1142): 2016-09-10 00:35:09] At X0, 0 variables are exactly at the bounds
[job(1142): 2016-09-10 00:35:09] At iterate     0  f=      -14.625  |proj g|=       1.5747
[job(1142): 2016-09-10 00:35:09] At iterate     1  f =      -27.074  |proj g|=       0.11446
[job(1142): 2016-09-10 00:35:09] ys=-3.242e+01  -gs= 2.749e+00, BFGS update SKIPPED
[job(1142): 2016-09-10 00:35:09] At iterate     2  f =      -27.515  |proj g|=      0.079347
[job(1142): 2016-09-10 00:35:09] At iterate     3  f =      -27.522  |proj g|=      0.074455
[job(1142): 2016-09-10 00:35:09] At iterate     4  f =      -27.522  |proj g|=     0.0015003
[job(1142): 2016-09-10 00:35:09] At iterate     5  f =      -27.522  |proj g|=    0.00061447
[job(1142): 2016-09-10 00:35:09] 
[job(1142): 2016-09-10 00:35:09] iterations 5
[job(1142): 2016-09-10 00:35:09] function evaluations 7
[job(1142): 2016-09-10 00:35:09] segments explored during Cauchy searches 6
[job(1142): 2016-09-10 00:35:09] BFGS updates skipped 1
[job(1142): 2016-09-10 00:35:09] active bounds at final generalized Cauchy point 0
[job(1142): 2016-09-10 00:35:09] norm of the final projected gradient 0.000614472
[job(1142): 2016-09-10 00:35:09] final function value -27.5218
[job(1142): 2016-09-10 00:35:09] 
[job(1142): 2016-09-10 00:35:09] F = -27.5218
[job(1142): 2016-09-10 00:35:09] final  value -27.521788 
[job(1142): 2016-09-10 00:35:09] converged
[job(1142): 2016-09-10 00:35:09] [Tune-x] 15: C=1.41; sigma=1.37
[job(1142): 2016-09-10 00:35:09] [Tune-y] 15: acc.test.mean=0.414; time: 0.0 min; memory: 117Mb use, 170Mb max
[job(1142): 2016-09-10 00:35:09] 
[job(1142): 2016-09-10 00:35:09] optimisation start
[job(1142): 2016-09-10 00:35:09] ------------------
[job(1142): 2016-09-10 00:35:09] * estimation method   : MLE 
[job(1142): 2016-09-10 00:35:09] * optimisation method : BFGS 
[job(1142): 2016-09-10 00:35:09] * analytical gradient : used
[job(1142): 2016-09-10 00:35:09] * trend model : ~1
[job(1142): 2016-09-10 00:35:09] * covariance model : 
[job(1142): 2016-09-10 00:35:09]   - type :  matern5_2 
[job(1142): 2016-09-10 00:35:09]   - nugget : NO
[job(1142): 2016-09-10 00:35:09]   - parameters lower bounds :  1e-10 1e-10 
[job(1142): 2016-09-10 00:35:09]   - parameters upper bounds :  44.43531 43.31161 
[job(1142): 2016-09-10 00:35:09]   - best initial criterion value(s) :  6.922566 
[job(1142): 2016-09-10 00:35:09] 
[job(1142): 2016-09-10 00:35:09] N = 2, M = 5 machine precision = 2.22045e-16
[job(1142): 2016-09-10 00:35:09] At X0, 0 variables are exactly at the bounds
[job(1142): 2016-09-10 00:35:09] At iterate     0  f=      -6.9226  |proj g|=       1.3001
[job(1142): 2016-09-10 00:35:09] At iterate     1  f =      -8.9714  |proj g|=         1.243
[job(1142): 2016-09-10 00:35:09] ys=-1.657e-01  -gs= 1.964e+00, BFGS update SKIPPED
[job(1142): 2016-09-10 00:35:09] At iterate     2  f =      -29.167  |proj g|=             0
[job(1142): 2016-09-10 00:35:09] 
[job(1142): 2016-09-10 00:35:09] iterations 2
[job(1142): 2016-09-10 00:35:09] function evaluations 5
[job(1142): 2016-09-10 00:35:09] segments explored during Cauchy searches 2
[job(1142): 2016-09-10 00:35:09] BFGS updates skipped 1
[job(1142): 2016-09-10 00:35:09] active bounds at final generalized Cauchy point 0
[job(1142): 2016-09-10 00:35:09] norm of the final projected gradient 0
[job(1142): 2016-09-10 00:35:09] final function value -29.1669
[job(1142): 2016-09-10 00:35:09] 
[job(1142): 2016-09-10 00:35:09] F = -29.1669
[job(1142): 2016-09-10 00:35:09] final  value -29.166919 
[job(1142): 2016-09-10 00:35:09] converged
[job(1142): 2016-09-10 00:35:09] [Tune-x] 16: C=1.09; sigma=15.8
[job(1142): 2016-09-10 00:35:09] [Tune-y] 16: acc.test.mean=0.396; time: 0.0 min; memory: 117Mb use, 170Mb max
[job(1142): 2016-09-10 00:35:09] 
[job(1142): 2016-09-10 00:35:09] optimisation start
[job(1142): 2016-09-10 00:35:09] ------------------
[job(1142): 2016-09-10 00:35:09] * estimation method   : MLE 
[job(1142): 2016-09-10 00:35:09] * optimisation method : BFGS 
[job(1142): 2016-09-10 00:35:09] * analytical gradient : used
[job(1142): 2016-09-10 00:35:09] * trend model : ~1
[job(1142): 2016-09-10 00:35:09] * covariance model : 
[job(1142): 2016-09-10 00:35:09]   - type :  matern5_2 
[job(1142): 2016-09-10 00:35:09]   - nugget : NO
[job(1142): 2016-09-10 00:35:09]   - parameters lower bounds :  1e-10 1e-10 
[job(1142): 2016-09-10 00:35:09]   - parameters upper bounds :  44.43531 43.31161 
[job(1142): 2016-09-10 00:35:09]   - best initial criterion value(s) :  17.28467 
[job(1142): 2016-09-10 00:35:09] 
[job(1142): 2016-09-10 00:35:09] N = 2, M = 5 machine precision = 2.22045e-16
[job(1142): 2016-09-10 00:35:09] At X0, 0 variables are exactly at the bounds
[job(1142): 2016-09-10 00:35:09] At iterate     0  f=      -17.285  |proj g|=       3.1831
[job(1142): 2016-09-10 00:35:09] At iterate     1  f =      -25.169  |proj g|=        4.2554
[job(1142): 2016-09-10 00:35:09] At iterate     2  f =      -31.615  |proj g|=             0
[job(1142): 2016-09-10 00:35:09] 
[job(1142): 2016-09-10 00:35:09] iterations 2
[job(1142): 2016-09-10 00:35:09] function evaluations 3
[job(1142): 2016-09-10 00:35:09] segments explored during Cauchy searches 2
[job(1142): 2016-09-10 00:35:09] BFGS updates skipped 0
[job(1142): 2016-09-10 00:35:09] active bounds at final generalized Cauchy point 0
[job(1142): 2016-09-10 00:35:09] norm of the final projected gradient 0
[job(1142): 2016-09-10 00:35:09] final function value -31.6148
[job(1142): 2016-09-10 00:35:09] 
[job(1142): 2016-09-10 00:35:09] F = -31.6148
[job(1142): 2016-09-10 00:35:09] final  value -31.614801 
[job(1142): 2016-09-10 00:35:09] converged
[job(1142): 2016-09-10 00:35:09] [Tune-x] 17: C=26.4; sigma=0.00177
[job(1142): 2016-09-10 00:35:09] [Tune-y] 17: acc.test.mean=0.387; time: 0.0 min; memory: 117Mb use, 170Mb max
[job(1142): 2016-09-10 00:35:09] 
[job(1142): 2016-09-10 00:35:09] optimisation start
[job(1142): 2016-09-10 00:35:09] ------------------
[job(1142): 2016-09-10 00:35:09] * estimation method   : MLE 
[job(1142): 2016-09-10 00:35:09] * optimisation method : BFGS 
[job(1142): 2016-09-10 00:35:09] * analytical gradient : used
[job(1142): 2016-09-10 00:35:09] * trend model : ~1
[job(1142): 2016-09-10 00:35:09] * covariance model : 
[job(1142): 2016-09-10 00:35:09]   - type :  matern5_2 
[job(1142): 2016-09-10 00:35:09]   - nugget : NO
[job(1142): 2016-09-10 00:35:09]   - parameters lower bounds :  1e-10 1e-10 
[job(1142): 2016-09-10 00:35:09]   - parameters upper bounds :  44.43531 43.31161 
[job(1142): 2016-09-10 00:35:09]   - best initial criterion value(s) :  27.49859 
[job(1142): 2016-09-10 00:35:09] 
[job(1142): 2016-09-10 00:35:09] N = 2, M = 5 machine precision = 2.22045e-16
[job(1142): 2016-09-10 00:35:09] At X0, 0 variables are exactly at the bounds
[job(1142): 2016-09-10 00:35:09] At iterate     0  f=      -27.499  |proj g|=       0.1016
[job(1142): 2016-09-10 00:35:09] At iterate     1  f =      -34.096  |proj g|=             0
[job(1142): 2016-09-10 00:35:09] 
[job(1142): 2016-09-10 00:35:09] iterations 1
[job(1142): 2016-09-10 00:35:09] function evaluations 2
[job(1142): 2016-09-10 00:35:09] segments explored during Cauchy searches 2
[job(1142): 2016-09-10 00:35:09] BFGS updates skipped 0
[job(1142): 2016-09-10 00:35:09] active bounds at final generalized Cauchy point 1
[job(1142): 2016-09-10 00:35:09] norm of the final projected gradient 0
[job(1142): 2016-09-10 00:35:09] final function value -34.0964
[job(1142): 2016-09-10 00:35:09] 
[job(1142): 2016-09-10 00:35:09] F = -34.0964
[job(1142): 2016-09-10 00:35:09] final  value -34.096355 
[job(1142): 2016-09-10 00:35:09] converged
[job(1142): 2016-09-10 00:35:09] [Tune-x] 18: C=0.898; sigma=0.401
[job(1142): 2016-09-10 00:35:09] [Tune-y] 18: acc.test.mean=0.387; time: 0.0 min; memory: 117Mb use, 170Mb max
[job(1142): 2016-09-10 00:35:09] 
[job(1142): 2016-09-10 00:35:09] optimisation start
[job(1142): 2016-09-10 00:35:09] ------------------
[job(1142): 2016-09-10 00:35:09] * estimation method   : MLE 
[job(1142): 2016-09-10 00:35:09] * optimisation method : BFGS 
[job(1142): 2016-09-10 00:35:09] * analytical gradient : used
[job(1142): 2016-09-10 00:35:09] * trend model : ~1
[job(1142): 2016-09-10 00:35:09] * covariance model : 
[job(1142): 2016-09-10 00:35:09]   - type :  matern5_2 
[job(1142): 2016-09-10 00:35:09]   - nugget : NO
[job(1142): 2016-09-10 00:35:09]   - parameters lower bounds :  1e-10 1e-10 
[job(1142): 2016-09-10 00:35:09]   - parameters upper bounds :  44.43531 43.31161 
[job(1142): 2016-09-10 00:35:09]   - best initial criterion value(s) :  30.44632 
[job(1142): 2016-09-10 00:35:09] 
[job(1142): 2016-09-10 00:35:09] N = 2, M = 5 machine precision = 2.22045e-16
[job(1142): 2016-09-10 00:35:09] At X0, 0 variables are exactly at the bounds
[job(1142): 2016-09-10 00:35:09] At iterate     0  f=      -30.446  |proj g|=     0.095977
[job(1142): 2016-09-10 00:35:09] At iterate     1  f =       -36.61  |proj g|=             0
[job(1142): 2016-09-10 00:35:09] 
[job(1142): 2016-09-10 00:35:09] iterations 1
[job(1142): 2016-09-10 00:35:09] function evaluations 2
[job(1142): 2016-09-10 00:35:09] segments explored during Cauchy searches 2
[job(1142): 2016-09-10 00:35:09] BFGS updates skipped 0
[job(1142): 2016-09-10 00:35:09] active bounds at final generalized Cauchy point 1
[job(1142): 2016-09-10 00:35:09] norm of the final projected gradient 0
[job(1142): 2016-09-10 00:35:09] final function value -36.6103
[job(1142): 2016-09-10 00:35:09] 
[job(1142): 2016-09-10 00:35:09] F = -36.6103
[job(1142): 2016-09-10 00:35:09] final  value -36.610326 
[job(1142): 2016-09-10 00:35:09] converged
[job(1142): 2016-09-10 00:35:09] [Tune-x] 19: C=0.0743; sigma=0.164
[job(1142): 2016-09-10 00:35:09] [Tune-y] 19: acc.test.mean=0.397; time: 0.0 min; memory: 117Mb use, 170Mb max
[job(1142): 2016-09-10 00:35:09] 
[job(1142): 2016-09-10 00:35:09] optimisation start
[job(1142): 2016-09-10 00:35:09] ------------------
[job(1142): 2016-09-10 00:35:09] * estimation method   : MLE 
[job(1142): 2016-09-10 00:35:09] * optimisation method : BFGS 
[job(1142): 2016-09-10 00:35:09] * analytical gradient : used
[job(1142): 2016-09-10 00:35:09] * trend model : ~1
[job(1142): 2016-09-10 00:35:09] * covariance model : 
[job(1142): 2016-09-10 00:35:09]   - type :  matern5_2 
[job(1142): 2016-09-10 00:35:09]   - nugget : NO
[job(1142): 2016-09-10 00:35:09]   - parameters lower bounds :  1e-10 1e-10 
[job(1142): 2016-09-10 00:35:09]   - parameters upper bounds :  44.43531 43.31161 
[job(1142): 2016-09-10 00:35:09]   - best initial criterion value(s) :  39.1227 
[job(1142): 2016-09-10 00:35:09] 
[job(1142): 2016-09-10 00:35:09] N = 2, M = 5 machine precision = 2.22045e-16
[job(1142): 2016-09-10 00:35:09] At X0, 0 variables are exactly at the bounds
[job(1142): 2016-09-10 00:35:09] At iterate     0  f=      -39.123  |proj g|=       2.8285
[job(1142): 2016-09-10 00:35:09] At iterate     1  f =      -43.419  |proj g|=        1.7805
[job(1142): 2016-09-10 00:35:09] At iterate     2  f =      -44.557  |proj g|=       0.26104
[job(1142): 2016-09-10 00:35:09] At iterate     3  f =      -44.561  |proj g|=       0.12307
[job(1142): 2016-09-10 00:35:09] At iterate     4  f =      -44.563  |proj g|=     0.0016543
[job(1142): 2016-09-10 00:35:09] At iterate     5  f =      -44.563  |proj g|=    0.00018745
[job(1142): 2016-09-10 00:35:09] At iterate     6  f =      -44.563  |proj g|=    5.5212e-08
[job(1142): 2016-09-10 00:35:09] 
[job(1142): 2016-09-10 00:35:09] iterations 6
[job(1142): 2016-09-10 00:35:09] function evaluations 8
[job(1142): 2016-09-10 00:35:09] segments explored during Cauchy searches 7
[job(1142): 2016-09-10 00:35:09] BFGS updates skipped 0
[job(1142): 2016-09-10 00:35:09] active bounds at final generalized Cauchy point 0
[job(1142): 2016-09-10 00:35:09] norm of the final projected gradient 5.52124e-08
[job(1142): 2016-09-10 00:35:09] final function value -44.563
[job(1142): 2016-09-10 00:35:09] 
[job(1142): 2016-09-10 00:35:09] F = -44.563
[job(1142): 2016-09-10 00:35:09] final  value -44.563028 
[job(1142): 2016-09-10 00:35:09] converged
[job(1142): 2016-09-10 00:35:09] [Tune-x] 20: C=1.15; sigma=0.915
[job(1142): 2016-09-10 00:35:09] [Tune-y] 20: acc.test.mean=0.397; time: 0.0 min; memory: 117Mb use, 170Mb max
[job(1142): 2016-09-10 00:35:09] 
[job(1142): 2016-09-10 00:35:09] optimisation start
[job(1142): 2016-09-10 00:35:09] ------------------
[job(1142): 2016-09-10 00:35:09] * estimation method   : MLE 
[job(1142): 2016-09-10 00:35:09] * optimisation method : BFGS 
[job(1142): 2016-09-10 00:35:09] * analytical gradient : used
[job(1142): 2016-09-10 00:35:09] * trend model : ~1
[job(1142): 2016-09-10 00:35:09] * covariance model : 
[job(1142): 2016-09-10 00:35:09]   - type :  matern5_2 
[job(1142): 2016-09-10 00:35:09]   - nugget : NO
[job(1142): 2016-09-10 00:35:09]   - parameters lower bounds :  1e-10 1e-10 
[job(1142): 2016-09-10 00:35:09]   - parameters upper bounds :  44.43531 43.31161 
[job(1142): 2016-09-10 00:35:09]   - best initial criterion value(s) :  44.82105 
[job(1142): 2016-09-10 00:35:09] 
[job(1142): 2016-09-10 00:35:09] N = 2, M = 5 machine precision = 2.22045e-16
[job(1142): 2016-09-10 00:35:09] At X0, 0 variables are exactly at the bounds
[job(1142): 2016-09-10 00:35:09] At iterate     0  f=      -44.821  |proj g|=     0.048772
[job(1142): 2016-09-10 00:35:09] At iterate     1  f =      -44.973  |proj g|=      0.044574
[job(1142): 2016-09-10 00:35:09] At iterate     2  f =      -45.074  |proj g|=      0.037675
[job(1142): 2016-09-10 00:35:09] At iterate     3  f =      -45.074  |proj g|=      0.037126
[job(1142): 2016-09-10 00:35:09] At iterate     4  f =      -45.074  |proj g|=     0.0010304
[job(1142): 2016-09-10 00:35:09] At iterate     5  f =      -45.074  |proj g|=    3.5887e-06
[job(1142): 2016-09-10 00:35:09] 
[job(1142): 2016-09-10 00:35:09] iterations 5
[job(1142): 2016-09-10 00:35:09] function evaluations 7
[job(1142): 2016-09-10 00:35:09] segments explored during Cauchy searches 6
[job(1142): 2016-09-10 00:35:09] BFGS updates skipped 0
[job(1142): 2016-09-10 00:35:09] active bounds at final generalized Cauchy point 0
[job(1142): 2016-09-10 00:35:09] norm of the final projected gradient 3.58865e-06
[job(1142): 2016-09-10 00:35:09] final function value -45.0745
[job(1142): 2016-09-10 00:35:09] 
[job(1142): 2016-09-10 00:35:09] F = -45.0745
[job(1142): 2016-09-10 00:35:09] final  value -45.074463 
[job(1142): 2016-09-10 00:35:09] converged
[job(1142): 2016-09-10 00:35:09] [Tune-x] 21: C=1.35; sigma=1.01
[job(1142): 2016-09-10 00:35:09] [Tune-y] 21: acc.test.mean=0.432; time: 0.0 min; memory: 117Mb use, 170Mb max
[job(1142): 2016-09-10 00:35:09] 
[job(1142): 2016-09-10 00:35:09] optimisation start
[job(1142): 2016-09-10 00:35:09] ------------------
[job(1142): 2016-09-10 00:35:09] * estimation method   : MLE 
[job(1142): 2016-09-10 00:35:09] * optimisation method : BFGS 
[job(1142): 2016-09-10 00:35:09] * analytical gradient : used
[job(1142): 2016-09-10 00:35:09] * trend model : ~1
[job(1142): 2016-09-10 00:35:09] * covariance model : 
[job(1142): 2016-09-10 00:35:09]   - type :  matern5_2 
[job(1142): 2016-09-10 00:35:09]   - nugget : NO
[job(1142): 2016-09-10 00:35:09]   - parameters lower bounds :  1e-10 1e-10 
[job(1142): 2016-09-10 00:35:09]   - parameters upper bounds :  44.43531 43.31161 
[job(1142): 2016-09-10 00:35:09]   - best initial criterion value(s) :  -0.968898 
[job(1142): 2016-09-10 00:35:09] 
[job(1142): 2016-09-10 00:35:09] N = 2, M = 5 machine precision = 2.22045e-16
[job(1142): 2016-09-10 00:35:09] At X0, 0 variables are exactly at the bounds
[job(1142): 2016-09-10 00:35:09] At iterate     0  f=       0.9689  |proj g|=       3.3577
[job(1142): 2016-09-10 00:35:09] At iterate     1  f =      -43.399  |proj g|=             0
[job(1142): 2016-09-10 00:35:09] 
[job(1142): 2016-09-10 00:35:09] iterations 1
[job(1142): 2016-09-10 00:35:09] function evaluations 2
[job(1142): 2016-09-10 00:35:09] segments explored during Cauchy searches 2
[job(1142): 2016-09-10 00:35:09] BFGS updates skipped 0
[job(1142): 2016-09-10 00:35:09] active bounds at final generalized Cauchy point 1
[job(1142): 2016-09-10 00:35:09] norm of the final projected gradient 0
[job(1142): 2016-09-10 00:35:09] final function value -43.3986
[job(1142): 2016-09-10 00:35:09] 
[job(1142): 2016-09-10 00:35:09] F = -43.3986
[job(1142): 2016-09-10 00:35:09] final  value -43.398647 
[job(1142): 2016-09-10 00:35:09] converged
[job(1142): 2016-09-10 00:35:09] [Tune-x] 22: C=0.117; sigma=3.2
[job(1142): 2016-09-10 00:35:09] [Tune-y] 22: acc.test.mean=0.397; time: 0.0 min; memory: 117Mb use, 178Mb max
[job(1142): 2016-09-10 00:35:09] 
[job(1142): 2016-09-10 00:35:09] optimisation start
[job(1142): 2016-09-10 00:35:09] ------------------
[job(1142): 2016-09-10 00:35:09] * estimation method   : MLE 
[job(1142): 2016-09-10 00:35:09] * optimisation method : BFGS 
[job(1142): 2016-09-10 00:35:09] * analytical gradient : used
[job(1142): 2016-09-10 00:35:09] * trend model : ~1
[job(1142): 2016-09-10 00:35:09] * covariance model : 
[job(1142): 2016-09-10 00:35:09]   - type :  matern5_2 
[job(1142): 2016-09-10 00:35:09]   - nugget : NO
[job(1142): 2016-09-10 00:35:09]   - parameters lower bounds :  1e-10 1e-10 
[job(1142): 2016-09-10 00:35:09]   - parameters upper bounds :  44.43531 43.31161 
[job(1142): 2016-09-10 00:35:09]   - best initial criterion value(s) :  -7.357526 
[job(1142): 2016-09-10 00:35:09] 
[job(1142): 2016-09-10 00:35:09] N = 2, M = 5 machine precision = 2.22045e-16
[job(1142): 2016-09-10 00:35:09] At X0, 0 variables are exactly at the bounds
[job(1142): 2016-09-10 00:35:09] At iterate     0  f=       7.3575  |proj g|=       3.7308
[job(1142): 2016-09-10 00:35:09] At iterate     1  f =      -45.969  |proj g|=             0
[job(1142): 2016-09-10 00:35:09] 
[job(1142): 2016-09-10 00:35:09] iterations 1
[job(1142): 2016-09-10 00:35:09] function evaluations 2
[job(1142): 2016-09-10 00:35:09] segments explored during Cauchy searches 2
[job(1142): 2016-09-10 00:35:09] BFGS updates skipped 0
[job(1142): 2016-09-10 00:35:09] active bounds at final generalized Cauchy point 1
[job(1142): 2016-09-10 00:35:09] norm of the final projected gradient 0
[job(1142): 2016-09-10 00:35:09] final function value -45.9689
[job(1142): 2016-09-10 00:35:09] 
[job(1142): 2016-09-10 00:35:09] F = -45.9689
[job(1142): 2016-09-10 00:35:09] final  value -45.968887 
[job(1142): 2016-09-10 00:35:09] converged
[job(1142): 2016-09-10 00:35:09] [Tune-x] 23: C=2.11; sigma=0.000919
[job(1142): 2016-09-10 00:35:09] [Tune-y] 23: acc.test.mean=0.397; time: 0.0 min; memory: 117Mb use, 178Mb max
[job(1142): 2016-09-10 00:35:09] 
[job(1142): 2016-09-10 00:35:09] optimisation start
[job(1142): 2016-09-10 00:35:09] ------------------
[job(1142): 2016-09-10 00:35:09] * estimation method   : MLE 
[job(1142): 2016-09-10 00:35:09] * optimisation method : BFGS 
[job(1142): 2016-09-10 00:35:09] * analytical gradient : used
[job(1142): 2016-09-10 00:35:09] * trend model : ~1
[job(1142): 2016-09-10 00:35:09] * covariance model : 
[job(1142): 2016-09-10 00:35:09]   - type :  matern5_2 
[job(1142): 2016-09-10 00:35:09]   - nugget : NO
[job(1142): 2016-09-10 00:35:09]   - parameters lower bounds :  1e-10 1e-10 
[job(1142): 2016-09-10 00:35:09]   - parameters upper bounds :  44.43531 43.31161 
[job(1142): 2016-09-10 00:35:09]   - best initial criterion value(s) :  32.80673 
[job(1142): 2016-09-10 00:35:09] 
[job(1142): 2016-09-10 00:35:09] N = 2, M = 5 machine precision = 2.22045e-16
[job(1142): 2016-09-10 00:35:09] At X0, 0 variables are exactly at the bounds
[job(1142): 2016-09-10 00:35:09] At iterate     0  f=      -32.807  |proj g|=       1.5133
[job(1142): 2016-09-10 00:35:09] At iterate     1  f =      -48.562  |proj g|=             0
[job(1142): 2016-09-10 00:35:09] 
[job(1142): 2016-09-10 00:35:09] iterations 1
[job(1142): 2016-09-10 00:35:09] function evaluations 2
[job(1142): 2016-09-10 00:35:09] segments explored during Cauchy searches 2
[job(1142): 2016-09-10 00:35:09] BFGS updates skipped 0
[job(1142): 2016-09-10 00:35:09] active bounds at final generalized Cauchy point 2
[job(1142): 2016-09-10 00:35:09] norm of the final projected gradient 0
[job(1142): 2016-09-10 00:35:09] final function value -48.5619
[job(1142): 2016-09-10 00:35:09] 
[job(1142): 2016-09-10 00:35:09] F = -48.5619
[job(1142): 2016-09-10 00:35:09] final  value -48.561867 
[job(1142): 2016-09-10 00:35:09] converged
[job(1142): 2016-09-10 00:35:09] [Tune-x] 24: C=0.0329; sigma=0.0169
[job(1142): 2016-09-10 00:35:09] [Tune-y] 24: acc.test.mean=0.397; time: 0.0 min; memory: 117Mb use, 178Mb max
[job(1142): 2016-09-10 00:35:09] 
[job(1142): 2016-09-10 00:35:09] optimisation start
[job(1142): 2016-09-10 00:35:09] ------------------
[job(1142): 2016-09-10 00:35:09] * estimation method   : MLE 
[job(1142): 2016-09-10 00:35:09] * optimisation method : BFGS 
[job(1142): 2016-09-10 00:35:09] * analytical gradient : used
[job(1142): 2016-09-10 00:35:09] * trend model : ~1
[job(1142): 2016-09-10 00:35:09] * covariance model : 
[job(1142): 2016-09-10 00:35:09]   - type :  matern5_2 
[job(1142): 2016-09-10 00:35:09]   - nugget : NO
[job(1142): 2016-09-10 00:35:09]   - parameters lower bounds :  1e-10 1e-10 
[job(1142): 2016-09-10 00:35:09]   - parameters upper bounds :  44.43531 43.31161 
[job(1142): 2016-09-10 00:35:09]   - best initial criterion value(s) :  -24.66768 
[job(1142): 2016-09-10 00:35:09] 
[job(1142): 2016-09-10 00:35:09] N = 2, M = 5 machine precision = 2.22045e-16
[job(1142): 2016-09-10 00:35:09] At X0, 0 variables are exactly at the bounds
[job(1142): 2016-09-10 00:35:09] At iterate     0  f=       24.668  |proj g|=       3.6959
[job(1142): 2016-09-10 00:35:09] At iterate     1  f =       23.502  |proj g|=        2.8576
[job(1142): 2016-09-10 00:35:09] At iterate     2  f =       19.965  |proj g|=        1.3816
[job(1142): 2016-09-10 00:35:09] At iterate     3  f =       19.012  |proj g|=        1.1417
[job(1142): 2016-09-10 00:35:09] At iterate     4  f =      -51.178  |proj g|=             0
[job(1142): 2016-09-10 00:35:09] 
[job(1142): 2016-09-10 00:35:09] iterations 4
[job(1142): 2016-09-10 00:35:09] function evaluations 8
[job(1142): 2016-09-10 00:35:09] segments explored during Cauchy searches 4
[job(1142): 2016-09-10 00:35:09] BFGS updates skipped 0
[job(1142): 2016-09-10 00:35:09] active bounds at final generalized Cauchy point 0
[job(1142): 2016-09-10 00:35:09] norm of the final projected gradient 0
[job(1142): 2016-09-10 00:35:09] final function value -51.1781
[job(1142): 2016-09-10 00:35:09] 
[job(1142): 2016-09-10 00:35:09] F = -51.1781
[job(1142): 2016-09-10 00:35:09] final  value -51.178144 
[job(1142): 2016-09-10 00:35:09] converged
[job(1142): 2016-09-10 00:35:09] [Tune-x] 25: C=7.09; sigma=0.00129
[job(1142): 2016-09-10 00:35:09] [Tune-y] 25: acc.test.mean=0.352; time: 0.0 min; memory: 117Mb use, 178Mb max
[job(1142): 2016-09-10 00:35:09] 
[job(1142): 2016-09-10 00:35:09] optimisation start
[job(1142): 2016-09-10 00:35:09] ------------------
[job(1142): 2016-09-10 00:35:09] * estimation method   : MLE 
[job(1142): 2016-09-10 00:35:09] * optimisation method : BFGS 
[job(1142): 2016-09-10 00:35:09] * analytical gradient : used
[job(1142): 2016-09-10 00:35:09] * trend model : ~1
[job(1142): 2016-09-10 00:35:09] * covariance model : 
[job(1142): 2016-09-10 00:35:09]   - type :  matern5_2 
[job(1142): 2016-09-10 00:35:09]   - nugget : NO
[job(1142): 2016-09-10 00:35:09]   - parameters lower bounds :  1e-10 1e-10 
[job(1142): 2016-09-10 00:35:09]   - parameters upper bounds :  44.43531 43.31161 
[job(1142): 2016-09-10 00:35:09]   - best initial criterion value(s) :  51.93347 
[job(1142): 2016-09-10 00:35:09] 
[job(1142): 2016-09-10 00:35:09] N = 2, M = 5 machine precision = 2.22045e-16
[job(1142): 2016-09-10 00:35:09] At X0, 0 variables are exactly at the bounds
[job(1142): 2016-09-10 00:35:09] At iterate     0  f=      -51.933  |proj g|=       2.3274
[job(1142): 2016-09-10 00:35:09] At iterate     1  f =      -52.791  |proj g|=             0
[job(1142): 2016-09-10 00:35:09] 
[job(1142): 2016-09-10 00:35:09] iterations 1
[job(1142): 2016-09-10 00:35:09] function evaluations 2
[job(1142): 2016-09-10 00:35:09] segments explored during Cauchy searches 2
[job(1142): 2016-09-10 00:35:09] BFGS updates skipped 0
[job(1142): 2016-09-10 00:35:09] active bounds at final generalized Cauchy point 2
[job(1142): 2016-09-10 00:35:09] norm of the final projected gradient 0
[job(1142): 2016-09-10 00:35:09] final function value -52.7911
[job(1142): 2016-09-10 00:35:09] 
[job(1142): 2016-09-10 00:35:09] F = -52.7911
[job(1142): 2016-09-10 00:35:09] final  value -52.791097 
[job(1142): 2016-09-10 00:35:09] converged
[job(1142): 2016-09-10 00:35:09] [Tune-x] 26: C=43.6; sigma=0.0016
[job(1142): 2016-09-10 00:35:09] [Tune-y] 26: acc.test.mean=0.334; time: 0.0 min; memory: 117Mb use, 178Mb max
[job(1142): 2016-09-10 00:35:09] 
[job(1142): 2016-09-10 00:35:09] optimisation start
[job(1142): 2016-09-10 00:35:09] ------------------
[job(1142): 2016-09-10 00:35:09] * estimation method   : MLE 
[job(1142): 2016-09-10 00:35:09] * optimisation method : BFGS 
[job(1142): 2016-09-10 00:35:09] * analytical gradient : used
[job(1142): 2016-09-10 00:35:09] * trend model : ~1
[job(1142): 2016-09-10 00:35:09] * covariance model : 
[job(1142): 2016-09-10 00:35:09]   - type :  matern5_2 
[job(1142): 2016-09-10 00:35:09]   - nugget : NO
[job(1142): 2016-09-10 00:35:09]   - parameters lower bounds :  1e-10 1e-10 
[job(1142): 2016-09-10 00:35:09]   - parameters upper bounds :  44.43531 43.31161 
[job(1142): 2016-09-10 00:35:09]   - best initial criterion value(s) :  9.111268 
[job(1142): 2016-09-10 00:35:09] 
[job(1142): 2016-09-10 00:35:09] N = 2, M = 5 machine precision = 2.22045e-16
[job(1142): 2016-09-10 00:35:09] At X0, 0 variables are exactly at the bounds
[job(1142): 2016-09-10 00:35:09] At iterate     0  f=      -9.1113  |proj g|=        2.193
[job(1142): 2016-09-10 00:35:09] At iterate     1  f =      -53.602  |proj g|=             0
[job(1142): 2016-09-10 00:35:09] 
[job(1142): 2016-09-10 00:35:09] iterations 1
[job(1142): 2016-09-10 00:35:09] function evaluations 2
[job(1142): 2016-09-10 00:35:09] segments explored during Cauchy searches 2
[job(1142): 2016-09-10 00:35:09] BFGS updates skipped 0
[job(1142): 2016-09-10 00:35:09] active bounds at final generalized Cauchy point 1
[job(1142): 2016-09-10 00:35:09] norm of the final projected gradient 0
[job(1142): 2016-09-10 00:35:09] final function value -53.6015
[job(1142): 2016-09-10 00:35:09] 
[job(1142): 2016-09-10 00:35:09] F = -53.6015
[job(1142): 2016-09-10 00:35:09] final  value -53.601549 
[job(1142): 2016-09-10 00:35:09] converged
[job(1142): 2016-09-10 00:35:09] [Tune-x] 27: C=3.53; sigma=391
[job(1142): 2016-09-10 00:35:09] [Tune-y] 27: acc.test.mean=0.396; time: 0.0 min; memory: 117Mb use, 178Mb max
[job(1142): 2016-09-10 00:35:09] 
[job(1142): 2016-09-10 00:35:09] optimisation start
[job(1142): 2016-09-10 00:35:09] ------------------
[job(1142): 2016-09-10 00:35:09] * estimation method   : MLE 
[job(1142): 2016-09-10 00:35:09] * optimisation method : BFGS 
[job(1142): 2016-09-10 00:35:09] * analytical gradient : used
[job(1142): 2016-09-10 00:35:09] * trend model : ~1
[job(1142): 2016-09-10 00:35:09] * covariance model : 
[job(1142): 2016-09-10 00:35:09]   - type :  matern5_2 
[job(1142): 2016-09-10 00:35:09]   - nugget : NO
[job(1142): 2016-09-10 00:35:09]   - parameters lower bounds :  1e-10 1e-10 
[job(1142): 2016-09-10 00:35:09]   - parameters upper bounds :  44.43531 43.31161 
[job(1142): 2016-09-10 00:35:09]   - best initial criterion value(s) :  -20.78077 
[job(1142): 2016-09-10 00:35:09] 
[job(1142): 2016-09-10 00:35:09] N = 2, M = 5 machine precision = 2.22045e-16
[job(1142): 2016-09-10 00:35:09] At X0, 0 variables are exactly at the bounds
[job(1142): 2016-09-10 00:35:09] At iterate     0  f=       20.781  |proj g|=       3.3828
[job(1142): 2016-09-10 00:35:09] At iterate     1  f =       16.901  |proj g|=        1.2172
[job(1142): 2016-09-10 00:35:09] At iterate     2  f =       16.029  |proj g|=        1.5665
[job(1142): 2016-09-10 00:35:09] At iterate     3  f =      -56.155  |proj g|=             0
[job(1142): 2016-09-10 00:35:09] 
[job(1142): 2016-09-10 00:35:09] iterations 3
[job(1142): 2016-09-10 00:35:09] function evaluations 6
[job(1142): 2016-09-10 00:35:09] segments explored during Cauchy searches 3
[job(1142): 2016-09-10 00:35:09] BFGS updates skipped 0
[job(1142): 2016-09-10 00:35:09] active bounds at final generalized Cauchy point 0
[job(1142): 2016-09-10 00:35:09] norm of the final projected gradient 0
[job(1142): 2016-09-10 00:35:09] final function value -56.1552
[job(1142): 2016-09-10 00:35:09] 
[job(1142): 2016-09-10 00:35:09] F = -56.1552
[job(1142): 2016-09-10 00:35:09] final  value -56.155238 
[job(1142): 2016-09-10 00:35:09] converged
[job(1142): 2016-09-10 00:35:09] [Tune-x] 28: C=3.17; sigma=1.09e+03
[job(1142): 2016-09-10 00:35:09] [Tune-y] 28: acc.test.mean=0.396; time: 0.0 min; memory: 117Mb use, 178Mb max
[job(1142): 2016-09-10 00:35:09] 
[job(1142): 2016-09-10 00:35:09] optimisation start
[job(1142): 2016-09-10 00:35:09] ------------------
[job(1142): 2016-09-10 00:35:09] * estimation method   : MLE 
[job(1142): 2016-09-10 00:35:09] * optimisation method : BFGS 
[job(1142): 2016-09-10 00:35:09] * analytical gradient : used
[job(1142): 2016-09-10 00:35:09] * trend model : ~1
[job(1142): 2016-09-10 00:35:09] * covariance model : 
[job(1142): 2016-09-10 00:35:09]   - type :  matern5_2 
[job(1142): 2016-09-10 00:35:09]   - nugget : NO
[job(1142): 2016-09-10 00:35:09]   - parameters lower bounds :  1e-10 1e-10 
[job(1142): 2016-09-10 00:35:09]   - parameters upper bounds :  44.43531 43.81637 
[job(1142): 2016-09-10 00:35:09]   - best initial criterion value(s) :  -15.60275 
[job(1142): 2016-09-10 00:35:09] 
[job(1142): 2016-09-10 00:35:09] N = 2, M = 5 machine precision = 2.22045e-16
[job(1142): 2016-09-10 00:35:09] At X0, 0 variables are exactly at the bounds
[job(1142): 2016-09-10 00:35:09] At iterate     0  f=       15.603  |proj g|=       4.7145
[job(1142): 2016-09-10 00:35:09] At iterate     1  f =      -58.727  |proj g|=             0
[job(1142): 2016-09-10 00:35:09] 
[job(1142): 2016-09-10 00:35:09] iterations 1
[job(1142): 2016-09-10 00:35:09] function evaluations 2
[job(1142): 2016-09-10 00:35:09] segments explored during Cauchy searches 2
[job(1142): 2016-09-10 00:35:09] BFGS updates skipped 0
[job(1142): 2016-09-10 00:35:09] active bounds at final generalized Cauchy point 1
[job(1142): 2016-09-10 00:35:09] norm of the final projected gradient 0
[job(1142): 2016-09-10 00:35:09] final function value -58.7275
[job(1142): 2016-09-10 00:35:09] 
[job(1142): 2016-09-10 00:35:09] F = -58.7275
[job(1142): 2016-09-10 00:35:09] final  value -58.727470 
[job(1142): 2016-09-10 00:35:09] converged
[job(1142): 2016-09-10 00:35:09] [Tune] Result: C=1.38; sigma=1 : acc.test.mean=-0.433
[job(1142): 2016-09-10 00:35:09] Job terminated successfully
[job(chunk): 2016-09-10 00:35:11] Calculation finished!
