[job(chunk): 2016-09-09 20:09:27] Starting calculation of 1 jobs
[job(chunk): 2016-09-09 20:09:27] Setting working directory to '/naslx/projects/pr74ze/ri89coc2/svm_comparison'
[job(chunk): 2016-09-09 20:09:27] Memory measurement disabled
[job(271): 2016-09-09 20:09:29] Starting job with job.id=271
[job(271): 2016-09-09 20:10:38] Generating problem instance for problem '36' ...
[job(271): 2016-09-09 20:10:38] Downloading from 'http://www.openml.org/api/v1/data/36' to '/tmp/ri89coc2/Rtmp2xEJNT/cache/datasets/36/description.xml'.
[job(271): 2016-09-09 20:10:38] Downloading from 'http://www.openml.org/data/download/36/dataset_36_segment.arff' to '/tmp/ri89coc2/Rtmp2xEJNT/cache/datasets/36/dataset.arff'
[job(271): 2016-09-09 20:10:38] Loading required package: readr
[job(271): 2016-09-09 20:10:38] Removing 1 columns: region.pixel.count
[job(271): 2016-09-09 20:10:38] Applying algorithm 'C-svc.tuned' on problem '36' ...
[job(271): 2016-09-09 20:10:38] Data '36' file 'description.xml' found in cache.
[job(271): 2016-09-09 20:10:38] Data '36' file 'dataset.arff' found in cache.
[job(271): 2016-09-09 20:10:38] Removing 1 columns: region.pixel.count
[job(271): 2016-09-09 20:10:38] [Tune] Started tuning learner C-svc for parameter set:
[job(271): 2016-09-09 20:10:38]          Type len Def    Constr Req Tunable Trafo
[job(271): 2016-09-09 20:10:38] C     numeric   -   - -12 to 12   -    TRUE     Y
[job(271): 2016-09-09 20:10:38] sigma numeric   -   - -12 to 12   -    TRUE     Y
[job(271): 2016-09-09 20:10:38] With control class: TuneControlMBO
[job(271): 2016-09-09 20:10:38] Imputation value: -0
[job(271): 2016-09-09 20:10:38] [Tune-x] 1: C=0.00667; sigma=40.5
[job(271): 2016-09-09 20:10:38] [Tune-y] 1: acc.test.mean=0.119; time: 0.1 min; memory: 113Mb use, 160Mb max
[job(271): 2016-09-09 20:10:38] [Tune-x] 2: C=21.1; sigma=0.0386
[job(271): 2016-09-09 20:10:38] [Tune-y] 2: acc.test.mean=0.967; time: 0.0 min; memory: 114Mb use, 160Mb max
[job(271): 2016-09-09 20:10:38] [Tune-x] 3: C=0.166; sigma=406
[job(271): 2016-09-09 20:10:38] [Tune-y] 3: acc.test.mean=0.132; time: 0.0 min; memory: 114Mb use, 160Mb max
[job(271): 2016-09-09 20:10:38] [Tune-x] 4: C=0.0315; sigma=0.00566
[job(271): 2016-09-09 20:10:38] [Tune-y] 4: acc.test.mean=0.521; time: 0.0 min; memory: 114Mb use, 160Mb max
[job(271): 2016-09-09 20:10:38] [Tune-x] 5: C=1.03; sigma=0.294
[job(271): 2016-09-09 20:10:38] [Tune-y] 5: acc.test.mean=0.947; time: 0.0 min; memory: 114Mb use, 160Mb max
[job(271): 2016-09-09 20:10:38] [Tune-x] 6: C=158; sigma=1.3e+03
[job(271): 2016-09-09 20:10:38] [Tune-y] 6: acc.test.mean=0.251; time: 0.1 min; memory: 114Mb use, 160Mb max
[job(271): 2016-09-09 20:10:38] [Tune-x] 7: C=3.29e+03; sigma=0.0014
[job(271): 2016-09-09 20:10:38] [Tune-y] 7: acc.test.mean=0.961; time: 0.0 min; memory: 114Mb use, 160Mb max
[job(271): 2016-09-09 20:10:38] [Tune-x] 8: C=0.00122; sigma=2.99
[job(271): 2016-09-09 20:10:38] [Tune-y] 8: acc.test.mean=0.132; time: 0.1 min; memory: 114Mb use, 160Mb max
[job(271): 2016-09-09 20:10:38] 
[job(271): 2016-09-09 20:10:38] optimisation start
[job(271): 2016-09-09 20:10:38] ------------------
[job(271): 2016-09-09 20:10:38] * estimation method   : MLE 
[job(271): 2016-09-09 20:10:38] * optimisation method : BFGS 
[job(271): 2016-09-09 20:10:38] * analytical gradient : used
[job(271): 2016-09-09 20:10:38] * trend model : ~1
[job(271): 2016-09-09 20:10:38] * covariance model : 
[job(271): 2016-09-09 20:10:38]   - type :  matern5_2 
[job(271): 2016-09-09 20:10:38]   - nugget : NO
[job(271): 2016-09-09 20:10:38]   - parameters lower bounds :  1e-10 1e-10 
[job(271): 2016-09-09 20:10:38]   - parameters upper bounds :  42.72762 39.65222 
[job(271): 2016-09-09 20:10:38]   - best initial criterion value(s) :  -0.8523116 
[job(271): 2016-09-09 20:10:38] 
[job(271): 2016-09-09 20:10:38] N = 2, M = 5 machine precision = 2.22045e-16
[job(271): 2016-09-09 20:10:38] At X0, 0 variables are exactly at the bounds
[job(271): 2016-09-09 20:10:38] At iterate     0  f=      0.85231  |proj g|=     0.091315
[job(271): 2016-09-09 20:10:38] At iterate     1  f =      0.84149  |proj g|=      0.088692
[job(271): 2016-09-09 20:10:38] At iterate     2  f =      0.70679  |proj g|=      0.019285
[job(271): 2016-09-09 20:10:38] At iterate     3  f =      0.69918  |proj g|=     0.0040973
[job(271): 2016-09-09 20:10:38] At iterate     4  f =      0.69865  |proj g|=     0.0024686
[job(271): 2016-09-09 20:10:38] At iterate     5  f =      0.69845  |proj g|=    0.00010969
[job(271): 2016-09-09 20:10:38] At iterate     6  f =      0.69845  |proj g|=     2.486e-06
[job(271): 2016-09-09 20:10:38] At iterate     7  f =      0.69845  |proj g|=    3.7327e-08
[job(271): 2016-09-09 20:10:38] 
[job(271): 2016-09-09 20:10:38] iterations 7
[job(271): 2016-09-09 20:10:38] function evaluations 8
[job(271): 2016-09-09 20:10:38] segments explored during Cauchy searches 7
[job(271): 2016-09-09 20:10:38] BFGS updates skipped 0
[job(271): 2016-09-09 20:10:38] active bounds at final generalized Cauchy point 0
[job(271): 2016-09-09 20:10:38] norm of the final projected gradient 3.73266e-08
[job(271): 2016-09-09 20:10:38] final function value 0.698454
[job(271): 2016-09-09 20:10:38] 
[job(271): 2016-09-09 20:10:38] F = 0.698454
[job(271): 2016-09-09 20:10:38] final  value 0.698454 
[job(271): 2016-09-09 20:10:38] converged
[job(271): 2016-09-09 20:10:38] [Tune-x] 9: C=7.05; sigma=0.17
[job(271): 2016-09-09 20:10:38] [Tune-y] 9: acc.test.mean=0.962; time: 0.0 min; memory: 118Mb use, 160Mb max
[job(271): 2016-09-09 20:10:38] 
[job(271): 2016-09-09 20:10:38] optimisation start
[job(271): 2016-09-09 20:10:38] ------------------
[job(271): 2016-09-09 20:10:38] * estimation method   : MLE 
[job(271): 2016-09-09 20:10:38] * optimisation method : BFGS 
[job(271): 2016-09-09 20:10:38] * analytical gradient : used
[job(271): 2016-09-09 20:10:38] * trend model : ~1
[job(271): 2016-09-09 20:10:38] * covariance model : 
[job(271): 2016-09-09 20:10:38]   - type :  matern5_2 
[job(271): 2016-09-09 20:10:38]   - nugget : NO
[job(271): 2016-09-09 20:10:38]   - parameters lower bounds :  1e-10 1e-10 
[job(271): 2016-09-09 20:10:38]   - parameters upper bounds :  42.72762 39.65222 
[job(271): 2016-09-09 20:10:38]   - best initial criterion value(s) :  0.6688894 
[job(271): 2016-09-09 20:10:38] 
[job(271): 2016-09-09 20:10:38] N = 2, M = 5 machine precision = 2.22045e-16
[job(271): 2016-09-09 20:10:38] At X0, 0 variables are exactly at the bounds
[job(271): 2016-09-09 20:10:38] At iterate     0  f=     -0.66889  |proj g|=      0.34343
[job(271): 2016-09-09 20:10:38] At iterate     1  f =     -0.77838  |proj g|=       0.29338
[job(271): 2016-09-09 20:10:38] At iterate     2  f =      -1.1628  |proj g|=      0.061486
[job(271): 2016-09-09 20:10:38] At iterate     3  f =      -1.2259  |proj g|=      0.038585
[job(271): 2016-09-09 20:10:38] At iterate     4  f =      -1.2526  |proj g|=     0.0088049
[job(271): 2016-09-09 20:10:38] At iterate     5  f =      -1.2539  |proj g|=     0.0006851
[job(271): 2016-09-09 20:10:38] At iterate     6  f =       -1.254  |proj g|=    2.8323e-05
[job(271): 2016-09-09 20:10:38] At iterate     7  f =       -1.254  |proj g|=    5.0363e-06
[job(271): 2016-09-09 20:10:38] At iterate     8  f =       -1.254  |proj g|=    4.6095e-08
[job(271): 2016-09-09 20:10:38] 
[job(271): 2016-09-09 20:10:38] iterations 8
[job(271): 2016-09-09 20:10:38] function evaluations 9
[job(271): 2016-09-09 20:10:38] segments explored during Cauchy searches 8
[job(271): 2016-09-09 20:10:38] BFGS updates skipped 0
[job(271): 2016-09-09 20:10:38] active bounds at final generalized Cauchy point 0
[job(271): 2016-09-09 20:10:38] norm of the final projected gradient 4.60946e-08
[job(271): 2016-09-09 20:10:38] final function value -1.25396
[job(271): 2016-09-09 20:10:38] 
[job(271): 2016-09-09 20:10:38] F = -1.25396
[job(271): 2016-09-09 20:10:38] final  value -1.253958 
[job(271): 2016-09-09 20:10:38] converged
[job(271): 2016-09-09 20:10:38] [Tune-x] 10: C=2.95; sigma=0.0681
[job(271): 2016-09-09 20:10:38] [Tune-y] 10: acc.test.mean=0.956; time: 0.0 min; memory: 118Mb use, 160Mb max
[job(271): 2016-09-09 20:10:38] 
[job(271): 2016-09-09 20:10:38] optimisation start
[job(271): 2016-09-09 20:10:38] ------------------
[job(271): 2016-09-09 20:10:38] * estimation method   : MLE 
[job(271): 2016-09-09 20:10:38] * optimisation method : BFGS 
[job(271): 2016-09-09 20:10:38] * analytical gradient : used
[job(271): 2016-09-09 20:10:38] * trend model : ~1
[job(271): 2016-09-09 20:10:38] * covariance model : 
[job(271): 2016-09-09 20:10:38]   - type :  matern5_2 
[job(271): 2016-09-09 20:10:38]   - nugget : NO
[job(271): 2016-09-09 20:10:38]   - parameters lower bounds :  1e-10 1e-10 
[job(271): 2016-09-09 20:10:38]   - parameters upper bounds :  42.72762 39.65222 
[job(271): 2016-09-09 20:10:38]   - best initial criterion value(s) :  2.770225 
[job(271): 2016-09-09 20:10:38] 
[job(271): 2016-09-09 20:10:38] N = 2, M = 5 machine precision = 2.22045e-16
[job(271): 2016-09-09 20:10:38] At X0, 0 variables are exactly at the bounds
[job(271): 2016-09-09 20:10:38] At iterate     0  f=      -2.7702  |proj g|=      0.23952
[job(271): 2016-09-09 20:10:38] At iterate     1  f =      -2.8626  |proj g|=       0.22598
[job(271): 2016-09-09 20:10:38] At iterate     2  f =      -3.2115  |proj g|=         0.179
[job(271): 2016-09-09 20:10:38] At iterate     3  f =      -3.3871  |proj g|=      0.025614
[job(271): 2016-09-09 20:10:38] At iterate     4  f =      -3.3916  |proj g|=      0.010303
[job(271): 2016-09-09 20:10:38] At iterate     5  f =      -3.3939  |proj g|=     0.0093214
[job(271): 2016-09-09 20:10:38] At iterate     6  f =      -3.3953  |proj g|=     0.0030767
[job(271): 2016-09-09 20:10:38] At iterate     7  f =      -3.3953  |proj g|=    0.00017511
[job(271): 2016-09-09 20:10:38] At iterate     8  f =      -3.3953  |proj g|=    8.2589e-06
[job(271): 2016-09-09 20:10:38] At iterate     9  f =      -3.3953  |proj g|=    9.3122e-07
[job(271): 2016-09-09 20:10:38] 
[job(271): 2016-09-09 20:10:38] iterations 9
[job(271): 2016-09-09 20:10:38] function evaluations 10
[job(271): 2016-09-09 20:10:38] segments explored during Cauchy searches 9
[job(271): 2016-09-09 20:10:38] BFGS updates skipped 0
[job(271): 2016-09-09 20:10:38] active bounds at final generalized Cauchy point 0
[job(271): 2016-09-09 20:10:38] norm of the final projected gradient 9.3122e-07
[job(271): 2016-09-09 20:10:38] final function value -3.39533
[job(271): 2016-09-09 20:10:38] 
[job(271): 2016-09-09 20:10:38] F = -3.39533
[job(271): 2016-09-09 20:10:38] final  value -3.395333 
[job(271): 2016-09-09 20:10:38] converged
[job(271): 2016-09-09 20:10:38] [Tune-x] 11: C=497; sigma=0.0119
[job(271): 2016-09-09 20:10:38] [Tune-y] 11: acc.test.mean=0.962; time: 0.0 min; memory: 118Mb use, 160Mb max
[job(271): 2016-09-09 20:10:38] 
[job(271): 2016-09-09 20:10:38] optimisation start
[job(271): 2016-09-09 20:10:38] ------------------
[job(271): 2016-09-09 20:10:38] * estimation method   : MLE 
[job(271): 2016-09-09 20:10:38] * optimisation method : BFGS 
[job(271): 2016-09-09 20:10:38] * analytical gradient : used
[job(271): 2016-09-09 20:10:38] * trend model : ~1
[job(271): 2016-09-09 20:10:38] * covariance model : 
[job(271): 2016-09-09 20:10:38]   - type :  matern5_2 
[job(271): 2016-09-09 20:10:38]   - nugget : NO
[job(271): 2016-09-09 20:10:38]   - parameters lower bounds :  1e-10 1e-10 
[job(271): 2016-09-09 20:10:38]   - parameters upper bounds :  42.72762 39.65222 
[job(271): 2016-09-09 20:10:38]   - best initial criterion value(s) :  5.094478 
[job(271): 2016-09-09 20:10:38] 
[job(271): 2016-09-09 20:10:38] N = 2, M = 5 machine precision = 2.22045e-16
[job(271): 2016-09-09 20:10:38] At X0, 0 variables are exactly at the bounds
[job(271): 2016-09-09 20:10:38] At iterate     0  f=      -5.0945  |proj g|=      0.09008
[job(271): 2016-09-09 20:10:38] At iterate     1  f =      -5.1064  |proj g|=      0.080296
[job(271): 2016-09-09 20:10:38] At iterate     2  f =      -5.1551  |proj g|=     0.0034129
[job(271): 2016-09-09 20:10:38] At iterate     3  f =      -5.1552  |proj g|=    0.00055933
[job(271): 2016-09-09 20:10:38] At iterate     4  f =      -5.1552  |proj g|=    0.00046922
[job(271): 2016-09-09 20:10:38] At iterate     5  f =      -5.1552  |proj g|=    0.00012953
[job(271): 2016-09-09 20:10:38] At iterate     6  f =      -5.1552  |proj g|=    2.0356e-07
[job(271): 2016-09-09 20:10:38] At iterate     7  f =      -5.1552  |proj g|=    1.3321e-08
[job(271): 2016-09-09 20:10:38] 
[job(271): 2016-09-09 20:10:38] iterations 7
[job(271): 2016-09-09 20:10:38] function evaluations 8
[job(271): 2016-09-09 20:10:38] segments explored during Cauchy searches 7
[job(271): 2016-09-09 20:10:38] BFGS updates skipped 0
[job(271): 2016-09-09 20:10:38] active bounds at final generalized Cauchy point 0
[job(271): 2016-09-09 20:10:38] norm of the final projected gradient 1.33207e-08
[job(271): 2016-09-09 20:10:38] final function value -5.15522
[job(271): 2016-09-09 20:10:38] 
[job(271): 2016-09-09 20:10:38] F = -5.15522
[job(271): 2016-09-09 20:10:38] final  value -5.155217 
[job(271): 2016-09-09 20:10:38] converged
[job(271): 2016-09-09 20:10:38] [Tune-x] 12: C=241; sigma=0.00419
[job(271): 2016-09-09 20:10:38] [Tune-y] 12: acc.test.mean=0.964; time: 0.0 min; memory: 118Mb use, 160Mb max
[job(271): 2016-09-09 20:10:38] 
[job(271): 2016-09-09 20:10:38] optimisation start
[job(271): 2016-09-09 20:10:38] ------------------
[job(271): 2016-09-09 20:10:38] * estimation method   : MLE 
[job(271): 2016-09-09 20:10:38] * optimisation method : BFGS 
[job(271): 2016-09-09 20:10:38] * analytical gradient : used
[job(271): 2016-09-09 20:10:38] * trend model : ~1
[job(271): 2016-09-09 20:10:38] * covariance model : 
[job(271): 2016-09-09 20:10:38]   - type :  matern5_2 
[job(271): 2016-09-09 20:10:38]   - nugget : NO
[job(271): 2016-09-09 20:10:38]   - parameters lower bounds :  1e-10 1e-10 
[job(271): 2016-09-09 20:10:38]   - parameters upper bounds :  42.72762 39.65222 
[job(271): 2016-09-09 20:10:38]   - best initial criterion value(s) :  7.276168 
[job(271): 2016-09-09 20:10:38] 
[job(271): 2016-09-09 20:10:38] N = 2, M = 5 machine precision = 2.22045e-16
[job(271): 2016-09-09 20:10:38] At X0, 0 variables are exactly at the bounds
[job(271): 2016-09-09 20:10:38] At iterate     0  f=      -7.2762  |proj g|=     0.054865
[job(271): 2016-09-09 20:10:38] At iterate     1  f =      -7.2791  |proj g|=      0.052562
[job(271): 2016-09-09 20:10:38] At iterate     2  f =      -7.3277  |proj g|=      0.027854
[job(271): 2016-09-09 20:10:38] At iterate     3  f =      -7.3363  |proj g|=      0.013017
[job(271): 2016-09-09 20:10:38] At iterate     4  f =      -7.3379  |proj g|=     0.0015251
[job(271): 2016-09-09 20:10:38] At iterate     5  f =      -7.3379  |proj g|=    4.6661e-05
[job(271): 2016-09-09 20:10:38] At iterate     6  f =      -7.3379  |proj g|=    1.2823e-07
[job(271): 2016-09-09 20:10:38] At iterate     7  f =      -7.3379  |proj g|=    6.3119e-09
[job(271): 2016-09-09 20:10:38] 
[job(271): 2016-09-09 20:10:38] iterations 7
[job(271): 2016-09-09 20:10:38] function evaluations 8
[job(271): 2016-09-09 20:10:38] segments explored during Cauchy searches 7
[job(271): 2016-09-09 20:10:38] BFGS updates skipped 0
[job(271): 2016-09-09 20:10:38] active bounds at final generalized Cauchy point 0
[job(271): 2016-09-09 20:10:38] norm of the final projected gradient 6.31188e-09
[job(271): 2016-09-09 20:10:38] final function value -7.33787
[job(271): 2016-09-09 20:10:38] 
[job(271): 2016-09-09 20:10:38] F = -7.33787
[job(271): 2016-09-09 20:10:38] final  value -7.337869 
[job(271): 2016-09-09 20:10:38] converged
[job(271): 2016-09-09 20:10:38] [Tune-x] 13: C=55.8; sigma=0.0292
[job(271): 2016-09-09 20:10:38] [Tune-y] 13: acc.test.mean=0.962; time: 0.0 min; memory: 118Mb use, 160Mb max
[job(271): 2016-09-09 20:10:38] 
[job(271): 2016-09-09 20:10:38] optimisation start
[job(271): 2016-09-09 20:10:38] ------------------
[job(271): 2016-09-09 20:10:38] * estimation method   : MLE 
[job(271): 2016-09-09 20:10:38] * optimisation method : BFGS 
[job(271): 2016-09-09 20:10:38] * analytical gradient : used
[job(271): 2016-09-09 20:10:38] * trend model : ~1
[job(271): 2016-09-09 20:10:38] * covariance model : 
[job(271): 2016-09-09 20:10:38]   - type :  matern5_2 
[job(271): 2016-09-09 20:10:38]   - nugget : NO
[job(271): 2016-09-09 20:10:38]   - parameters lower bounds :  1e-10 1e-10 
[job(271): 2016-09-09 20:10:38]   - parameters upper bounds :  42.72762 39.65222 
[job(271): 2016-09-09 20:10:38]   - best initial criterion value(s) :  10.5246 
[job(271): 2016-09-09 20:10:38] 
[job(271): 2016-09-09 20:10:38] N = 2, M = 5 machine precision = 2.22045e-16
[job(271): 2016-09-09 20:10:38] At X0, 0 variables are exactly at the bounds
[job(271): 2016-09-09 20:10:38] At iterate     0  f=      -10.525  |proj g|=      0.12047
[job(271): 2016-09-09 20:10:38] At iterate     1  f =      -10.546  |proj g|=       0.11533
[job(271): 2016-09-09 20:10:38] At iterate     2  f =      -10.712  |proj g|=      0.037779
[job(271): 2016-09-09 20:10:38] At iterate     3  f =      -10.722  |proj g|=      0.010716
[job(271): 2016-09-09 20:10:38] At iterate     4  f =      -10.725  |proj g|=     0.0069068
[job(271): 2016-09-09 20:10:38] At iterate     5  f =      -10.727  |proj g|=     0.0004434
[job(271): 2016-09-09 20:10:38] At iterate     6  f =      -10.727  |proj g|=    1.8338e-05
[job(271): 2016-09-09 20:10:38] At iterate     7  f =      -10.727  |proj g|=    2.0824e-07
[job(271): 2016-09-09 20:10:38] 
[job(271): 2016-09-09 20:10:38] iterations 7
[job(271): 2016-09-09 20:10:38] function evaluations 8
[job(271): 2016-09-09 20:10:38] segments explored during Cauchy searches 7
[job(271): 2016-09-09 20:10:38] BFGS updates skipped 0
[job(271): 2016-09-09 20:10:38] active bounds at final generalized Cauchy point 0
[job(271): 2016-09-09 20:10:38] norm of the final projected gradient 2.08244e-07
[job(271): 2016-09-09 20:10:38] final function value -10.7267
[job(271): 2016-09-09 20:10:38] 
[job(271): 2016-09-09 20:10:38] F = -10.7267
[job(271): 2016-09-09 20:10:38] final  value -10.726686 
[job(271): 2016-09-09 20:10:38] converged
[job(271): 2016-09-09 20:10:38] [Tune-x] 14: C=1.06e+03; sigma=0.00391
[job(271): 2016-09-09 20:10:38] [Tune-y] 14: acc.test.mean=0.966; time: 0.0 min; memory: 118Mb use, 160Mb max
[job(271): 2016-09-09 20:10:38] 
[job(271): 2016-09-09 20:10:38] optimisation start
[job(271): 2016-09-09 20:10:38] ------------------
[job(271): 2016-09-09 20:10:38] * estimation method   : MLE 
[job(271): 2016-09-09 20:10:38] * optimisation method : BFGS 
[job(271): 2016-09-09 20:10:38] * analytical gradient : used
[job(271): 2016-09-09 20:10:38] * trend model : ~1
[job(271): 2016-09-09 20:10:38] * covariance model : 
[job(271): 2016-09-09 20:10:38]   - type :  matern5_2 
[job(271): 2016-09-09 20:10:38]   - nugget : NO
[job(271): 2016-09-09 20:10:38]   - parameters lower bounds :  1e-10 1e-10 
[job(271): 2016-09-09 20:10:38]   - parameters upper bounds :  42.72762 39.65222 
[job(271): 2016-09-09 20:10:38]   - best initial criterion value(s) :  14.21235 
[job(271): 2016-09-09 20:10:38] 
[job(271): 2016-09-09 20:10:38] N = 2, M = 5 machine precision = 2.22045e-16
[job(271): 2016-09-09 20:10:38] At X0, 0 variables are exactly at the bounds
[job(271): 2016-09-09 20:10:38] At iterate     0  f=      -14.212  |proj g|=     0.076736
[job(271): 2016-09-09 20:10:38] At iterate     1  f =      -14.222  |proj g|=      0.075789
[job(271): 2016-09-09 20:10:38] At iterate     2  f =      -14.505  |proj g|=      0.085031
[job(271): 2016-09-09 20:10:38] At iterate     3  f =      -14.599  |proj g|=     0.0039991
[job(271): 2016-09-09 20:10:38] At iterate     4  f =      -14.599  |proj g|=      0.002206
[job(271): 2016-09-09 20:10:38] At iterate     5  f =      -14.599  |proj g|=    0.00028498
[job(271): 2016-09-09 20:10:38] At iterate     6  f =      -14.599  |proj g|=     6.506e-05
[job(271): 2016-09-09 20:10:38] At iterate     7  f =      -14.599  |proj g|=    5.2074e-07
[job(271): 2016-09-09 20:10:38] At iterate     8  f =      -14.599  |proj g|=    8.4302e-09
[job(271): 2016-09-09 20:10:38] 
[job(271): 2016-09-09 20:10:38] iterations 8
[job(271): 2016-09-09 20:10:38] function evaluations 11
[job(271): 2016-09-09 20:10:38] segments explored during Cauchy searches 8
[job(271): 2016-09-09 20:10:38] BFGS updates skipped 0
[job(271): 2016-09-09 20:10:38] active bounds at final generalized Cauchy point 0
[job(271): 2016-09-09 20:10:38] norm of the final projected gradient 8.4302e-09
[job(271): 2016-09-09 20:10:38] final function value -14.5991
[job(271): 2016-09-09 20:10:38] 
[job(271): 2016-09-09 20:10:38] F = -14.5991
[job(271): 2016-09-09 20:10:38] final  value -14.599079 
[job(271): 2016-09-09 20:10:38] converged
[job(271): 2016-09-09 20:10:38] [Tune-x] 15: C=21; sigma=0.0261
[job(271): 2016-09-09 20:10:38] [Tune-y] 15: acc.test.mean=0.963; time: 0.0 min; memory: 118Mb use, 160Mb max
[job(271): 2016-09-09 20:10:38] 
[job(271): 2016-09-09 20:10:38] optimisation start
[job(271): 2016-09-09 20:10:38] ------------------
[job(271): 2016-09-09 20:10:38] * estimation method   : MLE 
[job(271): 2016-09-09 20:10:38] * optimisation method : BFGS 
[job(271): 2016-09-09 20:10:38] * analytical gradient : used
[job(271): 2016-09-09 20:10:38] * trend model : ~1
[job(271): 2016-09-09 20:10:38] * covariance model : 
[job(271): 2016-09-09 20:10:38]   - type :  matern5_2 
[job(271): 2016-09-09 20:10:38]   - nugget : NO
[job(271): 2016-09-09 20:10:38]   - parameters lower bounds :  1e-10 1e-10 
[job(271): 2016-09-09 20:10:38]   - parameters upper bounds :  42.72762 39.65222 
[job(271): 2016-09-09 20:10:38]   - best initial criterion value(s) :  17.48219 
[job(271): 2016-09-09 20:10:38] 
[job(271): 2016-09-09 20:10:38] N = 2, M = 5 machine precision = 2.22045e-16
[job(271): 2016-09-09 20:10:38] At X0, 0 variables are exactly at the bounds
[job(271): 2016-09-09 20:10:38] At iterate     0  f=      -17.482  |proj g|=      0.57037
[job(271): 2016-09-09 20:10:38] At iterate     1  f =      -17.772  |proj g|=       0.44754
[job(271): 2016-09-09 20:10:38] At iterate     2  f =      -18.419  |proj g|=       0.10663
[job(271): 2016-09-09 20:10:38] At iterate     3  f =      -18.584  |proj g|=      0.078596
[job(271): 2016-09-09 20:10:38] At iterate     4  f =      -18.671  |proj g|=      0.020732
[job(271): 2016-09-09 20:10:38] At iterate     5  f =      -18.679  |proj g|=      0.003008
[job(271): 2016-09-09 20:10:38] At iterate     6  f =      -18.679  |proj g|=    0.00025155
[job(271): 2016-09-09 20:10:38] At iterate     7  f =      -18.679  |proj g|=    9.2828e-05
[job(271): 2016-09-09 20:10:38] At iterate     8  f =      -18.679  |proj g|=    1.2803e-05
[job(271): 2016-09-09 20:10:38] At iterate     9  f =      -18.679  |proj g|=     1.311e-08
[job(271): 2016-09-09 20:10:38] 
[job(271): 2016-09-09 20:10:38] iterations 9
[job(271): 2016-09-09 20:10:38] function evaluations 10
[job(271): 2016-09-09 20:10:38] segments explored during Cauchy searches 9
[job(271): 2016-09-09 20:10:38] BFGS updates skipped 0
[job(271): 2016-09-09 20:10:38] active bounds at final generalized Cauchy point 0
[job(271): 2016-09-09 20:10:38] norm of the final projected gradient 1.31104e-08
[job(271): 2016-09-09 20:10:38] final function value -18.6789
[job(271): 2016-09-09 20:10:38] 
[job(271): 2016-09-09 20:10:38] F = -18.6789
[job(271): 2016-09-09 20:10:38] final  value -18.678865 
[job(271): 2016-09-09 20:10:38] converged
[job(271): 2016-09-09 20:10:38] [Tune-x] 16: C=798; sigma=0.00128
[job(271): 2016-09-09 20:10:38] [Tune-y] 16: acc.test.mean=0.964; time: 0.0 min; memory: 118Mb use, 160Mb max
[job(271): 2016-09-09 20:10:38] 
[job(271): 2016-09-09 20:10:38] optimisation start
[job(271): 2016-09-09 20:10:38] ------------------
[job(271): 2016-09-09 20:10:38] * estimation method   : MLE 
[job(271): 2016-09-09 20:10:38] * optimisation method : BFGS 
[job(271): 2016-09-09 20:10:38] * analytical gradient : used
[job(271): 2016-09-09 20:10:38] * trend model : ~1
[job(271): 2016-09-09 20:10:38] * covariance model : 
[job(271): 2016-09-09 20:10:38]   - type :  matern5_2 
[job(271): 2016-09-09 20:10:38]   - nugget : NO
[job(271): 2016-09-09 20:10:38]   - parameters lower bounds :  1e-10 1e-10 
[job(271): 2016-09-09 20:10:38]   - parameters upper bounds :  42.72762 39.9174 
[job(271): 2016-09-09 20:10:38]   - best initial criterion value(s) :  21.60144 
[job(271): 2016-09-09 20:10:38] 
[job(271): 2016-09-09 20:10:38] N = 2, M = 5 machine precision = 2.22045e-16
[job(271): 2016-09-09 20:10:38] At X0, 0 variables are exactly at the bounds
[job(271): 2016-09-09 20:10:38] At iterate     0  f=      -21.601  |proj g|=       0.2077
[job(271): 2016-09-09 20:10:38] At iterate     1  f =      -21.652  |proj g|=       0.17697
[job(271): 2016-09-09 20:10:38] At iterate     2  f =      -21.798  |proj g|=      0.019077
[job(271): 2016-09-09 20:10:38] At iterate     3  f =        -21.8  |proj g|=     0.0041062
[job(271): 2016-09-09 20:10:38] At iterate     4  f =        -21.8  |proj g|=     0.0031997
[job(271): 2016-09-09 20:10:38] At iterate     5  f =        -21.8  |proj g|=      0.001389
[job(271): 2016-09-09 20:10:38] At iterate     6  f =        -21.8  |proj g|=    7.2432e-06
[job(271): 2016-09-09 20:10:38] At iterate     7  f =        -21.8  |proj g|=    3.8956e-07
[job(271): 2016-09-09 20:10:38] 
[job(271): 2016-09-09 20:10:38] iterations 7
[job(271): 2016-09-09 20:10:38] function evaluations 8
[job(271): 2016-09-09 20:10:38] segments explored during Cauchy searches 7
[job(271): 2016-09-09 20:10:38] BFGS updates skipped 0
[job(271): 2016-09-09 20:10:38] active bounds at final generalized Cauchy point 0
[job(271): 2016-09-09 20:10:38] norm of the final projected gradient 3.89557e-07
[job(271): 2016-09-09 20:10:38] final function value -21.8
[job(271): 2016-09-09 20:10:38] 
[job(271): 2016-09-09 20:10:38] F = -21.8
[job(271): 2016-09-09 20:10:38] final  value -21.800003 
[job(271): 2016-09-09 20:10:38] converged
[job(271): 2016-09-09 20:10:38] [Tune-x] 17: C=17.3; sigma=0.0651
[job(271): 2016-09-09 20:10:38] [Tune-y] 17: acc.test.mean=0.964; time: 0.0 min; memory: 118Mb use, 160Mb max
[job(271): 2016-09-09 20:10:38] 
[job(271): 2016-09-09 20:10:38] optimisation start
[job(271): 2016-09-09 20:10:38] ------------------
[job(271): 2016-09-09 20:10:38] * estimation method   : MLE 
[job(271): 2016-09-09 20:10:38] * optimisation method : BFGS 
[job(271): 2016-09-09 20:10:38] * analytical gradient : used
[job(271): 2016-09-09 20:10:38] * trend model : ~1
[job(271): 2016-09-09 20:10:38] * covariance model : 
[job(271): 2016-09-09 20:10:38]   - type :  matern5_2 
[job(271): 2016-09-09 20:10:38]   - nugget : NO
[job(271): 2016-09-09 20:10:38]   - parameters lower bounds :  1e-10 1e-10 
[job(271): 2016-09-09 20:10:38]   - parameters upper bounds :  42.72762 39.9174 
[job(271): 2016-09-09 20:10:38]   - best initial criterion value(s) :  24.38167 
[job(271): 2016-09-09 20:10:38] 
[job(271): 2016-09-09 20:10:38] N = 2, M = 5 machine precision = 2.22045e-16
[job(271): 2016-09-09 20:10:38] At X0, 0 variables are exactly at the bounds
[job(271): 2016-09-09 20:10:38] At iterate     0  f=      -24.382  |proj g|=      0.19822
[job(271): 2016-09-09 20:10:38] At iterate     1  f =      -24.453  |proj g|=       0.18583
[job(271): 2016-09-09 20:10:38] At iterate     2  f =       -24.76  |proj g|=       0.12053
[job(271): 2016-09-09 20:10:38] At iterate     3  f =      -24.843  |proj g|=       0.12506
[job(271): 2016-09-09 20:10:38] At iterate     4  f =      -24.926  |proj g|=      0.065723
[job(271): 2016-09-09 20:10:38] At iterate     5  f =      -24.974  |proj g|=      0.018234
[job(271): 2016-09-09 20:10:38] At iterate     6  f =      -24.978  |proj g|=     0.0030733
[job(271): 2016-09-09 20:10:38] At iterate     7  f =      -24.978  |proj g|=    0.00020529
[job(271): 2016-09-09 20:10:38] At iterate     8  f =      -24.978  |proj g|=     0.0001787
[job(271): 2016-09-09 20:10:38] At iterate     9  f =      -24.978  |proj g|=    8.5279e-05
[job(271): 2016-09-09 20:10:38] 
[job(271): 2016-09-09 20:10:38] iterations 9
[job(271): 2016-09-09 20:10:38] function evaluations 10
[job(271): 2016-09-09 20:10:38] segments explored during Cauchy searches 9
[job(271): 2016-09-09 20:10:38] BFGS updates skipped 0
[job(271): 2016-09-09 20:10:38] active bounds at final generalized Cauchy point 0
[job(271): 2016-09-09 20:10:38] norm of the final projected gradient 8.52785e-05
[job(271): 2016-09-09 20:10:38] final function value -24.9785
[job(271): 2016-09-09 20:10:38] 
[job(271): 2016-09-09 20:10:38] F = -24.9785
[job(271): 2016-09-09 20:10:38] final  value -24.978482 
[job(271): 2016-09-09 20:10:38] converged
[job(271): 2016-09-09 20:10:38] [Tune-x] 18: C=553; sigma=0.00358
[job(271): 2016-09-09 20:10:38] [Tune-y] 18: acc.test.mean=0.964; time: 0.0 min; memory: 118Mb use, 160Mb max
[job(271): 2016-09-09 20:10:38] 
[job(271): 2016-09-09 20:10:38] optimisation start
[job(271): 2016-09-09 20:10:38] ------------------
[job(271): 2016-09-09 20:10:38] * estimation method   : MLE 
[job(271): 2016-09-09 20:10:38] * optimisation method : BFGS 
[job(271): 2016-09-09 20:10:38] * analytical gradient : used
[job(271): 2016-09-09 20:10:38] * trend model : ~1
[job(271): 2016-09-09 20:10:38] * covariance model : 
[job(271): 2016-09-09 20:10:38]   - type :  matern5_2 
[job(271): 2016-09-09 20:10:38]   - nugget : NO
[job(271): 2016-09-09 20:10:38]   - parameters lower bounds :  1e-10 1e-10 
[job(271): 2016-09-09 20:10:38]   - parameters upper bounds :  42.72762 39.9174 
[job(271): 2016-09-09 20:10:38]   - best initial criterion value(s) :  28.0999 
[job(271): 2016-09-09 20:10:38] 
[job(271): 2016-09-09 20:10:38] N = 2, M = 5 machine precision = 2.22045e-16
[job(271): 2016-09-09 20:10:38] At X0, 0 variables are exactly at the bounds
[job(271): 2016-09-09 20:10:38] At iterate     0  f=        -28.1  |proj g|=      0.37489
[job(271): 2016-09-09 20:10:38] At iterate     1  f =      -28.257  |proj g|=       0.28327
[job(271): 2016-09-09 20:10:38] At iterate     2  f =      -28.545  |proj g|=      0.073453
[job(271): 2016-09-09 20:10:38] At iterate     3  f =      -28.579  |proj g|=      0.062573
[job(271): 2016-09-09 20:10:38] At iterate     4  f =      -28.652  |proj g|=      0.058466
[job(271): 2016-09-09 20:10:38] At iterate     5  f =      -28.684  |proj g|=       0.01529
[job(271): 2016-09-09 20:10:38] At iterate     6  f =      -28.688  |proj g|=      0.002667
[job(271): 2016-09-09 20:10:38] At iterate     7  f =      -28.688  |proj g|=    0.00016154
[job(271): 2016-09-09 20:10:38] At iterate     8  f =      -28.688  |proj g|=    3.1231e-05
[job(271): 2016-09-09 20:10:38] At iterate     9  f =      -28.688  |proj g|=    2.0092e-06
[job(271): 2016-09-09 20:10:38] 
[job(271): 2016-09-09 20:10:38] iterations 9
[job(271): 2016-09-09 20:10:38] function evaluations 11
[job(271): 2016-09-09 20:10:38] segments explored during Cauchy searches 9
[job(271): 2016-09-09 20:10:38] BFGS updates skipped 0
[job(271): 2016-09-09 20:10:38] active bounds at final generalized Cauchy point 0
[job(271): 2016-09-09 20:10:38] norm of the final projected gradient 2.00917e-06
[job(271): 2016-09-09 20:10:38] final function value -28.6879
[job(271): 2016-09-09 20:10:38] 
[job(271): 2016-09-09 20:10:38] F = -28.6879
[job(271): 2016-09-09 20:10:38] final  value -28.687915 
[job(271): 2016-09-09 20:10:38] converged
[job(271): 2016-09-09 20:10:38] [Tune-x] 19: C=183; sigma=0.000496
[job(271): 2016-09-09 20:10:38] [Tune-y] 19: acc.test.mean=0.937; time: 0.0 min; memory: 118Mb use, 160Mb max
[job(271): 2016-09-09 20:10:38] 
[job(271): 2016-09-09 20:10:38] optimisation start
[job(271): 2016-09-09 20:10:38] ------------------
[job(271): 2016-09-09 20:10:38] * estimation method   : MLE 
[job(271): 2016-09-09 20:10:38] * optimisation method : BFGS 
[job(271): 2016-09-09 20:10:38] * analytical gradient : used
[job(271): 2016-09-09 20:10:38] * trend model : ~1
[job(271): 2016-09-09 20:10:38] * covariance model : 
[job(271): 2016-09-09 20:10:38]   - type :  matern5_2 
[job(271): 2016-09-09 20:10:38]   - nugget : NO
[job(271): 2016-09-09 20:10:38]   - parameters lower bounds :  1e-10 1e-10 
[job(271): 2016-09-09 20:10:38]   - parameters upper bounds :  42.72762 42.64771 
[job(271): 2016-09-09 20:10:38]   - best initial criterion value(s) :  29.88558 
[job(271): 2016-09-09 20:10:38] 
[job(271): 2016-09-09 20:10:38] N = 2, M = 5 machine precision = 2.22045e-16
[job(271): 2016-09-09 20:10:38] At X0, 0 variables are exactly at the bounds
[job(271): 2016-09-09 20:10:38] At iterate     0  f=      -29.886  |proj g|=      0.32082
[job(271): 2016-09-09 20:10:38] At iterate     1  f =      -29.987  |proj g|=        0.2764
[job(271): 2016-09-09 20:10:38] At iterate     2  f =      -30.315  |proj g|=       0.21698
[job(271): 2016-09-09 20:10:38] At iterate     3  f =      -30.433  |proj g|=        0.1181
[job(271): 2016-09-09 20:10:38] At iterate     4  f =      -30.574  |proj g|=      0.067378
[job(271): 2016-09-09 20:10:38] At iterate     5  f =      -30.627  |proj g|=      0.041202
[job(271): 2016-09-09 20:10:38] At iterate     6  f =       -30.64  |proj g|=     0.0099843
[job(271): 2016-09-09 20:10:38] At iterate     7  f =      -30.641  |proj g|=     0.0012736
[job(271): 2016-09-09 20:10:38] At iterate     8  f =      -30.641  |proj g|=    6.5934e-05
[job(271): 2016-09-09 20:10:38] At iterate     9  f =      -30.641  |proj g|=    8.3607e-05
[job(271): 2016-09-09 20:10:38] 
[job(271): 2016-09-09 20:10:38] iterations 9
[job(271): 2016-09-09 20:10:38] function evaluations 10
[job(271): 2016-09-09 20:10:38] segments explored during Cauchy searches 9
[job(271): 2016-09-09 20:10:38] BFGS updates skipped 0
[job(271): 2016-09-09 20:10:38] active bounds at final generalized Cauchy point 0
[job(271): 2016-09-09 20:10:38] norm of the final projected gradient 8.36068e-05
[job(271): 2016-09-09 20:10:38] final function value -30.6412
[job(271): 2016-09-09 20:10:38] 
[job(271): 2016-09-09 20:10:38] F = -30.6412
[job(271): 2016-09-09 20:10:38] final  value -30.641212 
[job(271): 2016-09-09 20:10:38] converged
[job(271): 2016-09-09 20:10:38] [Tune-x] 20: C=15.5; sigma=0.0447
[job(271): 2016-09-09 20:10:38] [Tune-y] 20: acc.test.mean=0.968; time: 0.0 min; memory: 118Mb use, 160Mb max
[job(271): 2016-09-09 20:10:38] 
[job(271): 2016-09-09 20:10:38] optimisation start
[job(271): 2016-09-09 20:10:38] ------------------
[job(271): 2016-09-09 20:10:38] * estimation method   : MLE 
[job(271): 2016-09-09 20:10:38] * optimisation method : BFGS 
[job(271): 2016-09-09 20:10:38] * analytical gradient : used
[job(271): 2016-09-09 20:10:38] * trend model : ~1
[job(271): 2016-09-09 20:10:38] * covariance model : 
[job(271): 2016-09-09 20:10:38]   - type :  matern5_2 
[job(271): 2016-09-09 20:10:38]   - nugget : NO
[job(271): 2016-09-09 20:10:38]   - parameters lower bounds :  1e-10 1e-10 
[job(271): 2016-09-09 20:10:38]   - parameters upper bounds :  42.72762 42.64771 
[job(271): 2016-09-09 20:10:38]   - best initial criterion value(s) :  36.22352 
[job(271): 2016-09-09 20:10:38] 
[job(271): 2016-09-09 20:10:38] N = 2, M = 5 machine precision = 2.22045e-16
[job(271): 2016-09-09 20:10:38] At X0, 0 variables are exactly at the bounds
[job(271): 2016-09-09 20:10:38] At iterate     0  f=      -36.224  |proj g|=      0.11753
[job(271): 2016-09-09 20:10:38] At iterate     1  f =      -36.238  |proj g|=       0.11636
[job(271): 2016-09-09 20:10:38] At iterate     2  f =      -36.417  |proj g|=       0.25705
[job(271): 2016-09-09 20:10:38] At iterate     3  f =      -36.566  |proj g|=       0.10243
[job(271): 2016-09-09 20:10:38] At iterate     4  f =      -36.591  |proj g|=      0.032447
[job(271): 2016-09-09 20:10:38] At iterate     5  f =      -36.594  |proj g|=     0.0023298
[job(271): 2016-09-09 20:10:38] At iterate     6  f =      -36.594  |proj g|=    2.4652e-05
[job(271): 2016-09-09 20:10:38] At iterate     7  f =      -36.594  |proj g|=    6.4463e-06
[job(271): 2016-09-09 20:10:38] 
[job(271): 2016-09-09 20:10:38] iterations 7
[job(271): 2016-09-09 20:10:38] function evaluations 10
[job(271): 2016-09-09 20:10:38] segments explored during Cauchy searches 7
[job(271): 2016-09-09 20:10:38] BFGS updates skipped 0
[job(271): 2016-09-09 20:10:38] active bounds at final generalized Cauchy point 0
[job(271): 2016-09-09 20:10:38] norm of the final projected gradient 6.44629e-06
[job(271): 2016-09-09 20:10:38] final function value -36.5936
[job(271): 2016-09-09 20:10:38] 
[job(271): 2016-09-09 20:10:38] F = -36.5936
[job(271): 2016-09-09 20:10:38] final  value -36.593567 
[job(271): 2016-09-09 20:10:38] converged
[job(271): 2016-09-09 20:10:38] [Tune-x] 21: C=1.51e+03; sigma=0.00659
[job(271): 2016-09-09 20:10:38] [Tune-y] 21: acc.test.mean=0.966; time: 0.0 min; memory: 118Mb use, 168Mb max
[job(271): 2016-09-09 20:10:38] 
[job(271): 2016-09-09 20:10:38] optimisation start
[job(271): 2016-09-09 20:10:38] ------------------
[job(271): 2016-09-09 20:10:38] * estimation method   : MLE 
[job(271): 2016-09-09 20:10:38] * optimisation method : BFGS 
[job(271): 2016-09-09 20:10:38] * analytical gradient : used
[job(271): 2016-09-09 20:10:38] * trend model : ~1
[job(271): 2016-09-09 20:10:38] * covariance model : 
[job(271): 2016-09-09 20:10:38]   - type :  matern5_2 
[job(271): 2016-09-09 20:10:38]   - nugget : NO
[job(271): 2016-09-09 20:10:38]   - parameters lower bounds :  1e-10 1e-10 
[job(271): 2016-09-09 20:10:38]   - parameters upper bounds :  42.72762 42.64771 
[job(271): 2016-09-09 20:10:38]   - best initial criterion value(s) :  40.05997 
[job(271): 2016-09-09 20:10:38] 
[job(271): 2016-09-09 20:10:38] N = 2, M = 5 machine precision = 2.22045e-16
[job(271): 2016-09-09 20:10:38] At X0, 0 variables are exactly at the bounds
[job(271): 2016-09-09 20:10:38] At iterate     0  f=       -40.06  |proj g|=      0.50337
[job(271): 2016-09-09 20:10:38] At iterate     1  f =      -40.481  |proj g|=       0.39588
[job(271): 2016-09-09 20:10:38] At iterate     2  f =      -41.174  |proj g|=       0.12753
[job(271): 2016-09-09 20:10:38] At iterate     3  f =      -41.238  |proj g|=       0.05703
[job(271): 2016-09-09 20:10:38] At iterate     4  f =       -41.26  |proj g|=      0.016999
[job(271): 2016-09-09 20:10:38] At iterate     5  f =      -41.262  |proj g|=     0.0026308
[job(271): 2016-09-09 20:10:38] At iterate     6  f =      -41.262  |proj g|=    0.00023951
[job(271): 2016-09-09 20:10:38] At iterate     7  f =      -41.262  |proj g|=    2.6103e-05
[job(271): 2016-09-09 20:10:38] At iterate     8  f =      -41.262  |proj g|=    1.7911e-06
[job(271): 2016-09-09 20:10:38] 
[job(271): 2016-09-09 20:10:38] iterations 8
[job(271): 2016-09-09 20:10:38] function evaluations 9
[job(271): 2016-09-09 20:10:38] segments explored during Cauchy searches 8
[job(271): 2016-09-09 20:10:38] BFGS updates skipped 0
[job(271): 2016-09-09 20:10:38] active bounds at final generalized Cauchy point 0
[job(271): 2016-09-09 20:10:38] norm of the final projected gradient 1.79106e-06
[job(271): 2016-09-09 20:10:38] final function value -41.2618
[job(271): 2016-09-09 20:10:38] 
[job(271): 2016-09-09 20:10:38] F = -41.2618
[job(271): 2016-09-09 20:10:38] final  value -41.261814 
[job(271): 2016-09-09 20:10:38] converged
[job(271): 2016-09-09 20:10:38] [Tune-x] 22: C=15.8; sigma=0.0444
[job(271): 2016-09-09 20:10:38] [Tune-y] 22: acc.test.mean=0.964; time: 0.0 min; memory: 118Mb use, 168Mb max
[job(271): 2016-09-09 20:10:38] 
[job(271): 2016-09-09 20:10:38] optimisation start
[job(271): 2016-09-09 20:10:38] ------------------
[job(271): 2016-09-09 20:10:38] * estimation method   : MLE 
[job(271): 2016-09-09 20:10:38] * optimisation method : BFGS 
[job(271): 2016-09-09 20:10:38] * analytical gradient : used
[job(271): 2016-09-09 20:10:38] * trend model : ~1
[job(271): 2016-09-09 20:10:38] * covariance model : 
[job(271): 2016-09-09 20:10:38]   - type :  matern5_2 
[job(271): 2016-09-09 20:10:38]   - nugget : NO
[job(271): 2016-09-09 20:10:38]   - parameters lower bounds :  1e-10 1e-10 
[job(271): 2016-09-09 20:10:38]   - parameters upper bounds :  42.72762 42.64771 
[job(271): 2016-09-09 20:10:38]   - best initial criterion value(s) :  13.04538 
[job(271): 2016-09-09 20:10:38] 
[job(271): 2016-09-09 20:10:38] N = 2, M = 5 machine precision = 2.22045e-16
[job(271): 2016-09-09 20:10:38] At X0, 0 variables are exactly at the bounds
[job(271): 2016-09-09 20:10:38] At iterate     0  f=      -13.045  |proj g|=       2.8834
[job(271): 2016-09-09 20:10:38] At iterate     1  f =      -15.118  |proj g|=        2.5535
[job(271): 2016-09-09 20:10:38] At iterate     2  f =      -17.175  |proj g|=       0.55571
[job(271): 2016-09-09 20:10:38] At iterate     3  f =      -17.227  |proj g|=       0.55354
[job(271): 2016-09-09 20:10:38] At iterate     4  f =      -17.286  |proj g|=       0.64977
[job(271): 2016-09-09 20:10:38] At iterate     5  f =      -17.869  |proj g|=        1.9782
[job(271): 2016-09-09 20:10:38] At iterate     6  f =      -18.308  |proj g|=        1.7022
[job(271): 2016-09-09 20:10:38] At iterate     7  f =      -18.619  |proj g|=       0.31488
[job(271): 2016-09-09 20:10:38] At iterate     8  f =      -18.653  |proj g|=      0.043578
[job(271): 2016-09-09 20:10:38] At iterate     9  f =      -18.658  |proj g|=      0.010242
[job(271): 2016-09-09 20:10:38] At iterate    10  f =      -18.658  |proj g|=      0.044513
[job(271): 2016-09-09 20:10:38] At iterate    11  f =      -18.658  |proj g|=    0.00051989
[job(271): 2016-09-09 20:10:38] At iterate    12  f =      -18.658  |proj g|=    6.5741e-06
[job(271): 2016-09-09 20:10:38] 
[job(271): 2016-09-09 20:10:38] iterations 12
[job(271): 2016-09-09 20:10:38] function evaluations 15
[job(271): 2016-09-09 20:10:38] segments explored during Cauchy searches 13
[job(271): 2016-09-09 20:10:38] BFGS updates skipped 0
[job(271): 2016-09-09 20:10:38] active bounds at final generalized Cauchy point 0
[job(271): 2016-09-09 20:10:38] norm of the final projected gradient 6.57408e-06
[job(271): 2016-09-09 20:10:38] final function value -18.6577
[job(271): 2016-09-09 20:10:38] 
[job(271): 2016-09-09 20:10:38] F = -18.6577
[job(271): 2016-09-09 20:10:38] final  value -18.657720 
[job(271): 2016-09-09 20:10:38] converged
[job(271): 2016-09-09 20:10:38] [Tune-x] 23: C=11.5; sigma=1.67
[job(271): 2016-09-09 20:10:38] [Tune-y] 23: acc.test.mean=0.929; time: 0.0 min; memory: 118Mb use, 168Mb max
[job(271): 2016-09-09 20:10:38] 
[job(271): 2016-09-09 20:10:38] optimisation start
[job(271): 2016-09-09 20:10:38] ------------------
[job(271): 2016-09-09 20:10:38] * estimation method   : MLE 
[job(271): 2016-09-09 20:10:38] * optimisation method : BFGS 
[job(271): 2016-09-09 20:10:38] * analytical gradient : used
[job(271): 2016-09-09 20:10:38] * trend model : ~1
[job(271): 2016-09-09 20:10:38] * covariance model : 
[job(271): 2016-09-09 20:10:38]   - type :  matern5_2 
[job(271): 2016-09-09 20:10:38]   - nugget : NO
[job(271): 2016-09-09 20:10:38]   - parameters lower bounds :  1e-10 1e-10 
[job(271): 2016-09-09 20:10:38]   - parameters upper bounds :  42.72762 42.64771 
[job(271): 2016-09-09 20:10:38]   - best initial criterion value(s) :  18.24092 
[job(271): 2016-09-09 20:10:38] 
[job(271): 2016-09-09 20:10:38] N = 2, M = 5 machine precision = 2.22045e-16
[job(271): 2016-09-09 20:10:38] At X0, 0 variables are exactly at the bounds
[job(271): 2016-09-09 20:10:38] At iterate     0  f=      -18.241  |proj g|=       2.2996
[job(271): 2016-09-09 20:10:38] At iterate     1  f =      -18.699  |proj g|=        2.1713
[job(271): 2016-09-09 20:10:38] At iterate     2  f =      -19.063  |proj g|=       0.75966
[job(271): 2016-09-09 20:10:38] At iterate     3  f =      -19.086  |proj g|=       0.22381
[job(271): 2016-09-09 20:10:38] At iterate     4  f =      -19.107  |proj g|=       0.20098
[job(271): 2016-09-09 20:10:38] At iterate     5  f =      -19.196  |proj g|=      0.054257
[job(271): 2016-09-09 20:10:38] At iterate     6  f =      -19.196  |proj g|=     0.0043556
[job(271): 2016-09-09 20:10:38] At iterate     7  f =      -19.196  |proj g|=    7.6689e-05
[job(271): 2016-09-09 20:10:38] Bad direction in the line search;
[job(271): 2016-09-09 20:10:38]    refresh the lbfgs memory and restart the iteration.
[job(271): 2016-09-09 20:10:38] At iterate     8  f =      -19.196  |proj g|=    4.8328e-06
[job(271): 2016-09-09 20:10:38] 
[job(271): 2016-09-09 20:10:38] iterations 8
[job(271): 2016-09-09 20:10:38] function evaluations 32
[job(271): 2016-09-09 20:10:38] segments explored during Cauchy searches 10
[job(271): 2016-09-09 20:10:38] BFGS updates skipped 0
[job(271): 2016-09-09 20:10:38] active bounds at final generalized Cauchy point 0
[job(271): 2016-09-09 20:10:38] norm of the final projected gradient 4.83279e-06
[job(271): 2016-09-09 20:10:38] final function value -19.1961
[job(271): 2016-09-09 20:10:38] 
[job(271): 2016-09-09 20:10:38] F = -19.1961
[job(271): 2016-09-09 20:10:38] final  value -19.196142 
[job(271): 2016-09-09 20:10:38] converged
[job(271): 2016-09-09 20:10:38] [Tune-x] 24: C=11.1; sigma=0.129
[job(271): 2016-09-09 20:10:38] [Tune-y] 24: acc.test.mean=0.962; time: 0.0 min; memory: 118Mb use, 168Mb max
[job(271): 2016-09-09 20:10:38] 
[job(271): 2016-09-09 20:10:38] optimisation start
[job(271): 2016-09-09 20:10:38] ------------------
[job(271): 2016-09-09 20:10:38] * estimation method   : MLE 
[job(271): 2016-09-09 20:10:38] * optimisation method : BFGS 
[job(271): 2016-09-09 20:10:38] * analytical gradient : used
[job(271): 2016-09-09 20:10:38] * trend model : ~1
[job(271): 2016-09-09 20:10:38] * covariance model : 
[job(271): 2016-09-09 20:10:38]   - type :  matern5_2 
[job(271): 2016-09-09 20:10:38]   - nugget : NO
[job(271): 2016-09-09 20:10:38]   - parameters lower bounds :  1e-10 1e-10 
[job(271): 2016-09-09 20:10:38]   - parameters upper bounds :  42.72762 42.64771 
[job(271): 2016-09-09 20:10:38]   - best initial criterion value(s) :  13.48441 
[job(271): 2016-09-09 20:10:38] 
[job(271): 2016-09-09 20:10:38] N = 2, M = 5 machine precision = 2.22045e-16
[job(271): 2016-09-09 20:10:38] At X0, 0 variables are exactly at the bounds
[job(271): 2016-09-09 20:10:38] At iterate     0  f=      -13.484  |proj g|=       15.808
[job(271): 2016-09-09 20:10:38] At iterate     1  f =       -15.96  |proj g|=        1.7926
[job(271): 2016-09-09 20:10:38] At iterate     2  f =      -17.835  |proj g|=        1.4662
[job(271): 2016-09-09 20:10:38] At iterate     3  f =      -17.922  |proj g|=         2.141
[job(271): 2016-09-09 20:10:38] At iterate     4  f =      -17.999  |proj g|=       0.16871
[job(271): 2016-09-09 20:10:38] At iterate     5  f =          -18  |proj g|=      0.070614
[job(271): 2016-09-09 20:10:38] At iterate     6  f =          -18  |proj g|=      0.070433
[job(271): 2016-09-09 20:10:38] At iterate     7  f =      -18.002  |proj g|=       0.18519
[job(271): 2016-09-09 20:10:38] At iterate     8  f =      -18.005  |proj g|=       0.37678
[job(271): 2016-09-09 20:10:38] At iterate     9  f =      -18.013  |proj g|=       0.71249
[job(271): 2016-09-09 20:10:38] At iterate    10  f =      -18.034  |proj g|=         1.182
[job(271): 2016-09-09 20:10:38] At iterate    11  f =      -18.077  |proj g|=        1.7262
[job(271): 2016-09-09 20:10:38] At iterate    12  f =      -18.141  |proj g|=        1.8713
[job(271): 2016-09-09 20:10:38] At iterate    13  f =      -18.176  |proj g|=        1.3976
[job(271): 2016-09-09 20:10:38] At iterate    14  f =       -18.22  |proj g|=      0.067738
[job(271): 2016-09-09 20:10:38] At iterate    15  f =       -18.22  |proj g|=     0.0039989
[job(271): 2016-09-09 20:10:38] At iterate    16  f =       -18.22  |proj g|=      0.005575
[job(271): 2016-09-09 20:10:38] At iterate    17  f =       -18.22  |proj g|=     0.0020622
[job(271): 2016-09-09 20:10:38] At iterate    18  f =       -18.22  |proj g|=    4.3686e-06
[job(271): 2016-09-09 20:10:38] At iterate    19  f =       -18.22  |proj g|=    2.0521e-06
[job(271): 2016-09-09 20:10:38] 
[job(271): 2016-09-09 20:10:38] iterations 19
[job(271): 2016-09-09 20:10:38] function evaluations 25
[job(271): 2016-09-09 20:10:38] segments explored during Cauchy searches 19
[job(271): 2016-09-09 20:10:38] BFGS updates skipped 0
[job(271): 2016-09-09 20:10:38] active bounds at final generalized Cauchy point 0
[job(271): 2016-09-09 20:10:38] norm of the final projected gradient 2.05214e-06
[job(271): 2016-09-09 20:10:38] final function value -18.2198
[job(271): 2016-09-09 20:10:38] 
[job(271): 2016-09-09 20:10:38] F = -18.2198
[job(271): 2016-09-09 20:10:38] final  value -18.219822 
[job(271): 2016-09-09 20:10:38] converged
[job(271): 2016-09-09 20:10:38] [Tune-x] 25: C=44.7; sigma=0.00171
[job(271): 2016-09-09 20:10:38] [Tune-y] 25: acc.test.mean=0.938; time: 0.0 min; memory: 118Mb use, 168Mb max
[job(271): 2016-09-09 20:10:38] 
[job(271): 2016-09-09 20:10:38] optimisation start
[job(271): 2016-09-09 20:10:38] ------------------
[job(271): 2016-09-09 20:10:38] * estimation method   : MLE 
[job(271): 2016-09-09 20:10:38] * optimisation method : BFGS 
[job(271): 2016-09-09 20:10:38] * analytical gradient : used
[job(271): 2016-09-09 20:10:38] * trend model : ~1
[job(271): 2016-09-09 20:10:38] * covariance model : 
[job(271): 2016-09-09 20:10:38]   - type :  matern5_2 
[job(271): 2016-09-09 20:10:38]   - nugget : NO
[job(271): 2016-09-09 20:10:38]   - parameters lower bounds :  1e-10 1e-10 
[job(271): 2016-09-09 20:10:38]   - parameters upper bounds :  42.72762 42.64771 
[job(271): 2016-09-09 20:10:38]   - best initial criterion value(s) :  7.950375 
[job(271): 2016-09-09 20:10:38] 
[job(271): 2016-09-09 20:10:38] N = 2, M = 5 machine precision = 2.22045e-16
[job(271): 2016-09-09 20:10:38] At X0, 0 variables are exactly at the bounds
[job(271): 2016-09-09 20:10:38] At iterate     0  f=      -7.9504  |proj g|=       3.8209
[job(271): 2016-09-09 20:10:38] At iterate     1  f =      -9.2835  |proj g|=        3.4412
[job(271): 2016-09-09 20:10:38] At iterate     2  f =      -15.331  |proj g|=        2.3106
[job(271): 2016-09-09 20:10:38] At iterate     3  f =      -17.017  |proj g|=        1.5003
[job(271): 2016-09-09 20:10:38] At iterate     4  f =      -17.289  |proj g|=       0.58076
[job(271): 2016-09-09 20:10:38] At iterate     5  f =      -17.534  |proj g|=        3.5099
[job(271): 2016-09-09 20:10:38] At iterate     6  f =      -17.981  |proj g|=        1.9849
[job(271): 2016-09-09 20:10:38] At iterate     7  f =      -19.069  |proj g|=       0.74609
[job(271): 2016-09-09 20:10:38] At iterate     8  f =      -19.268  |proj g|=       0.16708
[job(271): 2016-09-09 20:10:38] At iterate     9  f =      -19.371  |proj g|=       0.30525
[job(271): 2016-09-09 20:10:38] At iterate    10  f =       -19.38  |proj g|=       0.36547
[job(271): 2016-09-09 20:10:38] At iterate    11  f =      -19.398  |proj g|=      0.051067
[job(271): 2016-09-09 20:10:38] At iterate    12  f =        -19.4  |proj g|=      0.020351
[job(271): 2016-09-09 20:10:38] At iterate    13  f =        -19.4  |proj g|=     0.0016667
[job(271): 2016-09-09 20:10:38] At iterate    14  f =        -19.4  |proj g|=    1.0662e-05
[job(271): 2016-09-09 20:10:38] Bad direction in the line search;
[job(271): 2016-09-09 20:10:38]    refresh the lbfgs memory and restart the iteration.
[job(271): 2016-09-09 20:10:38] Line search cannot locate an adequate point after 20 function
[job(271): 2016-09-09 20:10:38] and gradient evaluations
[job(271): 2016-09-09 20:10:38] final  value -19.400320 
[job(271): 2016-09-09 20:10:38] stopped after 14 iterations
[job(271): 2016-09-09 20:10:38] [Tune-x] 26: C=321; sigma=0.0013
[job(271): 2016-09-09 20:10:38] [Tune-y] 26: acc.test.mean=0.954; time: 0.0 min; memory: 118Mb use, 168Mb max
[job(271): 2016-09-09 20:10:38] 
[job(271): 2016-09-09 20:10:38] optimisation start
[job(271): 2016-09-09 20:10:38] ------------------
[job(271): 2016-09-09 20:10:38] * estimation method   : MLE 
[job(271): 2016-09-09 20:10:38] * optimisation method : BFGS 
[job(271): 2016-09-09 20:10:38] * analytical gradient : used
[job(271): 2016-09-09 20:10:38] * trend model : ~1
[job(271): 2016-09-09 20:10:38] * covariance model : 
[job(271): 2016-09-09 20:10:38]   - type :  matern5_2 
[job(271): 2016-09-09 20:10:38]   - nugget : NO
[job(271): 2016-09-09 20:10:38]   - parameters lower bounds :  1e-10 1e-10 
[job(271): 2016-09-09 20:10:38]   - parameters upper bounds :  42.72762 42.64771 
[job(271): 2016-09-09 20:10:38]   - best initial criterion value(s) :  18.90538 
[job(271): 2016-09-09 20:10:38] 
[job(271): 2016-09-09 20:10:38] N = 2, M = 5 machine precision = 2.22045e-16
[job(271): 2016-09-09 20:10:38] At X0, 0 variables are exactly at the bounds
[job(271): 2016-09-09 20:10:38] At iterate     0  f=      -18.905  |proj g|=       1.7565
[job(271): 2016-09-09 20:10:38] At iterate     1  f =      -19.786  |proj g|=         1.628
[job(271): 2016-09-09 20:10:38] At iterate     2  f =      -20.255  |proj g|=        4.9238
[job(271): 2016-09-09 20:10:38] At iterate     3  f =      -20.628  |proj g|=       0.87463
[job(271): 2016-09-09 20:10:38] At iterate     4  f =      -20.643  |proj g|=       0.10541
[job(271): 2016-09-09 20:10:38] At iterate     5  f =      -20.643  |proj g|=       0.10505
[job(271): 2016-09-09 20:10:38] At iterate     6  f =      -20.644  |proj g|=       0.13788
[job(271): 2016-09-09 20:10:38] At iterate     7  f =      -20.648  |proj g|=       0.35761
[job(271): 2016-09-09 20:10:38] At iterate     8  f =      -20.657  |proj g|=       0.68946
[job(271): 2016-09-09 20:10:38] At iterate     9  f =      -20.679  |proj g|=        1.2134
[job(271): 2016-09-09 20:10:38] At iterate    10  f =       -20.73  |proj g|=        1.9264
[job(271): 2016-09-09 20:10:38] At iterate    11  f =      -20.829  |proj g|=        2.5369
[job(271): 2016-09-09 20:10:38] At iterate    12  f =      -20.948  |proj g|=        1.9709
[job(271): 2016-09-09 20:10:38] At iterate    13  f =      -21.014  |proj g|=       0.14176
[job(271): 2016-09-09 20:10:38] At iterate    14  f =      -21.014  |proj g|=     0.0068768
[job(271): 2016-09-09 20:10:38] At iterate    15  f =      -21.014  |proj g|=    3.7539e-05
[job(271): 2016-09-09 20:10:38] At iterate    16  f =      -21.014  |proj g|=    2.0941e-06
[job(271): 2016-09-09 20:10:38] 
[job(271): 2016-09-09 20:10:38] iterations 16
[job(271): 2016-09-09 20:10:38] function evaluations 18
[job(271): 2016-09-09 20:10:38] segments explored during Cauchy searches 17
[job(271): 2016-09-09 20:10:38] BFGS updates skipped 0
[job(271): 2016-09-09 20:10:38] active bounds at final generalized Cauchy point 0
[job(271): 2016-09-09 20:10:38] norm of the final projected gradient 2.09408e-06
[job(271): 2016-09-09 20:10:38] final function value -21.014
[job(271): 2016-09-09 20:10:38] 
[job(271): 2016-09-09 20:10:38] F = -21.014
[job(271): 2016-09-09 20:10:38] final  value -21.014026 
[job(271): 2016-09-09 20:10:38] converged
[job(271): 2016-09-09 20:10:38] [Tune-x] 27: C=13.8; sigma=0.183
[job(271): 2016-09-09 20:10:38] [Tune-y] 27: acc.test.mean=0.958; time: 0.0 min; memory: 118Mb use, 168Mb max
[job(271): 2016-09-09 20:10:38] 
[job(271): 2016-09-09 20:10:38] optimisation start
[job(271): 2016-09-09 20:10:38] ------------------
[job(271): 2016-09-09 20:10:38] * estimation method   : MLE 
[job(271): 2016-09-09 20:10:38] * optimisation method : BFGS 
[job(271): 2016-09-09 20:10:38] * analytical gradient : used
[job(271): 2016-09-09 20:10:38] * trend model : ~1
[job(271): 2016-09-09 20:10:38] * covariance model : 
[job(271): 2016-09-09 20:10:38]   - type :  matern5_2 
[job(271): 2016-09-09 20:10:38]   - nugget : NO
[job(271): 2016-09-09 20:10:38]   - parameters lower bounds :  1e-10 1e-10 
[job(271): 2016-09-09 20:10:38]   - parameters upper bounds :  42.72762 42.64771 
[job(271): 2016-09-09 20:10:38]   - best initial criterion value(s) :  15.84487 
[job(271): 2016-09-09 20:10:38] 
[job(271): 2016-09-09 20:10:38] N = 2, M = 5 machine precision = 2.22045e-16
[job(271): 2016-09-09 20:10:38] At X0, 0 variables are exactly at the bounds
[job(271): 2016-09-09 20:10:38] At iterate     0  f=      -15.845  |proj g|=       19.229
[job(271): 2016-09-09 20:10:38] At iterate     1  f =      -19.764  |proj g|=       0.79978
[job(271): 2016-09-09 20:10:38] At iterate     2  f =      -19.773  |proj g|=       0.13401
[job(271): 2016-09-09 20:10:38] At iterate     3  f =      -19.773  |proj g|=      0.051448
[job(271): 2016-09-09 20:10:38] At iterate     4  f =      -19.773  |proj g|=      0.089574
[job(271): 2016-09-09 20:10:38] At iterate     5  f =      -19.774  |proj g|=       0.20641
[job(271): 2016-09-09 20:10:38] At iterate     6  f =      -19.779  |proj g|=       0.51028
[job(271): 2016-09-09 20:10:38] At iterate     7  f =      -19.788  |proj g|=       0.88464
[job(271): 2016-09-09 20:10:38] At iterate     8  f =       -19.81  |proj g|=        1.3457
[job(271): 2016-09-09 20:10:38] At iterate     9  f =      -19.839  |proj g|=         1.505
[job(271): 2016-09-09 20:10:38] At iterate    10  f =      -19.885  |proj g|=       0.26402
[job(271): 2016-09-09 20:10:38] At iterate    11  f =      -19.889  |proj g|=       0.10743
[job(271): 2016-09-09 20:10:38] At iterate    12  f =       -20.39  |proj g|=        6.0644
[job(271): 2016-09-09 20:10:38] At iterate    13  f =       -20.39  |proj g|=        6.0873
[job(271): 2016-09-09 20:10:38] At iterate    14  f =       -21.43  |proj g|=        1.5294
[job(271): 2016-09-09 20:10:38] At iterate    15  f =      -21.657  |proj g|=       0.30019
[job(271): 2016-09-09 20:10:38] At iterate    16  f =      -21.725  |proj g|=      0.067832
[job(271): 2016-09-09 20:10:38] At iterate    17  f =      -21.725  |proj g|=     0.0035284
[job(271): 2016-09-09 20:10:38] At iterate    18  f =      -21.725  |proj g|=    7.4997e-06
[job(271): 2016-09-09 20:10:38] Bad direction in the line search;
[job(271): 2016-09-09 20:10:38]    refresh the lbfgs memory and restart the iteration.
[job(271): 2016-09-09 20:10:38] At iterate    19  f =      -21.725  |proj g|=    7.4994e-06
[job(271): 2016-09-09 20:10:38] 
[job(271): 2016-09-09 20:10:38] iterations 19
[job(271): 2016-09-09 20:10:38] function evaluations 61
[job(271): 2016-09-09 20:10:38] segments explored during Cauchy searches 20
[job(271): 2016-09-09 20:10:38] BFGS updates skipped 0
[job(271): 2016-09-09 20:10:38] active bounds at final generalized Cauchy point 0
[job(271): 2016-09-09 20:10:38] norm of the final projected gradient 7.49935e-06
[job(271): 2016-09-09 20:10:38] final function value -21.7255
[job(271): 2016-09-09 20:10:38] 
[job(271): 2016-09-09 20:10:38] F = -21.7255
[job(271): 2016-09-09 20:10:38] final  value -21.725455 
[job(271): 2016-09-09 20:10:38] converged
[job(271): 2016-09-09 20:10:38] [Tune-x] 28: C=6.96; sigma=0.0104
[job(271): 2016-09-09 20:10:38] [Tune-y] 28: acc.test.mean=0.938; time: 0.0 min; memory: 118Mb use, 168Mb max
[job(271): 2016-09-09 20:10:38] 
[job(271): 2016-09-09 20:10:38] optimisation start
[job(271): 2016-09-09 20:10:38] ------------------
[job(271): 2016-09-09 20:10:38] * estimation method   : MLE 
[job(271): 2016-09-09 20:10:38] * optimisation method : BFGS 
[job(271): 2016-09-09 20:10:38] * analytical gradient : used
[job(271): 2016-09-09 20:10:38] * trend model : ~1
[job(271): 2016-09-09 20:10:38] * covariance model : 
[job(271): 2016-09-09 20:10:38]   - type :  matern5_2 
[job(271): 2016-09-09 20:10:38]   - nugget : NO
[job(271): 2016-09-09 20:10:38]   - parameters lower bounds :  1e-10 1e-10 
[job(271): 2016-09-09 20:10:38]   - parameters upper bounds :  42.72762 42.64771 
[job(271): 2016-09-09 20:10:38]   - best initial criterion value(s) :  -1.952448 
[job(271): 2016-09-09 20:10:38] 
[job(271): 2016-09-09 20:10:38] N = 2, M = 5 machine precision = 2.22045e-16
[job(271): 2016-09-09 20:10:38] At X0, 0 variables are exactly at the bounds
[job(271): 2016-09-09 20:10:38] At iterate     0  f=       1.9524  |proj g|=       3.1693
[job(271): 2016-09-09 20:10:38] At iterate     1  f =      -20.564  |proj g|=        5.7701
[job(271): 2016-09-09 20:10:38] At iterate     2  f =      -20.839  |proj g|=       0.81467
[job(271): 2016-09-09 20:10:38] At iterate     3  f =      -20.846  |proj g|=      0.080655
[job(271): 2016-09-09 20:10:38] At iterate     4  f =      -20.846  |proj g|=      0.080531
[job(271): 2016-09-09 20:10:38] At iterate     5  f =      -20.846  |proj g|=       0.11686
[job(271): 2016-09-09 20:10:38] At iterate     6  f =      -20.848  |proj g|=       0.28752
[job(271): 2016-09-09 20:10:38] At iterate     7  f =      -20.851  |proj g|=       0.56098
[job(271): 2016-09-09 20:10:38] At iterate     8  f =      -20.858  |proj g|=       0.99743
[job(271): 2016-09-09 20:10:38] At iterate     9  f =      -20.877  |proj g|=        1.6662
[job(271): 2016-09-09 20:10:38] At iterate    10  f =      -20.923  |proj g|=        2.5787
[job(271): 2016-09-09 20:10:38] At iterate    11  f =      -21.014  |proj g|=        3.4134
[job(271): 2016-09-09 20:10:38] At iterate    12  f =      -21.146  |proj g|=        3.0642
[job(271): 2016-09-09 20:10:38] At iterate    13  f =      -21.217  |proj g|=         1.101
[job(271): 2016-09-09 20:10:38] At iterate    14  f =       -21.26  |proj g|=       0.01897
[job(271): 2016-09-09 20:10:38] At iterate    15  f =       -21.26  |proj g|=     0.0084416
[job(271): 2016-09-09 20:10:38] At iterate    16  f =       -21.26  |proj g|=      0.018849
[job(271): 2016-09-09 20:10:38] At iterate    17  f =       -21.26  |proj g|=    3.9284e-05
[job(271): 2016-09-09 20:10:38] At iterate    18  f =       -21.26  |proj g|=    3.1076e-08
[job(271): 2016-09-09 20:10:38] 
[job(271): 2016-09-09 20:10:38] iterations 18
[job(271): 2016-09-09 20:10:38] function evaluations 23
[job(271): 2016-09-09 20:10:38] segments explored during Cauchy searches 19
[job(271): 2016-09-09 20:10:38] BFGS updates skipped 0
[job(271): 2016-09-09 20:10:38] active bounds at final generalized Cauchy point 0
[job(271): 2016-09-09 20:10:38] norm of the final projected gradient 3.10759e-08
[job(271): 2016-09-09 20:10:38] final function value -21.2605
[job(271): 2016-09-09 20:10:38] 
[job(271): 2016-09-09 20:10:38] F = -21.2605
[job(271): 2016-09-09 20:10:38] final  value -21.260474 
[job(271): 2016-09-09 20:10:38] converged
[job(271): 2016-09-09 20:10:38] [Tune] Result: C=15.5; sigma=0.0447 : acc.test.mean=-0.968
[job(271): 2016-09-09 20:10:38] Job terminated successfully
[job(chunk): 2016-09-09 20:10:39] Calculation finished!
