[job(chunk): 2016-09-10 00:39:31] Starting calculation of 1 jobs
[job(chunk): 2016-09-10 00:39:31] Setting working directory to '/naslx/projects/pr74ze/ri89coc2/svm_comparison'
[job(chunk): 2016-09-10 00:39:31] Memory measurement disabled
[job(1259): 2016-09-10 00:39:34] Starting job with job.id=1259
[job(1259): 2016-09-10 00:40:20] Generating problem instance for problem '1523' ...
[job(1259): 2016-09-10 00:40:20] Data '1523' file 'description.xml' found in cache.
[job(1259): 2016-09-10 00:40:20] Data '1523' file 'dataset.arff' found in cache.
[job(1259): 2016-09-10 00:40:20] Loading required package: readr
[job(1259): 2016-09-10 00:40:20] Applying algorithm 'kbb-svc.tuned' on problem '1523' ...
[job(1259): 2016-09-10 00:40:20] Data '1523' file 'description.xml' found in cache.
[job(1259): 2016-09-10 00:40:20] Data '1523' file 'dataset.arff' found in cache.
[job(1259): 2016-09-10 00:40:20] [Tune] Started tuning learner kbb-svc for parameter set:
[job(1259): 2016-09-10 00:40:20]          Type len Def    Constr Req Tunable Trafo
[job(1259): 2016-09-10 00:40:20] C     numeric   -   - -12 to 12   -    TRUE     Y
[job(1259): 2016-09-10 00:40:20] sigma numeric   -   - -12 to 12   -    TRUE     Y
[job(1259): 2016-09-10 00:40:20] With control class: TuneControlMBO
[job(1259): 2016-09-10 00:40:20] Imputation value: -0
[job(1259): 2016-09-10 00:40:20] [Tune-x] 1: C=12.8; sigma=14.6
[job(1259): 2016-09-10 00:40:20] [Tune-y] 1: acc.test.mean=0.491; time: 0.0 min; memory: 112Mb use, 149Mb max
[job(1259): 2016-09-10 00:40:20] [Tune-x] 2: C=0.00506; sigma=0.83
[job(1259): 2016-09-10 00:40:20] [Tune-y] 2: acc.test.mean=0.491; time: 0.0 min; memory: 112Mb use, 149Mb max
[job(1259): 2016-09-10 00:40:20] [Tune-x] 3: C=0.059; sigma=0.00739
[job(1259): 2016-09-10 00:40:20] [Tune-y] 3: acc.test.mean=0.548; time: 0.0 min; memory: 112Mb use, 149Mb max
[job(1259): 2016-09-10 00:40:20] [Tune-x] 4: C=104; sigma=113
[job(1259): 2016-09-10 00:40:20] [Tune-y] 4: acc.test.mean=0.491; time: 0.0 min; memory: 112Mb use, 149Mb max
[job(1259): 2016-09-10 00:40:20] [Tune-x] 5: C=0.0015; sigma=1.27
[job(1259): 2016-09-10 00:40:20] [Tune-y] 5: acc.test.mean=0.491; time: 0.0 min; memory: 112Mb use, 149Mb max
[job(1259): 2016-09-10 00:40:20] [Tune-x] 6: C=2.23e+03; sigma=0.000365
[job(1259): 2016-09-10 00:40:20] [Tune-y] 6: acc.test.mean=0.781; time: 0.0 min; memory: 112Mb use, 149Mb max
[job(1259): 2016-09-10 00:40:20] [Tune-x] 7: C=3.72; sigma=3.85e+03
[job(1259): 2016-09-10 00:40:20] [Tune-y] 7: acc.test.mean=0.491; time: 0.0 min; memory: 112Mb use, 149Mb max
[job(1259): 2016-09-10 00:40:20] [Tune-x] 8: C=0.534; sigma=0.0165
[job(1259): 2016-09-10 00:40:20] [Tune-y] 8: acc.test.mean=0.749; time: 0.0 min; memory: 112Mb use, 149Mb max
[job(1259): 2016-09-10 00:40:20] 
[job(1259): 2016-09-10 00:40:20] optimisation start
[job(1259): 2016-09-10 00:40:20] ------------------
[job(1259): 2016-09-10 00:40:20] * estimation method   : MLE 
[job(1259): 2016-09-10 00:40:20] * optimisation method : BFGS 
[job(1259): 2016-09-10 00:40:20] * analytical gradient : used
[job(1259): 2016-09-10 00:40:20] * trend model : ~1
[job(1259): 2016-09-10 00:40:20] * covariance model : 
[job(1259): 2016-09-10 00:40:20]   - type :  matern5_2 
[job(1259): 2016-09-10 00:40:20]   - nugget : NO
[job(1259): 2016-09-10 00:40:20]   - parameters lower bounds :  1e-10 1e-10 
[job(1259): 2016-09-10 00:40:20]   - parameters upper bounds :  41.01444 46.66001 
[job(1259): 2016-09-10 00:40:20]   - best initial criterion value(s) :  6.172703 
[job(1259): 2016-09-10 00:40:20] 
[job(1259): 2016-09-10 00:40:20] N = 2, M = 5 machine precision = 2.22045e-16
[job(1259): 2016-09-10 00:40:20] At X0, 0 variables are exactly at the bounds
[job(1259): 2016-09-10 00:40:20] At iterate     0  f=      -6.1727  |proj g|=      0.19699
[job(1259): 2016-09-10 00:40:20] At iterate     1  f =      -6.1849  |proj g|=      0.069412
[job(1259): 2016-09-10 00:40:20] At iterate     2  f =      -6.1868  |proj g|=     0.0018563
[job(1259): 2016-09-10 00:40:20] At iterate     3  f =      -6.1868  |proj g|=    2.6806e-05
[job(1259): 2016-09-10 00:40:20] At iterate     4  f =      -6.1868  |proj g|=    2.6809e-05
[job(1259): 2016-09-10 00:40:20] 
[job(1259): 2016-09-10 00:40:20] iterations 4
[job(1259): 2016-09-10 00:40:20] function evaluations 5
[job(1259): 2016-09-10 00:40:20] segments explored during Cauchy searches 4
[job(1259): 2016-09-10 00:40:20] BFGS updates skipped 0
[job(1259): 2016-09-10 00:40:20] active bounds at final generalized Cauchy point 0
[job(1259): 2016-09-10 00:40:20] norm of the final projected gradient 2.68087e-05
[job(1259): 2016-09-10 00:40:20] final function value -6.18676
[job(1259): 2016-09-10 00:40:20] 
[job(1259): 2016-09-10 00:40:20] F = -6.18676
[job(1259): 2016-09-10 00:40:20] final  value -6.186756 
[job(1259): 2016-09-10 00:40:20] converged
[job(1259): 2016-09-10 00:40:20] [Tune-x] 9: C=2.24e+03; sigma=0.000365
[job(1259): 2016-09-10 00:40:20] [Tune-y] 9: acc.test.mean=0.767; time: 0.0 min; memory: 116Mb use, 152Mb max
[job(1259): 2016-09-10 00:40:20] 
[job(1259): 2016-09-10 00:40:20] optimisation start
[job(1259): 2016-09-10 00:40:20] ------------------
[job(1259): 2016-09-10 00:40:20] * estimation method   : MLE 
[job(1259): 2016-09-10 00:40:20] * optimisation method : BFGS 
[job(1259): 2016-09-10 00:40:20] * analytical gradient : used
[job(1259): 2016-09-10 00:40:20] * trend model : ~1
[job(1259): 2016-09-10 00:40:20] * covariance model : 
[job(1259): 2016-09-10 00:40:20]   - type :  matern5_2 
[job(1259): 2016-09-10 00:40:20]   - nugget : NO
[job(1259): 2016-09-10 00:40:20]   - parameters lower bounds :  1e-10 1e-10 
[job(1259): 2016-09-10 00:40:20]   - parameters upper bounds :  41.02231 46.66107 
[job(1259): 2016-09-10 00:40:20]   - best initial criterion value(s) :  -14.72002 
[job(1259): 2016-09-10 00:40:20] 
[job(1259): 2016-09-10 00:40:20] N = 2, M = 5 machine precision = 2.22045e-16
[job(1259): 2016-09-10 00:40:20] At X0, 0 variables are exactly at the bounds
[job(1259): 2016-09-10 00:40:20] At iterate     0  f=        14.72  |proj g|=       1.8892
[job(1259): 2016-09-10 00:40:20] At iterate     1  f =        8.246  |proj g|=        1.1818
[job(1259): 2016-09-10 00:40:20] ys=-8.528e+00  -gs= 3.569e+00, BFGS update SKIPPED
[job(1259): 2016-09-10 00:40:20] At iterate     2  f =      -5.8486  |proj g|=             0
[job(1259): 2016-09-10 00:40:20] 
[job(1259): 2016-09-10 00:40:20] iterations 2
[job(1259): 2016-09-10 00:40:20] function evaluations 3
[job(1259): 2016-09-10 00:40:20] segments explored during Cauchy searches 3
[job(1259): 2016-09-10 00:40:20] BFGS updates skipped 1
[job(1259): 2016-09-10 00:40:20] active bounds at final generalized Cauchy point 1
[job(1259): 2016-09-10 00:40:20] norm of the final projected gradient 0
[job(1259): 2016-09-10 00:40:20] final function value -5.84858
[job(1259): 2016-09-10 00:40:20] 
[job(1259): 2016-09-10 00:40:20] F = -5.84858
[job(1259): 2016-09-10 00:40:20] final  value -5.848577 
[job(1259): 2016-09-10 00:40:20] converged
[job(1259): 2016-09-10 00:40:20] [Tune-x] 10: C=222; sigma=0.000634
[job(1259): 2016-09-10 00:40:20] [Tune-y] 10: acc.test.mean=0.86; time: 0.0 min; memory: 116Mb use, 159Mb max
[job(1259): 2016-09-10 00:40:20] 
[job(1259): 2016-09-10 00:40:20] optimisation start
[job(1259): 2016-09-10 00:40:20] ------------------
[job(1259): 2016-09-10 00:40:20] * estimation method   : MLE 
[job(1259): 2016-09-10 00:40:20] * optimisation method : BFGS 
[job(1259): 2016-09-10 00:40:20] * analytical gradient : used
[job(1259): 2016-09-10 00:40:20] * trend model : ~1
[job(1259): 2016-09-10 00:40:20] * covariance model : 
[job(1259): 2016-09-10 00:40:20]   - type :  matern5_2 
[job(1259): 2016-09-10 00:40:20]   - nugget : NO
[job(1259): 2016-09-10 00:40:20]   - parameters lower bounds :  1e-10 1e-10 
[job(1259): 2016-09-10 00:40:20]   - parameters upper bounds :  41.02231 46.66107 
[job(1259): 2016-09-10 00:40:20]   - best initial criterion value(s) :  2.137944 
[job(1259): 2016-09-10 00:40:20] 
[job(1259): 2016-09-10 00:40:20] N = 2, M = 5 machine precision = 2.22045e-16
[job(1259): 2016-09-10 00:40:20] At X0, 0 variables are exactly at the bounds
[job(1259): 2016-09-10 00:40:20] At iterate     0  f=      -2.1379  |proj g|=      0.29083
[job(1259): 2016-09-10 00:40:20] At iterate     1  f =      -5.1298  |proj g|=             0
[job(1259): 2016-09-10 00:40:20] 
[job(1259): 2016-09-10 00:40:20] iterations 1
[job(1259): 2016-09-10 00:40:20] function evaluations 2
[job(1259): 2016-09-10 00:40:20] segments explored during Cauchy searches 2
[job(1259): 2016-09-10 00:40:20] BFGS updates skipped 0
[job(1259): 2016-09-10 00:40:20] active bounds at final generalized Cauchy point 1
[job(1259): 2016-09-10 00:40:20] norm of the final projected gradient 0
[job(1259): 2016-09-10 00:40:20] final function value -5.12979
[job(1259): 2016-09-10 00:40:20] 
[job(1259): 2016-09-10 00:40:20] F = -5.12979
[job(1259): 2016-09-10 00:40:20] final  value -5.129788 
[job(1259): 2016-09-10 00:40:20] converged
[job(1259): 2016-09-10 00:40:20] [Tune-x] 11: C=3.93e+03; sigma=234
[job(1259): 2016-09-10 00:40:20] [Tune-y] 11: acc.test.mean=0.491; time: 0.0 min; memory: 116Mb use, 159Mb max
[job(1259): 2016-09-10 00:40:20] 
[job(1259): 2016-09-10 00:40:20] optimisation start
[job(1259): 2016-09-10 00:40:20] ------------------
[job(1259): 2016-09-10 00:40:20] * estimation method   : MLE 
[job(1259): 2016-09-10 00:40:20] * optimisation method : BFGS 
[job(1259): 2016-09-10 00:40:20] * analytical gradient : used
[job(1259): 2016-09-10 00:40:20] * trend model : ~1
[job(1259): 2016-09-10 00:40:20] * covariance model : 
[job(1259): 2016-09-10 00:40:20]   - type :  matern5_2 
[job(1259): 2016-09-10 00:40:20]   - nugget : NO
[job(1259): 2016-09-10 00:40:20]   - parameters lower bounds :  1e-10 1e-10 
[job(1259): 2016-09-10 00:40:20]   - parameters upper bounds :  42.65135 46.66107 
[job(1259): 2016-09-10 00:40:20]   - best initial criterion value(s) :  -10.14761 
[job(1259): 2016-09-10 00:40:20] 
[job(1259): 2016-09-10 00:40:20] N = 2, M = 5 machine precision = 2.22045e-16
[job(1259): 2016-09-10 00:40:20] At X0, 0 variables are exactly at the bounds
[job(1259): 2016-09-10 00:40:20] At iterate     0  f=       10.148  |proj g|=       1.1734
[job(1259): 2016-09-10 00:40:20] At iterate     1  f =      -5.8033  |proj g|=             0
[job(1259): 2016-09-10 00:40:20] 
[job(1259): 2016-09-10 00:40:20] iterations 1
[job(1259): 2016-09-10 00:40:20] function evaluations 2
[job(1259): 2016-09-10 00:40:20] segments explored during Cauchy searches 2
[job(1259): 2016-09-10 00:40:20] BFGS updates skipped 0
[job(1259): 2016-09-10 00:40:20] active bounds at final generalized Cauchy point 1
[job(1259): 2016-09-10 00:40:20] norm of the final projected gradient 0
[job(1259): 2016-09-10 00:40:20] final function value -5.80333
[job(1259): 2016-09-10 00:40:20] 
[job(1259): 2016-09-10 00:40:20] F = -5.80333
[job(1259): 2016-09-10 00:40:20] final  value -5.803332 
[job(1259): 2016-09-10 00:40:20] converged
[job(1259): 2016-09-10 00:40:20] [Tune-x] 12: C=0.000323; sigma=43.1
[job(1259): 2016-09-10 00:40:20] [Tune-y] 12: acc.test.mean=0.491; time: 0.0 min; memory: 116Mb use, 159Mb max
[job(1259): 2016-09-10 00:40:20] 
[job(1259): 2016-09-10 00:40:20] optimisation start
[job(1259): 2016-09-10 00:40:20] ------------------
[job(1259): 2016-09-10 00:40:20] * estimation method   : MLE 
[job(1259): 2016-09-10 00:40:20] * optimisation method : BFGS 
[job(1259): 2016-09-10 00:40:20] * analytical gradient : used
[job(1259): 2016-09-10 00:40:20] * trend model : ~1
[job(1259): 2016-09-10 00:40:20] * covariance model : 
[job(1259): 2016-09-10 00:40:20]   - type :  matern5_2 
[job(1259): 2016-09-10 00:40:20]   - nugget : NO
[job(1259): 2016-09-10 00:40:20]   - parameters lower bounds :  1e-10 1e-10 
[job(1259): 2016-09-10 00:40:20]   - parameters upper bounds :  47.07668 46.66107 
[job(1259): 2016-09-10 00:40:20]   - best initial criterion value(s) :  -17.90209 
[job(1259): 2016-09-10 00:40:20] 
[job(1259): 2016-09-10 00:40:20] N = 2, M = 5 machine precision = 2.22045e-16
[job(1259): 2016-09-10 00:40:20] At X0, 0 variables are exactly at the bounds
[job(1259): 2016-09-10 00:40:20] At iterate     0  f=       17.902  |proj g|=       2.2492
[job(1259): 2016-09-10 00:40:20] At iterate     1  f =       -6.543  |proj g|=             0
[job(1259): 2016-09-10 00:40:20] 
[job(1259): 2016-09-10 00:40:20] iterations 1
[job(1259): 2016-09-10 00:40:20] function evaluations 2
[job(1259): 2016-09-10 00:40:20] segments explored during Cauchy searches 2
[job(1259): 2016-09-10 00:40:20] BFGS updates skipped 0
[job(1259): 2016-09-10 00:40:20] active bounds at final generalized Cauchy point 1
[job(1259): 2016-09-10 00:40:20] norm of the final projected gradient 0
[job(1259): 2016-09-10 00:40:20] final function value -6.54305
[job(1259): 2016-09-10 00:40:20] 
[job(1259): 2016-09-10 00:40:20] F = -6.54305
[job(1259): 2016-09-10 00:40:20] final  value -6.543047 
[job(1259): 2016-09-10 00:40:20] converged
[job(1259): 2016-09-10 00:40:20] [Tune-x] 13: C=14.2; sigma=0.276
[job(1259): 2016-09-10 00:40:20] [Tune-y] 13: acc.test.mean=0.846; time: 0.0 min; memory: 116Mb use, 159Mb max
[job(1259): 2016-09-10 00:40:20] 
[job(1259): 2016-09-10 00:40:20] optimisation start
[job(1259): 2016-09-10 00:40:20] ------------------
[job(1259): 2016-09-10 00:40:20] * estimation method   : MLE 
[job(1259): 2016-09-10 00:40:20] * optimisation method : BFGS 
[job(1259): 2016-09-10 00:40:20] * analytical gradient : used
[job(1259): 2016-09-10 00:40:20] * trend model : ~1
[job(1259): 2016-09-10 00:40:20] * covariance model : 
[job(1259): 2016-09-10 00:40:20]   - type :  matern5_2 
[job(1259): 2016-09-10 00:40:20]   - nugget : NO
[job(1259): 2016-09-10 00:40:20]   - parameters lower bounds :  1e-10 1e-10 
[job(1259): 2016-09-10 00:40:20]   - parameters upper bounds :  47.07668 46.66107 
[job(1259): 2016-09-10 00:40:20]   - best initial criterion value(s) :  -4.951898 
[job(1259): 2016-09-10 00:40:20] 
[job(1259): 2016-09-10 00:40:20] N = 2, M = 5 machine precision = 2.22045e-16
[job(1259): 2016-09-10 00:40:20] At X0, 0 variables are exactly at the bounds
[job(1259): 2016-09-10 00:40:20] At iterate     0  f=       4.9519  |proj g|=      0.59116
[job(1259): 2016-09-10 00:40:20] At iterate     1  f =       -6.182  |proj g|=             0
[job(1259): 2016-09-10 00:40:20] 
[job(1259): 2016-09-10 00:40:20] iterations 1
[job(1259): 2016-09-10 00:40:20] function evaluations 2
[job(1259): 2016-09-10 00:40:20] segments explored during Cauchy searches 2
[job(1259): 2016-09-10 00:40:20] BFGS updates skipped 0
[job(1259): 2016-09-10 00:40:20] active bounds at final generalized Cauchy point 1
[job(1259): 2016-09-10 00:40:20] norm of the final projected gradient 0
[job(1259): 2016-09-10 00:40:20] final function value -6.18195
[job(1259): 2016-09-10 00:40:20] 
[job(1259): 2016-09-10 00:40:20] F = -6.18195
[job(1259): 2016-09-10 00:40:20] final  value -6.181951 
[job(1259): 2016-09-10 00:40:20] converged
[job(1259): 2016-09-10 00:40:20] [Tune-x] 14: C=1.3e+03; sigma=0.000293
[job(1259): 2016-09-10 00:40:20] [Tune-y] 14: acc.test.mean=0.86; time: 0.0 min; memory: 116Mb use, 159Mb max
[job(1259): 2016-09-10 00:40:20] 
[job(1259): 2016-09-10 00:40:20] optimisation start
[job(1259): 2016-09-10 00:40:20] ------------------
[job(1259): 2016-09-10 00:40:20] * estimation method   : MLE 
[job(1259): 2016-09-10 00:40:20] * optimisation method : BFGS 
[job(1259): 2016-09-10 00:40:20] * analytical gradient : used
[job(1259): 2016-09-10 00:40:20] * trend model : ~1
[job(1259): 2016-09-10 00:40:20] * covariance model : 
[job(1259): 2016-09-10 00:40:20]   - type :  matern5_2 
[job(1259): 2016-09-10 00:40:20]   - nugget : NO
[job(1259): 2016-09-10 00:40:20]   - parameters lower bounds :  1e-10 1e-10 
[job(1259): 2016-09-10 00:40:20]   - parameters upper bounds :  47.07668 47.29059 
[job(1259): 2016-09-10 00:40:20]   - best initial criterion value(s) :  -15.3391 
[job(1259): 2016-09-10 00:40:20] 
[job(1259): 2016-09-10 00:40:20] N = 2, M = 5 machine precision = 2.22045e-16
[job(1259): 2016-09-10 00:40:20] At X0, 0 variables are exactly at the bounds
[job(1259): 2016-09-10 00:40:20] At iterate     0  f=       15.339  |proj g|=       1.1384
[job(1259): 2016-09-10 00:40:20] At iterate     1  f =      -5.9549  |proj g|=             0
[job(1259): 2016-09-10 00:40:20] 
[job(1259): 2016-09-10 00:40:20] iterations 1
[job(1259): 2016-09-10 00:40:20] function evaluations 2
[job(1259): 2016-09-10 00:40:20] segments explored during Cauchy searches 2
[job(1259): 2016-09-10 00:40:20] BFGS updates skipped 0
[job(1259): 2016-09-10 00:40:20] active bounds at final generalized Cauchy point 1
[job(1259): 2016-09-10 00:40:20] norm of the final projected gradient 0
[job(1259): 2016-09-10 00:40:20] final function value -5.95489
[job(1259): 2016-09-10 00:40:20] 
[job(1259): 2016-09-10 00:40:20] F = -5.95489
[job(1259): 2016-09-10 00:40:20] final  value -5.954891 
[job(1259): 2016-09-10 00:40:20] converged
[job(1259): 2016-09-10 00:40:20] [Tune-x] 15: C=50.9; sigma=2.18e+03
[job(1259): 2016-09-10 00:40:20] [Tune-y] 15: acc.test.mean=0.491; time: 0.0 min; memory: 116Mb use, 159Mb max
[job(1259): 2016-09-10 00:40:20] 
[job(1259): 2016-09-10 00:40:20] optimisation start
[job(1259): 2016-09-10 00:40:20] ------------------
[job(1259): 2016-09-10 00:40:20] * estimation method   : MLE 
[job(1259): 2016-09-10 00:40:20] * optimisation method : BFGS 
[job(1259): 2016-09-10 00:40:20] * analytical gradient : used
[job(1259): 2016-09-10 00:40:20] * trend model : ~1
[job(1259): 2016-09-10 00:40:20] * covariance model : 
[job(1259): 2016-09-10 00:40:20]   - type :  matern5_2 
[job(1259): 2016-09-10 00:40:20]   - nugget : NO
[job(1259): 2016-09-10 00:40:20]   - parameters lower bounds :  1e-10 1e-10 
[job(1259): 2016-09-10 00:40:20]   - parameters upper bounds :  47.07668 47.29059 
[job(1259): 2016-09-10 00:40:20]   - best initial criterion value(s) :  -22.30323 
[job(1259): 2016-09-10 00:40:20] 
[job(1259): 2016-09-10 00:40:20] N = 2, M = 5 machine precision = 2.22045e-16
[job(1259): 2016-09-10 00:40:20] At X0, 0 variables are exactly at the bounds
[job(1259): 2016-09-10 00:40:20] At iterate     0  f=       22.303  |proj g|=       1.5967
[job(1259): 2016-09-10 00:40:20] At iterate     1  f =      -6.5089  |proj g|=             0
[job(1259): 2016-09-10 00:40:20] 
[job(1259): 2016-09-10 00:40:20] iterations 1
[job(1259): 2016-09-10 00:40:20] function evaluations 2
[job(1259): 2016-09-10 00:40:20] segments explored during Cauchy searches 2
[job(1259): 2016-09-10 00:40:20] BFGS updates skipped 0
[job(1259): 2016-09-10 00:40:20] active bounds at final generalized Cauchy point 1
[job(1259): 2016-09-10 00:40:20] norm of the final projected gradient 0
[job(1259): 2016-09-10 00:40:20] final function value -6.50891
[job(1259): 2016-09-10 00:40:20] 
[job(1259): 2016-09-10 00:40:20] F = -6.50891
[job(1259): 2016-09-10 00:40:20] final  value -6.508912 
[job(1259): 2016-09-10 00:40:20] converged
[job(1259): 2016-09-10 00:40:20] [Tune-x] 16: C=0.15; sigma=18.9
[job(1259): 2016-09-10 00:40:20] [Tune-y] 16: acc.test.mean=0.491; time: 0.0 min; memory: 116Mb use, 159Mb max
[job(1259): 2016-09-10 00:40:20] 
[job(1259): 2016-09-10 00:40:20] optimisation start
[job(1259): 2016-09-10 00:40:20] ------------------
[job(1259): 2016-09-10 00:40:20] * estimation method   : MLE 
[job(1259): 2016-09-10 00:40:20] * optimisation method : BFGS 
[job(1259): 2016-09-10 00:40:20] * analytical gradient : used
[job(1259): 2016-09-10 00:40:20] * trend model : ~1
[job(1259): 2016-09-10 00:40:20] * covariance model : 
[job(1259): 2016-09-10 00:40:20]   - type :  matern5_2 
[job(1259): 2016-09-10 00:40:20]   - nugget : NO
[job(1259): 2016-09-10 00:40:20]   - parameters lower bounds :  1e-10 1e-10 
[job(1259): 2016-09-10 00:40:20]   - parameters upper bounds :  47.07668 47.29059 
[job(1259): 2016-09-10 00:40:20]   - best initial criterion value(s) :  -47.22211 
[job(1259): 2016-09-10 00:40:20] 
[job(1259): 2016-09-10 00:40:20] N = 2, M = 5 machine precision = 2.22045e-16
[job(1259): 2016-09-10 00:40:20] At X0, 0 variables are exactly at the bounds
[job(1259): 2016-09-10 00:40:20] At iterate     0  f=       47.222  |proj g|=       1.3093
[job(1259): 2016-09-10 00:40:20] At iterate     1  f =       44.416  |proj g|=        3.1221
[job(1259): 2016-09-10 00:40:20] ys=-2.346e+00  -gs= 1.741e+00, BFGS update SKIPPED
[job(1259): 2016-09-10 00:40:20] At iterate     2  f =      -7.1138  |proj g|=             0
[job(1259): 2016-09-10 00:40:20] 
[job(1259): 2016-09-10 00:40:20] iterations 2
[job(1259): 2016-09-10 00:40:20] function evaluations 4
[job(1259): 2016-09-10 00:40:20] segments explored during Cauchy searches 2
[job(1259): 2016-09-10 00:40:20] BFGS updates skipped 1
[job(1259): 2016-09-10 00:40:20] active bounds at final generalized Cauchy point 0
[job(1259): 2016-09-10 00:40:20] norm of the final projected gradient 0
[job(1259): 2016-09-10 00:40:20] final function value -7.11379
[job(1259): 2016-09-10 00:40:20] 
[job(1259): 2016-09-10 00:40:20] F = -7.11379
[job(1259): 2016-09-10 00:40:20] final  value -7.113794 
[job(1259): 2016-09-10 00:40:20] converged
[job(1259): 2016-09-10 00:40:20] [Tune-x] 17: C=0.00907; sigma=0.486
[job(1259): 2016-09-10 00:40:20] [Tune-y] 17: acc.test.mean=0.491; time: 0.0 min; memory: 116Mb use, 159Mb max
[job(1259): 2016-09-10 00:40:20] 
[job(1259): 2016-09-10 00:40:20] optimisation start
[job(1259): 2016-09-10 00:40:20] ------------------
[job(1259): 2016-09-10 00:40:20] * estimation method   : MLE 
[job(1259): 2016-09-10 00:40:20] * optimisation method : BFGS 
[job(1259): 2016-09-10 00:40:20] * analytical gradient : used
[job(1259): 2016-09-10 00:40:20] * trend model : ~1
[job(1259): 2016-09-10 00:40:20] * covariance model : 
[job(1259): 2016-09-10 00:40:20]   - type :  matern5_2 
[job(1259): 2016-09-10 00:40:20]   - nugget : NO
[job(1259): 2016-09-10 00:40:20]   - parameters lower bounds :  1e-10 1e-10 
[job(1259): 2016-09-10 00:40:20]   - parameters upper bounds :  47.07668 47.29059 
[job(1259): 2016-09-10 00:40:20]   - best initial criterion value(s) :  -46.11331 
[job(1259): 2016-09-10 00:40:20] 
[job(1259): 2016-09-10 00:40:20] N = 2, M = 5 machine precision = 2.22045e-16
[job(1259): 2016-09-10 00:40:20] At X0, 0 variables are exactly at the bounds
[job(1259): 2016-09-10 00:40:20] At iterate     0  f=       46.113  |proj g|=      0.74165
[job(1259): 2016-09-10 00:40:20] At iterate     1  f =       45.211  |proj g|=        1.4807
[job(1259): 2016-09-10 00:40:20] ys=-5.259e-01  -gs= 6.690e-01, BFGS update SKIPPED
[job(1259): 2016-09-10 00:40:20] At iterate     2  f =      -7.7636  |proj g|=             0
[job(1259): 2016-09-10 00:40:20] 
[job(1259): 2016-09-10 00:40:20] iterations 2
[job(1259): 2016-09-10 00:40:20] function evaluations 4
[job(1259): 2016-09-10 00:40:20] segments explored during Cauchy searches 2
[job(1259): 2016-09-10 00:40:20] BFGS updates skipped 1
[job(1259): 2016-09-10 00:40:20] active bounds at final generalized Cauchy point 0
[job(1259): 2016-09-10 00:40:20] norm of the final projected gradient 0
[job(1259): 2016-09-10 00:40:20] final function value -7.76356
[job(1259): 2016-09-10 00:40:20] 
[job(1259): 2016-09-10 00:40:20] F = -7.76356
[job(1259): 2016-09-10 00:40:20] final  value -7.763562 
[job(1259): 2016-09-10 00:40:20] converged
[job(1259): 2016-09-10 00:40:20] [Tune-x] 18: C=57.9; sigma=197
[job(1259): 2016-09-10 00:40:20] [Tune-y] 18: acc.test.mean=0.491; time: 0.0 min; memory: 116Mb use, 159Mb max
[job(1259): 2016-09-10 00:40:20] 
[job(1259): 2016-09-10 00:40:20] optimisation start
[job(1259): 2016-09-10 00:40:20] ------------------
[job(1259): 2016-09-10 00:40:20] * estimation method   : MLE 
[job(1259): 2016-09-10 00:40:20] * optimisation method : BFGS 
[job(1259): 2016-09-10 00:40:20] * analytical gradient : used
[job(1259): 2016-09-10 00:40:20] * trend model : ~1
[job(1259): 2016-09-10 00:40:20] * covariance model : 
[job(1259): 2016-09-10 00:40:20]   - type :  matern5_2 
[job(1259): 2016-09-10 00:40:20]   - nugget : NO
[job(1259): 2016-09-10 00:40:20]   - parameters lower bounds :  1e-10 1e-10 
[job(1259): 2016-09-10 00:40:20]   - parameters upper bounds :  47.07668 47.29059 
[job(1259): 2016-09-10 00:40:20]   - best initial criterion value(s) :  -12.22362 
[job(1259): 2016-09-10 00:40:20] 
[job(1259): 2016-09-10 00:40:20] N = 2, M = 5 machine precision = 2.22045e-16
[job(1259): 2016-09-10 00:40:20] At X0, 0 variables are exactly at the bounds
[job(1259): 2016-09-10 00:40:20] At iterate     0  f=       12.224  |proj g|=      0.86532
[job(1259): 2016-09-10 00:40:20] At iterate     1  f =      -8.4509  |proj g|=             0
[job(1259): 2016-09-10 00:40:20] 
[job(1259): 2016-09-10 00:40:20] iterations 1
[job(1259): 2016-09-10 00:40:20] function evaluations 2
[job(1259): 2016-09-10 00:40:20] segments explored during Cauchy searches 2
[job(1259): 2016-09-10 00:40:20] BFGS updates skipped 0
[job(1259): 2016-09-10 00:40:20] active bounds at final generalized Cauchy point 1
[job(1259): 2016-09-10 00:40:20] norm of the final projected gradient 0
[job(1259): 2016-09-10 00:40:20] final function value -8.45093
[job(1259): 2016-09-10 00:40:20] 
[job(1259): 2016-09-10 00:40:20] F = -8.45093
[job(1259): 2016-09-10 00:40:20] final  value -8.450934 
[job(1259): 2016-09-10 00:40:20] converged
[job(1259): 2016-09-10 00:40:20] [Tune-x] 19: C=3.8; sigma=1.86e+03
[job(1259): 2016-09-10 00:40:20] [Tune-y] 19: acc.test.mean=0.491; time: 0.0 min; memory: 116Mb use, 159Mb max
[job(1259): 2016-09-10 00:40:20] 
[job(1259): 2016-09-10 00:40:20] optimisation start
[job(1259): 2016-09-10 00:40:20] ------------------
[job(1259): 2016-09-10 00:40:20] * estimation method   : MLE 
[job(1259): 2016-09-10 00:40:20] * optimisation method : BFGS 
[job(1259): 2016-09-10 00:40:20] * analytical gradient : used
[job(1259): 2016-09-10 00:40:20] * trend model : ~1
[job(1259): 2016-09-10 00:40:20] * covariance model : 
[job(1259): 2016-09-10 00:40:20]   - type :  matern5_2 
[job(1259): 2016-09-10 00:40:20]   - nugget : NO
[job(1259): 2016-09-10 00:40:20]   - parameters lower bounds :  1e-10 1e-10 
[job(1259): 2016-09-10 00:40:20]   - parameters upper bounds :  47.07668 47.29059 
[job(1259): 2016-09-10 00:40:20]   - best initial criterion value(s) :  -25.66575 
[job(1259): 2016-09-10 00:40:20] 
[job(1259): 2016-09-10 00:40:20] N = 2, M = 5 machine precision = 2.22045e-16
[job(1259): 2016-09-10 00:40:20] At X0, 0 variables are exactly at the bounds
[job(1259): 2016-09-10 00:40:20] At iterate     0  f=       25.666  |proj g|=       1.8433
[job(1259): 2016-09-10 00:40:20] At iterate     1  f =      -9.1736  |proj g|=             0
[job(1259): 2016-09-10 00:40:20] 
[job(1259): 2016-09-10 00:40:20] iterations 1
[job(1259): 2016-09-10 00:40:20] function evaluations 2
[job(1259): 2016-09-10 00:40:20] segments explored during Cauchy searches 2
[job(1259): 2016-09-10 00:40:20] BFGS updates skipped 0
[job(1259): 2016-09-10 00:40:20] active bounds at final generalized Cauchy point 1
[job(1259): 2016-09-10 00:40:20] norm of the final projected gradient 0
[job(1259): 2016-09-10 00:40:20] final function value -9.17357
[job(1259): 2016-09-10 00:40:20] 
[job(1259): 2016-09-10 00:40:20] F = -9.17357
[job(1259): 2016-09-10 00:40:20] final  value -9.173571 
[job(1259): 2016-09-10 00:40:20] converged
[job(1259): 2016-09-10 00:40:20] [Tune-x] 20: C=5.58; sigma=0.000927
[job(1259): 2016-09-10 00:40:20] [Tune-y] 20: acc.test.mean=0.552; time: 0.0 min; memory: 116Mb use, 159Mb max
[job(1259): 2016-09-10 00:40:20] 
[job(1259): 2016-09-10 00:40:20] optimisation start
[job(1259): 2016-09-10 00:40:20] ------------------
[job(1259): 2016-09-10 00:40:20] * estimation method   : MLE 
[job(1259): 2016-09-10 00:40:20] * optimisation method : BFGS 
[job(1259): 2016-09-10 00:40:20] * analytical gradient : used
[job(1259): 2016-09-10 00:40:20] * trend model : ~1
[job(1259): 2016-09-10 00:40:20] * covariance model : 
[job(1259): 2016-09-10 00:40:20]   - type :  matern5_2 
[job(1259): 2016-09-10 00:40:20]   - nugget : NO
[job(1259): 2016-09-10 00:40:20]   - parameters lower bounds :  1e-10 1e-10 
[job(1259): 2016-09-10 00:40:20]   - parameters upper bounds :  47.07668 47.29059 
[job(1259): 2016-09-10 00:40:20]   - best initial criterion value(s) :  8.073648 
[job(1259): 2016-09-10 00:40:20] 
[job(1259): 2016-09-10 00:40:20] N = 2, M = 5 machine precision = 2.22045e-16
[job(1259): 2016-09-10 00:40:20] At X0, 0 variables are exactly at the bounds
[job(1259): 2016-09-10 00:40:20] At iterate     0  f=      -8.0736  |proj g|=     0.028909
[job(1259): 2016-09-10 00:40:20] At iterate     1  f =      -10.127  |proj g|=             0
[job(1259): 2016-09-10 00:40:20] 
[job(1259): 2016-09-10 00:40:20] iterations 1
[job(1259): 2016-09-10 00:40:20] function evaluations 2
[job(1259): 2016-09-10 00:40:20] segments explored during Cauchy searches 2
[job(1259): 2016-09-10 00:40:20] BFGS updates skipped 0
[job(1259): 2016-09-10 00:40:20] active bounds at final generalized Cauchy point 1
[job(1259): 2016-09-10 00:40:20] norm of the final projected gradient 0
[job(1259): 2016-09-10 00:40:20] final function value -10.1274
[job(1259): 2016-09-10 00:40:20] 
[job(1259): 2016-09-10 00:40:20] F = -10.1274
[job(1259): 2016-09-10 00:40:20] final  value -10.127416 
[job(1259): 2016-09-10 00:40:20] converged
[job(1259): 2016-09-10 00:40:20] [Tune-x] 21: C=1.75; sigma=0.145
[job(1259): 2016-09-10 00:40:20] [Tune-y] 21: acc.test.mean=0.774; time: 0.0 min; memory: 116Mb use, 159Mb max
[job(1259): 2016-09-10 00:40:20] 
[job(1259): 2016-09-10 00:40:20] optimisation start
[job(1259): 2016-09-10 00:40:20] ------------------
[job(1259): 2016-09-10 00:40:20] * estimation method   : MLE 
[job(1259): 2016-09-10 00:40:20] * optimisation method : BFGS 
[job(1259): 2016-09-10 00:40:20] * analytical gradient : used
[job(1259): 2016-09-10 00:40:20] * trend model : ~1
[job(1259): 2016-09-10 00:40:20] * covariance model : 
[job(1259): 2016-09-10 00:40:20]   - type :  matern5_2 
[job(1259): 2016-09-10 00:40:20]   - nugget : NO
[job(1259): 2016-09-10 00:40:20]   - parameters lower bounds :  1e-10 1e-10 
[job(1259): 2016-09-10 00:40:20]   - parameters upper bounds :  47.07668 47.29059 
[job(1259): 2016-09-10 00:40:20]   - best initial criterion value(s) :  12.78687 
[job(1259): 2016-09-10 00:40:20] 
[job(1259): 2016-09-10 00:40:20] N = 2, M = 5 machine precision = 2.22045e-16
[job(1259): 2016-09-10 00:40:20] At X0, 0 variables are exactly at the bounds
[job(1259): 2016-09-10 00:40:20] At iterate     0  f=      -12.787  |proj g|=       46.816
[job(1259): 2016-09-10 00:40:20] At iterate     1  f =      -13.564  |proj g|=      0.067465
[job(1259): 2016-09-10 00:40:20] At iterate     2  f =      -13.571  |proj g|=      0.064343
[job(1259): 2016-09-10 00:40:20] At iterate     3  f =      -13.572  |proj g|=      0.054897
[job(1259): 2016-09-10 00:40:20] At iterate     4  f =      -13.572  |proj g|=    0.00078173
[job(1259): 2016-09-10 00:40:20] At iterate     5  f =      -13.572  |proj g|=    0.00019155
[job(1259): 2016-09-10 00:40:20] 
[job(1259): 2016-09-10 00:40:20] iterations 5
[job(1259): 2016-09-10 00:40:20] function evaluations 11
[job(1259): 2016-09-10 00:40:20] segments explored during Cauchy searches 5
[job(1259): 2016-09-10 00:40:20] BFGS updates skipped 0
[job(1259): 2016-09-10 00:40:20] active bounds at final generalized Cauchy point 0
[job(1259): 2016-09-10 00:40:20] norm of the final projected gradient 0.000191546
[job(1259): 2016-09-10 00:40:20] final function value -13.5722
[job(1259): 2016-09-10 00:40:20] 
[job(1259): 2016-09-10 00:40:20] F = -13.5722
[job(1259): 2016-09-10 00:40:20] final  value -13.572199 
[job(1259): 2016-09-10 00:40:20] converged
[job(1259): 2016-09-10 00:40:20] [Tune-x] 22: C=222; sigma=0.000653
[job(1259): 2016-09-10 00:40:20] [Tune-y] 22: acc.test.mean=0.778; time: 0.0 min; memory: 116Mb use, 159Mb max
[job(1259): 2016-09-10 00:40:20] 
[job(1259): 2016-09-10 00:40:20] optimisation start
[job(1259): 2016-09-10 00:40:20] ------------------
[job(1259): 2016-09-10 00:40:20] * estimation method   : MLE 
[job(1259): 2016-09-10 00:40:20] * optimisation method : BFGS 
[job(1259): 2016-09-10 00:40:20] * analytical gradient : used
[job(1259): 2016-09-10 00:40:20] * trend model : ~1
[job(1259): 2016-09-10 00:40:20] * covariance model : 
[job(1259): 2016-09-10 00:40:20]   - type :  matern5_2 
[job(1259): 2016-09-10 00:40:20]   - nugget : NO
[job(1259): 2016-09-10 00:40:20]   - parameters lower bounds :  1e-10 1e-10 
[job(1259): 2016-09-10 00:40:20]   - parameters upper bounds :  47.07668 47.29059 
[job(1259): 2016-09-10 00:40:20]   - best initial criterion value(s) :  -25.56763 
[job(1259): 2016-09-10 00:40:20] 
[job(1259): 2016-09-10 00:40:20] N = 2, M = 5 machine precision = 2.22045e-16
[job(1259): 2016-09-10 00:40:20] At X0, 0 variables are exactly at the bounds
[job(1259): 2016-09-10 00:40:20] At iterate     0  f=       25.568  |proj g|=       1.8283
[job(1259): 2016-09-10 00:40:20] At iterate     1  f =      -10.713  |proj g|=             0
[job(1259): 2016-09-10 00:40:20] 
[job(1259): 2016-09-10 00:40:20] iterations 1
[job(1259): 2016-09-10 00:40:20] function evaluations 2
[job(1259): 2016-09-10 00:40:20] segments explored during Cauchy searches 2
[job(1259): 2016-09-10 00:40:20] BFGS updates skipped 0
[job(1259): 2016-09-10 00:40:20] active bounds at final generalized Cauchy point 2
[job(1259): 2016-09-10 00:40:20] norm of the final projected gradient 0
[job(1259): 2016-09-10 00:40:20] final function value -10.7125
[job(1259): 2016-09-10 00:40:20] 
[job(1259): 2016-09-10 00:40:20] F = -10.7125
[job(1259): 2016-09-10 00:40:20] final  value -10.712517 
[job(1259): 2016-09-10 00:40:20] converged
[job(1259): 2016-09-10 00:40:20] [Tune-x] 23: C=0.0379; sigma=0.846
[job(1259): 2016-09-10 00:40:20] [Tune-y] 23: acc.test.mean=0.595; time: 0.0 min; memory: 116Mb use, 166Mb max
[job(1259): 2016-09-10 00:40:20] 
[job(1259): 2016-09-10 00:40:20] optimisation start
[job(1259): 2016-09-10 00:40:20] ------------------
[job(1259): 2016-09-10 00:40:20] * estimation method   : MLE 
[job(1259): 2016-09-10 00:40:20] * optimisation method : BFGS 
[job(1259): 2016-09-10 00:40:20] * analytical gradient : used
[job(1259): 2016-09-10 00:40:20] * trend model : ~1
[job(1259): 2016-09-10 00:40:20] * covariance model : 
[job(1259): 2016-09-10 00:40:20]   - type :  matern5_2 
[job(1259): 2016-09-10 00:40:20]   - nugget : NO
[job(1259): 2016-09-10 00:40:20]   - parameters lower bounds :  1e-10 1e-10 
[job(1259): 2016-09-10 00:40:20]   - parameters upper bounds :  47.07668 47.29059 
[job(1259): 2016-09-10 00:40:20]   - best initial criterion value(s) :  -48.54972 
[job(1259): 2016-09-10 00:40:20] 
[job(1259): 2016-09-10 00:40:20] N = 2, M = 5 machine precision = 2.22045e-16
[job(1259): 2016-09-10 00:40:20] At X0, 0 variables are exactly at the bounds
[job(1259): 2016-09-10 00:40:20] At iterate     0  f=        48.55  |proj g|=       2.5522
[job(1259): 2016-09-10 00:40:20] At iterate     1  f =      -11.706  |proj g|=             0
[job(1259): 2016-09-10 00:40:20] 
[job(1259): 2016-09-10 00:40:20] iterations 1
[job(1259): 2016-09-10 00:40:20] function evaluations 2
[job(1259): 2016-09-10 00:40:20] segments explored during Cauchy searches 2
[job(1259): 2016-09-10 00:40:20] BFGS updates skipped 0
[job(1259): 2016-09-10 00:40:20] active bounds at final generalized Cauchy point 1
[job(1259): 2016-09-10 00:40:20] norm of the final projected gradient 0
[job(1259): 2016-09-10 00:40:20] final function value -11.7059
[job(1259): 2016-09-10 00:40:20] 
[job(1259): 2016-09-10 00:40:20] F = -11.7059
[job(1259): 2016-09-10 00:40:20] final  value -11.705877 
[job(1259): 2016-09-10 00:40:20] converged
[job(1259): 2016-09-10 00:40:20] [Tune-x] 24: C=0.234; sigma=0.00225
[job(1259): 2016-09-10 00:40:20] [Tune-y] 24: acc.test.mean=0.506; time: 0.0 min; memory: 116Mb use, 166Mb max
[job(1259): 2016-09-10 00:40:20] 
[job(1259): 2016-09-10 00:40:20] optimisation start
[job(1259): 2016-09-10 00:40:20] ------------------
[job(1259): 2016-09-10 00:40:20] * estimation method   : MLE 
[job(1259): 2016-09-10 00:40:20] * optimisation method : BFGS 
[job(1259): 2016-09-10 00:40:20] * analytical gradient : used
[job(1259): 2016-09-10 00:40:20] * trend model : ~1
[job(1259): 2016-09-10 00:40:20] * covariance model : 
[job(1259): 2016-09-10 00:40:20]   - type :  matern5_2 
[job(1259): 2016-09-10 00:40:20]   - nugget : NO
[job(1259): 2016-09-10 00:40:20]   - parameters lower bounds :  1e-10 1e-10 
[job(1259): 2016-09-10 00:40:20]   - parameters upper bounds :  47.07668 47.29059 
[job(1259): 2016-09-10 00:40:20]   - best initial criterion value(s) :  -51.31667 
[job(1259): 2016-09-10 00:40:20] 
[job(1259): 2016-09-10 00:40:20] N = 2, M = 5 machine precision = 2.22045e-16
[job(1259): 2016-09-10 00:40:20] At X0, 0 variables are exactly at the bounds
[job(1259): 2016-09-10 00:40:20] At iterate     0  f=       51.317  |proj g|=       1.0766
[job(1259): 2016-09-10 00:40:20] At iterate     1  f =       50.725  |proj g|=        2.5042
[job(1259): 2016-09-10 00:40:20] At iterate     2  f =       45.089  |proj g|=        1.5881
[job(1259): 2016-09-10 00:40:20] At iterate     3  f =      -12.478  |proj g|=             0
[job(1259): 2016-09-10 00:40:20] 
[job(1259): 2016-09-10 00:40:20] iterations 3
[job(1259): 2016-09-10 00:40:20] function evaluations 5
[job(1259): 2016-09-10 00:40:20] segments explored during Cauchy searches 3
[job(1259): 2016-09-10 00:40:20] BFGS updates skipped 0
[job(1259): 2016-09-10 00:40:20] active bounds at final generalized Cauchy point 0
[job(1259): 2016-09-10 00:40:20] norm of the final projected gradient 0
[job(1259): 2016-09-10 00:40:20] final function value -12.4784
[job(1259): 2016-09-10 00:40:20] 
[job(1259): 2016-09-10 00:40:20] F = -12.4784
[job(1259): 2016-09-10 00:40:20] final  value -12.478424 
[job(1259): 2016-09-10 00:40:20] converged
[job(1259): 2016-09-10 00:40:20] [Tune-x] 25: C=0.00395; sigma=0.548
[job(1259): 2016-09-10 00:40:20] [Tune-y] 25: acc.test.mean=0.495; time: 0.0 min; memory: 116Mb use, 166Mb max
[job(1259): 2016-09-10 00:40:20] 
[job(1259): 2016-09-10 00:40:20] optimisation start
[job(1259): 2016-09-10 00:40:20] ------------------
[job(1259): 2016-09-10 00:40:20] * estimation method   : MLE 
[job(1259): 2016-09-10 00:40:20] * optimisation method : BFGS 
[job(1259): 2016-09-10 00:40:20] * analytical gradient : used
[job(1259): 2016-09-10 00:40:20] * trend model : ~1
[job(1259): 2016-09-10 00:40:20] * covariance model : 
[job(1259): 2016-09-10 00:40:20]   - type :  matern5_2 
[job(1259): 2016-09-10 00:40:20]   - nugget : NO
[job(1259): 2016-09-10 00:40:20]   - parameters lower bounds :  1e-10 1e-10 
[job(1259): 2016-09-10 00:40:20]   - parameters upper bounds :  47.07668 47.29059 
[job(1259): 2016-09-10 00:40:20]   - best initial criterion value(s) :  -36.76531 
[job(1259): 2016-09-10 00:40:20] 
[job(1259): 2016-09-10 00:40:20] N = 2, M = 5 machine precision = 2.22045e-16
[job(1259): 2016-09-10 00:40:20] At X0, 0 variables are exactly at the bounds
[job(1259): 2016-09-10 00:40:20] At iterate     0  f=       36.765  |proj g|=       2.8497
[job(1259): 2016-09-10 00:40:20] At iterate     1  f =      -13.221  |proj g|=             0
[job(1259): 2016-09-10 00:40:20] 
[job(1259): 2016-09-10 00:40:20] iterations 1
[job(1259): 2016-09-10 00:40:20] function evaluations 2
[job(1259): 2016-09-10 00:40:20] segments explored during Cauchy searches 2
[job(1259): 2016-09-10 00:40:20] BFGS updates skipped 0
[job(1259): 2016-09-10 00:40:20] active bounds at final generalized Cauchy point 2
[job(1259): 2016-09-10 00:40:20] norm of the final projected gradient 0
[job(1259): 2016-09-10 00:40:20] final function value -13.2207
[job(1259): 2016-09-10 00:40:20] 
[job(1259): 2016-09-10 00:40:20] F = -13.2207
[job(1259): 2016-09-10 00:40:20] final  value -13.220717 
[job(1259): 2016-09-10 00:40:20] converged
[job(1259): 2016-09-10 00:40:20] [Tune-x] 26: C=0.00342; sigma=283
[job(1259): 2016-09-10 00:40:20] [Tune-y] 26: acc.test.mean=0.491; time: 0.0 min; memory: 116Mb use, 166Mb max
[job(1259): 2016-09-10 00:40:20] 
[job(1259): 2016-09-10 00:40:20] optimisation start
[job(1259): 2016-09-10 00:40:20] ------------------
[job(1259): 2016-09-10 00:40:20] * estimation method   : MLE 
[job(1259): 2016-09-10 00:40:20] * optimisation method : BFGS 
[job(1259): 2016-09-10 00:40:20] * analytical gradient : used
[job(1259): 2016-09-10 00:40:20] * trend model : ~1
[job(1259): 2016-09-10 00:40:20] * covariance model : 
[job(1259): 2016-09-10 00:40:20]   - type :  matern5_2 
[job(1259): 2016-09-10 00:40:20]   - nugget : NO
[job(1259): 2016-09-10 00:40:20]   - parameters lower bounds :  1e-10 1e-10 
[job(1259): 2016-09-10 00:40:20]   - parameters upper bounds :  47.07668 47.29059 
[job(1259): 2016-09-10 00:40:20]   - best initial criterion value(s) :  -26.1781 
[job(1259): 2016-09-10 00:40:20] 
[job(1259): 2016-09-10 00:40:20] N = 2, M = 5 machine precision = 2.22045e-16
[job(1259): 2016-09-10 00:40:20] At X0, 0 variables are exactly at the bounds
[job(1259): 2016-09-10 00:40:20] At iterate     0  f=       26.178  |proj g|=       1.7532
[job(1259): 2016-09-10 00:40:20] At iterate     1  f =      -13.969  |proj g|=             0
[job(1259): 2016-09-10 00:40:20] 
[job(1259): 2016-09-10 00:40:20] iterations 1
[job(1259): 2016-09-10 00:40:20] function evaluations 2
[job(1259): 2016-09-10 00:40:20] segments explored during Cauchy searches 2
[job(1259): 2016-09-10 00:40:20] BFGS updates skipped 0
[job(1259): 2016-09-10 00:40:20] active bounds at final generalized Cauchy point 2
[job(1259): 2016-09-10 00:40:20] norm of the final projected gradient 0
[job(1259): 2016-09-10 00:40:20] final function value -13.9685
[job(1259): 2016-09-10 00:40:20] 
[job(1259): 2016-09-10 00:40:20] F = -13.9685
[job(1259): 2016-09-10 00:40:20] final  value -13.968531 
[job(1259): 2016-09-10 00:40:20] converged
[job(1259): 2016-09-10 00:40:20] [Tune-x] 27: C=34.6; sigma=2.33
[job(1259): 2016-09-10 00:40:20] [Tune-y] 27: acc.test.mean=0.724; time: 0.0 min; memory: 116Mb use, 166Mb max
[job(1259): 2016-09-10 00:40:20] 
[job(1259): 2016-09-10 00:40:20] optimisation start
[job(1259): 2016-09-10 00:40:20] ------------------
[job(1259): 2016-09-10 00:40:20] * estimation method   : MLE 
[job(1259): 2016-09-10 00:40:20] * optimisation method : BFGS 
[job(1259): 2016-09-10 00:40:20] * analytical gradient : used
[job(1259): 2016-09-10 00:40:20] * trend model : ~1
[job(1259): 2016-09-10 00:40:20] * covariance model : 
[job(1259): 2016-09-10 00:40:20]   - type :  matern5_2 
[job(1259): 2016-09-10 00:40:20]   - nugget : NO
[job(1259): 2016-09-10 00:40:20]   - parameters lower bounds :  1e-10 1e-10 
[job(1259): 2016-09-10 00:40:20]   - parameters upper bounds :  47.07668 47.29059 
[job(1259): 2016-09-10 00:40:20]   - best initial criterion value(s) :  -37.75396 
[job(1259): 2016-09-10 00:40:20] 
[job(1259): 2016-09-10 00:40:20] N = 2, M = 5 machine precision = 2.22045e-16
[job(1259): 2016-09-10 00:40:20] At X0, 0 variables are exactly at the bounds
[job(1259): 2016-09-10 00:40:20] At iterate     0  f=       37.754  |proj g|=      0.31002
[job(1259): 2016-09-10 00:40:20] At iterate     1  f =       -14.61  |proj g|=             0
[job(1259): 2016-09-10 00:40:20] 
[job(1259): 2016-09-10 00:40:20] iterations 1
[job(1259): 2016-09-10 00:40:20] function evaluations 2
[job(1259): 2016-09-10 00:40:20] segments explored during Cauchy searches 2
[job(1259): 2016-09-10 00:40:20] BFGS updates skipped 0
[job(1259): 2016-09-10 00:40:20] active bounds at final generalized Cauchy point 1
[job(1259): 2016-09-10 00:40:20] norm of the final projected gradient 0
[job(1259): 2016-09-10 00:40:20] final function value -14.6095
[job(1259): 2016-09-10 00:40:20] 
[job(1259): 2016-09-10 00:40:20] F = -14.6095
[job(1259): 2016-09-10 00:40:20] final  value -14.609500 
[job(1259): 2016-09-10 00:40:20] converged
[job(1259): 2016-09-10 00:40:20] [Tune-x] 28: C=99.8; sigma=0.0207
[job(1259): 2016-09-10 00:40:20] [Tune-y] 28: acc.test.mean= 0.8; time: 0.0 min; memory: 116Mb use, 166Mb max
[job(1259): 2016-09-10 00:40:20] 
[job(1259): 2016-09-10 00:40:20] optimisation start
[job(1259): 2016-09-10 00:40:20] ------------------
[job(1259): 2016-09-10 00:40:20] * estimation method   : MLE 
[job(1259): 2016-09-10 00:40:20] * optimisation method : BFGS 
[job(1259): 2016-09-10 00:40:20] * analytical gradient : used
[job(1259): 2016-09-10 00:40:20] * trend model : ~1
[job(1259): 2016-09-10 00:40:20] * covariance model : 
[job(1259): 2016-09-10 00:40:20]   - type :  matern5_2 
[job(1259): 2016-09-10 00:40:20]   - nugget : NO
[job(1259): 2016-09-10 00:40:20]   - parameters lower bounds :  1e-10 1e-10 
[job(1259): 2016-09-10 00:40:20]   - parameters upper bounds :  47.07668 47.29059 
[job(1259): 2016-09-10 00:40:20]   - best initial criterion value(s) :  -51.76621 
[job(1259): 2016-09-10 00:40:20] 
[job(1259): 2016-09-10 00:40:20] N = 2, M = 5 machine precision = 2.22045e-16
[job(1259): 2016-09-10 00:40:20] At X0, 0 variables are exactly at the bounds
[job(1259): 2016-09-10 00:40:20] At iterate     0  f=       51.766  |proj g|=       1.8547
[job(1259): 2016-09-10 00:40:20] At iterate     1  f =       32.577  |proj g|=        0.7561
[job(1259): 2016-09-10 00:40:20] ys=-1.065e+03  -gs= 5.467e+00, BFGS update SKIPPED
[job(1259): 2016-09-10 00:40:20] At iterate     2  f =      -14.695  |proj g|=             0
[job(1259): 2016-09-10 00:40:20] 
[job(1259): 2016-09-10 00:40:20] iterations 2
[job(1259): 2016-09-10 00:40:20] function evaluations 3
[job(1259): 2016-09-10 00:40:20] segments explored during Cauchy searches 3
[job(1259): 2016-09-10 00:40:20] BFGS updates skipped 1
[job(1259): 2016-09-10 00:40:20] active bounds at final generalized Cauchy point 1
[job(1259): 2016-09-10 00:40:20] norm of the final projected gradient 0
[job(1259): 2016-09-10 00:40:20] final function value -14.6947
[job(1259): 2016-09-10 00:40:20] 
[job(1259): 2016-09-10 00:40:20] F = -14.6947
[job(1259): 2016-09-10 00:40:20] final  value -14.694682 
[job(1259): 2016-09-10 00:40:20] converged
[job(1259): 2016-09-10 00:40:20] [Tune] Result: C=222; sigma=0.000634 : acc.test.mean=-0.86
[job(1259): 2016-09-10 00:40:20] Job terminated successfully
[job(chunk): 2016-09-10 00:40:21] Calculation finished!
