[job(chunk): 2016-09-10 01:13:19] Starting calculation of 1 jobs
[job(chunk): 2016-09-10 01:13:19] Setting working directory to '/naslx/projects/pr74ze/ri89coc2/svm_comparison'
[job(chunk): 2016-09-10 01:13:19] Memory measurement disabled
[job(1572): 2016-09-10 01:13:22] Starting job with job.id=1572
[job(1572): 2016-09-10 01:14:10] Generating problem instance for problem '4153' ...
[job(1572): 2016-09-10 01:14:10] Downloading from 'http://www.openml.org/api/v1/data/4153' to '/tmp/ri89coc2/Rtmp2xEJNT/cache/datasets/4153/description.xml'.
[job(1572): 2016-09-10 01:14:10] Downloading from 'http://www.openml.org/data/download/1696325/php0gEU7D' to '/tmp/ri89coc2/Rtmp2xEJNT/cache/datasets/4153/dataset.arff'
[job(1572): 2016-09-10 01:14:10] Loading required package: readr
[job(1572): 2016-09-10 01:14:10] Applying algorithm 'spoc-svc.tuned' on problem '4153' ...
[job(1572): 2016-09-10 01:14:10] Data '4153' file 'description.xml' found in cache.
[job(1572): 2016-09-10 01:14:10] Data '4153' file 'dataset.arff' found in cache.
[job(1572): 2016-09-10 01:14:10] [Tune] Started tuning learner spoc-svc for parameter set:
[job(1572): 2016-09-10 01:14:10]          Type len Def    Constr Req Tunable Trafo
[job(1572): 2016-09-10 01:14:10] C     numeric   -   - -12 to 12   -    TRUE     Y
[job(1572): 2016-09-10 01:14:10] sigma numeric   -   - -12 to 12   -    TRUE     Y
[job(1572): 2016-09-10 01:14:10] With control class: TuneControlMBO
[job(1572): 2016-09-10 01:14:10] Imputation value: -0
[job(1572): 2016-09-10 01:14:10] [Tune-x] 1: C=0.000712; sigma=349
[job(1572): 2016-09-10 01:14:10] [Tune-y] 1: acc.test.mean=0.352; time: 0.0 min; memory: 113Mb use, 166Mb max
[job(1572): 2016-09-10 01:14:10] [Tune-x] 2: C=463; sigma=1.13
[job(1572): 2016-09-10 01:14:10] [Tune-y] 2: acc.test.mean=0.933; time: 0.0 min; memory: 113Mb use, 166Mb max
[job(1572): 2016-09-10 01:14:10] [Tune-x] 3: C=0.104; sigma=0.0342
[job(1572): 2016-09-10 01:14:10] [Tune-y] 3: acc.test.mean=0.84; time: 0.0 min; memory: 113Mb use, 166Mb max
[job(1572): 2016-09-10 01:14:10] [Tune-x] 4: C=4.48; sigma=0.127
[job(1572): 2016-09-10 01:14:10] [Tune-y] 4: acc.test.mean=0.957; time: 0.0 min; memory: 113Mb use, 166Mb max
[job(1572): 2016-09-10 01:14:10] [Tune-x] 5: C=0.00272; sigma=54.7
[job(1572): 2016-09-10 01:14:10] [Tune-y] 5: acc.test.mean=0.592; time: 0.0 min; memory: 113Mb use, 166Mb max
[job(1572): 2016-09-10 01:14:10] [Tune-x] 6: C=1.88e+03; sigma=0.00153
[job(1572): 2016-09-10 01:14:10] [Tune-y] 6: acc.test.mean=0.907; time: 0.0 min; memory: 113Mb use, 166Mb max
[job(1572): 2016-09-10 01:14:10] [Tune-x] 7: C=55.6; sigma=1.87e+03
[job(1572): 2016-09-10 01:14:10] [Tune-y] 7: acc.test.mean=0.185; time: 0.0 min; memory: 113Mb use, 166Mb max
[job(1572): 2016-09-10 01:14:10] [Tune-x] 8: C=0.272; sigma=0.00797
[job(1572): 2016-09-10 01:14:10] [Tune-y] 8: acc.test.mean=0.803; time: 0.0 min; memory: 113Mb use, 166Mb max
[job(1572): 2016-09-10 01:14:10] 
[job(1572): 2016-09-10 01:14:10] optimisation start
[job(1572): 2016-09-10 01:14:10] ------------------
[job(1572): 2016-09-10 01:14:10] * estimation method   : MLE 
[job(1572): 2016-09-10 01:14:10] * optimisation method : BFGS 
[job(1572): 2016-09-10 01:14:10] * analytical gradient : used
[job(1572): 2016-09-10 01:14:10] * trend model : ~1
[job(1572): 2016-09-10 01:14:10] * covariance model : 
[job(1572): 2016-09-10 01:14:10]   - type :  matern5_2 
[job(1572): 2016-09-10 01:14:10]   - nugget : NO
[job(1572): 2016-09-10 01:14:10]   - parameters lower bounds :  1e-10 1e-10 
[job(1572): 2016-09-10 01:14:10]   - parameters upper bounds :  42.67298 40.44424 
[job(1572): 2016-09-10 01:14:10]   - best initial criterion value(s) :  4.74015 
[job(1572): 2016-09-10 01:14:10] 
[job(1572): 2016-09-10 01:14:10] N = 2, M = 5 machine precision = 2.22045e-16
[job(1572): 2016-09-10 01:14:10] At X0, 0 variables are exactly at the bounds
[job(1572): 2016-09-10 01:14:10] At iterate     0  f=      -4.7401  |proj g|=        0.103
[job(1572): 2016-09-10 01:14:10] At iterate     1  f =      -4.7511  |proj g|=       0.10195
[job(1572): 2016-09-10 01:14:10] At iterate     2  f =      -4.9563  |proj g|=      0.054861
[job(1572): 2016-09-10 01:14:10] At iterate     3  f =      -4.9972  |proj g|=      0.017769
[job(1572): 2016-09-10 01:14:10] At iterate     4  f =      -5.0053  |proj g|=      0.016933
[job(1572): 2016-09-10 01:14:10] At iterate     5  f =      -5.0404  |proj g|=      0.022865
[job(1572): 2016-09-10 01:14:10] At iterate     6  f =      -5.0434  |proj g|=      0.005446
[job(1572): 2016-09-10 01:14:10] At iterate     7  f =      -5.0436  |proj g|=    0.00040453
[job(1572): 2016-09-10 01:14:10] At iterate     8  f =      -5.0436  |proj g|=    8.0897e-06
[job(1572): 2016-09-10 01:14:10] At iterate     9  f =      -5.0436  |proj g|=    1.2409e-08
[job(1572): 2016-09-10 01:14:10] 
[job(1572): 2016-09-10 01:14:10] iterations 9
[job(1572): 2016-09-10 01:14:10] function evaluations 12
[job(1572): 2016-09-10 01:14:10] segments explored during Cauchy searches 9
[job(1572): 2016-09-10 01:14:10] BFGS updates skipped 0
[job(1572): 2016-09-10 01:14:10] active bounds at final generalized Cauchy point 1
[job(1572): 2016-09-10 01:14:10] norm of the final projected gradient 1.24094e-08
[job(1572): 2016-09-10 01:14:10] final function value -5.04359
[job(1572): 2016-09-10 01:14:10] 
[job(1572): 2016-09-10 01:14:10] F = -5.04359
[job(1572): 2016-09-10 01:14:10] final  value -5.043586 
[job(1572): 2016-09-10 01:14:10] converged
[job(1572): 2016-09-10 01:14:10] [Tune-x] 9: C=4.1e+03; sigma=0.155
[job(1572): 2016-09-10 01:14:10] [Tune-y] 9: acc.test.mean=0.951; time: 0.0 min; memory: 117Mb use, 173Mb max
[job(1572): 2016-09-10 01:14:10] 
[job(1572): 2016-09-10 01:14:10] optimisation start
[job(1572): 2016-09-10 01:14:10] ------------------
[job(1572): 2016-09-10 01:14:10] * estimation method   : MLE 
[job(1572): 2016-09-10 01:14:10] * optimisation method : BFGS 
[job(1572): 2016-09-10 01:14:10] * analytical gradient : used
[job(1572): 2016-09-10 01:14:10] * trend model : ~1
[job(1572): 2016-09-10 01:14:10] * covariance model : 
[job(1572): 2016-09-10 01:14:10]   - type :  matern5_2 
[job(1572): 2016-09-10 01:14:10]   - nugget : NO
[job(1572): 2016-09-10 01:14:10]   - parameters lower bounds :  1e-10 1e-10 
[job(1572): 2016-09-10 01:14:10]   - parameters upper bounds :  44.91175 40.44424 
[job(1572): 2016-09-10 01:14:10]   - best initial criterion value(s) :  6.340891 
[job(1572): 2016-09-10 01:14:10] 
[job(1572): 2016-09-10 01:14:10] N = 2, M = 5 machine precision = 2.22045e-16
[job(1572): 2016-09-10 01:14:10] At X0, 0 variables are exactly at the bounds
[job(1572): 2016-09-10 01:14:10] At iterate     0  f=      -6.3409  |proj g|=      0.08038
[job(1572): 2016-09-10 01:14:10] At iterate     1  f =      -6.3491  |proj g|=       0.07561
[job(1572): 2016-09-10 01:14:10] At iterate     2  f =      -6.4738  |proj g|=      0.032491
[job(1572): 2016-09-10 01:14:10] At iterate     3  f =      -6.5321  |proj g|=      0.020098
[job(1572): 2016-09-10 01:14:10] At iterate     4  f =      -6.5641  |proj g|=     0.0042768
[job(1572): 2016-09-10 01:14:10] At iterate     5  f =      -6.5658  |proj g|=     0.0011827
[job(1572): 2016-09-10 01:14:10] At iterate     6  f =      -6.5659  |proj g|=     0.0006853
[job(1572): 2016-09-10 01:14:10] At iterate     7  f =      -6.5659  |proj g|=    0.00018567
[job(1572): 2016-09-10 01:14:10] At iterate     8  f =      -6.5659  |proj g|=    2.8796e-06
[job(1572): 2016-09-10 01:14:10] At iterate     9  f =      -6.5659  |proj g|=    1.3721e-08
[job(1572): 2016-09-10 01:14:10] 
[job(1572): 2016-09-10 01:14:10] iterations 9
[job(1572): 2016-09-10 01:14:10] function evaluations 10
[job(1572): 2016-09-10 01:14:10] segments explored during Cauchy searches 9
[job(1572): 2016-09-10 01:14:10] BFGS updates skipped 0
[job(1572): 2016-09-10 01:14:10] active bounds at final generalized Cauchy point 0
[job(1572): 2016-09-10 01:14:10] norm of the final projected gradient 1.37213e-08
[job(1572): 2016-09-10 01:14:10] final function value -6.56589
[job(1572): 2016-09-10 01:14:10] 
[job(1572): 2016-09-10 01:14:10] F = -6.56589
[job(1572): 2016-09-10 01:14:10] final  value -6.565886 
[job(1572): 2016-09-10 01:14:10] converged
[job(1572): 2016-09-10 01:14:10] [Tune-x] 10: C=29.9; sigma=0.302
[job(1572): 2016-09-10 01:14:10] [Tune-y] 10: acc.test.mean=0.963; time: 0.0 min; memory: 117Mb use, 173Mb max
[job(1572): 2016-09-10 01:14:10] 
[job(1572): 2016-09-10 01:14:10] optimisation start
[job(1572): 2016-09-10 01:14:10] ------------------
[job(1572): 2016-09-10 01:14:10] * estimation method   : MLE 
[job(1572): 2016-09-10 01:14:10] * optimisation method : BFGS 
[job(1572): 2016-09-10 01:14:10] * analytical gradient : used
[job(1572): 2016-09-10 01:14:10] * trend model : ~1
[job(1572): 2016-09-10 01:14:10] * covariance model : 
[job(1572): 2016-09-10 01:14:10]   - type :  matern5_2 
[job(1572): 2016-09-10 01:14:10]   - nugget : NO
[job(1572): 2016-09-10 01:14:10]   - parameters lower bounds :  1e-10 1e-10 
[job(1572): 2016-09-10 01:14:10]   - parameters upper bounds :  44.91175 40.44424 
[job(1572): 2016-09-10 01:14:10]   - best initial criterion value(s) :  8.419038 
[job(1572): 2016-09-10 01:14:10] 
[job(1572): 2016-09-10 01:14:10] N = 2, M = 5 machine precision = 2.22045e-16
[job(1572): 2016-09-10 01:14:10] At X0, 0 variables are exactly at the bounds
[job(1572): 2016-09-10 01:14:10] At iterate     0  f=       -8.419  |proj g|=      0.10729
[job(1572): 2016-09-10 01:14:10] At iterate     1  f =      -8.4312  |proj g|=        0.1067
[job(1572): 2016-09-10 01:14:10] At iterate     2  f =       -8.946  |proj g|=       0.03331
[job(1572): 2016-09-10 01:14:10] At iterate     3  f =      -8.9678  |proj g|=      0.018594
[job(1572): 2016-09-10 01:14:10] At iterate     4  f =      -8.9773  |proj g|=      0.010288
[job(1572): 2016-09-10 01:14:10] At iterate     5  f =      -8.9821  |proj g|=     0.0061399
[job(1572): 2016-09-10 01:14:10] At iterate     6  f =      -8.9847  |proj g|=    0.00066004
[job(1572): 2016-09-10 01:14:10] At iterate     7  f =      -8.9847  |proj g|=    7.6894e-05
[job(1572): 2016-09-10 01:14:10] At iterate     8  f =      -8.9847  |proj g|=    6.2614e-07
[job(1572): 2016-09-10 01:14:10] At iterate     9  f =      -8.9847  |proj g|=    3.2316e-08
[job(1572): 2016-09-10 01:14:10] 
[job(1572): 2016-09-10 01:14:10] iterations 9
[job(1572): 2016-09-10 01:14:10] function evaluations 12
[job(1572): 2016-09-10 01:14:10] segments explored during Cauchy searches 9
[job(1572): 2016-09-10 01:14:10] BFGS updates skipped 0
[job(1572): 2016-09-10 01:14:10] active bounds at final generalized Cauchy point 0
[job(1572): 2016-09-10 01:14:10] norm of the final projected gradient 3.2316e-08
[job(1572): 2016-09-10 01:14:10] final function value -8.98473
[job(1572): 2016-09-10 01:14:10] 
[job(1572): 2016-09-10 01:14:10] F = -8.98473
[job(1572): 2016-09-10 01:14:10] final  value -8.984729 
[job(1572): 2016-09-10 01:14:10] converged
[job(1572): 2016-09-10 01:14:10] [Tune-x] 11: C=98; sigma=0.118
[job(1572): 2016-09-10 01:14:10] [Tune-y] 11: acc.test.mean=0.932; time: 0.0 min; memory: 117Mb use, 173Mb max
[job(1572): 2016-09-10 01:14:10] 
[job(1572): 2016-09-10 01:14:10] optimisation start
[job(1572): 2016-09-10 01:14:10] ------------------
[job(1572): 2016-09-10 01:14:10] * estimation method   : MLE 
[job(1572): 2016-09-10 01:14:10] * optimisation method : BFGS 
[job(1572): 2016-09-10 01:14:10] * analytical gradient : used
[job(1572): 2016-09-10 01:14:10] * trend model : ~1
[job(1572): 2016-09-10 01:14:10] * covariance model : 
[job(1572): 2016-09-10 01:14:10]   - type :  matern5_2 
[job(1572): 2016-09-10 01:14:10]   - nugget : NO
[job(1572): 2016-09-10 01:14:10]   - parameters lower bounds :  1e-10 1e-10 
[job(1572): 2016-09-10 01:14:10]   - parameters upper bounds :  44.91175 40.44424 
[job(1572): 2016-09-10 01:14:10]   - best initial criterion value(s) :  9.586502 
[job(1572): 2016-09-10 01:14:10] 
[job(1572): 2016-09-10 01:14:10] N = 2, M = 5 machine precision = 2.22045e-16
[job(1572): 2016-09-10 01:14:10] At X0, 0 variables are exactly at the bounds
[job(1572): 2016-09-10 01:14:10] At iterate     0  f=      -9.5865  |proj g|=      0.16323
[job(1572): 2016-09-10 01:14:10] At iterate     1  f =       -9.617  |proj g|=       0.15388
[job(1572): 2016-09-10 01:14:10] At iterate     2  f =      -9.8725  |proj g|=      0.030924
[job(1572): 2016-09-10 01:14:10] At iterate     3  f =      -9.9035  |proj g|=      0.029268
[job(1572): 2016-09-10 01:14:10] At iterate     4  f =      -9.9275  |proj g|=      0.004842
[job(1572): 2016-09-10 01:14:10] At iterate     5  f =      -9.9284  |proj g|=    0.00044638
[job(1572): 2016-09-10 01:14:10] At iterate     6  f =      -9.9284  |proj g|=    2.0713e-05
[job(1572): 2016-09-10 01:14:10] At iterate     7  f =      -9.9284  |proj g|=    3.8137e-06
[job(1572): 2016-09-10 01:14:10] 
[job(1572): 2016-09-10 01:14:10] iterations 7
[job(1572): 2016-09-10 01:14:10] function evaluations 8
[job(1572): 2016-09-10 01:14:10] segments explored during Cauchy searches 7
[job(1572): 2016-09-10 01:14:10] BFGS updates skipped 0
[job(1572): 2016-09-10 01:14:10] active bounds at final generalized Cauchy point 0
[job(1572): 2016-09-10 01:14:10] norm of the final projected gradient 3.81375e-06
[job(1572): 2016-09-10 01:14:10] final function value -9.92841
[job(1572): 2016-09-10 01:14:10] 
[job(1572): 2016-09-10 01:14:10] F = -9.92841
[job(1572): 2016-09-10 01:14:10] final  value -9.928413 
[job(1572): 2016-09-10 01:14:10] converged
[job(1572): 2016-09-10 01:14:10] [Tune-x] 12: C=1.84; sigma=0.643
[job(1572): 2016-09-10 01:14:10] [Tune-y] 12: acc.test.mean=0.956; time: 0.0 min; memory: 117Mb use, 173Mb max
[job(1572): 2016-09-10 01:14:10] 
[job(1572): 2016-09-10 01:14:10] optimisation start
[job(1572): 2016-09-10 01:14:10] ------------------
[job(1572): 2016-09-10 01:14:10] * estimation method   : MLE 
[job(1572): 2016-09-10 01:14:10] * optimisation method : BFGS 
[job(1572): 2016-09-10 01:14:10] * analytical gradient : used
[job(1572): 2016-09-10 01:14:10] * trend model : ~1
[job(1572): 2016-09-10 01:14:10] * covariance model : 
[job(1572): 2016-09-10 01:14:10]   - type :  matern5_2 
[job(1572): 2016-09-10 01:14:10]   - nugget : NO
[job(1572): 2016-09-10 01:14:10]   - parameters lower bounds :  1e-10 1e-10 
[job(1572): 2016-09-10 01:14:10]   - parameters upper bounds :  44.91175 40.44424 
[job(1572): 2016-09-10 01:14:10]   - best initial criterion value(s) :  10.66359 
[job(1572): 2016-09-10 01:14:10] 
[job(1572): 2016-09-10 01:14:10] N = 2, M = 5 machine precision = 2.22045e-16
[job(1572): 2016-09-10 01:14:10] At X0, 0 variables are exactly at the bounds
[job(1572): 2016-09-10 01:14:10] At iterate     0  f=      -10.664  |proj g|=      0.16157
[job(1572): 2016-09-10 01:14:10] At iterate     1  f =        -10.7  |proj g|=       0.16743
[job(1572): 2016-09-10 01:14:10] ys=-6.865e-04  -gs= 3.621e-02, BFGS update SKIPPED
[job(1572): 2016-09-10 01:14:10] At iterate     2  f =      -11.675  |proj g|=       0.20864
[job(1572): 2016-09-10 01:14:10] At iterate     3  f =      -11.755  |proj g|=      0.067241
[job(1572): 2016-09-10 01:14:10] At iterate     4  f =      -11.784  |proj g|=      0.040413
[job(1572): 2016-09-10 01:14:10] At iterate     5  f =      -11.827  |proj g|=       0.10055
[job(1572): 2016-09-10 01:14:10] At iterate     6  f =      -11.933  |proj g|=       0.18586
[job(1572): 2016-09-10 01:14:10] At iterate     7  f =      -11.975  |proj g|=       0.04976
[job(1572): 2016-09-10 01:14:10] At iterate     8  f =       -11.98  |proj g|=     0.0048382
[job(1572): 2016-09-10 01:14:10] At iterate     9  f =       -11.98  |proj g|=    0.00018925
[job(1572): 2016-09-10 01:14:10] At iterate    10  f =       -11.98  |proj g|=    1.4518e-06
[job(1572): 2016-09-10 01:14:10] At iterate    11  f =       -11.98  |proj g|=    7.3429e-08
[job(1572): 2016-09-10 01:14:10] 
[job(1572): 2016-09-10 01:14:10] iterations 11
[job(1572): 2016-09-10 01:14:10] function evaluations 19
[job(1572): 2016-09-10 01:14:10] segments explored during Cauchy searches 11
[job(1572): 2016-09-10 01:14:10] BFGS updates skipped 1
[job(1572): 2016-09-10 01:14:10] active bounds at final generalized Cauchy point 0
[job(1572): 2016-09-10 01:14:10] norm of the final projected gradient 7.34294e-08
[job(1572): 2016-09-10 01:14:10] final function value -11.9797
[job(1572): 2016-09-10 01:14:10] 
[job(1572): 2016-09-10 01:14:10] F = -11.9797
[job(1572): 2016-09-10 01:14:10] final  value -11.979657 
[job(1572): 2016-09-10 01:14:10] converged
[job(1572): 2016-09-10 01:14:10] [Tune-x] 13: C=0.000244; sigma=0.202
[job(1572): 2016-09-10 01:14:10] [Tune-y] 13: acc.test.mean=0.895; time: 0.0 min; memory: 117Mb use, 173Mb max
[job(1572): 2016-09-10 01:14:10] 
[job(1572): 2016-09-10 01:14:10] optimisation start
[job(1572): 2016-09-10 01:14:10] ------------------
[job(1572): 2016-09-10 01:14:10] * estimation method   : MLE 
[job(1572): 2016-09-10 01:14:10] * optimisation method : BFGS 
[job(1572): 2016-09-10 01:14:10] * analytical gradient : used
[job(1572): 2016-09-10 01:14:10] * trend model : ~1
[job(1572): 2016-09-10 01:14:10] * covariance model : 
[job(1572): 2016-09-10 01:14:10]   - type :  matern5_2 
[job(1572): 2016-09-10 01:14:10]   - nugget : NO
[job(1572): 2016-09-10 01:14:10]   - parameters lower bounds :  1e-10 1e-10 
[job(1572): 2016-09-10 01:14:10]   - parameters upper bounds :  47.99897 40.44424 
[job(1572): 2016-09-10 01:14:10]   - best initial criterion value(s) :  12.46183 
[job(1572): 2016-09-10 01:14:10] 
[job(1572): 2016-09-10 01:14:10] N = 2, M = 5 machine precision = 2.22045e-16
[job(1572): 2016-09-10 01:14:10] At X0, 0 variables are exactly at the bounds
[job(1572): 2016-09-10 01:14:10] At iterate     0  f=      -12.462  |proj g|=      0.21577
[job(1572): 2016-09-10 01:14:10] At iterate     1  f =       -12.51  |proj g|=       0.21865
[job(1572): 2016-09-10 01:14:10] ys=-8.074e-04  -gs= 4.764e-02, BFGS update SKIPPED
[job(1572): 2016-09-10 01:14:10] At iterate     2  f =      -12.751  |proj g|=       0.18825
[job(1572): 2016-09-10 01:14:10] At iterate     3  f =      -12.915  |proj g|=      0.071939
[job(1572): 2016-09-10 01:14:10] At iterate     4  f =      -12.953  |proj g|=       0.14295
[job(1572): 2016-09-10 01:14:10] At iterate     5  f =      -13.002  |proj g|=      0.064309
[job(1572): 2016-09-10 01:14:10] At iterate     6  f =      -13.054  |proj g|=     0.0070665
[job(1572): 2016-09-10 01:14:10] At iterate     7  f =      -13.055  |proj g|=         0.001
[job(1572): 2016-09-10 01:14:10] At iterate     8  f =      -13.055  |proj g|=    1.5899e-05
[job(1572): 2016-09-10 01:14:10] At iterate     9  f =      -13.055  |proj g|=    2.7852e-07
[job(1572): 2016-09-10 01:14:10] 
[job(1572): 2016-09-10 01:14:10] iterations 9
[job(1572): 2016-09-10 01:14:10] function evaluations 14
[job(1572): 2016-09-10 01:14:10] segments explored during Cauchy searches 10
[job(1572): 2016-09-10 01:14:10] BFGS updates skipped 1
[job(1572): 2016-09-10 01:14:10] active bounds at final generalized Cauchy point 0
[job(1572): 2016-09-10 01:14:10] norm of the final projected gradient 2.7852e-07
[job(1572): 2016-09-10 01:14:10] final function value -13.0555
[job(1572): 2016-09-10 01:14:10] 
[job(1572): 2016-09-10 01:14:10] F = -13.0555
[job(1572): 2016-09-10 01:14:10] final  value -13.055457 
[job(1572): 2016-09-10 01:14:10] converged
[job(1572): 2016-09-10 01:14:10] [Tune-x] 14: C=0.847; sigma=0.24
[job(1572): 2016-09-10 01:14:10] [Tune-y] 14: acc.test.mean=0.945; time: 0.0 min; memory: 117Mb use, 173Mb max
[job(1572): 2016-09-10 01:14:10] 
[job(1572): 2016-09-10 01:14:10] optimisation start
[job(1572): 2016-09-10 01:14:10] ------------------
[job(1572): 2016-09-10 01:14:10] * estimation method   : MLE 
[job(1572): 2016-09-10 01:14:10] * optimisation method : BFGS 
[job(1572): 2016-09-10 01:14:10] * analytical gradient : used
[job(1572): 2016-09-10 01:14:10] * trend model : ~1
[job(1572): 2016-09-10 01:14:10] * covariance model : 
[job(1572): 2016-09-10 01:14:10]   - type :  matern5_2 
[job(1572): 2016-09-10 01:14:10]   - nugget : NO
[job(1572): 2016-09-10 01:14:10]   - parameters lower bounds :  1e-10 1e-10 
[job(1572): 2016-09-10 01:14:10]   - parameters upper bounds :  47.99897 40.44424 
[job(1572): 2016-09-10 01:14:10]   - best initial criterion value(s) :  14.83872 
[job(1572): 2016-09-10 01:14:10] 
[job(1572): 2016-09-10 01:14:10] N = 2, M = 5 machine precision = 2.22045e-16
[job(1572): 2016-09-10 01:14:10] At X0, 0 variables are exactly at the bounds
[job(1572): 2016-09-10 01:14:10] At iterate     0  f=      -14.839  |proj g|=      0.14083
[job(1572): 2016-09-10 01:14:10] At iterate     1  f =      -14.858  |proj g|=       0.13454
[job(1572): 2016-09-10 01:14:10] At iterate     2  f =      -15.138  |proj g|=       0.11131
[job(1572): 2016-09-10 01:14:10] At iterate     3  f =      -15.228  |proj g|=      0.080909
[job(1572): 2016-09-10 01:14:10] At iterate     4  f =      -15.298  |proj g|=      0.035289
[job(1572): 2016-09-10 01:14:10] At iterate     5  f =      -15.321  |proj g|=     0.0082242
[job(1572): 2016-09-10 01:14:10] At iterate     6  f =      -15.323  |proj g|=     0.0024962
[job(1572): 2016-09-10 01:14:10] At iterate     7  f =      -15.323  |proj g|=    0.00093636
[job(1572): 2016-09-10 01:14:10] At iterate     8  f =      -15.323  |proj g|=     3.801e-06
[job(1572): 2016-09-10 01:14:10] At iterate     9  f =      -15.323  |proj g|=     4.938e-08
[job(1572): 2016-09-10 01:14:10] 
[job(1572): 2016-09-10 01:14:10] iterations 9
[job(1572): 2016-09-10 01:14:10] function evaluations 10
[job(1572): 2016-09-10 01:14:10] segments explored during Cauchy searches 9
[job(1572): 2016-09-10 01:14:10] BFGS updates skipped 0
[job(1572): 2016-09-10 01:14:10] active bounds at final generalized Cauchy point 0
[job(1572): 2016-09-10 01:14:10] norm of the final projected gradient 4.93795e-08
[job(1572): 2016-09-10 01:14:10] final function value -15.3231
[job(1572): 2016-09-10 01:14:10] 
[job(1572): 2016-09-10 01:14:10] F = -15.3231
[job(1572): 2016-09-10 01:14:10] final  value -15.323146 
[job(1572): 2016-09-10 01:14:10] converged
[job(1572): 2016-09-10 01:14:10] [Tune-x] 15: C=7.66; sigma=0.37
[job(1572): 2016-09-10 01:14:10] [Tune-y] 15: acc.test.mean=0.926; time: 0.0 min; memory: 117Mb use, 173Mb max
[job(1572): 2016-09-10 01:14:10] 
[job(1572): 2016-09-10 01:14:10] optimisation start
[job(1572): 2016-09-10 01:14:10] ------------------
[job(1572): 2016-09-10 01:14:10] * estimation method   : MLE 
[job(1572): 2016-09-10 01:14:10] * optimisation method : BFGS 
[job(1572): 2016-09-10 01:14:10] * analytical gradient : used
[job(1572): 2016-09-10 01:14:10] * trend model : ~1
[job(1572): 2016-09-10 01:14:10] * covariance model : 
[job(1572): 2016-09-10 01:14:10]   - type :  matern5_2 
[job(1572): 2016-09-10 01:14:10]   - nugget : NO
[job(1572): 2016-09-10 01:14:10]   - parameters lower bounds :  1e-10 1e-10 
[job(1572): 2016-09-10 01:14:10]   - parameters upper bounds :  47.99897 40.44424 
[job(1572): 2016-09-10 01:14:10]   - best initial criterion value(s) :  9.349906 
[job(1572): 2016-09-10 01:14:10] 
[job(1572): 2016-09-10 01:14:10] N = 2, M = 5 machine precision = 2.22045e-16
[job(1572): 2016-09-10 01:14:10] At X0, 0 variables are exactly at the bounds
[job(1572): 2016-09-10 01:14:10] At iterate     0  f=      -9.3499  |proj g|=       2.8213
[job(1572): 2016-09-10 01:14:10] At iterate     1  f =      -10.681  |proj g|=        2.4601
[job(1572): 2016-09-10 01:14:10] At iterate     2  f =      -11.419  |proj g|=          2.22
[job(1572): 2016-09-10 01:14:10] At iterate     3  f =       -12.12  |proj g|=       0.10799
[job(1572): 2016-09-10 01:14:10] At iterate     4  f =      -12.121  |proj g|=      0.034116
[job(1572): 2016-09-10 01:14:10] At iterate     5  f =      -12.121  |proj g|=      0.014561
[job(1572): 2016-09-10 01:14:10] At iterate     6  f =      -12.121  |proj g|=      0.014617
[job(1572): 2016-09-10 01:14:10] At iterate     7  f =      -12.121  |proj g|=      0.044144
[job(1572): 2016-09-10 01:14:10] At iterate     8  f =      -12.122  |proj g|=       0.08971
[job(1572): 2016-09-10 01:14:10] At iterate     9  f =      -12.124  |proj g|=       0.17111
[job(1572): 2016-09-10 01:14:10] At iterate    10  f =      -12.128  |proj g|=       0.28397
[job(1572): 2016-09-10 01:14:10] At iterate    11  f =      -12.139  |proj g|=       0.42244
[job(1572): 2016-09-10 01:14:10] At iterate    12  f =      -12.157  |proj g|=       0.49119
[job(1572): 2016-09-10 01:14:10] At iterate    13  f =       -12.18  |proj g|=       0.10878
[job(1572): 2016-09-10 01:14:10] At iterate    14  f =      -12.181  |proj g|=     0.0037671
[job(1572): 2016-09-10 01:14:10] At iterate    15  f =      -12.181  |proj g|=    0.00037057
[job(1572): 2016-09-10 01:14:10] At iterate    16  f =      -12.181  |proj g|=    3.2306e-05
[job(1572): 2016-09-10 01:14:10] 
[job(1572): 2016-09-10 01:14:10] iterations 16
[job(1572): 2016-09-10 01:14:10] function evaluations 20
[job(1572): 2016-09-10 01:14:10] segments explored during Cauchy searches 18
[job(1572): 2016-09-10 01:14:10] BFGS updates skipped 0
[job(1572): 2016-09-10 01:14:10] active bounds at final generalized Cauchy point 0
[job(1572): 2016-09-10 01:14:10] norm of the final projected gradient 3.2306e-05
[job(1572): 2016-09-10 01:14:10] final function value -12.1813
[job(1572): 2016-09-10 01:14:10] 
[job(1572): 2016-09-10 01:14:10] F = -12.1813
[job(1572): 2016-09-10 01:14:10] final  value -12.181307 
[job(1572): 2016-09-10 01:14:10] converged
[job(1572): 2016-09-10 01:14:10] [Tune-x] 16: C=4.1e+03; sigma=0.268
[job(1572): 2016-09-10 01:14:10] [Tune-y] 16: acc.test.mean=0.932; time: 0.0 min; memory: 117Mb use, 173Mb max
[job(1572): 2016-09-10 01:14:10] 
[job(1572): 2016-09-10 01:14:10] optimisation start
[job(1572): 2016-09-10 01:14:10] ------------------
[job(1572): 2016-09-10 01:14:10] * estimation method   : MLE 
[job(1572): 2016-09-10 01:14:10] * optimisation method : BFGS 
[job(1572): 2016-09-10 01:14:10] * analytical gradient : used
[job(1572): 2016-09-10 01:14:10] * trend model : ~1
[job(1572): 2016-09-10 01:14:10] * covariance model : 
[job(1572): 2016-09-10 01:14:10]   - type :  matern5_2 
[job(1572): 2016-09-10 01:14:10]   - nugget : NO
[job(1572): 2016-09-10 01:14:10]   - parameters lower bounds :  1e-10 1e-10 
[job(1572): 2016-09-10 01:14:10]   - parameters upper bounds :  47.99938 40.44424 
[job(1572): 2016-09-10 01:14:10]   - best initial criterion value(s) :  11.99949 
[job(1572): 2016-09-10 01:14:10] 
[job(1572): 2016-09-10 01:14:10] N = 2, M = 5 machine precision = 2.22045e-16
[job(1572): 2016-09-10 01:14:10] At X0, 0 variables are exactly at the bounds
[job(1572): 2016-09-10 01:14:10] At iterate     0  f=      -11.999  |proj g|=       1.1735
[job(1572): 2016-09-10 01:14:10] At iterate     1  f =      -12.143  |proj g|=       0.13292
[job(1572): 2016-09-10 01:14:10] At iterate     2  f =      -12.146  |proj g|=      0.088007
[job(1572): 2016-09-10 01:14:10] At iterate     3  f =      -12.148  |proj g|=      0.087688
[job(1572): 2016-09-10 01:14:10] At iterate     4  f =      -12.167  |proj g|=       0.29297
[job(1572): 2016-09-10 01:14:10] At iterate     5  f =      -12.194  |proj g|=       0.44453
[job(1572): 2016-09-10 01:14:10] At iterate     6  f =      -12.235  |proj g|=       0.43353
[job(1572): 2016-09-10 01:14:10] At iterate     7  f =       -12.26  |proj g|=       0.09037
[job(1572): 2016-09-10 01:14:10] At iterate     8  f =       -12.26  |proj g|=     0.0083832
[job(1572): 2016-09-10 01:14:10] At iterate     9  f =       -12.26  |proj g|=    0.00020997
[job(1572): 2016-09-10 01:14:10] At iterate    10  f =       -12.26  |proj g|=    2.0517e-06
[job(1572): 2016-09-10 01:14:10] At iterate    11  f =       -12.26  |proj g|=    2.8504e-08
[job(1572): 2016-09-10 01:14:10] 
[job(1572): 2016-09-10 01:14:10] iterations 11
[job(1572): 2016-09-10 01:14:10] function evaluations 14
[job(1572): 2016-09-10 01:14:10] segments explored during Cauchy searches 11
[job(1572): 2016-09-10 01:14:10] BFGS updates skipped 0
[job(1572): 2016-09-10 01:14:10] active bounds at final generalized Cauchy point 0
[job(1572): 2016-09-10 01:14:10] norm of the final projected gradient 2.85039e-08
[job(1572): 2016-09-10 01:14:10] final function value -12.2603
[job(1572): 2016-09-10 01:14:10] 
[job(1572): 2016-09-10 01:14:10] F = -12.2603
[job(1572): 2016-09-10 01:14:10] final  value -12.260334 
[job(1572): 2016-09-10 01:14:10] converged
[job(1572): 2016-09-10 01:14:10] [Tune-x] 17: C=47.2; sigma=0.187
[job(1572): 2016-09-10 01:14:10] [Tune-y] 17: acc.test.mean=0.945; time: 0.0 min; memory: 117Mb use, 173Mb max
[job(1572): 2016-09-10 01:14:10] 
[job(1572): 2016-09-10 01:14:10] optimisation start
[job(1572): 2016-09-10 01:14:10] ------------------
[job(1572): 2016-09-10 01:14:10] * estimation method   : MLE 
[job(1572): 2016-09-10 01:14:10] * optimisation method : BFGS 
[job(1572): 2016-09-10 01:14:10] * analytical gradient : used
[job(1572): 2016-09-10 01:14:10] * trend model : ~1
[job(1572): 2016-09-10 01:14:10] * covariance model : 
[job(1572): 2016-09-10 01:14:10]   - type :  matern5_2 
[job(1572): 2016-09-10 01:14:10]   - nugget : NO
[job(1572): 2016-09-10 01:14:10]   - parameters lower bounds :  1e-10 1e-10 
[job(1572): 2016-09-10 01:14:10]   - parameters upper bounds :  47.99938 40.44424 
[job(1572): 2016-09-10 01:14:10]   - best initial criterion value(s) :  7.154194 
[job(1572): 2016-09-10 01:14:10] 
[job(1572): 2016-09-10 01:14:10] N = 2, M = 5 machine precision = 2.22045e-16
[job(1572): 2016-09-10 01:14:10] At X0, 0 variables are exactly at the bounds
[job(1572): 2016-09-10 01:14:10] At iterate     0  f=      -7.1542  |proj g|=       2.9497
[job(1572): 2016-09-10 01:14:10] At iterate     1  f =      -12.021  |proj g|=       0.25021
[job(1572): 2016-09-10 01:14:10] At iterate     2  f =      -12.093  |proj g|=       0.21657
[job(1572): 2016-09-10 01:14:10] At iterate     3  f =      -12.233  |proj g|=       0.28309
[job(1572): 2016-09-10 01:14:10] At iterate     4  f =       -12.65  |proj g|=       0.47898
[job(1572): 2016-09-10 01:14:10] At iterate     5  f =      -12.796  |proj g|=       0.23864
[job(1572): 2016-09-10 01:14:10] At iterate     6  f =      -12.815  |proj g|=       0.11427
[job(1572): 2016-09-10 01:14:10] At iterate     7  f =      -12.834  |proj g|=      0.015162
[job(1572): 2016-09-10 01:14:10] At iterate     8  f =      -12.835  |proj g|=      0.010611
[job(1572): 2016-09-10 01:14:10] At iterate     9  f =      -12.836  |proj g|=    0.00047583
[job(1572): 2016-09-10 01:14:10] At iterate    10  f =      -12.836  |proj g|=    3.6506e-06
[job(1572): 2016-09-10 01:14:10] At iterate    11  f =      -12.836  |proj g|=    1.4128e-07
[job(1572): 2016-09-10 01:14:10] 
[job(1572): 2016-09-10 01:14:10] iterations 11
[job(1572): 2016-09-10 01:14:10] function evaluations 13
[job(1572): 2016-09-10 01:14:10] segments explored during Cauchy searches 11
[job(1572): 2016-09-10 01:14:10] BFGS updates skipped 0
[job(1572): 2016-09-10 01:14:10] active bounds at final generalized Cauchy point 0
[job(1572): 2016-09-10 01:14:10] norm of the final projected gradient 1.41279e-07
[job(1572): 2016-09-10 01:14:10] final function value -12.8356
[job(1572): 2016-09-10 01:14:10] 
[job(1572): 2016-09-10 01:14:10] F = -12.8356
[job(1572): 2016-09-10 01:14:10] final  value -12.835573 
[job(1572): 2016-09-10 01:14:10] converged
[job(1572): 2016-09-10 01:14:10] [Tune-x] 18: C=1.51e+03; sigma=0.0498
[job(1572): 2016-09-10 01:14:10] [Tune-y] 18: acc.test.mean=0.951; time: 0.0 min; memory: 117Mb use, 176Mb max
[job(1572): 2016-09-10 01:14:10] 
[job(1572): 2016-09-10 01:14:10] optimisation start
[job(1572): 2016-09-10 01:14:10] ------------------
[job(1572): 2016-09-10 01:14:10] * estimation method   : MLE 
[job(1572): 2016-09-10 01:14:10] * optimisation method : BFGS 
[job(1572): 2016-09-10 01:14:10] * analytical gradient : used
[job(1572): 2016-09-10 01:14:10] * trend model : ~1
[job(1572): 2016-09-10 01:14:10] * covariance model : 
[job(1572): 2016-09-10 01:14:10]   - type :  matern5_2 
[job(1572): 2016-09-10 01:14:10]   - nugget : NO
[job(1572): 2016-09-10 01:14:10]   - parameters lower bounds :  1e-10 1e-10 
[job(1572): 2016-09-10 01:14:10]   - parameters upper bounds :  47.99938 40.44424 
[job(1572): 2016-09-10 01:14:10]   - best initial criterion value(s) :  13.66243 
[job(1572): 2016-09-10 01:14:10] 
[job(1572): 2016-09-10 01:14:10] N = 2, M = 5 machine precision = 2.22045e-16
[job(1572): 2016-09-10 01:14:10] At X0, 0 variables are exactly at the bounds
[job(1572): 2016-09-10 01:14:10] At iterate     0  f=      -13.662  |proj g|=      0.98899
[job(1572): 2016-09-10 01:14:10] At iterate     1  f =      -14.439  |proj g|=       0.44992
[job(1572): 2016-09-10 01:14:10] At iterate     2  f =      -14.528  |proj g|=       0.30176
[job(1572): 2016-09-10 01:14:10] At iterate     3  f =      -14.573  |proj g|=      0.048523
[job(1572): 2016-09-10 01:14:10] At iterate     4  f =      -14.575  |proj g|=      0.043363
[job(1572): 2016-09-10 01:14:10] At iterate     5  f =      -14.584  |proj g|=      0.045802
[job(1572): 2016-09-10 01:14:10] At iterate     6  f =      -14.586  |proj g|=      0.024132
[job(1572): 2016-09-10 01:14:10] At iterate     7  f =      -14.586  |proj g|=     0.0011987
[job(1572): 2016-09-10 01:14:10] At iterate     8  f =      -14.586  |proj g|=    3.7363e-05
[job(1572): 2016-09-10 01:14:10] At iterate     9  f =      -14.586  |proj g|=     1.193e-07
[job(1572): 2016-09-10 01:14:10] 
[job(1572): 2016-09-10 01:14:10] iterations 9
[job(1572): 2016-09-10 01:14:10] function evaluations 10
[job(1572): 2016-09-10 01:14:10] segments explored during Cauchy searches 9
[job(1572): 2016-09-10 01:14:10] BFGS updates skipped 0
[job(1572): 2016-09-10 01:14:10] active bounds at final generalized Cauchy point 0
[job(1572): 2016-09-10 01:14:10] norm of the final projected gradient 1.19299e-07
[job(1572): 2016-09-10 01:14:10] final function value -14.5863
[job(1572): 2016-09-10 01:14:10] 
[job(1572): 2016-09-10 01:14:10] F = -14.5863
[job(1572): 2016-09-10 01:14:10] final  value -14.586257 
[job(1572): 2016-09-10 01:14:10] converged
[job(1572): 2016-09-10 01:14:10] [Tune-x] 19: C=2.17; sigma=0.0769
[job(1572): 2016-09-10 01:14:10] [Tune-y] 19: acc.test.mean=0.951; time: 0.0 min; memory: 117Mb use, 176Mb max
[job(1572): 2016-09-10 01:14:10] 
[job(1572): 2016-09-10 01:14:10] optimisation start
[job(1572): 2016-09-10 01:14:10] ------------------
[job(1572): 2016-09-10 01:14:10] * estimation method   : MLE 
[job(1572): 2016-09-10 01:14:10] * optimisation method : BFGS 
[job(1572): 2016-09-10 01:14:10] * analytical gradient : used
[job(1572): 2016-09-10 01:14:10] * trend model : ~1
[job(1572): 2016-09-10 01:14:10] * covariance model : 
[job(1572): 2016-09-10 01:14:10]   - type :  matern5_2 
[job(1572): 2016-09-10 01:14:10]   - nugget : NO
[job(1572): 2016-09-10 01:14:10]   - parameters lower bounds :  1e-10 1e-10 
[job(1572): 2016-09-10 01:14:10]   - parameters upper bounds :  47.99938 40.44424 
[job(1572): 2016-09-10 01:14:10]   - best initial criterion value(s) :  9.764168 
[job(1572): 2016-09-10 01:14:10] 
[job(1572): 2016-09-10 01:14:10] N = 2, M = 5 machine precision = 2.22045e-16
[job(1572): 2016-09-10 01:14:10] At X0, 0 variables are exactly at the bounds
[job(1572): 2016-09-10 01:14:10] At iterate     0  f=      -9.7642  |proj g|=       1.5702
[job(1572): 2016-09-10 01:14:10] At iterate     1  f =       -11.92  |proj g|=        1.0886
[job(1572): 2016-09-10 01:14:10] At iterate     2  f =      -13.011  |proj g|=       0.25614
[job(1572): 2016-09-10 01:14:10] At iterate     3  f =      -13.477  |proj g|=       0.43395
[job(1572): 2016-09-10 01:14:10] At iterate     4  f =      -14.758  |proj g|=        1.4812
[job(1572): 2016-09-10 01:14:10] At iterate     5  f =      -15.378  |proj g|=        1.7805
[job(1572): 2016-09-10 01:14:10] At iterate     6  f =      -16.053  |proj g|=        0.6867
[job(1572): 2016-09-10 01:14:10] At iterate     7  f =       -16.64  |proj g|=        0.2696
[job(1572): 2016-09-10 01:14:10] At iterate     8  f =      -16.689  |proj g|=      0.049238
[job(1572): 2016-09-10 01:14:10] At iterate     9  f =      -16.692  |proj g|=      0.023947
[job(1572): 2016-09-10 01:14:10] At iterate    10  f =      -16.693  |proj g|=    0.00087107
[job(1572): 2016-09-10 01:14:10] At iterate    11  f =      -16.693  |proj g|=    0.00010393
[job(1572): 2016-09-10 01:14:10] At iterate    12  f =      -16.693  |proj g|=     9.799e-06
[job(1572): 2016-09-10 01:14:10] 
[job(1572): 2016-09-10 01:14:10] iterations 12
[job(1572): 2016-09-10 01:14:10] function evaluations 18
[job(1572): 2016-09-10 01:14:10] segments explored during Cauchy searches 12
[job(1572): 2016-09-10 01:14:10] BFGS updates skipped 0
[job(1572): 2016-09-10 01:14:10] active bounds at final generalized Cauchy point 0
[job(1572): 2016-09-10 01:14:10] norm of the final projected gradient 9.79903e-06
[job(1572): 2016-09-10 01:14:10] final function value -16.6928
[job(1572): 2016-09-10 01:14:10] 
[job(1572): 2016-09-10 01:14:10] F = -16.6928
[job(1572): 2016-09-10 01:14:10] final  value -16.692844 
[job(1572): 2016-09-10 01:14:10] converged
[job(1572): 2016-09-10 01:14:10] [Tune-x] 20: C=4.1e+03; sigma=0.0377
[job(1572): 2016-09-10 01:14:10] [Tune-y] 20: acc.test.mean=0.956; time: 0.0 min; memory: 117Mb use, 176Mb max
[job(1572): 2016-09-10 01:14:10] 
[job(1572): 2016-09-10 01:14:10] optimisation start
[job(1572): 2016-09-10 01:14:10] ------------------
[job(1572): 2016-09-10 01:14:10] * estimation method   : MLE 
[job(1572): 2016-09-10 01:14:10] * optimisation method : BFGS 
[job(1572): 2016-09-10 01:14:10] * analytical gradient : used
[job(1572): 2016-09-10 01:14:10] * trend model : ~1
[job(1572): 2016-09-10 01:14:10] * covariance model : 
[job(1572): 2016-09-10 01:14:10]   - type :  matern5_2 
[job(1572): 2016-09-10 01:14:10]   - nugget : NO
[job(1572): 2016-09-10 01:14:10]   - parameters lower bounds :  1e-10 1e-10 
[job(1572): 2016-09-10 01:14:10]   - parameters upper bounds :  47.99952 40.44424 
[job(1572): 2016-09-10 01:14:10]   - best initial criterion value(s) :  17.22697 
[job(1572): 2016-09-10 01:14:10] 
[job(1572): 2016-09-10 01:14:10] N = 2, M = 5 machine precision = 2.22045e-16
[job(1572): 2016-09-10 01:14:10] At X0, 0 variables are exactly at the bounds
[job(1572): 2016-09-10 01:14:10] At iterate     0  f=      -17.227  |proj g|=      0.98696
[job(1572): 2016-09-10 01:14:10] At iterate     1  f =      -17.248  |proj g|=       0.15738
[job(1572): 2016-09-10 01:14:10] At iterate     2  f =      -17.248  |proj g|=      0.067937
[job(1572): 2016-09-10 01:14:10] At iterate     3  f =      -17.249  |proj g|=      0.068175
[job(1572): 2016-09-10 01:14:10] At iterate     4  f =       -17.25  |proj g|=       0.18275
[job(1572): 2016-09-10 01:14:10] At iterate     5  f =      -17.254  |proj g|=       0.37605
[job(1572): 2016-09-10 01:14:10] At iterate     6  f =      -17.265  |proj g|=       0.72643
[job(1572): 2016-09-10 01:14:10] At iterate     7  f =      -17.291  |proj g|=        1.2494
[job(1572): 2016-09-10 01:14:10] At iterate     8  f =       -17.35  |proj g|=          1.98
[job(1572): 2016-09-10 01:14:10] At iterate     9  f =      -17.466  |proj g|=        2.6094
[job(1572): 2016-09-10 01:14:10] At iterate    10  f =      -17.667  |proj g|=        2.2137
[job(1572): 2016-09-10 01:14:10] At iterate    11  f =      -17.792  |proj g|=       0.23725
[job(1572): 2016-09-10 01:14:10] At iterate    12  f =      -17.795  |proj g|=      0.024092
[job(1572): 2016-09-10 01:14:10] At iterate    13  f =      -17.795  |proj g|=     0.0017235
[job(1572): 2016-09-10 01:14:10] At iterate    14  f =      -17.795  |proj g|=    6.6597e-05
[job(1572): 2016-09-10 01:14:10] At iterate    15  f =      -17.795  |proj g|=    3.3337e-09
[job(1572): 2016-09-10 01:14:10] 
[job(1572): 2016-09-10 01:14:10] iterations 15
[job(1572): 2016-09-10 01:14:10] function evaluations 17
[job(1572): 2016-09-10 01:14:10] segments explored during Cauchy searches 15
[job(1572): 2016-09-10 01:14:10] BFGS updates skipped 0
[job(1572): 2016-09-10 01:14:10] active bounds at final generalized Cauchy point 0
[job(1572): 2016-09-10 01:14:10] norm of the final projected gradient 3.33366e-09
[job(1572): 2016-09-10 01:14:10] final function value -17.7948
[job(1572): 2016-09-10 01:14:10] 
[job(1572): 2016-09-10 01:14:10] F = -17.7948
[job(1572): 2016-09-10 01:14:10] final  value -17.794789 
[job(1572): 2016-09-10 01:14:10] converged
[job(1572): 2016-09-10 01:14:10] [Tune-x] 21: C=0.835; sigma=0.808
[job(1572): 2016-09-10 01:14:10] [Tune-y] 21: acc.test.mean=0.932; time: 0.0 min; memory: 117Mb use, 176Mb max
[job(1572): 2016-09-10 01:14:10] 
[job(1572): 2016-09-10 01:14:10] optimisation start
[job(1572): 2016-09-10 01:14:10] ------------------
[job(1572): 2016-09-10 01:14:10] * estimation method   : MLE 
[job(1572): 2016-09-10 01:14:10] * optimisation method : BFGS 
[job(1572): 2016-09-10 01:14:10] * analytical gradient : used
[job(1572): 2016-09-10 01:14:10] * trend model : ~1
[job(1572): 2016-09-10 01:14:10] * covariance model : 
[job(1572): 2016-09-10 01:14:10]   - type :  matern5_2 
[job(1572): 2016-09-10 01:14:10]   - nugget : NO
[job(1572): 2016-09-10 01:14:10]   - parameters lower bounds :  1e-10 1e-10 
[job(1572): 2016-09-10 01:14:10]   - parameters upper bounds :  47.99952 40.44424 
[job(1572): 2016-09-10 01:14:10]   - best initial criterion value(s) :  19.68341 
[job(1572): 2016-09-10 01:14:10] 
[job(1572): 2016-09-10 01:14:10] N = 2, M = 5 machine precision = 2.22045e-16
[job(1572): 2016-09-10 01:14:10] At X0, 0 variables are exactly at the bounds
[job(1572): 2016-09-10 01:14:10] At iterate     0  f=      -19.683  |proj g|=      0.49242
[job(1572): 2016-09-10 01:14:10] At iterate     1  f =      -19.909  |proj g|=       0.39489
[job(1572): 2016-09-10 01:14:10] At iterate     2  f =      -20.302  |proj g|=       0.58376
[job(1572): 2016-09-10 01:14:10] At iterate     3  f =      -21.314  |proj g|=       0.92072
[job(1572): 2016-09-10 01:14:10] At iterate     4  f =      -21.486  |proj g|=         0.181
[job(1572): 2016-09-10 01:14:10] At iterate     5  f =      -21.552  |proj g|=       0.13739
[job(1572): 2016-09-10 01:14:10] At iterate     6  f =      -21.582  |proj g|=      0.043333
[job(1572): 2016-09-10 01:14:10] At iterate     7  f =      -21.583  |proj g|=     0.0014447
[job(1572): 2016-09-10 01:14:10] At iterate     8  f =      -21.583  |proj g|=    2.1692e-05
[job(1572): 2016-09-10 01:14:10] At iterate     9  f =      -21.583  |proj g|=    3.3579e-08
[job(1572): 2016-09-10 01:14:10] 
[job(1572): 2016-09-10 01:14:10] iterations 9
[job(1572): 2016-09-10 01:14:10] function evaluations 10
[job(1572): 2016-09-10 01:14:10] segments explored during Cauchy searches 9
[job(1572): 2016-09-10 01:14:10] BFGS updates skipped 0
[job(1572): 2016-09-10 01:14:10] active bounds at final generalized Cauchy point 0
[job(1572): 2016-09-10 01:14:10] norm of the final projected gradient 3.35791e-08
[job(1572): 2016-09-10 01:14:10] final function value -21.5831
[job(1572): 2016-09-10 01:14:10] 
[job(1572): 2016-09-10 01:14:10] F = -21.5831
[job(1572): 2016-09-10 01:14:10] final  value -21.583052 
[job(1572): 2016-09-10 01:14:10] converged
[job(1572): 2016-09-10 01:14:10] [Tune-x] 22: C=2.32; sigma=0.229
[job(1572): 2016-09-10 01:14:10] [Tune-y] 22: acc.test.mean=0.938; time: 0.0 min; memory: 117Mb use, 194Mb max
[job(1572): 2016-09-10 01:14:10] 
[job(1572): 2016-09-10 01:14:10] optimisation start
[job(1572): 2016-09-10 01:14:10] ------------------
[job(1572): 2016-09-10 01:14:10] * estimation method   : MLE 
[job(1572): 2016-09-10 01:14:10] * optimisation method : BFGS 
[job(1572): 2016-09-10 01:14:10] * analytical gradient : used
[job(1572): 2016-09-10 01:14:10] * trend model : ~1
[job(1572): 2016-09-10 01:14:10] * covariance model : 
[job(1572): 2016-09-10 01:14:10]   - type :  matern5_2 
[job(1572): 2016-09-10 01:14:10]   - nugget : NO
[job(1572): 2016-09-10 01:14:10]   - parameters lower bounds :  1e-10 1e-10 
[job(1572): 2016-09-10 01:14:10]   - parameters upper bounds :  47.99952 40.44424 
[job(1572): 2016-09-10 01:14:10]   - best initial criterion value(s) :  19.90041 
[job(1572): 2016-09-10 01:14:10] 
[job(1572): 2016-09-10 01:14:10] N = 2, M = 5 machine precision = 2.22045e-16
[job(1572): 2016-09-10 01:14:10] At X0, 0 variables are exactly at the bounds
[job(1572): 2016-09-10 01:14:10] At iterate     0  f=        -19.9  |proj g|=       2.3409
[job(1572): 2016-09-10 01:14:10] At iterate     1  f =      -21.456  |proj g|=       0.26367
[job(1572): 2016-09-10 01:14:10] At iterate     2  f =      -21.632  |proj g|=       0.18117
[job(1572): 2016-09-10 01:14:10] At iterate     3  f =      -21.705  |proj g|=       0.10573
[job(1572): 2016-09-10 01:14:10] At iterate     4  f =      -21.709  |proj g|=      0.016653
[job(1572): 2016-09-10 01:14:10] At iterate     5  f =      -21.709  |proj g|=    0.00096718
[job(1572): 2016-09-10 01:14:10] At iterate     6  f =      -21.709  |proj g|=    0.00014194
[job(1572): 2016-09-10 01:14:10] At iterate     7  f =      -21.709  |proj g|=    2.9477e-07
[job(1572): 2016-09-10 01:14:10] 
[job(1572): 2016-09-10 01:14:10] iterations 7
[job(1572): 2016-09-10 01:14:10] function evaluations 11
[job(1572): 2016-09-10 01:14:10] segments explored during Cauchy searches 7
[job(1572): 2016-09-10 01:14:10] BFGS updates skipped 0
[job(1572): 2016-09-10 01:14:10] active bounds at final generalized Cauchy point 0
[job(1572): 2016-09-10 01:14:10] norm of the final projected gradient 2.94774e-07
[job(1572): 2016-09-10 01:14:10] final function value -21.7094
[job(1572): 2016-09-10 01:14:10] 
[job(1572): 2016-09-10 01:14:10] F = -21.7094
[job(1572): 2016-09-10 01:14:10] final  value -21.709360 
[job(1572): 2016-09-10 01:14:10] converged
[job(1572): 2016-09-10 01:14:10] [Tune-x] 23: C=54.3; sigma=0.704
[job(1572): 2016-09-10 01:14:10] [Tune-y] 23: acc.test.mean=0.92; time: 0.0 min; memory: 117Mb use, 194Mb max
[job(1572): 2016-09-10 01:14:10] 
[job(1572): 2016-09-10 01:14:10] optimisation start
[job(1572): 2016-09-10 01:14:10] ------------------
[job(1572): 2016-09-10 01:14:10] * estimation method   : MLE 
[job(1572): 2016-09-10 01:14:10] * optimisation method : BFGS 
[job(1572): 2016-09-10 01:14:10] * analytical gradient : used
[job(1572): 2016-09-10 01:14:10] * trend model : ~1
[job(1572): 2016-09-10 01:14:10] * covariance model : 
[job(1572): 2016-09-10 01:14:10]   - type :  matern5_2 
[job(1572): 2016-09-10 01:14:10]   - nugget : NO
[job(1572): 2016-09-10 01:14:10]   - parameters lower bounds :  1e-10 1e-10 
[job(1572): 2016-09-10 01:14:10]   - parameters upper bounds :  47.99952 40.44424 
[job(1572): 2016-09-10 01:14:10]   - best initial criterion value(s) :  15.67088 
[job(1572): 2016-09-10 01:14:10] 
[job(1572): 2016-09-10 01:14:10] N = 2, M = 5 machine precision = 2.22045e-16
[job(1572): 2016-09-10 01:14:10] At X0, 0 variables are exactly at the bounds
[job(1572): 2016-09-10 01:14:10] At iterate     0  f=      -15.671  |proj g|=       3.4783
[job(1572): 2016-09-10 01:14:10] At iterate     1  f =      -17.773  |proj g|=       0.59332
[job(1572): 2016-09-10 01:14:10] At iterate     2  f =      -19.902  |proj g|=        1.5093
[job(1572): 2016-09-10 01:14:10] At iterate     3  f =      -20.798  |proj g|=        2.1666
[job(1572): 2016-09-10 01:14:10] At iterate     4  f =      -21.839  |proj g|=        1.4721
[job(1572): 2016-09-10 01:14:10] At iterate     5  f =      -22.586  |proj g|=       0.24238
[job(1572): 2016-09-10 01:14:10] At iterate     6  f =       -22.76  |proj g|=       0.20585
[job(1572): 2016-09-10 01:14:10] At iterate     7  f =      -22.773  |proj g|=      0.014858
[job(1572): 2016-09-10 01:14:10] At iterate     8  f =      -22.773  |proj g|=     0.0048852
[job(1572): 2016-09-10 01:14:10] At iterate     9  f =      -22.773  |proj g|=    0.00080088
[job(1572): 2016-09-10 01:14:10] At iterate    10  f =      -22.773  |proj g|=    2.8496e-05
[job(1572): 2016-09-10 01:14:10] At iterate    11  f =      -22.773  |proj g|=    1.3595e-07
[job(1572): 2016-09-10 01:14:10] 
[job(1572): 2016-09-10 01:14:10] iterations 11
[job(1572): 2016-09-10 01:14:10] function evaluations 17
[job(1572): 2016-09-10 01:14:10] segments explored during Cauchy searches 11
[job(1572): 2016-09-10 01:14:10] BFGS updates skipped 0
[job(1572): 2016-09-10 01:14:10] active bounds at final generalized Cauchy point 0
[job(1572): 2016-09-10 01:14:10] norm of the final projected gradient 1.35946e-07
[job(1572): 2016-09-10 01:14:10] final function value -22.773
[job(1572): 2016-09-10 01:14:10] 
[job(1572): 2016-09-10 01:14:10] F = -22.773
[job(1572): 2016-09-10 01:14:10] final  value -22.773035 
[job(1572): 2016-09-10 01:14:10] converged
[job(1572): 2016-09-10 01:14:10] [Tune-x] 24: C=17.2; sigma=0.0414
[job(1572): 2016-09-10 01:14:10] [Tune-y] 24: acc.test.mean=0.963; time: 0.0 min; memory: 117Mb use, 197Mb max
[job(1572): 2016-09-10 01:14:10] 
[job(1572): 2016-09-10 01:14:10] optimisation start
[job(1572): 2016-09-10 01:14:10] ------------------
[job(1572): 2016-09-10 01:14:10] * estimation method   : MLE 
[job(1572): 2016-09-10 01:14:10] * optimisation method : BFGS 
[job(1572): 2016-09-10 01:14:10] * analytical gradient : used
[job(1572): 2016-09-10 01:14:10] * trend model : ~1
[job(1572): 2016-09-10 01:14:10] * covariance model : 
[job(1572): 2016-09-10 01:14:10]   - type :  matern5_2 
[job(1572): 2016-09-10 01:14:10]   - nugget : NO
[job(1572): 2016-09-10 01:14:10]   - parameters lower bounds :  1e-10 1e-10 
[job(1572): 2016-09-10 01:14:10]   - parameters upper bounds :  47.99952 40.44424 
[job(1572): 2016-09-10 01:14:10]   - best initial criterion value(s) :  21.83065 
[job(1572): 2016-09-10 01:14:10] 
[job(1572): 2016-09-10 01:14:10] N = 2, M = 5 machine precision = 2.22045e-16
[job(1572): 2016-09-10 01:14:10] At X0, 0 variables are exactly at the bounds
[job(1572): 2016-09-10 01:14:10] At iterate     0  f=      -21.831  |proj g|=       4.9993
[job(1572): 2016-09-10 01:14:10] At iterate     1  f =      -22.513  |proj g|=       0.22371
[job(1572): 2016-09-10 01:14:10] At iterate     2  f =      -22.563  |proj g|=       0.54944
[job(1572): 2016-09-10 01:14:10] At iterate     3  f =      -22.823  |proj g|=        1.4121
[job(1572): 2016-09-10 01:14:10] At iterate     4  f =      -25.627  |proj g|=        1.2654
[job(1572): 2016-09-10 01:14:10] At iterate     5  f =       -26.54  |proj g|=        4.4939
[job(1572): 2016-09-10 01:14:10] At iterate     6  f =      -26.742  |proj g|=        2.3116
[job(1572): 2016-09-10 01:14:10] At iterate     7  f =       -26.82  |proj g|=       0.17264
[job(1572): 2016-09-10 01:14:10] At iterate     8  f =      -26.821  |proj g|=     0.0086592
[job(1572): 2016-09-10 01:14:10] At iterate     9  f =      -26.821  |proj g|=    3.7516e-05
[job(1572): 2016-09-10 01:14:10] At iterate    10  f =      -26.821  |proj g|=    8.2482e-09
[job(1572): 2016-09-10 01:14:10] 
[job(1572): 2016-09-10 01:14:10] iterations 10
[job(1572): 2016-09-10 01:14:10] function evaluations 15
[job(1572): 2016-09-10 01:14:10] segments explored during Cauchy searches 10
[job(1572): 2016-09-10 01:14:10] BFGS updates skipped 0
[job(1572): 2016-09-10 01:14:10] active bounds at final generalized Cauchy point 1
[job(1572): 2016-09-10 01:14:10] norm of the final projected gradient 8.24822e-09
[job(1572): 2016-09-10 01:14:10] final function value -26.8206
[job(1572): 2016-09-10 01:14:10] 
[job(1572): 2016-09-10 01:14:10] F = -26.8206
[job(1572): 2016-09-10 01:14:10] final  value -26.820649 
[job(1572): 2016-09-10 01:14:10] converged
[job(1572): 2016-09-10 01:14:10] [Tune-x] 25: C=0.000316; sigma=0.608
[job(1572): 2016-09-10 01:14:10] [Tune-y] 25: acc.test.mean=0.919; time: 0.0 min; memory: 117Mb use, 197Mb max
[job(1572): 2016-09-10 01:14:10] 
[job(1572): 2016-09-10 01:14:10] optimisation start
[job(1572): 2016-09-10 01:14:10] ------------------
[job(1572): 2016-09-10 01:14:10] * estimation method   : MLE 
[job(1572): 2016-09-10 01:14:10] * optimisation method : BFGS 
[job(1572): 2016-09-10 01:14:10] * analytical gradient : used
[job(1572): 2016-09-10 01:14:10] * trend model : ~1
[job(1572): 2016-09-10 01:14:10] * covariance model : 
[job(1572): 2016-09-10 01:14:10]   - type :  matern5_2 
[job(1572): 2016-09-10 01:14:10]   - nugget : NO
[job(1572): 2016-09-10 01:14:10]   - parameters lower bounds :  1e-10 1e-10 
[job(1572): 2016-09-10 01:14:10]   - parameters upper bounds :  47.99952 40.44424 
[job(1572): 2016-09-10 01:14:10]   - best initial criterion value(s) :  24.06071 
[job(1572): 2016-09-10 01:14:10] 
[job(1572): 2016-09-10 01:14:10] N = 2, M = 5 machine precision = 2.22045e-16
[job(1572): 2016-09-10 01:14:10] At X0, 0 variables are exactly at the bounds
[job(1572): 2016-09-10 01:14:10] At iterate     0  f=      -24.061  |proj g|=       1.9102
[job(1572): 2016-09-10 01:14:10] At iterate     1  f =      -25.331  |proj g|=       0.37494
[job(1572): 2016-09-10 01:14:10] At iterate     2  f =      -25.418  |proj g|=       0.24221
[job(1572): 2016-09-10 01:14:10] At iterate     3  f =      -25.473  |proj g|=       0.26243
[job(1572): 2016-09-10 01:14:10] At iterate     4  f =      -25.562  |proj g|=       0.11844
[job(1572): 2016-09-10 01:14:10] At iterate     5  f =      -25.574  |proj g|=       0.02398
[job(1572): 2016-09-10 01:14:10] At iterate     6  f =      -25.575  |proj g|=     0.0018169
[job(1572): 2016-09-10 01:14:10] At iterate     7  f =      -25.575  |proj g|=    4.1778e-05
[job(1572): 2016-09-10 01:14:10] At iterate     8  f =      -25.575  |proj g|=    1.8172e-05
[job(1572): 2016-09-10 01:14:10] 
[job(1572): 2016-09-10 01:14:10] iterations 8
[job(1572): 2016-09-10 01:14:10] function evaluations 11
[job(1572): 2016-09-10 01:14:10] segments explored during Cauchy searches 8
[job(1572): 2016-09-10 01:14:10] BFGS updates skipped 0
[job(1572): 2016-09-10 01:14:10] active bounds at final generalized Cauchy point 0
[job(1572): 2016-09-10 01:14:10] norm of the final projected gradient 1.81717e-05
[job(1572): 2016-09-10 01:14:10] final function value -25.5746
[job(1572): 2016-09-10 01:14:10] 
[job(1572): 2016-09-10 01:14:10] F = -25.5746
[job(1572): 2016-09-10 01:14:10] final  value -25.574637 
[job(1572): 2016-09-10 01:14:10] converged
[job(1572): 2016-09-10 01:14:10] [Tune-x] 26: C=20.3; sigma=0.0981
[job(1572): 2016-09-10 01:14:10] [Tune-y] 26: acc.test.mean=0.944; time: 0.0 min; memory: 117Mb use, 197Mb max
[job(1572): 2016-09-10 01:14:10] 
[job(1572): 2016-09-10 01:14:10] optimisation start
[job(1572): 2016-09-10 01:14:10] ------------------
[job(1572): 2016-09-10 01:14:10] * estimation method   : MLE 
[job(1572): 2016-09-10 01:14:10] * optimisation method : BFGS 
[job(1572): 2016-09-10 01:14:10] * analytical gradient : used
[job(1572): 2016-09-10 01:14:10] * trend model : ~1
[job(1572): 2016-09-10 01:14:10] * covariance model : 
[job(1572): 2016-09-10 01:14:10]   - type :  matern5_2 
[job(1572): 2016-09-10 01:14:10]   - nugget : NO
[job(1572): 2016-09-10 01:14:10]   - parameters lower bounds :  1e-10 1e-10 
[job(1572): 2016-09-10 01:14:10]   - parameters upper bounds :  47.99952 40.44424 
[job(1572): 2016-09-10 01:14:10]   - best initial criterion value(s) :  14.27095 
[job(1572): 2016-09-10 01:14:10] 
[job(1572): 2016-09-10 01:14:10] N = 2, M = 5 machine precision = 2.22045e-16
[job(1572): 2016-09-10 01:14:10] At X0, 0 variables are exactly at the bounds
[job(1572): 2016-09-10 01:14:10] At iterate     0  f=      -14.271  |proj g|=       3.5323
[job(1572): 2016-09-10 01:14:10] At iterate     1  f =      -23.045  |proj g|=       0.76072
[job(1572): 2016-09-10 01:14:10] At iterate     2  f =       -23.53  |proj g|=       0.72364
[job(1572): 2016-09-10 01:14:10] At iterate     3  f =      -26.327  |proj g|=        1.8616
[job(1572): 2016-09-10 01:14:10] At iterate     4  f =      -26.391  |proj g|=       0.60365
[job(1572): 2016-09-10 01:14:10] At iterate     5  f =      -26.854  |proj g|=       0.12154
[job(1572): 2016-09-10 01:14:10] At iterate     6  f =      -26.866  |proj g|=       0.11746
[job(1572): 2016-09-10 01:14:10] At iterate     7  f =      -26.877  |proj g|=     0.0084297
[job(1572): 2016-09-10 01:14:10] At iterate     8  f =      -26.877  |proj g|=     0.0017738
[job(1572): 2016-09-10 01:14:10] At iterate     9  f =      -26.877  |proj g|=    0.00065191
[job(1572): 2016-09-10 01:14:10] At iterate    10  f =      -26.877  |proj g|=    4.3653e-06
[job(1572): 2016-09-10 01:14:10] At iterate    11  f =      -26.877  |proj g|=    5.6123e-08
[job(1572): 2016-09-10 01:14:10] 
[job(1572): 2016-09-10 01:14:10] iterations 11
[job(1572): 2016-09-10 01:14:10] function evaluations 14
[job(1572): 2016-09-10 01:14:10] segments explored during Cauchy searches 11
[job(1572): 2016-09-10 01:14:10] BFGS updates skipped 0
[job(1572): 2016-09-10 01:14:10] active bounds at final generalized Cauchy point 0
[job(1572): 2016-09-10 01:14:10] norm of the final projected gradient 5.61235e-08
[job(1572): 2016-09-10 01:14:10] final function value -26.8766
[job(1572): 2016-09-10 01:14:10] 
[job(1572): 2016-09-10 01:14:10] F = -26.8766
[job(1572): 2016-09-10 01:14:10] final  value -26.876614 
[job(1572): 2016-09-10 01:14:10] converged
[job(1572): 2016-09-10 01:14:10] [Tune-x] 27: C=5.75; sigma=0.0141
[job(1572): 2016-09-10 01:14:10] [Tune-y] 27: acc.test.mean=0.945; time: 0.0 min; memory: 117Mb use, 197Mb max
[job(1572): 2016-09-10 01:14:10] 
[job(1572): 2016-09-10 01:14:10] optimisation start
[job(1572): 2016-09-10 01:14:10] ------------------
[job(1572): 2016-09-10 01:14:10] * estimation method   : MLE 
[job(1572): 2016-09-10 01:14:10] * optimisation method : BFGS 
[job(1572): 2016-09-10 01:14:10] * analytical gradient : used
[job(1572): 2016-09-10 01:14:10] * trend model : ~1
[job(1572): 2016-09-10 01:14:10] * covariance model : 
[job(1572): 2016-09-10 01:14:10]   - type :  matern5_2 
[job(1572): 2016-09-10 01:14:10]   - nugget : NO
[job(1572): 2016-09-10 01:14:10]   - parameters lower bounds :  1e-10 1e-10 
[job(1572): 2016-09-10 01:14:10]   - parameters upper bounds :  47.99952 40.44424 
[job(1572): 2016-09-10 01:14:10]   - best initial criterion value(s) :  16.72178 
[job(1572): 2016-09-10 01:14:10] 
[job(1572): 2016-09-10 01:14:10] N = 2, M = 5 machine precision = 2.22045e-16
[job(1572): 2016-09-10 01:14:10] At X0, 0 variables are exactly at the bounds
[job(1572): 2016-09-10 01:14:10] At iterate     0  f=      -16.722  |proj g|=       22.773
[job(1572): 2016-09-10 01:14:10] At iterate     1  f =      -21.554  |proj g|=        2.4946
[job(1572): 2016-09-10 01:14:10] At iterate     2  f =      -25.654  |proj g|=        1.9532
[job(1572): 2016-09-10 01:14:10] At iterate     3  f =      -26.591  |proj g|=        1.7893
[job(1572): 2016-09-10 01:14:10] At iterate     4  f =      -27.135  |proj g|=        4.2481
[job(1572): 2016-09-10 01:14:10] At iterate     5  f =       -27.56  |proj g|=        0.8183
[job(1572): 2016-09-10 01:14:10] At iterate     6  f =      -27.582  |proj g|=       0.15766
[job(1572): 2016-09-10 01:14:10] At iterate     7  f =      -27.584  |proj g|=       0.16566
[job(1572): 2016-09-10 01:14:10] At iterate     8  f =       -27.59  |proj g|=       0.26898
[job(1572): 2016-09-10 01:14:10] At iterate     9  f =      -27.606  |proj g|=       0.64901
[job(1572): 2016-09-10 01:14:10] At iterate    10  f =      -27.647  |proj g|=        1.3405
[job(1572): 2016-09-10 01:14:10] At iterate    11  f =      -27.739  |proj g|=         2.835
[job(1572): 2016-09-10 01:14:10] At iterate    12  f =      -27.889  |proj g|=        4.2791
[job(1572): 2016-09-10 01:14:10] At iterate    13  f =      -28.396  |proj g|=        6.7061
[job(1572): 2016-09-10 01:14:10] At iterate    14  f =       -29.59  |proj g|=        4.6802
[job(1572): 2016-09-10 01:14:10] At iterate    15  f =      -30.417  |proj g|=      0.054229
[job(1572): 2016-09-10 01:14:10] At iterate    16  f =      -30.545  |proj g|=       0.20389
[job(1572): 2016-09-10 01:14:10] At iterate    17  f =      -30.558  |proj g|=      0.050392
[job(1572): 2016-09-10 01:14:10] At iterate    18  f =      -30.558  |proj g|=      0.019528
[job(1572): 2016-09-10 01:14:10] At iterate    19  f =      -30.558  |proj g|=     0.0046125
[job(1572): 2016-09-10 01:14:10] At iterate    20  f =      -30.558  |proj g|=    2.5604e-06
[job(1572): 2016-09-10 01:14:10] At iterate    21  f =      -30.558  |proj g|=    1.3897e-07
[job(1572): 2016-09-10 01:14:10] 
[job(1572): 2016-09-10 01:14:10] iterations 21
[job(1572): 2016-09-10 01:14:10] function evaluations 25
[job(1572): 2016-09-10 01:14:10] segments explored during Cauchy searches 22
[job(1572): 2016-09-10 01:14:10] BFGS updates skipped 0
[job(1572): 2016-09-10 01:14:10] active bounds at final generalized Cauchy point 0
[job(1572): 2016-09-10 01:14:10] norm of the final projected gradient 1.38967e-07
[job(1572): 2016-09-10 01:14:10] final function value -30.5582
[job(1572): 2016-09-10 01:14:10] 
[job(1572): 2016-09-10 01:14:10] F = -30.5582
[job(1572): 2016-09-10 01:14:10] final  value -30.558223 
[job(1572): 2016-09-10 01:14:10] converged
[job(1572): 2016-09-10 01:14:10] [Tune-x] 28: C=0.873; sigma=0.15
[job(1572): 2016-09-10 01:14:10] [Tune-y] 28: acc.test.mean=0.944; time: 0.0 min; memory: 117Mb use, 197Mb max
[job(1572): 2016-09-10 01:14:10] 
[job(1572): 2016-09-10 01:14:10] optimisation start
[job(1572): 2016-09-10 01:14:10] ------------------
[job(1572): 2016-09-10 01:14:10] * estimation method   : MLE 
[job(1572): 2016-09-10 01:14:10] * optimisation method : BFGS 
[job(1572): 2016-09-10 01:14:10] * analytical gradient : used
[job(1572): 2016-09-10 01:14:10] * trend model : ~1
[job(1572): 2016-09-10 01:14:10] * covariance model : 
[job(1572): 2016-09-10 01:14:10]   - type :  matern5_2 
[job(1572): 2016-09-10 01:14:10]   - nugget : NO
[job(1572): 2016-09-10 01:14:10]   - parameters lower bounds :  1e-10 1e-10 
[job(1572): 2016-09-10 01:14:10]   - parameters upper bounds :  47.99952 40.44424 
[job(1572): 2016-09-10 01:14:10]   - best initial criterion value(s) :  30.14796 
[job(1572): 2016-09-10 01:14:10] 
[job(1572): 2016-09-10 01:14:10] N = 2, M = 5 machine precision = 2.22045e-16
[job(1572): 2016-09-10 01:14:10] At X0, 0 variables are exactly at the bounds
[job(1572): 2016-09-10 01:14:10] At iterate     0  f=      -30.148  |proj g|=       9.0944
[job(1572): 2016-09-10 01:14:10] At iterate     1  f =      -31.087  |proj g|=        1.0786
[job(1572): 2016-09-10 01:14:10] At iterate     2  f =       -31.13  |proj g|=       0.26313
[job(1572): 2016-09-10 01:14:10] At iterate     3  f =      -31.132  |proj g|=      0.099049
[job(1572): 2016-09-10 01:14:10] At iterate     4  f =      -31.133  |proj g|=        0.1396
[job(1572): 2016-09-10 01:14:10] At iterate     5  f =      -31.142  |proj g|=       0.51231
[job(1572): 2016-09-10 01:14:10] At iterate     6  f =      -31.165  |proj g|=        1.1322
[job(1572): 2016-09-10 01:14:10] At iterate     7  f =      -31.221  |proj g|=        2.0749
[job(1572): 2016-09-10 01:14:10] At iterate     8  f =      -31.352  |proj g|=        3.3506
[job(1572): 2016-09-10 01:14:10] At iterate     9  f =      -31.568  |proj g|=        4.2185
[job(1572): 2016-09-10 01:14:10] At iterate    10  f =      -31.794  |proj g|=        2.6669
[job(1572): 2016-09-10 01:14:10] At iterate    11  f =      -31.891  |proj g|=        0.1777
[job(1572): 2016-09-10 01:14:10] At iterate    12  f =      -31.892  |proj g|=     0.0075622
[job(1572): 2016-09-10 01:14:10] At iterate    13  f =      -31.892  |proj g|=     0.0010439
[job(1572): 2016-09-10 01:14:10] At iterate    14  f =      -31.892  |proj g|=    1.8562e-06
[job(1572): 2016-09-10 01:14:10] 
[job(1572): 2016-09-10 01:14:10] iterations 14
[job(1572): 2016-09-10 01:14:10] function evaluations 18
[job(1572): 2016-09-10 01:14:10] segments explored during Cauchy searches 14
[job(1572): 2016-09-10 01:14:10] BFGS updates skipped 0
[job(1572): 2016-09-10 01:14:10] active bounds at final generalized Cauchy point 0
[job(1572): 2016-09-10 01:14:10] norm of the final projected gradient 1.85615e-06
[job(1572): 2016-09-10 01:14:10] final function value -31.8918
[job(1572): 2016-09-10 01:14:10] 
[job(1572): 2016-09-10 01:14:10] F = -31.8918
[job(1572): 2016-09-10 01:14:10] final  value -31.891789 
[job(1572): 2016-09-10 01:14:10] converged
[job(1572): 2016-09-10 01:14:10] [Tune] Result: C=17.2; sigma=0.0414 : acc.test.mean=-0.963
[job(1572): 2016-09-10 01:14:10] Job terminated successfully
[job(chunk): 2016-09-10 01:14:11] Calculation finished!
