[job(chunk): 2016-09-09 20:16:37] Starting calculation of 1 jobs
[job(chunk): 2016-09-09 20:16:37] Setting working directory to '/naslx/projects/pr74ze/ri89coc2/svm_comparison'
[job(chunk): 2016-09-09 20:16:37] Memory measurement disabled
[job(815): 2016-09-09 20:16:39] Starting job with job.id=815
[job(815): 2016-09-09 20:17:30] Generating problem instance for problem '694' ...
[job(815): 2016-09-09 20:17:30] Downloading from 'http://www.openml.org/api/v1/data/694' to '/tmp/ri89coc2/Rtmp2xEJNT/cache/datasets/694/description.xml'.
[job(815): 2016-09-09 20:17:30] Downloading from 'http://www.openml.org/data/download/52994/diggle_table_a2.arff' to '/tmp/ri89coc2/Rtmp2xEJNT/cache/datasets/694/dataset.arff'
[job(815): 2016-09-09 20:17:30] Loading required package: readr
[job(815): 2016-09-09 20:17:30] Applying algorithm 'C-svc.tuned' on problem '694' ...
[job(815): 2016-09-09 20:17:30] Data '694' file 'description.xml' found in cache.
[job(815): 2016-09-09 20:17:30] Data '694' file 'dataset.arff' found in cache.
[job(815): 2016-09-09 20:17:30] [Tune] Started tuning learner C-svc for parameter set:
[job(815): 2016-09-09 20:17:30]          Type len Def    Constr Req Tunable Trafo
[job(815): 2016-09-09 20:17:30] C     numeric   -   - -12 to 12   -    TRUE     Y
[job(815): 2016-09-09 20:17:30] sigma numeric   -   - -12 to 12   -    TRUE     Y
[job(815): 2016-09-09 20:17:30] With control class: TuneControlMBO
[job(815): 2016-09-09 20:17:30] Imputation value: -0
[job(815): 2016-09-09 20:17:30] [Tune-x] 1: C=0.00151; sigma=2.65
[job(815): 2016-09-09 20:17:30] [Tune-y] 1: acc.test.mean=0.104; time: 0.0 min; memory: 113Mb use, 161Mb max
[job(815): 2016-09-09 20:17:30] [Tune-x] 2: C=0.842; sigma=0.122
[job(815): 2016-09-09 20:17:30] [Tune-y] 2: acc.test.mean=0.843; time: 0.0 min; memory: 113Mb use, 175Mb max
[job(815): 2016-09-09 20:17:30] [Tune-x] 3: C=61.3; sigma=1.1e+03
[job(815): 2016-09-09 20:17:30] [Tune-y] 3: acc.test.mean=0.133; time: 0.0 min; memory: 113Mb use, 175Mb max
[job(815): 2016-09-09 20:17:30] [Tune-x] 4: C=1.74; sigma=0.268
[job(815): 2016-09-09 20:17:30] [Tune-y] 4: acc.test.mean=0.993; time: 0.0 min; memory: 113Mb use, 178Mb max
[job(815): 2016-09-09 20:17:30] [Tune-x] 5: C=1.14e+03; sigma=37.7
[job(815): 2016-09-09 20:17:30] [Tune-y] 5: acc.test.mean=0.86; time: 0.0 min; memory: 113Mb use, 178Mb max
[job(815): 2016-09-09 20:17:30] [Tune-x] 6: C=0.00269; sigma=0.00241
[job(815): 2016-09-09 20:17:30] [Tune-y] 6: acc.test.mean=0.108; time: 0.0 min; memory: 113Mb use, 178Mb max
[job(815): 2016-09-09 20:17:30] [Tune-x] 7: C=0.037; sigma=269
[job(815): 2016-09-09 20:17:30] [Tune-y] 7: acc.test.mean=0.111; time: 0.0 min; memory: 113Mb use, 178Mb max
[job(815): 2016-09-09 20:17:30] [Tune-x] 8: C=392; sigma=0.00057
[job(815): 2016-09-09 20:17:30] [Tune-y] 8: acc.test.mean=0.928; time: 0.0 min; memory: 113Mb use, 180Mb max
[job(815): 2016-09-09 20:17:30] 
[job(815): 2016-09-09 20:17:30] optimisation start
[job(815): 2016-09-09 20:17:30] ------------------
[job(815): 2016-09-09 20:17:30] * estimation method   : MLE 
[job(815): 2016-09-09 20:17:30] * optimisation method : BFGS 
[job(815): 2016-09-09 20:17:30] * analytical gradient : used
[job(815): 2016-09-09 20:17:30] * trend model : ~1
[job(815): 2016-09-09 20:17:30] * covariance model : 
[job(815): 2016-09-09 20:17:30]   - type :  matern5_2 
[job(815): 2016-09-09 20:17:30]   - nugget : NO
[job(815): 2016-09-09 20:17:30]   - parameters lower bounds :  1e-10 1e-10 
[job(815): 2016-09-09 20:17:30]   - parameters upper bounds :  39.05316 41.74654 
[job(815): 2016-09-09 20:17:30]   - best initial criterion value(s) :  -1.732841 
[job(815): 2016-09-09 20:17:30] 
[job(815): 2016-09-09 20:17:30] N = 2, M = 5 machine precision = 2.22045e-16
[job(815): 2016-09-09 20:17:30] At X0, 0 variables are exactly at the bounds
[job(815): 2016-09-09 20:17:30] At iterate     0  f=       1.7328  |proj g|=     0.081174
[job(815): 2016-09-09 20:17:30] At iterate     1  f =       1.7294  |proj g|=     0.0068171
[job(815): 2016-09-09 20:17:30] At iterate     2  f =       1.7294  |proj g|=     0.0068028
[job(815): 2016-09-09 20:17:30] At iterate     3  f =       1.7291  |proj g|=      0.012803
[job(815): 2016-09-09 20:17:30] At iterate     4  f =       1.7285  |proj g|=      0.027781
[job(815): 2016-09-09 20:17:30] At iterate     5  f =       1.7268  |proj g|=      0.053316
[job(815): 2016-09-09 20:17:30] At iterate     6  f =        1.723  |proj g|=       0.08798
[job(815): 2016-09-09 20:17:30] At iterate     7  f =       1.7162  |proj g|=       0.10581
[job(815): 2016-09-09 20:17:30] At iterate     8  f =       1.7123  |proj g|=      0.066581
[job(815): 2016-09-09 20:17:30] At iterate     9  f =       1.7098  |proj g|=     0.0047954
[job(815): 2016-09-09 20:17:30] At iterate    10  f =       1.7098  |proj g|=    0.00019018
[job(815): 2016-09-09 20:17:30] At iterate    11  f =       1.7098  |proj g|=    5.0351e-07
[job(815): 2016-09-09 20:17:30] At iterate    12  f =       1.7098  |proj g|=    5.3147e-11
[job(815): 2016-09-09 20:17:30] 
[job(815): 2016-09-09 20:17:30] iterations 12
[job(815): 2016-09-09 20:17:30] function evaluations 13
[job(815): 2016-09-09 20:17:30] segments explored during Cauchy searches 12
[job(815): 2016-09-09 20:17:30] BFGS updates skipped 0
[job(815): 2016-09-09 20:17:30] active bounds at final generalized Cauchy point 1
[job(815): 2016-09-09 20:17:30] norm of the final projected gradient 5.31467e-11
[job(815): 2016-09-09 20:17:30] final function value 1.70981
[job(815): 2016-09-09 20:17:30] 
[job(815): 2016-09-09 20:17:30] F = 1.70981
[job(815): 2016-09-09 20:17:30] final  value 1.709811 
[job(815): 2016-09-09 20:17:30] converged
[job(815): 2016-09-09 20:17:30] [Tune-x] 9: C=1.92; sigma=0.126
[job(815): 2016-09-09 20:17:30] [Tune-y] 9: acc.test.mean=0.971; time: 0.0 min; memory: 117Mb use, 207Mb max
[job(815): 2016-09-09 20:17:30] 
[job(815): 2016-09-09 20:17:30] optimisation start
[job(815): 2016-09-09 20:17:30] ------------------
[job(815): 2016-09-09 20:17:30] * estimation method   : MLE 
[job(815): 2016-09-09 20:17:30] * optimisation method : BFGS 
[job(815): 2016-09-09 20:17:30] * analytical gradient : used
[job(815): 2016-09-09 20:17:30] * trend model : ~1
[job(815): 2016-09-09 20:17:30] * covariance model : 
[job(815): 2016-09-09 20:17:30]   - type :  matern5_2 
[job(815): 2016-09-09 20:17:30]   - nugget : NO
[job(815): 2016-09-09 20:17:30]   - parameters lower bounds :  1e-10 1e-10 
[job(815): 2016-09-09 20:17:30]   - parameters upper bounds :  39.05316 41.74654 
[job(815): 2016-09-09 20:17:30]   - best initial criterion value(s) :  -0.5193376 
[job(815): 2016-09-09 20:17:30] 
[job(815): 2016-09-09 20:17:30] N = 2, M = 5 machine precision = 2.22045e-16
[job(815): 2016-09-09 20:17:30] At X0, 0 variables are exactly at the bounds
[job(815): 2016-09-09 20:17:30] At iterate     0  f=      0.51934  |proj g|=      0.15201
[job(815): 2016-09-09 20:17:30] At iterate     1  f =      0.49654  |proj g|=       0.14429
[job(815): 2016-09-09 20:17:30] At iterate     2  f =      0.32459  |proj g|=      0.094735
[job(815): 2016-09-09 20:17:30] At iterate     3  f =      0.28293  |proj g|=       0.01981
[job(815): 2016-09-09 20:17:30] At iterate     4  f =      0.27642  |proj g|=      0.014718
[job(815): 2016-09-09 20:17:30] At iterate     5  f =      0.27167  |proj g|=    0.00083519
[job(815): 2016-09-09 20:17:30] At iterate     6  f =      0.27167  |proj g|=    2.7111e-05
[job(815): 2016-09-09 20:17:30] At iterate     7  f =      0.27167  |proj g|=    3.9958e-08
[job(815): 2016-09-09 20:17:30] At iterate     8  f =      0.27167  |proj g|=    4.1308e-10
[job(815): 2016-09-09 20:17:30] 
[job(815): 2016-09-09 20:17:30] iterations 8
[job(815): 2016-09-09 20:17:30] function evaluations 9
[job(815): 2016-09-09 20:17:30] segments explored during Cauchy searches 8
[job(815): 2016-09-09 20:17:30] BFGS updates skipped 0
[job(815): 2016-09-09 20:17:30] active bounds at final generalized Cauchy point 0
[job(815): 2016-09-09 20:17:30] norm of the final projected gradient 4.13085e-10
[job(815): 2016-09-09 20:17:30] final function value 0.271666
[job(815): 2016-09-09 20:17:30] 
[job(815): 2016-09-09 20:17:30] F = 0.271666
[job(815): 2016-09-09 20:17:30] final  value 0.271666 
[job(815): 2016-09-09 20:17:30] converged
[job(815): 2016-09-09 20:17:30] [Tune-x] 10: C=398; sigma=0.371
[job(815): 2016-09-09 20:17:30] [Tune-y] 10: acc.test.mean=0.996; time: 0.0 min; memory: 117Mb use, 207Mb max
[job(815): 2016-09-09 20:17:30] 
[job(815): 2016-09-09 20:17:30] optimisation start
[job(815): 2016-09-09 20:17:30] ------------------
[job(815): 2016-09-09 20:17:30] * estimation method   : MLE 
[job(815): 2016-09-09 20:17:30] * optimisation method : BFGS 
[job(815): 2016-09-09 20:17:30] * analytical gradient : used
[job(815): 2016-09-09 20:17:30] * trend model : ~1
[job(815): 2016-09-09 20:17:30] * covariance model : 
[job(815): 2016-09-09 20:17:30]   - type :  matern5_2 
[job(815): 2016-09-09 20:17:30]   - nugget : NO
[job(815): 2016-09-09 20:17:30]   - parameters lower bounds :  1e-10 1e-10 
[job(815): 2016-09-09 20:17:30]   - parameters upper bounds :  39.05316 41.74654 
[job(815): 2016-09-09 20:17:30]   - best initial criterion value(s) :  0.3209047 
[job(815): 2016-09-09 20:17:30] 
[job(815): 2016-09-09 20:17:30] N = 2, M = 5 machine precision = 2.22045e-16
[job(815): 2016-09-09 20:17:30] At X0, 0 variables are exactly at the bounds
[job(815): 2016-09-09 20:17:30] At iterate     0  f=      -0.3209  |proj g|=       1.4174
[job(815): 2016-09-09 20:17:30] At iterate     1  f =     -0.37849  |proj g|=       0.66975
[job(815): 2016-09-09 20:17:30] At iterate     2  f =     -0.63542  |proj g|=       0.41618
[job(815): 2016-09-09 20:17:30] At iterate     3  f =     -0.72179  |proj g|=      0.078592
[job(815): 2016-09-09 20:17:30] At iterate     4  f =     -0.72787  |proj g|=      0.079089
[job(815): 2016-09-09 20:17:30] At iterate     5  f =     -0.76742  |proj g|=       0.22389
[job(815): 2016-09-09 20:17:30] At iterate     6  f =     -0.84719  |proj g|=        0.4735
[job(815): 2016-09-09 20:17:30] At iterate     7  f =      -1.0249  |proj g|=       0.68285
[job(815): 2016-09-09 20:17:30] At iterate     8  f =      -1.3834  |proj g|=       0.49426
[job(815): 2016-09-09 20:17:30] At iterate     9  f =      -1.6058  |proj g|=      0.044397
[job(815): 2016-09-09 20:17:30] At iterate    10  f =      -1.6061  |proj g|=      0.010931
[job(815): 2016-09-09 20:17:30] At iterate    11  f =      -1.6061  |proj g|=    8.4995e-05
[job(815): 2016-09-09 20:17:30] At iterate    12  f =      -1.6061  |proj g|=    1.6554e-07
[job(815): 2016-09-09 20:17:30] 
[job(815): 2016-09-09 20:17:30] iterations 12
[job(815): 2016-09-09 20:17:30] function evaluations 14
[job(815): 2016-09-09 20:17:30] segments explored during Cauchy searches 12
[job(815): 2016-09-09 20:17:30] BFGS updates skipped 0
[job(815): 2016-09-09 20:17:30] active bounds at final generalized Cauchy point 1
[job(815): 2016-09-09 20:17:30] norm of the final projected gradient 1.65543e-07
[job(815): 2016-09-09 20:17:30] final function value -1.60615
[job(815): 2016-09-09 20:17:30] 
[job(815): 2016-09-09 20:17:30] F = -1.60615
[job(815): 2016-09-09 20:17:30] final  value -1.606146 
[job(815): 2016-09-09 20:17:30] converged
[job(815): 2016-09-09 20:17:30] [Tune-x] 11: C=492; sigma=26.1
[job(815): 2016-09-09 20:17:30] [Tune-y] 11: acc.test.mean=0.896; time: 0.0 min; memory: 117Mb use, 207Mb max
[job(815): 2016-09-09 20:17:30] 
[job(815): 2016-09-09 20:17:30] optimisation start
[job(815): 2016-09-09 20:17:30] ------------------
[job(815): 2016-09-09 20:17:30] * estimation method   : MLE 
[job(815): 2016-09-09 20:17:30] * optimisation method : BFGS 
[job(815): 2016-09-09 20:17:30] * analytical gradient : used
[job(815): 2016-09-09 20:17:30] * trend model : ~1
[job(815): 2016-09-09 20:17:30] * covariance model : 
[job(815): 2016-09-09 20:17:30]   - type :  matern5_2 
[job(815): 2016-09-09 20:17:30]   - nugget : NO
[job(815): 2016-09-09 20:17:30]   - parameters lower bounds :  1e-10 1e-10 
[job(815): 2016-09-09 20:17:30]   - parameters upper bounds :  39.05316 41.74654 
[job(815): 2016-09-09 20:17:30]   - best initial criterion value(s) :  0.840803 
[job(815): 2016-09-09 20:17:30] 
[job(815): 2016-09-09 20:17:30] N = 2, M = 5 machine precision = 2.22045e-16
[job(815): 2016-09-09 20:17:30] At X0, 0 variables are exactly at the bounds
[job(815): 2016-09-09 20:17:30] At iterate     0  f=      -0.8408  |proj g|=      0.33693
[job(815): 2016-09-09 20:17:30] At iterate     1  f =        -0.97  |proj g|=        0.2258
[job(815): 2016-09-09 20:17:30] At iterate     2  f =      -1.1345  |proj g|=       0.22635
[job(815): 2016-09-09 20:17:30] At iterate     3  f =      -1.2524  |proj g|=       0.34552
[job(815): 2016-09-09 20:17:30] At iterate     4  f =      -1.7723  |proj g|=       0.65614
[job(815): 2016-09-09 20:17:30] At iterate     5  f =      -2.1613  |proj g|=       0.15085
[job(815): 2016-09-09 20:17:30] At iterate     6  f =      -2.1871  |proj g|=      0.022494
[job(815): 2016-09-09 20:17:30] At iterate     7  f =      -2.1877  |proj g|=      0.001854
[job(815): 2016-09-09 20:17:30] At iterate     8  f =      -2.1877  |proj g|=    0.00017893
[job(815): 2016-09-09 20:17:30] At iterate     9  f =      -2.1877  |proj g|=    1.0982e-05
[job(815): 2016-09-09 20:17:30] At iterate    10  f =      -2.1877  |proj g|=    8.1647e-08
[job(815): 2016-09-09 20:17:30] 
[job(815): 2016-09-09 20:17:30] iterations 10
[job(815): 2016-09-09 20:17:30] function evaluations 12
[job(815): 2016-09-09 20:17:30] segments explored during Cauchy searches 10
[job(815): 2016-09-09 20:17:30] BFGS updates skipped 0
[job(815): 2016-09-09 20:17:30] active bounds at final generalized Cauchy point 0
[job(815): 2016-09-09 20:17:30] norm of the final projected gradient 8.16474e-08
[job(815): 2016-09-09 20:17:30] final function value -2.18767
[job(815): 2016-09-09 20:17:30] 
[job(815): 2016-09-09 20:17:30] F = -2.18767
[job(815): 2016-09-09 20:17:30] final  value -2.187668 
[job(815): 2016-09-09 20:17:30] converged
[job(815): 2016-09-09 20:17:30] [Tune-x] 12: C=1.64; sigma=6.96
[job(815): 2016-09-09 20:17:30] [Tune-y] 12: acc.test.mean=0.986; time: 0.0 min; memory: 117Mb use, 207Mb max
[job(815): 2016-09-09 20:17:30] 
[job(815): 2016-09-09 20:17:30] optimisation start
[job(815): 2016-09-09 20:17:30] ------------------
[job(815): 2016-09-09 20:17:30] * estimation method   : MLE 
[job(815): 2016-09-09 20:17:30] * optimisation method : BFGS 
[job(815): 2016-09-09 20:17:30] * analytical gradient : used
[job(815): 2016-09-09 20:17:30] * trend model : ~1
[job(815): 2016-09-09 20:17:30] * covariance model : 
[job(815): 2016-09-09 20:17:30]   - type :  matern5_2 
[job(815): 2016-09-09 20:17:30]   - nugget : NO
[job(815): 2016-09-09 20:17:30]   - parameters lower bounds :  1e-10 1e-10 
[job(815): 2016-09-09 20:17:30]   - parameters upper bounds :  39.05316 41.74654 
[job(815): 2016-09-09 20:17:30]   - best initial criterion value(s) :  2.015297 
[job(815): 2016-09-09 20:17:30] 
[job(815): 2016-09-09 20:17:30] N = 2, M = 5 machine precision = 2.22045e-16
[job(815): 2016-09-09 20:17:30] At X0, 0 variables are exactly at the bounds
[job(815): 2016-09-09 20:17:30] At iterate     0  f=      -2.0153  |proj g|=    0.0049646
[job(815): 2016-09-09 20:17:30] At iterate     1  f =      -2.0153  |proj g|=     0.0046718
[job(815): 2016-09-09 20:17:30] At iterate     2  f =      -2.0157  |proj g|=    0.00038773
[job(815): 2016-09-09 20:17:30] At iterate     3  f =      -2.0157  |proj g|=    3.8411e-05
[job(815): 2016-09-09 20:17:30] At iterate     4  f =      -2.0157  |proj g|=    3.3871e-07
[job(815): 2016-09-09 20:17:30] At iterate     5  f =      -2.0157  |proj g|=    3.2999e-11
[job(815): 2016-09-09 20:17:30] 
[job(815): 2016-09-09 20:17:30] iterations 5
[job(815): 2016-09-09 20:17:30] function evaluations 7
[job(815): 2016-09-09 20:17:30] segments explored during Cauchy searches 5
[job(815): 2016-09-09 20:17:30] BFGS updates skipped 0
[job(815): 2016-09-09 20:17:30] active bounds at final generalized Cauchy point 0
[job(815): 2016-09-09 20:17:30] norm of the final projected gradient 3.29992e-11
[job(815): 2016-09-09 20:17:30] final function value -2.01566
[job(815): 2016-09-09 20:17:30] 
[job(815): 2016-09-09 20:17:30] F = -2.01566
[job(815): 2016-09-09 20:17:30] final  value -2.015659 
[job(815): 2016-09-09 20:17:30] converged
[job(815): 2016-09-09 20:17:30] [Tune-x] 13: C=12.1; sigma=1.27
[job(815): 2016-09-09 20:17:30] [Tune-y] 13: acc.test.mean=0.996; time: 0.0 min; memory: 117Mb use, 207Mb max
[job(815): 2016-09-09 20:17:30] 
[job(815): 2016-09-09 20:17:30] optimisation start
[job(815): 2016-09-09 20:17:30] ------------------
[job(815): 2016-09-09 20:17:30] * estimation method   : MLE 
[job(815): 2016-09-09 20:17:30] * optimisation method : BFGS 
[job(815): 2016-09-09 20:17:30] * analytical gradient : used
[job(815): 2016-09-09 20:17:30] * trend model : ~1
[job(815): 2016-09-09 20:17:30] * covariance model : 
[job(815): 2016-09-09 20:17:30]   - type :  matern5_2 
[job(815): 2016-09-09 20:17:30]   - nugget : NO
[job(815): 2016-09-09 20:17:30]   - parameters lower bounds :  1e-10 1e-10 
[job(815): 2016-09-09 20:17:30]   - parameters upper bounds :  39.05316 41.74654 
[job(815): 2016-09-09 20:17:30]   - best initial criterion value(s) :  1.819042 
[job(815): 2016-09-09 20:17:30] 
[job(815): 2016-09-09 20:17:30] N = 2, M = 5 machine precision = 2.22045e-16
[job(815): 2016-09-09 20:17:30] At X0, 0 variables are exactly at the bounds
[job(815): 2016-09-09 20:17:30] At iterate     0  f=       -1.819  |proj g|=      0.45512
[job(815): 2016-09-09 20:17:30] At iterate     1  f =      -2.0091  |proj g|=       0.37089
[job(815): 2016-09-09 20:17:30] At iterate     2  f =      -2.3338  |proj g|=      0.028942
[job(815): 2016-09-09 20:17:30] At iterate     3  f =      -2.3377  |proj g|=       0.01302
[job(815): 2016-09-09 20:17:30] At iterate     4  f =       -2.339  |proj g|=     0.0043519
[job(815): 2016-09-09 20:17:30] At iterate     5  f =      -2.3392  |proj g|=     0.0015203
[job(815): 2016-09-09 20:17:30] At iterate     6  f =      -2.3392  |proj g|=    1.9789e-05
[job(815): 2016-09-09 20:17:30] At iterate     7  f =      -2.3392  |proj g|=    4.9857e-08
[job(815): 2016-09-09 20:17:30] 
[job(815): 2016-09-09 20:17:30] iterations 7
[job(815): 2016-09-09 20:17:30] function evaluations 8
[job(815): 2016-09-09 20:17:30] segments explored during Cauchy searches 7
[job(815): 2016-09-09 20:17:30] BFGS updates skipped 0
[job(815): 2016-09-09 20:17:30] active bounds at final generalized Cauchy point 0
[job(815): 2016-09-09 20:17:30] norm of the final projected gradient 4.98569e-08
[job(815): 2016-09-09 20:17:30] final function value -2.33916
[job(815): 2016-09-09 20:17:30] 
[job(815): 2016-09-09 20:17:30] F = -2.33916
[job(815): 2016-09-09 20:17:30] final  value -2.339164 
[job(815): 2016-09-09 20:17:30] converged
[job(815): 2016-09-09 20:17:30] [Tune-x] 14: C=3.42; sigma=1.2
[job(815): 2016-09-09 20:17:30] [Tune-y] 14: acc.test.mean=0.996; time: 0.0 min; memory: 117Mb use, 207Mb max
[job(815): 2016-09-09 20:17:30] 
[job(815): 2016-09-09 20:17:30] optimisation start
[job(815): 2016-09-09 20:17:30] ------------------
[job(815): 2016-09-09 20:17:30] * estimation method   : MLE 
[job(815): 2016-09-09 20:17:30] * optimisation method : BFGS 
[job(815): 2016-09-09 20:17:30] * analytical gradient : used
[job(815): 2016-09-09 20:17:30] * trend model : ~1
[job(815): 2016-09-09 20:17:30] * covariance model : 
[job(815): 2016-09-09 20:17:30]   - type :  matern5_2 
[job(815): 2016-09-09 20:17:30]   - nugget : NO
[job(815): 2016-09-09 20:17:30]   - parameters lower bounds :  1e-10 1e-10 
[job(815): 2016-09-09 20:17:30]   - parameters upper bounds :  39.05316 41.74654 
[job(815): 2016-09-09 20:17:30]   - best initial criterion value(s) :  2.680584 
[job(815): 2016-09-09 20:17:30] 
[job(815): 2016-09-09 20:17:30] N = 2, M = 5 machine precision = 2.22045e-16
[job(815): 2016-09-09 20:17:30] At X0, 0 variables are exactly at the bounds
[job(815): 2016-09-09 20:17:30] At iterate     0  f=      -2.6806  |proj g|=      0.84777
[job(815): 2016-09-09 20:17:30] At iterate     1  f =      -3.2929  |proj g|=        0.3854
[job(815): 2016-09-09 20:17:30] At iterate     2  f =      -3.5471  |proj g|=       0.11916
[job(815): 2016-09-09 20:17:30] At iterate     3  f =      -3.5803  |proj g|=      0.073448
[job(815): 2016-09-09 20:17:30] At iterate     4  f =      -3.6143  |proj g|=      0.049039
[job(815): 2016-09-09 20:17:30] At iterate     5  f =      -3.6175  |proj g|=     0.0031915
[job(815): 2016-09-09 20:17:30] At iterate     6  f =      -3.6175  |proj g|=     8.662e-05
[job(815): 2016-09-09 20:17:30] At iterate     7  f =      -3.6175  |proj g|=    3.3715e-07
[job(815): 2016-09-09 20:17:30] At iterate     8  f =      -3.6175  |proj g|=    1.5566e-08
[job(815): 2016-09-09 20:17:30] 
[job(815): 2016-09-09 20:17:30] iterations 8
[job(815): 2016-09-09 20:17:30] function evaluations 9
[job(815): 2016-09-09 20:17:30] segments explored during Cauchy searches 8
[job(815): 2016-09-09 20:17:30] BFGS updates skipped 0
[job(815): 2016-09-09 20:17:30] active bounds at final generalized Cauchy point 0
[job(815): 2016-09-09 20:17:30] norm of the final projected gradient 1.55656e-08
[job(815): 2016-09-09 20:17:30] final function value -3.61748
[job(815): 2016-09-09 20:17:30] 
[job(815): 2016-09-09 20:17:30] F = -3.61748
[job(815): 2016-09-09 20:17:30] final  value -3.617482 
[job(815): 2016-09-09 20:17:30] converged
[job(815): 2016-09-09 20:17:30] [Tune-x] 15: C=19.4; sigma=0.159
[job(815): 2016-09-09 20:17:30] [Tune-y] 15: acc.test.mean=0.996; time: 0.0 min; memory: 117Mb use, 207Mb max
[job(815): 2016-09-09 20:17:30] 
[job(815): 2016-09-09 20:17:30] optimisation start
[job(815): 2016-09-09 20:17:30] ------------------
[job(815): 2016-09-09 20:17:30] * estimation method   : MLE 
[job(815): 2016-09-09 20:17:30] * optimisation method : BFGS 
[job(815): 2016-09-09 20:17:30] * analytical gradient : used
[job(815): 2016-09-09 20:17:30] * trend model : ~1
[job(815): 2016-09-09 20:17:30] * covariance model : 
[job(815): 2016-09-09 20:17:30]   - type :  matern5_2 
[job(815): 2016-09-09 20:17:30]   - nugget : NO
[job(815): 2016-09-09 20:17:30]   - parameters lower bounds :  1e-10 1e-10 
[job(815): 2016-09-09 20:17:30]   - parameters upper bounds :  39.05316 41.74654 
[job(815): 2016-09-09 20:17:30]   - best initial criterion value(s) :  3.538098 
[job(815): 2016-09-09 20:17:30] 
[job(815): 2016-09-09 20:17:30] N = 2, M = 5 machine precision = 2.22045e-16
[job(815): 2016-09-09 20:17:30] At X0, 0 variables are exactly at the bounds
[job(815): 2016-09-09 20:17:30] At iterate     0  f=      -3.5381  |proj g|=      0.65159
[job(815): 2016-09-09 20:17:30] At iterate     1  f =      -3.8626  |proj g|=       0.22586
[job(815): 2016-09-09 20:17:30] At iterate     2  f =      -3.9963  |proj g|=       0.23182
[job(815): 2016-09-09 20:17:30] At iterate     3  f =      -4.1192  |proj g|=       0.25351
[job(815): 2016-09-09 20:17:30] At iterate     4  f =      -4.5547  |proj g|=       0.89915
[job(815): 2016-09-09 20:17:30] At iterate     5  f =      -4.8829  |proj g|=        0.3938
[job(815): 2016-09-09 20:17:30] At iterate     6  f =      -4.9724  |proj g|=      0.023265
[job(815): 2016-09-09 20:17:30] At iterate     7  f =      -4.9784  |proj g|=      0.019059
[job(815): 2016-09-09 20:17:30] At iterate     8  f =      -4.9786  |proj g|=     0.0016343
[job(815): 2016-09-09 20:17:30] At iterate     9  f =      -4.9786  |proj g|=    1.6496e-05
[job(815): 2016-09-09 20:17:30] At iterate    10  f =      -4.9786  |proj g|=    9.5518e-08
[job(815): 2016-09-09 20:17:30] 
[job(815): 2016-09-09 20:17:30] iterations 10
[job(815): 2016-09-09 20:17:30] function evaluations 11
[job(815): 2016-09-09 20:17:30] segments explored during Cauchy searches 10
[job(815): 2016-09-09 20:17:30] BFGS updates skipped 0
[job(815): 2016-09-09 20:17:30] active bounds at final generalized Cauchy point 0
[job(815): 2016-09-09 20:17:30] norm of the final projected gradient 9.55178e-08
[job(815): 2016-09-09 20:17:30] final function value -4.9786
[job(815): 2016-09-09 20:17:30] 
[job(815): 2016-09-09 20:17:30] F = -4.9786
[job(815): 2016-09-09 20:17:30] final  value -4.978603 
[job(815): 2016-09-09 20:17:30] converged
[job(815): 2016-09-09 20:17:30] [Tune-x] 16: C=11; sigma=0.163
[job(815): 2016-09-09 20:17:30] [Tune-y] 16: acc.test.mean=0.996; time: 0.0 min; memory: 117Mb use, 207Mb max
[job(815): 2016-09-09 20:17:30] 
[job(815): 2016-09-09 20:17:30] optimisation start
[job(815): 2016-09-09 20:17:30] ------------------
[job(815): 2016-09-09 20:17:30] * estimation method   : MLE 
[job(815): 2016-09-09 20:17:30] * optimisation method : BFGS 
[job(815): 2016-09-09 20:17:30] * analytical gradient : used
[job(815): 2016-09-09 20:17:30] * trend model : ~1
[job(815): 2016-09-09 20:17:30] * covariance model : 
[job(815): 2016-09-09 20:17:30]   - type :  matern5_2 
[job(815): 2016-09-09 20:17:30]   - nugget : NO
[job(815): 2016-09-09 20:17:30]   - parameters lower bounds :  1e-10 1e-10 
[job(815): 2016-09-09 20:17:30]   - parameters upper bounds :  39.05316 41.74654 
[job(815): 2016-09-09 20:17:30]   - best initial criterion value(s) :  6.500777 
[job(815): 2016-09-09 20:17:30] 
[job(815): 2016-09-09 20:17:30] N = 2, M = 5 machine precision = 2.22045e-16
[job(815): 2016-09-09 20:17:30] At X0, 0 variables are exactly at the bounds
[job(815): 2016-09-09 20:17:30] At iterate     0  f=      -6.5008  |proj g|=      0.39911
[job(815): 2016-09-09 20:17:30] At iterate     1  f =      -6.6408  |proj g|=       0.26285
[job(815): 2016-09-09 20:17:30] At iterate     2  f =      -6.7638  |proj g|=      0.065541
[job(815): 2016-09-09 20:17:30] At iterate     3  f =      -6.7729  |proj g|=      0.038163
[job(815): 2016-09-09 20:17:30] At iterate     4  f =      -6.7766  |proj g|=      0.013324
[job(815): 2016-09-09 20:17:30] At iterate     5  f =      -6.7768  |proj g|=     0.0010955
[job(815): 2016-09-09 20:17:30] At iterate     6  f =      -6.7768  |proj g|=    1.7298e-05
[job(815): 2016-09-09 20:17:30] At iterate     7  f =      -6.7768  |proj g|=     9.985e-07
[job(815): 2016-09-09 20:17:30] 
[job(815): 2016-09-09 20:17:30] iterations 7
[job(815): 2016-09-09 20:17:30] function evaluations 8
[job(815): 2016-09-09 20:17:30] segments explored during Cauchy searches 7
[job(815): 2016-09-09 20:17:30] BFGS updates skipped 0
[job(815): 2016-09-09 20:17:30] active bounds at final generalized Cauchy point 0
[job(815): 2016-09-09 20:17:30] norm of the final projected gradient 9.98504e-07
[job(815): 2016-09-09 20:17:30] final function value -6.77682
[job(815): 2016-09-09 20:17:30] 
[job(815): 2016-09-09 20:17:30] F = -6.77682
[job(815): 2016-09-09 20:17:30] final  value -6.776817 
[job(815): 2016-09-09 20:17:30] converged
[job(815): 2016-09-09 20:17:30] [Tune-x] 17: C=145; sigma=2.41
[job(815): 2016-09-09 20:17:30] [Tune-y] 17: acc.test.mean=0.996; time: 0.0 min; memory: 117Mb use, 207Mb max
[job(815): 2016-09-09 20:17:30] 
[job(815): 2016-09-09 20:17:30] optimisation start
[job(815): 2016-09-09 20:17:30] ------------------
[job(815): 2016-09-09 20:17:30] * estimation method   : MLE 
[job(815): 2016-09-09 20:17:30] * optimisation method : BFGS 
[job(815): 2016-09-09 20:17:30] * analytical gradient : used
[job(815): 2016-09-09 20:17:30] * trend model : ~1
[job(815): 2016-09-09 20:17:30] * covariance model : 
[job(815): 2016-09-09 20:17:30]   - type :  matern5_2 
[job(815): 2016-09-09 20:17:30]   - nugget : NO
[job(815): 2016-09-09 20:17:30]   - parameters lower bounds :  1e-10 1e-10 
[job(815): 2016-09-09 20:17:30]   - parameters upper bounds :  39.05316 41.74654 
[job(815): 2016-09-09 20:17:30]   - best initial criterion value(s) :  8.428433 
[job(815): 2016-09-09 20:17:30] 
[job(815): 2016-09-09 20:17:30] N = 2, M = 5 machine precision = 2.22045e-16
[job(815): 2016-09-09 20:17:30] At X0, 0 variables are exactly at the bounds
[job(815): 2016-09-09 20:17:30] At iterate     0  f=      -8.4284  |proj g|=       0.1785
[job(815): 2016-09-09 20:17:30] At iterate     1  f =      -8.4629  |proj g|=       0.12027
[job(815): 2016-09-09 20:17:30] At iterate     2  f =      -8.4917  |proj g|=       0.02335
[job(815): 2016-09-09 20:17:30] At iterate     3  f =      -8.4932  |proj g|=     0.0046764
[job(815): 2016-09-09 20:17:30] At iterate     4  f =      -8.4933  |proj g|=    0.00032107
[job(815): 2016-09-09 20:17:30] At iterate     5  f =      -8.4933  |proj g|=    8.8245e-05
[job(815): 2016-09-09 20:17:30] At iterate     6  f =      -8.4933  |proj g|=    4.8626e-06
[job(815): 2016-09-09 20:17:30] 
[job(815): 2016-09-09 20:17:30] iterations 6
[job(815): 2016-09-09 20:17:30] function evaluations 7
[job(815): 2016-09-09 20:17:30] segments explored during Cauchy searches 6
[job(815): 2016-09-09 20:17:30] BFGS updates skipped 0
[job(815): 2016-09-09 20:17:30] active bounds at final generalized Cauchy point 0
[job(815): 2016-09-09 20:17:30] norm of the final projected gradient 4.86263e-06
[job(815): 2016-09-09 20:17:30] final function value -8.49328
[job(815): 2016-09-09 20:17:30] 
[job(815): 2016-09-09 20:17:30] F = -8.49328
[job(815): 2016-09-09 20:17:30] final  value -8.493283 
[job(815): 2016-09-09 20:17:30] converged
[job(815): 2016-09-09 20:17:30] [Tune-x] 18: C=3.39; sigma=0.32
[job(815): 2016-09-09 20:17:30] [Tune-y] 18: acc.test.mean=0.996; time: 0.0 min; memory: 117Mb use, 207Mb max
[job(815): 2016-09-09 20:17:30] 
[job(815): 2016-09-09 20:17:30] optimisation start
[job(815): 2016-09-09 20:17:30] ------------------
[job(815): 2016-09-09 20:17:30] * estimation method   : MLE 
[job(815): 2016-09-09 20:17:30] * optimisation method : BFGS 
[job(815): 2016-09-09 20:17:30] * analytical gradient : used
[job(815): 2016-09-09 20:17:30] * trend model : ~1
[job(815): 2016-09-09 20:17:30] * covariance model : 
[job(815): 2016-09-09 20:17:30]   - type :  matern5_2 
[job(815): 2016-09-09 20:17:30]   - nugget : NO
[job(815): 2016-09-09 20:17:30]   - parameters lower bounds :  1e-10 1e-10 
[job(815): 2016-09-09 20:17:30]   - parameters upper bounds :  39.05316 41.74654 
[job(815): 2016-09-09 20:17:30]   - best initial criterion value(s) :  7.10601 
[job(815): 2016-09-09 20:17:30] 
[job(815): 2016-09-09 20:17:30] N = 2, M = 5 machine precision = 2.22045e-16
[job(815): 2016-09-09 20:17:30] At X0, 0 variables are exactly at the bounds
[job(815): 2016-09-09 20:17:30] At iterate     0  f=       -7.106  |proj g|=       2.5807
[job(815): 2016-09-09 20:17:30] At iterate     1  f =      -10.531  |proj g|=        0.5986
[job(815): 2016-09-09 20:17:30] At iterate     2  f =      -10.897  |proj g|=        0.5192
[job(815): 2016-09-09 20:17:30] At iterate     3  f =      -11.767  |proj g|=       0.45935
[job(815): 2016-09-09 20:17:30] At iterate     4  f =      -11.875  |proj g|=       0.11852
[job(815): 2016-09-09 20:17:30] At iterate     5  f =      -11.891  |proj g|=      0.016896
[job(815): 2016-09-09 20:17:30] At iterate     6  f =      -11.893  |proj g|=     0.0031459
[job(815): 2016-09-09 20:17:30] At iterate     7  f =      -11.893  |proj g|=    0.00099412
[job(815): 2016-09-09 20:17:30] At iterate     8  f =      -11.893  |proj g|=    8.0597e-05
[job(815): 2016-09-09 20:17:30] At iterate     9  f =      -11.893  |proj g|=    6.1557e-07
[job(815): 2016-09-09 20:17:30] 
[job(815): 2016-09-09 20:17:30] iterations 9
[job(815): 2016-09-09 20:17:30] function evaluations 10
[job(815): 2016-09-09 20:17:30] segments explored during Cauchy searches 9
[job(815): 2016-09-09 20:17:30] BFGS updates skipped 0
[job(815): 2016-09-09 20:17:30] active bounds at final generalized Cauchy point 0
[job(815): 2016-09-09 20:17:30] norm of the final projected gradient 6.15574e-07
[job(815): 2016-09-09 20:17:30] final function value -11.8931
[job(815): 2016-09-09 20:17:30] 
[job(815): 2016-09-09 20:17:30] F = -11.8931
[job(815): 2016-09-09 20:17:30] final  value -11.893080 
[job(815): 2016-09-09 20:17:30] converged
[job(815): 2016-09-09 20:17:30] [Tune-x] 19: C=323; sigma=1.55
[job(815): 2016-09-09 20:17:30] [Tune-y] 19: acc.test.mean=0.996; time: 0.0 min; memory: 117Mb use, 207Mb max
[job(815): 2016-09-09 20:17:30] 
[job(815): 2016-09-09 20:17:30] optimisation start
[job(815): 2016-09-09 20:17:30] ------------------
[job(815): 2016-09-09 20:17:30] * estimation method   : MLE 
[job(815): 2016-09-09 20:17:30] * optimisation method : BFGS 
[job(815): 2016-09-09 20:17:30] * analytical gradient : used
[job(815): 2016-09-09 20:17:30] * trend model : ~1
[job(815): 2016-09-09 20:17:30] * covariance model : 
[job(815): 2016-09-09 20:17:30]   - type :  matern5_2 
[job(815): 2016-09-09 20:17:30]   - nugget : NO
[job(815): 2016-09-09 20:17:30]   - parameters lower bounds :  1e-10 1e-10 
[job(815): 2016-09-09 20:17:30]   - parameters upper bounds :  39.05316 41.74654 
[job(815): 2016-09-09 20:17:30]   - best initial criterion value(s) :  13.82417 
[job(815): 2016-09-09 20:17:30] 
[job(815): 2016-09-09 20:17:30] N = 2, M = 5 machine precision = 2.22045e-16
[job(815): 2016-09-09 20:17:30] At X0, 0 variables are exactly at the bounds
[job(815): 2016-09-09 20:17:30] At iterate     0  f=      -13.824  |proj g|=      0.56824
[job(815): 2016-09-09 20:17:30] At iterate     1  f =      -14.065  |proj g|=       0.26989
[job(815): 2016-09-09 20:17:30] At iterate     2  f =      -14.174  |proj g|=       0.12353
[job(815): 2016-09-09 20:17:30] At iterate     3  f =      -14.204  |proj g|=        0.1067
[job(815): 2016-09-09 20:17:30] At iterate     4  f =      -14.267  |proj g|=      0.073971
[job(815): 2016-09-09 20:17:30] At iterate     5  f =      -14.271  |proj g|=     0.0036525
[job(815): 2016-09-09 20:17:30] At iterate     6  f =      -14.271  |proj g|=    4.8745e-05
[job(815): 2016-09-09 20:17:30] At iterate     7  f =      -14.271  |proj g|=    5.1046e-06
[job(815): 2016-09-09 20:17:30] 
[job(815): 2016-09-09 20:17:30] iterations 7
[job(815): 2016-09-09 20:17:30] function evaluations 8
[job(815): 2016-09-09 20:17:30] segments explored during Cauchy searches 7
[job(815): 2016-09-09 20:17:30] BFGS updates skipped 0
[job(815): 2016-09-09 20:17:30] active bounds at final generalized Cauchy point 0
[job(815): 2016-09-09 20:17:30] norm of the final projected gradient 5.10457e-06
[job(815): 2016-09-09 20:17:30] final function value -14.2709
[job(815): 2016-09-09 20:17:30] 
[job(815): 2016-09-09 20:17:30] F = -14.2709
[job(815): 2016-09-09 20:17:30] final  value -14.270859 
[job(815): 2016-09-09 20:17:30] converged
[job(815): 2016-09-09 20:17:30] [Tune-x] 20: C=136; sigma=0.35
[job(815): 2016-09-09 20:17:30] [Tune-y] 20: acc.test.mean=0.996; time: 0.0 min; memory: 117Mb use, 207Mb max
[job(815): 2016-09-09 20:17:30] 
[job(815): 2016-09-09 20:17:30] optimisation start
[job(815): 2016-09-09 20:17:30] ------------------
[job(815): 2016-09-09 20:17:30] * estimation method   : MLE 
[job(815): 2016-09-09 20:17:30] * optimisation method : BFGS 
[job(815): 2016-09-09 20:17:30] * analytical gradient : used
[job(815): 2016-09-09 20:17:30] * trend model : ~1
[job(815): 2016-09-09 20:17:30] * covariance model : 
[job(815): 2016-09-09 20:17:30]   - type :  matern5_2 
[job(815): 2016-09-09 20:17:30]   - nugget : NO
[job(815): 2016-09-09 20:17:30]   - parameters lower bounds :  1e-10 1e-10 
[job(815): 2016-09-09 20:17:30]   - parameters upper bounds :  39.05316 41.74654 
[job(815): 2016-09-09 20:17:30]   - best initial criterion value(s) :  16.56825 
[job(815): 2016-09-09 20:17:30] 
[job(815): 2016-09-09 20:17:30] N = 2, M = 5 machine precision = 2.22045e-16
[job(815): 2016-09-09 20:17:30] At X0, 0 variables are exactly at the bounds
[job(815): 2016-09-09 20:17:30] At iterate     0  f=      -16.568  |proj g|=      0.39421
[job(815): 2016-09-09 20:17:30] At iterate     1  f =      -16.686  |proj g|=       0.10674
[job(815): 2016-09-09 20:17:30] At iterate     2  f =      -16.707  |proj g|=      0.070472
[job(815): 2016-09-09 20:17:30] At iterate     3  f =      -16.719  |proj g|=      0.068692
[job(815): 2016-09-09 20:17:30] At iterate     4  f =      -16.741  |proj g|=      0.058294
[job(815): 2016-09-09 20:17:30] At iterate     5  f =      -16.743  |proj g|=     0.0022021
[job(815): 2016-09-09 20:17:30] At iterate     6  f =      -16.743  |proj g|=    6.8184e-05
[job(815): 2016-09-09 20:17:30] At iterate     7  f =      -16.743  |proj g|=    1.6934e-07
[job(815): 2016-09-09 20:17:30] 
[job(815): 2016-09-09 20:17:30] iterations 7
[job(815): 2016-09-09 20:17:30] function evaluations 8
[job(815): 2016-09-09 20:17:30] segments explored during Cauchy searches 7
[job(815): 2016-09-09 20:17:30] BFGS updates skipped 0
[job(815): 2016-09-09 20:17:30] active bounds at final generalized Cauchy point 0
[job(815): 2016-09-09 20:17:30] norm of the final projected gradient 1.69335e-07
[job(815): 2016-09-09 20:17:30] final function value -16.743
[job(815): 2016-09-09 20:17:30] 
[job(815): 2016-09-09 20:17:30] F = -16.743
[job(815): 2016-09-09 20:17:30] final  value -16.742998 
[job(815): 2016-09-09 20:17:30] converged
[job(815): 2016-09-09 20:17:30] [Tune-x] 21: C=2; sigma=1.16
[job(815): 2016-09-09 20:17:30] [Tune-y] 21: acc.test.mean=0.996; time: 0.0 min; memory: 117Mb use, 207Mb max
[job(815): 2016-09-09 20:17:30] 
[job(815): 2016-09-09 20:17:30] optimisation start
[job(815): 2016-09-09 20:17:30] ------------------
[job(815): 2016-09-09 20:17:30] * estimation method   : MLE 
[job(815): 2016-09-09 20:17:30] * optimisation method : BFGS 
[job(815): 2016-09-09 20:17:30] * analytical gradient : used
[job(815): 2016-09-09 20:17:30] * trend model : ~1
[job(815): 2016-09-09 20:17:30] * covariance model : 
[job(815): 2016-09-09 20:17:30]   - type :  matern5_2 
[job(815): 2016-09-09 20:17:30]   - nugget : NO
[job(815): 2016-09-09 20:17:30]   - parameters lower bounds :  1e-10 1e-10 
[job(815): 2016-09-09 20:17:30]   - parameters upper bounds :  39.05316 41.74654 
[job(815): 2016-09-09 20:17:30]   - best initial criterion value(s) :  15.17955 
[job(815): 2016-09-09 20:17:30] 
[job(815): 2016-09-09 20:17:30] N = 2, M = 5 machine precision = 2.22045e-16
[job(815): 2016-09-09 20:17:30] At X0, 0 variables are exactly at the bounds
[job(815): 2016-09-09 20:17:30] At iterate     0  f=       -15.18  |proj g|=        2.719
[job(815): 2016-09-09 20:17:30] At iterate     1  f =      -18.585  |proj g|=      0.097415
[job(815): 2016-09-09 20:17:30] At iterate     2  f =      -18.594  |proj g|=      0.079314
[job(815): 2016-09-09 20:17:30] At iterate     3  f =      -18.611  |proj g|=      0.004798
[job(815): 2016-09-09 20:17:30] At iterate     4  f =      -18.611  |proj g|=    0.00031758
[job(815): 2016-09-09 20:17:30] At iterate     5  f =      -18.611  |proj g|=     2.753e-05
[job(815): 2016-09-09 20:17:30] At iterate     6  f =      -18.611  |proj g|=    1.3804e-06
[job(815): 2016-09-09 20:17:30] 
[job(815): 2016-09-09 20:17:30] iterations 6
[job(815): 2016-09-09 20:17:30] function evaluations 7
[job(815): 2016-09-09 20:17:30] segments explored during Cauchy searches 6
[job(815): 2016-09-09 20:17:30] BFGS updates skipped 0
[job(815): 2016-09-09 20:17:30] active bounds at final generalized Cauchy point 0
[job(815): 2016-09-09 20:17:30] norm of the final projected gradient 1.3804e-06
[job(815): 2016-09-09 20:17:30] final function value -18.6106
[job(815): 2016-09-09 20:17:30] 
[job(815): 2016-09-09 20:17:30] F = -18.6106
[job(815): 2016-09-09 20:17:30] final  value -18.610601 
[job(815): 2016-09-09 20:17:30] converged
[job(815): 2016-09-09 20:17:30] [Tune-x] 22: C=2.97; sigma=4.41
[job(815): 2016-09-09 20:17:30] [Tune-y] 22: acc.test.mean=0.993; time: 0.0 min; memory: 117Mb use, 215Mb max
[job(815): 2016-09-09 20:17:30] 
[job(815): 2016-09-09 20:17:30] optimisation start
[job(815): 2016-09-09 20:17:30] ------------------
[job(815): 2016-09-09 20:17:30] * estimation method   : MLE 
[job(815): 2016-09-09 20:17:30] * optimisation method : BFGS 
[job(815): 2016-09-09 20:17:30] * analytical gradient : used
[job(815): 2016-09-09 20:17:30] * trend model : ~1
[job(815): 2016-09-09 20:17:30] * covariance model : 
[job(815): 2016-09-09 20:17:30]   - type :  matern5_2 
[job(815): 2016-09-09 20:17:30]   - nugget : NO
[job(815): 2016-09-09 20:17:30]   - parameters lower bounds :  1e-10 1e-10 
[job(815): 2016-09-09 20:17:30]   - parameters upper bounds :  39.05316 41.74654 
[job(815): 2016-09-09 20:17:30]   - best initial criterion value(s) :  18.21617 
[job(815): 2016-09-09 20:17:30] 
[job(815): 2016-09-09 20:17:30] N = 2, M = 5 machine precision = 2.22045e-16
[job(815): 2016-09-09 20:17:30] At X0, 0 variables are exactly at the bounds
[job(815): 2016-09-09 20:17:30] At iterate     0  f=      -18.216  |proj g|=       3.1177
[job(815): 2016-09-09 20:17:30] At iterate     1  f =      -20.873  |proj g|=       0.79779
[job(815): 2016-09-09 20:17:30] At iterate     2  f =      -21.246  |proj g|=       0.33572
[job(815): 2016-09-09 20:17:30] At iterate     3  f =      -21.301  |proj g|=       0.13682
[job(815): 2016-09-09 20:17:30] At iterate     4  f =       -21.31  |proj g|=      0.034408
[job(815): 2016-09-09 20:17:30] At iterate     5  f =      -21.311  |proj g|=      0.028419
[job(815): 2016-09-09 20:17:30] At iterate     6  f =      -21.314  |proj g|=     0.0011733
[job(815): 2016-09-09 20:17:30] At iterate     7  f =      -21.314  |proj g|=    4.7595e-05
[job(815): 2016-09-09 20:17:30] At iterate     8  f =      -21.314  |proj g|=    4.4026e-08
[job(815): 2016-09-09 20:17:30] 
[job(815): 2016-09-09 20:17:30] iterations 8
[job(815): 2016-09-09 20:17:30] function evaluations 9
[job(815): 2016-09-09 20:17:30] segments explored during Cauchy searches 8
[job(815): 2016-09-09 20:17:30] BFGS updates skipped 0
[job(815): 2016-09-09 20:17:30] active bounds at final generalized Cauchy point 0
[job(815): 2016-09-09 20:17:30] norm of the final projected gradient 4.40259e-08
[job(815): 2016-09-09 20:17:30] final function value -21.3138
[job(815): 2016-09-09 20:17:30] 
[job(815): 2016-09-09 20:17:30] F = -21.3138
[job(815): 2016-09-09 20:17:30] final  value -21.313768 
[job(815): 2016-09-09 20:17:30] converged
[job(815): 2016-09-09 20:17:30] [Tune-x] 23: C=11.1; sigma=0.374
[job(815): 2016-09-09 20:17:30] [Tune-y] 23: acc.test.mean=0.996; time: 0.0 min; memory: 117Mb use, 215Mb max
[job(815): 2016-09-09 20:17:30] 
[job(815): 2016-09-09 20:17:30] optimisation start
[job(815): 2016-09-09 20:17:30] ------------------
[job(815): 2016-09-09 20:17:30] * estimation method   : MLE 
[job(815): 2016-09-09 20:17:30] * optimisation method : BFGS 
[job(815): 2016-09-09 20:17:30] * analytical gradient : used
[job(815): 2016-09-09 20:17:30] * trend model : ~1
[job(815): 2016-09-09 20:17:30] * covariance model : 
[job(815): 2016-09-09 20:17:30]   - type :  matern5_2 
[job(815): 2016-09-09 20:17:30]   - nugget : NO
[job(815): 2016-09-09 20:17:30]   - parameters lower bounds :  1e-10 1e-10 
[job(815): 2016-09-09 20:17:30]   - parameters upper bounds :  39.05316 41.74654 
[job(815): 2016-09-09 20:17:30]   - best initial criterion value(s) :  24.29568 
[job(815): 2016-09-09 20:17:30] 
[job(815): 2016-09-09 20:17:30] N = 2, M = 5 machine precision = 2.22045e-16
[job(815): 2016-09-09 20:17:30] At X0, 0 variables are exactly at the bounds
[job(815): 2016-09-09 20:17:30] At iterate     0  f=      -24.296  |proj g|=      0.84738
[job(815): 2016-09-09 20:17:30] At iterate     1  f =      -24.808  |proj g|=       0.21538
[job(815): 2016-09-09 20:17:30] At iterate     2  f =      -24.854  |proj g|=       0.12465
[job(815): 2016-09-09 20:17:30] At iterate     3  f =      -24.883  |proj g|=      0.010604
[job(815): 2016-09-09 20:17:30] At iterate     4  f =      -24.884  |proj g|=    0.00068039
[job(815): 2016-09-09 20:17:30] At iterate     5  f =      -24.884  |proj g|=    6.2283e-05
[job(815): 2016-09-09 20:17:30] At iterate     6  f =      -24.884  |proj g|=    1.3989e-06
[job(815): 2016-09-09 20:17:30] 
[job(815): 2016-09-09 20:17:30] iterations 6
[job(815): 2016-09-09 20:17:30] function evaluations 7
[job(815): 2016-09-09 20:17:30] segments explored during Cauchy searches 6
[job(815): 2016-09-09 20:17:30] BFGS updates skipped 0
[job(815): 2016-09-09 20:17:30] active bounds at final generalized Cauchy point 0
[job(815): 2016-09-09 20:17:30] norm of the final projected gradient 1.39893e-06
[job(815): 2016-09-09 20:17:30] final function value -24.8837
[job(815): 2016-09-09 20:17:30] 
[job(815): 2016-09-09 20:17:30] F = -24.8837
[job(815): 2016-09-09 20:17:30] final  value -24.883707 
[job(815): 2016-09-09 20:17:30] converged
[job(815): 2016-09-09 20:17:30] [Tune-x] 24: C=335; sigma=0.0376
[job(815): 2016-09-09 20:17:30] [Tune-y] 24: acc.test.mean=0.996; time: 0.0 min; memory: 117Mb use, 215Mb max
[job(815): 2016-09-09 20:17:30] 
[job(815): 2016-09-09 20:17:30] optimisation start
[job(815): 2016-09-09 20:17:30] ------------------
[job(815): 2016-09-09 20:17:30] * estimation method   : MLE 
[job(815): 2016-09-09 20:17:30] * optimisation method : BFGS 
[job(815): 2016-09-09 20:17:30] * analytical gradient : used
[job(815): 2016-09-09 20:17:30] * trend model : ~1
[job(815): 2016-09-09 20:17:30] * covariance model : 
[job(815): 2016-09-09 20:17:30]   - type :  matern5_2 
[job(815): 2016-09-09 20:17:30]   - nugget : NO
[job(815): 2016-09-09 20:17:30]   - parameters lower bounds :  1e-10 1e-10 
[job(815): 2016-09-09 20:17:30]   - parameters upper bounds :  39.05316 41.74654 
[job(815): 2016-09-09 20:17:30]   - best initial criterion value(s) :  20.3647 
[job(815): 2016-09-09 20:17:30] 
[job(815): 2016-09-09 20:17:30] N = 2, M = 5 machine precision = 2.22045e-16
[job(815): 2016-09-09 20:17:30] At X0, 0 variables are exactly at the bounds
[job(815): 2016-09-09 20:17:30] At iterate     0  f=      -20.365  |proj g|=       0.6454
[job(815): 2016-09-09 20:17:30] At iterate     1  f =      -20.778  |proj g|=       0.61886
[job(815): 2016-09-09 20:17:30] At iterate     2  f =      -25.052  |proj g|=       0.87627
[job(815): 2016-09-09 20:17:30] At iterate     3  f =       -25.57  |proj g|=        1.1488
[job(815): 2016-09-09 20:17:30] At iterate     4  f =      -26.601  |proj g|=       0.15956
[job(815): 2016-09-09 20:17:30] At iterate     5  f =      -26.611  |proj g|=      0.062206
[job(815): 2016-09-09 20:17:30] At iterate     6  f =      -26.616  |proj g|=     0.0035754
[job(815): 2016-09-09 20:17:30] At iterate     7  f =      -26.616  |proj g|=    0.00029712
[job(815): 2016-09-09 20:17:30] At iterate     8  f =      -26.616  |proj g|=    6.8535e-05
[job(815): 2016-09-09 20:17:30] 
[job(815): 2016-09-09 20:17:30] iterations 8
[job(815): 2016-09-09 20:17:30] function evaluations 11
[job(815): 2016-09-09 20:17:30] segments explored during Cauchy searches 8
[job(815): 2016-09-09 20:17:30] BFGS updates skipped 0
[job(815): 2016-09-09 20:17:30] active bounds at final generalized Cauchy point 0
[job(815): 2016-09-09 20:17:30] norm of the final projected gradient 6.85347e-05
[job(815): 2016-09-09 20:17:30] final function value -26.6162
[job(815): 2016-09-09 20:17:30] 
[job(815): 2016-09-09 20:17:30] F = -26.6162
[job(815): 2016-09-09 20:17:30] final  value -26.616247 
[job(815): 2016-09-09 20:17:30] converged
[job(815): 2016-09-09 20:17:30] [Tune-x] 25: C=192; sigma=0.117
[job(815): 2016-09-09 20:17:30] [Tune-y] 25: acc.test.mean=0.996; time: 0.0 min; memory: 117Mb use, 215Mb max
[job(815): 2016-09-09 20:17:30] 
[job(815): 2016-09-09 20:17:30] optimisation start
[job(815): 2016-09-09 20:17:30] ------------------
[job(815): 2016-09-09 20:17:30] * estimation method   : MLE 
[job(815): 2016-09-09 20:17:30] * optimisation method : BFGS 
[job(815): 2016-09-09 20:17:30] * analytical gradient : used
[job(815): 2016-09-09 20:17:30] * trend model : ~1
[job(815): 2016-09-09 20:17:30] * covariance model : 
[job(815): 2016-09-09 20:17:30]   - type :  matern5_2 
[job(815): 2016-09-09 20:17:30]   - nugget : NO
[job(815): 2016-09-09 20:17:30]   - parameters lower bounds :  1e-10 1e-10 
[job(815): 2016-09-09 20:17:30]   - parameters upper bounds :  39.05316 41.74654 
[job(815): 2016-09-09 20:17:30]   - best initial criterion value(s) :  28.63019 
[job(815): 2016-09-09 20:17:30] 
[job(815): 2016-09-09 20:17:30] N = 2, M = 5 machine precision = 2.22045e-16
[job(815): 2016-09-09 20:17:30] At X0, 0 variables are exactly at the bounds
[job(815): 2016-09-09 20:17:30] At iterate     0  f=       -28.63  |proj g|=       0.4789
[job(815): 2016-09-09 20:17:30] At iterate     1  f =      -28.911  |proj g|=       0.46804
[job(815): 2016-09-09 20:17:30] At iterate     2  f =      -29.786  |proj g|=       0.15486
[job(815): 2016-09-09 20:17:30] At iterate     3  f =      -29.835  |proj g|=       0.01215
[job(815): 2016-09-09 20:17:30] At iterate     4  f =      -29.835  |proj g|=     0.0087726
[job(815): 2016-09-09 20:17:30] At iterate     5  f =      -29.835  |proj g|=    0.00013849
[job(815): 2016-09-09 20:17:30] At iterate     6  f =      -29.835  |proj g|=    2.4162e-06
[job(815): 2016-09-09 20:17:30] 
[job(815): 2016-09-09 20:17:30] iterations 6
[job(815): 2016-09-09 20:17:30] function evaluations 9
[job(815): 2016-09-09 20:17:30] segments explored during Cauchy searches 6
[job(815): 2016-09-09 20:17:30] BFGS updates skipped 0
[job(815): 2016-09-09 20:17:30] active bounds at final generalized Cauchy point 0
[job(815): 2016-09-09 20:17:30] norm of the final projected gradient 2.41623e-06
[job(815): 2016-09-09 20:17:30] final function value -29.8348
[job(815): 2016-09-09 20:17:30] 
[job(815): 2016-09-09 20:17:30] F = -29.8348
[job(815): 2016-09-09 20:17:30] final  value -29.834770 
[job(815): 2016-09-09 20:17:30] converged
[job(815): 2016-09-09 20:17:30] [Tune-x] 26: C=512; sigma=0.0851
[job(815): 2016-09-09 20:17:30] [Tune-y] 26: acc.test.mean=   1; time: 0.0 min; memory: 117Mb use, 215Mb max
[job(815): 2016-09-09 20:17:30] 
[job(815): 2016-09-09 20:17:30] optimisation start
[job(815): 2016-09-09 20:17:30] ------------------
[job(815): 2016-09-09 20:17:30] * estimation method   : MLE 
[job(815): 2016-09-09 20:17:30] * optimisation method : BFGS 
[job(815): 2016-09-09 20:17:30] * analytical gradient : used
[job(815): 2016-09-09 20:17:30] * trend model : ~1
[job(815): 2016-09-09 20:17:30] * covariance model : 
[job(815): 2016-09-09 20:17:30]   - type :  matern5_2 
[job(815): 2016-09-09 20:17:30]   - nugget : NO
[job(815): 2016-09-09 20:17:30]   - parameters lower bounds :  1e-10 1e-10 
[job(815): 2016-09-09 20:17:30]   - parameters upper bounds :  39.05316 41.74654 
[job(815): 2016-09-09 20:17:30]   - best initial criterion value(s) :  30.28827 
[job(815): 2016-09-09 20:17:30] 
[job(815): 2016-09-09 20:17:30] N = 2, M = 5 machine precision = 2.22045e-16
[job(815): 2016-09-09 20:17:30] At X0, 0 variables are exactly at the bounds
[job(815): 2016-09-09 20:17:30] At iterate     0  f=      -30.288  |proj g|=       0.6079
[job(815): 2016-09-09 20:17:30] At iterate     1  f =      -30.659  |proj g|=       0.58428
[job(815): 2016-09-09 20:17:30] At iterate     2  f =      -32.579  |proj g|=       0.51429
[job(815): 2016-09-09 20:17:30] At iterate     3  f =      -32.894  |proj g|=       0.19521
[job(815): 2016-09-09 20:17:30] At iterate     4  f =      -32.897  |proj g|=       0.14096
[job(815): 2016-09-09 20:17:30] At iterate     5  f =      -32.912  |proj g|=     0.0091823
[job(815): 2016-09-09 20:17:30] At iterate     6  f =      -32.912  |proj g|=    0.00057204
[job(815): 2016-09-09 20:17:30] At iterate     7  f =      -32.912  |proj g|=    4.9176e-06
[job(815): 2016-09-09 20:17:30] At iterate     8  f =      -32.912  |proj g|=    3.3912e-07
[job(815): 2016-09-09 20:17:30] 
[job(815): 2016-09-09 20:17:30] iterations 8
[job(815): 2016-09-09 20:17:30] function evaluations 13
[job(815): 2016-09-09 20:17:30] segments explored during Cauchy searches 9
[job(815): 2016-09-09 20:17:30] BFGS updates skipped 0
[job(815): 2016-09-09 20:17:30] active bounds at final generalized Cauchy point 0
[job(815): 2016-09-09 20:17:30] norm of the final projected gradient 3.39123e-07
[job(815): 2016-09-09 20:17:30] final function value -32.9122
[job(815): 2016-09-09 20:17:30] 
[job(815): 2016-09-09 20:17:30] F = -32.9122
[job(815): 2016-09-09 20:17:30] final  value -32.912153 
[job(815): 2016-09-09 20:17:30] converged
[job(815): 2016-09-09 20:17:30] [Tune-x] 27: C=2.21; sigma=0.423
[job(815): 2016-09-09 20:17:30] [Tune-y] 27: acc.test.mean=0.993; time: 0.0 min; memory: 117Mb use, 215Mb max
[job(815): 2016-09-09 20:17:30] 
[job(815): 2016-09-09 20:17:30] optimisation start
[job(815): 2016-09-09 20:17:30] ------------------
[job(815): 2016-09-09 20:17:30] * estimation method   : MLE 
[job(815): 2016-09-09 20:17:30] * optimisation method : BFGS 
[job(815): 2016-09-09 20:17:30] * analytical gradient : used
[job(815): 2016-09-09 20:17:30] * trend model : ~1
[job(815): 2016-09-09 20:17:30] * covariance model : 
[job(815): 2016-09-09 20:17:30]   - type :  matern5_2 
[job(815): 2016-09-09 20:17:30]   - nugget : NO
[job(815): 2016-09-09 20:17:30]   - parameters lower bounds :  1e-10 1e-10 
[job(815): 2016-09-09 20:17:30]   - parameters upper bounds :  39.05316 41.74654 
[job(815): 2016-09-09 20:17:30]   - best initial criterion value(s) :  33.0239 
[job(815): 2016-09-09 20:17:30] 
[job(815): 2016-09-09 20:17:30] N = 2, M = 5 machine precision = 2.22045e-16
[job(815): 2016-09-09 20:17:30] At X0, 0 variables are exactly at the bounds
[job(815): 2016-09-09 20:17:30] At iterate     0  f=      -33.024  |proj g|=      0.58013
[job(815): 2016-09-09 20:17:30] At iterate     1  f =      -33.388  |proj g|=       0.42372
[job(815): 2016-09-09 20:17:30] At iterate     2  f =      -34.106  |proj g|=       0.60753
[job(815): 2016-09-09 20:17:30] At iterate     3  f =      -34.704  |proj g|=       0.91788
[job(815): 2016-09-09 20:17:30] At iterate     4  f =      -35.333  |proj g|=       0.33507
[job(815): 2016-09-09 20:17:30] At iterate     5  f =      -35.371  |proj g|=       0.19132
[job(815): 2016-09-09 20:17:30] At iterate     6  f =      -35.397  |proj g|=       0.02292
[job(815): 2016-09-09 20:17:30] At iterate     7  f =      -35.398  |proj g|=     0.0027868
[job(815): 2016-09-09 20:17:30] At iterate     8  f =      -35.398  |proj g|=    8.1519e-05
[job(815): 2016-09-09 20:17:30] At iterate     9  f =      -35.398  |proj g|=    1.1961e-05
[job(815): 2016-09-09 20:17:30] 
[job(815): 2016-09-09 20:17:30] iterations 9
[job(815): 2016-09-09 20:17:30] function evaluations 10
[job(815): 2016-09-09 20:17:30] segments explored during Cauchy searches 9
[job(815): 2016-09-09 20:17:30] BFGS updates skipped 0
[job(815): 2016-09-09 20:17:30] active bounds at final generalized Cauchy point 0
[job(815): 2016-09-09 20:17:30] norm of the final projected gradient 1.19614e-05
[job(815): 2016-09-09 20:17:30] final function value -35.3979
[job(815): 2016-09-09 20:17:30] 
[job(815): 2016-09-09 20:17:30] F = -35.3979
[job(815): 2016-09-09 20:17:30] final  value -35.397854 
[job(815): 2016-09-09 20:17:30] converged
[job(815): 2016-09-09 20:17:30] [Tune-x] 28: C=5.61; sigma=2.41
[job(815): 2016-09-09 20:17:30] [Tune-y] 28: acc.test.mean=0.996; time: 0.0 min; memory: 117Mb use, 215Mb max
[job(815): 2016-09-09 20:17:30] 
[job(815): 2016-09-09 20:17:30] optimisation start
[job(815): 2016-09-09 20:17:30] ------------------
[job(815): 2016-09-09 20:17:30] * estimation method   : MLE 
[job(815): 2016-09-09 20:17:30] * optimisation method : BFGS 
[job(815): 2016-09-09 20:17:30] * analytical gradient : used
[job(815): 2016-09-09 20:17:30] * trend model : ~1
[job(815): 2016-09-09 20:17:30] * covariance model : 
[job(815): 2016-09-09 20:17:30]   - type :  matern5_2 
[job(815): 2016-09-09 20:17:30]   - nugget : NO
[job(815): 2016-09-09 20:17:30]   - parameters lower bounds :  1e-10 1e-10 
[job(815): 2016-09-09 20:17:30]   - parameters upper bounds :  39.05316 41.74654 
[job(815): 2016-09-09 20:17:30]   - best initial criterion value(s) :  36.55145 
[job(815): 2016-09-09 20:17:30] 
[job(815): 2016-09-09 20:17:30] N = 2, M = 5 machine precision = 2.22045e-16
[job(815): 2016-09-09 20:17:30] At X0, 0 variables are exactly at the bounds
[job(815): 2016-09-09 20:17:30] At iterate     0  f=      -36.551  |proj g|=      0.62295
[job(815): 2016-09-09 20:17:30] At iterate     1  f =       -36.94  |proj g|=       0.39948
[job(815): 2016-09-09 20:17:30] At iterate     2  f =      -37.471  |proj g|=       0.64807
[job(815): 2016-09-09 20:17:30] At iterate     3  f =      -37.965  |proj g|=       0.68874
[job(815): 2016-09-09 20:17:30] At iterate     4  f =       -38.55  |proj g|=       0.27942
[job(815): 2016-09-09 20:17:30] At iterate     5  f =      -38.571  |proj g|=       0.13899
[job(815): 2016-09-09 20:17:30] At iterate     6  f =      -38.594  |proj g|=      0.015534
[job(815): 2016-09-09 20:17:30] At iterate     7  f =      -38.595  |proj g|=      0.018462
[job(815): 2016-09-09 20:17:30] At iterate     8  f =      -38.596  |proj g|=      0.020143
[job(815): 2016-09-09 20:17:30] At iterate     9  f =      -38.597  |proj g|=      0.012767
[job(815): 2016-09-09 20:17:30] At iterate    10  f =      -38.652  |proj g|=      0.076293
[job(815): 2016-09-09 20:17:30] At iterate    11  f =      -38.652  |proj g|=      0.072495
[job(815): 2016-09-09 20:17:30] At iterate    12  f =      -38.656  |proj g|=      0.019035
[job(815): 2016-09-09 20:17:30] At iterate    13  f =      -38.657  |proj g|=    0.00058235
[job(815): 2016-09-09 20:17:30] At iterate    14  f =      -38.657  |proj g|=    7.6839e-06
[job(815): 2016-09-09 20:17:30] At iterate    15  f =      -38.657  |proj g|=    2.2671e-07
[job(815): 2016-09-09 20:17:30] 
[job(815): 2016-09-09 20:17:30] iterations 15
[job(815): 2016-09-09 20:17:30] function evaluations 21
[job(815): 2016-09-09 20:17:30] segments explored during Cauchy searches 15
[job(815): 2016-09-09 20:17:30] BFGS updates skipped 0
[job(815): 2016-09-09 20:17:30] active bounds at final generalized Cauchy point 0
[job(815): 2016-09-09 20:17:30] norm of the final projected gradient 2.26706e-07
[job(815): 2016-09-09 20:17:30] final function value -38.6565
[job(815): 2016-09-09 20:17:30] 
[job(815): 2016-09-09 20:17:30] F = -38.6565
[job(815): 2016-09-09 20:17:30] final  value -38.656522 
[job(815): 2016-09-09 20:17:30] converged
[job(815): 2016-09-09 20:17:30] [Tune] Result: C=512; sigma=0.0851 : acc.test.mean=  -1
[job(815): 2016-09-09 20:17:30] Job terminated successfully
[job(chunk): 2016-09-09 20:17:31] Calculation finished!
