[job(chunk): 2016-09-10 01:14:12] Starting calculation of 1 jobs
[job(chunk): 2016-09-10 01:14:12] Setting working directory to '/naslx/projects/pr74ze/ri89coc2/svm_comparison'
[job(chunk): 2016-09-10 01:14:12] Memory measurement disabled
[job(1595): 2016-09-10 01:14:14] Starting job with job.id=1595
[job(1595): 2016-09-10 01:14:57] Generating problem instance for problem '4340' ...
[job(1595): 2016-09-10 01:14:57] Downloading from 'http://www.openml.org/api/v1/data/4340' to '/tmp/ri89coc2/Rtmp2xEJNT/cache/datasets/4340/description.xml'.
[job(1595): 2016-09-10 01:14:57] Downloading from 'http://www.openml.org/data/download/1786606/phps1v09j' to '/tmp/ri89coc2/Rtmp2xEJNT/cache/datasets/4340/dataset.arff'
[job(1595): 2016-09-10 01:14:57] Loading required package: readr
[job(1595): 2016-09-10 01:14:57] Applying algorithm 'C-svc.tuned' on problem '4340' ...
[job(1595): 2016-09-10 01:14:57] Data '4340' file 'description.xml' found in cache.
[job(1595): 2016-09-10 01:14:57] Data '4340' file 'dataset.arff' found in cache.
[job(1595): 2016-09-10 01:14:57] [Tune] Started tuning learner C-svc for parameter set:
[job(1595): 2016-09-10 01:14:57]          Type len Def    Constr Req Tunable Trafo
[job(1595): 2016-09-10 01:14:57] C     numeric   -   - -12 to 12   -    TRUE     Y
[job(1595): 2016-09-10 01:14:57] sigma numeric   -   - -12 to 12   -    TRUE     Y
[job(1595): 2016-09-10 01:14:57] With control class: TuneControlMBO
[job(1595): 2016-09-10 01:14:57] Imputation value: -0
[job(1595): 2016-09-10 01:14:57] [Tune-x] 1: C=0.826; sigma=6.82
[job(1595): 2016-09-10 01:14:57] [Tune-y] 1: acc.test.mean=0.806; time: 0.0 min; memory: 113Mb use, 146Mb max
[job(1595): 2016-09-10 01:14:57] [Tune-x] 2: C=31.8; sigma=1.1e+03
[job(1595): 2016-09-10 01:14:57] [Tune-y] 2: acc.test.mean=0.672; time: 0.0 min; memory: 113Mb use, 146Mb max
[job(1595): 2016-09-10 01:14:57] [Tune-x] 3: C=0.0699; sigma=0.0441
[job(1595): 2016-09-10 01:14:57] [Tune-y] 3: acc.test.mean=0.672; time: 0.0 min; memory: 113Mb use, 146Mb max
[job(1595): 2016-09-10 01:14:57] [Tune-x] 4: C=149; sigma=0.00516
[job(1595): 2016-09-10 01:14:57] [Tune-y] 4: acc.test.mean=0.907; time: 0.0 min; memory: 113Mb use, 146Mb max
[job(1595): 2016-09-10 01:14:57] [Tune-x] 5: C=3.54; sigma=0.381
[job(1595): 2016-09-10 01:14:57] [Tune-y] 5: acc.test.mean=0.939; time: 0.0 min; memory: 113Mb use, 146Mb max
[job(1595): 2016-09-10 01:14:57] [Tune-x] 6: C=0.00288; sigma=257
[job(1595): 2016-09-10 01:14:57] [Tune-y] 6: acc.test.mean=0.672; time: 0.0 min; memory: 113Mb use, 146Mb max
[job(1595): 2016-09-10 01:14:57] [Tune-x] 7: C=0.00151; sigma=0.000473
[job(1595): 2016-09-10 01:14:57] [Tune-y] 7: acc.test.mean=0.672; time: 0.0 min; memory: 113Mb use, 146Mb max
[job(1595): 2016-09-10 01:14:57] [Tune-x] 8: C=548; sigma=22.1
[job(1595): 2016-09-10 01:14:57] [Tune-y] 8: acc.test.mean=0.716; time: 0.0 min; memory: 113Mb use, 146Mb max
[job(1595): 2016-09-10 01:14:57] 
[job(1595): 2016-09-10 01:14:57] optimisation start
[job(1595): 2016-09-10 01:14:57] ------------------
[job(1595): 2016-09-10 01:14:57] * estimation method   : MLE 
[job(1595): 2016-09-10 01:14:57] * optimisation method : BFGS 
[job(1595): 2016-09-10 01:14:57] * analytical gradient : used
[job(1595): 2016-09-10 01:14:57] * trend model : ~1
[job(1595): 2016-09-10 01:14:57] * covariance model : 
[job(1595): 2016-09-10 01:14:57]   - type :  matern5_2 
[job(1595): 2016-09-10 01:14:57]   - nugget : NO
[job(1595): 2016-09-10 01:14:57]   - parameters lower bounds :  1e-10 1e-10 
[job(1595): 2016-09-10 01:14:57]   - parameters upper bounds :  36.93323 42.3001 
[job(1595): 2016-09-10 01:14:57]   - best initial criterion value(s) :  6.825446 
[job(1595): 2016-09-10 01:14:57] 
[job(1595): 2016-09-10 01:14:57] N = 2, M = 5 machine precision = 2.22045e-16
[job(1595): 2016-09-10 01:14:57] At X0, 0 variables are exactly at the bounds
[job(1595): 2016-09-10 01:14:57] At iterate     0  f=      -6.8254  |proj g|=      0.11619
[job(1595): 2016-09-10 01:14:57] At iterate     1  f =      -6.8514  |proj g|=       0.11125
[job(1595): 2016-09-10 01:14:57] At iterate     2  f =      -6.9743  |proj g|=       0.11137
[job(1595): 2016-09-10 01:14:57] At iterate     3  f =      -7.0148  |proj g|=      0.031528
[job(1595): 2016-09-10 01:14:57] At iterate     4  f =      -7.0255  |proj g|=      0.017124
[job(1595): 2016-09-10 01:14:57] At iterate     5  f =      -7.0303  |proj g|=     0.0091476
[job(1595): 2016-09-10 01:14:57] At iterate     6  f =      -7.0307  |proj g|=    0.00029594
[job(1595): 2016-09-10 01:14:57] At iterate     7  f =      -7.0307  |proj g|=    2.7657e-06
[job(1595): 2016-09-10 01:14:57] At iterate     8  f =      -7.0307  |proj g|=    1.0585e-08
[job(1595): 2016-09-10 01:14:57] 
[job(1595): 2016-09-10 01:14:57] iterations 8
[job(1595): 2016-09-10 01:14:57] function evaluations 9
[job(1595): 2016-09-10 01:14:57] segments explored during Cauchy searches 8
[job(1595): 2016-09-10 01:14:57] BFGS updates skipped 0
[job(1595): 2016-09-10 01:14:57] active bounds at final generalized Cauchy point 0
[job(1595): 2016-09-10 01:14:57] norm of the final projected gradient 1.05854e-08
[job(1595): 2016-09-10 01:14:57] final function value -7.0307
[job(1595): 2016-09-10 01:14:57] 
[job(1595): 2016-09-10 01:14:57] F = -7.0307
[job(1595): 2016-09-10 01:14:57] final  value -7.030701 
[job(1595): 2016-09-10 01:14:57] converged
[job(1595): 2016-09-10 01:14:57] [Tune-x] 9: C=8.08; sigma=0.109
[job(1595): 2016-09-10 01:14:57] [Tune-y] 9: acc.test.mean=0.928; time: 0.0 min; memory: 117Mb use, 150Mb max
[job(1595): 2016-09-10 01:14:57] 
[job(1595): 2016-09-10 01:14:57] optimisation start
[job(1595): 2016-09-10 01:14:57] ------------------
[job(1595): 2016-09-10 01:14:57] * estimation method   : MLE 
[job(1595): 2016-09-10 01:14:57] * optimisation method : BFGS 
[job(1595): 2016-09-10 01:14:57] * analytical gradient : used
[job(1595): 2016-09-10 01:14:57] * trend model : ~1
[job(1595): 2016-09-10 01:14:57] * covariance model : 
[job(1595): 2016-09-10 01:14:57]   - type :  matern5_2 
[job(1595): 2016-09-10 01:14:57]   - nugget : NO
[job(1595): 2016-09-10 01:14:57]   - parameters lower bounds :  1e-10 1e-10 
[job(1595): 2016-09-10 01:14:57]   - parameters upper bounds :  36.93323 42.3001 
[job(1595): 2016-09-10 01:14:57]   - best initial criterion value(s) :  7.781354 
[job(1595): 2016-09-10 01:14:57] 
[job(1595): 2016-09-10 01:14:57] N = 2, M = 5 machine precision = 2.22045e-16
[job(1595): 2016-09-10 01:14:57] At X0, 0 variables are exactly at the bounds
[job(1595): 2016-09-10 01:14:57] At iterate     0  f=      -7.7814  |proj g|=      0.33621
[job(1595): 2016-09-10 01:14:57] At iterate     1  f =      -7.9156  |proj g|=       0.39037
[job(1595): 2016-09-10 01:14:57] ys=-1.915e-02  -gs= 1.214e-01, BFGS update SKIPPED
[job(1595): 2016-09-10 01:14:57] At iterate     2  f =      -8.0701  |proj g|=       0.32955
[job(1595): 2016-09-10 01:14:57] At iterate     3  f =       -8.258  |proj g|=       0.08712
[job(1595): 2016-09-10 01:14:57] At iterate     4  f =      -8.3742  |proj g|=       0.12551
[job(1595): 2016-09-10 01:14:57] At iterate     5  f =      -9.1304  |proj g|=      0.072459
[job(1595): 2016-09-10 01:14:57] At iterate     6  f =      -9.1374  |proj g|=      0.063944
[job(1595): 2016-09-10 01:14:57] At iterate     7  f =      -9.1504  |proj g|=      0.017865
[job(1595): 2016-09-10 01:14:57] At iterate     8  f =      -9.1529  |proj g|=      0.024235
[job(1595): 2016-09-10 01:14:57] At iterate     9  f =      -9.1541  |proj g|=     0.0094161
[job(1595): 2016-09-10 01:14:57] At iterate    10  f =      -9.1543  |proj g|=    0.00059664
[job(1595): 2016-09-10 01:14:57] At iterate    11  f =      -9.1543  |proj g|=    2.0612e-05
[job(1595): 2016-09-10 01:14:57] At iterate    12  f =      -9.1543  |proj g|=    1.3788e-06
[job(1595): 2016-09-10 01:14:57] 
[job(1595): 2016-09-10 01:14:57] iterations 12
[job(1595): 2016-09-10 01:14:57] function evaluations 18
[job(1595): 2016-09-10 01:14:57] segments explored during Cauchy searches 12
[job(1595): 2016-09-10 01:14:57] BFGS updates skipped 1
[job(1595): 2016-09-10 01:14:57] active bounds at final generalized Cauchy point 0
[job(1595): 2016-09-10 01:14:57] norm of the final projected gradient 1.37877e-06
[job(1595): 2016-09-10 01:14:57] final function value -9.1543
[job(1595): 2016-09-10 01:14:57] 
[job(1595): 2016-09-10 01:14:57] F = -9.1543
[job(1595): 2016-09-10 01:14:57] final  value -9.154303 
[job(1595): 2016-09-10 01:14:57] converged
[job(1595): 2016-09-10 01:14:57] [Tune-x] 10: C=4.38; sigma=0.302
[job(1595): 2016-09-10 01:14:57] [Tune-y] 10: acc.test.mean=0.936; time: 0.0 min; memory: 117Mb use, 156Mb max
[job(1595): 2016-09-10 01:14:57] 
[job(1595): 2016-09-10 01:14:57] optimisation start
[job(1595): 2016-09-10 01:14:57] ------------------
[job(1595): 2016-09-10 01:14:57] * estimation method   : MLE 
[job(1595): 2016-09-10 01:14:57] * optimisation method : BFGS 
[job(1595): 2016-09-10 01:14:57] * analytical gradient : used
[job(1595): 2016-09-10 01:14:57] * trend model : ~1
[job(1595): 2016-09-10 01:14:57] * covariance model : 
[job(1595): 2016-09-10 01:14:57]   - type :  matern5_2 
[job(1595): 2016-09-10 01:14:57]   - nugget : NO
[job(1595): 2016-09-10 01:14:57]   - parameters lower bounds :  1e-10 1e-10 
[job(1595): 2016-09-10 01:14:57]   - parameters upper bounds :  36.93323 42.3001 
[job(1595): 2016-09-10 01:14:57]   - best initial criterion value(s) :  11.6989 
[job(1595): 2016-09-10 01:14:57] 
[job(1595): 2016-09-10 01:14:57] N = 2, M = 5 machine precision = 2.22045e-16
[job(1595): 2016-09-10 01:14:57] At X0, 0 variables are exactly at the bounds
[job(1595): 2016-09-10 01:14:57] At iterate     0  f=      -11.699  |proj g|=      0.53044
[job(1595): 2016-09-10 01:14:57] At iterate     1  f =      -11.911  |proj g|=       0.22136
[job(1595): 2016-09-10 01:14:57] At iterate     2  f =      -11.971  |proj g|=      0.079423
[job(1595): 2016-09-10 01:14:57] At iterate     3  f =      -12.028  |proj g|=       0.13221
[job(1595): 2016-09-10 01:14:57] At iterate     4  f =       -12.29  |proj g|=       0.39544
[job(1595): 2016-09-10 01:14:57] At iterate     5  f =      -12.679  |proj g|=       0.56688
[job(1595): 2016-09-10 01:14:57] At iterate     6  f =      -12.866  |proj g|=       0.47687
[job(1595): 2016-09-10 01:14:57] At iterate     7  f =      -12.959  |proj g|=       0.31299
[job(1595): 2016-09-10 01:14:57] At iterate     8  f =      -13.034  |proj g|=       0.22415
[job(1595): 2016-09-10 01:14:57] At iterate     9  f =      -13.103  |proj g|=      0.077066
[job(1595): 2016-09-10 01:14:57] At iterate    10  f =      -13.107  |proj g|=       0.02061
[job(1595): 2016-09-10 01:14:57] At iterate    11  f =      -13.108  |proj g|=     0.0015102
[job(1595): 2016-09-10 01:14:57] At iterate    12  f =      -13.108  |proj g|=    3.2672e-05
[job(1595): 2016-09-10 01:14:57] At iterate    13  f =      -13.108  |proj g|=    2.5447e-07
[job(1595): 2016-09-10 01:14:57] 
[job(1595): 2016-09-10 01:14:57] iterations 13
[job(1595): 2016-09-10 01:14:57] function evaluations 23
[job(1595): 2016-09-10 01:14:57] segments explored during Cauchy searches 13
[job(1595): 2016-09-10 01:14:57] BFGS updates skipped 0
[job(1595): 2016-09-10 01:14:57] active bounds at final generalized Cauchy point 0
[job(1595): 2016-09-10 01:14:57] norm of the final projected gradient 2.54473e-07
[job(1595): 2016-09-10 01:14:57] final function value -13.1082
[job(1595): 2016-09-10 01:14:57] 
[job(1595): 2016-09-10 01:14:57] F = -13.1082
[job(1595): 2016-09-10 01:14:57] final  value -13.108246 
[job(1595): 2016-09-10 01:14:57] converged
[job(1595): 2016-09-10 01:14:57] [Tune-x] 11: C=2.95; sigma=0.127
[job(1595): 2016-09-10 01:14:57] [Tune-y] 11: acc.test.mean=0.907; time: 0.0 min; memory: 117Mb use, 157Mb max
[job(1595): 2016-09-10 01:14:57] 
[job(1595): 2016-09-10 01:14:57] optimisation start
[job(1595): 2016-09-10 01:14:57] ------------------
[job(1595): 2016-09-10 01:14:57] * estimation method   : MLE 
[job(1595): 2016-09-10 01:14:57] * optimisation method : BFGS 
[job(1595): 2016-09-10 01:14:57] * analytical gradient : used
[job(1595): 2016-09-10 01:14:57] * trend model : ~1
[job(1595): 2016-09-10 01:14:57] * covariance model : 
[job(1595): 2016-09-10 01:14:57]   - type :  matern5_2 
[job(1595): 2016-09-10 01:14:57]   - nugget : NO
[job(1595): 2016-09-10 01:14:57]   - parameters lower bounds :  1e-10 1e-10 
[job(1595): 2016-09-10 01:14:57]   - parameters upper bounds :  36.93323 42.3001 
[job(1595): 2016-09-10 01:14:57]   - best initial criterion value(s) :  13.75304 
[job(1595): 2016-09-10 01:14:57] 
[job(1595): 2016-09-10 01:14:57] N = 2, M = 5 machine precision = 2.22045e-16
[job(1595): 2016-09-10 01:14:57] At X0, 0 variables are exactly at the bounds
[job(1595): 2016-09-10 01:14:57] At iterate     0  f=      -13.753  |proj g|=      0.60728
[job(1595): 2016-09-10 01:14:57] At iterate     1  f =      -14.134  |proj g|=       0.42076
[job(1595): 2016-09-10 01:14:57] At iterate     2  f =       -14.79  |proj g|=       0.45692
[job(1595): 2016-09-10 01:14:57] At iterate     3  f =      -15.073  |proj g|=       0.23837
[job(1595): 2016-09-10 01:14:57] At iterate     4  f =      -15.399  |proj g|=       0.11473
[job(1595): 2016-09-10 01:14:57] At iterate     5  f =      -15.446  |proj g|=      0.040082
[job(1595): 2016-09-10 01:14:57] At iterate     6  f =      -15.448  |proj g|=     0.0040221
[job(1595): 2016-09-10 01:14:57] At iterate     7  f =      -15.448  |proj g|=     0.0003326
[job(1595): 2016-09-10 01:14:57] At iterate     8  f =      -15.448  |proj g|=    4.1829e-06
[job(1595): 2016-09-10 01:14:57] At iterate     9  f =      -15.448  |proj g|=    7.9924e-08
[job(1595): 2016-09-10 01:14:57] 
[job(1595): 2016-09-10 01:14:57] iterations 9
[job(1595): 2016-09-10 01:14:57] function evaluations 10
[job(1595): 2016-09-10 01:14:57] segments explored during Cauchy searches 9
[job(1595): 2016-09-10 01:14:57] BFGS updates skipped 0
[job(1595): 2016-09-10 01:14:57] active bounds at final generalized Cauchy point 0
[job(1595): 2016-09-10 01:14:57] norm of the final projected gradient 7.99239e-08
[job(1595): 2016-09-10 01:14:57] final function value -15.4481
[job(1595): 2016-09-10 01:14:57] 
[job(1595): 2016-09-10 01:14:57] F = -15.4481
[job(1595): 2016-09-10 01:14:57] final  value -15.448091 
[job(1595): 2016-09-10 01:14:57] converged
[job(1595): 2016-09-10 01:14:57] [Tune-x] 12: C=5.02; sigma=0.586
[job(1595): 2016-09-10 01:14:57] [Tune-y] 12: acc.test.mean=0.948; time: 0.0 min; memory: 117Mb use, 158Mb max
[job(1595): 2016-09-10 01:14:57] 
[job(1595): 2016-09-10 01:14:57] optimisation start
[job(1595): 2016-09-10 01:14:57] ------------------
[job(1595): 2016-09-10 01:14:57] * estimation method   : MLE 
[job(1595): 2016-09-10 01:14:57] * optimisation method : BFGS 
[job(1595): 2016-09-10 01:14:57] * analytical gradient : used
[job(1595): 2016-09-10 01:14:57] * trend model : ~1
[job(1595): 2016-09-10 01:14:57] * covariance model : 
[job(1595): 2016-09-10 01:14:57]   - type :  matern5_2 
[job(1595): 2016-09-10 01:14:57]   - nugget : NO
[job(1595): 2016-09-10 01:14:57]   - parameters lower bounds :  1e-10 1e-10 
[job(1595): 2016-09-10 01:14:57]   - parameters upper bounds :  36.93323 42.3001 
[job(1595): 2016-09-10 01:14:57]   - best initial criterion value(s) :  17.08084 
[job(1595): 2016-09-10 01:14:57] 
[job(1595): 2016-09-10 01:14:57] N = 2, M = 5 machine precision = 2.22045e-16
[job(1595): 2016-09-10 01:14:57] At X0, 0 variables are exactly at the bounds
[job(1595): 2016-09-10 01:14:57] At iterate     0  f=      -17.081  |proj g|=       1.2324
[job(1595): 2016-09-10 01:14:57] At iterate     1  f =      -18.439  |proj g|=       0.60485
[job(1595): 2016-09-10 01:14:57] At iterate     2  f =       -19.13  |proj g|=       0.16379
[job(1595): 2016-09-10 01:14:57] At iterate     3  f =      -19.173  |proj g|=      0.084529
[job(1595): 2016-09-10 01:14:57] At iterate     4  f =      -19.206  |proj g|=      0.076227
[job(1595): 2016-09-10 01:14:57] At iterate     5  f =      -19.211  |proj g|=     0.0099945
[job(1595): 2016-09-10 01:14:57] At iterate     6  f =      -19.211  |proj g|=     0.0017499
[job(1595): 2016-09-10 01:14:57] At iterate     7  f =      -19.211  |proj g|=    8.4097e-05
[job(1595): 2016-09-10 01:14:57] At iterate     8  f =      -19.211  |proj g|=    1.9621e-06
[job(1595): 2016-09-10 01:14:57] 
[job(1595): 2016-09-10 01:14:57] iterations 8
[job(1595): 2016-09-10 01:14:57] function evaluations 9
[job(1595): 2016-09-10 01:14:57] segments explored during Cauchy searches 8
[job(1595): 2016-09-10 01:14:57] BFGS updates skipped 0
[job(1595): 2016-09-10 01:14:57] active bounds at final generalized Cauchy point 0
[job(1595): 2016-09-10 01:14:57] norm of the final projected gradient 1.96208e-06
[job(1595): 2016-09-10 01:14:57] final function value -19.2115
[job(1595): 2016-09-10 01:14:57] 
[job(1595): 2016-09-10 01:14:57] F = -19.2115
[job(1595): 2016-09-10 01:14:57] final  value -19.211470 
[job(1595): 2016-09-10 01:14:57] converged
[job(1595): 2016-09-10 01:14:57] [Tune-x] 13: C=5.63; sigma=0.609
[job(1595): 2016-09-10 01:14:57] [Tune-y] 13: acc.test.mean=0.93; time: 0.0 min; memory: 117Mb use, 158Mb max
[job(1595): 2016-09-10 01:14:57] 
[job(1595): 2016-09-10 01:14:57] optimisation start
[job(1595): 2016-09-10 01:14:57] ------------------
[job(1595): 2016-09-10 01:14:57] * estimation method   : MLE 
[job(1595): 2016-09-10 01:14:57] * optimisation method : BFGS 
[job(1595): 2016-09-10 01:14:57] * analytical gradient : used
[job(1595): 2016-09-10 01:14:57] * trend model : ~1
[job(1595): 2016-09-10 01:14:57] * covariance model : 
[job(1595): 2016-09-10 01:14:57]   - type :  matern5_2 
[job(1595): 2016-09-10 01:14:57]   - nugget : NO
[job(1595): 2016-09-10 01:14:57]   - parameters lower bounds :  1e-10 1e-10 
[job(1595): 2016-09-10 01:14:57]   - parameters upper bounds :  36.93323 42.3001 
[job(1595): 2016-09-10 01:14:57]   - best initial criterion value(s) :  13.92781 
[job(1595): 2016-09-10 01:14:57] 
[job(1595): 2016-09-10 01:14:57] N = 2, M = 5 machine precision = 2.22045e-16
[job(1595): 2016-09-10 01:14:57] At X0, 0 variables are exactly at the bounds
[job(1595): 2016-09-10 01:14:57] At iterate     0  f=      -13.928  |proj g|=       13.684
[job(1595): 2016-09-10 01:14:57] At iterate     1  f =      -14.234  |proj g|=         1.232
[job(1595): 2016-09-10 01:14:57] At iterate     2  f =      -15.437  |proj g|=       0.98337
[job(1595): 2016-09-10 01:14:57] At iterate     3  f =       -16.09  |proj g|=       0.77571
[job(1595): 2016-09-10 01:14:57] At iterate     4  f =      -16.159  |proj g|=       0.10177
[job(1595): 2016-09-10 01:14:57] At iterate     5  f =      -16.159  |proj g|=      0.022209
[job(1595): 2016-09-10 01:14:57] At iterate     6  f =      -16.159  |proj g|=     0.0095083
[job(1595): 2016-09-10 01:14:57] At iterate     7  f =      -16.159  |proj g|=     0.0095413
[job(1595): 2016-09-10 01:14:57] At iterate     8  f =      -16.159  |proj g|=        0.0302
[job(1595): 2016-09-10 01:14:57] At iterate     9  f =      -16.159  |proj g|=      0.061172
[job(1595): 2016-09-10 01:14:57] At iterate    10  f =      -16.159  |proj g|=       0.11941
[job(1595): 2016-09-10 01:14:57] At iterate    11  f =       -16.16  |proj g|=        0.2117
[job(1595): 2016-09-10 01:14:57] At iterate    12  f =      -16.162  |proj g|=       0.37924
[job(1595): 2016-09-10 01:14:57] At iterate    13  f =      -16.575  |proj g|=       0.40829
[job(1595): 2016-09-10 01:14:57] At iterate    14  f =      -16.575  |proj g|=       0.44575
[job(1595): 2016-09-10 01:14:57] At iterate    15  f =      -16.617  |proj g|=       0.83056
[job(1595): 2016-09-10 01:14:57] At iterate    16  f =      -16.628  |proj g|=       0.91719
[job(1595): 2016-09-10 01:14:57] At iterate    17  f =      -16.695  |proj g|=       0.54902
[job(1595): 2016-09-10 01:14:57] At iterate    18  f =      -16.731  |proj g|=       0.14861
[job(1595): 2016-09-10 01:14:57] At iterate    19  f =      -16.741  |proj g|=      0.024857
[job(1595): 2016-09-10 01:14:57] At iterate    20  f =      -16.741  |proj g|=     0.0082442
[job(1595): 2016-09-10 01:14:57] At iterate    21  f =      -16.741  |proj g|=     5.205e-05
[job(1595): 2016-09-10 01:14:57] At iterate    22  f =      -16.741  |proj g|=    2.8764e-06
[job(1595): 2016-09-10 01:14:57] 
[job(1595): 2016-09-10 01:14:57] iterations 22
[job(1595): 2016-09-10 01:14:57] function evaluations 42
[job(1595): 2016-09-10 01:14:57] segments explored during Cauchy searches 22
[job(1595): 2016-09-10 01:14:57] BFGS updates skipped 0
[job(1595): 2016-09-10 01:14:57] active bounds at final generalized Cauchy point 0
[job(1595): 2016-09-10 01:14:57] norm of the final projected gradient 2.87643e-06
[job(1595): 2016-09-10 01:14:57] final function value -16.7409
[job(1595): 2016-09-10 01:14:57] 
[job(1595): 2016-09-10 01:14:57] F = -16.7409
[job(1595): 2016-09-10 01:14:57] final  value -16.740946 
[job(1595): 2016-09-10 01:14:57] converged
[job(1595): 2016-09-10 01:14:57] [Tune-x] 14: C=3.93; sigma=0.891
[job(1595): 2016-09-10 01:14:57] [Tune-y] 14: acc.test.mean=0.936; time: 0.0 min; memory: 117Mb use, 158Mb max
[job(1595): 2016-09-10 01:14:57] 
[job(1595): 2016-09-10 01:14:57] optimisation start
[job(1595): 2016-09-10 01:14:57] ------------------
[job(1595): 2016-09-10 01:14:57] * estimation method   : MLE 
[job(1595): 2016-09-10 01:14:57] * optimisation method : BFGS 
[job(1595): 2016-09-10 01:14:57] * analytical gradient : used
[job(1595): 2016-09-10 01:14:57] * trend model : ~1
[job(1595): 2016-09-10 01:14:57] * covariance model : 
[job(1595): 2016-09-10 01:14:57]   - type :  matern5_2 
[job(1595): 2016-09-10 01:14:57]   - nugget : NO
[job(1595): 2016-09-10 01:14:57]   - parameters lower bounds :  1e-10 1e-10 
[job(1595): 2016-09-10 01:14:57]   - parameters upper bounds :  36.93323 42.3001 
[job(1595): 2016-09-10 01:14:57]   - best initial criterion value(s) :  -5.28877 
[job(1595): 2016-09-10 01:14:57] 
[job(1595): 2016-09-10 01:14:57] N = 2, M = 5 machine precision = 2.22045e-16
[job(1595): 2016-09-10 01:14:57] At X0, 0 variables are exactly at the bounds
[job(1595): 2016-09-10 01:14:57] At iterate     0  f=       5.2888  |proj g|=       2.6752
[job(1595): 2016-09-10 01:14:57] At iterate     1  f =      -7.0818  |proj g|=        1.3498
[job(1595): 2016-09-10 01:14:57] ys=-2.313e+01  -gs= 7.180e+00, BFGS update SKIPPED
[job(1595): 2016-09-10 01:14:57] At iterate     2  f =      -10.134  |proj g|=             0
[job(1595): 2016-09-10 01:14:57] 
[job(1595): 2016-09-10 01:14:57] iterations 2
[job(1595): 2016-09-10 01:14:57] function evaluations 3
[job(1595): 2016-09-10 01:14:57] segments explored during Cauchy searches 3
[job(1595): 2016-09-10 01:14:57] BFGS updates skipped 1
[job(1595): 2016-09-10 01:14:57] active bounds at final generalized Cauchy point 1
[job(1595): 2016-09-10 01:14:57] norm of the final projected gradient 0
[job(1595): 2016-09-10 01:14:57] final function value -10.1337
[job(1595): 2016-09-10 01:14:57] 
[job(1595): 2016-09-10 01:14:57] F = -10.1337
[job(1595): 2016-09-10 01:14:57] final  value -10.133749 
[job(1595): 2016-09-10 01:14:57] converged
[job(1595): 2016-09-10 01:14:57] [Tune-x] 15: C=1.04e+03; sigma=819
[job(1595): 2016-09-10 01:14:57] [Tune-y] 15: acc.test.mean=0.672; time: 0.0 min; memory: 117Mb use, 158Mb max
[job(1595): 2016-09-10 01:14:57] 
[job(1595): 2016-09-10 01:14:57] optimisation start
[job(1595): 2016-09-10 01:14:57] ------------------
[job(1595): 2016-09-10 01:14:57] * estimation method   : MLE 
[job(1595): 2016-09-10 01:14:57] * optimisation method : BFGS 
[job(1595): 2016-09-10 01:14:57] * analytical gradient : used
[job(1595): 2016-09-10 01:14:57] * trend model : ~1
[job(1595): 2016-09-10 01:14:57] * covariance model : 
[job(1595): 2016-09-10 01:14:57]   - type :  matern5_2 
[job(1595): 2016-09-10 01:14:57]   - nugget : NO
[job(1595): 2016-09-10 01:14:57]   - parameters lower bounds :  1e-10 1e-10 
[job(1595): 2016-09-10 01:14:57]   - parameters upper bounds :  38.78904 42.3001 
[job(1595): 2016-09-10 01:14:57]   - best initial criterion value(s) :  8.142102 
[job(1595): 2016-09-10 01:14:57] 
[job(1595): 2016-09-10 01:14:57] N = 2, M = 5 machine precision = 2.22045e-16
[job(1595): 2016-09-10 01:14:57] At X0, 0 variables are exactly at the bounds
[job(1595): 2016-09-10 01:14:57] At iterate     0  f=      -8.1421  |proj g|=       1.3923
[job(1595): 2016-09-10 01:14:57] At iterate     1  f =      -10.507  |proj g|=             0
[job(1595): 2016-09-10 01:14:57] 
[job(1595): 2016-09-10 01:14:57] iterations 1
[job(1595): 2016-09-10 01:14:57] function evaluations 2
[job(1595): 2016-09-10 01:14:57] segments explored during Cauchy searches 2
[job(1595): 2016-09-10 01:14:57] BFGS updates skipped 0
[job(1595): 2016-09-10 01:14:57] active bounds at final generalized Cauchy point 1
[job(1595): 2016-09-10 01:14:57] norm of the final projected gradient 0
[job(1595): 2016-09-10 01:14:57] final function value -10.5066
[job(1595): 2016-09-10 01:14:57] 
[job(1595): 2016-09-10 01:14:57] F = -10.5066
[job(1595): 2016-09-10 01:14:57] final  value -10.506604 
[job(1595): 2016-09-10 01:14:57] converged
[job(1595): 2016-09-10 01:14:57] [Tune-x] 16: C=0.000622; sigma=0.0772
[job(1595): 2016-09-10 01:14:57] [Tune-y] 16: acc.test.mean=0.672; time: 0.0 min; memory: 117Mb use, 158Mb max
[job(1595): 2016-09-10 01:14:57] 
[job(1595): 2016-09-10 01:14:57] optimisation start
[job(1595): 2016-09-10 01:14:57] ------------------
[job(1595): 2016-09-10 01:14:57] * estimation method   : MLE 
[job(1595): 2016-09-10 01:14:57] * optimisation method : BFGS 
[job(1595): 2016-09-10 01:14:57] * analytical gradient : used
[job(1595): 2016-09-10 01:14:57] * trend model : ~1
[job(1595): 2016-09-10 01:14:57] * covariance model : 
[job(1595): 2016-09-10 01:14:57]   - type :  matern5_2 
[job(1595): 2016-09-10 01:14:57]   - nugget : NO
[job(1595): 2016-09-10 01:14:57]   - parameters lower bounds :  1e-10 1e-10 
[job(1595): 2016-09-10 01:14:57]   - parameters upper bounds :  41.35415 42.3001 
[job(1595): 2016-09-10 01:14:57]   - best initial criterion value(s) :  17.72391 
[job(1595): 2016-09-10 01:14:57] 
[job(1595): 2016-09-10 01:14:57] N = 2, M = 5 machine precision = 2.22045e-16
[job(1595): 2016-09-10 01:14:57] At X0, 0 variables are exactly at the bounds
[job(1595): 2016-09-10 01:14:57] At iterate     0  f=      -17.724  |proj g|=       12.213
[job(1595): 2016-09-10 01:14:57] At iterate     1  f =      -20.515  |proj g|=        1.2666
[job(1595): 2016-09-10 01:14:57] At iterate     2  f =      -20.703  |proj g|=       0.91314
[job(1595): 2016-09-10 01:14:57] At iterate     3  f =      -20.882  |proj g|=       0.50383
[job(1595): 2016-09-10 01:14:57] At iterate     4  f =      -20.911  |proj g|=       0.27603
[job(1595): 2016-09-10 01:14:57] At iterate     5  f =      -21.013  |proj g|=       0.42355
[job(1595): 2016-09-10 01:14:57] At iterate     6  f =      -21.034  |proj g|=        0.3944
[job(1595): 2016-09-10 01:14:57] At iterate     7  f =      -21.055  |proj g|=       0.18079
[job(1595): 2016-09-10 01:14:57] At iterate     8  f =       -21.06  |proj g|=     0.0075367
[job(1595): 2016-09-10 01:14:57] At iterate     9  f =       -21.06  |proj g|=    0.00075226
[job(1595): 2016-09-10 01:14:57] At iterate    10  f =       -21.06  |proj g|=    4.3289e-05
[job(1595): 2016-09-10 01:14:57] At iterate    11  f =       -21.06  |proj g|=    2.4329e-06
[job(1595): 2016-09-10 01:14:57] 
[job(1595): 2016-09-10 01:14:57] iterations 11
[job(1595): 2016-09-10 01:14:57] function evaluations 15
[job(1595): 2016-09-10 01:14:57] segments explored during Cauchy searches 11
[job(1595): 2016-09-10 01:14:57] BFGS updates skipped 0
[job(1595): 2016-09-10 01:14:57] active bounds at final generalized Cauchy point 0
[job(1595): 2016-09-10 01:14:57] norm of the final projected gradient 2.43286e-06
[job(1595): 2016-09-10 01:14:57] final function value -21.0597
[job(1595): 2016-09-10 01:14:57] 
[job(1595): 2016-09-10 01:14:57] F = -21.0597
[job(1595): 2016-09-10 01:14:57] final  value -21.059666 
[job(1595): 2016-09-10 01:14:57] converged
[job(1595): 2016-09-10 01:14:57] [Tune-x] 17: C=4.2; sigma=0.552
[job(1595): 2016-09-10 01:14:57] [Tune-y] 17: acc.test.mean=0.948; time: 0.0 min; memory: 117Mb use, 158Mb max
[job(1595): 2016-09-10 01:14:57] 
[job(1595): 2016-09-10 01:14:57] optimisation start
[job(1595): 2016-09-10 01:14:57] ------------------
[job(1595): 2016-09-10 01:14:57] * estimation method   : MLE 
[job(1595): 2016-09-10 01:14:57] * optimisation method : BFGS 
[job(1595): 2016-09-10 01:14:57] * analytical gradient : used
[job(1595): 2016-09-10 01:14:57] * trend model : ~1
[job(1595): 2016-09-10 01:14:57] * covariance model : 
[job(1595): 2016-09-10 01:14:57]   - type :  matern5_2 
[job(1595): 2016-09-10 01:14:57]   - nugget : NO
[job(1595): 2016-09-10 01:14:57]   - parameters lower bounds :  1e-10 1e-10 
[job(1595): 2016-09-10 01:14:57]   - parameters upper bounds :  41.35415 42.3001 
[job(1595): 2016-09-10 01:14:57]   - best initial criterion value(s) :  19.89324 
[job(1595): 2016-09-10 01:14:57] 
[job(1595): 2016-09-10 01:14:57] N = 2, M = 5 machine precision = 2.22045e-16
[job(1595): 2016-09-10 01:14:57] At X0, 0 variables are exactly at the bounds
[job(1595): 2016-09-10 01:14:57] At iterate     0  f=      -19.893  |proj g|=       1.3306
[job(1595): 2016-09-10 01:14:57] At iterate     1  f =      -21.142  |proj g|=       0.81171
[job(1595): 2016-09-10 01:14:57] At iterate     2  f =      -21.229  |proj g|=       0.73805
[job(1595): 2016-09-10 01:14:57] At iterate     3  f =      -21.428  |proj g|=       0.44556
[job(1595): 2016-09-10 01:14:57] At iterate     4  f =      -21.554  |proj g|=        1.7732
[job(1595): 2016-09-10 01:14:57] At iterate     5  f =      -22.856  |proj g|=        10.916
[job(1595): 2016-09-10 01:14:57] At iterate     6  f =      -23.114  |proj g|=        10.073
[job(1595): 2016-09-10 01:14:57] At iterate     7  f =      -24.486  |proj g|=        5.4454
[job(1595): 2016-09-10 01:14:57] At iterate     8  f =      -25.129  |proj g|=       0.93675
[job(1595): 2016-09-10 01:14:57] At iterate     9  f =      -25.155  |proj g|=       0.10306
[job(1595): 2016-09-10 01:14:57] At iterate    10  f =      -25.156  |proj g|=      0.020277
[job(1595): 2016-09-10 01:14:57] At iterate    11  f =      -25.156  |proj g|=    3.5658e-05
[job(1595): 2016-09-10 01:14:57] At iterate    12  f =      -25.156  |proj g|=    1.6234e-07
[job(1595): 2016-09-10 01:14:57] 
[job(1595): 2016-09-10 01:14:57] iterations 12
[job(1595): 2016-09-10 01:14:57] function evaluations 22
[job(1595): 2016-09-10 01:14:57] segments explored during Cauchy searches 14
[job(1595): 2016-09-10 01:14:57] BFGS updates skipped 0
[job(1595): 2016-09-10 01:14:57] active bounds at final generalized Cauchy point 0
[job(1595): 2016-09-10 01:14:57] norm of the final projected gradient 1.62336e-07
[job(1595): 2016-09-10 01:14:57] final function value -25.1562
[job(1595): 2016-09-10 01:14:57] 
[job(1595): 2016-09-10 01:14:57] F = -25.1562
[job(1595): 2016-09-10 01:14:57] final  value -25.156186 
[job(1595): 2016-09-10 01:14:57] converged
[job(1595): 2016-09-10 01:14:57] [Tune-x] 18: C=4.66; sigma=0.567
[job(1595): 2016-09-10 01:14:57] [Tune-y] 18: acc.test.mean=0.936; time: 0.0 min; memory: 117Mb use, 158Mb max
[job(1595): 2016-09-10 01:14:57] 
[job(1595): 2016-09-10 01:14:57] optimisation start
[job(1595): 2016-09-10 01:14:57] ------------------
[job(1595): 2016-09-10 01:14:57] * estimation method   : MLE 
[job(1595): 2016-09-10 01:14:57] * optimisation method : BFGS 
[job(1595): 2016-09-10 01:14:57] * analytical gradient : used
[job(1595): 2016-09-10 01:14:57] * trend model : ~1
[job(1595): 2016-09-10 01:14:57] * covariance model : 
[job(1595): 2016-09-10 01:14:57]   - type :  matern5_2 
[job(1595): 2016-09-10 01:14:57]   - nugget : NO
[job(1595): 2016-09-10 01:14:57]   - parameters lower bounds :  1e-10 1e-10 
[job(1595): 2016-09-10 01:14:57]   - parameters upper bounds :  41.35415 42.3001 
[job(1595): 2016-09-10 01:14:57]   - best initial criterion value(s) :  22.98675 
[job(1595): 2016-09-10 01:14:57] 
[job(1595): 2016-09-10 01:14:57] N = 2, M = 5 machine precision = 2.22045e-16
[job(1595): 2016-09-10 01:14:57] At X0, 0 variables are exactly at the bounds
[job(1595): 2016-09-10 01:14:57] At iterate     0  f=      -22.987  |proj g|=      0.46258
[job(1595): 2016-09-10 01:14:57] At iterate     1  f =      -23.694  |proj g|=        0.4167
[job(1595): 2016-09-10 01:14:57] At iterate     2  f =      -23.931  |proj g|=        3.1483
[job(1595): 2016-09-10 01:14:57] At iterate     3  f =       -23.95  |proj g|=       0.20267
[job(1595): 2016-09-10 01:14:57] At iterate     4  f =      -23.951  |proj g|=      0.015472
[job(1595): 2016-09-10 01:14:57] At iterate     5  f =      -23.951  |proj g|=      0.017407
[job(1595): 2016-09-10 01:14:57] At iterate     6  f =      -23.951  |proj g|=      0.072132
[job(1595): 2016-09-10 01:14:57] At iterate     7  f =      -23.951  |proj g|=       0.16367
[job(1595): 2016-09-10 01:14:57] At iterate     8  f =      -23.951  |proj g|=       0.31038
[job(1595): 2016-09-10 01:14:57] At iterate     9  f =      -23.951  |proj g|=       0.55049
[job(1595): 2016-09-10 01:14:57] At iterate    10  f =      -23.953  |proj g|=       0.94486
[job(1595): 2016-09-10 01:14:57] At iterate    11  f =      -23.956  |proj g|=        1.6128
[job(1595): 2016-09-10 01:14:57] At iterate    12  f =      -23.966  |proj g|=        2.8571
[job(1595): 2016-09-10 01:14:57] At iterate    13  f =      -23.996  |proj g|=        6.0045
[job(1595): 2016-09-10 01:14:57] At iterate    14  f =      -24.021  |proj g|=        8.8247
[job(1595): 2016-09-10 01:14:57] At iterate    15  f =      -24.036  |proj g|=         10.47
[job(1595): 2016-09-10 01:14:57] At iterate    16  f =       -24.07  |proj g|=        12.363
[job(1595): 2016-09-10 01:14:57] At iterate    17  f =      -24.274  |proj g|=         8.846
[job(1595): 2016-09-10 01:14:57] At iterate    18  f =      -24.474  |proj g|=       0.46091
[job(1595): 2016-09-10 01:14:57] At iterate    19  f =      -24.477  |proj g|=       0.45544
[job(1595): 2016-09-10 01:14:57] At iterate    20  f =      -24.542  |proj g|=         1.717
[job(1595): 2016-09-10 01:14:57] At iterate    21  f =      -24.563  |proj g|=       0.37546
[job(1595): 2016-09-10 01:14:57] At iterate    22  f =      -24.564  |proj g|=      0.025343
[job(1595): 2016-09-10 01:14:57] At iterate    23  f =      -24.564  |proj g|=     0.0002367
[job(1595): 2016-09-10 01:14:57] At iterate    24  f =      -24.564  |proj g|=     0.0002992
[job(1595): 2016-09-10 01:14:57] 
[job(1595): 2016-09-10 01:14:57] iterations 24
[job(1595): 2016-09-10 01:14:57] function evaluations 33
[job(1595): 2016-09-10 01:14:57] segments explored during Cauchy searches 25
[job(1595): 2016-09-10 01:14:57] BFGS updates skipped 0
[job(1595): 2016-09-10 01:14:57] active bounds at final generalized Cauchy point 0
[job(1595): 2016-09-10 01:14:57] norm of the final projected gradient 0.000299201
[job(1595): 2016-09-10 01:14:57] final function value -24.5638
[job(1595): 2016-09-10 01:14:57] 
[job(1595): 2016-09-10 01:14:57] F = -24.5638
[job(1595): 2016-09-10 01:14:57] final  value -24.563827 
[job(1595): 2016-09-10 01:14:57] converged
[job(1595): 2016-09-10 01:14:57] [Tune-x] 19: C=4.03; sigma=0.397
[job(1595): 2016-09-10 01:14:57] [Tune-y] 19: acc.test.mean=0.939; time: 0.0 min; memory: 117Mb use, 158Mb max
[job(1595): 2016-09-10 01:14:57] 
[job(1595): 2016-09-10 01:14:57] optimisation start
[job(1595): 2016-09-10 01:14:57] ------------------
[job(1595): 2016-09-10 01:14:57] * estimation method   : MLE 
[job(1595): 2016-09-10 01:14:57] * optimisation method : BFGS 
[job(1595): 2016-09-10 01:14:57] * analytical gradient : used
[job(1595): 2016-09-10 01:14:57] * trend model : ~1
[job(1595): 2016-09-10 01:14:57] * covariance model : 
[job(1595): 2016-09-10 01:14:57]   - type :  matern5_2 
[job(1595): 2016-09-10 01:14:57]   - nugget : NO
[job(1595): 2016-09-10 01:14:57]   - parameters lower bounds :  1e-10 1e-10 
[job(1595): 2016-09-10 01:14:57]   - parameters upper bounds :  41.35415 42.3001 
[job(1595): 2016-09-10 01:14:57]   - best initial criterion value(s) :  23.58837 
[job(1595): 2016-09-10 01:14:57] 
[job(1595): 2016-09-10 01:14:57] N = 2, M = 5 machine precision = 2.22045e-16
[job(1595): 2016-09-10 01:14:57] At X0, 0 variables are exactly at the bounds
[job(1595): 2016-09-10 01:14:57] At iterate     0  f=      -23.588  |proj g|=       8.3746
[job(1595): 2016-09-10 01:14:57] At iterate     1  f =      -24.003  |proj g|=        2.6092
[job(1595): 2016-09-10 01:14:57] At iterate     2  f =      -24.078  |proj g|=         2.516
[job(1595): 2016-09-10 01:14:57] At iterate     3  f =      -24.741  |proj g|=        2.4932
[job(1595): 2016-09-10 01:14:57] At iterate     4  f =      -25.223  |proj g|=        1.0128
[job(1595): 2016-09-10 01:14:57] At iterate     5  f =      -26.056  |proj g|=        2.7201
[job(1595): 2016-09-10 01:14:57] At iterate     6  f =      -26.798  |proj g|=        16.146
[job(1595): 2016-09-10 01:14:57] At iterate     7  f =      -27.555  |proj g|=        2.6075
[job(1595): 2016-09-10 01:14:57] At iterate     8  f =       -27.79  |proj g|=       0.40269
[job(1595): 2016-09-10 01:14:57] At iterate     9  f =      -27.949  |proj g|=        0.4006
[job(1595): 2016-09-10 01:14:57] At iterate    10  f =      -28.042  |proj g|=        2.9973
[job(1595): 2016-09-10 01:14:57] At iterate    11  f =      -28.094  |proj g|=        1.2575
[job(1595): 2016-09-10 01:14:57] At iterate    12  f =       -28.14  |proj g|=       0.20239
[job(1595): 2016-09-10 01:14:57] At iterate    13  f =      -28.165  |proj g|=       0.18591
[job(1595): 2016-09-10 01:14:57] At iterate    14  f =      -28.166  |proj g|=        0.5109
[job(1595): 2016-09-10 01:14:57] At iterate    15  f =      -28.183  |proj g|=       0.34518
[job(1595): 2016-09-10 01:14:57] At iterate    16  f =      -28.186  |proj g|=       0.14483
[job(1595): 2016-09-10 01:14:57] At iterate    17  f =      -28.186  |proj g|=     0.0012877
[job(1595): 2016-09-10 01:14:57] At iterate    18  f =      -28.186  |proj g|=     0.0012939
[job(1595): 2016-09-10 01:14:57] At iterate    19  f =      -28.186  |proj g|=    8.6236e-05
[job(1595): 2016-09-10 01:14:57] 
[job(1595): 2016-09-10 01:14:57] iterations 19
[job(1595): 2016-09-10 01:14:57] function evaluations 23
[job(1595): 2016-09-10 01:14:57] segments explored during Cauchy searches 19
[job(1595): 2016-09-10 01:14:57] BFGS updates skipped 0
[job(1595): 2016-09-10 01:14:57] active bounds at final generalized Cauchy point 0
[job(1595): 2016-09-10 01:14:57] norm of the final projected gradient 8.62364e-05
[job(1595): 2016-09-10 01:14:57] final function value -28.1863
[job(1595): 2016-09-10 01:14:57] 
[job(1595): 2016-09-10 01:14:57] F = -28.1863
[job(1595): 2016-09-10 01:14:57] final  value -28.186259 
[job(1595): 2016-09-10 01:14:57] converged
[job(1595): 2016-09-10 01:14:57] [Tune-x] 20: C=5.04; sigma=55.1
[job(1595): 2016-09-10 01:14:57] [Tune-y] 20: acc.test.mean=0.684; time: 0.0 min; memory: 117Mb use, 158Mb max
[job(1595): 2016-09-10 01:14:57] 
[job(1595): 2016-09-10 01:14:57] optimisation start
[job(1595): 2016-09-10 01:14:57] ------------------
[job(1595): 2016-09-10 01:14:57] * estimation method   : MLE 
[job(1595): 2016-09-10 01:14:57] * optimisation method : BFGS 
[job(1595): 2016-09-10 01:14:57] * analytical gradient : used
[job(1595): 2016-09-10 01:14:57] * trend model : ~1
[job(1595): 2016-09-10 01:14:57] * covariance model : 
[job(1595): 2016-09-10 01:14:57]   - type :  matern5_2 
[job(1595): 2016-09-10 01:14:57]   - nugget : NO
[job(1595): 2016-09-10 01:14:57]   - parameters lower bounds :  1e-10 1e-10 
[job(1595): 2016-09-10 01:14:57]   - parameters upper bounds :  41.35415 42.3001 
[job(1595): 2016-09-10 01:14:57]   - best initial criterion value(s) :  0.3188592 
[job(1595): 2016-09-10 01:14:57] 
[job(1595): 2016-09-10 01:14:57] N = 2, M = 5 machine precision = 2.22045e-16
[job(1595): 2016-09-10 01:14:57] At X0, 0 variables are exactly at the bounds
[job(1595): 2016-09-10 01:14:57] At iterate     0  f=     -0.31886  |proj g|=       1.1813
[job(1595): 2016-09-10 01:14:57] At iterate     1  f =      -13.611  |proj g|=             0
[job(1595): 2016-09-10 01:14:57] 
[job(1595): 2016-09-10 01:14:57] iterations 1
[job(1595): 2016-09-10 01:14:57] function evaluations 2
[job(1595): 2016-09-10 01:14:57] segments explored during Cauchy searches 2
[job(1595): 2016-09-10 01:14:57] BFGS updates skipped 0
[job(1595): 2016-09-10 01:14:57] active bounds at final generalized Cauchy point 1
[job(1595): 2016-09-10 01:14:57] norm of the final projected gradient 0
[job(1595): 2016-09-10 01:14:57] final function value -13.6106
[job(1595): 2016-09-10 01:14:57] 
[job(1595): 2016-09-10 01:14:57] F = -13.6106
[job(1595): 2016-09-10 01:14:57] final  value -13.610596 
[job(1595): 2016-09-10 01:14:57] converged
[job(1595): 2016-09-10 01:14:57] [Tune-x] 21: C=0.00352; sigma=47.4
[job(1595): 2016-09-10 01:14:57] [Tune-y] 21: acc.test.mean=0.672; time: 0.0 min; memory: 117Mb use, 158Mb max
[job(1595): 2016-09-10 01:14:57] 
[job(1595): 2016-09-10 01:14:57] optimisation start
[job(1595): 2016-09-10 01:14:57] ------------------
[job(1595): 2016-09-10 01:14:57] * estimation method   : MLE 
[job(1595): 2016-09-10 01:14:57] * optimisation method : BFGS 
[job(1595): 2016-09-10 01:14:57] * analytical gradient : used
[job(1595): 2016-09-10 01:14:57] * trend model : ~1
[job(1595): 2016-09-10 01:14:57] * covariance model : 
[job(1595): 2016-09-10 01:14:57]   - type :  matern5_2 
[job(1595): 2016-09-10 01:14:57]   - nugget : NO
[job(1595): 2016-09-10 01:14:57]   - parameters lower bounds :  1e-10 1e-10 
[job(1595): 2016-09-10 01:14:57]   - parameters upper bounds :  41.35415 42.3001 
[job(1595): 2016-09-10 01:14:57]   - best initial criterion value(s) :  7.703429 
[job(1595): 2016-09-10 01:14:57] 
[job(1595): 2016-09-10 01:14:57] N = 2, M = 5 machine precision = 2.22045e-16
[job(1595): 2016-09-10 01:14:57] At X0, 0 variables are exactly at the bounds
[job(1595): 2016-09-10 01:14:57] At iterate     0  f=      -7.7034  |proj g|=      0.41561
[job(1595): 2016-09-10 01:14:57] At iterate     1  f =      -14.058  |proj g|=             0
[job(1595): 2016-09-10 01:14:57] 
[job(1595): 2016-09-10 01:14:57] iterations 1
[job(1595): 2016-09-10 01:14:57] function evaluations 2
[job(1595): 2016-09-10 01:14:57] segments explored during Cauchy searches 2
[job(1595): 2016-09-10 01:14:57] BFGS updates skipped 0
[job(1595): 2016-09-10 01:14:57] active bounds at final generalized Cauchy point 1
[job(1595): 2016-09-10 01:14:57] norm of the final projected gradient 0
[job(1595): 2016-09-10 01:14:57] final function value -14.0578
[job(1595): 2016-09-10 01:14:57] 
[job(1595): 2016-09-10 01:14:57] F = -14.0578
[job(1595): 2016-09-10 01:14:57] final  value -14.057763 
[job(1595): 2016-09-10 01:14:57] converged
[job(1595): 2016-09-10 01:14:57] [Tune-x] 22: C=1.2; sigma=75.9
[job(1595): 2016-09-10 01:14:57] [Tune-y] 22: acc.test.mean=0.672; time: 0.0 min; memory: 117Mb use, 166Mb max
[job(1595): 2016-09-10 01:14:57] 
[job(1595): 2016-09-10 01:14:57] optimisation start
[job(1595): 2016-09-10 01:14:57] ------------------
[job(1595): 2016-09-10 01:14:57] * estimation method   : MLE 
[job(1595): 2016-09-10 01:14:57] * optimisation method : BFGS 
[job(1595): 2016-09-10 01:14:57] * analytical gradient : used
[job(1595): 2016-09-10 01:14:57] * trend model : ~1
[job(1595): 2016-09-10 01:14:57] * covariance model : 
[job(1595): 2016-09-10 01:14:57]   - type :  matern5_2 
[job(1595): 2016-09-10 01:14:57]   - nugget : NO
[job(1595): 2016-09-10 01:14:57]   - parameters lower bounds :  1e-10 1e-10 
[job(1595): 2016-09-10 01:14:57]   - parameters upper bounds :  41.35415 42.3001 
[job(1595): 2016-09-10 01:14:57]   - best initial criterion value(s) :  8.932986 
[job(1595): 2016-09-10 01:14:57] 
[job(1595): 2016-09-10 01:14:57] N = 2, M = 5 machine precision = 2.22045e-16
[job(1595): 2016-09-10 01:14:57] At X0, 0 variables are exactly at the bounds
[job(1595): 2016-09-10 01:14:57] At iterate     0  f=       -8.933  |proj g|=       41.207
[job(1595): 2016-09-10 01:14:57] At iterate     1  f =      -10.803  |proj g|=       0.58982
[job(1595): 2016-09-10 01:14:57] At iterate     2  f =      -11.394  |proj g|=       0.57345
[job(1595): 2016-09-10 01:14:57] At iterate     3  f =      -11.754  |proj g|=       0.55434
[job(1595): 2016-09-10 01:14:57] At iterate     4  f =      -11.763  |proj g|=        1.1504
[job(1595): 2016-09-10 01:14:57] At iterate     5  f =      -11.767  |proj g|=       0.55163
[job(1595): 2016-09-10 01:14:57] At iterate     6  f =       -11.77  |proj g|=       0.55213
[job(1595): 2016-09-10 01:14:57] At iterate     7  f =      -11.794  |proj g|=       0.55547
[job(1595): 2016-09-10 01:14:57] At iterate     8  f =      -11.842  |proj g|=       0.56131
[job(1595): 2016-09-10 01:14:57] At iterate     9  f =      -11.981  |proj g|=        0.5772
[job(1595): 2016-09-10 01:14:57] At iterate    10  f =      -12.353  |proj g|=       0.62061
[job(1595): 2016-09-10 01:14:57] At iterate    11  f =      -21.666  |proj g|=        7.6907
[job(1595): 2016-09-10 01:14:57] At iterate    12  f =      -21.821  |proj g|=       0.50498
[job(1595): 2016-09-10 01:14:57] At iterate    13  f =      -21.823  |proj g|=       0.42331
[job(1595): 2016-09-10 01:14:57] At iterate    14  f =      -21.824  |proj g|=       0.38336
[job(1595): 2016-09-10 01:14:57] At iterate    15  f =      -21.826  |proj g|=       0.35749
[job(1595): 2016-09-10 01:14:57] At iterate    16  f =      -21.835  |proj g|=        1.1783
[job(1595): 2016-09-10 01:14:57] At iterate    17  f =      -21.862  |proj g|=        2.8322
[job(1595): 2016-09-10 01:14:57] At iterate    18  f =      -21.897  |proj g|=        4.6942
[job(1595): 2016-09-10 01:14:57] At iterate    19  f =      -21.932  |proj g|=        6.5474
[job(1595): 2016-09-10 01:14:57] At iterate    20  f =      -21.981  |proj g|=        8.0852
[job(1595): 2016-09-10 01:14:57] At iterate    21  f =      -22.103  |proj g|=         8.689
[job(1595): 2016-09-10 01:14:57] At iterate    22  f =      -22.624  |proj g|=        9.5958
[job(1595): 2016-09-10 01:14:57] At iterate    23  f =      -24.785  |proj g|=        5.5362
[job(1595): 2016-09-10 01:14:57] At iterate    24  f =      -27.792  |proj g|=        1.5207
[job(1595): 2016-09-10 01:14:57] At iterate    25  f =      -28.429  |proj g|=        1.1046
[job(1595): 2016-09-10 01:14:57] At iterate    26  f =      -29.021  |proj g|=        1.6175
[job(1595): 2016-09-10 01:14:57] At iterate    27  f =      -29.389  |proj g|=         16.08
[job(1595): 2016-09-10 01:14:57] At iterate    28  f =      -29.925  |proj g|=       0.41965
[job(1595): 2016-09-10 01:14:57] At iterate    29  f =      -29.941  |proj g|=      0.042572
[job(1595): 2016-09-10 01:14:57] At iterate    30  f =      -29.942  |proj g|=      0.052742
[job(1595): 2016-09-10 01:14:57] At iterate    31  f =      -29.942  |proj g|=     0.0091854
[job(1595): 2016-09-10 01:14:57] At iterate    32  f =      -29.942  |proj g|=    9.5055e-05
[job(1595): 2016-09-10 01:14:57] At iterate    33  f =      -29.942  |proj g|=     2.574e-08
[job(1595): 2016-09-10 01:14:57] 
[job(1595): 2016-09-10 01:14:57] iterations 33
[job(1595): 2016-09-10 01:14:57] function evaluations 54
[job(1595): 2016-09-10 01:14:57] segments explored during Cauchy searches 34
[job(1595): 2016-09-10 01:14:57] BFGS updates skipped 0
[job(1595): 2016-09-10 01:14:57] active bounds at final generalized Cauchy point 0
[job(1595): 2016-09-10 01:14:57] norm of the final projected gradient 2.57403e-08
[job(1595): 2016-09-10 01:14:57] final function value -29.9423
[job(1595): 2016-09-10 01:14:57] 
[job(1595): 2016-09-10 01:14:57] F = -29.9423
[job(1595): 2016-09-10 01:14:57] final  value -29.942343 
[job(1595): 2016-09-10 01:14:57] converged
[job(1595): 2016-09-10 01:14:57] [Tune-x] 23: C=5.18; sigma=0.405
[job(1595): 2016-09-10 01:14:57] [Tune-y] 23: acc.test.mean=0.936; time: 0.0 min; memory: 117Mb use, 166Mb max
[job(1595): 2016-09-10 01:14:57] 
[job(1595): 2016-09-10 01:14:57] optimisation start
[job(1595): 2016-09-10 01:14:57] ------------------
[job(1595): 2016-09-10 01:14:57] * estimation method   : MLE 
[job(1595): 2016-09-10 01:14:57] * optimisation method : BFGS 
[job(1595): 2016-09-10 01:14:57] * analytical gradient : used
[job(1595): 2016-09-10 01:14:57] * trend model : ~1
[job(1595): 2016-09-10 01:14:57] * covariance model : 
[job(1595): 2016-09-10 01:14:57]   - type :  matern5_2 
[job(1595): 2016-09-10 01:14:57]   - nugget : NO
[job(1595): 2016-09-10 01:14:57]   - parameters lower bounds :  1e-10 1e-10 
[job(1595): 2016-09-10 01:14:57]   - parameters upper bounds :  41.35415 42.3001 
[job(1595): 2016-09-10 01:14:57]   - best initial criterion value(s) :  -13.83524 
[job(1595): 2016-09-10 01:14:57] 
[job(1595): 2016-09-10 01:14:57] N = 2, M = 5 machine precision = 2.22045e-16
[job(1595): 2016-09-10 01:14:57] At X0, 0 variables are exactly at the bounds
[job(1595): 2016-09-10 01:14:57] At iterate     0  f=       13.835  |proj g|=       2.3367
[job(1595): 2016-09-10 01:14:57] At iterate     1  f =      -15.254  |proj g|=             0
[job(1595): 2016-09-10 01:14:57] 
[job(1595): 2016-09-10 01:14:57] iterations 1
[job(1595): 2016-09-10 01:14:57] function evaluations 2
[job(1595): 2016-09-10 01:14:57] segments explored during Cauchy searches 2
[job(1595): 2016-09-10 01:14:57] BFGS updates skipped 0
[job(1595): 2016-09-10 01:14:57] active bounds at final generalized Cauchy point 1
[job(1595): 2016-09-10 01:14:57] norm of the final projected gradient 0
[job(1595): 2016-09-10 01:14:57] final function value -15.2539
[job(1595): 2016-09-10 01:14:57] 
[job(1595): 2016-09-10 01:14:57] F = -15.2539
[job(1595): 2016-09-10 01:14:57] final  value -15.253948 
[job(1595): 2016-09-10 01:14:57] converged
[job(1595): 2016-09-10 01:14:57] [Tune-x] 24: C=0.0967; sigma=0.000265
[job(1595): 2016-09-10 01:14:57] [Tune-y] 24: acc.test.mean=0.672; time: 0.0 min; memory: 117Mb use, 166Mb max
[job(1595): 2016-09-10 01:14:57] 
[job(1595): 2016-09-10 01:14:57] optimisation start
[job(1595): 2016-09-10 01:14:57] ------------------
[job(1595): 2016-09-10 01:14:57] * estimation method   : MLE 
[job(1595): 2016-09-10 01:14:57] * optimisation method : BFGS 
[job(1595): 2016-09-10 01:14:57] * analytical gradient : used
[job(1595): 2016-09-10 01:14:57] * trend model : ~1
[job(1595): 2016-09-10 01:14:57] * covariance model : 
[job(1595): 2016-09-10 01:14:57]   - type :  matern5_2 
[job(1595): 2016-09-10 01:14:57]   - nugget : NO
[job(1595): 2016-09-10 01:14:57]   - parameters lower bounds :  1e-10 1e-10 
[job(1595): 2016-09-10 01:14:57]   - parameters upper bounds :  41.35415 43.97512 
[job(1595): 2016-09-10 01:14:57]   - best initial criterion value(s) :  12.19894 
[job(1595): 2016-09-10 01:14:57] 
[job(1595): 2016-09-10 01:14:57] N = 2, M = 5 machine precision = 2.22045e-16
[job(1595): 2016-09-10 01:14:57] At X0, 0 variables are exactly at the bounds
[job(1595): 2016-09-10 01:14:57] At iterate     0  f=      -12.199  |proj g|=      0.42895
[job(1595): 2016-09-10 01:14:57] At iterate     1  f =      -15.779  |proj g|=             0
[job(1595): 2016-09-10 01:14:57] 
[job(1595): 2016-09-10 01:14:57] iterations 1
[job(1595): 2016-09-10 01:14:57] function evaluations 2
[job(1595): 2016-09-10 01:14:57] segments explored during Cauchy searches 2
[job(1595): 2016-09-10 01:14:57] BFGS updates skipped 0
[job(1595): 2016-09-10 01:14:57] active bounds at final generalized Cauchy point 1
[job(1595): 2016-09-10 01:14:57] norm of the final projected gradient 0
[job(1595): 2016-09-10 01:14:57] final function value -15.7793
[job(1595): 2016-09-10 01:14:57] 
[job(1595): 2016-09-10 01:14:57] F = -15.7793
[job(1595): 2016-09-10 01:14:57] final  value -15.779311 
[job(1595): 2016-09-10 01:14:57] converged
[job(1595): 2016-09-10 01:14:57] [Tune-x] 25: C=0.0244; sigma=0.00319
[job(1595): 2016-09-10 01:14:57] [Tune-y] 25: acc.test.mean=0.672; time: 0.0 min; memory: 117Mb use, 166Mb max
[job(1595): 2016-09-10 01:14:57] 
[job(1595): 2016-09-10 01:14:57] optimisation start
[job(1595): 2016-09-10 01:14:57] ------------------
[job(1595): 2016-09-10 01:14:57] * estimation method   : MLE 
[job(1595): 2016-09-10 01:14:57] * optimisation method : BFGS 
[job(1595): 2016-09-10 01:14:57] * analytical gradient : used
[job(1595): 2016-09-10 01:14:57] * trend model : ~1
[job(1595): 2016-09-10 01:14:57] * covariance model : 
[job(1595): 2016-09-10 01:14:57]   - type :  matern5_2 
[job(1595): 2016-09-10 01:14:57]   - nugget : NO
[job(1595): 2016-09-10 01:14:57]   - parameters lower bounds :  1e-10 1e-10 
[job(1595): 2016-09-10 01:14:57]   - parameters upper bounds :  41.35415 43.97512 
[job(1595): 2016-09-10 01:14:57]   - best initial criterion value(s) :  8.730732 
[job(1595): 2016-09-10 01:14:57] 
[job(1595): 2016-09-10 01:14:57] N = 2, M = 5 machine precision = 2.22045e-16
[job(1595): 2016-09-10 01:14:57] At X0, 0 variables are exactly at the bounds
[job(1595): 2016-09-10 01:14:57] At iterate     0  f=      -8.7307  |proj g|=      0.93457
[job(1595): 2016-09-10 01:14:57] At iterate     1  f =      -16.356  |proj g|=             0
[job(1595): 2016-09-10 01:14:57] 
[job(1595): 2016-09-10 01:14:57] iterations 1
[job(1595): 2016-09-10 01:14:57] function evaluations 2
[job(1595): 2016-09-10 01:14:57] segments explored during Cauchy searches 2
[job(1595): 2016-09-10 01:14:57] BFGS updates skipped 0
[job(1595): 2016-09-10 01:14:57] active bounds at final generalized Cauchy point 1
[job(1595): 2016-09-10 01:14:57] norm of the final projected gradient 0
[job(1595): 2016-09-10 01:14:57] final function value -16.3562
[job(1595): 2016-09-10 01:14:57] 
[job(1595): 2016-09-10 01:14:57] F = -16.3562
[job(1595): 2016-09-10 01:14:57] final  value -16.356199 
[job(1595): 2016-09-10 01:14:57] converged
[job(1595): 2016-09-10 01:14:57] [Tune-x] 26: C=0.00189; sigma=18.6
[job(1595): 2016-09-10 01:14:57] [Tune-y] 26: acc.test.mean=0.672; time: 0.0 min; memory: 117Mb use, 166Mb max
[job(1595): 2016-09-10 01:14:57] 
[job(1595): 2016-09-10 01:14:57] optimisation start
[job(1595): 2016-09-10 01:14:57] ------------------
[job(1595): 2016-09-10 01:14:57] * estimation method   : MLE 
[job(1595): 2016-09-10 01:14:57] * optimisation method : BFGS 
[job(1595): 2016-09-10 01:14:57] * analytical gradient : used
[job(1595): 2016-09-10 01:14:57] * trend model : ~1
[job(1595): 2016-09-10 01:14:57] * covariance model : 
[job(1595): 2016-09-10 01:14:57]   - type :  matern5_2 
[job(1595): 2016-09-10 01:14:57]   - nugget : NO
[job(1595): 2016-09-10 01:14:57]   - parameters lower bounds :  1e-10 1e-10 
[job(1595): 2016-09-10 01:14:57]   - parameters upper bounds :  41.35415 43.97512 
[job(1595): 2016-09-10 01:14:57]   - best initial criterion value(s) :  15.12648 
[job(1595): 2016-09-10 01:14:57] 
[job(1595): 2016-09-10 01:14:57] N = 2, M = 5 machine precision = 2.22045e-16
[job(1595): 2016-09-10 01:14:57] At X0, 0 variables are exactly at the bounds
[job(1595): 2016-09-10 01:14:57] At iterate     0  f=      -15.126  |proj g|=      0.39485
[job(1595): 2016-09-10 01:14:57] At iterate     1  f =      -16.978  |proj g|=             0
[job(1595): 2016-09-10 01:14:57] 
[job(1595): 2016-09-10 01:14:57] iterations 1
[job(1595): 2016-09-10 01:14:57] function evaluations 2
[job(1595): 2016-09-10 01:14:57] segments explored during Cauchy searches 2
[job(1595): 2016-09-10 01:14:57] BFGS updates skipped 0
[job(1595): 2016-09-10 01:14:57] active bounds at final generalized Cauchy point 1
[job(1595): 2016-09-10 01:14:57] norm of the final projected gradient 0
[job(1595): 2016-09-10 01:14:57] final function value -16.9778
[job(1595): 2016-09-10 01:14:57] 
[job(1595): 2016-09-10 01:14:57] F = -16.9778
[job(1595): 2016-09-10 01:14:57] final  value -16.977770 
[job(1595): 2016-09-10 01:14:57] converged
[job(1595): 2016-09-10 01:14:57] [Tune-x] 27: C=2.82; sigma=0.00214
[job(1595): 2016-09-10 01:14:57] [Tune-y] 27: acc.test.mean=0.829; time: 0.0 min; memory: 117Mb use, 166Mb max
[job(1595): 2016-09-10 01:14:57] 
[job(1595): 2016-09-10 01:14:57] optimisation start
[job(1595): 2016-09-10 01:14:57] ------------------
[job(1595): 2016-09-10 01:14:57] * estimation method   : MLE 
[job(1595): 2016-09-10 01:14:57] * optimisation method : BFGS 
[job(1595): 2016-09-10 01:14:57] * analytical gradient : used
[job(1595): 2016-09-10 01:14:57] * trend model : ~1
[job(1595): 2016-09-10 01:14:57] * covariance model : 
[job(1595): 2016-09-10 01:14:57]   - type :  matern5_2 
[job(1595): 2016-09-10 01:14:57]   - nugget : NO
[job(1595): 2016-09-10 01:14:57]   - parameters lower bounds :  1e-10 1e-10 
[job(1595): 2016-09-10 01:14:57]   - parameters upper bounds :  41.35415 43.97512 
[job(1595): 2016-09-10 01:14:57]   - best initial criterion value(s) :  33.59443 
[job(1595): 2016-09-10 01:14:57] 
[job(1595): 2016-09-10 01:14:57] N = 2, M = 5 machine precision = 2.22045e-16
[job(1595): 2016-09-10 01:14:57] At X0, 0 variables are exactly at the bounds
[job(1595): 2016-09-10 01:14:57] At iterate     0  f=      -33.594  |proj g|=        1.123
[job(1595): 2016-09-10 01:14:57] At iterate     1  f =      -34.362  |proj g|=        1.2267
[job(1595): 2016-09-10 01:14:57] At iterate     2  f =      -34.871  |proj g|=        4.6585
[job(1595): 2016-09-10 01:14:57] At iterate     3  f =      -35.071  |proj g|=        1.2307
[job(1595): 2016-09-10 01:14:57] At iterate     4  f =      -35.557  |proj g|=        1.0686
[job(1595): 2016-09-10 01:14:57] At iterate     5  f =      -36.699  |proj g|=       0.44114
[job(1595): 2016-09-10 01:14:57] At iterate     6  f =      -37.129  |proj g|=       0.41056
[job(1595): 2016-09-10 01:14:57] At iterate     7  f =       -37.19  |proj g|=        0.1374
[job(1595): 2016-09-10 01:14:57] At iterate     8  f =       -37.19  |proj g|=     0.0023952
[job(1595): 2016-09-10 01:14:57] At iterate     9  f =       -37.19  |proj g|=    0.00063745
[job(1595): 2016-09-10 01:14:57] At iterate    10  f =       -37.19  |proj g|=    3.6449e-06
[job(1595): 2016-09-10 01:14:57] 
[job(1595): 2016-09-10 01:14:57] iterations 10
[job(1595): 2016-09-10 01:14:57] function evaluations 14
[job(1595): 2016-09-10 01:14:57] segments explored during Cauchy searches 11
[job(1595): 2016-09-10 01:14:57] BFGS updates skipped 0
[job(1595): 2016-09-10 01:14:57] active bounds at final generalized Cauchy point 0
[job(1595): 2016-09-10 01:14:57] norm of the final projected gradient 3.64494e-06
[job(1595): 2016-09-10 01:14:57] final function value -37.1901
[job(1595): 2016-09-10 01:14:57] 
[job(1595): 2016-09-10 01:14:57] F = -37.1901
[job(1595): 2016-09-10 01:14:57] final  value -37.190075 
[job(1595): 2016-09-10 01:14:57] converged
[job(1595): 2016-09-10 01:14:57] [Tune-x] 28: C=5.12; sigma=0.887
[job(1595): 2016-09-10 01:14:57] [Tune-y] 28: acc.test.mean=0.942; time: 0.0 min; memory: 117Mb use, 166Mb max
[job(1595): 2016-09-10 01:14:57] 
[job(1595): 2016-09-10 01:14:57] optimisation start
[job(1595): 2016-09-10 01:14:57] ------------------
[job(1595): 2016-09-10 01:14:57] * estimation method   : MLE 
[job(1595): 2016-09-10 01:14:57] * optimisation method : BFGS 
[job(1595): 2016-09-10 01:14:57] * analytical gradient : used
[job(1595): 2016-09-10 01:14:57] * trend model : ~1
[job(1595): 2016-09-10 01:14:57] * covariance model : 
[job(1595): 2016-09-10 01:14:57]   - type :  matern5_2 
[job(1595): 2016-09-10 01:14:57]   - nugget : NO
[job(1595): 2016-09-10 01:14:57]   - parameters lower bounds :  1e-10 1e-10 
[job(1595): 2016-09-10 01:14:57]   - parameters upper bounds :  41.35415 43.97512 
[job(1595): 2016-09-10 01:14:57]   - best initial criterion value(s) :  -28.59627 
[job(1595): 2016-09-10 01:14:57] 
[job(1595): 2016-09-10 01:14:57] N = 2, M = 5 machine precision = 2.22045e-16
[job(1595): 2016-09-10 01:14:57] At X0, 0 variables are exactly at the bounds
[job(1595): 2016-09-10 01:14:57] At iterate     0  f=       28.596  |proj g|=        3.228
[job(1595): 2016-09-10 01:14:57] At iterate     1  f =      -18.657  |proj g|=             0
[job(1595): 2016-09-10 01:14:57] 
[job(1595): 2016-09-10 01:14:57] iterations 1
[job(1595): 2016-09-10 01:14:57] function evaluations 2
[job(1595): 2016-09-10 01:14:57] segments explored during Cauchy searches 2
[job(1595): 2016-09-10 01:14:57] BFGS updates skipped 0
[job(1595): 2016-09-10 01:14:57] active bounds at final generalized Cauchy point 1
[job(1595): 2016-09-10 01:14:57] norm of the final projected gradient 0
[job(1595): 2016-09-10 01:14:57] final function value -18.657
[job(1595): 2016-09-10 01:14:57] 
[job(1595): 2016-09-10 01:14:57] F = -18.657
[job(1595): 2016-09-10 01:14:57] final  value -18.657004 
[job(1595): 2016-09-10 01:14:57] converged
[job(1595): 2016-09-10 01:14:57] [Tune] Result: C=4.2; sigma=0.552 : acc.test.mean=-0.948
[job(1595): 2016-09-10 01:14:57] Job terminated successfully
[job(chunk): 2016-09-10 01:14:58] Calculation finished!
