[job(chunk): 2016-09-10 00:58:46] Starting calculation of 1 jobs
[job(chunk): 2016-09-10 00:58:46] Setting working directory to '/naslx/projects/pr74ze/ri89coc2/svm_comparison'
[job(chunk): 2016-09-10 00:58:46] Memory measurement disabled
[job(1409): 2016-09-10 00:58:48] Starting job with job.id=1409
[job(1409): 2016-09-10 00:59:43] Generating problem instance for problem '1554' ...
[job(1409): 2016-09-10 00:59:43] Data '1554' file 'description.xml' found in cache.
[job(1409): 2016-09-10 00:59:43] Data '1554' file 'dataset.arff' found in cache.
[job(1409): 2016-09-10 00:59:43] Loading required package: readr
[job(1409): 2016-09-10 00:59:43] Applying algorithm 'kbb-svc.tuned' on problem '1554' ...
[job(1409): 2016-09-10 00:59:43] Data '1554' file 'description.xml' found in cache.
[job(1409): 2016-09-10 00:59:43] Data '1554' file 'dataset.arff' found in cache.
[job(1409): 2016-09-10 00:59:43] [Tune] Started tuning learner kbb-svc for parameter set:
[job(1409): 2016-09-10 00:59:43]          Type len Def    Constr Req Tunable Trafo
[job(1409): 2016-09-10 00:59:43] C     numeric   -   - -12 to 12   -    TRUE     Y
[job(1409): 2016-09-10 00:59:43] sigma numeric   -   - -12 to 12   -    TRUE     Y
[job(1409): 2016-09-10 00:59:43] With control class: TuneControlMBO
[job(1409): 2016-09-10 00:59:43] Imputation value: -0
[job(1409): 2016-09-10 00:59:43] [Tune-x] 1: C=18.2; sigma=2.65
[job(1409): 2016-09-10 00:59:43] [Tune-y] 1: acc.test.mean=0.398; time: 0.0 min; memory: 112Mb use, 147Mb max
[job(1409): 2016-09-10 00:59:43] [Tune-x] 2: C=3.7; sigma=20.7
[job(1409): 2016-09-10 00:59:43] [Tune-y] 2: acc.test.mean=0.389; time: 0.0 min; memory: 113Mb use, 147Mb max
[job(1409): 2016-09-10 00:59:43] [Tune-x] 3: C=0.00949; sigma=0.00254
[job(1409): 2016-09-10 00:59:43] [Tune-y] 3: acc.test.mean=0.389; time: 0.0 min; memory: 113Mb use, 147Mb max
[job(1409): 2016-09-10 00:59:43] [Tune-x] 4: C=91.8; sigma=498
[job(1409): 2016-09-10 00:59:43] [Tune-y] 4: acc.test.mean=0.389; time: 0.0 min; memory: 113Mb use, 147Mb max
[job(1409): 2016-09-10 00:59:43] [Tune-x] 5: C=0.0304; sigma=742
[job(1409): 2016-09-10 00:59:43] [Tune-y] 5: acc.test.mean=0.389; time: 0.0 min; memory: 113Mb use, 147Mb max
[job(1409): 2016-09-10 00:59:43] [Tune-x] 6: C=1.63e+03; sigma=0.0472
[job(1409): 2016-09-10 00:59:43] [Tune-y] 6: acc.test.mean=0.284; time: 0.0 min; memory: 113Mb use, 147Mb max
[job(1409): 2016-09-10 00:59:43] [Tune-x] 7: C=0.000778; sigma=0.000896
[job(1409): 2016-09-10 00:59:43] [Tune-y] 7: acc.test.mean=0.389; time: 0.0 min; memory: 113Mb use, 147Mb max
[job(1409): 2016-09-10 00:59:43] [Tune-x] 8: C=0.915; sigma=0.22
[job(1409): 2016-09-10 00:59:43] [Tune-y] 8: acc.test.mean=0.349; time: 0.0 min; memory: 113Mb use, 147Mb max
[job(1409): 2016-09-10 00:59:43] 
[job(1409): 2016-09-10 00:59:43] optimisation start
[job(1409): 2016-09-10 00:59:43] ------------------
[job(1409): 2016-09-10 00:59:43] * estimation method   : MLE 
[job(1409): 2016-09-10 00:59:43] * optimisation method : BFGS 
[job(1409): 2016-09-10 00:59:43] * analytical gradient : used
[job(1409): 2016-09-10 00:59:43] * trend model : ~1
[job(1409): 2016-09-10 00:59:43] * covariance model : 
[job(1409): 2016-09-10 00:59:43]   - type :  matern5_2 
[job(1409): 2016-09-10 00:59:43]   - nugget : NO
[job(1409): 2016-09-10 00:59:43]   - parameters lower bounds :  1e-10 1e-10 
[job(1409): 2016-09-10 00:59:43]   - parameters upper bounds :  41.99017 39.31628 
[job(1409): 2016-09-10 00:59:43]   - best initial criterion value(s) :  16.03691 
[job(1409): 2016-09-10 00:59:43] 
[job(1409): 2016-09-10 00:59:43] N = 2, M = 5 machine precision = 2.22045e-16
[job(1409): 2016-09-10 00:59:43] At X0, 0 variables are exactly at the bounds
[job(1409): 2016-09-10 00:59:43] At iterate     0  f=      -16.037  |proj g|=      0.65307
[job(1409): 2016-09-10 00:59:43] At iterate     1  f =      -16.349  |proj g|=       0.31002
[job(1409): 2016-09-10 00:59:43] At iterate     2  f =      -16.465  |proj g|=       0.09229
[job(1409): 2016-09-10 00:59:43] At iterate     3  f =      -16.481  |proj g|=      0.021742
[job(1409): 2016-09-10 00:59:43] At iterate     4  f =      -16.482  |proj g|=     0.0093202
[job(1409): 2016-09-10 00:59:43] At iterate     5  f =      -16.483  |proj g|=     0.0087643
[job(1409): 2016-09-10 00:59:43] At iterate     6  f =      -16.485  |proj g|=      0.022793
[job(1409): 2016-09-10 00:59:43] At iterate     7  f =      -16.489  |proj g|=      0.041604
[job(1409): 2016-09-10 00:59:43] At iterate     8  f =      -16.733  |proj g|=       0.25668
[job(1409): 2016-09-10 00:59:43] At iterate     9  f =      -16.765  |proj g|=      0.027712
[job(1409): 2016-09-10 00:59:43] At iterate    10  f =      -16.765  |proj g|=     0.0017955
[job(1409): 2016-09-10 00:59:43] At iterate    11  f =      -16.765  |proj g|=    1.5727e-05
[job(1409): 2016-09-10 00:59:43] At iterate    12  f =      -16.765  |proj g|=    9.1668e-09
[job(1409): 2016-09-10 00:59:43] 
[job(1409): 2016-09-10 00:59:43] iterations 12
[job(1409): 2016-09-10 00:59:43] function evaluations 15
[job(1409): 2016-09-10 00:59:43] segments explored during Cauchy searches 12
[job(1409): 2016-09-10 00:59:43] BFGS updates skipped 0
[job(1409): 2016-09-10 00:59:43] active bounds at final generalized Cauchy point 1
[job(1409): 2016-09-10 00:59:43] norm of the final projected gradient 9.16679e-09
[job(1409): 2016-09-10 00:59:43] final function value -16.765
[job(1409): 2016-09-10 00:59:43] 
[job(1409): 2016-09-10 00:59:43] F = -16.765
[job(1409): 2016-09-10 00:59:43] final  value -16.764998 
[job(1409): 2016-09-10 00:59:43] converged
[job(1409): 2016-09-10 00:59:43] [Tune-x] 9: C=4.91; sigma=3.22
[job(1409): 2016-09-10 00:59:43] [Tune-y] 9: acc.test.mean=0.389; time: 0.0 min; memory: 116Mb use, 164Mb max
[job(1409): 2016-09-10 00:59:43] 
[job(1409): 2016-09-10 00:59:43] optimisation start
[job(1409): 2016-09-10 00:59:43] ------------------
[job(1409): 2016-09-10 00:59:43] * estimation method   : MLE 
[job(1409): 2016-09-10 00:59:43] * optimisation method : BFGS 
[job(1409): 2016-09-10 00:59:43] * analytical gradient : used
[job(1409): 2016-09-10 00:59:43] * trend model : ~1
[job(1409): 2016-09-10 00:59:43] * covariance model : 
[job(1409): 2016-09-10 00:59:43]   - type :  matern5_2 
[job(1409): 2016-09-10 00:59:43]   - nugget : NO
[job(1409): 2016-09-10 00:59:43]   - parameters lower bounds :  1e-10 1e-10 
[job(1409): 2016-09-10 00:59:43]   - parameters upper bounds :  41.99017 39.31628 
[job(1409): 2016-09-10 00:59:43]   - best initial criterion value(s) :  19.17057 
[job(1409): 2016-09-10 00:59:43] 
[job(1409): 2016-09-10 00:59:43] N = 2, M = 5 machine precision = 2.22045e-16
[job(1409): 2016-09-10 00:59:43] At X0, 0 variables are exactly at the bounds
[job(1409): 2016-09-10 00:59:43] At iterate     0  f=      -19.171  |proj g|=      0.73288
[job(1409): 2016-09-10 00:59:43] At iterate     1  f =      -19.584  |proj g|=       0.32679
[job(1409): 2016-09-10 00:59:43] At iterate     2  f =       -19.64  |proj g|=      0.039273
[job(1409): 2016-09-10 00:59:43] At iterate     3  f =      -19.641  |proj g|=       0.01608
[job(1409): 2016-09-10 00:59:43] At iterate     4  f =       -19.72  |proj g|=       0.11484
[job(1409): 2016-09-10 00:59:43] At iterate     5  f =      -19.838  |proj g|=       0.16574
[job(1409): 2016-09-10 00:59:43] At iterate     6  f =      -19.846  |proj g|=      0.025717
[job(1409): 2016-09-10 00:59:43] At iterate     7  f =      -19.846  |proj g|=     0.0008232
[job(1409): 2016-09-10 00:59:43] At iterate     8  f =      -19.846  |proj g|=    4.2551e-06
[job(1409): 2016-09-10 00:59:43] At iterate     9  f =      -19.846  |proj g|=    6.9935e-10
[job(1409): 2016-09-10 00:59:43] 
[job(1409): 2016-09-10 00:59:43] iterations 9
[job(1409): 2016-09-10 00:59:43] function evaluations 15
[job(1409): 2016-09-10 00:59:43] segments explored during Cauchy searches 9
[job(1409): 2016-09-10 00:59:43] BFGS updates skipped 0
[job(1409): 2016-09-10 00:59:43] active bounds at final generalized Cauchy point 1
[job(1409): 2016-09-10 00:59:43] norm of the final projected gradient 6.99353e-10
[job(1409): 2016-09-10 00:59:43] final function value -19.8464
[job(1409): 2016-09-10 00:59:43] 
[job(1409): 2016-09-10 00:59:43] F = -19.8464
[job(1409): 2016-09-10 00:59:43] final  value -19.846368 
[job(1409): 2016-09-10 00:59:43] converged
[job(1409): 2016-09-10 00:59:43] [Tune-x] 10: C=3.08e+03; sigma=1.64
[job(1409): 2016-09-10 00:59:43] [Tune-y] 10: acc.test.mean=0.398; time: 0.0 min; memory: 116Mb use, 164Mb max
[job(1409): 2016-09-10 00:59:43] 
[job(1409): 2016-09-10 00:59:43] optimisation start
[job(1409): 2016-09-10 00:59:43] ------------------
[job(1409): 2016-09-10 00:59:43] * estimation method   : MLE 
[job(1409): 2016-09-10 00:59:43] * optimisation method : BFGS 
[job(1409): 2016-09-10 00:59:43] * analytical gradient : used
[job(1409): 2016-09-10 00:59:43] * trend model : ~1
[job(1409): 2016-09-10 00:59:43] * covariance model : 
[job(1409): 2016-09-10 00:59:43]   - type :  matern5_2 
[job(1409): 2016-09-10 00:59:43]   - nugget : NO
[job(1409): 2016-09-10 00:59:43]   - parameters lower bounds :  1e-10 1e-10 
[job(1409): 2016-09-10 00:59:43]   - parameters upper bounds :  43.83341 39.31628 
[job(1409): 2016-09-10 00:59:43]   - best initial criterion value(s) :  21.80362 
[job(1409): 2016-09-10 00:59:43] 
[job(1409): 2016-09-10 00:59:43] N = 2, M = 5 machine precision = 2.22045e-16
[job(1409): 2016-09-10 00:59:43] At X0, 0 variables are exactly at the bounds
[job(1409): 2016-09-10 00:59:43] At iterate     0  f=      -21.804  |proj g|=      0.37617
[job(1409): 2016-09-10 00:59:43] At iterate     1  f =      -21.968  |proj g|=       0.32389
[job(1409): 2016-09-10 00:59:43] At iterate     2  f =      -22.307  |proj g|=       0.12279
[job(1409): 2016-09-10 00:59:43] At iterate     3  f =       -22.41  |proj g|=       0.10673
[job(1409): 2016-09-10 00:59:43] At iterate     4  f =      -22.495  |proj g|=       0.06157
[job(1409): 2016-09-10 00:59:43] At iterate     5  f =      -22.564  |proj g|=      0.040874
[job(1409): 2016-09-10 00:59:43] At iterate     6  f =      -22.636  |proj g|=      0.071357
[job(1409): 2016-09-10 00:59:43] At iterate     7  f =      -22.652  |proj g|=       0.19327
[job(1409): 2016-09-10 00:59:43] At iterate     8  f =      -22.708  |proj g|=       0.46449
[job(1409): 2016-09-10 00:59:43] At iterate     9  f =      -22.836  |proj g|=       0.26957
[job(1409): 2016-09-10 00:59:43] At iterate    10  f =      -22.961  |proj g|=       0.13341
[job(1409): 2016-09-10 00:59:43] At iterate    11  f =      -23.011  |proj g|=      0.016824
[job(1409): 2016-09-10 00:59:43] At iterate    12  f =      -23.011  |proj g|=      0.011253
[job(1409): 2016-09-10 00:59:43] At iterate    13  f =      -23.011  |proj g|=    1.7087e-05
[job(1409): 2016-09-10 00:59:43] At iterate    14  f =      -23.011  |proj g|=    1.7237e-08
[job(1409): 2016-09-10 00:59:43] 
[job(1409): 2016-09-10 00:59:43] iterations 14
[job(1409): 2016-09-10 00:59:43] function evaluations 21
[job(1409): 2016-09-10 00:59:43] segments explored during Cauchy searches 14
[job(1409): 2016-09-10 00:59:43] BFGS updates skipped 0
[job(1409): 2016-09-10 00:59:43] active bounds at final generalized Cauchy point 1
[job(1409): 2016-09-10 00:59:43] norm of the final projected gradient 1.72374e-08
[job(1409): 2016-09-10 00:59:43] final function value -23.0111
[job(1409): 2016-09-10 00:59:43] 
[job(1409): 2016-09-10 00:59:43] F = -23.0111
[job(1409): 2016-09-10 00:59:43] final  value -23.011111 
[job(1409): 2016-09-10 00:59:43] converged
[job(1409): 2016-09-10 00:59:43] [Tune-x] 11: C=30.1; sigma=2.09
[job(1409): 2016-09-10 00:59:43] [Tune-y] 11: acc.test.mean=0.396; time: 0.0 min; memory: 116Mb use, 164Mb max
[job(1409): 2016-09-10 00:59:43] 
[job(1409): 2016-09-10 00:59:43] optimisation start
[job(1409): 2016-09-10 00:59:43] ------------------
[job(1409): 2016-09-10 00:59:43] * estimation method   : MLE 
[job(1409): 2016-09-10 00:59:43] * optimisation method : BFGS 
[job(1409): 2016-09-10 00:59:43] * analytical gradient : used
[job(1409): 2016-09-10 00:59:43] * trend model : ~1
[job(1409): 2016-09-10 00:59:43] * covariance model : 
[job(1409): 2016-09-10 00:59:43]   - type :  matern5_2 
[job(1409): 2016-09-10 00:59:43]   - nugget : NO
[job(1409): 2016-09-10 00:59:43]   - parameters lower bounds :  1e-10 1e-10 
[job(1409): 2016-09-10 00:59:43]   - parameters upper bounds :  43.83341 39.31628 
[job(1409): 2016-09-10 00:59:43]   - best initial criterion value(s) :  26.32067 
[job(1409): 2016-09-10 00:59:43] 
[job(1409): 2016-09-10 00:59:43] N = 2, M = 5 machine precision = 2.22045e-16
[job(1409): 2016-09-10 00:59:43] At X0, 0 variables are exactly at the bounds
[job(1409): 2016-09-10 00:59:43] At iterate     0  f=      -26.321  |proj g|=     0.078212
[job(1409): 2016-09-10 00:59:43] At iterate     1  f =       -26.33  |proj g|=      0.061829
[job(1409): 2016-09-10 00:59:43] At iterate     2  f =      -26.369  |proj g|=      0.039387
[job(1409): 2016-09-10 00:59:43] At iterate     3  f =      -26.379  |proj g|=      0.032135
[job(1409): 2016-09-10 00:59:43] At iterate     4  f =      -26.382  |proj g|=     0.0019043
[job(1409): 2016-09-10 00:59:43] At iterate     5  f =      -26.382  |proj g|=    6.2377e-05
[job(1409): 2016-09-10 00:59:43] At iterate     6  f =      -26.382  |proj g|=    2.9655e-07
[job(1409): 2016-09-10 00:59:43] 
[job(1409): 2016-09-10 00:59:43] iterations 6
[job(1409): 2016-09-10 00:59:43] function evaluations 7
[job(1409): 2016-09-10 00:59:43] segments explored during Cauchy searches 6
[job(1409): 2016-09-10 00:59:43] BFGS updates skipped 0
[job(1409): 2016-09-10 00:59:43] active bounds at final generalized Cauchy point 0
[job(1409): 2016-09-10 00:59:43] norm of the final projected gradient 2.96548e-07
[job(1409): 2016-09-10 00:59:43] final function value -26.3819
[job(1409): 2016-09-10 00:59:43] 
[job(1409): 2016-09-10 00:59:43] F = -26.3819
[job(1409): 2016-09-10 00:59:43] final  value -26.381861 
[job(1409): 2016-09-10 00:59:43] converged
[job(1409): 2016-09-10 00:59:43] [Tune-x] 12: C=810; sigma=6.07
[job(1409): 2016-09-10 00:59:43] [Tune-y] 12: acc.test.mean=0.393; time: 0.0 min; memory: 116Mb use, 164Mb max
[job(1409): 2016-09-10 00:59:43] 
[job(1409): 2016-09-10 00:59:43] optimisation start
[job(1409): 2016-09-10 00:59:43] ------------------
[job(1409): 2016-09-10 00:59:43] * estimation method   : MLE 
[job(1409): 2016-09-10 00:59:43] * optimisation method : BFGS 
[job(1409): 2016-09-10 00:59:43] * analytical gradient : used
[job(1409): 2016-09-10 00:59:43] * trend model : ~1
[job(1409): 2016-09-10 00:59:43] * covariance model : 
[job(1409): 2016-09-10 00:59:43]   - type :  matern5_2 
[job(1409): 2016-09-10 00:59:43]   - nugget : NO
[job(1409): 2016-09-10 00:59:43]   - parameters lower bounds :  1e-10 1e-10 
[job(1409): 2016-09-10 00:59:43]   - parameters upper bounds :  43.83341 39.31628 
[job(1409): 2016-09-10 00:59:43]   - best initial criterion value(s) :  22.39346 
[job(1409): 2016-09-10 00:59:43] 
[job(1409): 2016-09-10 00:59:43] N = 2, M = 5 machine precision = 2.22045e-16
[job(1409): 2016-09-10 00:59:43] At X0, 0 variables are exactly at the bounds
[job(1409): 2016-09-10 00:59:43] At iterate     0  f=      -22.393  |proj g|=       1.7247
[job(1409): 2016-09-10 00:59:43] At iterate     1  f =      -26.206  |proj g|=        2.5738
[job(1409): 2016-09-10 00:59:43] ys=-1.449e+00  -gs= 3.002e+00, BFGS update SKIPPED
[job(1409): 2016-09-10 00:59:43] At iterate     2  f =      -28.285  |proj g|=        1.9119
[job(1409): 2016-09-10 00:59:43] At iterate     3  f =      -28.726  |proj g|=        1.2815
[job(1409): 2016-09-10 00:59:43] At iterate     4  f =       -28.93  |proj g|=       0.68103
[job(1409): 2016-09-10 00:59:43] At iterate     5  f =      -28.986  |proj g|=      0.089036
[job(1409): 2016-09-10 00:59:43] At iterate     6  f =      -28.987  |proj g|=      0.011591
[job(1409): 2016-09-10 00:59:43] At iterate     7  f =      -28.987  |proj g|=      0.011524
[job(1409): 2016-09-10 00:59:43] At iterate     8  f =      -28.987  |proj g|=      0.025825
[job(1409): 2016-09-10 00:59:43] At iterate     9  f =      -28.988  |proj g|=      0.055342
[job(1409): 2016-09-10 00:59:43] At iterate    10  f =      -28.989  |proj g|=       0.10554
[job(1409): 2016-09-10 00:59:43] At iterate    11  f =      -28.993  |proj g|=       0.16916
[job(1409): 2016-09-10 00:59:43] At iterate    12  f =      -28.999  |proj g|=       0.22183
[job(1409): 2016-09-10 00:59:43] At iterate    13  f =      -29.007  |proj g|=        0.1796
[job(1409): 2016-09-10 00:59:43] At iterate    14  f =      -29.011  |proj g|=     0.0076133
[job(1409): 2016-09-10 00:59:43] At iterate    15  f =      -29.011  |proj g|=    0.00019225
[job(1409): 2016-09-10 00:59:43] At iterate    16  f =      -29.011  |proj g|=    1.5334e-06
[job(1409): 2016-09-10 00:59:43] 
[job(1409): 2016-09-10 00:59:43] iterations 16
[job(1409): 2016-09-10 00:59:43] function evaluations 19
[job(1409): 2016-09-10 00:59:43] segments explored during Cauchy searches 17
[job(1409): 2016-09-10 00:59:43] BFGS updates skipped 1
[job(1409): 2016-09-10 00:59:43] active bounds at final generalized Cauchy point 0
[job(1409): 2016-09-10 00:59:43] norm of the final projected gradient 1.53343e-06
[job(1409): 2016-09-10 00:59:43] final function value -29.0115
[job(1409): 2016-09-10 00:59:43] 
[job(1409): 2016-09-10 00:59:43] F = -29.0115
[job(1409): 2016-09-10 00:59:43] final  value -29.011496 
[job(1409): 2016-09-10 00:59:43] converged
[job(1409): 2016-09-10 00:59:43] [Tune-x] 13: C=4.09e+03; sigma=2.72
[job(1409): 2016-09-10 00:59:43] [Tune-y] 13: acc.test.mean=0.398; time: 0.0 min; memory: 116Mb use, 164Mb max
[job(1409): 2016-09-10 00:59:43] 
[job(1409): 2016-09-10 00:59:43] optimisation start
[job(1409): 2016-09-10 00:59:43] ------------------
[job(1409): 2016-09-10 00:59:43] * estimation method   : MLE 
[job(1409): 2016-09-10 00:59:43] * optimisation method : BFGS 
[job(1409): 2016-09-10 00:59:43] * analytical gradient : used
[job(1409): 2016-09-10 00:59:43] * trend model : ~1
[job(1409): 2016-09-10 00:59:43] * covariance model : 
[job(1409): 2016-09-10 00:59:43]   - type :  matern5_2 
[job(1409): 2016-09-10 00:59:43]   - nugget : NO
[job(1409): 2016-09-10 00:59:43]   - parameters lower bounds :  1e-10 1e-10 
[job(1409): 2016-09-10 00:59:43]   - parameters upper bounds :  44.65517 39.31628 
[job(1409): 2016-09-10 00:59:43]   - best initial criterion value(s) :  31.55522 
[job(1409): 2016-09-10 00:59:43] 
[job(1409): 2016-09-10 00:59:43] N = 2, M = 5 machine precision = 2.22045e-16
[job(1409): 2016-09-10 00:59:43] At X0, 0 variables are exactly at the bounds
[job(1409): 2016-09-10 00:59:43] At iterate     0  f=      -31.555  |proj g|=      0.84924
[job(1409): 2016-09-10 00:59:43] At iterate     1  f =      -31.672  |proj g|=       0.12569
[job(1409): 2016-09-10 00:59:43] At iterate     2  f =        -31.7  |proj g|=       0.11719
[job(1409): 2016-09-10 00:59:43] At iterate     3  f =      -32.065  |proj g|=        1.2164
[job(1409): 2016-09-10 00:59:43] At iterate     4  f =      -32.238  |proj g|=        1.0191
[job(1409): 2016-09-10 00:59:43] At iterate     5  f =      -32.536  |proj g|=       0.16743
[job(1409): 2016-09-10 00:59:43] At iterate     6  f =      -32.625  |proj g|=       0.10226
[job(1409): 2016-09-10 00:59:43] At iterate     7  f =      -32.655  |proj g|=      0.028277
[job(1409): 2016-09-10 00:59:43] At iterate     8  f =      -32.658  |proj g|=      0.004173
[job(1409): 2016-09-10 00:59:43] At iterate     9  f =      -32.658  |proj g|=    0.00031216
[job(1409): 2016-09-10 00:59:43] At iterate    10  f =      -32.658  |proj g|=     0.0001116
[job(1409): 2016-09-10 00:59:43] At iterate    11  f =      -32.658  |proj g|=    1.2389e-05
[job(1409): 2016-09-10 00:59:43] 
[job(1409): 2016-09-10 00:59:43] iterations 11
[job(1409): 2016-09-10 00:59:43] function evaluations 15
[job(1409): 2016-09-10 00:59:43] segments explored during Cauchy searches 11
[job(1409): 2016-09-10 00:59:43] BFGS updates skipped 0
[job(1409): 2016-09-10 00:59:43] active bounds at final generalized Cauchy point 0
[job(1409): 2016-09-10 00:59:43] norm of the final projected gradient 1.23889e-05
[job(1409): 2016-09-10 00:59:43] final function value -32.6583
[job(1409): 2016-09-10 00:59:43] 
[job(1409): 2016-09-10 00:59:43] F = -32.6583
[job(1409): 2016-09-10 00:59:43] final  value -32.658268 
[job(1409): 2016-09-10 00:59:43] converged
[job(1409): 2016-09-10 00:59:43] [Tune-x] 14: C=50.9; sigma=4.12
[job(1409): 2016-09-10 00:59:43] [Tune-y] 14: acc.test.mean=0.393; time: 0.0 min; memory: 116Mb use, 164Mb max
[job(1409): 2016-09-10 00:59:43] 
[job(1409): 2016-09-10 00:59:43] optimisation start
[job(1409): 2016-09-10 00:59:43] ------------------
[job(1409): 2016-09-10 00:59:43] * estimation method   : MLE 
[job(1409): 2016-09-10 00:59:43] * optimisation method : BFGS 
[job(1409): 2016-09-10 00:59:43] * analytical gradient : used
[job(1409): 2016-09-10 00:59:43] * trend model : ~1
[job(1409): 2016-09-10 00:59:43] * covariance model : 
[job(1409): 2016-09-10 00:59:43]   - type :  matern5_2 
[job(1409): 2016-09-10 00:59:43]   - nugget : NO
[job(1409): 2016-09-10 00:59:43]   - parameters lower bounds :  1e-10 1e-10 
[job(1409): 2016-09-10 00:59:43]   - parameters upper bounds :  44.65517 39.31628 
[job(1409): 2016-09-10 00:59:43]   - best initial criterion value(s) :  33.5914 
[job(1409): 2016-09-10 00:59:43] 
[job(1409): 2016-09-10 00:59:43] N = 2, M = 5 machine precision = 2.22045e-16
[job(1409): 2016-09-10 00:59:43] At X0, 0 variables are exactly at the bounds
[job(1409): 2016-09-10 00:59:43] At iterate     0  f=      -33.591  |proj g|=       2.3449
[job(1409): 2016-09-10 00:59:43] At iterate     1  f =      -34.767  |proj g|=        1.9503
[job(1409): 2016-09-10 00:59:43] At iterate     2  f =       -35.27  |proj g|=       0.83987
[job(1409): 2016-09-10 00:59:43] At iterate     3  f =      -35.359  |proj g|=       0.14909
[job(1409): 2016-09-10 00:59:43] At iterate     4  f =      -35.367  |proj g|=        0.1541
[job(1409): 2016-09-10 00:59:43] At iterate     5  f =      -35.393  |proj g|=       0.26664
[job(1409): 2016-09-10 00:59:43] At iterate     6  f =      -35.444  |proj g|=       0.61331
[job(1409): 2016-09-10 00:59:43] At iterate     7  f =      -35.549  |proj g|=       0.98528
[job(1409): 2016-09-10 00:59:43] At iterate     8  f =      -35.723  |proj g|=       0.96594
[job(1409): 2016-09-10 00:59:43] At iterate     9  f =      -35.811  |proj g|=       0.43715
[job(1409): 2016-09-10 00:59:43] At iterate    10  f =      -35.829  |proj g|=       0.01543
[job(1409): 2016-09-10 00:59:43] At iterate    11  f =      -35.829  |proj g|=    0.00032458
[job(1409): 2016-09-10 00:59:43] At iterate    12  f =      -35.829  |proj g|=    2.9017e-05
[job(1409): 2016-09-10 00:59:43] 
[job(1409): 2016-09-10 00:59:43] iterations 12
[job(1409): 2016-09-10 00:59:43] function evaluations 14
[job(1409): 2016-09-10 00:59:43] segments explored during Cauchy searches 13
[job(1409): 2016-09-10 00:59:43] BFGS updates skipped 0
[job(1409): 2016-09-10 00:59:43] active bounds at final generalized Cauchy point 0
[job(1409): 2016-09-10 00:59:43] norm of the final projected gradient 2.90171e-05
[job(1409): 2016-09-10 00:59:43] final function value -35.829
[job(1409): 2016-09-10 00:59:43] 
[job(1409): 2016-09-10 00:59:43] F = -35.829
[job(1409): 2016-09-10 00:59:43] final  value -35.829021 
[job(1409): 2016-09-10 00:59:43] converged
[job(1409): 2016-09-10 00:59:43] [Tune-x] 15: C=238; sigma=2.61
[job(1409): 2016-09-10 00:59:43] [Tune-y] 15: acc.test.mean=0.398; time: 0.0 min; memory: 116Mb use, 164Mb max
[job(1409): 2016-09-10 00:59:43] 
[job(1409): 2016-09-10 00:59:43] optimisation start
[job(1409): 2016-09-10 00:59:43] ------------------
[job(1409): 2016-09-10 00:59:43] * estimation method   : MLE 
[job(1409): 2016-09-10 00:59:43] * optimisation method : BFGS 
[job(1409): 2016-09-10 00:59:43] * analytical gradient : used
[job(1409): 2016-09-10 00:59:43] * trend model : ~1
[job(1409): 2016-09-10 00:59:43] * covariance model : 
[job(1409): 2016-09-10 00:59:43]   - type :  matern5_2 
[job(1409): 2016-09-10 00:59:43]   - nugget : NO
[job(1409): 2016-09-10 00:59:43]   - parameters lower bounds :  1e-10 1e-10 
[job(1409): 2016-09-10 00:59:43]   - parameters upper bounds :  44.65517 39.31628 
[job(1409): 2016-09-10 00:59:43]   - best initial criterion value(s) :  34.26049 
[job(1409): 2016-09-10 00:59:43] 
[job(1409): 2016-09-10 00:59:43] N = 2, M = 5 machine precision = 2.22045e-16
[job(1409): 2016-09-10 00:59:43] At X0, 0 variables are exactly at the bounds
[job(1409): 2016-09-10 00:59:43] At iterate     0  f=       -34.26  |proj g|=       1.1814
[job(1409): 2016-09-10 00:59:43] At iterate     1  f =      -36.283  |proj g|=         1.003
[job(1409): 2016-09-10 00:59:43] At iterate     2  f =       -39.03  |proj g|=       0.81931
[job(1409): 2016-09-10 00:59:43] At iterate     3  f =      -39.634  |proj g|=       0.19962
[job(1409): 2016-09-10 00:59:43] At iterate     4  f =      -39.651  |proj g|=       0.13128
[job(1409): 2016-09-10 00:59:43] At iterate     5  f =       -39.67  |proj g|=       0.12729
[job(1409): 2016-09-10 00:59:43] At iterate     6  f =      -39.737  |proj g|=       0.44784
[job(1409): 2016-09-10 00:59:43] At iterate     7  f =      -39.762  |proj g|=      0.010382
[job(1409): 2016-09-10 00:59:43] At iterate     8  f =      -39.763  |proj g|=    0.00097021
[job(1409): 2016-09-10 00:59:43] At iterate     9  f =      -39.763  |proj g|=    3.0371e-05
[job(1409): 2016-09-10 00:59:43] At iterate    10  f =      -39.763  |proj g|=    1.9681e-05
[job(1409): 2016-09-10 00:59:43] 
[job(1409): 2016-09-10 00:59:43] iterations 10
[job(1409): 2016-09-10 00:59:43] function evaluations 15
[job(1409): 2016-09-10 00:59:43] segments explored during Cauchy searches 11
[job(1409): 2016-09-10 00:59:43] BFGS updates skipped 0
[job(1409): 2016-09-10 00:59:43] active bounds at final generalized Cauchy point 0
[job(1409): 2016-09-10 00:59:43] norm of the final projected gradient 1.96805e-05
[job(1409): 2016-09-10 00:59:43] final function value -39.7628
[job(1409): 2016-09-10 00:59:43] 
[job(1409): 2016-09-10 00:59:43] F = -39.7628
[job(1409): 2016-09-10 00:59:43] final  value -39.762825 
[job(1409): 2016-09-10 00:59:43] converged
[job(1409): 2016-09-10 00:59:43] [Tune-x] 16: C=46.2; sigma=2.68
[job(1409): 2016-09-10 00:59:43] [Tune-y] 16: acc.test.mean=0.398; time: 0.0 min; memory: 116Mb use, 164Mb max
[job(1409): 2016-09-10 00:59:43] 
[job(1409): 2016-09-10 00:59:43] optimisation start
[job(1409): 2016-09-10 00:59:43] ------------------
[job(1409): 2016-09-10 00:59:43] * estimation method   : MLE 
[job(1409): 2016-09-10 00:59:43] * optimisation method : BFGS 
[job(1409): 2016-09-10 00:59:43] * analytical gradient : used
[job(1409): 2016-09-10 00:59:43] * trend model : ~1
[job(1409): 2016-09-10 00:59:43] * covariance model : 
[job(1409): 2016-09-10 00:59:43]   - type :  matern5_2 
[job(1409): 2016-09-10 00:59:43]   - nugget : NO
[job(1409): 2016-09-10 00:59:43]   - parameters lower bounds :  1e-10 1e-10 
[job(1409): 2016-09-10 00:59:43]   - parameters upper bounds :  44.65517 39.31628 
[job(1409): 2016-09-10 00:59:43]   - best initial criterion value(s) :  38.74128 
[job(1409): 2016-09-10 00:59:43] 
[job(1409): 2016-09-10 00:59:43] N = 2, M = 5 machine precision = 2.22045e-16
[job(1409): 2016-09-10 00:59:43] At X0, 0 variables are exactly at the bounds
[job(1409): 2016-09-10 00:59:43] At iterate     0  f=      -38.741  |proj g|=      0.85268
[job(1409): 2016-09-10 00:59:43] At iterate     1  f =      -40.614  |proj g|=        2.1881
[job(1409): 2016-09-10 00:59:43] ys=-1.518e+00  -gs= 1.300e+00, BFGS update SKIPPED
[job(1409): 2016-09-10 00:59:43] At iterate     2  f =      -45.682  |proj g|=       0.13307
[job(1409): 2016-09-10 00:59:43] At iterate     3  f =      -45.688  |proj g|=       0.26277
[job(1409): 2016-09-10 00:59:43] At iterate     4  f =      -45.808  |proj g|=       0.49214
[job(1409): 2016-09-10 00:59:43] At iterate     5  f =      -46.592  |proj g|=         1.029
[job(1409): 2016-09-10 00:59:43] At iterate     6  f =      -47.477  |proj g|=        2.5615
[job(1409): 2016-09-10 00:59:43] At iterate     7  f =      -47.749  |proj g|=       0.48242
[job(1409): 2016-09-10 00:59:43] At iterate     8  f =      -47.752  |proj g|=      0.007715
[job(1409): 2016-09-10 00:59:43] At iterate     9  f =      -47.752  |proj g|=    5.0275e-05
[job(1409): 2016-09-10 00:59:43] At iterate    10  f =      -47.752  |proj g|=    4.8816e-09
[job(1409): 2016-09-10 00:59:43] 
[job(1409): 2016-09-10 00:59:43] iterations 10
[job(1409): 2016-09-10 00:59:43] function evaluations 13
[job(1409): 2016-09-10 00:59:43] segments explored during Cauchy searches 11
[job(1409): 2016-09-10 00:59:43] BFGS updates skipped 1
[job(1409): 2016-09-10 00:59:43] active bounds at final generalized Cauchy point 1
[job(1409): 2016-09-10 00:59:43] norm of the final projected gradient 4.8816e-09
[job(1409): 2016-09-10 00:59:43] final function value -47.7522
[job(1409): 2016-09-10 00:59:43] 
[job(1409): 2016-09-10 00:59:43] F = -47.7522
[job(1409): 2016-09-10 00:59:43] final  value -47.752195 
[job(1409): 2016-09-10 00:59:43] converged
[job(1409): 2016-09-10 00:59:43] [Tune-x] 17: C=1.49; sigma=1.54
[job(1409): 2016-09-10 00:59:43] [Tune-y] 17: acc.test.mean=0.391; time: 0.0 min; memory: 116Mb use, 164Mb max
[job(1409): 2016-09-10 00:59:43] 
[job(1409): 2016-09-10 00:59:43] optimisation start
[job(1409): 2016-09-10 00:59:43] ------------------
[job(1409): 2016-09-10 00:59:43] * estimation method   : MLE 
[job(1409): 2016-09-10 00:59:43] * optimisation method : BFGS 
[job(1409): 2016-09-10 00:59:43] * analytical gradient : used
[job(1409): 2016-09-10 00:59:43] * trend model : ~1
[job(1409): 2016-09-10 00:59:43] * covariance model : 
[job(1409): 2016-09-10 00:59:43]   - type :  matern5_2 
[job(1409): 2016-09-10 00:59:43]   - nugget : NO
[job(1409): 2016-09-10 00:59:43]   - parameters lower bounds :  1e-10 1e-10 
[job(1409): 2016-09-10 00:59:43]   - parameters upper bounds :  44.65517 39.31628 
[job(1409): 2016-09-10 00:59:43]   - best initial criterion value(s) :  49.40474 
[job(1409): 2016-09-10 00:59:43] 
[job(1409): 2016-09-10 00:59:43] N = 2, M = 5 machine precision = 2.22045e-16
[job(1409): 2016-09-10 00:59:43] At X0, 0 variables are exactly at the bounds
[job(1409): 2016-09-10 00:59:43] At iterate     0  f=      -49.405  |proj g|=       8.1559
[job(1409): 2016-09-10 00:59:43] At iterate     1  f =      -50.304  |proj g|=       0.86928
[job(1409): 2016-09-10 00:59:43] At iterate     2  f =      -50.373  |proj g|=        0.2085
[job(1409): 2016-09-10 00:59:43] At iterate     3  f =      -50.374  |proj g|=      0.069645
[job(1409): 2016-09-10 00:59:43] At iterate     4  f =      -50.377  |proj g|=       0.19341
[job(1409): 2016-09-10 00:59:43] At iterate     5  f =      -50.394  |proj g|=       0.69025
[job(1409): 2016-09-10 00:59:43] At iterate     6  f =       -50.44  |proj g|=        1.6406
[job(1409): 2016-09-10 00:59:43] At iterate     7  f =      -50.537  |proj g|=        3.0018
[job(1409): 2016-09-10 00:59:43] At iterate     8  f =      -50.747  |proj g|=        4.6971
[job(1409): 2016-09-10 00:59:43] At iterate     9  f =      -51.002  |proj g|=        3.6584
[job(1409): 2016-09-10 00:59:43] At iterate    10  f =      -51.155  |proj g|=      0.093456
[job(1409): 2016-09-10 00:59:43] At iterate    11  f =      -51.155  |proj g|=    0.00079678
[job(1409): 2016-09-10 00:59:43] At iterate    12  f =      -51.155  |proj g|=    5.6794e-07
[job(1409): 2016-09-10 00:59:43] 
[job(1409): 2016-09-10 00:59:43] iterations 12
[job(1409): 2016-09-10 00:59:43] function evaluations 17
[job(1409): 2016-09-10 00:59:43] segments explored during Cauchy searches 12
[job(1409): 2016-09-10 00:59:43] BFGS updates skipped 0
[job(1409): 2016-09-10 00:59:43] active bounds at final generalized Cauchy point 1
[job(1409): 2016-09-10 00:59:43] norm of the final projected gradient 5.67937e-07
[job(1409): 2016-09-10 00:59:43] final function value -51.1551
[job(1409): 2016-09-10 00:59:43] 
[job(1409): 2016-09-10 00:59:43] F = -51.1551
[job(1409): 2016-09-10 00:59:43] final  value -51.155084 
[job(1409): 2016-09-10 00:59:43] converged
[job(1409): 2016-09-10 00:59:43] [Tune-x] 18: C=4.1e+03; sigma=4.81
[job(1409): 2016-09-10 00:59:43] [Tune-y] 18: acc.test.mean=0.393; time: 0.0 min; memory: 116Mb use, 164Mb max
[job(1409): 2016-09-10 00:59:43] 
[job(1409): 2016-09-10 00:59:43] optimisation start
[job(1409): 2016-09-10 00:59:43] ------------------
[job(1409): 2016-09-10 00:59:43] * estimation method   : MLE 
[job(1409): 2016-09-10 00:59:43] * optimisation method : BFGS 
[job(1409): 2016-09-10 00:59:43] * analytical gradient : used
[job(1409): 2016-09-10 00:59:43] * trend model : ~1
[job(1409): 2016-09-10 00:59:43] * covariance model : 
[job(1409): 2016-09-10 00:59:43]   - type :  matern5_2 
[job(1409): 2016-09-10 00:59:43]   - nugget : NO
[job(1409): 2016-09-10 00:59:43]   - parameters lower bounds :  1e-10 1e-10 
[job(1409): 2016-09-10 00:59:43]   - parameters upper bounds :  44.6558 39.31628 
[job(1409): 2016-09-10 00:59:43]   - best initial criterion value(s) :  41.5686 
[job(1409): 2016-09-10 00:59:43] 
[job(1409): 2016-09-10 00:59:43] N = 2, M = 5 machine precision = 2.22045e-16
[job(1409): 2016-09-10 00:59:43] At X0, 0 variables are exactly at the bounds
[job(1409): 2016-09-10 00:59:43] At iterate     0  f=      -41.569  |proj g|=       2.3261
[job(1409): 2016-09-10 00:59:43] At iterate     1  f =      -41.689  |proj g|=       0.19166
[job(1409): 2016-09-10 00:59:43] At iterate     2  f =      -41.799  |proj g|=       0.52927
[job(1409): 2016-09-10 00:59:43] At iterate     3  f =      -42.211  |proj g|=       0.58553
[job(1409): 2016-09-10 00:59:43] At iterate     4  f =      -42.829  |proj g|=        1.3528
[job(1409): 2016-09-10 00:59:43] At iterate     5  f =      -42.867  |proj g|=        1.9856
[job(1409): 2016-09-10 00:59:43] At iterate     6  f =      -42.935  |proj g|=        2.3396
[job(1409): 2016-09-10 00:59:43] At iterate     7  f =      -43.076  |proj g|=        2.6091
[job(1409): 2016-09-10 00:59:43] At iterate     8  f =      -43.534  |proj g|=        2.4748
[job(1409): 2016-09-10 00:59:43] At iterate     9  f =      -45.986  |proj g|=         1.785
[job(1409): 2016-09-10 00:59:43] At iterate    10  f =       -48.72  |proj g|=          2.84
[job(1409): 2016-09-10 00:59:43] At iterate    11  f =      -51.501  |proj g|=        1.5601
[job(1409): 2016-09-10 00:59:43] At iterate    12  f =      -52.184  |proj g|=       0.40293
[job(1409): 2016-09-10 00:59:43] At iterate    13  f =      -52.458  |proj g|=       0.16831
[job(1409): 2016-09-10 00:59:43] At iterate    14  f =      -52.522  |proj g|=      0.023899
[job(1409): 2016-09-10 00:59:43] At iterate    15  f =      -52.523  |proj g|=     0.0036804
[job(1409): 2016-09-10 00:59:43] At iterate    16  f =      -52.523  |proj g|=    0.00052773
[job(1409): 2016-09-10 00:59:43] At iterate    17  f =      -52.523  |proj g|=    1.5577e-05
[job(1409): 2016-09-10 00:59:43] 
[job(1409): 2016-09-10 00:59:43] iterations 17
[job(1409): 2016-09-10 00:59:43] function evaluations 30
[job(1409): 2016-09-10 00:59:43] segments explored during Cauchy searches 17
[job(1409): 2016-09-10 00:59:43] BFGS updates skipped 0
[job(1409): 2016-09-10 00:59:43] active bounds at final generalized Cauchy point 0
[job(1409): 2016-09-10 00:59:43] norm of the final projected gradient 1.55773e-05
[job(1409): 2016-09-10 00:59:43] final function value -52.5235
[job(1409): 2016-09-10 00:59:43] 
[job(1409): 2016-09-10 00:59:43] F = -52.5235
[job(1409): 2016-09-10 00:59:43] final  value -52.523492 
[job(1409): 2016-09-10 00:59:43] converged
[job(1409): 2016-09-10 00:59:43] [Tune-x] 19: C=1.16e+03; sigma=2.67
[job(1409): 2016-09-10 00:59:43] [Tune-y] 19: acc.test.mean=0.398; time: 0.0 min; memory: 116Mb use, 164Mb max
[job(1409): 2016-09-10 00:59:43] 
[job(1409): 2016-09-10 00:59:43] optimisation start
[job(1409): 2016-09-10 00:59:43] ------------------
[job(1409): 2016-09-10 00:59:43] * estimation method   : MLE 
[job(1409): 2016-09-10 00:59:43] * optimisation method : BFGS 
[job(1409): 2016-09-10 00:59:43] * analytical gradient : used
[job(1409): 2016-09-10 00:59:43] * trend model : ~1
[job(1409): 2016-09-10 00:59:43] * covariance model : 
[job(1409): 2016-09-10 00:59:43]   - type :  matern5_2 
[job(1409): 2016-09-10 00:59:43]   - nugget : NO
[job(1409): 2016-09-10 00:59:43]   - parameters lower bounds :  1e-10 1e-10 
[job(1409): 2016-09-10 00:59:43]   - parameters upper bounds :  44.6558 39.31628 
[job(1409): 2016-09-10 00:59:43]   - best initial criterion value(s) :  41.49282 
[job(1409): 2016-09-10 00:59:43] 
[job(1409): 2016-09-10 00:59:43] N = 2, M = 5 machine precision = 2.22045e-16
[job(1409): 2016-09-10 00:59:43] At X0, 0 variables are exactly at the bounds
[job(1409): 2016-09-10 00:59:43] At iterate     0  f=      -41.493  |proj g|=       1.1813
[job(1409): 2016-09-10 00:59:43] At iterate     1  f =       -43.52  |proj g|=       0.99062
[job(1409): 2016-09-10 00:59:43] At iterate     2  f =      -47.158  |proj g|=        1.3641
[job(1409): 2016-09-10 00:59:43] At iterate     3  f =      -51.173  |proj g|=        1.6577
[job(1409): 2016-09-10 00:59:43] At iterate     4  f =      -51.477  |proj g|=        1.7044
[job(1409): 2016-09-10 00:59:43] At iterate     5  f =        -53.6  |proj g|=        1.5572
[job(1409): 2016-09-10 00:59:43] At iterate     6  f =      -58.598  |proj g|=        2.9513
[job(1409): 2016-09-10 00:59:43] At iterate     7  f =      -58.982  |proj g|=       0.95615
[job(1409): 2016-09-10 00:59:43] At iterate     8  f =      -59.725  |proj g|=       0.38567
[job(1409): 2016-09-10 00:59:43] At iterate     9  f =      -60.767  |proj g|=       0.97771
[job(1409): 2016-09-10 00:59:43] At iterate    10  f =      -61.311  |proj g|=         11.74
[job(1409): 2016-09-10 00:59:43] At iterate    11  f =      -62.934  |proj g|=       0.40473
[job(1409): 2016-09-10 00:59:43] At iterate    12  f =      -62.935  |proj g|=      0.018899
[job(1409): 2016-09-10 00:59:43] At iterate    13  f =      -62.935  |proj g|=    6.5909e-05
[job(1409): 2016-09-10 00:59:43] At iterate    14  f =      -62.935  |proj g|=    1.0384e-08
[job(1409): 2016-09-10 00:59:43] 
[job(1409): 2016-09-10 00:59:43] iterations 14
[job(1409): 2016-09-10 00:59:43] function evaluations 21
[job(1409): 2016-09-10 00:59:43] segments explored during Cauchy searches 15
[job(1409): 2016-09-10 00:59:43] BFGS updates skipped 0
[job(1409): 2016-09-10 00:59:43] active bounds at final generalized Cauchy point 1
[job(1409): 2016-09-10 00:59:43] norm of the final projected gradient 1.03845e-08
[job(1409): 2016-09-10 00:59:43] final function value -62.9352
[job(1409): 2016-09-10 00:59:43] 
[job(1409): 2016-09-10 00:59:43] F = -62.9352
[job(1409): 2016-09-10 00:59:43] final  value -62.935175 
[job(1409): 2016-09-10 00:59:43] converged
[job(1409): 2016-09-10 00:59:43] [Tune-x] 20: C=4.09e+03; sigma=1.7
[job(1409): 2016-09-10 00:59:43] [Tune-y] 20: acc.test.mean=0.391; time: 0.0 min; memory: 116Mb use, 164Mb max
[job(1409): 2016-09-10 00:59:43] 
[job(1409): 2016-09-10 00:59:43] optimisation start
[job(1409): 2016-09-10 00:59:43] ------------------
[job(1409): 2016-09-10 00:59:43] * estimation method   : MLE 
[job(1409): 2016-09-10 00:59:43] * optimisation method : BFGS 
[job(1409): 2016-09-10 00:59:43] * analytical gradient : used
[job(1409): 2016-09-10 00:59:43] * trend model : ~1
[job(1409): 2016-09-10 00:59:43] * covariance model : 
[job(1409): 2016-09-10 00:59:43]   - type :  matern5_2 
[job(1409): 2016-09-10 00:59:43]   - nugget : NO
[job(1409): 2016-09-10 00:59:43]   - parameters lower bounds :  1e-10 1e-10 
[job(1409): 2016-09-10 00:59:43]   - parameters upper bounds :  44.6558 39.31628 
[job(1409): 2016-09-10 00:59:43]   - best initial criterion value(s) :  52.46995 
[job(1409): 2016-09-10 00:59:43] 
[job(1409): 2016-09-10 00:59:43] N = 2, M = 5 machine precision = 2.22045e-16
[job(1409): 2016-09-10 00:59:43] At X0, 0 variables are exactly at the bounds
[job(1409): 2016-09-10 00:59:43] At iterate     0  f=       -52.47  |proj g|=       1.1502
[job(1409): 2016-09-10 00:59:43] At iterate     1  f =      -55.901  |proj g|=        2.4982
[job(1409): 2016-09-10 00:59:43] At iterate     2  f =      -55.934  |proj g|=       0.63444
[job(1409): 2016-09-10 00:59:43] At iterate     3  f =      -56.002  |proj g|=       0.43558
[job(1409): 2016-09-10 00:59:43] At iterate     4  f =       -56.01  |proj g|=       0.43725
[job(1409): 2016-09-10 00:59:43] At iterate     5  f =      -56.055  |proj g|=       0.97113
[job(1409): 2016-09-10 00:59:43] At iterate     6  f =      -56.145  |proj g|=        2.0842
[job(1409): 2016-09-10 00:59:43] At iterate     7  f =      -56.369  |proj g|=        3.6635
[job(1409): 2016-09-10 00:59:43] At iterate     8  f =      -56.857  |proj g|=        4.8854
[job(1409): 2016-09-10 00:59:43] At iterate     9  f =      -57.904  |proj g|=        4.0025
[job(1409): 2016-09-10 00:59:43] At iterate    10  f =      -58.999  |proj g|=       0.42379
[job(1409): 2016-09-10 00:59:43] At iterate    11  f =      -59.671  |proj g|=        3.0743
[job(1409): 2016-09-10 00:59:43] At iterate    12  f =       -59.98  |proj g|=       0.38707
[job(1409): 2016-09-10 00:59:43] At iterate    13  f =      -59.983  |proj g|=      0.095484
[job(1409): 2016-09-10 00:59:43] At iterate    14  f =      -59.983  |proj g|=    0.00062855
[job(1409): 2016-09-10 00:59:43] At iterate    15  f =      -59.983  |proj g|=    5.0238e-07
[job(1409): 2016-09-10 00:59:43] 
[job(1409): 2016-09-10 00:59:43] iterations 15
[job(1409): 2016-09-10 00:59:43] function evaluations 18
[job(1409): 2016-09-10 00:59:43] segments explored during Cauchy searches 16
[job(1409): 2016-09-10 00:59:43] BFGS updates skipped 0
[job(1409): 2016-09-10 00:59:43] active bounds at final generalized Cauchy point 1
[job(1409): 2016-09-10 00:59:43] norm of the final projected gradient 5.02382e-07
[job(1409): 2016-09-10 00:59:43] final function value -59.9827
[job(1409): 2016-09-10 00:59:43] 
[job(1409): 2016-09-10 00:59:43] F = -59.9827
[job(1409): 2016-09-10 00:59:43] final  value -59.982681 
[job(1409): 2016-09-10 00:59:43] converged
[job(1409): 2016-09-10 00:59:43] [Tune-x] 21: C=4.08e+03; sigma=1.51
[job(1409): 2016-09-10 00:59:43] [Tune-y] 21: acc.test.mean=0.391; time: 0.0 min; memory: 116Mb use, 164Mb max
[job(1409): 2016-09-10 00:59:43] 
[job(1409): 2016-09-10 00:59:43] optimisation start
[job(1409): 2016-09-10 00:59:43] ------------------
[job(1409): 2016-09-10 00:59:43] * estimation method   : MLE 
[job(1409): 2016-09-10 00:59:43] * optimisation method : BFGS 
[job(1409): 2016-09-10 00:59:43] * analytical gradient : used
[job(1409): 2016-09-10 00:59:43] * trend model : ~1
[job(1409): 2016-09-10 00:59:43] * covariance model : 
[job(1409): 2016-09-10 00:59:43]   - type :  matern5_2 
[job(1409): 2016-09-10 00:59:43]   - nugget : NO
[job(1409): 2016-09-10 00:59:43]   - parameters lower bounds :  1e-10 1e-10 
[job(1409): 2016-09-10 00:59:43]   - parameters upper bounds :  44.6558 39.31628 
[job(1409): 2016-09-10 00:59:43]   - best initial criterion value(s) :  48.92378 
[job(1409): 2016-09-10 00:59:43] 
[job(1409): 2016-09-10 00:59:43] N = 2, M = 5 machine precision = 2.22045e-16
[job(1409): 2016-09-10 00:59:43] At X0, 0 variables are exactly at the bounds
[job(1409): 2016-09-10 00:59:43] At iterate     0  f=      -48.924  |proj g|=       2.2944
[job(1409): 2016-09-10 00:59:43] At iterate     1  f =      -55.936  |proj g|=        2.8586
[job(1409): 2016-09-10 00:59:43] At iterate     2  f =      -56.525  |proj g|=       0.77949
[job(1409): 2016-09-10 00:59:43] At iterate     3  f =      -57.427  |proj g|=       0.41581
[job(1409): 2016-09-10 00:59:43] At iterate     4  f =      -57.541  |proj g|=       0.14013
[job(1409): 2016-09-10 00:59:43] At iterate     5  f =      -57.549  |proj g|=      0.059104
[job(1409): 2016-09-10 00:59:43] At iterate     6  f =      -57.551  |proj g|=     0.0041825
[job(1409): 2016-09-10 00:59:43] At iterate     7  f =      -57.551  |proj g|=    0.00094615
[job(1409): 2016-09-10 00:59:43] At iterate     8  f =      -57.551  |proj g|=    0.00019265
[job(1409): 2016-09-10 00:59:43] 
[job(1409): 2016-09-10 00:59:43] iterations 8
[job(1409): 2016-09-10 00:59:43] function evaluations 13
[job(1409): 2016-09-10 00:59:43] segments explored during Cauchy searches 8
[job(1409): 2016-09-10 00:59:43] BFGS updates skipped 0
[job(1409): 2016-09-10 00:59:43] active bounds at final generalized Cauchy point 0
[job(1409): 2016-09-10 00:59:43] norm of the final projected gradient 0.000192648
[job(1409): 2016-09-10 00:59:43] final function value -57.5506
[job(1409): 2016-09-10 00:59:43] 
[job(1409): 2016-09-10 00:59:43] F = -57.5506
[job(1409): 2016-09-10 00:59:43] final  value -57.550593 
[job(1409): 2016-09-10 00:59:43] converged
[job(1409): 2016-09-10 00:59:43] [Tune-x] 22: C=2.41e+03; sigma=2.89
[job(1409): 2016-09-10 00:59:43] [Tune-y] 22: acc.test.mean=0.396; time: 0.0 min; memory: 116Mb use, 172Mb max
[job(1409): 2016-09-10 00:59:43] 
[job(1409): 2016-09-10 00:59:43] optimisation start
[job(1409): 2016-09-10 00:59:43] ------------------
[job(1409): 2016-09-10 00:59:43] * estimation method   : MLE 
[job(1409): 2016-09-10 00:59:43] * optimisation method : BFGS 
[job(1409): 2016-09-10 00:59:43] * analytical gradient : used
[job(1409): 2016-09-10 00:59:43] * trend model : ~1
[job(1409): 2016-09-10 00:59:43] * covariance model : 
[job(1409): 2016-09-10 00:59:43]   - type :  matern5_2 
[job(1409): 2016-09-10 00:59:43]   - nugget : NO
[job(1409): 2016-09-10 00:59:43]   - parameters lower bounds :  1e-10 1e-10 
[job(1409): 2016-09-10 00:59:43]   - parameters upper bounds :  44.6558 39.31628 
[job(1409): 2016-09-10 00:59:43]   - best initial criterion value(s) :  58.5171 
[job(1409): 2016-09-10 00:59:43] 
[job(1409): 2016-09-10 00:59:43] N = 2, M = 5 machine precision = 2.22045e-16
[job(1409): 2016-09-10 00:59:43] At X0, 0 variables are exactly at the bounds
[job(1409): 2016-09-10 00:59:43] At iterate     0  f=      -58.517  |proj g|=       1.0344
[job(1409): 2016-09-10 00:59:43] At iterate     1  f =      -58.888  |proj g|=       0.94175
[job(1409): 2016-09-10 00:59:43] At iterate     2  f =      -59.621  |proj g|=       0.82616
[job(1409): 2016-09-10 00:59:43] At iterate     3  f =      -59.685  |proj g|=      0.075806
[job(1409): 2016-09-10 00:59:43] At iterate     4  f =      -59.914  |proj g|=        1.6756
[job(1409): 2016-09-10 00:59:43] At iterate     5  f =      -59.915  |proj g|=        1.9595
[job(1409): 2016-09-10 00:59:43] At iterate     6  f =      -60.872  |proj g|=        6.2334
[job(1409): 2016-09-10 00:59:43] At iterate     7  f =      -63.686  |proj g|=        2.2098
[job(1409): 2016-09-10 00:59:43] At iterate     8  f =      -65.673  |proj g|=        10.985
[job(1409): 2016-09-10 00:59:43] At iterate     9  f =      -66.153  |proj g|=       0.40823
[job(1409): 2016-09-10 00:59:43] At iterate    10  f =       -67.71  |proj g|=       0.32297
[job(1409): 2016-09-10 00:59:43] At iterate    11  f =      -67.768  |proj g|=        1.7582
[job(1409): 2016-09-10 00:59:43] At iterate    12  f =      -67.772  |proj g|=      0.035657
[job(1409): 2016-09-10 00:59:43] At iterate    13  f =      -67.772  |proj g|=    0.00015085
[job(1409): 2016-09-10 00:59:43] At iterate    14  f =      -67.772  |proj g|=    1.4017e-08
[job(1409): 2016-09-10 00:59:43] 
[job(1409): 2016-09-10 00:59:43] iterations 14
[job(1409): 2016-09-10 00:59:43] function evaluations 25
[job(1409): 2016-09-10 00:59:43] segments explored during Cauchy searches 15
[job(1409): 2016-09-10 00:59:43] BFGS updates skipped 0
[job(1409): 2016-09-10 00:59:43] active bounds at final generalized Cauchy point 1
[job(1409): 2016-09-10 00:59:43] norm of the final projected gradient 1.40166e-08
[job(1409): 2016-09-10 00:59:43] final function value -67.7723
[job(1409): 2016-09-10 00:59:43] 
[job(1409): 2016-09-10 00:59:43] F = -67.7723
[job(1409): 2016-09-10 00:59:43] final  value -67.772266 
[job(1409): 2016-09-10 00:59:43] converged
[job(1409): 2016-09-10 00:59:43] [Tune-x] 23: C=0.397; sigma=2.27
[job(1409): 2016-09-10 00:59:43] [Tune-y] 23: acc.test.mean=0.393; time: 0.0 min; memory: 116Mb use, 172Mb max
[job(1409): 2016-09-10 00:59:43] 
[job(1409): 2016-09-10 00:59:43] optimisation start
[job(1409): 2016-09-10 00:59:43] ------------------
[job(1409): 2016-09-10 00:59:43] * estimation method   : MLE 
[job(1409): 2016-09-10 00:59:43] * optimisation method : BFGS 
[job(1409): 2016-09-10 00:59:43] * analytical gradient : used
[job(1409): 2016-09-10 00:59:43] * trend model : ~1
[job(1409): 2016-09-10 00:59:43] * covariance model : 
[job(1409): 2016-09-10 00:59:43]   - type :  matern5_2 
[job(1409): 2016-09-10 00:59:43]   - nugget : NO
[job(1409): 2016-09-10 00:59:43]   - parameters lower bounds :  1e-10 1e-10 
[job(1409): 2016-09-10 00:59:43]   - parameters upper bounds :  44.6558 39.31628 
[job(1409): 2016-09-10 00:59:43]   - best initial criterion value(s) :  48.98683 
[job(1409): 2016-09-10 00:59:43] 
[job(1409): 2016-09-10 00:59:43] N = 2, M = 5 machine precision = 2.22045e-16
[job(1409): 2016-09-10 00:59:43] At X0, 0 variables are exactly at the bounds
[job(1409): 2016-09-10 00:59:43] At iterate     0  f=      -48.987  |proj g|=       1.4539
[job(1409): 2016-09-10 00:59:43] At iterate     1  f =      -53.328  |proj g|=             0
[job(1409): 2016-09-10 00:59:43] 
[job(1409): 2016-09-10 00:59:43] iterations 1
[job(1409): 2016-09-10 00:59:43] function evaluations 2
[job(1409): 2016-09-10 00:59:43] segments explored during Cauchy searches 2
[job(1409): 2016-09-10 00:59:43] BFGS updates skipped 0
[job(1409): 2016-09-10 00:59:43] active bounds at final generalized Cauchy point 1
[job(1409): 2016-09-10 00:59:43] norm of the final projected gradient 0
[job(1409): 2016-09-10 00:59:43] final function value -53.328
[job(1409): 2016-09-10 00:59:43] 
[job(1409): 2016-09-10 00:59:43] F = -53.328
[job(1409): 2016-09-10 00:59:43] final  value -53.327982 
[job(1409): 2016-09-10 00:59:43] converged
[job(1409): 2016-09-10 00:59:43] [Tune-x] 24: C=0.0459; sigma=282
[job(1409): 2016-09-10 00:59:43] [Tune-y] 24: acc.test.mean=0.389; time: 0.0 min; memory: 116Mb use, 172Mb max
[job(1409): 2016-09-10 00:59:43] 
[job(1409): 2016-09-10 00:59:43] optimisation start
[job(1409): 2016-09-10 00:59:43] ------------------
[job(1409): 2016-09-10 00:59:43] * estimation method   : MLE 
[job(1409): 2016-09-10 00:59:43] * optimisation method : BFGS 
[job(1409): 2016-09-10 00:59:43] * analytical gradient : used
[job(1409): 2016-09-10 00:59:43] * trend model : ~1
[job(1409): 2016-09-10 00:59:43] * covariance model : 
[job(1409): 2016-09-10 00:59:43]   - type :  matern5_2 
[job(1409): 2016-09-10 00:59:43]   - nugget : NO
[job(1409): 2016-09-10 00:59:43]   - parameters lower bounds :  1e-10 1e-10 
[job(1409): 2016-09-10 00:59:43]   - parameters upper bounds :  44.6558 39.31628 
[job(1409): 2016-09-10 00:59:43]   - best initial criterion value(s) :  47.83523 
[job(1409): 2016-09-10 00:59:43] 
[job(1409): 2016-09-10 00:59:43] N = 2, M = 5 machine precision = 2.22045e-16
[job(1409): 2016-09-10 00:59:43] At X0, 0 variables are exactly at the bounds
[job(1409): 2016-09-10 00:59:43] At iterate     0  f=      -47.835  |proj g|=       2.2382
[job(1409): 2016-09-10 00:59:43] At iterate     1  f =      -56.153  |proj g|=             0
[job(1409): 2016-09-10 00:59:43] 
[job(1409): 2016-09-10 00:59:43] iterations 1
[job(1409): 2016-09-10 00:59:43] function evaluations 2
[job(1409): 2016-09-10 00:59:43] segments explored during Cauchy searches 2
[job(1409): 2016-09-10 00:59:43] BFGS updates skipped 0
[job(1409): 2016-09-10 00:59:43] active bounds at final generalized Cauchy point 1
[job(1409): 2016-09-10 00:59:43] norm of the final projected gradient 0
[job(1409): 2016-09-10 00:59:43] final function value -56.1526
[job(1409): 2016-09-10 00:59:43] 
[job(1409): 2016-09-10 00:59:43] F = -56.1526
[job(1409): 2016-09-10 00:59:43] final  value -56.152565 
[job(1409): 2016-09-10 00:59:43] converged
[job(1409): 2016-09-10 00:59:43] [Tune-x] 25: C=0.198; sigma=35.4
[job(1409): 2016-09-10 00:59:43] [Tune-y] 25: acc.test.mean=0.389; time: 0.0 min; memory: 116Mb use, 172Mb max
[job(1409): 2016-09-10 00:59:43] 
[job(1409): 2016-09-10 00:59:43] optimisation start
[job(1409): 2016-09-10 00:59:43] ------------------
[job(1409): 2016-09-10 00:59:43] * estimation method   : MLE 
[job(1409): 2016-09-10 00:59:43] * optimisation method : BFGS 
[job(1409): 2016-09-10 00:59:43] * analytical gradient : used
[job(1409): 2016-09-10 00:59:43] * trend model : ~1
[job(1409): 2016-09-10 00:59:43] * covariance model : 
[job(1409): 2016-09-10 00:59:43]   - type :  matern5_2 
[job(1409): 2016-09-10 00:59:43]   - nugget : NO
[job(1409): 2016-09-10 00:59:43]   - parameters lower bounds :  1e-10 1e-10 
[job(1409): 2016-09-10 00:59:43]   - parameters upper bounds :  44.6558 39.31628 
[job(1409): 2016-09-10 00:59:43]   - best initial criterion value(s) :  42.43978 
[job(1409): 2016-09-10 00:59:43] 
[job(1409): 2016-09-10 00:59:43] N = 2, M = 5 machine precision = 2.22045e-16
[job(1409): 2016-09-10 00:59:43] At X0, 0 variables are exactly at the bounds
[job(1409): 2016-09-10 00:59:43] At iterate     0  f=       -42.44  |proj g|=       1.4682
[job(1409): 2016-09-10 00:59:43] At iterate     1  f =      -58.998  |proj g|=             0
[job(1409): 2016-09-10 00:59:43] 
[job(1409): 2016-09-10 00:59:43] iterations 1
[job(1409): 2016-09-10 00:59:43] function evaluations 2
[job(1409): 2016-09-10 00:59:43] segments explored during Cauchy searches 2
[job(1409): 2016-09-10 00:59:43] BFGS updates skipped 0
[job(1409): 2016-09-10 00:59:43] active bounds at final generalized Cauchy point 1
[job(1409): 2016-09-10 00:59:43] norm of the final projected gradient 0
[job(1409): 2016-09-10 00:59:43] final function value -58.998
[job(1409): 2016-09-10 00:59:43] 
[job(1409): 2016-09-10 00:59:43] F = -58.998
[job(1409): 2016-09-10 00:59:43] final  value -58.997989 
[job(1409): 2016-09-10 00:59:43] converged
[job(1409): 2016-09-10 00:59:43] [Tune-x] 26: C=2.57; sigma=1.24e+03
[job(1409): 2016-09-10 00:59:43] [Tune-y] 26: acc.test.mean=0.389; time: 0.0 min; memory: 116Mb use, 172Mb max
[job(1409): 2016-09-10 00:59:43] 
[job(1409): 2016-09-10 00:59:43] optimisation start
[job(1409): 2016-09-10 00:59:43] ------------------
[job(1409): 2016-09-10 00:59:43] * estimation method   : MLE 
[job(1409): 2016-09-10 00:59:43] * optimisation method : BFGS 
[job(1409): 2016-09-10 00:59:43] * analytical gradient : used
[job(1409): 2016-09-10 00:59:43] * trend model : ~1
[job(1409): 2016-09-10 00:59:43] * covariance model : 
[job(1409): 2016-09-10 00:59:43]   - type :  matern5_2 
[job(1409): 2016-09-10 00:59:43]   - nugget : NO
[job(1409): 2016-09-10 00:59:43]   - parameters lower bounds :  1e-10 1e-10 
[job(1409): 2016-09-10 00:59:43]   - parameters upper bounds :  44.6558 40.79724 
[job(1409): 2016-09-10 00:59:43]   - best initial criterion value(s) :  35.3896 
[job(1409): 2016-09-10 00:59:43] 
[job(1409): 2016-09-10 00:59:43] N = 2, M = 5 machine precision = 2.22045e-16
[job(1409): 2016-09-10 00:59:43] At X0, 0 variables are exactly at the bounds
[job(1409): 2016-09-10 00:59:43] At iterate     0  f=       -35.39  |proj g|=       1.5969
[job(1409): 2016-09-10 00:59:43] At iterate     1  f =      -40.542  |proj g|=        2.2336
[job(1409): 2016-09-10 00:59:43] ys=-1.436e+00  -gs= 4.476e+00, BFGS update SKIPPED
[job(1409): 2016-09-10 00:59:43] At iterate     2  f =      -61.863  |proj g|=             0
[job(1409): 2016-09-10 00:59:43] 
[job(1409): 2016-09-10 00:59:43] iterations 2
[job(1409): 2016-09-10 00:59:43] function evaluations 4
[job(1409): 2016-09-10 00:59:43] segments explored during Cauchy searches 2
[job(1409): 2016-09-10 00:59:43] BFGS updates skipped 1
[job(1409): 2016-09-10 00:59:43] active bounds at final generalized Cauchy point 0
[job(1409): 2016-09-10 00:59:43] norm of the final projected gradient 0
[job(1409): 2016-09-10 00:59:43] final function value -61.8634
[job(1409): 2016-09-10 00:59:43] 
[job(1409): 2016-09-10 00:59:43] F = -61.8634
[job(1409): 2016-09-10 00:59:43] final  value -61.863420 
[job(1409): 2016-09-10 00:59:43] converged
[job(1409): 2016-09-10 00:59:43] [Tune-x] 27: C=61.5; sigma=456
[job(1409): 2016-09-10 00:59:43] [Tune-y] 27: acc.test.mean=0.389; time: 0.0 min; memory: 116Mb use, 172Mb max
[job(1409): 2016-09-10 00:59:43] 
[job(1409): 2016-09-10 00:59:43] optimisation start
[job(1409): 2016-09-10 00:59:43] ------------------
[job(1409): 2016-09-10 00:59:43] * estimation method   : MLE 
[job(1409): 2016-09-10 00:59:43] * optimisation method : BFGS 
[job(1409): 2016-09-10 00:59:43] * analytical gradient : used
[job(1409): 2016-09-10 00:59:43] * trend model : ~1
[job(1409): 2016-09-10 00:59:43] * covariance model : 
[job(1409): 2016-09-10 00:59:43]   - type :  matern5_2 
[job(1409): 2016-09-10 00:59:43]   - nugget : NO
[job(1409): 2016-09-10 00:59:43]   - parameters lower bounds :  1e-10 1e-10 
[job(1409): 2016-09-10 00:59:43]   - parameters upper bounds :  44.6558 40.79724 
[job(1409): 2016-09-10 00:59:43]   - best initial criterion value(s) :  35.22629 
[job(1409): 2016-09-10 00:59:43] 
[job(1409): 2016-09-10 00:59:43] N = 2, M = 5 machine precision = 2.22045e-16
[job(1409): 2016-09-10 00:59:43] At X0, 0 variables are exactly at the bounds
[job(1409): 2016-09-10 00:59:43] At iterate     0  f=      -35.226  |proj g|=       2.5422
[job(1409): 2016-09-10 00:59:43] At iterate     1  f =      -45.554  |proj g|=        4.2117
[job(1409): 2016-09-10 00:59:43] ys=-6.625e+00  -gs= 7.301e+00, BFGS update SKIPPED
[job(1409): 2016-09-10 00:59:43] At iterate     2  f =      -64.748  |proj g|=             0
[job(1409): 2016-09-10 00:59:43] 
[job(1409): 2016-09-10 00:59:43] iterations 2
[job(1409): 2016-09-10 00:59:43] function evaluations 3
[job(1409): 2016-09-10 00:59:43] segments explored during Cauchy searches 3
[job(1409): 2016-09-10 00:59:43] BFGS updates skipped 1
[job(1409): 2016-09-10 00:59:43] active bounds at final generalized Cauchy point 1
[job(1409): 2016-09-10 00:59:43] norm of the final projected gradient 0
[job(1409): 2016-09-10 00:59:43] final function value -64.7481
[job(1409): 2016-09-10 00:59:43] 
[job(1409): 2016-09-10 00:59:43] F = -64.7481
[job(1409): 2016-09-10 00:59:43] final  value -64.748088 
[job(1409): 2016-09-10 00:59:43] converged
[job(1409): 2016-09-10 00:59:43] [Tune-x] 28: C=36.9; sigma=0.0159
[job(1409): 2016-09-10 00:59:43] [Tune-y] 28: acc.test.mean=0.311; time: 0.0 min; memory: 116Mb use, 172Mb max
[job(1409): 2016-09-10 00:59:43] 
[job(1409): 2016-09-10 00:59:43] optimisation start
[job(1409): 2016-09-10 00:59:43] ------------------
[job(1409): 2016-09-10 00:59:43] * estimation method   : MLE 
[job(1409): 2016-09-10 00:59:43] * optimisation method : BFGS 
[job(1409): 2016-09-10 00:59:43] * analytical gradient : used
[job(1409): 2016-09-10 00:59:43] * trend model : ~1
[job(1409): 2016-09-10 00:59:43] * covariance model : 
[job(1409): 2016-09-10 00:59:43]   - type :  matern5_2 
[job(1409): 2016-09-10 00:59:43]   - nugget : NO
[job(1409): 2016-09-10 00:59:43]   - parameters lower bounds :  1e-10 1e-10 
[job(1409): 2016-09-10 00:59:43]   - parameters upper bounds :  44.6558 40.79724 
[job(1409): 2016-09-10 00:59:43]   - best initial criterion value(s) :  68.9389 
[job(1409): 2016-09-10 00:59:43] 
[job(1409): 2016-09-10 00:59:43] N = 2, M = 5 machine precision = 2.22045e-16
[job(1409): 2016-09-10 00:59:43] At X0, 0 variables are exactly at the bounds
[job(1409): 2016-09-10 00:59:43] At iterate     0  f=      -68.939  |proj g|=       40.748
[job(1409): 2016-09-10 00:59:43] At iterate     1  f =      -81.377  |proj g|=       0.38237
[job(1409): 2016-09-10 00:59:43] At iterate     2  f =       -82.26  |proj g|=       0.31835
[job(1409): 2016-09-10 00:59:43] At iterate     3  f =      -82.265  |proj g|=       0.28478
[job(1409): 2016-09-10 00:59:43] At iterate     4  f =      -82.265  |proj g|=      0.080562
[job(1409): 2016-09-10 00:59:43] At iterate     5  f =      -82.265  |proj g|=       0.10602
[job(1409): 2016-09-10 00:59:43] At iterate     6  f =      -82.265  |proj g|=       0.31426
[job(1409): 2016-09-10 00:59:43] At iterate     7  f =      -82.266  |proj g|=       0.31543
[job(1409): 2016-09-10 00:59:43] At iterate     8  f =      -82.269  |proj g|=       0.31719
[job(1409): 2016-09-10 00:59:43] At iterate     9  f =      -82.276  |proj g|=       0.32009
[job(1409): 2016-09-10 00:59:43] At iterate    10  f =      -82.295  |proj g|=       0.32463
[job(1409): 2016-09-10 00:59:43] At iterate    11  f =      -82.339  |proj g|=       0.32998
[job(1409): 2016-09-10 00:59:43] At iterate    12  f =      -82.362  |proj g|=       0.32606
[job(1409): 2016-09-10 00:59:43] At iterate    13  f =      -82.395  |proj g|=       0.12014
[job(1409): 2016-09-10 00:59:43] At iterate    14  f =      -82.395  |proj g|=     0.0017632
[job(1409): 2016-09-10 00:59:43] At iterate    15  f =      -82.395  |proj g|=    5.0918e-07
[job(1409): 2016-09-10 00:59:43] 
[job(1409): 2016-09-10 00:59:43] iterations 15
[job(1409): 2016-09-10 00:59:43] function evaluations 21
[job(1409): 2016-09-10 00:59:43] segments explored during Cauchy searches 16
[job(1409): 2016-09-10 00:59:43] BFGS updates skipped 0
[job(1409): 2016-09-10 00:59:43] active bounds at final generalized Cauchy point 1
[job(1409): 2016-09-10 00:59:43] norm of the final projected gradient 5.09178e-07
[job(1409): 2016-09-10 00:59:43] final function value -82.3947
[job(1409): 2016-09-10 00:59:43] 
[job(1409): 2016-09-10 00:59:43] F = -82.3947
[job(1409): 2016-09-10 00:59:43] final  value -82.394748 
[job(1409): 2016-09-10 00:59:43] converged
[job(1409): 2016-09-10 00:59:43] [Tune] Result: C=18.2; sigma=2.65 : acc.test.mean=-0.398
[job(1409): 2016-09-10 00:59:43] Job terminated successfully
[job(chunk): 2016-09-10 00:59:43] Calculation finished!
