[job(chunk): 2016-09-09 20:05:43] Starting calculation of 1 jobs
[job(chunk): 2016-09-09 20:05:43] Setting working directory to '/naslx/projects/pr74ze/ri89coc2/svm_comparison'
[job(chunk): 2016-09-09 20:05:43] Memory measurement disabled
[job(127): 2016-09-09 20:05:45] Starting job with job.id=127
[job(127): 2016-09-09 20:07:32] Generating problem instance for problem '16' ...
[job(127): 2016-09-09 20:07:32] Data '16' file 'description.xml' found in cache.
[job(127): 2016-09-09 20:07:32] Data '16' file 'dataset.arff' found in cache.
[job(127): 2016-09-09 20:07:32] Loading required package: readr
[job(127): 2016-09-09 20:07:32] Applying algorithm 'C-svc.tuned' on problem '16' ...
[job(127): 2016-09-09 20:07:32] Data '16' file 'description.xml' found in cache.
[job(127): 2016-09-09 20:07:32] Data '16' file 'dataset.arff' found in cache.
[job(127): 2016-09-09 20:07:32] [Tune] Started tuning learner C-svc for parameter set:
[job(127): 2016-09-09 20:07:32]          Type len Def    Constr Req Tunable Trafo
[job(127): 2016-09-09 20:07:32] C     numeric   -   - -12 to 12   -    TRUE     Y
[job(127): 2016-09-09 20:07:32] sigma numeric   -   - -12 to 12   -    TRUE     Y
[job(127): 2016-09-09 20:07:32] With control class: TuneControlMBO
[job(127): 2016-09-09 20:07:32] Imputation value: -0
[job(127): 2016-09-09 20:07:32] [Tune-x] 1: C=0.178; sigma=0.292
[job(127): 2016-09-09 20:07:32] [Tune-y] 1: acc.test.mean=0.0767; time: 0.1 min; memory: 115Mb use, 185Mb max
[job(127): 2016-09-09 20:07:32] [Tune-x] 2: C=3.61; sigma=10.2
[job(127): 2016-09-09 20:07:32] [Tune-y] 2: acc.test.mean=0.0844; time: 0.1 min; memory: 115Mb use, 194Mb max
[job(127): 2016-09-09 20:07:32] [Tune-x] 3: C=0.0147; sigma=0.101
[job(127): 2016-09-09 20:07:32] [Tune-y] 3: acc.test.mean=0.0756; time: 0.1 min; memory: 115Mb use, 194Mb max
[job(127): 2016-09-09 20:07:32] [Tune-x] 4: C=54.5; sigma=4.09e+03
[job(127): 2016-09-09 20:07:32] [Tune-y] 4: acc.test.mean=0.08; time: 0.1 min; memory: 115Mb use, 194Mb max
[job(127): 2016-09-09 20:07:32] [Tune-x] 5: C=0.000359; sigma=0.00342
[job(127): 2016-09-09 20:07:32] [Tune-y] 5: acc.test.mean=0.075; time: 0.1 min; memory: 115Mb use, 194Mb max
[job(127): 2016-09-09 20:07:32] [Tune-x] 6: C=426; sigma=0.000369
[job(127): 2016-09-09 20:07:32] [Tune-y] 6: acc.test.mean=0.962; time: 0.0 min; memory: 115Mb use, 194Mb max
[job(127): 2016-09-09 20:07:32] [Tune-x] 7: C=2.96e+03; sigma=199
[job(127): 2016-09-09 20:07:32] [Tune-y] 7: acc.test.mean=0.0844; time: 0.1 min; memory: 115Mb use, 194Mb max
[job(127): 2016-09-09 20:07:32] [Tune-x] 8: C=0.031; sigma=1.86
[job(127): 2016-09-09 20:07:32] [Tune-y] 8: acc.test.mean=0.0772; time: 0.1 min; memory: 115Mb use, 194Mb max
[job(127): 2016-09-09 20:07:32] 
[job(127): 2016-09-09 20:07:32] optimisation start
[job(127): 2016-09-09 20:07:32] ------------------
[job(127): 2016-09-09 20:07:32] * estimation method   : MLE 
[job(127): 2016-09-09 20:07:32] * optimisation method : BFGS 
[job(127): 2016-09-09 20:07:32] * analytical gradient : used
[job(127): 2016-09-09 20:07:32] * trend model : ~1
[job(127): 2016-09-09 20:07:32] * covariance model : 
[job(127): 2016-09-09 20:07:32]   - type :  matern5_2 
[job(127): 2016-09-09 20:07:32]   - nugget : NO
[job(127): 2016-09-09 20:07:32]   - parameters lower bounds :  1e-10 1e-10 
[job(127): 2016-09-09 20:07:32]   - parameters upper bounds :  45.94803 46.80814 
[job(127): 2016-09-09 20:07:32]   - best initial criterion value(s) :  2.12381 
[job(127): 2016-09-09 20:07:32] 
[job(127): 2016-09-09 20:07:32] N = 2, M = 5 machine precision = 2.22045e-16
[job(127): 2016-09-09 20:07:32] At X0, 0 variables are exactly at the bounds
[job(127): 2016-09-09 20:07:32] At iterate     0  f=      -2.1238  |proj g|=      0.08037
[job(127): 2016-09-09 20:07:32] At iterate     1  f =      -2.1307  |proj g|=      0.078547
[job(127): 2016-09-09 20:07:32] At iterate     2  f =      -2.3255  |proj g|=      0.022167
[job(127): 2016-09-09 20:07:32] At iterate     3  f =      -2.3454  |proj g|=     0.0066909
[job(127): 2016-09-09 20:07:32] At iterate     4  f =      -2.3484  |proj g|=     0.0013496
[job(127): 2016-09-09 20:07:32] At iterate     5  f =      -2.3485  |proj g|=    0.00069782
[job(127): 2016-09-09 20:07:32] At iterate     6  f =      -2.3485  |proj g|=     1.033e-05
[job(127): 2016-09-09 20:07:32] At iterate     7  f =      -2.3485  |proj g|=    3.0293e-07
[job(127): 2016-09-09 20:07:32] 
[job(127): 2016-09-09 20:07:32] iterations 7
[job(127): 2016-09-09 20:07:32] function evaluations 8
[job(127): 2016-09-09 20:07:32] segments explored during Cauchy searches 7
[job(127): 2016-09-09 20:07:32] BFGS updates skipped 0
[job(127): 2016-09-09 20:07:32] active bounds at final generalized Cauchy point 0
[job(127): 2016-09-09 20:07:32] norm of the final projected gradient 3.02934e-07
[job(127): 2016-09-09 20:07:32] final function value -2.34854
[job(127): 2016-09-09 20:07:32] 
[job(127): 2016-09-09 20:07:32] F = -2.34854
[job(127): 2016-09-09 20:07:32] final  value -2.348543 
[job(127): 2016-09-09 20:07:32] converged
[job(127): 2016-09-09 20:07:32] [Tune-x] 9: C=4.09e+03; sigma=0.000244
[job(127): 2016-09-09 20:07:32] [Tune-y] 9: acc.test.mean=0.958; time: 0.0 min; memory: 118Mb use, 194Mb max
[job(127): 2016-09-09 20:07:32] 
[job(127): 2016-09-09 20:07:32] optimisation start
[job(127): 2016-09-09 20:07:32] ------------------
[job(127): 2016-09-09 20:07:32] * estimation method   : MLE 
[job(127): 2016-09-09 20:07:32] * optimisation method : BFGS 
[job(127): 2016-09-09 20:07:32] * analytical gradient : used
[job(127): 2016-09-09 20:07:32] * trend model : ~1
[job(127): 2016-09-09 20:07:32] * covariance model : 
[job(127): 2016-09-09 20:07:32]   - type :  matern5_2 
[job(127): 2016-09-09 20:07:32]   - nugget : NO
[job(127): 2016-09-09 20:07:32]   - parameters lower bounds :  1e-10 1e-10 
[job(127): 2016-09-09 20:07:32]   - parameters upper bounds :  46.88334 47.9985 
[job(127): 2016-09-09 20:07:32]   - best initial criterion value(s) :  3.325347 
[job(127): 2016-09-09 20:07:32] 
[job(127): 2016-09-09 20:07:32] N = 2, M = 5 machine precision = 2.22045e-16
[job(127): 2016-09-09 20:07:32] At X0, 0 variables are exactly at the bounds
[job(127): 2016-09-09 20:07:32] At iterate     0  f=      -3.3253  |proj g|=       0.1337
[job(127): 2016-09-09 20:07:32] At iterate     1  f =      -3.3429  |proj g|=       0.12556
[job(127): 2016-09-09 20:07:32] At iterate     2  f =      -3.4943  |proj g|=      0.024778
[job(127): 2016-09-09 20:07:32] At iterate     3  f =      -3.5051  |proj g|=     0.0072374
[job(127): 2016-09-09 20:07:32] At iterate     4  f =      -3.5074  |proj g|=     0.0015774
[job(127): 2016-09-09 20:07:32] At iterate     5  f =      -3.5075  |proj g|=     9.617e-05
[job(127): 2016-09-09 20:07:32] At iterate     6  f =      -3.5075  |proj g|=     1.488e-06
[job(127): 2016-09-09 20:07:32] At iterate     7  f =      -3.5075  |proj g|=    4.6003e-09
[job(127): 2016-09-09 20:07:32] 
[job(127): 2016-09-09 20:07:32] iterations 7
[job(127): 2016-09-09 20:07:32] function evaluations 8
[job(127): 2016-09-09 20:07:32] segments explored during Cauchy searches 7
[job(127): 2016-09-09 20:07:32] BFGS updates skipped 0
[job(127): 2016-09-09 20:07:32] active bounds at final generalized Cauchy point 0
[job(127): 2016-09-09 20:07:32] norm of the final projected gradient 4.60034e-09
[job(127): 2016-09-09 20:07:32] final function value -3.50748
[job(127): 2016-09-09 20:07:32] 
[job(127): 2016-09-09 20:07:32] F = -3.50748
[job(127): 2016-09-09 20:07:32] final  value -3.507477 
[job(127): 2016-09-09 20:07:32] converged
[job(127): 2016-09-09 20:07:32] [Tune-x] 10: C=755; sigma=0.000244
[job(127): 2016-09-09 20:07:32] [Tune-y] 10: acc.test.mean=0.959; time: 0.0 min; memory: 118Mb use, 194Mb max
[job(127): 2016-09-09 20:07:32] 
[job(127): 2016-09-09 20:07:32] optimisation start
[job(127): 2016-09-09 20:07:32] ------------------
[job(127): 2016-09-09 20:07:32] * estimation method   : MLE 
[job(127): 2016-09-09 20:07:32] * optimisation method : BFGS 
[job(127): 2016-09-09 20:07:32] * analytical gradient : used
[job(127): 2016-09-09 20:07:32] * trend model : ~1
[job(127): 2016-09-09 20:07:32] * covariance model : 
[job(127): 2016-09-09 20:07:32]   - type :  matern5_2 
[job(127): 2016-09-09 20:07:32]   - nugget : NO
[job(127): 2016-09-09 20:07:32]   - parameters lower bounds :  1e-10 1e-10 
[job(127): 2016-09-09 20:07:32]   - parameters upper bounds :  46.88334 47.99884 
[job(127): 2016-09-09 20:07:32]   - best initial criterion value(s) :  4.651088 
[job(127): 2016-09-09 20:07:32] 
[job(127): 2016-09-09 20:07:32] N = 2, M = 5 machine precision = 2.22045e-16
[job(127): 2016-09-09 20:07:32] At X0, 0 variables are exactly at the bounds
[job(127): 2016-09-09 20:07:32] At iterate     0  f=      -4.6511  |proj g|=      0.44195
[job(127): 2016-09-09 20:07:32] At iterate     1  f =      -4.8422  |proj g|=       0.39165
[job(127): 2016-09-09 20:07:32] At iterate     2  f =       -5.798  |proj g|=       0.11948
[job(127): 2016-09-09 20:07:32] At iterate     3  f =       -5.945  |proj g|=      0.057707
[job(127): 2016-09-09 20:07:32] At iterate     4  f =      -5.9894  |proj g|=      0.029464
[job(127): 2016-09-09 20:07:32] At iterate     5  f =      -5.9947  |proj g|=      0.005214
[job(127): 2016-09-09 20:07:32] At iterate     6  f =      -5.9948  |proj g|=    0.00017944
[job(127): 2016-09-09 20:07:32] At iterate     7  f =      -5.9948  |proj g|=    1.6229e-05
[job(127): 2016-09-09 20:07:32] At iterate     8  f =      -5.9948  |proj g|=    1.5108e-06
[job(127): 2016-09-09 20:07:32] 
[job(127): 2016-09-09 20:07:32] iterations 8
[job(127): 2016-09-09 20:07:32] function evaluations 9
[job(127): 2016-09-09 20:07:32] segments explored during Cauchy searches 8
[job(127): 2016-09-09 20:07:32] BFGS updates skipped 0
[job(127): 2016-09-09 20:07:32] active bounds at final generalized Cauchy point 0
[job(127): 2016-09-09 20:07:32] norm of the final projected gradient 1.51077e-06
[job(127): 2016-09-09 20:07:32] final function value -5.99483
[job(127): 2016-09-09 20:07:32] 
[job(127): 2016-09-09 20:07:32] F = -5.99483
[job(127): 2016-09-09 20:07:32] final  value -5.994834 
[job(127): 2016-09-09 20:07:32] converged
[job(127): 2016-09-09 20:07:32] [Tune-x] 11: C=1.98e+03; sigma=0.000545
[job(127): 2016-09-09 20:07:32] [Tune-y] 11: acc.test.mean=0.962; time: 0.0 min; memory: 118Mb use, 194Mb max
[job(127): 2016-09-09 20:07:32] 
[job(127): 2016-09-09 20:07:32] optimisation start
[job(127): 2016-09-09 20:07:32] ------------------
[job(127): 2016-09-09 20:07:32] * estimation method   : MLE 
[job(127): 2016-09-09 20:07:32] * optimisation method : BFGS 
[job(127): 2016-09-09 20:07:32] * analytical gradient : used
[job(127): 2016-09-09 20:07:32] * trend model : ~1
[job(127): 2016-09-09 20:07:32] * covariance model : 
[job(127): 2016-09-09 20:07:32]   - type :  matern5_2 
[job(127): 2016-09-09 20:07:32]   - nugget : NO
[job(127): 2016-09-09 20:07:32]   - parameters lower bounds :  1e-10 1e-10 
[job(127): 2016-09-09 20:07:32]   - parameters upper bounds :  46.88334 47.99884 
[job(127): 2016-09-09 20:07:32]   - best initial criterion value(s) :  8.447917 
[job(127): 2016-09-09 20:07:32] 
[job(127): 2016-09-09 20:07:32] N = 2, M = 5 machine precision = 2.22045e-16
[job(127): 2016-09-09 20:07:32] At X0, 0 variables are exactly at the bounds
[job(127): 2016-09-09 20:07:32] At iterate     0  f=      -8.4479  |proj g|=     0.099899
[job(127): 2016-09-09 20:07:32] At iterate     1  f =      -8.4612  |proj g|=       0.09857
[job(127): 2016-09-09 20:07:32] At iterate     2  f =      -8.7156  |proj g|=      0.074376
[job(127): 2016-09-09 20:07:32] At iterate     3  f =      -8.8045  |proj g|=      0.037113
[job(127): 2016-09-09 20:07:32] At iterate     4  f =      -8.8102  |proj g|=    0.00083458
[job(127): 2016-09-09 20:07:32] At iterate     5  f =      -8.8102  |proj g|=    0.00016899
[job(127): 2016-09-09 20:07:32] At iterate     6  f =      -8.8102  |proj g|=    5.0522e-07
[job(127): 2016-09-09 20:07:32] At iterate     7  f =      -8.8102  |proj g|=    2.7673e-08
[job(127): 2016-09-09 20:07:32] 
[job(127): 2016-09-09 20:07:32] iterations 7
[job(127): 2016-09-09 20:07:32] function evaluations 8
[job(127): 2016-09-09 20:07:32] segments explored during Cauchy searches 7
[job(127): 2016-09-09 20:07:32] BFGS updates skipped 0
[job(127): 2016-09-09 20:07:32] active bounds at final generalized Cauchy point 0
[job(127): 2016-09-09 20:07:32] norm of the final projected gradient 2.76725e-08
[job(127): 2016-09-09 20:07:32] final function value -8.81023
[job(127): 2016-09-09 20:07:32] 
[job(127): 2016-09-09 20:07:32] F = -8.81023
[job(127): 2016-09-09 20:07:32] final  value -8.810230 
[job(127): 2016-09-09 20:07:32] converged
[job(127): 2016-09-09 20:07:32] [Tune-x] 12: C=1.55e+03; sigma=0.000376
[job(127): 2016-09-09 20:07:32] [Tune-y] 12: acc.test.mean=0.954; time: 0.0 min; memory: 118Mb use, 194Mb max
[job(127): 2016-09-09 20:07:32] 
[job(127): 2016-09-09 20:07:32] optimisation start
[job(127): 2016-09-09 20:07:32] ------------------
[job(127): 2016-09-09 20:07:32] * estimation method   : MLE 
[job(127): 2016-09-09 20:07:32] * optimisation method : BFGS 
[job(127): 2016-09-09 20:07:32] * analytical gradient : used
[job(127): 2016-09-09 20:07:32] * trend model : ~1
[job(127): 2016-09-09 20:07:32] * covariance model : 
[job(127): 2016-09-09 20:07:32]   - type :  matern5_2 
[job(127): 2016-09-09 20:07:32]   - nugget : NO
[job(127): 2016-09-09 20:07:32]   - parameters lower bounds :  1e-10 1e-10 
[job(127): 2016-09-09 20:07:32]   - parameters upper bounds :  46.88334 47.99884 
[job(127): 2016-09-09 20:07:32]   - best initial criterion value(s) :  9.660009 
[job(127): 2016-09-09 20:07:32] 
[job(127): 2016-09-09 20:07:32] N = 2, M = 5 machine precision = 2.22045e-16
[job(127): 2016-09-09 20:07:32] At X0, 0 variables are exactly at the bounds
[job(127): 2016-09-09 20:07:32] At iterate     0  f=        -9.66  |proj g|=     0.081946
[job(127): 2016-09-09 20:07:32] At iterate     1  f =      -9.6668  |proj g|=      0.076882
[job(127): 2016-09-09 20:07:32] At iterate     2  f =      -9.7141  |proj g|=      0.014767
[job(127): 2016-09-09 20:07:32] At iterate     3  f =      -9.7158  |proj g|=     0.0047694
[job(127): 2016-09-09 20:07:32] At iterate     4  f =      -9.7161  |proj g|=    0.00096528
[job(127): 2016-09-09 20:07:32] At iterate     5  f =      -9.7161  |proj g|=    1.1333e-05
[job(127): 2016-09-09 20:07:32] At iterate     6  f =      -9.7161  |proj g|=    5.5015e-08
[job(127): 2016-09-09 20:07:32] 
[job(127): 2016-09-09 20:07:32] iterations 6
[job(127): 2016-09-09 20:07:32] function evaluations 7
[job(127): 2016-09-09 20:07:32] segments explored during Cauchy searches 6
[job(127): 2016-09-09 20:07:32] BFGS updates skipped 0
[job(127): 2016-09-09 20:07:32] active bounds at final generalized Cauchy point 0
[job(127): 2016-09-09 20:07:32] norm of the final projected gradient 5.50155e-08
[job(127): 2016-09-09 20:07:32] final function value -9.71611
[job(127): 2016-09-09 20:07:32] 
[job(127): 2016-09-09 20:07:32] F = -9.71611
[job(127): 2016-09-09 20:07:32] final  value -9.716114 
[job(127): 2016-09-09 20:07:32] converged
[job(127): 2016-09-09 20:07:32] [Tune-x] 13: C=4.09e+03; sigma=0.00194
[job(127): 2016-09-09 20:07:32] [Tune-y] 13: acc.test.mean=0.971; time: 0.0 min; memory: 118Mb use, 194Mb max
[job(127): 2016-09-09 20:07:32] 
[job(127): 2016-09-09 20:07:32] optimisation start
[job(127): 2016-09-09 20:07:32] ------------------
[job(127): 2016-09-09 20:07:32] * estimation method   : MLE 
[job(127): 2016-09-09 20:07:32] * optimisation method : BFGS 
[job(127): 2016-09-09 20:07:32] * analytical gradient : used
[job(127): 2016-09-09 20:07:32] * trend model : ~1
[job(127): 2016-09-09 20:07:32] * covariance model : 
[job(127): 2016-09-09 20:07:32]   - type :  matern5_2 
[job(127): 2016-09-09 20:07:32]   - nugget : NO
[job(127): 2016-09-09 20:07:32]   - parameters lower bounds :  1e-10 1e-10 
[job(127): 2016-09-09 20:07:32]   - parameters upper bounds :  46.8851 47.99884 
[job(127): 2016-09-09 20:07:32]   - best initial criterion value(s) :  11.78334 
[job(127): 2016-09-09 20:07:32] 
[job(127): 2016-09-09 20:07:32] N = 2, M = 5 machine precision = 2.22045e-16
[job(127): 2016-09-09 20:07:32] At X0, 0 variables are exactly at the bounds
[job(127): 2016-09-09 20:07:32] At iterate     0  f=      -11.783  |proj g|=      0.23402
[job(127): 2016-09-09 20:07:32] At iterate     1  f =      -11.842  |proj g|=       0.20191
[job(127): 2016-09-09 20:07:32] At iterate     2  f =      -12.026  |proj g|=      0.098572
[job(127): 2016-09-09 20:07:32] At iterate     3  f =      -12.051  |proj g|=        0.0375
[job(127): 2016-09-09 20:07:32] At iterate     4  f =      -12.063  |proj g|=      0.024822
[job(127): 2016-09-09 20:07:32] At iterate     5  f =      -12.072  |proj g|=     0.0011419
[job(127): 2016-09-09 20:07:32] At iterate     6  f =      -12.072  |proj g|=    0.00017567
[job(127): 2016-09-09 20:07:32] At iterate     7  f =      -12.072  |proj g|=     6.533e-06
[job(127): 2016-09-09 20:07:32] At iterate     8  f =      -12.072  |proj g|=    1.8183e-07
[job(127): 2016-09-09 20:07:32] 
[job(127): 2016-09-09 20:07:32] iterations 8
[job(127): 2016-09-09 20:07:32] function evaluations 9
[job(127): 2016-09-09 20:07:32] segments explored during Cauchy searches 8
[job(127): 2016-09-09 20:07:32] BFGS updates skipped 0
[job(127): 2016-09-09 20:07:32] active bounds at final generalized Cauchy point 0
[job(127): 2016-09-09 20:07:32] norm of the final projected gradient 1.81826e-07
[job(127): 2016-09-09 20:07:32] final function value -12.0717
[job(127): 2016-09-09 20:07:32] 
[job(127): 2016-09-09 20:07:32] F = -12.0717
[job(127): 2016-09-09 20:07:32] final  value -12.071750 
[job(127): 2016-09-09 20:07:32] converged
[job(127): 2016-09-09 20:07:32] [Tune-x] 14: C=4.1e+03; sigma=0.00103
[job(127): 2016-09-09 20:07:32] [Tune-y] 14: acc.test.mean=0.967; time: 0.0 min; memory: 118Mb use, 194Mb max
[job(127): 2016-09-09 20:07:32] 
[job(127): 2016-09-09 20:07:32] optimisation start
[job(127): 2016-09-09 20:07:32] ------------------
[job(127): 2016-09-09 20:07:32] * estimation method   : MLE 
[job(127): 2016-09-09 20:07:32] * optimisation method : BFGS 
[job(127): 2016-09-09 20:07:32] * analytical gradient : used
[job(127): 2016-09-09 20:07:32] * trend model : ~1
[job(127): 2016-09-09 20:07:32] * covariance model : 
[job(127): 2016-09-09 20:07:32]   - type :  matern5_2 
[job(127): 2016-09-09 20:07:32]   - nugget : NO
[job(127): 2016-09-09 20:07:32]   - parameters lower bounds :  1e-10 1e-10 
[job(127): 2016-09-09 20:07:32]   - parameters upper bounds :  46.88569 47.99884 
[job(127): 2016-09-09 20:07:32]   - best initial criterion value(s) :  13.56998 
[job(127): 2016-09-09 20:07:32] 
[job(127): 2016-09-09 20:07:32] N = 2, M = 5 machine precision = 2.22045e-16
[job(127): 2016-09-09 20:07:32] At X0, 0 variables are exactly at the bounds
[job(127): 2016-09-09 20:07:32] At iterate     0  f=       -13.57  |proj g|=      0.45313
[job(127): 2016-09-09 20:07:32] At iterate     1  f =      -13.743  |proj g|=       0.24056
[job(127): 2016-09-09 20:07:32] At iterate     2  f =      -13.861  |proj g|=         0.151
[job(127): 2016-09-09 20:07:32] At iterate     3  f =      -13.911  |proj g|=       0.13372
[job(127): 2016-09-09 20:07:32] At iterate     4  f =      -14.063  |proj g|=        0.0481
[job(127): 2016-09-09 20:07:32] At iterate     5  f =      -14.069  |proj g|=      0.013398
[job(127): 2016-09-09 20:07:32] At iterate     6  f =      -14.069  |proj g|=     0.0005029
[job(127): 2016-09-09 20:07:32] At iterate     7  f =      -14.069  |proj g|=    6.6675e-06
[job(127): 2016-09-09 20:07:32] At iterate     8  f =      -14.069  |proj g|=    1.6013e-06
[job(127): 2016-09-09 20:07:32] 
[job(127): 2016-09-09 20:07:32] iterations 8
[job(127): 2016-09-09 20:07:32] function evaluations 9
[job(127): 2016-09-09 20:07:32] segments explored during Cauchy searches 8
[job(127): 2016-09-09 20:07:32] BFGS updates skipped 0
[job(127): 2016-09-09 20:07:32] active bounds at final generalized Cauchy point 0
[job(127): 2016-09-09 20:07:32] norm of the final projected gradient 1.60126e-06
[job(127): 2016-09-09 20:07:32] final function value -14.0694
[job(127): 2016-09-09 20:07:32] 
[job(127): 2016-09-09 20:07:32] F = -14.0694
[job(127): 2016-09-09 20:07:32] final  value -14.069393 
[job(127): 2016-09-09 20:07:32] converged
[job(127): 2016-09-09 20:07:32] [Tune-x] 15: C=2.66e+03; sigma=0.0029
[job(127): 2016-09-09 20:07:32] [Tune-y] 15: acc.test.mean=0.975; time: 0.0 min; memory: 118Mb use, 194Mb max
[job(127): 2016-09-09 20:07:32] 
[job(127): 2016-09-09 20:07:32] optimisation start
[job(127): 2016-09-09 20:07:32] ------------------
[job(127): 2016-09-09 20:07:32] * estimation method   : MLE 
[job(127): 2016-09-09 20:07:32] * optimisation method : BFGS 
[job(127): 2016-09-09 20:07:32] * analytical gradient : used
[job(127): 2016-09-09 20:07:32] * trend model : ~1
[job(127): 2016-09-09 20:07:32] * covariance model : 
[job(127): 2016-09-09 20:07:32]   - type :  matern5_2 
[job(127): 2016-09-09 20:07:32]   - nugget : NO
[job(127): 2016-09-09 20:07:32]   - parameters lower bounds :  1e-10 1e-10 
[job(127): 2016-09-09 20:07:32]   - parameters upper bounds :  46.88569 47.99884 
[job(127): 2016-09-09 20:07:32]   - best initial criterion value(s) :  17.50426 
[job(127): 2016-09-09 20:07:32] 
[job(127): 2016-09-09 20:07:32] N = 2, M = 5 machine precision = 2.22045e-16
[job(127): 2016-09-09 20:07:32] At X0, 0 variables are exactly at the bounds
[job(127): 2016-09-09 20:07:32] At iterate     0  f=      -17.504  |proj g|=      0.14998
[job(127): 2016-09-09 20:07:32] At iterate     1  f =      -17.542  |proj g|=       0.14133
[job(127): 2016-09-09 20:07:32] At iterate     2  f =      -17.683  |proj g|=       0.15414
[job(127): 2016-09-09 20:07:32] At iterate     3  f =      -17.772  |proj g|=       0.17639
[job(127): 2016-09-09 20:07:32] At iterate     4  f =      -17.848  |proj g|=      0.014093
[job(127): 2016-09-09 20:07:32] At iterate     5  f =      -17.849  |proj g|=     0.0022606
[job(127): 2016-09-09 20:07:32] At iterate     6  f =      -17.849  |proj g|=    0.00014038
[job(127): 2016-09-09 20:07:32] At iterate     7  f =      -17.849  |proj g|=    1.2377e-07
[job(127): 2016-09-09 20:07:32] 
[job(127): 2016-09-09 20:07:32] iterations 7
[job(127): 2016-09-09 20:07:32] function evaluations 8
[job(127): 2016-09-09 20:07:32] segments explored during Cauchy searches 7
[job(127): 2016-09-09 20:07:32] BFGS updates skipped 0
[job(127): 2016-09-09 20:07:32] active bounds at final generalized Cauchy point 0
[job(127): 2016-09-09 20:07:32] norm of the final projected gradient 1.23771e-07
[job(127): 2016-09-09 20:07:32] final function value -17.8485
[job(127): 2016-09-09 20:07:32] 
[job(127): 2016-09-09 20:07:32] F = -17.8485
[job(127): 2016-09-09 20:07:32] final  value -17.848522 
[job(127): 2016-09-09 20:07:32] converged
[job(127): 2016-09-09 20:07:32] [Tune-x] 16: C=376; sigma=0.0019
[job(127): 2016-09-09 20:07:32] [Tune-y] 16: acc.test.mean=0.971; time: 0.0 min; memory: 118Mb use, 194Mb max
[job(127): 2016-09-09 20:07:32] 
[job(127): 2016-09-09 20:07:32] optimisation start
[job(127): 2016-09-09 20:07:32] ------------------
[job(127): 2016-09-09 20:07:32] * estimation method   : MLE 
[job(127): 2016-09-09 20:07:32] * optimisation method : BFGS 
[job(127): 2016-09-09 20:07:32] * analytical gradient : used
[job(127): 2016-09-09 20:07:32] * trend model : ~1
[job(127): 2016-09-09 20:07:32] * covariance model : 
[job(127): 2016-09-09 20:07:32]   - type :  matern5_2 
[job(127): 2016-09-09 20:07:32]   - nugget : NO
[job(127): 2016-09-09 20:07:32]   - parameters lower bounds :  1e-10 1e-10 
[job(127): 2016-09-09 20:07:32]   - parameters upper bounds :  46.88569 47.99884 
[job(127): 2016-09-09 20:07:32]   - best initial criterion value(s) :  17.9221 
[job(127): 2016-09-09 20:07:32] 
[job(127): 2016-09-09 20:07:32] N = 2, M = 5 machine precision = 2.22045e-16
[job(127): 2016-09-09 20:07:32] At X0, 0 variables are exactly at the bounds
[job(127): 2016-09-09 20:07:32] At iterate     0  f=      -17.922  |proj g|=      0.54945
[job(127): 2016-09-09 20:07:32] At iterate     1  f =      -18.318  |proj g|=       0.55419
[job(127): 2016-09-09 20:07:32] At iterate     2  f =      -19.697  |proj g|=       0.42739
[job(127): 2016-09-09 20:07:32] At iterate     3  f =      -20.104  |proj g|=       0.15323
[job(127): 2016-09-09 20:07:32] At iterate     4  f =      -20.123  |proj g|=       0.12852
[job(127): 2016-09-09 20:07:32] At iterate     5  f =      -20.143  |proj g|=       0.03285
[job(127): 2016-09-09 20:07:32] At iterate     6  f =      -20.154  |proj g|=      0.027973
[job(127): 2016-09-09 20:07:32] At iterate     7  f =      -20.163  |proj g|=      0.036789
[job(127): 2016-09-09 20:07:32] At iterate     8  f =      -20.164  |proj g|=    0.00080554
[job(127): 2016-09-09 20:07:32] At iterate     9  f =      -20.164  |proj g|=     4.827e-05
[job(127): 2016-09-09 20:07:32] At iterate    10  f =      -20.164  |proj g|=    2.0022e-07
[job(127): 2016-09-09 20:07:32] 
[job(127): 2016-09-09 20:07:32] iterations 10
[job(127): 2016-09-09 20:07:32] function evaluations 16
[job(127): 2016-09-09 20:07:32] segments explored during Cauchy searches 11
[job(127): 2016-09-09 20:07:32] BFGS updates skipped 0
[job(127): 2016-09-09 20:07:32] active bounds at final generalized Cauchy point 0
[job(127): 2016-09-09 20:07:32] norm of the final projected gradient 2.00221e-07
[job(127): 2016-09-09 20:07:32] final function value -20.1644
[job(127): 2016-09-09 20:07:32] 
[job(127): 2016-09-09 20:07:32] F = -20.1644
[job(127): 2016-09-09 20:07:32] final  value -20.164388 
[job(127): 2016-09-09 20:07:32] converged
[job(127): 2016-09-09 20:07:32] [Tune-x] 17: C=2.2e+03; sigma=0.00276
[job(127): 2016-09-09 20:07:32] [Tune-y] 17: acc.test.mean=0.974; time: 0.0 min; memory: 118Mb use, 194Mb max
[job(127): 2016-09-09 20:07:32] 
[job(127): 2016-09-09 20:07:32] optimisation start
[job(127): 2016-09-09 20:07:32] ------------------
[job(127): 2016-09-09 20:07:32] * estimation method   : MLE 
[job(127): 2016-09-09 20:07:32] * optimisation method : BFGS 
[job(127): 2016-09-09 20:07:32] * analytical gradient : used
[job(127): 2016-09-09 20:07:32] * trend model : ~1
[job(127): 2016-09-09 20:07:32] * covariance model : 
[job(127): 2016-09-09 20:07:32]   - type :  matern5_2 
[job(127): 2016-09-09 20:07:32]   - nugget : NO
[job(127): 2016-09-09 20:07:32]   - parameters lower bounds :  1e-10 1e-10 
[job(127): 2016-09-09 20:07:32]   - parameters upper bounds :  46.88569 47.99884 
[job(127): 2016-09-09 20:07:32]   - best initial criterion value(s) :  24.22026 
[job(127): 2016-09-09 20:07:32] 
[job(127): 2016-09-09 20:07:32] N = 2, M = 5 machine precision = 2.22045e-16
[job(127): 2016-09-09 20:07:32] At X0, 0 variables are exactly at the bounds
[job(127): 2016-09-09 20:07:32] At iterate     0  f=       -24.22  |proj g|=      0.25347
[job(127): 2016-09-09 20:07:32] At iterate     1  f =      -24.284  |proj g|=       0.24747
[job(127): 2016-09-09 20:07:32] At iterate     2  f =      -25.396  |proj g|=       0.12809
[job(127): 2016-09-09 20:07:32] At iterate     3  f =      -25.576  |proj g|=       0.19161
[job(127): 2016-09-09 20:07:32] At iterate     4  f =      -25.646  |proj g|=      0.019547
[job(127): 2016-09-09 20:07:32] At iterate     5  f =       -25.65  |proj g|=     0.0072468
[job(127): 2016-09-09 20:07:32] At iterate     6  f =       -25.65  |proj g|=     0.0014084
[job(127): 2016-09-09 20:07:32] At iterate     7  f =       -25.65  |proj g|=    1.7641e-05
[job(127): 2016-09-09 20:07:32] At iterate     8  f =       -25.65  |proj g|=    1.1174e-07
[job(127): 2016-09-09 20:07:32] 
[job(127): 2016-09-09 20:07:32] iterations 8
[job(127): 2016-09-09 20:07:32] function evaluations 11
[job(127): 2016-09-09 20:07:32] segments explored during Cauchy searches 8
[job(127): 2016-09-09 20:07:32] BFGS updates skipped 0
[job(127): 2016-09-09 20:07:32] active bounds at final generalized Cauchy point 0
[job(127): 2016-09-09 20:07:32] norm of the final projected gradient 1.11738e-07
[job(127): 2016-09-09 20:07:32] final function value -25.6505
[job(127): 2016-09-09 20:07:32] 
[job(127): 2016-09-09 20:07:32] F = -25.6505
[job(127): 2016-09-09 20:07:32] final  value -25.650469 
[job(127): 2016-09-09 20:07:32] converged
[job(127): 2016-09-09 20:07:32] [Tune-x] 18: C=4.1e+03; sigma=0.00396
[job(127): 2016-09-09 20:07:32] [Tune-y] 18: acc.test.mean=0.976; time: 0.0 min; memory: 118Mb use, 194Mb max
[job(127): 2016-09-09 20:07:32] 
[job(127): 2016-09-09 20:07:32] optimisation start
[job(127): 2016-09-09 20:07:32] ------------------
[job(127): 2016-09-09 20:07:32] * estimation method   : MLE 
[job(127): 2016-09-09 20:07:32] * optimisation method : BFGS 
[job(127): 2016-09-09 20:07:32] * analytical gradient : used
[job(127): 2016-09-09 20:07:32] * trend model : ~1
[job(127): 2016-09-09 20:07:32] * covariance model : 
[job(127): 2016-09-09 20:07:32]   - type :  matern5_2 
[job(127): 2016-09-09 20:07:32]   - nugget : NO
[job(127): 2016-09-09 20:07:32]   - parameters lower bounds :  1e-10 1e-10 
[job(127): 2016-09-09 20:07:32]   - parameters upper bounds :  46.88589 47.99884 
[job(127): 2016-09-09 20:07:32]   - best initial criterion value(s) :  27.45036 
[job(127): 2016-09-09 20:07:32] 
[job(127): 2016-09-09 20:07:32] N = 2, M = 5 machine precision = 2.22045e-16
[job(127): 2016-09-09 20:07:32] At X0, 0 variables are exactly at the bounds
[job(127): 2016-09-09 20:07:32] At iterate     0  f=       -27.45  |proj g|=       1.3426
[job(127): 2016-09-09 20:07:32] At iterate     1  f =      -28.762  |proj g|=       0.44938
[job(127): 2016-09-09 20:07:32] At iterate     2  f =       -29.08  |proj g|=       0.22469
[job(127): 2016-09-09 20:07:32] At iterate     3  f =      -29.207  |proj g|=       0.19397
[job(127): 2016-09-09 20:07:32] At iterate     4  f =      -29.559  |proj g|=       0.37744
[job(127): 2016-09-09 20:07:32] At iterate     5  f =       -29.98  |proj g|=       0.40292
[job(127): 2016-09-09 20:07:32] At iterate     6  f =      -30.129  |proj g|=      0.063548
[job(127): 2016-09-09 20:07:32] At iterate     7  f =      -30.172  |proj g|=      0.025751
[job(127): 2016-09-09 20:07:32] At iterate     8  f =      -30.173  |proj g|=     0.0053085
[job(127): 2016-09-09 20:07:32] At iterate     9  f =      -30.173  |proj g|=    0.00021645
[job(127): 2016-09-09 20:07:32] At iterate    10  f =      -30.173  |proj g|=    4.1054e-06
[job(127): 2016-09-09 20:07:32] Bad direction in the line search;
[job(127): 2016-09-09 20:07:32]    refresh the lbfgs memory and restart the iteration.
[job(127): 2016-09-09 20:07:32] At iterate    11  f =      -30.173  |proj g|=    4.1053e-06
[job(127): 2016-09-09 20:07:32] 
[job(127): 2016-09-09 20:07:32] iterations 11
[job(127): 2016-09-09 20:07:32] function evaluations 42
[job(127): 2016-09-09 20:07:32] segments explored during Cauchy searches 12
[job(127): 2016-09-09 20:07:32] BFGS updates skipped 0
[job(127): 2016-09-09 20:07:32] active bounds at final generalized Cauchy point 0
[job(127): 2016-09-09 20:07:32] norm of the final projected gradient 4.10528e-06
[job(127): 2016-09-09 20:07:32] final function value -30.1732
[job(127): 2016-09-09 20:07:32] 
[job(127): 2016-09-09 20:07:32] F = -30.1732
[job(127): 2016-09-09 20:07:32] l(0) > u(0).  No feasible solutionfinal  value -30.173235 
[job(127): 2016-09-09 20:07:32] converged
[job(127): 2016-09-09 20:07:32] [Tune-x] 19: C=4.09e+03; sigma=0.00335
[job(127): 2016-09-09 20:07:32] [Tune-y] 19: acc.test.mean=0.974; time: 0.0 min; memory: 118Mb use, 194Mb max
[job(127): 2016-09-09 20:07:32] 
[job(127): 2016-09-09 20:07:32] optimisation start
[job(127): 2016-09-09 20:07:32] ------------------
[job(127): 2016-09-09 20:07:32] * estimation method   : MLE 
[job(127): 2016-09-09 20:07:32] * optimisation method : BFGS 
[job(127): 2016-09-09 20:07:32] * analytical gradient : used
[job(127): 2016-09-09 20:07:32] * trend model : ~1
[job(127): 2016-09-09 20:07:32] * covariance model : 
[job(127): 2016-09-09 20:07:32]   - type :  matern5_2 
[job(127): 2016-09-09 20:07:32]   - nugget : NO
[job(127): 2016-09-09 20:07:32]   - parameters lower bounds :  1e-10 1e-10 
[job(127): 2016-09-09 20:07:32]   - parameters upper bounds :  46.88589 47.99884 
[job(127): 2016-09-09 20:07:32]   - best initial criterion value(s) :  33.04543 
[job(127): 2016-09-09 20:07:32] 
[job(127): 2016-09-09 20:07:32] N = 2, M = 5 machine precision = 2.22045e-16
[job(127): 2016-09-09 20:07:32] At X0, 0 variables are exactly at the bounds
[job(127): 2016-09-09 20:07:32] At iterate     0  f=      -33.045  |proj g|=      0.58388
[job(127): 2016-09-09 20:07:32] At iterate     1  f =      -33.394  |proj g|=       0.42805
[job(127): 2016-09-09 20:07:32] At iterate     2  f =      -33.816  |proj g|=         0.218
[job(127): 2016-09-09 20:07:32] At iterate     3  f =      -33.954  |proj g|=       0.20086
[job(127): 2016-09-09 20:07:32] At iterate     4  f =       -34.02  |proj g|=      0.065517
[job(127): 2016-09-09 20:07:32] At iterate     5  f =      -34.025  |proj g|=     0.0088664
[job(127): 2016-09-09 20:07:32] At iterate     6  f =      -34.025  |proj g|=     0.0017545
[job(127): 2016-09-09 20:07:32] At iterate     7  f =      -34.025  |proj g|=    5.3122e-05
[job(127): 2016-09-09 20:07:32] At iterate     8  f =      -34.025  |proj g|=    5.3737e-07
[job(127): 2016-09-09 20:07:32] 
[job(127): 2016-09-09 20:07:32] iterations 8
[job(127): 2016-09-09 20:07:32] function evaluations 10
[job(127): 2016-09-09 20:07:32] segments explored during Cauchy searches 8
[job(127): 2016-09-09 20:07:32] BFGS updates skipped 0
[job(127): 2016-09-09 20:07:32] active bounds at final generalized Cauchy point 0
[job(127): 2016-09-09 20:07:32] norm of the final projected gradient 5.37367e-07
[job(127): 2016-09-09 20:07:32] final function value -34.025
[job(127): 2016-09-09 20:07:32] 
[job(127): 2016-09-09 20:07:32] F = -34.025
[job(127): 2016-09-09 20:07:32] final  value -34.024981 
[job(127): 2016-09-09 20:07:32] converged
[job(127): 2016-09-09 20:07:32] [Tune-x] 20: C=4.09e+03; sigma=0.0114
[job(127): 2016-09-09 20:07:32] [Tune-y] 20: acc.test.mean=0.978; time: 0.0 min; memory: 118Mb use, 194Mb max
[job(127): 2016-09-09 20:07:32] 
[job(127): 2016-09-09 20:07:32] optimisation start
[job(127): 2016-09-09 20:07:32] ------------------
[job(127): 2016-09-09 20:07:32] * estimation method   : MLE 
[job(127): 2016-09-09 20:07:32] * optimisation method : BFGS 
[job(127): 2016-09-09 20:07:32] * analytical gradient : used
[job(127): 2016-09-09 20:07:32] * trend model : ~1
[job(127): 2016-09-09 20:07:32] * covariance model : 
[job(127): 2016-09-09 20:07:32]   - type :  matern5_2 
[job(127): 2016-09-09 20:07:32]   - nugget : NO
[job(127): 2016-09-09 20:07:32]   - parameters lower bounds :  1e-10 1e-10 
[job(127): 2016-09-09 20:07:32]   - parameters upper bounds :  46.88589 47.99884 
[job(127): 2016-09-09 20:07:32]   - best initial criterion value(s) :  36.4747 
[job(127): 2016-09-09 20:07:32] 
[job(127): 2016-09-09 20:07:32] N = 2, M = 5 machine precision = 2.22045e-16
[job(127): 2016-09-09 20:07:32] At X0, 0 variables are exactly at the bounds
[job(127): 2016-09-09 20:07:32] At iterate     0  f=      -36.475  |proj g|=         1.04
[job(127): 2016-09-09 20:07:32] At iterate     1  f =      -37.275  |proj g|=       0.31769
[job(127): 2016-09-09 20:07:32] At iterate     2  f =      -37.395  |proj g|=       0.23391
[job(127): 2016-09-09 20:07:32] At iterate     3  f =      -37.573  |proj g|=      0.055944
[job(127): 2016-09-09 20:07:32] At iterate     4  f =      -37.577  |proj g|=     0.0082386
[job(127): 2016-09-09 20:07:32] At iterate     5  f =      -37.577  |proj g|=     0.0034288
[job(127): 2016-09-09 20:07:32] At iterate     6  f =      -37.577  |proj g|=    0.00011673
[job(127): 2016-09-09 20:07:32] At iterate     7  f =      -37.577  |proj g|=    1.5528e-06
[job(127): 2016-09-09 20:07:32] 
[job(127): 2016-09-09 20:07:32] iterations 7
[job(127): 2016-09-09 20:07:32] function evaluations 8
[job(127): 2016-09-09 20:07:32] segments explored during Cauchy searches 7
[job(127): 2016-09-09 20:07:32] BFGS updates skipped 0
[job(127): 2016-09-09 20:07:32] active bounds at final generalized Cauchy point 0
[job(127): 2016-09-09 20:07:32] norm of the final projected gradient 1.5528e-06
[job(127): 2016-09-09 20:07:32] final function value -37.5772
[job(127): 2016-09-09 20:07:32] 
[job(127): 2016-09-09 20:07:32] F = -37.5772
[job(127): 2016-09-09 20:07:32] final  value -37.577161 
[job(127): 2016-09-09 20:07:32] converged
[job(127): 2016-09-09 20:07:32] [Tune-x] 21: C=3.61e+03; sigma=0.00738
[job(127): 2016-09-09 20:07:32] [Tune-y] 21: acc.test.mean=0.976; time: 0.0 min; memory: 118Mb use, 194Mb max
[job(127): 2016-09-09 20:07:32] 
[job(127): 2016-09-09 20:07:32] optimisation start
[job(127): 2016-09-09 20:07:32] ------------------
[job(127): 2016-09-09 20:07:32] * estimation method   : MLE 
[job(127): 2016-09-09 20:07:32] * optimisation method : BFGS 
[job(127): 2016-09-09 20:07:32] * analytical gradient : used
[job(127): 2016-09-09 20:07:32] * trend model : ~1
[job(127): 2016-09-09 20:07:32] * covariance model : 
[job(127): 2016-09-09 20:07:32]   - type :  matern5_2 
[job(127): 2016-09-09 20:07:32]   - nugget : NO
[job(127): 2016-09-09 20:07:32]   - parameters lower bounds :  1e-10 1e-10 
[job(127): 2016-09-09 20:07:32]   - parameters upper bounds :  46.88589 47.99884 
[job(127): 2016-09-09 20:07:32]   - best initial criterion value(s) :  36.51266 
[job(127): 2016-09-09 20:07:32] 
[job(127): 2016-09-09 20:07:32] N = 2, M = 5 machine precision = 2.22045e-16
[job(127): 2016-09-09 20:07:32] At X0, 0 variables are exactly at the bounds
[job(127): 2016-09-09 20:07:32] At iterate     0  f=      -36.513  |proj g|=       1.2354
[job(127): 2016-09-09 20:07:32] At iterate     1  f =      -38.285  |proj g|=       0.68845
[job(127): 2016-09-09 20:07:32] At iterate     2  f =      -39.224  |proj g|=       0.32828
[job(127): 2016-09-09 20:07:32] At iterate     3  f =      -39.655  |proj g|=       0.42439
[job(127): 2016-09-09 20:07:32] At iterate     4  f =       -39.93  |proj g|=       0.19397
[job(127): 2016-09-09 20:07:32] At iterate     5  f =      -40.031  |proj g|=       0.10139
[job(127): 2016-09-09 20:07:32] At iterate     6  f =      -40.042  |proj g|=      0.020938
[job(127): 2016-09-09 20:07:32] At iterate     7  f =      -40.042  |proj g|=    0.00066349
[job(127): 2016-09-09 20:07:32] At iterate     8  f =      -40.042  |proj g|=    1.7013e-05
[job(127): 2016-09-09 20:07:32] At iterate     9  f =      -40.042  |proj g|=    8.3263e-06
[job(127): 2016-09-09 20:07:32] 
[job(127): 2016-09-09 20:07:32] iterations 9
[job(127): 2016-09-09 20:07:32] function evaluations 10
[job(127): 2016-09-09 20:07:32] segments explored during Cauchy searches 9
[job(127): 2016-09-09 20:07:32] BFGS updates skipped 0
[job(127): 2016-09-09 20:07:32] active bounds at final generalized Cauchy point 0
[job(127): 2016-09-09 20:07:32] norm of the final projected gradient 8.32629e-06
[job(127): 2016-09-09 20:07:32] final function value -40.0421
[job(127): 2016-09-09 20:07:32] 
[job(127): 2016-09-09 20:07:32] F = -40.0421
[job(127): 2016-09-09 20:07:32] final  value -40.042136 
[job(127): 2016-09-09 20:07:32] converged
[job(127): 2016-09-09 20:07:32] [Tune-x] 22: C=4.1e+03; sigma=0.0198
[job(127): 2016-09-09 20:07:32] [Tune-y] 22: acc.test.mean=0.977; time: 0.0 min; memory: 118Mb use, 194Mb max
[job(127): 2016-09-09 20:07:32] 
[job(127): 2016-09-09 20:07:32] optimisation start
[job(127): 2016-09-09 20:07:32] ------------------
[job(127): 2016-09-09 20:07:32] * estimation method   : MLE 
[job(127): 2016-09-09 20:07:32] * optimisation method : BFGS 
[job(127): 2016-09-09 20:07:32] * analytical gradient : used
[job(127): 2016-09-09 20:07:32] * trend model : ~1
[job(127): 2016-09-09 20:07:32] * covariance model : 
[job(127): 2016-09-09 20:07:32]   - type :  matern5_2 
[job(127): 2016-09-09 20:07:32]   - nugget : NO
[job(127): 2016-09-09 20:07:32]   - parameters lower bounds :  1e-10 1e-10 
[job(127): 2016-09-09 20:07:32]   - parameters upper bounds :  46.88589 47.99884 
[job(127): 2016-09-09 20:07:32]   - best initial criterion value(s) :  41.33524 
[job(127): 2016-09-09 20:07:32] 
[job(127): 2016-09-09 20:07:32] N = 2, M = 5 machine precision = 2.22045e-16
[job(127): 2016-09-09 20:07:32] At X0, 0 variables are exactly at the bounds
[job(127): 2016-09-09 20:07:32] At iterate     0  f=      -41.335  |proj g|=      0.45783
[job(127): 2016-09-09 20:07:32] At iterate     1  f =      -41.696  |proj g|=       0.45212
[job(127): 2016-09-09 20:07:32] At iterate     2  f =      -42.449  |proj g|=        0.4592
[job(127): 2016-09-09 20:07:32] At iterate     3  f =      -43.009  |proj g|=       0.74209
[job(127): 2016-09-09 20:07:32] At iterate     4  f =      -43.544  |proj g|=       0.15589
[job(127): 2016-09-09 20:07:32] At iterate     5  f =      -43.588  |proj g|=       0.21041
[job(127): 2016-09-09 20:07:32] At iterate     6  f =      -43.622  |proj g|=      0.034936
[job(127): 2016-09-09 20:07:32] At iterate     7  f =      -43.623  |proj g|=     0.0021293
[job(127): 2016-09-09 20:07:32] At iterate     8  f =      -43.623  |proj g|=    2.3899e-05
[job(127): 2016-09-09 20:07:32] At iterate     9  f =      -43.623  |proj g|=    1.9253e-05
[job(127): 2016-09-09 20:07:32] 
[job(127): 2016-09-09 20:07:32] iterations 9
[job(127): 2016-09-09 20:07:32] function evaluations 12
[job(127): 2016-09-09 20:07:32] segments explored during Cauchy searches 9
[job(127): 2016-09-09 20:07:32] BFGS updates skipped 0
[job(127): 2016-09-09 20:07:32] active bounds at final generalized Cauchy point 0
[job(127): 2016-09-09 20:07:32] norm of the final projected gradient 1.92532e-05
[job(127): 2016-09-09 20:07:32] final function value -43.6233
[job(127): 2016-09-09 20:07:32] 
[job(127): 2016-09-09 20:07:32] F = -43.6233
[job(127): 2016-09-09 20:07:32] final  value -43.623297 
[job(127): 2016-09-09 20:07:32] converged
[job(127): 2016-09-09 20:07:32] [Tune-x] 23: C=4.1e+03; sigma=0.0141
[job(127): 2016-09-09 20:07:32] [Tune-y] 23: acc.test.mean=0.978; time: 0.0 min; memory: 118Mb use, 194Mb max
[job(127): 2016-09-09 20:07:32] 
[job(127): 2016-09-09 20:07:32] optimisation start
[job(127): 2016-09-09 20:07:32] ------------------
[job(127): 2016-09-09 20:07:32] * estimation method   : MLE 
[job(127): 2016-09-09 20:07:32] * optimisation method : BFGS 
[job(127): 2016-09-09 20:07:32] * analytical gradient : used
[job(127): 2016-09-09 20:07:32] * trend model : ~1
[job(127): 2016-09-09 20:07:32] * covariance model : 
[job(127): 2016-09-09 20:07:32]   - type :  matern5_2 
[job(127): 2016-09-09 20:07:32]   - nugget : NO
[job(127): 2016-09-09 20:07:32]   - parameters lower bounds :  1e-10 1e-10 
[job(127): 2016-09-09 20:07:32]   - parameters upper bounds :  46.88589 47.99884 
[job(127): 2016-09-09 20:07:32]   - best initial criterion value(s) :  46.6451 
[job(127): 2016-09-09 20:07:32] 
[job(127): 2016-09-09 20:07:32] N = 2, M = 5 machine precision = 2.22045e-16
[job(127): 2016-09-09 20:07:32] At X0, 0 variables are exactly at the bounds
[job(127): 2016-09-09 20:07:32] At iterate     0  f=      -46.645  |proj g|=      0.53927
[job(127): 2016-09-09 20:07:32] At iterate     1  f =       -47.11  |proj g|=       0.44003
[job(127): 2016-09-09 20:07:32] At iterate     2  f =      -47.543  |proj g|=       0.61768
[job(127): 2016-09-09 20:07:32] At iterate     3  f =      -47.751  |proj g|=       0.20954
[job(127): 2016-09-09 20:07:32] At iterate     4  f =      -47.908  |proj g|=       0.16381
[job(127): 2016-09-09 20:07:32] At iterate     5  f =      -48.049  |proj g|=       0.21272
[job(127): 2016-09-09 20:07:32] At iterate     6  f =      -48.233  |proj g|=       0.47107
[job(127): 2016-09-09 20:07:32] At iterate     7  f =      -48.467  |proj g|=       0.20019
[job(127): 2016-09-09 20:07:32] At iterate     8  f =      -48.512  |proj g|=      0.040327
[job(127): 2016-09-09 20:07:32] At iterate     9  f =      -48.519  |proj g|=      0.002422
[job(127): 2016-09-09 20:07:32] At iterate    10  f =      -48.519  |proj g|=    0.00042335
[job(127): 2016-09-09 20:07:32] At iterate    11  f =      -48.519  |proj g|=    2.0421e-05
[job(127): 2016-09-09 20:07:32] At iterate    12  f =      -48.519  |proj g|=    2.1302e-08
[job(127): 2016-09-09 20:07:32] 
[job(127): 2016-09-09 20:07:32] iterations 12
[job(127): 2016-09-09 20:07:32] function evaluations 14
[job(127): 2016-09-09 20:07:32] segments explored during Cauchy searches 12
[job(127): 2016-09-09 20:07:32] BFGS updates skipped 0
[job(127): 2016-09-09 20:07:32] active bounds at final generalized Cauchy point 0
[job(127): 2016-09-09 20:07:32] norm of the final projected gradient 2.13023e-08
[job(127): 2016-09-09 20:07:32] final function value -48.5192
[job(127): 2016-09-09 20:07:32] 
[job(127): 2016-09-09 20:07:32] F = -48.5192
[job(127): 2016-09-09 20:07:32] final  value -48.519208 
[job(127): 2016-09-09 20:07:32] converged
[job(127): 2016-09-09 20:07:32] [Tune-x] 24: C=349; sigma=0.00105
[job(127): 2016-09-09 20:07:32] [Tune-y] 24: acc.test.mean=0.968; time: 0.0 min; memory: 118Mb use, 194Mb max
[job(127): 2016-09-09 20:07:32] 
[job(127): 2016-09-09 20:07:32] optimisation start
[job(127): 2016-09-09 20:07:32] ------------------
[job(127): 2016-09-09 20:07:32] * estimation method   : MLE 
[job(127): 2016-09-09 20:07:32] * optimisation method : BFGS 
[job(127): 2016-09-09 20:07:32] * analytical gradient : used
[job(127): 2016-09-09 20:07:32] * trend model : ~1
[job(127): 2016-09-09 20:07:32] * covariance model : 
[job(127): 2016-09-09 20:07:32]   - type :  matern5_2 
[job(127): 2016-09-09 20:07:32]   - nugget : NO
[job(127): 2016-09-09 20:07:32]   - parameters lower bounds :  1e-10 1e-10 
[job(127): 2016-09-09 20:07:32]   - parameters upper bounds :  46.88589 47.99884 
[job(127): 2016-09-09 20:07:32]   - best initial criterion value(s) :  49.58006 
[job(127): 2016-09-09 20:07:32] 
[job(127): 2016-09-09 20:07:32] N = 2, M = 5 machine precision = 2.22045e-16
[job(127): 2016-09-09 20:07:32] At X0, 0 variables are exactly at the bounds
[job(127): 2016-09-09 20:07:32] At iterate     0  f=       -49.58  |proj g|=      0.89714
[job(127): 2016-09-09 20:07:32] At iterate     1  f =      -50.453  |proj g|=       0.72193
[job(127): 2016-09-09 20:07:32] At iterate     2  f =      -51.198  |proj g|=        0.1824
[job(127): 2016-09-09 20:07:32] At iterate     3  f =      -51.268  |proj g|=       0.15479
[job(127): 2016-09-09 20:07:32] At iterate     4  f =      -51.342  |proj g|=       0.20049
[job(127): 2016-09-09 20:07:32] At iterate     5  f =      -51.748  |proj g|=       0.58285
[job(127): 2016-09-09 20:07:32] At iterate     6  f =      -51.781  |proj g|=       0.58954
[job(127): 2016-09-09 20:07:32] At iterate     7  f =      -52.056  |proj g|=       0.27039
[job(127): 2016-09-09 20:07:32] At iterate     8  f =      -52.144  |proj g|=      0.057562
[job(127): 2016-09-09 20:07:32] At iterate     9  f =      -52.149  |proj g|=       0.01178
[job(127): 2016-09-09 20:07:32] At iterate    10  f =      -52.149  |proj g|=     0.0030674
[job(127): 2016-09-09 20:07:32] At iterate    11  f =       -52.15  |proj g|=    2.1868e-05
[job(127): 2016-09-09 20:07:32] At iterate    12  f =       -52.15  |proj g|=    7.1318e-07
[job(127): 2016-09-09 20:07:32] 
[job(127): 2016-09-09 20:07:32] iterations 12
[job(127): 2016-09-09 20:07:32] function evaluations 17
[job(127): 2016-09-09 20:07:32] segments explored during Cauchy searches 12
[job(127): 2016-09-09 20:07:32] BFGS updates skipped 0
[job(127): 2016-09-09 20:07:32] active bounds at final generalized Cauchy point 0
[job(127): 2016-09-09 20:07:32] norm of the final projected gradient 7.13178e-07
[job(127): 2016-09-09 20:07:32] final function value -52.1495
[job(127): 2016-09-09 20:07:32] 
[job(127): 2016-09-09 20:07:32] F = -52.1495
[job(127): 2016-09-09 20:07:32] final  value -52.149501 
[job(127): 2016-09-09 20:07:32] converged
[job(127): 2016-09-09 20:07:32] [Tune-x] 25: C=601; sigma=0.00146
[job(127): 2016-09-09 20:07:32] [Tune-y] 25: acc.test.mean=0.966; time: 0.0 min; memory: 118Mb use, 194Mb max
[job(127): 2016-09-09 20:07:32] 
[job(127): 2016-09-09 20:07:32] optimisation start
[job(127): 2016-09-09 20:07:32] ------------------
[job(127): 2016-09-09 20:07:32] * estimation method   : MLE 
[job(127): 2016-09-09 20:07:32] * optimisation method : BFGS 
[job(127): 2016-09-09 20:07:32] * analytical gradient : used
[job(127): 2016-09-09 20:07:32] * trend model : ~1
[job(127): 2016-09-09 20:07:32] * covariance model : 
[job(127): 2016-09-09 20:07:32]   - type :  matern5_2 
[job(127): 2016-09-09 20:07:32]   - nugget : NO
[job(127): 2016-09-09 20:07:32]   - parameters lower bounds :  1e-10 1e-10 
[job(127): 2016-09-09 20:07:32]   - parameters upper bounds :  46.88589 47.99884 
[job(127): 2016-09-09 20:07:32]   - best initial criterion value(s) :  53.6673 
[job(127): 2016-09-09 20:07:32] 
[job(127): 2016-09-09 20:07:32] N = 2, M = 5 machine precision = 2.22045e-16
[job(127): 2016-09-09 20:07:32] At X0, 0 variables are exactly at the bounds
[job(127): 2016-09-09 20:07:32] At iterate     0  f=      -53.667  |proj g|=       1.1506
[job(127): 2016-09-09 20:07:32] At iterate     1  f =      -54.824  |proj g|=       0.78367
[job(127): 2016-09-09 20:07:32] At iterate     2  f =       -55.29  |proj g|=      0.088933
[job(127): 2016-09-09 20:07:32] At iterate     3  f =      -55.304  |proj g|=      0.073669
[job(127): 2016-09-09 20:07:32] At iterate     4  f =      -55.314  |proj g|=      0.049156
[job(127): 2016-09-09 20:07:32] At iterate     5  f =       -55.32  |proj g|=      0.004134
[job(127): 2016-09-09 20:07:32] At iterate     6  f =       -55.32  |proj g|=    0.00024115
[job(127): 2016-09-09 20:07:32] At iterate     7  f =       -55.32  |proj g|=    1.6151e-06
[job(127): 2016-09-09 20:07:32] 
[job(127): 2016-09-09 20:07:32] iterations 7
[job(127): 2016-09-09 20:07:32] function evaluations 9
[job(127): 2016-09-09 20:07:32] segments explored during Cauchy searches 7
[job(127): 2016-09-09 20:07:32] BFGS updates skipped 0
[job(127): 2016-09-09 20:07:32] active bounds at final generalized Cauchy point 0
[job(127): 2016-09-09 20:07:32] norm of the final projected gradient 1.61508e-06
[job(127): 2016-09-09 20:07:32] final function value -55.3202
[job(127): 2016-09-09 20:07:32] 
[job(127): 2016-09-09 20:07:32] F = -55.3202
[job(127): 2016-09-09 20:07:32] final  value -55.320154 
[job(127): 2016-09-09 20:07:32] converged
[job(127): 2016-09-09 20:07:32] [Tune-x] 26: C=120; sigma=0.000244
[job(127): 2016-09-09 20:07:32] [Tune-y] 26: acc.test.mean=0.962; time: 0.0 min; memory: 118Mb use, 194Mb max
[job(127): 2016-09-09 20:07:32] 
[job(127): 2016-09-09 20:07:32] optimisation start
[job(127): 2016-09-09 20:07:32] ------------------
[job(127): 2016-09-09 20:07:32] * estimation method   : MLE 
[job(127): 2016-09-09 20:07:32] * optimisation method : BFGS 
[job(127): 2016-09-09 20:07:32] * analytical gradient : used
[job(127): 2016-09-09 20:07:32] * trend model : ~1
[job(127): 2016-09-09 20:07:32] * covariance model : 
[job(127): 2016-09-09 20:07:32]   - type :  matern5_2 
[job(127): 2016-09-09 20:07:32]   - nugget : NO
[job(127): 2016-09-09 20:07:32]   - parameters lower bounds :  1e-10 1e-10 
[job(127): 2016-09-09 20:07:32]   - parameters upper bounds :  46.88589 47.99884 
[job(127): 2016-09-09 20:07:32]   - best initial criterion value(s) :  55.92618 
[job(127): 2016-09-09 20:07:32] 
[job(127): 2016-09-09 20:07:32] N = 2, M = 5 machine precision = 2.22045e-16
[job(127): 2016-09-09 20:07:32] At X0, 0 variables are exactly at the bounds
[job(127): 2016-09-09 20:07:32] At iterate     0  f=      -55.926  |proj g|=      0.97173
[job(127): 2016-09-09 20:07:32] At iterate     1  f =       -56.46  |proj g|=       0.26375
[job(127): 2016-09-09 20:07:32] At iterate     2  f =      -56.634  |proj g|=       0.29864
[job(127): 2016-09-09 20:07:32] At iterate     3  f =      -57.013  |proj g|=       0.24114
[job(127): 2016-09-09 20:07:32] At iterate     4  f =      -57.473  |proj g|=       0.33018
[job(127): 2016-09-09 20:07:32] At iterate     5  f =       -57.54  |proj g|=       0.33634
[job(127): 2016-09-09 20:07:32] At iterate     6  f =      -57.665  |proj g|=       0.40648
[job(127): 2016-09-09 20:07:32] At iterate     7  f =      -57.804  |proj g|=       0.19036
[job(127): 2016-09-09 20:07:32] At iterate     8  f =       -57.83  |proj g|=      0.016461
[job(127): 2016-09-09 20:07:32] At iterate     9  f =       -57.83  |proj g|=     0.0036271
[job(127): 2016-09-09 20:07:32] At iterate    10  f =       -57.83  |proj g|=    8.7103e-05
[job(127): 2016-09-09 20:07:32] At iterate    11  f =       -57.83  |proj g|=    2.4245e-07
[job(127): 2016-09-09 20:07:32] 
[job(127): 2016-09-09 20:07:32] iterations 11
[job(127): 2016-09-09 20:07:32] function evaluations 15
[job(127): 2016-09-09 20:07:32] segments explored during Cauchy searches 11
[job(127): 2016-09-09 20:07:32] BFGS updates skipped 0
[job(127): 2016-09-09 20:07:32] active bounds at final generalized Cauchy point 0
[job(127): 2016-09-09 20:07:32] norm of the final projected gradient 2.42449e-07
[job(127): 2016-09-09 20:07:32] final function value -57.8303
[job(127): 2016-09-09 20:07:32] 
[job(127): 2016-09-09 20:07:32] F = -57.8303
[job(127): 2016-09-09 20:07:32] final  value -57.830276 
[job(127): 2016-09-09 20:07:32] converged
[job(127): 2016-09-09 20:07:32] [Tune-x] 27: C=4.09e+03; sigma=0.0118
[job(127): 2016-09-09 20:07:32] [Tune-y] 27: acc.test.mean=0.976; time: 0.0 min; memory: 118Mb use, 194Mb max
[job(127): 2016-09-09 20:07:32] 
[job(127): 2016-09-09 20:07:32] optimisation start
[job(127): 2016-09-09 20:07:32] ------------------
[job(127): 2016-09-09 20:07:32] * estimation method   : MLE 
[job(127): 2016-09-09 20:07:32] * optimisation method : BFGS 
[job(127): 2016-09-09 20:07:32] * analytical gradient : used
[job(127): 2016-09-09 20:07:32] * trend model : ~1
[job(127): 2016-09-09 20:07:32] * covariance model : 
[job(127): 2016-09-09 20:07:32]   - type :  matern5_2 
[job(127): 2016-09-09 20:07:32]   - nugget : NO
[job(127): 2016-09-09 20:07:32]   - parameters lower bounds :  1e-10 1e-10 
[job(127): 2016-09-09 20:07:32]   - parameters upper bounds :  46.88589 47.99884 
[job(127): 2016-09-09 20:07:32]   - best initial criterion value(s) :  34.47051 
[job(127): 2016-09-09 20:07:32] 
[job(127): 2016-09-09 20:07:32] N = 2, M = 5 machine precision = 2.22045e-16
[job(127): 2016-09-09 20:07:32] At X0, 0 variables are exactly at the bounds
[job(127): 2016-09-09 20:07:32] At iterate     0  f=      -34.471  |proj g|=       3.5976
[job(127): 2016-09-09 20:07:32] At iterate     1  f =      -35.029  |proj g|=        3.4324
[job(127): 2016-09-09 20:07:32] At iterate     2  f =      -36.344  |proj g|=       0.23633
[job(127): 2016-09-09 20:07:32] At iterate     3  f =      -36.359  |proj g|=       0.24916
[job(127): 2016-09-09 20:07:32] At iterate     4  f =      -36.439  |proj g|=       0.77868
[job(127): 2016-09-09 20:07:32] At iterate     5  f =      -36.665  |proj g|=         1.515
[job(127): 2016-09-09 20:07:32] At iterate     6  f =      -37.418  |proj g|=        3.9856
[job(127): 2016-09-09 20:07:32] At iterate     7  f =       -38.19  |proj g|=        3.4338
[job(127): 2016-09-09 20:07:32] At iterate     8  f =      -38.777  |proj g|=        0.8453
[job(127): 2016-09-09 20:07:32] At iterate     9  f =      -38.816  |proj g|=      0.056655
[job(127): 2016-09-09 20:07:32] At iterate    10  f =      -38.816  |proj g|=      0.018362
[job(127): 2016-09-09 20:07:32] At iterate    11  f =      -38.816  |proj g|=    9.4232e-05
[job(127): 2016-09-09 20:07:32] At iterate    12  f =      -38.816  |proj g|=     1.362e-06
[job(127): 2016-09-09 20:07:32] 
[job(127): 2016-09-09 20:07:32] iterations 12
[job(127): 2016-09-09 20:07:32] function evaluations 16
[job(127): 2016-09-09 20:07:32] segments explored during Cauchy searches 13
[job(127): 2016-09-09 20:07:32] BFGS updates skipped 0
[job(127): 2016-09-09 20:07:32] active bounds at final generalized Cauchy point 0
[job(127): 2016-09-09 20:07:32] norm of the final projected gradient 1.36204e-06
[job(127): 2016-09-09 20:07:32] final function value -38.8163
[job(127): 2016-09-09 20:07:32] 
[job(127): 2016-09-09 20:07:32] F = -38.8163
[job(127): 2016-09-09 20:07:32] final  value -38.816328 
[job(127): 2016-09-09 20:07:32] converged
[job(127): 2016-09-09 20:07:32] [Tune-x] 28: C=4.09e+03; sigma=0.00945
[job(127): 2016-09-09 20:07:32] [Tune-y] 28: acc.test.mean=0.977; time: 0.0 min; memory: 118Mb use, 194Mb max
[job(127): 2016-09-09 20:07:32] 
[job(127): 2016-09-09 20:07:32] optimisation start
[job(127): 2016-09-09 20:07:32] ------------------
[job(127): 2016-09-09 20:07:32] * estimation method   : MLE 
[job(127): 2016-09-09 20:07:32] * optimisation method : BFGS 
[job(127): 2016-09-09 20:07:32] * analytical gradient : used
[job(127): 2016-09-09 20:07:32] * trend model : ~1
[job(127): 2016-09-09 20:07:32] * covariance model : 
[job(127): 2016-09-09 20:07:32]   - type :  matern5_2 
[job(127): 2016-09-09 20:07:32]   - nugget : NO
[job(127): 2016-09-09 20:07:32]   - parameters lower bounds :  1e-10 1e-10 
[job(127): 2016-09-09 20:07:32]   - parameters upper bounds :  46.88589 47.99884 
[job(127): 2016-09-09 20:07:32]   - best initial criterion value(s) :  27.26329 
[job(127): 2016-09-09 20:07:32] 
[job(127): 2016-09-09 20:07:32] N = 2, M = 5 machine precision = 2.22045e-16
[job(127): 2016-09-09 20:07:32] At X0, 0 variables are exactly at the bounds
[job(127): 2016-09-09 20:07:32] At iterate     0  f=      -27.263  |proj g|=       4.5166
[job(127): 2016-09-09 20:07:32] At iterate     1  f =       -33.44  |proj g|=        3.0027
[job(127): 2016-09-09 20:07:32] At iterate     2  f =      -34.313  |proj g|=       0.25958
[job(127): 2016-09-09 20:07:32] At iterate     3  f =      -34.331  |proj g|=       0.27125
[job(127): 2016-09-09 20:07:32] At iterate     4  f =      -34.358  |proj g|=       0.33436
[job(127): 2016-09-09 20:07:32] At iterate     5  f =       -34.56  |proj g|=        1.4163
[job(127): 2016-09-09 20:07:32] At iterate     6  f =      -34.911  |proj g|=        2.7013
[job(127): 2016-09-09 20:07:32] At iterate     7  f =      -35.804  |proj g|=        5.4671
[job(127): 2016-09-09 20:07:32] At iterate     8  f =      -37.274  |proj g|=        6.6619
[job(127): 2016-09-09 20:07:32] At iterate     9  f =       -38.42  |proj g|=       0.46124
[job(127): 2016-09-09 20:07:32] At iterate    10  f =      -38.724  |proj g|=       0.42859
[job(127): 2016-09-09 20:07:32] At iterate    11  f =      -38.744  |proj g|=        0.8536
[job(127): 2016-09-09 20:07:32] At iterate    12  f =      -38.764  |proj g|=     0.0031448
[job(127): 2016-09-09 20:07:32] At iterate    13  f =      -38.765  |proj g|=    0.00020843
[job(127): 2016-09-09 20:07:32] At iterate    14  f =      -38.765  |proj g|=    2.9822e-05
[job(127): 2016-09-09 20:07:32] At iterate    15  f =      -38.765  |proj g|=    3.1248e-06
[job(127): 2016-09-09 20:07:32] 
[job(127): 2016-09-09 20:07:32] iterations 15
[job(127): 2016-09-09 20:07:32] function evaluations 20
[job(127): 2016-09-09 20:07:32] segments explored during Cauchy searches 16
[job(127): 2016-09-09 20:07:32] BFGS updates skipped 0
[job(127): 2016-09-09 20:07:32] active bounds at final generalized Cauchy point 0
[job(127): 2016-09-09 20:07:32] norm of the final projected gradient 3.12484e-06
[job(127): 2016-09-09 20:07:32] final function value -38.7645
[job(127): 2016-09-09 20:07:32] 
[job(127): 2016-09-09 20:07:32] F = -38.7645
[job(127): 2016-09-09 20:07:32] final  value -38.764511 
[job(127): 2016-09-09 20:07:32] converged
[job(127): 2016-09-09 20:07:32] [Tune] Result: C=4.09e+03; sigma=0.0114 : acc.test.mean=-0.978
[job(127): 2016-09-09 20:07:32] Job terminated successfully
[job(chunk): 2016-09-09 20:07:32] Calculation finished!
