[job(chunk): 2016-09-09 20:16:23] Starting calculation of 1 jobs
[job(chunk): 2016-09-09 20:16:23] Setting working directory to '/naslx/projects/pr74ze/ri89coc2/svm_comparison'
[job(chunk): 2016-09-09 20:16:23] Memory measurement disabled
[job(790): 2016-09-09 20:16:25] Starting job with job.id=790
[job(790): 2016-09-09 20:17:12] Generating problem instance for problem '475' ...
[job(790): 2016-09-09 20:17:12] Downloading from 'http://www.openml.org/api/v1/data/475' to '/tmp/ri89coc2/Rtmp2xEJNT/cache/datasets/475/description.xml'.
[job(790): 2016-09-09 20:17:12] Downloading from 'http://www.openml.org/data/download/52587/analcatdata_germangss.arff' to '/tmp/ri89coc2/Rtmp2xEJNT/cache/datasets/475/dataset.arff'
[job(790): 2016-09-09 20:17:12] Loading required package: readr
[job(790): 2016-09-09 20:17:12] Applying algorithm 'C-svc.tuned' on problem '475' ...
[job(790): 2016-09-09 20:17:12] Data '475' file 'description.xml' found in cache.
[job(790): 2016-09-09 20:17:12] Data '475' file 'dataset.arff' found in cache.
[job(790): 2016-09-09 20:17:12] [Tune] Started tuning learner C-svc for parameter set:
[job(790): 2016-09-09 20:17:12]          Type len Def    Constr Req Tunable Trafo
[job(790): 2016-09-09 20:17:12] C     numeric   -   - -12 to 12   -    TRUE     Y
[job(790): 2016-09-09 20:17:12] sigma numeric   -   - -12 to 12   -    TRUE     Y
[job(790): 2016-09-09 20:17:12] With control class: TuneControlMBO
[job(790): 2016-09-09 20:17:12] Imputation value: -0
[job(790): 2016-09-09 20:17:12] [Tune-x] 1: C=14.4; sigma=35.1
[job(790): 2016-09-09 20:17:12] [Tune-y] 1: acc.test.mean=0.0611; time: 0.0 min; memory: 113Mb use, 148Mb max
[job(790): 2016-09-09 20:17:12] [Tune-x] 2: C=0.0281; sigma=0.206
[job(790): 2016-09-09 20:17:12] [Tune-y] 2: acc.test.mean=0.231; time: 0.0 min; memory: 113Mb use, 148Mb max
[job(790): 2016-09-09 20:17:12] [Tune-x] 3: C=0.247; sigma=1.55
[job(790): 2016-09-09 20:17:12] [Tune-y] 3: acc.test.mean=0.217; time: 0.0 min; memory: 113Mb use, 148Mb max
[job(790): 2016-09-09 20:17:12] [Tune-x] 4: C=1.68e+03; sigma=0.0134
[job(790): 2016-09-09 20:17:12] [Tune-y] 4: acc.test.mean=0.269; time: 0.0 min; memory: 113Mb use, 152Mb max
[job(790): 2016-09-09 20:17:12] [Tune-x] 5: C=3.03; sigma=0.0338
[job(790): 2016-09-09 20:17:12] [Tune-y] 5: acc.test.mean=0.308; time: 0.0 min; memory: 113Mb use, 152Mb max
[job(790): 2016-09-09 20:17:12] [Tune-x] 6: C=0.00143; sigma=420
[job(790): 2016-09-09 20:17:12] [Tune-y] 6: acc.test.mean=0.178; time: 0.0 min; memory: 113Mb use, 152Mb max
[job(790): 2016-09-09 20:17:12] [Tune-x] 7: C=128; sigma=3.56e+03
[job(790): 2016-09-09 20:17:12] [Tune-y] 7: acc.test.mean=0.156; time: 0.0 min; memory: 113Mb use, 152Mb max
[job(790): 2016-09-09 20:17:12] [Tune-x] 8: C=0.00433; sigma=0.000649
[job(790): 2016-09-09 20:17:12] [Tune-y] 8: acc.test.mean=0.183; time: 0.0 min; memory: 113Mb use, 152Mb max
[job(790): 2016-09-09 20:17:12] 
[job(790): 2016-09-09 20:17:12] optimisation start
[job(790): 2016-09-09 20:17:12] ------------------
[job(790): 2016-09-09 20:17:12] * estimation method   : MLE 
[job(790): 2016-09-09 20:17:12] * optimisation method : BFGS 
[job(790): 2016-09-09 20:17:12] * analytical gradient : used
[job(790): 2016-09-09 20:17:12] * trend model : ~1
[job(790): 2016-09-09 20:17:12] * covariance model : 
[job(790): 2016-09-09 20:17:12]   - type :  matern5_2 
[job(790): 2016-09-09 20:17:12]   - nugget : NO
[job(790): 2016-09-09 20:17:12]   - parameters lower bounds :  1e-10 1e-10 
[job(790): 2016-09-09 20:17:12]   - parameters upper bounds :  40.32405 44.7746 
[job(790): 2016-09-09 20:17:12]   - best initial criterion value(s) :  10.13538 
[job(790): 2016-09-09 20:17:12] 
[job(790): 2016-09-09 20:17:12] N = 2, M = 5 machine precision = 2.22045e-16
[job(790): 2016-09-09 20:17:12] At X0, 0 variables are exactly at the bounds
[job(790): 2016-09-09 20:17:12] At iterate     0  f=      -10.135  |proj g|=      0.68739
[job(790): 2016-09-09 20:17:12] At iterate     1  f =      -10.573  |proj g|=       0.52972
[job(790): 2016-09-09 20:17:12] At iterate     2  f =      -10.795  |proj g|=       0.23028
[job(790): 2016-09-09 20:17:12] At iterate     3  f =      -10.917  |proj g|=      0.085941
[job(790): 2016-09-09 20:17:12] At iterate     4  f =      -10.931  |proj g|=      0.030667
[job(790): 2016-09-09 20:17:12] At iterate     5  f =      -10.934  |proj g|=      0.025082
[job(790): 2016-09-09 20:17:12] At iterate     6  f =      -10.939  |proj g|=      0.021605
[job(790): 2016-09-09 20:17:12] At iterate     7  f =      -10.958  |proj g|=      0.066789
[job(790): 2016-09-09 20:17:12] At iterate     8  f =      -11.001  |proj g|=      0.084613
[job(790): 2016-09-09 20:17:12] At iterate     9  f =      -11.042  |proj g|=      0.019998
[job(790): 2016-09-09 20:17:12] At iterate    10  f =      -11.051  |proj g|=        0.1653
[job(790): 2016-09-09 20:17:12] At iterate    11  f =      -11.064  |proj g|=      0.080882
[job(790): 2016-09-09 20:17:12] At iterate    12  f =       -11.08  |proj g|=     0.0093328
[job(790): 2016-09-09 20:17:12] At iterate    13  f =      -11.093  |proj g|=      0.022679
[job(790): 2016-09-09 20:17:12] At iterate    14  f =      -11.105  |proj g|=      0.058393
[job(790): 2016-09-09 20:17:12] At iterate    15  f =      -11.108  |proj g|=      0.017218
[job(790): 2016-09-09 20:17:12] At iterate    16  f =      -11.108  |proj g|=    0.00051289
[job(790): 2016-09-09 20:17:12] At iterate    17  f =      -11.108  |proj g|=    6.4479e-07
[job(790): 2016-09-09 20:17:12] At iterate    18  f =      -11.108  |proj g|=    2.5148e-11
[job(790): 2016-09-09 20:17:12] 
[job(790): 2016-09-09 20:17:12] iterations 18
[job(790): 2016-09-09 20:17:12] function evaluations 20
[job(790): 2016-09-09 20:17:12] segments explored during Cauchy searches 18
[job(790): 2016-09-09 20:17:12] BFGS updates skipped 0
[job(790): 2016-09-09 20:17:12] active bounds at final generalized Cauchy point 1
[job(790): 2016-09-09 20:17:12] norm of the final projected gradient 2.51484e-11
[job(790): 2016-09-09 20:17:12] final function value -11.108
[job(790): 2016-09-09 20:17:12] 
[job(790): 2016-09-09 20:17:12] F = -11.108
[job(790): 2016-09-09 20:17:12] final  value -11.107982 
[job(790): 2016-09-09 20:17:12] converged
[job(790): 2016-09-09 20:17:12] [Tune-x] 9: C=2.4; sigma=0.0342
[job(790): 2016-09-09 20:17:12] [Tune-y] 9: acc.test.mean=0.311; time: 0.0 min; memory: 117Mb use, 165Mb max
[job(790): 2016-09-09 20:17:12] 
[job(790): 2016-09-09 20:17:12] optimisation start
[job(790): 2016-09-09 20:17:12] ------------------
[job(790): 2016-09-09 20:17:12] * estimation method   : MLE 
[job(790): 2016-09-09 20:17:12] * optimisation method : BFGS 
[job(790): 2016-09-09 20:17:12] * analytical gradient : used
[job(790): 2016-09-09 20:17:12] * trend model : ~1
[job(790): 2016-09-09 20:17:12] * covariance model : 
[job(790): 2016-09-09 20:17:12]   - type :  matern5_2 
[job(790): 2016-09-09 20:17:12]   - nugget : NO
[job(790): 2016-09-09 20:17:12]   - parameters lower bounds :  1e-10 1e-10 
[job(790): 2016-09-09 20:17:12]   - parameters upper bounds :  40.32405 44.7746 
[job(790): 2016-09-09 20:17:12]   - best initial criterion value(s) :  14.30285 
[job(790): 2016-09-09 20:17:12] 
[job(790): 2016-09-09 20:17:12] N = 2, M = 5 machine precision = 2.22045e-16
[job(790): 2016-09-09 20:17:12] At X0, 0 variables are exactly at the bounds
[job(790): 2016-09-09 20:17:12] At iterate     0  f=      -14.303  |proj g|=      0.50704
[job(790): 2016-09-09 20:17:12] At iterate     1  f =      -14.507  |proj g|=       0.25248
[job(790): 2016-09-09 20:17:12] At iterate     2  f =      -14.578  |proj g|=      0.060383
[job(790): 2016-09-09 20:17:12] At iterate     3  f =      -14.587  |proj g|=       0.06284
[job(790): 2016-09-09 20:17:12] At iterate     4  f =      -14.674  |proj g|=       0.18911
[job(790): 2016-09-09 20:17:12] At iterate     5  f =      -14.757  |proj g|=       0.24961
[job(790): 2016-09-09 20:17:12] At iterate     6  f =      -14.853  |proj g|=         0.024
[job(790): 2016-09-09 20:17:12] At iterate     7  f =      -14.866  |proj g|=        0.1029
[job(790): 2016-09-09 20:17:12] At iterate     8  f =      -14.873  |proj g|=      0.066881
[job(790): 2016-09-09 20:17:12] At iterate     9  f =      -14.879  |proj g|=     0.0010579
[job(790): 2016-09-09 20:17:12] At iterate    10  f =      -14.879  |proj g|=    2.4771e-05
[job(790): 2016-09-09 20:17:12] At iterate    11  f =      -14.879  |proj g|=    7.7069e-06
[job(790): 2016-09-09 20:17:12] 
[job(790): 2016-09-09 20:17:12] iterations 11
[job(790): 2016-09-09 20:17:12] function evaluations 12
[job(790): 2016-09-09 20:17:12] segments explored during Cauchy searches 11
[job(790): 2016-09-09 20:17:12] BFGS updates skipped 0
[job(790): 2016-09-09 20:17:12] active bounds at final generalized Cauchy point 0
[job(790): 2016-09-09 20:17:12] norm of the final projected gradient 7.70686e-06
[job(790): 2016-09-09 20:17:12] final function value -14.8788
[job(790): 2016-09-09 20:17:12] 
[job(790): 2016-09-09 20:17:12] F = -14.8788
[job(790): 2016-09-09 20:17:12] final  value -14.878832 
[job(790): 2016-09-09 20:17:12] converged
[job(790): 2016-09-09 20:17:12] [Tune-x] 10: C=0.282; sigma=0.0324
[job(790): 2016-09-09 20:17:12] [Tune-y] 10: acc.test.mean=0.236; time: 0.0 min; memory: 117Mb use, 165Mb max
[job(790): 2016-09-09 20:17:12] 
[job(790): 2016-09-09 20:17:12] optimisation start
[job(790): 2016-09-09 20:17:12] ------------------
[job(790): 2016-09-09 20:17:12] * estimation method   : MLE 
[job(790): 2016-09-09 20:17:12] * optimisation method : BFGS 
[job(790): 2016-09-09 20:17:12] * analytical gradient : used
[job(790): 2016-09-09 20:17:12] * trend model : ~1
[job(790): 2016-09-09 20:17:12] * covariance model : 
[job(790): 2016-09-09 20:17:12]   - type :  matern5_2 
[job(790): 2016-09-09 20:17:12]   - nugget : NO
[job(790): 2016-09-09 20:17:12]   - parameters lower bounds :  1e-10 1e-10 
[job(790): 2016-09-09 20:17:12]   - parameters upper bounds :  40.32405 44.7746 
[job(790): 2016-09-09 20:17:12]   - best initial criterion value(s) :  14.68733 
[job(790): 2016-09-09 20:17:12] 
[job(790): 2016-09-09 20:17:12] N = 2, M = 5 machine precision = 2.22045e-16
[job(790): 2016-09-09 20:17:12] At X0, 0 variables are exactly at the bounds
[job(790): 2016-09-09 20:17:12] At iterate     0  f=      -14.687  |proj g|=      0.91392
[job(790): 2016-09-09 20:17:12] At iterate     1  f =      -15.374  |proj g|=       0.54748
[job(790): 2016-09-09 20:17:12] At iterate     2  f =      -15.647  |proj g|=       0.23366
[job(790): 2016-09-09 20:17:12] At iterate     3  f =      -15.697  |proj g|=      0.068766
[job(790): 2016-09-09 20:17:12] At iterate     4  f =      -15.706  |proj g|=      0.055887
[job(790): 2016-09-09 20:17:12] At iterate     5  f =      -15.722  |proj g|=       0.01748
[job(790): 2016-09-09 20:17:12] At iterate     6  f =      -15.722  |proj g|=    0.00033292
[job(790): 2016-09-09 20:17:12] At iterate     7  f =      -15.722  |proj g|=    2.3819e-06
[job(790): 2016-09-09 20:17:12] At iterate     8  f =      -15.722  |proj g|=    1.1716e-08
[job(790): 2016-09-09 20:17:12] 
[job(790): 2016-09-09 20:17:12] iterations 8
[job(790): 2016-09-09 20:17:12] function evaluations 9
[job(790): 2016-09-09 20:17:12] segments explored during Cauchy searches 8
[job(790): 2016-09-09 20:17:12] BFGS updates skipped 0
[job(790): 2016-09-09 20:17:12] active bounds at final generalized Cauchy point 0
[job(790): 2016-09-09 20:17:12] norm of the final projected gradient 1.17162e-08
[job(790): 2016-09-09 20:17:12] final function value -15.7224
[job(790): 2016-09-09 20:17:12] 
[job(790): 2016-09-09 20:17:12] F = -15.7224
[job(790): 2016-09-09 20:17:12] final  value -15.722358 
[job(790): 2016-09-09 20:17:12] converged
[job(790): 2016-09-09 20:17:12] [Tune-x] 11: C=2.14; sigma=0.0363
[job(790): 2016-09-09 20:17:12] [Tune-y] 11: acc.test.mean=0.311; time: 0.0 min; memory: 117Mb use, 165Mb max
[job(790): 2016-09-09 20:17:12] 
[job(790): 2016-09-09 20:17:12] optimisation start
[job(790): 2016-09-09 20:17:12] ------------------
[job(790): 2016-09-09 20:17:12] * estimation method   : MLE 
[job(790): 2016-09-09 20:17:12] * optimisation method : BFGS 
[job(790): 2016-09-09 20:17:12] * analytical gradient : used
[job(790): 2016-09-09 20:17:12] * trend model : ~1
[job(790): 2016-09-09 20:17:12] * covariance model : 
[job(790): 2016-09-09 20:17:12]   - type :  matern5_2 
[job(790): 2016-09-09 20:17:12]   - nugget : NO
[job(790): 2016-09-09 20:17:12]   - parameters lower bounds :  1e-10 1e-10 
[job(790): 2016-09-09 20:17:12]   - parameters upper bounds :  40.32405 44.7746 
[job(790): 2016-09-09 20:17:12]   - best initial criterion value(s) :  19.14551 
[job(790): 2016-09-09 20:17:12] 
[job(790): 2016-09-09 20:17:12] N = 2, M = 5 machine precision = 2.22045e-16
[job(790): 2016-09-09 20:17:12] At X0, 0 variables are exactly at the bounds
[job(790): 2016-09-09 20:17:12] At iterate     0  f=      -19.146  |proj g|=       0.9384
[job(790): 2016-09-09 20:17:12] At iterate     1  f =      -19.922  |proj g|=       0.61308
[job(790): 2016-09-09 20:17:12] At iterate     2  f =      -20.433  |proj g|=        0.5666
[job(790): 2016-09-09 20:17:12] At iterate     3  f =      -20.692  |proj g|=       0.24779
[job(790): 2016-09-09 20:17:12] At iterate     4  f =      -20.863  |proj g|=       0.22383
[job(790): 2016-09-09 20:17:12] At iterate     5  f =      -21.162  |proj g|=       0.26224
[job(790): 2016-09-09 20:17:12] At iterate     6  f =       -21.24  |proj g|=       0.11909
[job(790): 2016-09-09 20:17:12] At iterate     7  f =      -21.252  |proj g|=      0.013995
[job(790): 2016-09-09 20:17:12] At iterate     8  f =      -21.253  |proj g|=    7.6646e-05
[job(790): 2016-09-09 20:17:12] At iterate     9  f =      -21.253  |proj g|=     8.408e-06
[job(790): 2016-09-09 20:17:12] 
[job(790): 2016-09-09 20:17:12] iterations 9
[job(790): 2016-09-09 20:17:12] function evaluations 11
[job(790): 2016-09-09 20:17:12] segments explored during Cauchy searches 9
[job(790): 2016-09-09 20:17:12] BFGS updates skipped 0
[job(790): 2016-09-09 20:17:12] active bounds at final generalized Cauchy point 0
[job(790): 2016-09-09 20:17:12] norm of the final projected gradient 8.40803e-06
[job(790): 2016-09-09 20:17:12] final function value -21.2525
[job(790): 2016-09-09 20:17:12] 
[job(790): 2016-09-09 20:17:12] F = -21.2525
[job(790): 2016-09-09 20:17:12] final  value -21.252531 
[job(790): 2016-09-09 20:17:12] converged
[job(790): 2016-09-09 20:17:12] [Tune-x] 12: C=2.21; sigma=0.0253
[job(790): 2016-09-09 20:17:12] [Tune-y] 12: acc.test.mean=0.286; time: 0.0 min; memory: 117Mb use, 165Mb max
[job(790): 2016-09-09 20:17:12] 
[job(790): 2016-09-09 20:17:12] optimisation start
[job(790): 2016-09-09 20:17:12] ------------------
[job(790): 2016-09-09 20:17:12] * estimation method   : MLE 
[job(790): 2016-09-09 20:17:12] * optimisation method : BFGS 
[job(790): 2016-09-09 20:17:12] * analytical gradient : used
[job(790): 2016-09-09 20:17:12] * trend model : ~1
[job(790): 2016-09-09 20:17:12] * covariance model : 
[job(790): 2016-09-09 20:17:12]   - type :  matern5_2 
[job(790): 2016-09-09 20:17:12]   - nugget : NO
[job(790): 2016-09-09 20:17:12]   - parameters lower bounds :  1e-10 1e-10 
[job(790): 2016-09-09 20:17:12]   - parameters upper bounds :  40.32405 44.7746 
[job(790): 2016-09-09 20:17:12]   - best initial criterion value(s) :  10.34951 
[job(790): 2016-09-09 20:17:12] 
[job(790): 2016-09-09 20:17:12] N = 2, M = 5 machine precision = 2.22045e-16
[job(790): 2016-09-09 20:17:12] At X0, 0 variables are exactly at the bounds
[job(790): 2016-09-09 20:17:12] At iterate     0  f=       -10.35  |proj g|=       3.0838
[job(790): 2016-09-09 20:17:12] At iterate     1  f =      -15.431  |proj g|=        1.2995
[job(790): 2016-09-09 20:17:12] At iterate     2  f =      -19.095  |proj g|=       0.26173
[job(790): 2016-09-09 20:17:12] At iterate     3  f =      -19.122  |proj g|=       0.25335
[job(790): 2016-09-09 20:17:12] At iterate     4  f =      -19.161  |proj g|=       0.35111
[job(790): 2016-09-09 20:17:12] At iterate     5  f =      -19.184  |proj g|=       0.98512
[job(790): 2016-09-09 20:17:12] At iterate     6  f =      -19.342  |proj g|=        4.1681
[job(790): 2016-09-09 20:17:12] At iterate     7  f =      -19.454  |proj g|=        7.1237
[job(790): 2016-09-09 20:17:12] At iterate     8  f =      -19.506  |proj g|=        7.7847
[job(790): 2016-09-09 20:17:12] At iterate     9  f =      -19.729  |proj g|=        7.3298
[job(790): 2016-09-09 20:17:12] At iterate    10  f =      -20.704  |proj g|=         5.105
[job(790): 2016-09-09 20:17:12] At iterate    11  f =      -22.351  |proj g|=        2.0737
[job(790): 2016-09-09 20:17:12] At iterate    12  f =      -22.693  |proj g|=       0.10966
[job(790): 2016-09-09 20:17:12] At iterate    13  f =      -22.698  |proj g|=        0.0389
[job(790): 2016-09-09 20:17:12] At iterate    14  f =      -22.699  |proj g|=      0.017855
[job(790): 2016-09-09 20:17:12] At iterate    15  f =      -22.699  |proj g|=     3.477e-05
[job(790): 2016-09-09 20:17:12] At iterate    16  f =      -22.699  |proj g|=    1.0889e-07
[job(790): 2016-09-09 20:17:12] 
[job(790): 2016-09-09 20:17:12] iterations 16
[job(790): 2016-09-09 20:17:12] function evaluations 25
[job(790): 2016-09-09 20:17:12] segments explored during Cauchy searches 18
[job(790): 2016-09-09 20:17:12] BFGS updates skipped 0
[job(790): 2016-09-09 20:17:12] active bounds at final generalized Cauchy point 0
[job(790): 2016-09-09 20:17:12] norm of the final projected gradient 1.08886e-07
[job(790): 2016-09-09 20:17:12] final function value -22.6986
[job(790): 2016-09-09 20:17:12] 
[job(790): 2016-09-09 20:17:12] F = -22.6986
[job(790): 2016-09-09 20:17:12] final  value -22.698570 
[job(790): 2016-09-09 20:17:12] converged
[job(790): 2016-09-09 20:17:12] [Tune-x] 13: C=2.25; sigma=0.0351
[job(790): 2016-09-09 20:17:12] [Tune-y] 13: acc.test.mean=0.283; time: 0.0 min; memory: 117Mb use, 165Mb max
[job(790): 2016-09-09 20:17:12] 
[job(790): 2016-09-09 20:17:12] optimisation start
[job(790): 2016-09-09 20:17:12] ------------------
[job(790): 2016-09-09 20:17:12] * estimation method   : MLE 
[job(790): 2016-09-09 20:17:12] * optimisation method : BFGS 
[job(790): 2016-09-09 20:17:12] * analytical gradient : used
[job(790): 2016-09-09 20:17:12] * trend model : ~1
[job(790): 2016-09-09 20:17:12] * covariance model : 
[job(790): 2016-09-09 20:17:12]   - type :  matern5_2 
[job(790): 2016-09-09 20:17:12]   - nugget : NO
[job(790): 2016-09-09 20:17:12]   - parameters lower bounds :  1e-10 1e-10 
[job(790): 2016-09-09 20:17:12]   - parameters upper bounds :  40.32405 44.7746 
[job(790): 2016-09-09 20:17:12]   - best initial criterion value(s) :  -16.34931 
[job(790): 2016-09-09 20:17:12] 
[job(790): 2016-09-09 20:17:12] N = 2, M = 5 machine precision = 2.22045e-16
[job(790): 2016-09-09 20:17:12] At X0, 0 variables are exactly at the bounds
[job(790): 2016-09-09 20:17:12] At iterate     0  f=       16.349  |proj g|=       1.8612
[job(790): 2016-09-09 20:17:12] At iterate     1  f =      -15.903  |proj g|=             0
[job(790): 2016-09-09 20:17:12] 
[job(790): 2016-09-09 20:17:12] iterations 1
[job(790): 2016-09-09 20:17:12] function evaluations 2
[job(790): 2016-09-09 20:17:12] segments explored during Cauchy searches 2
[job(790): 2016-09-09 20:17:12] BFGS updates skipped 0
[job(790): 2016-09-09 20:17:12] active bounds at final generalized Cauchy point 1
[job(790): 2016-09-09 20:17:12] norm of the final projected gradient 0
[job(790): 2016-09-09 20:17:12] final function value -15.9033
[job(790): 2016-09-09 20:17:12] 
[job(790): 2016-09-09 20:17:12] F = -15.9033
[job(790): 2016-09-09 20:17:12] final  value -15.903264 
[job(790): 2016-09-09 20:17:12] converged
[job(790): 2016-09-09 20:17:12] [Tune-x] 14: C=227; sigma=112
[job(790): 2016-09-09 20:17:12] [Tune-y] 14: acc.test.mean=0.0972; time: 0.0 min; memory: 117Mb use, 165Mb max
[job(790): 2016-09-09 20:17:12] 
[job(790): 2016-09-09 20:17:12] optimisation start
[job(790): 2016-09-09 20:17:12] ------------------
[job(790): 2016-09-09 20:17:12] * estimation method   : MLE 
[job(790): 2016-09-09 20:17:12] * optimisation method : BFGS 
[job(790): 2016-09-09 20:17:12] * analytical gradient : used
[job(790): 2016-09-09 20:17:12] * trend model : ~1
[job(790): 2016-09-09 20:17:12] * covariance model : 
[job(790): 2016-09-09 20:17:12]   - type :  matern5_2 
[job(790): 2016-09-09 20:17:12]   - nugget : NO
[job(790): 2016-09-09 20:17:12]   - parameters lower bounds :  1e-10 1e-10 
[job(790): 2016-09-09 20:17:12]   - parameters upper bounds :  40.32405 44.7746 
[job(790): 2016-09-09 20:17:12]   - best initial criterion value(s) :  7.100804 
[job(790): 2016-09-09 20:17:12] 
[job(790): 2016-09-09 20:17:12] N = 2, M = 5 machine precision = 2.22045e-16
[job(790): 2016-09-09 20:17:12] At X0, 0 variables are exactly at the bounds
[job(790): 2016-09-09 20:17:12] At iterate     0  f=      -7.1008  |proj g|=      0.68558
[job(790): 2016-09-09 20:17:12] At iterate     1  f =      -16.026  |proj g|=             0
[job(790): 2016-09-09 20:17:12] 
[job(790): 2016-09-09 20:17:12] iterations 1
[job(790): 2016-09-09 20:17:12] function evaluations 2
[job(790): 2016-09-09 20:17:12] segments explored during Cauchy searches 2
[job(790): 2016-09-09 20:17:12] BFGS updates skipped 0
[job(790): 2016-09-09 20:17:12] active bounds at final generalized Cauchy point 1
[job(790): 2016-09-09 20:17:12] norm of the final projected gradient 0
[job(790): 2016-09-09 20:17:12] final function value -16.0264
[job(790): 2016-09-09 20:17:12] 
[job(790): 2016-09-09 20:17:12] F = -16.0264
[job(790): 2016-09-09 20:17:12] final  value -16.026352 
[job(790): 2016-09-09 20:17:12] converged
[job(790): 2016-09-09 20:17:12] [Tune-x] 15: C=1.73; sigma=0.000277
[job(790): 2016-09-09 20:17:12] [Tune-y] 15: acc.test.mean= 0.2; time: 0.0 min; memory: 117Mb use, 165Mb max
[job(790): 2016-09-09 20:17:12] 
[job(790): 2016-09-09 20:17:12] optimisation start
[job(790): 2016-09-09 20:17:12] ------------------
[job(790): 2016-09-09 20:17:12] * estimation method   : MLE 
[job(790): 2016-09-09 20:17:12] * optimisation method : BFGS 
[job(790): 2016-09-09 20:17:12] * analytical gradient : used
[job(790): 2016-09-09 20:17:12] * trend model : ~1
[job(790): 2016-09-09 20:17:12] * covariance model : 
[job(790): 2016-09-09 20:17:12]   - type :  matern5_2 
[job(790): 2016-09-09 20:17:12]   - nugget : NO
[job(790): 2016-09-09 20:17:12]   - parameters lower bounds :  1e-10 1e-10 
[job(790): 2016-09-09 20:17:12]   - parameters upper bounds :  40.32405 47.22808 
[job(790): 2016-09-09 20:17:12]   - best initial criterion value(s) :  -23.22693 
[job(790): 2016-09-09 20:17:12] 
[job(790): 2016-09-09 20:17:12] N = 2, M = 5 machine precision = 2.22045e-16
[job(790): 2016-09-09 20:17:12] At X0, 0 variables are exactly at the bounds
[job(790): 2016-09-09 20:17:12] At iterate     0  f=       23.227  |proj g|=      0.81954
[job(790): 2016-09-09 20:17:12] At iterate     1  f =      -17.642  |proj g|=             0
[job(790): 2016-09-09 20:17:12] 
[job(790): 2016-09-09 20:17:12] iterations 1
[job(790): 2016-09-09 20:17:12] function evaluations 2
[job(790): 2016-09-09 20:17:12] segments explored during Cauchy searches 2
[job(790): 2016-09-09 20:17:12] BFGS updates skipped 0
[job(790): 2016-09-09 20:17:12] active bounds at final generalized Cauchy point 1
[job(790): 2016-09-09 20:17:12] norm of the final projected gradient 0
[job(790): 2016-09-09 20:17:12] final function value -17.6425
[job(790): 2016-09-09 20:17:12] 
[job(790): 2016-09-09 20:17:12] F = -17.6425
[job(790): 2016-09-09 20:17:12] final  value -17.642479 
[job(790): 2016-09-09 20:17:12] converged
[job(790): 2016-09-09 20:17:12] [Tune-x] 16: C=54.8; sigma=988
[job(790): 2016-09-09 20:17:12] [Tune-y] 16: acc.test.mean=0.128; time: 0.0 min; memory: 117Mb use, 165Mb max
[job(790): 2016-09-09 20:17:12] 
[job(790): 2016-09-09 20:17:12] optimisation start
[job(790): 2016-09-09 20:17:12] ------------------
[job(790): 2016-09-09 20:17:12] * estimation method   : MLE 
[job(790): 2016-09-09 20:17:12] * optimisation method : BFGS 
[job(790): 2016-09-09 20:17:12] * analytical gradient : used
[job(790): 2016-09-09 20:17:12] * trend model : ~1
[job(790): 2016-09-09 20:17:12] * covariance model : 
[job(790): 2016-09-09 20:17:12]   - type :  matern5_2 
[job(790): 2016-09-09 20:17:12]   - nugget : NO
[job(790): 2016-09-09 20:17:12]   - parameters lower bounds :  1e-10 1e-10 
[job(790): 2016-09-09 20:17:12]   - parameters upper bounds :  40.32405 47.22808 
[job(790): 2016-09-09 20:17:12]   - best initial criterion value(s) :  12.23561 
[job(790): 2016-09-09 20:17:12] 
[job(790): 2016-09-09 20:17:12] N = 2, M = 5 machine precision = 2.22045e-16
[job(790): 2016-09-09 20:17:12] At X0, 0 variables are exactly at the bounds
[job(790): 2016-09-09 20:17:12] At iterate     0  f=      -12.236  |proj g|=      0.51407
[job(790): 2016-09-09 20:17:12] At iterate     1  f =      -18.578  |proj g|=             0
[job(790): 2016-09-09 20:17:12] 
[job(790): 2016-09-09 20:17:12] iterations 1
[job(790): 2016-09-09 20:17:12] function evaluations 2
[job(790): 2016-09-09 20:17:12] segments explored during Cauchy searches 2
[job(790): 2016-09-09 20:17:12] BFGS updates skipped 0
[job(790): 2016-09-09 20:17:12] active bounds at final generalized Cauchy point 1
[job(790): 2016-09-09 20:17:12] norm of the final projected gradient 0
[job(790): 2016-09-09 20:17:12] final function value -18.5776
[job(790): 2016-09-09 20:17:12] 
[job(790): 2016-09-09 20:17:12] F = -18.5776
[job(790): 2016-09-09 20:17:12] final  value -18.577648 
[job(790): 2016-09-09 20:17:12] converged
[job(790): 2016-09-09 20:17:12] [Tune-x] 17: C=910; sigma=1.75e+03
[job(790): 2016-09-09 20:17:12] [Tune-y] 17: acc.test.mean=0.153; time: 0.0 min; memory: 117Mb use, 165Mb max
[job(790): 2016-09-09 20:17:12] 
[job(790): 2016-09-09 20:17:12] optimisation start
[job(790): 2016-09-09 20:17:12] ------------------
[job(790): 2016-09-09 20:17:12] * estimation method   : MLE 
[job(790): 2016-09-09 20:17:12] * optimisation method : BFGS 
[job(790): 2016-09-09 20:17:12] * analytical gradient : used
[job(790): 2016-09-09 20:17:12] * trend model : ~1
[job(790): 2016-09-09 20:17:12] * covariance model : 
[job(790): 2016-09-09 20:17:12]   - type :  matern5_2 
[job(790): 2016-09-09 20:17:12]   - nugget : NO
[job(790): 2016-09-09 20:17:12]   - parameters lower bounds :  1e-10 1e-10 
[job(790): 2016-09-09 20:17:12]   - parameters upper bounds :  40.32405 47.22808 
[job(790): 2016-09-09 20:17:12]   - best initial criterion value(s) :  -47.9972 
[job(790): 2016-09-09 20:17:12] 
[job(790): 2016-09-09 20:17:12] N = 2, M = 5 machine precision = 2.22045e-16
[job(790): 2016-09-09 20:17:12] At X0, 0 variables are exactly at the bounds
[job(790): 2016-09-09 20:17:12] At iterate     0  f=       47.997  |proj g|=       4.1958
[job(790): 2016-09-09 20:17:12] At iterate     1  f =      -19.913  |proj g|=             0
[job(790): 2016-09-09 20:17:12] 
[job(790): 2016-09-09 20:17:12] iterations 1
[job(790): 2016-09-09 20:17:12] function evaluations 2
[job(790): 2016-09-09 20:17:12] segments explored during Cauchy searches 2
[job(790): 2016-09-09 20:17:12] BFGS updates skipped 0
[job(790): 2016-09-09 20:17:12] active bounds at final generalized Cauchy point 1
[job(790): 2016-09-09 20:17:12] norm of the final projected gradient 0
[job(790): 2016-09-09 20:17:12] final function value -19.9132
[job(790): 2016-09-09 20:17:12] 
[job(790): 2016-09-09 20:17:12] F = -19.9132
[job(790): 2016-09-09 20:17:12] final  value -19.913192 
[job(790): 2016-09-09 20:17:12] converged
[job(790): 2016-09-09 20:17:12] [Tune-x] 18: C=3.78e+03; sigma=0.000816
[job(790): 2016-09-09 20:17:12] [Tune-y] 18: acc.test.mean=0.339; time: 0.0 min; memory: 117Mb use, 165Mb max
[job(790): 2016-09-09 20:17:12] 
[job(790): 2016-09-09 20:17:12] optimisation start
[job(790): 2016-09-09 20:17:12] ------------------
[job(790): 2016-09-09 20:17:12] * estimation method   : MLE 
[job(790): 2016-09-09 20:17:12] * optimisation method : BFGS 
[job(790): 2016-09-09 20:17:12] * analytical gradient : used
[job(790): 2016-09-09 20:17:12] * trend model : ~1
[job(790): 2016-09-09 20:17:12] * covariance model : 
[job(790): 2016-09-09 20:17:12]   - type :  matern5_2 
[job(790): 2016-09-09 20:17:12]   - nugget : NO
[job(790): 2016-09-09 20:17:12]   - parameters lower bounds :  1e-10 1e-10 
[job(790): 2016-09-09 20:17:12]   - parameters upper bounds :  42.66085 47.22808 
[job(790): 2016-09-09 20:17:12]   - best initial criterion value(s) :  -9.20891 
[job(790): 2016-09-09 20:17:12] 
[job(790): 2016-09-09 20:17:12] N = 2, M = 5 machine precision = 2.22045e-16
[job(790): 2016-09-09 20:17:12] At X0, 0 variables are exactly at the bounds
[job(790): 2016-09-09 20:17:12] At iterate     0  f=       9.2089  |proj g|=       1.2631
[job(790): 2016-09-09 20:17:12] At iterate     1  f =      -20.276  |proj g|=             0
[job(790): 2016-09-09 20:17:12] 
[job(790): 2016-09-09 20:17:12] iterations 1
[job(790): 2016-09-09 20:17:12] function evaluations 2
[job(790): 2016-09-09 20:17:12] segments explored during Cauchy searches 2
[job(790): 2016-09-09 20:17:12] BFGS updates skipped 0
[job(790): 2016-09-09 20:17:12] active bounds at final generalized Cauchy point 1
[job(790): 2016-09-09 20:17:12] norm of the final projected gradient 0
[job(790): 2016-09-09 20:17:12] final function value -20.2757
[job(790): 2016-09-09 20:17:12] 
[job(790): 2016-09-09 20:17:12] F = -20.2757
[job(790): 2016-09-09 20:17:12] final  value -20.275677 
[job(790): 2016-09-09 20:17:12] converged
[job(790): 2016-09-09 20:17:12] [Tune-x] 19: C=0.233; sigma=0.00335
[job(790): 2016-09-09 20:17:12] [Tune-y] 19: acc.test.mean=0.203; time: 0.0 min; memory: 117Mb use, 165Mb max
[job(790): 2016-09-09 20:17:12] 
[job(790): 2016-09-09 20:17:12] optimisation start
[job(790): 2016-09-09 20:17:12] ------------------
[job(790): 2016-09-09 20:17:12] * estimation method   : MLE 
[job(790): 2016-09-09 20:17:12] * optimisation method : BFGS 
[job(790): 2016-09-09 20:17:12] * analytical gradient : used
[job(790): 2016-09-09 20:17:12] * trend model : ~1
[job(790): 2016-09-09 20:17:12] * covariance model : 
[job(790): 2016-09-09 20:17:12]   - type :  matern5_2 
[job(790): 2016-09-09 20:17:12]   - nugget : NO
[job(790): 2016-09-09 20:17:12]   - parameters lower bounds :  1e-10 1e-10 
[job(790): 2016-09-09 20:17:12]   - parameters upper bounds :  42.66085 47.22808 
[job(790): 2016-09-09 20:17:12]   - best initial criterion value(s) :  -37.61567 
[job(790): 2016-09-09 20:17:12] 
[job(790): 2016-09-09 20:17:12] N = 2, M = 5 machine precision = 2.22045e-16
[job(790): 2016-09-09 20:17:12] At X0, 0 variables are exactly at the bounds
[job(790): 2016-09-09 20:17:12] At iterate     0  f=       37.616  |proj g|=       3.0466
[job(790): 2016-09-09 20:17:12] At iterate     1  f =      -21.894  |proj g|=             0
[job(790): 2016-09-09 20:17:12] 
[job(790): 2016-09-09 20:17:12] iterations 1
[job(790): 2016-09-09 20:17:12] function evaluations 2
[job(790): 2016-09-09 20:17:12] segments explored during Cauchy searches 2
[job(790): 2016-09-09 20:17:12] BFGS updates skipped 0
[job(790): 2016-09-09 20:17:12] active bounds at final generalized Cauchy point 1
[job(790): 2016-09-09 20:17:12] norm of the final projected gradient 0
[job(790): 2016-09-09 20:17:12] final function value -21.8936
[job(790): 2016-09-09 20:17:12] 
[job(790): 2016-09-09 20:17:12] F = -21.8936
[job(790): 2016-09-09 20:17:12] final  value -21.893614 
[job(790): 2016-09-09 20:17:12] converged
[job(790): 2016-09-09 20:17:12] [Tune-x] 20: C=9.13; sigma=0.0248
[job(790): 2016-09-09 20:17:12] [Tune-y] 20: acc.test.mean=0.344; time: 0.0 min; memory: 117Mb use, 165Mb max
[job(790): 2016-09-09 20:17:12] 
[job(790): 2016-09-09 20:17:12] optimisation start
[job(790): 2016-09-09 20:17:12] ------------------
[job(790): 2016-09-09 20:17:12] * estimation method   : MLE 
[job(790): 2016-09-09 20:17:12] * optimisation method : BFGS 
[job(790): 2016-09-09 20:17:12] * analytical gradient : used
[job(790): 2016-09-09 20:17:12] * trend model : ~1
[job(790): 2016-09-09 20:17:12] * covariance model : 
[job(790): 2016-09-09 20:17:12]   - type :  matern5_2 
[job(790): 2016-09-09 20:17:12]   - nugget : NO
[job(790): 2016-09-09 20:17:12]   - parameters lower bounds :  1e-10 1e-10 
[job(790): 2016-09-09 20:17:12]   - parameters upper bounds :  42.66085 47.22808 
[job(790): 2016-09-09 20:17:12]   - best initial criterion value(s) :  -24.58467 
[job(790): 2016-09-09 20:17:12] 
[job(790): 2016-09-09 20:17:12] N = 2, M = 5 machine precision = 2.22045e-16
[job(790): 2016-09-09 20:17:12] At X0, 0 variables are exactly at the bounds
[job(790): 2016-09-09 20:17:12] At iterate     0  f=       24.585  |proj g|=      0.65623
[job(790): 2016-09-09 20:17:12] At iterate     1  f =      -22.285  |proj g|=             0
[job(790): 2016-09-09 20:17:12] 
[job(790): 2016-09-09 20:17:12] iterations 1
[job(790): 2016-09-09 20:17:12] function evaluations 2
[job(790): 2016-09-09 20:17:12] segments explored during Cauchy searches 2
[job(790): 2016-09-09 20:17:12] BFGS updates skipped 0
[job(790): 2016-09-09 20:17:12] active bounds at final generalized Cauchy point 1
[job(790): 2016-09-09 20:17:12] norm of the final projected gradient 0
[job(790): 2016-09-09 20:17:12] final function value -22.2846
[job(790): 2016-09-09 20:17:12] 
[job(790): 2016-09-09 20:17:12] F = -22.2846
[job(790): 2016-09-09 20:17:12] final  value -22.284594 
[job(790): 2016-09-09 20:17:12] converged
[job(790): 2016-09-09 20:17:12] [Tune-x] 21: C=18.8; sigma=313
[job(790): 2016-09-09 20:17:12] [Tune-y] 21: acc.test.mean=0.0944; time: 0.0 min; memory: 117Mb use, 165Mb max
[job(790): 2016-09-09 20:17:12] 
[job(790): 2016-09-09 20:17:12] optimisation start
[job(790): 2016-09-09 20:17:12] ------------------
[job(790): 2016-09-09 20:17:12] * estimation method   : MLE 
[job(790): 2016-09-09 20:17:12] * optimisation method : BFGS 
[job(790): 2016-09-09 20:17:12] * analytical gradient : used
[job(790): 2016-09-09 20:17:12] * trend model : ~1
[job(790): 2016-09-09 20:17:12] * covariance model : 
[job(790): 2016-09-09 20:17:12]   - type :  matern5_2 
[job(790): 2016-09-09 20:17:12]   - nugget : NO
[job(790): 2016-09-09 20:17:12]   - parameters lower bounds :  1e-10 1e-10 
[job(790): 2016-09-09 20:17:12]   - parameters upper bounds :  42.66085 47.22808 
[job(790): 2016-09-09 20:17:12]   - best initial criterion value(s) :  -23.21105 
[job(790): 2016-09-09 20:17:12] 
[job(790): 2016-09-09 20:17:12] N = 2, M = 5 machine precision = 2.22045e-16
[job(790): 2016-09-09 20:17:12] At X0, 0 variables are exactly at the bounds
[job(790): 2016-09-09 20:17:12] At iterate     0  f=       23.211  |proj g|=       1.5687
[job(790): 2016-09-09 20:17:12] At iterate     1  f =      -22.645  |proj g|=             0
[job(790): 2016-09-09 20:17:12] 
[job(790): 2016-09-09 20:17:12] iterations 1
[job(790): 2016-09-09 20:17:12] function evaluations 2
[job(790): 2016-09-09 20:17:12] segments explored during Cauchy searches 2
[job(790): 2016-09-09 20:17:12] BFGS updates skipped 0
[job(790): 2016-09-09 20:17:12] active bounds at final generalized Cauchy point 1
[job(790): 2016-09-09 20:17:12] norm of the final projected gradient 0
[job(790): 2016-09-09 20:17:12] final function value -22.6448
[job(790): 2016-09-09 20:17:12] 
[job(790): 2016-09-09 20:17:12] F = -22.6448
[job(790): 2016-09-09 20:17:12] final  value -22.644807 
[job(790): 2016-09-09 20:17:12] converged
[job(790): 2016-09-09 20:17:12] [Tune-x] 22: C=0.00287; sigma=0.563
[job(790): 2016-09-09 20:17:12] [Tune-y] 22: acc.test.mean=0.236; time: 0.0 min; memory: 117Mb use, 165Mb max
[job(790): 2016-09-09 20:17:12] 
[job(790): 2016-09-09 20:17:12] optimisation start
[job(790): 2016-09-09 20:17:12] ------------------
[job(790): 2016-09-09 20:17:12] * estimation method   : MLE 
[job(790): 2016-09-09 20:17:12] * optimisation method : BFGS 
[job(790): 2016-09-09 20:17:12] * analytical gradient : used
[job(790): 2016-09-09 20:17:12] * trend model : ~1
[job(790): 2016-09-09 20:17:12] * covariance model : 
[job(790): 2016-09-09 20:17:12]   - type :  matern5_2 
[job(790): 2016-09-09 20:17:12]   - nugget : NO
[job(790): 2016-09-09 20:17:12]   - parameters lower bounds :  1e-10 1e-10 
[job(790): 2016-09-09 20:17:12]   - parameters upper bounds :  42.66085 47.22808 
[job(790): 2016-09-09 20:17:12]   - best initial criterion value(s) :  26.94373 
[job(790): 2016-09-09 20:17:12] 
[job(790): 2016-09-09 20:17:12] N = 2, M = 5 machine precision = 2.22045e-16
[job(790): 2016-09-09 20:17:12] At X0, 0 variables are exactly at the bounds
[job(790): 2016-09-09 20:17:12] At iterate     0  f=      -26.944  |proj g|=       47.191
[job(790): 2016-09-09 20:17:12] At iterate     1  f =      -28.353  |proj g|=        4.0848
[job(790): 2016-09-09 20:17:12] At iterate     2  f =      -28.358  |proj g|=       0.16141
[job(790): 2016-09-09 20:17:12] At iterate     3  f =      -28.358  |proj g|=       0.16134
[job(790): 2016-09-09 20:17:12] At iterate     4  f =      -28.358  |proj g|=       0.16072
[job(790): 2016-09-09 20:17:12] At iterate     5  f =      -28.359  |proj g|=       0.15979
[job(790): 2016-09-09 20:17:12] At iterate     6  f =       -28.36  |proj g|=       0.15741
[job(790): 2016-09-09 20:17:12] At iterate     7  f =      -28.362  |proj g|=       0.15232
[job(790): 2016-09-09 20:17:12] At iterate     8  f =      -28.368  |proj g|=       0.14096
[job(790): 2016-09-09 20:17:12] At iterate     9  f =      -28.382  |proj g|=       0.11893
[job(790): 2016-09-09 20:17:12] At iterate    10  f =      -28.415  |proj g|=      0.084112
[job(790): 2016-09-09 20:17:12] At iterate    11  f =      -28.484  |proj g|=      0.079987
[job(790): 2016-09-09 20:17:12] At iterate    12  f =      -28.538  |proj g|=        1.7221
[job(790): 2016-09-09 20:17:12] At iterate    13  f =      -28.548  |proj g|=        2.3262
[job(790): 2016-09-09 20:17:12] At iterate    14  f =       -28.56  |proj g|=      0.076512
[job(790): 2016-09-09 20:17:12] At iterate    15  f =      -28.566  |proj g|=      0.075098
[job(790): 2016-09-09 20:17:12] At iterate    16  f =      -28.569  |proj g|=       0.52247
[job(790): 2016-09-09 20:17:12] At iterate    17  f =       -28.57  |proj g|=       0.55411
[job(790): 2016-09-09 20:17:12] At iterate    18  f =      -28.571  |proj g|=      0.074427
[job(790): 2016-09-09 20:17:12] At iterate    19  f =      -28.571  |proj g|=      0.074239
[job(790): 2016-09-09 20:17:12] At iterate    20  f =      -28.571  |proj g|=      0.020686
[job(790): 2016-09-09 20:17:12] At iterate    21  f =      -28.571  |proj g|=     0.0032024
[job(790): 2016-09-09 20:17:12] At iterate    22  f =      -28.571  |proj g|=     0.0032463
[job(790): 2016-09-09 20:17:12] At iterate    23  f =      -28.571  |proj g|=    0.00013461
[job(790): 2016-09-09 20:17:12] 
[job(790): 2016-09-09 20:17:12] iterations 23
[job(790): 2016-09-09 20:17:12] function evaluations 30
[job(790): 2016-09-09 20:17:12] segments explored during Cauchy searches 24
[job(790): 2016-09-09 20:17:12] BFGS updates skipped 0
[job(790): 2016-09-09 20:17:12] active bounds at final generalized Cauchy point 0
[job(790): 2016-09-09 20:17:12] norm of the final projected gradient 0.000134612
[job(790): 2016-09-09 20:17:12] final function value -28.5711
[job(790): 2016-09-09 20:17:12] 
[job(790): 2016-09-09 20:17:12] F = -28.5711
[job(790): 2016-09-09 20:17:12] final  value -28.571078 
[job(790): 2016-09-09 20:17:12] converged
[job(790): 2016-09-09 20:17:12] [Tune-x] 23: C=22.5; sigma=0.0246
[job(790): 2016-09-09 20:17:12] [Tune-y] 23: acc.test.mean=0.339; time: 0.0 min; memory: 117Mb use, 172Mb max
[job(790): 2016-09-09 20:17:12] 
[job(790): 2016-09-09 20:17:12] optimisation start
[job(790): 2016-09-09 20:17:12] ------------------
[job(790): 2016-09-09 20:17:12] * estimation method   : MLE 
[job(790): 2016-09-09 20:17:12] * optimisation method : BFGS 
[job(790): 2016-09-09 20:17:12] * analytical gradient : used
[job(790): 2016-09-09 20:17:12] * trend model : ~1
[job(790): 2016-09-09 20:17:12] * covariance model : 
[job(790): 2016-09-09 20:17:12]   - type :  matern5_2 
[job(790): 2016-09-09 20:17:12]   - nugget : NO
[job(790): 2016-09-09 20:17:12]   - parameters lower bounds :  1e-10 1e-10 
[job(790): 2016-09-09 20:17:12]   - parameters upper bounds :  42.66085 47.22808 
[job(790): 2016-09-09 20:17:12]   - best initial criterion value(s) :  -30.20448 
[job(790): 2016-09-09 20:17:12] 
[job(790): 2016-09-09 20:17:12] N = 2, M = 5 machine precision = 2.22045e-16
[job(790): 2016-09-09 20:17:12] At X0, 0 variables are exactly at the bounds
[job(790): 2016-09-09 20:17:12] At iterate     0  f=       30.204  |proj g|=      0.74305
[job(790): 2016-09-09 20:17:12] At iterate     1  f =       -24.77  |proj g|=             0
[job(790): 2016-09-09 20:17:12] 
[job(790): 2016-09-09 20:17:12] iterations 1
[job(790): 2016-09-09 20:17:12] function evaluations 2
[job(790): 2016-09-09 20:17:12] segments explored during Cauchy searches 2
[job(790): 2016-09-09 20:17:12] BFGS updates skipped 0
[job(790): 2016-09-09 20:17:12] active bounds at final generalized Cauchy point 1
[job(790): 2016-09-09 20:17:12] norm of the final projected gradient 0
[job(790): 2016-09-09 20:17:12] final function value -24.7704
[job(790): 2016-09-09 20:17:12] 
[job(790): 2016-09-09 20:17:12] F = -24.7704
[job(790): 2016-09-09 20:17:12] final  value -24.770419 
[job(790): 2016-09-09 20:17:12] converged
[job(790): 2016-09-09 20:17:12] [Tune-x] 24: C=0.00463; sigma=0.0807
[job(790): 2016-09-09 20:17:12] [Tune-y] 24: acc.test.mean=0.192; time: 0.0 min; memory: 117Mb use, 172Mb max
[job(790): 2016-09-09 20:17:12] 
[job(790): 2016-09-09 20:17:12] optimisation start
[job(790): 2016-09-09 20:17:12] ------------------
[job(790): 2016-09-09 20:17:12] * estimation method   : MLE 
[job(790): 2016-09-09 20:17:12] * optimisation method : BFGS 
[job(790): 2016-09-09 20:17:12] * analytical gradient : used
[job(790): 2016-09-09 20:17:12] * trend model : ~1
[job(790): 2016-09-09 20:17:12] * covariance model : 
[job(790): 2016-09-09 20:17:12]   - type :  matern5_2 
[job(790): 2016-09-09 20:17:12]   - nugget : NO
[job(790): 2016-09-09 20:17:12]   - parameters lower bounds :  1e-10 1e-10 
[job(790): 2016-09-09 20:17:12]   - parameters upper bounds :  42.66085 47.22808 
[job(790): 2016-09-09 20:17:12]   - best initial criterion value(s) :  -44.81671 
[job(790): 2016-09-09 20:17:12] 
[job(790): 2016-09-09 20:17:12] N = 2, M = 5 machine precision = 2.22045e-16
[job(790): 2016-09-09 20:17:12] At X0, 0 variables are exactly at the bounds
[job(790): 2016-09-09 20:17:12] At iterate     0  f=       44.817  |proj g|=       3.3028
[job(790): 2016-09-09 20:17:12] At iterate     1  f =      -26.279  |proj g|=             0
[job(790): 2016-09-09 20:17:12] 
[job(790): 2016-09-09 20:17:12] iterations 1
[job(790): 2016-09-09 20:17:12] function evaluations 2
[job(790): 2016-09-09 20:17:12] segments explored during Cauchy searches 2
[job(790): 2016-09-09 20:17:12] BFGS updates skipped 0
[job(790): 2016-09-09 20:17:12] active bounds at final generalized Cauchy point 1
[job(790): 2016-09-09 20:17:12] norm of the final projected gradient 0
[job(790): 2016-09-09 20:17:12] final function value -26.2789
[job(790): 2016-09-09 20:17:12] 
[job(790): 2016-09-09 20:17:12] F = -26.2789
[job(790): 2016-09-09 20:17:12] final  value -26.278944 
[job(790): 2016-09-09 20:17:12] converged
[job(790): 2016-09-09 20:17:12] [Tune-x] 25: C=14.4; sigma=0.00295
[job(790): 2016-09-09 20:17:12] [Tune-y] 25: acc.test.mean=0.319; time: 0.0 min; memory: 117Mb use, 172Mb max
[job(790): 2016-09-09 20:17:12] 
[job(790): 2016-09-09 20:17:12] optimisation start
[job(790): 2016-09-09 20:17:12] ------------------
[job(790): 2016-09-09 20:17:12] * estimation method   : MLE 
[job(790): 2016-09-09 20:17:12] * optimisation method : BFGS 
[job(790): 2016-09-09 20:17:12] * analytical gradient : used
[job(790): 2016-09-09 20:17:12] * trend model : ~1
[job(790): 2016-09-09 20:17:12] * covariance model : 
[job(790): 2016-09-09 20:17:12]   - type :  matern5_2 
[job(790): 2016-09-09 20:17:12]   - nugget : NO
[job(790): 2016-09-09 20:17:12]   - parameters lower bounds :  1e-10 1e-10 
[job(790): 2016-09-09 20:17:12]   - parameters upper bounds :  42.66085 47.22808 
[job(790): 2016-09-09 20:17:12]   - best initial criterion value(s) :  7.517337 
[job(790): 2016-09-09 20:17:12] 
[job(790): 2016-09-09 20:17:12] N = 2, M = 5 machine precision = 2.22045e-16
[job(790): 2016-09-09 20:17:12] At X0, 0 variables are exactly at the bounds
[job(790): 2016-09-09 20:17:12] At iterate     0  f=      -7.5173  |proj g|=      0.72415
[job(790): 2016-09-09 20:17:12] At iterate     1  f =      -27.196  |proj g|=             0
[job(790): 2016-09-09 20:17:12] 
[job(790): 2016-09-09 20:17:12] iterations 1
[job(790): 2016-09-09 20:17:12] function evaluations 2
[job(790): 2016-09-09 20:17:12] segments explored during Cauchy searches 2
[job(790): 2016-09-09 20:17:12] BFGS updates skipped 0
[job(790): 2016-09-09 20:17:12] active bounds at final generalized Cauchy point 1
[job(790): 2016-09-09 20:17:12] norm of the final projected gradient 0
[job(790): 2016-09-09 20:17:12] final function value -27.196
[job(790): 2016-09-09 20:17:12] 
[job(790): 2016-09-09 20:17:12] F = -27.196
[job(790): 2016-09-09 20:17:12] final  value -27.195966 
[job(790): 2016-09-09 20:17:12] converged
[job(790): 2016-09-09 20:17:12] [Tune-x] 26: C=450; sigma=0.00408
[job(790): 2016-09-09 20:17:12] [Tune-y] 26: acc.test.mean=0.35; time: 0.0 min; memory: 117Mb use, 172Mb max
[job(790): 2016-09-09 20:17:12] 
[job(790): 2016-09-09 20:17:12] optimisation start
[job(790): 2016-09-09 20:17:12] ------------------
[job(790): 2016-09-09 20:17:12] * estimation method   : MLE 
[job(790): 2016-09-09 20:17:12] * optimisation method : BFGS 
[job(790): 2016-09-09 20:17:12] * analytical gradient : used
[job(790): 2016-09-09 20:17:12] * trend model : ~1
[job(790): 2016-09-09 20:17:12] * covariance model : 
[job(790): 2016-09-09 20:17:12]   - type :  matern5_2 
[job(790): 2016-09-09 20:17:12]   - nugget : NO
[job(790): 2016-09-09 20:17:12]   - parameters lower bounds :  1e-10 1e-10 
[job(790): 2016-09-09 20:17:12]   - parameters upper bounds :  42.66085 47.22808 
[job(790): 2016-09-09 20:17:12]   - best initial criterion value(s) :  -37.42951 
[job(790): 2016-09-09 20:17:12] 
[job(790): 2016-09-09 20:17:12] N = 2, M = 5 machine precision = 2.22045e-16
[job(790): 2016-09-09 20:17:12] At X0, 0 variables are exactly at the bounds
[job(790): 2016-09-09 20:17:12] At iterate     0  f=        37.43  |proj g|=       2.1762
[job(790): 2016-09-09 20:17:12] At iterate     1  f =      -27.703  |proj g|=             0
[job(790): 2016-09-09 20:17:12] 
[job(790): 2016-09-09 20:17:12] iterations 1
[job(790): 2016-09-09 20:17:12] function evaluations 2
[job(790): 2016-09-09 20:17:12] segments explored during Cauchy searches 2
[job(790): 2016-09-09 20:17:12] BFGS updates skipped 0
[job(790): 2016-09-09 20:17:12] active bounds at final generalized Cauchy point 1
[job(790): 2016-09-09 20:17:12] norm of the final projected gradient 0
[job(790): 2016-09-09 20:17:12] final function value -27.7028
[job(790): 2016-09-09 20:17:12] 
[job(790): 2016-09-09 20:17:12] F = -27.7028
[job(790): 2016-09-09 20:17:12] final  value -27.702762 
[job(790): 2016-09-09 20:17:12] converged
[job(790): 2016-09-09 20:17:12] [Tune-x] 27: C=0.00033; sigma=0.347
[job(790): 2016-09-09 20:17:12] [Tune-y] 27: acc.test.mean=0.206; time: 0.0 min; memory: 117Mb use, 172Mb max
[job(790): 2016-09-09 20:17:12] 
[job(790): 2016-09-09 20:17:12] optimisation start
[job(790): 2016-09-09 20:17:12] ------------------
[job(790): 2016-09-09 20:17:12] * estimation method   : MLE 
[job(790): 2016-09-09 20:17:12] * optimisation method : BFGS 
[job(790): 2016-09-09 20:17:12] * analytical gradient : used
[job(790): 2016-09-09 20:17:12] * trend model : ~1
[job(790): 2016-09-09 20:17:12] * covariance model : 
[job(790): 2016-09-09 20:17:12]   - type :  matern5_2 
[job(790): 2016-09-09 20:17:12]   - nugget : NO
[job(790): 2016-09-09 20:17:12]   - parameters lower bounds :  1e-10 1e-10 
[job(790): 2016-09-09 20:17:12]   - parameters upper bounds :  46.90159 47.22808 
[job(790): 2016-09-09 20:17:12]   - best initial criterion value(s) :  -34.29031 
[job(790): 2016-09-09 20:17:12] 
[job(790): 2016-09-09 20:17:12] N = 2, M = 5 machine precision = 2.22045e-16
[job(790): 2016-09-09 20:17:12] At X0, 0 variables are exactly at the bounds
[job(790): 2016-09-09 20:17:12] At iterate     0  f=        34.29  |proj g|=       1.6358
[job(790): 2016-09-09 20:17:12] At iterate     1  f =      -29.229  |proj g|=             0
[job(790): 2016-09-09 20:17:12] 
[job(790): 2016-09-09 20:17:12] iterations 1
[job(790): 2016-09-09 20:17:12] function evaluations 2
[job(790): 2016-09-09 20:17:12] segments explored during Cauchy searches 2
[job(790): 2016-09-09 20:17:12] BFGS updates skipped 0
[job(790): 2016-09-09 20:17:12] active bounds at final generalized Cauchy point 1
[job(790): 2016-09-09 20:17:12] norm of the final projected gradient 0
[job(790): 2016-09-09 20:17:12] final function value -29.2286
[job(790): 2016-09-09 20:17:12] 
[job(790): 2016-09-09 20:17:12] F = -29.2286
[job(790): 2016-09-09 20:17:12] final  value -29.228554 
[job(790): 2016-09-09 20:17:12] converged
[job(790): 2016-09-09 20:17:12] [Tune-x] 28: C=0.0325; sigma=149
[job(790): 2016-09-09 20:17:12] [Tune-y] 28: acc.test.mean=0.203; time: 0.0 min; memory: 117Mb use, 172Mb max
[job(790): 2016-09-09 20:17:12] 
[job(790): 2016-09-09 20:17:12] optimisation start
[job(790): 2016-09-09 20:17:12] ------------------
[job(790): 2016-09-09 20:17:12] * estimation method   : MLE 
[job(790): 2016-09-09 20:17:12] * optimisation method : BFGS 
[job(790): 2016-09-09 20:17:12] * analytical gradient : used
[job(790): 2016-09-09 20:17:12] * trend model : ~1
[job(790): 2016-09-09 20:17:12] * covariance model : 
[job(790): 2016-09-09 20:17:12]   - type :  matern5_2 
[job(790): 2016-09-09 20:17:12]   - nugget : NO
[job(790): 2016-09-09 20:17:12]   - parameters lower bounds :  1e-10 1e-10 
[job(790): 2016-09-09 20:17:12]   - parameters upper bounds :  46.90159 47.22808 
[job(790): 2016-09-09 20:17:12]   - best initial criterion value(s) :  -16.20761 
[job(790): 2016-09-09 20:17:12] 
[job(790): 2016-09-09 20:17:12] N = 2, M = 5 machine precision = 2.22045e-16
[job(790): 2016-09-09 20:17:12] At X0, 0 variables are exactly at the bounds
[job(790): 2016-09-09 20:17:12] At iterate     0  f=       16.208  |proj g|=       1.2665
[job(790): 2016-09-09 20:17:12] At iterate     1  f =      -30.762  |proj g|=             0
[job(790): 2016-09-09 20:17:12] 
[job(790): 2016-09-09 20:17:12] iterations 1
[job(790): 2016-09-09 20:17:12] function evaluations 2
[job(790): 2016-09-09 20:17:12] segments explored during Cauchy searches 2
[job(790): 2016-09-09 20:17:12] BFGS updates skipped 0
[job(790): 2016-09-09 20:17:12] active bounds at final generalized Cauchy point 1
[job(790): 2016-09-09 20:17:12] norm of the final projected gradient 0
[job(790): 2016-09-09 20:17:12] final function value -30.7621
[job(790): 2016-09-09 20:17:12] 
[job(790): 2016-09-09 20:17:12] F = -30.7621
[job(790): 2016-09-09 20:17:12] final  value -30.762080 
[job(790): 2016-09-09 20:17:12] converged
[job(790): 2016-09-09 20:17:12] [Tune] Result: C=450; sigma=0.00408 : acc.test.mean=-0.35
[job(790): 2016-09-09 20:17:12] Job terminated successfully
[job(chunk): 2016-09-09 20:17:12] Calculation finished!
