[job(chunk): 2016-09-09 20:10:25] Starting calculation of 1 jobs
[job(chunk): 2016-09-09 20:10:25] Setting working directory to '/naslx/projects/pr74ze/ri89coc2/svm_comparison'
[job(chunk): 2016-09-09 20:10:25] Memory measurement disabled
[job(334): 2016-09-09 20:10:27] Starting job with job.id=334
[job(334): 2016-09-09 20:11:15] Generating problem instance for problem '41' ...
[job(334): 2016-09-09 20:11:15] Downloading from 'http://www.openml.org/api/v1/data/41' to '/tmp/ri89coc2/Rtmp2xEJNT/cache/datasets/41/description.xml'.
[job(334): 2016-09-09 20:11:15] Downloading from 'http://www.openml.org/data/download/41/dataset_41_glass.arff' to '/tmp/ri89coc2/Rtmp2xEJNT/cache/datasets/41/dataset.arff'
[job(334): 2016-09-09 20:11:15] Loading required package: readr
[job(334): 2016-09-09 20:11:15] Applying algorithm 'C-svc.tuned' on problem '41' ...
[job(334): 2016-09-09 20:11:15] Data '41' file 'description.xml' found in cache.
[job(334): 2016-09-09 20:11:15] Data '41' file 'dataset.arff' found in cache.
[job(334): 2016-09-09 20:11:15] [Tune] Started tuning learner C-svc for parameter set:
[job(334): 2016-09-09 20:11:15]          Type len Def    Constr Req Tunable Trafo
[job(334): 2016-09-09 20:11:15] C     numeric   -   - -12 to 12   -    TRUE     Y
[job(334): 2016-09-09 20:11:15] sigma numeric   -   - -12 to 12   -    TRUE     Y
[job(334): 2016-09-09 20:11:15] With control class: TuneControlMBO
[job(334): 2016-09-09 20:11:15] Imputation value: -0
[job(334): 2016-09-09 20:11:15] [Tune-x] 1: C=22.6; sigma=0.0012
[job(334): 2016-09-09 20:11:15] [Tune-y] 1: acc.test.mean=0.529; time: 0.0 min; memory: 113Mb use, 166Mb max
[job(334): 2016-09-09 20:11:15] [Tune-x] 2: C=0.0627; sigma=1.54
[job(334): 2016-09-09 20:11:15] [Tune-y] 2: acc.test.mean=0.327; time: 0.0 min; memory: 113Mb use, 168Mb max
[job(334): 2016-09-09 20:11:15] [Tune-x] 3: C=762; sigma=462
[job(334): 2016-09-09 20:11:15] [Tune-y] 3: acc.test.mean= 0.3; time: 0.0 min; memory: 113Mb use, 168Mb max
[job(334): 2016-09-09 20:11:15] [Tune-x] 4: C=4.4; sigma=0.428
[job(334): 2016-09-09 20:11:15] [Tune-y] 4: acc.test.mean=0.668; time: 0.0 min; memory: 113Mb use, 168Mb max
[job(334): 2016-09-09 20:11:15] [Tune-x] 5: C=0.000924; sigma=725
[job(334): 2016-09-09 20:11:15] [Tune-y] 5: acc.test.mean=0.285; time: 0.0 min; memory: 113Mb use, 168Mb max
[job(334): 2016-09-09 20:11:15] [Tune-x] 6: C=0.129; sigma=0.0107
[job(334): 2016-09-09 20:11:15] [Tune-y] 6: acc.test.mean=0.311; time: 0.0 min; memory: 113Mb use, 168Mb max
[job(334): 2016-09-09 20:11:15] [Tune-x] 7: C=119; sigma=0.12
[job(334): 2016-09-09 20:11:15] [Tune-y] 7: acc.test.mean=0.709; time: 0.0 min; memory: 113Mb use, 168Mb max
[job(334): 2016-09-09 20:11:15] [Tune-x] 8: C=0.00244; sigma=37.6
[job(334): 2016-09-09 20:11:15] [Tune-y] 8: acc.test.mean=0.327; time: 0.0 min; memory: 113Mb use, 168Mb max
[job(334): 2016-09-09 20:11:15] 
[job(334): 2016-09-09 20:11:15] optimisation start
[job(334): 2016-09-09 20:11:15] ------------------
[job(334): 2016-09-09 20:11:15] * estimation method   : MLE 
[job(334): 2016-09-09 20:11:15] * optimisation method : BFGS 
[job(334): 2016-09-09 20:11:15] * analytical gradient : used
[job(334): 2016-09-09 20:11:15] * trend model : ~1
[job(334): 2016-09-09 20:11:15] * covariance model : 
[job(334): 2016-09-09 20:11:15]   - type :  matern5_2 
[job(334): 2016-09-09 20:11:15]   - nugget : NO
[job(334): 2016-09-09 20:11:15]   - parameters lower bounds :  1e-10 1e-10 
[job(334): 2016-09-09 20:11:15]   - parameters upper bounds :  39.30883 38.41662 
[job(334): 2016-09-09 20:11:15]   - best initial criterion value(s) :  4.097637 
[job(334): 2016-09-09 20:11:15] 
[job(334): 2016-09-09 20:11:15] N = 2, M = 5 machine precision = 2.22045e-16
[job(334): 2016-09-09 20:11:15] At X0, 0 variables are exactly at the bounds
[job(334): 2016-09-09 20:11:15] At iterate     0  f=      -4.0976  |proj g|=      0.29784
[job(334): 2016-09-09 20:11:15] At iterate     1  f =      -4.2075  |proj g|=       0.25583
[job(334): 2016-09-09 20:11:15] At iterate     2  f =      -4.6981  |proj g|=      0.023292
[job(334): 2016-09-09 20:11:15] At iterate     3  f =      -4.7034  |proj g|=     0.0038274
[job(334): 2016-09-09 20:11:15] At iterate     4  f =      -4.7035  |proj g|=    0.00072473
[job(334): 2016-09-09 20:11:15] At iterate     5  f =      -4.7035  |proj g|=    2.4095e-05
[job(334): 2016-09-09 20:11:15] At iterate     6  f =      -4.7035  |proj g|=    1.4099e-07
[job(334): 2016-09-09 20:11:15] 
[job(334): 2016-09-09 20:11:15] iterations 6
[job(334): 2016-09-09 20:11:15] function evaluations 7
[job(334): 2016-09-09 20:11:15] segments explored during Cauchy searches 6
[job(334): 2016-09-09 20:11:15] BFGS updates skipped 0
[job(334): 2016-09-09 20:11:15] active bounds at final generalized Cauchy point 0
[job(334): 2016-09-09 20:11:15] norm of the final projected gradient 1.40991e-07
[job(334): 2016-09-09 20:11:15] final function value -4.70354
[job(334): 2016-09-09 20:11:15] 
[job(334): 2016-09-09 20:11:15] F = -4.70354
[job(334): 2016-09-09 20:11:15] final  value -4.703536 
[job(334): 2016-09-09 20:11:15] converged
[job(334): 2016-09-09 20:11:15] [Tune-x] 9: C=33.9; sigma=0.22
[job(334): 2016-09-09 20:11:15] [Tune-y] 9: acc.test.mean=0.663; time: 0.0 min; memory: 117Mb use, 170Mb max
[job(334): 2016-09-09 20:11:15] 
[job(334): 2016-09-09 20:11:15] optimisation start
[job(334): 2016-09-09 20:11:15] ------------------
[job(334): 2016-09-09 20:11:15] * estimation method   : MLE 
[job(334): 2016-09-09 20:11:15] * optimisation method : BFGS 
[job(334): 2016-09-09 20:11:15] * analytical gradient : used
[job(334): 2016-09-09 20:11:15] * trend model : ~1
[job(334): 2016-09-09 20:11:15] * covariance model : 
[job(334): 2016-09-09 20:11:15]   - type :  matern5_2 
[job(334): 2016-09-09 20:11:15]   - nugget : NO
[job(334): 2016-09-09 20:11:15]   - parameters lower bounds :  1e-10 1e-10 
[job(334): 2016-09-09 20:11:15]   - parameters upper bounds :  39.30883 38.41662 
[job(334): 2016-09-09 20:11:15]   - best initial criterion value(s) :  5.706785 
[job(334): 2016-09-09 20:11:15] 
[job(334): 2016-09-09 20:11:15] N = 2, M = 5 machine precision = 2.22045e-16
[job(334): 2016-09-09 20:11:15] At X0, 0 variables are exactly at the bounds
[job(334): 2016-09-09 20:11:15] At iterate     0  f=      -5.7068  |proj g|=      0.37661
[job(334): 2016-09-09 20:11:15] At iterate     1  f =      -5.8208  |proj g|=       0.22415
[job(334): 2016-09-09 20:11:15] At iterate     2  f =      -5.8979  |proj g|=      0.046442
[job(334): 2016-09-09 20:11:15] At iterate     3  f =      -5.9041  |proj g|=      0.019731
[job(334): 2016-09-09 20:11:15] At iterate     4  f =       -5.906  |proj g|=      0.014349
[job(334): 2016-09-09 20:11:15] At iterate     5  f =       -5.908  |proj g|=      0.010989
[job(334): 2016-09-09 20:11:15] At iterate     6  f =      -5.9085  |proj g|=    0.00041899
[job(334): 2016-09-09 20:11:15] At iterate     7  f =      -5.9085  |proj g|=    1.4233e-05
[job(334): 2016-09-09 20:11:15] At iterate     8  f =      -5.9085  |proj g|=    2.3807e-06
[job(334): 2016-09-09 20:11:15] 
[job(334): 2016-09-09 20:11:15] iterations 8
[job(334): 2016-09-09 20:11:15] function evaluations 9
[job(334): 2016-09-09 20:11:15] segments explored during Cauchy searches 8
[job(334): 2016-09-09 20:11:15] BFGS updates skipped 0
[job(334): 2016-09-09 20:11:15] active bounds at final generalized Cauchy point 0
[job(334): 2016-09-09 20:11:15] norm of the final projected gradient 2.38072e-06
[job(334): 2016-09-09 20:11:15] final function value -5.90851
[job(334): 2016-09-09 20:11:15] 
[job(334): 2016-09-09 20:11:15] F = -5.90851
[job(334): 2016-09-09 20:11:15] final  value -5.908515 
[job(334): 2016-09-09 20:11:15] converged
[job(334): 2016-09-09 20:11:15] [Tune-x] 10: C=142; sigma=0.0866
[job(334): 2016-09-09 20:11:15] [Tune-y] 10: acc.test.mean=0.652; time: 0.0 min; memory: 117Mb use, 176Mb max
[job(334): 2016-09-09 20:11:15] 
[job(334): 2016-09-09 20:11:15] optimisation start
[job(334): 2016-09-09 20:11:15] ------------------
[job(334): 2016-09-09 20:11:15] * estimation method   : MLE 
[job(334): 2016-09-09 20:11:15] * optimisation method : BFGS 
[job(334): 2016-09-09 20:11:15] * analytical gradient : used
[job(334): 2016-09-09 20:11:15] * trend model : ~1
[job(334): 2016-09-09 20:11:15] * covariance model : 
[job(334): 2016-09-09 20:11:15]   - type :  matern5_2 
[job(334): 2016-09-09 20:11:15]   - nugget : NO
[job(334): 2016-09-09 20:11:15]   - parameters lower bounds :  1e-10 1e-10 
[job(334): 2016-09-09 20:11:15]   - parameters upper bounds :  39.30883 38.41662 
[job(334): 2016-09-09 20:11:15]   - best initial criterion value(s) :  6.74193 
[job(334): 2016-09-09 20:11:15] 
[job(334): 2016-09-09 20:11:15] N = 2, M = 5 machine precision = 2.22045e-16
[job(334): 2016-09-09 20:11:15] At X0, 0 variables are exactly at the bounds
[job(334): 2016-09-09 20:11:15] At iterate     0  f=      -6.7419  |proj g|=       1.0998
[job(334): 2016-09-09 20:11:15] At iterate     1  f =      -6.9273  |proj g|=      0.079179
[job(334): 2016-09-09 20:11:15] At iterate     2  f =      -6.9282  |proj g|=     0.0067427
[job(334): 2016-09-09 20:11:15] At iterate     3  f =      -6.9282  |proj g|=     0.0067636
[job(334): 2016-09-09 20:11:15] At iterate     4  f =      -6.9282  |proj g|=     0.0078376
[job(334): 2016-09-09 20:11:15] At iterate     5  f =      -6.9283  |proj g|=       0.02161
[job(334): 2016-09-09 20:11:15] At iterate     6  f =      -6.9286  |proj g|=      0.042958
[job(334): 2016-09-09 20:11:15] At iterate     7  f =      -6.9293  |proj g|=      0.074167
[job(334): 2016-09-09 20:11:15] At iterate     8  f =      -6.9309  |proj g|=       0.11198
[job(334): 2016-09-09 20:11:15] At iterate     9  f =      -6.9339  |proj g|=       0.13655
[job(334): 2016-09-09 20:11:15] At iterate    10  f =      -6.9387  |proj g|=      0.088875
[job(334): 2016-09-09 20:11:15] At iterate    11  f =      -6.9405  |proj g|=      0.014974
[job(334): 2016-09-09 20:11:15] At iterate    12  f =      -6.9406  |proj g|=    0.00019056
[job(334): 2016-09-09 20:11:15] At iterate    13  f =      -6.9406  |proj g|=     0.0001647
[job(334): 2016-09-09 20:11:15] At iterate    14  f =      -6.9406  |proj g|=    6.8672e-05
[job(334): 2016-09-09 20:11:15] 
[job(334): 2016-09-09 20:11:15] iterations 14
[job(334): 2016-09-09 20:11:15] function evaluations 17
[job(334): 2016-09-09 20:11:15] segments explored during Cauchy searches 14
[job(334): 2016-09-09 20:11:15] BFGS updates skipped 0
[job(334): 2016-09-09 20:11:15] active bounds at final generalized Cauchy point 0
[job(334): 2016-09-09 20:11:15] norm of the final projected gradient 6.86715e-05
[job(334): 2016-09-09 20:11:15] final function value -6.94057
[job(334): 2016-09-09 20:11:15] 
[job(334): 2016-09-09 20:11:15] F = -6.94057
[job(334): 2016-09-09 20:11:15] final  value -6.940569 
[job(334): 2016-09-09 20:11:15] converged
[job(334): 2016-09-09 20:11:15] [Tune-x] 11: C=74.1; sigma=1.21
[job(334): 2016-09-09 20:11:15] [Tune-y] 11: acc.test.mean=0.565; time: 0.0 min; memory: 117Mb use, 176Mb max
[job(334): 2016-09-09 20:11:15] 
[job(334): 2016-09-09 20:11:15] optimisation start
[job(334): 2016-09-09 20:11:15] ------------------
[job(334): 2016-09-09 20:11:15] * estimation method   : MLE 
[job(334): 2016-09-09 20:11:15] * optimisation method : BFGS 
[job(334): 2016-09-09 20:11:15] * analytical gradient : used
[job(334): 2016-09-09 20:11:15] * trend model : ~1
[job(334): 2016-09-09 20:11:15] * covariance model : 
[job(334): 2016-09-09 20:11:15]   - type :  matern5_2 
[job(334): 2016-09-09 20:11:15]   - nugget : NO
[job(334): 2016-09-09 20:11:15]   - parameters lower bounds :  1e-10 1e-10 
[job(334): 2016-09-09 20:11:15]   - parameters upper bounds :  39.30883 38.41662 
[job(334): 2016-09-09 20:11:15]   - best initial criterion value(s) :  7.149059 
[job(334): 2016-09-09 20:11:15] 
[job(334): 2016-09-09 20:11:15] N = 2, M = 5 machine precision = 2.22045e-16
[job(334): 2016-09-09 20:11:15] At X0, 0 variables are exactly at the bounds
[job(334): 2016-09-09 20:11:15] At iterate     0  f=      -7.1491  |proj g|=      0.93605
[job(334): 2016-09-09 20:11:15] At iterate     1  f =      -7.2279  |proj g|=      0.063035
[job(334): 2016-09-09 20:11:15] At iterate     2  f =      -7.2289  |proj g|=       0.06086
[job(334): 2016-09-09 20:11:15] At iterate     3  f =      -7.2304  |proj g|=      0.061195
[job(334): 2016-09-09 20:11:15] At iterate     4  f =      -7.2357  |proj g|=       0.18208
[job(334): 2016-09-09 20:11:15] At iterate     5  f =      -7.2477  |proj g|=       0.35441
[job(334): 2016-09-09 20:11:15] At iterate     6  f =      -7.2781  |proj g|=       0.62224
[job(334): 2016-09-09 20:11:15] At iterate     7  f =      -7.3414  |proj g|=       0.94199
[job(334): 2016-09-09 20:11:15] At iterate     8  f =      -7.4404  |proj g|=        1.0726
[job(334): 2016-09-09 20:11:15] At iterate     9  f =      -7.5748  |proj g|=       0.29331
[job(334): 2016-09-09 20:11:15] At iterate    10  f =       -7.585  |proj g|=      0.045586
[job(334): 2016-09-09 20:11:15] At iterate    11  f =      -7.5881  |proj g|=        0.0776
[job(334): 2016-09-09 20:11:15] At iterate    12  f =      -7.5888  |proj g|=      0.015544
[job(334): 2016-09-09 20:11:15] At iterate    13  f =      -7.5889  |proj g|=     0.0018741
[job(334): 2016-09-09 20:11:15] At iterate    14  f =      -7.5889  |proj g|=    0.00037152
[job(334): 2016-09-09 20:11:15] At iterate    15  f =      -7.5889  |proj g|=    2.0118e-06
[job(334): 2016-09-09 20:11:15] At iterate    16  f =      -7.5889  |proj g|=    3.7989e-07
[job(334): 2016-09-09 20:11:15] 
[job(334): 2016-09-09 20:11:15] iterations 16
[job(334): 2016-09-09 20:11:15] function evaluations 18
[job(334): 2016-09-09 20:11:15] segments explored during Cauchy searches 16
[job(334): 2016-09-09 20:11:15] BFGS updates skipped 0
[job(334): 2016-09-09 20:11:15] active bounds at final generalized Cauchy point 0
[job(334): 2016-09-09 20:11:15] norm of the final projected gradient 3.79892e-07
[job(334): 2016-09-09 20:11:15] final function value -7.58894
[job(334): 2016-09-09 20:11:15] 
[job(334): 2016-09-09 20:11:15] F = -7.58894
[job(334): 2016-09-09 20:11:15] final  value -7.588936 
[job(334): 2016-09-09 20:11:15] converged
[job(334): 2016-09-09 20:11:15] [Tune-x] 12: C=134; sigma=0.136
[job(334): 2016-09-09 20:11:15] [Tune-y] 12: acc.test.mean=0.679; time: 0.0 min; memory: 117Mb use, 176Mb max
[job(334): 2016-09-09 20:11:15] 
[job(334): 2016-09-09 20:11:15] optimisation start
[job(334): 2016-09-09 20:11:15] ------------------
[job(334): 2016-09-09 20:11:15] * estimation method   : MLE 
[job(334): 2016-09-09 20:11:15] * optimisation method : BFGS 
[job(334): 2016-09-09 20:11:15] * analytical gradient : used
[job(334): 2016-09-09 20:11:15] * trend model : ~1
[job(334): 2016-09-09 20:11:15] * covariance model : 
[job(334): 2016-09-09 20:11:15]   - type :  matern5_2 
[job(334): 2016-09-09 20:11:15]   - nugget : NO
[job(334): 2016-09-09 20:11:15]   - parameters lower bounds :  1e-10 1e-10 
[job(334): 2016-09-09 20:11:15]   - parameters upper bounds :  39.30883 38.41662 
[job(334): 2016-09-09 20:11:15]   - best initial criterion value(s) :  -1.587311 
[job(334): 2016-09-09 20:11:15] 
[job(334): 2016-09-09 20:11:15] N = 2, M = 5 machine precision = 2.22045e-16
[job(334): 2016-09-09 20:11:15] At X0, 0 variables are exactly at the bounds
[job(334): 2016-09-09 20:11:15] At iterate     0  f=       1.5873  |proj g|=        1.358
[job(334): 2016-09-09 20:11:15] At iterate     1  f =      -0.1386  |proj g|=        1.0168
[job(334): 2016-09-09 20:11:15] At iterate     2  f =      -4.3408  |proj g|=             0
[job(334): 2016-09-09 20:11:15] 
[job(334): 2016-09-09 20:11:15] iterations 2
[job(334): 2016-09-09 20:11:15] function evaluations 3
[job(334): 2016-09-09 20:11:15] segments explored during Cauchy searches 3
[job(334): 2016-09-09 20:11:15] BFGS updates skipped 0
[job(334): 2016-09-09 20:11:15] active bounds at final generalized Cauchy point 1
[job(334): 2016-09-09 20:11:15] norm of the final projected gradient 0
[job(334): 2016-09-09 20:11:15] final function value -4.34083
[job(334): 2016-09-09 20:11:15] 
[job(334): 2016-09-09 20:11:15] F = -4.34083
[job(334): 2016-09-09 20:11:15] final  value -4.340832 
[job(334): 2016-09-09 20:11:15] converged
[job(334): 2016-09-09 20:11:15] [Tune-x] 13: C=11.5; sigma=7.26
[job(334): 2016-09-09 20:11:15] [Tune-y] 13: acc.test.mean=0.533; time: 0.0 min; memory: 117Mb use, 176Mb max
[job(334): 2016-09-09 20:11:15] 
[job(334): 2016-09-09 20:11:15] optimisation start
[job(334): 2016-09-09 20:11:15] ------------------
[job(334): 2016-09-09 20:11:15] * estimation method   : MLE 
[job(334): 2016-09-09 20:11:15] * optimisation method : BFGS 
[job(334): 2016-09-09 20:11:15] * analytical gradient : used
[job(334): 2016-09-09 20:11:15] * trend model : ~1
[job(334): 2016-09-09 20:11:15] * covariance model : 
[job(334): 2016-09-09 20:11:15]   - type :  matern5_2 
[job(334): 2016-09-09 20:11:15]   - nugget : NO
[job(334): 2016-09-09 20:11:15]   - parameters lower bounds :  1e-10 1e-10 
[job(334): 2016-09-09 20:11:15]   - parameters upper bounds :  39.30883 38.41662 
[job(334): 2016-09-09 20:11:15]   - best initial criterion value(s) :  10.78114 
[job(334): 2016-09-09 20:11:15] 
[job(334): 2016-09-09 20:11:15] N = 2, M = 5 machine precision = 2.22045e-16
[job(334): 2016-09-09 20:11:15] At X0, 0 variables are exactly at the bounds
[job(334): 2016-09-09 20:11:15] At iterate     0  f=      -10.781  |proj g|=      0.28396
[job(334): 2016-09-09 20:11:15] At iterate     1  f =      -10.784  |proj g|=      0.052572
[job(334): 2016-09-09 20:11:15] At iterate     2  f =      -10.787  |proj g|=       0.15577
[job(334): 2016-09-09 20:11:15] At iterate     3  f =      -10.797  |proj g|=       0.38695
[job(334): 2016-09-09 20:11:15] At iterate     4  f =      -10.837  |proj g|=       0.84112
[job(334): 2016-09-09 20:11:15] At iterate     5  f =      -10.936  |proj g|=       0.83649
[job(334): 2016-09-09 20:11:15] At iterate     6  f =      -11.128  |proj g|=        0.2051
[job(334): 2016-09-09 20:11:15] At iterate     7  f =      -11.162  |proj g|=       0.38541
[job(334): 2016-09-09 20:11:15] At iterate     8  f =      -11.182  |proj g|=       0.51839
[job(334): 2016-09-09 20:11:15] At iterate     9  f =      -11.198  |proj g|=       0.41984
[job(334): 2016-09-09 20:11:15] At iterate    10  f =      -11.201  |proj g|=      0.028848
[job(334): 2016-09-09 20:11:15] At iterate    11  f =      -11.201  |proj g|=    0.00018669
[job(334): 2016-09-09 20:11:15] At iterate    12  f =      -11.201  |proj g|=    7.6474e-08
[job(334): 2016-09-09 20:11:15] 
[job(334): 2016-09-09 20:11:15] iterations 12
[job(334): 2016-09-09 20:11:15] function evaluations 16
[job(334): 2016-09-09 20:11:15] segments explored during Cauchy searches 12
[job(334): 2016-09-09 20:11:15] BFGS updates skipped 0
[job(334): 2016-09-09 20:11:15] active bounds at final generalized Cauchy point 1
[job(334): 2016-09-09 20:11:15] norm of the final projected gradient 7.64745e-08
[job(334): 2016-09-09 20:11:15] final function value -11.2011
[job(334): 2016-09-09 20:11:15] 
[job(334): 2016-09-09 20:11:15] F = -11.2011
[job(334): 2016-09-09 20:11:15] final  value -11.201053 
[job(334): 2016-09-09 20:11:15] converged
[job(334): 2016-09-09 20:11:15] [Tune-x] 14: C=117; sigma=1.25
[job(334): 2016-09-09 20:11:15] [Tune-y] 14: acc.test.mean=0.571; time: 0.0 min; memory: 117Mb use, 176Mb max
[job(334): 2016-09-09 20:11:15] 
[job(334): 2016-09-09 20:11:15] optimisation start
[job(334): 2016-09-09 20:11:15] ------------------
[job(334): 2016-09-09 20:11:15] * estimation method   : MLE 
[job(334): 2016-09-09 20:11:15] * optimisation method : BFGS 
[job(334): 2016-09-09 20:11:15] * analytical gradient : used
[job(334): 2016-09-09 20:11:15] * trend model : ~1
[job(334): 2016-09-09 20:11:15] * covariance model : 
[job(334): 2016-09-09 20:11:15]   - type :  matern5_2 
[job(334): 2016-09-09 20:11:15]   - nugget : NO
[job(334): 2016-09-09 20:11:15]   - parameters lower bounds :  1e-10 1e-10 
[job(334): 2016-09-09 20:11:15]   - parameters upper bounds :  39.30883 38.41662 
[job(334): 2016-09-09 20:11:15]   - best initial criterion value(s) :  12.15535 
[job(334): 2016-09-09 20:11:15] 
[job(334): 2016-09-09 20:11:15] N = 2, M = 5 machine precision = 2.22045e-16
[job(334): 2016-09-09 20:11:15] At X0, 0 variables are exactly at the bounds
[job(334): 2016-09-09 20:11:15] At iterate     0  f=      -12.155  |proj g|=       1.2966
[job(334): 2016-09-09 20:11:15] At iterate     1  f =      -12.496  |proj g|=        1.1818
[job(334): 2016-09-09 20:11:15] At iterate     2  f =      -12.664  |proj g|=        1.6987
[job(334): 2016-09-09 20:11:15] At iterate     3  f =       -12.75  |proj g|=       0.25005
[job(334): 2016-09-09 20:11:15] At iterate     4  f =      -12.752  |proj g|=      0.028415
[job(334): 2016-09-09 20:11:15] At iterate     5  f =      -12.752  |proj g|=      0.028424
[job(334): 2016-09-09 20:11:15] At iterate     6  f =      -12.752  |proj g|=      0.049266
[job(334): 2016-09-09 20:11:15] At iterate     7  f =      -12.753  |proj g|=       0.11137
[job(334): 2016-09-09 20:11:15] At iterate     8  f =      -12.754  |proj g|=       0.20755
[job(334): 2016-09-09 20:11:15] At iterate     9  f =      -12.758  |proj g|=       0.31943
[job(334): 2016-09-09 20:11:15] At iterate    10  f =      -12.763  |proj g|=       0.37995
[job(334): 2016-09-09 20:11:15] At iterate    11  f =      -12.771  |proj g|=       0.18013
[job(334): 2016-09-09 20:11:15] At iterate    12  f =      -12.772  |proj g|=      0.020502
[job(334): 2016-09-09 20:11:15] At iterate    13  f =      -12.772  |proj g|=     0.0017224
[job(334): 2016-09-09 20:11:15] At iterate    14  f =      -12.772  |proj g|=    6.0913e-05
[job(334): 2016-09-09 20:11:15] At iterate    15  f =      -12.772  |proj g|=    3.2154e-05
[job(334): 2016-09-09 20:11:15] 
[job(334): 2016-09-09 20:11:15] iterations 15
[job(334): 2016-09-09 20:11:15] function evaluations 17
[job(334): 2016-09-09 20:11:15] segments explored during Cauchy searches 16
[job(334): 2016-09-09 20:11:15] BFGS updates skipped 0
[job(334): 2016-09-09 20:11:15] active bounds at final generalized Cauchy point 0
[job(334): 2016-09-09 20:11:15] norm of the final projected gradient 3.21545e-05
[job(334): 2016-09-09 20:11:15] final function value -12.7721
[job(334): 2016-09-09 20:11:15] 
[job(334): 2016-09-09 20:11:15] F = -12.7721
[job(334): 2016-09-09 20:11:15] final  value -12.772075 
[job(334): 2016-09-09 20:11:15] converged
[job(334): 2016-09-09 20:11:15] [Tune-x] 15: C=25.9; sigma=0.114
[job(334): 2016-09-09 20:11:15] [Tune-y] 15: acc.test.mean=0.669; time: 0.0 min; memory: 117Mb use, 176Mb max
[job(334): 2016-09-09 20:11:15] 
[job(334): 2016-09-09 20:11:15] optimisation start
[job(334): 2016-09-09 20:11:15] ------------------
[job(334): 2016-09-09 20:11:15] * estimation method   : MLE 
[job(334): 2016-09-09 20:11:15] * optimisation method : BFGS 
[job(334): 2016-09-09 20:11:15] * analytical gradient : used
[job(334): 2016-09-09 20:11:15] * trend model : ~1
[job(334): 2016-09-09 20:11:15] * covariance model : 
[job(334): 2016-09-09 20:11:15]   - type :  matern5_2 
[job(334): 2016-09-09 20:11:15]   - nugget : NO
[job(334): 2016-09-09 20:11:15]   - parameters lower bounds :  1e-10 1e-10 
[job(334): 2016-09-09 20:11:15]   - parameters upper bounds :  39.30883 38.41662 
[job(334): 2016-09-09 20:11:15]   - best initial criterion value(s) :  7.619011 
[job(334): 2016-09-09 20:11:15] 
[job(334): 2016-09-09 20:11:15] N = 2, M = 5 machine precision = 2.22045e-16
[job(334): 2016-09-09 20:11:15] At X0, 0 variables are exactly at the bounds
[job(334): 2016-09-09 20:11:15] At iterate     0  f=       -7.619  |proj g|=       1.9534
[job(334): 2016-09-09 20:11:15] At iterate     1  f =      -13.621  |proj g|=        3.8652
[job(334): 2016-09-09 20:11:15] At iterate     2  f =      -14.014  |proj g|=       0.12773
[job(334): 2016-09-09 20:11:15] At iterate     3  f =      -14.018  |proj g|=       0.17946
[job(334): 2016-09-09 20:11:15] At iterate     4  f =      -14.037  |proj g|=       0.54343
[job(334): 2016-09-09 20:11:15] At iterate     5  f =      -14.083  |proj g|=       0.92768
[job(334): 2016-09-09 20:11:15] At iterate     6  f =      -14.156  |proj g|=       0.92155
[job(334): 2016-09-09 20:11:15] At iterate     7  f =      -14.199  |proj g|=      0.018748
[job(334): 2016-09-09 20:11:15] At iterate     8  f =      -14.199  |proj g|=      0.020888
[job(334): 2016-09-09 20:11:15] At iterate     9  f =      -14.199  |proj g|=    0.00068779
[job(334): 2016-09-09 20:11:15] At iterate    10  f =      -14.199  |proj g|=    2.3657e-06
[job(334): 2016-09-09 20:11:15] 
[job(334): 2016-09-09 20:11:15] iterations 10
[job(334): 2016-09-09 20:11:15] function evaluations 15
[job(334): 2016-09-09 20:11:15] segments explored during Cauchy searches 11
[job(334): 2016-09-09 20:11:15] BFGS updates skipped 0
[job(334): 2016-09-09 20:11:15] active bounds at final generalized Cauchy point 0
[job(334): 2016-09-09 20:11:15] norm of the final projected gradient 2.36567e-06
[job(334): 2016-09-09 20:11:15] final function value -14.1992
[job(334): 2016-09-09 20:11:15] 
[job(334): 2016-09-09 20:11:15] F = -14.1992
[job(334): 2016-09-09 20:11:15] final  value -14.199201 
[job(334): 2016-09-09 20:11:15] converged
[job(334): 2016-09-09 20:11:15] [Tune-x] 16: C=406; sigma=0.112
[job(334): 2016-09-09 20:11:15] [Tune-y] 16: acc.test.mean=0.678; time: 0.0 min; memory: 117Mb use, 176Mb max
[job(334): 2016-09-09 20:11:15] 
[job(334): 2016-09-09 20:11:15] optimisation start
[job(334): 2016-09-09 20:11:15] ------------------
[job(334): 2016-09-09 20:11:15] * estimation method   : MLE 
[job(334): 2016-09-09 20:11:15] * optimisation method : BFGS 
[job(334): 2016-09-09 20:11:15] * analytical gradient : used
[job(334): 2016-09-09 20:11:15] * trend model : ~1
[job(334): 2016-09-09 20:11:15] * covariance model : 
[job(334): 2016-09-09 20:11:15]   - type :  matern5_2 
[job(334): 2016-09-09 20:11:15]   - nugget : NO
[job(334): 2016-09-09 20:11:15]   - parameters lower bounds :  1e-10 1e-10 
[job(334): 2016-09-09 20:11:15]   - parameters upper bounds :  39.30883 38.41662 
[job(334): 2016-09-09 20:11:15]   - best initial criterion value(s) :  14.22115 
[job(334): 2016-09-09 20:11:15] 
[job(334): 2016-09-09 20:11:15] N = 2, M = 5 machine precision = 2.22045e-16
[job(334): 2016-09-09 20:11:15] At X0, 0 variables are exactly at the bounds
[job(334): 2016-09-09 20:11:15] At iterate     0  f=      -14.221  |proj g|=       1.1848
[job(334): 2016-09-09 20:11:15] At iterate     1  f =      -14.519  |proj g|=        1.0915
[job(334): 2016-09-09 20:11:15] At iterate     2  f =      -14.868  |proj g|=       0.79487
[job(334): 2016-09-09 20:11:15] At iterate     3  f =      -14.966  |proj g|=       0.83464
[job(334): 2016-09-09 20:11:15] At iterate     4  f =      -15.281  |proj g|=        2.1957
[job(334): 2016-09-09 20:11:15] At iterate     5  f =      -15.773  |proj g|=        3.0564
[job(334): 2016-09-09 20:11:15] At iterate     6  f =      -16.028  |proj g|=        0.4134
[job(334): 2016-09-09 20:11:15] At iterate     7  f =      -16.267  |proj g|=       0.44937
[job(334): 2016-09-09 20:11:15] At iterate     8  f =      -16.272  |proj g|=       0.10574
[job(334): 2016-09-09 20:11:15] At iterate     9  f =      -16.272  |proj g|=      0.000157
[job(334): 2016-09-09 20:11:15] At iterate    10  f =      -16.272  |proj g|=     5.588e-06
[job(334): 2016-09-09 20:11:15] 
[job(334): 2016-09-09 20:11:15] iterations 10
[job(334): 2016-09-09 20:11:15] function evaluations 12
[job(334): 2016-09-09 20:11:15] segments explored during Cauchy searches 11
[job(334): 2016-09-09 20:11:15] BFGS updates skipped 0
[job(334): 2016-09-09 20:11:15] active bounds at final generalized Cauchy point 0
[job(334): 2016-09-09 20:11:15] norm of the final projected gradient 5.58797e-06
[job(334): 2016-09-09 20:11:15] final function value -16.2723
[job(334): 2016-09-09 20:11:15] 
[job(334): 2016-09-09 20:11:15] F = -16.2723
[job(334): 2016-09-09 20:11:15] final  value -16.272324 
[job(334): 2016-09-09 20:11:15] converged
[job(334): 2016-09-09 20:11:15] [Tune-x] 17: C=111; sigma=0.113
[job(334): 2016-09-09 20:11:15] [Tune-y] 17: acc.test.mean=0.69; time: 0.0 min; memory: 117Mb use, 176Mb max
[job(334): 2016-09-09 20:11:15] 
[job(334): 2016-09-09 20:11:15] optimisation start
[job(334): 2016-09-09 20:11:15] ------------------
[job(334): 2016-09-09 20:11:15] * estimation method   : MLE 
[job(334): 2016-09-09 20:11:15] * optimisation method : BFGS 
[job(334): 2016-09-09 20:11:15] * analytical gradient : used
[job(334): 2016-09-09 20:11:15] * trend model : ~1
[job(334): 2016-09-09 20:11:15] * covariance model : 
[job(334): 2016-09-09 20:11:15]   - type :  matern5_2 
[job(334): 2016-09-09 20:11:15]   - nugget : NO
[job(334): 2016-09-09 20:11:15]   - parameters lower bounds :  1e-10 1e-10 
[job(334): 2016-09-09 20:11:15]   - parameters upper bounds :  39.30883 38.41662 
[job(334): 2016-09-09 20:11:15]   - best initial criterion value(s) :  12.60198 
[job(334): 2016-09-09 20:11:15] 
[job(334): 2016-09-09 20:11:15] N = 2, M = 5 machine precision = 2.22045e-16
[job(334): 2016-09-09 20:11:15] At X0, 0 variables are exactly at the bounds
[job(334): 2016-09-09 20:11:15] At iterate     0  f=      -12.602  |proj g|=       25.336
[job(334): 2016-09-09 20:11:15] At iterate     1  f =      -17.032  |proj g|=       0.49369
[job(334): 2016-09-09 20:11:15] At iterate     2  f =      -17.037  |proj g|=       0.47173
[job(334): 2016-09-09 20:11:15] At iterate     3  f =      -17.042  |proj g|=       0.46988
[job(334): 2016-09-09 20:11:15] At iterate     4  f =      -17.079  |proj g|=         1.636
[job(334): 2016-09-09 20:11:15] At iterate     5  f =      -17.148  |proj g|=        3.0236
[job(334): 2016-09-09 20:11:15] At iterate     6  f =      -17.318  |proj g|=        4.9068
[job(334): 2016-09-09 20:11:15] At iterate     7  f =      -17.609  |proj g|=        6.1434
[job(334): 2016-09-09 20:11:15] At iterate     8  f =      -18.011  |proj g|=        4.5516
[job(334): 2016-09-09 20:11:15] At iterate     9  f =      -18.174  |proj g|=       0.42561
[job(334): 2016-09-09 20:11:15] At iterate    10  f =      -18.175  |proj g|=      0.002027
[job(334): 2016-09-09 20:11:15] At iterate    11  f =      -18.175  |proj g|=     0.0004647
[job(334): 2016-09-09 20:11:15] At iterate    12  f =      -18.175  |proj g|=    0.00070194
[job(334): 2016-09-09 20:11:15] At iterate    13  f =      -18.175  |proj g|=    4.2222e-05
[job(334): 2016-09-09 20:11:15] 
[job(334): 2016-09-09 20:11:15] iterations 13
[job(334): 2016-09-09 20:11:15] function evaluations 17
[job(334): 2016-09-09 20:11:15] segments explored during Cauchy searches 13
[job(334): 2016-09-09 20:11:15] BFGS updates skipped 0
[job(334): 2016-09-09 20:11:15] active bounds at final generalized Cauchy point 0
[job(334): 2016-09-09 20:11:15] norm of the final projected gradient 4.22216e-05
[job(334): 2016-09-09 20:11:15] final function value -18.1751
[job(334): 2016-09-09 20:11:15] 
[job(334): 2016-09-09 20:11:15] F = -18.1751
[job(334): 2016-09-09 20:11:15] final  value -18.175139 
[job(334): 2016-09-09 20:11:15] converged
[job(334): 2016-09-09 20:11:15] [Tune-x] 18: C=145; sigma=0.123
[job(334): 2016-09-09 20:11:15] [Tune-y] 18: acc.test.mean=0.689; time: 0.0 min; memory: 117Mb use, 176Mb max
[job(334): 2016-09-09 20:11:15] 
[job(334): 2016-09-09 20:11:15] optimisation start
[job(334): 2016-09-09 20:11:15] ------------------
[job(334): 2016-09-09 20:11:15] * estimation method   : MLE 
[job(334): 2016-09-09 20:11:15] * optimisation method : BFGS 
[job(334): 2016-09-09 20:11:15] * analytical gradient : used
[job(334): 2016-09-09 20:11:15] * trend model : ~1
[job(334): 2016-09-09 20:11:15] * covariance model : 
[job(334): 2016-09-09 20:11:15]   - type :  matern5_2 
[job(334): 2016-09-09 20:11:15]   - nugget : NO
[job(334): 2016-09-09 20:11:15]   - parameters lower bounds :  1e-10 1e-10 
[job(334): 2016-09-09 20:11:15]   - parameters upper bounds :  39.30883 38.41662 
[job(334): 2016-09-09 20:11:15]   - best initial criterion value(s) :  -5.967542 
[job(334): 2016-09-09 20:11:15] 
[job(334): 2016-09-09 20:11:15] N = 2, M = 5 machine precision = 2.22045e-16
[job(334): 2016-09-09 20:11:15] At X0, 0 variables are exactly at the bounds
[job(334): 2016-09-09 20:11:15] At iterate     0  f=       5.9675  |proj g|=       3.1098
[job(334): 2016-09-09 20:11:15] At iterate     1  f =      -7.8745  |proj g|=             0
[job(334): 2016-09-09 20:11:15] 
[job(334): 2016-09-09 20:11:15] iterations 1
[job(334): 2016-09-09 20:11:15] function evaluations 2
[job(334): 2016-09-09 20:11:15] segments explored during Cauchy searches 2
[job(334): 2016-09-09 20:11:15] BFGS updates skipped 0
[job(334): 2016-09-09 20:11:15] active bounds at final generalized Cauchy point 2
[job(334): 2016-09-09 20:11:15] norm of the final projected gradient 0
[job(334): 2016-09-09 20:11:15] final function value -7.87453
[job(334): 2016-09-09 20:11:15] 
[job(334): 2016-09-09 20:11:15] F = -7.87453
[job(334): 2016-09-09 20:11:15] final  value -7.874532 
[job(334): 2016-09-09 20:11:15] converged
[job(334): 2016-09-09 20:11:15] [Tune-x] 19: C=110; sigma=5.92
[job(334): 2016-09-09 20:11:15] [Tune-y] 19: acc.test.mean=0.553; time: 0.0 min; memory: 117Mb use, 176Mb max
[job(334): 2016-09-09 20:11:15] 
[job(334): 2016-09-09 20:11:15] optimisation start
[job(334): 2016-09-09 20:11:15] ------------------
[job(334): 2016-09-09 20:11:15] * estimation method   : MLE 
[job(334): 2016-09-09 20:11:15] * optimisation method : BFGS 
[job(334): 2016-09-09 20:11:15] * analytical gradient : used
[job(334): 2016-09-09 20:11:15] * trend model : ~1
[job(334): 2016-09-09 20:11:15] * covariance model : 
[job(334): 2016-09-09 20:11:15]   - type :  matern5_2 
[job(334): 2016-09-09 20:11:15]   - nugget : NO
[job(334): 2016-09-09 20:11:15]   - parameters lower bounds :  1e-10 1e-10 
[job(334): 2016-09-09 20:11:15]   - parameters upper bounds :  39.30883 38.41662 
[job(334): 2016-09-09 20:11:15]   - best initial criterion value(s) :  -30.07665 
[job(334): 2016-09-09 20:11:15] 
[job(334): 2016-09-09 20:11:15] N = 2, M = 5 machine precision = 2.22045e-16
[job(334): 2016-09-09 20:11:15] At X0, 0 variables are exactly at the bounds
[job(334): 2016-09-09 20:11:15] At iterate     0  f=       30.077  |proj g|=       2.6094
[job(334): 2016-09-09 20:11:15] At iterate     1  f =      -10.778  |proj g|=       0.44303
[job(334): 2016-09-09 20:11:15] ys=-1.009e+02  -gs= 6.984e+00, BFGS update SKIPPED
[job(334): 2016-09-09 20:11:15] At iterate     2  f =      -15.468  |proj g|=        0.3213
[job(334): 2016-09-09 20:11:15] At iterate     3  f =      -16.987  |proj g|=       0.27255
[job(334): 2016-09-09 20:11:15] At iterate     4  f =      -18.109  |proj g|=       0.20028
[job(334): 2016-09-09 20:11:15] At iterate     5  f =      -18.111  |proj g|=       0.51472
[job(334): 2016-09-09 20:11:15] At iterate     6  f =      -18.112  |proj g|=      0.065376
[job(334): 2016-09-09 20:11:15] At iterate     7  f =      -18.112  |proj g|=       0.11127
[job(334): 2016-09-09 20:11:15] At iterate     8  f =      -18.114  |proj g|=       0.19851
[job(334): 2016-09-09 20:11:15] At iterate     9  f =      -18.118  |proj g|=        0.2006
[job(334): 2016-09-09 20:11:15] At iterate    10  f =      -18.129  |proj g|=       0.20421
[job(334): 2016-09-09 20:11:15] At iterate    11  f =      -18.159  |proj g|=       0.21026
[job(334): 2016-09-09 20:11:15] At iterate    12  f =      -18.248  |proj g|=         0.222
[job(334): 2016-09-09 20:11:15] At iterate    13  f =      -18.791  |proj g|=       0.26438
[job(334): 2016-09-09 20:11:15] At iterate    14  f =      -18.814  |proj g|=       0.26497
[job(334): 2016-09-09 20:11:15] At iterate    15  f =      -18.971  |proj g|=       0.25124
[job(334): 2016-09-09 20:11:15] At iterate    16  f =      -19.106  |proj g|=       0.18797
[job(334): 2016-09-09 20:11:15] At iterate    17  f =      -19.106  |proj g|=     0.0055323
[job(334): 2016-09-09 20:11:15] At iterate    18  f =      -19.106  |proj g|=    9.5723e-05
[job(334): 2016-09-09 20:11:15] At iterate    19  f =      -19.106  |proj g|=     8.836e-07
[job(334): 2016-09-09 20:11:15] 
[job(334): 2016-09-09 20:11:15] iterations 19
[job(334): 2016-09-09 20:11:15] function evaluations 28
[job(334): 2016-09-09 20:11:15] segments explored during Cauchy searches 22
[job(334): 2016-09-09 20:11:15] BFGS updates skipped 1
[job(334): 2016-09-09 20:11:15] active bounds at final generalized Cauchy point 0
[job(334): 2016-09-09 20:11:15] norm of the final projected gradient 8.83599e-07
[job(334): 2016-09-09 20:11:15] final function value -19.1061
[job(334): 2016-09-09 20:11:15] 
[job(334): 2016-09-09 20:11:15] F = -19.1061
[job(334): 2016-09-09 20:11:15] final  value -19.106122 
[job(334): 2016-09-09 20:11:15] converged
[job(334): 2016-09-09 20:11:15] [Tune-x] 20: C=300; sigma=0.118
[job(334): 2016-09-09 20:11:15] [Tune-y] 20: acc.test.mean=0.663; time: 0.0 min; memory: 117Mb use, 176Mb max
[job(334): 2016-09-09 20:11:15] 
[job(334): 2016-09-09 20:11:15] optimisation start
[job(334): 2016-09-09 20:11:15] ------------------
[job(334): 2016-09-09 20:11:15] * estimation method   : MLE 
[job(334): 2016-09-09 20:11:15] * optimisation method : BFGS 
[job(334): 2016-09-09 20:11:15] * analytical gradient : used
[job(334): 2016-09-09 20:11:15] * trend model : ~1
[job(334): 2016-09-09 20:11:15] * covariance model : 
[job(334): 2016-09-09 20:11:15]   - type :  matern5_2 
[job(334): 2016-09-09 20:11:15]   - nugget : NO
[job(334): 2016-09-09 20:11:15]   - parameters lower bounds :  1e-10 1e-10 
[job(334): 2016-09-09 20:11:15]   - parameters upper bounds :  39.30883 38.41662 
[job(334): 2016-09-09 20:11:15]   - best initial criterion value(s) :  9.822975 
[job(334): 2016-09-09 20:11:15] 
[job(334): 2016-09-09 20:11:15] N = 2, M = 5 machine precision = 2.22045e-16
[job(334): 2016-09-09 20:11:15] At X0, 0 variables are exactly at the bounds
[job(334): 2016-09-09 20:11:15] At iterate     0  f=       -9.823  |proj g|=      0.76465
[job(334): 2016-09-09 20:11:15] At iterate     1  f =      -14.507  |proj g|=        1.1705
[job(334): 2016-09-09 20:11:15] At iterate     2  f =      -15.029  |proj g|=         3.375
[job(334): 2016-09-09 20:11:15] At iterate     3  f =      -15.089  |proj g|=         1.383
[job(334): 2016-09-09 20:11:15] At iterate     4  f =      -15.133  |proj g|=        1.0733
[job(334): 2016-09-09 20:11:15] At iterate     5  f =      -15.263  |proj g|=        1.0136
[job(334): 2016-09-09 20:11:15] At iterate     6  f =      -15.484  |proj g|=       0.80102
[job(334): 2016-09-09 20:11:15] At iterate     7  f =      -15.853  |proj g|=       0.47563
[job(334): 2016-09-09 20:11:15] At iterate     8  f =      -16.126  |proj g|=       0.43591
[job(334): 2016-09-09 20:11:15] At iterate     9  f =      -16.138  |proj g|=       0.15311
[job(334): 2016-09-09 20:11:15] At iterate    10  f =      -16.138  |proj g|=      0.020897
[job(334): 2016-09-09 20:11:15] At iterate    11  f =      -16.138  |proj g|=    0.00098325
[job(334): 2016-09-09 20:11:15] At iterate    12  f =      -16.138  |proj g|=    0.00032906
[job(334): 2016-09-09 20:11:15] 
[job(334): 2016-09-09 20:11:15] iterations 12
[job(334): 2016-09-09 20:11:15] function evaluations 14
[job(334): 2016-09-09 20:11:15] segments explored during Cauchy searches 13
[job(334): 2016-09-09 20:11:15] BFGS updates skipped 0
[job(334): 2016-09-09 20:11:15] active bounds at final generalized Cauchy point 0
[job(334): 2016-09-09 20:11:15] norm of the final projected gradient 0.000329064
[job(334): 2016-09-09 20:11:15] final function value -16.1383
[job(334): 2016-09-09 20:11:15] 
[job(334): 2016-09-09 20:11:15] F = -16.1383
[job(334): 2016-09-09 20:11:15] final  value -16.138264 
[job(334): 2016-09-09 20:11:15] converged
[job(334): 2016-09-09 20:11:15] [Tune-x] 21: C=162; sigma=0.182
[job(334): 2016-09-09 20:11:15] [Tune-y] 21: acc.test.mean=0.689; time: 0.0 min; memory: 117Mb use, 176Mb max
[job(334): 2016-09-09 20:11:15] 
[job(334): 2016-09-09 20:11:15] optimisation start
[job(334): 2016-09-09 20:11:15] ------------------
[job(334): 2016-09-09 20:11:15] * estimation method   : MLE 
[job(334): 2016-09-09 20:11:15] * optimisation method : BFGS 
[job(334): 2016-09-09 20:11:15] * analytical gradient : used
[job(334): 2016-09-09 20:11:15] * trend model : ~1
[job(334): 2016-09-09 20:11:15] * covariance model : 
[job(334): 2016-09-09 20:11:15]   - type :  matern5_2 
[job(334): 2016-09-09 20:11:15]   - nugget : NO
[job(334): 2016-09-09 20:11:15]   - parameters lower bounds :  1e-10 1e-10 
[job(334): 2016-09-09 20:11:15]   - parameters upper bounds :  39.30883 38.41662 
[job(334): 2016-09-09 20:11:15]   - best initial criterion value(s) :  15.36129 
[job(334): 2016-09-09 20:11:15] 
[job(334): 2016-09-09 20:11:15] N = 2, M = 5 machine precision = 2.22045e-16
[job(334): 2016-09-09 20:11:15] At X0, 0 variables are exactly at the bounds
[job(334): 2016-09-09 20:11:15] At iterate     0  f=      -15.361  |proj g|=     0.081663
[job(334): 2016-09-09 20:11:15] At iterate     1  f =      -15.656  |proj g|=      0.073626
[job(334): 2016-09-09 20:11:15] At iterate     2  f =      -15.701  |proj g|=      0.069108
[job(334): 2016-09-09 20:11:15] At iterate     3  f =      -15.701  |proj g|=       0.05175
[job(334): 2016-09-09 20:11:15] At iterate     4  f =      -15.701  |proj g|=      0.051751
[job(334): 2016-09-09 20:11:15] At iterate     5  f =      -15.701  |proj g|=       0.19407
[job(334): 2016-09-09 20:11:15] At iterate     6  f =      -15.701  |proj g|=       0.37407
[job(334): 2016-09-09 20:11:15] At iterate     7  f =      -15.701  |proj g|=       0.71011
[job(334): 2016-09-09 20:11:15] At iterate     8  f =      -15.701  |proj g|=        1.2253
[job(334): 2016-09-09 20:11:15] At iterate     9  f =      -15.702  |proj g|=        2.0745
[job(334): 2016-09-09 20:11:15] At iterate    10  f =      -15.703  |proj g|=         3.444
[job(334): 2016-09-09 20:11:15] At iterate    11  f =      -15.705  |proj g|=        5.6814
[job(334): 2016-09-09 20:11:15] At iterate    12  f =      -15.713  |proj g|=        9.2782
[job(334): 2016-09-09 20:11:15] At iterate    13  f =      -15.733  |proj g|=        14.833
[job(334): 2016-09-09 20:11:15] At iterate    14  f =      -15.782  |proj g|=        22.463
[job(334): 2016-09-09 20:11:15] At iterate    15  f =      -15.882  |proj g|=        29.662
[job(334): 2016-09-09 20:11:15] At iterate    16  f =      -16.037  |proj g|=         28.11
[job(334): 2016-09-09 20:11:15] At iterate    17  f =      -16.156  |proj g|=        2.9452
[job(334): 2016-09-09 20:11:15] At iterate    18  f =      -16.369  |proj g|=        36.489
[job(334): 2016-09-09 20:11:15] At iterate    19  f =      -16.554  |proj g|=        38.334
[job(334): 2016-09-09 20:11:15] At iterate    20  f =      -18.026  |proj g|=        24.957
[job(334): 2016-09-09 20:11:15] At iterate    21  f =      -19.272  |proj g|=        5.2695
[job(334): 2016-09-09 20:11:15] At iterate    22  f =      -20.113  |proj g|=        11.257
[job(334): 2016-09-09 20:11:15] At iterate    23  f =      -20.522  |proj g|=        3.9254
[job(334): 2016-09-09 20:11:15] At iterate    24  f =      -20.793  |proj g|=       0.40735
[job(334): 2016-09-09 20:11:15] At iterate    25  f =      -20.809  |proj g|=       0.54594
[job(334): 2016-09-09 20:11:15] At iterate    26  f =      -20.837  |proj g|=         0.164
[job(334): 2016-09-09 20:11:15] At iterate    27  f =      -20.838  |proj g|=      0.051774
[job(334): 2016-09-09 20:11:15] At iterate    28  f =      -20.839  |proj g|=     0.0021949
[job(334): 2016-09-09 20:11:15] At iterate    29  f =      -20.839  |proj g|=    0.00031622
[job(334): 2016-09-09 20:11:15] At iterate    30  f =      -20.839  |proj g|=    7.0706e-07
[job(334): 2016-09-09 20:11:15] 
[job(334): 2016-09-09 20:11:15] iterations 30
[job(334): 2016-09-09 20:11:15] function evaluations 42
[job(334): 2016-09-09 20:11:15] segments explored during Cauchy searches 31
[job(334): 2016-09-09 20:11:15] BFGS updates skipped 0
[job(334): 2016-09-09 20:11:15] active bounds at final generalized Cauchy point 0
[job(334): 2016-09-09 20:11:15] norm of the final projected gradient 7.0706e-07
[job(334): 2016-09-09 20:11:15] final function value -20.8386
[job(334): 2016-09-09 20:11:15] 
[job(334): 2016-09-09 20:11:15] F = -20.8386
[job(334): 2016-09-09 20:11:15] final  value -20.838557 
[job(334): 2016-09-09 20:11:15] converged
[job(334): 2016-09-09 20:11:15] [Tune-x] 22: C=56.1; sigma=0.127
[job(334): 2016-09-09 20:11:15] [Tune-y] 22: acc.test.mean=0.695; time: 0.0 min; memory: 117Mb use, 184Mb max
[job(334): 2016-09-09 20:11:15] 
[job(334): 2016-09-09 20:11:15] optimisation start
[job(334): 2016-09-09 20:11:15] ------------------
[job(334): 2016-09-09 20:11:15] * estimation method   : MLE 
[job(334): 2016-09-09 20:11:15] * optimisation method : BFGS 
[job(334): 2016-09-09 20:11:15] * analytical gradient : used
[job(334): 2016-09-09 20:11:15] * trend model : ~1
[job(334): 2016-09-09 20:11:15] * covariance model : 
[job(334): 2016-09-09 20:11:15]   - type :  matern5_2 
[job(334): 2016-09-09 20:11:15]   - nugget : NO
[job(334): 2016-09-09 20:11:15]   - parameters lower bounds :  1e-10 1e-10 
[job(334): 2016-09-09 20:11:15]   - parameters upper bounds :  39.30883 38.41662 
[job(334): 2016-09-09 20:11:15]   - best initial criterion value(s) :  -21.00142 
[job(334): 2016-09-09 20:11:15] 
[job(334): 2016-09-09 20:11:15] N = 2, M = 5 machine precision = 2.22045e-16
[job(334): 2016-09-09 20:11:15] At X0, 0 variables are exactly at the bounds
[job(334): 2016-09-09 20:11:15] At iterate     0  f=       21.001  |proj g|=       3.1847
[job(334): 2016-09-09 20:11:15] At iterate     1  f =      -10.696  |proj g|=             0
[job(334): 2016-09-09 20:11:15] 
[job(334): 2016-09-09 20:11:15] iterations 1
[job(334): 2016-09-09 20:11:15] function evaluations 2
[job(334): 2016-09-09 20:11:15] segments explored during Cauchy searches 2
[job(334): 2016-09-09 20:11:15] BFGS updates skipped 0
[job(334): 2016-09-09 20:11:15] active bounds at final generalized Cauchy point 1
[job(334): 2016-09-09 20:11:15] norm of the final projected gradient 0
[job(334): 2016-09-09 20:11:15] final function value -10.6962
[job(334): 2016-09-09 20:11:15] 
[job(334): 2016-09-09 20:11:15] F = -10.6962
[job(334): 2016-09-09 20:11:15] final  value -10.696171 
[job(334): 2016-09-09 20:11:15] converged
[job(334): 2016-09-09 20:11:15] [Tune-x] 23: C=21.4; sigma=0.00998
[job(334): 2016-09-09 20:11:15] [Tune-y] 23: acc.test.mean=0.663; time: 0.0 min; memory: 117Mb use, 184Mb max
[job(334): 2016-09-09 20:11:15] 
[job(334): 2016-09-09 20:11:15] optimisation start
[job(334): 2016-09-09 20:11:15] ------------------
[job(334): 2016-09-09 20:11:15] * estimation method   : MLE 
[job(334): 2016-09-09 20:11:15] * optimisation method : BFGS 
[job(334): 2016-09-09 20:11:15] * analytical gradient : used
[job(334): 2016-09-09 20:11:15] * trend model : ~1
[job(334): 2016-09-09 20:11:15] * covariance model : 
[job(334): 2016-09-09 20:11:15]   - type :  matern5_2 
[job(334): 2016-09-09 20:11:15]   - nugget : NO
[job(334): 2016-09-09 20:11:15]   - parameters lower bounds :  1e-10 1e-10 
[job(334): 2016-09-09 20:11:15]   - parameters upper bounds :  39.30883 38.41662 
[job(334): 2016-09-09 20:11:15]   - best initial criterion value(s) :  -10.23466 
[job(334): 2016-09-09 20:11:15] 
[job(334): 2016-09-09 20:11:15] N = 2, M = 5 machine precision = 2.22045e-16
[job(334): 2016-09-09 20:11:15] At X0, 0 variables are exactly at the bounds
[job(334): 2016-09-09 20:11:15] At iterate     0  f=       10.235  |proj g|=       1.8192
[job(334): 2016-09-09 20:11:15] At iterate     1  f =      -11.482  |proj g|=             0
[job(334): 2016-09-09 20:11:15] 
[job(334): 2016-09-09 20:11:15] iterations 1
[job(334): 2016-09-09 20:11:15] function evaluations 2
[job(334): 2016-09-09 20:11:15] segments explored during Cauchy searches 2
[job(334): 2016-09-09 20:11:15] BFGS updates skipped 0
[job(334): 2016-09-09 20:11:15] active bounds at final generalized Cauchy point 1
[job(334): 2016-09-09 20:11:15] norm of the final projected gradient 0
[job(334): 2016-09-09 20:11:15] final function value -11.4818
[job(334): 2016-09-09 20:11:15] 
[job(334): 2016-09-09 20:11:15] F = -11.4818
[job(334): 2016-09-09 20:11:15] final  value -11.481787 
[job(334): 2016-09-09 20:11:15] converged
[job(334): 2016-09-09 20:11:15] [Tune-x] 24: C=17.6; sigma=0.0426
[job(334): 2016-09-09 20:11:15] [Tune-y] 24: acc.test.mean=0.668; time: 0.0 min; memory: 117Mb use, 184Mb max
[job(334): 2016-09-09 20:11:15] 
[job(334): 2016-09-09 20:11:15] optimisation start
[job(334): 2016-09-09 20:11:15] ------------------
[job(334): 2016-09-09 20:11:15] * estimation method   : MLE 
[job(334): 2016-09-09 20:11:15] * optimisation method : BFGS 
[job(334): 2016-09-09 20:11:15] * analytical gradient : used
[job(334): 2016-09-09 20:11:15] * trend model : ~1
[job(334): 2016-09-09 20:11:15] * covariance model : 
[job(334): 2016-09-09 20:11:15]   - type :  matern5_2 
[job(334): 2016-09-09 20:11:15]   - nugget : NO
[job(334): 2016-09-09 20:11:15]   - parameters lower bounds :  1e-10 1e-10 
[job(334): 2016-09-09 20:11:15]   - parameters upper bounds :  39.30883 38.41662 
[job(334): 2016-09-09 20:11:15]   - best initial criterion value(s) :  -2.587972 
[job(334): 2016-09-09 20:11:15] 
[job(334): 2016-09-09 20:11:15] N = 2, M = 5 machine precision = 2.22045e-16
[job(334): 2016-09-09 20:11:15] At X0, 0 variables are exactly at the bounds
[job(334): 2016-09-09 20:11:15] At iterate     0  f=        2.588  |proj g|=       0.7688
[job(334): 2016-09-09 20:11:15] At iterate     1  f =       -12.27  |proj g|=             0
[job(334): 2016-09-09 20:11:15] 
[job(334): 2016-09-09 20:11:15] iterations 1
[job(334): 2016-09-09 20:11:15] function evaluations 2
[job(334): 2016-09-09 20:11:15] segments explored during Cauchy searches 2
[job(334): 2016-09-09 20:11:15] BFGS updates skipped 0
[job(334): 2016-09-09 20:11:15] active bounds at final generalized Cauchy point 1
[job(334): 2016-09-09 20:11:15] norm of the final projected gradient 0
[job(334): 2016-09-09 20:11:15] final function value -12.2703
[job(334): 2016-09-09 20:11:15] 
[job(334): 2016-09-09 20:11:15] F = -12.2703
[job(334): 2016-09-09 20:11:15] final  value -12.270326 
[job(334): 2016-09-09 20:11:15] converged
[job(334): 2016-09-09 20:11:15] [Tune-x] 25: C=2.11; sigma=800
[job(334): 2016-09-09 20:11:15] [Tune-y] 25: acc.test.mean=0.301; time: 0.0 min; memory: 117Mb use, 184Mb max
[job(334): 2016-09-09 20:11:15] 
[job(334): 2016-09-09 20:11:15] optimisation start
[job(334): 2016-09-09 20:11:15] ------------------
[job(334): 2016-09-09 20:11:15] * estimation method   : MLE 
[job(334): 2016-09-09 20:11:15] * optimisation method : BFGS 
[job(334): 2016-09-09 20:11:15] * analytical gradient : used
[job(334): 2016-09-09 20:11:15] * trend model : ~1
[job(334): 2016-09-09 20:11:15] * covariance model : 
[job(334): 2016-09-09 20:11:15]   - type :  matern5_2 
[job(334): 2016-09-09 20:11:15]   - nugget : NO
[job(334): 2016-09-09 20:11:15]   - parameters lower bounds :  1e-10 1e-10 
[job(334): 2016-09-09 20:11:15]   - parameters upper bounds :  39.30883 38.7015 
[job(334): 2016-09-09 20:11:15]   - best initial criterion value(s) :  -10.14087 
[job(334): 2016-09-09 20:11:15] 
[job(334): 2016-09-09 20:11:15] N = 2, M = 5 machine precision = 2.22045e-16
[job(334): 2016-09-09 20:11:15] At X0, 0 variables are exactly at the bounds
[job(334): 2016-09-09 20:11:15] At iterate     0  f=       10.141  |proj g|=       1.0824
[job(334): 2016-09-09 20:11:15] At iterate     1  f =      -11.631  |proj g|=             0
[job(334): 2016-09-09 20:11:15] 
[job(334): 2016-09-09 20:11:15] iterations 1
[job(334): 2016-09-09 20:11:15] function evaluations 2
[job(334): 2016-09-09 20:11:15] segments explored during Cauchy searches 2
[job(334): 2016-09-09 20:11:15] BFGS updates skipped 0
[job(334): 2016-09-09 20:11:15] active bounds at final generalized Cauchy point 1
[job(334): 2016-09-09 20:11:15] norm of the final projected gradient 0
[job(334): 2016-09-09 20:11:15] final function value -11.6311
[job(334): 2016-09-09 20:11:15] 
[job(334): 2016-09-09 20:11:15] F = -11.6311
[job(334): 2016-09-09 20:11:15] final  value -11.631070 
[job(334): 2016-09-09 20:11:15] converged
[job(334): 2016-09-09 20:11:15] [Tune-x] 26: C=0.00427; sigma=0.00124
[job(334): 2016-09-09 20:11:15] [Tune-y] 26: acc.test.mean=0.316; time: 0.0 min; memory: 117Mb use, 184Mb max
[job(334): 2016-09-09 20:11:15] 
[job(334): 2016-09-09 20:11:15] optimisation start
[job(334): 2016-09-09 20:11:15] ------------------
[job(334): 2016-09-09 20:11:15] * estimation method   : MLE 
[job(334): 2016-09-09 20:11:15] * optimisation method : BFGS 
[job(334): 2016-09-09 20:11:15] * analytical gradient : used
[job(334): 2016-09-09 20:11:15] * trend model : ~1
[job(334): 2016-09-09 20:11:15] * covariance model : 
[job(334): 2016-09-09 20:11:15]   - type :  matern5_2 
[job(334): 2016-09-09 20:11:15]   - nugget : NO
[job(334): 2016-09-09 20:11:15]   - parameters lower bounds :  1e-10 1e-10 
[job(334): 2016-09-09 20:11:15]   - parameters upper bounds :  39.30883 38.7015 
[job(334): 2016-09-09 20:11:15]   - best initial criterion value(s) :  -12.59113 
[job(334): 2016-09-09 20:11:15] 
[job(334): 2016-09-09 20:11:15] N = 2, M = 5 machine precision = 2.22045e-16
[job(334): 2016-09-09 20:11:15] At X0, 0 variables are exactly at the bounds
[job(334): 2016-09-09 20:11:15] At iterate     0  f=       12.591  |proj g|=      0.60751
[job(334): 2016-09-09 20:11:15] At iterate     1  f =      -11.347  |proj g|=             0
[job(334): 2016-09-09 20:11:15] 
[job(334): 2016-09-09 20:11:15] iterations 1
[job(334): 2016-09-09 20:11:15] function evaluations 2
[job(334): 2016-09-09 20:11:15] segments explored during Cauchy searches 2
[job(334): 2016-09-09 20:11:15] BFGS updates skipped 0
[job(334): 2016-09-09 20:11:15] active bounds at final generalized Cauchy point 1
[job(334): 2016-09-09 20:11:15] norm of the final projected gradient 0
[job(334): 2016-09-09 20:11:15] final function value -11.3474
[job(334): 2016-09-09 20:11:15] 
[job(334): 2016-09-09 20:11:15] F = -11.3474
[job(334): 2016-09-09 20:11:15] final  value -11.347425 
[job(334): 2016-09-09 20:11:15] converged
[job(334): 2016-09-09 20:11:15] [Tune-x] 27: C=0.363; sigma=0.0648
[job(334): 2016-09-09 20:11:15] [Tune-y] 27: acc.test.mean=0.601; time: 0.0 min; memory: 117Mb use, 184Mb max
[job(334): 2016-09-09 20:11:15] 
[job(334): 2016-09-09 20:11:15] optimisation start
[job(334): 2016-09-09 20:11:15] ------------------
[job(334): 2016-09-09 20:11:15] * estimation method   : MLE 
[job(334): 2016-09-09 20:11:15] * optimisation method : BFGS 
[job(334): 2016-09-09 20:11:15] * analytical gradient : used
[job(334): 2016-09-09 20:11:15] * trend model : ~1
[job(334): 2016-09-09 20:11:15] * covariance model : 
[job(334): 2016-09-09 20:11:15]   - type :  matern5_2 
[job(334): 2016-09-09 20:11:15]   - nugget : NO
[job(334): 2016-09-09 20:11:15]   - parameters lower bounds :  1e-10 1e-10 
[job(334): 2016-09-09 20:11:15]   - parameters upper bounds :  39.30883 38.7015 
[job(334): 2016-09-09 20:11:15]   - best initial criterion value(s) :  -3.290058 
[job(334): 2016-09-09 20:11:15] 
[job(334): 2016-09-09 20:11:15] N = 2, M = 5 machine precision = 2.22045e-16
[job(334): 2016-09-09 20:11:15] At X0, 0 variables are exactly at the bounds
[job(334): 2016-09-09 20:11:15] At iterate     0  f=       3.2901  |proj g|=       0.3905
[job(334): 2016-09-09 20:11:15] At iterate     1  f =      -12.248  |proj g|=             0
[job(334): 2016-09-09 20:11:15] 
[job(334): 2016-09-09 20:11:15] iterations 1
[job(334): 2016-09-09 20:11:15] function evaluations 2
[job(334): 2016-09-09 20:11:15] segments explored during Cauchy searches 2
[job(334): 2016-09-09 20:11:15] BFGS updates skipped 0
[job(334): 2016-09-09 20:11:15] active bounds at final generalized Cauchy point 1
[job(334): 2016-09-09 20:11:15] norm of the final projected gradient 0
[job(334): 2016-09-09 20:11:15] final function value -12.2476
[job(334): 2016-09-09 20:11:15] 
[job(334): 2016-09-09 20:11:15] F = -12.2476
[job(334): 2016-09-09 20:11:15] final  value -12.247639 
[job(334): 2016-09-09 20:11:15] converged
[job(334): 2016-09-09 20:11:15] [Tune-x] 28: C=0.000782; sigma=6.17
[job(334): 2016-09-09 20:11:15] [Tune-y] 28: acc.test.mean=0.28; time: 0.0 min; memory: 117Mb use, 184Mb max
[job(334): 2016-09-09 20:11:15] 
[job(334): 2016-09-09 20:11:15] optimisation start
[job(334): 2016-09-09 20:11:15] ------------------
[job(334): 2016-09-09 20:11:15] * estimation method   : MLE 
[job(334): 2016-09-09 20:11:15] * optimisation method : BFGS 
[job(334): 2016-09-09 20:11:15] * analytical gradient : used
[job(334): 2016-09-09 20:11:15] * trend model : ~1
[job(334): 2016-09-09 20:11:15] * covariance model : 
[job(334): 2016-09-09 20:11:15]   - type :  matern5_2 
[job(334): 2016-09-09 20:11:15]   - nugget : NO
[job(334): 2016-09-09 20:11:15]   - parameters lower bounds :  1e-10 1e-10 
[job(334): 2016-09-09 20:11:15]   - parameters upper bounds :  39.79116 38.7015 
[job(334): 2016-09-09 20:11:15]   - best initial criterion value(s) :  7.379065 
[job(334): 2016-09-09 20:11:15] 
[job(334): 2016-09-09 20:11:15] N = 2, M = 5 machine precision = 2.22045e-16
[job(334): 2016-09-09 20:11:15] At X0, 0 variables are exactly at the bounds
[job(334): 2016-09-09 20:11:15] At iterate     0  f=      -7.3791  |proj g|=      0.41176
[job(334): 2016-09-09 20:11:15] At iterate     1  f =      -11.689  |proj g|=             0
[job(334): 2016-09-09 20:11:15] 
[job(334): 2016-09-09 20:11:15] iterations 1
[job(334): 2016-09-09 20:11:15] function evaluations 2
[job(334): 2016-09-09 20:11:15] segments explored during Cauchy searches 2
[job(334): 2016-09-09 20:11:15] BFGS updates skipped 0
[job(334): 2016-09-09 20:11:15] active bounds at final generalized Cauchy point 1
[job(334): 2016-09-09 20:11:15] norm of the final projected gradient 0
[job(334): 2016-09-09 20:11:15] final function value -11.6891
[job(334): 2016-09-09 20:11:15] 
[job(334): 2016-09-09 20:11:15] F = -11.6891
[job(334): 2016-09-09 20:11:15] final  value -11.689065 
[job(334): 2016-09-09 20:11:15] converged
[job(334): 2016-09-09 20:11:15] [Tune] Result: C=119; sigma=0.12 : acc.test.mean=-0.709
[job(334): 2016-09-09 20:11:15] Job terminated successfully
[job(chunk): 2016-09-09 20:11:15] Calculation finished!
