[job(chunk): 2016-09-09 20:11:44] Starting calculation of 1 jobs
[job(chunk): 2016-09-09 20:11:44] Setting working directory to '/naslx/projects/pr74ze/ri89coc2/svm_comparison'
[job(chunk): 2016-09-09 20:11:44] Memory measurement disabled
[job(412): 2016-09-09 20:11:46] Starting job with job.id=412
[job(412): 2016-09-09 20:12:32] Generating problem instance for problem '48' ...
[job(412): 2016-09-09 20:12:32] Downloading from 'http://www.openml.org/api/v1/data/48' to '/tmp/ri89coc2/Rtmp2xEJNT/cache/datasets/48/description.xml'.
[job(412): 2016-09-09 20:12:32] Downloading from 'http://www.openml.org/data/download/48/dataset_48_tae.arff' to '/tmp/ri89coc2/Rtmp2xEJNT/cache/datasets/48/dataset.arff'
[job(412): 2016-09-09 20:12:32] Loading required package: readr
[job(412): 2016-09-09 20:12:32] Applying algorithm 'kbb-svc.tuned' on problem '48' ...
[job(412): 2016-09-09 20:12:32] Data '48' file 'description.xml' found in cache.
[job(412): 2016-09-09 20:12:32] Data '48' file 'dataset.arff' found in cache.
[job(412): 2016-09-09 20:12:32] [Tune] Started tuning learner kbb-svc for parameter set:
[job(412): 2016-09-09 20:12:32]          Type len Def    Constr Req Tunable Trafo
[job(412): 2016-09-09 20:12:32] C     numeric   -   - -12 to 12   -    TRUE     Y
[job(412): 2016-09-09 20:12:32] sigma numeric   -   - -12 to 12   -    TRUE     Y
[job(412): 2016-09-09 20:12:32] With control class: TuneControlMBO
[job(412): 2016-09-09 20:12:32] Imputation value: -0
[job(412): 2016-09-09 20:12:32] [Tune-x] 1: C=33.2; sigma=148
[job(412): 2016-09-09 20:12:32] [Tune-y] 1: acc.test.mean=0.63; time: 0.0 min; memory: 113Mb use, 146Mb max
[job(412): 2016-09-09 20:12:32] [Tune-x] 2: C=0.726; sigma=0.0655
[job(412): 2016-09-09 20:12:32] [Tune-y] 2: acc.test.mean=0.341; time: 0.0 min; memory: 113Mb use, 146Mb max
[job(412): 2016-09-09 20:12:32] [Tune-x] 3: C=0.0349; sigma=1.11
[job(412): 2016-09-09 20:12:32] [Tune-y] 3: acc.test.mean=0.289; time: 0.0 min; memory: 113Mb use, 146Mb max
[job(412): 2016-09-09 20:12:32] [Tune-x] 4: C=488; sigma=0.000581
[job(412): 2016-09-09 20:12:32] [Tune-y] 4: acc.test.mean=0.467; time: 0.0 min; memory: 113Mb use, 146Mb max
[job(412): 2016-09-09 20:12:32] [Tune-x] 5: C=1.22; sigma=52.3
[job(412): 2016-09-09 20:12:32] [Tune-y] 5: acc.test.mean=0.504; time: 0.0 min; memory: 113Mb use, 146Mb max
[job(412): 2016-09-09 20:12:32] [Tune-x] 6: C=0.0104; sigma=0.00899
[job(412): 2016-09-09 20:12:32] [Tune-y] 6: acc.test.mean=0.267; time: 0.0 min; memory: 113Mb use, 146Mb max
[job(412): 2016-09-09 20:12:32] [Tune-x] 7: C=0.000255; sigma=1.44e+03
[job(412): 2016-09-09 20:12:32] [Tune-y] 7: acc.test.mean=0.356; time: 0.0 min; memory: 113Mb use, 146Mb max
[job(412): 2016-09-09 20:12:32] [Tune-x] 8: C=848; sigma=0.219
[job(412): 2016-09-09 20:12:32] [Tune-y] 8: acc.test.mean=0.481; time: 0.0 min; memory: 113Mb use, 146Mb max
[job(412): 2016-09-09 20:12:32] 
[job(412): 2016-09-09 20:12:32] optimisation start
[job(412): 2016-09-09 20:12:32] ------------------
[job(412): 2016-09-09 20:12:32] * estimation method   : MLE 
[job(412): 2016-09-09 20:12:32] * optimisation method : BFGS 
[job(412): 2016-09-09 20:12:32] * analytical gradient : used
[job(412): 2016-09-09 20:12:32] * trend model : ~1
[job(412): 2016-09-09 20:12:32] * covariance model : 
[job(412): 2016-09-09 20:12:32]   - type :  matern5_2 
[job(412): 2016-09-09 20:12:32]   - nugget : NO
[job(412): 2016-09-09 20:12:32]   - parameters lower bounds :  1e-10 1e-10 
[job(412): 2016-09-09 20:12:32]   - parameters upper bounds :  43.33221 42.48029 
[job(412): 2016-09-09 20:12:32]   - best initial criterion value(s) :  9.424791 
[job(412): 2016-09-09 20:12:32] 
[job(412): 2016-09-09 20:12:32] N = 2, M = 5 machine precision = 2.22045e-16
[job(412): 2016-09-09 20:12:32] At X0, 0 variables are exactly at the bounds
[job(412): 2016-09-09 20:12:32] At iterate     0  f=      -9.4248  |proj g|=      0.11726
[job(412): 2016-09-09 20:12:32] At iterate     1  f =      -9.4393  |proj g|=       0.11381
[job(412): 2016-09-09 20:12:32] At iterate     2  f =      -9.6944  |proj g|=      0.013132
[job(412): 2016-09-09 20:12:32] At iterate     3  f =      -9.6984  |proj g|=     0.0023165
[job(412): 2016-09-09 20:12:32] At iterate     4  f =      -9.6986  |proj g|=      0.001195
[job(412): 2016-09-09 20:12:32] At iterate     5  f =      -9.6987  |proj g|=     0.0013158
[job(412): 2016-09-09 20:12:32] At iterate     6  f =       -9.699  |proj g|=     0.0015957
[job(412): 2016-09-09 20:12:32] At iterate     7  f =      -9.6992  |proj g|=     0.0011969
[job(412): 2016-09-09 20:12:32] At iterate     8  f =      -9.6993  |proj g|=     0.0002007
[job(412): 2016-09-09 20:12:32] At iterate     9  f =      -9.6993  |proj g|=    1.5233e-05
[job(412): 2016-09-09 20:12:32] At iterate    10  f =      -9.6993  |proj g|=    4.9765e-07
[job(412): 2016-09-09 20:12:32] 
[job(412): 2016-09-09 20:12:32] iterations 10
[job(412): 2016-09-09 20:12:32] function evaluations 11
[job(412): 2016-09-09 20:12:32] segments explored during Cauchy searches 10
[job(412): 2016-09-09 20:12:32] BFGS updates skipped 0
[job(412): 2016-09-09 20:12:32] active bounds at final generalized Cauchy point 0
[job(412): 2016-09-09 20:12:32] norm of the final projected gradient 4.97649e-07
[job(412): 2016-09-09 20:12:32] final function value -9.69926
[job(412): 2016-09-09 20:12:32] 
[job(412): 2016-09-09 20:12:32] F = -9.69926
[job(412): 2016-09-09 20:12:32] final  value -9.699262 
[job(412): 2016-09-09 20:12:32] converged
[job(412): 2016-09-09 20:12:32] [Tune-x] 9: C=4.09e+03; sigma=4.1e+03
[job(412): 2016-09-09 20:12:32] [Tune-y] 9: acc.test.mean=0.57; time: 0.0 min; memory: 117Mb use, 154Mb max
[job(412): 2016-09-09 20:12:32] 
[job(412): 2016-09-09 20:12:32] optimisation start
[job(412): 2016-09-09 20:12:32] ------------------
[job(412): 2016-09-09 20:12:32] * estimation method   : MLE 
[job(412): 2016-09-09 20:12:32] * optimisation method : BFGS 
[job(412): 2016-09-09 20:12:32] * analytical gradient : used
[job(412): 2016-09-09 20:12:32] * trend model : ~1
[job(412): 2016-09-09 20:12:32] * covariance model : 
[job(412): 2016-09-09 20:12:32]   - type :  matern5_2 
[job(412): 2016-09-09 20:12:32]   - nugget : NO
[job(412): 2016-09-09 20:12:32]   - parameters lower bounds :  1e-10 1e-10 
[job(412): 2016-09-09 20:12:32]   - parameters upper bounds :  47.87508 45.49604 
[job(412): 2016-09-09 20:12:32]   - best initial criterion value(s) :  9.987246 
[job(412): 2016-09-09 20:12:32] 
[job(412): 2016-09-09 20:12:32] N = 2, M = 5 machine precision = 2.22045e-16
[job(412): 2016-09-09 20:12:32] At X0, 0 variables are exactly at the bounds
[job(412): 2016-09-09 20:12:32] At iterate     0  f=      -9.9872  |proj g|=     0.089782
[job(412): 2016-09-09 20:12:32] At iterate     1  f =      -10.003  |proj g|=       0.08962
[job(412): 2016-09-09 20:12:32] At iterate     2  f =        -10.4  |proj g|=       0.17877
[job(412): 2016-09-09 20:12:32] At iterate     3  f =      -10.563  |proj g|=      0.025952
[job(412): 2016-09-09 20:12:32] At iterate     4  f =      -10.581  |proj g|=     0.0022428
[job(412): 2016-09-09 20:12:32] At iterate     5  f =      -10.581  |proj g|=    0.00028177
[job(412): 2016-09-09 20:12:32] At iterate     6  f =      -10.581  |proj g|=    6.3426e-06
[job(412): 2016-09-09 20:12:32] At iterate     7  f =      -10.581  |proj g|=    3.8748e-07
[job(412): 2016-09-09 20:12:32] 
[job(412): 2016-09-09 20:12:32] iterations 7
[job(412): 2016-09-09 20:12:32] function evaluations 8
[job(412): 2016-09-09 20:12:32] segments explored during Cauchy searches 7
[job(412): 2016-09-09 20:12:32] BFGS updates skipped 0
[job(412): 2016-09-09 20:12:32] active bounds at final generalized Cauchy point 0
[job(412): 2016-09-09 20:12:32] norm of the final projected gradient 3.8748e-07
[job(412): 2016-09-09 20:12:32] final function value -10.5811
[job(412): 2016-09-09 20:12:32] 
[job(412): 2016-09-09 20:12:32] F = -10.5811
[job(412): 2016-09-09 20:12:32] final  value -10.581052 
[job(412): 2016-09-09 20:12:32] converged
[job(412): 2016-09-09 20:12:32] [Tune-x] 10: C=54.1; sigma=2.28e+03
[job(412): 2016-09-09 20:12:32] [Tune-y] 10: acc.test.mean=0.63; time: 0.0 min; memory: 117Mb use, 160Mb max
[job(412): 2016-09-09 20:12:32] 
[job(412): 2016-09-09 20:12:32] optimisation start
[job(412): 2016-09-09 20:12:32] ------------------
[job(412): 2016-09-09 20:12:32] * estimation method   : MLE 
[job(412): 2016-09-09 20:12:32] * optimisation method : BFGS 
[job(412): 2016-09-09 20:12:32] * analytical gradient : used
[job(412): 2016-09-09 20:12:32] * trend model : ~1
[job(412): 2016-09-09 20:12:32] * covariance model : 
[job(412): 2016-09-09 20:12:32]   - type :  matern5_2 
[job(412): 2016-09-09 20:12:32]   - nugget : NO
[job(412): 2016-09-09 20:12:32]   - parameters lower bounds :  1e-10 1e-10 
[job(412): 2016-09-09 20:12:32]   - parameters upper bounds :  47.87508 45.49604 
[job(412): 2016-09-09 20:12:32]   - best initial criterion value(s) :  11.96529 
[job(412): 2016-09-09 20:12:32] 
[job(412): 2016-09-09 20:12:32] N = 2, M = 5 machine precision = 2.22045e-16
[job(412): 2016-09-09 20:12:32] At X0, 0 variables are exactly at the bounds
[job(412): 2016-09-09 20:12:32] At iterate     0  f=      -11.965  |proj g|=      0.20197
[job(412): 2016-09-09 20:12:32] At iterate     1  f =      -12.018  |proj g|=       0.19795
[job(412): 2016-09-09 20:12:32] At iterate     2  f =      -12.478  |proj g|=       0.16406
[job(412): 2016-09-09 20:12:32] At iterate     3  f =       -12.96  |proj g|=      0.066258
[job(412): 2016-09-09 20:12:32] At iterate     4  f =      -12.991  |proj g|=      0.024619
[job(412): 2016-09-09 20:12:32] At iterate     5  f =      -12.999  |proj g|=     0.0015831
[job(412): 2016-09-09 20:12:32] At iterate     6  f =      -12.999  |proj g|=    6.4447e-05
[job(412): 2016-09-09 20:12:32] At iterate     7  f =      -12.999  |proj g|=    2.8748e-06
[job(412): 2016-09-09 20:12:32] At iterate     8  f =      -12.999  |proj g|=    7.0011e-07
[job(412): 2016-09-09 20:12:32] 
[job(412): 2016-09-09 20:12:32] iterations 8
[job(412): 2016-09-09 20:12:32] function evaluations 11
[job(412): 2016-09-09 20:12:32] segments explored during Cauchy searches 8
[job(412): 2016-09-09 20:12:32] BFGS updates skipped 0
[job(412): 2016-09-09 20:12:32] active bounds at final generalized Cauchy point 0
[job(412): 2016-09-09 20:12:32] norm of the final projected gradient 7.00107e-07
[job(412): 2016-09-09 20:12:32] final function value -12.9992
[job(412): 2016-09-09 20:12:32] 
[job(412): 2016-09-09 20:12:32] F = -12.9992
[job(412): 2016-09-09 20:12:32] final  value -12.999232 
[job(412): 2016-09-09 20:12:32] converged
[job(412): 2016-09-09 20:12:32] [Tune-x] 11: C=80.7; sigma=415
[job(412): 2016-09-09 20:12:32] [Tune-y] 11: acc.test.mean= 0.6; time: 0.0 min; memory: 117Mb use, 160Mb max
[job(412): 2016-09-09 20:12:32] 
[job(412): 2016-09-09 20:12:32] optimisation start
[job(412): 2016-09-09 20:12:32] ------------------
[job(412): 2016-09-09 20:12:32] * estimation method   : MLE 
[job(412): 2016-09-09 20:12:32] * optimisation method : BFGS 
[job(412): 2016-09-09 20:12:32] * analytical gradient : used
[job(412): 2016-09-09 20:12:32] * trend model : ~1
[job(412): 2016-09-09 20:12:32] * covariance model : 
[job(412): 2016-09-09 20:12:32]   - type :  matern5_2 
[job(412): 2016-09-09 20:12:32]   - nugget : NO
[job(412): 2016-09-09 20:12:32]   - parameters lower bounds :  1e-10 1e-10 
[job(412): 2016-09-09 20:12:32]   - parameters upper bounds :  47.87508 45.49604 
[job(412): 2016-09-09 20:12:32]   - best initial criterion value(s) :  13.9277 
[job(412): 2016-09-09 20:12:32] 
[job(412): 2016-09-09 20:12:32] N = 2, M = 5 machine precision = 2.22045e-16
[job(412): 2016-09-09 20:12:32] At X0, 0 variables are exactly at the bounds
[job(412): 2016-09-09 20:12:32] At iterate     0  f=      -13.928  |proj g|=      0.64396
[job(412): 2016-09-09 20:12:32] At iterate     1  f =      -14.288  |proj g|=       0.46588
[job(412): 2016-09-09 20:12:32] At iterate     2  f =      -14.554  |proj g|=       0.19412
[job(412): 2016-09-09 20:12:32] At iterate     3  f =      -14.597  |proj g|=      0.023863
[job(412): 2016-09-09 20:12:32] At iterate     4  f =      -14.599  |proj g|=      0.024615
[job(412): 2016-09-09 20:12:32] At iterate     5  f =      -14.603  |proj g|=      0.026963
[job(412): 2016-09-09 20:12:32] At iterate     6  f =      -14.613  |proj g|=      0.063859
[job(412): 2016-09-09 20:12:32] At iterate     7  f =      -14.628  |proj g|=      0.087743
[job(412): 2016-09-09 20:12:32] At iterate     8  f =      -14.641  |proj g|=      0.052429
[job(412): 2016-09-09 20:12:32] At iterate     9  f =      -14.643  |proj g|=      0.010251
[job(412): 2016-09-09 20:12:32] At iterate    10  f =      -14.644  |proj g|=     0.0001566
[job(412): 2016-09-09 20:12:32] At iterate    11  f =      -14.644  |proj g|=    2.5757e-07
[job(412): 2016-09-09 20:12:32] At iterate    12  f =      -14.644  |proj g|=    2.7618e-08
[job(412): 2016-09-09 20:12:32] 
[job(412): 2016-09-09 20:12:32] iterations 12
[job(412): 2016-09-09 20:12:32] function evaluations 13
[job(412): 2016-09-09 20:12:32] segments explored during Cauchy searches 12
[job(412): 2016-09-09 20:12:32] BFGS updates skipped 0
[job(412): 2016-09-09 20:12:32] active bounds at final generalized Cauchy point 0
[job(412): 2016-09-09 20:12:32] norm of the final projected gradient 2.76179e-08
[job(412): 2016-09-09 20:12:32] final function value -14.6436
[job(412): 2016-09-09 20:12:32] 
[job(412): 2016-09-09 20:12:32] F = -14.6436
[job(412): 2016-09-09 20:12:32] final  value -14.643563 
[job(412): 2016-09-09 20:12:32] converged
[job(412): 2016-09-09 20:12:32] [Tune-x] 12: C=14.5; sigma=4.1e+03
[job(412): 2016-09-09 20:12:32] [Tune-y] 12: acc.test.mean= 0.6; time: 0.0 min; memory: 117Mb use, 160Mb max
[job(412): 2016-09-09 20:12:32] 
[job(412): 2016-09-09 20:12:32] optimisation start
[job(412): 2016-09-09 20:12:32] ------------------
[job(412): 2016-09-09 20:12:32] * estimation method   : MLE 
[job(412): 2016-09-09 20:12:32] * optimisation method : BFGS 
[job(412): 2016-09-09 20:12:32] * analytical gradient : used
[job(412): 2016-09-09 20:12:32] * trend model : ~1
[job(412): 2016-09-09 20:12:32] * covariance model : 
[job(412): 2016-09-09 20:12:32]   - type :  matern5_2 
[job(412): 2016-09-09 20:12:32]   - nugget : NO
[job(412): 2016-09-09 20:12:32]   - parameters lower bounds :  1e-10 1e-10 
[job(412): 2016-09-09 20:12:32]   - parameters upper bounds :  47.87508 45.49665 
[job(412): 2016-09-09 20:12:32]   - best initial criterion value(s) :  11.64808 
[job(412): 2016-09-09 20:12:32] 
[job(412): 2016-09-09 20:12:32] N = 2, M = 5 machine precision = 2.22045e-16
[job(412): 2016-09-09 20:12:32] At X0, 0 variables are exactly at the bounds
[job(412): 2016-09-09 20:12:32] At iterate     0  f=      -11.648  |proj g|=       2.6482
[job(412): 2016-09-09 20:12:32] At iterate     1  f =      -14.408  |proj g|=       0.38863
[job(412): 2016-09-09 20:12:32] At iterate     2  f =      -14.485  |proj g|=      0.051171
[job(412): 2016-09-09 20:12:32] At iterate     3  f =      -14.489  |proj g|=      0.050584
[job(412): 2016-09-09 20:12:32] At iterate     4  f =      -14.495  |proj g|=      0.053561
[job(412): 2016-09-09 20:12:32] At iterate     5  f =      -14.516  |proj g|=       0.15831
[job(412): 2016-09-09 20:12:32] At iterate     6  f =      -14.556  |proj g|=       0.28183
[job(412): 2016-09-09 20:12:32] At iterate     7  f =      -14.624  |proj g|=       0.37319
[job(412): 2016-09-09 20:12:32] At iterate     8  f =      -14.677  |proj g|=       0.24357
[job(412): 2016-09-09 20:12:32] At iterate     9  f =      -14.704  |proj g|=      0.014415
[job(412): 2016-09-09 20:12:32] At iterate    10  f =      -14.704  |proj g|=    0.00045257
[job(412): 2016-09-09 20:12:32] At iterate    11  f =      -14.704  |proj g|=    8.7627e-06
[job(412): 2016-09-09 20:12:32] At iterate    12  f =      -14.704  |proj g|=    9.9299e-07
[job(412): 2016-09-09 20:12:32] 
[job(412): 2016-09-09 20:12:32] iterations 12
[job(412): 2016-09-09 20:12:32] function evaluations 13
[job(412): 2016-09-09 20:12:32] segments explored during Cauchy searches 12
[job(412): 2016-09-09 20:12:32] BFGS updates skipped 0
[job(412): 2016-09-09 20:12:32] active bounds at final generalized Cauchy point 0
[job(412): 2016-09-09 20:12:32] norm of the final projected gradient 9.92989e-07
[job(412): 2016-09-09 20:12:32] final function value -14.7038
[job(412): 2016-09-09 20:12:32] 
[job(412): 2016-09-09 20:12:32] F = -14.7038
[job(412): 2016-09-09 20:12:32] final  value -14.703817 
[job(412): 2016-09-09 20:12:32] converged
[job(412): 2016-09-09 20:12:32] [Tune-x] 13: C=36.8; sigma=1.89e+03
[job(412): 2016-09-09 20:12:32] [Tune-y] 13: acc.test.mean=0.607; time: 0.0 min; memory: 117Mb use, 160Mb max
[job(412): 2016-09-09 20:12:32] 
[job(412): 2016-09-09 20:12:32] optimisation start
[job(412): 2016-09-09 20:12:32] ------------------
[job(412): 2016-09-09 20:12:32] * estimation method   : MLE 
[job(412): 2016-09-09 20:12:32] * optimisation method : BFGS 
[job(412): 2016-09-09 20:12:32] * analytical gradient : used
[job(412): 2016-09-09 20:12:32] * trend model : ~1
[job(412): 2016-09-09 20:12:32] * covariance model : 
[job(412): 2016-09-09 20:12:32]   - type :  matern5_2 
[job(412): 2016-09-09 20:12:32]   - nugget : NO
[job(412): 2016-09-09 20:12:32]   - parameters lower bounds :  1e-10 1e-10 
[job(412): 2016-09-09 20:12:32]   - parameters upper bounds :  47.87508 45.49665 
[job(412): 2016-09-09 20:12:32]   - best initial criterion value(s) :  12.45074 
[job(412): 2016-09-09 20:12:32] 
[job(412): 2016-09-09 20:12:32] N = 2, M = 5 machine precision = 2.22045e-16
[job(412): 2016-09-09 20:12:32] At X0, 0 variables are exactly at the bounds
[job(412): 2016-09-09 20:12:32] At iterate     0  f=      -12.451  |proj g|=       2.4586
[job(412): 2016-09-09 20:12:32] At iterate     1  f =      -13.285  |proj g|=       0.12916
[job(412): 2016-09-09 20:12:32] At iterate     2  f =      -13.291  |proj g|=       0.10633
[job(412): 2016-09-09 20:12:32] At iterate     3  f =      -13.298  |proj g|=        0.1034
[job(412): 2016-09-09 20:12:32] At iterate     4  f =      -13.318  |proj g|=        0.2584
[job(412): 2016-09-09 20:12:32] At iterate     5  f =      -13.369  |proj g|=       0.54201
[job(412): 2016-09-09 20:12:32] At iterate     6  f =      -13.487  |proj g|=       0.96828
[job(412): 2016-09-09 20:12:32] At iterate     7  f =      -13.644  |proj g|=        1.4986
[job(412): 2016-09-09 20:12:32] At iterate     8  f =      -13.863  |proj g|=        1.2931
[job(412): 2016-09-09 20:12:32] At iterate     9  f =      -14.612  |proj g|=       0.67883
[job(412): 2016-09-09 20:12:32] At iterate    10  f =      -15.076  |proj g|=       0.21033
[job(412): 2016-09-09 20:12:32] At iterate    11  f =      -15.165  |proj g|=      0.011278
[job(412): 2016-09-09 20:12:32] At iterate    12  f =      -15.165  |proj g|=     0.0016589
[job(412): 2016-09-09 20:12:32] At iterate    13  f =      -15.165  |proj g|=    0.00022659
[job(412): 2016-09-09 20:12:32] At iterate    14  f =      -15.165  |proj g|=    9.7492e-06
[job(412): 2016-09-09 20:12:32] At iterate    15  f =      -15.165  |proj g|=    3.9702e-07
[job(412): 2016-09-09 20:12:32] 
[job(412): 2016-09-09 20:12:32] iterations 15
[job(412): 2016-09-09 20:12:32] function evaluations 18
[job(412): 2016-09-09 20:12:32] segments explored during Cauchy searches 15
[job(412): 2016-09-09 20:12:32] BFGS updates skipped 0
[job(412): 2016-09-09 20:12:32] active bounds at final generalized Cauchy point 0
[job(412): 2016-09-09 20:12:32] norm of the final projected gradient 3.97016e-07
[job(412): 2016-09-09 20:12:32] final function value -15.1651
[job(412): 2016-09-09 20:12:32] 
[job(412): 2016-09-09 20:12:32] F = -15.1651
[job(412): 2016-09-09 20:12:32] final  value -15.165103 
[job(412): 2016-09-09 20:12:32] converged
[job(412): 2016-09-09 20:12:32] [Tune-x] 14: C=144; sigma=4.1e+03
[job(412): 2016-09-09 20:12:32] [Tune-y] 14: acc.test.mean= 0.6; time: 0.0 min; memory: 117Mb use, 160Mb max
[job(412): 2016-09-09 20:12:32] 
[job(412): 2016-09-09 20:12:32] optimisation start
[job(412): 2016-09-09 20:12:32] ------------------
[job(412): 2016-09-09 20:12:32] * estimation method   : MLE 
[job(412): 2016-09-09 20:12:32] * optimisation method : BFGS 
[job(412): 2016-09-09 20:12:32] * analytical gradient : used
[job(412): 2016-09-09 20:12:32] * trend model : ~1
[job(412): 2016-09-09 20:12:32] * covariance model : 
[job(412): 2016-09-09 20:12:32]   - type :  matern5_2 
[job(412): 2016-09-09 20:12:32]   - nugget : NO
[job(412): 2016-09-09 20:12:32]   - parameters lower bounds :  1e-10 1e-10 
[job(412): 2016-09-09 20:12:32]   - parameters upper bounds :  47.87508 45.49665 
[job(412): 2016-09-09 20:12:32]   - best initial criterion value(s) :  16.1849 
[job(412): 2016-09-09 20:12:32] 
[job(412): 2016-09-09 20:12:32] N = 2, M = 5 machine precision = 2.22045e-16
[job(412): 2016-09-09 20:12:32] At X0, 0 variables are exactly at the bounds
[job(412): 2016-09-09 20:12:32] At iterate     0  f=      -16.185  |proj g|=       2.0696
[job(412): 2016-09-09 20:12:32] At iterate     1  f =      -16.639  |proj g|=       0.15956
[job(412): 2016-09-09 20:12:32] At iterate     2  f =      -16.642  |proj g|=      0.049472
[job(412): 2016-09-09 20:12:32] At iterate     3  f =      -16.644  |proj g|=      0.066091
[job(412): 2016-09-09 20:12:32] At iterate     4  f =      -16.655  |proj g|=       0.19052
[job(412): 2016-09-09 20:12:32] At iterate     5  f =      -16.674  |proj g|=       0.29123
[job(412): 2016-09-09 20:12:32] At iterate     6  f =      -16.691  |proj g|=       0.22952
[job(412): 2016-09-09 20:12:32] At iterate     7  f =      -16.698  |proj g|=      0.078375
[job(412): 2016-09-09 20:12:32] At iterate     8  f =      -16.698  |proj g|=      0.010429
[job(412): 2016-09-09 20:12:32] At iterate     9  f =      -16.698  |proj g|=    0.00019947
[job(412): 2016-09-09 20:12:32] At iterate    10  f =      -16.698  |proj g|=     7.053e-05
[job(412): 2016-09-09 20:12:32] At iterate    11  f =      -16.698  |proj g|=    6.8733e-05
[job(412): 2016-09-09 20:12:32] 
[job(412): 2016-09-09 20:12:32] iterations 11
[job(412): 2016-09-09 20:12:32] function evaluations 14
[job(412): 2016-09-09 20:12:32] segments explored during Cauchy searches 11
[job(412): 2016-09-09 20:12:32] BFGS updates skipped 0
[job(412): 2016-09-09 20:12:32] active bounds at final generalized Cauchy point 0
[job(412): 2016-09-09 20:12:32] norm of the final projected gradient 6.87331e-05
[job(412): 2016-09-09 20:12:32] final function value -16.6982
[job(412): 2016-09-09 20:12:32] 
[job(412): 2016-09-09 20:12:32] F = -16.6982
[job(412): 2016-09-09 20:12:32] final  value -16.698233 
[job(412): 2016-09-09 20:12:32] converged
[job(412): 2016-09-09 20:12:32] [Tune-x] 15: C=127; sigma=192
[job(412): 2016-09-09 20:12:32] [Tune-y] 15: acc.test.mean=0.637; time: 0.0 min; memory: 117Mb use, 160Mb max
[job(412): 2016-09-09 20:12:32] 
[job(412): 2016-09-09 20:12:32] optimisation start
[job(412): 2016-09-09 20:12:32] ------------------
[job(412): 2016-09-09 20:12:32] * estimation method   : MLE 
[job(412): 2016-09-09 20:12:32] * optimisation method : BFGS 
[job(412): 2016-09-09 20:12:32] * analytical gradient : used
[job(412): 2016-09-09 20:12:32] * trend model : ~1
[job(412): 2016-09-09 20:12:32] * covariance model : 
[job(412): 2016-09-09 20:12:32]   - type :  matern5_2 
[job(412): 2016-09-09 20:12:32]   - nugget : NO
[job(412): 2016-09-09 20:12:32]   - parameters lower bounds :  1e-10 1e-10 
[job(412): 2016-09-09 20:12:32]   - parameters upper bounds :  47.87508 45.49665 
[job(412): 2016-09-09 20:12:32]   - best initial criterion value(s) :  19.60264 
[job(412): 2016-09-09 20:12:32] 
[job(412): 2016-09-09 20:12:32] N = 2, M = 5 machine precision = 2.22045e-16
[job(412): 2016-09-09 20:12:32] At X0, 0 variables are exactly at the bounds
[job(412): 2016-09-09 20:12:32] At iterate     0  f=      -19.603  |proj g|=      0.53872
[job(412): 2016-09-09 20:12:32] At iterate     1  f =      -19.631  |proj g|=      0.036928
[job(412): 2016-09-09 20:12:32] At iterate     2  f =      -19.631  |proj g|=      0.036994
[job(412): 2016-09-09 20:12:32] At iterate     3  f =      -19.635  |proj g|=       0.10305
[job(412): 2016-09-09 20:12:32] At iterate     4  f =       -19.64  |proj g|=       0.19065
[job(412): 2016-09-09 20:12:32] At iterate     5  f =       -19.65  |proj g|=        0.2598
[job(412): 2016-09-09 20:12:32] At iterate     6  f =      -19.659  |proj g|=        0.1964
[job(412): 2016-09-09 20:12:32] At iterate     7  f =      -19.663  |proj g|=      0.035537
[job(412): 2016-09-09 20:12:32] At iterate     8  f =      -19.663  |proj g|=     0.0017798
[job(412): 2016-09-09 20:12:32] At iterate     9  f =      -19.663  |proj g|=    3.1877e-05
[job(412): 2016-09-09 20:12:32] At iterate    10  f =      -19.663  |proj g|=    2.2185e-05
[job(412): 2016-09-09 20:12:32] 
[job(412): 2016-09-09 20:12:32] iterations 10
[job(412): 2016-09-09 20:12:32] function evaluations 12
[job(412): 2016-09-09 20:12:32] segments explored during Cauchy searches 10
[job(412): 2016-09-09 20:12:32] BFGS updates skipped 0
[job(412): 2016-09-09 20:12:32] active bounds at final generalized Cauchy point 0
[job(412): 2016-09-09 20:12:32] norm of the final projected gradient 2.21854e-05
[job(412): 2016-09-09 20:12:32] final function value -19.6631
[job(412): 2016-09-09 20:12:32] 
[job(412): 2016-09-09 20:12:32] F = -19.6631
[job(412): 2016-09-09 20:12:32] final  value -19.663115 
[job(412): 2016-09-09 20:12:32] converged
[job(412): 2016-09-09 20:12:32] [Tune-x] 16: C=127; sigma=189
[job(412): 2016-09-09 20:12:32] [Tune-y] 16: acc.test.mean=0.593; time: 0.0 min; memory: 117Mb use, 160Mb max
[job(412): 2016-09-09 20:12:32] 
[job(412): 2016-09-09 20:12:32] optimisation start
[job(412): 2016-09-09 20:12:32] ------------------
[job(412): 2016-09-09 20:12:32] * estimation method   : MLE 
[job(412): 2016-09-09 20:12:32] * optimisation method : BFGS 
[job(412): 2016-09-09 20:12:32] * analytical gradient : used
[job(412): 2016-09-09 20:12:32] * trend model : ~1
[job(412): 2016-09-09 20:12:32] * covariance model : 
[job(412): 2016-09-09 20:12:32]   - type :  matern5_2 
[job(412): 2016-09-09 20:12:32]   - nugget : NO
[job(412): 2016-09-09 20:12:32]   - parameters lower bounds :  1e-10 1e-10 
[job(412): 2016-09-09 20:12:32]   - parameters upper bounds :  47.87508 45.49665 
[job(412): 2016-09-09 20:12:32]   - best initial criterion value(s) :  -13.09098 
[job(412): 2016-09-09 20:12:32] 
[job(412): 2016-09-09 20:12:32] N = 2, M = 5 machine precision = 2.22045e-16
[job(412): 2016-09-09 20:12:32] At X0, 0 variables are exactly at the bounds
[job(412): 2016-09-09 20:12:32] At iterate     0  f=       13.091  |proj g|=      0.19491
[job(412): 2016-09-09 20:12:32] At iterate     1  f =      -10.493  |proj g|=             0
[job(412): 2016-09-09 20:12:32] 
[job(412): 2016-09-09 20:12:32] iterations 1
[job(412): 2016-09-09 20:12:32] function evaluations 2
[job(412): 2016-09-09 20:12:32] segments explored during Cauchy searches 2
[job(412): 2016-09-09 20:12:32] BFGS updates skipped 0
[job(412): 2016-09-09 20:12:32] active bounds at final generalized Cauchy point 1
[job(412): 2016-09-09 20:12:32] norm of the final projected gradient 0
[job(412): 2016-09-09 20:12:32] final function value -10.4934
[job(412): 2016-09-09 20:12:32] 
[job(412): 2016-09-09 20:12:32] F = -10.4934
[job(412): 2016-09-09 20:12:32] final  value -10.493445 
[job(412): 2016-09-09 20:12:32] converged
[job(412): 2016-09-09 20:12:32] [Tune-x] 17: C=2.38; sigma=0.00343
[job(412): 2016-09-09 20:12:32] [Tune-y] 17: acc.test.mean=0.348; time: 0.0 min; memory: 117Mb use, 160Mb max
[job(412): 2016-09-09 20:12:32] 
[job(412): 2016-09-09 20:12:32] optimisation start
[job(412): 2016-09-09 20:12:32] ------------------
[job(412): 2016-09-09 20:12:32] * estimation method   : MLE 
[job(412): 2016-09-09 20:12:32] * optimisation method : BFGS 
[job(412): 2016-09-09 20:12:32] * analytical gradient : used
[job(412): 2016-09-09 20:12:32] * trend model : ~1
[job(412): 2016-09-09 20:12:32] * covariance model : 
[job(412): 2016-09-09 20:12:32]   - type :  matern5_2 
[job(412): 2016-09-09 20:12:32]   - nugget : NO
[job(412): 2016-09-09 20:12:32]   - parameters lower bounds :  1e-10 1e-10 
[job(412): 2016-09-09 20:12:32]   - parameters upper bounds :  47.87508 45.49665 
[job(412): 2016-09-09 20:12:32]   - best initial criterion value(s) :  -51.23064 
[job(412): 2016-09-09 20:12:32] 
[job(412): 2016-09-09 20:12:32] N = 2, M = 5 machine precision = 2.22045e-16
[job(412): 2016-09-09 20:12:32] At X0, 0 variables are exactly at the bounds
[job(412): 2016-09-09 20:12:32] At iterate     0  f=       51.231  |proj g|=       2.8444
[job(412): 2016-09-09 20:12:32] At iterate     1  f =       40.693  |proj g|=        4.6792
[job(412): 2016-09-09 20:12:32] ys=-5.234e+00  -gs= 8.166e+00, BFGS update SKIPPED
[job(412): 2016-09-09 20:12:32] At iterate     2  f =      -10.866  |proj g|=             0
[job(412): 2016-09-09 20:12:32] 
[job(412): 2016-09-09 20:12:32] iterations 2
[job(412): 2016-09-09 20:12:32] function evaluations 4
[job(412): 2016-09-09 20:12:32] segments explored during Cauchy searches 2
[job(412): 2016-09-09 20:12:32] BFGS updates skipped 1
[job(412): 2016-09-09 20:12:32] active bounds at final generalized Cauchy point 0
[job(412): 2016-09-09 20:12:32] norm of the final projected gradient 0
[job(412): 2016-09-09 20:12:32] final function value -10.8661
[job(412): 2016-09-09 20:12:32] 
[job(412): 2016-09-09 20:12:32] F = -10.8661
[job(412): 2016-09-09 20:12:32] final  value -10.866142 
[job(412): 2016-09-09 20:12:32] converged
[job(412): 2016-09-09 20:12:32] [Tune-x] 18: C=0.000822; sigma=0.0161
[job(412): 2016-09-09 20:12:32] [Tune-y] 18: acc.test.mean=0.326; time: 0.0 min; memory: 117Mb use, 160Mb max
[job(412): 2016-09-09 20:12:32] 
[job(412): 2016-09-09 20:12:32] optimisation start
[job(412): 2016-09-09 20:12:32] ------------------
[job(412): 2016-09-09 20:12:32] * estimation method   : MLE 
[job(412): 2016-09-09 20:12:32] * optimisation method : BFGS 
[job(412): 2016-09-09 20:12:32] * analytical gradient : used
[job(412): 2016-09-09 20:12:32] * trend model : ~1
[job(412): 2016-09-09 20:12:32] * covariance model : 
[job(412): 2016-09-09 20:12:32]   - type :  matern5_2 
[job(412): 2016-09-09 20:12:32]   - nugget : NO
[job(412): 2016-09-09 20:12:32]   - parameters lower bounds :  1e-10 1e-10 
[job(412): 2016-09-09 20:12:32]   - parameters upper bounds :  47.87508 45.49665 
[job(412): 2016-09-09 20:12:32]   - best initial criterion value(s) :  -37.32047 
[job(412): 2016-09-09 20:12:32] 
[job(412): 2016-09-09 20:12:32] N = 2, M = 5 machine precision = 2.22045e-16
[job(412): 2016-09-09 20:12:32] At X0, 0 variables are exactly at the bounds
[job(412): 2016-09-09 20:12:32] At iterate     0  f=        37.32  |proj g|=       3.6937
[job(412): 2016-09-09 20:12:32] At iterate     1  f =       17.023  |proj g|=        1.1699
[job(412): 2016-09-09 20:12:32] ys=-6.461e+01  -gs= 1.365e+01, BFGS update SKIPPED
[job(412): 2016-09-09 20:12:32] At iterate     2  f =      -11.125  |proj g|=             0
[job(412): 2016-09-09 20:12:32] 
[job(412): 2016-09-09 20:12:32] iterations 2
[job(412): 2016-09-09 20:12:32] function evaluations 3
[job(412): 2016-09-09 20:12:32] segments explored during Cauchy searches 3
[job(412): 2016-09-09 20:12:32] BFGS updates skipped 1
[job(412): 2016-09-09 20:12:32] active bounds at final generalized Cauchy point 1
[job(412): 2016-09-09 20:12:32] norm of the final projected gradient 0
[job(412): 2016-09-09 20:12:32] final function value -11.1249
[job(412): 2016-09-09 20:12:32] 
[job(412): 2016-09-09 20:12:32] F = -11.1249
[job(412): 2016-09-09 20:12:32] final  value -11.124902 
[job(412): 2016-09-09 20:12:32] converged
[job(412): 2016-09-09 20:12:32] [Tune-x] 19: C=50.4; sigma=71.7
[job(412): 2016-09-09 20:12:32] [Tune-y] 19: acc.test.mean=0.519; time: 0.0 min; memory: 117Mb use, 160Mb max
[job(412): 2016-09-09 20:12:32] 
[job(412): 2016-09-09 20:12:32] optimisation start
[job(412): 2016-09-09 20:12:32] ------------------
[job(412): 2016-09-09 20:12:32] * estimation method   : MLE 
[job(412): 2016-09-09 20:12:32] * optimisation method : BFGS 
[job(412): 2016-09-09 20:12:32] * analytical gradient : used
[job(412): 2016-09-09 20:12:32] * trend model : ~1
[job(412): 2016-09-09 20:12:32] * covariance model : 
[job(412): 2016-09-09 20:12:32]   - type :  matern5_2 
[job(412): 2016-09-09 20:12:32]   - nugget : NO
[job(412): 2016-09-09 20:12:32]   - parameters lower bounds :  1e-10 1e-10 
[job(412): 2016-09-09 20:12:32]   - parameters upper bounds :  47.87508 45.49665 
[job(412): 2016-09-09 20:12:32]   - best initial criterion value(s) :  -40.93519 
[job(412): 2016-09-09 20:12:32] 
[job(412): 2016-09-09 20:12:32] N = 2, M = 5 machine precision = 2.22045e-16
[job(412): 2016-09-09 20:12:32] At X0, 0 variables are exactly at the bounds
[job(412): 2016-09-09 20:12:32] At iterate     0  f=       40.935  |proj g|=       2.8441
[job(412): 2016-09-09 20:12:32] At iterate     1  f =      -12.235  |proj g|=             0
[job(412): 2016-09-09 20:12:32] 
[job(412): 2016-09-09 20:12:32] iterations 1
[job(412): 2016-09-09 20:12:32] function evaluations 2
[job(412): 2016-09-09 20:12:32] segments explored during Cauchy searches 2
[job(412): 2016-09-09 20:12:32] BFGS updates skipped 0
[job(412): 2016-09-09 20:12:32] active bounds at final generalized Cauchy point 1
[job(412): 2016-09-09 20:12:32] norm of the final projected gradient 0
[job(412): 2016-09-09 20:12:32] final function value -12.2349
[job(412): 2016-09-09 20:12:32] 
[job(412): 2016-09-09 20:12:32] F = -12.2349
[job(412): 2016-09-09 20:12:32] final  value -12.234931 
[job(412): 2016-09-09 20:12:32] converged
[job(412): 2016-09-09 20:12:32] [Tune-x] 20: C=543; sigma=1.87
[job(412): 2016-09-09 20:12:32] [Tune-y] 20: acc.test.mean=0.467; time: 0.0 min; memory: 117Mb use, 160Mb max
[job(412): 2016-09-09 20:12:32] 
[job(412): 2016-09-09 20:12:32] optimisation start
[job(412): 2016-09-09 20:12:32] ------------------
[job(412): 2016-09-09 20:12:32] * estimation method   : MLE 
[job(412): 2016-09-09 20:12:32] * optimisation method : BFGS 
[job(412): 2016-09-09 20:12:32] * analytical gradient : used
[job(412): 2016-09-09 20:12:32] * trend model : ~1
[job(412): 2016-09-09 20:12:32] * covariance model : 
[job(412): 2016-09-09 20:12:32]   - type :  matern5_2 
[job(412): 2016-09-09 20:12:32]   - nugget : NO
[job(412): 2016-09-09 20:12:32]   - parameters lower bounds :  1e-10 1e-10 
[job(412): 2016-09-09 20:12:32]   - parameters upper bounds :  47.87508 45.49665 
[job(412): 2016-09-09 20:12:32]   - best initial criterion value(s) :  -13.34056 
[job(412): 2016-09-09 20:12:32] 
[job(412): 2016-09-09 20:12:32] N = 2, M = 5 machine precision = 2.22045e-16
[job(412): 2016-09-09 20:12:32] At X0, 0 variables are exactly at the bounds
[job(412): 2016-09-09 20:12:32] At iterate     0  f=       13.341  |proj g|=      0.93992
[job(412): 2016-09-09 20:12:32] At iterate     1  f =      -13.371  |proj g|=             0
[job(412): 2016-09-09 20:12:32] 
[job(412): 2016-09-09 20:12:32] iterations 1
[job(412): 2016-09-09 20:12:32] function evaluations 2
[job(412): 2016-09-09 20:12:32] segments explored during Cauchy searches 2
[job(412): 2016-09-09 20:12:32] BFGS updates skipped 0
[job(412): 2016-09-09 20:12:32] active bounds at final generalized Cauchy point 1
[job(412): 2016-09-09 20:12:32] norm of the final projected gradient 0
[job(412): 2016-09-09 20:12:32] final function value -13.3707
[job(412): 2016-09-09 20:12:32] 
[job(412): 2016-09-09 20:12:32] F = -13.3707
[job(412): 2016-09-09 20:12:32] final  value -13.370707 
[job(412): 2016-09-09 20:12:32] converged
[job(412): 2016-09-09 20:12:32] [Tune-x] 21: C=0.125; sigma=0.342
[job(412): 2016-09-09 20:12:32] [Tune-y] 21: acc.test.mean=0.407; time: 0.0 min; memory: 117Mb use, 160Mb max
[job(412): 2016-09-09 20:12:32] 
[job(412): 2016-09-09 20:12:32] optimisation start
[job(412): 2016-09-09 20:12:32] ------------------
[job(412): 2016-09-09 20:12:32] * estimation method   : MLE 
[job(412): 2016-09-09 20:12:32] * optimisation method : BFGS 
[job(412): 2016-09-09 20:12:32] * analytical gradient : used
[job(412): 2016-09-09 20:12:32] * trend model : ~1
[job(412): 2016-09-09 20:12:32] * covariance model : 
[job(412): 2016-09-09 20:12:32]   - type :  matern5_2 
[job(412): 2016-09-09 20:12:32]   - nugget : NO
[job(412): 2016-09-09 20:12:32]   - parameters lower bounds :  1e-10 1e-10 
[job(412): 2016-09-09 20:12:32]   - parameters upper bounds :  47.87508 45.49665 
[job(412): 2016-09-09 20:12:32]   - best initial criterion value(s) :  -3.373156 
[job(412): 2016-09-09 20:12:32] 
[job(412): 2016-09-09 20:12:32] N = 2, M = 5 machine precision = 2.22045e-16
[job(412): 2016-09-09 20:12:32] At X0, 0 variables are exactly at the bounds
[job(412): 2016-09-09 20:12:32] At iterate     0  f=       3.3732  |proj g|=      0.66065
[job(412): 2016-09-09 20:12:32] At iterate     1  f =      -14.324  |proj g|=             0
[job(412): 2016-09-09 20:12:32] 
[job(412): 2016-09-09 20:12:32] iterations 1
[job(412): 2016-09-09 20:12:32] function evaluations 2
[job(412): 2016-09-09 20:12:32] segments explored during Cauchy searches 2
[job(412): 2016-09-09 20:12:32] BFGS updates skipped 0
[job(412): 2016-09-09 20:12:32] active bounds at final generalized Cauchy point 1
[job(412): 2016-09-09 20:12:32] norm of the final projected gradient 0
[job(412): 2016-09-09 20:12:32] final function value -14.3242
[job(412): 2016-09-09 20:12:32] 
[job(412): 2016-09-09 20:12:32] F = -14.3242
[job(412): 2016-09-09 20:12:32] final  value -14.324166 
[job(412): 2016-09-09 20:12:32] converged
[job(412): 2016-09-09 20:12:32] [Tune-x] 22: C=65.3; sigma=1.4
[job(412): 2016-09-09 20:12:32] [Tune-y] 22: acc.test.mean=0.467; time: 0.0 min; memory: 117Mb use, 168Mb max
[job(412): 2016-09-09 20:12:32] 
[job(412): 2016-09-09 20:12:32] optimisation start
[job(412): 2016-09-09 20:12:32] ------------------
[job(412): 2016-09-09 20:12:32] * estimation method   : MLE 
[job(412): 2016-09-09 20:12:32] * optimisation method : BFGS 
[job(412): 2016-09-09 20:12:32] * analytical gradient : used
[job(412): 2016-09-09 20:12:32] * trend model : ~1
[job(412): 2016-09-09 20:12:32] * covariance model : 
[job(412): 2016-09-09 20:12:32]   - type :  matern5_2 
[job(412): 2016-09-09 20:12:32]   - nugget : NO
[job(412): 2016-09-09 20:12:32]   - parameters lower bounds :  1e-10 1e-10 
[job(412): 2016-09-09 20:12:32]   - parameters upper bounds :  47.87508 45.49665 
[job(412): 2016-09-09 20:12:32]   - best initial criterion value(s) :  18.27763 
[job(412): 2016-09-09 20:12:32] 
[job(412): 2016-09-09 20:12:32] N = 2, M = 5 machine precision = 2.22045e-16
[job(412): 2016-09-09 20:12:32] At X0, 0 variables are exactly at the bounds
[job(412): 2016-09-09 20:12:32] At iterate     0  f=      -18.278  |proj g|=      0.16986
[job(412): 2016-09-09 20:12:32] At iterate     1  f =      -19.127  |proj g|=       0.14126
[job(412): 2016-09-09 20:12:32] At iterate     2  f =      -20.134  |proj g|=        9.0517
[job(412): 2016-09-09 20:12:32] At iterate     3  f =      -20.189  |proj g|=       0.08287
[job(412): 2016-09-09 20:12:32] At iterate     4  f =      -20.204  |proj g|=       0.08478
[job(412): 2016-09-09 20:12:32] At iterate     5  f =      -20.204  |proj g|=      0.085224
[job(412): 2016-09-09 20:12:32] At iterate     6  f =      -20.204  |proj g|=      0.085189
[job(412): 2016-09-09 20:12:32] At iterate     7  f =      -20.204  |proj g|=      0.085058
[job(412): 2016-09-09 20:12:32] At iterate     8  f =      -20.204  |proj g|=      0.084822
[job(412): 2016-09-09 20:12:32] At iterate     9  f =      -20.205  |proj g|=       0.08426
[job(412): 2016-09-09 20:12:32] At iterate    10  f =      -20.207  |proj g|=      0.082991
[job(412): 2016-09-09 20:12:32] At iterate    11  f =      -20.211  |proj g|=       0.07999
[job(412): 2016-09-09 20:12:32] At iterate    12  f =       -20.22  |proj g|=      0.073145
[job(412): 2016-09-09 20:12:32] At iterate    13  f =      -20.241  |proj g|=      0.071763
[job(412): 2016-09-09 20:12:32] At iterate    14  f =      -20.281  |proj g|=      0.072595
[job(412): 2016-09-09 20:12:32] At iterate    15  f =      -20.332  |proj g|=        2.4069
[job(412): 2016-09-09 20:12:32] At iterate    16  f =      -20.338  |proj g|=      0.059972
[job(412): 2016-09-09 20:12:32] At iterate    17  f =      -20.338  |proj g|=      0.016456
[job(412): 2016-09-09 20:12:32] At iterate    18  f =      -20.338  |proj g|=    0.00017148
[job(412): 2016-09-09 20:12:32] At iterate    19  f =      -20.338  |proj g|=    1.0031e-06
[job(412): 2016-09-09 20:12:32] 
[job(412): 2016-09-09 20:12:32] iterations 19
[job(412): 2016-09-09 20:12:32] function evaluations 21
[job(412): 2016-09-09 20:12:32] segments explored during Cauchy searches 20
[job(412): 2016-09-09 20:12:32] BFGS updates skipped 0
[job(412): 2016-09-09 20:12:32] active bounds at final generalized Cauchy point 0
[job(412): 2016-09-09 20:12:32] norm of the final projected gradient 1.00306e-06
[job(412): 2016-09-09 20:12:32] final function value -20.3383
[job(412): 2016-09-09 20:12:32] 
[job(412): 2016-09-09 20:12:32] F = -20.3383
[job(412): 2016-09-09 20:12:32] final  value -20.338316 
[job(412): 2016-09-09 20:12:32] converged
[job(412): 2016-09-09 20:12:32] [Tune-x] 23: C=148; sigma=194
[job(412): 2016-09-09 20:12:32] [Tune-y] 23: acc.test.mean=0.422; time: 0.0 min; memory: 117Mb use, 168Mb max
[job(412): 2016-09-09 20:12:32] 
[job(412): 2016-09-09 20:12:32] optimisation start
[job(412): 2016-09-09 20:12:32] ------------------
[job(412): 2016-09-09 20:12:32] * estimation method   : MLE 
[job(412): 2016-09-09 20:12:32] * optimisation method : BFGS 
[job(412): 2016-09-09 20:12:32] * analytical gradient : used
[job(412): 2016-09-09 20:12:32] * trend model : ~1
[job(412): 2016-09-09 20:12:32] * covariance model : 
[job(412): 2016-09-09 20:12:32]   - type :  matern5_2 
[job(412): 2016-09-09 20:12:32]   - nugget : NO
[job(412): 2016-09-09 20:12:32]   - parameters lower bounds :  1e-10 1e-10 
[job(412): 2016-09-09 20:12:32]   - parameters upper bounds :  47.87508 45.49665 
[job(412): 2016-09-09 20:12:32]   - best initial criterion value(s) :  -23.15347 
[job(412): 2016-09-09 20:12:32] 
[job(412): 2016-09-09 20:12:32] N = 2, M = 5 machine precision = 2.22045e-16
[job(412): 2016-09-09 20:12:32] At X0, 0 variables are exactly at the bounds
[job(412): 2016-09-09 20:12:32] At iterate     0  f=       23.153  |proj g|=      0.13413
[job(412): 2016-09-09 20:12:32] At iterate     1  f =      -16.576  |proj g|=             0
[job(412): 2016-09-09 20:12:32] 
[job(412): 2016-09-09 20:12:32] iterations 1
[job(412): 2016-09-09 20:12:32] function evaluations 2
[job(412): 2016-09-09 20:12:32] segments explored during Cauchy searches 2
[job(412): 2016-09-09 20:12:32] BFGS updates skipped 0
[job(412): 2016-09-09 20:12:32] active bounds at final generalized Cauchy point 1
[job(412): 2016-09-09 20:12:32] norm of the final projected gradient 0
[job(412): 2016-09-09 20:12:32] final function value -16.5758
[job(412): 2016-09-09 20:12:32] 
[job(412): 2016-09-09 20:12:32] F = -16.5758
[job(412): 2016-09-09 20:12:32] final  value -16.575753 
[job(412): 2016-09-09 20:12:32] converged
[job(412): 2016-09-09 20:12:32] [Tune-x] 24: C=438; sigma=0.862
[job(412): 2016-09-09 20:12:32] [Tune-y] 24: acc.test.mean=0.504; time: 0.0 min; memory: 117Mb use, 168Mb max
[job(412): 2016-09-09 20:12:32] 
[job(412): 2016-09-09 20:12:32] optimisation start
[job(412): 2016-09-09 20:12:32] ------------------
[job(412): 2016-09-09 20:12:32] * estimation method   : MLE 
[job(412): 2016-09-09 20:12:32] * optimisation method : BFGS 
[job(412): 2016-09-09 20:12:32] * analytical gradient : used
[job(412): 2016-09-09 20:12:32] * trend model : ~1
[job(412): 2016-09-09 20:12:32] * covariance model : 
[job(412): 2016-09-09 20:12:32]   - type :  matern5_2 
[job(412): 2016-09-09 20:12:32]   - nugget : NO
[job(412): 2016-09-09 20:12:32]   - parameters lower bounds :  1e-10 1e-10 
[job(412): 2016-09-09 20:12:32]   - parameters upper bounds :  47.87508 45.49665 
[job(412): 2016-09-09 20:12:32]   - best initial criterion value(s) :  -63.51405 
[job(412): 2016-09-09 20:12:32] 
[job(412): 2016-09-09 20:12:32] N = 2, M = 5 machine precision = 2.22045e-16
[job(412): 2016-09-09 20:12:32] At X0, 0 variables are exactly at the bounds
[job(412): 2016-09-09 20:12:32] At iterate     0  f=       63.514  |proj g|=       2.6428
[job(412): 2016-09-09 20:12:32] At iterate     1  f =       53.673  |proj g|=        1.9281
[job(412): 2016-09-09 20:12:32] ys=-5.717e+00  -gs= 7.173e+00, BFGS update SKIPPED
[job(412): 2016-09-09 20:12:32] At iterate     2  f =      -17.793  |proj g|=             0
[job(412): 2016-09-09 20:12:32] 
[job(412): 2016-09-09 20:12:32] iterations 2
[job(412): 2016-09-09 20:12:32] function evaluations 3
[job(412): 2016-09-09 20:12:32] segments explored during Cauchy searches 3
[job(412): 2016-09-09 20:12:32] BFGS updates skipped 1
[job(412): 2016-09-09 20:12:32] active bounds at final generalized Cauchy point 1
[job(412): 2016-09-09 20:12:32] norm of the final projected gradient 0
[job(412): 2016-09-09 20:12:32] final function value -17.7928
[job(412): 2016-09-09 20:12:32] 
[job(412): 2016-09-09 20:12:32] F = -17.7928
[job(412): 2016-09-09 20:12:32] final  value -17.792771 
[job(412): 2016-09-09 20:12:32] converged
[job(412): 2016-09-09 20:12:32] [Tune-x] 25: C=3.15e+03; sigma=2.09
[job(412): 2016-09-09 20:12:32] [Tune-y] 25: acc.test.mean=0.548; time: 0.0 min; memory: 117Mb use, 168Mb max
[job(412): 2016-09-09 20:12:32] 
[job(412): 2016-09-09 20:12:32] optimisation start
[job(412): 2016-09-09 20:12:32] ------------------
[job(412): 2016-09-09 20:12:32] * estimation method   : MLE 
[job(412): 2016-09-09 20:12:32] * optimisation method : BFGS 
[job(412): 2016-09-09 20:12:32] * analytical gradient : used
[job(412): 2016-09-09 20:12:32] * trend model : ~1
[job(412): 2016-09-09 20:12:32] * covariance model : 
[job(412): 2016-09-09 20:12:32]   - type :  matern5_2 
[job(412): 2016-09-09 20:12:32]   - nugget : NO
[job(412): 2016-09-09 20:12:32]   - parameters lower bounds :  1e-10 1e-10 
[job(412): 2016-09-09 20:12:32]   - parameters upper bounds :  47.87508 45.49665 
[job(412): 2016-09-09 20:12:32]   - best initial criterion value(s) :  -31.91288 
[job(412): 2016-09-09 20:12:32] 
[job(412): 2016-09-09 20:12:32] N = 2, M = 5 machine precision = 2.22045e-16
[job(412): 2016-09-09 20:12:32] At X0, 0 variables are exactly at the bounds
[job(412): 2016-09-09 20:12:32] At iterate     0  f=       31.913  |proj g|=      0.32305
[job(412): 2016-09-09 20:12:32] At iterate     1  f =      -18.893  |proj g|=             0
[job(412): 2016-09-09 20:12:32] 
[job(412): 2016-09-09 20:12:32] iterations 1
[job(412): 2016-09-09 20:12:32] function evaluations 2
[job(412): 2016-09-09 20:12:32] segments explored during Cauchy searches 2
[job(412): 2016-09-09 20:12:32] BFGS updates skipped 0
[job(412): 2016-09-09 20:12:32] active bounds at final generalized Cauchy point 1
[job(412): 2016-09-09 20:12:32] norm of the final projected gradient 0
[job(412): 2016-09-09 20:12:32] final function value -18.8933
[job(412): 2016-09-09 20:12:32] 
[job(412): 2016-09-09 20:12:32] F = -18.8933
[job(412): 2016-09-09 20:12:32] final  value -18.893263 
[job(412): 2016-09-09 20:12:32] converged
[job(412): 2016-09-09 20:12:32] [Tune-x] 26: C=17.6; sigma=109
[job(412): 2016-09-09 20:12:32] [Tune-y] 26: acc.test.mean=0.57; time: 0.0 min; memory: 117Mb use, 168Mb max
[job(412): 2016-09-09 20:12:32] 
[job(412): 2016-09-09 20:12:32] optimisation start
[job(412): 2016-09-09 20:12:32] ------------------
[job(412): 2016-09-09 20:12:32] * estimation method   : MLE 
[job(412): 2016-09-09 20:12:32] * optimisation method : BFGS 
[job(412): 2016-09-09 20:12:32] * analytical gradient : used
[job(412): 2016-09-09 20:12:32] * trend model : ~1
[job(412): 2016-09-09 20:12:32] * covariance model : 
[job(412): 2016-09-09 20:12:32]   - type :  matern5_2 
[job(412): 2016-09-09 20:12:32]   - nugget : NO
[job(412): 2016-09-09 20:12:32]   - parameters lower bounds :  1e-10 1e-10 
[job(412): 2016-09-09 20:12:32]   - parameters upper bounds :  47.87508 45.49665 
[job(412): 2016-09-09 20:12:32]   - best initial criterion value(s) :  10.86061 
[job(412): 2016-09-09 20:12:32] 
[job(412): 2016-09-09 20:12:32] N = 2, M = 5 machine precision = 2.22045e-16
[job(412): 2016-09-09 20:12:32] At X0, 0 variables are exactly at the bounds
[job(412): 2016-09-09 20:12:32] At iterate     0  f=      -10.861  |proj g|=      0.11741
[job(412): 2016-09-09 20:12:32] At iterate     1  f =      -19.893  |proj g|=             0
[job(412): 2016-09-09 20:12:32] 
[job(412): 2016-09-09 20:12:32] iterations 1
[job(412): 2016-09-09 20:12:32] function evaluations 2
[job(412): 2016-09-09 20:12:32] segments explored during Cauchy searches 2
[job(412): 2016-09-09 20:12:32] BFGS updates skipped 0
[job(412): 2016-09-09 20:12:32] active bounds at final generalized Cauchy point 1
[job(412): 2016-09-09 20:12:32] norm of the final projected gradient 0
[job(412): 2016-09-09 20:12:32] final function value -19.8932
[job(412): 2016-09-09 20:12:32] 
[job(412): 2016-09-09 20:12:32] F = -19.8932
[job(412): 2016-09-09 20:12:32] final  value -19.893229 
[job(412): 2016-09-09 20:12:32] converged
[job(412): 2016-09-09 20:12:32] [Tune-x] 27: C=109; sigma=0.0106
[job(412): 2016-09-09 20:12:32] [Tune-y] 27: acc.test.mean=0.348; time: 0.0 min; memory: 117Mb use, 168Mb max
[job(412): 2016-09-09 20:12:32] 
[job(412): 2016-09-09 20:12:32] optimisation start
[job(412): 2016-09-09 20:12:32] ------------------
[job(412): 2016-09-09 20:12:32] * estimation method   : MLE 
[job(412): 2016-09-09 20:12:32] * optimisation method : BFGS 
[job(412): 2016-09-09 20:12:32] * analytical gradient : used
[job(412): 2016-09-09 20:12:32] * trend model : ~1
[job(412): 2016-09-09 20:12:32] * covariance model : 
[job(412): 2016-09-09 20:12:32]   - type :  matern5_2 
[job(412): 2016-09-09 20:12:32]   - nugget : NO
[job(412): 2016-09-09 20:12:32]   - parameters lower bounds :  1e-10 1e-10 
[job(412): 2016-09-09 20:12:32]   - parameters upper bounds :  47.87508 45.49665 
[job(412): 2016-09-09 20:12:32]   - best initial criterion value(s) :  -41.4766 
[job(412): 2016-09-09 20:12:32] 
[job(412): 2016-09-09 20:12:32] N = 2, M = 5 machine precision = 2.22045e-16
[job(412): 2016-09-09 20:12:32] At X0, 0 variables are exactly at the bounds
[job(412): 2016-09-09 20:12:32] At iterate     0  f=       41.477  |proj g|=       3.3677
[job(412): 2016-09-09 20:12:32] At iterate     1  f =      -20.393  |proj g|=             0
[job(412): 2016-09-09 20:12:32] 
[job(412): 2016-09-09 20:12:32] iterations 1
[job(412): 2016-09-09 20:12:32] function evaluations 2
[job(412): 2016-09-09 20:12:32] segments explored during Cauchy searches 2
[job(412): 2016-09-09 20:12:32] BFGS updates skipped 0
[job(412): 2016-09-09 20:12:32] active bounds at final generalized Cauchy point 2
[job(412): 2016-09-09 20:12:32] norm of the final projected gradient 0
[job(412): 2016-09-09 20:12:32] final function value -20.3932
[job(412): 2016-09-09 20:12:32] 
[job(412): 2016-09-09 20:12:32] F = -20.3932
[job(412): 2016-09-09 20:12:32] final  value -20.393225 
[job(412): 2016-09-09 20:12:32] converged
[job(412): 2016-09-09 20:12:32] [Tune-x] 28: C=508; sigma=399
[job(412): 2016-09-09 20:12:32] [Tune-y] 28: acc.test.mean=0.63; time: 0.0 min; memory: 117Mb use, 168Mb max
[job(412): 2016-09-09 20:12:32] 
[job(412): 2016-09-09 20:12:32] optimisation start
[job(412): 2016-09-09 20:12:32] ------------------
[job(412): 2016-09-09 20:12:32] * estimation method   : MLE 
[job(412): 2016-09-09 20:12:32] * optimisation method : BFGS 
[job(412): 2016-09-09 20:12:32] * analytical gradient : used
[job(412): 2016-09-09 20:12:32] * trend model : ~1
[job(412): 2016-09-09 20:12:32] * covariance model : 
[job(412): 2016-09-09 20:12:32]   - type :  matern5_2 
[job(412): 2016-09-09 20:12:32]   - nugget : NO
[job(412): 2016-09-09 20:12:32]   - parameters lower bounds :  1e-10 1e-10 
[job(412): 2016-09-09 20:12:32]   - parameters upper bounds :  47.87508 45.49665 
[job(412): 2016-09-09 20:12:32]   - best initial criterion value(s) :  -63.66261 
[job(412): 2016-09-09 20:12:32] 
[job(412): 2016-09-09 20:12:32] N = 2, M = 5 machine precision = 2.22045e-16
[job(412): 2016-09-09 20:12:32] At X0, 0 variables are exactly at the bounds
[job(412): 2016-09-09 20:12:32] At iterate     0  f=       63.663  |proj g|=       1.5985
[job(412): 2016-09-09 20:12:32] At iterate     1  f =      -20.872  |proj g|=             0
[job(412): 2016-09-09 20:12:32] 
[job(412): 2016-09-09 20:12:32] iterations 1
[job(412): 2016-09-09 20:12:32] function evaluations 2
[job(412): 2016-09-09 20:12:32] segments explored during Cauchy searches 2
[job(412): 2016-09-09 20:12:32] BFGS updates skipped 0
[job(412): 2016-09-09 20:12:32] active bounds at final generalized Cauchy point 1
[job(412): 2016-09-09 20:12:32] norm of the final projected gradient 0
[job(412): 2016-09-09 20:12:32] final function value -20.8716
[job(412): 2016-09-09 20:12:32] 
[job(412): 2016-09-09 20:12:32] F = -20.8716
[job(412): 2016-09-09 20:12:32] final  value -20.871590 
[job(412): 2016-09-09 20:12:32] converged
[job(412): 2016-09-09 20:12:32] [Tune] Result: C=127; sigma=192 : acc.test.mean=-0.637
[job(412): 2016-09-09 20:12:32] Job terminated successfully
[job(chunk): 2016-09-09 20:12:32] Calculation finished!
