[job(chunk): 2016-09-10 00:34:48] Starting calculation of 1 jobs
[job(chunk): 2016-09-10 00:34:48] Setting working directory to '/naslx/projects/pr74ze/ri89coc2/svm_comparison'
[job(chunk): 2016-09-10 00:34:48] Memory measurement disabled
[job(1154): 2016-09-10 00:34:50] Starting job with job.id=1154
[job(1154): 2016-09-10 00:35:39] Generating problem instance for problem '1513' ...
[job(1154): 2016-09-10 00:35:39] Data '1513' file 'description.xml' found in cache.
[job(1154): 2016-09-10 00:35:39] Data '1513' file 'dataset.arff' found in cache.
[job(1154): 2016-09-10 00:35:39] Loading required package: readr
[job(1154): 2016-09-10 00:35:39] Applying algorithm 'spoc-svc.tuned' on problem '1513' ...
[job(1154): 2016-09-10 00:35:39] Data '1513' file 'description.xml' found in cache.
[job(1154): 2016-09-10 00:35:39] Data '1513' file 'dataset.arff' found in cache.
[job(1154): 2016-09-10 00:35:39] [Tune] Started tuning learner spoc-svc for parameter set:
[job(1154): 2016-09-10 00:35:39]          Type len Def    Constr Req Tunable Trafo
[job(1154): 2016-09-10 00:35:39] C     numeric   -   - -12 to 12   -    TRUE     Y
[job(1154): 2016-09-10 00:35:39] sigma numeric   -   - -12 to 12   -    TRUE     Y
[job(1154): 2016-09-10 00:35:39] With control class: TuneControlMBO
[job(1154): 2016-09-10 00:35:39] Imputation value: -0
[job(1154): 2016-09-10 00:35:39] [Tune-x] 1: C=118; sigma=0.00299
[job(1154): 2016-09-10 00:35:39] [Tune-y] 1: acc.test.mean=0.309; time: 0.0 min; memory: 112Mb use, 145Mb max
[job(1154): 2016-09-10 00:35:39] [Tune-x] 2: C=0.0155; sigma=239
[job(1154): 2016-09-10 00:35:39] [Tune-y] 2: acc.test.mean=0.182; time: 0.0 min; memory: 112Mb use, 145Mb max
[job(1154): 2016-09-10 00:35:39] [Tune-x] 3: C=0.187; sigma=0.0965
[job(1154): 2016-09-10 00:35:39] [Tune-y] 3: acc.test.mean=0.364; time: 0.0 min; memory: 112Mb use, 145Mb max
[job(1154): 2016-09-10 00:35:39] [Tune-x] 4: C=7.38; sigma=19.5
[job(1154): 2016-09-10 00:35:39] [Tune-y] 4: acc.test.mean=0.264; time: 0.0 min; memory: 112Mb use, 145Mb max
[job(1154): 2016-09-10 00:35:39] [Tune-x] 5: C=10.2; sigma=0.000611
[job(1154): 2016-09-10 00:35:39] [Tune-y] 5: acc.test.mean=0.382; time: 0.0 min; memory: 112Mb use, 145Mb max
[job(1154): 2016-09-10 00:35:39] [Tune-x] 6: C=0.0384; sigma=3.78e+03
[job(1154): 2016-09-10 00:35:39] [Tune-y] 6: acc.test.mean=0.0545; time: 0.0 min; memory: 112Mb use, 145Mb max
[job(1154): 2016-09-10 00:35:39] [Tune-x] 7: C=2.12e+03; sigma=4.58
[job(1154): 2016-09-10 00:35:39] [Tune-y] 7: acc.test.mean=0.364; time: 0.0 min; memory: 112Mb use, 145Mb max
[job(1154): 2016-09-10 00:35:39] [Tune-x] 8: C=0.000746; sigma=0.262
[job(1154): 2016-09-10 00:35:39] [Tune-y] 8: acc.test.mean=0.355; time: 0.0 min; memory: 112Mb use, 145Mb max
[job(1154): 2016-09-10 00:35:39] 
[job(1154): 2016-09-10 00:35:39] optimisation start
[job(1154): 2016-09-10 00:35:39] ------------------
[job(1154): 2016-09-10 00:35:39] * estimation method   : MLE 
[job(1154): 2016-09-10 00:35:39] * optimisation method : BFGS 
[job(1154): 2016-09-10 00:35:39] * analytical gradient : used
[job(1154): 2016-09-10 00:35:39] * trend model : ~1
[job(1154): 2016-09-10 00:35:39] * covariance model : 
[job(1154): 2016-09-10 00:35:39]   - type :  matern5_2 
[job(1154): 2016-09-10 00:35:39]   - nugget : NO
[job(1154): 2016-09-10 00:35:39]   - parameters lower bounds :  1e-10 1e-10 
[job(1154): 2016-09-10 00:35:39]   - parameters upper bounds :  42.87783 45.1236 
[job(1154): 2016-09-10 00:35:39]   - best initial criterion value(s) :  7.450909 
[job(1154): 2016-09-10 00:35:39] 
[job(1154): 2016-09-10 00:35:39] N = 2, M = 5 machine precision = 2.22045e-16
[job(1154): 2016-09-10 00:35:39] At X0, 0 variables are exactly at the bounds
[job(1154): 2016-09-10 00:35:39] At iterate     0  f=      -7.4509  |proj g|=     0.094223
[job(1154): 2016-09-10 00:35:39] At iterate     1  f =      -7.4671  |proj g|=      0.094462
[job(1154): 2016-09-10 00:35:39] At iterate     2  f =      -7.8092  |proj g|=      0.079872
[job(1154): 2016-09-10 00:35:39] At iterate     3  f =      -8.0528  |proj g|=      0.098543
[job(1154): 2016-09-10 00:35:39] At iterate     4  f =      -8.4431  |proj g|=      0.031712
[job(1154): 2016-09-10 00:35:39] At iterate     5  f =       -8.507  |proj g|=       0.15359
[job(1154): 2016-09-10 00:35:39] At iterate     6  f =       -8.697  |proj g|=     0.0089471
[job(1154): 2016-09-10 00:35:39] At iterate     7  f =      -8.7341  |proj g|=      0.016641
[job(1154): 2016-09-10 00:35:39] At iterate     8  f =      -8.7453  |proj g|=     0.0065809
[job(1154): 2016-09-10 00:35:39] At iterate     9  f =      -8.7454  |proj g|=     0.0013596
[job(1154): 2016-09-10 00:35:39] At iterate    10  f =      -8.7454  |proj g|=    7.5792e-06
[job(1154): 2016-09-10 00:35:39] At iterate    11  f =      -8.7454  |proj g|=    8.6913e-09
[job(1154): 2016-09-10 00:35:39] 
[job(1154): 2016-09-10 00:35:39] iterations 11
[job(1154): 2016-09-10 00:35:39] function evaluations 15
[job(1154): 2016-09-10 00:35:39] segments explored during Cauchy searches 11
[job(1154): 2016-09-10 00:35:39] BFGS updates skipped 0
[job(1154): 2016-09-10 00:35:39] active bounds at final generalized Cauchy point 1
[job(1154): 2016-09-10 00:35:39] norm of the final projected gradient 8.69125e-09
[job(1154): 2016-09-10 00:35:39] final function value -8.74541
[job(1154): 2016-09-10 00:35:39] 
[job(1154): 2016-09-10 00:35:39] F = -8.74541
[job(1154): 2016-09-10 00:35:39] final  value -8.745411 
[job(1154): 2016-09-10 00:35:39] converged
[job(1154): 2016-09-10 00:35:39] [Tune-x] 9: C=0.289; sigma=0.000244
[job(1154): 2016-09-10 00:35:39] [Tune-y] 9: acc.test.mean=0.327; time: 0.0 min; memory: 116Mb use, 153Mb max
[job(1154): 2016-09-10 00:35:39] 
[job(1154): 2016-09-10 00:35:39] optimisation start
[job(1154): 2016-09-10 00:35:39] ------------------
[job(1154): 2016-09-10 00:35:39] * estimation method   : MLE 
[job(1154): 2016-09-10 00:35:39] * optimisation method : BFGS 
[job(1154): 2016-09-10 00:35:39] * analytical gradient : used
[job(1154): 2016-09-10 00:35:39] * trend model : ~1
[job(1154): 2016-09-10 00:35:39] * covariance model : 
[job(1154): 2016-09-10 00:35:39]   - type :  matern5_2 
[job(1154): 2016-09-10 00:35:39]   - nugget : NO
[job(1154): 2016-09-10 00:35:39]   - parameters lower bounds :  1e-10 1e-10 
[job(1154): 2016-09-10 00:35:39]   - parameters upper bounds :  42.87783 47.76937 
[job(1154): 2016-09-10 00:35:39]   - best initial criterion value(s) :  9.7795 
[job(1154): 2016-09-10 00:35:39] 
[job(1154): 2016-09-10 00:35:39] N = 2, M = 5 machine precision = 2.22045e-16
[job(1154): 2016-09-10 00:35:39] At X0, 0 variables are exactly at the bounds
[job(1154): 2016-09-10 00:35:39] At iterate     0  f=      -9.7795  |proj g|=      0.35448
[job(1154): 2016-09-10 00:35:39] At iterate     1  f =      -9.8516  |proj g|=      0.058089
[job(1154): 2016-09-10 00:35:39] At iterate     2  f =      -9.8538  |proj g|=       0.00578
[job(1154): 2016-09-10 00:35:39] At iterate     3  f =      -9.8539  |proj g|=      0.005741
[job(1154): 2016-09-10 00:35:39] At iterate     4  f =       -9.854  |proj g|=     0.0068337
[job(1154): 2016-09-10 00:35:39] At iterate     5  f =      -9.8543  |proj g|=      0.017899
[job(1154): 2016-09-10 00:35:39] At iterate     6  f =      -9.8552  |proj g|=       0.03442
[job(1154): 2016-09-10 00:35:39] At iterate     7  f =      -9.8573  |proj g|=      0.058889
[job(1154): 2016-09-10 00:35:39] At iterate     8  f =      -9.8621  |proj g|=      0.089291
[job(1154): 2016-09-10 00:35:39] At iterate     9  f =      -9.8727  |proj g|=       0.11385
[job(1154): 2016-09-10 00:35:39] At iterate    10  f =      -9.8931  |proj g|=      0.083879
[job(1154): 2016-09-10 00:35:39] At iterate    11  f =      -9.8973  |proj g|=      0.014084
[job(1154): 2016-09-10 00:35:39] At iterate    12  f =      -9.8974  |proj g|=    0.00038965
[job(1154): 2016-09-10 00:35:39] At iterate    13  f =      -9.8974  |proj g|=     1.668e-06
[job(1154): 2016-09-10 00:35:39] At iterate    14  f =      -9.8974  |proj g|=    1.9488e-10
[job(1154): 2016-09-10 00:35:39] 
[job(1154): 2016-09-10 00:35:39] iterations 14
[job(1154): 2016-09-10 00:35:39] function evaluations 15
[job(1154): 2016-09-10 00:35:39] segments explored during Cauchy searches 14
[job(1154): 2016-09-10 00:35:39] BFGS updates skipped 0
[job(1154): 2016-09-10 00:35:39] active bounds at final generalized Cauchy point 1
[job(1154): 2016-09-10 00:35:39] norm of the final projected gradient 1.94885e-10
[job(1154): 2016-09-10 00:35:39] final function value -9.89739
[job(1154): 2016-09-10 00:35:39] 
[job(1154): 2016-09-10 00:35:39] F = -9.89739
[job(1154): 2016-09-10 00:35:39] final  value -9.897389 
[job(1154): 2016-09-10 00:35:39] converged
[job(1154): 2016-09-10 00:35:39] [Tune-x] 10: C=137; sigma=0.000682
[job(1154): 2016-09-10 00:35:39] [Tune-y] 10: acc.test.mean=0.309; time: 0.0 min; memory: 116Mb use, 159Mb max
[job(1154): 2016-09-10 00:35:39] 
[job(1154): 2016-09-10 00:35:39] optimisation start
[job(1154): 2016-09-10 00:35:39] ------------------
[job(1154): 2016-09-10 00:35:39] * estimation method   : MLE 
[job(1154): 2016-09-10 00:35:39] * optimisation method : BFGS 
[job(1154): 2016-09-10 00:35:39] * analytical gradient : used
[job(1154): 2016-09-10 00:35:39] * trend model : ~1
[job(1154): 2016-09-10 00:35:39] * covariance model : 
[job(1154): 2016-09-10 00:35:39]   - type :  matern5_2 
[job(1154): 2016-09-10 00:35:39]   - nugget : NO
[job(1154): 2016-09-10 00:35:39]   - parameters lower bounds :  1e-10 1e-10 
[job(1154): 2016-09-10 00:35:39]   - parameters upper bounds :  42.87783 47.76937 
[job(1154): 2016-09-10 00:35:39]   - best initial criterion value(s) :  11.09138 
[job(1154): 2016-09-10 00:35:39] 
[job(1154): 2016-09-10 00:35:39] N = 2, M = 5 machine precision = 2.22045e-16
[job(1154): 2016-09-10 00:35:39] At X0, 0 variables are exactly at the bounds
[job(1154): 2016-09-10 00:35:39] At iterate     0  f=      -11.091  |proj g|=      0.14109
[job(1154): 2016-09-10 00:35:39] At iterate     1  f =      -11.118  |proj g|=       0.14149
[job(1154): 2016-09-10 00:35:39] At iterate     2  f =      -11.424  |proj g|=      0.044262
[job(1154): 2016-09-10 00:35:39] At iterate     3  f =      -11.428  |proj g|=      0.038231
[job(1154): 2016-09-10 00:35:39] At iterate     4  f =      -11.438  |proj g|=     0.0020361
[job(1154): 2016-09-10 00:35:39] At iterate     5  f =      -11.438  |proj g|=     0.0013805
[job(1154): 2016-09-10 00:35:39] At iterate     6  f =      -11.438  |proj g|=    0.00038322
[job(1154): 2016-09-10 00:35:39] At iterate     7  f =      -11.438  |proj g|=    1.5735e-05
[job(1154): 2016-09-10 00:35:39] At iterate     8  f =      -11.438  |proj g|=    2.0173e-07
[job(1154): 2016-09-10 00:35:39] 
[job(1154): 2016-09-10 00:35:39] iterations 8
[job(1154): 2016-09-10 00:35:39] function evaluations 10
[job(1154): 2016-09-10 00:35:39] segments explored during Cauchy searches 8
[job(1154): 2016-09-10 00:35:39] BFGS updates skipped 0
[job(1154): 2016-09-10 00:35:39] active bounds at final generalized Cauchy point 0
[job(1154): 2016-09-10 00:35:39] norm of the final projected gradient 2.01726e-07
[job(1154): 2016-09-10 00:35:39] final function value -11.4379
[job(1154): 2016-09-10 00:35:39] 
[job(1154): 2016-09-10 00:35:39] F = -11.4379
[job(1154): 2016-09-10 00:35:39] final  value -11.437917 
[job(1154): 2016-09-10 00:35:39] converged
[job(1154): 2016-09-10 00:35:39] [Tune-x] 11: C=4.7; sigma=0.0011
[job(1154): 2016-09-10 00:35:39] [Tune-y] 11: acc.test.mean=0.227; time: 0.0 min; memory: 116Mb use, 159Mb max
[job(1154): 2016-09-10 00:35:39] 
[job(1154): 2016-09-10 00:35:39] optimisation start
[job(1154): 2016-09-10 00:35:39] ------------------
[job(1154): 2016-09-10 00:35:39] * estimation method   : MLE 
[job(1154): 2016-09-10 00:35:39] * optimisation method : BFGS 
[job(1154): 2016-09-10 00:35:39] * analytical gradient : used
[job(1154): 2016-09-10 00:35:39] * trend model : ~1
[job(1154): 2016-09-10 00:35:39] * covariance model : 
[job(1154): 2016-09-10 00:35:39]   - type :  matern5_2 
[job(1154): 2016-09-10 00:35:39]   - nugget : NO
[job(1154): 2016-09-10 00:35:39]   - parameters lower bounds :  1e-10 1e-10 
[job(1154): 2016-09-10 00:35:39]   - parameters upper bounds :  42.87783 47.76937 
[job(1154): 2016-09-10 00:35:39]   - best initial criterion value(s) :  11.4319 
[job(1154): 2016-09-10 00:35:39] 
[job(1154): 2016-09-10 00:35:39] N = 2, M = 5 machine precision = 2.22045e-16
[job(1154): 2016-09-10 00:35:39] At X0, 0 variables are exactly at the bounds
[job(1154): 2016-09-10 00:35:39] At iterate     0  f=      -11.432  |proj g|=       2.1922
[job(1154): 2016-09-10 00:35:39] At iterate     1  f =      -11.929  |proj g|=        0.2896
[job(1154): 2016-09-10 00:35:39] At iterate     2  f =       -11.94  |proj g|=       0.05128
[job(1154): 2016-09-10 00:35:39] At iterate     3  f =      -11.941  |proj g|=      0.050991
[job(1154): 2016-09-10 00:35:39] At iterate     4  f =      -11.943  |proj g|=      0.061033
[job(1154): 2016-09-10 00:35:39] At iterate     5  f =      -11.948  |proj g|=       0.17307
[job(1154): 2016-09-10 00:35:39] At iterate     6  f =      -11.961  |proj g|=        0.3247
[job(1154): 2016-09-10 00:35:39] At iterate     7  f =      -11.992  |proj g|=       0.53897
[job(1154): 2016-09-10 00:35:39] At iterate     8  f =       -12.06  |proj g|=       0.72557
[job(1154): 2016-09-10 00:35:39] At iterate     9  f =      -12.192  |proj g|=       0.58294
[job(1154): 2016-09-10 00:35:39] At iterate    10  f =      -12.279  |proj g|=      0.075063
[job(1154): 2016-09-10 00:35:39] At iterate    11  f =      -12.289  |proj g|=       0.11529
[job(1154): 2016-09-10 00:35:39] At iterate    12  f =      -12.294  |proj g|=       0.16145
[job(1154): 2016-09-10 00:35:39] At iterate    13  f =      -12.297  |proj g|=      0.011538
[job(1154): 2016-09-10 00:35:39] At iterate    14  f =      -12.297  |proj g|=     0.0006644
[job(1154): 2016-09-10 00:35:39] At iterate    15  f =      -12.297  |proj g|=    0.00041575
[job(1154): 2016-09-10 00:35:39] At iterate    16  f =      -12.297  |proj g|=     2.765e-05
[job(1154): 2016-09-10 00:35:39] 
[job(1154): 2016-09-10 00:35:39] iterations 16
[job(1154): 2016-09-10 00:35:39] function evaluations 19
[job(1154): 2016-09-10 00:35:39] segments explored during Cauchy searches 16
[job(1154): 2016-09-10 00:35:39] BFGS updates skipped 0
[job(1154): 2016-09-10 00:35:39] active bounds at final generalized Cauchy point 0
[job(1154): 2016-09-10 00:35:39] norm of the final projected gradient 2.76499e-05
[job(1154): 2016-09-10 00:35:39] final function value -12.2969
[job(1154): 2016-09-10 00:35:39] 
[job(1154): 2016-09-10 00:35:39] F = -12.2969
[job(1154): 2016-09-10 00:35:39] final  value -12.296872 
[job(1154): 2016-09-10 00:35:39] converged
[job(1154): 2016-09-10 00:35:39] [Tune-x] 12: C=13.2; sigma=0.000244
[job(1154): 2016-09-10 00:35:39] [Tune-y] 12: acc.test.mean=0.327; time: 0.0 min; memory: 116Mb use, 159Mb max
[job(1154): 2016-09-10 00:35:39] 
[job(1154): 2016-09-10 00:35:39] optimisation start
[job(1154): 2016-09-10 00:35:39] ------------------
[job(1154): 2016-09-10 00:35:39] * estimation method   : MLE 
[job(1154): 2016-09-10 00:35:39] * optimisation method : BFGS 
[job(1154): 2016-09-10 00:35:39] * analytical gradient : used
[job(1154): 2016-09-10 00:35:39] * trend model : ~1
[job(1154): 2016-09-10 00:35:39] * covariance model : 
[job(1154): 2016-09-10 00:35:39]   - type :  matern5_2 
[job(1154): 2016-09-10 00:35:39]   - nugget : NO
[job(1154): 2016-09-10 00:35:39]   - parameters lower bounds :  1e-10 1e-10 
[job(1154): 2016-09-10 00:35:39]   - parameters upper bounds :  42.87783 47.76937 
[job(1154): 2016-09-10 00:35:39]   - best initial criterion value(s) :  9.392334 
[job(1154): 2016-09-10 00:35:39] 
[job(1154): 2016-09-10 00:35:39] N = 2, M = 5 machine precision = 2.22045e-16
[job(1154): 2016-09-10 00:35:39] At X0, 0 variables are exactly at the bounds
[job(1154): 2016-09-10 00:35:39] At iterate     0  f=      -9.3923  |proj g|=       1.5736
[job(1154): 2016-09-10 00:35:39] At iterate     1  f =      -11.776  |proj g|=             0
[job(1154): 2016-09-10 00:35:39] 
[job(1154): 2016-09-10 00:35:39] iterations 1
[job(1154): 2016-09-10 00:35:39] function evaluations 2
[job(1154): 2016-09-10 00:35:39] segments explored during Cauchy searches 2
[job(1154): 2016-09-10 00:35:39] BFGS updates skipped 0
[job(1154): 2016-09-10 00:35:39] active bounds at final generalized Cauchy point 1
[job(1154): 2016-09-10 00:35:39] norm of the final projected gradient 0
[job(1154): 2016-09-10 00:35:39] final function value -11.7763
[job(1154): 2016-09-10 00:35:39] 
[job(1154): 2016-09-10 00:35:39] F = -11.7763
[job(1154): 2016-09-10 00:35:39] final  value -11.776300 
[job(1154): 2016-09-10 00:35:39] converged
[job(1154): 2016-09-10 00:35:39] [Tune-x] 13: C=0.00728; sigma=4.77
[job(1154): 2016-09-10 00:35:39] [Tune-y] 13: acc.test.mean=0.318; time: 0.0 min; memory: 116Mb use, 159Mb max
[job(1154): 2016-09-10 00:35:39] 
[job(1154): 2016-09-10 00:35:39] optimisation start
[job(1154): 2016-09-10 00:35:39] ------------------
[job(1154): 2016-09-10 00:35:39] * estimation method   : MLE 
[job(1154): 2016-09-10 00:35:39] * optimisation method : BFGS 
[job(1154): 2016-09-10 00:35:39] * analytical gradient : used
[job(1154): 2016-09-10 00:35:39] * trend model : ~1
[job(1154): 2016-09-10 00:35:39] * covariance model : 
[job(1154): 2016-09-10 00:35:39]   - type :  matern5_2 
[job(1154): 2016-09-10 00:35:39]   - nugget : NO
[job(1154): 2016-09-10 00:35:39]   - parameters lower bounds :  1e-10 1e-10 
[job(1154): 2016-09-10 00:35:39]   - parameters upper bounds :  42.87783 47.76937 
[job(1154): 2016-09-10 00:35:39]   - best initial criterion value(s) :  13.48872 
[job(1154): 2016-09-10 00:35:39] 
[job(1154): 2016-09-10 00:35:39] N = 2, M = 5 machine precision = 2.22045e-16
[job(1154): 2016-09-10 00:35:39] At X0, 0 variables are exactly at the bounds
[job(1154): 2016-09-10 00:35:39] At iterate     0  f=      -13.489  |proj g|=       1.0913
[job(1154): 2016-09-10 00:35:39] At iterate     1  f =      -14.071  |proj g|=       0.78572
[job(1154): 2016-09-10 00:35:39] At iterate     2  f =      -14.509  |proj g|=       0.41654
[job(1154): 2016-09-10 00:35:39] At iterate     3  f =      -14.671  |proj g|=       0.32145
[job(1154): 2016-09-10 00:35:39] At iterate     4  f =      -14.674  |proj g|=      0.067456
[job(1154): 2016-09-10 00:35:39] At iterate     5  f =      -15.056  |proj g|=      0.051303
[job(1154): 2016-09-10 00:35:39] At iterate     6  f =      -15.724  |proj g|=       0.12274
[job(1154): 2016-09-10 00:35:39] At iterate     7  f =      -15.724  |proj g|=      0.020364
[job(1154): 2016-09-10 00:35:39] At iterate     8  f =      -15.724  |proj g|=    0.00059241
[job(1154): 2016-09-10 00:35:39] At iterate     9  f =      -15.724  |proj g|=    2.7546e-06
[job(1154): 2016-09-10 00:35:39] 
[job(1154): 2016-09-10 00:35:39] iterations 9
[job(1154): 2016-09-10 00:35:39] function evaluations 18
[job(1154): 2016-09-10 00:35:39] segments explored during Cauchy searches 11
[job(1154): 2016-09-10 00:35:39] BFGS updates skipped 0
[job(1154): 2016-09-10 00:35:39] active bounds at final generalized Cauchy point 1
[job(1154): 2016-09-10 00:35:39] norm of the final projected gradient 2.75461e-06
[job(1154): 2016-09-10 00:35:39] final function value -15.7241
[job(1154): 2016-09-10 00:35:39] 
[job(1154): 2016-09-10 00:35:39] F = -15.7241
[job(1154): 2016-09-10 00:35:39] final  value -15.724142 
[job(1154): 2016-09-10 00:35:39] converged
[job(1154): 2016-09-10 00:35:39] [Tune-x] 14: C=3.83; sigma=0.000594
[job(1154): 2016-09-10 00:35:39] [Tune-y] 14: acc.test.mean=0.327; time: 0.0 min; memory: 116Mb use, 159Mb max
[job(1154): 2016-09-10 00:35:39] 
[job(1154): 2016-09-10 00:35:39] optimisation start
[job(1154): 2016-09-10 00:35:39] ------------------
[job(1154): 2016-09-10 00:35:39] * estimation method   : MLE 
[job(1154): 2016-09-10 00:35:39] * optimisation method : BFGS 
[job(1154): 2016-09-10 00:35:39] * analytical gradient : used
[job(1154): 2016-09-10 00:35:39] * trend model : ~1
[job(1154): 2016-09-10 00:35:39] * covariance model : 
[job(1154): 2016-09-10 00:35:39]   - type :  matern5_2 
[job(1154): 2016-09-10 00:35:39]   - nugget : NO
[job(1154): 2016-09-10 00:35:39]   - parameters lower bounds :  1e-10 1e-10 
[job(1154): 2016-09-10 00:35:39]   - parameters upper bounds :  42.87783 47.76937 
[job(1154): 2016-09-10 00:35:39]   - best initial criterion value(s) :  14.60688 
[job(1154): 2016-09-10 00:35:39] 
[job(1154): 2016-09-10 00:35:39] N = 2, M = 5 machine precision = 2.22045e-16
[job(1154): 2016-09-10 00:35:39] At X0, 0 variables are exactly at the bounds
[job(1154): 2016-09-10 00:35:39] At iterate     0  f=      -14.607  |proj g|=      0.31546
[job(1154): 2016-09-10 00:35:39] At iterate     1  f =       -14.67  |proj g|=       0.10852
[job(1154): 2016-09-10 00:35:39] At iterate     2  f =      -14.675  |proj g|=             0
[job(1154): 2016-09-10 00:35:39] 
[job(1154): 2016-09-10 00:35:39] iterations 2
[job(1154): 2016-09-10 00:35:39] function evaluations 3
[job(1154): 2016-09-10 00:35:39] segments explored during Cauchy searches 3
[job(1154): 2016-09-10 00:35:39] BFGS updates skipped 0
[job(1154): 2016-09-10 00:35:39] active bounds at final generalized Cauchy point 1
[job(1154): 2016-09-10 00:35:39] norm of the final projected gradient 0
[job(1154): 2016-09-10 00:35:39] final function value -14.6753
[job(1154): 2016-09-10 00:35:39] 
[job(1154): 2016-09-10 00:35:39] F = -14.6753
[job(1154): 2016-09-10 00:35:39] final  value -14.675304 
[job(1154): 2016-09-10 00:35:39] converged
[job(1154): 2016-09-10 00:35:39] [Tune-x] 15: C=0.00125; sigma=5.49
[job(1154): 2016-09-10 00:35:39] [Tune-y] 15: acc.test.mean=0.309; time: 0.0 min; memory: 116Mb use, 159Mb max
[job(1154): 2016-09-10 00:35:39] 
[job(1154): 2016-09-10 00:35:39] optimisation start
[job(1154): 2016-09-10 00:35:39] ------------------
[job(1154): 2016-09-10 00:35:39] * estimation method   : MLE 
[job(1154): 2016-09-10 00:35:39] * optimisation method : BFGS 
[job(1154): 2016-09-10 00:35:39] * analytical gradient : used
[job(1154): 2016-09-10 00:35:39] * trend model : ~1
[job(1154): 2016-09-10 00:35:39] * covariance model : 
[job(1154): 2016-09-10 00:35:39]   - type :  matern5_2 
[job(1154): 2016-09-10 00:35:39]   - nugget : NO
[job(1154): 2016-09-10 00:35:39]   - parameters lower bounds :  1e-10 1e-10 
[job(1154): 2016-09-10 00:35:39]   - parameters upper bounds :  42.87783 47.76937 
[job(1154): 2016-09-10 00:35:39]   - best initial criterion value(s) :  8.00535 
[job(1154): 2016-09-10 00:35:39] 
[job(1154): 2016-09-10 00:35:39] N = 2, M = 5 machine precision = 2.22045e-16
[job(1154): 2016-09-10 00:35:39] At X0, 0 variables are exactly at the bounds
[job(1154): 2016-09-10 00:35:39] At iterate     0  f=      -8.0054  |proj g|=       3.4771
[job(1154): 2016-09-10 00:35:39] At iterate     1  f =      -16.497  |proj g|=        0.4658
[job(1154): 2016-09-10 00:35:39] At iterate     2  f =      -16.716  |proj g|=       0.19743
[job(1154): 2016-09-10 00:35:39] At iterate     3  f =      -16.729  |proj g|=      0.093102
[job(1154): 2016-09-10 00:35:39] At iterate     4  f =       -16.73  |proj g|=      0.033539
[job(1154): 2016-09-10 00:35:39] At iterate     5  f =      -16.731  |proj g|=       0.06528
[job(1154): 2016-09-10 00:35:39] At iterate     6  f =      -16.733  |proj g|=       0.28743
[job(1154): 2016-09-10 00:35:39] At iterate     7  f =      -16.735  |proj g|=       0.82898
[job(1154): 2016-09-10 00:35:39] At iterate     8  f =      -17.504  |proj g|=       0.10663
[job(1154): 2016-09-10 00:35:39] At iterate     9  f =       -18.65  |proj g|=        8.8394
[job(1154): 2016-09-10 00:35:39] At iterate    10  f =      -18.787  |proj g|=       0.09697
[job(1154): 2016-09-10 00:35:39] At iterate    11  f =      -18.794  |proj g|=       0.24712
[job(1154): 2016-09-10 00:35:39] At iterate    12  f =      -18.794  |proj g|=     0.0053563
[job(1154): 2016-09-10 00:35:39] At iterate    13  f =      -18.794  |proj g|=    1.4141e-05
[job(1154): 2016-09-10 00:35:39] At iterate    14  f =      -18.794  |proj g|=    8.0205e-10
[job(1154): 2016-09-10 00:35:39] 
[job(1154): 2016-09-10 00:35:39] iterations 14
[job(1154): 2016-09-10 00:35:39] function evaluations 25
[job(1154): 2016-09-10 00:35:39] segments explored during Cauchy searches 16
[job(1154): 2016-09-10 00:35:39] BFGS updates skipped 0
[job(1154): 2016-09-10 00:35:39] active bounds at final generalized Cauchy point 1
[job(1154): 2016-09-10 00:35:39] norm of the final projected gradient 8.02046e-10
[job(1154): 2016-09-10 00:35:39] final function value -18.7941
[job(1154): 2016-09-10 00:35:39] 
[job(1154): 2016-09-10 00:35:39] F = -18.7941
[job(1154): 2016-09-10 00:35:39] final  value -18.794110 
[job(1154): 2016-09-10 00:35:39] converged
[job(1154): 2016-09-10 00:35:39] [Tune-x] 16: C=25.2; sigma=0.000621
[job(1154): 2016-09-10 00:35:39] [Tune-y] 16: acc.test.mean= 0.3; time: 0.0 min; memory: 116Mb use, 159Mb max
[job(1154): 2016-09-10 00:35:39] 
[job(1154): 2016-09-10 00:35:39] optimisation start
[job(1154): 2016-09-10 00:35:39] ------------------
[job(1154): 2016-09-10 00:35:39] * estimation method   : MLE 
[job(1154): 2016-09-10 00:35:39] * optimisation method : BFGS 
[job(1154): 2016-09-10 00:35:39] * analytical gradient : used
[job(1154): 2016-09-10 00:35:39] * trend model : ~1
[job(1154): 2016-09-10 00:35:39] * covariance model : 
[job(1154): 2016-09-10 00:35:39]   - type :  matern5_2 
[job(1154): 2016-09-10 00:35:39]   - nugget : NO
[job(1154): 2016-09-10 00:35:39]   - parameters lower bounds :  1e-10 1e-10 
[job(1154): 2016-09-10 00:35:39]   - parameters upper bounds :  42.87783 47.76937 
[job(1154): 2016-09-10 00:35:39]   - best initial criterion value(s) :  12.52887 
[job(1154): 2016-09-10 00:35:39] 
[job(1154): 2016-09-10 00:35:39] N = 2, M = 5 machine precision = 2.22045e-16
[job(1154): 2016-09-10 00:35:39] At X0, 0 variables are exactly at the bounds
[job(1154): 2016-09-10 00:35:39] At iterate     0  f=      -12.529  |proj g|=      0.50661
[job(1154): 2016-09-10 00:35:39] At iterate     1  f =       -17.82  |proj g|=             0
[job(1154): 2016-09-10 00:35:39] 
[job(1154): 2016-09-10 00:35:39] iterations 1
[job(1154): 2016-09-10 00:35:39] function evaluations 2
[job(1154): 2016-09-10 00:35:39] segments explored during Cauchy searches 2
[job(1154): 2016-09-10 00:35:39] BFGS updates skipped 0
[job(1154): 2016-09-10 00:35:39] active bounds at final generalized Cauchy point 1
[job(1154): 2016-09-10 00:35:39] norm of the final projected gradient 0
[job(1154): 2016-09-10 00:35:39] final function value -17.8198
[job(1154): 2016-09-10 00:35:39] 
[job(1154): 2016-09-10 00:35:39] F = -17.8198
[job(1154): 2016-09-10 00:35:39] final  value -17.819835 
[job(1154): 2016-09-10 00:35:39] converged
[job(1154): 2016-09-10 00:35:39] [Tune-x] 17: C=3.81e+03; sigma=2.01e+03
[job(1154): 2016-09-10 00:35:39] [Tune-y] 17: acc.test.mean=0.0545; time: 0.0 min; memory: 116Mb use, 159Mb max
[job(1154): 2016-09-10 00:35:39] 
[job(1154): 2016-09-10 00:35:39] optimisation start
[job(1154): 2016-09-10 00:35:39] ------------------
[job(1154): 2016-09-10 00:35:39] * estimation method   : MLE 
[job(1154): 2016-09-10 00:35:39] * optimisation method : BFGS 
[job(1154): 2016-09-10 00:35:39] * analytical gradient : used
[job(1154): 2016-09-10 00:35:39] * trend model : ~1
[job(1154): 2016-09-10 00:35:39] * covariance model : 
[job(1154): 2016-09-10 00:35:39]   - type :  matern5_2 
[job(1154): 2016-09-10 00:35:39]   - nugget : NO
[job(1154): 2016-09-10 00:35:39]   - parameters lower bounds :  1e-10 1e-10 
[job(1154): 2016-09-10 00:35:39]   - parameters upper bounds :  44.56397 47.76937 
[job(1154): 2016-09-10 00:35:39]   - best initial criterion value(s) :  -1.343477 
[job(1154): 2016-09-10 00:35:39] 
[job(1154): 2016-09-10 00:35:39] N = 2, M = 5 machine precision = 2.22045e-16
[job(1154): 2016-09-10 00:35:39] At X0, 0 variables are exactly at the bounds
[job(1154): 2016-09-10 00:35:39] At iterate     0  f=       1.3435  |proj g|=      0.85834
[job(1154): 2016-09-10 00:35:39] At iterate     1  f =      -15.788  |proj g|=             0
[job(1154): 2016-09-10 00:35:39] 
[job(1154): 2016-09-10 00:35:39] iterations 1
[job(1154): 2016-09-10 00:35:39] function evaluations 2
[job(1154): 2016-09-10 00:35:39] segments explored during Cauchy searches 2
[job(1154): 2016-09-10 00:35:39] BFGS updates skipped 0
[job(1154): 2016-09-10 00:35:39] active bounds at final generalized Cauchy point 1
[job(1154): 2016-09-10 00:35:39] norm of the final projected gradient 0
[job(1154): 2016-09-10 00:35:39] final function value -15.7879
[job(1154): 2016-09-10 00:35:39] 
[job(1154): 2016-09-10 00:35:39] F = -15.7879
[job(1154): 2016-09-10 00:35:39] final  value -15.787859 
[job(1154): 2016-09-10 00:35:39] converged
[job(1154): 2016-09-10 00:35:39] [Tune-x] 18: C=0.656; sigma=1.58e+03
[job(1154): 2016-09-10 00:35:39] [Tune-y] 18: acc.test.mean=0.0545; time: 0.0 min; memory: 116Mb use, 159Mb max
[job(1154): 2016-09-10 00:35:39] 
[job(1154): 2016-09-10 00:35:39] optimisation start
[job(1154): 2016-09-10 00:35:39] ------------------
[job(1154): 2016-09-10 00:35:39] * estimation method   : MLE 
[job(1154): 2016-09-10 00:35:39] * optimisation method : BFGS 
[job(1154): 2016-09-10 00:35:39] * analytical gradient : used
[job(1154): 2016-09-10 00:35:39] * trend model : ~1
[job(1154): 2016-09-10 00:35:39] * covariance model : 
[job(1154): 2016-09-10 00:35:39]   - type :  matern5_2 
[job(1154): 2016-09-10 00:35:39]   - nugget : NO
[job(1154): 2016-09-10 00:35:39]   - parameters lower bounds :  1e-10 1e-10 
[job(1154): 2016-09-10 00:35:39]   - parameters upper bounds :  44.56397 47.76937 
[job(1154): 2016-09-10 00:35:39]   - best initial criterion value(s) :  15.62918 
[job(1154): 2016-09-10 00:35:39] 
[job(1154): 2016-09-10 00:35:39] N = 2, M = 5 machine precision = 2.22045e-16
[job(1154): 2016-09-10 00:35:39] At X0, 0 variables are exactly at the bounds
[job(1154): 2016-09-10 00:35:39] At iterate     0  f=      -15.629  |proj g|=       0.5173
[job(1154): 2016-09-10 00:35:39] At iterate     1  f =      -15.653  |proj g|=       0.14147
[job(1154): 2016-09-10 00:35:39] At iterate     2  f =      -15.653  |proj g|=     0.0033254
[job(1154): 2016-09-10 00:35:39] At iterate     3  f =      -15.653  |proj g|=     0.0033244
[job(1154): 2016-09-10 00:35:39] At iterate     4  f =      -15.653  |proj g|=     0.0087324
[job(1154): 2016-09-10 00:35:39] At iterate     5  f =      -15.653  |proj g|=      0.018617
[job(1154): 2016-09-10 00:35:39] At iterate     6  f =      -15.653  |proj g|=      0.037091
[job(1154): 2016-09-10 00:35:39] At iterate     7  f =      -15.653  |proj g|=      0.065287
[job(1154): 2016-09-10 00:35:39] At iterate     8  f =      -15.654  |proj g|=       0.11125
[job(1154): 2016-09-10 00:35:39] At iterate     9  f =      -15.654  |proj g|=       0.18257
[job(1154): 2016-09-10 00:35:39] At iterate    10  f =      -15.656  |proj g|=       0.29015
[job(1154): 2016-09-10 00:35:39] At iterate    11  f =      -15.659  |proj g|=       0.42913
[job(1154): 2016-09-10 00:35:39] At iterate    12  f =      -15.668  |proj g|=       0.53944
[job(1154): 2016-09-10 00:35:39] At iterate    13  f =      -15.686  |proj g|=       0.38432
[job(1154): 2016-09-10 00:35:39] At iterate    14  f =      -15.693  |proj g|=      0.061152
[job(1154): 2016-09-10 00:35:39] At iterate    15  f =      -15.693  |proj g|=     0.0071941
[job(1154): 2016-09-10 00:35:39] At iterate    16  f =      -15.693  |proj g|=    7.7429e-06
[job(1154): 2016-09-10 00:35:39] At iterate    17  f =      -15.693  |proj g|=    9.6493e-10
[job(1154): 2016-09-10 00:35:39] 
[job(1154): 2016-09-10 00:35:39] iterations 17
[job(1154): 2016-09-10 00:35:39] function evaluations 19
[job(1154): 2016-09-10 00:35:39] segments explored during Cauchy searches 18
[job(1154): 2016-09-10 00:35:39] BFGS updates skipped 0
[job(1154): 2016-09-10 00:35:39] active bounds at final generalized Cauchy point 1
[job(1154): 2016-09-10 00:35:39] norm of the final projected gradient 9.64927e-10
[job(1154): 2016-09-10 00:35:39] final function value -15.6933
[job(1154): 2016-09-10 00:35:39] 
[job(1154): 2016-09-10 00:35:39] F = -15.6933
[job(1154): 2016-09-10 00:35:39] final  value -15.693319 
[job(1154): 2016-09-10 00:35:39] converged
[job(1154): 2016-09-10 00:35:39] [Tune-x] 19: C=10.3; sigma=0.000245
[job(1154): 2016-09-10 00:35:39] [Tune-y] 19: acc.test.mean=0.327; time: 0.0 min; memory: 116Mb use, 159Mb max
[job(1154): 2016-09-10 00:35:39] 
[job(1154): 2016-09-10 00:35:39] optimisation start
[job(1154): 2016-09-10 00:35:39] ------------------
[job(1154): 2016-09-10 00:35:39] * estimation method   : MLE 
[job(1154): 2016-09-10 00:35:39] * optimisation method : BFGS 
[job(1154): 2016-09-10 00:35:39] * analytical gradient : used
[job(1154): 2016-09-10 00:35:39] * trend model : ~1
[job(1154): 2016-09-10 00:35:39] * covariance model : 
[job(1154): 2016-09-10 00:35:39]   - type :  matern5_2 
[job(1154): 2016-09-10 00:35:39]   - nugget : NO
[job(1154): 2016-09-10 00:35:39]   - parameters lower bounds :  1e-10 1e-10 
[job(1154): 2016-09-10 00:35:39]   - parameters upper bounds :  44.56397 47.76937 
[job(1154): 2016-09-10 00:35:39]   - best initial criterion value(s) :  -11.73078 
[job(1154): 2016-09-10 00:35:39] 
[job(1154): 2016-09-10 00:35:39] N = 2, M = 5 machine precision = 2.22045e-16
[job(1154): 2016-09-10 00:35:39] At X0, 0 variables are exactly at the bounds
[job(1154): 2016-09-10 00:35:39] At iterate     0  f=       11.731  |proj g|=       1.3177
[job(1154): 2016-09-10 00:35:39] At iterate     1  f =        8.656  |proj g|=         1.595
[job(1154): 2016-09-10 00:35:39] ys=-5.562e-01  -gs= 2.809e+00, BFGS update SKIPPED
[job(1154): 2016-09-10 00:35:39] At iterate     2  f =      -18.281  |proj g|=        1.0668
[job(1154): 2016-09-10 00:35:39] At iterate     3  f =      -18.731  |proj g|=       0.37698
[job(1154): 2016-09-10 00:35:39] At iterate     4  f =      -18.799  |proj g|=      0.082376
[job(1154): 2016-09-10 00:35:39] At iterate     5  f =      -18.801  |proj g|=     0.0057435
[job(1154): 2016-09-10 00:35:39] At iterate     6  f =      -18.801  |proj g|=    0.00018598
[job(1154): 2016-09-10 00:35:39] At iterate     7  f =      -18.801  |proj g|=    1.7555e-05
[job(1154): 2016-09-10 00:35:39] 
[job(1154): 2016-09-10 00:35:39] iterations 7
[job(1154): 2016-09-10 00:35:39] function evaluations 11
[job(1154): 2016-09-10 00:35:39] segments explored during Cauchy searches 7
[job(1154): 2016-09-10 00:35:39] BFGS updates skipped 1
[job(1154): 2016-09-10 00:35:39] active bounds at final generalized Cauchy point 0
[job(1154): 2016-09-10 00:35:39] norm of the final projected gradient 1.75553e-05
[job(1154): 2016-09-10 00:35:39] final function value -18.801
[job(1154): 2016-09-10 00:35:39] 
[job(1154): 2016-09-10 00:35:39] F = -18.801
[job(1154): 2016-09-10 00:35:39] final  value -18.801025 
[job(1154): 2016-09-10 00:35:39] converged
[job(1154): 2016-09-10 00:35:39] [Tune-x] 20: C=9.3; sigma=0.000504
[job(1154): 2016-09-10 00:35:39] [Tune-y] 20: acc.test.mean=0.309; time: 0.0 min; memory: 116Mb use, 159Mb max
[job(1154): 2016-09-10 00:35:39] 
[job(1154): 2016-09-10 00:35:39] optimisation start
[job(1154): 2016-09-10 00:35:39] ------------------
[job(1154): 2016-09-10 00:35:39] * estimation method   : MLE 
[job(1154): 2016-09-10 00:35:39] * optimisation method : BFGS 
[job(1154): 2016-09-10 00:35:39] * analytical gradient : used
[job(1154): 2016-09-10 00:35:39] * trend model : ~1
[job(1154): 2016-09-10 00:35:39] * covariance model : 
[job(1154): 2016-09-10 00:35:39]   - type :  matern5_2 
[job(1154): 2016-09-10 00:35:39]   - nugget : NO
[job(1154): 2016-09-10 00:35:39]   - parameters lower bounds :  1e-10 1e-10 
[job(1154): 2016-09-10 00:35:39]   - parameters upper bounds :  44.56397 47.76937 
[job(1154): 2016-09-10 00:35:39]   - best initial criterion value(s) :  12.30958 
[job(1154): 2016-09-10 00:35:39] 
[job(1154): 2016-09-10 00:35:39] N = 2, M = 5 machine precision = 2.22045e-16
[job(1154): 2016-09-10 00:35:39] At X0, 0 variables are exactly at the bounds
[job(1154): 2016-09-10 00:35:39] At iterate     0  f=       -12.31  |proj g|=      0.59933
[job(1154): 2016-09-10 00:35:39] At iterate     1  f =      -12.912  |proj g|=        2.6999
[job(1154): 2016-09-10 00:35:39] ys=-3.148e-01  -gs= 3.720e-01, BFGS update SKIPPED
[job(1154): 2016-09-10 00:35:39] At iterate     2  f =      -13.244  |proj g|=       0.94164
[job(1154): 2016-09-10 00:35:39] At iterate     3  f =        -13.3  |proj g|=       0.67166
[job(1154): 2016-09-10 00:35:39] At iterate     4  f =      -13.334  |proj g|=       0.59007
[job(1154): 2016-09-10 00:35:39] At iterate     5  f =      -13.615  |proj g|=        1.1725
[job(1154): 2016-09-10 00:35:39] At iterate     6  f =      -14.219  |proj g|=        2.7915
[job(1154): 2016-09-10 00:35:39] At iterate     7  f =      -17.797  |proj g|=      0.038682
[job(1154): 2016-09-10 00:35:39] At iterate     8  f =      -17.803  |proj g|=      0.037035
[job(1154): 2016-09-10 00:35:39] At iterate     9  f =      -17.809  |proj g|=        1.0273
[job(1154): 2016-09-10 00:35:39] At iterate    10  f =       -17.81  |proj g|=      0.033143
[job(1154): 2016-09-10 00:35:39] At iterate    11  f =       -17.81  |proj g|=      0.022424
[job(1154): 2016-09-10 00:35:39] At iterate    12  f =       -17.81  |proj g|=      0.014206
[job(1154): 2016-09-10 00:35:39] At iterate    13  f =       -17.81  |proj g|=       0.12335
[job(1154): 2016-09-10 00:35:39] At iterate    14  f =       -17.81  |proj g|=        0.2614
[job(1154): 2016-09-10 00:35:39] At iterate    15  f =       -17.81  |proj g|=       0.61931
[job(1154): 2016-09-10 00:35:39] At iterate    16  f =       -17.81  |proj g|=       0.91456
[job(1154): 2016-09-10 00:35:39] At iterate    17  f =       -17.81  |proj g|=        1.2952
[job(1154): 2016-09-10 00:35:39] At iterate    18  f =      -17.812  |proj g|=        1.4962
[job(1154): 2016-09-10 00:35:39] At iterate    19  f =      -17.815  |proj g|=        1.8272
[job(1154): 2016-09-10 00:35:39] At iterate    20  f =      -17.819  |proj g|=        2.3246
[job(1154): 2016-09-10 00:35:39] At iterate    21  f =      -17.824  |proj g|=        2.6491
[job(1154): 2016-09-10 00:35:39] At iterate    22  f =      -17.838  |proj g|=        3.0388
[job(1154): 2016-09-10 00:35:39] At iterate    23  f =      -17.871  |proj g|=        2.8395
[job(1154): 2016-09-10 00:35:39] At iterate    24  f =      -18.009  |proj g|=        2.7319
[job(1154): 2016-09-10 00:35:39] At iterate    25  f =      -18.591  |proj g|=       0.10684
[job(1154): 2016-09-10 00:35:39] At iterate    26  f =      -18.617  |proj g|=       0.19847
[job(1154): 2016-09-10 00:35:39] At iterate    27  f =      -18.618  |proj g|=     0.0040413
[job(1154): 2016-09-10 00:35:39] At iterate    28  f =      -18.618  |proj g|=    0.00013638
[job(1154): 2016-09-10 00:35:39] At iterate    29  f =      -18.618  |proj g|=    1.5794e-06
[job(1154): 2016-09-10 00:35:39] At iterate    30  f =      -18.618  |proj g|=    1.0382e-08
[job(1154): 2016-09-10 00:35:39] 
[job(1154): 2016-09-10 00:35:39] iterations 30
[job(1154): 2016-09-10 00:35:39] function evaluations 41
[job(1154): 2016-09-10 00:35:39] segments explored during Cauchy searches 30
[job(1154): 2016-09-10 00:35:39] BFGS updates skipped 1
[job(1154): 2016-09-10 00:35:39] active bounds at final generalized Cauchy point 0
[job(1154): 2016-09-10 00:35:39] norm of the final projected gradient 1.03819e-08
[job(1154): 2016-09-10 00:35:39] final function value -18.6178
[job(1154): 2016-09-10 00:35:39] 
[job(1154): 2016-09-10 00:35:39] F = -18.6178
[job(1154): 2016-09-10 00:35:39] final  value -18.617795 
[job(1154): 2016-09-10 00:35:39] converged
[job(1154): 2016-09-10 00:35:39] [Tune-x] 21: C=11.1; sigma=0.00126
[job(1154): 2016-09-10 00:35:39] [Tune-y] 21: acc.test.mean=0.309; time: 0.0 min; memory: 116Mb use, 159Mb max
[job(1154): 2016-09-10 00:35:39] 
[job(1154): 2016-09-10 00:35:39] optimisation start
[job(1154): 2016-09-10 00:35:39] ------------------
[job(1154): 2016-09-10 00:35:39] * estimation method   : MLE 
[job(1154): 2016-09-10 00:35:39] * optimisation method : BFGS 
[job(1154): 2016-09-10 00:35:39] * analytical gradient : used
[job(1154): 2016-09-10 00:35:39] * trend model : ~1
[job(1154): 2016-09-10 00:35:39] * covariance model : 
[job(1154): 2016-09-10 00:35:39]   - type :  matern5_2 
[job(1154): 2016-09-10 00:35:39]   - nugget : NO
[job(1154): 2016-09-10 00:35:39]   - parameters lower bounds :  1e-10 1e-10 
[job(1154): 2016-09-10 00:35:39]   - parameters upper bounds :  44.56397 47.76937 
[job(1154): 2016-09-10 00:35:39]   - best initial criterion value(s) :  -12.63479 
[job(1154): 2016-09-10 00:35:39] 
[job(1154): 2016-09-10 00:35:39] N = 2, M = 5 machine precision = 2.22045e-16
[job(1154): 2016-09-10 00:35:39] At X0, 0 variables are exactly at the bounds
[job(1154): 2016-09-10 00:35:39] At iterate     0  f=       12.635  |proj g|=      0.31733
[job(1154): 2016-09-10 00:35:39] At iterate     1  f =      -18.578  |proj g|=             0
[job(1154): 2016-09-10 00:35:39] 
[job(1154): 2016-09-10 00:35:39] iterations 1
[job(1154): 2016-09-10 00:35:39] function evaluations 2
[job(1154): 2016-09-10 00:35:39] segments explored during Cauchy searches 2
[job(1154): 2016-09-10 00:35:39] BFGS updates skipped 0
[job(1154): 2016-09-10 00:35:39] active bounds at final generalized Cauchy point 1
[job(1154): 2016-09-10 00:35:39] norm of the final projected gradient 0
[job(1154): 2016-09-10 00:35:39] final function value -18.578
[job(1154): 2016-09-10 00:35:39] 
[job(1154): 2016-09-10 00:35:39] F = -18.578
[job(1154): 2016-09-10 00:35:39] final  value -18.578048 
[job(1154): 2016-09-10 00:35:39] converged
[job(1154): 2016-09-10 00:35:39] [Tune-x] 22: C=0.000265; sigma=29.3
[job(1154): 2016-09-10 00:35:39] [Tune-y] 22: acc.test.mean=0.336; time: 0.0 min; memory: 116Mb use, 167Mb max
[job(1154): 2016-09-10 00:35:39] 
[job(1154): 2016-09-10 00:35:39] optimisation start
[job(1154): 2016-09-10 00:35:39] ------------------
[job(1154): 2016-09-10 00:35:39] * estimation method   : MLE 
[job(1154): 2016-09-10 00:35:39] * optimisation method : BFGS 
[job(1154): 2016-09-10 00:35:39] * analytical gradient : used
[job(1154): 2016-09-10 00:35:39] * trend model : ~1
[job(1154): 2016-09-10 00:35:39] * covariance model : 
[job(1154): 2016-09-10 00:35:39]   - type :  matern5_2 
[job(1154): 2016-09-10 00:35:39]   - nugget : NO
[job(1154): 2016-09-10 00:35:39]   - parameters lower bounds :  1e-10 1e-10 
[job(1154): 2016-09-10 00:35:39]   - parameters upper bounds :  47.5562 47.76937 
[job(1154): 2016-09-10 00:35:39]   - best initial criterion value(s) :  7.814099 
[job(1154): 2016-09-10 00:35:39] 
[job(1154): 2016-09-10 00:35:39] N = 2, M = 5 machine precision = 2.22045e-16
[job(1154): 2016-09-10 00:35:39] At X0, 0 variables are exactly at the bounds
[job(1154): 2016-09-10 00:35:39] At iterate     0  f=      -7.8141  |proj g|=       4.2854
[job(1154): 2016-09-10 00:35:39] At iterate     1  f =      -19.787  |proj g|=             0
[job(1154): 2016-09-10 00:35:39] 
[job(1154): 2016-09-10 00:35:39] iterations 1
[job(1154): 2016-09-10 00:35:39] function evaluations 2
[job(1154): 2016-09-10 00:35:39] segments explored during Cauchy searches 2
[job(1154): 2016-09-10 00:35:39] BFGS updates skipped 0
[job(1154): 2016-09-10 00:35:39] active bounds at final generalized Cauchy point 1
[job(1154): 2016-09-10 00:35:39] norm of the final projected gradient 0
[job(1154): 2016-09-10 00:35:39] final function value -19.7867
[job(1154): 2016-09-10 00:35:39] 
[job(1154): 2016-09-10 00:35:39] F = -19.7867
[job(1154): 2016-09-10 00:35:39] final  value -19.786722 
[job(1154): 2016-09-10 00:35:39] converged
[job(1154): 2016-09-10 00:35:39] [Tune-x] 23: C=0.000433; sigma=17.9
[job(1154): 2016-09-10 00:35:39] [Tune-y] 23: acc.test.mean=0.327; time: 0.0 min; memory: 116Mb use, 167Mb max
[job(1154): 2016-09-10 00:35:39] 
[job(1154): 2016-09-10 00:35:39] optimisation start
[job(1154): 2016-09-10 00:35:39] ------------------
[job(1154): 2016-09-10 00:35:39] * estimation method   : MLE 
[job(1154): 2016-09-10 00:35:39] * optimisation method : BFGS 
[job(1154): 2016-09-10 00:35:39] * analytical gradient : used
[job(1154): 2016-09-10 00:35:39] * trend model : ~1
[job(1154): 2016-09-10 00:35:39] * covariance model : 
[job(1154): 2016-09-10 00:35:39]   - type :  matern5_2 
[job(1154): 2016-09-10 00:35:39]   - nugget : NO
[job(1154): 2016-09-10 00:35:39]   - parameters lower bounds :  1e-10 1e-10 
[job(1154): 2016-09-10 00:35:39]   - parameters upper bounds :  47.5562 47.76937 
[job(1154): 2016-09-10 00:35:39]   - best initial criterion value(s) :  -7.663428 
[job(1154): 2016-09-10 00:35:39] 
[job(1154): 2016-09-10 00:35:39] N = 2, M = 5 machine precision = 2.22045e-16
[job(1154): 2016-09-10 00:35:39] At X0, 0 variables are exactly at the bounds
[job(1154): 2016-09-10 00:35:39] At iterate     0  f=       7.6634  |proj g|=       3.1286
[job(1154): 2016-09-10 00:35:39] At iterate     1  f =      -3.7373  |proj g|=        3.7649
[job(1154): 2016-09-10 00:35:39] ys=-2.952e+00  -gs= 9.945e+00, BFGS update SKIPPED
[job(1154): 2016-09-10 00:35:39] At iterate     2  f =      -21.071  |proj g|=             0
[job(1154): 2016-09-10 00:35:39] 
[job(1154): 2016-09-10 00:35:39] iterations 2
[job(1154): 2016-09-10 00:35:39] function evaluations 3
[job(1154): 2016-09-10 00:35:39] segments explored during Cauchy searches 3
[job(1154): 2016-09-10 00:35:39] BFGS updates skipped 1
[job(1154): 2016-09-10 00:35:39] active bounds at final generalized Cauchy point 1
[job(1154): 2016-09-10 00:35:39] norm of the final projected gradient 0
[job(1154): 2016-09-10 00:35:39] final function value -21.0711
[job(1154): 2016-09-10 00:35:39] 
[job(1154): 2016-09-10 00:35:39] F = -21.0711
[job(1154): 2016-09-10 00:35:39] final  value -21.071131 
[job(1154): 2016-09-10 00:35:39] converged
[job(1154): 2016-09-10 00:35:39] [Tune-x] 24: C=3.85e+03; sigma=1.32
[job(1154): 2016-09-10 00:35:39] [Tune-y] 24: acc.test.mean=0.391; time: 0.0 min; memory: 116Mb use, 167Mb max
[job(1154): 2016-09-10 00:35:39] 
[job(1154): 2016-09-10 00:35:39] optimisation start
[job(1154): 2016-09-10 00:35:39] ------------------
[job(1154): 2016-09-10 00:35:39] * estimation method   : MLE 
[job(1154): 2016-09-10 00:35:39] * optimisation method : BFGS 
[job(1154): 2016-09-10 00:35:39] * analytical gradient : used
[job(1154): 2016-09-10 00:35:39] * trend model : ~1
[job(1154): 2016-09-10 00:35:39] * covariance model : 
[job(1154): 2016-09-10 00:35:39]   - type :  matern5_2 
[job(1154): 2016-09-10 00:35:39]   - nugget : NO
[job(1154): 2016-09-10 00:35:39]   - parameters lower bounds :  1e-10 1e-10 
[job(1154): 2016-09-10 00:35:39]   - parameters upper bounds :  47.58707 47.76937 
[job(1154): 2016-09-10 00:35:39]   - best initial criterion value(s) :  -5.801343 
[job(1154): 2016-09-10 00:35:39] 
[job(1154): 2016-09-10 00:35:39] N = 2, M = 5 machine precision = 2.22045e-16
[job(1154): 2016-09-10 00:35:39] At X0, 0 variables are exactly at the bounds
[job(1154): 2016-09-10 00:35:39] At iterate     0  f=       5.8013  |proj g|=       4.0352
[job(1154): 2016-09-10 00:35:39] At iterate     1  f =      -21.857  |proj g|=             0
[job(1154): 2016-09-10 00:35:39] 
[job(1154): 2016-09-10 00:35:39] iterations 1
[job(1154): 2016-09-10 00:35:39] function evaluations 2
[job(1154): 2016-09-10 00:35:39] segments explored during Cauchy searches 2
[job(1154): 2016-09-10 00:35:39] BFGS updates skipped 0
[job(1154): 2016-09-10 00:35:39] active bounds at final generalized Cauchy point 2
[job(1154): 2016-09-10 00:35:39] norm of the final projected gradient 0
[job(1154): 2016-09-10 00:35:39] final function value -21.8572
[job(1154): 2016-09-10 00:35:39] 
[job(1154): 2016-09-10 00:35:39] F = -21.8572
[job(1154): 2016-09-10 00:35:39] final  value -21.857195 
[job(1154): 2016-09-10 00:35:39] converged
[job(1154): 2016-09-10 00:35:39] [Tune-x] 25: C=572; sigma=0.0134
[job(1154): 2016-09-10 00:35:39] [Tune-y] 25: acc.test.mean=0.236; time: 0.0 min; memory: 116Mb use, 167Mb max
[job(1154): 2016-09-10 00:35:39] 
[job(1154): 2016-09-10 00:35:39] optimisation start
[job(1154): 2016-09-10 00:35:39] ------------------
[job(1154): 2016-09-10 00:35:39] * estimation method   : MLE 
[job(1154): 2016-09-10 00:35:39] * optimisation method : BFGS 
[job(1154): 2016-09-10 00:35:39] * analytical gradient : used
[job(1154): 2016-09-10 00:35:39] * trend model : ~1
[job(1154): 2016-09-10 00:35:39] * covariance model : 
[job(1154): 2016-09-10 00:35:39]   - type :  matern5_2 
[job(1154): 2016-09-10 00:35:39]   - nugget : NO
[job(1154): 2016-09-10 00:35:39]   - parameters lower bounds :  1e-10 1e-10 
[job(1154): 2016-09-10 00:35:39]   - parameters upper bounds :  47.58707 47.76937 
[job(1154): 2016-09-10 00:35:39]   - best initial criterion value(s) :  22.71268 
[job(1154): 2016-09-10 00:35:39] 
[job(1154): 2016-09-10 00:35:39] N = 2, M = 5 machine precision = 2.22045e-16
[job(1154): 2016-09-10 00:35:39] At X0, 0 variables are exactly at the bounds
[job(1154): 2016-09-10 00:35:39] At iterate     0  f=      -22.713  |proj g|=       1.1477
[job(1154): 2016-09-10 00:35:39] At iterate     1  f =      -23.157  |proj g|=             0
[job(1154): 2016-09-10 00:35:39] 
[job(1154): 2016-09-10 00:35:39] iterations 1
[job(1154): 2016-09-10 00:35:39] function evaluations 2
[job(1154): 2016-09-10 00:35:39] segments explored during Cauchy searches 2
[job(1154): 2016-09-10 00:35:39] BFGS updates skipped 0
[job(1154): 2016-09-10 00:35:39] active bounds at final generalized Cauchy point 1
[job(1154): 2016-09-10 00:35:39] norm of the final projected gradient 0
[job(1154): 2016-09-10 00:35:39] final function value -23.1566
[job(1154): 2016-09-10 00:35:39] 
[job(1154): 2016-09-10 00:35:39] F = -23.1566
[job(1154): 2016-09-10 00:35:39] final  value -23.156632 
[job(1154): 2016-09-10 00:35:39] converged
[job(1154): 2016-09-10 00:35:39] [Tune-x] 26: C=0.0231; sigma=1.55e+03
[job(1154): 2016-09-10 00:35:39] [Tune-y] 26: acc.test.mean=0.0545; time: 0.0 min; memory: 116Mb use, 167Mb max
[job(1154): 2016-09-10 00:35:39] 
[job(1154): 2016-09-10 00:35:39] optimisation start
[job(1154): 2016-09-10 00:35:39] ------------------
[job(1154): 2016-09-10 00:35:39] * estimation method   : MLE 
[job(1154): 2016-09-10 00:35:39] * optimisation method : BFGS 
[job(1154): 2016-09-10 00:35:39] * analytical gradient : used
[job(1154): 2016-09-10 00:35:39] * trend model : ~1
[job(1154): 2016-09-10 00:35:39] * covariance model : 
[job(1154): 2016-09-10 00:35:39]   - type :  matern5_2 
[job(1154): 2016-09-10 00:35:39]   - nugget : NO
[job(1154): 2016-09-10 00:35:39]   - parameters lower bounds :  1e-10 1e-10 
[job(1154): 2016-09-10 00:35:39]   - parameters upper bounds :  47.58707 47.76937 
[job(1154): 2016-09-10 00:35:39]   - best initial criterion value(s) :  -9.359379 
[job(1154): 2016-09-10 00:35:39] 
[job(1154): 2016-09-10 00:35:39] N = 2, M = 5 machine precision = 2.22045e-16
[job(1154): 2016-09-10 00:35:39] At X0, 0 variables are exactly at the bounds
[job(1154): 2016-09-10 00:35:39] At iterate     0  f=       9.3594  |proj g|=       3.2349
[job(1154): 2016-09-10 00:35:39] At iterate     1  f =       -5.083  |proj g|=        4.8211
[job(1154): 2016-09-10 00:35:39] ys=-5.799e+00  -gs= 1.162e+01, BFGS update SKIPPED
[job(1154): 2016-09-10 00:35:39] At iterate     2  f =      -22.032  |proj g|=             0
[job(1154): 2016-09-10 00:35:39] 
[job(1154): 2016-09-10 00:35:39] iterations 2
[job(1154): 2016-09-10 00:35:39] function evaluations 3
[job(1154): 2016-09-10 00:35:39] segments explored during Cauchy searches 3
[job(1154): 2016-09-10 00:35:39] BFGS updates skipped 1
[job(1154): 2016-09-10 00:35:39] active bounds at final generalized Cauchy point 1
[job(1154): 2016-09-10 00:35:39] norm of the final projected gradient 0
[job(1154): 2016-09-10 00:35:39] final function value -22.0319
[job(1154): 2016-09-10 00:35:39] 
[job(1154): 2016-09-10 00:35:39] F = -22.0319
[job(1154): 2016-09-10 00:35:39] final  value -22.031937 
[job(1154): 2016-09-10 00:35:39] converged
[job(1154): 2016-09-10 00:35:39] [Tune-x] 27: C=1.63e+03; sigma=381
[job(1154): 2016-09-10 00:35:39] [Tune-y] 27: acc.test.mean=0.136; time: 0.0 min; memory: 116Mb use, 167Mb max
[job(1154): 2016-09-10 00:35:39] 
[job(1154): 2016-09-10 00:35:39] optimisation start
[job(1154): 2016-09-10 00:35:39] ------------------
[job(1154): 2016-09-10 00:35:39] * estimation method   : MLE 
[job(1154): 2016-09-10 00:35:39] * optimisation method : BFGS 
[job(1154): 2016-09-10 00:35:39] * analytical gradient : used
[job(1154): 2016-09-10 00:35:39] * trend model : ~1
[job(1154): 2016-09-10 00:35:39] * covariance model : 
[job(1154): 2016-09-10 00:35:39]   - type :  matern5_2 
[job(1154): 2016-09-10 00:35:39]   - nugget : NO
[job(1154): 2016-09-10 00:35:39]   - parameters lower bounds :  1e-10 1e-10 
[job(1154): 2016-09-10 00:35:39]   - parameters upper bounds :  47.58707 47.76937 
[job(1154): 2016-09-10 00:35:39]   - best initial criterion value(s) :  -6.920608 
[job(1154): 2016-09-10 00:35:39] 
[job(1154): 2016-09-10 00:35:39] N = 2, M = 5 machine precision = 2.22045e-16
[job(1154): 2016-09-10 00:35:39] At X0, 0 variables are exactly at the bounds
[job(1154): 2016-09-10 00:35:39] At iterate     0  f=       6.9206  |proj g|=      0.95942
[job(1154): 2016-09-10 00:35:39] At iterate     1  f =      -22.538  |proj g|=             0
[job(1154): 2016-09-10 00:35:39] 
[job(1154): 2016-09-10 00:35:39] iterations 1
[job(1154): 2016-09-10 00:35:39] function evaluations 2
[job(1154): 2016-09-10 00:35:39] segments explored during Cauchy searches 2
[job(1154): 2016-09-10 00:35:39] BFGS updates skipped 0
[job(1154): 2016-09-10 00:35:39] active bounds at final generalized Cauchy point 1
[job(1154): 2016-09-10 00:35:39] norm of the final projected gradient 0
[job(1154): 2016-09-10 00:35:39] final function value -22.5381
[job(1154): 2016-09-10 00:35:39] 
[job(1154): 2016-09-10 00:35:39] F = -22.5381
[job(1154): 2016-09-10 00:35:39] final  value -22.538128 
[job(1154): 2016-09-10 00:35:39] converged
[job(1154): 2016-09-10 00:35:39] [Tune-x] 28: C=162; sigma=8.96
[job(1154): 2016-09-10 00:35:39] [Tune-y] 28: acc.test.mean=0.291; time: 0.0 min; memory: 116Mb use, 167Mb max
[job(1154): 2016-09-10 00:35:39] 
[job(1154): 2016-09-10 00:35:39] optimisation start
[job(1154): 2016-09-10 00:35:39] ------------------
[job(1154): 2016-09-10 00:35:39] * estimation method   : MLE 
[job(1154): 2016-09-10 00:35:39] * optimisation method : BFGS 
[job(1154): 2016-09-10 00:35:39] * analytical gradient : used
[job(1154): 2016-09-10 00:35:39] * trend model : ~1
[job(1154): 2016-09-10 00:35:39] * covariance model : 
[job(1154): 2016-09-10 00:35:39]   - type :  matern5_2 
[job(1154): 2016-09-10 00:35:39]   - nugget : NO
[job(1154): 2016-09-10 00:35:39]   - parameters lower bounds :  1e-10 1e-10 
[job(1154): 2016-09-10 00:35:39]   - parameters upper bounds :  47.58707 47.76937 
[job(1154): 2016-09-10 00:35:39]   - best initial criterion value(s) :  20.81861 
[job(1154): 2016-09-10 00:35:39] 
[job(1154): 2016-09-10 00:35:39] N = 2, M = 5 machine precision = 2.22045e-16
[job(1154): 2016-09-10 00:35:39] At X0, 0 variables are exactly at the bounds
[job(1154): 2016-09-10 00:35:39] At iterate     0  f=      -20.819  |proj g|=       3.8642
[job(1154): 2016-09-10 00:35:39] At iterate     1  f =       -23.86  |proj g|=             0
[job(1154): 2016-09-10 00:35:39] 
[job(1154): 2016-09-10 00:35:39] iterations 1
[job(1154): 2016-09-10 00:35:39] function evaluations 2
[job(1154): 2016-09-10 00:35:39] segments explored during Cauchy searches 2
[job(1154): 2016-09-10 00:35:39] BFGS updates skipped 0
[job(1154): 2016-09-10 00:35:39] active bounds at final generalized Cauchy point 1
[job(1154): 2016-09-10 00:35:39] norm of the final projected gradient 0
[job(1154): 2016-09-10 00:35:39] final function value -23.8596
[job(1154): 2016-09-10 00:35:39] 
[job(1154): 2016-09-10 00:35:39] F = -23.8596
[job(1154): 2016-09-10 00:35:39] final  value -23.859647 
[job(1154): 2016-09-10 00:35:39] converged
[job(1154): 2016-09-10 00:35:39] [Tune] Result: C=3.85e+03; sigma=1.32 : acc.test.mean=-0.391
[job(1154): 2016-09-10 00:35:39] Job terminated successfully
[job(chunk): 2016-09-10 00:35:39] Calculation finished!
