[job(chunk): 2016-09-10 01:08:23] Starting calculation of 1 jobs
[job(chunk): 2016-09-10 01:08:23] Setting working directory to '/naslx/projects/pr74ze/ri89coc2/svm_comparison'
[job(chunk): 2016-09-10 01:08:23] Memory measurement disabled
[job(1484): 2016-09-10 01:08:25] Starting job with job.id=1484
[job(1484): 2016-09-10 01:09:06] Generating problem instance for problem '1559' ...
[job(1484): 2016-09-10 01:09:06] Data '1559' file 'description.xml' found in cache.
[job(1484): 2016-09-10 01:09:06] Data '1559' file 'dataset.arff' found in cache.
[job(1484): 2016-09-10 01:09:06] Loading required package: readr
[job(1484): 2016-09-10 01:09:06] Applying algorithm 'spoc-svc.tuned' on problem '1559' ...
[job(1484): 2016-09-10 01:09:06] Data '1559' file 'description.xml' found in cache.
[job(1484): 2016-09-10 01:09:06] Data '1559' file 'dataset.arff' found in cache.
[job(1484): 2016-09-10 01:09:06] [Tune] Started tuning learner spoc-svc for parameter set:
[job(1484): 2016-09-10 01:09:06]          Type len Def    Constr Req Tunable Trafo
[job(1484): 2016-09-10 01:09:06] C     numeric   -   - -12 to 12   -    TRUE     Y
[job(1484): 2016-09-10 01:09:06] sigma numeric   -   - -12 to 12   -    TRUE     Y
[job(1484): 2016-09-10 01:09:06] With control class: TuneControlMBO
[job(1484): 2016-09-10 01:09:06] Imputation value: -0
[job(1484): 2016-09-10 01:09:06] [Tune-x] 1: C=30.8; sigma=0.591
[job(1484): 2016-09-10 01:09:06] [Tune-y] 1: acc.test.mean=0.533; time: 0.0 min; memory: 112Mb use, 142Mb max
[job(1484): 2016-09-10 01:09:06] [Tune-x] 2: C=1.5e+03; sigma=0.119
[job(1484): 2016-09-10 01:09:06] [Tune-y] 2: acc.test.mean=0.521; time: 0.0 min; memory: 112Mb use, 142Mb max
[job(1484): 2016-09-10 01:09:06] [Tune-x] 3: C=0.0169; sigma=33.5
[job(1484): 2016-09-10 01:09:06] [Tune-y] 3: acc.test.mean=0.468; time: 0.0 min; memory: 112Mb use, 142Mb max
[job(1484): 2016-09-10 01:09:06] [Tune-x] 4: C=1.44; sigma=427
[job(1484): 2016-09-10 01:09:06] [Tune-y] 4: acc.test.mean=0.459; time: 0.0 min; memory: 112Mb use, 142Mb max
[job(1484): 2016-09-10 01:09:06] [Tune-x] 5: C=0.232; sigma=0.000829
[job(1484): 2016-09-10 01:09:06] [Tune-y] 5: acc.test.mean=0.366; time: 0.0 min; memory: 112Mb use, 142Mb max
[job(1484): 2016-09-10 01:09:06] [Tune-x] 6: C=0.00518; sigma=1.25e+03
[job(1484): 2016-09-10 01:09:06] [Tune-y] 6: acc.test.mean=0.47; time: 0.0 min; memory: 112Mb use, 142Mb max
[job(1484): 2016-09-10 01:09:06] [Tune-x] 7: C=0.000755; sigma=0.00837
[job(1484): 2016-09-10 01:09:06] [Tune-y] 7: acc.test.mean=0.427; time: 0.0 min; memory: 112Mb use, 142Mb max
[job(1484): 2016-09-10 01:09:06] [Tune-x] 8: C=158; sigma=2.39
[job(1484): 2016-09-10 01:09:06] [Tune-y] 8: acc.test.mean=0.46; time: 0.0 min; memory: 112Mb use, 142Mb max
[job(1484): 2016-09-10 01:09:06] 
[job(1484): 2016-09-10 01:09:06] optimisation start
[job(1484): 2016-09-10 01:09:06] ------------------
[job(1484): 2016-09-10 01:09:06] * estimation method   : MLE 
[job(1484): 2016-09-10 01:09:06] * optimisation method : BFGS 
[job(1484): 2016-09-10 01:09:06] * analytical gradient : used
[job(1484): 2016-09-10 01:09:06] * trend model : ~1
[job(1484): 2016-09-10 01:09:06] * covariance model : 
[job(1484): 2016-09-10 01:09:06]   - type :  matern5_2 
[job(1484): 2016-09-10 01:09:06]   - nugget : NO
[job(1484): 2016-09-10 01:09:06]   - parameters lower bounds :  1e-10 1e-10 
[job(1484): 2016-09-10 01:09:06]   - parameters upper bounds :  41.84973 41.03582 
[job(1484): 2016-09-10 01:09:06]   - best initial criterion value(s) :  13.69504 
[job(1484): 2016-09-10 01:09:06] 
[job(1484): 2016-09-10 01:09:06] N = 2, M = 5 machine precision = 2.22045e-16
[job(1484): 2016-09-10 01:09:06] At X0, 0 variables are exactly at the bounds
[job(1484): 2016-09-10 01:09:06] At iterate     0  f=      -13.695  |proj g|=       0.4714
[job(1484): 2016-09-10 01:09:06] At iterate     1  f =      -13.873  |proj g|=       0.26353
[job(1484): 2016-09-10 01:09:06] At iterate     2  f =      -13.912  |proj g|=       0.15716
[job(1484): 2016-09-10 01:09:06] At iterate     3  f =      -13.928  |proj g|=      0.016891
[job(1484): 2016-09-10 01:09:06] At iterate     4  f =      -13.928  |proj g|=     0.0052752
[job(1484): 2016-09-10 01:09:06] At iterate     5  f =      -13.928  |proj g|=     0.0052624
[job(1484): 2016-09-10 01:09:06] At iterate     6  f =      -13.928  |proj g|=      0.014462
[job(1484): 2016-09-10 01:09:06] At iterate     7  f =      -13.929  |proj g|=      0.029333
[job(1484): 2016-09-10 01:09:06] At iterate     8  f =      -13.931  |proj g|=      0.055143
[job(1484): 2016-09-10 01:09:06] At iterate     9  f =      -13.936  |proj g|=      0.088508
[job(1484): 2016-09-10 01:09:06] At iterate    10  f =      -13.946  |proj g|=       0.12255
[job(1484): 2016-09-10 01:09:06] At iterate    11  f =      -13.959  |proj g|=      0.096166
[job(1484): 2016-09-10 01:09:06] At iterate    12  f =      -13.964  |proj g|=      0.016712
[job(1484): 2016-09-10 01:09:06] At iterate    13  f =      -13.964  |proj g|=    0.00037811
[job(1484): 2016-09-10 01:09:06] At iterate    14  f =      -13.964  |proj g|=    1.7072e-06
[job(1484): 2016-09-10 01:09:06] At iterate    15  f =      -13.964  |proj g|=    1.7862e-10
[job(1484): 2016-09-10 01:09:06] 
[job(1484): 2016-09-10 01:09:06] iterations 15
[job(1484): 2016-09-10 01:09:06] function evaluations 16
[job(1484): 2016-09-10 01:09:06] segments explored during Cauchy searches 15
[job(1484): 2016-09-10 01:09:06] BFGS updates skipped 0
[job(1484): 2016-09-10 01:09:06] active bounds at final generalized Cauchy point 1
[job(1484): 2016-09-10 01:09:06] norm of the final projected gradient 1.78622e-10
[job(1484): 2016-09-10 01:09:06] final function value -13.9645
[job(1484): 2016-09-10 01:09:06] 
[job(1484): 2016-09-10 01:09:06] F = -13.9645
[job(1484): 2016-09-10 01:09:06] final  value -13.964451 
[job(1484): 2016-09-10 01:09:06] converged
[job(1484): 2016-09-10 01:09:06] [Tune-x] 9: C=23.9; sigma=0.34
[job(1484): 2016-09-10 01:09:06] [Tune-y] 9: acc.test.mean=0.501; time: 0.0 min; memory: 116Mb use, 150Mb max
[job(1484): 2016-09-10 01:09:06] 
[job(1484): 2016-09-10 01:09:06] optimisation start
[job(1484): 2016-09-10 01:09:06] ------------------
[job(1484): 2016-09-10 01:09:06] * estimation method   : MLE 
[job(1484): 2016-09-10 01:09:06] * optimisation method : BFGS 
[job(1484): 2016-09-10 01:09:06] * analytical gradient : used
[job(1484): 2016-09-10 01:09:06] * trend model : ~1
[job(1484): 2016-09-10 01:09:06] * covariance model : 
[job(1484): 2016-09-10 01:09:06]   - type :  matern5_2 
[job(1484): 2016-09-10 01:09:06]   - nugget : NO
[job(1484): 2016-09-10 01:09:06]   - parameters lower bounds :  1e-10 1e-10 
[job(1484): 2016-09-10 01:09:06]   - parameters upper bounds :  41.84973 41.03582 
[job(1484): 2016-09-10 01:09:06]   - best initial criterion value(s) :  13.9375 
[job(1484): 2016-09-10 01:09:06] 
[job(1484): 2016-09-10 01:09:06] N = 2, M = 5 machine precision = 2.22045e-16
[job(1484): 2016-09-10 01:09:06] At X0, 0 variables are exactly at the bounds
[job(1484): 2016-09-10 01:09:06] At iterate     0  f=      -13.937  |proj g|=       2.2033
[job(1484): 2016-09-10 01:09:06] At iterate     1  f =       -14.67  |proj g|=    1.1344e-06
[job(1484): 2016-09-10 01:09:06] At iterate     2  f =      -15.331  |proj g|=    0.00054747
[job(1484): 2016-09-10 01:09:06] At iterate     3  f =      -15.331  |proj g|=    0.00054747
[job(1484): 2016-09-10 01:09:06] 
[job(1484): 2016-09-10 01:09:06] iterations 3
[job(1484): 2016-09-10 01:09:06] function evaluations 21
[job(1484): 2016-09-10 01:09:06] segments explored during Cauchy searches 3
[job(1484): 2016-09-10 01:09:06] BFGS updates skipped 0
[job(1484): 2016-09-10 01:09:06] active bounds at final generalized Cauchy point 0
[job(1484): 2016-09-10 01:09:06] norm of the final projected gradient 0.000547467
[job(1484): 2016-09-10 01:09:06] final function value -15.3307
[job(1484): 2016-09-10 01:09:06] 
[job(1484): 2016-09-10 01:09:06] F = -15.3307
[job(1484): 2016-09-10 01:09:06] final  value -15.330678 
[job(1484): 2016-09-10 01:09:06] converged
[job(1484): 2016-09-10 01:09:06] [Tune-x] 10: C=49.1; sigma=0.647
[job(1484): 2016-09-10 01:09:06] [Tune-y] 10: acc.test.mean=0.509; time: 0.0 min; memory: 116Mb use, 157Mb max
[job(1484): 2016-09-10 01:09:06] 
[job(1484): 2016-09-10 01:09:06] optimisation start
[job(1484): 2016-09-10 01:09:06] ------------------
[job(1484): 2016-09-10 01:09:06] * estimation method   : MLE 
[job(1484): 2016-09-10 01:09:06] * optimisation method : BFGS 
[job(1484): 2016-09-10 01:09:06] * analytical gradient : used
[job(1484): 2016-09-10 01:09:06] * trend model : ~1
[job(1484): 2016-09-10 01:09:06] * covariance model : 
[job(1484): 2016-09-10 01:09:06]   - type :  matern5_2 
[job(1484): 2016-09-10 01:09:06]   - nugget : NO
[job(1484): 2016-09-10 01:09:06]   - parameters lower bounds :  1e-10 1e-10 
[job(1484): 2016-09-10 01:09:06]   - parameters upper bounds :  41.84973 41.03582 
[job(1484): 2016-09-10 01:09:06]   - best initial criterion value(s) :  17.64154 
[job(1484): 2016-09-10 01:09:06] 
[job(1484): 2016-09-10 01:09:06] N = 2, M = 5 machine precision = 2.22045e-16
[job(1484): 2016-09-10 01:09:06] At X0, 0 variables are exactly at the bounds
[job(1484): 2016-09-10 01:09:06] At iterate     0  f=      -17.642  |proj g|=      0.69463
[job(1484): 2016-09-10 01:09:06] At iterate     1  f =      -17.665  |proj g|=       0.21704
[job(1484): 2016-09-10 01:09:06] At iterate     2  f =      -17.668  |proj g|=     0.0019791
[job(1484): 2016-09-10 01:09:06] At iterate     3  f =      -17.668  |proj g|=    1.9376e-05
[job(1484): 2016-09-10 01:09:06] At iterate     4  f =      -17.668  |proj g|=    1.9376e-05
[job(1484): 2016-09-10 01:09:06] 
[job(1484): 2016-09-10 01:09:06] iterations 4
[job(1484): 2016-09-10 01:09:06] function evaluations 6
[job(1484): 2016-09-10 01:09:06] segments explored during Cauchy searches 4
[job(1484): 2016-09-10 01:09:06] BFGS updates skipped 0
[job(1484): 2016-09-10 01:09:06] active bounds at final generalized Cauchy point 0
[job(1484): 2016-09-10 01:09:06] norm of the final projected gradient 1.93756e-05
[job(1484): 2016-09-10 01:09:06] final function value -17.6678
[job(1484): 2016-09-10 01:09:06] 
[job(1484): 2016-09-10 01:09:06] F = -17.6678
[job(1484): 2016-09-10 01:09:06] final  value -17.667810 
[job(1484): 2016-09-10 01:09:06] converged
[job(1484): 2016-09-10 01:09:06] [Tune-x] 11: C=34; sigma=0.878
[job(1484): 2016-09-10 01:09:06] [Tune-y] 11: acc.test.mean=0.53; time: 0.0 min; memory: 116Mb use, 157Mb max
[job(1484): 2016-09-10 01:09:06] 
[job(1484): 2016-09-10 01:09:06] optimisation start
[job(1484): 2016-09-10 01:09:06] ------------------
[job(1484): 2016-09-10 01:09:06] * estimation method   : MLE 
[job(1484): 2016-09-10 01:09:06] * optimisation method : BFGS 
[job(1484): 2016-09-10 01:09:06] * analytical gradient : used
[job(1484): 2016-09-10 01:09:06] * trend model : ~1
[job(1484): 2016-09-10 01:09:06] * covariance model : 
[job(1484): 2016-09-10 01:09:06]   - type :  matern5_2 
[job(1484): 2016-09-10 01:09:06]   - nugget : NO
[job(1484): 2016-09-10 01:09:06]   - parameters lower bounds :  1e-10 1e-10 
[job(1484): 2016-09-10 01:09:06]   - parameters upper bounds :  41.84973 41.03582 
[job(1484): 2016-09-10 01:09:06]   - best initial criterion value(s) :  18.71041 
[job(1484): 2016-09-10 01:09:06] 
[job(1484): 2016-09-10 01:09:06] N = 2, M = 5 machine precision = 2.22045e-16
[job(1484): 2016-09-10 01:09:06] At X0, 0 variables are exactly at the bounds
[job(1484): 2016-09-10 01:09:06] At iterate     0  f=       -18.71  |proj g|=       2.0676
[job(1484): 2016-09-10 01:09:06] At iterate     1  f =      -20.313  |proj g|=        1.7992
[job(1484): 2016-09-10 01:09:06] At iterate     2  f =      -21.043  |proj g|=       0.45689
[job(1484): 2016-09-10 01:09:06] At iterate     3  f =      -21.142  |proj g|=       0.27643
[job(1484): 2016-09-10 01:09:06] At iterate     4  f =      -21.203  |proj g|=       0.26486
[job(1484): 2016-09-10 01:09:06] At iterate     5  f =      -21.229  |proj g|=       0.25876
[job(1484): 2016-09-10 01:09:06] At iterate     6  f =      -21.277  |proj g|=       0.14641
[job(1484): 2016-09-10 01:09:06] At iterate     7  f =      -21.312  |proj g|=       0.11483
[job(1484): 2016-09-10 01:09:06] At iterate     8  f =      -21.338  |proj g|=      0.064007
[job(1484): 2016-09-10 01:09:06] At iterate     9  f =      -21.346  |proj g|=       0.19526
[job(1484): 2016-09-10 01:09:06] At iterate    10  f =      -21.359  |proj g|=       0.16789
[job(1484): 2016-09-10 01:09:06] At iterate    11  f =      -21.367  |proj g|=      0.030811
[job(1484): 2016-09-10 01:09:06] At iterate    12  f =      -21.371  |proj g|=       0.13894
[job(1484): 2016-09-10 01:09:06] At iterate    13  f =      -21.374  |proj g|=      0.052625
[job(1484): 2016-09-10 01:09:06] At iterate    14  f =      -21.375  |proj g|=      0.023014
[job(1484): 2016-09-10 01:09:06] At iterate    15  f =      -21.375  |proj g|=      0.014168
[job(1484): 2016-09-10 01:09:06] At iterate    16  f =      -21.375  |proj g|=    0.00093889
[job(1484): 2016-09-10 01:09:06] At iterate    17  f =      -21.375  |proj g|=     0.0080779
[job(1484): 2016-09-10 01:09:06] At iterate    18  f =      -21.375  |proj g|=     0.0014258
[job(1484): 2016-09-10 01:09:06] At iterate    19  f =      -21.375  |proj g|=    7.3099e-05
[job(1484): 2016-09-10 01:09:06] At iterate    20  f =      -21.375  |proj g|=    5.8308e-06
[job(1484): 2016-09-10 01:09:06] 
[job(1484): 2016-09-10 01:09:06] iterations 20
[job(1484): 2016-09-10 01:09:06] function evaluations 24
[job(1484): 2016-09-10 01:09:06] segments explored during Cauchy searches 20
[job(1484): 2016-09-10 01:09:06] BFGS updates skipped 0
[job(1484): 2016-09-10 01:09:06] active bounds at final generalized Cauchy point 0
[job(1484): 2016-09-10 01:09:06] norm of the final projected gradient 5.83083e-06
[job(1484): 2016-09-10 01:09:06] final function value -21.3753
[job(1484): 2016-09-10 01:09:06] 
[job(1484): 2016-09-10 01:09:06] F = -21.3753
[job(1484): 2016-09-10 01:09:06] final  value -21.375261 
[job(1484): 2016-09-10 01:09:06] converged
[job(1484): 2016-09-10 01:09:06] [Tune-x] 12: C=32; sigma=0.363
[job(1484): 2016-09-10 01:09:06] [Tune-y] 12: acc.test.mean=0.521; time: 0.0 min; memory: 116Mb use, 158Mb max
[job(1484): 2016-09-10 01:09:06] 
[job(1484): 2016-09-10 01:09:06] optimisation start
[job(1484): 2016-09-10 01:09:06] ------------------
[job(1484): 2016-09-10 01:09:06] * estimation method   : MLE 
[job(1484): 2016-09-10 01:09:06] * optimisation method : BFGS 
[job(1484): 2016-09-10 01:09:06] * analytical gradient : used
[job(1484): 2016-09-10 01:09:06] * trend model : ~1
[job(1484): 2016-09-10 01:09:06] * covariance model : 
[job(1484): 2016-09-10 01:09:06]   - type :  matern5_2 
[job(1484): 2016-09-10 01:09:06]   - nugget : NO
[job(1484): 2016-09-10 01:09:06]   - parameters lower bounds :  1e-10 1e-10 
[job(1484): 2016-09-10 01:09:06]   - parameters upper bounds :  41.84973 41.03582 
[job(1484): 2016-09-10 01:09:06]   - best initial criterion value(s) :  20.96264 
[job(1484): 2016-09-10 01:09:06] 
[job(1484): 2016-09-10 01:09:06] N = 2, M = 5 machine precision = 2.22045e-16
[job(1484): 2016-09-10 01:09:06] At X0, 0 variables are exactly at the bounds
[job(1484): 2016-09-10 01:09:06] At iterate     0  f=      -20.963  |proj g|=       2.4589
[job(1484): 2016-09-10 01:09:06] At iterate     1  f =      -22.787  |proj g|=        1.8474
[job(1484): 2016-09-10 01:09:06] At iterate     2  f =      -23.502  |proj g|=        1.5725
[job(1484): 2016-09-10 01:09:06] At iterate     3  f =      -23.953  |proj g|=        1.3894
[job(1484): 2016-09-10 01:09:06] At iterate     4  f =      -24.569  |proj g|=       0.93093
[job(1484): 2016-09-10 01:09:06] At iterate     5  f =      -24.663  |proj g|=       0.73539
[job(1484): 2016-09-10 01:09:06] At iterate     6  f =      -24.899  |proj g|=       0.18248
[job(1484): 2016-09-10 01:09:06] At iterate     7  f =      -24.905  |proj g|=     0.0070983
[job(1484): 2016-09-10 01:09:06] At iterate     8  f =      -24.905  |proj g|=    0.00031274
[job(1484): 2016-09-10 01:09:06] At iterate     9  f =      -24.905  |proj g|=    4.3512e-05
[job(1484): 2016-09-10 01:09:06] 
[job(1484): 2016-09-10 01:09:06] iterations 9
[job(1484): 2016-09-10 01:09:06] function evaluations 14
[job(1484): 2016-09-10 01:09:06] segments explored during Cauchy searches 12
[job(1484): 2016-09-10 01:09:06] BFGS updates skipped 0
[job(1484): 2016-09-10 01:09:06] active bounds at final generalized Cauchy point 0
[job(1484): 2016-09-10 01:09:06] norm of the final projected gradient 4.35118e-05
[job(1484): 2016-09-10 01:09:06] final function value -24.9049
[job(1484): 2016-09-10 01:09:06] 
[job(1484): 2016-09-10 01:09:06] F = -24.9049
[job(1484): 2016-09-10 01:09:06] final  value -24.904888 
[job(1484): 2016-09-10 01:09:06] converged
[job(1484): 2016-09-10 01:09:06] [Tune-x] 13: C=31.8; sigma=0.667
[job(1484): 2016-09-10 01:09:06] [Tune-y] 13: acc.test.mean=0.481; time: 0.0 min; memory: 116Mb use, 158Mb max
[job(1484): 2016-09-10 01:09:06] 
[job(1484): 2016-09-10 01:09:06] optimisation start
[job(1484): 2016-09-10 01:09:06] ------------------
[job(1484): 2016-09-10 01:09:06] * estimation method   : MLE 
[job(1484): 2016-09-10 01:09:06] * optimisation method : BFGS 
[job(1484): 2016-09-10 01:09:06] * analytical gradient : used
[job(1484): 2016-09-10 01:09:06] * trend model : ~1
[job(1484): 2016-09-10 01:09:06] * covariance model : 
[job(1484): 2016-09-10 01:09:06]   - type :  matern5_2 
[job(1484): 2016-09-10 01:09:06]   - nugget : NO
[job(1484): 2016-09-10 01:09:06]   - parameters lower bounds :  1e-10 1e-10 
[job(1484): 2016-09-10 01:09:06]   - parameters upper bounds :  41.84973 41.03582 
[job(1484): 2016-09-10 01:09:06]   - best initial criterion value(s) :  16.74029 
[job(1484): 2016-09-10 01:09:06] 
[job(1484): 2016-09-10 01:09:06] N = 2, M = 5 machine precision = 2.22045e-16
[job(1484): 2016-09-10 01:09:06] At X0, 0 variables are exactly at the bounds
[job(1484): 2016-09-10 01:09:06] At iterate     0  f=       -16.74  |proj g|=      0.41458
[job(1484): 2016-09-10 01:09:06] At iterate     1  f =      -21.767  |proj g|=             0
[job(1484): 2016-09-10 01:09:06] 
[job(1484): 2016-09-10 01:09:06] iterations 1
[job(1484): 2016-09-10 01:09:06] function evaluations 2
[job(1484): 2016-09-10 01:09:06] segments explored during Cauchy searches 2
[job(1484): 2016-09-10 01:09:06] BFGS updates skipped 0
[job(1484): 2016-09-10 01:09:06] active bounds at final generalized Cauchy point 1
[job(1484): 2016-09-10 01:09:06] norm of the final projected gradient 0
[job(1484): 2016-09-10 01:09:06] final function value -21.7667
[job(1484): 2016-09-10 01:09:06] 
[job(1484): 2016-09-10 01:09:06] F = -21.7667
[job(1484): 2016-09-10 01:09:06] final  value -21.766678 
[job(1484): 2016-09-10 01:09:06] converged
[job(1484): 2016-09-10 01:09:06] [Tune-x] 14: C=1.11; sigma=702
[job(1484): 2016-09-10 01:09:06] [Tune-y] 14: acc.test.mean=0.457; time: 0.0 min; memory: 116Mb use, 158Mb max
[job(1484): 2016-09-10 01:09:06] 
[job(1484): 2016-09-10 01:09:06] optimisation start
[job(1484): 2016-09-10 01:09:06] ------------------
[job(1484): 2016-09-10 01:09:06] * estimation method   : MLE 
[job(1484): 2016-09-10 01:09:06] * optimisation method : BFGS 
[job(1484): 2016-09-10 01:09:06] * analytical gradient : used
[job(1484): 2016-09-10 01:09:06] * trend model : ~1
[job(1484): 2016-09-10 01:09:06] * covariance model : 
[job(1484): 2016-09-10 01:09:06]   - type :  matern5_2 
[job(1484): 2016-09-10 01:09:06]   - nugget : NO
[job(1484): 2016-09-10 01:09:06]   - parameters lower bounds :  1e-10 1e-10 
[job(1484): 2016-09-10 01:09:06]   - parameters upper bounds :  41.84973 41.03582 
[job(1484): 2016-09-10 01:09:06]   - best initial criterion value(s) :  12.27191 
[job(1484): 2016-09-10 01:09:06] 
[job(1484): 2016-09-10 01:09:06] N = 2, M = 5 machine precision = 2.22045e-16
[job(1484): 2016-09-10 01:09:06] At X0, 0 variables are exactly at the bounds
[job(1484): 2016-09-10 01:09:06] At iterate     0  f=      -12.272  |proj g|=      0.79182
[job(1484): 2016-09-10 01:09:06] At iterate     1  f =      -23.832  |proj g|=             0
[job(1484): 2016-09-10 01:09:06] 
[job(1484): 2016-09-10 01:09:06] iterations 1
[job(1484): 2016-09-10 01:09:06] function evaluations 2
[job(1484): 2016-09-10 01:09:06] segments explored during Cauchy searches 2
[job(1484): 2016-09-10 01:09:06] BFGS updates skipped 0
[job(1484): 2016-09-10 01:09:06] active bounds at final generalized Cauchy point 1
[job(1484): 2016-09-10 01:09:06] norm of the final projected gradient 0
[job(1484): 2016-09-10 01:09:06] final function value -23.832
[job(1484): 2016-09-10 01:09:06] 
[job(1484): 2016-09-10 01:09:06] F = -23.832
[job(1484): 2016-09-10 01:09:06] final  value -23.831964 
[job(1484): 2016-09-10 01:09:06] converged
[job(1484): 2016-09-10 01:09:06] [Tune-x] 15: C=0.01; sigma=0.0351
[job(1484): 2016-09-10 01:09:06] [Tune-y] 15: acc.test.mean=0.54; time: 0.0 min; memory: 116Mb use, 158Mb max
[job(1484): 2016-09-10 01:09:06] 
[job(1484): 2016-09-10 01:09:06] optimisation start
[job(1484): 2016-09-10 01:09:06] ------------------
[job(1484): 2016-09-10 01:09:06] * estimation method   : MLE 
[job(1484): 2016-09-10 01:09:06] * optimisation method : BFGS 
[job(1484): 2016-09-10 01:09:06] * analytical gradient : used
[job(1484): 2016-09-10 01:09:06] * trend model : ~1
[job(1484): 2016-09-10 01:09:06] * covariance model : 
[job(1484): 2016-09-10 01:09:06]   - type :  matern5_2 
[job(1484): 2016-09-10 01:09:06]   - nugget : NO
[job(1484): 2016-09-10 01:09:06]   - parameters lower bounds :  1e-10 1e-10 
[job(1484): 2016-09-10 01:09:06]   - parameters upper bounds :  41.84973 41.03582 
[job(1484): 2016-09-10 01:09:06]   - best initial criterion value(s) :  9.750437 
[job(1484): 2016-09-10 01:09:06] 
[job(1484): 2016-09-10 01:09:06] N = 2, M = 5 machine precision = 2.22045e-16
[job(1484): 2016-09-10 01:09:06] At X0, 0 variables are exactly at the bounds
[job(1484): 2016-09-10 01:09:06] At iterate     0  f=      -9.7504  |proj g|=      0.27694
[job(1484): 2016-09-10 01:09:06] At iterate     1  f =      -25.145  |proj g|=             0
[job(1484): 2016-09-10 01:09:06] 
[job(1484): 2016-09-10 01:09:06] iterations 1
[job(1484): 2016-09-10 01:09:06] function evaluations 2
[job(1484): 2016-09-10 01:09:06] segments explored during Cauchy searches 2
[job(1484): 2016-09-10 01:09:06] BFGS updates skipped 0
[job(1484): 2016-09-10 01:09:06] active bounds at final generalized Cauchy point 1
[job(1484): 2016-09-10 01:09:06] norm of the final projected gradient 0
[job(1484): 2016-09-10 01:09:06] final function value -25.1447
[job(1484): 2016-09-10 01:09:06] 
[job(1484): 2016-09-10 01:09:06] F = -25.1447
[job(1484): 2016-09-10 01:09:06] final  value -25.144742 
[job(1484): 2016-09-10 01:09:06] converged
[job(1484): 2016-09-10 01:09:06] [Tune-x] 16: C=0.767; sigma=0.00311
[job(1484): 2016-09-10 01:09:06] [Tune-y] 16: acc.test.mean=0.26; time: 0.0 min; memory: 116Mb use, 158Mb max
[job(1484): 2016-09-10 01:09:06] 
[job(1484): 2016-09-10 01:09:06] optimisation start
[job(1484): 2016-09-10 01:09:06] ------------------
[job(1484): 2016-09-10 01:09:06] * estimation method   : MLE 
[job(1484): 2016-09-10 01:09:06] * optimisation method : BFGS 
[job(1484): 2016-09-10 01:09:06] * analytical gradient : used
[job(1484): 2016-09-10 01:09:06] * trend model : ~1
[job(1484): 2016-09-10 01:09:06] * covariance model : 
[job(1484): 2016-09-10 01:09:06]   - type :  matern5_2 
[job(1484): 2016-09-10 01:09:06]   - nugget : NO
[job(1484): 2016-09-10 01:09:06]   - parameters lower bounds :  1e-10 1e-10 
[job(1484): 2016-09-10 01:09:06]   - parameters upper bounds :  41.84973 41.03582 
[job(1484): 2016-09-10 01:09:06]   - best initial criterion value(s) :  14.06159 
[job(1484): 2016-09-10 01:09:06] 
[job(1484): 2016-09-10 01:09:06] N = 2, M = 5 machine precision = 2.22045e-16
[job(1484): 2016-09-10 01:09:06] At X0, 0 variables are exactly at the bounds
[job(1484): 2016-09-10 01:09:06] At iterate     0  f=      -14.062  |proj g|=       1.0304
[job(1484): 2016-09-10 01:09:06] At iterate     1  f =       -19.96  |proj g|=             0
[job(1484): 2016-09-10 01:09:06] 
[job(1484): 2016-09-10 01:09:06] iterations 1
[job(1484): 2016-09-10 01:09:06] function evaluations 2
[job(1484): 2016-09-10 01:09:06] segments explored during Cauchy searches 2
[job(1484): 2016-09-10 01:09:06] BFGS updates skipped 0
[job(1484): 2016-09-10 01:09:06] active bounds at final generalized Cauchy point 1
[job(1484): 2016-09-10 01:09:06] norm of the final projected gradient 0
[job(1484): 2016-09-10 01:09:06] final function value -19.9596
[job(1484): 2016-09-10 01:09:06] 
[job(1484): 2016-09-10 01:09:06] F = -19.9596
[job(1484): 2016-09-10 01:09:06] final  value -19.959562 
[job(1484): 2016-09-10 01:09:06] converged
[job(1484): 2016-09-10 01:09:06] [Tune-x] 17: C=0.0221; sigma=0.00041
[job(1484): 2016-09-10 01:09:06] [Tune-y] 17: acc.test.mean=0.219; time: 0.0 min; memory: 116Mb use, 158Mb max
[job(1484): 2016-09-10 01:09:06] 
[job(1484): 2016-09-10 01:09:06] optimisation start
[job(1484): 2016-09-10 01:09:06] ------------------
[job(1484): 2016-09-10 01:09:06] * estimation method   : MLE 
[job(1484): 2016-09-10 01:09:06] * optimisation method : BFGS 
[job(1484): 2016-09-10 01:09:06] * analytical gradient : used
[job(1484): 2016-09-10 01:09:06] * trend model : ~1
[job(1484): 2016-09-10 01:09:06] * covariance model : 
[job(1484): 2016-09-10 01:09:06]   - type :  matern5_2 
[job(1484): 2016-09-10 01:09:06]   - nugget : NO
[job(1484): 2016-09-10 01:09:06]   - parameters lower bounds :  1e-10 1e-10 
[job(1484): 2016-09-10 01:09:06]   - parameters upper bounds :  41.84973 43.06769 
[job(1484): 2016-09-10 01:09:06]   - best initial criterion value(s) :  19.44229 
[job(1484): 2016-09-10 01:09:06] 
[job(1484): 2016-09-10 01:09:06] N = 2, M = 5 machine precision = 2.22045e-16
[job(1484): 2016-09-10 01:09:06] At X0, 0 variables are exactly at the bounds
[job(1484): 2016-09-10 01:09:06] At iterate     0  f=      -19.442  |proj g|=      0.29309
[job(1484): 2016-09-10 01:09:06] At iterate     1  f =      -19.567  |proj g|=       0.26682
[job(1484): 2016-09-10 01:09:06] At iterate     2  f =      -19.604  |proj g|=       0.31344
[job(1484): 2016-09-10 01:09:06] At iterate     3  f =      -19.604  |proj g|=     0.0079426
[job(1484): 2016-09-10 01:09:06] At iterate     4  f =      -19.604  |proj g|=     0.0010186
[job(1484): 2016-09-10 01:09:06] At iterate     5  f =      -19.604  |proj g|=     0.0030472
[job(1484): 2016-09-10 01:09:06] At iterate     6  f =      -19.604  |proj g|=     0.0074621
[job(1484): 2016-09-10 01:09:06] At iterate     7  f =      -19.604  |proj g|=      0.019799
[job(1484): 2016-09-10 01:09:06] At iterate     8  f =      -19.604  |proj g|=      0.036584
[job(1484): 2016-09-10 01:09:06] At iterate     9  f =      -19.604  |proj g|=      0.065871
[job(1484): 2016-09-10 01:09:06] At iterate    10  f =      -19.604  |proj g|=       0.11263
[job(1484): 2016-09-10 01:09:06] At iterate    11  f =      -19.604  |proj g|=       0.19177
[job(1484): 2016-09-10 01:09:06] At iterate    12  f =      -19.604  |proj g|=       0.33433
[job(1484): 2016-09-10 01:09:06] At iterate    13  f =      -19.605  |proj g|=       0.63674
[job(1484): 2016-09-10 01:09:06] At iterate    14  f =      -19.608  |proj g|=         1.691
[job(1484): 2016-09-10 01:09:06] At iterate    15  f =      -19.609  |proj g|=        2.1461
[job(1484): 2016-09-10 01:09:06] At iterate    16  f =      -19.612  |proj g|=        2.6213
[job(1484): 2016-09-10 01:09:06] At iterate    17  f =      -19.619  |proj g|=         3.027
[job(1484): 2016-09-10 01:09:06] At iterate    18  f =      -19.638  |proj g|=        3.3717
[job(1484): 2016-09-10 01:09:06] At iterate    19  f =      -19.687  |proj g|=        3.3693
[job(1484): 2016-09-10 01:09:06] At iterate    20  f =      -19.947  |proj g|=        1.9212
[job(1484): 2016-09-10 01:09:06] At iterate    21  f =      -20.084  |proj g|=      0.029315
[job(1484): 2016-09-10 01:09:06] At iterate    22  f =      -20.084  |proj g|=     0.0033437
[job(1484): 2016-09-10 01:09:06] At iterate    23  f =      -20.084  |proj g|=    9.9184e-05
[job(1484): 2016-09-10 01:09:06] At iterate    24  f =      -20.084  |proj g|=    2.4904e-08
[job(1484): 2016-09-10 01:09:06] 
[job(1484): 2016-09-10 01:09:06] iterations 24
[job(1484): 2016-09-10 01:09:06] function evaluations 36
[job(1484): 2016-09-10 01:09:06] segments explored during Cauchy searches 25
[job(1484): 2016-09-10 01:09:06] BFGS updates skipped 0
[job(1484): 2016-09-10 01:09:06] active bounds at final generalized Cauchy point 0
[job(1484): 2016-09-10 01:09:06] norm of the final projected gradient 2.4904e-08
[job(1484): 2016-09-10 01:09:06] final function value -20.0842
[job(1484): 2016-09-10 01:09:06] 
[job(1484): 2016-09-10 01:09:06] F = -20.0842
[job(1484): 2016-09-10 01:09:06] final  value -20.084239 
[job(1484): 2016-09-10 01:09:06] converged
[job(1484): 2016-09-10 01:09:06] [Tune-x] 18: C=115; sigma=0.518
[job(1484): 2016-09-10 01:09:06] [Tune-y] 18: acc.test.mean=0.53; time: 0.0 min; memory: 116Mb use, 158Mb max
[job(1484): 2016-09-10 01:09:06] 
[job(1484): 2016-09-10 01:09:06] optimisation start
[job(1484): 2016-09-10 01:09:06] ------------------
[job(1484): 2016-09-10 01:09:06] * estimation method   : MLE 
[job(1484): 2016-09-10 01:09:06] * optimisation method : BFGS 
[job(1484): 2016-09-10 01:09:06] * analytical gradient : used
[job(1484): 2016-09-10 01:09:06] * trend model : ~1
[job(1484): 2016-09-10 01:09:06] * covariance model : 
[job(1484): 2016-09-10 01:09:06]   - type :  matern5_2 
[job(1484): 2016-09-10 01:09:06]   - nugget : NO
[job(1484): 2016-09-10 01:09:06]   - parameters lower bounds :  1e-10 1e-10 
[job(1484): 2016-09-10 01:09:06]   - parameters upper bounds :  41.84973 43.06769 
[job(1484): 2016-09-10 01:09:06]   - best initial criterion value(s) :  11.19335 
[job(1484): 2016-09-10 01:09:06] 
[job(1484): 2016-09-10 01:09:06] N = 2, M = 5 machine precision = 2.22045e-16
[job(1484): 2016-09-10 01:09:06] At X0, 0 variables are exactly at the bounds
[job(1484): 2016-09-10 01:09:06] At iterate     0  f=      -11.193  |proj g|=      0.55001
[job(1484): 2016-09-10 01:09:06] At iterate     1  f =      -18.086  |proj g|=             0
[job(1484): 2016-09-10 01:09:06] 
[job(1484): 2016-09-10 01:09:06] iterations 1
[job(1484): 2016-09-10 01:09:06] function evaluations 2
[job(1484): 2016-09-10 01:09:06] segments explored during Cauchy searches 2
[job(1484): 2016-09-10 01:09:06] BFGS updates skipped 0
[job(1484): 2016-09-10 01:09:06] active bounds at final generalized Cauchy point 1
[job(1484): 2016-09-10 01:09:06] norm of the final projected gradient 0
[job(1484): 2016-09-10 01:09:06] final function value -18.0863
[job(1484): 2016-09-10 01:09:06] 
[job(1484): 2016-09-10 01:09:06] F = -18.0863
[job(1484): 2016-09-10 01:09:06] final  value -18.086330 
[job(1484): 2016-09-10 01:09:06] converged
[job(1484): 2016-09-10 01:09:06] [Tune-x] 19: C=0.204; sigma=8.66
[job(1484): 2016-09-10 01:09:06] [Tune-y] 19: acc.test.mean=0.439; time: 0.0 min; memory: 116Mb use, 158Mb max
[job(1484): 2016-09-10 01:09:06] 
[job(1484): 2016-09-10 01:09:06] optimisation start
[job(1484): 2016-09-10 01:09:06] ------------------
[job(1484): 2016-09-10 01:09:06] * estimation method   : MLE 
[job(1484): 2016-09-10 01:09:06] * optimisation method : BFGS 
[job(1484): 2016-09-10 01:09:06] * analytical gradient : used
[job(1484): 2016-09-10 01:09:06] * trend model : ~1
[job(1484): 2016-09-10 01:09:06] * covariance model : 
[job(1484): 2016-09-10 01:09:06]   - type :  matern5_2 
[job(1484): 2016-09-10 01:09:06]   - nugget : NO
[job(1484): 2016-09-10 01:09:06]   - parameters lower bounds :  1e-10 1e-10 
[job(1484): 2016-09-10 01:09:06]   - parameters upper bounds :  41.84973 43.06769 
[job(1484): 2016-09-10 01:09:06]   - best initial criterion value(s) :  20.31141 
[job(1484): 2016-09-10 01:09:06] 
[job(1484): 2016-09-10 01:09:06] N = 2, M = 5 machine precision = 2.22045e-16
[job(1484): 2016-09-10 01:09:06] At X0, 0 variables are exactly at the bounds
[job(1484): 2016-09-10 01:09:06] At iterate     0  f=      -20.311  |proj g|=      0.45538
[job(1484): 2016-09-10 01:09:06] At iterate     1  f =      -22.498  |proj g|=       0.32422
[job(1484): 2016-09-10 01:09:06] At iterate     2  f =      -22.843  |proj g|=     0.0017016
[job(1484): 2016-09-10 01:09:06] At iterate     3  f =      -22.843  |proj g|=     0.0017011
[job(1484): 2016-09-10 01:09:06] 
[job(1484): 2016-09-10 01:09:06] iterations 3
[job(1484): 2016-09-10 01:09:06] function evaluations 6
[job(1484): 2016-09-10 01:09:06] segments explored during Cauchy searches 4
[job(1484): 2016-09-10 01:09:06] BFGS updates skipped 0
[job(1484): 2016-09-10 01:09:06] active bounds at final generalized Cauchy point 0
[job(1484): 2016-09-10 01:09:06] norm of the final projected gradient 0.00170109
[job(1484): 2016-09-10 01:09:06] final function value -22.8429
[job(1484): 2016-09-10 01:09:06] 
[job(1484): 2016-09-10 01:09:06] F = -22.8429
[job(1484): 2016-09-10 01:09:06] final  value -22.842856 
[job(1484): 2016-09-10 01:09:06] converged
[job(1484): 2016-09-10 01:09:06] [Tune-x] 20: C=0.0103; sigma=0.0351
[job(1484): 2016-09-10 01:09:06] [Tune-y] 20: acc.test.mean=0.49; time: 0.0 min; memory: 116Mb use, 158Mb max
[job(1484): 2016-09-10 01:09:06] 
[job(1484): 2016-09-10 01:09:06] optimisation start
[job(1484): 2016-09-10 01:09:06] ------------------
[job(1484): 2016-09-10 01:09:06] * estimation method   : MLE 
[job(1484): 2016-09-10 01:09:06] * optimisation method : BFGS 
[job(1484): 2016-09-10 01:09:06] * analytical gradient : used
[job(1484): 2016-09-10 01:09:06] * trend model : ~1
[job(1484): 2016-09-10 01:09:06] * covariance model : 
[job(1484): 2016-09-10 01:09:06]   - type :  matern5_2 
[job(1484): 2016-09-10 01:09:06]   - nugget : NO
[job(1484): 2016-09-10 01:09:06]   - parameters lower bounds :  1e-10 1e-10 
[job(1484): 2016-09-10 01:09:06]   - parameters upper bounds :  41.84973 43.06769 
[job(1484): 2016-09-10 01:09:06]   - best initial criterion value(s) :  -30.84409 
[job(1484): 2016-09-10 01:09:06] 
[job(1484): 2016-09-10 01:09:06] N = 2, M = 5 machine precision = 2.22045e-16
[job(1484): 2016-09-10 01:09:06] At X0, 0 variables are exactly at the bounds
[job(1484): 2016-09-10 01:09:06] At iterate     0  f=       30.844  |proj g|=       1.1933
[job(1484): 2016-09-10 01:09:06] At iterate     1  f =      -21.053  |proj g|=             0
[job(1484): 2016-09-10 01:09:06] 
[job(1484): 2016-09-10 01:09:06] iterations 1
[job(1484): 2016-09-10 01:09:06] function evaluations 2
[job(1484): 2016-09-10 01:09:06] segments explored during Cauchy searches 2
[job(1484): 2016-09-10 01:09:06] BFGS updates skipped 0
[job(1484): 2016-09-10 01:09:06] active bounds at final generalized Cauchy point 1
[job(1484): 2016-09-10 01:09:06] norm of the final projected gradient 0
[job(1484): 2016-09-10 01:09:06] final function value -21.0531
[job(1484): 2016-09-10 01:09:06] 
[job(1484): 2016-09-10 01:09:06] F = -21.0531
[job(1484): 2016-09-10 01:09:06] final  value -21.053121 
[job(1484): 2016-09-10 01:09:06] converged
[job(1484): 2016-09-10 01:09:06] [Tune-x] 21: C=0.000597; sigma=17.9
[job(1484): 2016-09-10 01:09:06] [Tune-y] 21: acc.test.mean=0.437; time: 0.0 min; memory: 116Mb use, 158Mb max
[job(1484): 2016-09-10 01:09:06] 
[job(1484): 2016-09-10 01:09:06] optimisation start
[job(1484): 2016-09-10 01:09:06] ------------------
[job(1484): 2016-09-10 01:09:06] * estimation method   : MLE 
[job(1484): 2016-09-10 01:09:06] * optimisation method : BFGS 
[job(1484): 2016-09-10 01:09:06] * analytical gradient : used
[job(1484): 2016-09-10 01:09:06] * trend model : ~1
[job(1484): 2016-09-10 01:09:06] * covariance model : 
[job(1484): 2016-09-10 01:09:06]   - type :  matern5_2 
[job(1484): 2016-09-10 01:09:06]   - nugget : NO
[job(1484): 2016-09-10 01:09:06]   - parameters lower bounds :  1e-10 1e-10 
[job(1484): 2016-09-10 01:09:06]   - parameters upper bounds :  42.52906 43.06769 
[job(1484): 2016-09-10 01:09:06]   - best initial criterion value(s) :  1.11003 
[job(1484): 2016-09-10 01:09:06] 
[job(1484): 2016-09-10 01:09:06] N = 2, M = 5 machine precision = 2.22045e-16
[job(1484): 2016-09-10 01:09:06] At X0, 0 variables are exactly at the bounds
[job(1484): 2016-09-10 01:09:06] At iterate     0  f=        -1.11  |proj g|=      0.36448
[job(1484): 2016-09-10 01:09:06] At iterate     1  f =      -22.585  |proj g|=             0
[job(1484): 2016-09-10 01:09:06] 
[job(1484): 2016-09-10 01:09:06] iterations 1
[job(1484): 2016-09-10 01:09:06] function evaluations 2
[job(1484): 2016-09-10 01:09:06] segments explored during Cauchy searches 2
[job(1484): 2016-09-10 01:09:06] BFGS updates skipped 0
[job(1484): 2016-09-10 01:09:06] active bounds at final generalized Cauchy point 1
[job(1484): 2016-09-10 01:09:06] norm of the final projected gradient 0
[job(1484): 2016-09-10 01:09:06] final function value -22.5852
[job(1484): 2016-09-10 01:09:06] 
[job(1484): 2016-09-10 01:09:06] F = -22.5852
[job(1484): 2016-09-10 01:09:06] final  value -22.585161 
[job(1484): 2016-09-10 01:09:06] converged
[job(1484): 2016-09-10 01:09:06] [Tune-x] 22: C=0.109; sigma=0.0311
[job(1484): 2016-09-10 01:09:06] [Tune-y] 22: acc.test.mean=0.501; time: 0.0 min; memory: 116Mb use, 158Mb max
[job(1484): 2016-09-10 01:09:06] 
[job(1484): 2016-09-10 01:09:06] optimisation start
[job(1484): 2016-09-10 01:09:06] ------------------
[job(1484): 2016-09-10 01:09:06] * estimation method   : MLE 
[job(1484): 2016-09-10 01:09:06] * optimisation method : BFGS 
[job(1484): 2016-09-10 01:09:06] * analytical gradient : used
[job(1484): 2016-09-10 01:09:06] * trend model : ~1
[job(1484): 2016-09-10 01:09:06] * covariance model : 
[job(1484): 2016-09-10 01:09:06]   - type :  matern5_2 
[job(1484): 2016-09-10 01:09:06]   - nugget : NO
[job(1484): 2016-09-10 01:09:06]   - parameters lower bounds :  1e-10 1e-10 
[job(1484): 2016-09-10 01:09:06]   - parameters upper bounds :  42.52906 43.06769 
[job(1484): 2016-09-10 01:09:06]   - best initial criterion value(s) :  -7.375971 
[job(1484): 2016-09-10 01:09:06] 
[job(1484): 2016-09-10 01:09:06] N = 2, M = 5 machine precision = 2.22045e-16
[job(1484): 2016-09-10 01:09:06] At X0, 0 variables are exactly at the bounds
[job(1484): 2016-09-10 01:09:06] At iterate     0  f=        7.376  |proj g|=      0.58129
[job(1484): 2016-09-10 01:09:06] At iterate     1  f =      -24.041  |proj g|=             0
[job(1484): 2016-09-10 01:09:06] 
[job(1484): 2016-09-10 01:09:06] iterations 1
[job(1484): 2016-09-10 01:09:06] function evaluations 2
[job(1484): 2016-09-10 01:09:06] segments explored during Cauchy searches 2
[job(1484): 2016-09-10 01:09:06] BFGS updates skipped 0
[job(1484): 2016-09-10 01:09:06] active bounds at final generalized Cauchy point 1
[job(1484): 2016-09-10 01:09:06] norm of the final projected gradient 0
[job(1484): 2016-09-10 01:09:06] final function value -24.0406
[job(1484): 2016-09-10 01:09:06] 
[job(1484): 2016-09-10 01:09:06] F = -24.0406
[job(1484): 2016-09-10 01:09:06] final  value -24.040570 
[job(1484): 2016-09-10 01:09:06] converged
[job(1484): 2016-09-10 01:09:06] [Tune-x] 23: C=680; sigma=6.03
[job(1484): 2016-09-10 01:09:06] [Tune-y] 23: acc.test.mean=0.471; time: 0.0 min; memory: 116Mb use, 165Mb max
[job(1484): 2016-09-10 01:09:06] 
[job(1484): 2016-09-10 01:09:06] optimisation start
[job(1484): 2016-09-10 01:09:06] ------------------
[job(1484): 2016-09-10 01:09:06] * estimation method   : MLE 
[job(1484): 2016-09-10 01:09:06] * optimisation method : BFGS 
[job(1484): 2016-09-10 01:09:06] * analytical gradient : used
[job(1484): 2016-09-10 01:09:06] * trend model : ~1
[job(1484): 2016-09-10 01:09:06] * covariance model : 
[job(1484): 2016-09-10 01:09:06]   - type :  matern5_2 
[job(1484): 2016-09-10 01:09:06]   - nugget : NO
[job(1484): 2016-09-10 01:09:06]   - parameters lower bounds :  1e-10 1e-10 
[job(1484): 2016-09-10 01:09:06]   - parameters upper bounds :  42.52906 43.06769 
[job(1484): 2016-09-10 01:09:06]   - best initial criterion value(s) :  -42.07941 
[job(1484): 2016-09-10 01:09:06] 
[job(1484): 2016-09-10 01:09:06] N = 2, M = 5 machine precision = 2.22045e-16
[job(1484): 2016-09-10 01:09:06] At X0, 0 variables are exactly at the bounds
[job(1484): 2016-09-10 01:09:06] At iterate     0  f=       42.079  |proj g|=       3.7775
[job(1484): 2016-09-10 01:09:06] At iterate     1  f =       34.875  |proj g|=        2.9493
[job(1484): 2016-09-10 01:09:06] At iterate     2  f =       31.379  |proj g|=        2.7067
[job(1484): 2016-09-10 01:09:06] At iterate     3  f =      -25.636  |proj g|=             0
[job(1484): 2016-09-10 01:09:06] 
[job(1484): 2016-09-10 01:09:06] iterations 3
[job(1484): 2016-09-10 01:09:06] function evaluations 4
[job(1484): 2016-09-10 01:09:06] segments explored during Cauchy searches 3
[job(1484): 2016-09-10 01:09:06] BFGS updates skipped 0
[job(1484): 2016-09-10 01:09:06] active bounds at final generalized Cauchy point 0
[job(1484): 2016-09-10 01:09:06] norm of the final projected gradient 0
[job(1484): 2016-09-10 01:09:06] final function value -25.636
[job(1484): 2016-09-10 01:09:06] 
[job(1484): 2016-09-10 01:09:06] F = -25.636
[job(1484): 2016-09-10 01:09:06] final  value -25.636028 
[job(1484): 2016-09-10 01:09:06] converged
[job(1484): 2016-09-10 01:09:06] [Tune-x] 24: C=0.0312; sigma=1.92e+03
[job(1484): 2016-09-10 01:09:06] [Tune-y] 24: acc.test.mean=0.457; time: 0.0 min; memory: 116Mb use, 166Mb max
[job(1484): 2016-09-10 01:09:06] 
[job(1484): 2016-09-10 01:09:06] optimisation start
[job(1484): 2016-09-10 01:09:06] ------------------
[job(1484): 2016-09-10 01:09:06] * estimation method   : MLE 
[job(1484): 2016-09-10 01:09:06] * optimisation method : BFGS 
[job(1484): 2016-09-10 01:09:06] * analytical gradient : used
[job(1484): 2016-09-10 01:09:06] * trend model : ~1
[job(1484): 2016-09-10 01:09:06] * covariance model : 
[job(1484): 2016-09-10 01:09:06]   - type :  matern5_2 
[job(1484): 2016-09-10 01:09:06]   - nugget : NO
[job(1484): 2016-09-10 01:09:06]   - parameters lower bounds :  1e-10 1e-10 
[job(1484): 2016-09-10 01:09:06]   - parameters upper bounds :  42.52906 44.31456 
[job(1484): 2016-09-10 01:09:06]   - best initial criterion value(s) :  -33.60717 
[job(1484): 2016-09-10 01:09:06] 
[job(1484): 2016-09-10 01:09:06] N = 2, M = 5 machine precision = 2.22045e-16
[job(1484): 2016-09-10 01:09:06] At X0, 0 variables are exactly at the bounds
[job(1484): 2016-09-10 01:09:06] At iterate     0  f=       33.607  |proj g|=       1.8825
[job(1484): 2016-09-10 01:09:06] At iterate     1  f =      -27.261  |proj g|=             0
[job(1484): 2016-09-10 01:09:06] 
[job(1484): 2016-09-10 01:09:06] iterations 1
[job(1484): 2016-09-10 01:09:06] function evaluations 2
[job(1484): 2016-09-10 01:09:06] segments explored during Cauchy searches 2
[job(1484): 2016-09-10 01:09:06] BFGS updates skipped 0
[job(1484): 2016-09-10 01:09:06] active bounds at final generalized Cauchy point 1
[job(1484): 2016-09-10 01:09:06] norm of the final projected gradient 0
[job(1484): 2016-09-10 01:09:06] final function value -27.2606
[job(1484): 2016-09-10 01:09:06] 
[job(1484): 2016-09-10 01:09:06] F = -27.2606
[job(1484): 2016-09-10 01:09:06] final  value -27.260618 
[job(1484): 2016-09-10 01:09:06] converged
[job(1484): 2016-09-10 01:09:06] [Tune-x] 25: C=14.9; sigma=2.67
[job(1484): 2016-09-10 01:09:06] [Tune-y] 25: acc.test.mean=0.447; time: 0.0 min; memory: 116Mb use, 166Mb max
[job(1484): 2016-09-10 01:09:06] 
[job(1484): 2016-09-10 01:09:06] optimisation start
[job(1484): 2016-09-10 01:09:06] ------------------
[job(1484): 2016-09-10 01:09:06] * estimation method   : MLE 
[job(1484): 2016-09-10 01:09:06] * optimisation method : BFGS 
[job(1484): 2016-09-10 01:09:06] * analytical gradient : used
[job(1484): 2016-09-10 01:09:06] * trend model : ~1
[job(1484): 2016-09-10 01:09:06] * covariance model : 
[job(1484): 2016-09-10 01:09:06]   - type :  matern5_2 
[job(1484): 2016-09-10 01:09:06]   - nugget : NO
[job(1484): 2016-09-10 01:09:06]   - parameters lower bounds :  1e-10 1e-10 
[job(1484): 2016-09-10 01:09:06]   - parameters upper bounds :  42.52906 44.31456 
[job(1484): 2016-09-10 01:09:06]   - best initial criterion value(s) :  -59.22037 
[job(1484): 2016-09-10 01:09:06] 
[job(1484): 2016-09-10 01:09:06] N = 2, M = 5 machine precision = 2.22045e-16
[job(1484): 2016-09-10 01:09:06] At X0, 0 variables are exactly at the bounds
[job(1484): 2016-09-10 01:09:06] At iterate     0  f=        59.22  |proj g|=       1.2155
[job(1484): 2016-09-10 01:09:06] At iterate     1  f =       57.631  |proj g|=       0.64668
[job(1484): 2016-09-10 01:09:06] At iterate     2  f =       56.515  |proj g|=       0.45546
[job(1484): 2016-09-10 01:09:06] At iterate     3  f =       55.614  |proj g|=        0.6783
[job(1484): 2016-09-10 01:09:06] At iterate     4  f =       53.042  |proj g|=        1.5244
[job(1484): 2016-09-10 01:09:06] At iterate     5  f =      -28.892  |proj g|=             0
[job(1484): 2016-09-10 01:09:06] 
[job(1484): 2016-09-10 01:09:06] iterations 5
[job(1484): 2016-09-10 01:09:06] function evaluations 7
[job(1484): 2016-09-10 01:09:06] segments explored during Cauchy searches 5
[job(1484): 2016-09-10 01:09:06] BFGS updates skipped 0
[job(1484): 2016-09-10 01:09:06] active bounds at final generalized Cauchy point 0
[job(1484): 2016-09-10 01:09:06] norm of the final projected gradient 0
[job(1484): 2016-09-10 01:09:06] final function value -28.8918
[job(1484): 2016-09-10 01:09:06] 
[job(1484): 2016-09-10 01:09:06] F = -28.8918
[job(1484): 2016-09-10 01:09:06] final  value -28.891797 
[job(1484): 2016-09-10 01:09:06] converged
[job(1484): 2016-09-10 01:09:06] [Tune-x] 26: C=0.0195; sigma=10.1
[job(1484): 2016-09-10 01:09:06] [Tune-y] 26: acc.test.mean=0.49; time: 0.0 min; memory: 116Mb use, 166Mb max
[job(1484): 2016-09-10 01:09:06] 
[job(1484): 2016-09-10 01:09:06] optimisation start
[job(1484): 2016-09-10 01:09:06] ------------------
[job(1484): 2016-09-10 01:09:06] * estimation method   : MLE 
[job(1484): 2016-09-10 01:09:06] * optimisation method : BFGS 
[job(1484): 2016-09-10 01:09:06] * analytical gradient : used
[job(1484): 2016-09-10 01:09:06] * trend model : ~1
[job(1484): 2016-09-10 01:09:06] * covariance model : 
[job(1484): 2016-09-10 01:09:06]   - type :  matern5_2 
[job(1484): 2016-09-10 01:09:06]   - nugget : NO
[job(1484): 2016-09-10 01:09:06]   - parameters lower bounds :  1e-10 1e-10 
[job(1484): 2016-09-10 01:09:06]   - parameters upper bounds :  42.52906 44.31456 
[job(1484): 2016-09-10 01:09:06]   - best initial criterion value(s) :  -40.89101 
[job(1484): 2016-09-10 01:09:06] 
[job(1484): 2016-09-10 01:09:06] N = 2, M = 5 machine precision = 2.22045e-16
[job(1484): 2016-09-10 01:09:06] At X0, 0 variables are exactly at the bounds
[job(1484): 2016-09-10 01:09:06] At iterate     0  f=       40.891  |proj g|=       4.8415
[job(1484): 2016-09-10 01:09:06] At iterate     1  f =      -30.479  |proj g|=             0
[job(1484): 2016-09-10 01:09:06] 
[job(1484): 2016-09-10 01:09:06] iterations 1
[job(1484): 2016-09-10 01:09:06] function evaluations 2
[job(1484): 2016-09-10 01:09:06] segments explored during Cauchy searches 2
[job(1484): 2016-09-10 01:09:06] BFGS updates skipped 0
[job(1484): 2016-09-10 01:09:06] active bounds at final generalized Cauchy point 1
[job(1484): 2016-09-10 01:09:06] norm of the final projected gradient 0
[job(1484): 2016-09-10 01:09:06] final function value -30.4787
[job(1484): 2016-09-10 01:09:06] 
[job(1484): 2016-09-10 01:09:06] F = -30.4787
[job(1484): 2016-09-10 01:09:06] final  value -30.478732 
[job(1484): 2016-09-10 01:09:06] converged
[job(1484): 2016-09-10 01:09:06] [Tune-x] 27: C=0.00236; sigma=112
[job(1484): 2016-09-10 01:09:06] [Tune-y] 27: acc.test.mean=0.521; time: 0.0 min; memory: 116Mb use, 166Mb max
[job(1484): 2016-09-10 01:09:06] 
[job(1484): 2016-09-10 01:09:06] optimisation start
[job(1484): 2016-09-10 01:09:06] ------------------
[job(1484): 2016-09-10 01:09:06] * estimation method   : MLE 
[job(1484): 2016-09-10 01:09:06] * optimisation method : BFGS 
[job(1484): 2016-09-10 01:09:06] * analytical gradient : used
[job(1484): 2016-09-10 01:09:06] * trend model : ~1
[job(1484): 2016-09-10 01:09:06] * covariance model : 
[job(1484): 2016-09-10 01:09:06]   - type :  matern5_2 
[job(1484): 2016-09-10 01:09:06]   - nugget : NO
[job(1484): 2016-09-10 01:09:06]   - parameters lower bounds :  1e-10 1e-10 
[job(1484): 2016-09-10 01:09:06]   - parameters upper bounds :  42.52906 44.31456 
[job(1484): 2016-09-10 01:09:06]   - best initial criterion value(s) :  -30.02823 
[job(1484): 2016-09-10 01:09:06] 
[job(1484): 2016-09-10 01:09:06] N = 2, M = 5 machine precision = 2.22045e-16
[job(1484): 2016-09-10 01:09:06] At X0, 0 variables are exactly at the bounds
[job(1484): 2016-09-10 01:09:06] At iterate     0  f=       30.028  |proj g|=       5.0869
[job(1484): 2016-09-10 01:09:06] At iterate     1  f =      -31.842  |proj g|=             0
[job(1484): 2016-09-10 01:09:06] 
[job(1484): 2016-09-10 01:09:06] iterations 1
[job(1484): 2016-09-10 01:09:06] function evaluations 2
[job(1484): 2016-09-10 01:09:06] segments explored during Cauchy searches 2
[job(1484): 2016-09-10 01:09:06] BFGS updates skipped 0
[job(1484): 2016-09-10 01:09:06] active bounds at final generalized Cauchy point 1
[job(1484): 2016-09-10 01:09:06] norm of the final projected gradient 0
[job(1484): 2016-09-10 01:09:06] final function value -31.8422
[job(1484): 2016-09-10 01:09:06] 
[job(1484): 2016-09-10 01:09:06] F = -31.8422
[job(1484): 2016-09-10 01:09:06] final  value -31.842156 
[job(1484): 2016-09-10 01:09:06] converged
[job(1484): 2016-09-10 01:09:06] [Tune-x] 28: C=2.3; sigma=10.2
[job(1484): 2016-09-10 01:09:06] [Tune-y] 28: acc.test.mean=0.395; time: 0.0 min; memory: 116Mb use, 166Mb max
[job(1484): 2016-09-10 01:09:06] 
[job(1484): 2016-09-10 01:09:06] optimisation start
[job(1484): 2016-09-10 01:09:06] ------------------
[job(1484): 2016-09-10 01:09:06] * estimation method   : MLE 
[job(1484): 2016-09-10 01:09:06] * optimisation method : BFGS 
[job(1484): 2016-09-10 01:09:06] * analytical gradient : used
[job(1484): 2016-09-10 01:09:06] * trend model : ~1
[job(1484): 2016-09-10 01:09:06] * covariance model : 
[job(1484): 2016-09-10 01:09:06]   - type :  matern5_2 
[job(1484): 2016-09-10 01:09:06]   - nugget : NO
[job(1484): 2016-09-10 01:09:06]   - parameters lower bounds :  1e-10 1e-10 
[job(1484): 2016-09-10 01:09:06]   - parameters upper bounds :  42.52906 44.31456 
[job(1484): 2016-09-10 01:09:06]   - best initial criterion value(s) :  18.37158 
[job(1484): 2016-09-10 01:09:06] 
[job(1484): 2016-09-10 01:09:06] N = 2, M = 5 machine precision = 2.22045e-16
[job(1484): 2016-09-10 01:09:06] At X0, 0 variables are exactly at the bounds
[job(1484): 2016-09-10 01:09:06] At iterate     0  f=      -18.372  |proj g|=      0.15003
[job(1484): 2016-09-10 01:09:06] At iterate     1  f =      -33.121  |proj g|=             0
[job(1484): 2016-09-10 01:09:06] 
[job(1484): 2016-09-10 01:09:06] iterations 1
[job(1484): 2016-09-10 01:09:06] function evaluations 2
[job(1484): 2016-09-10 01:09:06] segments explored during Cauchy searches 2
[job(1484): 2016-09-10 01:09:06] BFGS updates skipped 0
[job(1484): 2016-09-10 01:09:06] active bounds at final generalized Cauchy point 1
[job(1484): 2016-09-10 01:09:06] norm of the final projected gradient 0
[job(1484): 2016-09-10 01:09:06] final function value -33.1206
[job(1484): 2016-09-10 01:09:06] 
[job(1484): 2016-09-10 01:09:06] F = -33.1206
[job(1484): 2016-09-10 01:09:06] final  value -33.120577 
[job(1484): 2016-09-10 01:09:06] converged
[job(1484): 2016-09-10 01:09:06] [Tune] Result: C=0.01; sigma=0.0351 : acc.test.mean=-0.54
[job(1484): 2016-09-10 01:09:06] Job terminated successfully
[job(chunk): 2016-09-10 01:09:06] Calculation finished!
