[job(chunk): 2016-09-09 20:10:15] Starting calculation of 1 jobs
[job(chunk): 2016-09-09 20:10:15] Setting working directory to '/naslx/projects/pr74ze/ri89coc2/svm_comparison'
[job(chunk): 2016-09-09 20:10:15] Memory measurement disabled
[job(318): 2016-09-09 20:10:17] Starting job with job.id=318
[job(318): 2016-09-09 20:10:19] Generating problem instance for problem '39' ...
[job(318): 2016-09-09 20:10:19] Downloading from 'http://www.openml.org/api/v1/data/39' to '/tmp/ri89coc2/Rtmp2xEJNT/cache/datasets/39/description.xml'.
[job(318): 2016-09-09 20:10:19] Downloading from 'http://www.openml.org/data/download/39/dataset_39_ecoli.arff' to '/tmp/ri89coc2/Rtmp2xEJNT/cache/datasets/39/dataset.arff'
[job(318): 2016-09-09 20:10:19] Loading required package: readr
[job(318): 2016-09-09 20:10:19] Applying algorithm 'spoc-svc.tuned' on problem '39' ...
[job(318): 2016-09-09 20:10:19] Data '39' file 'description.xml' found in cache.
[job(318): 2016-09-09 20:10:19] Data '39' file 'dataset.arff' found in cache.
[job(318): 2016-09-09 20:10:19] [Tune] Started tuning learner spoc-svc for parameter set:
[job(318): 2016-09-09 20:10:19]          Type len Def    Constr Req Tunable Trafo
[job(318): 2016-09-09 20:10:19] C     numeric   -   - -12 to 12   -    TRUE     Y
[job(318): 2016-09-09 20:10:19] sigma numeric   -   - -12 to 12   -    TRUE     Y
[job(318): 2016-09-09 20:10:19] With control class: TuneControlMBO
[job(318): 2016-09-09 20:10:19] Imputation value: -0
[job(318): 2016-09-09 20:10:19] [Tune-x] 1: C=0.017; sigma=7.75
[job(318): 2016-09-09 20:10:19] Warning in .local(x, ...) : Variable(s) `' constant. Cannot scale data.
[job(318): 2016-09-09 20:10:19] Timing stopped at: 0.016 0 0.015 
[job(318): 2016-09-09 20:10:19] Timing stopped at: 0.024 0 0.025 
[job(318): 2016-09-09 20:10:19] Timing stopped at: 0.6 0 0.604 
[job(318): 2016-09-09 20:10:19] Error in names(coef(ret)) <- lev(ret) : 
[job(318): 2016-09-09 20:10:19]   'names' attribute [8] must be the same length as the vector [7]
[job(318): 2016-09-09 20:10:19] Job terminated with an exception
[job(chunk): 2016-09-09 20:10:19] Calculation finished!
