[job(chunk): 2016-09-10 01:20:19] Starting calculation of 1 jobs
[job(chunk): 2016-09-10 01:20:19] Setting working directory to '/naslx/projects/pr74ze/ri89coc2/svm_comparison'
[job(chunk): 2016-09-10 01:20:19] Memory measurement disabled
[job(1677): 2016-09-10 01:20:21] Starting job with job.id=1677
[job(1677): 2016-09-10 01:24:24] Generating problem instance for problem '40475' ...
[job(1677): 2016-09-10 01:24:24] Data '40475' file 'description.xml' found in cache.
[job(1677): 2016-09-10 01:24:24] Data '40475' file 'dataset.arff' found in cache.
[job(1677): 2016-09-10 01:24:24] Loading required package: readr
[job(1677): 2016-09-10 01:24:24] Applying algorithm 'kbb-svc.tuned' on problem '40475' ...
[job(1677): 2016-09-10 01:24:24] Data '40475' file 'description.xml' found in cache.
[job(1677): 2016-09-10 01:24:24] Data '40475' file 'dataset.arff' found in cache.
[job(1677): 2016-09-10 01:24:24] [Tune] Started tuning learner kbb-svc for parameter set:
[job(1677): 2016-09-10 01:24:24]          Type len Def    Constr Req Tunable Trafo
[job(1677): 2016-09-10 01:24:24] C     numeric   -   - -12 to 12   -    TRUE     Y
[job(1677): 2016-09-10 01:24:24] sigma numeric   -   - -12 to 12   -    TRUE     Y
[job(1677): 2016-09-10 01:24:24] With control class: TuneControlMBO
[job(1677): 2016-09-10 01:24:24] Imputation value: -0
[job(1677): 2016-09-10 01:24:24] [Tune-x] 1: C=178; sigma=0.000549
[job(1677): 2016-09-10 01:24:24] [Tune-y] 1: acc.test.mean=0.714; time: 0.1 min; memory: 113Mb use, 168Mb max
[job(1677): 2016-09-10 01:24:24] [Tune-x] 2: C=2.16; sigma=0.191
[job(1677): 2016-09-10 01:24:24] [Tune-y] 2: acc.test.mean=0.702; time: 0.1 min; memory: 113Mb use, 168Mb max
[job(1677): 2016-09-10 01:24:24] [Tune-x] 3: C=0.00203; sigma=9.76
[job(1677): 2016-09-10 01:24:24] [Tune-y] 3: acc.test.mean=0.578; time: 0.1 min; memory: 113Mb use, 176Mb max
[job(1677): 2016-09-10 01:24:24] [Tune-x] 4: C=0.301; sigma=385
[job(1677): 2016-09-10 01:24:24] [Tune-y] 4: acc.test.mean=0.578; time: 0.1 min; memory: 113Mb use, 176Mb max
[job(1677): 2016-09-10 01:24:24] [Tune-x] 5: C=15.1; sigma=2.85
[job(1677): 2016-09-10 01:24:24] [Tune-y] 5: acc.test.mean=0.61; time: 0.1 min; memory: 113Mb use, 176Mb max
[job(1677): 2016-09-10 01:24:24] [Tune-x] 6: C=0.108; sigma=0.107
[job(1677): 2016-09-10 01:24:24] [Tune-y] 6: acc.test.mean=0.688; time: 0.0 min; memory: 113Mb use, 176Mb max
[job(1677): 2016-09-10 01:24:24] [Tune-x] 7: C=0.000439; sigma=1.21e+03
[job(1677): 2016-09-10 01:24:24] [Tune-y] 7: acc.test.mean=0.578; time: 0.1 min; memory: 113Mb use, 176Mb max
[job(1677): 2016-09-10 01:24:24] [Tune-x] 8: C=1.07e+03; sigma=0.00335
[job(1677): 2016-09-10 01:24:24] [Tune-y] 8: acc.test.mean=0.576; time: 0.4 min; memory: 113Mb use, 176Mb max
[job(1677): 2016-09-10 01:24:24] 
[job(1677): 2016-09-10 01:24:24] optimisation start
[job(1677): 2016-09-10 01:24:24] ------------------
[job(1677): 2016-09-10 01:24:24] * estimation method   : MLE 
[job(1677): 2016-09-10 01:24:24] * optimisation method : BFGS 
[job(1677): 2016-09-10 01:24:24] * analytical gradient : used
[job(1677): 2016-09-10 01:24:24] * trend model : ~1
[job(1677): 2016-09-10 01:24:24] * covariance model : 
[job(1677): 2016-09-10 01:24:24]   - type :  matern5_2 
[job(1677): 2016-09-10 01:24:24]   - nugget : NO
[job(1677): 2016-09-10 01:24:24]   - parameters lower bounds :  1e-10 1e-10 
[job(1677): 2016-09-10 01:24:24]   - parameters upper bounds :  42.4316 42.15662 
[job(1677): 2016-09-10 01:24:24]   - best initial criterion value(s) :  12.63684 
[job(1677): 2016-09-10 01:24:24] 
[job(1677): 2016-09-10 01:24:24] N = 2, M = 5 machine precision = 2.22045e-16
[job(1677): 2016-09-10 01:24:24] At X0, 0 variables are exactly at the bounds
[job(1677): 2016-09-10 01:24:24] At iterate     0  f=      -12.637  |proj g|=    0.0095801
[job(1677): 2016-09-10 01:24:24] At iterate     1  f =      -12.637  |proj g|=     0.0035836
[job(1677): 2016-09-10 01:24:24] At iterate     2  f =      -12.637  |proj g|=     0.0035965
[job(1677): 2016-09-10 01:24:24] At iterate     3  f =      -12.637  |proj g|=     0.0065459
[job(1677): 2016-09-10 01:24:24] At iterate     4  f =      -12.637  |proj g|=      0.014434
[job(1677): 2016-09-10 01:24:24] At iterate     5  f =      -12.638  |proj g|=      0.027137
[job(1677): 2016-09-10 01:24:24] At iterate     6  f =      -12.639  |proj g|=      0.046161
[job(1677): 2016-09-10 01:24:24] At iterate     7  f =      -12.641  |proj g|=      0.072229
[job(1677): 2016-09-10 01:24:24] At iterate     8  f =      -12.645  |proj g|=      0.077857
[job(1677): 2016-09-10 01:24:24] At iterate     9  f =      -12.649  |proj g|=      0.032665
[job(1677): 2016-09-10 01:24:24] At iterate    10  f =      -12.649  |proj g|=     0.0015743
[job(1677): 2016-09-10 01:24:24] At iterate    11  f =      -12.649  |proj g|=    3.0327e-05
[job(1677): 2016-09-10 01:24:24] At iterate    12  f =      -12.649  |proj g|=    2.7616e-08
[job(1677): 2016-09-10 01:24:24] 
[job(1677): 2016-09-10 01:24:24] iterations 12
[job(1677): 2016-09-10 01:24:24] function evaluations 13
[job(1677): 2016-09-10 01:24:24] segments explored during Cauchy searches 12
[job(1677): 2016-09-10 01:24:24] BFGS updates skipped 0
[job(1677): 2016-09-10 01:24:24] active bounds at final generalized Cauchy point 1
[job(1677): 2016-09-10 01:24:24] norm of the final projected gradient 2.76164e-08
[job(1677): 2016-09-10 01:24:24] final function value -12.6493
[job(1677): 2016-09-10 01:24:24] 
[job(1677): 2016-09-10 01:24:24] F = -12.6493
[job(1677): 2016-09-10 01:24:24] final  value -12.649309 
[job(1677): 2016-09-10 01:24:24] converged
[job(1677): 2016-09-10 01:24:24] [Tune-x] 9: C=119; sigma=0.000456
[job(1677): 2016-09-10 01:24:24] [Tune-y] 9: acc.test.mean=0.716; time: 0.1 min; memory: 117Mb use, 179Mb max
[job(1677): 2016-09-10 01:24:24] 
[job(1677): 2016-09-10 01:24:24] optimisation start
[job(1677): 2016-09-10 01:24:24] ------------------
[job(1677): 2016-09-10 01:24:24] * estimation method   : MLE 
[job(1677): 2016-09-10 01:24:24] * optimisation method : BFGS 
[job(1677): 2016-09-10 01:24:24] * analytical gradient : used
[job(1677): 2016-09-10 01:24:24] * trend model : ~1
[job(1677): 2016-09-10 01:24:24] * covariance model : 
[job(1677): 2016-09-10 01:24:24]   - type :  matern5_2 
[job(1677): 2016-09-10 01:24:24]   - nugget : NO
[job(1677): 2016-09-10 01:24:24]   - parameters lower bounds :  1e-10 1e-10 
[job(1677): 2016-09-10 01:24:24]   - parameters upper bounds :  42.4316 42.68879 
[job(1677): 2016-09-10 01:24:24]   - best initial criterion value(s) :  13.34991 
[job(1677): 2016-09-10 01:24:24] 
[job(1677): 2016-09-10 01:24:24] N = 2, M = 5 machine precision = 2.22045e-16
[job(1677): 2016-09-10 01:24:24] At X0, 0 variables are exactly at the bounds
[job(1677): 2016-09-10 01:24:24] At iterate     0  f=       -13.35  |proj g|=       3.1753
[job(1677): 2016-09-10 01:24:24] At iterate     1  f =      -14.248  |proj g|=       0.36905
[job(1677): 2016-09-10 01:24:24] At iterate     2  f =      -14.815  |proj g|=       0.27425
[job(1677): 2016-09-10 01:24:24] At iterate     3  f =      -14.837  |proj g|=       0.27162
[job(1677): 2016-09-10 01:24:24] At iterate     4  f =      -15.059  |proj g|=       0.40629
[job(1677): 2016-09-10 01:24:24] At iterate     5  f =       -15.33  |proj g|=       0.23536
[job(1677): 2016-09-10 01:24:24] At iterate     6  f =      -15.779  |proj g|=      0.082875
[job(1677): 2016-09-10 01:24:24] At iterate     7  f =      -16.002  |proj g|=       0.05017
[job(1677): 2016-09-10 01:24:24] At iterate     8  f =      -16.185  |proj g|=      0.033993
[job(1677): 2016-09-10 01:24:24] At iterate     9  f =      -16.299  |proj g|=      0.026223
[job(1677): 2016-09-10 01:24:24] At iterate    10  f =        -16.3  |proj g|=      0.012501
[job(1677): 2016-09-10 01:24:24] At iterate    11  f =      -16.378  |proj g|=     0.0077797
[job(1677): 2016-09-10 01:24:24] At iterate    12  f =      -16.413  |proj g|=      0.013055
[job(1677): 2016-09-10 01:24:24] At iterate    13  f =      -16.414  |proj g|=     0.0011122
[job(1677): 2016-09-10 01:24:24] At iterate    14  f =      -16.414  |proj g|=    2.1409e-06
[job(1677): 2016-09-10 01:24:24] At iterate    15  f =      -16.414  |proj g|=    3.4986e-10
[job(1677): 2016-09-10 01:24:24] 
[job(1677): 2016-09-10 01:24:24] iterations 15
[job(1677): 2016-09-10 01:24:24] function evaluations 19
[job(1677): 2016-09-10 01:24:24] segments explored during Cauchy searches 16
[job(1677): 2016-09-10 01:24:24] BFGS updates skipped 0
[job(1677): 2016-09-10 01:24:24] active bounds at final generalized Cauchy point 1
[job(1677): 2016-09-10 01:24:24] norm of the final projected gradient 3.49861e-10
[job(1677): 2016-09-10 01:24:24] final function value -16.4135
[job(1677): 2016-09-10 01:24:24] 
[job(1677): 2016-09-10 01:24:24] F = -16.4135
[job(1677): 2016-09-10 01:24:24] final  value -16.413532 
[job(1677): 2016-09-10 01:24:24] converged
[job(1677): 2016-09-10 01:24:24] [Tune-x] 10: C=125; sigma=0.000446
[job(1677): 2016-09-10 01:24:24] [Tune-y] 10: acc.test.mean=0.593; time: 0.1 min; memory: 117Mb use, 179Mb max
[job(1677): 2016-09-10 01:24:24] 
[job(1677): 2016-09-10 01:24:24] optimisation start
[job(1677): 2016-09-10 01:24:24] ------------------
[job(1677): 2016-09-10 01:24:24] * estimation method   : MLE 
[job(1677): 2016-09-10 01:24:24] * optimisation method : BFGS 
[job(1677): 2016-09-10 01:24:24] * analytical gradient : used
[job(1677): 2016-09-10 01:24:24] * trend model : ~1
[job(1677): 2016-09-10 01:24:24] * covariance model : 
[job(1677): 2016-09-10 01:24:24]   - type :  matern5_2 
[job(1677): 2016-09-10 01:24:24]   - nugget : NO
[job(1677): 2016-09-10 01:24:24]   - parameters lower bounds :  1e-10 1e-10 
[job(1677): 2016-09-10 01:24:24]   - parameters upper bounds :  42.4316 42.751 
[job(1677): 2016-09-10 01:24:24]   - best initial criterion value(s) :  -13.21524 
[job(1677): 2016-09-10 01:24:24] 
[job(1677): 2016-09-10 01:24:24] N = 2, M = 5 machine precision = 2.22045e-16
[job(1677): 2016-09-10 01:24:24] At X0, 0 variables are exactly at the bounds
[job(1677): 2016-09-10 01:24:24] At iterate     0  f=       13.215  |proj g|=       1.1043
[job(1677): 2016-09-10 01:24:24] At iterate     1  f =       8.6871  |proj g|=       0.65889
[job(1677): 2016-09-10 01:24:24] ys=-1.138e+01  -gs= 1.971e+00, BFGS update SKIPPED
[job(1677): 2016-09-10 01:24:24] At iterate     2  f =      -13.973  |proj g|=             0
[job(1677): 2016-09-10 01:24:24] 
[job(1677): 2016-09-10 01:24:24] iterations 2
[job(1677): 2016-09-10 01:24:24] function evaluations 3
[job(1677): 2016-09-10 01:24:24] segments explored during Cauchy searches 3
[job(1677): 2016-09-10 01:24:24] BFGS updates skipped 1
[job(1677): 2016-09-10 01:24:24] active bounds at final generalized Cauchy point 1
[job(1677): 2016-09-10 01:24:24] norm of the final projected gradient 0
[job(1677): 2016-09-10 01:24:24] final function value -13.9728
[job(1677): 2016-09-10 01:24:24] 
[job(1677): 2016-09-10 01:24:24] F = -13.9728
[job(1677): 2016-09-10 01:24:24] final  value -13.972802 
[job(1677): 2016-09-10 01:24:24] converged
[job(1677): 2016-09-10 01:24:24] [Tune-x] 11: C=0.00346; sigma=0.762
[job(1677): 2016-09-10 01:24:24] [Tune-y] 11: acc.test.mean=0.578; time: 0.1 min; memory: 117Mb use, 179Mb max
[job(1677): 2016-09-10 01:24:24] 
[job(1677): 2016-09-10 01:24:24] optimisation start
[job(1677): 2016-09-10 01:24:24] ------------------
[job(1677): 2016-09-10 01:24:24] * estimation method   : MLE 
[job(1677): 2016-09-10 01:24:24] * optimisation method : BFGS 
[job(1677): 2016-09-10 01:24:24] * analytical gradient : used
[job(1677): 2016-09-10 01:24:24] * trend model : ~1
[job(1677): 2016-09-10 01:24:24] * covariance model : 
[job(1677): 2016-09-10 01:24:24]   - type :  matern5_2 
[job(1677): 2016-09-10 01:24:24]   - nugget : NO
[job(1677): 2016-09-10 01:24:24]   - parameters lower bounds :  1e-10 1e-10 
[job(1677): 2016-09-10 01:24:24]   - parameters upper bounds :  42.4316 42.751 
[job(1677): 2016-09-10 01:24:24]   - best initial criterion value(s) :  12.69664 
[job(1677): 2016-09-10 01:24:24] 
[job(1677): 2016-09-10 01:24:24] N = 2, M = 5 machine precision = 2.22045e-16
[job(1677): 2016-09-10 01:24:24] At X0, 0 variables are exactly at the bounds
[job(1677): 2016-09-10 01:24:24] At iterate     0  f=      -12.697  |proj g|=      0.13252
[job(1677): 2016-09-10 01:24:24] At iterate     1  f =      -15.481  |proj g|=             0
[job(1677): 2016-09-10 01:24:24] 
[job(1677): 2016-09-10 01:24:24] iterations 1
[job(1677): 2016-09-10 01:24:24] function evaluations 2
[job(1677): 2016-09-10 01:24:24] segments explored during Cauchy searches 2
[job(1677): 2016-09-10 01:24:24] BFGS updates skipped 0
[job(1677): 2016-09-10 01:24:24] active bounds at final generalized Cauchy point 1
[job(1677): 2016-09-10 01:24:24] norm of the final projected gradient 0
[job(1677): 2016-09-10 01:24:24] final function value -15.481
[job(1677): 2016-09-10 01:24:24] 
[job(1677): 2016-09-10 01:24:24] F = -15.481
[job(1677): 2016-09-10 01:24:24] final  value -15.480976 
[job(1677): 2016-09-10 01:24:24] converged
[job(1677): 2016-09-10 01:24:24] [Tune-x] 12: C=0.00509; sigma=5.08
[job(1677): 2016-09-10 01:24:24] [Tune-y] 12: acc.test.mean=0.578; time: 0.1 min; memory: 117Mb use, 179Mb max
[job(1677): 2016-09-10 01:24:24] 
[job(1677): 2016-09-10 01:24:24] optimisation start
[job(1677): 2016-09-10 01:24:24] ------------------
[job(1677): 2016-09-10 01:24:24] * estimation method   : MLE 
[job(1677): 2016-09-10 01:24:24] * optimisation method : BFGS 
[job(1677): 2016-09-10 01:24:24] * analytical gradient : used
[job(1677): 2016-09-10 01:24:24] * trend model : ~1
[job(1677): 2016-09-10 01:24:24] * covariance model : 
[job(1677): 2016-09-10 01:24:24]   - type :  matern5_2 
[job(1677): 2016-09-10 01:24:24]   - nugget : NO
[job(1677): 2016-09-10 01:24:24]   - parameters lower bounds :  1e-10 1e-10 
[job(1677): 2016-09-10 01:24:24]   - parameters upper bounds :  42.4316 42.751 
[job(1677): 2016-09-10 01:24:24]   - best initial criterion value(s) :  3.029493 
[job(1677): 2016-09-10 01:24:24] 
[job(1677): 2016-09-10 01:24:24] N = 2, M = 5 machine precision = 2.22045e-16
[job(1677): 2016-09-10 01:24:24] At X0, 0 variables are exactly at the bounds
[job(1677): 2016-09-10 01:24:24] At iterate     0  f=      -3.0295  |proj g|=      0.46167
[job(1677): 2016-09-10 01:24:24] At iterate     1  f =      -17.059  |proj g|=             0
[job(1677): 2016-09-10 01:24:24] 
[job(1677): 2016-09-10 01:24:24] iterations 1
[job(1677): 2016-09-10 01:24:24] function evaluations 2
[job(1677): 2016-09-10 01:24:24] segments explored during Cauchy searches 2
[job(1677): 2016-09-10 01:24:24] BFGS updates skipped 0
[job(1677): 2016-09-10 01:24:24] active bounds at final generalized Cauchy point 1
[job(1677): 2016-09-10 01:24:24] norm of the final projected gradient 0
[job(1677): 2016-09-10 01:24:24] final function value -17.0589
[job(1677): 2016-09-10 01:24:24] 
[job(1677): 2016-09-10 01:24:24] F = -17.0589
[job(1677): 2016-09-10 01:24:24] final  value -17.058937 
[job(1677): 2016-09-10 01:24:24] converged
[job(1677): 2016-09-10 01:24:24] [Tune-x] 13: C=0.374; sigma=0.0091
[job(1677): 2016-09-10 01:24:24] [Tune-y] 13: acc.test.mean=0.666; time: 0.0 min; memory: 117Mb use, 179Mb max
[job(1677): 2016-09-10 01:24:24] 
[job(1677): 2016-09-10 01:24:24] optimisation start
[job(1677): 2016-09-10 01:24:24] ------------------
[job(1677): 2016-09-10 01:24:24] * estimation method   : MLE 
[job(1677): 2016-09-10 01:24:24] * optimisation method : BFGS 
[job(1677): 2016-09-10 01:24:24] * analytical gradient : used
[job(1677): 2016-09-10 01:24:24] * trend model : ~1
[job(1677): 2016-09-10 01:24:24] * covariance model : 
[job(1677): 2016-09-10 01:24:24]   - type :  matern5_2 
[job(1677): 2016-09-10 01:24:24]   - nugget : NO
[job(1677): 2016-09-10 01:24:24]   - parameters lower bounds :  1e-10 1e-10 
[job(1677): 2016-09-10 01:24:24]   - parameters upper bounds :  42.4316 42.751 
[job(1677): 2016-09-10 01:24:24]   - best initial criterion value(s) :  9.958231 
[job(1677): 2016-09-10 01:24:24] 
[job(1677): 2016-09-10 01:24:24] N = 2, M = 5 machine precision = 2.22045e-16
[job(1677): 2016-09-10 01:24:24] At X0, 0 variables are exactly at the bounds
[job(1677): 2016-09-10 01:24:24] At iterate     0  f=      -9.9582  |proj g|=      0.27519
[job(1677): 2016-09-10 01:24:24] At iterate     1  f =      -18.748  |proj g|=             0
[job(1677): 2016-09-10 01:24:24] 
[job(1677): 2016-09-10 01:24:24] iterations 1
[job(1677): 2016-09-10 01:24:24] function evaluations 2
[job(1677): 2016-09-10 01:24:24] segments explored during Cauchy searches 2
[job(1677): 2016-09-10 01:24:24] BFGS updates skipped 0
[job(1677): 2016-09-10 01:24:24] active bounds at final generalized Cauchy point 1
[job(1677): 2016-09-10 01:24:24] norm of the final projected gradient 0
[job(1677): 2016-09-10 01:24:24] final function value -18.7484
[job(1677): 2016-09-10 01:24:24] 
[job(1677): 2016-09-10 01:24:24] F = -18.7484
[job(1677): 2016-09-10 01:24:24] final  value -18.748362 
[job(1677): 2016-09-10 01:24:24] converged
[job(1677): 2016-09-10 01:24:24] [Tune-x] 14: C=110; sigma=5.83
[job(1677): 2016-09-10 01:24:24] [Tune-y] 14: acc.test.mean=0.606; time: 0.1 min; memory: 117Mb use, 179Mb max
[job(1677): 2016-09-10 01:24:24] 
[job(1677): 2016-09-10 01:24:24] optimisation start
[job(1677): 2016-09-10 01:24:24] ------------------
[job(1677): 2016-09-10 01:24:24] * estimation method   : MLE 
[job(1677): 2016-09-10 01:24:24] * optimisation method : BFGS 
[job(1677): 2016-09-10 01:24:24] * analytical gradient : used
[job(1677): 2016-09-10 01:24:24] * trend model : ~1
[job(1677): 2016-09-10 01:24:24] * covariance model : 
[job(1677): 2016-09-10 01:24:24]   - type :  matern5_2 
[job(1677): 2016-09-10 01:24:24]   - nugget : NO
[job(1677): 2016-09-10 01:24:24]   - parameters lower bounds :  1e-10 1e-10 
[job(1677): 2016-09-10 01:24:24]   - parameters upper bounds :  42.4316 42.751 
[job(1677): 2016-09-10 01:24:24]   - best initial criterion value(s) :  -1.849794 
[job(1677): 2016-09-10 01:24:24] 
[job(1677): 2016-09-10 01:24:24] N = 2, M = 5 machine precision = 2.22045e-16
[job(1677): 2016-09-10 01:24:24] At X0, 0 variables are exactly at the bounds
[job(1677): 2016-09-10 01:24:24] At iterate     0  f=       1.8498  |proj g|=      0.34181
[job(1677): 2016-09-10 01:24:24] At iterate     1  f =      -20.641  |proj g|=             0
[job(1677): 2016-09-10 01:24:24] 
[job(1677): 2016-09-10 01:24:24] iterations 1
[job(1677): 2016-09-10 01:24:24] function evaluations 2
[job(1677): 2016-09-10 01:24:24] segments explored during Cauchy searches 2
[job(1677): 2016-09-10 01:24:24] BFGS updates skipped 0
[job(1677): 2016-09-10 01:24:24] active bounds at final generalized Cauchy point 1
[job(1677): 2016-09-10 01:24:24] norm of the final projected gradient 0
[job(1677): 2016-09-10 01:24:24] final function value -20.6407
[job(1677): 2016-09-10 01:24:24] 
[job(1677): 2016-09-10 01:24:24] F = -20.6407
[job(1677): 2016-09-10 01:24:24] final  value -20.640671 
[job(1677): 2016-09-10 01:24:24] converged
[job(1677): 2016-09-10 01:24:24] [Tune-x] 15: C=0.00111; sigma=0.00146
[job(1677): 2016-09-10 01:24:24] [Tune-y] 15: acc.test.mean=0.578; time: 0.1 min; memory: 117Mb use, 179Mb max
[job(1677): 2016-09-10 01:24:24] 
[job(1677): 2016-09-10 01:24:24] optimisation start
[job(1677): 2016-09-10 01:24:24] ------------------
[job(1677): 2016-09-10 01:24:24] * estimation method   : MLE 
[job(1677): 2016-09-10 01:24:24] * optimisation method : BFGS 
[job(1677): 2016-09-10 01:24:24] * analytical gradient : used
[job(1677): 2016-09-10 01:24:24] * trend model : ~1
[job(1677): 2016-09-10 01:24:24] * covariance model : 
[job(1677): 2016-09-10 01:24:24]   - type :  matern5_2 
[job(1677): 2016-09-10 01:24:24]   - nugget : NO
[job(1677): 2016-09-10 01:24:24]   - parameters lower bounds :  1e-10 1e-10 
[job(1677): 2016-09-10 01:24:24]   - parameters upper bounds :  42.4316 42.751 
[job(1677): 2016-09-10 01:24:24]   - best initial criterion value(s) :  -16.58135 
[job(1677): 2016-09-10 01:24:24] 
[job(1677): 2016-09-10 01:24:24] N = 2, M = 5 machine precision = 2.22045e-16
[job(1677): 2016-09-10 01:24:24] At X0, 0 variables are exactly at the bounds
[job(1677): 2016-09-10 01:24:24] At iterate     0  f=       16.581  |proj g|=       1.4769
[job(1677): 2016-09-10 01:24:24] At iterate     1  f =      -22.268  |proj g|=             0
[job(1677): 2016-09-10 01:24:24] 
[job(1677): 2016-09-10 01:24:24] iterations 1
[job(1677): 2016-09-10 01:24:24] function evaluations 2
[job(1677): 2016-09-10 01:24:24] segments explored during Cauchy searches 2
[job(1677): 2016-09-10 01:24:24] BFGS updates skipped 0
[job(1677): 2016-09-10 01:24:24] active bounds at final generalized Cauchy point 1
[job(1677): 2016-09-10 01:24:24] norm of the final projected gradient 0
[job(1677): 2016-09-10 01:24:24] final function value -22.2676
[job(1677): 2016-09-10 01:24:24] 
[job(1677): 2016-09-10 01:24:24] F = -22.2676
[job(1677): 2016-09-10 01:24:24] final  value -22.267577 
[job(1677): 2016-09-10 01:24:24] converged
[job(1677): 2016-09-10 01:24:24] [Tune-x] 16: C=53.3; sigma=204
[job(1677): 2016-09-10 01:24:24] [Tune-y] 16: acc.test.mean=0.579; time: 0.1 min; memory: 117Mb use, 179Mb max
[job(1677): 2016-09-10 01:24:24] 
[job(1677): 2016-09-10 01:24:24] optimisation start
[job(1677): 2016-09-10 01:24:24] ------------------
[job(1677): 2016-09-10 01:24:24] * estimation method   : MLE 
[job(1677): 2016-09-10 01:24:24] * optimisation method : BFGS 
[job(1677): 2016-09-10 01:24:24] * analytical gradient : used
[job(1677): 2016-09-10 01:24:24] * trend model : ~1
[job(1677): 2016-09-10 01:24:24] * covariance model : 
[job(1677): 2016-09-10 01:24:24]   - type :  matern5_2 
[job(1677): 2016-09-10 01:24:24]   - nugget : NO
[job(1677): 2016-09-10 01:24:24]   - parameters lower bounds :  1e-10 1e-10 
[job(1677): 2016-09-10 01:24:24]   - parameters upper bounds :  42.4316 42.751 
[job(1677): 2016-09-10 01:24:24]   - best initial criterion value(s) :  -3.184238 
[job(1677): 2016-09-10 01:24:24] 
[job(1677): 2016-09-10 01:24:24] N = 2, M = 5 machine precision = 2.22045e-16
[job(1677): 2016-09-10 01:24:24] At X0, 0 variables are exactly at the bounds
[job(1677): 2016-09-10 01:24:24] At iterate     0  f=       3.1842  |proj g|=      0.73615
[job(1677): 2016-09-10 01:24:24] At iterate     1  f =      -23.954  |proj g|=             0
[job(1677): 2016-09-10 01:24:24] 
[job(1677): 2016-09-10 01:24:24] iterations 1
[job(1677): 2016-09-10 01:24:24] function evaluations 2
[job(1677): 2016-09-10 01:24:24] segments explored during Cauchy searches 2
[job(1677): 2016-09-10 01:24:24] BFGS updates skipped 0
[job(1677): 2016-09-10 01:24:24] active bounds at final generalized Cauchy point 1
[job(1677): 2016-09-10 01:24:24] norm of the final projected gradient 0
[job(1677): 2016-09-10 01:24:24] final function value -23.9539
[job(1677): 2016-09-10 01:24:24] 
[job(1677): 2016-09-10 01:24:24] F = -23.9539
[job(1677): 2016-09-10 01:24:24] final  value -23.953949 
[job(1677): 2016-09-10 01:24:24] converged
[job(1677): 2016-09-10 01:24:24] [Tune-x] 17: C=0.000347; sigma=1.03e+03
[job(1677): 2016-09-10 01:24:24] [Tune-y] 17: acc.test.mean=0.578; time: 0.1 min; memory: 117Mb use, 179Mb max
[job(1677): 2016-09-10 01:24:24] 
[job(1677): 2016-09-10 01:24:24] optimisation start
[job(1677): 2016-09-10 01:24:24] ------------------
[job(1677): 2016-09-10 01:24:24] * estimation method   : MLE 
[job(1677): 2016-09-10 01:24:24] * optimisation method : BFGS 
[job(1677): 2016-09-10 01:24:24] * analytical gradient : used
[job(1677): 2016-09-10 01:24:24] * trend model : ~1
[job(1677): 2016-09-10 01:24:24] * covariance model : 
[job(1677): 2016-09-10 01:24:24]   - type :  matern5_2 
[job(1677): 2016-09-10 01:24:24]   - nugget : NO
[job(1677): 2016-09-10 01:24:24]   - parameters lower bounds :  1e-10 1e-10 
[job(1677): 2016-09-10 01:24:24]   - parameters upper bounds :  43.1151 42.751 
[job(1677): 2016-09-10 01:24:24]   - best initial criterion value(s) :  -11.15848 
[job(1677): 2016-09-10 01:24:24] 
[job(1677): 2016-09-10 01:24:24] N = 2, M = 5 machine precision = 2.22045e-16
[job(1677): 2016-09-10 01:24:24] At X0, 0 variables are exactly at the bounds
[job(1677): 2016-09-10 01:24:24] At iterate     0  f=       11.158  |proj g|=       1.1303
[job(1677): 2016-09-10 01:24:24] At iterate     1  f =      -25.671  |proj g|=             0
[job(1677): 2016-09-10 01:24:24] 
[job(1677): 2016-09-10 01:24:24] iterations 1
[job(1677): 2016-09-10 01:24:24] function evaluations 2
[job(1677): 2016-09-10 01:24:24] segments explored during Cauchy searches 2
[job(1677): 2016-09-10 01:24:24] BFGS updates skipped 0
[job(1677): 2016-09-10 01:24:24] active bounds at final generalized Cauchy point 1
[job(1677): 2016-09-10 01:24:24] norm of the final projected gradient 0
[job(1677): 2016-09-10 01:24:24] final function value -25.6712
[job(1677): 2016-09-10 01:24:24] 
[job(1677): 2016-09-10 01:24:24] F = -25.6712
[job(1677): 2016-09-10 01:24:24] final  value -25.671242 
[job(1677): 2016-09-10 01:24:24] converged
[job(1677): 2016-09-10 01:24:24] [Tune-x] 18: C=0.00784; sigma=0.00565
[job(1677): 2016-09-10 01:24:24] [Tune-y] 18: acc.test.mean=0.578; time: 0.1 min; memory: 117Mb use, 179Mb max
[job(1677): 2016-09-10 01:24:24] 
[job(1677): 2016-09-10 01:24:24] optimisation start
[job(1677): 2016-09-10 01:24:24] ------------------
[job(1677): 2016-09-10 01:24:24] * estimation method   : MLE 
[job(1677): 2016-09-10 01:24:24] * optimisation method : BFGS 
[job(1677): 2016-09-10 01:24:24] * analytical gradient : used
[job(1677): 2016-09-10 01:24:24] * trend model : ~1
[job(1677): 2016-09-10 01:24:24] * covariance model : 
[job(1677): 2016-09-10 01:24:24]   - type :  matern5_2 
[job(1677): 2016-09-10 01:24:24]   - nugget : NO
[job(1677): 2016-09-10 01:24:24]   - parameters lower bounds :  1e-10 1e-10 
[job(1677): 2016-09-10 01:24:24]   - parameters upper bounds :  43.1151 42.751 
[job(1677): 2016-09-10 01:24:24]   - best initial criterion value(s) :  -26.08362 
[job(1677): 2016-09-10 01:24:24] 
[job(1677): 2016-09-10 01:24:24] N = 2, M = 5 machine precision = 2.22045e-16
[job(1677): 2016-09-10 01:24:24] At X0, 0 variables are exactly at the bounds
[job(1677): 2016-09-10 01:24:24] At iterate     0  f=       26.084  |proj g|=       1.0123
[job(1677): 2016-09-10 01:24:24] At iterate     1  f =      -27.427  |proj g|=             0
[job(1677): 2016-09-10 01:24:24] 
[job(1677): 2016-09-10 01:24:24] iterations 1
[job(1677): 2016-09-10 01:24:24] function evaluations 2
[job(1677): 2016-09-10 01:24:24] segments explored during Cauchy searches 2
[job(1677): 2016-09-10 01:24:24] BFGS updates skipped 0
[job(1677): 2016-09-10 01:24:24] active bounds at final generalized Cauchy point 1
[job(1677): 2016-09-10 01:24:24] norm of the final projected gradient 0
[job(1677): 2016-09-10 01:24:24] final function value -27.4268
[job(1677): 2016-09-10 01:24:24] 
[job(1677): 2016-09-10 01:24:24] F = -27.4268
[job(1677): 2016-09-10 01:24:24] final  value -27.426789 
[job(1677): 2016-09-10 01:24:24] converged
[job(1677): 2016-09-10 01:24:24] [Tune-x] 19: C=15.1; sigma=0.0231
[job(1677): 2016-09-10 01:24:24] [Tune-y] 19: acc.test.mean=0.583; time: 0.1 min; memory: 117Mb use, 179Mb max
[job(1677): 2016-09-10 01:24:24] 
[job(1677): 2016-09-10 01:24:24] optimisation start
[job(1677): 2016-09-10 01:24:24] ------------------
[job(1677): 2016-09-10 01:24:24] * estimation method   : MLE 
[job(1677): 2016-09-10 01:24:24] * optimisation method : BFGS 
[job(1677): 2016-09-10 01:24:24] * analytical gradient : used
[job(1677): 2016-09-10 01:24:24] * trend model : ~1
[job(1677): 2016-09-10 01:24:24] * covariance model : 
[job(1677): 2016-09-10 01:24:24]   - type :  matern5_2 
[job(1677): 2016-09-10 01:24:24]   - nugget : NO
[job(1677): 2016-09-10 01:24:24]   - parameters lower bounds :  1e-10 1e-10 
[job(1677): 2016-09-10 01:24:24]   - parameters upper bounds :  43.1151 42.751 
[job(1677): 2016-09-10 01:24:24]   - best initial criterion value(s) :  -7.963873 
[job(1677): 2016-09-10 01:24:24] 
[job(1677): 2016-09-10 01:24:24] N = 2, M = 5 machine precision = 2.22045e-16
[job(1677): 2016-09-10 01:24:24] At X0, 0 variables are exactly at the bounds
[job(1677): 2016-09-10 01:24:24] At iterate     0  f=       7.9639  |proj g|=       1.0026
[job(1677): 2016-09-10 01:24:24] At iterate     1  f =      -29.285  |proj g|=             0
[job(1677): 2016-09-10 01:24:24] 
[job(1677): 2016-09-10 01:24:24] iterations 1
[job(1677): 2016-09-10 01:24:24] function evaluations 2
[job(1677): 2016-09-10 01:24:24] segments explored during Cauchy searches 2
[job(1677): 2016-09-10 01:24:24] BFGS updates skipped 0
[job(1677): 2016-09-10 01:24:24] active bounds at final generalized Cauchy point 1
[job(1677): 2016-09-10 01:24:24] norm of the final projected gradient 0
[job(1677): 2016-09-10 01:24:24] final function value -29.2846
[job(1677): 2016-09-10 01:24:24] 
[job(1677): 2016-09-10 01:24:24] F = -29.2846
[job(1677): 2016-09-10 01:24:24] final  value -29.284586 
[job(1677): 2016-09-10 01:24:24] converged
[job(1677): 2016-09-10 01:24:24] [Tune-x] 20: C=0.0194; sigma=508
[job(1677): 2016-09-10 01:24:24] [Tune-y] 20: acc.test.mean=0.578; time: 0.1 min; memory: 117Mb use, 179Mb max
[job(1677): 2016-09-10 01:24:24] 
[job(1677): 2016-09-10 01:24:24] optimisation start
[job(1677): 2016-09-10 01:24:24] ------------------
[job(1677): 2016-09-10 01:24:24] * estimation method   : MLE 
[job(1677): 2016-09-10 01:24:24] * optimisation method : BFGS 
[job(1677): 2016-09-10 01:24:24] * analytical gradient : used
[job(1677): 2016-09-10 01:24:24] * trend model : ~1
[job(1677): 2016-09-10 01:24:24] * covariance model : 
[job(1677): 2016-09-10 01:24:24]   - type :  matern5_2 
[job(1677): 2016-09-10 01:24:24]   - nugget : NO
[job(1677): 2016-09-10 01:24:24]   - parameters lower bounds :  1e-10 1e-10 
[job(1677): 2016-09-10 01:24:24]   - parameters upper bounds :  43.1151 42.751 
[job(1677): 2016-09-10 01:24:24]   - best initial criterion value(s) :  -6.489836 
[job(1677): 2016-09-10 01:24:24] 
[job(1677): 2016-09-10 01:24:24] N = 2, M = 5 machine precision = 2.22045e-16
[job(1677): 2016-09-10 01:24:24] At X0, 0 variables are exactly at the bounds
[job(1677): 2016-09-10 01:24:24] At iterate     0  f=       6.4898  |proj g|=      0.44237
[job(1677): 2016-09-10 01:24:24] At iterate     1  f =      -31.105  |proj g|=             0
[job(1677): 2016-09-10 01:24:24] 
[job(1677): 2016-09-10 01:24:24] iterations 1
[job(1677): 2016-09-10 01:24:24] function evaluations 2
[job(1677): 2016-09-10 01:24:24] segments explored during Cauchy searches 2
[job(1677): 2016-09-10 01:24:24] BFGS updates skipped 0
[job(1677): 2016-09-10 01:24:24] active bounds at final generalized Cauchy point 1
[job(1677): 2016-09-10 01:24:24] norm of the final projected gradient 0
[job(1677): 2016-09-10 01:24:24] final function value -31.1051
[job(1677): 2016-09-10 01:24:24] 
[job(1677): 2016-09-10 01:24:24] F = -31.1051
[job(1677): 2016-09-10 01:24:24] final  value -31.105059 
[job(1677): 2016-09-10 01:24:24] converged
[job(1677): 2016-09-10 01:24:24] [Tune-x] 21: C=786; sigma=0.0289
[job(1677): 2016-09-10 01:24:24] [Tune-y] 21: acc.test.mean=0.692; time: 0.8 min; memory: 117Mb use, 179Mb max
[job(1677): 2016-09-10 01:24:24] 
[job(1677): 2016-09-10 01:24:24] optimisation start
[job(1677): 2016-09-10 01:24:24] ------------------
[job(1677): 2016-09-10 01:24:24] * estimation method   : MLE 
[job(1677): 2016-09-10 01:24:24] * optimisation method : BFGS 
[job(1677): 2016-09-10 01:24:24] * analytical gradient : used
[job(1677): 2016-09-10 01:24:24] * trend model : ~1
[job(1677): 2016-09-10 01:24:24] * covariance model : 
[job(1677): 2016-09-10 01:24:24]   - type :  matern5_2 
[job(1677): 2016-09-10 01:24:24]   - nugget : NO
[job(1677): 2016-09-10 01:24:24]   - parameters lower bounds :  1e-10 1e-10 
[job(1677): 2016-09-10 01:24:24]   - parameters upper bounds :  43.1151 42.751 
[job(1677): 2016-09-10 01:24:24]   - best initial criterion value(s) :  -23.65145 
[job(1677): 2016-09-10 01:24:24] 
[job(1677): 2016-09-10 01:24:24] N = 2, M = 5 machine precision = 2.22045e-16
[job(1677): 2016-09-10 01:24:24] At X0, 0 variables are exactly at the bounds
[job(1677): 2016-09-10 01:24:24] At iterate     0  f=       23.651  |proj g|=       1.7629
[job(1677): 2016-09-10 01:24:24] At iterate     1  f =      -32.001  |proj g|=             0
[job(1677): 2016-09-10 01:24:24] 
[job(1677): 2016-09-10 01:24:24] iterations 1
[job(1677): 2016-09-10 01:24:24] function evaluations 2
[job(1677): 2016-09-10 01:24:24] segments explored during Cauchy searches 2
[job(1677): 2016-09-10 01:24:24] BFGS updates skipped 0
[job(1677): 2016-09-10 01:24:24] active bounds at final generalized Cauchy point 1
[job(1677): 2016-09-10 01:24:24] norm of the final projected gradient 0
[job(1677): 2016-09-10 01:24:24] final function value -32.001
[job(1677): 2016-09-10 01:24:24] 
[job(1677): 2016-09-10 01:24:24] F = -32.001
[job(1677): 2016-09-10 01:24:24] final  value -32.001029 
[job(1677): 2016-09-10 01:24:24] converged
[job(1677): 2016-09-10 01:24:24] [Tune-x] 22: C=1.65e+03; sigma=0.00189
[job(1677): 2016-09-10 01:24:24] [Tune-y] 22: acc.test.mean=0.708; time: 0.3 min; memory: 117Mb use, 179Mb max
[job(1677): 2016-09-10 01:24:24] 
[job(1677): 2016-09-10 01:24:24] optimisation start
[job(1677): 2016-09-10 01:24:24] ------------------
[job(1677): 2016-09-10 01:24:24] * estimation method   : MLE 
[job(1677): 2016-09-10 01:24:24] * optimisation method : BFGS 
[job(1677): 2016-09-10 01:24:24] * analytical gradient : used
[job(1677): 2016-09-10 01:24:24] * trend model : ~1
[job(1677): 2016-09-10 01:24:24] * covariance model : 
[job(1677): 2016-09-10 01:24:24]   - type :  matern5_2 
[job(1677): 2016-09-10 01:24:24]   - nugget : NO
[job(1677): 2016-09-10 01:24:24]   - parameters lower bounds :  1e-10 1e-10 
[job(1677): 2016-09-10 01:24:24]   - parameters upper bounds :  44.36915 42.751 
[job(1677): 2016-09-10 01:24:24]   - best initial criterion value(s) :  -16.06164 
[job(1677): 2016-09-10 01:24:24] 
[job(1677): 2016-09-10 01:24:24] N = 2, M = 5 machine precision = 2.22045e-16
[job(1677): 2016-09-10 01:24:24] At X0, 0 variables are exactly at the bounds
[job(1677): 2016-09-10 01:24:24] At iterate     0  f=       16.062  |proj g|=      0.62772
[job(1677): 2016-09-10 01:24:24] At iterate     1  f =      -32.608  |proj g|=             0
[job(1677): 2016-09-10 01:24:24] 
[job(1677): 2016-09-10 01:24:24] iterations 1
[job(1677): 2016-09-10 01:24:24] function evaluations 2
[job(1677): 2016-09-10 01:24:24] segments explored during Cauchy searches 2
[job(1677): 2016-09-10 01:24:24] BFGS updates skipped 0
[job(1677): 2016-09-10 01:24:24] active bounds at final generalized Cauchy point 1
[job(1677): 2016-09-10 01:24:24] norm of the final projected gradient 0
[job(1677): 2016-09-10 01:24:24] final function value -32.608
[job(1677): 2016-09-10 01:24:24] 
[job(1677): 2016-09-10 01:24:24] F = -32.608
[job(1677): 2016-09-10 01:24:24] final  value -32.608048 
[job(1677): 2016-09-10 01:24:24] converged
[job(1677): 2016-09-10 01:24:24] [Tune-x] 23: C=3.5; sigma=30.9
[job(1677): 2016-09-10 01:24:24] [Tune-y] 23: acc.test.mean=0.58; time: 0.1 min; memory: 117Mb use, 179Mb max
[job(1677): 2016-09-10 01:24:24] 
[job(1677): 2016-09-10 01:24:24] optimisation start
[job(1677): 2016-09-10 01:24:24] ------------------
[job(1677): 2016-09-10 01:24:24] * estimation method   : MLE 
[job(1677): 2016-09-10 01:24:24] * optimisation method : BFGS 
[job(1677): 2016-09-10 01:24:24] * analytical gradient : used
[job(1677): 2016-09-10 01:24:24] * trend model : ~1
[job(1677): 2016-09-10 01:24:24] * covariance model : 
[job(1677): 2016-09-10 01:24:24]   - type :  matern5_2 
[job(1677): 2016-09-10 01:24:24]   - nugget : NO
[job(1677): 2016-09-10 01:24:24]   - parameters lower bounds :  1e-10 1e-10 
[job(1677): 2016-09-10 01:24:24]   - parameters upper bounds :  44.36915 42.751 
[job(1677): 2016-09-10 01:24:24]   - best initial criterion value(s) :  -16.17914 
[job(1677): 2016-09-10 01:24:24] 
[job(1677): 2016-09-10 01:24:24] N = 2, M = 5 machine precision = 2.22045e-16
[job(1677): 2016-09-10 01:24:24] At X0, 0 variables are exactly at the bounds
[job(1677): 2016-09-10 01:24:24] At iterate     0  f=       16.179  |proj g|=       1.2852
[job(1677): 2016-09-10 01:24:24] At iterate     1  f =      -34.346  |proj g|=             0
[job(1677): 2016-09-10 01:24:24] 
[job(1677): 2016-09-10 01:24:24] iterations 1
[job(1677): 2016-09-10 01:24:24] function evaluations 2
[job(1677): 2016-09-10 01:24:24] segments explored during Cauchy searches 2
[job(1677): 2016-09-10 01:24:24] BFGS updates skipped 0
[job(1677): 2016-09-10 01:24:24] active bounds at final generalized Cauchy point 1
[job(1677): 2016-09-10 01:24:24] norm of the final projected gradient 0
[job(1677): 2016-09-10 01:24:24] final function value -34.3462
[job(1677): 2016-09-10 01:24:24] 
[job(1677): 2016-09-10 01:24:24] F = -34.3462
[job(1677): 2016-09-10 01:24:24] final  value -34.346233 
[job(1677): 2016-09-10 01:24:24] converged
[job(1677): 2016-09-10 01:24:24] [Tune-x] 24: C=193; sigma=5.88
[job(1677): 2016-09-10 01:24:24] [Tune-y] 24: acc.test.mean=0.604; time: 0.1 min; memory: 117Mb use, 179Mb max
[job(1677): 2016-09-10 01:24:24] 
[job(1677): 2016-09-10 01:24:24] optimisation start
[job(1677): 2016-09-10 01:24:24] ------------------
[job(1677): 2016-09-10 01:24:24] * estimation method   : MLE 
[job(1677): 2016-09-10 01:24:24] * optimisation method : BFGS 
[job(1677): 2016-09-10 01:24:24] * analytical gradient : used
[job(1677): 2016-09-10 01:24:24] * trend model : ~1
[job(1677): 2016-09-10 01:24:24] * covariance model : 
[job(1677): 2016-09-10 01:24:24]   - type :  matern5_2 
[job(1677): 2016-09-10 01:24:24]   - nugget : NO
[job(1677): 2016-09-10 01:24:24]   - parameters lower bounds :  1e-10 1e-10 
[job(1677): 2016-09-10 01:24:24]   - parameters upper bounds :  44.36915 42.751 
[job(1677): 2016-09-10 01:24:24]   - best initial criterion value(s) :  -14.97856 
[job(1677): 2016-09-10 01:24:24] 
[job(1677): 2016-09-10 01:24:24] N = 2, M = 5 machine precision = 2.22045e-16
[job(1677): 2016-09-10 01:24:24] At X0, 0 variables are exactly at the bounds
[job(1677): 2016-09-10 01:24:24] At iterate     0  f=       14.979  |proj g|=      0.76214
[job(1677): 2016-09-10 01:24:24] At iterate     1  f =      -36.317  |proj g|=             0
[job(1677): 2016-09-10 01:24:24] 
[job(1677): 2016-09-10 01:24:24] iterations 1
[job(1677): 2016-09-10 01:24:24] function evaluations 2
[job(1677): 2016-09-10 01:24:24] segments explored during Cauchy searches 2
[job(1677): 2016-09-10 01:24:24] BFGS updates skipped 0
[job(1677): 2016-09-10 01:24:24] active bounds at final generalized Cauchy point 1
[job(1677): 2016-09-10 01:24:24] norm of the final projected gradient 0
[job(1677): 2016-09-10 01:24:24] final function value -36.3173
[job(1677): 2016-09-10 01:24:24] 
[job(1677): 2016-09-10 01:24:24] F = -36.3173
[job(1677): 2016-09-10 01:24:24] final  value -36.317335 
[job(1677): 2016-09-10 01:24:24] converged
[job(1677): 2016-09-10 01:24:24] [Tune-x] 25: C=0.239; sigma=0.0724
[job(1677): 2016-09-10 01:24:24] [Tune-y] 25: acc.test.mean=0.704; time: 0.0 min; memory: 117Mb use, 179Mb max
[job(1677): 2016-09-10 01:24:24] 
[job(1677): 2016-09-10 01:24:24] optimisation start
[job(1677): 2016-09-10 01:24:24] ------------------
[job(1677): 2016-09-10 01:24:24] * estimation method   : MLE 
[job(1677): 2016-09-10 01:24:24] * optimisation method : BFGS 
[job(1677): 2016-09-10 01:24:24] * analytical gradient : used
[job(1677): 2016-09-10 01:24:24] * trend model : ~1
[job(1677): 2016-09-10 01:24:24] * covariance model : 
[job(1677): 2016-09-10 01:24:24]   - type :  matern5_2 
[job(1677): 2016-09-10 01:24:24]   - nugget : NO
[job(1677): 2016-09-10 01:24:24]   - parameters lower bounds :  1e-10 1e-10 
[job(1677): 2016-09-10 01:24:24]   - parameters upper bounds :  44.36915 42.751 
[job(1677): 2016-09-10 01:24:24]   - best initial criterion value(s) :  7.131812 
[job(1677): 2016-09-10 01:24:24] 
[job(1677): 2016-09-10 01:24:24] N = 2, M = 5 machine precision = 2.22045e-16
[job(1677): 2016-09-10 01:24:24] At X0, 0 variables are exactly at the bounds
[job(1677): 2016-09-10 01:24:24] At iterate     0  f=      -7.1318  |proj g|=      0.31453
[job(1677): 2016-09-10 01:24:24] At iterate     1  f =      -37.096  |proj g|=             0
[job(1677): 2016-09-10 01:24:24] 
[job(1677): 2016-09-10 01:24:24] iterations 1
[job(1677): 2016-09-10 01:24:24] function evaluations 2
[job(1677): 2016-09-10 01:24:24] segments explored during Cauchy searches 2
[job(1677): 2016-09-10 01:24:24] BFGS updates skipped 0
[job(1677): 2016-09-10 01:24:24] active bounds at final generalized Cauchy point 1
[job(1677): 2016-09-10 01:24:24] norm of the final projected gradient 0
[job(1677): 2016-09-10 01:24:24] final function value -37.0955
[job(1677): 2016-09-10 01:24:24] 
[job(1677): 2016-09-10 01:24:24] F = -37.0955
[job(1677): 2016-09-10 01:24:24] final  value -37.095502 
[job(1677): 2016-09-10 01:24:24] converged
[job(1677): 2016-09-10 01:24:24] [Tune-x] 26: C=0.826; sigma=571
[job(1677): 2016-09-10 01:24:24] [Tune-y] 26: acc.test.mean=0.578; time: 0.1 min; memory: 117Mb use, 179Mb max
[job(1677): 2016-09-10 01:24:24] 
[job(1677): 2016-09-10 01:24:24] optimisation start
[job(1677): 2016-09-10 01:24:24] ------------------
[job(1677): 2016-09-10 01:24:24] * estimation method   : MLE 
[job(1677): 2016-09-10 01:24:24] * optimisation method : BFGS 
[job(1677): 2016-09-10 01:24:24] * analytical gradient : used
[job(1677): 2016-09-10 01:24:24] * trend model : ~1
[job(1677): 2016-09-10 01:24:24] * covariance model : 
[job(1677): 2016-09-10 01:24:24]   - type :  matern5_2 
[job(1677): 2016-09-10 01:24:24]   - nugget : NO
[job(1677): 2016-09-10 01:24:24]   - parameters lower bounds :  1e-10 1e-10 
[job(1677): 2016-09-10 01:24:24]   - parameters upper bounds :  44.36915 42.751 
[job(1677): 2016-09-10 01:24:24]   - best initial criterion value(s) :  -19.93905 
[job(1677): 2016-09-10 01:24:24] 
[job(1677): 2016-09-10 01:24:24] N = 2, M = 5 machine precision = 2.22045e-16
[job(1677): 2016-09-10 01:24:24] At X0, 0 variables are exactly at the bounds
[job(1677): 2016-09-10 01:24:24] At iterate     0  f=       19.939  |proj g|=       2.3503
[job(1677): 2016-09-10 01:24:24] At iterate     1  f =      -38.785  |proj g|=             0
[job(1677): 2016-09-10 01:24:24] 
[job(1677): 2016-09-10 01:24:24] iterations 1
[job(1677): 2016-09-10 01:24:24] function evaluations 2
[job(1677): 2016-09-10 01:24:24] segments explored during Cauchy searches 2
[job(1677): 2016-09-10 01:24:24] BFGS updates skipped 0
[job(1677): 2016-09-10 01:24:24] active bounds at final generalized Cauchy point 1
[job(1677): 2016-09-10 01:24:24] norm of the final projected gradient 0
[job(1677): 2016-09-10 01:24:24] final function value -38.7855
[job(1677): 2016-09-10 01:24:24] 
[job(1677): 2016-09-10 01:24:24] F = -38.7855
[job(1677): 2016-09-10 01:24:24] final  value -38.785489 
[job(1677): 2016-09-10 01:24:24] converged
[job(1677): 2016-09-10 01:24:24] [Tune-x] 27: C=0.000493; sigma=1.66
[job(1677): 2016-09-10 01:24:24] [Tune-y] 27: acc.test.mean=0.578; time: 0.1 min; memory: 117Mb use, 179Mb max
[job(1677): 2016-09-10 01:24:24] 
[job(1677): 2016-09-10 01:24:24] optimisation start
[job(1677): 2016-09-10 01:24:24] ------------------
[job(1677): 2016-09-10 01:24:24] * estimation method   : MLE 
[job(1677): 2016-09-10 01:24:24] * optimisation method : BFGS 
[job(1677): 2016-09-10 01:24:24] * analytical gradient : used
[job(1677): 2016-09-10 01:24:24] * trend model : ~1
[job(1677): 2016-09-10 01:24:24] * covariance model : 
[job(1677): 2016-09-10 01:24:24]   - type :  matern5_2 
[job(1677): 2016-09-10 01:24:24]   - nugget : NO
[job(1677): 2016-09-10 01:24:24]   - parameters lower bounds :  1e-10 1e-10 
[job(1677): 2016-09-10 01:24:24]   - parameters upper bounds :  44.36915 42.751 
[job(1677): 2016-09-10 01:24:24]   - best initial criterion value(s) :  16.27115 
[job(1677): 2016-09-10 01:24:24] 
[job(1677): 2016-09-10 01:24:24] N = 2, M = 5 machine precision = 2.22045e-16
[job(1677): 2016-09-10 01:24:24] At X0, 0 variables are exactly at the bounds
[job(1677): 2016-09-10 01:24:24] At iterate     0  f=      -16.271  |proj g|=      0.39556
[job(1677): 2016-09-10 01:24:24] At iterate     1  f =      -40.501  |proj g|=             0
[job(1677): 2016-09-10 01:24:24] 
[job(1677): 2016-09-10 01:24:24] iterations 1
[job(1677): 2016-09-10 01:24:24] function evaluations 2
[job(1677): 2016-09-10 01:24:24] segments explored during Cauchy searches 2
[job(1677): 2016-09-10 01:24:24] BFGS updates skipped 0
[job(1677): 2016-09-10 01:24:24] active bounds at final generalized Cauchy point 1
[job(1677): 2016-09-10 01:24:24] norm of the final projected gradient 0
[job(1677): 2016-09-10 01:24:24] final function value -40.5011
[job(1677): 2016-09-10 01:24:24] 
[job(1677): 2016-09-10 01:24:24] F = -40.5011
[job(1677): 2016-09-10 01:24:24] final  value -40.501138 
[job(1677): 2016-09-10 01:24:24] converged
[job(1677): 2016-09-10 01:24:24] [Tune-x] 28: C=0.0188; sigma=59.3
[job(1677): 2016-09-10 01:24:24] [Tune-y] 28: acc.test.mean=0.578; time: 0.1 min; memory: 117Mb use, 179Mb max
[job(1677): 2016-09-10 01:24:24] 
[job(1677): 2016-09-10 01:24:24] optimisation start
[job(1677): 2016-09-10 01:24:24] ------------------
[job(1677): 2016-09-10 01:24:24] * estimation method   : MLE 
[job(1677): 2016-09-10 01:24:24] * optimisation method : BFGS 
[job(1677): 2016-09-10 01:24:24] * analytical gradient : used
[job(1677): 2016-09-10 01:24:24] * trend model : ~1
[job(1677): 2016-09-10 01:24:24] * covariance model : 
[job(1677): 2016-09-10 01:24:24]   - type :  matern5_2 
[job(1677): 2016-09-10 01:24:24]   - nugget : NO
[job(1677): 2016-09-10 01:24:24]   - parameters lower bounds :  1e-10 1e-10 
[job(1677): 2016-09-10 01:24:24]   - parameters upper bounds :  44.36915 42.751 
[job(1677): 2016-09-10 01:24:24]   - best initial criterion value(s) :  21.99971 
[job(1677): 2016-09-10 01:24:24] 
[job(1677): 2016-09-10 01:24:24] N = 2, M = 5 machine precision = 2.22045e-16
[job(1677): 2016-09-10 01:24:24] At X0, 0 variables are exactly at the bounds
[job(1677): 2016-09-10 01:24:24] At iterate     0  f=          -22  |proj g|=      0.35069
[job(1677): 2016-09-10 01:24:24] At iterate     1  f =      -42.241  |proj g|=             0
[job(1677): 2016-09-10 01:24:24] 
[job(1677): 2016-09-10 01:24:24] iterations 1
[job(1677): 2016-09-10 01:24:24] function evaluations 2
[job(1677): 2016-09-10 01:24:24] segments explored during Cauchy searches 2
[job(1677): 2016-09-10 01:24:24] BFGS updates skipped 0
[job(1677): 2016-09-10 01:24:24] active bounds at final generalized Cauchy point 1
[job(1677): 2016-09-10 01:24:24] norm of the final projected gradient 0
[job(1677): 2016-09-10 01:24:24] final function value -42.2408
[job(1677): 2016-09-10 01:24:24] 
[job(1677): 2016-09-10 01:24:24] F = -42.2408
[job(1677): 2016-09-10 01:24:24] final  value -42.240809 
[job(1677): 2016-09-10 01:24:24] converged
[job(1677): 2016-09-10 01:24:24] [Tune] Result: C=119; sigma=0.000456 : acc.test.mean=-0.716
[job(1677): 2016-09-10 01:24:24] Job terminated successfully
[job(chunk): 2016-09-10 01:24:24] Calculation finished!
