[job(chunk): 2016-09-09 20:14:04] Starting calculation of 1 jobs
[job(chunk): 2016-09-09 20:14:04] Setting working directory to '/naslx/projects/pr74ze/ri89coc2/svm_comparison'
[job(chunk): 2016-09-09 20:14:04] Memory measurement disabled
[job(588): 2016-09-09 20:14:07] Starting job with job.id=588
[job(588): 2016-09-09 20:14:52] Generating problem instance for problem '187' ...
[job(588): 2016-09-09 20:14:52] Downloading from 'http://www.openml.org/api/v1/data/187' to '/tmp/ri89coc2/Rtmp2xEJNT/cache/datasets/187/description.xml'.
[job(588): 2016-09-09 20:14:52] Downloading from 'http://www.openml.org/data/download/3624/dataset_191_wine.arff' to '/tmp/ri89coc2/Rtmp2xEJNT/cache/datasets/187/dataset.arff'
[job(588): 2016-09-09 20:14:52] Loading required package: readr
[job(588): 2016-09-09 20:14:52] Applying algorithm 'spoc-svc.tuned' on problem '187' ...
[job(588): 2016-09-09 20:14:52] Data '187' file 'description.xml' found in cache.
[job(588): 2016-09-09 20:14:52] Data '187' file 'dataset.arff' found in cache.
[job(588): 2016-09-09 20:14:52] [Tune] Started tuning learner spoc-svc for parameter set:
[job(588): 2016-09-09 20:14:52]          Type len Def    Constr Req Tunable Trafo
[job(588): 2016-09-09 20:14:52] C     numeric   -   - -12 to 12   -    TRUE     Y
[job(588): 2016-09-09 20:14:52] sigma numeric   -   - -12 to 12   -    TRUE     Y
[job(588): 2016-09-09 20:14:52] With control class: TuneControlMBO
[job(588): 2016-09-09 20:14:52] Imputation value: -0
[job(588): 2016-09-09 20:14:52] [Tune-x] 1: C=0.265; sigma=2.31
[job(588): 2016-09-09 20:14:52] [Tune-y] 1: acc.test.mean=0.95; time: 0.0 min; memory: 113Mb use, 147Mb max
[job(588): 2016-09-09 20:14:52] [Tune-x] 2: C=294; sigma=0.0229
[job(588): 2016-09-09 20:14:52] [Tune-y] 2: acc.test.mean=0.95; time: 0.0 min; memory: 113Mb use, 147Mb max
[job(588): 2016-09-09 20:14:52] [Tune-x] 3: C=0.00244; sigma=0.00721
[job(588): 2016-09-09 20:14:52] [Tune-y] 3: acc.test.mean=0.944; time: 0.0 min; memory: 113Mb use, 147Mb max
[job(588): 2016-09-09 20:14:52] [Tune-x] 4: C=3.53; sigma=11.2
[job(588): 2016-09-09 20:14:52] [Tune-y] 4: acc.test.mean=0.944; time: 0.0 min; memory: 113Mb use, 147Mb max
[job(588): 2016-09-09 20:14:52] [Tune-x] 5: C=1.5e+03; sigma=128
[job(588): 2016-09-09 20:14:52] [Tune-y] 5: acc.test.mean=0.85; time: 0.0 min; memory: 113Mb use, 147Mb max
[job(588): 2016-09-09 20:14:52] [Tune-x] 6: C=0.000459; sigma=0.335
[job(588): 2016-09-09 20:14:52] [Tune-y] 6: acc.test.mean=0.938; time: 0.0 min; memory: 113Mb use, 147Mb max
[job(588): 2016-09-09 20:14:52] [Tune-x] 7: C=17.3; sigma=0.000263
[job(588): 2016-09-09 20:14:52] [Tune-y] 7: acc.test.mean=0.963; time: 0.0 min; memory: 113Mb use, 147Mb max
[job(588): 2016-09-09 20:14:52] [Tune-x] 8: C=0.0232; sigma=1.82e+03
[job(588): 2016-09-09 20:14:52] [Tune-y] 8: acc.test.mean=0.338; time: 0.0 min; memory: 113Mb use, 147Mb max
[job(588): 2016-09-09 20:14:52] 
[job(588): 2016-09-09 20:14:52] optimisation start
[job(588): 2016-09-09 20:14:52] ------------------
[job(588): 2016-09-09 20:14:52] * estimation method   : MLE 
[job(588): 2016-09-09 20:14:52] * optimisation method : BFGS 
[job(588): 2016-09-09 20:14:52] * analytical gradient : used
[job(588): 2016-09-09 20:14:52] * trend model : ~1
[job(588): 2016-09-09 20:14:52] * covariance model : 
[job(588): 2016-09-09 20:14:52]   - type :  matern5_2 
[job(588): 2016-09-09 20:14:52]   - nugget : NO
[job(588): 2016-09-09 20:14:52]   - parameters lower bounds :  1e-10 1e-10 
[job(588): 2016-09-09 20:14:52]   - parameters upper bounds :  43.27293 45.4506 
[job(588): 2016-09-09 20:14:52]   - best initial criterion value(s) :  4.05847 
[job(588): 2016-09-09 20:14:52] 
[job(588): 2016-09-09 20:14:52] N = 2, M = 5 machine precision = 2.22045e-16
[job(588): 2016-09-09 20:14:52] At X0, 0 variables are exactly at the bounds
[job(588): 2016-09-09 20:14:52] At iterate     0  f=      -4.0585  |proj g|=     0.034888
[job(588): 2016-09-09 20:14:52] At iterate     1  f =      -4.0605  |proj g|=      0.032552
[job(588): 2016-09-09 20:14:52] At iterate     2  f =      -4.0934  |proj g|=      0.021797
[job(588): 2016-09-09 20:14:52] At iterate     3  f =      -4.1095  |proj g|=      0.031544
[job(588): 2016-09-09 20:14:52] At iterate     4  f =      -4.2306  |proj g|=      0.051114
[job(588): 2016-09-09 20:14:52] At iterate     5  f =       -4.248  |proj g|=      0.019172
[job(588): 2016-09-09 20:14:52] At iterate     6  f =       -4.251  |proj g|=    0.00096867
[job(588): 2016-09-09 20:14:52] At iterate     7  f =       -4.251  |proj g|=     2.323e-05
[job(588): 2016-09-09 20:14:52] At iterate     8  f =       -4.251  |proj g|=    3.0671e-08
[job(588): 2016-09-09 20:14:52] 
[job(588): 2016-09-09 20:14:52] iterations 8
[job(588): 2016-09-09 20:14:52] function evaluations 9
[job(588): 2016-09-09 20:14:52] segments explored during Cauchy searches 8
[job(588): 2016-09-09 20:14:52] BFGS updates skipped 0
[job(588): 2016-09-09 20:14:52] active bounds at final generalized Cauchy point 1
[job(588): 2016-09-09 20:14:52] norm of the final projected gradient 3.06715e-08
[job(588): 2016-09-09 20:14:52] final function value -4.25099
[job(588): 2016-09-09 20:14:52] 
[job(588): 2016-09-09 20:14:52] F = -4.25099
[job(588): 2016-09-09 20:14:52] final  value -4.250989 
[job(588): 2016-09-09 20:14:52] converged
[job(588): 2016-09-09 20:14:52] [Tune-x] 9: C=4.1e+03; sigma=4.79
[job(588): 2016-09-09 20:14:52] [Tune-y] 9: acc.test.mean=0.95; time: 0.0 min; memory: 117Mb use, 152Mb max
[job(588): 2016-09-09 20:14:52] 
[job(588): 2016-09-09 20:14:52] optimisation start
[job(588): 2016-09-09 20:14:52] ------------------
[job(588): 2016-09-09 20:14:52] * estimation method   : MLE 
[job(588): 2016-09-09 20:14:52] * optimisation method : BFGS 
[job(588): 2016-09-09 20:14:52] * analytical gradient : used
[job(588): 2016-09-09 20:14:52] * trend model : ~1
[job(588): 2016-09-09 20:14:52] * covariance model : 
[job(588): 2016-09-09 20:14:52]   - type :  matern5_2 
[job(588): 2016-09-09 20:14:52]   - nugget : NO
[job(588): 2016-09-09 20:14:52]   - parameters lower bounds :  1e-10 1e-10 
[job(588): 2016-09-09 20:14:52]   - parameters upper bounds :  46.17571 45.4506 
[job(588): 2016-09-09 20:14:52]   - best initial criterion value(s) :  4.805421 
[job(588): 2016-09-09 20:14:52] 
[job(588): 2016-09-09 20:14:52] N = 2, M = 5 machine precision = 2.22045e-16
[job(588): 2016-09-09 20:14:52] At X0, 0 variables are exactly at the bounds
[job(588): 2016-09-09 20:14:52] At iterate     0  f=      -4.8054  |proj g|=     0.086741
[job(588): 2016-09-09 20:14:52] At iterate     1  f =      -4.8131  |proj g|=      0.086748
[job(588): 2016-09-09 20:14:52] ys=-7.602e-06  -gs= 7.713e-03, BFGS update SKIPPED
[job(588): 2016-09-09 20:14:52] At iterate     2  f =      -4.9704  |proj g|=      0.074787
[job(588): 2016-09-09 20:14:52] At iterate     3  f =       -5.105  |proj g|=      0.024263
[job(588): 2016-09-09 20:14:52] At iterate     4  f =      -5.1307  |proj g|=      0.024268
[job(588): 2016-09-09 20:14:52] At iterate     5  f =      -5.2348  |proj g|=      0.037028
[job(588): 2016-09-09 20:14:52] At iterate     6  f =      -5.3384  |proj g|=     0.0086632
[job(588): 2016-09-09 20:14:52] At iterate     7  f =      -5.3391  |proj g|=     0.0048276
[job(588): 2016-09-09 20:14:52] At iterate     8  f =      -5.3395  |proj g|=     8.325e-06
[job(588): 2016-09-09 20:14:52] At iterate     9  f =      -5.3395  |proj g|=    7.0353e-09
[job(588): 2016-09-09 20:14:52] 
[job(588): 2016-09-09 20:14:52] iterations 9
[job(588): 2016-09-09 20:14:52] function evaluations 15
[job(588): 2016-09-09 20:14:52] segments explored during Cauchy searches 10
[job(588): 2016-09-09 20:14:52] BFGS updates skipped 1
[job(588): 2016-09-09 20:14:52] active bounds at final generalized Cauchy point 1
[job(588): 2016-09-09 20:14:52] norm of the final projected gradient 7.03528e-09
[job(588): 2016-09-09 20:14:52] final function value -5.33946
[job(588): 2016-09-09 20:14:52] 
[job(588): 2016-09-09 20:14:52] F = -5.33946
[job(588): 2016-09-09 20:14:52] final  value -5.339456 
[job(588): 2016-09-09 20:14:52] converged
[job(588): 2016-09-09 20:14:52] [Tune-x] 10: C=20.5; sigma=0.000838
[job(588): 2016-09-09 20:14:52] [Tune-y] 10: acc.test.mean=0.812; time: 0.0 min; memory: 117Mb use, 159Mb max
[job(588): 2016-09-09 20:14:52] 
[job(588): 2016-09-09 20:14:52] optimisation start
[job(588): 2016-09-09 20:14:52] ------------------
[job(588): 2016-09-09 20:14:52] * estimation method   : MLE 
[job(588): 2016-09-09 20:14:52] * optimisation method : BFGS 
[job(588): 2016-09-09 20:14:52] * analytical gradient : used
[job(588): 2016-09-09 20:14:52] * trend model : ~1
[job(588): 2016-09-09 20:14:52] * covariance model : 
[job(588): 2016-09-09 20:14:52]   - type :  matern5_2 
[job(588): 2016-09-09 20:14:52]   - nugget : NO
[job(588): 2016-09-09 20:14:52]   - parameters lower bounds :  1e-10 1e-10 
[job(588): 2016-09-09 20:14:52]   - parameters upper bounds :  46.17571 45.4506 
[job(588): 2016-09-09 20:14:52]   - best initial criterion value(s) :  4.405922 
[job(588): 2016-09-09 20:14:52] 
[job(588): 2016-09-09 20:14:52] N = 2, M = 5 machine precision = 2.22045e-16
[job(588): 2016-09-09 20:14:52] At X0, 0 variables are exactly at the bounds
[job(588): 2016-09-09 20:14:52] At iterate     0  f=      -4.4059  |proj g|=     0.078064
[job(588): 2016-09-09 20:14:52] At iterate     1  f =      -4.4117  |proj g|=      0.045901
[job(588): 2016-09-09 20:14:52] At iterate     2  f =      -4.4188  |proj g|=      0.031182
[job(588): 2016-09-09 20:14:52] At iterate     3  f =      -4.4233  |proj g|=      0.031067
[job(588): 2016-09-09 20:14:52] At iterate     4  f =      -4.4433  |proj g|=      0.089629
[job(588): 2016-09-09 20:14:52] At iterate     5  f =      -4.4824  |proj g|=       0.15597
[job(588): 2016-09-09 20:14:52] At iterate     6  f =      -4.5731  |proj g|=       0.23718
[job(588): 2016-09-09 20:14:52] At iterate     7  f =      -4.6957  |proj g|=       0.24062
[job(588): 2016-09-09 20:14:52] At iterate     8  f =      -4.7724  |proj g|=      0.099173
[job(588): 2016-09-09 20:14:52] At iterate     9  f =      -4.7838  |proj g|=      0.030518
[job(588): 2016-09-09 20:14:52] At iterate    10  f =      -4.7848  |proj g|=     0.0026169
[job(588): 2016-09-09 20:14:52] At iterate    11  f =      -4.7848  |proj g|=    6.1234e-05
[job(588): 2016-09-09 20:14:52] At iterate    12  f =      -4.7848  |proj g|=    1.2738e-07
[job(588): 2016-09-09 20:14:52] 
[job(588): 2016-09-09 20:14:52] iterations 12
[job(588): 2016-09-09 20:14:52] function evaluations 14
[job(588): 2016-09-09 20:14:52] segments explored during Cauchy searches 12
[job(588): 2016-09-09 20:14:52] BFGS updates skipped 0
[job(588): 2016-09-09 20:14:52] active bounds at final generalized Cauchy point 1
[job(588): 2016-09-09 20:14:52] norm of the final projected gradient 1.27376e-07
[job(588): 2016-09-09 20:14:52] final function value -4.78483
[job(588): 2016-09-09 20:14:52] 
[job(588): 2016-09-09 20:14:52] F = -4.78483
[job(588): 2016-09-09 20:14:52] final  value -4.784833 
[job(588): 2016-09-09 20:14:52] converged
[job(588): 2016-09-09 20:14:52] [Tune-x] 11: C=0.000244; sigma=0.0197
[job(588): 2016-09-09 20:14:52] [Tune-y] 11: acc.test.mean=0.944; time: 0.0 min; memory: 117Mb use, 159Mb max
[job(588): 2016-09-09 20:14:52] 
[job(588): 2016-09-09 20:14:52] optimisation start
[job(588): 2016-09-09 20:14:52] ------------------
[job(588): 2016-09-09 20:14:52] * estimation method   : MLE 
[job(588): 2016-09-09 20:14:52] * optimisation method : BFGS 
[job(588): 2016-09-09 20:14:52] * analytical gradient : used
[job(588): 2016-09-09 20:14:52] * trend model : ~1
[job(588): 2016-09-09 20:14:52] * covariance model : 
[job(588): 2016-09-09 20:14:52]   - type :  matern5_2 
[job(588): 2016-09-09 20:14:52]   - nugget : NO
[job(588): 2016-09-09 20:14:52]   - parameters lower bounds :  1e-10 1e-10 
[job(588): 2016-09-09 20:14:52]   - parameters upper bounds :  47.99935 45.4506 
[job(588): 2016-09-09 20:14:52]   - best initial criterion value(s) :  6.056581 
[job(588): 2016-09-09 20:14:52] 
[job(588): 2016-09-09 20:14:52] N = 2, M = 5 machine precision = 2.22045e-16
[job(588): 2016-09-09 20:14:52] At X0, 0 variables are exactly at the bounds
[job(588): 2016-09-09 20:14:52] At iterate     0  f=      -6.0566  |proj g|=      0.23519
[job(588): 2016-09-09 20:14:52] At iterate     1  f =      -6.1037  |proj g|=       0.15519
[job(588): 2016-09-09 20:14:52] At iterate     2  f =      -6.1366  |proj g|=      0.049508
[job(588): 2016-09-09 20:14:52] At iterate     3  f =      -6.1408  |proj g|=      0.033747
[job(588): 2016-09-09 20:14:52] At iterate     4  f =      -6.1465  |proj g|=      0.033412
[job(588): 2016-09-09 20:14:52] At iterate     5  f =      -6.1751  |proj g|=       0.10167
[job(588): 2016-09-09 20:14:52] At iterate     6  f =      -6.2318  |proj g|=       0.19702
[job(588): 2016-09-09 20:14:52] At iterate     7  f =       -6.354  |proj g|=       0.29077
[job(588): 2016-09-09 20:14:52] At iterate     8  f =      -6.4021  |proj g|=       0.21896
[job(588): 2016-09-09 20:14:52] At iterate     9  f =      -6.4501  |proj g|=      0.070926
[job(588): 2016-09-09 20:14:52] At iterate    10  f =      -6.4542  |proj g|=       0.01071
[job(588): 2016-09-09 20:14:52] At iterate    11  f =      -6.4543  |proj g|=    0.00041441
[job(588): 2016-09-09 20:14:52] At iterate    12  f =      -6.4543  |proj g|=    2.5952e-06
[job(588): 2016-09-09 20:14:52] At iterate    13  f =      -6.4543  |proj g|=    6.2209e-10
[job(588): 2016-09-09 20:14:52] 
[job(588): 2016-09-09 20:14:52] iterations 13
[job(588): 2016-09-09 20:14:52] function evaluations 14
[job(588): 2016-09-09 20:14:52] segments explored during Cauchy searches 13
[job(588): 2016-09-09 20:14:52] BFGS updates skipped 0
[job(588): 2016-09-09 20:14:52] active bounds at final generalized Cauchy point 1
[job(588): 2016-09-09 20:14:52] norm of the final projected gradient 6.22093e-10
[job(588): 2016-09-09 20:14:52] final function value -6.4543
[job(588): 2016-09-09 20:14:52] 
[job(588): 2016-09-09 20:14:52] F = -6.4543
[job(588): 2016-09-09 20:14:52] final  value -6.454301 
[job(588): 2016-09-09 20:14:52] converged
[job(588): 2016-09-09 20:14:52] [Tune-x] 12: C=0.223; sigma=0.000244
[job(588): 2016-09-09 20:14:52] [Tune-y] 12: acc.test.mean=0.406; time: 0.0 min; memory: 117Mb use, 159Mb max
[job(588): 2016-09-09 20:14:52] 
[job(588): 2016-09-09 20:14:52] optimisation start
[job(588): 2016-09-09 20:14:52] ------------------
[job(588): 2016-09-09 20:14:52] * estimation method   : MLE 
[job(588): 2016-09-09 20:14:52] * optimisation method : BFGS 
[job(588): 2016-09-09 20:14:52] * analytical gradient : used
[job(588): 2016-09-09 20:14:52] * trend model : ~1
[job(588): 2016-09-09 20:14:52] * covariance model : 
[job(588): 2016-09-09 20:14:52]   - type :  matern5_2 
[job(588): 2016-09-09 20:14:52]   - nugget : NO
[job(588): 2016-09-09 20:14:52]   - parameters lower bounds :  1e-10 1e-10 
[job(588): 2016-09-09 20:14:52]   - parameters upper bounds :  47.99935 45.66552 
[job(588): 2016-09-09 20:14:52]   - best initial criterion value(s) :  -1.475543 
[job(588): 2016-09-09 20:14:52] 
[job(588): 2016-09-09 20:14:52] N = 2, M = 5 machine precision = 2.22045e-16
[job(588): 2016-09-09 20:14:52] At X0, 0 variables are exactly at the bounds
[job(588): 2016-09-09 20:14:52] At iterate     0  f=       1.4755  |proj g|=       0.5126
[job(588): 2016-09-09 20:14:52] At iterate     1  f =       1.0345  |proj g|=       0.45656
[job(588): 2016-09-09 20:14:52] At iterate     2  f =     -0.81477  |proj g|=       0.38906
[job(588): 2016-09-09 20:14:52] At iterate     3  f =      -1.6475  |proj g|=             0
[job(588): 2016-09-09 20:14:52] 
[job(588): 2016-09-09 20:14:52] iterations 3
[job(588): 2016-09-09 20:14:52] function evaluations 4
[job(588): 2016-09-09 20:14:52] segments explored during Cauchy searches 3
[job(588): 2016-09-09 20:14:52] BFGS updates skipped 0
[job(588): 2016-09-09 20:14:52] active bounds at final generalized Cauchy point 0
[job(588): 2016-09-09 20:14:52] norm of the final projected gradient 0
[job(588): 2016-09-09 20:14:52] final function value -1.64753
[job(588): 2016-09-09 20:14:52] 
[job(588): 2016-09-09 20:14:52] F = -1.64753
[job(588): 2016-09-09 20:14:52] final  value -1.647534 
[job(588): 2016-09-09 20:14:52] converged
[job(588): 2016-09-09 20:14:52] [Tune-x] 13: C=0.0362; sigma=11.7
[job(588): 2016-09-09 20:14:52] [Tune-y] 13: acc.test.mean=0.95; time: 0.0 min; memory: 117Mb use, 159Mb max
[job(588): 2016-09-09 20:14:52] 
[job(588): 2016-09-09 20:14:52] optimisation start
[job(588): 2016-09-09 20:14:52] ------------------
[job(588): 2016-09-09 20:14:52] * estimation method   : MLE 
[job(588): 2016-09-09 20:14:52] * optimisation method : BFGS 
[job(588): 2016-09-09 20:14:52] * analytical gradient : used
[job(588): 2016-09-09 20:14:52] * trend model : ~1
[job(588): 2016-09-09 20:14:52] * covariance model : 
[job(588): 2016-09-09 20:14:52]   - type :  matern5_2 
[job(588): 2016-09-09 20:14:52]   - nugget : NO
[job(588): 2016-09-09 20:14:52]   - parameters lower bounds :  1e-10 1e-10 
[job(588): 2016-09-09 20:14:52]   - parameters upper bounds :  47.99935 45.66552 
[job(588): 2016-09-09 20:14:52]   - best initial criterion value(s) :  0.4530809 
[job(588): 2016-09-09 20:14:52] 
[job(588): 2016-09-09 20:14:52] N = 2, M = 5 machine precision = 2.22045e-16
[job(588): 2016-09-09 20:14:52] At X0, 0 variables are exactly at the bounds
[job(588): 2016-09-09 20:14:52] At iterate     0  f=     -0.45308  |proj g|=      0.47219
[job(588): 2016-09-09 20:14:52] At iterate     1  f =     -0.83415  |proj g|=       0.42087
[job(588): 2016-09-09 20:14:52] At iterate     2  f =       -2.124  |proj g|=       0.25395
[job(588): 2016-09-09 20:14:52] At iterate     3  f =       -2.309  |proj g|=       0.20501
[job(588): 2016-09-09 20:14:52] At iterate     4  f =      -2.3945  |proj g|=       0.02676
[job(588): 2016-09-09 20:14:52] At iterate     5  f =      -2.3961  |proj g|=    0.00054427
[job(588): 2016-09-09 20:14:52] At iterate     6  f =      -2.3961  |proj g|=    9.4265e-05
[job(588): 2016-09-09 20:14:52] At iterate     7  f =      -2.3961  |proj g|=    3.3509e-07
[job(588): 2016-09-09 20:14:52] At iterate     8  f =      -2.3961  |proj g|=    6.1368e-09
[job(588): 2016-09-09 20:14:52] 
[job(588): 2016-09-09 20:14:52] iterations 8
[job(588): 2016-09-09 20:14:52] function evaluations 9
[job(588): 2016-09-09 20:14:52] segments explored during Cauchy searches 8
[job(588): 2016-09-09 20:14:52] BFGS updates skipped 0
[job(588): 2016-09-09 20:14:52] active bounds at final generalized Cauchy point 0
[job(588): 2016-09-09 20:14:52] norm of the final projected gradient 6.1368e-09
[job(588): 2016-09-09 20:14:52] final function value -2.3961
[job(588): 2016-09-09 20:14:52] 
[job(588): 2016-09-09 20:14:52] F = -2.3961
[job(588): 2016-09-09 20:14:52] final  value -2.396103 
[job(588): 2016-09-09 20:14:52] converged
[job(588): 2016-09-09 20:14:52] [Tune-x] 14: C=21.1; sigma=0.000244
[job(588): 2016-09-09 20:14:52] [Tune-y] 14: acc.test.mean=0.831; time: 0.0 min; memory: 117Mb use, 159Mb max
[job(588): 2016-09-09 20:14:52] 
[job(588): 2016-09-09 20:14:52] optimisation start
[job(588): 2016-09-09 20:14:52] ------------------
[job(588): 2016-09-09 20:14:52] * estimation method   : MLE 
[job(588): 2016-09-09 20:14:52] * optimisation method : BFGS 
[job(588): 2016-09-09 20:14:52] * analytical gradient : used
[job(588): 2016-09-09 20:14:52] * trend model : ~1
[job(588): 2016-09-09 20:14:52] * covariance model : 
[job(588): 2016-09-09 20:14:52]   - type :  matern5_2 
[job(588): 2016-09-09 20:14:52]   - nugget : NO
[job(588): 2016-09-09 20:14:52]   - parameters lower bounds :  1e-10 1e-10 
[job(588): 2016-09-09 20:14:52]   - parameters upper bounds :  47.99935 45.66552 
[job(588): 2016-09-09 20:14:52]   - best initial criterion value(s) :  -1.365921 
[job(588): 2016-09-09 20:14:52] 
[job(588): 2016-09-09 20:14:52] N = 2, M = 5 machine precision = 2.22045e-16
[job(588): 2016-09-09 20:14:52] At X0, 0 variables are exactly at the bounds
[job(588): 2016-09-09 20:14:52] At iterate     0  f=       1.3659  |proj g|=      0.93708
[job(588): 2016-09-09 20:14:52] At iterate     1  f =      -2.8343  |proj g|=             0
[job(588): 2016-09-09 20:14:52] 
[job(588): 2016-09-09 20:14:52] iterations 1
[job(588): 2016-09-09 20:14:52] function evaluations 2
[job(588): 2016-09-09 20:14:52] segments explored during Cauchy searches 2
[job(588): 2016-09-09 20:14:52] BFGS updates skipped 0
[job(588): 2016-09-09 20:14:52] active bounds at final generalized Cauchy point 1
[job(588): 2016-09-09 20:14:52] norm of the final projected gradient 0
[job(588): 2016-09-09 20:14:52] final function value -2.83426
[job(588): 2016-09-09 20:14:52] 
[job(588): 2016-09-09 20:14:52] F = -2.83426
[job(588): 2016-09-09 20:14:52] final  value -2.834257 
[job(588): 2016-09-09 20:14:52] converged
[job(588): 2016-09-09 20:14:52] [Tune-x] 15: C=1.91e+03; sigma=0.000904
[job(588): 2016-09-09 20:14:52] [Tune-y] 15: acc.test.mean=0.938; time: 0.0 min; memory: 117Mb use, 159Mb max
[job(588): 2016-09-09 20:14:52] 
[job(588): 2016-09-09 20:14:52] optimisation start
[job(588): 2016-09-09 20:14:52] ------------------
[job(588): 2016-09-09 20:14:52] * estimation method   : MLE 
[job(588): 2016-09-09 20:14:52] * optimisation method : BFGS 
[job(588): 2016-09-09 20:14:52] * analytical gradient : used
[job(588): 2016-09-09 20:14:52] * trend model : ~1
[job(588): 2016-09-09 20:14:52] * covariance model : 
[job(588): 2016-09-09 20:14:52]   - type :  matern5_2 
[job(588): 2016-09-09 20:14:52]   - nugget : NO
[job(588): 2016-09-09 20:14:52]   - parameters lower bounds :  1e-10 1e-10 
[job(588): 2016-09-09 20:14:52]   - parameters upper bounds :  47.99935 45.66552 
[job(588): 2016-09-09 20:14:52]   - best initial criterion value(s) :  -2.084411 
[job(588): 2016-09-09 20:14:52] 
[job(588): 2016-09-09 20:14:52] N = 2, M = 5 machine precision = 2.22045e-16
[job(588): 2016-09-09 20:14:52] At X0, 0 variables are exactly at the bounds
[job(588): 2016-09-09 20:14:52] At iterate     0  f=       2.0844  |proj g|=       1.4589
[job(588): 2016-09-09 20:14:52] At iterate     1  f =       -3.435  |proj g|=             0
[job(588): 2016-09-09 20:14:52] 
[job(588): 2016-09-09 20:14:52] iterations 1
[job(588): 2016-09-09 20:14:52] function evaluations 2
[job(588): 2016-09-09 20:14:52] segments explored during Cauchy searches 2
[job(588): 2016-09-09 20:14:52] BFGS updates skipped 0
[job(588): 2016-09-09 20:14:52] active bounds at final generalized Cauchy point 1
[job(588): 2016-09-09 20:14:52] norm of the final projected gradient 0
[job(588): 2016-09-09 20:14:52] final function value -3.43496
[job(588): 2016-09-09 20:14:52] 
[job(588): 2016-09-09 20:14:52] F = -3.43496
[job(588): 2016-09-09 20:14:52] final  value -3.434956 
[job(588): 2016-09-09 20:14:52] converged
[job(588): 2016-09-09 20:14:52] [Tune-x] 16: C=0.00536; sigma=8.4
[job(588): 2016-09-09 20:14:52] [Tune-y] 16: acc.test.mean=0.938; time: 0.0 min; memory: 117Mb use, 159Mb max
[job(588): 2016-09-09 20:14:52] 
[job(588): 2016-09-09 20:14:52] optimisation start
[job(588): 2016-09-09 20:14:52] ------------------
[job(588): 2016-09-09 20:14:52] * estimation method   : MLE 
[job(588): 2016-09-09 20:14:52] * optimisation method : BFGS 
[job(588): 2016-09-09 20:14:52] * analytical gradient : used
[job(588): 2016-09-09 20:14:52] * trend model : ~1
[job(588): 2016-09-09 20:14:52] * covariance model : 
[job(588): 2016-09-09 20:14:52]   - type :  matern5_2 
[job(588): 2016-09-09 20:14:52]   - nugget : NO
[job(588): 2016-09-09 20:14:52]   - parameters lower bounds :  1e-10 1e-10 
[job(588): 2016-09-09 20:14:52]   - parameters upper bounds :  47.99935 45.66552 
[job(588): 2016-09-09 20:14:52]   - best initial criterion value(s) :  -4.116614 
[job(588): 2016-09-09 20:14:52] 
[job(588): 2016-09-09 20:14:52] N = 2, M = 5 machine precision = 2.22045e-16
[job(588): 2016-09-09 20:14:52] At X0, 0 variables are exactly at the bounds
[job(588): 2016-09-09 20:14:52] At iterate     0  f=       4.1166  |proj g|=      0.93713
[job(588): 2016-09-09 20:14:52] At iterate     1  f =      -4.0706  |proj g|=             0
[job(588): 2016-09-09 20:14:52] 
[job(588): 2016-09-09 20:14:52] iterations 1
[job(588): 2016-09-09 20:14:52] function evaluations 2
[job(588): 2016-09-09 20:14:52] segments explored during Cauchy searches 2
[job(588): 2016-09-09 20:14:52] BFGS updates skipped 0
[job(588): 2016-09-09 20:14:52] active bounds at final generalized Cauchy point 1
[job(588): 2016-09-09 20:14:52] norm of the final projected gradient 0
[job(588): 2016-09-09 20:14:52] final function value -4.07065
[job(588): 2016-09-09 20:14:52] 
[job(588): 2016-09-09 20:14:52] F = -4.07065
[job(588): 2016-09-09 20:14:52] final  value -4.070647 
[job(588): 2016-09-09 20:14:52] converged
[job(588): 2016-09-09 20:14:52] [Tune-x] 17: C=0.00661; sigma=144
[job(588): 2016-09-09 20:14:52] [Tune-y] 17: acc.test.mean=0.806; time: 0.0 min; memory: 117Mb use, 159Mb max
[job(588): 2016-09-09 20:14:52] 
[job(588): 2016-09-09 20:14:52] optimisation start
[job(588): 2016-09-09 20:14:52] ------------------
[job(588): 2016-09-09 20:14:52] * estimation method   : MLE 
[job(588): 2016-09-09 20:14:52] * optimisation method : BFGS 
[job(588): 2016-09-09 20:14:52] * analytical gradient : used
[job(588): 2016-09-09 20:14:52] * trend model : ~1
[job(588): 2016-09-09 20:14:52] * covariance model : 
[job(588): 2016-09-09 20:14:52]   - type :  matern5_2 
[job(588): 2016-09-09 20:14:52]   - nugget : NO
[job(588): 2016-09-09 20:14:52]   - parameters lower bounds :  1e-10 1e-10 
[job(588): 2016-09-09 20:14:52]   - parameters upper bounds :  47.99935 45.66552 
[job(588): 2016-09-09 20:14:52]   - best initial criterion value(s) :  -8.79195 
[job(588): 2016-09-09 20:14:52] 
[job(588): 2016-09-09 20:14:52] N = 2, M = 5 machine precision = 2.22045e-16
[job(588): 2016-09-09 20:14:52] At X0, 0 variables are exactly at the bounds
[job(588): 2016-09-09 20:14:52] At iterate     0  f=       8.7919  |proj g|=       3.4142
[job(588): 2016-09-09 20:14:52] At iterate     1  f =       -3.479  |proj g|=        1.5654
[job(588): 2016-09-09 20:14:52] At iterate     2  f =      -4.8097  |proj g|=             0
[job(588): 2016-09-09 20:14:52] 
[job(588): 2016-09-09 20:14:52] iterations 2
[job(588): 2016-09-09 20:14:52] function evaluations 3
[job(588): 2016-09-09 20:14:52] segments explored during Cauchy searches 3
[job(588): 2016-09-09 20:14:52] BFGS updates skipped 0
[job(588): 2016-09-09 20:14:52] active bounds at final generalized Cauchy point 1
[job(588): 2016-09-09 20:14:52] norm of the final projected gradient 0
[job(588): 2016-09-09 20:14:52] final function value -4.80973
[job(588): 2016-09-09 20:14:52] 
[job(588): 2016-09-09 20:14:52] F = -4.80973
[job(588): 2016-09-09 20:14:52] final  value -4.809734 
[job(588): 2016-09-09 20:14:52] converged
[job(588): 2016-09-09 20:14:52] [Tune-x] 18: C=77.3; sigma=0.013
[job(588): 2016-09-09 20:14:52] [Tune-y] 18: acc.test.mean=0.963; time: 0.0 min; memory: 117Mb use, 159Mb max
[job(588): 2016-09-09 20:14:52] 
[job(588): 2016-09-09 20:14:52] optimisation start
[job(588): 2016-09-09 20:14:52] ------------------
[job(588): 2016-09-09 20:14:52] * estimation method   : MLE 
[job(588): 2016-09-09 20:14:52] * optimisation method : BFGS 
[job(588): 2016-09-09 20:14:52] * analytical gradient : used
[job(588): 2016-09-09 20:14:52] * trend model : ~1
[job(588): 2016-09-09 20:14:52] * covariance model : 
[job(588): 2016-09-09 20:14:52]   - type :  matern5_2 
[job(588): 2016-09-09 20:14:52]   - nugget : NO
[job(588): 2016-09-09 20:14:52]   - parameters lower bounds :  1e-10 1e-10 
[job(588): 2016-09-09 20:14:52]   - parameters upper bounds :  47.99935 45.66552 
[job(588): 2016-09-09 20:14:52]   - best initial criterion value(s) :  2.858541 
[job(588): 2016-09-09 20:14:52] 
[job(588): 2016-09-09 20:14:52] N = 2, M = 5 machine precision = 2.22045e-16
[job(588): 2016-09-09 20:14:52] At X0, 0 variables are exactly at the bounds
[job(588): 2016-09-09 20:14:52] At iterate     0  f=      -2.8585  |proj g|=        1.085
[job(588): 2016-09-09 20:14:52] At iterate     1  f =      -5.4187  |proj g|=             0
[job(588): 2016-09-09 20:14:52] 
[job(588): 2016-09-09 20:14:52] iterations 1
[job(588): 2016-09-09 20:14:52] function evaluations 2
[job(588): 2016-09-09 20:14:52] segments explored during Cauchy searches 2
[job(588): 2016-09-09 20:14:52] BFGS updates skipped 0
[job(588): 2016-09-09 20:14:52] active bounds at final generalized Cauchy point 1
[job(588): 2016-09-09 20:14:52] norm of the final projected gradient 0
[job(588): 2016-09-09 20:14:52] final function value -5.41875
[job(588): 2016-09-09 20:14:52] 
[job(588): 2016-09-09 20:14:52] F = -5.41875
[job(588): 2016-09-09 20:14:52] final  value -5.418745 
[job(588): 2016-09-09 20:14:52] converged
[job(588): 2016-09-09 20:14:52] [Tune-x] 19: C=0.00615; sigma=0.000798
[job(588): 2016-09-09 20:14:52] [Tune-y] 19: acc.test.mean=0.825; time: 0.0 min; memory: 117Mb use, 159Mb max
[job(588): 2016-09-09 20:14:52] 
[job(588): 2016-09-09 20:14:52] optimisation start
[job(588): 2016-09-09 20:14:52] ------------------
[job(588): 2016-09-09 20:14:52] * estimation method   : MLE 
[job(588): 2016-09-09 20:14:52] * optimisation method : BFGS 
[job(588): 2016-09-09 20:14:52] * analytical gradient : used
[job(588): 2016-09-09 20:14:52] * trend model : ~1
[job(588): 2016-09-09 20:14:52] * covariance model : 
[job(588): 2016-09-09 20:14:52]   - type :  matern5_2 
[job(588): 2016-09-09 20:14:52]   - nugget : NO
[job(588): 2016-09-09 20:14:52]   - parameters lower bounds :  1e-10 1e-10 
[job(588): 2016-09-09 20:14:52]   - parameters upper bounds :  47.99935 45.66552 
[job(588): 2016-09-09 20:14:52]   - best initial criterion value(s) :  6.628655 
[job(588): 2016-09-09 20:14:52] 
[job(588): 2016-09-09 20:14:52] N = 2, M = 5 machine precision = 2.22045e-16
[job(588): 2016-09-09 20:14:52] At X0, 0 variables are exactly at the bounds
[job(588): 2016-09-09 20:14:52] At iterate     0  f=      -6.6287  |proj g|=      0.55356
[job(588): 2016-09-09 20:14:52] At iterate     1  f =      -6.6772  |proj g|=       0.15285
[job(588): 2016-09-09 20:14:52] At iterate     2  f =      -6.7065  |proj g|=       0.18964
[job(588): 2016-09-09 20:14:52] At iterate     3  f =      -6.8041  |proj g|=       0.39095
[job(588): 2016-09-09 20:14:52] At iterate     4  f =      -6.8878  |proj g|=        0.2664
[job(588): 2016-09-09 20:14:52] At iterate     5  f =      -6.9077  |proj g|=      0.090302
[job(588): 2016-09-09 20:14:52] At iterate     6  f =      -6.9148  |proj g|=       0.07761
[job(588): 2016-09-09 20:14:52] At iterate     7  f =      -6.9157  |proj g|=      0.063624
[job(588): 2016-09-09 20:14:52] At iterate     8  f =      -6.9167  |proj g|=      0.007864
[job(588): 2016-09-09 20:14:52] At iterate     9  f =      -6.9167  |proj g|=     0.0022138
[job(588): 2016-09-09 20:14:52] At iterate    10  f =      -6.9167  |proj g|=    0.00017101
[job(588): 2016-09-09 20:14:52] At iterate    11  f =      -6.9167  |proj g|=    1.1095e-05
[job(588): 2016-09-09 20:14:52] 
[job(588): 2016-09-09 20:14:52] iterations 11
[job(588): 2016-09-09 20:14:52] function evaluations 16
[job(588): 2016-09-09 20:14:52] segments explored during Cauchy searches 11
[job(588): 2016-09-09 20:14:52] BFGS updates skipped 0
[job(588): 2016-09-09 20:14:52] active bounds at final generalized Cauchy point 0
[job(588): 2016-09-09 20:14:52] norm of the final projected gradient 1.10953e-05
[job(588): 2016-09-09 20:14:52] final function value -6.91675
[job(588): 2016-09-09 20:14:52] 
[job(588): 2016-09-09 20:14:52] F = -6.91675
[job(588): 2016-09-09 20:14:52] final  value -6.916747 
[job(588): 2016-09-09 20:14:52] converged
[job(588): 2016-09-09 20:14:52] [Tune-x] 20: C=16.7; sigma=0.000246
[job(588): 2016-09-09 20:14:52] [Tune-y] 20: acc.test.mean=0.644; time: 0.0 min; memory: 117Mb use, 159Mb max
[job(588): 2016-09-09 20:14:52] 
[job(588): 2016-09-09 20:14:52] optimisation start
[job(588): 2016-09-09 20:14:52] ------------------
[job(588): 2016-09-09 20:14:52] * estimation method   : MLE 
[job(588): 2016-09-09 20:14:52] * optimisation method : BFGS 
[job(588): 2016-09-09 20:14:52] * analytical gradient : used
[job(588): 2016-09-09 20:14:52] * trend model : ~1
[job(588): 2016-09-09 20:14:52] * covariance model : 
[job(588): 2016-09-09 20:14:52]   - type :  matern5_2 
[job(588): 2016-09-09 20:14:52]   - nugget : NO
[job(588): 2016-09-09 20:14:52]   - parameters lower bounds :  1e-10 1e-10 
[job(588): 2016-09-09 20:14:52]   - parameters upper bounds :  47.99935 45.66552 
[job(588): 2016-09-09 20:14:52]   - best initial criterion value(s) :  -40.53589 
[job(588): 2016-09-09 20:14:52] 
[job(588): 2016-09-09 20:14:52] N = 2, M = 5 machine precision = 2.22045e-16
[job(588): 2016-09-09 20:14:52] At X0, 0 variables are exactly at the bounds
[job(588): 2016-09-09 20:14:52] At iterate     0  f=       40.536  |proj g|=       3.5841
[job(588): 2016-09-09 20:14:52] At iterate     1  f =      -6.3533  |proj g|=             0
[job(588): 2016-09-09 20:14:52] 
[job(588): 2016-09-09 20:14:52] iterations 1
[job(588): 2016-09-09 20:14:52] function evaluations 2
[job(588): 2016-09-09 20:14:52] segments explored during Cauchy searches 2
[job(588): 2016-09-09 20:14:52] BFGS updates skipped 0
[job(588): 2016-09-09 20:14:52] active bounds at final generalized Cauchy point 1
[job(588): 2016-09-09 20:14:52] norm of the final projected gradient 0
[job(588): 2016-09-09 20:14:52] final function value -6.35327
[job(588): 2016-09-09 20:14:52] 
[job(588): 2016-09-09 20:14:52] F = -6.35327
[job(588): 2016-09-09 20:14:52] final  value -6.353273 
[job(588): 2016-09-09 20:14:52] converged
[job(588): 2016-09-09 20:14:52] [Tune-x] 21: C=250; sigma=0.000919
[job(588): 2016-09-09 20:14:52] [Tune-y] 21: acc.test.mean=0.975; time: 0.0 min; memory: 117Mb use, 159Mb max
[job(588): 2016-09-09 20:14:52] 
[job(588): 2016-09-09 20:14:52] optimisation start
[job(588): 2016-09-09 20:14:52] ------------------
[job(588): 2016-09-09 20:14:52] * estimation method   : MLE 
[job(588): 2016-09-09 20:14:52] * optimisation method : BFGS 
[job(588): 2016-09-09 20:14:52] * analytical gradient : used
[job(588): 2016-09-09 20:14:52] * trend model : ~1
[job(588): 2016-09-09 20:14:52] * covariance model : 
[job(588): 2016-09-09 20:14:52]   - type :  matern5_2 
[job(588): 2016-09-09 20:14:52]   - nugget : NO
[job(588): 2016-09-09 20:14:52]   - parameters lower bounds :  1e-10 1e-10 
[job(588): 2016-09-09 20:14:52]   - parameters upper bounds :  47.99935 45.66552 
[job(588): 2016-09-09 20:14:52]   - best initial criterion value(s) :  -43.3717 
[job(588): 2016-09-09 20:14:52] 
[job(588): 2016-09-09 20:14:52] N = 2, M = 5 machine precision = 2.22045e-16
[job(588): 2016-09-09 20:14:52] At X0, 0 variables are exactly at the bounds
[job(588): 2016-09-09 20:14:52] At iterate     0  f=       43.372  |proj g|=       4.0448
[job(588): 2016-09-09 20:14:52] At iterate     1  f =      -6.9104  |proj g|=             0
[job(588): 2016-09-09 20:14:52] 
[job(588): 2016-09-09 20:14:52] iterations 1
[job(588): 2016-09-09 20:14:52] function evaluations 2
[job(588): 2016-09-09 20:14:52] segments explored during Cauchy searches 2
[job(588): 2016-09-09 20:14:52] BFGS updates skipped 0
[job(588): 2016-09-09 20:14:52] active bounds at final generalized Cauchy point 1
[job(588): 2016-09-09 20:14:52] norm of the final projected gradient 0
[job(588): 2016-09-09 20:14:52] final function value -6.91044
[job(588): 2016-09-09 20:14:52] 
[job(588): 2016-09-09 20:14:52] F = -6.91044
[job(588): 2016-09-09 20:14:52] final  value -6.910437 
[job(588): 2016-09-09 20:14:52] converged
[job(588): 2016-09-09 20:14:52] [Tune-x] 22: C=0.00811; sigma=0.371
[job(588): 2016-09-09 20:14:52] [Tune-y] 22: acc.test.mean=0.969; time: 0.0 min; memory: 117Mb use, 167Mb max
[job(588): 2016-09-09 20:14:52] 
[job(588): 2016-09-09 20:14:52] optimisation start
[job(588): 2016-09-09 20:14:52] ------------------
[job(588): 2016-09-09 20:14:52] * estimation method   : MLE 
[job(588): 2016-09-09 20:14:52] * optimisation method : BFGS 
[job(588): 2016-09-09 20:14:52] * analytical gradient : used
[job(588): 2016-09-09 20:14:52] * trend model : ~1
[job(588): 2016-09-09 20:14:52] * covariance model : 
[job(588): 2016-09-09 20:14:52]   - type :  matern5_2 
[job(588): 2016-09-09 20:14:52]   - nugget : NO
[job(588): 2016-09-09 20:14:52]   - parameters lower bounds :  1e-10 1e-10 
[job(588): 2016-09-09 20:14:52]   - parameters upper bounds :  47.99935 45.66552 
[job(588): 2016-09-09 20:14:52]   - best initial criterion value(s) :  -38.89786 
[job(588): 2016-09-09 20:14:52] 
[job(588): 2016-09-09 20:14:52] N = 2, M = 5 machine precision = 2.22045e-16
[job(588): 2016-09-09 20:14:52] At X0, 0 variables are exactly at the bounds
[job(588): 2016-09-09 20:14:52] At iterate     0  f=       38.898  |proj g|=       1.9094
[job(588): 2016-09-09 20:14:52] At iterate     1  f =       37.751  |proj g|=        2.5453
[job(588): 2016-09-09 20:14:52] At iterate     2  f =       34.944  |proj g|=        1.7554
[job(588): 2016-09-09 20:14:52] At iterate     3  f =      -7.5222  |proj g|=             0
[job(588): 2016-09-09 20:14:52] 
[job(588): 2016-09-09 20:14:52] iterations 3
[job(588): 2016-09-09 20:14:52] function evaluations 4
[job(588): 2016-09-09 20:14:52] segments explored during Cauchy searches 4
[job(588): 2016-09-09 20:14:52] BFGS updates skipped 0
[job(588): 2016-09-09 20:14:52] active bounds at final generalized Cauchy point 1
[job(588): 2016-09-09 20:14:52] norm of the final projected gradient 0
[job(588): 2016-09-09 20:14:52] final function value -7.52223
[job(588): 2016-09-09 20:14:52] 
[job(588): 2016-09-09 20:14:52] F = -7.52223
[job(588): 2016-09-09 20:14:52] final  value -7.522229 
[job(588): 2016-09-09 20:14:52] converged
[job(588): 2016-09-09 20:14:52] [Tune-x] 23: C=36.2; sigma=0.25
[job(588): 2016-09-09 20:14:52] [Tune-y] 23: acc.test.mean=0.963; time: 0.0 min; memory: 117Mb use, 167Mb max
[job(588): 2016-09-09 20:14:52] 
[job(588): 2016-09-09 20:14:52] optimisation start
[job(588): 2016-09-09 20:14:52] ------------------
[job(588): 2016-09-09 20:14:52] * estimation method   : MLE 
[job(588): 2016-09-09 20:14:52] * optimisation method : BFGS 
[job(588): 2016-09-09 20:14:52] * analytical gradient : used
[job(588): 2016-09-09 20:14:52] * trend model : ~1
[job(588): 2016-09-09 20:14:52] * covariance model : 
[job(588): 2016-09-09 20:14:52]   - type :  matern5_2 
[job(588): 2016-09-09 20:14:52]   - nugget : NO
[job(588): 2016-09-09 20:14:52]   - parameters lower bounds :  1e-10 1e-10 
[job(588): 2016-09-09 20:14:52]   - parameters upper bounds :  47.99935 45.66552 
[job(588): 2016-09-09 20:14:52]   - best initial criterion value(s) :  -9.963788 
[job(588): 2016-09-09 20:14:52] 
[job(588): 2016-09-09 20:14:52] N = 2, M = 5 machine precision = 2.22045e-16
[job(588): 2016-09-09 20:14:52] At X0, 0 variables are exactly at the bounds
[job(588): 2016-09-09 20:14:52] At iterate     0  f=       9.9638  |proj g|=       0.3875
[job(588): 2016-09-09 20:14:52] At iterate     1  f =      -8.1839  |proj g|=             0
[job(588): 2016-09-09 20:14:52] 
[job(588): 2016-09-09 20:14:52] iterations 1
[job(588): 2016-09-09 20:14:52] function evaluations 2
[job(588): 2016-09-09 20:14:52] segments explored during Cauchy searches 2
[job(588): 2016-09-09 20:14:52] BFGS updates skipped 0
[job(588): 2016-09-09 20:14:52] active bounds at final generalized Cauchy point 1
[job(588): 2016-09-09 20:14:52] norm of the final projected gradient 0
[job(588): 2016-09-09 20:14:52] final function value -8.18387
[job(588): 2016-09-09 20:14:52] 
[job(588): 2016-09-09 20:14:52] F = -8.18387
[job(588): 2016-09-09 20:14:52] final  value -8.183874 
[job(588): 2016-09-09 20:14:52] converged
[job(588): 2016-09-09 20:14:52] [Tune-x] 24: C=0.00825; sigma=0.315
[job(588): 2016-09-09 20:14:52] [Tune-y] 24: acc.test.mean=0.969; time: 0.0 min; memory: 117Mb use, 167Mb max
[job(588): 2016-09-09 20:14:52] 
[job(588): 2016-09-09 20:14:52] optimisation start
[job(588): 2016-09-09 20:14:52] ------------------
[job(588): 2016-09-09 20:14:52] * estimation method   : MLE 
[job(588): 2016-09-09 20:14:52] * optimisation method : BFGS 
[job(588): 2016-09-09 20:14:52] * analytical gradient : used
[job(588): 2016-09-09 20:14:52] * trend model : ~1
[job(588): 2016-09-09 20:14:52] * covariance model : 
[job(588): 2016-09-09 20:14:52]   - type :  matern5_2 
[job(588): 2016-09-09 20:14:52]   - nugget : NO
[job(588): 2016-09-09 20:14:52]   - parameters lower bounds :  1e-10 1e-10 
[job(588): 2016-09-09 20:14:52]   - parameters upper bounds :  47.99935 45.66552 
[job(588): 2016-09-09 20:14:52]   - best initial criterion value(s) :  -29.05267 
[job(588): 2016-09-09 20:14:52] 
[job(588): 2016-09-09 20:14:52] N = 2, M = 5 machine precision = 2.22045e-16
[job(588): 2016-09-09 20:14:52] At X0, 0 variables are exactly at the bounds
[job(588): 2016-09-09 20:14:52] At iterate     0  f=       29.053  |proj g|=       1.9161
[job(588): 2016-09-09 20:14:52] At iterate     1  f =      -8.8476  |proj g|=             0
[job(588): 2016-09-09 20:14:52] 
[job(588): 2016-09-09 20:14:52] iterations 1
[job(588): 2016-09-09 20:14:52] function evaluations 2
[job(588): 2016-09-09 20:14:52] segments explored during Cauchy searches 2
[job(588): 2016-09-09 20:14:52] BFGS updates skipped 0
[job(588): 2016-09-09 20:14:52] active bounds at final generalized Cauchy point 1
[job(588): 2016-09-09 20:14:52] norm of the final projected gradient 0
[job(588): 2016-09-09 20:14:52] final function value -8.8476
[job(588): 2016-09-09 20:14:52] 
[job(588): 2016-09-09 20:14:52] F = -8.8476
[job(588): 2016-09-09 20:14:52] final  value -8.847604 
[job(588): 2016-09-09 20:14:52] converged
[job(588): 2016-09-09 20:14:52] [Tune-x] 25: C=0.0175; sigma=112
[job(588): 2016-09-09 20:14:52] [Tune-y] 25: acc.test.mean=0.869; time: 0.0 min; memory: 117Mb use, 167Mb max
[job(588): 2016-09-09 20:14:52] 
[job(588): 2016-09-09 20:14:52] optimisation start
[job(588): 2016-09-09 20:14:52] ------------------
[job(588): 2016-09-09 20:14:52] * estimation method   : MLE 
[job(588): 2016-09-09 20:14:52] * optimisation method : BFGS 
[job(588): 2016-09-09 20:14:52] * analytical gradient : used
[job(588): 2016-09-09 20:14:52] * trend model : ~1
[job(588): 2016-09-09 20:14:52] * covariance model : 
[job(588): 2016-09-09 20:14:52]   - type :  matern5_2 
[job(588): 2016-09-09 20:14:52]   - nugget : NO
[job(588): 2016-09-09 20:14:52]   - parameters lower bounds :  1e-10 1e-10 
[job(588): 2016-09-09 20:14:52]   - parameters upper bounds :  47.99935 45.66552 
[job(588): 2016-09-09 20:14:52]   - best initial criterion value(s) :  -33.08546 
[job(588): 2016-09-09 20:14:52] 
[job(588): 2016-09-09 20:14:52] N = 2, M = 5 machine precision = 2.22045e-16
[job(588): 2016-09-09 20:14:52] At X0, 0 variables are exactly at the bounds
[job(588): 2016-09-09 20:14:52] At iterate     0  f=       33.085  |proj g|=       2.0004
[job(588): 2016-09-09 20:14:52] At iterate     1  f =      -9.7263  |proj g|=             0
[job(588): 2016-09-09 20:14:52] 
[job(588): 2016-09-09 20:14:52] iterations 1
[job(588): 2016-09-09 20:14:52] function evaluations 2
[job(588): 2016-09-09 20:14:52] segments explored during Cauchy searches 2
[job(588): 2016-09-09 20:14:52] BFGS updates skipped 0
[job(588): 2016-09-09 20:14:52] active bounds at final generalized Cauchy point 1
[job(588): 2016-09-09 20:14:52] norm of the final projected gradient 0
[job(588): 2016-09-09 20:14:52] final function value -9.72626
[job(588): 2016-09-09 20:14:52] 
[job(588): 2016-09-09 20:14:52] F = -9.72626
[job(588): 2016-09-09 20:14:52] final  value -9.726256 
[job(588): 2016-09-09 20:14:52] converged
[job(588): 2016-09-09 20:14:52] [Tune-x] 26: C=210; sigma=0.0365
[job(588): 2016-09-09 20:14:52] [Tune-y] 26: acc.test.mean=0.956; time: 0.0 min; memory: 117Mb use, 167Mb max
[job(588): 2016-09-09 20:14:52] 
[job(588): 2016-09-09 20:14:52] optimisation start
[job(588): 2016-09-09 20:14:52] ------------------
[job(588): 2016-09-09 20:14:52] * estimation method   : MLE 
[job(588): 2016-09-09 20:14:52] * optimisation method : BFGS 
[job(588): 2016-09-09 20:14:52] * analytical gradient : used
[job(588): 2016-09-09 20:14:52] * trend model : ~1
[job(588): 2016-09-09 20:14:52] * covariance model : 
[job(588): 2016-09-09 20:14:52]   - type :  matern5_2 
[job(588): 2016-09-09 20:14:52]   - nugget : NO
[job(588): 2016-09-09 20:14:52]   - parameters lower bounds :  1e-10 1e-10 
[job(588): 2016-09-09 20:14:52]   - parameters upper bounds :  47.99935 45.66552 
[job(588): 2016-09-09 20:14:52]   - best initial criterion value(s) :  -30.45676 
[job(588): 2016-09-09 20:14:52] 
[job(588): 2016-09-09 20:14:52] N = 2, M = 5 machine precision = 2.22045e-16
[job(588): 2016-09-09 20:14:52] At X0, 0 variables are exactly at the bounds
[job(588): 2016-09-09 20:14:52] At iterate     0  f=       30.457  |proj g|=      0.68029
[job(588): 2016-09-09 20:14:52] At iterate     1  f =      -10.471  |proj g|=             0
[job(588): 2016-09-09 20:14:52] 
[job(588): 2016-09-09 20:14:52] iterations 1
[job(588): 2016-09-09 20:14:52] function evaluations 2
[job(588): 2016-09-09 20:14:52] segments explored during Cauchy searches 2
[job(588): 2016-09-09 20:14:52] BFGS updates skipped 0
[job(588): 2016-09-09 20:14:52] active bounds at final generalized Cauchy point 1
[job(588): 2016-09-09 20:14:52] norm of the final projected gradient 0
[job(588): 2016-09-09 20:14:52] final function value -10.4713
[job(588): 2016-09-09 20:14:52] 
[job(588): 2016-09-09 20:14:52] F = -10.4713
[job(588): 2016-09-09 20:14:52] final  value -10.471268 
[job(588): 2016-09-09 20:14:52] converged
[job(588): 2016-09-09 20:14:52] [Tune-x] 27: C=2.99e+03; sigma=0.0429
[job(588): 2016-09-09 20:14:52] [Tune-y] 27: acc.test.mean=0.969; time: 0.0 min; memory: 117Mb use, 167Mb max
[job(588): 2016-09-09 20:14:52] 
[job(588): 2016-09-09 20:14:52] optimisation start
[job(588): 2016-09-09 20:14:52] ------------------
[job(588): 2016-09-09 20:14:52] * estimation method   : MLE 
[job(588): 2016-09-09 20:14:52] * optimisation method : BFGS 
[job(588): 2016-09-09 20:14:52] * analytical gradient : used
[job(588): 2016-09-09 20:14:52] * trend model : ~1
[job(588): 2016-09-09 20:14:52] * covariance model : 
[job(588): 2016-09-09 20:14:52]   - type :  matern5_2 
[job(588): 2016-09-09 20:14:52]   - nugget : NO
[job(588): 2016-09-09 20:14:52]   - parameters lower bounds :  1e-10 1e-10 
[job(588): 2016-09-09 20:14:52]   - parameters upper bounds :  47.99935 45.66552 
[job(588): 2016-09-09 20:14:52]   - best initial criterion value(s) :  -56.62528 
[job(588): 2016-09-09 20:14:52] 
[job(588): 2016-09-09 20:14:52] N = 2, M = 5 machine precision = 2.22045e-16
[job(588): 2016-09-09 20:14:52] At X0, 0 variables are exactly at the bounds
[job(588): 2016-09-09 20:14:52] At iterate     0  f=       56.625  |proj g|=      0.76242
[job(588): 2016-09-09 20:14:52] At iterate     1  f =       55.472  |proj g|=       0.90426
[job(588): 2016-09-09 20:14:52] ys=-4.927e-02  -gs= 1.128e+00, BFGS update SKIPPED
[job(588): 2016-09-09 20:14:52] At iterate     2  f =       48.864  |proj g|=        1.8848
[job(588): 2016-09-09 20:14:52] At iterate     3  f =      -11.193  |proj g|=             0
[job(588): 2016-09-09 20:14:52] 
[job(588): 2016-09-09 20:14:52] iterations 3
[job(588): 2016-09-09 20:14:52] function evaluations 5
[job(588): 2016-09-09 20:14:52] segments explored during Cauchy searches 3
[job(588): 2016-09-09 20:14:52] BFGS updates skipped 1
[job(588): 2016-09-09 20:14:52] active bounds at final generalized Cauchy point 0
[job(588): 2016-09-09 20:14:52] norm of the final projected gradient 0
[job(588): 2016-09-09 20:14:52] final function value -11.1928
[job(588): 2016-09-09 20:14:52] 
[job(588): 2016-09-09 20:14:52] F = -11.1928
[job(588): 2016-09-09 20:14:52] final  value -11.192836 
[job(588): 2016-09-09 20:14:52] converged
[job(588): 2016-09-09 20:14:52] [Tune-x] 28: C=0.219; sigma=3.36e+03
[job(588): 2016-09-09 20:14:52] [Tune-y] 28: acc.test.mean=0.338; time: 0.0 min; memory: 117Mb use, 167Mb max
[job(588): 2016-09-09 20:14:52] 
[job(588): 2016-09-09 20:14:52] optimisation start
[job(588): 2016-09-09 20:14:52] ------------------
[job(588): 2016-09-09 20:14:52] * estimation method   : MLE 
[job(588): 2016-09-09 20:14:52] * optimisation method : BFGS 
[job(588): 2016-09-09 20:14:52] * analytical gradient : used
[job(588): 2016-09-09 20:14:52] * trend model : ~1
[job(588): 2016-09-09 20:14:52] * covariance model : 
[job(588): 2016-09-09 20:14:52]   - type :  matern5_2 
[job(588): 2016-09-09 20:14:52]   - nugget : NO
[job(588): 2016-09-09 20:14:52]   - parameters lower bounds :  1e-10 1e-10 
[job(588): 2016-09-09 20:14:52]   - parameters upper bounds :  47.99935 47.43095 
[job(588): 2016-09-09 20:14:52]   - best initial criterion value(s) :  -43.50495 
[job(588): 2016-09-09 20:14:52] 
[job(588): 2016-09-09 20:14:52] N = 2, M = 5 machine precision = 2.22045e-16
[job(588): 2016-09-09 20:14:52] At X0, 0 variables are exactly at the bounds
[job(588): 2016-09-09 20:14:52] At iterate     0  f=       43.505  |proj g|=       1.8111
[job(588): 2016-09-09 20:14:52] At iterate     1  f =       41.136  |proj g|=        4.2252
[job(588): 2016-09-09 20:14:52] At iterate     2  f =      -7.4097  |proj g|=             0
[job(588): 2016-09-09 20:14:52] 
[job(588): 2016-09-09 20:14:52] iterations 2
[job(588): 2016-09-09 20:14:52] function evaluations 5
[job(588): 2016-09-09 20:14:52] segments explored during Cauchy searches 2
[job(588): 2016-09-09 20:14:52] BFGS updates skipped 0
[job(588): 2016-09-09 20:14:52] active bounds at final generalized Cauchy point 0
[job(588): 2016-09-09 20:14:52] norm of the final projected gradient 0
[job(588): 2016-09-09 20:14:52] final function value -7.40973
[job(588): 2016-09-09 20:14:52] 
[job(588): 2016-09-09 20:14:52] F = -7.40973
[job(588): 2016-09-09 20:14:52] final  value -7.409734 
[job(588): 2016-09-09 20:14:52] converged
[job(588): 2016-09-09 20:14:52] [Tune] Result: C=250; sigma=0.000919 : acc.test.mean=-0.975
[job(588): 2016-09-09 20:14:52] Job terminated successfully
[job(chunk): 2016-09-09 20:14:53] Calculation finished!
