[job(chunk): 2016-09-09 20:05:00] Starting calculation of 1 jobs
[job(chunk): 2016-09-09 20:05:00] Setting working directory to '/naslx/projects/pr74ze/ri89coc2/svm_comparison'
[job(chunk): 2016-09-09 20:05:00] Memory measurement disabled
[job(90): 2016-09-09 20:05:02] Starting job with job.id=90
[job(90): 2016-09-09 20:05:52] Generating problem instance for problem '11' ...
[job(90): 2016-09-09 20:05:52] Data '11' file 'description.xml' found in cache.
[job(90): 2016-09-09 20:05:52] Data '11' file 'dataset.arff' found in cache.
[job(90): 2016-09-09 20:05:52] Loading required package: readr
[job(90): 2016-09-09 20:05:52] Applying algorithm 'kbb-svc.tuned' on problem '11' ...
[job(90): 2016-09-09 20:05:52] Data '11' file 'description.xml' found in cache.
[job(90): 2016-09-09 20:05:52] Data '11' file 'dataset.arff' found in cache.
[job(90): 2016-09-09 20:05:52] [Tune] Started tuning learner kbb-svc for parameter set:
[job(90): 2016-09-09 20:05:52]          Type len Def    Constr Req Tunable Trafo
[job(90): 2016-09-09 20:05:52] C     numeric   -   - -12 to 12   -    TRUE     Y
[job(90): 2016-09-09 20:05:52] sigma numeric   -   - -12 to 12   -    TRUE     Y
[job(90): 2016-09-09 20:05:52] With control class: TuneControlMBO
[job(90): 2016-09-09 20:05:52] Imputation value: -0
[job(90): 2016-09-09 20:05:52] [Tune-x] 1: C=0.946; sigma=0.0164
[job(90): 2016-09-09 20:05:52] [Tune-y] 1: acc.test.mean=0.813; time: 0.0 min; memory: 112Mb use, 145Mb max
[job(90): 2016-09-09 20:05:52] [Tune-x] 2: C=2.18; sigma=7.65
[job(90): 2016-09-09 20:05:52] [Tune-y] 2: acc.test.mean=0.459; time: 0.0 min; memory: 112Mb use, 145Mb max
[job(90): 2016-09-09 20:05:52] [Tune-x] 3: C=9.83; sigma=0.41
[job(90): 2016-09-09 20:05:52] [Tune-y] 3: acc.test.mean=0.906; time: 0.0 min; memory: 112Mb use, 148Mb max
[job(90): 2016-09-09 20:05:52] [Tune-x] 4: C=0.000249; sigma=724
[job(90): 2016-09-09 20:05:52] [Tune-y] 4: acc.test.mean=0.438; time: 0.0 min; memory: 112Mb use, 148Mb max
[job(90): 2016-09-09 20:05:52] [Tune-x] 5: C=0.0888; sigma=56.2
[job(90): 2016-09-09 20:05:52] [Tune-y] 5: acc.test.mean=0.459; time: 0.0 min; memory: 112Mb use, 148Mb max
[job(90): 2016-09-09 20:05:52] [Tune-x] 6: C=1.57e+03; sigma=0.00487
[job(90): 2016-09-09 20:05:52] [Tune-y] 6: acc.test.mean=0.957; time: 0.0 min; memory: 112Mb use, 148Mb max
[job(90): 2016-09-09 20:05:52] [Tune-x] 7: C=71.7; sigma=183
[job(90): 2016-09-09 20:05:52] [Tune-y] 7: acc.test.mean=0.459; time: 0.0 min; memory: 112Mb use, 148Mb max
[job(90): 2016-09-09 20:05:52] [Tune-x] 8: C=0.00745; sigma=0.00035
[job(90): 2016-09-09 20:05:52] [Tune-y] 8: acc.test.mean=0.459; time: 0.0 min; memory: 112Mb use, 148Mb max
[job(90): 2016-09-09 20:05:52] 
[job(90): 2016-09-09 20:05:52] optimisation start
[job(90): 2016-09-09 20:05:52] ------------------
[job(90): 2016-09-09 20:05:52] * estimation method   : MLE 
[job(90): 2016-09-09 20:05:52] * optimisation method : BFGS 
[job(90): 2016-09-09 20:05:52] * analytical gradient : used
[job(90): 2016-09-09 20:05:52] * trend model : ~1
[job(90): 2016-09-09 20:05:52] * covariance model : 
[job(90): 2016-09-09 20:05:52]   - type :  matern5_2 
[job(90): 2016-09-09 20:05:52]   - nugget : NO
[job(90): 2016-09-09 20:05:52]   - parameters lower bounds :  1e-10 1e-10 
[job(90): 2016-09-09 20:05:52]   - parameters upper bounds :  45.17008 41.96285 
[job(90): 2016-09-09 20:05:52]   - best initial criterion value(s) :  1.615644 
[job(90): 2016-09-09 20:05:52] 
[job(90): 2016-09-09 20:05:52] N = 2, M = 5 machine precision = 2.22045e-16
[job(90): 2016-09-09 20:05:52] At X0, 0 variables are exactly at the bounds
[job(90): 2016-09-09 20:05:52] At iterate     0  f=      -1.6156  |proj g|=      0.26719
[job(90): 2016-09-09 20:05:52] At iterate     1  f =      -1.6904  |proj g|=       0.28858
[job(90): 2016-09-09 20:05:52] ys=-5.639e-03  -gs= 7.206e-02, BFGS update SKIPPED
[job(90): 2016-09-09 20:05:52] At iterate     2  f =      -2.2355  |proj g|=       0.19837
[job(90): 2016-09-09 20:05:52] At iterate     3  f =       -2.262  |proj g|=       0.11788
[job(90): 2016-09-09 20:05:52] At iterate     4  f =       -2.273  |proj g|=      0.036001
[job(90): 2016-09-09 20:05:52] At iterate     5  f =      -2.2739  |proj g|=     0.0032173
[job(90): 2016-09-09 20:05:52] At iterate     6  f =      -2.2739  |proj g|=     0.0024531
[job(90): 2016-09-09 20:05:52] At iterate     7  f =      -2.2739  |proj g|=     0.0030439
[job(90): 2016-09-09 20:05:52] At iterate     8  f =       -2.274  |proj g|=      0.009007
[job(90): 2016-09-09 20:05:52] At iterate     9  f =      -2.2743  |proj g|=      0.017299
[job(90): 2016-09-09 20:05:52] At iterate    10  f =      -2.2749  |proj g|=      0.031338
[job(90): 2016-09-09 20:05:52] At iterate    11  f =      -2.2763  |proj g|=      0.052117
[job(90): 2016-09-09 20:05:52] At iterate    12  f =      -2.2796  |proj g|=       0.07984
[job(90): 2016-09-09 20:05:52] At iterate    13  f =      -2.2835  |proj g|=      0.067286
[job(90): 2016-09-09 20:05:52] At iterate    14  f =      -2.2864  |proj g|=     0.0011121
[job(90): 2016-09-09 20:05:52] At iterate    15  f =      -2.2864  |proj g|=    3.8126e-05
[job(90): 2016-09-09 20:05:52] At iterate    16  f =      -2.2864  |proj g|=    2.3714e-08
[job(90): 2016-09-09 20:05:52] 
[job(90): 2016-09-09 20:05:52] iterations 16
[job(90): 2016-09-09 20:05:52] function evaluations 21
[job(90): 2016-09-09 20:05:52] segments explored during Cauchy searches 17
[job(90): 2016-09-09 20:05:52] BFGS updates skipped 1
[job(90): 2016-09-09 20:05:52] active bounds at final generalized Cauchy point 1
[job(90): 2016-09-09 20:05:52] norm of the final projected gradient 2.37142e-08
[job(90): 2016-09-09 20:05:52] final function value -2.28637
[job(90): 2016-09-09 20:05:52] 
[job(90): 2016-09-09 20:05:52] F = -2.28637
[job(90): 2016-09-09 20:05:52] final  value -2.286373 
[job(90): 2016-09-09 20:05:52] converged
[job(90): 2016-09-09 20:05:52] [Tune-x] 9: C=4.1e+03; sigma=0.00501
[job(90): 2016-09-09 20:05:52] [Tune-y] 9: acc.test.mean=0.966; time: 0.0 min; memory: 116Mb use, 164Mb max
[job(90): 2016-09-09 20:05:52] 
[job(90): 2016-09-09 20:05:52] optimisation start
[job(90): 2016-09-09 20:05:52] ------------------
[job(90): 2016-09-09 20:05:52] * estimation method   : MLE 
[job(90): 2016-09-09 20:05:52] * optimisation method : BFGS 
[job(90): 2016-09-09 20:05:52] * analytical gradient : used
[job(90): 2016-09-09 20:05:52] * trend model : ~1
[job(90): 2016-09-09 20:05:52] * covariance model : 
[job(90): 2016-09-09 20:05:52]   - type :  matern5_2 
[job(90): 2016-09-09 20:05:52]   - nugget : NO
[job(90): 2016-09-09 20:05:52]   - parameters lower bounds :  1e-10 1e-10 
[job(90): 2016-09-09 20:05:52]   - parameters upper bounds :  47.93927 41.96285 
[job(90): 2016-09-09 20:05:52]   - best initial criterion value(s) :  5.823193 
[job(90): 2016-09-09 20:05:52] 
[job(90): 2016-09-09 20:05:52] N = 2, M = 5 machine precision = 2.22045e-16
[job(90): 2016-09-09 20:05:52] At X0, 0 variables are exactly at the bounds
[job(90): 2016-09-09 20:05:52] At iterate     0  f=      -5.8232  |proj g|=      0.13022
[job(90): 2016-09-09 20:05:52] At iterate     1  f =      -5.8352  |proj g|=      0.053659
[job(90): 2016-09-09 20:05:52] At iterate     2  f =      -5.8377  |proj g|=     0.0026591
[job(90): 2016-09-09 20:05:52] At iterate     3  f =      -5.8377  |proj g|=     0.0026554
[job(90): 2016-09-09 20:05:52] At iterate     4  f =      -5.8378  |proj g|=     0.0058339
[job(90): 2016-09-09 20:05:52] At iterate     5  f =       -5.838  |proj g|=      0.012255
[job(90): 2016-09-09 20:05:52] At iterate     6  f =      -5.8385  |proj g|=      0.022285
[job(90): 2016-09-09 20:05:52] At iterate     7  f =      -5.8394  |proj g|=      0.031817
[job(90): 2016-09-09 20:05:52] At iterate     8  f =      -5.8408  |proj g|=      0.031032
[job(90): 2016-09-09 20:05:52] At iterate     9  f =      -5.8417  |proj g|=    0.00029417
[job(90): 2016-09-09 20:05:52] At iterate    10  f =      -5.8417  |proj g|=    1.5761e-06
[job(90): 2016-09-09 20:05:52] At iterate    11  f =      -5.8417  |proj g|=    7.6069e-11
[job(90): 2016-09-09 20:05:52] 
[job(90): 2016-09-09 20:05:52] iterations 11
[job(90): 2016-09-09 20:05:52] function evaluations 13
[job(90): 2016-09-09 20:05:52] segments explored during Cauchy searches 11
[job(90): 2016-09-09 20:05:52] BFGS updates skipped 0
[job(90): 2016-09-09 20:05:52] active bounds at final generalized Cauchy point 1
[job(90): 2016-09-09 20:05:52] norm of the final projected gradient 7.60687e-11
[job(90): 2016-09-09 20:05:52] final function value -5.8417
[job(90): 2016-09-09 20:05:52] 
[job(90): 2016-09-09 20:05:52] F = -5.8417
[job(90): 2016-09-09 20:05:52] final  value -5.841701 
[job(90): 2016-09-09 20:05:52] converged
[job(90): 2016-09-09 20:05:52] [Tune-x] 10: C=4.1e+03; sigma=0.0056
[job(90): 2016-09-09 20:05:52] [Tune-y] 10: acc.test.mean=0.964; time: 0.0 min; memory: 116Mb use, 164Mb max
[job(90): 2016-09-09 20:05:52] 
[job(90): 2016-09-09 20:05:52] optimisation start
[job(90): 2016-09-09 20:05:52] ------------------
[job(90): 2016-09-09 20:05:52] * estimation method   : MLE 
[job(90): 2016-09-09 20:05:52] * optimisation method : BFGS 
[job(90): 2016-09-09 20:05:52] * analytical gradient : used
[job(90): 2016-09-09 20:05:52] * trend model : ~1
[job(90): 2016-09-09 20:05:52] * covariance model : 
[job(90): 2016-09-09 20:05:52]   - type :  matern5_2 
[job(90): 2016-09-09 20:05:52]   - nugget : NO
[job(90): 2016-09-09 20:05:52]   - parameters lower bounds :  1e-10 1e-10 
[job(90): 2016-09-09 20:05:52]   - parameters upper bounds :  47.93966 41.96285 
[job(90): 2016-09-09 20:05:52]   - best initial criterion value(s) :  8.746957 
[job(90): 2016-09-09 20:05:52] 
[job(90): 2016-09-09 20:05:52] N = 2, M = 5 machine precision = 2.22045e-16
[job(90): 2016-09-09 20:05:52] At X0, 0 variables are exactly at the bounds
[job(90): 2016-09-09 20:05:52] At iterate     0  f=       -8.747  |proj g|=      0.10391
[job(90): 2016-09-09 20:05:52] At iterate     1  f =      -8.7655  |proj g|=      0.098022
[job(90): 2016-09-09 20:05:52] At iterate     2  f =      -8.8338  |proj g|=      0.086767
[job(90): 2016-09-09 20:05:52] At iterate     3  f =      -8.9113  |proj g|=       0.15756
[job(90): 2016-09-09 20:05:52] At iterate     4  f =      -9.1064  |proj g|=       0.23609
[job(90): 2016-09-09 20:05:52] At iterate     5  f =       -9.386  |proj g|=       0.20805
[job(90): 2016-09-09 20:05:52] At iterate     6  f =      -9.5971  |proj g|=        0.3946
[job(90): 2016-09-09 20:05:52] At iterate     7  f =      -9.6945  |proj g|=      0.015779
[job(90): 2016-09-09 20:05:52] At iterate     8  f =      -9.7556  |proj g|=      0.010048
[job(90): 2016-09-09 20:05:52] At iterate     9  f =      -9.7927  |proj g|=      0.023836
[job(90): 2016-09-09 20:05:52] At iterate    10  f =       -9.793  |proj g|=     0.0018568
[job(90): 2016-09-09 20:05:52] At iterate    11  f =       -9.793  |proj g|=     1.738e-05
[job(90): 2016-09-09 20:05:52] At iterate    12  f =       -9.793  |proj g|=    1.2959e-08
[job(90): 2016-09-09 20:05:52] 
[job(90): 2016-09-09 20:05:52] iterations 12
[job(90): 2016-09-09 20:05:52] function evaluations 13
[job(90): 2016-09-09 20:05:52] segments explored during Cauchy searches 12
[job(90): 2016-09-09 20:05:52] BFGS updates skipped 0
[job(90): 2016-09-09 20:05:52] active bounds at final generalized Cauchy point 1
[job(90): 2016-09-09 20:05:52] norm of the final projected gradient 1.29594e-08
[job(90): 2016-09-09 20:05:52] final function value -9.79305
[job(90): 2016-09-09 20:05:52] 
[job(90): 2016-09-09 20:05:52] F = -9.79305
[job(90): 2016-09-09 20:05:52] final  value -9.793045 
[job(90): 2016-09-09 20:05:52] converged
[job(90): 2016-09-09 20:05:52] [Tune-x] 11: C=4.1e+03; sigma=0.00489
[job(90): 2016-09-09 20:05:52] [Tune-y] 11: acc.test.mean=0.963; time: 0.0 min; memory: 116Mb use, 164Mb max
[job(90): 2016-09-09 20:05:52] 
[job(90): 2016-09-09 20:05:52] optimisation start
[job(90): 2016-09-09 20:05:52] ------------------
[job(90): 2016-09-09 20:05:52] * estimation method   : MLE 
[job(90): 2016-09-09 20:05:52] * optimisation method : BFGS 
[job(90): 2016-09-09 20:05:52] * analytical gradient : used
[job(90): 2016-09-09 20:05:52] * trend model : ~1
[job(90): 2016-09-09 20:05:52] * covariance model : 
[job(90): 2016-09-09 20:05:52]   - type :  matern5_2 
[job(90): 2016-09-09 20:05:52]   - nugget : NO
[job(90): 2016-09-09 20:05:52]   - parameters lower bounds :  1e-10 1e-10 
[job(90): 2016-09-09 20:05:52]   - parameters upper bounds :  47.93986 41.96285 
[job(90): 2016-09-09 20:05:52]   - best initial criterion value(s) :  11.698 
[job(90): 2016-09-09 20:05:52] 
[job(90): 2016-09-09 20:05:52] N = 2, M = 5 machine precision = 2.22045e-16
[job(90): 2016-09-09 20:05:52] At X0, 0 variables are exactly at the bounds
[job(90): 2016-09-09 20:05:52] At iterate     0  f=      -11.698  |proj g|=        2.782
[job(90): 2016-09-09 20:05:52] At iterate     1  f =      -11.978  |proj g|=       0.79967
[job(90): 2016-09-09 20:05:52] At iterate     2  f =      -12.002  |proj g|=      0.025105
[job(90): 2016-09-09 20:05:52] At iterate     3  f =      -12.002  |proj g|=      0.025114
[job(90): 2016-09-09 20:05:52] At iterate     4  f =      -12.002  |proj g|=      0.027507
[job(90): 2016-09-09 20:05:52] At iterate     5  f =      -12.003  |proj g|=      0.078282
[job(90): 2016-09-09 20:05:52] At iterate     6  f =      -12.004  |proj g|=       0.15662
[job(90): 2016-09-09 20:05:52] At iterate     7  f =      -12.006  |proj g|=       0.28377
[job(90): 2016-09-09 20:05:52] At iterate     8  f =      -12.013  |proj g|=       0.48083
[job(90): 2016-09-09 20:05:52] At iterate     9  f =      -12.029  |proj g|=       0.77061
[job(90): 2016-09-09 20:05:52] At iterate    10  f =      -12.069  |proj g|=        1.1385
[job(90): 2016-09-09 20:05:52] At iterate    11  f =      -12.158  |proj g|=        1.2343
[job(90): 2016-09-09 20:05:52] At iterate    12  f =      -12.223  |proj g|=       0.77915
[job(90): 2016-09-09 20:05:52] At iterate    13  f =      -12.246  |proj g|=      0.013578
[job(90): 2016-09-09 20:05:52] At iterate    14  f =      -12.246  |proj g|=    6.5148e-05
[job(90): 2016-09-09 20:05:52] At iterate    15  f =      -12.246  |proj g|=    1.5885e-09
[job(90): 2016-09-09 20:05:52] 
[job(90): 2016-09-09 20:05:52] iterations 15
[job(90): 2016-09-09 20:05:52] function evaluations 17
[job(90): 2016-09-09 20:05:52] segments explored during Cauchy searches 15
[job(90): 2016-09-09 20:05:52] BFGS updates skipped 0
[job(90): 2016-09-09 20:05:52] active bounds at final generalized Cauchy point 1
[job(90): 2016-09-09 20:05:52] norm of the final projected gradient 1.5885e-09
[job(90): 2016-09-09 20:05:52] final function value -12.2456
[job(90): 2016-09-09 20:05:52] 
[job(90): 2016-09-09 20:05:52] F = -12.2456
[job(90): 2016-09-09 20:05:52] final  value -12.245588 
[job(90): 2016-09-09 20:05:52] converged
[job(90): 2016-09-09 20:05:52] [Tune-x] 12: C=4.09e+03; sigma=0.00525
[job(90): 2016-09-09 20:05:52] [Tune-y] 12: acc.test.mean=0.961; time: 0.0 min; memory: 116Mb use, 164Mb max
[job(90): 2016-09-09 20:05:52] 
[job(90): 2016-09-09 20:05:52] optimisation start
[job(90): 2016-09-09 20:05:52] ------------------
[job(90): 2016-09-09 20:05:52] * estimation method   : MLE 
[job(90): 2016-09-09 20:05:52] * optimisation method : BFGS 
[job(90): 2016-09-09 20:05:52] * analytical gradient : used
[job(90): 2016-09-09 20:05:52] * trend model : ~1
[job(90): 2016-09-09 20:05:52] * covariance model : 
[job(90): 2016-09-09 20:05:52]   - type :  matern5_2 
[job(90): 2016-09-09 20:05:52]   - nugget : NO
[job(90): 2016-09-09 20:05:52]   - parameters lower bounds :  1e-10 1e-10 
[job(90): 2016-09-09 20:05:52]   - parameters upper bounds :  47.93986 41.96285 
[job(90): 2016-09-09 20:05:52]   - best initial criterion value(s) :  2.590563 
[job(90): 2016-09-09 20:05:52] 
[job(90): 2016-09-09 20:05:52] N = 2, M = 5 machine precision = 2.22045e-16
[job(90): 2016-09-09 20:05:52] At X0, 0 variables are exactly at the bounds
[job(90): 2016-09-09 20:05:52] At iterate     0  f=      -2.5906  |proj g|=       1.1055
[job(90): 2016-09-09 20:05:52] At iterate     1  f =      -12.493  |proj g|=        4.8393
[job(90): 2016-09-09 20:05:52] At iterate     2  f =      -12.637  |proj g|=      0.022696
[job(90): 2016-09-09 20:05:52] At iterate     3  f =      -12.637  |proj g|=      0.020479
[job(90): 2016-09-09 20:05:52] At iterate     4  f =      -12.637  |proj g|=       0.02048
[job(90): 2016-09-09 20:05:52] At iterate     5  f =      -12.637  |proj g|=      0.060929
[job(90): 2016-09-09 20:05:52] At iterate     6  f =      -12.637  |proj g|=       0.12178
[job(90): 2016-09-09 20:05:52] At iterate     7  f =      -12.638  |proj g|=       0.22502
[job(90): 2016-09-09 20:05:52] At iterate     8  f =      -12.638  |proj g|=       0.38852
[job(90): 2016-09-09 20:05:52] At iterate     9  f =       -12.64  |proj g|=       0.47051
[job(90): 2016-09-09 20:05:52] At iterate    10  f =      -12.645  |proj g|=       0.47559
[job(90): 2016-09-09 20:05:52] At iterate    11  f =      -12.658  |proj g|=       0.48349
[job(90): 2016-09-09 20:05:52] At iterate    12  f =       -12.69  |proj g|=       0.49456
[job(90): 2016-09-09 20:05:52] At iterate    13  f =      -12.744  |proj g|=       0.49667
[job(90): 2016-09-09 20:05:52] At iterate    14  f =      -12.789  |proj g|=      0.059054
[job(90): 2016-09-09 20:05:52] At iterate    15  f =      -12.789  |proj g|=    0.00016984
[job(90): 2016-09-09 20:05:52] At iterate    16  f =      -12.789  |proj g|=    2.3647e-08
[job(90): 2016-09-09 20:05:52] 
[job(90): 2016-09-09 20:05:52] iterations 16
[job(90): 2016-09-09 20:05:52] function evaluations 20
[job(90): 2016-09-09 20:05:52] segments explored during Cauchy searches 17
[job(90): 2016-09-09 20:05:52] BFGS updates skipped 0
[job(90): 2016-09-09 20:05:52] active bounds at final generalized Cauchy point 1
[job(90): 2016-09-09 20:05:52] norm of the final projected gradient 2.3647e-08
[job(90): 2016-09-09 20:05:52] final function value -12.7887
[job(90): 2016-09-09 20:05:52] 
[job(90): 2016-09-09 20:05:52] F = -12.7887
[job(90): 2016-09-09 20:05:52] final  value -12.788691 
[job(90): 2016-09-09 20:05:52] converged
[job(90): 2016-09-09 20:05:52] [Tune-x] 13: C=4.1e+03; sigma=0.006
[job(90): 2016-09-09 20:05:52] [Tune-y] 13: acc.test.mean=0.964; time: 0.0 min; memory: 116Mb use, 164Mb max
[job(90): 2016-09-09 20:05:52] 
[job(90): 2016-09-09 20:05:52] optimisation start
[job(90): 2016-09-09 20:05:52] ------------------
[job(90): 2016-09-09 20:05:52] * estimation method   : MLE 
[job(90): 2016-09-09 20:05:52] * optimisation method : BFGS 
[job(90): 2016-09-09 20:05:52] * analytical gradient : used
[job(90): 2016-09-09 20:05:52] * trend model : ~1
[job(90): 2016-09-09 20:05:52] * covariance model : 
[job(90): 2016-09-09 20:05:52]   - type :  matern5_2 
[job(90): 2016-09-09 20:05:52]   - nugget : NO
[job(90): 2016-09-09 20:05:52]   - parameters lower bounds :  1e-10 1e-10 
[job(90): 2016-09-09 20:05:52]   - parameters upper bounds :  47.93986 41.96285 
[job(90): 2016-09-09 20:05:52]   - best initial criterion value(s) :  10.48404 
[job(90): 2016-09-09 20:05:52] 
[job(90): 2016-09-09 20:05:52] N = 2, M = 5 machine precision = 2.22045e-16
[job(90): 2016-09-09 20:05:52] At X0, 0 variables are exactly at the bounds
[job(90): 2016-09-09 20:05:52] At iterate     0  f=      -10.484  |proj g|=      0.75143
[job(90): 2016-09-09 20:05:52] At iterate     1  f =      -12.767  |proj g|=       0.63892
[job(90): 2016-09-09 20:05:52] At iterate     2  f =      -14.375  |proj g|=       0.34057
[job(90): 2016-09-09 20:05:52] At iterate     3  f =      -14.376  |proj g|=      0.083783
[job(90): 2016-09-09 20:05:52] At iterate     4  f =      -14.376  |proj g|=      0.079503
[job(90): 2016-09-09 20:05:52] At iterate     5  f =      -14.376  |proj g|=      0.093304
[job(90): 2016-09-09 20:05:52] At iterate     6  f =      -14.377  |proj g|=       0.27021
[job(90): 2016-09-09 20:05:52] At iterate     7  f =      -14.378  |proj g|=       0.47528
[job(90): 2016-09-09 20:05:52] At iterate     8  f =      -14.382  |proj g|=       0.47903
[job(90): 2016-09-09 20:05:52] At iterate     9  f =      -14.392  |proj g|=       0.48498
[job(90): 2016-09-09 20:05:52] At iterate    10  f =      -14.416  |proj g|=        0.4939
[job(90): 2016-09-09 20:05:52] At iterate    11  f =      -14.477  |proj g|=       0.50618
[job(90): 2016-09-09 20:05:52] At iterate    12  f =       -14.62  |proj g|=       0.51907
[job(90): 2016-09-09 20:05:52] At iterate    13  f =      -14.945  |proj g|=       0.52175
[job(90): 2016-09-09 20:05:52] At iterate    14  f =      -15.072  |proj g|=       0.50135
[job(90): 2016-09-09 20:05:52] At iterate    15  f =      -15.499  |proj g|=       0.48697
[job(90): 2016-09-09 20:05:52] At iterate    16  f =      -15.584  |proj g|=       0.28852
[job(90): 2016-09-09 20:05:52] At iterate    17  f =      -15.584  |proj g|=        0.0191
[job(90): 2016-09-09 20:05:52] At iterate    18  f =      -15.584  |proj g|=    2.1912e-06
[job(90): 2016-09-09 20:05:52] At iterate    19  f =      -15.584  |proj g|=    2.3574e-11
[job(90): 2016-09-09 20:05:52] 
[job(90): 2016-09-09 20:05:52] iterations 19
[job(90): 2016-09-09 20:05:52] function evaluations 23
[job(90): 2016-09-09 20:05:52] segments explored during Cauchy searches 21
[job(90): 2016-09-09 20:05:52] BFGS updates skipped 0
[job(90): 2016-09-09 20:05:52] active bounds at final generalized Cauchy point 1
[job(90): 2016-09-09 20:05:52] norm of the final projected gradient 2.3574e-11
[job(90): 2016-09-09 20:05:52] final function value -15.584
[job(90): 2016-09-09 20:05:52] 
[job(90): 2016-09-09 20:05:52] F = -15.584
[job(90): 2016-09-09 20:05:52] final  value -15.583961 
[job(90): 2016-09-09 20:05:52] converged
[job(90): 2016-09-09 20:05:52] [Tune-x] 14: C=4.09e+03; sigma=0.0058
[job(90): 2016-09-09 20:05:52] [Tune-y] 14: acc.test.mean=0.959; time: 0.0 min; memory: 116Mb use, 164Mb max
[job(90): 2016-09-09 20:05:52] 
[job(90): 2016-09-09 20:05:52] optimisation start
[job(90): 2016-09-09 20:05:52] ------------------
[job(90): 2016-09-09 20:05:52] * estimation method   : MLE 
[job(90): 2016-09-09 20:05:52] * optimisation method : BFGS 
[job(90): 2016-09-09 20:05:52] * analytical gradient : used
[job(90): 2016-09-09 20:05:52] * trend model : ~1
[job(90): 2016-09-09 20:05:52] * covariance model : 
[job(90): 2016-09-09 20:05:52]   - type :  matern5_2 
[job(90): 2016-09-09 20:05:52]   - nugget : NO
[job(90): 2016-09-09 20:05:52]   - parameters lower bounds :  1e-10 1e-10 
[job(90): 2016-09-09 20:05:52]   - parameters upper bounds :  47.93986 41.96285 
[job(90): 2016-09-09 20:05:52]   - best initial criterion value(s) :  14.02898 
[job(90): 2016-09-09 20:05:52] 
[job(90): 2016-09-09 20:05:52] N = 2, M = 5 machine precision = 2.22045e-16
[job(90): 2016-09-09 20:05:52] At X0, 0 variables are exactly at the bounds
[job(90): 2016-09-09 20:05:52] At iterate     0  f=      -14.029  |proj g|=       3.6381
[job(90): 2016-09-09 20:05:52] At iterate     1  f =      -14.061  |proj g|=       0.69722
[job(90): 2016-09-09 20:05:52] At iterate     2  f =      -14.072  |proj g|=       0.68525
[job(90): 2016-09-09 20:05:52] At iterate     3  f =      -14.116  |proj g|=       0.64142
[job(90): 2016-09-09 20:05:52] At iterate     4  f =      -14.234  |proj g|=       0.53994
[job(90): 2016-09-09 20:05:52] At iterate     5  f =      -14.465  |proj g|=       0.40329
[job(90): 2016-09-09 20:05:52] At iterate     6  f =      -14.902  |proj g|=       0.40017
[job(90): 2016-09-09 20:05:52] At iterate     7  f =      -15.022  |proj g|=       0.38484
[job(90): 2016-09-09 20:05:52] At iterate     8  f =      -15.562  |proj g|=        1.0224
[job(90): 2016-09-09 20:05:52] At iterate     9  f =      -16.001  |proj g|=        1.4793
[job(90): 2016-09-09 20:05:52] At iterate    10  f =      -16.491  |proj g|=       0.36674
[job(90): 2016-09-09 20:05:52] At iterate    11  f =      -16.922  |proj g|=       0.36723
[job(90): 2016-09-09 20:05:52] At iterate    12  f =      -16.926  |proj g|=       0.10083
[job(90): 2016-09-09 20:05:52] At iterate    13  f =      -17.311  |proj g|=       0.49544
[job(90): 2016-09-09 20:05:52] At iterate    14  f =      -17.453  |proj g|=      0.011764
[job(90): 2016-09-09 20:05:52] At iterate    15  f =      -17.453  |proj g|=     0.0002425
[job(90): 2016-09-09 20:05:52] At iterate    16  f =      -17.453  |proj g|=    1.1366e-08
[job(90): 2016-09-09 20:05:52] 
[job(90): 2016-09-09 20:05:52] iterations 16
[job(90): 2016-09-09 20:05:52] function evaluations 22
[job(90): 2016-09-09 20:05:52] segments explored during Cauchy searches 18
[job(90): 2016-09-09 20:05:52] BFGS updates skipped 0
[job(90): 2016-09-09 20:05:52] active bounds at final generalized Cauchy point 1
[job(90): 2016-09-09 20:05:52] norm of the final projected gradient 1.13665e-08
[job(90): 2016-09-09 20:05:52] final function value -17.4531
[job(90): 2016-09-09 20:05:52] 
[job(90): 2016-09-09 20:05:52] F = -17.4531
[job(90): 2016-09-09 20:05:52] final  value -17.453100 
[job(90): 2016-09-09 20:05:52] converged
[job(90): 2016-09-09 20:05:52] [Tune-x] 15: C=4.1e+03; sigma=0.00647
[job(90): 2016-09-09 20:05:52] [Tune-y] 15: acc.test.mean=0.963; time: 0.0 min; memory: 116Mb use, 164Mb max
[job(90): 2016-09-09 20:05:52] 
[job(90): 2016-09-09 20:05:52] optimisation start
[job(90): 2016-09-09 20:05:52] ------------------
[job(90): 2016-09-09 20:05:52] * estimation method   : MLE 
[job(90): 2016-09-09 20:05:52] * optimisation method : BFGS 
[job(90): 2016-09-09 20:05:52] * analytical gradient : used
[job(90): 2016-09-09 20:05:52] * trend model : ~1
[job(90): 2016-09-09 20:05:52] * covariance model : 
[job(90): 2016-09-09 20:05:52]   - type :  matern5_2 
[job(90): 2016-09-09 20:05:52]   - nugget : NO
[job(90): 2016-09-09 20:05:52]   - parameters lower bounds :  1e-10 1e-10 
[job(90): 2016-09-09 20:05:52]   - parameters upper bounds :  47.93986 41.96285 
[job(90): 2016-09-09 20:05:52]   - best initial criterion value(s) :  -17.17993 
[job(90): 2016-09-09 20:05:52] 
[job(90): 2016-09-09 20:05:52] N = 2, M = 5 machine precision = 2.22045e-16
[job(90): 2016-09-09 20:05:52] At X0, 0 variables are exactly at the bounds
[job(90): 2016-09-09 20:05:52] At iterate     0  f=        17.18  |proj g|=       2.2708
[job(90): 2016-09-09 20:05:52] At iterate     1  f =     -0.59174  |proj g|=             0
[job(90): 2016-09-09 20:05:52] 
[job(90): 2016-09-09 20:05:52] iterations 1
[job(90): 2016-09-09 20:05:52] function evaluations 2
[job(90): 2016-09-09 20:05:52] segments explored during Cauchy searches 2
[job(90): 2016-09-09 20:05:52] BFGS updates skipped 0
[job(90): 2016-09-09 20:05:52] active bounds at final generalized Cauchy point 1
[job(90): 2016-09-09 20:05:52] norm of the final projected gradient 0
[job(90): 2016-09-09 20:05:52] final function value -0.591743
[job(90): 2016-09-09 20:05:52] 
[job(90): 2016-09-09 20:05:52] F = -0.591743
[job(90): 2016-09-09 20:05:52] final  value -0.591743 
[job(90): 2016-09-09 20:05:52] converged
[job(90): 2016-09-09 20:05:52] [Tune-x] 16: C=1.04; sigma=0.122
[job(90): 2016-09-09 20:05:52] [Tune-y] 16: acc.test.mean=0.87; time: 0.0 min; memory: 116Mb use, 164Mb max
[job(90): 2016-09-09 20:05:52] 
[job(90): 2016-09-09 20:05:52] optimisation start
[job(90): 2016-09-09 20:05:52] ------------------
[job(90): 2016-09-09 20:05:52] * estimation method   : MLE 
[job(90): 2016-09-09 20:05:52] * optimisation method : BFGS 
[job(90): 2016-09-09 20:05:52] * analytical gradient : used
[job(90): 2016-09-09 20:05:52] * trend model : ~1
[job(90): 2016-09-09 20:05:52] * covariance model : 
[job(90): 2016-09-09 20:05:52]   - type :  matern5_2 
[job(90): 2016-09-09 20:05:52]   - nugget : NO
[job(90): 2016-09-09 20:05:52]   - parameters lower bounds :  1e-10 1e-10 
[job(90): 2016-09-09 20:05:52]   - parameters upper bounds :  47.93986 41.96285 
[job(90): 2016-09-09 20:05:52]   - best initial criterion value(s) :  -22.47468 
[job(90): 2016-09-09 20:05:52] 
[job(90): 2016-09-09 20:05:52] N = 2, M = 5 machine precision = 2.22045e-16
[job(90): 2016-09-09 20:05:52] At X0, 0 variables are exactly at the bounds
[job(90): 2016-09-09 20:05:52] At iterate     0  f=       22.475  |proj g|=       2.6043
[job(90): 2016-09-09 20:05:52] At iterate     1  f =      -1.0718  |proj g|=             0
[job(90): 2016-09-09 20:05:52] 
[job(90): 2016-09-09 20:05:52] iterations 1
[job(90): 2016-09-09 20:05:52] function evaluations 2
[job(90): 2016-09-09 20:05:52] segments explored during Cauchy searches 2
[job(90): 2016-09-09 20:05:52] BFGS updates skipped 0
[job(90): 2016-09-09 20:05:52] active bounds at final generalized Cauchy point 1
[job(90): 2016-09-09 20:05:52] norm of the final projected gradient 0
[job(90): 2016-09-09 20:05:52] final function value -1.0718
[job(90): 2016-09-09 20:05:52] 
[job(90): 2016-09-09 20:05:52] F = -1.0718
[job(90): 2016-09-09 20:05:52] final  value -1.071799 
[job(90): 2016-09-09 20:05:52] converged
[job(90): 2016-09-09 20:05:52] [Tune-x] 17: C=0.437; sigma=0.00496
[job(90): 2016-09-09 20:05:52] [Tune-y] 17: acc.test.mean=0.804; time: 0.0 min; memory: 116Mb use, 164Mb max
[job(90): 2016-09-09 20:05:52] 
[job(90): 2016-09-09 20:05:52] optimisation start
[job(90): 2016-09-09 20:05:52] ------------------
[job(90): 2016-09-09 20:05:52] * estimation method   : MLE 
[job(90): 2016-09-09 20:05:52] * optimisation method : BFGS 
[job(90): 2016-09-09 20:05:52] * analytical gradient : used
[job(90): 2016-09-09 20:05:52] * trend model : ~1
[job(90): 2016-09-09 20:05:52] * covariance model : 
[job(90): 2016-09-09 20:05:52]   - type :  matern5_2 
[job(90): 2016-09-09 20:05:52]   - nugget : NO
[job(90): 2016-09-09 20:05:52]   - parameters lower bounds :  1e-10 1e-10 
[job(90): 2016-09-09 20:05:52]   - parameters upper bounds :  47.93986 41.96285 
[job(90): 2016-09-09 20:05:52]   - best initial criterion value(s) :  9.018 
[job(90): 2016-09-09 20:05:52] 
[job(90): 2016-09-09 20:05:52] N = 2, M = 5 machine precision = 2.22045e-16
[job(90): 2016-09-09 20:05:52] At X0, 0 variables are exactly at the bounds
[job(90): 2016-09-09 20:05:52] At iterate     0  f=       -9.018  |proj g|=       41.882
[job(90): 2016-09-09 20:05:52] At iterate     1  f =      -19.829  |proj g|=       0.39833
[job(90): 2016-09-09 20:05:52] At iterate     2  f =      -20.089  |proj g|=       0.10682
[job(90): 2016-09-09 20:05:52] At iterate     3  f =      -20.089  |proj g|=      0.086056
[job(90): 2016-09-09 20:05:52] At iterate     4  f =      -20.089  |proj g|=      0.086016
[job(90): 2016-09-09 20:05:52] At iterate     5  f =      -20.089  |proj g|=       0.26358
[job(90): 2016-09-09 20:05:52] At iterate     6  f =      -20.089  |proj g|=       0.52102
[job(90): 2016-09-09 20:05:52] At iterate     7  f =      -20.091  |proj g|=       0.96983
[job(90): 2016-09-09 20:05:52] At iterate     8  f =      -20.094  |proj g|=        1.6635
[job(90): 2016-09-09 20:05:52] At iterate     9  f =      -20.103  |proj g|=        2.7481
[job(90): 2016-09-09 20:05:52] At iterate    10  f =      -20.125  |proj g|=        4.3006
[job(90): 2016-09-09 20:05:52] At iterate    11  f =      -20.175  |proj g|=          6.02
[job(90): 2016-09-09 20:05:52] At iterate    12  f =      -20.261  |proj g|=        6.2912
[job(90): 2016-09-09 20:05:52] At iterate    13  f =      -20.336  |proj g|=       0.17029
[job(90): 2016-09-09 20:05:52] At iterate    14  f =      -20.356  |proj g|=      0.084002
[job(90): 2016-09-09 20:05:52] At iterate    15  f =      -20.356  |proj g|=     0.0024027
[job(90): 2016-09-09 20:05:52] At iterate    16  f =      -20.356  |proj g|=    8.1154e-07
[job(90): 2016-09-09 20:05:52] 
[job(90): 2016-09-09 20:05:52] iterations 16
[job(90): 2016-09-09 20:05:52] function evaluations 22
[job(90): 2016-09-09 20:05:52] segments explored during Cauchy searches 17
[job(90): 2016-09-09 20:05:52] BFGS updates skipped 0
[job(90): 2016-09-09 20:05:52] active bounds at final generalized Cauchy point 0
[job(90): 2016-09-09 20:05:52] norm of the final projected gradient 8.11541e-07
[job(90): 2016-09-09 20:05:52] final function value -20.3558
[job(90): 2016-09-09 20:05:52] 
[job(90): 2016-09-09 20:05:52] F = -20.3558
[job(90): 2016-09-09 20:05:52] final  value -20.355760 
[job(90): 2016-09-09 20:05:52] converged
[job(90): 2016-09-09 20:05:52] [Tune-x] 18: C=4.08e+03; sigma=0.00622
[job(90): 2016-09-09 20:05:52] [Tune-y] 18: acc.test.mean=0.961; time: 0.0 min; memory: 116Mb use, 164Mb max
[job(90): 2016-09-09 20:05:52] 
[job(90): 2016-09-09 20:05:52] optimisation start
[job(90): 2016-09-09 20:05:52] ------------------
[job(90): 2016-09-09 20:05:52] * estimation method   : MLE 
[job(90): 2016-09-09 20:05:52] * optimisation method : BFGS 
[job(90): 2016-09-09 20:05:52] * analytical gradient : used
[job(90): 2016-09-09 20:05:52] * trend model : ~1
[job(90): 2016-09-09 20:05:52] * covariance model : 
[job(90): 2016-09-09 20:05:52]   - type :  matern5_2 
[job(90): 2016-09-09 20:05:52]   - nugget : NO
[job(90): 2016-09-09 20:05:52]   - parameters lower bounds :  1e-10 1e-10 
[job(90): 2016-09-09 20:05:52]   - parameters upper bounds :  47.93986 41.96285 
[job(90): 2016-09-09 20:05:52]   - best initial criterion value(s) :  -18.14173 
[job(90): 2016-09-09 20:05:52] 
[job(90): 2016-09-09 20:05:52] N = 2, M = 5 machine precision = 2.22045e-16
[job(90): 2016-09-09 20:05:52] At X0, 0 variables are exactly at the bounds
[job(90): 2016-09-09 20:05:52] At iterate     0  f=       18.142  |proj g|=       1.8193
[job(90): 2016-09-09 20:05:52] At iterate     1  f =      -1.9508  |proj g|=             0
[job(90): 2016-09-09 20:05:52] 
[job(90): 2016-09-09 20:05:52] iterations 1
[job(90): 2016-09-09 20:05:52] function evaluations 2
[job(90): 2016-09-09 20:05:52] segments explored during Cauchy searches 2
[job(90): 2016-09-09 20:05:52] BFGS updates skipped 0
[job(90): 2016-09-09 20:05:52] active bounds at final generalized Cauchy point 1
[job(90): 2016-09-09 20:05:52] norm of the final projected gradient 0
[job(90): 2016-09-09 20:05:52] final function value -1.95079
[job(90): 2016-09-09 20:05:52] 
[job(90): 2016-09-09 20:05:52] F = -1.95079
[job(90): 2016-09-09 20:05:52] final  value -1.950789 
[job(90): 2016-09-09 20:05:52] converged
[job(90): 2016-09-09 20:05:52] [Tune-x] 19: C=147; sigma=3.73e+03
[job(90): 2016-09-09 20:05:52] [Tune-y] 19: acc.test.mean=0.459; time: 0.0 min; memory: 116Mb use, 164Mb max
[job(90): 2016-09-09 20:05:52] 
[job(90): 2016-09-09 20:05:52] optimisation start
[job(90): 2016-09-09 20:05:52] ------------------
[job(90): 2016-09-09 20:05:52] * estimation method   : MLE 
[job(90): 2016-09-09 20:05:52] * optimisation method : BFGS 
[job(90): 2016-09-09 20:05:52] * analytical gradient : used
[job(90): 2016-09-09 20:05:52] * trend model : ~1
[job(90): 2016-09-09 20:05:52] * covariance model : 
[job(90): 2016-09-09 20:05:52]   - type :  matern5_2 
[job(90): 2016-09-09 20:05:52]   - nugget : NO
[job(90): 2016-09-09 20:05:52]   - parameters lower bounds :  1e-10 1e-10 
[job(90): 2016-09-09 20:05:52]   - parameters upper bounds :  47.93986 46.69527 
[job(90): 2016-09-09 20:05:52]   - best initial criterion value(s) :  2.645448 
[job(90): 2016-09-09 20:05:52] 
[job(90): 2016-09-09 20:05:52] N = 2, M = 5 machine precision = 2.22045e-16
[job(90): 2016-09-09 20:05:52] At X0, 0 variables are exactly at the bounds
[job(90): 2016-09-09 20:05:52] At iterate     0  f=      -2.6454  |proj g|=       46.681
[job(90): 2016-09-09 20:05:52] At iterate     1  f =       -21.02  |proj g|=       0.40128
[job(90): 2016-09-09 20:05:52] At iterate     2  f =      -22.155  |proj g|=        7.1441
[job(90): 2016-09-09 20:05:52] At iterate     3  f =      -22.213  |proj g|=       0.32514
[job(90): 2016-09-09 20:05:52] At iterate     4  f =      -22.215  |proj g|=       0.15413
[job(90): 2016-09-09 20:05:52] At iterate     5  f =      -22.215  |proj g|=       0.16845
[job(90): 2016-09-09 20:05:52] At iterate     6  f =      -22.216  |proj g|=       0.67302
[job(90): 2016-09-09 20:05:52] At iterate     7  f =       -22.22  |proj g|=        1.5668
[job(90): 2016-09-09 20:05:52] At iterate     8  f =       -22.23  |proj g|=         2.948
[job(90): 2016-09-09 20:05:52] At iterate     9  f =      -22.255  |proj g|=        5.1377
[job(90): 2016-09-09 20:05:52] At iterate    10  f =      -22.317  |proj g|=        8.3202
[job(90): 2016-09-09 20:05:52] At iterate    11  f =      -22.458  |proj g|=        12.131
[job(90): 2016-09-09 20:05:52] At iterate    12  f =      -22.718  |proj g|=         14.06
[job(90): 2016-09-09 20:05:52] At iterate    13  f =      -23.097  |proj g|=        3.4932
[job(90): 2016-09-09 20:05:52] At iterate    14  f =      -23.113  |proj g|=       0.25161
[job(90): 2016-09-09 20:05:52] At iterate    15  f =      -23.113  |proj g|=     0.0029417
[job(90): 2016-09-09 20:05:52] At iterate    16  f =      -23.113  |proj g|=    8.5953e-06
[job(90): 2016-09-09 20:05:52] 
[job(90): 2016-09-09 20:05:52] iterations 16
[job(90): 2016-09-09 20:05:52] function evaluations 22
[job(90): 2016-09-09 20:05:52] segments explored during Cauchy searches 17
[job(90): 2016-09-09 20:05:52] BFGS updates skipped 0
[job(90): 2016-09-09 20:05:52] active bounds at final generalized Cauchy point 0
[job(90): 2016-09-09 20:05:52] norm of the final projected gradient 8.59528e-06
[job(90): 2016-09-09 20:05:52] final function value -23.1128
[job(90): 2016-09-09 20:05:52] 
[job(90): 2016-09-09 20:05:52] F = -23.1128
[job(90): 2016-09-09 20:05:52] final  value -23.112799 
[job(90): 2016-09-09 20:05:52] converged
[job(90): 2016-09-09 20:05:52] [Tune-x] 20: C=4.08e+03; sigma=0.00673
[job(90): 2016-09-09 20:05:52] [Tune-y] 20: acc.test.mean=0.966; time: 0.0 min; memory: 116Mb use, 164Mb max
[job(90): 2016-09-09 20:05:52] 
[job(90): 2016-09-09 20:05:52] optimisation start
[job(90): 2016-09-09 20:05:52] ------------------
[job(90): 2016-09-09 20:05:52] * estimation method   : MLE 
[job(90): 2016-09-09 20:05:52] * optimisation method : BFGS 
[job(90): 2016-09-09 20:05:52] * analytical gradient : used
[job(90): 2016-09-09 20:05:52] * trend model : ~1
[job(90): 2016-09-09 20:05:52] * covariance model : 
[job(90): 2016-09-09 20:05:52]   - type :  matern5_2 
[job(90): 2016-09-09 20:05:52]   - nugget : NO
[job(90): 2016-09-09 20:05:52]   - parameters lower bounds :  1e-10 1e-10 
[job(90): 2016-09-09 20:05:52]   - parameters upper bounds :  47.93986 46.69527 
[job(90): 2016-09-09 20:05:52]   - best initial criterion value(s) :  -17.17785 
[job(90): 2016-09-09 20:05:52] 
[job(90): 2016-09-09 20:05:52] N = 2, M = 5 machine precision = 2.22045e-16
[job(90): 2016-09-09 20:05:52] At X0, 0 variables are exactly at the bounds
[job(90): 2016-09-09 20:05:52] At iterate     0  f=       17.178  |proj g|=       1.8844
[job(90): 2016-09-09 20:05:52] At iterate     1  f =      -1.6838  |proj g|=             0
[job(90): 2016-09-09 20:05:52] 
[job(90): 2016-09-09 20:05:52] iterations 1
[job(90): 2016-09-09 20:05:52] function evaluations 2
[job(90): 2016-09-09 20:05:52] segments explored during Cauchy searches 2
[job(90): 2016-09-09 20:05:52] BFGS updates skipped 0
[job(90): 2016-09-09 20:05:52] active bounds at final generalized Cauchy point 1
[job(90): 2016-09-09 20:05:52] norm of the final projected gradient 0
[job(90): 2016-09-09 20:05:52] final function value -1.68378
[job(90): 2016-09-09 20:05:52] 
[job(90): 2016-09-09 20:05:52] F = -1.68378
[job(90): 2016-09-09 20:05:52] final  value -1.683782 
[job(90): 2016-09-09 20:05:52] converged
[job(90): 2016-09-09 20:05:52] [Tune-x] 21: C=15.2; sigma=8.41
[job(90): 2016-09-09 20:05:52] [Tune-y] 21: acc.test.mean=0.459; time: 0.0 min; memory: 116Mb use, 164Mb max
[job(90): 2016-09-09 20:05:52] 
[job(90): 2016-09-09 20:05:52] optimisation start
[job(90): 2016-09-09 20:05:52] ------------------
[job(90): 2016-09-09 20:05:52] * estimation method   : MLE 
[job(90): 2016-09-09 20:05:52] * optimisation method : BFGS 
[job(90): 2016-09-09 20:05:52] * analytical gradient : used
[job(90): 2016-09-09 20:05:52] * trend model : ~1
[job(90): 2016-09-09 20:05:52] * covariance model : 
[job(90): 2016-09-09 20:05:52]   - type :  matern5_2 
[job(90): 2016-09-09 20:05:52]   - nugget : NO
[job(90): 2016-09-09 20:05:52]   - parameters lower bounds :  1e-10 1e-10 
[job(90): 2016-09-09 20:05:52]   - parameters upper bounds :  47.93986 46.69527 
[job(90): 2016-09-09 20:05:52]   - best initial criterion value(s) :  5.175859 
[job(90): 2016-09-09 20:05:52] 
[job(90): 2016-09-09 20:05:52] N = 2, M = 5 machine precision = 2.22045e-16
[job(90): 2016-09-09 20:05:52] At X0, 0 variables are exactly at the bounds
[job(90): 2016-09-09 20:05:52] At iterate     0  f=      -5.1759  |proj g|=      0.84903
[job(90): 2016-09-09 20:05:52] At iterate     1  f =      -26.652  |proj g|=        10.844
[job(90): 2016-09-09 20:05:52] At iterate     2  f =      -26.766  |proj g|=       0.33912
[job(90): 2016-09-09 20:05:52] At iterate     3  f =      -26.766  |proj g|=       0.17175
[job(90): 2016-09-09 20:05:52] At iterate     4  f =      -26.766  |proj g|=       0.17175
[job(90): 2016-09-09 20:05:52] At iterate     5  f =      -26.767  |proj g|=       0.33186
[job(90): 2016-09-09 20:05:52] At iterate     6  f =      -26.768  |proj g|=       0.33283
[job(90): 2016-09-09 20:05:52] At iterate     7  f =      -26.771  |proj g|=       0.33457
[job(90): 2016-09-09 20:05:52] At iterate     8  f =      -26.779  |proj g|=       0.33726
[job(90): 2016-09-09 20:05:52] At iterate     9  f =      -26.799  |proj g|=       0.34156
[job(90): 2016-09-09 20:05:52] At iterate    10  f =       -26.85  |proj g|=       0.34801
[job(90): 2016-09-09 20:05:52] At iterate    11  f =      -26.974  |proj g|=       0.35662
[job(90): 2016-09-09 20:05:52] At iterate    12  f =      -27.232  |proj g|=       0.36384
[job(90): 2016-09-09 20:05:52] At iterate    13  f =      -27.637  |proj g|=       0.35244
[job(90): 2016-09-09 20:05:52] At iterate    14  f =        -27.7  |proj g|=       0.33924
[job(90): 2016-09-09 20:05:52] At iterate    15  f =      -27.702  |proj g|=      0.078713
[job(90): 2016-09-09 20:05:52] At iterate    16  f =      -27.702  |proj g|=    0.00011658
[job(90): 2016-09-09 20:05:52] At iterate    17  f =      -27.702  |proj g|=    0.00014242
[job(90): 2016-09-09 20:05:52] 
[job(90): 2016-09-09 20:05:52] iterations 17
[job(90): 2016-09-09 20:05:52] function evaluations 21
[job(90): 2016-09-09 20:05:52] segments explored during Cauchy searches 18
[job(90): 2016-09-09 20:05:52] BFGS updates skipped 0
[job(90): 2016-09-09 20:05:52] active bounds at final generalized Cauchy point 0
[job(90): 2016-09-09 20:05:52] norm of the final projected gradient 0.000142418
[job(90): 2016-09-09 20:05:52] final function value -27.7021
[job(90): 2016-09-09 20:05:52] 
[job(90): 2016-09-09 20:05:52] F = -27.7021
[job(90): 2016-09-09 20:05:52] final  value -27.702072 
[job(90): 2016-09-09 20:05:52] converged
[job(90): 2016-09-09 20:05:52] [Tune-x] 22: C=4.08e+03; sigma=0.00671
[job(90): 2016-09-09 20:05:52] [Tune-y] 22: acc.test.mean=0.964; time: 0.0 min; memory: 116Mb use, 164Mb max
[job(90): 2016-09-09 20:05:52] 
[job(90): 2016-09-09 20:05:52] optimisation start
[job(90): 2016-09-09 20:05:52] ------------------
[job(90): 2016-09-09 20:05:52] * estimation method   : MLE 
[job(90): 2016-09-09 20:05:52] * optimisation method : BFGS 
[job(90): 2016-09-09 20:05:52] * analytical gradient : used
[job(90): 2016-09-09 20:05:52] * trend model : ~1
[job(90): 2016-09-09 20:05:52] * covariance model : 
[job(90): 2016-09-09 20:05:52]   - type :  matern5_2 
[job(90): 2016-09-09 20:05:52]   - nugget : NO
[job(90): 2016-09-09 20:05:52]   - parameters lower bounds :  1e-10 1e-10 
[job(90): 2016-09-09 20:05:52]   - parameters upper bounds :  47.93986 46.69527 
[job(90): 2016-09-09 20:05:52]   - best initial criterion value(s) :  -19.7129 
[job(90): 2016-09-09 20:05:52] 
[job(90): 2016-09-09 20:05:52] N = 2, M = 5 machine precision = 2.22045e-16
[job(90): 2016-09-09 20:05:52] At X0, 0 variables are exactly at the bounds
[job(90): 2016-09-09 20:05:52] At iterate     0  f=       19.713  |proj g|=       1.7023
[job(90): 2016-09-09 20:05:52] At iterate     1  f =      -1.4629  |proj g|=             0
[job(90): 2016-09-09 20:05:52] 
[job(90): 2016-09-09 20:05:52] iterations 1
[job(90): 2016-09-09 20:05:52] function evaluations 2
[job(90): 2016-09-09 20:05:52] segments explored during Cauchy searches 2
[job(90): 2016-09-09 20:05:52] BFGS updates skipped 0
[job(90): 2016-09-09 20:05:52] active bounds at final generalized Cauchy point 1
[job(90): 2016-09-09 20:05:52] norm of the final projected gradient 0
[job(90): 2016-09-09 20:05:52] final function value -1.46286
[job(90): 2016-09-09 20:05:52] 
[job(90): 2016-09-09 20:05:52] F = -1.46286
[job(90): 2016-09-09 20:05:52] final  value -1.462865 
[job(90): 2016-09-09 20:05:52] converged
[job(90): 2016-09-09 20:05:52] [Tune-x] 23: C=0.00143; sigma=0.00949
[job(90): 2016-09-09 20:05:52] [Tune-y] 23: acc.test.mean=0.619; time: 0.0 min; memory: 116Mb use, 172Mb max
[job(90): 2016-09-09 20:05:52] 
[job(90): 2016-09-09 20:05:52] optimisation start
[job(90): 2016-09-09 20:05:52] ------------------
[job(90): 2016-09-09 20:05:52] * estimation method   : MLE 
[job(90): 2016-09-09 20:05:52] * optimisation method : BFGS 
[job(90): 2016-09-09 20:05:52] * analytical gradient : used
[job(90): 2016-09-09 20:05:52] * trend model : ~1
[job(90): 2016-09-09 20:05:52] * covariance model : 
[job(90): 2016-09-09 20:05:52]   - type :  matern5_2 
[job(90): 2016-09-09 20:05:52]   - nugget : NO
[job(90): 2016-09-09 20:05:52]   - parameters lower bounds :  1e-10 1e-10 
[job(90): 2016-09-09 20:05:52]   - parameters upper bounds :  47.93986 46.69527 
[job(90): 2016-09-09 20:05:52]   - best initial criterion value(s) :  24.96578 
[job(90): 2016-09-09 20:05:52] 
[job(90): 2016-09-09 20:05:52] N = 2, M = 5 machine precision = 2.22045e-16
[job(90): 2016-09-09 20:05:52] At X0, 0 variables are exactly at the bounds
[job(90): 2016-09-09 20:05:52] At iterate     0  f=      -24.966  |proj g|=       46.523
[job(90): 2016-09-09 20:05:52] At iterate     1  f =      -27.315  |proj g|=        0.3486
[job(90): 2016-09-09 20:05:52] At iterate     2  f =      -28.654  |proj g|=       0.28792
[job(90): 2016-09-09 20:05:52] At iterate     3  f =      -28.678  |proj g|=        1.4569
[job(90): 2016-09-09 20:05:52] At iterate     4  f =       -28.68  |proj g|=       0.16818
[job(90): 2016-09-09 20:05:52] At iterate     5  f =      -28.684  |proj g|=       0.55144
[job(90): 2016-09-09 20:05:52] At iterate     6  f =      -28.722  |proj g|=        4.2082
[job(90): 2016-09-09 20:05:52] At iterate     7  f =      -28.797  |proj g|=          8.69
[job(90): 2016-09-09 20:05:52] At iterate     8  f =      -28.977  |proj g|=        15.026
[job(90): 2016-09-09 20:05:52] At iterate     9  f =      -29.275  |proj g|=        19.184
[job(90): 2016-09-09 20:05:52] At iterate    10  f =       -29.63  |proj g|=        13.247
[job(90): 2016-09-09 20:05:52] At iterate    11  f =      -29.757  |proj g|=        1.8796
[job(90): 2016-09-09 20:05:52] At iterate    12  f =      -29.759  |proj g|=      0.097481
[job(90): 2016-09-09 20:05:52] At iterate    13  f =      -29.759  |proj g|=    9.8945e-05
[job(90): 2016-09-09 20:05:52] At iterate    14  f =      -29.759  |proj g|=    0.00040794
[job(90): 2016-09-09 20:05:52] At iterate    15  f =      -29.759  |proj g|=    8.1334e-06
[job(90): 2016-09-09 20:05:52] 
[job(90): 2016-09-09 20:05:52] iterations 15
[job(90): 2016-09-09 20:05:52] function evaluations 24
[job(90): 2016-09-09 20:05:52] segments explored during Cauchy searches 16
[job(90): 2016-09-09 20:05:52] BFGS updates skipped 0
[job(90): 2016-09-09 20:05:52] active bounds at final generalized Cauchy point 0
[job(90): 2016-09-09 20:05:52] norm of the final projected gradient 8.1334e-06
[job(90): 2016-09-09 20:05:52] final function value -29.7591
[job(90): 2016-09-09 20:05:52] 
[job(90): 2016-09-09 20:05:52] F = -29.7591
[job(90): 2016-09-09 20:05:52] final  value -29.759143 
[job(90): 2016-09-09 20:05:52] converged
[job(90): 2016-09-09 20:05:52] [Tune-x] 24: C=4.09e+03; sigma=0.00729
[job(90): 2016-09-09 20:05:52] [Tune-y] 24: acc.test.mean=0.97; time: 0.0 min; memory: 116Mb use, 172Mb max
[job(90): 2016-09-09 20:05:52] 
[job(90): 2016-09-09 20:05:52] optimisation start
[job(90): 2016-09-09 20:05:52] ------------------
[job(90): 2016-09-09 20:05:52] * estimation method   : MLE 
[job(90): 2016-09-09 20:05:52] * optimisation method : BFGS 
[job(90): 2016-09-09 20:05:52] * analytical gradient : used
[job(90): 2016-09-09 20:05:52] * trend model : ~1
[job(90): 2016-09-09 20:05:52] * covariance model : 
[job(90): 2016-09-09 20:05:52]   - type :  matern5_2 
[job(90): 2016-09-09 20:05:52]   - nugget : NO
[job(90): 2016-09-09 20:05:52]   - parameters lower bounds :  1e-10 1e-10 
[job(90): 2016-09-09 20:05:52]   - parameters upper bounds :  47.93986 46.69527 
[job(90): 2016-09-09 20:05:52]   - best initial criterion value(s) :  -18.85506 
[job(90): 2016-09-09 20:05:52] 
[job(90): 2016-09-09 20:05:52] N = 2, M = 5 machine precision = 2.22045e-16
[job(90): 2016-09-09 20:05:52] At X0, 0 variables are exactly at the bounds
[job(90): 2016-09-09 20:05:52] At iterate     0  f=       18.855  |proj g|=       3.8679
[job(90): 2016-09-09 20:05:52] At iterate     1  f =      -2.0007  |proj g|=             0
[job(90): 2016-09-09 20:05:52] 
[job(90): 2016-09-09 20:05:52] iterations 1
[job(90): 2016-09-09 20:05:52] function evaluations 2
[job(90): 2016-09-09 20:05:52] segments explored during Cauchy searches 2
[job(90): 2016-09-09 20:05:52] BFGS updates skipped 0
[job(90): 2016-09-09 20:05:52] active bounds at final generalized Cauchy point 2
[job(90): 2016-09-09 20:05:52] norm of the final projected gradient 0
[job(90): 2016-09-09 20:05:52] final function value -2.00074
[job(90): 2016-09-09 20:05:52] 
[job(90): 2016-09-09 20:05:52] F = -2.00074
[job(90): 2016-09-09 20:05:52] final  value -2.000745 
[job(90): 2016-09-09 20:05:52] converged
[job(90): 2016-09-09 20:05:52] [Tune-x] 25: C=0.764; sigma=22.3
[job(90): 2016-09-09 20:05:52] [Tune-y] 25: acc.test.mean=0.459; time: 0.0 min; memory: 116Mb use, 172Mb max
[job(90): 2016-09-09 20:05:52] 
[job(90): 2016-09-09 20:05:52] optimisation start
[job(90): 2016-09-09 20:05:52] ------------------
[job(90): 2016-09-09 20:05:52] * estimation method   : MLE 
[job(90): 2016-09-09 20:05:52] * optimisation method : BFGS 
[job(90): 2016-09-09 20:05:52] * analytical gradient : used
[job(90): 2016-09-09 20:05:52] * trend model : ~1
[job(90): 2016-09-09 20:05:52] * covariance model : 
[job(90): 2016-09-09 20:05:52]   - type :  matern5_2 
[job(90): 2016-09-09 20:05:52]   - nugget : NO
[job(90): 2016-09-09 20:05:52]   - parameters lower bounds :  1e-10 1e-10 
[job(90): 2016-09-09 20:05:52]   - parameters upper bounds :  47.93986 46.69527 
[job(90): 2016-09-09 20:05:52]   - best initial criterion value(s) :  -18.55006 
[job(90): 2016-09-09 20:05:52] 
[job(90): 2016-09-09 20:05:52] N = 2, M = 5 machine precision = 2.22045e-16
[job(90): 2016-09-09 20:05:52] At X0, 0 variables are exactly at the bounds
[job(90): 2016-09-09 20:05:52] At iterate     0  f=        18.55  |proj g|=       1.2511
[job(90): 2016-09-09 20:05:52] At iterate     1  f =      -1.5853  |proj g|=             0
[job(90): 2016-09-09 20:05:52] 
[job(90): 2016-09-09 20:05:52] iterations 1
[job(90): 2016-09-09 20:05:52] function evaluations 2
[job(90): 2016-09-09 20:05:52] segments explored during Cauchy searches 2
[job(90): 2016-09-09 20:05:52] BFGS updates skipped 0
[job(90): 2016-09-09 20:05:52] active bounds at final generalized Cauchy point 1
[job(90): 2016-09-09 20:05:52] norm of the final projected gradient 0
[job(90): 2016-09-09 20:05:52] final function value -1.5853
[job(90): 2016-09-09 20:05:52] 
[job(90): 2016-09-09 20:05:52] F = -1.5853
[job(90): 2016-09-09 20:05:52] final  value -1.585298 
[job(90): 2016-09-09 20:05:52] converged
[job(90): 2016-09-09 20:05:52] [Tune-x] 26: C=0.00154; sigma=10.1
[job(90): 2016-09-09 20:05:52] [Tune-y] 26: acc.test.mean=0.434; time: 0.0 min; memory: 116Mb use, 172Mb max
[job(90): 2016-09-09 20:05:52] 
[job(90): 2016-09-09 20:05:52] optimisation start
[job(90): 2016-09-09 20:05:52] ------------------
[job(90): 2016-09-09 20:05:52] * estimation method   : MLE 
[job(90): 2016-09-09 20:05:52] * optimisation method : BFGS 
[job(90): 2016-09-09 20:05:52] * analytical gradient : used
[job(90): 2016-09-09 20:05:52] * trend model : ~1
[job(90): 2016-09-09 20:05:52] * covariance model : 
[job(90): 2016-09-09 20:05:52]   - type :  matern5_2 
[job(90): 2016-09-09 20:05:52]   - nugget : NO
[job(90): 2016-09-09 20:05:52]   - parameters lower bounds :  1e-10 1e-10 
[job(90): 2016-09-09 20:05:52]   - parameters upper bounds :  47.93986 46.69527 
[job(90): 2016-09-09 20:05:52]   - best initial criterion value(s) :  -3.223204 
[job(90): 2016-09-09 20:05:52] 
[job(90): 2016-09-09 20:05:52] N = 2, M = 5 machine precision = 2.22045e-16
[job(90): 2016-09-09 20:05:52] At X0, 0 variables are exactly at the bounds
[job(90): 2016-09-09 20:05:52] At iterate     0  f=       3.2232  |proj g|=      0.81843
[job(90): 2016-09-09 20:05:52] At iterate     1  f =      -1.1154  |proj g|=             0
[job(90): 2016-09-09 20:05:52] 
[job(90): 2016-09-09 20:05:52] iterations 1
[job(90): 2016-09-09 20:05:52] function evaluations 2
[job(90): 2016-09-09 20:05:52] segments explored during Cauchy searches 2
[job(90): 2016-09-09 20:05:52] BFGS updates skipped 0
[job(90): 2016-09-09 20:05:52] active bounds at final generalized Cauchy point 1
[job(90): 2016-09-09 20:05:52] norm of the final projected gradient 0
[job(90): 2016-09-09 20:05:52] final function value -1.1154
[job(90): 2016-09-09 20:05:52] 
[job(90): 2016-09-09 20:05:52] F = -1.1154
[job(90): 2016-09-09 20:05:52] final  value -1.115398 
[job(90): 2016-09-09 20:05:52] converged
[job(90): 2016-09-09 20:05:52] [Tune-x] 27: C=0.000855; sigma=0.00194
[job(90): 2016-09-09 20:05:52] [Tune-y] 27: acc.test.mean=0.498; time: 0.0 min; memory: 116Mb use, 172Mb max
[job(90): 2016-09-09 20:05:52] 
[job(90): 2016-09-09 20:05:52] optimisation start
[job(90): 2016-09-09 20:05:52] ------------------
[job(90): 2016-09-09 20:05:52] * estimation method   : MLE 
[job(90): 2016-09-09 20:05:52] * optimisation method : BFGS 
[job(90): 2016-09-09 20:05:52] * analytical gradient : used
[job(90): 2016-09-09 20:05:52] * trend model : ~1
[job(90): 2016-09-09 20:05:52] * covariance model : 
[job(90): 2016-09-09 20:05:52]   - type :  matern5_2 
[job(90): 2016-09-09 20:05:52]   - nugget : NO
[job(90): 2016-09-09 20:05:52]   - parameters lower bounds :  1e-10 1e-10 
[job(90): 2016-09-09 20:05:52]   - parameters upper bounds :  47.93986 46.69527 
[job(90): 2016-09-09 20:05:52]   - best initial criterion value(s) :  14.73381 
[job(90): 2016-09-09 20:05:52] 
[job(90): 2016-09-09 20:05:52] N = 2, M = 5 machine precision = 2.22045e-16
[job(90): 2016-09-09 20:05:52] At X0, 0 variables are exactly at the bounds
[job(90): 2016-09-09 20:05:52] At iterate     0  f=      -14.734  |proj g|=      0.53661
[job(90): 2016-09-09 20:05:52] At iterate     1  f =      -27.059  |proj g|=        37.724
[job(90): 2016-09-09 20:05:52] At iterate     2  f =      -27.546  |proj g|=       0.32828
[job(90): 2016-09-09 20:05:52] At iterate     3  f =      -28.308  |proj g|=        1.0427
[job(90): 2016-09-09 20:05:52] At iterate     4  f =      -28.309  |proj g|=       0.30923
[job(90): 2016-09-09 20:05:52] At iterate     5  f =       -28.31  |proj g|=       0.30891
[job(90): 2016-09-09 20:05:52] At iterate     6  f =      -28.321  |proj g|=       0.30575
[job(90): 2016-09-09 20:05:52] At iterate     7  f =      -28.343  |proj g|=       0.30132
[job(90): 2016-09-09 20:05:52] At iterate     8  f =      -28.407  |proj g|=       0.29303
[job(90): 2016-09-09 20:05:52] At iterate     9  f =      -28.562  |proj g|=        0.3015
[job(90): 2016-09-09 20:05:52] At iterate    10  f =      -28.948  |proj g|=       0.31178
[job(90): 2016-09-09 20:05:52] At iterate    11  f =      -29.823  |proj g|=       0.31781
[job(90): 2016-09-09 20:05:52] At iterate    12  f =       -31.45  |proj g|=       0.30298
[job(90): 2016-09-09 20:05:52] At iterate    13  f =      -32.737  |proj g|=       0.25412
[job(90): 2016-09-09 20:05:52] At iterate    14  f =      -32.746  |proj g|=       0.27631
[job(90): 2016-09-09 20:05:52] At iterate    15  f =      -32.746  |proj g|=      0.021726
[job(90): 2016-09-09 20:05:52] At iterate    16  f =      -32.746  |proj g|=     0.0011307
[job(90): 2016-09-09 20:05:52] At iterate    17  f =      -32.746  |proj g|=    7.6381e-05
[job(90): 2016-09-09 20:05:52] 
[job(90): 2016-09-09 20:05:52] iterations 17
[job(90): 2016-09-09 20:05:52] function evaluations 22
[job(90): 2016-09-09 20:05:52] segments explored during Cauchy searches 18
[job(90): 2016-09-09 20:05:52] BFGS updates skipped 0
[job(90): 2016-09-09 20:05:52] active bounds at final generalized Cauchy point 0
[job(90): 2016-09-09 20:05:52] norm of the final projected gradient 7.63813e-05
[job(90): 2016-09-09 20:05:52] final function value -32.7461
[job(90): 2016-09-09 20:05:52] 
[job(90): 2016-09-09 20:05:52] F = -32.7461
[job(90): 2016-09-09 20:05:52] final  value -32.746091 
[job(90): 2016-09-09 20:05:52] converged
[job(90): 2016-09-09 20:05:52] [Tune-x] 28: C=4.02e+03; sigma=0.00703
[job(90): 2016-09-09 20:05:52] [Tune-y] 28: acc.test.mean=0.961; time: 0.0 min; memory: 116Mb use, 172Mb max
[job(90): 2016-09-09 20:05:52] Timing stopped at: 0.012 0 0.111 
[job(90): 2016-09-09 20:05:52] Timing stopped at: 0.016 0 0.114 
[job(90): 2016-09-09 20:05:52] Timing stopped at: 48.539 0.128 48.898 
[job(90): 2016-09-09 20:05:52] Error in chol.default(R) : 
[job(90): 2016-09-09 20:05:52]   the leading minor of order 28 is not positive definite
[job(90): 2016-09-09 20:05:52] Job terminated with an exception
[job(chunk): 2016-09-09 20:05:52] Calculation finished!
