[job(chunk): 2016-09-09 20:09:26] Starting calculation of 1 jobs
[job(chunk): 2016-09-09 20:09:26] Setting working directory to '/naslx/projects/pr74ze/ri89coc2/svm_comparison'
[job(chunk): 2016-09-09 20:09:26] Memory measurement disabled
[job(272): 2016-09-09 20:09:28] Starting job with job.id=272
[job(272): 2016-09-09 20:10:42] Generating problem instance for problem '36' ...
[job(272): 2016-09-09 20:10:42] Downloading from 'http://www.openml.org/api/v1/data/36' to '/tmp/ri89coc2/Rtmp2xEJNT/cache/datasets/36/description.xml'.
[job(272): 2016-09-09 20:10:42] Downloading from 'http://www.openml.org/data/download/36/dataset_36_segment.arff' to '/tmp/ri89coc2/Rtmp2xEJNT/cache/datasets/36/dataset.arff'
[job(272): 2016-09-09 20:10:42] Loading required package: readr
[job(272): 2016-09-09 20:10:42] Removing 1 columns: region.pixel.count
[job(272): 2016-09-09 20:10:42] Applying algorithm 'C-svc.tuned' on problem '36' ...
[job(272): 2016-09-09 20:10:42] Data '36' file 'description.xml' found in cache.
[job(272): 2016-09-09 20:10:42] Data '36' file 'dataset.arff' found in cache.
[job(272): 2016-09-09 20:10:42] Removing 1 columns: region.pixel.count
[job(272): 2016-09-09 20:10:42] [Tune] Started tuning learner C-svc for parameter set:
[job(272): 2016-09-09 20:10:42]          Type len Def    Constr Req Tunable Trafo
[job(272): 2016-09-09 20:10:42] C     numeric   -   - -12 to 12   -    TRUE     Y
[job(272): 2016-09-09 20:10:42] sigma numeric   -   - -12 to 12   -    TRUE     Y
[job(272): 2016-09-09 20:10:42] With control class: TuneControlMBO
[job(272): 2016-09-09 20:10:42] Imputation value: -0
[job(272): 2016-09-09 20:10:42] [Tune-x] 1: C=0.0245; sigma=17.4
[job(272): 2016-09-09 20:10:42] [Tune-y] 1: acc.test.mean=0.149; time: 0.1 min; memory: 113Mb use, 161Mb max
[job(272): 2016-09-09 20:10:42] [Tune-x] 2: C=0.35; sigma=0.00426
[job(272): 2016-09-09 20:10:42] [Tune-y] 2: acc.test.mean=0.859; time: 0.0 min; memory: 114Mb use, 161Mb max
[job(272): 2016-09-09 20:10:42] [Tune-x] 3: C=62.4; sigma=6.99
[job(272): 2016-09-09 20:10:42] [Tune-y] 3: acc.test.mean=0.79; time: 0.1 min; memory: 114Mb use, 161Mb max
[job(272): 2016-09-09 20:10:42] [Tune-x] 4: C=749; sigma=0.0278
[job(272): 2016-09-09 20:10:42] [Tune-y] 4: acc.test.mean=0.969; time: 0.0 min; memory: 114Mb use, 161Mb max
[job(272): 2016-09-09 20:10:42] [Tune-x] 5: C=0.0027; sigma=0.672
[job(272): 2016-09-09 20:10:42] [Tune-y] 5: acc.test.mean=0.127; time: 0.1 min; memory: 114Mb use, 161Mb max
[job(272): 2016-09-09 20:10:42] [Tune-x] 6: C=83.8; sigma=2.82e+03
[job(272): 2016-09-09 20:10:42] [Tune-y] 6: acc.test.mean=0.251; time: 0.1 min; memory: 114Mb use, 161Mb max
[job(272): 2016-09-09 20:10:42] [Tune-x] 7: C=0.000855; sigma=102
[job(272): 2016-09-09 20:10:42] [Tune-y] 7: acc.test.mean=0.124; time: 0.1 min; memory: 114Mb use, 161Mb max
[job(272): 2016-09-09 20:10:42] [Tune-x] 8: C=1.49; sigma=0.00104
[job(272): 2016-09-09 20:10:42] [Tune-y] 8: acc.test.mean=0.862; time: 0.0 min; memory: 114Mb use, 161Mb max
[job(272): 2016-09-09 20:10:42] 
[job(272): 2016-09-09 20:10:42] optimisation start
[job(272): 2016-09-09 20:10:42] ------------------
[job(272): 2016-09-09 20:10:42] * estimation method   : MLE 
[job(272): 2016-09-09 20:10:42] * optimisation method : BFGS 
[job(272): 2016-09-09 20:10:42] * analytical gradient : used
[job(272): 2016-09-09 20:10:42] * trend model : ~1
[job(272): 2016-09-09 20:10:42] * covariance model : 
[job(272): 2016-09-09 20:10:42]   - type :  matern5_2 
[job(272): 2016-09-09 20:10:42]   - nugget : NO
[job(272): 2016-09-09 20:10:42]   - parameters lower bounds :  1e-10 1e-10 
[job(272): 2016-09-09 20:10:42]   - parameters upper bounds :  39.48102 42.74399 
[job(272): 2016-09-09 20:10:42]   - best initial criterion value(s) :  -0.6341635 
[job(272): 2016-09-09 20:10:42] 
[job(272): 2016-09-09 20:10:42] N = 2, M = 5 machine precision = 2.22045e-16
[job(272): 2016-09-09 20:10:42] At X0, 0 variables are exactly at the bounds
[job(272): 2016-09-09 20:10:42] At iterate     0  f=      0.63416  |proj g|=       0.4721
[job(272): 2016-09-09 20:10:42] At iterate     1  f =      0.42796  |proj g|=       0.39968
[job(272): 2016-09-09 20:10:42] At iterate     2  f =       -0.199  |proj g|=      0.062355
[job(272): 2016-09-09 20:10:42] At iterate     3  f =     -0.22374  |proj g|=     0.0089475
[job(272): 2016-09-09 20:10:42] At iterate     4  f =     -0.22465  |proj g|=      0.002126
[job(272): 2016-09-09 20:10:42] At iterate     5  f =     -0.22469  |proj g|=    0.00098651
[job(272): 2016-09-09 20:10:42] At iterate     6  f =     -0.22471  |proj g|=    7.8724e-05
[job(272): 2016-09-09 20:10:42] At iterate     7  f =     -0.22471  |proj g|=    3.0927e-06
[job(272): 2016-09-09 20:10:42] At iterate     8  f =     -0.22471  |proj g|=    8.1612e-08
[job(272): 2016-09-09 20:10:42] 
[job(272): 2016-09-09 20:10:42] iterations 8
[job(272): 2016-09-09 20:10:42] function evaluations 9
[job(272): 2016-09-09 20:10:42] segments explored during Cauchy searches 8
[job(272): 2016-09-09 20:10:42] BFGS updates skipped 0
[job(272): 2016-09-09 20:10:42] active bounds at final generalized Cauchy point 0
[job(272): 2016-09-09 20:10:42] norm of the final projected gradient 8.16121e-08
[job(272): 2016-09-09 20:10:42] final function value -0.224714
[job(272): 2016-09-09 20:10:42] 
[job(272): 2016-09-09 20:10:42] F = -0.224714
[job(272): 2016-09-09 20:10:42] final  value -0.224714 
[job(272): 2016-09-09 20:10:42] converged
[job(272): 2016-09-09 20:10:42] [Tune-x] 9: C=103; sigma=0.0392
[job(272): 2016-09-09 20:10:42] [Tune-y] 9: acc.test.mean=0.97; time: 0.0 min; memory: 118Mb use, 161Mb max
[job(272): 2016-09-09 20:10:42] 
[job(272): 2016-09-09 20:10:42] optimisation start
[job(272): 2016-09-09 20:10:42] ------------------
[job(272): 2016-09-09 20:10:42] * estimation method   : MLE 
[job(272): 2016-09-09 20:10:42] * optimisation method : BFGS 
[job(272): 2016-09-09 20:10:42] * analytical gradient : used
[job(272): 2016-09-09 20:10:42] * trend model : ~1
[job(272): 2016-09-09 20:10:42] * covariance model : 
[job(272): 2016-09-09 20:10:42]   - type :  matern5_2 
[job(272): 2016-09-09 20:10:42]   - nugget : NO
[job(272): 2016-09-09 20:10:42]   - parameters lower bounds :  1e-10 1e-10 
[job(272): 2016-09-09 20:10:42]   - parameters upper bounds :  39.48102 42.74399 
[job(272): 2016-09-09 20:10:42]   - best initial criterion value(s) :  1.610148 
[job(272): 2016-09-09 20:10:42] 
[job(272): 2016-09-09 20:10:42] N = 2, M = 5 machine precision = 2.22045e-16
[job(272): 2016-09-09 20:10:42] At X0, 0 variables are exactly at the bounds
[job(272): 2016-09-09 20:10:42] At iterate     0  f=      -1.6101  |proj g|=       0.2424
[job(272): 2016-09-09 20:10:42] At iterate     1  f =      -1.6661  |proj g|=       0.19279
[job(272): 2016-09-09 20:10:42] At iterate     2  f =       -1.781  |proj g|=      0.029068
[job(272): 2016-09-09 20:10:42] At iterate     3  f =      -1.7887  |proj g|=      0.020978
[job(272): 2016-09-09 20:10:42] At iterate     4  f =      -1.7935  |proj g|=      0.010361
[job(272): 2016-09-09 20:10:42] At iterate     5  f =      -1.7952  |proj g|=     0.0026279
[job(272): 2016-09-09 20:10:42] At iterate     6  f =      -1.7952  |proj g|=    0.00027734
[job(272): 2016-09-09 20:10:42] At iterate     7  f =      -1.7952  |proj g|=    1.0168e-05
[job(272): 2016-09-09 20:10:42] At iterate     8  f =      -1.7952  |proj g|=    2.9415e-07
[job(272): 2016-09-09 20:10:42] 
[job(272): 2016-09-09 20:10:42] iterations 8
[job(272): 2016-09-09 20:10:42] function evaluations 9
[job(272): 2016-09-09 20:10:42] segments explored during Cauchy searches 8
[job(272): 2016-09-09 20:10:42] BFGS updates skipped 0
[job(272): 2016-09-09 20:10:42] active bounds at final generalized Cauchy point 0
[job(272): 2016-09-09 20:10:42] norm of the final projected gradient 2.94153e-07
[job(272): 2016-09-09 20:10:42] final function value -1.79523
[job(272): 2016-09-09 20:10:42] 
[job(272): 2016-09-09 20:10:42] F = -1.79523
[job(272): 2016-09-09 20:10:42] final  value -1.795231 
[job(272): 2016-09-09 20:10:42] converged
[job(272): 2016-09-09 20:10:42] [Tune-x] 10: C=261; sigma=0.0332
[job(272): 2016-09-09 20:10:42] [Tune-y] 10: acc.test.mean=0.964; time: 0.0 min; memory: 118Mb use, 161Mb max
[job(272): 2016-09-09 20:10:42] 
[job(272): 2016-09-09 20:10:42] optimisation start
[job(272): 2016-09-09 20:10:42] ------------------
[job(272): 2016-09-09 20:10:42] * estimation method   : MLE 
[job(272): 2016-09-09 20:10:42] * optimisation method : BFGS 
[job(272): 2016-09-09 20:10:42] * analytical gradient : used
[job(272): 2016-09-09 20:10:42] * trend model : ~1
[job(272): 2016-09-09 20:10:42] * covariance model : 
[job(272): 2016-09-09 20:10:42]   - type :  matern5_2 
[job(272): 2016-09-09 20:10:42]   - nugget : NO
[job(272): 2016-09-09 20:10:42]   - parameters lower bounds :  1e-10 1e-10 
[job(272): 2016-09-09 20:10:42]   - parameters upper bounds :  39.48102 42.74399 
[job(272): 2016-09-09 20:10:42]   - best initial criterion value(s) :  4.331188 
[job(272): 2016-09-09 20:10:42] 
[job(272): 2016-09-09 20:10:42] N = 2, M = 5 machine precision = 2.22045e-16
[job(272): 2016-09-09 20:10:42] At X0, 0 variables are exactly at the bounds
[job(272): 2016-09-09 20:10:42] At iterate     0  f=      -4.3312  |proj g|=      0.25152
[job(272): 2016-09-09 20:10:42] At iterate     1  f =      -4.4274  |proj g|=       0.21265
[job(272): 2016-09-09 20:10:42] At iterate     2  f =      -4.7942  |proj g|=      0.012446
[job(272): 2016-09-09 20:10:42] At iterate     3  f =      -4.7949  |proj g|=     0.0045415
[job(272): 2016-09-09 20:10:42] At iterate     4  f =       -4.795  |proj g|=    7.2952e-05
[job(272): 2016-09-09 20:10:42] At iterate     5  f =       -4.795  |proj g|=    4.6694e-07
[job(272): 2016-09-09 20:10:42] At iterate     6  f =       -4.795  |proj g|=    1.3844e-10
[job(272): 2016-09-09 20:10:42] 
[job(272): 2016-09-09 20:10:42] iterations 6
[job(272): 2016-09-09 20:10:42] function evaluations 7
[job(272): 2016-09-09 20:10:42] segments explored during Cauchy searches 6
[job(272): 2016-09-09 20:10:42] BFGS updates skipped 0
[job(272): 2016-09-09 20:10:42] active bounds at final generalized Cauchy point 0
[job(272): 2016-09-09 20:10:42] norm of the final projected gradient 1.38441e-10
[job(272): 2016-09-09 20:10:42] final function value -4.79499
[job(272): 2016-09-09 20:10:42] 
[job(272): 2016-09-09 20:10:42] F = -4.79499
[job(272): 2016-09-09 20:10:42] final  value -4.794993 
[job(272): 2016-09-09 20:10:42] converged
[job(272): 2016-09-09 20:10:42] [Tune-x] 11: C=4.08e+03; sigma=0.0786
[job(272): 2016-09-09 20:10:42] [Tune-y] 11: acc.test.mean=0.962; time: 0.0 min; memory: 118Mb use, 161Mb max
[job(272): 2016-09-09 20:10:42] 
[job(272): 2016-09-09 20:10:42] optimisation start
[job(272): 2016-09-09 20:10:42] ------------------
[job(272): 2016-09-09 20:10:42] * estimation method   : MLE 
[job(272): 2016-09-09 20:10:42] * optimisation method : BFGS 
[job(272): 2016-09-09 20:10:42] * analytical gradient : used
[job(272): 2016-09-09 20:10:42] * trend model : ~1
[job(272): 2016-09-09 20:10:42] * covariance model : 
[job(272): 2016-09-09 20:10:42]   - type :  matern5_2 
[job(272): 2016-09-09 20:10:42]   - nugget : NO
[job(272): 2016-09-09 20:10:42]   - parameters lower bounds :  1e-10 1e-10 
[job(272): 2016-09-09 20:10:42]   - parameters upper bounds :  44.36889 42.74399 
[job(272): 2016-09-09 20:10:42]   - best initial criterion value(s) :  5.324742 
[job(272): 2016-09-09 20:10:42] 
[job(272): 2016-09-09 20:10:42] N = 2, M = 5 machine precision = 2.22045e-16
[job(272): 2016-09-09 20:10:42] At X0, 0 variables are exactly at the bounds
[job(272): 2016-09-09 20:10:42] At iterate     0  f=      -5.3247  |proj g|=       0.4169
[job(272): 2016-09-09 20:10:42] At iterate     1  f =      -5.6103  |proj g|=       0.34855
[job(272): 2016-09-09 20:10:42] At iterate     2  f =      -6.4225  |proj g|=       0.04052
[job(272): 2016-09-09 20:10:42] At iterate     3  f =        -6.43  |proj g|=     0.0067777
[job(272): 2016-09-09 20:10:42] At iterate     4  f =      -6.4302  |proj g|=    0.00032174
[job(272): 2016-09-09 20:10:42] At iterate     5  f =      -6.4302  |proj g|=    1.8565e-05
[job(272): 2016-09-09 20:10:42] At iterate     6  f =      -6.4302  |proj g|=     1.267e-06
[job(272): 2016-09-09 20:10:42] 
[job(272): 2016-09-09 20:10:42] iterations 6
[job(272): 2016-09-09 20:10:42] function evaluations 7
[job(272): 2016-09-09 20:10:42] segments explored during Cauchy searches 6
[job(272): 2016-09-09 20:10:42] BFGS updates skipped 0
[job(272): 2016-09-09 20:10:42] active bounds at final generalized Cauchy point 0
[job(272): 2016-09-09 20:10:42] norm of the final projected gradient 1.26699e-06
[job(272): 2016-09-09 20:10:42] final function value -6.4302
[job(272): 2016-09-09 20:10:42] 
[job(272): 2016-09-09 20:10:42] F = -6.4302
[job(272): 2016-09-09 20:10:42] final  value -6.430196 
[job(272): 2016-09-09 20:10:42] converged
[job(272): 2016-09-09 20:10:42] [Tune-x] 12: C=26.4; sigma=0.0216
[job(272): 2016-09-09 20:10:42] [Tune-y] 12: acc.test.mean=0.959; time: 0.0 min; memory: 118Mb use, 161Mb max
[job(272): 2016-09-09 20:10:42] 
[job(272): 2016-09-09 20:10:42] optimisation start
[job(272): 2016-09-09 20:10:42] ------------------
[job(272): 2016-09-09 20:10:42] * estimation method   : MLE 
[job(272): 2016-09-09 20:10:42] * optimisation method : BFGS 
[job(272): 2016-09-09 20:10:42] * analytical gradient : used
[job(272): 2016-09-09 20:10:42] * trend model : ~1
[job(272): 2016-09-09 20:10:42] * covariance model : 
[job(272): 2016-09-09 20:10:42]   - type :  matern5_2 
[job(272): 2016-09-09 20:10:42]   - nugget : NO
[job(272): 2016-09-09 20:10:42]   - parameters lower bounds :  1e-10 1e-10 
[job(272): 2016-09-09 20:10:42]   - parameters upper bounds :  44.36889 42.74399 
[job(272): 2016-09-09 20:10:42]   - best initial criterion value(s) :  8.361608 
[job(272): 2016-09-09 20:10:42] 
[job(272): 2016-09-09 20:10:42] N = 2, M = 5 machine precision = 2.22045e-16
[job(272): 2016-09-09 20:10:42] At X0, 0 variables are exactly at the bounds
[job(272): 2016-09-09 20:10:42] At iterate     0  f=      -8.3616  |proj g|=      0.28427
[job(272): 2016-09-09 20:10:42] At iterate     1  f =      -8.4563  |proj g|=       0.25953
[job(272): 2016-09-09 20:10:42] At iterate     2  f =      -8.7722  |proj g|=       0.17546
[job(272): 2016-09-09 20:10:42] At iterate     3  f =      -8.8678  |proj g|=      0.034822
[job(272): 2016-09-09 20:10:42] At iterate     4  f =      -8.8737  |proj g|=      0.002766
[job(272): 2016-09-09 20:10:42] At iterate     5  f =      -8.8737  |proj g|=    0.00029168
[job(272): 2016-09-09 20:10:42] At iterate     6  f =      -8.8737  |proj g|=    4.4256e-05
[job(272): 2016-09-09 20:10:42] At iterate     7  f =      -8.8737  |proj g|=    1.0345e-08
[job(272): 2016-09-09 20:10:42] 
[job(272): 2016-09-09 20:10:42] iterations 7
[job(272): 2016-09-09 20:10:42] function evaluations 8
[job(272): 2016-09-09 20:10:42] segments explored during Cauchy searches 7
[job(272): 2016-09-09 20:10:42] BFGS updates skipped 0
[job(272): 2016-09-09 20:10:42] active bounds at final generalized Cauchy point 0
[job(272): 2016-09-09 20:10:42] norm of the final projected gradient 1.03454e-08
[job(272): 2016-09-09 20:10:42] final function value -8.87372
[job(272): 2016-09-09 20:10:42] 
[job(272): 2016-09-09 20:10:42] F = -8.87372
[job(272): 2016-09-09 20:10:42] final  value -8.873716 
[job(272): 2016-09-09 20:10:42] converged
[job(272): 2016-09-09 20:10:42] [Tune-x] 13: C=1.31e+03; sigma=0.0523
[job(272): 2016-09-09 20:10:42] [Tune-y] 13: acc.test.mean=0.963; time: 0.0 min; memory: 118Mb use, 161Mb max
[job(272): 2016-09-09 20:10:42] 
[job(272): 2016-09-09 20:10:42] optimisation start
[job(272): 2016-09-09 20:10:42] ------------------
[job(272): 2016-09-09 20:10:42] * estimation method   : MLE 
[job(272): 2016-09-09 20:10:42] * optimisation method : BFGS 
[job(272): 2016-09-09 20:10:42] * analytical gradient : used
[job(272): 2016-09-09 20:10:42] * trend model : ~1
[job(272): 2016-09-09 20:10:42] * covariance model : 
[job(272): 2016-09-09 20:10:42]   - type :  matern5_2 
[job(272): 2016-09-09 20:10:42]   - nugget : NO
[job(272): 2016-09-09 20:10:42]   - parameters lower bounds :  1e-10 1e-10 
[job(272): 2016-09-09 20:10:42]   - parameters upper bounds :  44.36889 42.74399 
[job(272): 2016-09-09 20:10:42]   - best initial criterion value(s) :  11.29933 
[job(272): 2016-09-09 20:10:42] 
[job(272): 2016-09-09 20:10:42] N = 2, M = 5 machine precision = 2.22045e-16
[job(272): 2016-09-09 20:10:42] At X0, 0 variables are exactly at the bounds
[job(272): 2016-09-09 20:10:42] At iterate     0  f=      -11.299  |proj g|=      0.42583
[job(272): 2016-09-09 20:10:42] At iterate     1  f =      -11.496  |proj g|=       0.33581
[job(272): 2016-09-09 20:10:42] At iterate     2  f =      -11.875  |proj g|=      0.040362
[job(272): 2016-09-09 20:10:42] At iterate     3  f =      -11.882  |proj g|=     0.0057229
[job(272): 2016-09-09 20:10:42] At iterate     4  f =      -11.882  |proj g|=    0.00014234
[job(272): 2016-09-09 20:10:42] At iterate     5  f =      -11.882  |proj g|=    1.8756e-05
[job(272): 2016-09-09 20:10:42] At iterate     6  f =      -11.882  |proj g|=    4.6217e-06
[job(272): 2016-09-09 20:10:42] 
[job(272): 2016-09-09 20:10:42] iterations 6
[job(272): 2016-09-09 20:10:42] function evaluations 7
[job(272): 2016-09-09 20:10:42] segments explored during Cauchy searches 6
[job(272): 2016-09-09 20:10:42] BFGS updates skipped 0
[job(272): 2016-09-09 20:10:42] active bounds at final generalized Cauchy point 0
[job(272): 2016-09-09 20:10:42] norm of the final projected gradient 4.62173e-06
[job(272): 2016-09-09 20:10:42] final function value -11.8824
[job(272): 2016-09-09 20:10:42] 
[job(272): 2016-09-09 20:10:42] F = -11.8824
[job(272): 2016-09-09 20:10:42] final  value -11.882405 
[job(272): 2016-09-09 20:10:42] converged
[job(272): 2016-09-09 20:10:42] [Tune-x] 14: C=4.1e+03; sigma=0.00952
[job(272): 2016-09-09 20:10:42] [Tune-y] 14: acc.test.mean=0.963; time: 0.0 min; memory: 118Mb use, 161Mb max
[job(272): 2016-09-09 20:10:42] 
[job(272): 2016-09-09 20:10:42] optimisation start
[job(272): 2016-09-09 20:10:42] ------------------
[job(272): 2016-09-09 20:10:42] * estimation method   : MLE 
[job(272): 2016-09-09 20:10:42] * optimisation method : BFGS 
[job(272): 2016-09-09 20:10:42] * analytical gradient : used
[job(272): 2016-09-09 20:10:42] * trend model : ~1
[job(272): 2016-09-09 20:10:42] * covariance model : 
[job(272): 2016-09-09 20:10:42]   - type :  matern5_2 
[job(272): 2016-09-09 20:10:42]   - nugget : NO
[job(272): 2016-09-09 20:10:42]   - parameters lower bounds :  1e-10 1e-10 
[job(272): 2016-09-09 20:10:42]   - parameters upper bounds :  44.3822 42.74399 
[job(272): 2016-09-09 20:10:42]   - best initial criterion value(s) :  13.11226 
[job(272): 2016-09-09 20:10:42] 
[job(272): 2016-09-09 20:10:42] N = 2, M = 5 machine precision = 2.22045e-16
[job(272): 2016-09-09 20:10:42] At X0, 0 variables are exactly at the bounds
[job(272): 2016-09-09 20:10:42] At iterate     0  f=      -13.112  |proj g|=      0.55041
[job(272): 2016-09-09 20:10:42] At iterate     1  f =      -13.383  |proj g|=       0.40065
[job(272): 2016-09-09 20:10:42] At iterate     2  f =      -13.759  |proj g|=       0.12555
[job(272): 2016-09-09 20:10:42] At iterate     3  f =      -13.818  |proj g|=      0.039649
[job(272): 2016-09-09 20:10:42] At iterate     4  f =      -13.825  |proj g|=     0.0048514
[job(272): 2016-09-09 20:10:42] At iterate     5  f =      -13.825  |proj g|=     0.0026553
[job(272): 2016-09-09 20:10:42] At iterate     6  f =      -13.825  |proj g|=    0.00012844
[job(272): 2016-09-09 20:10:42] At iterate     7  f =      -13.825  |proj g|=    2.2265e-06
[job(272): 2016-09-09 20:10:42] At iterate     8  f =      -13.825  |proj g|=    6.8319e-09
[job(272): 2016-09-09 20:10:42] 
[job(272): 2016-09-09 20:10:42] iterations 8
[job(272): 2016-09-09 20:10:42] function evaluations 9
[job(272): 2016-09-09 20:10:42] segments explored during Cauchy searches 8
[job(272): 2016-09-09 20:10:42] BFGS updates skipped 0
[job(272): 2016-09-09 20:10:42] active bounds at final generalized Cauchy point 0
[job(272): 2016-09-09 20:10:42] norm of the final projected gradient 6.83186e-09
[job(272): 2016-09-09 20:10:42] final function value -13.825
[job(272): 2016-09-09 20:10:42] 
[job(272): 2016-09-09 20:10:42] F = -13.825
[job(272): 2016-09-09 20:10:42] final  value -13.824987 
[job(272): 2016-09-09 20:10:42] converged
[job(272): 2016-09-09 20:10:42] [Tune-x] 15: C=4.09e+03; sigma=0.0244
[job(272): 2016-09-09 20:10:42] [Tune-y] 15: acc.test.mean=0.963; time: 0.0 min; memory: 118Mb use, 161Mb max
[job(272): 2016-09-09 20:10:42] 
[job(272): 2016-09-09 20:10:42] optimisation start
[job(272): 2016-09-09 20:10:42] ------------------
[job(272): 2016-09-09 20:10:42] * estimation method   : MLE 
[job(272): 2016-09-09 20:10:42] * optimisation method : BFGS 
[job(272): 2016-09-09 20:10:42] * analytical gradient : used
[job(272): 2016-09-09 20:10:42] * trend model : ~1
[job(272): 2016-09-09 20:10:42] * covariance model : 
[job(272): 2016-09-09 20:10:42]   - type :  matern5_2 
[job(272): 2016-09-09 20:10:42]   - nugget : NO
[job(272): 2016-09-09 20:10:42]   - parameters lower bounds :  1e-10 1e-10 
[job(272): 2016-09-09 20:10:42]   - parameters upper bounds :  44.3822 42.74399 
[job(272): 2016-09-09 20:10:42]   - best initial criterion value(s) :  16.88177 
[job(272): 2016-09-09 20:10:42] 
[job(272): 2016-09-09 20:10:42] N = 2, M = 5 machine precision = 2.22045e-16
[job(272): 2016-09-09 20:10:42] At X0, 0 variables are exactly at the bounds
[job(272): 2016-09-09 20:10:42] At iterate     0  f=      -16.882  |proj g|=      0.24514
[job(272): 2016-09-09 20:10:42] At iterate     1  f =      -16.936  |proj g|=       0.17251
[job(272): 2016-09-09 20:10:42] At iterate     2  f =      -16.997  |proj g|=      0.021843
[job(272): 2016-09-09 20:10:42] At iterate     3  f =      -16.999  |proj g|=      0.013567
[job(272): 2016-09-09 20:10:42] At iterate     4  f =          -17  |proj g|=     0.0052513
[job(272): 2016-09-09 20:10:42] At iterate     5  f =          -17  |proj g|=    9.2777e-05
[job(272): 2016-09-09 20:10:42] At iterate     6  f =          -17  |proj g|=    9.0356e-06
[job(272): 2016-09-09 20:10:42] At iterate     7  f =          -17  |proj g|=    6.4873e-08
[job(272): 2016-09-09 20:10:42] 
[job(272): 2016-09-09 20:10:42] iterations 7
[job(272): 2016-09-09 20:10:42] function evaluations 8
[job(272): 2016-09-09 20:10:42] segments explored during Cauchy searches 7
[job(272): 2016-09-09 20:10:42] BFGS updates skipped 0
[job(272): 2016-09-09 20:10:42] active bounds at final generalized Cauchy point 0
[job(272): 2016-09-09 20:10:42] norm of the final projected gradient 6.48731e-08
[job(272): 2016-09-09 20:10:42] final function value -17.0004
[job(272): 2016-09-09 20:10:42] 
[job(272): 2016-09-09 20:10:42] F = -17.0004
[job(272): 2016-09-09 20:10:42] final  value -17.000430 
[job(272): 2016-09-09 20:10:42] converged
[job(272): 2016-09-09 20:10:42] [Tune-x] 16: C=85.8; sigma=0.0134
[job(272): 2016-09-09 20:10:42] [Tune-y] 16: acc.test.mean=0.964; time: 0.0 min; memory: 118Mb use, 161Mb max
[job(272): 2016-09-09 20:10:42] 
[job(272): 2016-09-09 20:10:42] optimisation start
[job(272): 2016-09-09 20:10:42] ------------------
[job(272): 2016-09-09 20:10:42] * estimation method   : MLE 
[job(272): 2016-09-09 20:10:42] * optimisation method : BFGS 
[job(272): 2016-09-09 20:10:42] * analytical gradient : used
[job(272): 2016-09-09 20:10:42] * trend model : ~1
[job(272): 2016-09-09 20:10:42] * covariance model : 
[job(272): 2016-09-09 20:10:42]   - type :  matern5_2 
[job(272): 2016-09-09 20:10:42]   - nugget : NO
[job(272): 2016-09-09 20:10:42]   - parameters lower bounds :  1e-10 1e-10 
[job(272): 2016-09-09 20:10:42]   - parameters upper bounds :  44.3822 42.74399 
[job(272): 2016-09-09 20:10:42]   - best initial criterion value(s) :  19.72025 
[job(272): 2016-09-09 20:10:42] 
[job(272): 2016-09-09 20:10:42] N = 2, M = 5 machine precision = 2.22045e-16
[job(272): 2016-09-09 20:10:42] At X0, 0 variables are exactly at the bounds
[job(272): 2016-09-09 20:10:42] At iterate     0  f=       -19.72  |proj g|=      0.18379
[job(272): 2016-09-09 20:10:42] At iterate     1  f =      -19.752  |proj g|=         0.163
[job(272): 2016-09-09 20:10:42] At iterate     2  f =      -19.909  |proj g|=      0.057353
[job(272): 2016-09-09 20:10:42] At iterate     3  f =      -19.911  |proj g|=      0.079856
[job(272): 2016-09-09 20:10:42] At iterate     4  f =      -19.923  |proj g|=     0.0047898
[job(272): 2016-09-09 20:10:42] At iterate     5  f =      -19.923  |proj g|=    0.00053778
[job(272): 2016-09-09 20:10:42] At iterate     6  f =      -19.923  |proj g|=    6.8718e-05
[job(272): 2016-09-09 20:10:42] At iterate     7  f =      -19.923  |proj g|=    5.5916e-08
[job(272): 2016-09-09 20:10:42] 
[job(272): 2016-09-09 20:10:42] iterations 7
[job(272): 2016-09-09 20:10:42] function evaluations 8
[job(272): 2016-09-09 20:10:42] segments explored during Cauchy searches 7
[job(272): 2016-09-09 20:10:42] BFGS updates skipped 0
[job(272): 2016-09-09 20:10:42] active bounds at final generalized Cauchy point 0
[job(272): 2016-09-09 20:10:42] norm of the final projected gradient 5.59158e-08
[job(272): 2016-09-09 20:10:42] final function value -19.9232
[job(272): 2016-09-09 20:10:42] 
[job(272): 2016-09-09 20:10:42] F = -19.9232
[job(272): 2016-09-09 20:10:42] final  value -19.923150 
[job(272): 2016-09-09 20:10:42] converged
[job(272): 2016-09-09 20:10:42] [Tune-x] 17: C=69.5; sigma=0.0435
[job(272): 2016-09-09 20:10:42] [Tune-y] 17: acc.test.mean=0.96; time: 0.0 min; memory: 118Mb use, 161Mb max
[job(272): 2016-09-09 20:10:42] 
[job(272): 2016-09-09 20:10:42] optimisation start
[job(272): 2016-09-09 20:10:42] ------------------
[job(272): 2016-09-09 20:10:42] * estimation method   : MLE 
[job(272): 2016-09-09 20:10:42] * optimisation method : BFGS 
[job(272): 2016-09-09 20:10:42] * analytical gradient : used
[job(272): 2016-09-09 20:10:42] * trend model : ~1
[job(272): 2016-09-09 20:10:42] * covariance model : 
[job(272): 2016-09-09 20:10:42]   - type :  matern5_2 
[job(272): 2016-09-09 20:10:42]   - nugget : NO
[job(272): 2016-09-09 20:10:42]   - parameters lower bounds :  1e-10 1e-10 
[job(272): 2016-09-09 20:10:42]   - parameters upper bounds :  44.3822 42.74399 
[job(272): 2016-09-09 20:10:42]   - best initial criterion value(s) :  18.1064 
[job(272): 2016-09-09 20:10:42] 
[job(272): 2016-09-09 20:10:42] N = 2, M = 5 machine precision = 2.22045e-16
[job(272): 2016-09-09 20:10:42] At X0, 0 variables are exactly at the bounds
[job(272): 2016-09-09 20:10:42] At iterate     0  f=      -18.106  |proj g|=      0.95453
[job(272): 2016-09-09 20:10:42] At iterate     1  f =      -18.968  |proj g|=       0.83681
[job(272): 2016-09-09 20:10:42] At iterate     2  f =      -20.062  |proj g|=        0.2761
[job(272): 2016-09-09 20:10:42] At iterate     3  f =      -20.107  |proj g|=       0.28358
[job(272): 2016-09-09 20:10:42] At iterate     4  f =      -20.163  |proj g|=      0.076104
[job(272): 2016-09-09 20:10:42] At iterate     5  f =       -20.22  |proj g|=      0.063332
[job(272): 2016-09-09 20:10:42] At iterate     6  f =      -20.317  |proj g|=      0.079605
[job(272): 2016-09-09 20:10:42] At iterate     7  f =      -20.335  |proj g|=      0.014268
[job(272): 2016-09-09 20:10:42] At iterate     8  f =      -20.336  |proj g|=     0.0013165
[job(272): 2016-09-09 20:10:42] At iterate     9  f =      -20.336  |proj g|=    0.00014461
[job(272): 2016-09-09 20:10:42] At iterate    10  f =      -20.336  |proj g|=    3.5301e-05
[job(272): 2016-09-09 20:10:42] 
[job(272): 2016-09-09 20:10:42] iterations 10
[job(272): 2016-09-09 20:10:42] function evaluations 14
[job(272): 2016-09-09 20:10:42] segments explored during Cauchy searches 10
[job(272): 2016-09-09 20:10:42] BFGS updates skipped 0
[job(272): 2016-09-09 20:10:42] active bounds at final generalized Cauchy point 0
[job(272): 2016-09-09 20:10:42] norm of the final projected gradient 3.53013e-05
[job(272): 2016-09-09 20:10:42] final function value -20.3363
[job(272): 2016-09-09 20:10:42] 
[job(272): 2016-09-09 20:10:42] F = -20.3363
[job(272): 2016-09-09 20:10:42] final  value -20.336343 
[job(272): 2016-09-09 20:10:42] converged
[job(272): 2016-09-09 20:10:42] [Tune-x] 18: C=131; sigma=0.0238
[job(272): 2016-09-09 20:10:42] [Tune-y] 18: acc.test.mean=0.964; time: 0.0 min; memory: 118Mb use, 161Mb max
[job(272): 2016-09-09 20:10:42] 
[job(272): 2016-09-09 20:10:42] optimisation start
[job(272): 2016-09-09 20:10:42] ------------------
[job(272): 2016-09-09 20:10:42] * estimation method   : MLE 
[job(272): 2016-09-09 20:10:42] * optimisation method : BFGS 
[job(272): 2016-09-09 20:10:42] * analytical gradient : used
[job(272): 2016-09-09 20:10:42] * trend model : ~1
[job(272): 2016-09-09 20:10:42] * covariance model : 
[job(272): 2016-09-09 20:10:42]   - type :  matern5_2 
[job(272): 2016-09-09 20:10:42]   - nugget : NO
[job(272): 2016-09-09 20:10:42]   - parameters lower bounds :  1e-10 1e-10 
[job(272): 2016-09-09 20:10:42]   - parameters upper bounds :  44.3822 42.74399 
[job(272): 2016-09-09 20:10:42]   - best initial criterion value(s) :  20.84626 
[job(272): 2016-09-09 20:10:42] 
[job(272): 2016-09-09 20:10:42] N = 2, M = 5 machine precision = 2.22045e-16
[job(272): 2016-09-09 20:10:42] At X0, 0 variables are exactly at the bounds
[job(272): 2016-09-09 20:10:42] At iterate     0  f=      -20.846  |proj g|=       1.2599
[job(272): 2016-09-09 20:10:42] At iterate     1  f =      -21.421  |proj g|=       0.27798
[job(272): 2016-09-09 20:10:42] At iterate     2  f =      -21.461  |proj g|=      0.079226
[job(272): 2016-09-09 20:10:42] At iterate     3  f =       -21.47  |proj g|=      0.080604
[job(272): 2016-09-09 20:10:42] At iterate     4  f =      -21.491  |proj g|=       0.11731
[job(272): 2016-09-09 20:10:42] At iterate     5  f =      -21.534  |proj g|=       0.24459
[job(272): 2016-09-09 20:10:42] At iterate     6  f =      -21.589  |proj g|=       0.28971
[job(272): 2016-09-09 20:10:42] At iterate     7  f =      -21.637  |proj g|=        0.1362
[job(272): 2016-09-09 20:10:42] At iterate     8  f =      -21.646  |proj g|=     0.0075626
[job(272): 2016-09-09 20:10:42] At iterate     9  f =      -21.646  |proj g|=    0.00042953
[job(272): 2016-09-09 20:10:42] At iterate    10  f =      -21.646  |proj g|=    3.3012e-05
[job(272): 2016-09-09 20:10:42] At iterate    11  f =      -21.646  |proj g|=    2.0594e-07
[job(272): 2016-09-09 20:10:42] 
[job(272): 2016-09-09 20:10:42] iterations 11
[job(272): 2016-09-09 20:10:42] function evaluations 12
[job(272): 2016-09-09 20:10:42] segments explored during Cauchy searches 11
[job(272): 2016-09-09 20:10:42] BFGS updates skipped 0
[job(272): 2016-09-09 20:10:42] active bounds at final generalized Cauchy point 0
[job(272): 2016-09-09 20:10:42] norm of the final projected gradient 2.05939e-07
[job(272): 2016-09-09 20:10:42] final function value -21.6459
[job(272): 2016-09-09 20:10:42] 
[job(272): 2016-09-09 20:10:42] F = -21.6459
[job(272): 2016-09-09 20:10:42] final  value -21.645862 
[job(272): 2016-09-09 20:10:42] converged
[job(272): 2016-09-09 20:10:42] [Tune-x] 19: C=501; sigma=0.178
[job(272): 2016-09-09 20:10:42] [Tune-y] 19: acc.test.mean=0.962; time: 0.0 min; memory: 118Mb use, 161Mb max
[job(272): 2016-09-09 20:10:42] 
[job(272): 2016-09-09 20:10:42] optimisation start
[job(272): 2016-09-09 20:10:42] ------------------
[job(272): 2016-09-09 20:10:42] * estimation method   : MLE 
[job(272): 2016-09-09 20:10:42] * optimisation method : BFGS 
[job(272): 2016-09-09 20:10:42] * analytical gradient : used
[job(272): 2016-09-09 20:10:42] * trend model : ~1
[job(272): 2016-09-09 20:10:42] * covariance model : 
[job(272): 2016-09-09 20:10:42]   - type :  matern5_2 
[job(272): 2016-09-09 20:10:42]   - nugget : NO
[job(272): 2016-09-09 20:10:42]   - parameters lower bounds :  1e-10 1e-10 
[job(272): 2016-09-09 20:10:42]   - parameters upper bounds :  44.3822 42.74399 
[job(272): 2016-09-09 20:10:42]   - best initial criterion value(s) :  16.10508 
[job(272): 2016-09-09 20:10:42] 
[job(272): 2016-09-09 20:10:42] N = 2, M = 5 machine precision = 2.22045e-16
[job(272): 2016-09-09 20:10:42] At X0, 0 variables are exactly at the bounds
[job(272): 2016-09-09 20:10:42] At iterate     0  f=      -16.105  |proj g|=       1.3721
[job(272): 2016-09-09 20:10:42] At iterate     1  f =      -18.121  |proj g|=        1.5396
[job(272): 2016-09-09 20:10:42] ys=-2.311e-01  -gs= 1.891e+00, BFGS update SKIPPED
[job(272): 2016-09-09 20:10:42] At iterate     2  f =      -22.863  |proj g|=         0.449
[job(272): 2016-09-09 20:10:42] At iterate     3  f =      -22.985  |proj g|=       0.14739
[job(272): 2016-09-09 20:10:42] At iterate     4  f =      -23.121  |proj g|=       0.17921
[job(272): 2016-09-09 20:10:42] At iterate     5  f =      -23.554  |proj g|=        1.1724
[job(272): 2016-09-09 20:10:42] At iterate     6  f =      -23.864  |proj g|=       0.25074
[job(272): 2016-09-09 20:10:42] At iterate     7  f =       -23.99  |proj g|=      0.060359
[job(272): 2016-09-09 20:10:42] At iterate     8  f =       -24.01  |proj g|=      0.042382
[job(272): 2016-09-09 20:10:42] At iterate     9  f =      -24.011  |proj g|=     0.0047332
[job(272): 2016-09-09 20:10:42] At iterate    10  f =      -24.011  |proj g|=    0.00018769
[job(272): 2016-09-09 20:10:42] At iterate    11  f =      -24.011  |proj g|=     5.383e-07
[job(272): 2016-09-09 20:10:42] 
[job(272): 2016-09-09 20:10:42] iterations 11
[job(272): 2016-09-09 20:10:42] function evaluations 16
[job(272): 2016-09-09 20:10:42] segments explored during Cauchy searches 11
[job(272): 2016-09-09 20:10:42] BFGS updates skipped 1
[job(272): 2016-09-09 20:10:42] active bounds at final generalized Cauchy point 0
[job(272): 2016-09-09 20:10:42] norm of the final projected gradient 5.38299e-07
[job(272): 2016-09-09 20:10:42] final function value -24.0111
[job(272): 2016-09-09 20:10:42] 
[job(272): 2016-09-09 20:10:42] F = -24.0111
[job(272): 2016-09-09 20:10:42] final  value -24.011102 
[job(272): 2016-09-09 20:10:42] converged
[job(272): 2016-09-09 20:10:42] [Tune-x] 20: C=16.6; sigma=0.00568
[job(272): 2016-09-09 20:10:42] [Tune-y] 20: acc.test.mean=0.938; time: 0.0 min; memory: 118Mb use, 169Mb max
[job(272): 2016-09-09 20:10:42] 
[job(272): 2016-09-09 20:10:42] optimisation start
[job(272): 2016-09-09 20:10:42] ------------------
[job(272): 2016-09-09 20:10:42] * estimation method   : MLE 
[job(272): 2016-09-09 20:10:42] * optimisation method : BFGS 
[job(272): 2016-09-09 20:10:42] * analytical gradient : used
[job(272): 2016-09-09 20:10:42] * trend model : ~1
[job(272): 2016-09-09 20:10:42] * covariance model : 
[job(272): 2016-09-09 20:10:42]   - type :  matern5_2 
[job(272): 2016-09-09 20:10:42]   - nugget : NO
[job(272): 2016-09-09 20:10:42]   - parameters lower bounds :  1e-10 1e-10 
[job(272): 2016-09-09 20:10:42]   - parameters upper bounds :  44.3822 42.74399 
[job(272): 2016-09-09 20:10:42]   - best initial criterion value(s) :  23.75539 
[job(272): 2016-09-09 20:10:42] 
[job(272): 2016-09-09 20:10:42] N = 2, M = 5 machine precision = 2.22045e-16
[job(272): 2016-09-09 20:10:42] At X0, 0 variables are exactly at the bounds
[job(272): 2016-09-09 20:10:42] At iterate     0  f=      -23.755  |proj g|=       3.0848
[job(272): 2016-09-09 20:10:42] At iterate     1  f =      -25.702  |proj g|=       0.13794
[job(272): 2016-09-09 20:10:42] At iterate     2  f =       -25.74  |proj g|=       0.12765
[job(272): 2016-09-09 20:10:42] At iterate     3  f =      -25.916  |proj g|=       0.44325
[job(272): 2016-09-09 20:10:42] At iterate     4  f =      -25.973  |proj g|=       0.27212
[job(272): 2016-09-09 20:10:42] At iterate     5  f =      -26.008  |proj g|=      0.027876
[job(272): 2016-09-09 20:10:42] At iterate     6  f =      -26.009  |proj g|=     0.0041563
[job(272): 2016-09-09 20:10:42] At iterate     7  f =      -26.009  |proj g|=     3.023e-05
[job(272): 2016-09-09 20:10:42] At iterate     8  f =      -26.009  |proj g|=    1.1271e-05
[job(272): 2016-09-09 20:10:42] 
[job(272): 2016-09-09 20:10:42] iterations 8
[job(272): 2016-09-09 20:10:42] function evaluations 11
[job(272): 2016-09-09 20:10:42] segments explored during Cauchy searches 8
[job(272): 2016-09-09 20:10:42] BFGS updates skipped 0
[job(272): 2016-09-09 20:10:42] active bounds at final generalized Cauchy point 0
[job(272): 2016-09-09 20:10:42] norm of the final projected gradient 1.12713e-05
[job(272): 2016-09-09 20:10:42] final function value -26.0092
[job(272): 2016-09-09 20:10:42] 
[job(272): 2016-09-09 20:10:42] F = -26.0092
[job(272): 2016-09-09 20:10:42] final  value -26.009164 
[job(272): 2016-09-09 20:10:42] converged
[job(272): 2016-09-09 20:10:42] [Tune-x] 21: C=515; sigma=0.0421
[job(272): 2016-09-09 20:10:42] [Tune-y] 21: acc.test.mean=0.963; time: 0.0 min; memory: 118Mb use, 169Mb max
[job(272): 2016-09-09 20:10:42] 
[job(272): 2016-09-09 20:10:42] optimisation start
[job(272): 2016-09-09 20:10:42] ------------------
[job(272): 2016-09-09 20:10:42] * estimation method   : MLE 
[job(272): 2016-09-09 20:10:42] * optimisation method : BFGS 
[job(272): 2016-09-09 20:10:42] * analytical gradient : used
[job(272): 2016-09-09 20:10:42] * trend model : ~1
[job(272): 2016-09-09 20:10:42] * covariance model : 
[job(272): 2016-09-09 20:10:42]   - type :  matern5_2 
[job(272): 2016-09-09 20:10:42]   - nugget : NO
[job(272): 2016-09-09 20:10:42]   - parameters lower bounds :  1e-10 1e-10 
[job(272): 2016-09-09 20:10:42]   - parameters upper bounds :  44.3822 42.74399 
[job(272): 2016-09-09 20:10:42]   - best initial criterion value(s) :  26.64374 
[job(272): 2016-09-09 20:10:42] 
[job(272): 2016-09-09 20:10:42] N = 2, M = 5 machine precision = 2.22045e-16
[job(272): 2016-09-09 20:10:42] At X0, 0 variables are exactly at the bounds
[job(272): 2016-09-09 20:10:42] At iterate     0  f=      -26.644  |proj g|=       2.2913
[job(272): 2016-09-09 20:10:42] At iterate     1  f =      -28.461  |proj g|=         1.685
[job(272): 2016-09-09 20:10:42] At iterate     2  f =      -28.871  |proj g|=       0.68924
[job(272): 2016-09-09 20:10:42] At iterate     3  f =      -28.992  |proj g|=       0.14695
[job(272): 2016-09-09 20:10:42] At iterate     4  f =      -29.005  |proj g|=       0.13971
[job(272): 2016-09-09 20:10:42] At iterate     5  f =      -29.032  |proj g|=       0.18736
[job(272): 2016-09-09 20:10:42] At iterate     6  f =      -29.094  |proj g|=       0.37841
[job(272): 2016-09-09 20:10:42] At iterate     7  f =      -29.172  |proj g|=       0.40506
[job(272): 2016-09-09 20:10:42] At iterate     8  f =      -29.242  |proj g|=      0.076339
[job(272): 2016-09-09 20:10:42] At iterate     9  f =      -29.246  |proj g|=     0.0072945
[job(272): 2016-09-09 20:10:42] At iterate    10  f =      -29.246  |proj g|=    0.00028142
[job(272): 2016-09-09 20:10:42] At iterate    11  f =      -29.246  |proj g|=    0.00073128
[job(272): 2016-09-09 20:10:42] At iterate    12  f =      -29.246  |proj g|=    0.00018573
[job(272): 2016-09-09 20:10:42] At iterate    13  f =      -29.246  |proj g|=    1.6059e-06
[job(272): 2016-09-09 20:10:42] 
[job(272): 2016-09-09 20:10:42] iterations 13
[job(272): 2016-09-09 20:10:42] function evaluations 14
[job(272): 2016-09-09 20:10:42] segments explored during Cauchy searches 13
[job(272): 2016-09-09 20:10:42] BFGS updates skipped 0
[job(272): 2016-09-09 20:10:42] active bounds at final generalized Cauchy point 0
[job(272): 2016-09-09 20:10:42] norm of the final projected gradient 1.6059e-06
[job(272): 2016-09-09 20:10:42] final function value -29.2458
[job(272): 2016-09-09 20:10:42] 
[job(272): 2016-09-09 20:10:42] F = -29.2458
[job(272): 2016-09-09 20:10:42] final  value -29.245792 
[job(272): 2016-09-09 20:10:42] converged
[job(272): 2016-09-09 20:10:42] [Tune-x] 22: C=103; sigma=0.0489
[job(272): 2016-09-09 20:10:42] [Tune-y] 22: acc.test.mean=0.969; time: 0.0 min; memory: 118Mb use, 169Mb max
[job(272): 2016-09-09 20:10:42] 
[job(272): 2016-09-09 20:10:42] optimisation start
[job(272): 2016-09-09 20:10:42] ------------------
[job(272): 2016-09-09 20:10:42] * estimation method   : MLE 
[job(272): 2016-09-09 20:10:42] * optimisation method : BFGS 
[job(272): 2016-09-09 20:10:42] * analytical gradient : used
[job(272): 2016-09-09 20:10:42] * trend model : ~1
[job(272): 2016-09-09 20:10:42] * covariance model : 
[job(272): 2016-09-09 20:10:42]   - type :  matern5_2 
[job(272): 2016-09-09 20:10:42]   - nugget : NO
[job(272): 2016-09-09 20:10:42]   - parameters lower bounds :  1e-10 1e-10 
[job(272): 2016-09-09 20:10:42]   - parameters upper bounds :  44.3822 42.74399 
[job(272): 2016-09-09 20:10:42]   - best initial criterion value(s) :  34.49221 
[job(272): 2016-09-09 20:10:42] 
[job(272): 2016-09-09 20:10:42] N = 2, M = 5 machine precision = 2.22045e-16
[job(272): 2016-09-09 20:10:42] At X0, 0 variables are exactly at the bounds
[job(272): 2016-09-09 20:10:42] At iterate     0  f=      -34.492  |proj g|=       1.4564
[job(272): 2016-09-09 20:10:42] At iterate     1  f =      -34.839  |proj g|=        1.3105
[job(272): 2016-09-09 20:10:42] At iterate     2  f =      -35.187  |proj g|=       0.23451
[job(272): 2016-09-09 20:10:42] At iterate     3  f =      -35.201  |proj g|=      0.036378
[job(272): 2016-09-09 20:10:42] At iterate     4  f =      -35.202  |proj g|=       0.03386
[job(272): 2016-09-09 20:10:42] At iterate     5  f =      -35.204  |proj g|=      0.043828
[job(272): 2016-09-09 20:10:42] At iterate     6  f =      -35.208  |proj g|=      0.095325
[job(272): 2016-09-09 20:10:42] At iterate     7  f =      -35.214  |proj g|=        0.1237
[job(272): 2016-09-09 20:10:42] At iterate     8  f =      -35.221  |proj g|=       0.08239
[job(272): 2016-09-09 20:10:42] At iterate     9  f =      -35.223  |proj g|=       0.01889
[job(272): 2016-09-09 20:10:42] At iterate    10  f =      -35.223  |proj g|=     0.0015644
[job(272): 2016-09-09 20:10:42] At iterate    11  f =      -35.223  |proj g|=    3.0656e-05
[job(272): 2016-09-09 20:10:42] At iterate    12  f =      -35.223  |proj g|=    1.5731e-05
[job(272): 2016-09-09 20:10:42] 
[job(272): 2016-09-09 20:10:42] iterations 12
[job(272): 2016-09-09 20:10:42] function evaluations 13
[job(272): 2016-09-09 20:10:42] segments explored during Cauchy searches 12
[job(272): 2016-09-09 20:10:42] BFGS updates skipped 0
[job(272): 2016-09-09 20:10:42] active bounds at final generalized Cauchy point 0
[job(272): 2016-09-09 20:10:42] norm of the final projected gradient 1.57308e-05
[job(272): 2016-09-09 20:10:42] final function value -35.2227
[job(272): 2016-09-09 20:10:42] 
[job(272): 2016-09-09 20:10:42] F = -35.2227
[job(272): 2016-09-09 20:10:42] final  value -35.222739 
[job(272): 2016-09-09 20:10:42] converged
[job(272): 2016-09-09 20:10:42] [Tune-x] 23: C=825; sigma=0.059
[job(272): 2016-09-09 20:10:42] [Tune-y] 23: acc.test.mean=0.963; time: 0.0 min; memory: 118Mb use, 169Mb max
[job(272): 2016-09-09 20:10:42] 
[job(272): 2016-09-09 20:10:42] optimisation start
[job(272): 2016-09-09 20:10:42] ------------------
[job(272): 2016-09-09 20:10:42] * estimation method   : MLE 
[job(272): 2016-09-09 20:10:42] * optimisation method : BFGS 
[job(272): 2016-09-09 20:10:42] * analytical gradient : used
[job(272): 2016-09-09 20:10:42] * trend model : ~1
[job(272): 2016-09-09 20:10:42] * covariance model : 
[job(272): 2016-09-09 20:10:42]   - type :  matern5_2 
[job(272): 2016-09-09 20:10:42]   - nugget : NO
[job(272): 2016-09-09 20:10:42]   - parameters lower bounds :  1e-10 1e-10 
[job(272): 2016-09-09 20:10:42]   - parameters upper bounds :  44.3822 42.74399 
[job(272): 2016-09-09 20:10:42]   - best initial criterion value(s) :  38.6667 
[job(272): 2016-09-09 20:10:42] 
[job(272): 2016-09-09 20:10:42] N = 2, M = 5 machine precision = 2.22045e-16
[job(272): 2016-09-09 20:10:42] At X0, 0 variables are exactly at the bounds
[job(272): 2016-09-09 20:10:42] At iterate     0  f=      -38.667  |proj g|=       0.5135
[job(272): 2016-09-09 20:10:42] At iterate     1  f =      -38.733  |proj g|=     0.0050223
[job(272): 2016-09-09 20:10:42] At iterate     2  f =      -38.733  |proj g|=     0.0027903
[job(272): 2016-09-09 20:10:42] At iterate     3  f =      -38.733  |proj g|=     0.0026884
[job(272): 2016-09-09 20:10:42] At iterate     4  f =      -38.733  |proj g|=     0.0048603
[job(272): 2016-09-09 20:10:42] At iterate     5  f =      -38.733  |proj g|=     0.0035011
[job(272): 2016-09-09 20:10:42] At iterate     6  f =      -38.733  |proj g|=    0.00057458
[job(272): 2016-09-09 20:10:42] At iterate     7  f =      -38.733  |proj g|=    4.5759e-05
[job(272): 2016-09-09 20:10:42] 
[job(272): 2016-09-09 20:10:42] iterations 7
[job(272): 2016-09-09 20:10:42] function evaluations 9
[job(272): 2016-09-09 20:10:42] segments explored during Cauchy searches 7
[job(272): 2016-09-09 20:10:42] BFGS updates skipped 0
[job(272): 2016-09-09 20:10:42] active bounds at final generalized Cauchy point 0
[job(272): 2016-09-09 20:10:42] norm of the final projected gradient 4.57588e-05
[job(272): 2016-09-09 20:10:42] final function value -38.7329
[job(272): 2016-09-09 20:10:42] 
[job(272): 2016-09-09 20:10:42] F = -38.7329
[job(272): 2016-09-09 20:10:42] final  value -38.732906 
[job(272): 2016-09-09 20:10:42] converged
[job(272): 2016-09-09 20:10:42] [Tune-x] 24: C=1.18e+03; sigma=0.00618
[job(272): 2016-09-09 20:10:42] [Tune-y] 24: acc.test.mean=0.961; time: 0.0 min; memory: 118Mb use, 169Mb max
[job(272): 2016-09-09 20:10:42] 
[job(272): 2016-09-09 20:10:42] optimisation start
[job(272): 2016-09-09 20:10:42] ------------------
[job(272): 2016-09-09 20:10:42] * estimation method   : MLE 
[job(272): 2016-09-09 20:10:42] * optimisation method : BFGS 
[job(272): 2016-09-09 20:10:42] * analytical gradient : used
[job(272): 2016-09-09 20:10:42] * trend model : ~1
[job(272): 2016-09-09 20:10:42] * covariance model : 
[job(272): 2016-09-09 20:10:42]   - type :  matern5_2 
[job(272): 2016-09-09 20:10:42]   - nugget : NO
[job(272): 2016-09-09 20:10:42]   - parameters lower bounds :  1e-10 1e-10 
[job(272): 2016-09-09 20:10:42]   - parameters upper bounds :  44.3822 42.74399 
[job(272): 2016-09-09 20:10:42]   - best initial criterion value(s) :  40.13697 
[job(272): 2016-09-09 20:10:42] 
[job(272): 2016-09-09 20:10:42] N = 2, M = 5 machine precision = 2.22045e-16
[job(272): 2016-09-09 20:10:42] At X0, 0 variables are exactly at the bounds
[job(272): 2016-09-09 20:10:42] At iterate     0  f=      -40.137  |proj g|=       1.5078
[job(272): 2016-09-09 20:10:42] At iterate     1  f =      -40.627  |proj g|=        1.1415
[job(272): 2016-09-09 20:10:42] At iterate     2  f =      -40.928  |proj g|=       0.20647
[job(272): 2016-09-09 20:10:42] At iterate     3  f =      -40.948  |proj g|=       0.14466
[job(272): 2016-09-09 20:10:42] At iterate     4  f =      -40.969  |proj g|=       0.13697
[job(272): 2016-09-09 20:10:42] At iterate     5  f =      -41.009  |proj g|=       0.23473
[job(272): 2016-09-09 20:10:42] At iterate     6  f =      -41.044  |proj g|=       0.18632
[job(272): 2016-09-09 20:10:42] At iterate     7  f =      -41.054  |proj g|=        0.0147
[job(272): 2016-09-09 20:10:42] At iterate     8  f =      -41.054  |proj g|=    0.00056345
[job(272): 2016-09-09 20:10:42] At iterate     9  f =      -41.054  |proj g|=    3.8333e-06
[job(272): 2016-09-09 20:10:42] At iterate    10  f =      -41.054  |proj g|=    6.9079e-07
[job(272): 2016-09-09 20:10:42] 
[job(272): 2016-09-09 20:10:42] iterations 10
[job(272): 2016-09-09 20:10:42] function evaluations 11
[job(272): 2016-09-09 20:10:42] segments explored during Cauchy searches 10
[job(272): 2016-09-09 20:10:42] BFGS updates skipped 0
[job(272): 2016-09-09 20:10:42] active bounds at final generalized Cauchy point 0
[job(272): 2016-09-09 20:10:42] norm of the final projected gradient 6.90791e-07
[job(272): 2016-09-09 20:10:42] final function value -41.0543
[job(272): 2016-09-09 20:10:42] 
[job(272): 2016-09-09 20:10:42] F = -41.0543
[job(272): 2016-09-09 20:10:42] final  value -41.054326 
[job(272): 2016-09-09 20:10:42] converged
[job(272): 2016-09-09 20:10:42] [Tune-x] 25: C=3.71e+03; sigma=0.564
[job(272): 2016-09-09 20:10:42] [Tune-y] 25: acc.test.mean=0.949; time: 0.0 min; memory: 118Mb use, 169Mb max
[job(272): 2016-09-09 20:10:42] 
[job(272): 2016-09-09 20:10:42] optimisation start
[job(272): 2016-09-09 20:10:42] ------------------
[job(272): 2016-09-09 20:10:42] * estimation method   : MLE 
[job(272): 2016-09-09 20:10:42] * optimisation method : BFGS 
[job(272): 2016-09-09 20:10:42] * analytical gradient : used
[job(272): 2016-09-09 20:10:42] * trend model : ~1
[job(272): 2016-09-09 20:10:42] * covariance model : 
[job(272): 2016-09-09 20:10:42]   - type :  matern5_2 
[job(272): 2016-09-09 20:10:42]   - nugget : NO
[job(272): 2016-09-09 20:10:42]   - parameters lower bounds :  1e-10 1e-10 
[job(272): 2016-09-09 20:10:42]   - parameters upper bounds :  44.3822 42.74399 
[job(272): 2016-09-09 20:10:42]   - best initial criterion value(s) :  41.16336 
[job(272): 2016-09-09 20:10:42] 
[job(272): 2016-09-09 20:10:42] N = 2, M = 5 machine precision = 2.22045e-16
[job(272): 2016-09-09 20:10:42] At X0, 0 variables are exactly at the bounds
[job(272): 2016-09-09 20:10:42] At iterate     0  f=      -41.163  |proj g|=       1.9355
[job(272): 2016-09-09 20:10:42] At iterate     1  f =      -42.836  |proj g|=       0.57048
[job(272): 2016-09-09 20:10:42] At iterate     2  f =      -42.975  |proj g|=       0.27725
[job(272): 2016-09-09 20:10:42] At iterate     3  f =      -43.219  |proj g|=       0.16266
[job(272): 2016-09-09 20:10:42] At iterate     4  f =      -43.304  |proj g|=      0.043927
[job(272): 2016-09-09 20:10:42] At iterate     5  f =       -43.31  |proj g|=      0.013551
[job(272): 2016-09-09 20:10:42] At iterate     6  f =       -43.31  |proj g|=     0.0023418
[job(272): 2016-09-09 20:10:42] At iterate     7  f =       -43.31  |proj g|=    0.00018693
[job(272): 2016-09-09 20:10:42] At iterate     8  f =       -43.31  |proj g|=     6.069e-07
[job(272): 2016-09-09 20:10:42] 
[job(272): 2016-09-09 20:10:42] iterations 8
[job(272): 2016-09-09 20:10:42] function evaluations 10
[job(272): 2016-09-09 20:10:42] segments explored during Cauchy searches 8
[job(272): 2016-09-09 20:10:42] BFGS updates skipped 0
[job(272): 2016-09-09 20:10:42] active bounds at final generalized Cauchy point 0
[job(272): 2016-09-09 20:10:42] norm of the final projected gradient 6.069e-07
[job(272): 2016-09-09 20:10:42] final function value -43.3099
[job(272): 2016-09-09 20:10:42] 
[job(272): 2016-09-09 20:10:42] F = -43.3099
[job(272): 2016-09-09 20:10:42] final  value -43.309925 
[job(272): 2016-09-09 20:10:42] converged
[job(272): 2016-09-09 20:10:42] [Tune-x] 26: C=868; sigma=0.0172
[job(272): 2016-09-09 20:10:42] [Tune-y] 26: acc.test.mean=0.96; time: 0.0 min; memory: 118Mb use, 169Mb max
[job(272): 2016-09-09 20:10:42] 
[job(272): 2016-09-09 20:10:42] optimisation start
[job(272): 2016-09-09 20:10:42] ------------------
[job(272): 2016-09-09 20:10:42] * estimation method   : MLE 
[job(272): 2016-09-09 20:10:42] * optimisation method : BFGS 
[job(272): 2016-09-09 20:10:42] * analytical gradient : used
[job(272): 2016-09-09 20:10:42] * trend model : ~1
[job(272): 2016-09-09 20:10:42] * covariance model : 
[job(272): 2016-09-09 20:10:42]   - type :  matern5_2 
[job(272): 2016-09-09 20:10:42]   - nugget : NO
[job(272): 2016-09-09 20:10:42]   - parameters lower bounds :  1e-10 1e-10 
[job(272): 2016-09-09 20:10:42]   - parameters upper bounds :  44.3822 42.74399 
[job(272): 2016-09-09 20:10:42]   - best initial criterion value(s) :  40.37833 
[job(272): 2016-09-09 20:10:42] 
[job(272): 2016-09-09 20:10:42] N = 2, M = 5 machine precision = 2.22045e-16
[job(272): 2016-09-09 20:10:42] At X0, 0 variables are exactly at the bounds
[job(272): 2016-09-09 20:10:42] At iterate     0  f=      -40.378  |proj g|=      0.61516
[job(272): 2016-09-09 20:10:42] At iterate     1  f =      -40.634  |proj g|=        0.3643
[job(272): 2016-09-09 20:10:42] At iterate     2  f =       -40.84  |proj g|=       0.33996
[job(272): 2016-09-09 20:10:42] At iterate     3  f =      -40.996  |proj g|=       0.13392
[job(272): 2016-09-09 20:10:42] At iterate     4  f =      -41.023  |proj g|=        0.1266
[job(272): 2016-09-09 20:10:42] At iterate     5  f =      -41.034  |proj g|=       0.02271
[job(272): 2016-09-09 20:10:42] At iterate     6  f =      -41.034  |proj g|=     0.0014333
[job(272): 2016-09-09 20:10:42] At iterate     7  f =      -41.034  |proj g|=    0.00010771
[job(272): 2016-09-09 20:10:42] At iterate     8  f =      -41.034  |proj g|=       3.9e-05
[job(272): 2016-09-09 20:10:42] 
[job(272): 2016-09-09 20:10:42] iterations 8
[job(272): 2016-09-09 20:10:42] function evaluations 10
[job(272): 2016-09-09 20:10:42] segments explored during Cauchy searches 8
[job(272): 2016-09-09 20:10:42] BFGS updates skipped 0
[job(272): 2016-09-09 20:10:42] active bounds at final generalized Cauchy point 0
[job(272): 2016-09-09 20:10:42] norm of the final projected gradient 3.90003e-05
[job(272): 2016-09-09 20:10:42] final function value -41.0344
[job(272): 2016-09-09 20:10:42] 
[job(272): 2016-09-09 20:10:42] F = -41.0344
[job(272): 2016-09-09 20:10:42] final  value -41.034393 
[job(272): 2016-09-09 20:10:42] converged
[job(272): 2016-09-09 20:10:42] [Tune-x] 27: C=153; sigma=0.272
[job(272): 2016-09-09 20:10:42] [Tune-y] 27: acc.test.mean=0.961; time: 0.0 min; memory: 118Mb use, 169Mb max
[job(272): 2016-09-09 20:10:42] 
[job(272): 2016-09-09 20:10:42] optimisation start
[job(272): 2016-09-09 20:10:42] ------------------
[job(272): 2016-09-09 20:10:42] * estimation method   : MLE 
[job(272): 2016-09-09 20:10:42] * optimisation method : BFGS 
[job(272): 2016-09-09 20:10:42] * analytical gradient : used
[job(272): 2016-09-09 20:10:42] * trend model : ~1
[job(272): 2016-09-09 20:10:42] * covariance model : 
[job(272): 2016-09-09 20:10:42]   - type :  matern5_2 
[job(272): 2016-09-09 20:10:42]   - nugget : NO
[job(272): 2016-09-09 20:10:42]   - parameters lower bounds :  1e-10 1e-10 
[job(272): 2016-09-09 20:10:42]   - parameters upper bounds :  44.3822 42.74399 
[job(272): 2016-09-09 20:10:42]   - best initial criterion value(s) :  44.96327 
[job(272): 2016-09-09 20:10:42] 
[job(272): 2016-09-09 20:10:42] N = 2, M = 5 machine precision = 2.22045e-16
[job(272): 2016-09-09 20:10:42] At X0, 0 variables are exactly at the bounds
[job(272): 2016-09-09 20:10:42] At iterate     0  f=      -44.963  |proj g|=      0.20503
[job(272): 2016-09-09 20:10:42] At iterate     1  f =      -44.991  |proj g|=        0.3063
[job(272): 2016-09-09 20:10:42] At iterate     2  f =      -45.687  |proj g|=       0.16251
[job(272): 2016-09-09 20:10:42] At iterate     3  f =      -46.198  |proj g|=       0.30683
[job(272): 2016-09-09 20:10:42] At iterate     4  f =      -46.222  |proj g|=      0.083448
[job(272): 2016-09-09 20:10:42] At iterate     5  f =      -46.231  |proj g|=      0.022855
[job(272): 2016-09-09 20:10:42] At iterate     6  f =      -46.231  |proj g|=      0.011096
[job(272): 2016-09-09 20:10:42] At iterate     7  f =      -46.231  |proj g|=    0.00091827
[job(272): 2016-09-09 20:10:42] At iterate     8  f =      -46.231  |proj g|=    2.0862e-06
[job(272): 2016-09-09 20:10:42] At iterate     9  f =      -46.231  |proj g|=    3.8323e-07
[job(272): 2016-09-09 20:10:42] 
[job(272): 2016-09-09 20:10:42] iterations 9
[job(272): 2016-09-09 20:10:42] function evaluations 13
[job(272): 2016-09-09 20:10:42] segments explored during Cauchy searches 9
[job(272): 2016-09-09 20:10:42] BFGS updates skipped 0
[job(272): 2016-09-09 20:10:42] active bounds at final generalized Cauchy point 0
[job(272): 2016-09-09 20:10:42] norm of the final projected gradient 3.83225e-07
[job(272): 2016-09-09 20:10:42] final function value -46.2308
[job(272): 2016-09-09 20:10:42] 
[job(272): 2016-09-09 20:10:42] F = -46.2308
[job(272): 2016-09-09 20:10:42] final  value -46.230771 
[job(272): 2016-09-09 20:10:42] converged
[job(272): 2016-09-09 20:10:42] [Tune-x] 28: C=2.25e+03; sigma=0.0021
[job(272): 2016-09-09 20:10:42] [Tune-y] 28: acc.test.mean=0.961; time: 0.0 min; memory: 118Mb use, 169Mb max
[job(272): 2016-09-09 20:10:42] 
[job(272): 2016-09-09 20:10:42] optimisation start
[job(272): 2016-09-09 20:10:42] ------------------
[job(272): 2016-09-09 20:10:42] * estimation method   : MLE 
[job(272): 2016-09-09 20:10:42] * optimisation method : BFGS 
[job(272): 2016-09-09 20:10:42] * analytical gradient : used
[job(272): 2016-09-09 20:10:42] * trend model : ~1
[job(272): 2016-09-09 20:10:42] * covariance model : 
[job(272): 2016-09-09 20:10:42]   - type :  matern5_2 
[job(272): 2016-09-09 20:10:42]   - nugget : NO
[job(272): 2016-09-09 20:10:42]   - parameters lower bounds :  1e-10 1e-10 
[job(272): 2016-09-09 20:10:42]   - parameters upper bounds :  44.3822 42.74399 
[job(272): 2016-09-09 20:10:42]   - best initial criterion value(s) :  45.56132 
[job(272): 2016-09-09 20:10:42] 
[job(272): 2016-09-09 20:10:42] N = 2, M = 5 machine precision = 2.22045e-16
[job(272): 2016-09-09 20:10:42] At X0, 0 variables are exactly at the bounds
[job(272): 2016-09-09 20:10:42] At iterate     0  f=      -45.561  |proj g|=      0.39663
[job(272): 2016-09-09 20:10:42] At iterate     1  f =      -45.608  |proj g|=       0.20726
[job(272): 2016-09-09 20:10:42] At iterate     2  f =      -47.014  |proj g|=        1.4235
[job(272): 2016-09-09 20:10:42] At iterate     3  f =      -47.863  |proj g|=        2.2492
[job(272): 2016-09-09 20:10:42] At iterate     4  f =      -48.294  |proj g|=       0.27499
[job(272): 2016-09-09 20:10:42] At iterate     5  f =       -48.31  |proj g|=      0.084219
[job(272): 2016-09-09 20:10:42] At iterate     6  f =      -48.319  |proj g|=      0.016175
[job(272): 2016-09-09 20:10:42] At iterate     7  f =      -48.319  |proj g|=     0.0014235
[job(272): 2016-09-09 20:10:42] At iterate     8  f =      -48.319  |proj g|=    6.7325e-06
[job(272): 2016-09-09 20:10:42] At iterate     9  f =      -48.319  |proj g|=    8.9272e-08
[job(272): 2016-09-09 20:10:42] 
[job(272): 2016-09-09 20:10:42] iterations 9
[job(272): 2016-09-09 20:10:42] function evaluations 15
[job(272): 2016-09-09 20:10:42] segments explored during Cauchy searches 9
[job(272): 2016-09-09 20:10:42] BFGS updates skipped 0
[job(272): 2016-09-09 20:10:42] active bounds at final generalized Cauchy point 0
[job(272): 2016-09-09 20:10:42] norm of the final projected gradient 8.92722e-08
[job(272): 2016-09-09 20:10:42] final function value -48.3195
[job(272): 2016-09-09 20:10:42] 
[job(272): 2016-09-09 20:10:42] F = -48.3195
[job(272): 2016-09-09 20:10:42] final  value -48.319453 
[job(272): 2016-09-09 20:10:42] converged
[job(272): 2016-09-09 20:10:42] [Tune] Result: C=103; sigma=0.0392 : acc.test.mean=-0.97
[job(272): 2016-09-09 20:10:42] Job terminated successfully
[job(chunk): 2016-09-09 20:10:43] Calculation finished!
